For number of cells in Conv2D=128
For Dropout_1=0.8 Dropout_2=0.2
For number of cells in Dense=512
daisy loaded
dandelion loaded
rose loaded
sunflower loaded
tulip loaded

  32/3458 [..............................] - ETA: 3:09 - loss: 1.6533 - acc: 0.2188
  64/3458 [..............................] - ETA: 2:55 - loss: 8.0396 - acc: 0.2188
  96/3458 [..............................] - ETA: 2:52 - loss: 9.0836 - acc: 0.2188
 128/3458 [>.............................] - ETA: 2:48 - loss: 7.4416 - acc: 0.2266
 160/3458 [>.............................] - ETA: 2:45 - loss: 6.2790 - acc: 0.2500
 192/3458 [>.............................] - ETA: 2:42 - loss: 5.5008 - acc: 0.2552
 224/3458 [>.............................] - ETA: 2:40 - loss: 4.9464 - acc: 0.2366
 256/3458 [=>............................] - ETA: 2:38 - loss: 4.5283 - acc: 0.2266
 288/3458 [=>............................] - ETA: 2:36 - loss: 4.2043 - acc: 0.2153
 320/3458 [=>............................] - ETA: 2:35 - loss: 3.9455 - acc: 0.2000
 352/3458 [==>...........................] - ETA: 2:33 - loss: 3.7300 - acc: 0.1989
 384/3458 [==>...........................] - ETA: 2:31 - loss: 3.5505 - acc: 0.2005
 416/3458 [==>...........................] - ETA: 2:29 - loss: 3.4010 - acc: 0.2043
 448/3458 [==>...........................] - ETA: 2:27 - loss: 3.2714 - acc: 0.1964
 480/3458 [===>..........................] - ETA: 2:26 - loss: 3.1599 - acc: 0.1937
 512/3458 [===>..........................] - ETA: 2:24 - loss: 3.0574 - acc: 0.2070
 544/3458 [===>..........................] - ETA: 2:23 - loss: 2.9648 - acc: 0.2243
 576/3458 [===>..........................] - ETA: 2:21 - loss: 2.8860 - acc: 0.2274
 608/3458 [====>.........................] - ETA: 2:19 - loss: 2.8083 - acc: 0.2385
 640/3458 [====>.........................] - ETA: 2:18 - loss: 2.7457 - acc: 0.2422
 672/3458 [====>.........................] - ETA: 2:16 - loss: 2.6807 - acc: 0.2530
 704/3458 [=====>........................] - ETA: 2:14 - loss: 2.6262 - acc: 0.2543
 736/3458 [=====>........................] - ETA: 2:13 - loss: 2.5778 - acc: 0.2582
 768/3458 [=====>........................] - ETA: 2:11 - loss: 2.5267 - acc: 0.2656
 800/3458 [=====>........................] - ETA: 2:10 - loss: 2.4847 - acc: 0.2663
 832/3458 [======>.......................] - ETA: 2:08 - loss: 2.4453 - acc: 0.2680
 864/3458 [======>.......................] - ETA: 2:07 - loss: 2.4077 - acc: 0.2720
 896/3458 [======>.......................] - ETA: 2:05 - loss: 2.3737 - acc: 0.2779
 928/3458 [=======>......................] - ETA: 2:03 - loss: 2.3467 - acc: 0.2769
 960/3458 [=======>......................] - ETA: 2:02 - loss: 2.3205 - acc: 0.2792
 992/3458 [=======>......................] - ETA: 2:00 - loss: 2.2977 - acc: 0.2782
1024/3458 [=======>......................] - ETA: 1:59 - loss: 2.2729 - acc: 0.2773
1056/3458 [========>.....................] - ETA: 1:57 - loss: 2.2485 - acc: 0.2803
1088/3458 [========>.....................] - ETA: 1:55 - loss: 2.2285 - acc: 0.2794
1120/3458 [========>.....................] - ETA: 1:54 - loss: 2.2042 - acc: 0.2830
1152/3458 [========>.....................] - ETA: 1:52 - loss: 2.1824 - acc: 0.2891
1184/3458 [=========>....................] - ETA: 1:51 - loss: 2.1630 - acc: 0.2897
1216/3458 [=========>....................] - ETA: 1:49 - loss: 2.1425 - acc: 0.2936
1248/3458 [=========>....................] - ETA: 1:48 - loss: 2.1239 - acc: 0.2957
1280/3458 [==========>...................] - ETA: 1:46 - loss: 2.1030 - acc: 0.2984
1312/3458 [==========>...................] - ETA: 1:44 - loss: 2.0931 - acc: 0.2973
1344/3458 [==========>...................] - ETA: 1:43 - loss: 2.0752 - acc: 0.2999
1376/3458 [==========>...................] - ETA: 1:41 - loss: 2.0613 - acc: 0.2980
1408/3458 [===========>..................] - ETA: 1:40 - loss: 2.0438 - acc: 0.3004
1440/3458 [===========>..................] - ETA: 1:38 - loss: 2.0287 - acc: 0.3014
1472/3458 [===========>..................] - ETA: 1:37 - loss: 2.0122 - acc: 0.3037
1504/3458 [============>.................] - ETA: 1:35 - loss: 1.9989 - acc: 0.3045
1536/3458 [============>.................] - ETA: 1:33 - loss: 1.9860 - acc: 0.3066
1568/3458 [============>.................] - ETA: 1:32 - loss: 1.9731 - acc: 0.3061
1600/3458 [============>.................] - ETA: 1:30 - loss: 1.9594 - acc: 0.3081
1632/3458 [=============>................] - ETA: 1:29 - loss: 1.9474 - acc: 0.3088
1664/3458 [=============>................] - ETA: 1:27 - loss: 1.9334 - acc: 0.3119
1696/3458 [=============>................] - ETA: 1:26 - loss: 1.9196 - acc: 0.3113
1728/3458 [=============>................] - ETA: 1:24 - loss: 1.9096 - acc: 0.3119
1760/3458 [==============>...............] - ETA: 1:22 - loss: 1.9027 - acc: 0.3153
1792/3458 [==============>...............] - ETA: 1:21 - loss: 1.8979 - acc: 0.3181
1824/3458 [==============>...............] - ETA: 1:19 - loss: 1.8848 - acc: 0.3202
1856/3458 [===============>..............] - ETA: 1:18 - loss: 1.8734 - acc: 0.3206
1888/3458 [===============>..............] - ETA: 1:16 - loss: 1.8642 - acc: 0.3220
1920/3458 [===============>..............] - ETA: 1:15 - loss: 1.8527 - acc: 0.3240
1952/3458 [===============>..............] - ETA: 1:13 - loss: 1.8408 - acc: 0.3253
1984/3458 [================>.............] - ETA: 1:11 - loss: 1.8308 - acc: 0.3271
2016/3458 [================>.............] - ETA: 1:10 - loss: 1.8229 - acc: 0.3313
2048/3458 [================>.............] - ETA: 1:08 - loss: 1.8142 - acc: 0.3325
2080/3458 [=================>............] - ETA: 1:07 - loss: 1.8054 - acc: 0.3337
2112/3458 [=================>............] - ETA: 1:05 - loss: 1.7967 - acc: 0.3376
2144/3458 [=================>............] - ETA: 1:04 - loss: 1.7869 - acc: 0.3400
2176/3458 [=================>............] - ETA: 1:02 - loss: 1.7822 - acc: 0.3405
2208/3458 [==================>...........] - ETA: 1:01 - loss: 1.7762 - acc: 0.3401
2240/3458 [==================>...........] - ETA: 59s - loss: 1.7667 - acc: 0.3424 
2272/3458 [==================>...........] - ETA: 57s - loss: 1.7574 - acc: 0.3442
2304/3458 [==================>...........] - ETA: 56s - loss: 1.7508 - acc: 0.3464
2336/3458 [===================>..........] - ETA: 54s - loss: 1.7411 - acc: 0.3502
2368/3458 [===================>..........] - ETA: 53s - loss: 1.7355 - acc: 0.3518
2400/3458 [===================>..........] - ETA: 51s - loss: 1.7312 - acc: 0.3521
2432/3458 [====================>.........] - ETA: 50s - loss: 1.7257 - acc: 0.3557
2464/3458 [====================>.........] - ETA: 48s - loss: 1.7191 - acc: 0.3571
2496/3458 [====================>.........] - ETA: 46s - loss: 1.7138 - acc: 0.3578
2528/3458 [====================>.........] - ETA: 45s - loss: 1.7109 - acc: 0.3592
2560/3458 [=====================>........] - ETA: 43s - loss: 1.7063 - acc: 0.3602
2592/3458 [=====================>........] - ETA: 42s - loss: 1.7020 - acc: 0.3603
2624/3458 [=====================>........] - ETA: 40s - loss: 1.6980 - acc: 0.3609
2656/3458 [======================>.......] - ETA: 39s - loss: 1.6963 - acc: 0.3626
2688/3458 [======================>.......] - ETA: 37s - loss: 1.6920 - acc: 0.3638
2720/3458 [======================>.......] - ETA: 35s - loss: 1.6888 - acc: 0.3669
2752/3458 [======================>.......] - ETA: 34s - loss: 1.6845 - acc: 0.3674
2784/3458 [=======================>......] - ETA: 32s - loss: 1.6847 - acc: 0.3682
2816/3458 [=======================>......] - ETA: 31s - loss: 1.6793 - acc: 0.3711
2848/3458 [=======================>......] - ETA: 29s - loss: 1.6750 - acc: 0.3722
2880/3458 [=======================>......] - ETA: 28s - loss: 1.6700 - acc: 0.3740
2912/3458 [========================>.....] - ETA: 26s - loss: 1.6650 - acc: 0.3764
2944/3458 [========================>.....] - ETA: 25s - loss: 1.6610 - acc: 0.3770
2976/3458 [========================>.....] - ETA: 23s - loss: 1.6577 - acc: 0.3774
3008/3458 [=========================>....] - ETA: 21s - loss: 1.6532 - acc: 0.3790
3040/3458 [=========================>....] - ETA: 20s - loss: 1.6489 - acc: 0.3799
3072/3458 [=========================>....] - ETA: 18s - loss: 1.6491 - acc: 0.3805
3104/3458 [=========================>....] - ETA: 17s - loss: 1.6473 - acc: 0.3802
3136/3458 [==========================>...] - ETA: 15s - loss: 1.6429 - acc: 0.3820
3168/3458 [==========================>...] - ETA: 14s - loss: 1.6397 - acc: 0.3838
3200/3458 [==========================>...] - ETA: 12s - loss: 1.6364 - acc: 0.3844
3232/3458 [===========================>..] - ETA: 11s - loss: 1.6309 - acc: 0.3864
3264/3458 [===========================>..] - ETA: 9s - loss: 1.6270 - acc: 0.3882 
3296/3458 [===========================>..] - ETA: 7s - loss: 1.6246 - acc: 0.3890
3328/3458 [===========================>..] - ETA: 6s - loss: 1.6225 - acc: 0.3909
3360/3458 [============================>.] - ETA: 4s - loss: 1.6217 - acc: 0.3914
3392/3458 [============================>.] - ETA: 3s - loss: 1.6184 - acc: 0.3918
3424/3458 [============================>.] - ETA: 1s - loss: 1.6145 - acc: 0.3931
3456/3458 [============================>.] - ETA: 0s - loss: 1.6121 - acc: 0.3927
3458/3458 [==============================] - 169s 49ms/sample - loss: 1.6120 - acc: 0.3924

 32/865 [>.............................] - ETA: 8s - loss: 1.6757 - acc: 0.3438
 64/865 [=>............................] - ETA: 7s - loss: 1.5115 - acc: 0.4219
 96/865 [==>...........................] - ETA: 7s - loss: 1.4417 - acc: 0.4583
128/865 [===>..........................] - ETA: 6s - loss: 1.4464 - acc: 0.4453
160/865 [====>.........................] - ETA: 6s - loss: 1.4290 - acc: 0.4437
192/865 [=====>........................] - ETA: 6s - loss: 1.4054 - acc: 0.4740
224/865 [======>.......................] - ETA: 5s - loss: 1.3781 - acc: 0.4821
256/865 [=======>......................] - ETA: 5s - loss: 1.3788 - acc: 0.4844
288/865 [========>.....................] - ETA: 5s - loss: 1.3505 - acc: 0.5000
320/865 [==========>...................] - ETA: 4s - loss: 1.3478 - acc: 0.5031
352/865 [===========>..................] - ETA: 4s - loss: 1.3449 - acc: 0.5000
384/865 [============>.................] - ETA: 4s - loss: 1.3415 - acc: 0.4974
416/865 [=============>................] - ETA: 3s - loss: 1.3451 - acc: 0.4856
448/865 [==============>...............] - ETA: 3s - loss: 1.3340 - acc: 0.4978
480/865 [===============>..............] - ETA: 3s - loss: 1.3408 - acc: 0.4958
512/865 [================>.............] - ETA: 3s - loss: 1.3318 - acc: 0.4941
544/865 [=================>............] - ETA: 2s - loss: 1.3427 - acc: 0.4945
576/865 [==================>...........] - ETA: 2s - loss: 1.3450 - acc: 0.4965
608/865 [====================>.........] - ETA: 2s - loss: 1.3418 - acc: 0.4951
640/865 [=====================>........] - ETA: 2s - loss: 1.3520 - acc: 0.4891
672/865 [======================>.......] - ETA: 1s - loss: 1.3590 - acc: 0.4881
704/865 [=======================>......] - ETA: 1s - loss: 1.3506 - acc: 0.4943
736/865 [========================>.....] - ETA: 1s - loss: 1.3379 - acc: 0.4973
768/865 [=========================>....] - ETA: 0s - loss: 1.3329 - acc: 0.4961
800/865 [==========================>...] - ETA: 0s - loss: 1.3369 - acc: 0.4950
832/865 [===========================>..] - ETA: 0s - loss: 1.3362 - acc: 0.4904
864/865 [============================>.] - ETA: 0s - loss: 1.3358 - acc: 0.4954
865/865 [==============================] - 8s 9ms/sample - loss: 1.3358 - acc: 0.4960

  32/3458 [..............................] - ETA: 2:47 - loss: 1.4128 - acc: 0.2188
  64/3458 [..............................] - ETA: 2:46 - loss: 1.3800 - acc: 0.3594
  96/3458 [..............................] - ETA: 2:44 - loss: 1.3568 - acc: 0.3854
 128/3458 [>.............................] - ETA: 2:42 - loss: 1.3545 - acc: 0.3906
 160/3458 [>.............................] - ETA: 2:40 - loss: 1.3631 - acc: 0.3812
 192/3458 [>.............................] - ETA: 2:38 - loss: 1.3537 - acc: 0.3854
 224/3458 [>.............................] - ETA: 2:37 - loss: 1.3407 - acc: 0.4018
 256/3458 [=>............................] - ETA: 2:35 - loss: 1.3113 - acc: 0.4258
 288/3458 [=>............................] - ETA: 2:33 - loss: 1.3011 - acc: 0.4340
 320/3458 [=>............................] - ETA: 2:32 - loss: 1.3220 - acc: 0.4313
 352/3458 [==>...........................] - ETA: 2:30 - loss: 1.3259 - acc: 0.4290
 384/3458 [==>...........................] - ETA: 2:29 - loss: 1.3210 - acc: 0.4323
 416/3458 [==>...........................] - ETA: 2:27 - loss: 1.3130 - acc: 0.4351
 448/3458 [==>...........................] - ETA: 2:25 - loss: 1.3003 - acc: 0.4420
 480/3458 [===>..........................] - ETA: 2:24 - loss: 1.2984 - acc: 0.4500
 512/3458 [===>..........................] - ETA: 2:22 - loss: 1.3101 - acc: 0.4492
 544/3458 [===>..........................] - ETA: 2:21 - loss: 1.3007 - acc: 0.4540
 576/3458 [===>..........................] - ETA: 2:19 - loss: 1.2999 - acc: 0.4566
 608/3458 [====>.........................] - ETA: 2:18 - loss: 1.3148 - acc: 0.4490
 640/3458 [====>.........................] - ETA: 2:16 - loss: 1.3074 - acc: 0.4516
 672/3458 [====>.........................] - ETA: 2:15 - loss: 1.2998 - acc: 0.4509
 704/3458 [=====>........................] - ETA: 2:13 - loss: 1.2970 - acc: 0.4517
 736/3458 [=====>........................] - ETA: 2:12 - loss: 1.2989 - acc: 0.4538
 768/3458 [=====>........................] - ETA: 2:10 - loss: 1.2924 - acc: 0.4570
 800/3458 [=====>........................] - ETA: 2:09 - loss: 1.2919 - acc: 0.4600
 832/3458 [======>.......................] - ETA: 2:07 - loss: 1.2853 - acc: 0.4603
 864/3458 [======>.......................] - ETA: 2:06 - loss: 1.2924 - acc: 0.4618
 896/3458 [======>.......................] - ETA: 2:04 - loss: 1.2874 - acc: 0.4621
 928/3458 [=======>......................] - ETA: 2:02 - loss: 1.2922 - acc: 0.4623
 960/3458 [=======>......................] - ETA: 2:01 - loss: 1.2876 - acc: 0.4667
 992/3458 [=======>......................] - ETA: 1:59 - loss: 1.2793 - acc: 0.4708
1024/3458 [=======>......................] - ETA: 1:58 - loss: 1.2751 - acc: 0.4707
1056/3458 [========>.....................] - ETA: 1:56 - loss: 1.2644 - acc: 0.4782
1088/3458 [========>.....................] - ETA: 1:55 - loss: 1.2587 - acc: 0.4798
1120/3458 [========>.....................] - ETA: 1:53 - loss: 1.2528 - acc: 0.4839
1152/3458 [========>.....................] - ETA: 1:52 - loss: 1.2522 - acc: 0.4870
1184/3458 [=========>....................] - ETA: 1:50 - loss: 1.2452 - acc: 0.4916
1216/3458 [=========>....................] - ETA: 1:48 - loss: 1.2401 - acc: 0.4918
1248/3458 [=========>....................] - ETA: 1:47 - loss: 1.2425 - acc: 0.4888
1280/3458 [==========>...................] - ETA: 1:45 - loss: 1.2366 - acc: 0.4914
1312/3458 [==========>...................] - ETA: 1:44 - loss: 1.2364 - acc: 0.4931
1344/3458 [==========>...................] - ETA: 1:42 - loss: 1.2407 - acc: 0.4926
1376/3458 [==========>...................] - ETA: 1:41 - loss: 1.2417 - acc: 0.4906
1408/3458 [===========>..................] - ETA: 1:39 - loss: 1.2459 - acc: 0.4901
1440/3458 [===========>..................] - ETA: 1:38 - loss: 1.2456 - acc: 0.4917
1472/3458 [===========>..................] - ETA: 1:36 - loss: 1.2466 - acc: 0.4912
1504/3458 [============>.................] - ETA: 1:35 - loss: 1.2421 - acc: 0.4953
1536/3458 [============>.................] - ETA: 1:33 - loss: 1.2410 - acc: 0.4948
1568/3458 [============>.................] - ETA: 1:31 - loss: 1.2406 - acc: 0.4955
1600/3458 [============>.................] - ETA: 1:30 - loss: 1.2369 - acc: 0.4969
1632/3458 [=============>................] - ETA: 1:28 - loss: 1.2376 - acc: 0.4939
1664/3458 [=============>................] - ETA: 1:27 - loss: 1.2349 - acc: 0.4940
1696/3458 [=============>................] - ETA: 1:25 - loss: 1.2366 - acc: 0.4935
1728/3458 [=============>................] - ETA: 1:24 - loss: 1.2328 - acc: 0.4948
1760/3458 [==============>...............] - ETA: 1:22 - loss: 1.2298 - acc: 0.4972
1792/3458 [==============>...............] - ETA: 1:21 - loss: 1.2285 - acc: 0.4989
1824/3458 [==============>...............] - ETA: 1:19 - loss: 1.2325 - acc: 0.4967
1856/3458 [===============>..............] - ETA: 1:17 - loss: 1.2298 - acc: 0.4973
1888/3458 [===============>..............] - ETA: 1:16 - loss: 1.2275 - acc: 0.5005
1920/3458 [===============>..............] - ETA: 1:14 - loss: 1.2260 - acc: 0.5036
1952/3458 [===============>..............] - ETA: 1:13 - loss: 1.2243 - acc: 0.5046
1984/3458 [================>.............] - ETA: 1:11 - loss: 1.2222 - acc: 0.5066
2016/3458 [================>.............] - ETA: 1:10 - loss: 1.2172 - acc: 0.5104
2048/3458 [================>.............] - ETA: 1:08 - loss: 1.2119 - acc: 0.5142
2080/3458 [=================>............] - ETA: 1:06 - loss: 1.2144 - acc: 0.5135
2112/3458 [=================>............] - ETA: 1:05 - loss: 1.2150 - acc: 0.5133
2144/3458 [=================>............] - ETA: 1:03 - loss: 1.2120 - acc: 0.5154
2176/3458 [=================>............] - ETA: 1:02 - loss: 1.2096 - acc: 0.5161
2208/3458 [==================>...........] - ETA: 1:00 - loss: 1.2028 - acc: 0.5177
2240/3458 [==================>...........] - ETA: 59s - loss: 1.1987 - acc: 0.5183 
2272/3458 [==================>...........] - ETA: 57s - loss: 1.1983 - acc: 0.5180
2304/3458 [==================>...........] - ETA: 56s - loss: 1.1979 - acc: 0.5178
2336/3458 [===================>..........] - ETA: 54s - loss: 1.1945 - acc: 0.5193
2368/3458 [===================>..........] - ETA: 53s - loss: 1.1944 - acc: 0.5190
2400/3458 [===================>..........] - ETA: 51s - loss: 1.1930 - acc: 0.5192
2432/3458 [====================>.........] - ETA: 49s - loss: 1.1902 - acc: 0.5206
2464/3458 [====================>.........] - ETA: 48s - loss: 1.1889 - acc: 0.5223
2496/3458 [====================>.........] - ETA: 46s - loss: 1.1863 - acc: 0.5240
2528/3458 [====================>.........] - ETA: 45s - loss: 1.1835 - acc: 0.5249
2560/3458 [=====================>........] - ETA: 43s - loss: 1.1887 - acc: 0.5246
2592/3458 [=====================>........] - ETA: 42s - loss: 1.1922 - acc: 0.5228
2624/3458 [=====================>........] - ETA: 40s - loss: 1.1906 - acc: 0.5225
2656/3458 [======================>.......] - ETA: 39s - loss: 1.1902 - acc: 0.5241
2688/3458 [======================>.......] - ETA: 37s - loss: 1.1878 - acc: 0.5246
2720/3458 [======================>.......] - ETA: 35s - loss: 1.1876 - acc: 0.5232
2752/3458 [======================>.......] - ETA: 34s - loss: 1.1860 - acc: 0.5243
2784/3458 [=======================>......] - ETA: 32s - loss: 1.1870 - acc: 0.5237
2816/3458 [=======================>......] - ETA: 31s - loss: 1.1875 - acc: 0.5241
2848/3458 [=======================>......] - ETA: 29s - loss: 1.1839 - acc: 0.5253
2880/3458 [=======================>......] - ETA: 28s - loss: 1.1818 - acc: 0.5267
2912/3458 [========================>.....] - ETA: 26s - loss: 1.1851 - acc: 0.5261
2944/3458 [========================>.....] - ETA: 25s - loss: 1.1837 - acc: 0.5272
2976/3458 [========================>.....] - ETA: 23s - loss: 1.1833 - acc: 0.5276
3008/3458 [=========================>....] - ETA: 21s - loss: 1.1824 - acc: 0.5279
3040/3458 [=========================>....] - ETA: 20s - loss: 1.1806 - acc: 0.5286
3072/3458 [=========================>....] - ETA: 18s - loss: 1.1810 - acc: 0.5277
3104/3458 [=========================>....] - ETA: 17s - loss: 1.1793 - acc: 0.5284
3136/3458 [==========================>...] - ETA: 15s - loss: 1.1783 - acc: 0.5284
3168/3458 [==========================>...] - ETA: 14s - loss: 1.1759 - acc: 0.5284
3200/3458 [==========================>...] - ETA: 12s - loss: 1.1744 - acc: 0.5284
3232/3458 [===========================>..] - ETA: 10s - loss: 1.1722 - acc: 0.5291
3264/3458 [===========================>..] - ETA: 9s - loss: 1.1695 - acc: 0.5303 
3296/3458 [===========================>..] - ETA: 7s - loss: 1.1720 - acc: 0.5297
3328/3458 [===========================>..] - ETA: 6s - loss: 1.1702 - acc: 0.5306
3360/3458 [============================>.] - ETA: 4s - loss: 1.1691 - acc: 0.5312
3392/3458 [============================>.] - ETA: 3s - loss: 1.1695 - acc: 0.5312
3424/3458 [============================>.] - ETA: 1s - loss: 1.1696 - acc: 0.5312
3456/3458 [============================>.] - ETA: 0s - loss: 1.1681 - acc: 0.5318
3458/3458 [==============================] - 169s 49ms/sample - loss: 1.1689 - acc: 0.5318

 32/865 [>.............................] - ETA: 7s - loss: 0.8001 - acc: 0.7500
 64/865 [=>............................] - ETA: 7s - loss: 0.9383 - acc: 0.5938
 96/865 [==>...........................] - ETA: 6s - loss: 0.9707 - acc: 0.5938
128/865 [===>..........................] - ETA: 6s - loss: 0.9710 - acc: 0.6172
160/865 [====>.........................] - ETA: 6s - loss: 0.9525 - acc: 0.6187
192/865 [=====>........................] - ETA: 6s - loss: 0.9503 - acc: 0.6458
224/865 [======>.......................] - ETA: 5s - loss: 0.9587 - acc: 0.6562
256/865 [=======>......................] - ETA: 5s - loss: 0.9819 - acc: 0.6406
288/865 [========>.....................] - ETA: 5s - loss: 0.9735 - acc: 0.6597
320/865 [==========>...................] - ETA: 4s - loss: 0.9936 - acc: 0.6531
352/865 [===========>..................] - ETA: 4s - loss: 1.0024 - acc: 0.6392
384/865 [============>.................] - ETA: 4s - loss: 0.9979 - acc: 0.6302
416/865 [=============>................] - ETA: 3s - loss: 1.0236 - acc: 0.6202
448/865 [==============>...............] - ETA: 3s - loss: 1.0267 - acc: 0.6161
480/865 [===============>..............] - ETA: 3s - loss: 1.0225 - acc: 0.6146
512/865 [================>.............] - ETA: 3s - loss: 1.0378 - acc: 0.6074
544/865 [=================>............] - ETA: 2s - loss: 1.0406 - acc: 0.6103
576/865 [==================>...........] - ETA: 2s - loss: 1.0373 - acc: 0.6076
608/865 [====================>.........] - ETA: 2s - loss: 1.0352 - acc: 0.6118
640/865 [=====================>........] - ETA: 2s - loss: 1.0479 - acc: 0.6078
672/865 [======================>.......] - ETA: 1s - loss: 1.0591 - acc: 0.6042
704/865 [=======================>......] - ETA: 1s - loss: 1.0517 - acc: 0.6037
736/865 [========================>.....] - ETA: 1s - loss: 1.0512 - acc: 0.6005
768/865 [=========================>....] - ETA: 0s - loss: 1.0465 - acc: 0.6016
800/865 [==========================>...] - ETA: 0s - loss: 1.0547 - acc: 0.5987
832/865 [===========================>..] - ETA: 0s - loss: 1.0602 - acc: 0.5962
864/865 [============================>.] - ETA: 0s - loss: 1.0624 - acc: 0.5949
865/865 [==============================] - 8s 9ms/sample - loss: 1.0614 - acc: 0.5954

  32/3458 [..............................] - ETA: 2:46 - loss: 1.1494 - acc: 0.5938
  64/3458 [..............................] - ETA: 2:45 - loss: 1.0217 - acc: 0.6562
  96/3458 [..............................] - ETA: 2:44 - loss: 0.9603 - acc: 0.6875
 128/3458 [>.............................] - ETA: 2:43 - loss: 0.9920 - acc: 0.6641
 160/3458 [>.............................] - ETA: 2:41 - loss: 1.0389 - acc: 0.6000
 192/3458 [>.............................] - ETA: 2:39 - loss: 1.0338 - acc: 0.5938
 224/3458 [>.............................] - ETA: 2:37 - loss: 1.0328 - acc: 0.5804
 256/3458 [=>............................] - ETA: 2:36 - loss: 1.0315 - acc: 0.5977
 288/3458 [=>............................] - ETA: 2:34 - loss: 1.0318 - acc: 0.5972
 320/3458 [=>............................] - ETA: 2:32 - loss: 1.0101 - acc: 0.6125
 352/3458 [==>...........................] - ETA: 2:30 - loss: 1.0058 - acc: 0.6165
 384/3458 [==>...........................] - ETA: 2:29 - loss: 1.0073 - acc: 0.6198
 416/3458 [==>...........................] - ETA: 2:27 - loss: 1.0328 - acc: 0.6034
 448/3458 [==>...........................] - ETA: 2:26 - loss: 1.0337 - acc: 0.6027
 480/3458 [===>..........................] - ETA: 2:24 - loss: 1.0353 - acc: 0.6083
 512/3458 [===>..........................] - ETA: 2:23 - loss: 1.0094 - acc: 0.6270
 544/3458 [===>..........................] - ETA: 2:21 - loss: 0.9910 - acc: 0.6305
 576/3458 [===>..........................] - ETA: 2:19 - loss: 0.9911 - acc: 0.6302
 608/3458 [====>.........................] - ETA: 2:18 - loss: 0.9971 - acc: 0.6250
 640/3458 [====>.........................] - ETA: 2:16 - loss: 1.0165 - acc: 0.6187
 672/3458 [====>.........................] - ETA: 2:15 - loss: 1.0325 - acc: 0.6101
 704/3458 [=====>........................] - ETA: 2:13 - loss: 1.0316 - acc: 0.6108
 736/3458 [=====>........................] - ETA: 2:12 - loss: 1.0379 - acc: 0.6087
 768/3458 [=====>........................] - ETA: 2:10 - loss: 1.0347 - acc: 0.6094
 800/3458 [=====>........................] - ETA: 2:09 - loss: 1.0349 - acc: 0.6075
 832/3458 [======>.......................] - ETA: 2:07 - loss: 1.0342 - acc: 0.6046
 864/3458 [======>.......................] - ETA: 2:05 - loss: 1.0406 - acc: 0.6019
 896/3458 [======>.......................] - ETA: 2:04 - loss: 1.0479 - acc: 0.5960
 928/3458 [=======>......................] - ETA: 2:02 - loss: 1.0460 - acc: 0.5970
 960/3458 [=======>......................] - ETA: 2:01 - loss: 1.0461 - acc: 0.5969
 992/3458 [=======>......................] - ETA: 1:59 - loss: 1.0452 - acc: 0.5968
1024/3458 [=======>......................] - ETA: 1:58 - loss: 1.0452 - acc: 0.5986
1056/3458 [========>.....................] - ETA: 1:56 - loss: 1.0457 - acc: 0.5985
1088/3458 [========>.....................] - ETA: 1:55 - loss: 1.0527 - acc: 0.5965
1120/3458 [========>.....................] - ETA: 1:53 - loss: 1.0542 - acc: 0.5955
1152/3458 [========>.....................] - ETA: 1:52 - loss: 1.0570 - acc: 0.5964
1184/3458 [=========>....................] - ETA: 1:50 - loss: 1.0611 - acc: 0.5929
1216/3458 [=========>....................] - ETA: 1:49 - loss: 1.0647 - acc: 0.5921
1248/3458 [=========>....................] - ETA: 1:47 - loss: 1.0699 - acc: 0.5946
1280/3458 [==========>...................] - ETA: 1:46 - loss: 1.0717 - acc: 0.5922
1312/3458 [==========>...................] - ETA: 1:44 - loss: 1.0783 - acc: 0.5892
1344/3458 [==========>...................] - ETA: 1:42 - loss: 1.0696 - acc: 0.5923
1376/3458 [==========>...................] - ETA: 1:41 - loss: 1.0714 - acc: 0.5908
1408/3458 [===========>..................] - ETA: 1:39 - loss: 1.0755 - acc: 0.5888
1440/3458 [===========>..................] - ETA: 1:38 - loss: 1.0754 - acc: 0.5875
1472/3458 [===========>..................] - ETA: 1:36 - loss: 1.0810 - acc: 0.5856
1504/3458 [============>.................] - ETA: 1:35 - loss: 1.0790 - acc: 0.5858
1536/3458 [============>.................] - ETA: 1:33 - loss: 1.0749 - acc: 0.5879
1568/3458 [============>.................] - ETA: 1:32 - loss: 1.0717 - acc: 0.5880
1600/3458 [============>.................] - ETA: 1:30 - loss: 1.0728 - acc: 0.5875
1632/3458 [=============>................] - ETA: 1:29 - loss: 1.0748 - acc: 0.5864
1664/3458 [=============>................] - ETA: 1:27 - loss: 1.0730 - acc: 0.5859
1696/3458 [=============>................] - ETA: 1:25 - loss: 1.0771 - acc: 0.5831
1728/3458 [=============>................] - ETA: 1:24 - loss: 1.0749 - acc: 0.5851
1760/3458 [==============>...............] - ETA: 1:22 - loss: 1.0742 - acc: 0.5864
1792/3458 [==============>...............] - ETA: 1:21 - loss: 1.0741 - acc: 0.5865
1824/3458 [==============>...............] - ETA: 1:19 - loss: 1.0786 - acc: 0.5850
1856/3458 [===============>..............] - ETA: 1:18 - loss: 1.0800 - acc: 0.5841
1888/3458 [===============>..............] - ETA: 1:16 - loss: 1.0811 - acc: 0.5826
1920/3458 [===============>..............] - ETA: 1:14 - loss: 1.0810 - acc: 0.5807
1952/3458 [===============>..............] - ETA: 1:13 - loss: 1.0815 - acc: 0.5804
1984/3458 [================>.............] - ETA: 1:11 - loss: 1.0815 - acc: 0.5791
2016/3458 [================>.............] - ETA: 1:10 - loss: 1.0832 - acc: 0.5779
2048/3458 [================>.............] - ETA: 1:08 - loss: 1.0800 - acc: 0.5801
2080/3458 [=================>............] - ETA: 1:07 - loss: 1.0813 - acc: 0.5788
2112/3458 [=================>............] - ETA: 1:05 - loss: 1.0778 - acc: 0.5814
2144/3458 [=================>............] - ETA: 1:04 - loss: 1.0754 - acc: 0.5826
2176/3458 [=================>............] - ETA: 1:02 - loss: 1.0762 - acc: 0.5832
2208/3458 [==================>...........] - ETA: 1:00 - loss: 1.0769 - acc: 0.5806
2240/3458 [==================>...........] - ETA: 59s - loss: 1.0761 - acc: 0.5804 
2272/3458 [==================>...........] - ETA: 57s - loss: 1.0767 - acc: 0.5801
2304/3458 [==================>...........] - ETA: 56s - loss: 1.0773 - acc: 0.5781
2336/3458 [===================>..........] - ETA: 54s - loss: 1.0819 - acc: 0.5753
2368/3458 [===================>..........] - ETA: 53s - loss: 1.0793 - acc: 0.5764
2400/3458 [===================>..........] - ETA: 51s - loss: 1.0777 - acc: 0.5763
2432/3458 [====================>.........] - ETA: 49s - loss: 1.0750 - acc: 0.5781
2464/3458 [====================>.........] - ETA: 48s - loss: 1.0752 - acc: 0.5775
2496/3458 [====================>.........] - ETA: 46s - loss: 1.0742 - acc: 0.5773
2528/3458 [====================>.........] - ETA: 45s - loss: 1.0755 - acc: 0.5763
2560/3458 [=====================>........] - ETA: 43s - loss: 1.0787 - acc: 0.5750
2592/3458 [=====================>........] - ETA: 42s - loss: 1.0790 - acc: 0.5741
2624/3458 [=====================>........] - ETA: 40s - loss: 1.0808 - acc: 0.5732
2656/3458 [======================>.......] - ETA: 39s - loss: 1.0828 - acc: 0.5727
2688/3458 [======================>.......] - ETA: 37s - loss: 1.0813 - acc: 0.5733
2720/3458 [======================>.......] - ETA: 35s - loss: 1.0790 - acc: 0.5746
2752/3458 [======================>.......] - ETA: 34s - loss: 1.0774 - acc: 0.5749
2784/3458 [=======================>......] - ETA: 32s - loss: 1.0775 - acc: 0.5751
2816/3458 [=======================>......] - ETA: 31s - loss: 1.0779 - acc: 0.5756
2848/3458 [=======================>......] - ETA: 29s - loss: 1.0759 - acc: 0.5762
2880/3458 [=======================>......] - ETA: 28s - loss: 1.0740 - acc: 0.5778
2912/3458 [========================>.....] - ETA: 26s - loss: 1.0747 - acc: 0.5769
2944/3458 [========================>.....] - ETA: 25s - loss: 1.0746 - acc: 0.5764
2976/3458 [========================>.....] - ETA: 23s - loss: 1.0726 - acc: 0.5776
3008/3458 [=========================>....] - ETA: 21s - loss: 1.0735 - acc: 0.5758
3040/3458 [=========================>....] - ETA: 20s - loss: 1.0734 - acc: 0.5753
3072/3458 [=========================>....] - ETA: 18s - loss: 1.0724 - acc: 0.5752
3104/3458 [=========================>....] - ETA: 17s - loss: 1.0743 - acc: 0.5741
3136/3458 [==========================>...] - ETA: 15s - loss: 1.0715 - acc: 0.5759
3168/3458 [==========================>...] - ETA: 14s - loss: 1.0706 - acc: 0.5764
3200/3458 [==========================>...] - ETA: 12s - loss: 1.0716 - acc: 0.5766
3232/3458 [===========================>..] - ETA: 11s - loss: 1.0706 - acc: 0.5774
3264/3458 [===========================>..] - ETA: 9s - loss: 1.0674 - acc: 0.5797 
3296/3458 [===========================>..] - ETA: 7s - loss: 1.0665 - acc: 0.5804
3328/3458 [===========================>..] - ETA: 6s - loss: 1.0648 - acc: 0.5805
3360/3458 [============================>.] - ETA: 4s - loss: 1.0640 - acc: 0.5807
3392/3458 [============================>.] - ETA: 3s - loss: 1.0644 - acc: 0.5802
3424/3458 [============================>.] - ETA: 1s - loss: 1.0630 - acc: 0.5809
3456/3458 [============================>.] - ETA: 0s - loss: 1.0637 - acc: 0.5813
3458/3458 [==============================] - 169s 49ms/sample - loss: 1.0636 - acc: 0.5813

 32/865 [>.............................] - ETA: 7s - loss: 0.7791 - acc: 0.6562
 64/865 [=>............................] - ETA: 7s - loss: 0.9081 - acc: 0.5625
 96/865 [==>...........................] - ETA: 6s - loss: 0.9534 - acc: 0.5521
128/865 [===>..........................] - ETA: 6s - loss: 0.9483 - acc: 0.5781
160/865 [====>.........................] - ETA: 6s - loss: 0.9315 - acc: 0.5875
192/865 [=====>........................] - ETA: 5s - loss: 0.9339 - acc: 0.5833
224/865 [======>.......................] - ETA: 5s - loss: 0.9294 - acc: 0.5804
256/865 [=======>......................] - ETA: 5s - loss: 0.9532 - acc: 0.5703
288/865 [========>.....................] - ETA: 5s - loss: 0.9328 - acc: 0.5868
320/865 [==========>...................] - ETA: 4s - loss: 0.9379 - acc: 0.5813
352/865 [===========>..................] - ETA: 4s - loss: 0.9595 - acc: 0.5739
384/865 [============>.................] - ETA: 4s - loss: 0.9588 - acc: 0.5729
416/865 [=============>................] - ETA: 3s - loss: 0.9765 - acc: 0.5649
448/865 [==============>...............] - ETA: 3s - loss: 0.9771 - acc: 0.5647
480/865 [===============>..............] - ETA: 3s - loss: 0.9855 - acc: 0.5583
512/865 [================>.............] - ETA: 3s - loss: 1.0071 - acc: 0.5508
544/865 [=================>............] - ETA: 2s - loss: 1.0069 - acc: 0.5570
576/865 [==================>...........] - ETA: 2s - loss: 1.0078 - acc: 0.5590
608/865 [====================>.........] - ETA: 2s - loss: 1.0017 - acc: 0.5625
640/865 [=====================>........] - ETA: 1s - loss: 1.0061 - acc: 0.5641
672/865 [======================>.......] - ETA: 1s - loss: 1.0106 - acc: 0.5610
704/865 [=======================>......] - ETA: 1s - loss: 1.0079 - acc: 0.5611
736/865 [========================>.....] - ETA: 1s - loss: 1.0093 - acc: 0.5639
768/865 [=========================>....] - ETA: 0s - loss: 0.9999 - acc: 0.5729
800/865 [==========================>...] - ETA: 0s - loss: 0.9995 - acc: 0.5725
832/865 [===========================>..] - ETA: 0s - loss: 1.0026 - acc: 0.5733
864/865 [============================>.] - ETA: 0s - loss: 0.9960 - acc: 0.5764
865/865 [==============================] - 8s 9ms/sample - loss: 0.9954 - acc: 0.5769

  32/3458 [..............................] - ETA: 2:44 - loss: 1.1275 - acc: 0.5938
  64/3458 [..............................] - ETA: 2:43 - loss: 0.9001 - acc: 0.6406
  96/3458 [..............................] - ETA: 2:41 - loss: 0.8536 - acc: 0.6667
 128/3458 [>.............................] - ETA: 2:40 - loss: 0.9242 - acc: 0.6484
 160/3458 [>.............................] - ETA: 2:40 - loss: 0.9377 - acc: 0.6375
 192/3458 [>.............................] - ETA: 2:37 - loss: 0.9196 - acc: 0.6562
 224/3458 [>.............................] - ETA: 2:37 - loss: 0.9096 - acc: 0.6562
 256/3458 [=>............................] - ETA: 2:35 - loss: 0.8918 - acc: 0.6680
 288/3458 [=>............................] - ETA: 2:33 - loss: 0.8993 - acc: 0.6528
 320/3458 [=>............................] - ETA: 2:32 - loss: 0.9073 - acc: 0.6375
 352/3458 [==>...........................] - ETA: 2:31 - loss: 0.8984 - acc: 0.6392
 384/3458 [==>...........................] - ETA: 2:29 - loss: 0.8943 - acc: 0.6406
 416/3458 [==>...........................] - ETA: 2:27 - loss: 0.8862 - acc: 0.6418
 448/3458 [==>...........................] - ETA: 2:26 - loss: 0.8725 - acc: 0.6518
 480/3458 [===>..........................] - ETA: 2:24 - loss: 0.8646 - acc: 0.6604
 512/3458 [===>..........................] - ETA: 2:23 - loss: 0.8653 - acc: 0.6660
 544/3458 [===>..........................] - ETA: 2:21 - loss: 0.8619 - acc: 0.6691
 576/3458 [===>..........................] - ETA: 2:20 - loss: 0.8722 - acc: 0.6615
 608/3458 [====>.........................] - ETA: 2:18 - loss: 0.8677 - acc: 0.6595
 640/3458 [====>.........................] - ETA: 2:17 - loss: 0.8685 - acc: 0.6609
 672/3458 [====>.........................] - ETA: 2:15 - loss: 0.8639 - acc: 0.6637
 704/3458 [=====>........................] - ETA: 2:14 - loss: 0.8684 - acc: 0.6648
 736/3458 [=====>........................] - ETA: 2:12 - loss: 0.8690 - acc: 0.6590
 768/3458 [=====>........................] - ETA: 2:10 - loss: 0.8613 - acc: 0.6641
 800/3458 [=====>........................] - ETA: 2:09 - loss: 0.8723 - acc: 0.6650
 832/3458 [======>.......................] - ETA: 2:07 - loss: 0.8719 - acc: 0.6671
 864/3458 [======>.......................] - ETA: 2:06 - loss: 0.8748 - acc: 0.6609
 896/3458 [======>.......................] - ETA: 2:04 - loss: 0.8726 - acc: 0.6585
 928/3458 [=======>......................] - ETA: 2:02 - loss: 0.8739 - acc: 0.6595
 960/3458 [=======>......................] - ETA: 2:01 - loss: 0.8702 - acc: 0.6615
 992/3458 [=======>......................] - ETA: 1:59 - loss: 0.8707 - acc: 0.6593
1024/3458 [=======>......................] - ETA: 1:58 - loss: 0.8726 - acc: 0.6572
1056/3458 [========>.....................] - ETA: 1:56 - loss: 0.8713 - acc: 0.6553
1088/3458 [========>.....................] - ETA: 1:55 - loss: 0.8693 - acc: 0.6572
1120/3458 [========>.....................] - ETA: 1:53 - loss: 0.8709 - acc: 0.6562
1152/3458 [========>.....................] - ETA: 1:52 - loss: 0.8713 - acc: 0.6545
1184/3458 [=========>....................] - ETA: 1:50 - loss: 0.8659 - acc: 0.6554
1216/3458 [=========>....................] - ETA: 1:49 - loss: 0.8652 - acc: 0.6546
1248/3458 [=========>....................] - ETA: 1:47 - loss: 0.8588 - acc: 0.6571
1280/3458 [==========>...................] - ETA: 1:45 - loss: 0.8602 - acc: 0.6570
1312/3458 [==========>...................] - ETA: 1:44 - loss: 0.8650 - acc: 0.6562
1344/3458 [==========>...................] - ETA: 1:42 - loss: 0.8660 - acc: 0.6540
1376/3458 [==========>...................] - ETA: 1:41 - loss: 0.8652 - acc: 0.6562
1408/3458 [===========>..................] - ETA: 1:39 - loss: 0.8649 - acc: 0.6548
1440/3458 [===========>..................] - ETA: 1:38 - loss: 0.8597 - acc: 0.6562
1472/3458 [===========>..................] - ETA: 1:36 - loss: 0.8572 - acc: 0.6569
1504/3458 [============>.................] - ETA: 1:35 - loss: 0.8547 - acc: 0.6576
1536/3458 [============>.................] - ETA: 1:33 - loss: 0.8547 - acc: 0.6582
1568/3458 [============>.................] - ETA: 1:31 - loss: 0.8547 - acc: 0.6582
1600/3458 [============>.................] - ETA: 1:30 - loss: 0.8523 - acc: 0.6575
1632/3458 [=============>................] - ETA: 1:28 - loss: 0.8513 - acc: 0.6593
1664/3458 [=============>................] - ETA: 1:27 - loss: 0.8506 - acc: 0.6581
1696/3458 [=============>................] - ETA: 1:25 - loss: 0.8508 - acc: 0.6586
1728/3458 [=============>................] - ETA: 1:24 - loss: 0.8496 - acc: 0.6597
1760/3458 [==============>...............] - ETA: 1:22 - loss: 0.8507 - acc: 0.6591
1792/3458 [==============>...............] - ETA: 1:21 - loss: 0.8506 - acc: 0.6579
1824/3458 [==============>...............] - ETA: 1:19 - loss: 0.8490 - acc: 0.6579
1856/3458 [===============>..............] - ETA: 1:17 - loss: 0.8535 - acc: 0.6579
1888/3458 [===============>..............] - ETA: 1:16 - loss: 0.8590 - acc: 0.6568
1920/3458 [===============>..............] - ETA: 1:14 - loss: 0.8632 - acc: 0.6547
1952/3458 [===============>..............] - ETA: 1:13 - loss: 0.8641 - acc: 0.6562
1984/3458 [================>.............] - ETA: 1:11 - loss: 0.8636 - acc: 0.6557
2016/3458 [================>.............] - ETA: 1:10 - loss: 0.8683 - acc: 0.6548
2048/3458 [================>.............] - ETA: 1:08 - loss: 0.8713 - acc: 0.6553
2080/3458 [=================>............] - ETA: 1:07 - loss: 0.8698 - acc: 0.6558
2112/3458 [=================>............] - ETA: 1:05 - loss: 0.8686 - acc: 0.6558
2144/3458 [=================>............] - ETA: 1:03 - loss: 0.8689 - acc: 0.6544
2176/3458 [=================>............] - ETA: 1:02 - loss: 0.8706 - acc: 0.6549
2208/3458 [==================>...........] - ETA: 1:00 - loss: 0.8727 - acc: 0.6544
2240/3458 [==================>...........] - ETA: 59s - loss: 0.8730 - acc: 0.6549 
2272/3458 [==================>...........] - ETA: 57s - loss: 0.8724 - acc: 0.6558
2304/3458 [==================>...........] - ETA: 56s - loss: 0.8728 - acc: 0.6545
2336/3458 [===================>..........] - ETA: 54s - loss: 0.8723 - acc: 0.6541
2368/3458 [===================>..........] - ETA: 53s - loss: 0.8718 - acc: 0.6541
2400/3458 [===================>..........] - ETA: 51s - loss: 0.8733 - acc: 0.6525
2432/3458 [====================>.........] - ETA: 49s - loss: 0.8717 - acc: 0.6534
2464/3458 [====================>.........] - ETA: 48s - loss: 0.8722 - acc: 0.6534
2496/3458 [====================>.........] - ETA: 46s - loss: 0.8727 - acc: 0.6530
2528/3458 [====================>.........] - ETA: 45s - loss: 0.8730 - acc: 0.6531
2560/3458 [=====================>........] - ETA: 43s - loss: 0.8727 - acc: 0.6531
2592/3458 [=====================>........] - ETA: 42s - loss: 0.8724 - acc: 0.6524
2624/3458 [=====================>........] - ETA: 40s - loss: 0.8732 - acc: 0.6513
2656/3458 [======================>.......] - ETA: 39s - loss: 0.8722 - acc: 0.6517
2688/3458 [======================>.......] - ETA: 37s - loss: 0.8720 - acc: 0.6522
2720/3458 [======================>.......] - ETA: 35s - loss: 0.8749 - acc: 0.6526
2752/3458 [======================>.......] - ETA: 34s - loss: 0.8807 - acc: 0.6501
2784/3458 [=======================>......] - ETA: 32s - loss: 0.8794 - acc: 0.6491
2816/3458 [=======================>......] - ETA: 31s - loss: 0.8800 - acc: 0.6495
2848/3458 [=======================>......] - ETA: 29s - loss: 0.8819 - acc: 0.6485
2880/3458 [=======================>......] - ETA: 28s - loss: 0.8831 - acc: 0.6476
2912/3458 [========================>.....] - ETA: 26s - loss: 0.8805 - acc: 0.6487
2944/3458 [========================>.....] - ETA: 25s - loss: 0.8825 - acc: 0.6481
2976/3458 [========================>.....] - ETA: 23s - loss: 0.8845 - acc: 0.6472
3008/3458 [=========================>....] - ETA: 21s - loss: 0.8856 - acc: 0.6473
3040/3458 [=========================>....] - ETA: 20s - loss: 0.8835 - acc: 0.6497
3072/3458 [=========================>....] - ETA: 18s - loss: 0.8859 - acc: 0.6491
3104/3458 [=========================>....] - ETA: 17s - loss: 0.8863 - acc: 0.6482
3136/3458 [==========================>...] - ETA: 15s - loss: 0.8871 - acc: 0.6480
3168/3458 [==========================>...] - ETA: 14s - loss: 0.8866 - acc: 0.6480
3200/3458 [==========================>...] - ETA: 12s - loss: 0.8861 - acc: 0.6488
3232/3458 [===========================>..] - ETA: 10s - loss: 0.8864 - acc: 0.6485
3264/3458 [===========================>..] - ETA: 9s - loss: 0.8863 - acc: 0.6495 
3296/3458 [===========================>..] - ETA: 7s - loss: 0.8845 - acc: 0.6505
3328/3458 [===========================>..] - ETA: 6s - loss: 0.8830 - acc: 0.6514
3360/3458 [============================>.] - ETA: 4s - loss: 0.8829 - acc: 0.6506
3392/3458 [============================>.] - ETA: 3s - loss: 0.8826 - acc: 0.6504
3424/3458 [============================>.] - ETA: 1s - loss: 0.8821 - acc: 0.6513
3456/3458 [============================>.] - ETA: 0s - loss: 0.8844 - acc: 0.6505
3458/3458 [==============================] - 169s 49ms/sample - loss: 0.8845 - acc: 0.6501

 32/865 [>.............................] - ETA: 7s - loss: 0.7197 - acc: 0.7188
 64/865 [=>............................] - ETA: 6s - loss: 0.9382 - acc: 0.6094
 96/865 [==>...........................] - ETA: 6s - loss: 0.9263 - acc: 0.5938
128/865 [===>..........................] - ETA: 6s - loss: 0.8981 - acc: 0.6328
160/865 [====>.........................] - ETA: 6s - loss: 0.8716 - acc: 0.6375
192/865 [=====>........................] - ETA: 5s - loss: 0.8662 - acc: 0.6354
224/865 [======>.......................] - ETA: 5s - loss: 0.8684 - acc: 0.6384
256/865 [=======>......................] - ETA: 5s - loss: 0.8836 - acc: 0.6289
288/865 [========>.....................] - ETA: 5s - loss: 0.8739 - acc: 0.6389
320/865 [==========>...................] - ETA: 4s - loss: 0.8822 - acc: 0.6406
352/865 [===========>..................] - ETA: 4s - loss: 0.8972 - acc: 0.6364
384/865 [============>.................] - ETA: 4s - loss: 0.8906 - acc: 0.6354
416/865 [=============>................] - ETA: 3s - loss: 0.9018 - acc: 0.6274
448/865 [==============>...............] - ETA: 3s - loss: 0.9136 - acc: 0.6317
480/865 [===============>..............] - ETA: 3s - loss: 0.9137 - acc: 0.6292
512/865 [================>.............] - ETA: 3s - loss: 0.9270 - acc: 0.6309
544/865 [=================>............] - ETA: 2s - loss: 0.9191 - acc: 0.6379
576/865 [==================>...........] - ETA: 2s - loss: 0.9171 - acc: 0.6424
608/865 [====================>.........] - ETA: 2s - loss: 0.9176 - acc: 0.6431
640/865 [=====================>........] - ETA: 1s - loss: 0.9365 - acc: 0.6359
672/865 [======================>.......] - ETA: 1s - loss: 0.9507 - acc: 0.6280
704/865 [=======================>......] - ETA: 1s - loss: 0.9450 - acc: 0.6307
736/865 [========================>.....] - ETA: 1s - loss: 0.9510 - acc: 0.6277
768/865 [=========================>....] - ETA: 0s - loss: 0.9408 - acc: 0.6328
800/865 [==========================>...] - ETA: 0s - loss: 0.9506 - acc: 0.6300
832/865 [===========================>..] - ETA: 0s - loss: 0.9550 - acc: 0.6238
864/865 [============================>.] - ETA: 0s - loss: 0.9523 - acc: 0.6262
865/865 [==============================] - 8s 9ms/sample - loss: 0.9515 - acc: 0.6266

  32/3458 [..............................] - ETA: 2:46 - loss: 0.8226 - acc: 0.7188
  64/3458 [..............................] - ETA: 2:43 - loss: 0.7383 - acc: 0.7188
  96/3458 [..............................] - ETA: 2:44 - loss: 0.7639 - acc: 0.7083
 128/3458 [>.............................] - ETA: 2:42 - loss: 0.7691 - acc: 0.7188
 160/3458 [>.............................] - ETA: 2:40 - loss: 0.7657 - acc: 0.7188
 192/3458 [>.............................] - ETA: 2:39 - loss: 0.7411 - acc: 0.7240
 224/3458 [>.............................] - ETA: 2:37 - loss: 0.7434 - acc: 0.7232
 256/3458 [=>............................] - ETA: 2:35 - loss: 0.7301 - acc: 0.7266
 288/3458 [=>............................] - ETA: 2:34 - loss: 0.7433 - acc: 0.7257
 320/3458 [=>............................] - ETA: 2:32 - loss: 0.7448 - acc: 0.7188
 352/3458 [==>...........................] - ETA: 2:31 - loss: 0.7295 - acc: 0.7216
 384/3458 [==>...........................] - ETA: 2:30 - loss: 0.7513 - acc: 0.7135
 416/3458 [==>...........................] - ETA: 2:28 - loss: 0.7524 - acc: 0.7067
 448/3458 [==>...........................] - ETA: 2:26 - loss: 0.7584 - acc: 0.7054
 480/3458 [===>..........................] - ETA: 2:25 - loss: 0.7519 - acc: 0.7104
 512/3458 [===>..........................] - ETA: 2:23 - loss: 0.7559 - acc: 0.7090
 544/3458 [===>..........................] - ETA: 2:21 - loss: 0.7528 - acc: 0.7096
 576/3458 [===>..........................] - ETA: 2:20 - loss: 0.7590 - acc: 0.7014
 608/3458 [====>.........................] - ETA: 2:18 - loss: 0.7550 - acc: 0.7072
 640/3458 [====>.........................] - ETA: 2:17 - loss: 0.7517 - acc: 0.7094
 672/3458 [====>.........................] - ETA: 2:15 - loss: 0.7493 - acc: 0.7113
 704/3458 [=====>........................] - ETA: 2:14 - loss: 0.7415 - acc: 0.7131
 736/3458 [=====>........................] - ETA: 2:12 - loss: 0.7472 - acc: 0.7092
 768/3458 [=====>........................] - ETA: 2:10 - loss: 0.7443 - acc: 0.7096
 800/3458 [=====>........................] - ETA: 2:09 - loss: 0.7485 - acc: 0.7088
 832/3458 [======>.......................] - ETA: 2:07 - loss: 0.7566 - acc: 0.7031
 864/3458 [======>.......................] - ETA: 2:06 - loss: 0.7605 - acc: 0.7037
 896/3458 [======>.......................] - ETA: 2:04 - loss: 0.7542 - acc: 0.7076
 928/3458 [=======>......................] - ETA: 2:03 - loss: 0.7494 - acc: 0.7091
 960/3458 [=======>......................] - ETA: 2:01 - loss: 0.7442 - acc: 0.7115
 992/3458 [=======>......................] - ETA: 2:00 - loss: 0.7556 - acc: 0.7137
1024/3458 [=======>......................] - ETA: 1:58 - loss: 0.7532 - acc: 0.7148
1056/3458 [========>.....................] - ETA: 1:57 - loss: 0.7479 - acc: 0.7178
1088/3458 [========>.....................] - ETA: 1:55 - loss: 0.7491 - acc: 0.7169
1120/3458 [========>.....................] - ETA: 1:53 - loss: 0.7469 - acc: 0.7170
1152/3458 [========>.....................] - ETA: 1:52 - loss: 0.7443 - acc: 0.7179
1184/3458 [=========>....................] - ETA: 1:50 - loss: 0.7448 - acc: 0.7171
1216/3458 [=========>....................] - ETA: 1:49 - loss: 0.7463 - acc: 0.7138
1248/3458 [=========>....................] - ETA: 1:47 - loss: 0.7415 - acc: 0.7147
1280/3458 [==========>...................] - ETA: 1:46 - loss: 0.7443 - acc: 0.7102
1312/3458 [==========>...................] - ETA: 1:44 - loss: 0.7474 - acc: 0.7088
1344/3458 [==========>...................] - ETA: 1:43 - loss: 0.7437 - acc: 0.7098
1376/3458 [==========>...................] - ETA: 1:41 - loss: 0.7473 - acc: 0.7093
1408/3458 [===========>..................] - ETA: 1:39 - loss: 0.7450 - acc: 0.7095
1440/3458 [===========>..................] - ETA: 1:38 - loss: 0.7407 - acc: 0.7125
1472/3458 [===========>..................] - ETA: 1:36 - loss: 0.7378 - acc: 0.7133
1504/3458 [============>.................] - ETA: 1:35 - loss: 0.7328 - acc: 0.7148
1536/3458 [============>.................] - ETA: 1:33 - loss: 0.7322 - acc: 0.7161
1568/3458 [============>.................] - ETA: 1:32 - loss: 0.7324 - acc: 0.7188
1600/3458 [============>.................] - ETA: 1:30 - loss: 0.7370 - acc: 0.7169
1632/3458 [=============>................] - ETA: 1:29 - loss: 0.7386 - acc: 0.7169
1664/3458 [=============>................] - ETA: 1:27 - loss: 0.7365 - acc: 0.7181
1696/3458 [=============>................] - ETA: 1:25 - loss: 0.7347 - acc: 0.7188
1728/3458 [=============>................] - ETA: 1:24 - loss: 0.7385 - acc: 0.7153
1760/3458 [==============>...............] - ETA: 1:22 - loss: 0.7382 - acc: 0.7170
1792/3458 [==============>...............] - ETA: 1:21 - loss: 0.7408 - acc: 0.7160
1824/3458 [==============>...............] - ETA: 1:19 - loss: 0.7390 - acc: 0.7171
1856/3458 [===============>..............] - ETA: 1:18 - loss: 0.7364 - acc: 0.7188
1888/3458 [===============>..............] - ETA: 1:16 - loss: 0.7354 - acc: 0.7188
1920/3458 [===============>..............] - ETA: 1:14 - loss: 0.7335 - acc: 0.7203
1952/3458 [===============>..............] - ETA: 1:13 - loss: 0.7320 - acc: 0.7213
1984/3458 [================>.............] - ETA: 1:11 - loss: 0.7342 - acc: 0.7203
2016/3458 [================>.............] - ETA: 1:10 - loss: 0.7371 - acc: 0.7192
2048/3458 [================>.............] - ETA: 1:08 - loss: 0.7382 - acc: 0.7192
2080/3458 [=================>............] - ETA: 1:07 - loss: 0.7369 - acc: 0.7192
2112/3458 [=================>............] - ETA: 1:05 - loss: 0.7431 - acc: 0.7178
2144/3458 [=================>............] - ETA: 1:04 - loss: 0.7445 - acc: 0.7169
2176/3458 [=================>............] - ETA: 1:02 - loss: 0.7438 - acc: 0.7183
2208/3458 [==================>...........] - ETA: 1:00 - loss: 0.7439 - acc: 0.7183
2240/3458 [==================>...........] - ETA: 59s - loss: 0.7428 - acc: 0.7192 
2272/3458 [==================>...........] - ETA: 57s - loss: 0.7424 - acc: 0.7210
2304/3458 [==================>...........] - ETA: 56s - loss: 0.7399 - acc: 0.7227
2336/3458 [===================>..........] - ETA: 54s - loss: 0.7377 - acc: 0.7235
2368/3458 [===================>..........] - ETA: 53s - loss: 0.7354 - acc: 0.7238
2400/3458 [===================>..........] - ETA: 51s - loss: 0.7363 - acc: 0.7229
2432/3458 [====================>.........] - ETA: 50s - loss: 0.7377 - acc: 0.7233
2464/3458 [====================>.........] - ETA: 48s - loss: 0.7355 - acc: 0.7244
2496/3458 [====================>.........] - ETA: 46s - loss: 0.7388 - acc: 0.7236
2528/3458 [====================>.........] - ETA: 45s - loss: 0.7376 - acc: 0.7231
2560/3458 [=====================>........] - ETA: 43s - loss: 0.7351 - acc: 0.7238
2592/3458 [=====================>........] - ETA: 42s - loss: 0.7383 - acc: 0.7222
2624/3458 [=====================>........] - ETA: 40s - loss: 0.7410 - acc: 0.7207
2656/3458 [======================>.......] - ETA: 39s - loss: 0.7419 - acc: 0.7203
2688/3458 [======================>.......] - ETA: 37s - loss: 0.7448 - acc: 0.7195
2720/3458 [======================>.......] - ETA: 35s - loss: 0.7447 - acc: 0.7202
2752/3458 [======================>.......] - ETA: 34s - loss: 0.7470 - acc: 0.7188
2784/3458 [=======================>......] - ETA: 32s - loss: 0.7452 - acc: 0.7191
2816/3458 [=======================>......] - ETA: 31s - loss: 0.7460 - acc: 0.7191
2848/3458 [=======================>......] - ETA: 29s - loss: 0.7449 - acc: 0.7191
2880/3458 [=======================>......] - ETA: 28s - loss: 0.7449 - acc: 0.7191
2912/3458 [========================>.....] - ETA: 26s - loss: 0.7439 - acc: 0.7194
2944/3458 [========================>.....] - ETA: 25s - loss: 0.7420 - acc: 0.7201
2976/3458 [========================>.....] - ETA: 23s - loss: 0.7431 - acc: 0.7191
3008/3458 [=========================>....] - ETA: 21s - loss: 0.7449 - acc: 0.7197
3040/3458 [=========================>....] - ETA: 20s - loss: 0.7450 - acc: 0.7194
3072/3458 [=========================>....] - ETA: 18s - loss: 0.7473 - acc: 0.7188
3104/3458 [=========================>....] - ETA: 17s - loss: 0.7482 - acc: 0.7184
3136/3458 [==========================>...] - ETA: 15s - loss: 0.7482 - acc: 0.7181
3168/3458 [==========================>...] - ETA: 14s - loss: 0.7483 - acc: 0.7181
3200/3458 [==========================>...] - ETA: 12s - loss: 0.7462 - acc: 0.7191
3232/3458 [===========================>..] - ETA: 11s - loss: 0.7477 - acc: 0.7184
3264/3458 [===========================>..] - ETA: 9s - loss: 0.7499 - acc: 0.7178 
3296/3458 [===========================>..] - ETA: 7s - loss: 0.7504 - acc: 0.7172
3328/3458 [===========================>..] - ETA: 6s - loss: 0.7524 - acc: 0.7166
3360/3458 [============================>.] - ETA: 4s - loss: 0.7531 - acc: 0.7161
3392/3458 [============================>.] - ETA: 3s - loss: 0.7547 - acc: 0.7155
3424/3458 [============================>.] - ETA: 1s - loss: 0.7549 - acc: 0.7158
3456/3458 [============================>.] - ETA: 0s - loss: 0.7533 - acc: 0.7167
3458/3458 [==============================] - 169s 49ms/sample - loss: 0.7534 - acc: 0.7166

 32/865 [>.............................] - ETA: 7s - loss: 0.8851 - acc: 0.7500
 64/865 [=>............................] - ETA: 7s - loss: 1.1625 - acc: 0.5781
 96/865 [==>...........................] - ETA: 6s - loss: 1.1048 - acc: 0.5729
128/865 [===>..........................] - ETA: 6s - loss: 1.0619 - acc: 0.6172
160/865 [====>.........................] - ETA: 6s - loss: 1.0247 - acc: 0.6313
192/865 [=====>........................] - ETA: 6s - loss: 0.9962 - acc: 0.6250
224/865 [======>.......................] - ETA: 5s - loss: 0.9898 - acc: 0.6339
256/865 [=======>......................] - ETA: 5s - loss: 0.9965 - acc: 0.6328
288/865 [========>.....................] - ETA: 5s - loss: 0.9826 - acc: 0.6319
320/865 [==========>...................] - ETA: 4s - loss: 0.9926 - acc: 0.6313
352/865 [===========>..................] - ETA: 4s - loss: 1.0023 - acc: 0.6222
384/865 [============>.................] - ETA: 4s - loss: 0.9961 - acc: 0.6146
416/865 [=============>................] - ETA: 4s - loss: 1.0134 - acc: 0.6082
448/865 [==============>...............] - ETA: 3s - loss: 1.0266 - acc: 0.6116
480/865 [===============>..............] - ETA: 3s - loss: 1.0035 - acc: 0.6208
512/865 [================>.............] - ETA: 3s - loss: 1.0192 - acc: 0.6191
544/865 [=================>............] - ETA: 2s - loss: 1.0033 - acc: 0.6268
576/865 [==================>...........] - ETA: 2s - loss: 1.0000 - acc: 0.6319
608/865 [====================>.........] - ETA: 2s - loss: 1.0033 - acc: 0.6299
640/865 [=====================>........] - ETA: 2s - loss: 1.0375 - acc: 0.6203
672/865 [======================>.......] - ETA: 1s - loss: 1.0606 - acc: 0.6086
704/865 [=======================>......] - ETA: 1s - loss: 1.0466 - acc: 0.6151
736/865 [========================>.....] - ETA: 1s - loss: 1.0456 - acc: 0.6128
768/865 [=========================>....] - ETA: 0s - loss: 1.0387 - acc: 0.6146
800/865 [==========================>...] - ETA: 0s - loss: 1.0552 - acc: 0.6100
832/865 [===========================>..] - ETA: 0s - loss: 1.0621 - acc: 0.6070
864/865 [============================>.] - ETA: 0s - loss: 1.0674 - acc: 0.6030
865/865 [==============================] - 8s 9ms/sample - loss: 1.0662 - acc: 0.6035
