For number of cells in Conv2D=128
For Dropout_1=0.8 Dropout_2=0.2
For number of cells in Dense=128
daisy loaded
dandelion loaded
rose loaded
sunflower loaded
tulip loaded

  32/3458 [..............................] - ETA: 2:16 - loss: 1.6216 - acc: 0.1875
  64/3458 [..............................] - ETA: 2:11 - loss: 2.8490 - acc: 0.1875
  96/3458 [..............................] - ETA: 2:07 - loss: 3.8439 - acc: 0.2396
 128/3458 [>.............................] - ETA: 2:05 - loss: 3.5110 - acc: 0.2500
 160/3458 [>.............................] - ETA: 2:03 - loss: 3.1589 - acc: 0.2438
 192/3458 [>.............................] - ETA: 2:02 - loss: 2.9055 - acc: 0.2344
 224/3458 [>.............................] - ETA: 2:00 - loss: 2.7191 - acc: 0.2366
 256/3458 [=>............................] - ETA: 1:59 - loss: 2.5799 - acc: 0.2305
 288/3458 [=>............................] - ETA: 1:57 - loss: 2.4729 - acc: 0.2257
 320/3458 [=>............................] - ETA: 1:56 - loss: 2.3815 - acc: 0.2250
 352/3458 [==>...........................] - ETA: 1:55 - loss: 2.3069 - acc: 0.2131
 384/3458 [==>...........................] - ETA: 1:53 - loss: 2.2409 - acc: 0.2188
 416/3458 [==>...........................] - ETA: 1:52 - loss: 2.1833 - acc: 0.2212
 448/3458 [==>...........................] - ETA: 1:51 - loss: 2.1323 - acc: 0.2165
 480/3458 [===>..........................] - ETA: 1:50 - loss: 2.0904 - acc: 0.2167
 512/3458 [===>..........................] - ETA: 1:48 - loss: 2.0471 - acc: 0.2266
 544/3458 [===>..........................] - ETA: 1:47 - loss: 2.0115 - acc: 0.2390
 576/3458 [===>..........................] - ETA: 1:46 - loss: 1.9789 - acc: 0.2326
 608/3458 [====>.........................] - ETA: 1:44 - loss: 1.9510 - acc: 0.2319
 640/3458 [====>.........................] - ETA: 1:43 - loss: 1.9309 - acc: 0.2375
 672/3458 [====>.........................] - ETA: 1:42 - loss: 1.9088 - acc: 0.2411
 704/3458 [=====>........................] - ETA: 1:41 - loss: 1.8870 - acc: 0.2500
 736/3458 [=====>........................] - ETA: 1:40 - loss: 1.8736 - acc: 0.2527
 768/3458 [=====>........................] - ETA: 1:38 - loss: 1.8561 - acc: 0.2617
 800/3458 [=====>........................] - ETA: 1:37 - loss: 1.8385 - acc: 0.2650
 832/3458 [======>.......................] - ETA: 1:36 - loss: 1.8246 - acc: 0.2680
 864/3458 [======>.......................] - ETA: 1:35 - loss: 1.8207 - acc: 0.2697
 896/3458 [======>.......................] - ETA: 1:34 - loss: 1.8325 - acc: 0.2734
 928/3458 [=======>......................] - ETA: 1:32 - loss: 1.8173 - acc: 0.2802
 960/3458 [=======>......................] - ETA: 1:31 - loss: 1.8040 - acc: 0.2844
 992/3458 [=======>......................] - ETA: 1:30 - loss: 1.7951 - acc: 0.2843
1024/3458 [=======>......................] - ETA: 1:29 - loss: 1.7861 - acc: 0.2822
1056/3458 [========>.....................] - ETA: 1:28 - loss: 1.7777 - acc: 0.2879
1088/3458 [========>.....................] - ETA: 1:26 - loss: 1.7716 - acc: 0.2895
1120/3458 [========>.....................] - ETA: 1:25 - loss: 1.7639 - acc: 0.2911
1152/3458 [========>.....................] - ETA: 1:24 - loss: 1.7554 - acc: 0.2977
1184/3458 [=========>....................] - ETA: 1:23 - loss: 1.7509 - acc: 0.3024
1216/3458 [=========>....................] - ETA: 1:22 - loss: 1.7442 - acc: 0.3051
1248/3458 [=========>....................] - ETA: 1:21 - loss: 1.7377 - acc: 0.3085
1280/3458 [==========>...................] - ETA: 1:19 - loss: 1.7322 - acc: 0.3102
1312/3458 [==========>...................] - ETA: 1:18 - loss: 1.7276 - acc: 0.3125
1344/3458 [==========>...................] - ETA: 1:17 - loss: 1.7235 - acc: 0.3118
1376/3458 [==========>...................] - ETA: 1:16 - loss: 1.7168 - acc: 0.3161
1408/3458 [===========>..................] - ETA: 1:15 - loss: 1.7112 - acc: 0.3161
1440/3458 [===========>..................] - ETA: 1:13 - loss: 1.7053 - acc: 0.3174
1472/3458 [===========>..................] - ETA: 1:12 - loss: 1.6984 - acc: 0.3213
1504/3458 [============>.................] - ETA: 1:11 - loss: 1.6916 - acc: 0.3225
1536/3458 [============>.................] - ETA: 1:10 - loss: 1.6927 - acc: 0.3190
1568/3458 [============>.................] - ETA: 1:09 - loss: 1.6940 - acc: 0.3208
1600/3458 [============>.................] - ETA: 1:08 - loss: 1.6882 - acc: 0.3256
1632/3458 [=============>................] - ETA: 1:06 - loss: 1.6823 - acc: 0.3278
1664/3458 [=============>................] - ETA: 1:05 - loss: 1.6797 - acc: 0.3299
1696/3458 [=============>................] - ETA: 1:04 - loss: 1.6770 - acc: 0.3284
1728/3458 [=============>................] - ETA: 1:03 - loss: 1.6754 - acc: 0.3287
1760/3458 [==============>...............] - ETA: 1:02 - loss: 1.6729 - acc: 0.3278
1792/3458 [==============>...............] - ETA: 1:01 - loss: 1.6706 - acc: 0.3292
1824/3458 [==============>...............] - ETA: 59s - loss: 1.6693 - acc: 0.3279 
1856/3458 [===============>..............] - ETA: 58s - loss: 1.6670 - acc: 0.3292
1888/3458 [===============>..............] - ETA: 57s - loss: 1.6662 - acc: 0.3257
1920/3458 [===============>..............] - ETA: 56s - loss: 1.6643 - acc: 0.3260
1952/3458 [===============>..............] - ETA: 55s - loss: 1.6614 - acc: 0.3263
1984/3458 [================>.............] - ETA: 54s - loss: 1.6590 - acc: 0.3281
2016/3458 [================>.............] - ETA: 52s - loss: 1.6570 - acc: 0.3269
2048/3458 [================>.............] - ETA: 51s - loss: 1.6542 - acc: 0.3291
2080/3458 [=================>............] - ETA: 50s - loss: 1.6513 - acc: 0.3298
2112/3458 [=================>............] - ETA: 49s - loss: 1.6488 - acc: 0.3305
2144/3458 [=================>............] - ETA: 48s - loss: 1.6461 - acc: 0.3312
2176/3458 [=================>............] - ETA: 46s - loss: 1.6442 - acc: 0.3313
2208/3458 [==================>...........] - ETA: 45s - loss: 1.6433 - acc: 0.3324
2240/3458 [==================>...........] - ETA: 44s - loss: 1.6432 - acc: 0.3335
2272/3458 [==================>...........] - ETA: 43s - loss: 1.6406 - acc: 0.3323
2304/3458 [==================>...........] - ETA: 42s - loss: 1.6376 - acc: 0.3338
2336/3458 [===================>..........] - ETA: 41s - loss: 1.6372 - acc: 0.3343
2368/3458 [===================>..........] - ETA: 39s - loss: 1.6330 - acc: 0.3353
2400/3458 [===================>..........] - ETA: 38s - loss: 1.6309 - acc: 0.3358
2432/3458 [====================>.........] - ETA: 37s - loss: 1.6283 - acc: 0.3359
2464/3458 [====================>.........] - ETA: 36s - loss: 1.6235 - acc: 0.3389
2496/3458 [====================>.........] - ETA: 35s - loss: 1.6199 - acc: 0.3397
2528/3458 [====================>.........] - ETA: 34s - loss: 1.6194 - acc: 0.3402
2560/3458 [=====================>........] - ETA: 32s - loss: 1.6160 - acc: 0.3422
2592/3458 [=====================>........] - ETA: 31s - loss: 1.6118 - acc: 0.3438
2624/3458 [=====================>........] - ETA: 30s - loss: 1.6095 - acc: 0.3453
2656/3458 [======================>.......] - ETA: 29s - loss: 1.6076 - acc: 0.3434
2688/3458 [======================>.......] - ETA: 28s - loss: 1.6070 - acc: 0.3434
2720/3458 [======================>.......] - ETA: 27s - loss: 1.6054 - acc: 0.3445
2752/3458 [======================>.......] - ETA: 25s - loss: 1.6031 - acc: 0.3452
2784/3458 [=======================>......] - ETA: 24s - loss: 1.5993 - acc: 0.3466
2816/3458 [=======================>......] - ETA: 23s - loss: 1.5962 - acc: 0.3477
2848/3458 [=======================>......] - ETA: 22s - loss: 1.5928 - acc: 0.3487
2880/3458 [=======================>......] - ETA: 21s - loss: 1.5907 - acc: 0.3490
2912/3458 [========================>.....] - ETA: 19s - loss: 1.5880 - acc: 0.3503
2944/3458 [========================>.....] - ETA: 18s - loss: 1.5851 - acc: 0.3519
2976/3458 [========================>.....] - ETA: 17s - loss: 1.5828 - acc: 0.3522
3008/3458 [=========================>....] - ETA: 16s - loss: 1.5813 - acc: 0.3527
3040/3458 [=========================>....] - ETA: 15s - loss: 1.5789 - acc: 0.3553
3072/3458 [=========================>....] - ETA: 14s - loss: 1.5771 - acc: 0.3568
3104/3458 [=========================>....] - ETA: 12s - loss: 1.5747 - acc: 0.3560
3136/3458 [==========================>...] - ETA: 11s - loss: 1.5711 - acc: 0.3578
3168/3458 [==========================>...] - ETA: 10s - loss: 1.5659 - acc: 0.3605
3200/3458 [==========================>...] - ETA: 9s - loss: 1.5647 - acc: 0.3609 
3232/3458 [===========================>..] - ETA: 8s - loss: 1.5635 - acc: 0.3626
3264/3458 [===========================>..] - ETA: 7s - loss: 1.5593 - acc: 0.3634
3296/3458 [===========================>..] - ETA: 5s - loss: 1.5638 - acc: 0.3635
3328/3458 [===========================>..] - ETA: 4s - loss: 1.5612 - acc: 0.3654
3360/3458 [============================>.] - ETA: 3s - loss: 1.5584 - acc: 0.3667
3392/3458 [============================>.] - ETA: 2s - loss: 1.5572 - acc: 0.3656
3424/3458 [============================>.] - ETA: 1s - loss: 1.5565 - acc: 0.3665
3456/3458 [============================>.] - ETA: 0s - loss: 1.5525 - acc: 0.3689
3458/3458 [==============================] - 127s 37ms/sample - loss: 1.5521 - acc: 0.3690

 32/865 [>.............................] - ETA: 6s - loss: 1.2460 - acc: 0.5000
 64/865 [=>............................] - ETA: 6s - loss: 1.2735 - acc: 0.5312
 96/865 [==>...........................] - ETA: 6s - loss: 1.3496 - acc: 0.5104
128/865 [===>..........................] - ETA: 6s - loss: 1.3617 - acc: 0.4844
160/865 [====>.........................] - ETA: 5s - loss: 1.3324 - acc: 0.5063
192/865 [=====>........................] - ETA: 5s - loss: 1.3999 - acc: 0.5052
224/865 [======>.......................] - ETA: 5s - loss: 1.3640 - acc: 0.5089
256/865 [=======>......................] - ETA: 4s - loss: 1.3096 - acc: 0.5352
288/865 [========>.....................] - ETA: 4s - loss: 1.3309 - acc: 0.5243
320/865 [==========>...................] - ETA: 4s - loss: 1.2982 - acc: 0.5375
352/865 [===========>..................] - ETA: 4s - loss: 1.3062 - acc: 0.5369
384/865 [============>.................] - ETA: 3s - loss: 1.2850 - acc: 0.5286
416/865 [=============>................] - ETA: 3s - loss: 1.2926 - acc: 0.5312
448/865 [==============>...............] - ETA: 3s - loss: 1.3036 - acc: 0.5335
480/865 [===============>..............] - ETA: 3s - loss: 1.3210 - acc: 0.5250
512/865 [================>.............] - ETA: 2s - loss: 1.3480 - acc: 0.5078
544/865 [=================>............] - ETA: 2s - loss: 1.3532 - acc: 0.5037
576/865 [==================>...........] - ETA: 2s - loss: 1.3495 - acc: 0.4948
608/865 [====================>.........] - ETA: 2s - loss: 1.3427 - acc: 0.4967
640/865 [=====================>........] - ETA: 1s - loss: 1.3483 - acc: 0.4891
672/865 [======================>.......] - ETA: 1s - loss: 1.3375 - acc: 0.4896
704/865 [=======================>......] - ETA: 1s - loss: 1.3327 - acc: 0.4858
736/865 [========================>.....] - ETA: 1s - loss: 1.3281 - acc: 0.4851
768/865 [=========================>....] - ETA: 0s - loss: 1.3332 - acc: 0.4766
800/865 [==========================>...] - ETA: 0s - loss: 1.3249 - acc: 0.4762
832/865 [===========================>..] - ETA: 0s - loss: 1.3229 - acc: 0.4748
864/865 [============================>.] - ETA: 0s - loss: 1.3179 - acc: 0.4792
865/865 [==============================] - 7s 8ms/sample - loss: 1.3208 - acc: 0.4786

  32/3458 [..............................] - ETA: 2:04 - loss: 1.4641 - acc: 0.3750
  64/3458 [..............................] - ETA: 2:02 - loss: 1.2417 - acc: 0.4688
  96/3458 [..............................] - ETA: 2:01 - loss: 1.2802 - acc: 0.4583
 128/3458 [>.............................] - ETA: 2:01 - loss: 1.2447 - acc: 0.4531
 160/3458 [>.............................] - ETA: 1:59 - loss: 1.2331 - acc: 0.4625
 192/3458 [>.............................] - ETA: 1:59 - loss: 1.2585 - acc: 0.4792
 224/3458 [>.............................] - ETA: 1:57 - loss: 1.3071 - acc: 0.4598
 256/3458 [=>............................] - ETA: 1:56 - loss: 1.2910 - acc: 0.4688
 288/3458 [=>............................] - ETA: 1:55 - loss: 1.2730 - acc: 0.4757
 320/3458 [=>............................] - ETA: 1:54 - loss: 1.2854 - acc: 0.4656
 352/3458 [==>...........................] - ETA: 1:53 - loss: 1.2717 - acc: 0.4659
 384/3458 [==>...........................] - ETA: 1:52 - loss: 1.2572 - acc: 0.4688
 416/3458 [==>...........................] - ETA: 1:51 - loss: 1.2600 - acc: 0.4784
 448/3458 [==>...........................] - ETA: 1:49 - loss: 1.2549 - acc: 0.4777
 480/3458 [===>..........................] - ETA: 1:48 - loss: 1.2486 - acc: 0.4812
 512/3458 [===>..........................] - ETA: 1:47 - loss: 1.2367 - acc: 0.4844
 544/3458 [===>..........................] - ETA: 1:46 - loss: 1.2375 - acc: 0.4835
 576/3458 [===>..........................] - ETA: 1:45 - loss: 1.2330 - acc: 0.4844
 608/3458 [====>.........................] - ETA: 1:44 - loss: 1.2303 - acc: 0.4852
 640/3458 [====>.........................] - ETA: 1:43 - loss: 1.2468 - acc: 0.4844
 672/3458 [====>.........................] - ETA: 1:41 - loss: 1.2384 - acc: 0.4881
 704/3458 [=====>........................] - ETA: 1:40 - loss: 1.2348 - acc: 0.4858
 736/3458 [=====>........................] - ETA: 1:39 - loss: 1.2558 - acc: 0.4823
 768/3458 [=====>........................] - ETA: 1:38 - loss: 1.2741 - acc: 0.4714
 800/3458 [=====>........................] - ETA: 1:37 - loss: 1.2917 - acc: 0.4700
 832/3458 [======>.......................] - ETA: 1:36 - loss: 1.2919 - acc: 0.4688
 864/3458 [======>.......................] - ETA: 1:34 - loss: 1.2927 - acc: 0.4711
 896/3458 [======>.......................] - ETA: 1:33 - loss: 1.2975 - acc: 0.4688
 928/3458 [=======>......................] - ETA: 1:32 - loss: 1.2948 - acc: 0.4720
 960/3458 [=======>......................] - ETA: 1:31 - loss: 1.2988 - acc: 0.4698
 992/3458 [=======>......................] - ETA: 1:30 - loss: 1.3026 - acc: 0.4728
1024/3458 [=======>......................] - ETA: 1:29 - loss: 1.3085 - acc: 0.4678
1056/3458 [========>.....................] - ETA: 1:27 - loss: 1.3111 - acc: 0.4688
1088/3458 [========>.....................] - ETA: 1:26 - loss: 1.3111 - acc: 0.4660
1120/3458 [========>.....................] - ETA: 1:25 - loss: 1.3107 - acc: 0.4661
1152/3458 [========>.....................] - ETA: 1:24 - loss: 1.3102 - acc: 0.4688
1184/3458 [=========>....................] - ETA: 1:23 - loss: 1.3109 - acc: 0.4713
1216/3458 [=========>....................] - ETA: 1:21 - loss: 1.3087 - acc: 0.4720
1248/3458 [=========>....................] - ETA: 1:20 - loss: 1.3062 - acc: 0.4760
1280/3458 [==========>...................] - ETA: 1:19 - loss: 1.3085 - acc: 0.4727
1312/3458 [==========>...................] - ETA: 1:18 - loss: 1.3133 - acc: 0.4703
1344/3458 [==========>...................] - ETA: 1:17 - loss: 1.3146 - acc: 0.4710
1376/3458 [==========>...................] - ETA: 1:16 - loss: 1.3158 - acc: 0.4695
1408/3458 [===========>..................] - ETA: 1:15 - loss: 1.3172 - acc: 0.4652
1440/3458 [===========>..................] - ETA: 1:13 - loss: 1.3176 - acc: 0.4646
1472/3458 [===========>..................] - ETA: 1:12 - loss: 1.3154 - acc: 0.4654
1504/3458 [============>.................] - ETA: 1:11 - loss: 1.3120 - acc: 0.4668
1536/3458 [============>.................] - ETA: 1:10 - loss: 1.3118 - acc: 0.4635
1568/3458 [============>.................] - ETA: 1:09 - loss: 1.3108 - acc: 0.4636
1600/3458 [============>.................] - ETA: 1:08 - loss: 1.3115 - acc: 0.4644
1632/3458 [=============>................] - ETA: 1:06 - loss: 1.3114 - acc: 0.4651
1664/3458 [=============>................] - ETA: 1:05 - loss: 1.3131 - acc: 0.4621
1696/3458 [=============>................] - ETA: 1:04 - loss: 1.3124 - acc: 0.4623
1728/3458 [=============>................] - ETA: 1:03 - loss: 1.3160 - acc: 0.4612
1760/3458 [==============>...............] - ETA: 1:02 - loss: 1.3114 - acc: 0.4625
1792/3458 [==============>...............] - ETA: 1:01 - loss: 1.3066 - acc: 0.4648
1824/3458 [==============>...............] - ETA: 59s - loss: 1.3027 - acc: 0.4671 
1856/3458 [===============>..............] - ETA: 58s - loss: 1.3002 - acc: 0.4666
1888/3458 [===============>..............] - ETA: 57s - loss: 1.2979 - acc: 0.4682
1920/3458 [===============>..............] - ETA: 56s - loss: 1.2974 - acc: 0.4703
1952/3458 [===============>..............] - ETA: 55s - loss: 1.2932 - acc: 0.4728
1984/3458 [================>.............] - ETA: 53s - loss: 1.2944 - acc: 0.4733
2016/3458 [================>.............] - ETA: 52s - loss: 1.2949 - acc: 0.4727
2048/3458 [================>.............] - ETA: 51s - loss: 1.2910 - acc: 0.4731
2080/3458 [=================>............] - ETA: 50s - loss: 1.2917 - acc: 0.4726
2112/3458 [=================>............] - ETA: 49s - loss: 1.2884 - acc: 0.4735
2144/3458 [=================>............] - ETA: 48s - loss: 1.2884 - acc: 0.4748
2176/3458 [=================>............] - ETA: 46s - loss: 1.2863 - acc: 0.4756
2208/3458 [==================>...........] - ETA: 45s - loss: 1.2858 - acc: 0.4751
2240/3458 [==================>...........] - ETA: 44s - loss: 1.2823 - acc: 0.4777
2272/3458 [==================>...........] - ETA: 43s - loss: 1.2826 - acc: 0.4767
2304/3458 [==================>...........] - ETA: 42s - loss: 1.2838 - acc: 0.4761
2336/3458 [===================>..........] - ETA: 41s - loss: 1.2831 - acc: 0.4765
2368/3458 [===================>..........] - ETA: 39s - loss: 1.2844 - acc: 0.4785
2400/3458 [===================>..........] - ETA: 38s - loss: 1.2860 - acc: 0.4787
2432/3458 [====================>.........] - ETA: 37s - loss: 1.2813 - acc: 0.4807
2464/3458 [====================>.........] - ETA: 36s - loss: 1.2863 - acc: 0.4825
2496/3458 [====================>.........] - ETA: 35s - loss: 1.2915 - acc: 0.4828
2528/3458 [====================>.........] - ETA: 34s - loss: 1.2903 - acc: 0.4830
2560/3458 [=====================>........] - ETA: 32s - loss: 1.2889 - acc: 0.4832
2592/3458 [=====================>........] - ETA: 31s - loss: 1.2878 - acc: 0.4819
2624/3458 [=====================>........] - ETA: 30s - loss: 1.2878 - acc: 0.4829
2656/3458 [======================>.......] - ETA: 29s - loss: 1.2875 - acc: 0.4812
2688/3458 [======================>.......] - ETA: 28s - loss: 1.2875 - acc: 0.4814
2720/3458 [======================>.......] - ETA: 27s - loss: 1.2874 - acc: 0.4801
2752/3458 [======================>.......] - ETA: 25s - loss: 1.2858 - acc: 0.4804
2784/3458 [=======================>......] - ETA: 24s - loss: 1.2865 - acc: 0.4792
2816/3458 [=======================>......] - ETA: 23s - loss: 1.2867 - acc: 0.4794
2848/3458 [=======================>......] - ETA: 22s - loss: 1.2866 - acc: 0.4786
2880/3458 [=======================>......] - ETA: 21s - loss: 1.2876 - acc: 0.4778
2912/3458 [========================>.....] - ETA: 19s - loss: 1.2881 - acc: 0.4773
2944/3458 [========================>.....] - ETA: 18s - loss: 1.2890 - acc: 0.4779
2976/3458 [========================>.....] - ETA: 17s - loss: 1.2883 - acc: 0.4788
3008/3458 [=========================>....] - ETA: 16s - loss: 1.2884 - acc: 0.4797
3040/3458 [=========================>....] - ETA: 15s - loss: 1.2867 - acc: 0.4806
3072/3458 [=========================>....] - ETA: 14s - loss: 1.2861 - acc: 0.4814
3104/3458 [=========================>....] - ETA: 12s - loss: 1.2872 - acc: 0.4807
3136/3458 [==========================>...] - ETA: 11s - loss: 1.2877 - acc: 0.4796
3168/3458 [==========================>...] - ETA: 10s - loss: 1.2867 - acc: 0.4795
3200/3458 [==========================>...] - ETA: 9s - loss: 1.2883 - acc: 0.4781 
3232/3458 [===========================>..] - ETA: 8s - loss: 1.2886 - acc: 0.4768
3264/3458 [===========================>..] - ETA: 7s - loss: 1.2899 - acc: 0.4773
3296/3458 [===========================>..] - ETA: 5s - loss: 1.2881 - acc: 0.4797
3328/3458 [===========================>..] - ETA: 4s - loss: 1.2877 - acc: 0.4793
3360/3458 [============================>.] - ETA: 3s - loss: 1.2865 - acc: 0.4801
3392/3458 [============================>.] - ETA: 2s - loss: 1.2848 - acc: 0.4802
3424/3458 [============================>.] - ETA: 1s - loss: 1.2834 - acc: 0.4813
3456/3458 [============================>.] - ETA: 0s - loss: 1.2814 - acc: 0.4829
3458/3458 [==============================] - 127s 37ms/sample - loss: 1.2819 - acc: 0.4826

 32/865 [>.............................] - ETA: 6s - loss: 1.4437 - acc: 0.4062
 64/865 [=>............................] - ETA: 6s - loss: 1.3175 - acc: 0.4531
 96/865 [==>...........................] - ETA: 6s - loss: 1.2644 - acc: 0.4792
128/865 [===>..........................] - ETA: 5s - loss: 1.2591 - acc: 0.4766
160/865 [====>.........................] - ETA: 5s - loss: 1.2727 - acc: 0.4812
192/865 [=====>........................] - ETA: 5s - loss: 1.2705 - acc: 0.4740
224/865 [======>.......................] - ETA: 5s - loss: 1.2551 - acc: 0.4821
256/865 [=======>......................] - ETA: 4s - loss: 1.2397 - acc: 0.4883
288/865 [========>.....................] - ETA: 4s - loss: 1.2609 - acc: 0.4792
320/865 [==========>...................] - ETA: 4s - loss: 1.2488 - acc: 0.4938
352/865 [===========>..................] - ETA: 4s - loss: 1.2527 - acc: 0.5057
384/865 [============>.................] - ETA: 3s - loss: 1.2418 - acc: 0.5156
416/865 [=============>................] - ETA: 3s - loss: 1.2340 - acc: 0.5144
448/865 [==============>...............] - ETA: 3s - loss: 1.2278 - acc: 0.5156
480/865 [===============>..............] - ETA: 3s - loss: 1.2342 - acc: 0.5083
512/865 [================>.............] - ETA: 2s - loss: 1.2463 - acc: 0.5117
544/865 [=================>............] - ETA: 2s - loss: 1.2404 - acc: 0.5110
576/865 [==================>...........] - ETA: 2s - loss: 1.2333 - acc: 0.5087
608/865 [====================>.........] - ETA: 2s - loss: 1.2267 - acc: 0.5099
640/865 [=====================>........] - ETA: 1s - loss: 1.2271 - acc: 0.5078
672/865 [======================>.......] - ETA: 1s - loss: 1.2226 - acc: 0.5149
704/865 [=======================>......] - ETA: 1s - loss: 1.2295 - acc: 0.5114
736/865 [========================>.....] - ETA: 1s - loss: 1.2314 - acc: 0.5068
768/865 [=========================>....] - ETA: 0s - loss: 1.2339 - acc: 0.5091
800/865 [==========================>...] - ETA: 0s - loss: 1.2340 - acc: 0.5125
832/865 [===========================>..] - ETA: 0s - loss: 1.2289 - acc: 0.5120
864/865 [============================>.] - ETA: 0s - loss: 1.2319 - acc: 0.5139
865/865 [==============================] - 7s 8ms/sample - loss: 1.2326 - acc: 0.5133

  32/3458 [..............................] - ETA: 2:02 - loss: 1.1529 - acc: 0.6562
  64/3458 [..............................] - ETA: 2:03 - loss: 1.3027 - acc: 0.5938
  96/3458 [..............................] - ETA: 2:01 - loss: 1.2684 - acc: 0.5729
 128/3458 [>.............................] - ETA: 2:01 - loss: 1.2531 - acc: 0.5703
 160/3458 [>.............................] - ETA: 2:00 - loss: 1.2468 - acc: 0.5562
 192/3458 [>.............................] - ETA: 1:59 - loss: 1.2659 - acc: 0.5312
 224/3458 [>.............................] - ETA: 1:58 - loss: 1.2562 - acc: 0.5268
 256/3458 [=>............................] - ETA: 1:57 - loss: 1.2565 - acc: 0.5195
 288/3458 [=>............................] - ETA: 1:55 - loss: 1.2603 - acc: 0.5174
 320/3458 [=>............................] - ETA: 1:54 - loss: 1.2548 - acc: 0.5125
 352/3458 [==>...........................] - ETA: 1:53 - loss: 1.2579 - acc: 0.5057
 384/3458 [==>...........................] - ETA: 1:52 - loss: 1.2517 - acc: 0.5052
 416/3458 [==>...........................] - ETA: 1:51 - loss: 1.2442 - acc: 0.5096
 448/3458 [==>...........................] - ETA: 1:50 - loss: 1.2307 - acc: 0.5156
 480/3458 [===>..........................] - ETA: 1:48 - loss: 1.2090 - acc: 0.5271
 512/3458 [===>..........................] - ETA: 1:47 - loss: 1.2156 - acc: 0.5254
 544/3458 [===>..........................] - ETA: 1:46 - loss: 1.2089 - acc: 0.5239
 576/3458 [===>..........................] - ETA: 1:45 - loss: 1.2032 - acc: 0.5243
 608/3458 [====>.........................] - ETA: 1:44 - loss: 1.1961 - acc: 0.5247
 640/3458 [====>.........................] - ETA: 1:43 - loss: 1.2030 - acc: 0.5188
 672/3458 [====>.........................] - ETA: 1:41 - loss: 1.2025 - acc: 0.5134
 704/3458 [=====>........................] - ETA: 1:40 - loss: 1.1980 - acc: 0.5128
 736/3458 [=====>........................] - ETA: 1:39 - loss: 1.1864 - acc: 0.5177
 768/3458 [=====>........................] - ETA: 1:38 - loss: 1.1812 - acc: 0.5169
 800/3458 [=====>........................] - ETA: 1:37 - loss: 1.1774 - acc: 0.5175
 832/3458 [======>.......................] - ETA: 1:36 - loss: 1.1828 - acc: 0.5108
 864/3458 [======>.......................] - ETA: 1:35 - loss: 1.1838 - acc: 0.5162
 896/3458 [======>.......................] - ETA: 1:33 - loss: 1.1964 - acc: 0.5179
 928/3458 [=======>......................] - ETA: 1:32 - loss: 1.2042 - acc: 0.5194
 960/3458 [=======>......................] - ETA: 1:31 - loss: 1.1944 - acc: 0.5240
 992/3458 [=======>......................] - ETA: 1:30 - loss: 1.1946 - acc: 0.5232
1024/3458 [=======>......................] - ETA: 1:29 - loss: 1.1967 - acc: 0.5186
1056/3458 [========>.....................] - ETA: 1:28 - loss: 1.1919 - acc: 0.5218
1088/3458 [========>.....................] - ETA: 1:26 - loss: 1.1908 - acc: 0.5221
1120/3458 [========>.....................] - ETA: 1:25 - loss: 1.1931 - acc: 0.5205
1152/3458 [========>.....................] - ETA: 1:24 - loss: 1.1952 - acc: 0.5217
1184/3458 [=========>....................] - ETA: 1:23 - loss: 1.1962 - acc: 0.5211
1216/3458 [=========>....................] - ETA: 1:22 - loss: 1.1991 - acc: 0.5148
1248/3458 [=========>....................] - ETA: 1:21 - loss: 1.2005 - acc: 0.5136
1280/3458 [==========>...................] - ETA: 1:19 - loss: 1.1964 - acc: 0.5164
1312/3458 [==========>...................] - ETA: 1:18 - loss: 1.1940 - acc: 0.5175
1344/3458 [==========>...................] - ETA: 1:17 - loss: 1.1900 - acc: 0.5216
1376/3458 [==========>...................] - ETA: 1:16 - loss: 1.1868 - acc: 0.5218
1408/3458 [===========>..................] - ETA: 1:15 - loss: 1.1797 - acc: 0.5241
1440/3458 [===========>..................] - ETA: 1:14 - loss: 1.1811 - acc: 0.5243
1472/3458 [===========>..................] - ETA: 1:12 - loss: 1.1795 - acc: 0.5245
1504/3458 [============>.................] - ETA: 1:11 - loss: 1.1806 - acc: 0.5246
1536/3458 [============>.................] - ETA: 1:10 - loss: 1.1907 - acc: 0.5234
1568/3458 [============>.................] - ETA: 1:09 - loss: 1.1885 - acc: 0.5249
1600/3458 [============>.................] - ETA: 1:08 - loss: 1.1908 - acc: 0.5244
1632/3458 [=============>................] - ETA: 1:06 - loss: 1.1931 - acc: 0.5245
1664/3458 [=============>................] - ETA: 1:05 - loss: 1.1976 - acc: 0.5240
1696/3458 [=============>................] - ETA: 1:04 - loss: 1.2000 - acc: 0.5242
1728/3458 [=============>................] - ETA: 1:03 - loss: 1.1992 - acc: 0.5231
1760/3458 [==============>...............] - ETA: 1:02 - loss: 1.1919 - acc: 0.5278
1792/3458 [==============>...............] - ETA: 1:01 - loss: 1.1912 - acc: 0.5279
1824/3458 [==============>...............] - ETA: 59s - loss: 1.1928 - acc: 0.5296 
1856/3458 [===============>..............] - ETA: 58s - loss: 1.1925 - acc: 0.5312
1888/3458 [===============>..............] - ETA: 57s - loss: 1.1924 - acc: 0.5302
1920/3458 [===============>..............] - ETA: 56s - loss: 1.1963 - acc: 0.5281
1952/3458 [===============>..............] - ETA: 55s - loss: 1.1949 - acc: 0.5297
1984/3458 [================>.............] - ETA: 54s - loss: 1.1935 - acc: 0.5297
2016/3458 [================>.............] - ETA: 52s - loss: 1.1922 - acc: 0.5312
2048/3458 [================>.............] - ETA: 51s - loss: 1.1914 - acc: 0.5312
2080/3458 [=================>............] - ETA: 50s - loss: 1.1888 - acc: 0.5337
2112/3458 [=================>............] - ETA: 49s - loss: 1.1909 - acc: 0.5322
2144/3458 [=================>............] - ETA: 48s - loss: 1.1894 - acc: 0.5326
2176/3458 [=================>............] - ETA: 46s - loss: 1.1902 - acc: 0.5312
2208/3458 [==================>...........] - ETA: 45s - loss: 1.1869 - acc: 0.5322
2240/3458 [==================>...........] - ETA: 44s - loss: 1.1876 - acc: 0.5317
2272/3458 [==================>...........] - ETA: 43s - loss: 1.1868 - acc: 0.5317
2304/3458 [==================>...........] - ETA: 42s - loss: 1.1857 - acc: 0.5317
2336/3458 [===================>..........] - ETA: 41s - loss: 1.1854 - acc: 0.5321
2368/3458 [===================>..........] - ETA: 39s - loss: 1.1858 - acc: 0.5317
2400/3458 [===================>..........] - ETA: 38s - loss: 1.1913 - acc: 0.5292
2432/3458 [====================>.........] - ETA: 37s - loss: 1.1930 - acc: 0.5280
2464/3458 [====================>.........] - ETA: 36s - loss: 1.1903 - acc: 0.5280
2496/3458 [====================>.........] - ETA: 35s - loss: 1.1937 - acc: 0.5272
2528/3458 [====================>.........] - ETA: 34s - loss: 1.1941 - acc: 0.5289
2560/3458 [=====================>........] - ETA: 32s - loss: 1.1928 - acc: 0.5285
2592/3458 [=====================>........] - ETA: 31s - loss: 1.1932 - acc: 0.5289
2624/3458 [=====================>........] - ETA: 30s - loss: 1.1913 - acc: 0.5290
2656/3458 [======================>.......] - ETA: 29s - loss: 1.1902 - acc: 0.5305
2688/3458 [======================>.......] - ETA: 28s - loss: 1.1917 - acc: 0.5286
2720/3458 [======================>.......] - ETA: 27s - loss: 1.1901 - acc: 0.5287
2752/3458 [======================>.......] - ETA: 25s - loss: 1.1904 - acc: 0.5287
2784/3458 [=======================>......] - ETA: 24s - loss: 1.1886 - acc: 0.5295
2816/3458 [=======================>......] - ETA: 23s - loss: 1.1851 - acc: 0.5302
2848/3458 [=======================>......] - ETA: 22s - loss: 1.1836 - acc: 0.5298
2880/3458 [=======================>......] - ETA: 21s - loss: 1.1847 - acc: 0.5299
2912/3458 [========================>.....] - ETA: 19s - loss: 1.1820 - acc: 0.5323
2944/3458 [========================>.....] - ETA: 18s - loss: 1.1810 - acc: 0.5333
2976/3458 [========================>.....] - ETA: 17s - loss: 1.1784 - acc: 0.5349
3008/3458 [=========================>....] - ETA: 16s - loss: 1.1779 - acc: 0.5359
3040/3458 [=========================>....] - ETA: 15s - loss: 1.1763 - acc: 0.5368
3072/3458 [=========================>....] - ETA: 14s - loss: 1.1740 - acc: 0.5378
3104/3458 [=========================>....] - ETA: 12s - loss: 1.1730 - acc: 0.5380
3136/3458 [==========================>...] - ETA: 11s - loss: 1.1739 - acc: 0.5373
3168/3458 [==========================>...] - ETA: 10s - loss: 1.1742 - acc: 0.5366
3200/3458 [==========================>...] - ETA: 9s - loss: 1.1733 - acc: 0.5362 
3232/3458 [===========================>..] - ETA: 8s - loss: 1.1715 - acc: 0.5374
3264/3458 [===========================>..] - ETA: 7s - loss: 1.1719 - acc: 0.5371
3296/3458 [===========================>..] - ETA: 5s - loss: 1.1709 - acc: 0.5388
3328/3458 [===========================>..] - ETA: 4s - loss: 1.1729 - acc: 0.5379
3360/3458 [============================>.] - ETA: 3s - loss: 1.1723 - acc: 0.5378
3392/3458 [============================>.] - ETA: 2s - loss: 1.1739 - acc: 0.5369
3424/3458 [============================>.] - ETA: 1s - loss: 1.1707 - acc: 0.5383
3456/3458 [============================>.] - ETA: 0s - loss: 1.1717 - acc: 0.5379
3458/3458 [==============================] - 127s 37ms/sample - loss: 1.1716 - acc: 0.5379

 32/865 [>.............................] - ETA: 6s - loss: 1.3236 - acc: 0.3438
 64/865 [=>............................] - ETA: 6s - loss: 1.2366 - acc: 0.4219
 96/865 [==>...........................] - ETA: 6s - loss: 1.1840 - acc: 0.4583
128/865 [===>..........................] - ETA: 5s - loss: 1.1873 - acc: 0.4844
160/865 [====>.........................] - ETA: 5s - loss: 1.1955 - acc: 0.4875
192/865 [=====>........................] - ETA: 5s - loss: 1.2289 - acc: 0.4792
224/865 [======>.......................] - ETA: 5s - loss: 1.1957 - acc: 0.4911
256/865 [=======>......................] - ETA: 4s - loss: 1.1870 - acc: 0.4844
288/865 [========>.....................] - ETA: 4s - loss: 1.2122 - acc: 0.4792
320/865 [==========>...................] - ETA: 4s - loss: 1.1990 - acc: 0.4969
352/865 [===========>..................] - ETA: 4s - loss: 1.2060 - acc: 0.5028
384/865 [============>.................] - ETA: 3s - loss: 1.1869 - acc: 0.5104
416/865 [=============>................] - ETA: 3s - loss: 1.1722 - acc: 0.5264
448/865 [==============>...............] - ETA: 3s - loss: 1.1667 - acc: 0.5246
480/865 [===============>..............] - ETA: 3s - loss: 1.1723 - acc: 0.5083
512/865 [================>.............] - ETA: 2s - loss: 1.1918 - acc: 0.5098
544/865 [=================>............] - ETA: 2s - loss: 1.1772 - acc: 0.5221
576/865 [==================>...........] - ETA: 2s - loss: 1.1624 - acc: 0.5278
608/865 [====================>.........] - ETA: 2s - loss: 1.1474 - acc: 0.5345
640/865 [=====================>........] - ETA: 1s - loss: 1.1423 - acc: 0.5375
672/865 [======================>.......] - ETA: 1s - loss: 1.1351 - acc: 0.5432
704/865 [=======================>......] - ETA: 1s - loss: 1.1414 - acc: 0.5426
736/865 [========================>.....] - ETA: 1s - loss: 1.1415 - acc: 0.5435
768/865 [=========================>....] - ETA: 0s - loss: 1.1458 - acc: 0.5456
800/865 [==========================>...] - ETA: 0s - loss: 1.1485 - acc: 0.5487
832/865 [===========================>..] - ETA: 0s - loss: 1.1410 - acc: 0.5493
864/865 [============================>.] - ETA: 0s - loss: 1.1431 - acc: 0.5475
865/865 [==============================] - 7s 8ms/sample - loss: 1.1441 - acc: 0.5468

  32/3458 [..............................] - ETA: 2:05 - loss: 0.9934 - acc: 0.5312
  64/3458 [..............................] - ETA: 2:04 - loss: 0.9999 - acc: 0.5938
  96/3458 [..............................] - ETA: 2:03 - loss: 0.9963 - acc: 0.6250
 128/3458 [>.............................] - ETA: 2:02 - loss: 0.9982 - acc: 0.6328
 160/3458 [>.............................] - ETA: 2:01 - loss: 1.0209 - acc: 0.6313
 192/3458 [>.............................] - ETA: 2:00 - loss: 1.0454 - acc: 0.5938
 224/3458 [>.............................] - ETA: 1:58 - loss: 1.0386 - acc: 0.6071
 256/3458 [=>............................] - ETA: 1:57 - loss: 1.0054 - acc: 0.6211
 288/3458 [=>............................] - ETA: 1:56 - loss: 1.0086 - acc: 0.6146
 320/3458 [=>............................] - ETA: 1:55 - loss: 1.0001 - acc: 0.6187
 352/3458 [==>...........................] - ETA: 1:53 - loss: 0.9903 - acc: 0.6193
 384/3458 [==>...........................] - ETA: 1:52 - loss: 0.9861 - acc: 0.6172
 416/3458 [==>...........................] - ETA: 1:51 - loss: 0.9791 - acc: 0.6250
 448/3458 [==>...........................] - ETA: 1:50 - loss: 0.9870 - acc: 0.6250
 480/3458 [===>..........................] - ETA: 1:49 - loss: 0.9836 - acc: 0.6271
 512/3458 [===>..........................] - ETA: 1:47 - loss: 0.9968 - acc: 0.6230
 544/3458 [===>..........................] - ETA: 1:46 - loss: 0.9962 - acc: 0.6176
 576/3458 [===>..........................] - ETA: 1:45 - loss: 1.0061 - acc: 0.6181
 608/3458 [====>.........................] - ETA: 1:44 - loss: 1.0044 - acc: 0.6184
 640/3458 [====>.........................] - ETA: 1:43 - loss: 1.0288 - acc: 0.6203
 672/3458 [====>.........................] - ETA: 1:42 - loss: 1.0182 - acc: 0.6220
 704/3458 [=====>........................] - ETA: 1:40 - loss: 1.0205 - acc: 0.6236
 736/3458 [=====>........................] - ETA: 1:39 - loss: 1.0120 - acc: 0.6264
 768/3458 [=====>........................] - ETA: 1:38 - loss: 1.0091 - acc: 0.6263
 800/3458 [=====>........................] - ETA: 1:37 - loss: 1.0104 - acc: 0.6237
 832/3458 [======>.......................] - ETA: 1:36 - loss: 1.0130 - acc: 0.6214
 864/3458 [======>.......................] - ETA: 1:35 - loss: 1.0106 - acc: 0.6250
 896/3458 [======>.......................] - ETA: 1:33 - loss: 1.0064 - acc: 0.6261
 928/3458 [=======>......................] - ETA: 1:32 - loss: 1.0059 - acc: 0.6261
 960/3458 [=======>......................] - ETA: 1:31 - loss: 1.0010 - acc: 0.6281
 992/3458 [=======>......................] - ETA: 1:30 - loss: 1.0017 - acc: 0.6260
1024/3458 [=======>......................] - ETA: 1:29 - loss: 1.0083 - acc: 0.6221
1056/3458 [========>.....................] - ETA: 1:27 - loss: 1.0038 - acc: 0.6222
1088/3458 [========>.....................] - ETA: 1:26 - loss: 1.0031 - acc: 0.6204
1120/3458 [========>.....................] - ETA: 1:25 - loss: 1.0078 - acc: 0.6170
1152/3458 [========>.....................] - ETA: 1:24 - loss: 1.0174 - acc: 0.6146
1184/3458 [=========>....................] - ETA: 1:23 - loss: 1.0216 - acc: 0.6123
1216/3458 [=========>....................] - ETA: 1:22 - loss: 1.0245 - acc: 0.6086
1248/3458 [=========>....................] - ETA: 1:21 - loss: 1.0228 - acc: 0.6082
1280/3458 [==========>...................] - ETA: 1:19 - loss: 1.0243 - acc: 0.6086
1312/3458 [==========>...................] - ETA: 1:18 - loss: 1.0286 - acc: 0.6075
1344/3458 [==========>...................] - ETA: 1:17 - loss: 1.0264 - acc: 0.6071
1376/3458 [==========>...................] - ETA: 1:16 - loss: 1.0257 - acc: 0.6097
1408/3458 [===========>..................] - ETA: 1:15 - loss: 1.0234 - acc: 0.6108
1440/3458 [===========>..................] - ETA: 1:14 - loss: 1.0263 - acc: 0.6083
1472/3458 [===========>..................] - ETA: 1:12 - loss: 1.0295 - acc: 0.6060
1504/3458 [============>.................] - ETA: 1:11 - loss: 1.0325 - acc: 0.6051
1536/3458 [============>.................] - ETA: 1:10 - loss: 1.0311 - acc: 0.6048
1568/3458 [============>.................] - ETA: 1:09 - loss: 1.0292 - acc: 0.6046
1600/3458 [============>.................] - ETA: 1:08 - loss: 1.0263 - acc: 0.6075
1632/3458 [=============>................] - ETA: 1:06 - loss: 1.0251 - acc: 0.6097
1664/3458 [=============>................] - ETA: 1:05 - loss: 1.0296 - acc: 0.6082
1696/3458 [=============>................] - ETA: 1:04 - loss: 1.0301 - acc: 0.6085
1728/3458 [=============>................] - ETA: 1:03 - loss: 1.0289 - acc: 0.6088
1760/3458 [==============>...............] - ETA: 1:02 - loss: 1.0284 - acc: 0.6091
1792/3458 [==============>...............] - ETA: 1:01 - loss: 1.0307 - acc: 0.6083
1824/3458 [==============>...............] - ETA: 59s - loss: 1.0306 - acc: 0.6086 
1856/3458 [===============>..............] - ETA: 58s - loss: 1.0347 - acc: 0.6067
1888/3458 [===============>..............] - ETA: 57s - loss: 1.0321 - acc: 0.6091
1920/3458 [===============>..............] - ETA: 56s - loss: 1.0342 - acc: 0.6078
1952/3458 [===============>..............] - ETA: 55s - loss: 1.0325 - acc: 0.6086
1984/3458 [================>.............] - ETA: 54s - loss: 1.0357 - acc: 0.6079
2016/3458 [================>.............] - ETA: 52s - loss: 1.0319 - acc: 0.6106
2048/3458 [================>.............] - ETA: 51s - loss: 1.0309 - acc: 0.6104
2080/3458 [=================>............] - ETA: 50s - loss: 1.0299 - acc: 0.6101
2112/3458 [=================>............] - ETA: 49s - loss: 1.0249 - acc: 0.6136
2144/3458 [=================>............] - ETA: 48s - loss: 1.0239 - acc: 0.6138
2176/3458 [=================>............] - ETA: 47s - loss: 1.0230 - acc: 0.6140
2208/3458 [==================>...........] - ETA: 45s - loss: 1.0220 - acc: 0.6137
2240/3458 [==================>...........] - ETA: 44s - loss: 1.0210 - acc: 0.6134
2272/3458 [==================>...........] - ETA: 43s - loss: 1.0171 - acc: 0.6144
2304/3458 [==================>...........] - ETA: 42s - loss: 1.0183 - acc: 0.6137
2336/3458 [===================>..........] - ETA: 41s - loss: 1.0239 - acc: 0.6117
2368/3458 [===================>..........] - ETA: 39s - loss: 1.0214 - acc: 0.6132
2400/3458 [===================>..........] - ETA: 38s - loss: 1.0205 - acc: 0.6137
2432/3458 [====================>.........] - ETA: 37s - loss: 1.0206 - acc: 0.6135
2464/3458 [====================>.........] - ETA: 36s - loss: 1.0200 - acc: 0.6140
2496/3458 [====================>.........] - ETA: 35s - loss: 1.0191 - acc: 0.6134
2528/3458 [====================>.........] - ETA: 34s - loss: 1.0171 - acc: 0.6139
2560/3458 [=====================>........] - ETA: 32s - loss: 1.0170 - acc: 0.6145
2592/3458 [=====================>........] - ETA: 31s - loss: 1.0182 - acc: 0.6134
2624/3458 [=====================>........] - ETA: 30s - loss: 1.0177 - acc: 0.6120
2656/3458 [======================>.......] - ETA: 29s - loss: 1.0184 - acc: 0.6126
2688/3458 [======================>.......] - ETA: 28s - loss: 1.0181 - acc: 0.6131
2720/3458 [======================>.......] - ETA: 27s - loss: 1.0158 - acc: 0.6143
2752/3458 [======================>.......] - ETA: 25s - loss: 1.0150 - acc: 0.6152
2784/3458 [=======================>......] - ETA: 24s - loss: 1.0153 - acc: 0.6153
2816/3458 [=======================>......] - ETA: 23s - loss: 1.0154 - acc: 0.6147
2848/3458 [=======================>......] - ETA: 22s - loss: 1.0123 - acc: 0.6169
2880/3458 [=======================>......] - ETA: 21s - loss: 1.0114 - acc: 0.6160
2912/3458 [========================>.....] - ETA: 20s - loss: 1.0096 - acc: 0.6168
2944/3458 [========================>.....] - ETA: 18s - loss: 1.0091 - acc: 0.6165
2976/3458 [========================>.....] - ETA: 17s - loss: 1.0075 - acc: 0.6173
3008/3458 [=========================>....] - ETA: 16s - loss: 1.0064 - acc: 0.6184
3040/3458 [=========================>....] - ETA: 15s - loss: 1.0065 - acc: 0.6181
3072/3458 [=========================>....] - ETA: 14s - loss: 1.0053 - acc: 0.6195
3104/3458 [=========================>....] - ETA: 12s - loss: 1.0050 - acc: 0.6189
3136/3458 [==========================>...] - ETA: 11s - loss: 1.0052 - acc: 0.6189
3168/3458 [==========================>...] - ETA: 10s - loss: 1.0060 - acc: 0.6177
3200/3458 [==========================>...] - ETA: 9s - loss: 1.0042 - acc: 0.6181 
3232/3458 [===========================>..] - ETA: 8s - loss: 1.0053 - acc: 0.6182
3264/3458 [===========================>..] - ETA: 7s - loss: 1.0077 - acc: 0.6180
3296/3458 [===========================>..] - ETA: 5s - loss: 1.0061 - acc: 0.6186
3328/3458 [===========================>..] - ETA: 4s - loss: 1.0087 - acc: 0.6190
3360/3458 [============================>.] - ETA: 3s - loss: 1.0069 - acc: 0.6193
3392/3458 [============================>.] - ETA: 2s - loss: 1.0056 - acc: 0.6191
3424/3458 [============================>.] - ETA: 1s - loss: 1.0083 - acc: 0.6186
3456/3458 [============================>.] - ETA: 0s - loss: 1.0105 - acc: 0.6183
3458/3458 [==============================] - 127s 37ms/sample - loss: 1.0102 - acc: 0.6186

 32/865 [>.............................] - ETA: 6s - loss: 1.2058 - acc: 0.5938
 64/865 [=>............................] - ETA: 6s - loss: 1.0613 - acc: 0.6094
 96/865 [==>...........................] - ETA: 6s - loss: 1.1113 - acc: 0.5417
128/865 [===>..........................] - ETA: 5s - loss: 1.1839 - acc: 0.5156
160/865 [====>.........................] - ETA: 5s - loss: 1.1819 - acc: 0.5250
192/865 [=====>........................] - ETA: 5s - loss: 1.2296 - acc: 0.5260
224/865 [======>.......................] - ETA: 5s - loss: 1.2030 - acc: 0.5402
256/865 [=======>......................] - ETA: 4s - loss: 1.1443 - acc: 0.5508
288/865 [========>.....................] - ETA: 4s - loss: 1.1927 - acc: 0.5486
320/865 [==========>...................] - ETA: 4s - loss: 1.1708 - acc: 0.5562
352/865 [===========>..................] - ETA: 4s - loss: 1.1883 - acc: 0.5568
384/865 [============>.................] - ETA: 3s - loss: 1.1649 - acc: 0.5573
416/865 [=============>................] - ETA: 3s - loss: 1.1448 - acc: 0.5649
448/865 [==============>...............] - ETA: 3s - loss: 1.1325 - acc: 0.5670
480/865 [===============>..............] - ETA: 3s - loss: 1.1306 - acc: 0.5604
512/865 [================>.............] - ETA: 2s - loss: 1.1695 - acc: 0.5449
544/865 [=================>............] - ETA: 2s - loss: 1.1629 - acc: 0.5478
576/865 [==================>...........] - ETA: 2s - loss: 1.1457 - acc: 0.5556
608/865 [====================>.........] - ETA: 2s - loss: 1.1349 - acc: 0.5592
640/865 [=====================>........] - ETA: 1s - loss: 1.1253 - acc: 0.5641
672/865 [======================>.......] - ETA: 1s - loss: 1.1214 - acc: 0.5685
704/865 [=======================>......] - ETA: 1s - loss: 1.1208 - acc: 0.5639
736/865 [========================>.....] - ETA: 1s - loss: 1.1163 - acc: 0.5639
768/865 [=========================>....] - ETA: 0s - loss: 1.1258 - acc: 0.5664
800/865 [==========================>...] - ETA: 0s - loss: 1.1326 - acc: 0.5663
832/865 [===========================>..] - ETA: 0s - loss: 1.1253 - acc: 0.5685
864/865 [============================>.] - ETA: 0s - loss: 1.1287 - acc: 0.5671
865/865 [==============================] - 7s 8ms/sample - loss: 1.1317 - acc: 0.5665

  32/3458 [..............................] - ETA: 2:04 - loss: 1.2226 - acc: 0.6562
  64/3458 [..............................] - ETA: 2:03 - loss: 0.8716 - acc: 0.7500
  96/3458 [..............................] - ETA: 2:02 - loss: 0.8069 - acc: 0.7292
 128/3458 [>.............................] - ETA: 2:00 - loss: 0.8224 - acc: 0.7188
 160/3458 [>.............................] - ETA: 1:59 - loss: 0.8319 - acc: 0.7500
 192/3458 [>.............................] - ETA: 1:59 - loss: 0.8211 - acc: 0.7344
 224/3458 [>.............................] - ETA: 1:57 - loss: 0.8147 - acc: 0.7366
 256/3458 [=>............................] - ETA: 1:56 - loss: 0.7837 - acc: 0.7617
 288/3458 [=>............................] - ETA: 1:55 - loss: 0.8026 - acc: 0.7431
 320/3458 [=>............................] - ETA: 1:54 - loss: 0.8129 - acc: 0.7344
 352/3458 [==>...........................] - ETA: 1:53 - loss: 0.8235 - acc: 0.7216
 384/3458 [==>...........................] - ETA: 1:51 - loss: 0.8127 - acc: 0.7292
 416/3458 [==>...........................] - ETA: 1:50 - loss: 0.8286 - acc: 0.7163
 448/3458 [==>...........................] - ETA: 1:49 - loss: 0.8326 - acc: 0.7031
 480/3458 [===>..........................] - ETA: 1:48 - loss: 0.8365 - acc: 0.6958
 512/3458 [===>..........................] - ETA: 1:47 - loss: 0.8383 - acc: 0.6934
 544/3458 [===>..........................] - ETA: 1:46 - loss: 0.8433 - acc: 0.6857
 576/3458 [===>..........................] - ETA: 1:45 - loss: 0.8400 - acc: 0.6910
 608/3458 [====>.........................] - ETA: 1:44 - loss: 0.8507 - acc: 0.6908
 640/3458 [====>.........................] - ETA: 1:42 - loss: 0.8416 - acc: 0.6953
 672/3458 [====>.........................] - ETA: 1:41 - loss: 0.8284 - acc: 0.6979
 704/3458 [=====>........................] - ETA: 1:40 - loss: 0.8309 - acc: 0.6960
 736/3458 [=====>........................] - ETA: 1:39 - loss: 0.8498 - acc: 0.6929
 768/3458 [=====>........................] - ETA: 1:38 - loss: 0.8500 - acc: 0.6927
 800/3458 [=====>........................] - ETA: 1:37 - loss: 0.8430 - acc: 0.6963
 832/3458 [======>.......................] - ETA: 1:36 - loss: 0.8451 - acc: 0.6947
 864/3458 [======>.......................] - ETA: 1:34 - loss: 0.8561 - acc: 0.6910
 896/3458 [======>.......................] - ETA: 1:33 - loss: 0.8523 - acc: 0.6908
 928/3458 [=======>......................] - ETA: 1:32 - loss: 0.8482 - acc: 0.6918
 960/3458 [=======>......................] - ETA: 1:31 - loss: 0.8558 - acc: 0.6906
 992/3458 [=======>......................] - ETA: 1:30 - loss: 0.8665 - acc: 0.6865
1024/3458 [=======>......................] - ETA: 1:29 - loss: 0.8545 - acc: 0.6924
1056/3458 [========>.....................] - ETA: 1:27 - loss: 0.8481 - acc: 0.6922
1088/3458 [========>.....................] - ETA: 1:26 - loss: 0.8442 - acc: 0.6939
1120/3458 [========>.....................] - ETA: 1:25 - loss: 0.8441 - acc: 0.6955
1152/3458 [========>.....................] - ETA: 1:24 - loss: 0.8461 - acc: 0.6962
1184/3458 [=========>....................] - ETA: 1:23 - loss: 0.8498 - acc: 0.6959
1216/3458 [=========>....................] - ETA: 1:22 - loss: 0.8458 - acc: 0.6982
1248/3458 [=========>....................] - ETA: 1:20 - loss: 0.8411 - acc: 0.6995
1280/3458 [==========>...................] - ETA: 1:19 - loss: 0.8431 - acc: 0.6969
1312/3458 [==========>...................] - ETA: 1:18 - loss: 0.8451 - acc: 0.6951
1344/3458 [==========>...................] - ETA: 1:17 - loss: 0.8454 - acc: 0.6942
1376/3458 [==========>...................] - ETA: 1:16 - loss: 0.8507 - acc: 0.6969
1408/3458 [===========>..................] - ETA: 1:14 - loss: 0.8448 - acc: 0.6996
1440/3458 [===========>..................] - ETA: 1:13 - loss: 0.8471 - acc: 0.6993
1472/3458 [===========>..................] - ETA: 1:12 - loss: 0.8465 - acc: 0.6990
1504/3458 [============>.................] - ETA: 1:11 - loss: 0.8456 - acc: 0.6988
1536/3458 [============>.................] - ETA: 1:10 - loss: 0.8506 - acc: 0.6979
1568/3458 [============>.................] - ETA: 1:09 - loss: 0.8478 - acc: 0.6983
1600/3458 [============>.................] - ETA: 1:07 - loss: 0.8476 - acc: 0.6975
1632/3458 [=============>................] - ETA: 1:06 - loss: 0.8477 - acc: 0.6979
1664/3458 [=============>................] - ETA: 1:05 - loss: 0.8426 - acc: 0.7013
1696/3458 [=============>................] - ETA: 1:04 - loss: 0.8387 - acc: 0.7022
1728/3458 [=============>................] - ETA: 1:03 - loss: 0.8379 - acc: 0.7014
1760/3458 [==============>...............] - ETA: 1:02 - loss: 0.8380 - acc: 0.7034
1792/3458 [==============>...............] - ETA: 1:00 - loss: 0.8404 - acc: 0.7020
1824/3458 [==============>...............] - ETA: 59s - loss: 0.8384 - acc: 0.7034 
1856/3458 [===============>..............] - ETA: 58s - loss: 0.8368 - acc: 0.7047
1888/3458 [===============>..............] - ETA: 57s - loss: 0.8374 - acc: 0.7055
1920/3458 [===============>..............] - ETA: 56s - loss: 0.8372 - acc: 0.7047
1952/3458 [===============>..............] - ETA: 55s - loss: 0.8353 - acc: 0.7049
1984/3458 [================>.............] - ETA: 53s - loss: 0.8356 - acc: 0.7051
2016/3458 [================>.............] - ETA: 52s - loss: 0.8420 - acc: 0.7039
2048/3458 [================>.............] - ETA: 51s - loss: 0.8411 - acc: 0.7026
2080/3458 [=================>............] - ETA: 50s - loss: 0.8401 - acc: 0.7029
2112/3458 [=================>............] - ETA: 49s - loss: 0.8387 - acc: 0.7031
2144/3458 [=================>............] - ETA: 48s - loss: 0.8355 - acc: 0.7043
2176/3458 [=================>............] - ETA: 46s - loss: 0.8369 - acc: 0.7040
2208/3458 [==================>...........] - ETA: 45s - loss: 0.8398 - acc: 0.7020
2240/3458 [==================>...........] - ETA: 44s - loss: 0.8373 - acc: 0.7027
2272/3458 [==================>...........] - ETA: 43s - loss: 0.8327 - acc: 0.7042
2304/3458 [==================>...........] - ETA: 42s - loss: 0.8307 - acc: 0.7044
2336/3458 [===================>..........] - ETA: 41s - loss: 0.8372 - acc: 0.7016
2368/3458 [===================>..........] - ETA: 39s - loss: 0.8391 - acc: 0.7002
2400/3458 [===================>..........] - ETA: 38s - loss: 0.8367 - acc: 0.7008
2432/3458 [====================>.........] - ETA: 37s - loss: 0.8384 - acc: 0.6990
2464/3458 [====================>.........] - ETA: 36s - loss: 0.8377 - acc: 0.6985
2496/3458 [====================>.........] - ETA: 35s - loss: 0.8425 - acc: 0.6971
2528/3458 [====================>.........] - ETA: 34s - loss: 0.8408 - acc: 0.6970
2560/3458 [=====================>........] - ETA: 32s - loss: 0.8379 - acc: 0.6977
2592/3458 [=====================>........] - ETA: 31s - loss: 0.8380 - acc: 0.6968
2624/3458 [=====================>........] - ETA: 30s - loss: 0.8374 - acc: 0.6974
2656/3458 [======================>.......] - ETA: 29s - loss: 0.8381 - acc: 0.6977
2688/3458 [======================>.......] - ETA: 28s - loss: 0.8369 - acc: 0.6987
2720/3458 [======================>.......] - ETA: 26s - loss: 0.8334 - acc: 0.7007
2752/3458 [======================>.......] - ETA: 25s - loss: 0.8349 - acc: 0.7002
2784/3458 [=======================>......] - ETA: 24s - loss: 0.8316 - acc: 0.7015
2816/3458 [=======================>......] - ETA: 23s - loss: 0.8333 - acc: 0.7003
2848/3458 [=======================>......] - ETA: 22s - loss: 0.8371 - acc: 0.6984
2880/3458 [=======================>......] - ETA: 21s - loss: 0.8380 - acc: 0.6979
2912/3458 [========================>.....] - ETA: 19s - loss: 0.8362 - acc: 0.6978
2944/3458 [========================>.....] - ETA: 18s - loss: 0.8339 - acc: 0.6997
2976/3458 [========================>.....] - ETA: 17s - loss: 0.8318 - acc: 0.7009
3008/3458 [=========================>....] - ETA: 16s - loss: 0.8347 - acc: 0.6991
3040/3458 [=========================>....] - ETA: 15s - loss: 0.8386 - acc: 0.6964
3072/3458 [=========================>....] - ETA: 14s - loss: 0.8378 - acc: 0.6963
3104/3458 [=========================>....] - ETA: 12s - loss: 0.8389 - acc: 0.6956
3136/3458 [==========================>...] - ETA: 11s - loss: 0.8402 - acc: 0.6952
3168/3458 [==========================>...] - ETA: 10s - loss: 0.8413 - acc: 0.6951
3200/3458 [==========================>...] - ETA: 9s - loss: 0.8408 - acc: 0.6953 
3232/3458 [===========================>..] - ETA: 8s - loss: 0.8396 - acc: 0.6962
3264/3458 [===========================>..] - ETA: 7s - loss: 0.8398 - acc: 0.6964
3296/3458 [===========================>..] - ETA: 5s - loss: 0.8410 - acc: 0.6963
3328/3458 [===========================>..] - ETA: 4s - loss: 0.8425 - acc: 0.6956
3360/3458 [============================>.] - ETA: 3s - loss: 0.8419 - acc: 0.6961
3392/3458 [============================>.] - ETA: 2s - loss: 0.8433 - acc: 0.6952
3424/3458 [============================>.] - ETA: 1s - loss: 0.8439 - acc: 0.6951
3456/3458 [============================>.] - ETA: 0s - loss: 0.8464 - acc: 0.6947
3458/3458 [==============================] - 127s 37ms/sample - loss: 0.8463 - acc: 0.6949

 32/865 [>.............................] - ETA: 7s - loss: 1.1916 - acc: 0.4688
 64/865 [=>............................] - ETA: 6s - loss: 1.0614 - acc: 0.5312
 96/865 [==>...........................] - ETA: 6s - loss: 1.0077 - acc: 0.5417
128/865 [===>..........................] - ETA: 5s - loss: 1.0136 - acc: 0.5469
160/865 [====>.........................] - ETA: 5s - loss: 1.0232 - acc: 0.5562
192/865 [=====>........................] - ETA: 5s - loss: 1.0864 - acc: 0.5417
224/865 [======>.......................] - ETA: 5s - loss: 1.0636 - acc: 0.5491
256/865 [=======>......................] - ETA: 4s - loss: 1.0541 - acc: 0.5391
288/865 [========>.....................] - ETA: 4s - loss: 1.0968 - acc: 0.5278
320/865 [==========>...................] - ETA: 4s - loss: 1.1013 - acc: 0.5344
352/865 [===========>..................] - ETA: 4s - loss: 1.1126 - acc: 0.5312
384/865 [============>.................] - ETA: 3s - loss: 1.0866 - acc: 0.5365
416/865 [=============>................] - ETA: 3s - loss: 1.0749 - acc: 0.5457
448/865 [==============>...............] - ETA: 3s - loss: 1.0652 - acc: 0.5402
480/865 [===============>..............] - ETA: 3s - loss: 1.0761 - acc: 0.5333
512/865 [================>.............] - ETA: 2s - loss: 1.0922 - acc: 0.5293
544/865 [=================>............] - ETA: 2s - loss: 1.0841 - acc: 0.5312
576/865 [==================>...........] - ETA: 2s - loss: 1.0720 - acc: 0.5417
608/865 [====================>.........] - ETA: 2s - loss: 1.0573 - acc: 0.5461
640/865 [=====================>........] - ETA: 1s - loss: 1.0487 - acc: 0.5469
672/865 [======================>.......] - ETA: 1s - loss: 1.0384 - acc: 0.5521
704/865 [=======================>......] - ETA: 1s - loss: 1.0365 - acc: 0.5568
736/865 [========================>.....] - ETA: 1s - loss: 1.0380 - acc: 0.5543
768/865 [=========================>....] - ETA: 0s - loss: 1.0440 - acc: 0.5547
800/865 [==========================>...] - ETA: 0s - loss: 1.0481 - acc: 0.5562
832/865 [===========================>..] - ETA: 0s - loss: 1.0385 - acc: 0.5601
864/865 [============================>.] - ETA: 0s - loss: 1.0384 - acc: 0.5602
865/865 [==============================] - 7s 8ms/sample - loss: 1.0418 - acc: 0.5595
