For number of cells in Conv2D=128
For Dropout_1=0.8 Dropout_2=0.2
For number of cells in Dense=512
daisy loaded
dandelion loaded
rose loaded
sunflower loaded
tulip loaded

  32/3458 [..............................] - ETA: 3:07 - loss: 1.6238 - acc: 0.1562
  64/3458 [..............................] - ETA: 2:55 - loss: 12.5268 - acc: 0.1562
  96/3458 [..............................] - ETA: 2:49 - loss: 11.8046 - acc: 0.1562
 128/3458 [>.............................] - ETA: 2:46 - loss: 9.7081 - acc: 0.2188 
 160/3458 [>.............................] - ETA: 2:44 - loss: 8.2142 - acc: 0.2250
 192/3458 [>.............................] - ETA: 2:42 - loss: 7.1384 - acc: 0.2344
 224/3458 [>.............................] - ETA: 2:40 - loss: 6.3549 - acc: 0.2321
 256/3458 [=>............................] - ETA: 2:38 - loss: 5.7640 - acc: 0.2305
 288/3458 [=>............................] - ETA: 2:36 - loss: 5.3011 - acc: 0.2465
 320/3458 [=>............................] - ETA: 2:35 - loss: 4.9352 - acc: 0.2406
 352/3458 [==>...........................] - ETA: 2:34 - loss: 4.6308 - acc: 0.2443
 384/3458 [==>...........................] - ETA: 2:32 - loss: 4.3715 - acc: 0.2500
 416/3458 [==>...........................] - ETA: 2:30 - loss: 4.1632 - acc: 0.2452
 448/3458 [==>...........................] - ETA: 2:28 - loss: 3.9798 - acc: 0.2388
 480/3458 [===>..........................] - ETA: 2:27 - loss: 3.8194 - acc: 0.2438
 512/3458 [===>..........................] - ETA: 2:25 - loss: 3.6753 - acc: 0.2422
 544/3458 [===>..........................] - ETA: 2:23 - loss: 3.5445 - acc: 0.2482
 576/3458 [===>..........................] - ETA: 2:22 - loss: 3.4425 - acc: 0.2396
 608/3458 [====>.........................] - ETA: 2:20 - loss: 3.3333 - acc: 0.2467
 640/3458 [====>.........................] - ETA: 2:18 - loss: 3.2422 - acc: 0.2438
 672/3458 [====>.........................] - ETA: 2:17 - loss: 3.1581 - acc: 0.2500
 704/3458 [=====>........................] - ETA: 2:15 - loss: 3.0839 - acc: 0.2514
 736/3458 [=====>........................] - ETA: 2:13 - loss: 3.0179 - acc: 0.2486
 768/3458 [=====>........................] - ETA: 2:12 - loss: 2.9567 - acc: 0.2461
 800/3458 [=====>........................] - ETA: 2:10 - loss: 2.8989 - acc: 0.2450
 832/3458 [======>.......................] - ETA: 2:08 - loss: 2.8465 - acc: 0.2476
 864/3458 [======>.......................] - ETA: 2:07 - loss: 2.7949 - acc: 0.2512
 896/3458 [======>.......................] - ETA: 2:05 - loss: 2.7476 - acc: 0.2545
 928/3458 [=======>......................] - ETA: 2:04 - loss: 2.7070 - acc: 0.2532
 960/3458 [=======>......................] - ETA: 2:02 - loss: 2.6685 - acc: 0.2521
 992/3458 [=======>......................] - ETA: 2:00 - loss: 2.6297 - acc: 0.2530
1024/3458 [=======>......................] - ETA: 1:59 - loss: 2.5902 - acc: 0.2559
1056/3458 [========>.....................] - ETA: 1:57 - loss: 2.5534 - acc: 0.2623
1088/3458 [========>.....................] - ETA: 1:56 - loss: 2.5196 - acc: 0.2629
1120/3458 [========>.....................] - ETA: 1:54 - loss: 2.4895 - acc: 0.2625
1152/3458 [========>.....................] - ETA: 1:52 - loss: 2.4639 - acc: 0.2630
1184/3458 [=========>....................] - ETA: 1:51 - loss: 2.4321 - acc: 0.2677
1216/3458 [=========>....................] - ETA: 1:49 - loss: 2.4020 - acc: 0.2738
1248/3458 [=========>....................] - ETA: 1:48 - loss: 2.3768 - acc: 0.2756
1280/3458 [==========>...................] - ETA: 1:46 - loss: 2.3509 - acc: 0.2789
1312/3458 [==========>...................] - ETA: 1:44 - loss: 2.3263 - acc: 0.2851
1344/3458 [==========>...................] - ETA: 1:43 - loss: 2.3027 - acc: 0.2872
1376/3458 [==========>...................] - ETA: 1:41 - loss: 2.2784 - acc: 0.2907
1408/3458 [===========>..................] - ETA: 1:40 - loss: 2.2597 - acc: 0.2955
1440/3458 [===========>..................] - ETA: 1:38 - loss: 2.2411 - acc: 0.2937
1472/3458 [===========>..................] - ETA: 1:37 - loss: 2.2195 - acc: 0.2996
1504/3458 [============>.................] - ETA: 1:35 - loss: 2.2009 - acc: 0.3025
1536/3458 [============>.................] - ETA: 1:33 - loss: 2.1832 - acc: 0.3053
1568/3458 [============>.................] - ETA: 1:32 - loss: 2.1618 - acc: 0.3080
1600/3458 [============>.................] - ETA: 1:30 - loss: 2.1409 - acc: 0.3113
1632/3458 [=============>................] - ETA: 1:29 - loss: 2.1262 - acc: 0.3125
1664/3458 [=============>................] - ETA: 1:27 - loss: 2.1100 - acc: 0.3137
1696/3458 [=============>................] - ETA: 1:26 - loss: 2.0964 - acc: 0.3154
1728/3458 [=============>................] - ETA: 1:24 - loss: 2.0782 - acc: 0.3212
1760/3458 [==============>...............] - ETA: 1:22 - loss: 2.0635 - acc: 0.3233
1792/3458 [==============>...............] - ETA: 1:21 - loss: 2.0494 - acc: 0.3259
1824/3458 [==============>...............] - ETA: 1:19 - loss: 2.0368 - acc: 0.3257
1856/3458 [===============>..............] - ETA: 1:18 - loss: 2.0202 - acc: 0.3287
1888/3458 [===============>..............] - ETA: 1:16 - loss: 2.0175 - acc: 0.3268
1920/3458 [===============>..............] - ETA: 1:15 - loss: 2.0056 - acc: 0.3292
1952/3458 [===============>..............] - ETA: 1:13 - loss: 1.9921 - acc: 0.3309
1984/3458 [================>.............] - ETA: 1:11 - loss: 1.9807 - acc: 0.3332
2016/3458 [================>.............] - ETA: 1:10 - loss: 1.9696 - acc: 0.3348
2048/3458 [================>.............] - ETA: 1:08 - loss: 1.9595 - acc: 0.3359
2080/3458 [=================>............] - ETA: 1:07 - loss: 1.9493 - acc: 0.3385
2112/3458 [=================>............] - ETA: 1:05 - loss: 1.9396 - acc: 0.3390
2144/3458 [=================>............] - ETA: 1:04 - loss: 1.9308 - acc: 0.3391
2176/3458 [=================>............] - ETA: 1:02 - loss: 1.9265 - acc: 0.3378
2208/3458 [==================>...........] - ETA: 1:01 - loss: 1.9157 - acc: 0.3401
2240/3458 [==================>...........] - ETA: 59s - loss: 1.9065 - acc: 0.3424 
2272/3458 [==================>...........] - ETA: 57s - loss: 1.8971 - acc: 0.3451
2304/3458 [==================>...........] - ETA: 56s - loss: 1.8873 - acc: 0.3477
2336/3458 [===================>..........] - ETA: 54s - loss: 1.8796 - acc: 0.3497
2368/3458 [===================>..........] - ETA: 53s - loss: 1.8752 - acc: 0.3497
2400/3458 [===================>..........] - ETA: 51s - loss: 1.8640 - acc: 0.3533
2432/3458 [====================>.........] - ETA: 50s - loss: 1.8557 - acc: 0.3561
2464/3458 [====================>.........] - ETA: 48s - loss: 1.8547 - acc: 0.3559
2496/3458 [====================>.........] - ETA: 46s - loss: 1.8489 - acc: 0.3570
2528/3458 [====================>.........] - ETA: 45s - loss: 1.8405 - acc: 0.3604
2560/3458 [=====================>........] - ETA: 43s - loss: 1.8346 - acc: 0.3637
2592/3458 [=====================>........] - ETA: 42s - loss: 1.8288 - acc: 0.3650
2624/3458 [=====================>........] - ETA: 40s - loss: 1.8225 - acc: 0.3674
2656/3458 [======================>.......] - ETA: 39s - loss: 1.8153 - acc: 0.3694
2688/3458 [======================>.......] - ETA: 37s - loss: 1.8110 - acc: 0.3709
2720/3458 [======================>.......] - ETA: 35s - loss: 1.8027 - acc: 0.3743
2752/3458 [======================>.......] - ETA: 34s - loss: 1.8033 - acc: 0.3743
2784/3458 [=======================>......] - ETA: 32s - loss: 1.7962 - acc: 0.3757
2816/3458 [=======================>......] - ETA: 31s - loss: 1.7887 - acc: 0.3775
2848/3458 [=======================>......] - ETA: 29s - loss: 1.7832 - acc: 0.3782
2880/3458 [=======================>......] - ETA: 28s - loss: 1.7780 - acc: 0.3781
2912/3458 [========================>.....] - ETA: 26s - loss: 1.7705 - acc: 0.3808
2944/3458 [========================>.....] - ETA: 25s - loss: 1.7656 - acc: 0.3821
2976/3458 [========================>.....] - ETA: 23s - loss: 1.7592 - acc: 0.3844
3008/3458 [=========================>....] - ETA: 21s - loss: 1.7519 - acc: 0.3860
3040/3458 [=========================>....] - ETA: 20s - loss: 1.7468 - acc: 0.3865
3072/3458 [=========================>....] - ETA: 18s - loss: 1.7411 - acc: 0.3870
3104/3458 [=========================>....] - ETA: 17s - loss: 1.7337 - acc: 0.3892
3136/3458 [==========================>...] - ETA: 15s - loss: 1.7275 - acc: 0.3906
3168/3458 [==========================>...] - ETA: 14s - loss: 1.7228 - acc: 0.3908
3200/3458 [==========================>...] - ETA: 12s - loss: 1.7176 - acc: 0.3919
3232/3458 [===========================>..] - ETA: 11s - loss: 1.7127 - acc: 0.3933
3264/3458 [===========================>..] - ETA: 9s - loss: 1.7063 - acc: 0.3955 
3296/3458 [===========================>..] - ETA: 7s - loss: 1.7017 - acc: 0.3959
3328/3458 [===========================>..] - ETA: 6s - loss: 1.6929 - acc: 0.3984
3360/3458 [============================>.] - ETA: 4s - loss: 1.6931 - acc: 0.3994
3392/3458 [============================>.] - ETA: 3s - loss: 1.6906 - acc: 0.3995
3424/3458 [============================>.] - ETA: 1s - loss: 1.6890 - acc: 0.4010
3456/3458 [============================>.] - ETA: 0s - loss: 1.6870 - acc: 0.4002
3458/3458 [==============================] - 169s 49ms/sample - loss: 1.6867 - acc: 0.4002

 32/865 [>.............................] - ETA: 7s - loss: 1.2719 - acc: 0.4688
 64/865 [=>............................] - ETA: 7s - loss: 1.0904 - acc: 0.6094
 96/865 [==>...........................] - ETA: 6s - loss: 1.1555 - acc: 0.5833
128/865 [===>..........................] - ETA: 6s - loss: 1.1334 - acc: 0.5703
160/865 [====>.........................] - ETA: 6s - loss: 1.1092 - acc: 0.5875
192/865 [=====>........................] - ETA: 5s - loss: 1.1225 - acc: 0.5677
224/865 [======>.......................] - ETA: 5s - loss: 1.1262 - acc: 0.5580
256/865 [=======>......................] - ETA: 5s - loss: 1.0951 - acc: 0.5781
288/865 [========>.....................] - ETA: 5s - loss: 1.1653 - acc: 0.5590
320/865 [==========>...................] - ETA: 4s - loss: 1.1550 - acc: 0.5656
352/865 [===========>..................] - ETA: 4s - loss: 1.1573 - acc: 0.5625
384/865 [============>.................] - ETA: 4s - loss: 1.1550 - acc: 0.5547
416/865 [=============>................] - ETA: 3s - loss: 1.1616 - acc: 0.5505
448/865 [==============>...............] - ETA: 3s - loss: 1.1567 - acc: 0.5558
480/865 [===============>..............] - ETA: 3s - loss: 1.1616 - acc: 0.5479
512/865 [================>.............] - ETA: 3s - loss: 1.1640 - acc: 0.5488
544/865 [=================>............] - ETA: 2s - loss: 1.1589 - acc: 0.5441
576/865 [==================>...........] - ETA: 2s - loss: 1.1639 - acc: 0.5382
608/865 [====================>.........] - ETA: 2s - loss: 1.1713 - acc: 0.5329
640/865 [=====================>........] - ETA: 1s - loss: 1.1744 - acc: 0.5359
672/865 [======================>.......] - ETA: 1s - loss: 1.1721 - acc: 0.5342
704/865 [=======================>......] - ETA: 1s - loss: 1.1651 - acc: 0.5355
736/865 [========================>.....] - ETA: 1s - loss: 1.1593 - acc: 0.5340
768/865 [=========================>....] - ETA: 0s - loss: 1.1669 - acc: 0.5299
800/865 [==========================>...] - ETA: 0s - loss: 1.1548 - acc: 0.5350
832/865 [===========================>..] - ETA: 0s - loss: 1.1515 - acc: 0.5349
864/865 [============================>.] - ETA: 0s - loss: 1.1521 - acc: 0.5347
865/865 [==============================] - 8s 9ms/sample - loss: 1.1523 - acc: 0.5341

  32/3458 [..............................] - ETA: 2:49 - loss: 1.2045 - acc: 0.4688
  64/3458 [..............................] - ETA: 2:46 - loss: 1.0148 - acc: 0.5469
  96/3458 [..............................] - ETA: 2:43 - loss: 0.9731 - acc: 0.5938
 128/3458 [>.............................] - ETA: 2:42 - loss: 1.0201 - acc: 0.5781
 160/3458 [>.............................] - ETA: 2:40 - loss: 1.0295 - acc: 0.5750
 192/3458 [>.............................] - ETA: 2:39 - loss: 1.0217 - acc: 0.5729
 224/3458 [>.............................] - ETA: 2:37 - loss: 1.0840 - acc: 0.5357
 256/3458 [=>............................] - ETA: 2:35 - loss: 1.0871 - acc: 0.5469
 288/3458 [=>............................] - ETA: 2:34 - loss: 1.0899 - acc: 0.5486
 320/3458 [=>............................] - ETA: 2:33 - loss: 1.0966 - acc: 0.5469
 352/3458 [==>...........................] - ETA: 2:31 - loss: 1.0892 - acc: 0.5540
 384/3458 [==>...........................] - ETA: 2:30 - loss: 1.0797 - acc: 0.5651
 416/3458 [==>...........................] - ETA: 2:28 - loss: 1.0774 - acc: 0.5601
 448/3458 [==>...........................] - ETA: 2:26 - loss: 1.0761 - acc: 0.5647
 480/3458 [===>..........................] - ETA: 2:25 - loss: 1.0767 - acc: 0.5583
 512/3458 [===>..........................] - ETA: 2:23 - loss: 1.1018 - acc: 0.5527
 544/3458 [===>..........................] - ETA: 2:22 - loss: 1.1021 - acc: 0.5533
 576/3458 [===>..........................] - ETA: 2:20 - loss: 1.1066 - acc: 0.5451
 608/3458 [====>.........................] - ETA: 2:19 - loss: 1.1037 - acc: 0.5477
 640/3458 [====>.........................] - ETA: 2:17 - loss: 1.1088 - acc: 0.5484
 672/3458 [====>.........................] - ETA: 2:15 - loss: 1.1062 - acc: 0.5491
 704/3458 [=====>........................] - ETA: 2:14 - loss: 1.0954 - acc: 0.5526
 736/3458 [=====>........................] - ETA: 2:12 - loss: 1.1106 - acc: 0.5476
 768/3458 [=====>........................] - ETA: 2:11 - loss: 1.1102 - acc: 0.5469
 800/3458 [=====>........................] - ETA: 2:09 - loss: 1.1058 - acc: 0.5487
 832/3458 [======>.......................] - ETA: 2:08 - loss: 1.0929 - acc: 0.5553
 864/3458 [======>.......................] - ETA: 2:06 - loss: 1.0935 - acc: 0.5544
 896/3458 [======>.......................] - ETA: 2:04 - loss: 1.0910 - acc: 0.5569
 928/3458 [=======>......................] - ETA: 2:03 - loss: 1.0919 - acc: 0.5528
 960/3458 [=======>......................] - ETA: 2:01 - loss: 1.0898 - acc: 0.5542
 992/3458 [=======>......................] - ETA: 2:00 - loss: 1.1001 - acc: 0.5544
1024/3458 [=======>......................] - ETA: 1:58 - loss: 1.1023 - acc: 0.5527
1056/3458 [========>.....................] - ETA: 1:57 - loss: 1.1015 - acc: 0.5540
1088/3458 [========>.....................] - ETA: 1:55 - loss: 1.1021 - acc: 0.5506
1120/3458 [========>.....................] - ETA: 1:53 - loss: 1.1019 - acc: 0.5527
1152/3458 [========>.....................] - ETA: 1:52 - loss: 1.1102 - acc: 0.5486
1184/3458 [=========>....................] - ETA: 1:50 - loss: 1.1068 - acc: 0.5465
1216/3458 [=========>....................] - ETA: 1:49 - loss: 1.1041 - acc: 0.5485
1248/3458 [=========>....................] - ETA: 1:47 - loss: 1.0979 - acc: 0.5553
1280/3458 [==========>...................] - ETA: 1:46 - loss: 1.1016 - acc: 0.5523
1312/3458 [==========>...................] - ETA: 1:44 - loss: 1.0950 - acc: 0.5572
1344/3458 [==========>...................] - ETA: 1:43 - loss: 1.0955 - acc: 0.5595
1376/3458 [==========>...................] - ETA: 1:41 - loss: 1.0982 - acc: 0.5552
1408/3458 [===========>..................] - ETA: 1:39 - loss: 1.1013 - acc: 0.5554
1440/3458 [===========>..................] - ETA: 1:38 - loss: 1.1036 - acc: 0.5569
1472/3458 [===========>..................] - ETA: 1:36 - loss: 1.1018 - acc: 0.5564
1504/3458 [============>.................] - ETA: 1:35 - loss: 1.1015 - acc: 0.5552
1536/3458 [============>.................] - ETA: 1:33 - loss: 1.1059 - acc: 0.5527
1568/3458 [============>.................] - ETA: 1:32 - loss: 1.1104 - acc: 0.5542
1600/3458 [============>.................] - ETA: 1:30 - loss: 1.1102 - acc: 0.5519
1632/3458 [=============>................] - ETA: 1:28 - loss: 1.1083 - acc: 0.5521
1664/3458 [=============>................] - ETA: 1:27 - loss: 1.1044 - acc: 0.5559
1696/3458 [=============>................] - ETA: 1:25 - loss: 1.1020 - acc: 0.5566
1728/3458 [=============>................] - ETA: 1:24 - loss: 1.1048 - acc: 0.5550
1760/3458 [==============>...............] - ETA: 1:22 - loss: 1.1020 - acc: 0.5562
1792/3458 [==============>...............] - ETA: 1:21 - loss: 1.1026 - acc: 0.5552
1824/3458 [==============>...............] - ETA: 1:19 - loss: 1.1019 - acc: 0.5559
1856/3458 [===============>..............] - ETA: 1:18 - loss: 1.1045 - acc: 0.5555
1888/3458 [===============>..............] - ETA: 1:16 - loss: 1.1030 - acc: 0.5556
1920/3458 [===============>..............] - ETA: 1:14 - loss: 1.1021 - acc: 0.5557
1952/3458 [===============>..............] - ETA: 1:13 - loss: 1.0986 - acc: 0.5564
1984/3458 [================>.............] - ETA: 1:11 - loss: 1.0993 - acc: 0.5565
2016/3458 [================>.............] - ETA: 1:10 - loss: 1.0950 - acc: 0.5580
2048/3458 [================>.............] - ETA: 1:08 - loss: 1.0964 - acc: 0.5581
2080/3458 [=================>............] - ETA: 1:07 - loss: 1.0952 - acc: 0.5591
2112/3458 [=================>............] - ETA: 1:05 - loss: 1.0929 - acc: 0.5601
2144/3458 [=================>............] - ETA: 1:04 - loss: 1.0930 - acc: 0.5597
2176/3458 [=================>............] - ETA: 1:02 - loss: 1.0909 - acc: 0.5597
2208/3458 [==================>...........] - ETA: 1:00 - loss: 1.0904 - acc: 0.5598
2240/3458 [==================>...........] - ETA: 59s - loss: 1.0889 - acc: 0.5589 
2272/3458 [==================>...........] - ETA: 57s - loss: 1.0905 - acc: 0.5585
2304/3458 [==================>...........] - ETA: 56s - loss: 1.0936 - acc: 0.5569
2336/3458 [===================>..........] - ETA: 54s - loss: 1.0966 - acc: 0.5561
2368/3458 [===================>..........] - ETA: 53s - loss: 1.0960 - acc: 0.5579
2400/3458 [===================>..........] - ETA: 51s - loss: 1.0973 - acc: 0.5579
2432/3458 [====================>.........] - ETA: 49s - loss: 1.0935 - acc: 0.5604
2464/3458 [====================>.........] - ETA: 48s - loss: 1.0931 - acc: 0.5613
2496/3458 [====================>.........] - ETA: 46s - loss: 1.0952 - acc: 0.5601
2528/3458 [====================>.........] - ETA: 45s - loss: 1.0923 - acc: 0.5617
2560/3458 [=====================>........] - ETA: 43s - loss: 1.0931 - acc: 0.5598
2592/3458 [=====================>........] - ETA: 42s - loss: 1.0939 - acc: 0.5602
2624/3458 [=====================>........] - ETA: 40s - loss: 1.0956 - acc: 0.5598
2656/3458 [======================>.......] - ETA: 39s - loss: 1.0921 - acc: 0.5610
2688/3458 [======================>.......] - ETA: 37s - loss: 1.0948 - acc: 0.5606
2720/3458 [======================>.......] - ETA: 35s - loss: 1.0975 - acc: 0.5607
2752/3458 [======================>.......] - ETA: 34s - loss: 1.0982 - acc: 0.5596
2784/3458 [=======================>......] - ETA: 32s - loss: 1.0952 - acc: 0.5611
2816/3458 [=======================>......] - ETA: 31s - loss: 1.0966 - acc: 0.5607
2848/3458 [=======================>......] - ETA: 29s - loss: 1.0951 - acc: 0.5611
2880/3458 [=======================>......] - ETA: 28s - loss: 1.0953 - acc: 0.5604
2912/3458 [========================>.....] - ETA: 26s - loss: 1.0924 - acc: 0.5618
2944/3458 [========================>.....] - ETA: 25s - loss: 1.0938 - acc: 0.5605
2976/3458 [========================>.....] - ETA: 23s - loss: 1.0925 - acc: 0.5612
3008/3458 [=========================>....] - ETA: 21s - loss: 1.0919 - acc: 0.5615
3040/3458 [=========================>....] - ETA: 20s - loss: 1.0944 - acc: 0.5612
3072/3458 [=========================>....] - ETA: 18s - loss: 1.0921 - acc: 0.5628
3104/3458 [=========================>....] - ETA: 17s - loss: 1.0891 - acc: 0.5648
3136/3458 [==========================>...] - ETA: 15s - loss: 1.0903 - acc: 0.5641
3168/3458 [==========================>...] - ETA: 14s - loss: 1.0909 - acc: 0.5641
3200/3458 [==========================>...] - ETA: 12s - loss: 1.0914 - acc: 0.5631
3232/3458 [===========================>..] - ETA: 11s - loss: 1.0908 - acc: 0.5628
3264/3458 [===========================>..] - ETA: 9s - loss: 1.0945 - acc: 0.5616 
3296/3458 [===========================>..] - ETA: 7s - loss: 1.0952 - acc: 0.5616
3328/3458 [===========================>..] - ETA: 6s - loss: 1.0960 - acc: 0.5616
3360/3458 [============================>.] - ETA: 4s - loss: 1.0956 - acc: 0.5625
3392/3458 [============================>.] - ETA: 3s - loss: 1.0937 - acc: 0.5634
3424/3458 [============================>.] - ETA: 1s - loss: 1.0920 - acc: 0.5645
3456/3458 [============================>.] - ETA: 0s - loss: 1.0920 - acc: 0.5642
3458/3458 [==============================] - 169s 49ms/sample - loss: 1.0917 - acc: 0.5645

 32/865 [>.............................] - ETA: 7s - loss: 1.5070 - acc: 0.4375
 64/865 [=>............................] - ETA: 7s - loss: 1.2386 - acc: 0.5312
 96/865 [==>...........................] - ETA: 6s - loss: 1.2223 - acc: 0.5208
128/865 [===>..........................] - ETA: 6s - loss: 1.1678 - acc: 0.5547
160/865 [====>.........................] - ETA: 6s - loss: 1.1561 - acc: 0.5625
192/865 [=====>........................] - ETA: 5s - loss: 1.1025 - acc: 0.5781
224/865 [======>.......................] - ETA: 5s - loss: 1.1399 - acc: 0.5759
256/865 [=======>......................] - ETA: 5s - loss: 1.1001 - acc: 0.5742
288/865 [========>.....................] - ETA: 5s - loss: 1.1357 - acc: 0.5590
320/865 [==========>...................] - ETA: 4s - loss: 1.1410 - acc: 0.5562
352/865 [===========>..................] - ETA: 4s - loss: 1.1367 - acc: 0.5682
384/865 [============>.................] - ETA: 4s - loss: 1.1602 - acc: 0.5599
416/865 [=============>................] - ETA: 4s - loss: 1.1571 - acc: 0.5601
448/865 [==============>...............] - ETA: 3s - loss: 1.1544 - acc: 0.5670
480/865 [===============>..............] - ETA: 3s - loss: 1.1695 - acc: 0.5604
512/865 [================>.............] - ETA: 3s - loss: 1.1628 - acc: 0.5566
544/865 [=================>............] - ETA: 2s - loss: 1.1636 - acc: 0.5570
576/865 [==================>...........] - ETA: 2s - loss: 1.1690 - acc: 0.5538
608/865 [====================>.........] - ETA: 2s - loss: 1.1673 - acc: 0.5559
640/865 [=====================>........] - ETA: 1s - loss: 1.1506 - acc: 0.5656
672/865 [======================>.......] - ETA: 1s - loss: 1.1509 - acc: 0.5640
704/865 [=======================>......] - ETA: 1s - loss: 1.1499 - acc: 0.5611
736/865 [========================>.....] - ETA: 1s - loss: 1.1480 - acc: 0.5625
768/865 [=========================>....] - ETA: 0s - loss: 1.1440 - acc: 0.5612
800/865 [==========================>...] - ETA: 0s - loss: 1.1289 - acc: 0.5675
832/865 [===========================>..] - ETA: 0s - loss: 1.1340 - acc: 0.5637
864/865 [============================>.] - ETA: 0s - loss: 1.1333 - acc: 0.5637
865/865 [==============================] - 8s 9ms/sample - loss: 1.1326 - acc: 0.5642

  32/3458 [..............................] - ETA: 2:43 - loss: 1.3776 - acc: 0.4375
  64/3458 [..............................] - ETA: 2:43 - loss: 1.5427 - acc: 0.4375
  96/3458 [..............................] - ETA: 2:42 - loss: 1.3149 - acc: 0.5521
 128/3458 [>.............................] - ETA: 2:41 - loss: 1.2690 - acc: 0.5781
 160/3458 [>.............................] - ETA: 2:39 - loss: 1.2354 - acc: 0.5625
 192/3458 [>.............................] - ETA: 2:38 - loss: 1.1830 - acc: 0.5729
 224/3458 [>.............................] - ETA: 2:36 - loss: 1.1482 - acc: 0.5625
 256/3458 [=>............................] - ETA: 2:35 - loss: 1.1509 - acc: 0.5469
 288/3458 [=>............................] - ETA: 2:33 - loss: 1.1165 - acc: 0.5521
 320/3458 [=>............................] - ETA: 2:32 - loss: 1.1124 - acc: 0.5562
 352/3458 [==>...........................] - ETA: 2:30 - loss: 1.1130 - acc: 0.5426
 384/3458 [==>...........................] - ETA: 2:29 - loss: 1.0997 - acc: 0.5417
 416/3458 [==>...........................] - ETA: 2:28 - loss: 1.1015 - acc: 0.5553
 448/3458 [==>...........................] - ETA: 2:26 - loss: 1.0878 - acc: 0.5647
 480/3458 [===>..........................] - ETA: 2:24 - loss: 1.0848 - acc: 0.5646
 512/3458 [===>..........................] - ETA: 2:23 - loss: 1.0616 - acc: 0.5781
 544/3458 [===>..........................] - ETA: 2:21 - loss: 1.0553 - acc: 0.5790
 576/3458 [===>..........................] - ETA: 2:20 - loss: 1.0503 - acc: 0.5851
 608/3458 [====>.........................] - ETA: 2:18 - loss: 1.0441 - acc: 0.5822
 640/3458 [====>.........................] - ETA: 2:17 - loss: 1.0542 - acc: 0.5781
 672/3458 [====>.........................] - ETA: 2:15 - loss: 1.0459 - acc: 0.5804
 704/3458 [=====>........................] - ETA: 2:14 - loss: 1.0323 - acc: 0.5824
 736/3458 [=====>........................] - ETA: 2:12 - loss: 1.0233 - acc: 0.5870
 768/3458 [=====>........................] - ETA: 2:11 - loss: 1.0199 - acc: 0.5859
 800/3458 [=====>........................] - ETA: 2:09 - loss: 1.0138 - acc: 0.5900
 832/3458 [======>.......................] - ETA: 2:07 - loss: 1.0271 - acc: 0.5877
 864/3458 [======>.......................] - ETA: 2:06 - loss: 1.0158 - acc: 0.5938
 896/3458 [======>.......................] - ETA: 2:04 - loss: 1.0212 - acc: 0.5915
 928/3458 [=======>......................] - ETA: 2:03 - loss: 1.0216 - acc: 0.5948
 960/3458 [=======>......................] - ETA: 2:01 - loss: 1.0225 - acc: 0.5885
 992/3458 [=======>......................] - ETA: 1:59 - loss: 1.0248 - acc: 0.5877
1024/3458 [=======>......................] - ETA: 1:58 - loss: 1.0188 - acc: 0.5908
1056/3458 [========>.....................] - ETA: 1:56 - loss: 1.0142 - acc: 0.5900
1088/3458 [========>.....................] - ETA: 1:55 - loss: 1.0082 - acc: 0.5919
1120/3458 [========>.....................] - ETA: 1:53 - loss: 1.0064 - acc: 0.5920
1152/3458 [========>.....................] - ETA: 1:52 - loss: 0.9972 - acc: 0.5972
1184/3458 [=========>....................] - ETA: 1:50 - loss: 0.9924 - acc: 0.5997
1216/3458 [=========>....................] - ETA: 1:49 - loss: 0.9898 - acc: 0.5995
1248/3458 [=========>....................] - ETA: 1:47 - loss: 0.9847 - acc: 0.6034
1280/3458 [==========>...................] - ETA: 1:46 - loss: 0.9838 - acc: 0.6070
1312/3458 [==========>...................] - ETA: 1:44 - loss: 0.9781 - acc: 0.6120
1344/3458 [==========>...................] - ETA: 1:42 - loss: 0.9766 - acc: 0.6161
1376/3458 [==========>...................] - ETA: 1:41 - loss: 0.9711 - acc: 0.6192
1408/3458 [===========>..................] - ETA: 1:39 - loss: 0.9679 - acc: 0.6207
1440/3458 [===========>..................] - ETA: 1:38 - loss: 0.9711 - acc: 0.6187
1472/3458 [===========>..................] - ETA: 1:36 - loss: 0.9671 - acc: 0.6202
1504/3458 [============>.................] - ETA: 1:35 - loss: 0.9648 - acc: 0.6223
1536/3458 [============>.................] - ETA: 1:33 - loss: 0.9598 - acc: 0.6250
1568/3458 [============>.................] - ETA: 1:32 - loss: 0.9569 - acc: 0.6250
1600/3458 [============>.................] - ETA: 1:30 - loss: 0.9549 - acc: 0.6269
1632/3458 [=============>................] - ETA: 1:28 - loss: 0.9541 - acc: 0.6281
1664/3458 [=============>................] - ETA: 1:27 - loss: 0.9536 - acc: 0.6280
1696/3458 [=============>................] - ETA: 1:25 - loss: 0.9537 - acc: 0.6279
1728/3458 [=============>................] - ETA: 1:24 - loss: 0.9500 - acc: 0.6285
1760/3458 [==============>...............] - ETA: 1:22 - loss: 0.9477 - acc: 0.6284
1792/3458 [==============>...............] - ETA: 1:21 - loss: 0.9468 - acc: 0.6272
1824/3458 [==============>...............] - ETA: 1:19 - loss: 0.9438 - acc: 0.6288
1856/3458 [===============>..............] - ETA: 1:18 - loss: 0.9423 - acc: 0.6293
1888/3458 [===============>..............] - ETA: 1:16 - loss: 0.9476 - acc: 0.6276
1920/3458 [===============>..............] - ETA: 1:14 - loss: 0.9473 - acc: 0.6271
1952/3458 [===============>..............] - ETA: 1:13 - loss: 0.9522 - acc: 0.6265
1984/3458 [================>.............] - ETA: 1:11 - loss: 0.9522 - acc: 0.6250
2016/3458 [================>.............] - ETA: 1:10 - loss: 0.9559 - acc: 0.6245
2048/3458 [================>.............] - ETA: 1:08 - loss: 0.9559 - acc: 0.6260
2080/3458 [=================>............] - ETA: 1:07 - loss: 0.9530 - acc: 0.6288
2112/3458 [=================>............] - ETA: 1:05 - loss: 0.9527 - acc: 0.6297
2144/3458 [=================>............] - ETA: 1:03 - loss: 0.9507 - acc: 0.6306
2176/3458 [=================>............] - ETA: 1:02 - loss: 0.9525 - acc: 0.6301
2208/3458 [==================>...........] - ETA: 1:00 - loss: 0.9522 - acc: 0.6295
2240/3458 [==================>...........] - ETA: 59s - loss: 0.9524 - acc: 0.6290 
2272/3458 [==================>...........] - ETA: 57s - loss: 0.9503 - acc: 0.6316
2304/3458 [==================>...........] - ETA: 56s - loss: 0.9514 - acc: 0.6306
2336/3458 [===================>..........] - ETA: 54s - loss: 0.9488 - acc: 0.6331
2368/3458 [===================>..........] - ETA: 53s - loss: 0.9504 - acc: 0.6330
2400/3458 [===================>..........] - ETA: 51s - loss: 0.9507 - acc: 0.6333
2432/3458 [====================>.........] - ETA: 49s - loss: 0.9513 - acc: 0.6340
2464/3458 [====================>.........] - ETA: 48s - loss: 0.9514 - acc: 0.6327
2496/3458 [====================>.........] - ETA: 46s - loss: 0.9500 - acc: 0.6322
2528/3458 [====================>.........] - ETA: 45s - loss: 0.9510 - acc: 0.6321
2560/3458 [=====================>........] - ETA: 43s - loss: 0.9509 - acc: 0.6324
2592/3458 [=====================>........] - ETA: 42s - loss: 0.9517 - acc: 0.6312
2624/3458 [=====================>........] - ETA: 40s - loss: 0.9483 - acc: 0.6330
2656/3458 [======================>.......] - ETA: 39s - loss: 0.9467 - acc: 0.6333
2688/3458 [======================>.......] - ETA: 37s - loss: 0.9468 - acc: 0.6336
2720/3458 [======================>.......] - ETA: 35s - loss: 0.9478 - acc: 0.6342
2752/3458 [======================>.......] - ETA: 34s - loss: 0.9493 - acc: 0.6337
2784/3458 [=======================>......] - ETA: 32s - loss: 0.9484 - acc: 0.6340
2816/3458 [=======================>......] - ETA: 31s - loss: 0.9464 - acc: 0.6346
2848/3458 [=======================>......] - ETA: 29s - loss: 0.9448 - acc: 0.6345
2880/3458 [=======================>......] - ETA: 28s - loss: 0.9455 - acc: 0.6337
2912/3458 [========================>.....] - ETA: 26s - loss: 0.9441 - acc: 0.6339
2944/3458 [========================>.....] - ETA: 25s - loss: 0.9466 - acc: 0.6328
2976/3458 [========================>.....] - ETA: 23s - loss: 0.9457 - acc: 0.6324
3008/3458 [=========================>....] - ETA: 21s - loss: 0.9468 - acc: 0.6320
3040/3458 [=========================>....] - ETA: 20s - loss: 0.9458 - acc: 0.6319
3072/3458 [=========================>....] - ETA: 18s - loss: 0.9513 - acc: 0.6309
3104/3458 [=========================>....] - ETA: 17s - loss: 0.9511 - acc: 0.6298
3136/3458 [==========================>...] - ETA: 15s - loss: 0.9498 - acc: 0.6304
3168/3458 [==========================>...] - ETA: 14s - loss: 0.9536 - acc: 0.6294
3200/3458 [==========================>...] - ETA: 12s - loss: 0.9543 - acc: 0.6291
3232/3458 [===========================>..] - ETA: 11s - loss: 0.9554 - acc: 0.6284
3264/3458 [===========================>..] - ETA: 9s - loss: 0.9562 - acc: 0.6281 
3296/3458 [===========================>..] - ETA: 7s - loss: 0.9537 - acc: 0.6308
3328/3458 [===========================>..] - ETA: 6s - loss: 0.9549 - acc: 0.6301
3360/3458 [============================>.] - ETA: 4s - loss: 0.9560 - acc: 0.6304
3392/3458 [============================>.] - ETA: 3s - loss: 0.9562 - acc: 0.6294
3424/3458 [============================>.] - ETA: 1s - loss: 0.9538 - acc: 0.6311
3456/3458 [============================>.] - ETA: 0s - loss: 0.9539 - acc: 0.6311
3458/3458 [==============================] - 169s 49ms/sample - loss: 0.9535 - acc: 0.6313

 32/865 [>.............................] - ETA: 7s - loss: 1.3381 - acc: 0.5000
 64/865 [=>............................] - ETA: 7s - loss: 1.1138 - acc: 0.5938
 96/865 [==>...........................] - ETA: 6s - loss: 1.0630 - acc: 0.6250
128/865 [===>..........................] - ETA: 6s - loss: 0.9894 - acc: 0.6250
160/865 [====>.........................] - ETA: 6s - loss: 0.9996 - acc: 0.6250
192/865 [=====>........................] - ETA: 5s - loss: 0.9720 - acc: 0.6146
224/865 [======>.......................] - ETA: 5s - loss: 0.9746 - acc: 0.6161
256/865 [=======>......................] - ETA: 5s - loss: 0.9380 - acc: 0.6367
288/865 [========>.....................] - ETA: 5s - loss: 0.9821 - acc: 0.6111
320/865 [==========>...................] - ETA: 4s - loss: 0.9973 - acc: 0.5969
352/865 [===========>..................] - ETA: 4s - loss: 0.9864 - acc: 0.5994
384/865 [============>.................] - ETA: 4s - loss: 0.9995 - acc: 0.5911
416/865 [=============>................] - ETA: 3s - loss: 1.0012 - acc: 0.5865
448/865 [==============>...............] - ETA: 3s - loss: 0.9824 - acc: 0.5938
480/865 [===============>..............] - ETA: 3s - loss: 0.9918 - acc: 0.5917
512/865 [================>.............] - ETA: 3s - loss: 0.9909 - acc: 0.5957
544/865 [=================>............] - ETA: 2s - loss: 0.9998 - acc: 0.5846
576/865 [==================>...........] - ETA: 2s - loss: 1.0071 - acc: 0.5799
608/865 [====================>.........] - ETA: 2s - loss: 1.0036 - acc: 0.5806
640/865 [=====================>........] - ETA: 1s - loss: 1.0092 - acc: 0.5813
672/865 [======================>.......] - ETA: 1s - loss: 1.0037 - acc: 0.5833
704/865 [=======================>......] - ETA: 1s - loss: 1.0059 - acc: 0.5824
736/865 [========================>.....] - ETA: 1s - loss: 1.0073 - acc: 0.5802
768/865 [=========================>....] - ETA: 0s - loss: 1.0201 - acc: 0.5729
800/865 [==========================>...] - ETA: 0s - loss: 1.0060 - acc: 0.5813
832/865 [===========================>..] - ETA: 0s - loss: 1.0036 - acc: 0.5805
864/865 [============================>.] - ETA: 0s - loss: 1.0030 - acc: 0.5810
865/865 [==============================] - 8s 9ms/sample - loss: 1.0038 - acc: 0.5803

  32/3458 [..............................] - ETA: 2:47 - loss: 0.8744 - acc: 0.6875
  64/3458 [..............................] - ETA: 2:46 - loss: 0.8544 - acc: 0.7031
  96/3458 [..............................] - ETA: 2:44 - loss: 0.9185 - acc: 0.6458
 128/3458 [>.............................] - ETA: 2:42 - loss: 0.9100 - acc: 0.6406
 160/3458 [>.............................] - ETA: 2:40 - loss: 0.9195 - acc: 0.6375
 192/3458 [>.............................] - ETA: 2:39 - loss: 0.8828 - acc: 0.6615
 224/3458 [>.............................] - ETA: 2:37 - loss: 0.8407 - acc: 0.6786
 256/3458 [=>............................] - ETA: 2:36 - loss: 0.8486 - acc: 0.6758
 288/3458 [=>............................] - ETA: 2:34 - loss: 0.8095 - acc: 0.6875
 320/3458 [=>............................] - ETA: 2:33 - loss: 0.8087 - acc: 0.6906
 352/3458 [==>...........................] - ETA: 2:31 - loss: 0.8185 - acc: 0.6818
 384/3458 [==>...........................] - ETA: 2:29 - loss: 0.8189 - acc: 0.6797
 416/3458 [==>...........................] - ETA: 2:28 - loss: 0.8092 - acc: 0.6803
 448/3458 [==>...........................] - ETA: 2:26 - loss: 0.7934 - acc: 0.6875
 480/3458 [===>..........................] - ETA: 2:25 - loss: 0.8048 - acc: 0.6875
 512/3458 [===>..........................] - ETA: 2:23 - loss: 0.8127 - acc: 0.6816
 544/3458 [===>..........................] - ETA: 2:22 - loss: 0.8146 - acc: 0.6746
 576/3458 [===>..........................] - ETA: 2:20 - loss: 0.8082 - acc: 0.6753
 608/3458 [====>.........................] - ETA: 2:19 - loss: 0.8133 - acc: 0.6760
 640/3458 [====>.........................] - ETA: 2:17 - loss: 0.8248 - acc: 0.6656
 672/3458 [====>.........................] - ETA: 2:15 - loss: 0.8334 - acc: 0.6622
 704/3458 [=====>........................] - ETA: 2:14 - loss: 0.8398 - acc: 0.6634
 736/3458 [=====>........................] - ETA: 2:12 - loss: 0.8387 - acc: 0.6630
 768/3458 [=====>........................] - ETA: 2:11 - loss: 0.8356 - acc: 0.6654
 800/3458 [=====>........................] - ETA: 2:09 - loss: 0.8469 - acc: 0.6612
 832/3458 [======>.......................] - ETA: 2:08 - loss: 0.8486 - acc: 0.6599
 864/3458 [======>.......................] - ETA: 2:06 - loss: 0.8439 - acc: 0.6609
 896/3458 [======>.......................] - ETA: 2:05 - loss: 0.8332 - acc: 0.6674
 928/3458 [=======>......................] - ETA: 2:03 - loss: 0.8320 - acc: 0.6703
 960/3458 [=======>......................] - ETA: 2:01 - loss: 0.8293 - acc: 0.6719
 992/3458 [=======>......................] - ETA: 2:00 - loss: 0.8361 - acc: 0.6714
1024/3458 [=======>......................] - ETA: 1:58 - loss: 0.8354 - acc: 0.6738
1056/3458 [========>.....................] - ETA: 1:57 - loss: 0.8314 - acc: 0.6752
1088/3458 [========>.....................] - ETA: 1:55 - loss: 0.8304 - acc: 0.6746
1120/3458 [========>.....................] - ETA: 1:54 - loss: 0.8256 - acc: 0.6768
1152/3458 [========>.....................] - ETA: 1:52 - loss: 0.8278 - acc: 0.6762
1184/3458 [=========>....................] - ETA: 1:50 - loss: 0.8234 - acc: 0.6774
1216/3458 [=========>....................] - ETA: 1:49 - loss: 0.8212 - acc: 0.6785
1248/3458 [=========>....................] - ETA: 1:47 - loss: 0.8215 - acc: 0.6803
1280/3458 [==========>...................] - ETA: 1:46 - loss: 0.8104 - acc: 0.6875
1312/3458 [==========>...................] - ETA: 1:44 - loss: 0.8127 - acc: 0.6867
1344/3458 [==========>...................] - ETA: 1:43 - loss: 0.8045 - acc: 0.6912
1376/3458 [==========>...................] - ETA: 1:41 - loss: 0.8010 - acc: 0.6926
1408/3458 [===========>..................] - ETA: 1:39 - loss: 0.8074 - acc: 0.6911
1440/3458 [===========>..................] - ETA: 1:38 - loss: 0.8029 - acc: 0.6917
1472/3458 [===========>..................] - ETA: 1:36 - loss: 0.7991 - acc: 0.6950
1504/3458 [============>.................] - ETA: 1:35 - loss: 0.8053 - acc: 0.6922
1536/3458 [============>.................] - ETA: 1:33 - loss: 0.8038 - acc: 0.6901
1568/3458 [============>.................] - ETA: 1:32 - loss: 0.8077 - acc: 0.6907
1600/3458 [============>.................] - ETA: 1:30 - loss: 0.8088 - acc: 0.6888
1632/3458 [=============>................] - ETA: 1:29 - loss: 0.8098 - acc: 0.6893
1664/3458 [=============>................] - ETA: 1:27 - loss: 0.8122 - acc: 0.6887
1696/3458 [=============>................] - ETA: 1:25 - loss: 0.8109 - acc: 0.6887
1728/3458 [=============>................] - ETA: 1:24 - loss: 0.8109 - acc: 0.6892
1760/3458 [==============>...............] - ETA: 1:22 - loss: 0.8070 - acc: 0.6920
1792/3458 [==============>...............] - ETA: 1:21 - loss: 0.8049 - acc: 0.6936
1824/3458 [==============>...............] - ETA: 1:19 - loss: 0.8049 - acc: 0.6930
1856/3458 [===============>..............] - ETA: 1:18 - loss: 0.8040 - acc: 0.6923
1888/3458 [===============>..............] - ETA: 1:16 - loss: 0.8007 - acc: 0.6939
1920/3458 [===============>..............] - ETA: 1:15 - loss: 0.7981 - acc: 0.6948
1952/3458 [===============>..............] - ETA: 1:13 - loss: 0.8000 - acc: 0.6942
1984/3458 [================>.............] - ETA: 1:11 - loss: 0.7981 - acc: 0.6951
2016/3458 [================>.............] - ETA: 1:10 - loss: 0.7962 - acc: 0.6959
2048/3458 [================>.............] - ETA: 1:08 - loss: 0.7956 - acc: 0.6968
2080/3458 [=================>............] - ETA: 1:07 - loss: 0.7951 - acc: 0.6966
2112/3458 [=================>............] - ETA: 1:05 - loss: 0.7898 - acc: 0.6989
2144/3458 [=================>............] - ETA: 1:04 - loss: 0.7890 - acc: 0.7001
2176/3458 [=================>............] - ETA: 1:02 - loss: 0.7864 - acc: 0.7008
2208/3458 [==================>...........] - ETA: 1:00 - loss: 0.7864 - acc: 0.7002
2240/3458 [==================>...........] - ETA: 59s - loss: 0.7838 - acc: 0.7000 
2272/3458 [==================>...........] - ETA: 57s - loss: 0.7855 - acc: 0.6998
2304/3458 [==================>...........] - ETA: 56s - loss: 0.7878 - acc: 0.6984
2336/3458 [===================>..........] - ETA: 54s - loss: 0.7897 - acc: 0.6978
2368/3458 [===================>..........] - ETA: 53s - loss: 0.7891 - acc: 0.6976
2400/3458 [===================>..........] - ETA: 51s - loss: 0.7888 - acc: 0.6971
2432/3458 [====================>.........] - ETA: 50s - loss: 0.7893 - acc: 0.6974
2464/3458 [====================>.........] - ETA: 48s - loss: 0.7885 - acc: 0.6968
2496/3458 [====================>.........] - ETA: 46s - loss: 0.7916 - acc: 0.6963
2528/3458 [====================>.........] - ETA: 45s - loss: 0.7912 - acc: 0.6962
2560/3458 [=====================>........] - ETA: 43s - loss: 0.7912 - acc: 0.6953
2592/3458 [=====================>........] - ETA: 42s - loss: 0.7909 - acc: 0.6952
2624/3458 [=====================>........] - ETA: 40s - loss: 0.7910 - acc: 0.6959
2656/3458 [======================>.......] - ETA: 39s - loss: 0.7906 - acc: 0.6962
2688/3458 [======================>.......] - ETA: 37s - loss: 0.7898 - acc: 0.6964
2720/3458 [======================>.......] - ETA: 36s - loss: 0.7897 - acc: 0.6963
2752/3458 [======================>.......] - ETA: 34s - loss: 0.7935 - acc: 0.6948
2784/3458 [=======================>......] - ETA: 32s - loss: 0.7956 - acc: 0.6940
2816/3458 [=======================>......] - ETA: 31s - loss: 0.7963 - acc: 0.6942
2848/3458 [=======================>......] - ETA: 29s - loss: 0.7945 - acc: 0.6942
2880/3458 [=======================>......] - ETA: 28s - loss: 0.7954 - acc: 0.6941
2912/3458 [========================>.....] - ETA: 26s - loss: 0.8014 - acc: 0.6913
2944/3458 [========================>.....] - ETA: 25s - loss: 0.8034 - acc: 0.6892
2976/3458 [========================>.....] - ETA: 23s - loss: 0.8019 - acc: 0.6902
3008/3458 [=========================>....] - ETA: 21s - loss: 0.8008 - acc: 0.6908
3040/3458 [=========================>....] - ETA: 20s - loss: 0.7992 - acc: 0.6905
3072/3458 [=========================>....] - ETA: 18s - loss: 0.8005 - acc: 0.6901
3104/3458 [=========================>....] - ETA: 17s - loss: 0.7996 - acc: 0.6904
3136/3458 [==========================>...] - ETA: 15s - loss: 0.8007 - acc: 0.6904
3168/3458 [==========================>...] - ETA: 14s - loss: 0.8004 - acc: 0.6900
3200/3458 [==========================>...] - ETA: 12s - loss: 0.7995 - acc: 0.6906
3232/3458 [===========================>..] - ETA: 11s - loss: 0.7973 - acc: 0.6918
3264/3458 [===========================>..] - ETA: 9s - loss: 0.7980 - acc: 0.6918 
3296/3458 [===========================>..] - ETA: 7s - loss: 0.7989 - acc: 0.6911
3328/3458 [===========================>..] - ETA: 6s - loss: 0.7980 - acc: 0.6908
3360/3458 [============================>.] - ETA: 4s - loss: 0.7984 - acc: 0.6905
3392/3458 [============================>.] - ETA: 3s - loss: 0.7983 - acc: 0.6907
3424/3458 [============================>.] - ETA: 1s - loss: 0.7976 - acc: 0.6910
3456/3458 [============================>.] - ETA: 0s - loss: 0.7972 - acc: 0.6910
3458/3458 [==============================] - 170s 49ms/sample - loss: 0.7969 - acc: 0.6912

 32/865 [>.............................] - ETA: 7s - loss: 1.3962 - acc: 0.5000
 64/865 [=>............................] - ETA: 7s - loss: 1.1637 - acc: 0.5000
 96/865 [==>...........................] - ETA: 6s - loss: 1.1199 - acc: 0.5521
128/865 [===>..........................] - ETA: 6s - loss: 1.0390 - acc: 0.5781
160/865 [====>.........................] - ETA: 6s - loss: 1.0146 - acc: 0.5938
192/865 [=====>........................] - ETA: 5s - loss: 0.9895 - acc: 0.6042
224/865 [======>.......................] - ETA: 5s - loss: 0.9912 - acc: 0.6027
256/865 [=======>......................] - ETA: 5s - loss: 0.9497 - acc: 0.6211
288/865 [========>.....................] - ETA: 5s - loss: 0.9859 - acc: 0.6007
320/865 [==========>...................] - ETA: 4s - loss: 0.9688 - acc: 0.6062
352/865 [===========>..................] - ETA: 4s - loss: 0.9567 - acc: 0.6108
384/865 [============>.................] - ETA: 4s - loss: 0.9561 - acc: 0.6094
416/865 [=============>................] - ETA: 3s - loss: 0.9663 - acc: 0.6082
448/865 [==============>...............] - ETA: 3s - loss: 0.9569 - acc: 0.6094
480/865 [===============>..............] - ETA: 3s - loss: 0.9773 - acc: 0.6021
512/865 [================>.............] - ETA: 3s - loss: 0.9703 - acc: 0.6074
544/865 [=================>............] - ETA: 2s - loss: 0.9798 - acc: 0.6029
576/865 [==================>...........] - ETA: 2s - loss: 0.9767 - acc: 0.6042
608/865 [====================>.........] - ETA: 2s - loss: 0.9778 - acc: 0.6036
640/865 [=====================>........] - ETA: 1s - loss: 0.9773 - acc: 0.6078
672/865 [======================>.......] - ETA: 1s - loss: 0.9734 - acc: 0.6116
704/865 [=======================>......] - ETA: 1s - loss: 0.9742 - acc: 0.6080
736/865 [========================>.....] - ETA: 1s - loss: 0.9734 - acc: 0.6060
768/865 [=========================>....] - ETA: 0s - loss: 0.9735 - acc: 0.6055
800/865 [==========================>...] - ETA: 0s - loss: 0.9585 - acc: 0.6137
832/865 [===========================>..] - ETA: 0s - loss: 0.9545 - acc: 0.6190
864/865 [============================>.] - ETA: 0s - loss: 0.9550 - acc: 0.6157
865/865 [==============================] - 8s 9ms/sample - loss: 0.9542 - acc: 0.6162

  32/3458 [..............................] - ETA: 2:47 - loss: 0.8989 - acc: 0.6562
  64/3458 [..............................] - ETA: 2:46 - loss: 0.8767 - acc: 0.6562
  96/3458 [..............................] - ETA: 2:46 - loss: 0.8199 - acc: 0.6979
 128/3458 [>.............................] - ETA: 2:44 - loss: 0.8034 - acc: 0.6953
 160/3458 [>.............................] - ETA: 2:42 - loss: 0.7616 - acc: 0.7063
 192/3458 [>.............................] - ETA: 2:40 - loss: 0.7589 - acc: 0.6875
 224/3458 [>.............................] - ETA: 2:38 - loss: 0.7536 - acc: 0.6920
 256/3458 [=>............................] - ETA: 2:36 - loss: 0.7352 - acc: 0.7109
 288/3458 [=>............................] - ETA: 2:34 - loss: 0.7242 - acc: 0.7083
 320/3458 [=>............................] - ETA: 2:33 - loss: 0.7216 - acc: 0.7094
 352/3458 [==>...........................] - ETA: 2:31 - loss: 0.7439 - acc: 0.7017
 384/3458 [==>...........................] - ETA: 2:30 - loss: 0.7380 - acc: 0.6979
 416/3458 [==>...........................] - ETA: 2:28 - loss: 0.7347 - acc: 0.7043
 448/3458 [==>...........................] - ETA: 2:26 - loss: 0.7296 - acc: 0.7054
 480/3458 [===>..........................] - ETA: 2:25 - loss: 0.7360 - acc: 0.7042
 512/3458 [===>..........................] - ETA: 2:23 - loss: 0.7229 - acc: 0.7129
 544/3458 [===>..........................] - ETA: 2:22 - loss: 0.7289 - acc: 0.7096
 576/3458 [===>..........................] - ETA: 2:20 - loss: 0.7234 - acc: 0.7083
 608/3458 [====>.........................] - ETA: 2:18 - loss: 0.7390 - acc: 0.7056
 640/3458 [====>.........................] - ETA: 2:17 - loss: 0.7325 - acc: 0.7094
 672/3458 [====>.........................] - ETA: 2:15 - loss: 0.7316 - acc: 0.7098
 704/3458 [=====>........................] - ETA: 2:14 - loss: 0.7183 - acc: 0.7202
 736/3458 [=====>........................] - ETA: 2:12 - loss: 0.7085 - acc: 0.7269
 768/3458 [=====>........................] - ETA: 2:11 - loss: 0.7202 - acc: 0.7227
 800/3458 [=====>........................] - ETA: 2:09 - loss: 0.7160 - acc: 0.7250
 832/3458 [======>.......................] - ETA: 2:08 - loss: 0.7286 - acc: 0.7260
 864/3458 [======>.......................] - ETA: 2:06 - loss: 0.7244 - acc: 0.7292
 896/3458 [======>.......................] - ETA: 2:05 - loss: 0.7288 - acc: 0.7254
 928/3458 [=======>......................] - ETA: 2:03 - loss: 0.7206 - acc: 0.7274
 960/3458 [=======>......................] - ETA: 2:01 - loss: 0.7146 - acc: 0.7271
 992/3458 [=======>......................] - ETA: 2:00 - loss: 0.7190 - acc: 0.7258
1024/3458 [=======>......................] - ETA: 1:58 - loss: 0.7136 - acc: 0.7266
1056/3458 [========>.....................] - ETA: 1:57 - loss: 0.7030 - acc: 0.7301
1088/3458 [========>.....................] - ETA: 1:55 - loss: 0.7071 - acc: 0.7298
1120/3458 [========>.....................] - ETA: 1:54 - loss: 0.7045 - acc: 0.7304
1152/3458 [========>.....................] - ETA: 1:52 - loss: 0.6967 - acc: 0.7335
1184/3458 [=========>....................] - ETA: 1:51 - loss: 0.7014 - acc: 0.7340
1216/3458 [=========>....................] - ETA: 1:49 - loss: 0.7046 - acc: 0.7319
1248/3458 [=========>....................] - ETA: 1:47 - loss: 0.6928 - acc: 0.7372
1280/3458 [==========>...................] - ETA: 1:46 - loss: 0.6974 - acc: 0.7359
1312/3458 [==========>...................] - ETA: 1:44 - loss: 0.7073 - acc: 0.7340
1344/3458 [==========>...................] - ETA: 1:43 - loss: 0.7073 - acc: 0.7321
1376/3458 [==========>...................] - ETA: 1:41 - loss: 0.7129 - acc: 0.7311
1408/3458 [===========>..................] - ETA: 1:40 - loss: 0.7205 - acc: 0.7287
1440/3458 [===========>..................] - ETA: 1:38 - loss: 0.7165 - acc: 0.7306
1472/3458 [===========>..................] - ETA: 1:36 - loss: 0.7146 - acc: 0.7296
1504/3458 [============>.................] - ETA: 1:35 - loss: 0.7147 - acc: 0.7294
1536/3458 [============>.................] - ETA: 1:33 - loss: 0.7153 - acc: 0.7279
1568/3458 [============>.................] - ETA: 1:32 - loss: 0.7117 - acc: 0.7296
1600/3458 [============>.................] - ETA: 1:30 - loss: 0.7181 - acc: 0.7275
1632/3458 [=============>................] - ETA: 1:29 - loss: 0.7178 - acc: 0.7279
1664/3458 [=============>................] - ETA: 1:27 - loss: 0.7229 - acc: 0.7254
1696/3458 [=============>................] - ETA: 1:25 - loss: 0.7245 - acc: 0.7246
1728/3458 [=============>................] - ETA: 1:24 - loss: 0.7230 - acc: 0.7257
1760/3458 [==============>...............] - ETA: 1:22 - loss: 0.7187 - acc: 0.7278
1792/3458 [==============>...............] - ETA: 1:21 - loss: 0.7189 - acc: 0.7294
1824/3458 [==============>...............] - ETA: 1:19 - loss: 0.7225 - acc: 0.7286
1856/3458 [===============>..............] - ETA: 1:18 - loss: 0.7200 - acc: 0.7301
1888/3458 [===============>..............] - ETA: 1:16 - loss: 0.7207 - acc: 0.7299
1920/3458 [===============>..............] - ETA: 1:15 - loss: 0.7188 - acc: 0.7302
1952/3458 [===============>..............] - ETA: 1:13 - loss: 0.7202 - acc: 0.7305
1984/3458 [================>.............] - ETA: 1:11 - loss: 0.7182 - acc: 0.7308
2016/3458 [================>.............] - ETA: 1:10 - loss: 0.7164 - acc: 0.7312
2048/3458 [================>.............] - ETA: 1:09 - loss: 0.7202 - acc: 0.7310
2080/3458 [=================>............] - ETA: 1:07 - loss: 0.7154 - acc: 0.7317
2112/3458 [=================>............] - ETA: 1:06 - loss: 0.7128 - acc: 0.7325
2144/3458 [=================>............] - ETA: 1:04 - loss: 0.7172 - acc: 0.7318
2176/3458 [=================>............] - ETA: 1:02 - loss: 0.7206 - acc: 0.7312
2208/3458 [==================>...........] - ETA: 1:01 - loss: 0.7236 - acc: 0.7310
2240/3458 [==================>...........] - ETA: 59s - loss: 0.7210 - acc: 0.7308 
2272/3458 [==================>...........] - ETA: 58s - loss: 0.7226 - acc: 0.7298
2304/3458 [==================>...........] - ETA: 56s - loss: 0.7251 - acc: 0.7287
2336/3458 [===================>..........] - ETA: 55s - loss: 0.7233 - acc: 0.7290
2368/3458 [===================>..........] - ETA: 53s - loss: 0.7210 - acc: 0.7302
2400/3458 [===================>..........] - ETA: 51s - loss: 0.7252 - acc: 0.7279
2432/3458 [====================>.........] - ETA: 50s - loss: 0.7210 - acc: 0.7294
2464/3458 [====================>.........] - ETA: 48s - loss: 0.7190 - acc: 0.7305
2496/3458 [====================>.........] - ETA: 47s - loss: 0.7223 - acc: 0.7296
2528/3458 [====================>.........] - ETA: 45s - loss: 0.7236 - acc: 0.7271
2560/3458 [=====================>........] - ETA: 44s - loss: 0.7250 - acc: 0.7262
2592/3458 [=====================>........] - ETA: 42s - loss: 0.7269 - acc: 0.7249
2624/3458 [=====================>........] - ETA: 40s - loss: 0.7273 - acc: 0.7252
2656/3458 [======================>.......] - ETA: 39s - loss: 0.7327 - acc: 0.7229
2688/3458 [======================>.......] - ETA: 37s - loss: 0.7335 - acc: 0.7228
2720/3458 [======================>.......] - ETA: 36s - loss: 0.7352 - acc: 0.7224
2752/3458 [======================>.......] - ETA: 34s - loss: 0.7341 - acc: 0.7224
2784/3458 [=======================>......] - ETA: 33s - loss: 0.7354 - acc: 0.7216
2816/3458 [=======================>......] - ETA: 31s - loss: 0.7348 - acc: 0.7216
2848/3458 [=======================>......] - ETA: 29s - loss: 0.7390 - acc: 0.7205
2880/3458 [=======================>......] - ETA: 28s - loss: 0.7374 - acc: 0.7222
2912/3458 [========================>.....] - ETA: 26s - loss: 0.7377 - acc: 0.7208
2944/3458 [========================>.....] - ETA: 25s - loss: 0.7388 - acc: 0.7215
2976/3458 [========================>.....] - ETA: 23s - loss: 0.7370 - acc: 0.7228
3008/3458 [=========================>....] - ETA: 22s - loss: 0.7370 - acc: 0.7227
3040/3458 [=========================>....] - ETA: 20s - loss: 0.7352 - acc: 0.7237
3072/3458 [=========================>....] - ETA: 18s - loss: 0.7337 - acc: 0.7246
3104/3458 [=========================>....] - ETA: 17s - loss: 0.7355 - acc: 0.7236
3136/3458 [==========================>...] - ETA: 15s - loss: 0.7348 - acc: 0.7235
3168/3458 [==========================>...] - ETA: 14s - loss: 0.7321 - acc: 0.7251
3200/3458 [==========================>...] - ETA: 12s - loss: 0.7301 - acc: 0.7256
3232/3458 [===========================>..] - ETA: 11s - loss: 0.7286 - acc: 0.7259
3264/3458 [===========================>..] - ETA: 9s - loss: 0.7279 - acc: 0.7261 
3296/3458 [===========================>..] - ETA: 7s - loss: 0.7275 - acc: 0.7263
3328/3458 [===========================>..] - ETA: 6s - loss: 0.7259 - acc: 0.7263
3360/3458 [============================>.] - ETA: 4s - loss: 0.7246 - acc: 0.7274
3392/3458 [============================>.] - ETA: 3s - loss: 0.7258 - acc: 0.7264
3424/3458 [============================>.] - ETA: 1s - loss: 0.7254 - acc: 0.7263
3456/3458 [============================>.] - ETA: 0s - loss: 0.7248 - acc: 0.7274
3458/3458 [==============================] - 170s 49ms/sample - loss: 0.7244 - acc: 0.7276

 32/865 [>.............................] - ETA: 7s - loss: 1.5068 - acc: 0.5625
 64/865 [=>............................] - ETA: 7s - loss: 1.2858 - acc: 0.5938
 96/865 [==>...........................] - ETA: 6s - loss: 1.1843 - acc: 0.6146
128/865 [===>..........................] - ETA: 6s - loss: 1.0469 - acc: 0.6484
160/865 [====>.........................] - ETA: 6s - loss: 1.0722 - acc: 0.6562
192/865 [=====>........................] - ETA: 5s - loss: 1.0410 - acc: 0.6615
224/865 [======>.......................] - ETA: 5s - loss: 1.0557 - acc: 0.6384
256/865 [=======>......................] - ETA: 5s - loss: 1.0030 - acc: 0.6484
288/865 [========>.....................] - ETA: 5s - loss: 1.0434 - acc: 0.6424
320/865 [==========>...................] - ETA: 4s - loss: 1.0505 - acc: 0.6344
352/865 [===========>..................] - ETA: 4s - loss: 1.0600 - acc: 0.6250
384/865 [============>.................] - ETA: 4s - loss: 1.0570 - acc: 0.6172
416/865 [=============>................] - ETA: 3s - loss: 1.0728 - acc: 0.6106
448/865 [==============>...............] - ETA: 3s - loss: 1.0752 - acc: 0.6094
480/865 [===============>..............] - ETA: 3s - loss: 1.0980 - acc: 0.6042
512/865 [================>.............] - ETA: 3s - loss: 1.0899 - acc: 0.6055
544/865 [=================>............] - ETA: 2s - loss: 1.0963 - acc: 0.5993
576/865 [==================>...........] - ETA: 2s - loss: 1.0894 - acc: 0.5972
608/865 [====================>.........] - ETA: 2s - loss: 1.0852 - acc: 0.5970
640/865 [=====================>........] - ETA: 1s - loss: 1.0727 - acc: 0.6031
672/865 [======================>.......] - ETA: 1s - loss: 1.0647 - acc: 0.6071
704/865 [=======================>......] - ETA: 1s - loss: 1.0732 - acc: 0.6009
736/865 [========================>.....] - ETA: 1s - loss: 1.0688 - acc: 0.6005
768/865 [=========================>....] - ETA: 0s - loss: 1.0661 - acc: 0.6003
800/865 [==========================>...] - ETA: 0s - loss: 1.0463 - acc: 0.6087
832/865 [===========================>..] - ETA: 0s - loss: 1.0398 - acc: 0.6106
864/865 [============================>.] - ETA: 0s - loss: 1.0360 - acc: 0.6123
865/865 [==============================] - 8s 9ms/sample - loss: 1.0354 - acc: 0.6127
