For number of cells in Conv2D=128
For Dropout_1=0.8 Dropout_2=0.2
For number of cells in Dense=128
daisy loaded
dandelion loaded
rose loaded
sunflower loaded
tulip loaded

  32/3458 [..............................] - ETA: 2:17 - loss: 1.6774 - acc: 0.2188
  64/3458 [..............................] - ETA: 2:10 - loss: 5.0727 - acc: 0.1875
  96/3458 [..............................] - ETA: 2:06 - loss: 4.6674 - acc: 0.1667
 128/3458 [>.............................] - ETA: 2:04 - loss: 3.9983 - acc: 0.1641
 160/3458 [>.............................] - ETA: 2:02 - loss: 3.5500 - acc: 0.1750
 192/3458 [>.............................] - ETA: 2:01 - loss: 3.2335 - acc: 0.1823
 224/3458 [>.............................] - ETA: 1:59 - loss: 3.0007 - acc: 0.1741
 256/3458 [=>............................] - ETA: 1:57 - loss: 2.8205 - acc: 0.1875
 288/3458 [=>............................] - ETA: 1:56 - loss: 2.6840 - acc: 0.1840
 320/3458 [=>............................] - ETA: 1:55 - loss: 2.5725 - acc: 0.1781
 352/3458 [==>...........................] - ETA: 1:54 - loss: 2.4770 - acc: 0.1847
 384/3458 [==>...........................] - ETA: 1:53 - loss: 2.3980 - acc: 0.1927
 416/3458 [==>...........................] - ETA: 1:51 - loss: 2.3254 - acc: 0.1995
 448/3458 [==>...........................] - ETA: 1:50 - loss: 2.2673 - acc: 0.2031
 480/3458 [===>..........................] - ETA: 1:49 - loss: 2.2174 - acc: 0.2083
 512/3458 [===>..........................] - ETA: 1:48 - loss: 2.1712 - acc: 0.2090
 544/3458 [===>..........................] - ETA: 1:47 - loss: 2.1300 - acc: 0.2151
 576/3458 [===>..........................] - ETA: 1:45 - loss: 2.0940 - acc: 0.2170
 608/3458 [====>.........................] - ETA: 1:44 - loss: 2.0565 - acc: 0.2303
 640/3458 [====>.........................] - ETA: 1:43 - loss: 2.0285 - acc: 0.2344
 672/3458 [====>.........................] - ETA: 1:42 - loss: 2.0008 - acc: 0.2351
 704/3458 [=====>........................] - ETA: 1:41 - loss: 1.9722 - acc: 0.2358
 736/3458 [=====>........................] - ETA: 1:39 - loss: 1.9483 - acc: 0.2405
 768/3458 [=====>........................] - ETA: 1:38 - loss: 1.9269 - acc: 0.2487
 800/3458 [=====>........................] - ETA: 1:37 - loss: 1.8957 - acc: 0.2575
 832/3458 [======>.......................] - ETA: 1:36 - loss: 1.8789 - acc: 0.2596
 864/3458 [======>.......................] - ETA: 1:35 - loss: 1.8556 - acc: 0.2650
 896/3458 [======>.......................] - ETA: 1:34 - loss: 1.8339 - acc: 0.2679
 928/3458 [=======>......................] - ETA: 1:32 - loss: 1.8102 - acc: 0.2769
 960/3458 [=======>......................] - ETA: 1:31 - loss: 1.7893 - acc: 0.2823
 992/3458 [=======>......................] - ETA: 1:30 - loss: 1.7888 - acc: 0.2883
1024/3458 [=======>......................] - ETA: 1:29 - loss: 1.7748 - acc: 0.2939
1056/3458 [========>.....................] - ETA: 1:28 - loss: 1.7597 - acc: 0.2992
1088/3458 [========>.....................] - ETA: 1:26 - loss: 1.7463 - acc: 0.3033
1120/3458 [========>.....................] - ETA: 1:25 - loss: 1.7367 - acc: 0.3071
1152/3458 [========>.....................] - ETA: 1:24 - loss: 1.7215 - acc: 0.3125
1184/3458 [=========>....................] - ETA: 1:23 - loss: 1.7076 - acc: 0.3133
1216/3458 [=========>....................] - ETA: 1:22 - loss: 1.7103 - acc: 0.3141
1248/3458 [=========>....................] - ETA: 1:21 - loss: 1.6982 - acc: 0.3173
1280/3458 [==========>...................] - ETA: 1:19 - loss: 1.6879 - acc: 0.3227
1312/3458 [==========>...................] - ETA: 1:18 - loss: 1.6785 - acc: 0.3277
1344/3458 [==========>...................] - ETA: 1:17 - loss: 1.6716 - acc: 0.3259
1376/3458 [==========>...................] - ETA: 1:16 - loss: 1.6650 - acc: 0.3256
1408/3458 [===========>..................] - ETA: 1:15 - loss: 1.6593 - acc: 0.3260
1440/3458 [===========>..................] - ETA: 1:13 - loss: 1.6507 - acc: 0.3292
1472/3458 [===========>..................] - ETA: 1:12 - loss: 1.6449 - acc: 0.3295
1504/3458 [============>.................] - ETA: 1:11 - loss: 1.6355 - acc: 0.3324
1536/3458 [============>.................] - ETA: 1:10 - loss: 1.6275 - acc: 0.3327
1568/3458 [============>.................] - ETA: 1:09 - loss: 1.6235 - acc: 0.3335
1600/3458 [============>.................] - ETA: 1:08 - loss: 1.6168 - acc: 0.3369
1632/3458 [=============>................] - ETA: 1:06 - loss: 1.6068 - acc: 0.3444
1664/3458 [=============>................] - ETA: 1:05 - loss: 1.6007 - acc: 0.3468
1696/3458 [=============>................] - ETA: 1:04 - loss: 1.5954 - acc: 0.3455
1728/3458 [=============>................] - ETA: 1:03 - loss: 1.5893 - acc: 0.3484
1760/3458 [==============>...............] - ETA: 1:02 - loss: 1.5831 - acc: 0.3500
1792/3458 [==============>...............] - ETA: 1:01 - loss: 1.5809 - acc: 0.3504
1824/3458 [==============>...............] - ETA: 59s - loss: 1.5742 - acc: 0.3514 
1856/3458 [===============>..............] - ETA: 58s - loss: 1.5702 - acc: 0.3513
1888/3458 [===============>..............] - ETA: 57s - loss: 1.5678 - acc: 0.3522
1920/3458 [===============>..............] - ETA: 56s - loss: 1.5632 - acc: 0.3536
1952/3458 [===============>..............] - ETA: 55s - loss: 1.5602 - acc: 0.3535
1984/3458 [================>.............] - ETA: 53s - loss: 1.5562 - acc: 0.3543
2016/3458 [================>.............] - ETA: 52s - loss: 1.5517 - acc: 0.3547
2048/3458 [================>.............] - ETA: 51s - loss: 1.5470 - acc: 0.3560
2080/3458 [=================>............] - ETA: 50s - loss: 1.5413 - acc: 0.3582
2112/3458 [=================>............] - ETA: 49s - loss: 1.5357 - acc: 0.3598
2144/3458 [=================>............] - ETA: 48s - loss: 1.5291 - acc: 0.3633
2176/3458 [=================>............] - ETA: 46s - loss: 1.5253 - acc: 0.3649
2208/3458 [==================>...........] - ETA: 45s - loss: 1.5208 - acc: 0.3659
2240/3458 [==================>...........] - ETA: 44s - loss: 1.5211 - acc: 0.3643
2272/3458 [==================>...........] - ETA: 43s - loss: 1.5213 - acc: 0.3658
2304/3458 [==================>...........] - ETA: 42s - loss: 1.5165 - acc: 0.3681
2336/3458 [===================>..........] - ETA: 41s - loss: 1.5139 - acc: 0.3703
2368/3458 [===================>..........] - ETA: 39s - loss: 1.5118 - acc: 0.3708
2400/3458 [===================>..........] - ETA: 38s - loss: 1.5087 - acc: 0.3713
2432/3458 [====================>.........] - ETA: 37s - loss: 1.5073 - acc: 0.3721
2464/3458 [====================>.........] - ETA: 36s - loss: 1.5037 - acc: 0.3738
2496/3458 [====================>.........] - ETA: 35s - loss: 1.5014 - acc: 0.3754
2528/3458 [====================>.........] - ETA: 34s - loss: 1.4995 - acc: 0.3766
2560/3458 [=====================>........] - ETA: 32s - loss: 1.4955 - acc: 0.3777
2592/3458 [=====================>........] - ETA: 31s - loss: 1.4945 - acc: 0.3765
2624/3458 [=====================>........] - ETA: 30s - loss: 1.4905 - acc: 0.3769
2656/3458 [======================>.......] - ETA: 29s - loss: 1.4871 - acc: 0.3784
2688/3458 [======================>.......] - ETA: 28s - loss: 1.4832 - acc: 0.3802
2720/3458 [======================>.......] - ETA: 27s - loss: 1.4842 - acc: 0.3816
2752/3458 [======================>.......] - ETA: 25s - loss: 1.4786 - acc: 0.3841
2784/3458 [=======================>......] - ETA: 24s - loss: 1.4746 - acc: 0.3858
2816/3458 [=======================>......] - ETA: 23s - loss: 1.4735 - acc: 0.3885
2848/3458 [=======================>......] - ETA: 22s - loss: 1.4669 - acc: 0.3912
2880/3458 [=======================>......] - ETA: 21s - loss: 1.4648 - acc: 0.3920
2912/3458 [========================>.....] - ETA: 19s - loss: 1.4644 - acc: 0.3925
2944/3458 [========================>.....] - ETA: 18s - loss: 1.4632 - acc: 0.3930
2976/3458 [========================>.....] - ETA: 17s - loss: 1.4636 - acc: 0.3931
3008/3458 [=========================>....] - ETA: 16s - loss: 1.4658 - acc: 0.3926
3040/3458 [=========================>....] - ETA: 15s - loss: 1.4632 - acc: 0.3931
3072/3458 [=========================>....] - ETA: 14s - loss: 1.4602 - acc: 0.3945
3104/3458 [=========================>....] - ETA: 12s - loss: 1.4563 - acc: 0.3979
3136/3458 [==========================>...] - ETA: 11s - loss: 1.4544 - acc: 0.3983
3168/3458 [==========================>...] - ETA: 10s - loss: 1.4520 - acc: 0.3990
3200/3458 [==========================>...] - ETA: 9s - loss: 1.4501 - acc: 0.3994 
3232/3458 [===========================>..] - ETA: 8s - loss: 1.4503 - acc: 0.4016
3264/3458 [===========================>..] - ETA: 7s - loss: 1.4473 - acc: 0.4023
3296/3458 [===========================>..] - ETA: 5s - loss: 1.4461 - acc: 0.4029
3328/3458 [===========================>..] - ETA: 4s - loss: 1.4448 - acc: 0.4038
3360/3458 [============================>.] - ETA: 3s - loss: 1.4444 - acc: 0.4033
3392/3458 [============================>.] - ETA: 2s - loss: 1.4417 - acc: 0.4054
3424/3458 [============================>.] - ETA: 1s - loss: 1.4409 - acc: 0.4062
3456/3458 [============================>.] - ETA: 0s - loss: 1.4372 - acc: 0.4077
3458/3458 [==============================] - 127s 37ms/sample - loss: 1.4369 - acc: 0.4078

 32/865 [>.............................] - ETA: 7s - loss: 1.3519 - acc: 0.5312
 64/865 [=>............................] - ETA: 6s - loss: 1.1788 - acc: 0.5938
 96/865 [==>...........................] - ETA: 6s - loss: 1.2470 - acc: 0.5625
128/865 [===>..........................] - ETA: 5s - loss: 1.2604 - acc: 0.5469
160/865 [====>.........................] - ETA: 5s - loss: 1.3302 - acc: 0.5188
192/865 [=====>........................] - ETA: 5s - loss: 1.2833 - acc: 0.5156
224/865 [======>.......................] - ETA: 5s - loss: 1.2698 - acc: 0.5089
256/865 [=======>......................] - ETA: 4s - loss: 1.2468 - acc: 0.5234
288/865 [========>.....................] - ETA: 4s - loss: 1.2476 - acc: 0.5104
320/865 [==========>...................] - ETA: 4s - loss: 1.2203 - acc: 0.5156
352/865 [===========>..................] - ETA: 4s - loss: 1.2032 - acc: 0.5284
384/865 [============>.................] - ETA: 3s - loss: 1.2012 - acc: 0.5260
416/865 [=============>................] - ETA: 3s - loss: 1.1877 - acc: 0.5264
448/865 [==============>...............] - ETA: 3s - loss: 1.1766 - acc: 0.5312
480/865 [===============>..............] - ETA: 3s - loss: 1.1841 - acc: 0.5229
512/865 [================>.............] - ETA: 2s - loss: 1.1834 - acc: 0.5215
544/865 [=================>............] - ETA: 2s - loss: 1.1810 - acc: 0.5147
576/865 [==================>...........] - ETA: 2s - loss: 1.1906 - acc: 0.5191
608/865 [====================>.........] - ETA: 2s - loss: 1.1933 - acc: 0.5132
640/865 [=====================>........] - ETA: 1s - loss: 1.1867 - acc: 0.5172
672/865 [======================>.......] - ETA: 1s - loss: 1.1846 - acc: 0.5193
704/865 [=======================>......] - ETA: 1s - loss: 1.1789 - acc: 0.5156
736/865 [========================>.....] - ETA: 1s - loss: 1.1932 - acc: 0.5082
768/865 [=========================>....] - ETA: 0s - loss: 1.1971 - acc: 0.5078
800/865 [==========================>...] - ETA: 0s - loss: 1.2031 - acc: 0.5075
832/865 [===========================>..] - ETA: 0s - loss: 1.1934 - acc: 0.5108
864/865 [============================>.] - ETA: 0s - loss: 1.2129 - acc: 0.5093
865/865 [==============================] - 7s 8ms/sample - loss: 1.2122 - acc: 0.5098

  32/3458 [..............................] - ETA: 2:03 - loss: 1.1228 - acc: 0.5938
  64/3458 [..............................] - ETA: 2:03 - loss: 1.3013 - acc: 0.4688
  96/3458 [..............................] - ETA: 2:01 - loss: 1.2394 - acc: 0.4688
 128/3458 [>.............................] - ETA: 2:00 - loss: 1.2387 - acc: 0.4844
 160/3458 [>.............................] - ETA: 1:59 - loss: 1.2315 - acc: 0.4938
 192/3458 [>.............................] - ETA: 1:58 - loss: 1.2344 - acc: 0.4844
 224/3458 [>.............................] - ETA: 1:57 - loss: 1.2461 - acc: 0.4821
 256/3458 [=>............................] - ETA: 1:57 - loss: 1.2377 - acc: 0.4883
 288/3458 [=>............................] - ETA: 1:55 - loss: 1.2321 - acc: 0.4861
 320/3458 [=>............................] - ETA: 1:54 - loss: 1.2130 - acc: 0.4906
 352/3458 [==>...........................] - ETA: 1:53 - loss: 1.2031 - acc: 0.4915
 384/3458 [==>...........................] - ETA: 1:52 - loss: 1.2080 - acc: 0.4844
 416/3458 [==>...........................] - ETA: 1:51 - loss: 1.2120 - acc: 0.4856
 448/3458 [==>...........................] - ETA: 1:50 - loss: 1.2092 - acc: 0.4933
 480/3458 [===>..........................] - ETA: 1:49 - loss: 1.2200 - acc: 0.4896
 512/3458 [===>..........................] - ETA: 1:47 - loss: 1.2127 - acc: 0.5000
 544/3458 [===>..........................] - ETA: 1:46 - loss: 1.2076 - acc: 0.5000
 576/3458 [===>..........................] - ETA: 1:45 - loss: 1.2077 - acc: 0.4983
 608/3458 [====>.........................] - ETA: 1:44 - loss: 1.2095 - acc: 0.4918
 640/3458 [====>.........................] - ETA: 1:43 - loss: 1.2081 - acc: 0.4891
 672/3458 [====>.........................] - ETA: 1:42 - loss: 1.2084 - acc: 0.4866
 704/3458 [=====>........................] - ETA: 1:40 - loss: 1.2035 - acc: 0.4858
 736/3458 [=====>........................] - ETA: 1:39 - loss: 1.2058 - acc: 0.4851
 768/3458 [=====>........................] - ETA: 1:38 - loss: 1.2053 - acc: 0.4870
 800/3458 [=====>........................] - ETA: 1:37 - loss: 1.2018 - acc: 0.4875
 832/3458 [======>.......................] - ETA: 1:36 - loss: 1.2032 - acc: 0.4844
 864/3458 [======>.......................] - ETA: 1:35 - loss: 1.1945 - acc: 0.4850
 896/3458 [======>.......................] - ETA: 1:33 - loss: 1.2065 - acc: 0.4866
 928/3458 [=======>......................] - ETA: 1:32 - loss: 1.2066 - acc: 0.4860
 960/3458 [=======>......................] - ETA: 1:31 - loss: 1.2040 - acc: 0.4885
 992/3458 [=======>......................] - ETA: 1:30 - loss: 1.2084 - acc: 0.4889
1024/3458 [=======>......................] - ETA: 1:29 - loss: 1.2051 - acc: 0.4912
1056/3458 [========>.....................] - ETA: 1:27 - loss: 1.2004 - acc: 0.4924
1088/3458 [========>.....................] - ETA: 1:26 - loss: 1.1911 - acc: 0.4972
1120/3458 [========>.....................] - ETA: 1:25 - loss: 1.1824 - acc: 0.4991
1152/3458 [========>.....................] - ETA: 1:24 - loss: 1.1832 - acc: 0.4965
1184/3458 [=========>....................] - ETA: 1:23 - loss: 1.1828 - acc: 0.4949
1216/3458 [=========>....................] - ETA: 1:22 - loss: 1.1748 - acc: 0.4975
1248/3458 [=========>....................] - ETA: 1:20 - loss: 1.1725 - acc: 0.5024
1280/3458 [==========>...................] - ETA: 1:19 - loss: 1.1722 - acc: 0.5039
1312/3458 [==========>...................] - ETA: 1:18 - loss: 1.1737 - acc: 0.5023
1344/3458 [==========>...................] - ETA: 1:17 - loss: 1.1774 - acc: 0.5015
1376/3458 [==========>...................] - ETA: 1:16 - loss: 1.1715 - acc: 0.5036
1408/3458 [===========>..................] - ETA: 1:15 - loss: 1.1690 - acc: 0.5050
1440/3458 [===========>..................] - ETA: 1:13 - loss: 1.1697 - acc: 0.5014
1472/3458 [===========>..................] - ETA: 1:12 - loss: 1.1746 - acc: 0.5020
1504/3458 [============>.................] - ETA: 1:11 - loss: 1.1772 - acc: 0.5007
1536/3458 [============>.................] - ETA: 1:10 - loss: 1.1818 - acc: 0.5000
1568/3458 [============>.................] - ETA: 1:09 - loss: 1.1813 - acc: 0.5000
1600/3458 [============>.................] - ETA: 1:08 - loss: 1.1784 - acc: 0.5006
1632/3458 [=============>................] - ETA: 1:06 - loss: 1.1791 - acc: 0.5006
1664/3458 [=============>................] - ETA: 1:05 - loss: 1.1801 - acc: 0.5030
1696/3458 [=============>................] - ETA: 1:04 - loss: 1.1812 - acc: 0.5035
1728/3458 [=============>................] - ETA: 1:03 - loss: 1.1794 - acc: 0.5064
1760/3458 [==============>...............] - ETA: 1:02 - loss: 1.1744 - acc: 0.5108
1792/3458 [==============>...............] - ETA: 1:00 - loss: 1.1748 - acc: 0.5117
1824/3458 [==============>...............] - ETA: 59s - loss: 1.1740 - acc: 0.5126 
1856/3458 [===============>..............] - ETA: 58s - loss: 1.1730 - acc: 0.5113
1888/3458 [===============>..............] - ETA: 57s - loss: 1.1699 - acc: 0.5148
1920/3458 [===============>..............] - ETA: 56s - loss: 1.1688 - acc: 0.5167
1952/3458 [===============>..............] - ETA: 55s - loss: 1.1666 - acc: 0.5179
1984/3458 [================>.............] - ETA: 54s - loss: 1.1660 - acc: 0.5197
2016/3458 [================>.............] - ETA: 52s - loss: 1.1624 - acc: 0.5198
2048/3458 [================>.............] - ETA: 51s - loss: 1.1595 - acc: 0.5210
2080/3458 [=================>............] - ETA: 50s - loss: 1.1590 - acc: 0.5202
2112/3458 [=================>............] - ETA: 49s - loss: 1.1573 - acc: 0.5194
2144/3458 [=================>............] - ETA: 48s - loss: 1.1569 - acc: 0.5210
2176/3458 [=================>............] - ETA: 46s - loss: 1.1551 - acc: 0.5216
2208/3458 [==================>...........] - ETA: 45s - loss: 1.1556 - acc: 0.5217
2240/3458 [==================>...........] - ETA: 44s - loss: 1.1591 - acc: 0.5210
2272/3458 [==================>...........] - ETA: 43s - loss: 1.1585 - acc: 0.5202
2304/3458 [==================>...........] - ETA: 42s - loss: 1.1557 - acc: 0.5208
2336/3458 [===================>..........] - ETA: 41s - loss: 1.1565 - acc: 0.5197
2368/3458 [===================>..........] - ETA: 39s - loss: 1.1542 - acc: 0.5215
2400/3458 [===================>..........] - ETA: 38s - loss: 1.1532 - acc: 0.5221
2432/3458 [====================>.........] - ETA: 37s - loss: 1.1516 - acc: 0.5243
2464/3458 [====================>.........] - ETA: 36s - loss: 1.1502 - acc: 0.5244
2496/3458 [====================>.........] - ETA: 35s - loss: 1.1539 - acc: 0.5256
2528/3458 [====================>.........] - ETA: 34s - loss: 1.1514 - acc: 0.5269
2560/3458 [=====================>........] - ETA: 32s - loss: 1.1507 - acc: 0.5277
2592/3458 [=====================>........] - ETA: 31s - loss: 1.1524 - acc: 0.5274
2624/3458 [=====================>........] - ETA: 30s - loss: 1.1524 - acc: 0.5271
2656/3458 [======================>.......] - ETA: 29s - loss: 1.1496 - acc: 0.5264
2688/3458 [======================>.......] - ETA: 28s - loss: 1.1484 - acc: 0.5279
2720/3458 [======================>.......] - ETA: 27s - loss: 1.1477 - acc: 0.5276
2752/3458 [======================>.......] - ETA: 25s - loss: 1.1468 - acc: 0.5283
2784/3458 [=======================>......] - ETA: 24s - loss: 1.1434 - acc: 0.5295
2816/3458 [=======================>......] - ETA: 23s - loss: 1.1439 - acc: 0.5277
2848/3458 [=======================>......] - ETA: 22s - loss: 1.1452 - acc: 0.5270
2880/3458 [=======================>......] - ETA: 21s - loss: 1.1454 - acc: 0.5278
2912/3458 [========================>.....] - ETA: 20s - loss: 1.1435 - acc: 0.5292
2944/3458 [========================>.....] - ETA: 18s - loss: 1.1442 - acc: 0.5285
2976/3458 [========================>.....] - ETA: 17s - loss: 1.1446 - acc: 0.5292
3008/3458 [=========================>....] - ETA: 16s - loss: 1.1449 - acc: 0.5289
3040/3458 [=========================>....] - ETA: 15s - loss: 1.1449 - acc: 0.5283
3072/3458 [=========================>....] - ETA: 14s - loss: 1.1448 - acc: 0.5280
3104/3458 [=========================>....] - ETA: 12s - loss: 1.1495 - acc: 0.5267
3136/3458 [==========================>...] - ETA: 11s - loss: 1.1497 - acc: 0.5268
3168/3458 [==========================>...] - ETA: 10s - loss: 1.1496 - acc: 0.5271
3200/3458 [==========================>...] - ETA: 9s - loss: 1.1481 - acc: 0.5278 
3232/3458 [===========================>..] - ETA: 8s - loss: 1.1471 - acc: 0.5297
3264/3458 [===========================>..] - ETA: 7s - loss: 1.1471 - acc: 0.5297
3296/3458 [===========================>..] - ETA: 5s - loss: 1.1476 - acc: 0.5294
3328/3458 [===========================>..] - ETA: 4s - loss: 1.1474 - acc: 0.5297
3360/3458 [============================>.] - ETA: 3s - loss: 1.1467 - acc: 0.5295
3392/3458 [============================>.] - ETA: 2s - loss: 1.1441 - acc: 0.5312
3424/3458 [============================>.] - ETA: 1s - loss: 1.1443 - acc: 0.5310
3456/3458 [============================>.] - ETA: 0s - loss: 1.1451 - acc: 0.5312
3458/3458 [==============================] - 127s 37ms/sample - loss: 1.1446 - acc: 0.5315

 32/865 [>.............................] - ETA: 7s - loss: 1.0026 - acc: 0.6250
 64/865 [=>............................] - ETA: 6s - loss: 0.9365 - acc: 0.6562
 96/865 [==>...........................] - ETA: 6s - loss: 1.0709 - acc: 0.5729
128/865 [===>..........................] - ETA: 5s - loss: 1.0958 - acc: 0.5625
160/865 [====>.........................] - ETA: 5s - loss: 1.1333 - acc: 0.5500
192/865 [=====>........................] - ETA: 5s - loss: 1.1122 - acc: 0.5625
224/865 [======>.......................] - ETA: 5s - loss: 1.0918 - acc: 0.5759
256/865 [=======>......................] - ETA: 4s - loss: 1.0696 - acc: 0.5703
288/865 [========>.....................] - ETA: 4s - loss: 1.0655 - acc: 0.5694
320/865 [==========>...................] - ETA: 4s - loss: 1.0548 - acc: 0.5656
352/865 [===========>..................] - ETA: 4s - loss: 1.0419 - acc: 0.5795
384/865 [============>.................] - ETA: 3s - loss: 1.0427 - acc: 0.5755
416/865 [=============>................] - ETA: 3s - loss: 1.0196 - acc: 0.5841
448/865 [==============>...............] - ETA: 3s - loss: 1.0107 - acc: 0.5871
480/865 [===============>..............] - ETA: 3s - loss: 1.0333 - acc: 0.5896
512/865 [================>.............] - ETA: 2s - loss: 1.0345 - acc: 0.5938
544/865 [=================>............] - ETA: 2s - loss: 1.0329 - acc: 0.5901
576/865 [==================>...........] - ETA: 2s - loss: 1.0325 - acc: 0.5885
608/865 [====================>.........] - ETA: 2s - loss: 1.0311 - acc: 0.5888
640/865 [=====================>........] - ETA: 1s - loss: 1.0297 - acc: 0.5906
672/865 [======================>.......] - ETA: 1s - loss: 1.0179 - acc: 0.5982
704/865 [=======================>......] - ETA: 1s - loss: 1.0077 - acc: 0.6037
736/865 [========================>.....] - ETA: 1s - loss: 1.0003 - acc: 0.6046
768/865 [=========================>....] - ETA: 0s - loss: 1.0056 - acc: 0.6068
800/865 [==========================>...] - ETA: 0s - loss: 1.0063 - acc: 0.6062
832/865 [===========================>..] - ETA: 0s - loss: 1.0013 - acc: 0.6058
864/865 [============================>.] - ETA: 0s - loss: 1.0209 - acc: 0.5995
865/865 [==============================] - 7s 8ms/sample - loss: 1.0204 - acc: 0.6000

  32/3458 [..............................] - ETA: 2:04 - loss: 0.7963 - acc: 0.7500
  64/3458 [..............................] - ETA: 2:03 - loss: 0.7835 - acc: 0.6875
  96/3458 [..............................] - ETA: 2:02 - loss: 0.9012 - acc: 0.6458
 128/3458 [>.............................] - ETA: 2:01 - loss: 0.9642 - acc: 0.6250
 160/3458 [>.............................] - ETA: 2:00 - loss: 0.9833 - acc: 0.6313
 192/3458 [>.............................] - ETA: 1:59 - loss: 1.0024 - acc: 0.6198
 224/3458 [>.............................] - ETA: 1:58 - loss: 0.9649 - acc: 0.6250
 256/3458 [=>............................] - ETA: 1:56 - loss: 0.9463 - acc: 0.6211
 288/3458 [=>............................] - ETA: 1:56 - loss: 0.9611 - acc: 0.6111
 320/3458 [=>............................] - ETA: 1:54 - loss: 0.9611 - acc: 0.6156
 352/3458 [==>...........................] - ETA: 1:53 - loss: 0.9567 - acc: 0.6136
 384/3458 [==>...........................] - ETA: 1:52 - loss: 0.9786 - acc: 0.6094
 416/3458 [==>...........................] - ETA: 1:51 - loss: 0.9857 - acc: 0.6082
 448/3458 [==>...........................] - ETA: 1:50 - loss: 0.9889 - acc: 0.6071
 480/3458 [===>..........................] - ETA: 1:49 - loss: 0.9881 - acc: 0.6146
 512/3458 [===>..........................] - ETA: 1:47 - loss: 0.9890 - acc: 0.6172
 544/3458 [===>..........................] - ETA: 1:46 - loss: 0.9987 - acc: 0.6158
 576/3458 [===>..........................] - ETA: 1:45 - loss: 0.9894 - acc: 0.6233
 608/3458 [====>.........................] - ETA: 1:44 - loss: 0.9919 - acc: 0.6266
 640/3458 [====>.........................] - ETA: 1:43 - loss: 1.0002 - acc: 0.6234
 672/3458 [====>.........................] - ETA: 1:42 - loss: 1.0117 - acc: 0.6190
 704/3458 [=====>........................] - ETA: 1:40 - loss: 1.0083 - acc: 0.6165
 736/3458 [=====>........................] - ETA: 1:39 - loss: 1.0202 - acc: 0.6046
 768/3458 [=====>........................] - ETA: 1:38 - loss: 1.0170 - acc: 0.6068
 800/3458 [=====>........................] - ETA: 1:37 - loss: 1.0313 - acc: 0.6012
 832/3458 [======>.......................] - ETA: 1:36 - loss: 1.0452 - acc: 0.5974
 864/3458 [======>.......................] - ETA: 1:35 - loss: 1.0472 - acc: 0.5949
 896/3458 [======>.......................] - ETA: 1:33 - loss: 1.0463 - acc: 0.5926
 928/3458 [=======>......................] - ETA: 1:32 - loss: 1.0466 - acc: 0.5938
 960/3458 [=======>......................] - ETA: 1:31 - loss: 1.0483 - acc: 0.5917
 992/3458 [=======>......................] - ETA: 1:30 - loss: 1.0462 - acc: 0.5907
1024/3458 [=======>......................] - ETA: 1:29 - loss: 1.0440 - acc: 0.5928
1056/3458 [========>.....................] - ETA: 1:28 - loss: 1.0493 - acc: 0.5938
1088/3458 [========>.....................] - ETA: 1:26 - loss: 1.0439 - acc: 0.5974
1120/3458 [========>.....................] - ETA: 1:25 - loss: 1.0397 - acc: 0.5982
1152/3458 [========>.....................] - ETA: 1:24 - loss: 1.0396 - acc: 0.5990
1184/3458 [=========>....................] - ETA: 1:23 - loss: 1.0489 - acc: 0.5980
1216/3458 [=========>....................] - ETA: 1:22 - loss: 1.0474 - acc: 0.5987
1248/3458 [=========>....................] - ETA: 1:20 - loss: 1.0436 - acc: 0.5970
1280/3458 [==========>...................] - ETA: 1:19 - loss: 1.0421 - acc: 0.5992
1312/3458 [==========>...................] - ETA: 1:18 - loss: 1.0396 - acc: 0.5976
1344/3458 [==========>...................] - ETA: 1:17 - loss: 1.0371 - acc: 0.5997
1376/3458 [==========>...................] - ETA: 1:16 - loss: 1.0378 - acc: 0.5996
1408/3458 [===========>..................] - ETA: 1:15 - loss: 1.0366 - acc: 0.5994
1440/3458 [===========>..................] - ETA: 1:13 - loss: 1.0377 - acc: 0.5993
1472/3458 [===========>..................] - ETA: 1:12 - loss: 1.0420 - acc: 0.5951
1504/3458 [============>.................] - ETA: 1:11 - loss: 1.0401 - acc: 0.5964
1536/3458 [============>.................] - ETA: 1:10 - loss: 1.0368 - acc: 0.5990
1568/3458 [============>.................] - ETA: 1:09 - loss: 1.0342 - acc: 0.6001
1600/3458 [============>.................] - ETA: 1:08 - loss: 1.0327 - acc: 0.6006
1632/3458 [=============>................] - ETA: 1:06 - loss: 1.0385 - acc: 0.5980
1664/3458 [=============>................] - ETA: 1:05 - loss: 1.0374 - acc: 0.5986
1696/3458 [=============>................] - ETA: 1:04 - loss: 1.0362 - acc: 0.6008
1728/3458 [=============>................] - ETA: 1:03 - loss: 1.0360 - acc: 0.6013
1760/3458 [==============>...............] - ETA: 1:02 - loss: 1.0378 - acc: 0.6006
1792/3458 [==============>...............] - ETA: 1:01 - loss: 1.0396 - acc: 0.5988
1824/3458 [==============>...............] - ETA: 59s - loss: 1.0405 - acc: 0.5976 
1856/3458 [===============>..............] - ETA: 58s - loss: 1.0395 - acc: 0.5981
1888/3458 [===============>..............] - ETA: 57s - loss: 1.0425 - acc: 0.5964
1920/3458 [===============>..............] - ETA: 56s - loss: 1.0418 - acc: 0.5969
1952/3458 [===============>..............] - ETA: 55s - loss: 1.0452 - acc: 0.5978
1984/3458 [================>.............] - ETA: 54s - loss: 1.0388 - acc: 0.6003
2016/3458 [================>.............] - ETA: 52s - loss: 1.0385 - acc: 0.5997
2048/3458 [================>.............] - ETA: 51s - loss: 1.0386 - acc: 0.5996
2080/3458 [=================>............] - ETA: 50s - loss: 1.0358 - acc: 0.6005
2112/3458 [=================>............] - ETA: 49s - loss: 1.0344 - acc: 0.6004
2144/3458 [=================>............] - ETA: 48s - loss: 1.0321 - acc: 0.6012
2176/3458 [=================>............] - ETA: 47s - loss: 1.0306 - acc: 0.6020
2208/3458 [==================>...........] - ETA: 45s - loss: 1.0301 - acc: 0.6024
2240/3458 [==================>...........] - ETA: 44s - loss: 1.0259 - acc: 0.6027
2272/3458 [==================>...........] - ETA: 43s - loss: 1.0265 - acc: 0.6021
2304/3458 [==================>...........] - ETA: 42s - loss: 1.0269 - acc: 0.6037
2336/3458 [===================>..........] - ETA: 41s - loss: 1.0230 - acc: 0.6053
2368/3458 [===================>..........] - ETA: 39s - loss: 1.0216 - acc: 0.6064
2400/3458 [===================>..........] - ETA: 38s - loss: 1.0196 - acc: 0.6067
2432/3458 [====================>.........] - ETA: 37s - loss: 1.0188 - acc: 0.6077
2464/3458 [====================>.........] - ETA: 36s - loss: 1.0189 - acc: 0.6071
2496/3458 [====================>.........] - ETA: 35s - loss: 1.0187 - acc: 0.6058
2528/3458 [====================>.........] - ETA: 34s - loss: 1.0204 - acc: 0.6040
2560/3458 [=====================>........] - ETA: 32s - loss: 1.0173 - acc: 0.6051
2592/3458 [=====================>........] - ETA: 31s - loss: 1.0158 - acc: 0.6073
2624/3458 [=====================>........] - ETA: 30s - loss: 1.0139 - acc: 0.6079
2656/3458 [======================>.......] - ETA: 29s - loss: 1.0147 - acc: 0.6088
2688/3458 [======================>.......] - ETA: 28s - loss: 1.0150 - acc: 0.6079
2720/3458 [======================>.......] - ETA: 27s - loss: 1.0168 - acc: 0.6074
2752/3458 [======================>.......] - ETA: 25s - loss: 1.0155 - acc: 0.6083
2784/3458 [=======================>......] - ETA: 24s - loss: 1.0132 - acc: 0.6096
2816/3458 [=======================>......] - ETA: 23s - loss: 1.0145 - acc: 0.6087
2848/3458 [=======================>......] - ETA: 22s - loss: 1.0170 - acc: 0.6081
2880/3458 [=======================>......] - ETA: 21s - loss: 1.0207 - acc: 0.6062
2912/3458 [========================>.....] - ETA: 20s - loss: 1.0221 - acc: 0.6061
2944/3458 [========================>.....] - ETA: 18s - loss: 1.0226 - acc: 0.6060
2976/3458 [========================>.....] - ETA: 17s - loss: 1.0231 - acc: 0.6048
3008/3458 [=========================>....] - ETA: 16s - loss: 1.0250 - acc: 0.6037
3040/3458 [=========================>....] - ETA: 15s - loss: 1.0254 - acc: 0.6033
3072/3458 [=========================>....] - ETA: 14s - loss: 1.0252 - acc: 0.6048
3104/3458 [=========================>....] - ETA: 12s - loss: 1.0247 - acc: 0.6050
3136/3458 [==========================>...] - ETA: 11s - loss: 1.0238 - acc: 0.6052
3168/3458 [==========================>...] - ETA: 10s - loss: 1.0244 - acc: 0.6057
3200/3458 [==========================>...] - ETA: 9s - loss: 1.0234 - acc: 0.6069 
3232/3458 [===========================>..] - ETA: 8s - loss: 1.0209 - acc: 0.6083
3264/3458 [===========================>..] - ETA: 7s - loss: 1.0199 - acc: 0.6078
3296/3458 [===========================>..] - ETA: 5s - loss: 1.0211 - acc: 0.6077
3328/3458 [===========================>..] - ETA: 4s - loss: 1.0200 - acc: 0.6076
3360/3458 [============================>.] - ETA: 3s - loss: 1.0217 - acc: 0.6060
3392/3458 [============================>.] - ETA: 2s - loss: 1.0219 - acc: 0.6061
3424/3458 [============================>.] - ETA: 1s - loss: 1.0220 - acc: 0.6054
3456/3458 [============================>.] - ETA: 0s - loss: 1.0254 - acc: 0.6042
3458/3458 [==============================] - 127s 37ms/sample - loss: 1.0259 - acc: 0.6038

 32/865 [>.............................] - ETA: 6s - loss: 1.0874 - acc: 0.6250
 64/865 [=>............................] - ETA: 6s - loss: 0.9326 - acc: 0.7188
 96/865 [==>...........................] - ETA: 6s - loss: 1.0319 - acc: 0.6875
128/865 [===>..........................] - ETA: 5s - loss: 1.0894 - acc: 0.6250
160/865 [====>.........................] - ETA: 5s - loss: 1.1203 - acc: 0.6062
192/865 [=====>........................] - ETA: 5s - loss: 1.0848 - acc: 0.6250
224/865 [======>.......................] - ETA: 5s - loss: 1.0638 - acc: 0.6205
256/865 [=======>......................] - ETA: 4s - loss: 1.0791 - acc: 0.6172
288/865 [========>.....................] - ETA: 4s - loss: 1.0992 - acc: 0.5972
320/865 [==========>...................] - ETA: 4s - loss: 1.0717 - acc: 0.6062
352/865 [===========>..................] - ETA: 4s - loss: 1.0375 - acc: 0.6250
384/865 [============>.................] - ETA: 3s - loss: 1.0260 - acc: 0.6354
416/865 [=============>................] - ETA: 3s - loss: 1.0029 - acc: 0.6466
448/865 [==============>...............] - ETA: 3s - loss: 0.9938 - acc: 0.6429
480/865 [===============>..............] - ETA: 3s - loss: 1.0248 - acc: 0.6333
512/865 [================>.............] - ETA: 2s - loss: 1.0192 - acc: 0.6328
544/865 [=================>............] - ETA: 2s - loss: 1.0146 - acc: 0.6305
576/865 [==================>...........] - ETA: 2s - loss: 1.0252 - acc: 0.6215
608/865 [====================>.........] - ETA: 2s - loss: 1.0287 - acc: 0.6118
640/865 [=====================>........] - ETA: 1s - loss: 1.0224 - acc: 0.6094
672/865 [======================>.......] - ETA: 1s - loss: 1.0299 - acc: 0.6057
704/865 [=======================>......] - ETA: 1s - loss: 1.0245 - acc: 0.6051
736/865 [========================>.....] - ETA: 1s - loss: 1.0293 - acc: 0.6019
768/865 [=========================>....] - ETA: 0s - loss: 1.0458 - acc: 0.5951
800/865 [==========================>...] - ETA: 0s - loss: 1.0505 - acc: 0.5938
832/865 [===========================>..] - ETA: 0s - loss: 1.0392 - acc: 0.5986
864/865 [============================>.] - ETA: 0s - loss: 1.0658 - acc: 0.5926
865/865 [==============================] - 7s 8ms/sample - loss: 1.0649 - acc: 0.5931

  32/3458 [..............................] - ETA: 2:04 - loss: 0.9994 - acc: 0.7188
  64/3458 [..............................] - ETA: 2:04 - loss: 0.8876 - acc: 0.6719
  96/3458 [..............................] - ETA: 2:02 - loss: 0.8526 - acc: 0.6979
 128/3458 [>.............................] - ETA: 2:02 - loss: 0.8442 - acc: 0.7109
 160/3458 [>.............................] - ETA: 2:00 - loss: 0.8732 - acc: 0.7125
 192/3458 [>.............................] - ETA: 1:59 - loss: 0.8363 - acc: 0.7292
 224/3458 [>.............................] - ETA: 1:58 - loss: 0.8445 - acc: 0.7232
 256/3458 [=>............................] - ETA: 1:57 - loss: 0.8456 - acc: 0.7070
 288/3458 [=>............................] - ETA: 1:56 - loss: 0.8634 - acc: 0.6840
 320/3458 [=>............................] - ETA: 1:55 - loss: 0.8989 - acc: 0.6687
 352/3458 [==>...........................] - ETA: 1:53 - loss: 0.8978 - acc: 0.6705
 384/3458 [==>...........................] - ETA: 1:52 - loss: 0.9006 - acc: 0.6693
 416/3458 [==>...........................] - ETA: 1:51 - loss: 0.9023 - acc: 0.6635
 448/3458 [==>...........................] - ETA: 1:50 - loss: 0.9029 - acc: 0.6585
 480/3458 [===>..........................] - ETA: 1:49 - loss: 0.9232 - acc: 0.6500
 512/3458 [===>..........................] - ETA: 1:47 - loss: 0.9269 - acc: 0.6465
 544/3458 [===>..........................] - ETA: 1:46 - loss: 0.9194 - acc: 0.6526
 576/3458 [===>..........................] - ETA: 1:45 - loss: 0.9130 - acc: 0.6545
 608/3458 [====>.........................] - ETA: 1:44 - loss: 0.9017 - acc: 0.6628
 640/3458 [====>.........................] - ETA: 1:43 - loss: 0.8894 - acc: 0.6687
 672/3458 [====>.........................] - ETA: 1:42 - loss: 0.8912 - acc: 0.6682
 704/3458 [=====>........................] - ETA: 1:41 - loss: 0.8867 - acc: 0.6719
 736/3458 [=====>........................] - ETA: 1:40 - loss: 0.8950 - acc: 0.6658
 768/3458 [=====>........................] - ETA: 1:39 - loss: 0.9041 - acc: 0.6628
 800/3458 [=====>........................] - ETA: 1:38 - loss: 0.9069 - acc: 0.6587
 832/3458 [======>.......................] - ETA: 1:37 - loss: 0.9068 - acc: 0.6575
 864/3458 [======>.......................] - ETA: 1:35 - loss: 0.9050 - acc: 0.6574
 896/3458 [======>.......................] - ETA: 1:34 - loss: 0.9100 - acc: 0.6540
 928/3458 [=======>......................] - ETA: 1:33 - loss: 0.9037 - acc: 0.6562
 960/3458 [=======>......................] - ETA: 1:32 - loss: 0.9050 - acc: 0.6583
 992/3458 [=======>......................] - ETA: 1:31 - loss: 0.9158 - acc: 0.6552
1024/3458 [=======>......................] - ETA: 1:29 - loss: 0.9180 - acc: 0.6533
1056/3458 [========>.....................] - ETA: 1:28 - loss: 0.9141 - acc: 0.6544
1088/3458 [========>.....................] - ETA: 1:27 - loss: 0.9221 - acc: 0.6507
1120/3458 [========>.....................] - ETA: 1:26 - loss: 0.9150 - acc: 0.6527
1152/3458 [========>.....................] - ETA: 1:25 - loss: 0.9204 - acc: 0.6510
1184/3458 [=========>....................] - ETA: 1:23 - loss: 0.9174 - acc: 0.6520
1216/3458 [=========>....................] - ETA: 1:22 - loss: 0.9197 - acc: 0.6497
1248/3458 [=========>....................] - ETA: 1:21 - loss: 0.9178 - acc: 0.6490
1280/3458 [==========>...................] - ETA: 1:20 - loss: 0.9209 - acc: 0.6508
1312/3458 [==========>...................] - ETA: 1:19 - loss: 0.9210 - acc: 0.6494
1344/3458 [==========>...................] - ETA: 1:18 - loss: 0.9242 - acc: 0.6488
1376/3458 [==========>...................] - ETA: 1:16 - loss: 0.9269 - acc: 0.6483
1408/3458 [===========>..................] - ETA: 1:15 - loss: 0.9256 - acc: 0.6491
1440/3458 [===========>..................] - ETA: 1:14 - loss: 0.9214 - acc: 0.6493
1472/3458 [===========>..................] - ETA: 1:13 - loss: 0.9271 - acc: 0.6461
1504/3458 [============>.................] - ETA: 1:12 - loss: 0.9289 - acc: 0.6436
1536/3458 [============>.................] - ETA: 1:10 - loss: 0.9258 - acc: 0.6465
1568/3458 [============>.................] - ETA: 1:09 - loss: 0.9199 - acc: 0.6505
1600/3458 [============>.................] - ETA: 1:08 - loss: 0.9227 - acc: 0.6500
1632/3458 [=============>................] - ETA: 1:07 - loss: 0.9283 - acc: 0.6464
1664/3458 [=============>................] - ETA: 1:06 - loss: 0.9250 - acc: 0.6478
1696/3458 [=============>................] - ETA: 1:04 - loss: 0.9249 - acc: 0.6474
1728/3458 [=============>................] - ETA: 1:03 - loss: 0.9232 - acc: 0.6481
1760/3458 [==============>...............] - ETA: 1:02 - loss: 0.9190 - acc: 0.6483
1792/3458 [==============>...............] - ETA: 1:01 - loss: 0.9158 - acc: 0.6501
1824/3458 [==============>...............] - ETA: 1:00 - loss: 0.9196 - acc: 0.6469
1856/3458 [===============>..............] - ETA: 59s - loss: 0.9201 - acc: 0.6460 
1888/3458 [===============>..............] - ETA: 57s - loss: 0.9189 - acc: 0.6467
1920/3458 [===============>..............] - ETA: 56s - loss: 0.9161 - acc: 0.6490
1952/3458 [===============>..............] - ETA: 55s - loss: 0.9156 - acc: 0.6496
1984/3458 [================>.............] - ETA: 54s - loss: 0.9169 - acc: 0.6482
2016/3458 [================>.............] - ETA: 53s - loss: 0.9164 - acc: 0.6488
2048/3458 [================>.............] - ETA: 51s - loss: 0.9134 - acc: 0.6499
2080/3458 [=================>............] - ETA: 50s - loss: 0.9147 - acc: 0.6495
2112/3458 [=================>............] - ETA: 49s - loss: 0.9143 - acc: 0.6482
2144/3458 [=================>............] - ETA: 48s - loss: 0.9148 - acc: 0.6483
2176/3458 [=================>............] - ETA: 47s - loss: 0.9148 - acc: 0.6489
2208/3458 [==================>...........] - ETA: 45s - loss: 0.9141 - acc: 0.6504
2240/3458 [==================>...........] - ETA: 44s - loss: 0.9152 - acc: 0.6491
2272/3458 [==================>...........] - ETA: 43s - loss: 0.9120 - acc: 0.6501
2304/3458 [==================>...........] - ETA: 42s - loss: 0.9139 - acc: 0.6484
2336/3458 [===================>..........] - ETA: 41s - loss: 0.9140 - acc: 0.6503
2368/3458 [===================>..........] - ETA: 40s - loss: 0.9134 - acc: 0.6508
2400/3458 [===================>..........] - ETA: 38s - loss: 0.9162 - acc: 0.6492
2432/3458 [====================>.........] - ETA: 37s - loss: 0.9139 - acc: 0.6497
2464/3458 [====================>.........] - ETA: 36s - loss: 0.9110 - acc: 0.6514
2496/3458 [====================>.........] - ETA: 35s - loss: 0.9163 - acc: 0.6498
2528/3458 [====================>.........] - ETA: 34s - loss: 0.9160 - acc: 0.6511
2560/3458 [=====================>........] - ETA: 33s - loss: 0.9161 - acc: 0.6512
2592/3458 [=====================>........] - ETA: 31s - loss: 0.9139 - acc: 0.6528
2624/3458 [=====================>........] - ETA: 30s - loss: 0.9123 - acc: 0.6540
2656/3458 [======================>.......] - ETA: 29s - loss: 0.9119 - acc: 0.6544
2688/3458 [======================>.......] - ETA: 28s - loss: 0.9132 - acc: 0.6540
2720/3458 [======================>.......] - ETA: 27s - loss: 0.9092 - acc: 0.6559
2752/3458 [======================>.......] - ETA: 25s - loss: 0.9094 - acc: 0.6562
2784/3458 [=======================>......] - ETA: 24s - loss: 0.9089 - acc: 0.6566
2816/3458 [=======================>......] - ETA: 23s - loss: 0.9066 - acc: 0.6584
2848/3458 [=======================>......] - ETA: 22s - loss: 0.9060 - acc: 0.6577
2880/3458 [=======================>......] - ETA: 21s - loss: 0.9085 - acc: 0.6566
2912/3458 [========================>.....] - ETA: 20s - loss: 0.9070 - acc: 0.6573
2944/3458 [========================>.....] - ETA: 18s - loss: 0.9057 - acc: 0.6573
2976/3458 [========================>.....] - ETA: 17s - loss: 0.9063 - acc: 0.6573
3008/3458 [=========================>....] - ETA: 16s - loss: 0.9057 - acc: 0.6562
3040/3458 [=========================>....] - ETA: 15s - loss: 0.9051 - acc: 0.6572
3072/3458 [=========================>....] - ETA: 14s - loss: 0.9032 - acc: 0.6582
3104/3458 [=========================>....] - ETA: 13s - loss: 0.9020 - acc: 0.6588
3136/3458 [==========================>...] - ETA: 11s - loss: 0.9025 - acc: 0.6585
3168/3458 [==========================>...] - ETA: 10s - loss: 0.9010 - acc: 0.6591
3200/3458 [==========================>...] - ETA: 9s - loss: 0.9010 - acc: 0.6597 
3232/3458 [===========================>..] - ETA: 8s - loss: 0.9012 - acc: 0.6593
3264/3458 [===========================>..] - ETA: 7s - loss: 0.8993 - acc: 0.6599
3296/3458 [===========================>..] - ETA: 5s - loss: 0.8987 - acc: 0.6602
3328/3458 [===========================>..] - ETA: 4s - loss: 0.8997 - acc: 0.6587
3360/3458 [============================>.] - ETA: 3s - loss: 0.9027 - acc: 0.6574
3392/3458 [============================>.] - ETA: 2s - loss: 0.9018 - acc: 0.6571
3424/3458 [============================>.] - ETA: 1s - loss: 0.9015 - acc: 0.6577
3456/3458 [============================>.] - ETA: 0s - loss: 0.9018 - acc: 0.6577
3458/3458 [==============================] - 127s 37ms/sample - loss: 0.9015 - acc: 0.6579

 32/865 [>.............................] - ETA: 6s - loss: 0.9454 - acc: 0.6875
 64/865 [=>............................] - ETA: 6s - loss: 0.8718 - acc: 0.7188
 96/865 [==>...........................] - ETA: 6s - loss: 0.9923 - acc: 0.6458
128/865 [===>..........................] - ETA: 5s - loss: 1.0297 - acc: 0.6250
160/865 [====>.........................] - ETA: 5s - loss: 1.0686 - acc: 0.6062
192/865 [=====>........................] - ETA: 5s - loss: 1.0648 - acc: 0.6042
224/865 [======>.......................] - ETA: 5s - loss: 1.0411 - acc: 0.6205
256/865 [=======>......................] - ETA: 4s - loss: 1.0471 - acc: 0.6133
288/865 [========>.....................] - ETA: 4s - loss: 1.0498 - acc: 0.6215
320/865 [==========>...................] - ETA: 4s - loss: 1.0529 - acc: 0.6125
352/865 [===========>..................] - ETA: 4s - loss: 1.0423 - acc: 0.6165
384/865 [============>.................] - ETA: 3s - loss: 1.0226 - acc: 0.6172
416/865 [=============>................] - ETA: 3s - loss: 0.9879 - acc: 0.6322
448/865 [==============>...............] - ETA: 3s - loss: 0.9773 - acc: 0.6339
480/865 [===============>..............] - ETA: 3s - loss: 1.0048 - acc: 0.6292
512/865 [================>.............] - ETA: 2s - loss: 1.0127 - acc: 0.6211
544/865 [=================>............] - ETA: 2s - loss: 1.0163 - acc: 0.6140
576/865 [==================>...........] - ETA: 2s - loss: 1.0110 - acc: 0.6146
608/865 [====================>.........] - ETA: 2s - loss: 1.0104 - acc: 0.6118
640/865 [=====================>........] - ETA: 1s - loss: 1.0061 - acc: 0.6125
672/865 [======================>.......] - ETA: 1s - loss: 1.0004 - acc: 0.6116
704/865 [=======================>......] - ETA: 1s - loss: 0.9914 - acc: 0.6122
736/865 [========================>.....] - ETA: 1s - loss: 0.9809 - acc: 0.6182
768/865 [=========================>....] - ETA: 0s - loss: 0.9815 - acc: 0.6185
800/865 [==========================>...] - ETA: 0s - loss: 0.9768 - acc: 0.6237
832/865 [===========================>..] - ETA: 0s - loss: 0.9714 - acc: 0.6226
864/865 [============================>.] - ETA: 0s - loss: 0.9843 - acc: 0.6227
865/865 [==============================] - 7s 8ms/sample - loss: 0.9838 - acc: 0.6231

  32/3458 [..............................] - ETA: 2:04 - loss: 0.8681 - acc: 0.6250
  64/3458 [..............................] - ETA: 2:04 - loss: 0.9434 - acc: 0.6719
  96/3458 [..............................] - ETA: 2:02 - loss: 0.9379 - acc: 0.6458
 128/3458 [>.............................] - ETA: 2:01 - loss: 0.8771 - acc: 0.6719
 160/3458 [>.............................] - ETA: 2:00 - loss: 0.8456 - acc: 0.6875
 192/3458 [>.............................] - ETA: 1:59 - loss: 0.8533 - acc: 0.6823
 224/3458 [>.............................] - ETA: 1:58 - loss: 0.8091 - acc: 0.7054
 256/3458 [=>............................] - ETA: 1:57 - loss: 0.7986 - acc: 0.7070
 288/3458 [=>............................] - ETA: 1:56 - loss: 0.8000 - acc: 0.6944
 320/3458 [=>............................] - ETA: 1:54 - loss: 0.7660 - acc: 0.7156
 352/3458 [==>...........................] - ETA: 1:53 - loss: 0.7704 - acc: 0.7102
 384/3458 [==>...........................] - ETA: 1:52 - loss: 0.7523 - acc: 0.7109
 416/3458 [==>...........................] - ETA: 1:51 - loss: 0.7436 - acc: 0.7139
 448/3458 [==>...........................] - ETA: 1:50 - loss: 0.7531 - acc: 0.7121
 480/3458 [===>..........................] - ETA: 1:49 - loss: 0.7435 - acc: 0.7146
 512/3458 [===>..........................] - ETA: 1:47 - loss: 0.7279 - acc: 0.7207
 544/3458 [===>..........................] - ETA: 1:46 - loss: 0.7289 - acc: 0.7169
 576/3458 [===>..........................] - ETA: 1:45 - loss: 0.7291 - acc: 0.7135
 608/3458 [====>.........................] - ETA: 1:44 - loss: 0.7358 - acc: 0.7105
 640/3458 [====>.........................] - ETA: 1:43 - loss: 0.7371 - acc: 0.7078
 672/3458 [====>.........................] - ETA: 1:42 - loss: 0.7302 - acc: 0.7128
 704/3458 [=====>........................] - ETA: 1:40 - loss: 0.7415 - acc: 0.7116
 736/3458 [=====>........................] - ETA: 1:39 - loss: 0.7481 - acc: 0.7065
 768/3458 [=====>........................] - ETA: 1:38 - loss: 0.7438 - acc: 0.7122
 800/3458 [=====>........................] - ETA: 1:37 - loss: 0.7456 - acc: 0.7138
 832/3458 [======>.......................] - ETA: 1:36 - loss: 0.7454 - acc: 0.7151
 864/3458 [======>.......................] - ETA: 1:35 - loss: 0.7508 - acc: 0.7118
 896/3458 [======>.......................] - ETA: 1:34 - loss: 0.7578 - acc: 0.7065
 928/3458 [=======>......................] - ETA: 1:32 - loss: 0.7596 - acc: 0.7047
 960/3458 [=======>......................] - ETA: 1:31 - loss: 0.7577 - acc: 0.7052
 992/3458 [=======>......................] - ETA: 1:30 - loss: 0.7645 - acc: 0.7016
1024/3458 [=======>......................] - ETA: 1:29 - loss: 0.7602 - acc: 0.7051
1056/3458 [========>.....................] - ETA: 1:28 - loss: 0.7582 - acc: 0.7055
1088/3458 [========>.....................] - ETA: 1:26 - loss: 0.7560 - acc: 0.7068
1120/3458 [========>.....................] - ETA: 1:25 - loss: 0.7518 - acc: 0.7080
1152/3458 [========>.....................] - ETA: 1:24 - loss: 0.7564 - acc: 0.7040
1184/3458 [=========>....................] - ETA: 1:23 - loss: 0.7524 - acc: 0.7035
1216/3458 [=========>....................] - ETA: 1:22 - loss: 0.7472 - acc: 0.7048
1248/3458 [=========>....................] - ETA: 1:21 - loss: 0.7424 - acc: 0.7083
1280/3458 [==========>...................] - ETA: 1:19 - loss: 0.7408 - acc: 0.7109
1312/3458 [==========>...................] - ETA: 1:18 - loss: 0.7386 - acc: 0.7119
1344/3458 [==========>...................] - ETA: 1:17 - loss: 0.7403 - acc: 0.7121
1376/3458 [==========>...................] - ETA: 1:16 - loss: 0.7336 - acc: 0.7151
1408/3458 [===========>..................] - ETA: 1:15 - loss: 0.7328 - acc: 0.7152
1440/3458 [===========>..................] - ETA: 1:13 - loss: 0.7394 - acc: 0.7139
1472/3458 [===========>..................] - ETA: 1:12 - loss: 0.7365 - acc: 0.7147
1504/3458 [============>.................] - ETA: 1:11 - loss: 0.7312 - acc: 0.7168
1536/3458 [============>.................] - ETA: 1:10 - loss: 0.7360 - acc: 0.7161
1568/3458 [============>.................] - ETA: 1:09 - loss: 0.7364 - acc: 0.7168
1600/3458 [============>.................] - ETA: 1:08 - loss: 0.7390 - acc: 0.7169
1632/3458 [=============>................] - ETA: 1:07 - loss: 0.7414 - acc: 0.7169
1664/3458 [=============>................] - ETA: 1:05 - loss: 0.7434 - acc: 0.7157
1696/3458 [=============>................] - ETA: 1:04 - loss: 0.7505 - acc: 0.7140
1728/3458 [=============>................] - ETA: 1:03 - loss: 0.7469 - acc: 0.7159
1760/3458 [==============>...............] - ETA: 1:02 - loss: 0.7498 - acc: 0.7148
1792/3458 [==============>...............] - ETA: 1:01 - loss: 0.7475 - acc: 0.7154
1824/3458 [==============>...............] - ETA: 59s - loss: 0.7510 - acc: 0.7122 
1856/3458 [===============>..............] - ETA: 58s - loss: 0.7486 - acc: 0.7123
1888/3458 [===============>..............] - ETA: 57s - loss: 0.7473 - acc: 0.7140
1920/3458 [===============>..............] - ETA: 56s - loss: 0.7457 - acc: 0.7151
1952/3458 [===============>..............] - ETA: 55s - loss: 0.7417 - acc: 0.7167
1984/3458 [================>.............] - ETA: 54s - loss: 0.7506 - acc: 0.7147
2016/3458 [================>.............] - ETA: 52s - loss: 0.7507 - acc: 0.7153
2048/3458 [================>.............] - ETA: 51s - loss: 0.7547 - acc: 0.7144
2080/3458 [=================>............] - ETA: 50s - loss: 0.7553 - acc: 0.7130
2112/3458 [=================>............] - ETA: 49s - loss: 0.7567 - acc: 0.7126
2144/3458 [=================>............] - ETA: 48s - loss: 0.7556 - acc: 0.7132
2176/3458 [=================>............] - ETA: 47s - loss: 0.7587 - acc: 0.7119
2208/3458 [==================>...........] - ETA: 45s - loss: 0.7584 - acc: 0.7120
2240/3458 [==================>...........] - ETA: 44s - loss: 0.7558 - acc: 0.7134
2272/3458 [==================>...........] - ETA: 43s - loss: 0.7573 - acc: 0.7126
2304/3458 [==================>...........] - ETA: 42s - loss: 0.7556 - acc: 0.7135
2336/3458 [===================>..........] - ETA: 41s - loss: 0.7563 - acc: 0.7140
2368/3458 [===================>..........] - ETA: 39s - loss: 0.7527 - acc: 0.7149
2400/3458 [===================>..........] - ETA: 38s - loss: 0.7536 - acc: 0.7133
2432/3458 [====================>.........] - ETA: 37s - loss: 0.7524 - acc: 0.7138
2464/3458 [====================>.........] - ETA: 36s - loss: 0.7543 - acc: 0.7139
2496/3458 [====================>.........] - ETA: 35s - loss: 0.7538 - acc: 0.7143
2528/3458 [====================>.........] - ETA: 34s - loss: 0.7576 - acc: 0.7120
2560/3458 [=====================>........] - ETA: 32s - loss: 0.7552 - acc: 0.7137
2592/3458 [=====================>........] - ETA: 31s - loss: 0.7589 - acc: 0.7110
2624/3458 [=====================>........] - ETA: 30s - loss: 0.7616 - acc: 0.7100
2656/3458 [======================>.......] - ETA: 29s - loss: 0.7597 - acc: 0.7108
2688/3458 [======================>.......] - ETA: 28s - loss: 0.7593 - acc: 0.7109
2720/3458 [======================>.......] - ETA: 27s - loss: 0.7577 - acc: 0.7107
2752/3458 [======================>.......] - ETA: 25s - loss: 0.7571 - acc: 0.7111
2784/3458 [=======================>......] - ETA: 24s - loss: 0.7573 - acc: 0.7112
2816/3458 [=======================>......] - ETA: 23s - loss: 0.7594 - acc: 0.7099
2848/3458 [=======================>......] - ETA: 22s - loss: 0.7600 - acc: 0.7093
2880/3458 [=======================>......] - ETA: 21s - loss: 0.7603 - acc: 0.7097
2912/3458 [========================>.....] - ETA: 20s - loss: 0.7577 - acc: 0.7122
2944/3458 [========================>.....] - ETA: 18s - loss: 0.7579 - acc: 0.7120
2976/3458 [========================>.....] - ETA: 17s - loss: 0.7568 - acc: 0.7114
3008/3458 [=========================>....] - ETA: 16s - loss: 0.7562 - acc: 0.7118
3040/3458 [=========================>....] - ETA: 15s - loss: 0.7553 - acc: 0.7122
3072/3458 [=========================>....] - ETA: 14s - loss: 0.7538 - acc: 0.7122
3104/3458 [=========================>....] - ETA: 12s - loss: 0.7556 - acc: 0.7117
3136/3458 [==========================>...] - ETA: 11s - loss: 0.7552 - acc: 0.7121
3168/3458 [==========================>...] - ETA: 10s - loss: 0.7573 - acc: 0.7112
3200/3458 [==========================>...] - ETA: 9s - loss: 0.7562 - acc: 0.7119 
3232/3458 [===========================>..] - ETA: 8s - loss: 0.7548 - acc: 0.7129
3264/3458 [===========================>..] - ETA: 7s - loss: 0.7590 - acc: 0.7117
3296/3458 [===========================>..] - ETA: 5s - loss: 0.7597 - acc: 0.7115
3328/3458 [===========================>..] - ETA: 4s - loss: 0.7572 - acc: 0.7124
3360/3458 [============================>.] - ETA: 3s - loss: 0.7578 - acc: 0.7128
3392/3458 [============================>.] - ETA: 2s - loss: 0.7599 - acc: 0.7123
3424/3458 [============================>.] - ETA: 1s - loss: 0.7601 - acc: 0.7123
3456/3458 [============================>.] - ETA: 0s - loss: 0.7600 - acc: 0.7124
3458/3458 [==============================] - 127s 37ms/sample - loss: 0.7601 - acc: 0.7123

 32/865 [>.............................] - ETA: 6s - loss: 0.8043 - acc: 0.7188
 64/865 [=>............................] - ETA: 6s - loss: 0.7567 - acc: 0.7344
 96/865 [==>...........................] - ETA: 6s - loss: 0.9185 - acc: 0.6875
128/865 [===>..........................] - ETA: 5s - loss: 0.9642 - acc: 0.6562
160/865 [====>.........................] - ETA: 5s - loss: 0.9983 - acc: 0.6375
192/865 [=====>........................] - ETA: 5s - loss: 0.9903 - acc: 0.6406
224/865 [======>.......................] - ETA: 5s - loss: 0.9530 - acc: 0.6518
256/865 [=======>......................] - ETA: 4s - loss: 0.9475 - acc: 0.6602
288/865 [========>.....................] - ETA: 4s - loss: 0.9503 - acc: 0.6562
320/865 [==========>...................] - ETA: 4s - loss: 0.9251 - acc: 0.6687
352/865 [===========>..................] - ETA: 4s - loss: 0.9141 - acc: 0.6733
384/865 [============>.................] - ETA: 3s - loss: 0.9027 - acc: 0.6719
416/865 [=============>................] - ETA: 3s - loss: 0.8775 - acc: 0.6803
448/865 [==============>...............] - ETA: 3s - loss: 0.8640 - acc: 0.6853
480/865 [===============>..............] - ETA: 3s - loss: 0.9095 - acc: 0.6729
512/865 [================>.............] - ETA: 2s - loss: 0.9064 - acc: 0.6680
544/865 [=================>............] - ETA: 2s - loss: 0.8984 - acc: 0.6710
576/865 [==================>...........] - ETA: 2s - loss: 0.9030 - acc: 0.6649
608/865 [====================>.........] - ETA: 2s - loss: 0.9025 - acc: 0.6628
640/865 [=====================>........] - ETA: 1s - loss: 0.8955 - acc: 0.6609
672/865 [======================>.......] - ETA: 1s - loss: 0.8963 - acc: 0.6622
704/865 [=======================>......] - ETA: 1s - loss: 0.8907 - acc: 0.6634
736/865 [========================>.....] - ETA: 1s - loss: 0.8899 - acc: 0.6630
768/865 [=========================>....] - ETA: 0s - loss: 0.8929 - acc: 0.6641
800/865 [==========================>...] - ETA: 0s - loss: 0.8872 - acc: 0.6637
832/865 [===========================>..] - ETA: 0s - loss: 0.8782 - acc: 0.6659
864/865 [============================>.] - ETA: 0s - loss: 0.8997 - acc: 0.6620
865/865 [==============================] - 7s 8ms/sample - loss: 0.8989 - acc: 0.6624
