For number of cells in Conv2D=128
For Dropout_1=0.8 Dropout_2=0.2
For number of cells in Dense=128
daisy loaded
dandelion loaded
rose loaded
sunflower loaded
tulip loaded

  32/3458 [..............................] - ETA: 2:16 - loss: 1.6119 - acc: 0.2188
  64/3458 [..............................] - ETA: 2:10 - loss: 4.2697 - acc: 0.2969
  96/3458 [..............................] - ETA: 2:07 - loss: 4.4597 - acc: 0.2708
 128/3458 [>.............................] - ETA: 2:06 - loss: 4.0698 - acc: 0.2344
 160/3458 [>.............................] - ETA: 2:03 - loss: 3.5942 - acc: 0.2188
 192/3458 [>.............................] - ETA: 2:02 - loss: 3.2629 - acc: 0.2344
 224/3458 [>.............................] - ETA: 2:00 - loss: 3.0248 - acc: 0.2411
 256/3458 [=>............................] - ETA: 1:59 - loss: 2.8450 - acc: 0.2500
 288/3458 [=>............................] - ETA: 1:57 - loss: 2.7043 - acc: 0.2500
 320/3458 [=>............................] - ETA: 1:56 - loss: 2.5869 - acc: 0.2469
 352/3458 [==>...........................] - ETA: 1:54 - loss: 2.4971 - acc: 0.2443
 384/3458 [==>...........................] - ETA: 1:53 - loss: 2.4195 - acc: 0.2448
 416/3458 [==>...........................] - ETA: 1:52 - loss: 2.3526 - acc: 0.2452
 448/3458 [==>...........................] - ETA: 1:51 - loss: 2.2933 - acc: 0.2455
 480/3458 [===>..........................] - ETA: 1:49 - loss: 2.2404 - acc: 0.2542
 512/3458 [===>..........................] - ETA: 1:48 - loss: 2.1994 - acc: 0.2520
 544/3458 [===>..........................] - ETA: 1:47 - loss: 2.1628 - acc: 0.2537
 576/3458 [===>..........................] - ETA: 1:46 - loss: 2.1262 - acc: 0.2587
 608/3458 [====>.........................] - ETA: 1:44 - loss: 2.0871 - acc: 0.2681
 640/3458 [====>.........................] - ETA: 1:43 - loss: 2.0573 - acc: 0.2625
 672/3458 [====>.........................] - ETA: 1:42 - loss: 2.0305 - acc: 0.2574
 704/3458 [=====>........................] - ETA: 1:41 - loss: 2.0039 - acc: 0.2571
 736/3458 [=====>........................] - ETA: 1:40 - loss: 1.9828 - acc: 0.2609
 768/3458 [=====>........................] - ETA: 1:38 - loss: 1.9623 - acc: 0.2643
 800/3458 [=====>........................] - ETA: 1:37 - loss: 1.9449 - acc: 0.2675
 832/3458 [======>.......................] - ETA: 1:36 - loss: 1.9235 - acc: 0.2704
 864/3458 [======>.......................] - ETA: 1:35 - loss: 1.9045 - acc: 0.2778
 896/3458 [======>.......................] - ETA: 1:34 - loss: 1.8932 - acc: 0.2779
 928/3458 [=======>......................] - ETA: 1:33 - loss: 1.8792 - acc: 0.2769
 960/3458 [=======>......................] - ETA: 1:31 - loss: 1.8660 - acc: 0.2833
 992/3458 [=======>......................] - ETA: 1:30 - loss: 1.8507 - acc: 0.2833
1024/3458 [=======>......................] - ETA: 1:29 - loss: 1.8386 - acc: 0.2861
1056/3458 [========>.....................] - ETA: 1:28 - loss: 1.8271 - acc: 0.2850
1088/3458 [========>.....................] - ETA: 1:27 - loss: 1.8174 - acc: 0.2877
1120/3458 [========>.....................] - ETA: 1:25 - loss: 1.8097 - acc: 0.2893
1152/3458 [========>.....................] - ETA: 1:24 - loss: 1.7996 - acc: 0.2925
1184/3458 [=========>....................] - ETA: 1:23 - loss: 1.7926 - acc: 0.2922
1216/3458 [=========>....................] - ETA: 1:22 - loss: 1.7823 - acc: 0.2944
1248/3458 [=========>....................] - ETA: 1:21 - loss: 1.7754 - acc: 0.2949
1280/3458 [==========>...................] - ETA: 1:19 - loss: 1.7665 - acc: 0.2953
1312/3458 [==========>...................] - ETA: 1:18 - loss: 1.7588 - acc: 0.2965
1344/3458 [==========>...................] - ETA: 1:17 - loss: 1.7519 - acc: 0.2999
1376/3458 [==========>...................] - ETA: 1:16 - loss: 1.7461 - acc: 0.3009
1408/3458 [===========>..................] - ETA: 1:15 - loss: 1.7374 - acc: 0.3033
1440/3458 [===========>..................] - ETA: 1:13 - loss: 1.7298 - acc: 0.3097
1472/3458 [===========>..................] - ETA: 1:12 - loss: 1.7221 - acc: 0.3132
1504/3458 [============>.................] - ETA: 1:11 - loss: 1.7107 - acc: 0.3191
1536/3458 [============>.................] - ETA: 1:10 - loss: 1.7048 - acc: 0.3184
1568/3458 [============>.................] - ETA: 1:09 - loss: 1.6980 - acc: 0.3202
1600/3458 [============>.................] - ETA: 1:08 - loss: 1.6908 - acc: 0.3212
1632/3458 [=============>................] - ETA: 1:06 - loss: 1.6863 - acc: 0.3223
1664/3458 [=============>................] - ETA: 1:05 - loss: 1.6772 - acc: 0.3275
1696/3458 [=============>................] - ETA: 1:04 - loss: 1.6700 - acc: 0.3308
1728/3458 [=============>................] - ETA: 1:03 - loss: 1.6659 - acc: 0.3328
1760/3458 [==============>...............] - ETA: 1:02 - loss: 1.6737 - acc: 0.3330
1792/3458 [==============>...............] - ETA: 1:01 - loss: 1.6659 - acc: 0.3359
1824/3458 [==============>...............] - ETA: 59s - loss: 1.6607 - acc: 0.3366 
1856/3458 [===============>..............] - ETA: 58s - loss: 1.6550 - acc: 0.3389
1888/3458 [===============>..............] - ETA: 57s - loss: 1.6481 - acc: 0.3390
1920/3458 [===============>..............] - ETA: 56s - loss: 1.6438 - acc: 0.3396
1952/3458 [===============>..............] - ETA: 55s - loss: 1.6387 - acc: 0.3432
1984/3458 [================>.............] - ETA: 53s - loss: 1.6334 - acc: 0.3432
2016/3458 [================>.............] - ETA: 52s - loss: 1.6283 - acc: 0.3447
2048/3458 [================>.............] - ETA: 51s - loss: 1.6221 - acc: 0.3457
2080/3458 [=================>............] - ETA: 50s - loss: 1.6191 - acc: 0.3457
2112/3458 [=================>............] - ETA: 49s - loss: 1.6139 - acc: 0.3494
2144/3458 [=================>............] - ETA: 48s - loss: 1.6101 - acc: 0.3507
2176/3458 [=================>............] - ETA: 47s - loss: 1.6052 - acc: 0.3534
2208/3458 [==================>...........] - ETA: 45s - loss: 1.6006 - acc: 0.3537
2240/3458 [==================>...........] - ETA: 44s - loss: 1.5979 - acc: 0.3549
2272/3458 [==================>...........] - ETA: 43s - loss: 1.5935 - acc: 0.3574
2304/3458 [==================>...........] - ETA: 42s - loss: 1.5885 - acc: 0.3589
2336/3458 [===================>..........] - ETA: 41s - loss: 1.5810 - acc: 0.3617
2368/3458 [===================>..........] - ETA: 39s - loss: 1.5746 - acc: 0.3628
2400/3458 [===================>..........] - ETA: 38s - loss: 1.5660 - acc: 0.3654
2432/3458 [====================>.........] - ETA: 37s - loss: 1.5606 - acc: 0.3676
2464/3458 [====================>.........] - ETA: 36s - loss: 1.5621 - acc: 0.3673
2496/3458 [====================>.........] - ETA: 35s - loss: 1.5582 - acc: 0.3690
2528/3458 [====================>.........] - ETA: 34s - loss: 1.5601 - acc: 0.3699
2560/3458 [=====================>........] - ETA: 32s - loss: 1.5566 - acc: 0.3707
2592/3458 [=====================>........] - ETA: 31s - loss: 1.5547 - acc: 0.3696
2624/3458 [=====================>........] - ETA: 30s - loss: 1.5502 - acc: 0.3708
2656/3458 [======================>.......] - ETA: 29s - loss: 1.5478 - acc: 0.3716
2688/3458 [======================>.......] - ETA: 28s - loss: 1.5462 - acc: 0.3709
2720/3458 [======================>.......] - ETA: 27s - loss: 1.5439 - acc: 0.3710
2752/3458 [======================>.......] - ETA: 25s - loss: 1.5429 - acc: 0.3703
2784/3458 [=======================>......] - ETA: 24s - loss: 1.5413 - acc: 0.3696
2816/3458 [=======================>......] - ETA: 23s - loss: 1.5414 - acc: 0.3700
2848/3458 [=======================>......] - ETA: 22s - loss: 1.5403 - acc: 0.3711
2880/3458 [=======================>......] - ETA: 21s - loss: 1.5399 - acc: 0.3694
2912/3458 [========================>.....] - ETA: 20s - loss: 1.5385 - acc: 0.3709
2944/3458 [========================>.....] - ETA: 18s - loss: 1.5391 - acc: 0.3702
2976/3458 [========================>.....] - ETA: 17s - loss: 1.5398 - acc: 0.3713
3008/3458 [=========================>....] - ETA: 16s - loss: 1.5383 - acc: 0.3710
3040/3458 [=========================>....] - ETA: 15s - loss: 1.5370 - acc: 0.3724
3072/3458 [=========================>....] - ETA: 14s - loss: 1.5351 - acc: 0.3730
3104/3458 [=========================>....] - ETA: 12s - loss: 1.5332 - acc: 0.3731
3136/3458 [==========================>...] - ETA: 11s - loss: 1.5313 - acc: 0.3740
3168/3458 [==========================>...] - ETA: 10s - loss: 1.5292 - acc: 0.3753
3200/3458 [==========================>...] - ETA: 9s - loss: 1.5278 - acc: 0.3750 
3232/3458 [===========================>..] - ETA: 8s - loss: 1.5252 - acc: 0.3744
3264/3458 [===========================>..] - ETA: 7s - loss: 1.5232 - acc: 0.3756
3296/3458 [===========================>..] - ETA: 5s - loss: 1.5205 - acc: 0.3771
3328/3458 [===========================>..] - ETA: 4s - loss: 1.5184 - acc: 0.3780
3360/3458 [============================>.] - ETA: 3s - loss: 1.5175 - acc: 0.3783
3392/3458 [============================>.] - ETA: 2s - loss: 1.5146 - acc: 0.3803
3424/3458 [============================>.] - ETA: 1s - loss: 1.5170 - acc: 0.3803
3456/3458 [============================>.] - ETA: 0s - loss: 1.5171 - acc: 0.3802
3458/3458 [==============================] - 127s 37ms/sample - loss: 1.5169 - acc: 0.3800

 32/865 [>.............................] - ETA: 7s - loss: 1.3034 - acc: 0.4688
 64/865 [=>............................] - ETA: 6s - loss: 1.3470 - acc: 0.4531
 96/865 [==>...........................] - ETA: 6s - loss: 1.2994 - acc: 0.4375
128/865 [===>..........................] - ETA: 6s - loss: 1.2754 - acc: 0.4297
160/865 [====>.........................] - ETA: 5s - loss: 1.3040 - acc: 0.4062
192/865 [=====>........................] - ETA: 5s - loss: 1.3212 - acc: 0.4219
224/865 [======>.......................] - ETA: 5s - loss: 1.3242 - acc: 0.4196
256/865 [=======>......................] - ETA: 4s - loss: 1.3203 - acc: 0.4102
288/865 [========>.....................] - ETA: 4s - loss: 1.3159 - acc: 0.4132
320/865 [==========>...................] - ETA: 4s - loss: 1.2971 - acc: 0.4344
352/865 [===========>..................] - ETA: 4s - loss: 1.3005 - acc: 0.4375
384/865 [============>.................] - ETA: 3s - loss: 1.2924 - acc: 0.4427
416/865 [=============>................] - ETA: 3s - loss: 1.2845 - acc: 0.4423
448/865 [==============>...............] - ETA: 3s - loss: 1.3055 - acc: 0.4375
480/865 [===============>..............] - ETA: 3s - loss: 1.3119 - acc: 0.4292
512/865 [================>.............] - ETA: 2s - loss: 1.3197 - acc: 0.4219
544/865 [=================>............] - ETA: 2s - loss: 1.3313 - acc: 0.4228
576/865 [==================>...........] - ETA: 2s - loss: 1.3200 - acc: 0.4201
608/865 [====================>.........] - ETA: 2s - loss: 1.3197 - acc: 0.4178
640/865 [=====================>........] - ETA: 1s - loss: 1.3233 - acc: 0.4125
672/865 [======================>.......] - ETA: 1s - loss: 1.3158 - acc: 0.4167
704/865 [=======================>......] - ETA: 1s - loss: 1.3089 - acc: 0.4190
736/865 [========================>.....] - ETA: 1s - loss: 1.3090 - acc: 0.4266
768/865 [=========================>....] - ETA: 0s - loss: 1.3076 - acc: 0.4271
800/865 [==========================>...] - ETA: 0s - loss: 1.3079 - acc: 0.4238
832/865 [===========================>..] - ETA: 0s - loss: 1.3083 - acc: 0.4183
864/865 [============================>.] - ETA: 0s - loss: 1.3037 - acc: 0.4213
865/865 [==============================] - 7s 8ms/sample - loss: 1.3030 - acc: 0.4208

  32/3458 [..............................] - ETA: 2:02 - loss: 1.3694 - acc: 0.4062
  64/3458 [..............................] - ETA: 2:03 - loss: 1.3142 - acc: 0.4219
  96/3458 [..............................] - ETA: 2:02 - loss: 1.2558 - acc: 0.4896
 128/3458 [>.............................] - ETA: 2:01 - loss: 1.2891 - acc: 0.4297
 160/3458 [>.............................] - ETA: 1:59 - loss: 1.2949 - acc: 0.4375
 192/3458 [>.............................] - ETA: 1:58 - loss: 1.2980 - acc: 0.4271
 224/3458 [>.............................] - ETA: 1:57 - loss: 1.2889 - acc: 0.4420
 256/3458 [=>............................] - ETA: 1:56 - loss: 1.3008 - acc: 0.4258
 288/3458 [=>............................] - ETA: 1:55 - loss: 1.3380 - acc: 0.4097
 320/3458 [=>............................] - ETA: 1:53 - loss: 1.3282 - acc: 0.4125
 352/3458 [==>...........................] - ETA: 1:52 - loss: 1.3376 - acc: 0.4119
 384/3458 [==>...........................] - ETA: 1:51 - loss: 1.3288 - acc: 0.4245
 416/3458 [==>...........................] - ETA: 1:50 - loss: 1.3261 - acc: 0.4375
 448/3458 [==>...........................] - ETA: 1:49 - loss: 1.3261 - acc: 0.4353
 480/3458 [===>..........................] - ETA: 1:48 - loss: 1.3157 - acc: 0.4396
 512/3458 [===>..........................] - ETA: 1:47 - loss: 1.3148 - acc: 0.4395
 544/3458 [===>..........................] - ETA: 1:45 - loss: 1.3238 - acc: 0.4320
 576/3458 [===>..........................] - ETA: 1:44 - loss: 1.3153 - acc: 0.4323
 608/3458 [====>.........................] - ETA: 1:43 - loss: 1.3355 - acc: 0.4309
 640/3458 [====>.........................] - ETA: 1:42 - loss: 1.3331 - acc: 0.4359
 672/3458 [====>.........................] - ETA: 1:41 - loss: 1.3322 - acc: 0.4479
 704/3458 [=====>........................] - ETA: 1:40 - loss: 1.3259 - acc: 0.4531
 736/3458 [=====>........................] - ETA: 1:39 - loss: 1.3194 - acc: 0.4538
 768/3458 [=====>........................] - ETA: 1:38 - loss: 1.3105 - acc: 0.4544
 800/3458 [=====>........................] - ETA: 1:36 - loss: 1.3094 - acc: 0.4588
 832/3458 [======>.......................] - ETA: 1:35 - loss: 1.3090 - acc: 0.4555
 864/3458 [======>.......................] - ETA: 1:34 - loss: 1.2967 - acc: 0.4630
 896/3458 [======>.......................] - ETA: 1:33 - loss: 1.2888 - acc: 0.4632
 928/3458 [=======>......................] - ETA: 1:32 - loss: 1.2896 - acc: 0.4634
 960/3458 [=======>......................] - ETA: 1:31 - loss: 1.2796 - acc: 0.4646
 992/3458 [=======>......................] - ETA: 1:29 - loss: 1.2659 - acc: 0.4718
1024/3458 [=======>......................] - ETA: 1:28 - loss: 1.2680 - acc: 0.4727
1056/3458 [========>.....................] - ETA: 1:27 - loss: 1.2667 - acc: 0.4725
1088/3458 [========>.....................] - ETA: 1:26 - loss: 1.2635 - acc: 0.4743
1120/3458 [========>.....................] - ETA: 1:25 - loss: 1.2712 - acc: 0.4777
1152/3458 [========>.....................] - ETA: 1:24 - loss: 1.2695 - acc: 0.4757
1184/3458 [=========>....................] - ETA: 1:22 - loss: 1.2765 - acc: 0.4721
1216/3458 [=========>....................] - ETA: 1:21 - loss: 1.2700 - acc: 0.4778
1248/3458 [=========>....................] - ETA: 1:20 - loss: 1.2661 - acc: 0.4784
1280/3458 [==========>...................] - ETA: 1:19 - loss: 1.2662 - acc: 0.4805
1312/3458 [==========>...................] - ETA: 1:18 - loss: 1.2605 - acc: 0.4840
1344/3458 [==========>...................] - ETA: 1:17 - loss: 1.2627 - acc: 0.4829
1376/3458 [==========>...................] - ETA: 1:16 - loss: 1.2613 - acc: 0.4847
1408/3458 [===========>..................] - ETA: 1:14 - loss: 1.2691 - acc: 0.4844
1440/3458 [===========>..................] - ETA: 1:13 - loss: 1.2692 - acc: 0.4854
1472/3458 [===========>..................] - ETA: 1:12 - loss: 1.2645 - acc: 0.4857
1504/3458 [============>.................] - ETA: 1:11 - loss: 1.2599 - acc: 0.4854
1536/3458 [============>.................] - ETA: 1:10 - loss: 1.2561 - acc: 0.4883
1568/3458 [============>.................] - ETA: 1:09 - loss: 1.2538 - acc: 0.4892
1600/3458 [============>.................] - ETA: 1:07 - loss: 1.2544 - acc: 0.4888
1632/3458 [=============>................] - ETA: 1:06 - loss: 1.2539 - acc: 0.4884
1664/3458 [=============>................] - ETA: 1:05 - loss: 1.2539 - acc: 0.4874
1696/3458 [=============>................] - ETA: 1:04 - loss: 1.2491 - acc: 0.4888
1728/3458 [=============>................] - ETA: 1:03 - loss: 1.2437 - acc: 0.4919
1760/3458 [==============>...............] - ETA: 1:02 - loss: 1.2466 - acc: 0.4903
1792/3458 [==============>...............] - ETA: 1:00 - loss: 1.2439 - acc: 0.4911
1824/3458 [==============>...............] - ETA: 59s - loss: 1.2423 - acc: 0.4923 
1856/3458 [===============>..............] - ETA: 58s - loss: 1.2362 - acc: 0.4952
1888/3458 [===============>..............] - ETA: 57s - loss: 1.2378 - acc: 0.4958
1920/3458 [===============>..............] - ETA: 56s - loss: 1.2399 - acc: 0.4979
1952/3458 [===============>..............] - ETA: 55s - loss: 1.2435 - acc: 0.4969
1984/3458 [================>.............] - ETA: 53s - loss: 1.2421 - acc: 0.4970
2016/3458 [================>.............] - ETA: 52s - loss: 1.2419 - acc: 0.4995
2048/3458 [================>.............] - ETA: 51s - loss: 1.2387 - acc: 0.5000
2080/3458 [=================>............] - ETA: 50s - loss: 1.2393 - acc: 0.4981
2112/3458 [=================>............] - ETA: 49s - loss: 1.2383 - acc: 0.4967
2144/3458 [=================>............] - ETA: 47s - loss: 1.2386 - acc: 0.4977
2176/3458 [=================>............] - ETA: 46s - loss: 1.2387 - acc: 0.4963
2208/3458 [==================>...........] - ETA: 45s - loss: 1.2390 - acc: 0.4950
2240/3458 [==================>...........] - ETA: 44s - loss: 1.2368 - acc: 0.4951
2272/3458 [==================>...........] - ETA: 43s - loss: 1.2368 - acc: 0.4956
2304/3458 [==================>...........] - ETA: 42s - loss: 1.2359 - acc: 0.4952
2336/3458 [===================>..........] - ETA: 40s - loss: 1.2351 - acc: 0.4966
2368/3458 [===================>..........] - ETA: 39s - loss: 1.2373 - acc: 0.4941
2400/3458 [===================>..........] - ETA: 38s - loss: 1.2372 - acc: 0.4958
2432/3458 [====================>.........] - ETA: 37s - loss: 1.2349 - acc: 0.4979
2464/3458 [====================>.........] - ETA: 36s - loss: 1.2354 - acc: 0.4972
2496/3458 [====================>.........] - ETA: 35s - loss: 1.2440 - acc: 0.4944
2528/3458 [====================>.........] - ETA: 33s - loss: 1.2452 - acc: 0.4949
2560/3458 [=====================>........] - ETA: 32s - loss: 1.2433 - acc: 0.4957
2592/3458 [=====================>........] - ETA: 31s - loss: 1.2400 - acc: 0.4973
2624/3458 [=====================>........] - ETA: 30s - loss: 1.2375 - acc: 0.4992
2656/3458 [======================>.......] - ETA: 29s - loss: 1.2361 - acc: 0.5004
2688/3458 [======================>.......] - ETA: 28s - loss: 1.2342 - acc: 0.5015
2720/3458 [======================>.......] - ETA: 26s - loss: 1.2342 - acc: 0.5007
2752/3458 [======================>.......] - ETA: 25s - loss: 1.2369 - acc: 0.5004
2784/3458 [=======================>......] - ETA: 24s - loss: 1.2377 - acc: 0.4993
2816/3458 [=======================>......] - ETA: 23s - loss: 1.2387 - acc: 0.4996
2848/3458 [=======================>......] - ETA: 22s - loss: 1.2404 - acc: 0.4996
2880/3458 [=======================>......] - ETA: 21s - loss: 1.2407 - acc: 0.4990
2912/3458 [========================>.....] - ETA: 19s - loss: 1.2396 - acc: 0.4990
2944/3458 [========================>.....] - ETA: 18s - loss: 1.2384 - acc: 0.5003
2976/3458 [========================>.....] - ETA: 17s - loss: 1.2391 - acc: 0.4997
3008/3458 [=========================>....] - ETA: 16s - loss: 1.2374 - acc: 0.5000
3040/3458 [=========================>....] - ETA: 15s - loss: 1.2362 - acc: 0.4997
3072/3458 [=========================>....] - ETA: 14s - loss: 1.2343 - acc: 0.4997
3104/3458 [=========================>....] - ETA: 12s - loss: 1.2326 - acc: 0.5000
3136/3458 [==========================>...] - ETA: 11s - loss: 1.2306 - acc: 0.5000
3168/3458 [==========================>...] - ETA: 10s - loss: 1.2332 - acc: 0.4981
3200/3458 [==========================>...] - ETA: 9s - loss: 1.2335 - acc: 0.4981 
3232/3458 [===========================>..] - ETA: 8s - loss: 1.2331 - acc: 0.4972
3264/3458 [===========================>..] - ETA: 7s - loss: 1.2331 - acc: 0.4960
3296/3458 [===========================>..] - ETA: 5s - loss: 1.2328 - acc: 0.4964
3328/3458 [===========================>..] - ETA: 4s - loss: 1.2299 - acc: 0.4979
3360/3458 [============================>.] - ETA: 3s - loss: 1.2272 - acc: 0.4994
3392/3458 [============================>.] - ETA: 2s - loss: 1.2297 - acc: 0.4991
3424/3458 [============================>.] - ETA: 1s - loss: 1.2312 - acc: 0.4985
3456/3458 [============================>.] - ETA: 0s - loss: 1.2300 - acc: 0.4980
3458/3458 [==============================] - 126s 37ms/sample - loss: 1.2299 - acc: 0.4980

 32/865 [>.............................] - ETA: 6s - loss: 1.1361 - acc: 0.5625
 64/865 [=>............................] - ETA: 6s - loss: 1.1888 - acc: 0.5469
 96/865 [==>...........................] - ETA: 6s - loss: 1.0973 - acc: 0.5625
128/865 [===>..........................] - ETA: 5s - loss: 1.0748 - acc: 0.5781
160/865 [====>.........................] - ETA: 5s - loss: 1.0957 - acc: 0.5500
192/865 [=====>........................] - ETA: 5s - loss: 1.1071 - acc: 0.5417
224/865 [======>.......................] - ETA: 5s - loss: 1.0954 - acc: 0.5491
256/865 [=======>......................] - ETA: 4s - loss: 1.1038 - acc: 0.5391
288/865 [========>.....................] - ETA: 4s - loss: 1.0998 - acc: 0.5486
320/865 [==========>...................] - ETA: 4s - loss: 1.0897 - acc: 0.5562
352/865 [===========>..................] - ETA: 4s - loss: 1.0884 - acc: 0.5625
384/865 [============>.................] - ETA: 3s - loss: 1.0878 - acc: 0.5625
416/865 [=============>................] - ETA: 3s - loss: 1.0872 - acc: 0.5601
448/865 [==============>...............] - ETA: 3s - loss: 1.0974 - acc: 0.5692
480/865 [===============>..............] - ETA: 3s - loss: 1.1040 - acc: 0.5583
512/865 [================>.............] - ETA: 2s - loss: 1.1037 - acc: 0.5547
544/865 [=================>............] - ETA: 2s - loss: 1.1169 - acc: 0.5496
576/865 [==================>...........] - ETA: 2s - loss: 1.1110 - acc: 0.5503
608/865 [====================>.........] - ETA: 2s - loss: 1.1110 - acc: 0.5493
640/865 [=====================>........] - ETA: 1s - loss: 1.1123 - acc: 0.5516
672/865 [======================>.......] - ETA: 1s - loss: 1.1050 - acc: 0.5536
704/865 [=======================>......] - ETA: 1s - loss: 1.0980 - acc: 0.5597
736/865 [========================>.....] - ETA: 1s - loss: 1.0998 - acc: 0.5639
768/865 [=========================>....] - ETA: 0s - loss: 1.0968 - acc: 0.5638
800/865 [==========================>...] - ETA: 0s - loss: 1.0958 - acc: 0.5688
832/865 [===========================>..] - ETA: 0s - loss: 1.0990 - acc: 0.5637
864/865 [============================>.] - ETA: 0s - loss: 1.1012 - acc: 0.5637
865/865 [==============================] - 7s 8ms/sample - loss: 1.1004 - acc: 0.5642

  32/3458 [..............................] - ETA: 2:02 - loss: 0.8968 - acc: 0.7188
  64/3458 [..............................] - ETA: 2:04 - loss: 1.0130 - acc: 0.6562
  96/3458 [..............................] - ETA: 2:03 - loss: 0.9696 - acc: 0.6667
 128/3458 [>.............................] - ETA: 2:01 - loss: 0.9572 - acc: 0.6406
 160/3458 [>.............................] - ETA: 2:00 - loss: 0.9715 - acc: 0.6375
 192/3458 [>.............................] - ETA: 1:59 - loss: 0.9776 - acc: 0.6146
 224/3458 [>.............................] - ETA: 1:57 - loss: 0.9915 - acc: 0.6071
 256/3458 [=>............................] - ETA: 1:56 - loss: 1.0074 - acc: 0.5781
 288/3458 [=>............................] - ETA: 1:55 - loss: 1.0124 - acc: 0.5903
 320/3458 [=>............................] - ETA: 1:54 - loss: 1.0639 - acc: 0.5844
 352/3458 [==>...........................] - ETA: 1:53 - loss: 1.0772 - acc: 0.5824
 384/3458 [==>...........................] - ETA: 1:52 - loss: 1.0933 - acc: 0.5859
 416/3458 [==>...........................] - ETA: 1:51 - loss: 1.1113 - acc: 0.5793
 448/3458 [==>...........................] - ETA: 1:50 - loss: 1.1094 - acc: 0.5826
 480/3458 [===>..........................] - ETA: 1:48 - loss: 1.0936 - acc: 0.5896
 512/3458 [===>..........................] - ETA: 1:47 - loss: 1.1069 - acc: 0.5840
 544/3458 [===>..........................] - ETA: 1:46 - loss: 1.0927 - acc: 0.5864
 576/3458 [===>..........................] - ETA: 1:45 - loss: 1.0974 - acc: 0.5833
 608/3458 [====>.........................] - ETA: 1:44 - loss: 1.0968 - acc: 0.5806
 640/3458 [====>.........................] - ETA: 1:44 - loss: 1.1018 - acc: 0.5797
 672/3458 [====>.........................] - ETA: 1:43 - loss: 1.1049 - acc: 0.5744
 704/3458 [=====>........................] - ETA: 1:42 - loss: 1.1116 - acc: 0.5696
 736/3458 [=====>........................] - ETA: 1:40 - loss: 1.1170 - acc: 0.5625
 768/3458 [=====>........................] - ETA: 1:39 - loss: 1.1097 - acc: 0.5638
 800/3458 [=====>........................] - ETA: 1:38 - loss: 1.1108 - acc: 0.5575
 832/3458 [======>.......................] - ETA: 1:37 - loss: 1.1081 - acc: 0.5541
 864/3458 [======>.......................] - ETA: 1:36 - loss: 1.1105 - acc: 0.5556
 896/3458 [======>.......................] - ETA: 1:34 - loss: 1.1135 - acc: 0.5502
 928/3458 [=======>......................] - ETA: 1:33 - loss: 1.1044 - acc: 0.5539
 960/3458 [=======>......................] - ETA: 1:32 - loss: 1.1026 - acc: 0.5552
 992/3458 [=======>......................] - ETA: 1:31 - loss: 1.1025 - acc: 0.5554
1024/3458 [=======>......................] - ETA: 1:30 - loss: 1.1004 - acc: 0.5576
1056/3458 [========>.....................] - ETA: 1:28 - loss: 1.0969 - acc: 0.5540
1088/3458 [========>.....................] - ETA: 1:27 - loss: 1.1085 - acc: 0.5533
1120/3458 [========>.....................] - ETA: 1:26 - loss: 1.0998 - acc: 0.5571
1152/3458 [========>.....................] - ETA: 1:25 - loss: 1.0965 - acc: 0.5616
1184/3458 [=========>....................] - ETA: 1:24 - loss: 1.0929 - acc: 0.5633
1216/3458 [=========>....................] - ETA: 1:22 - loss: 1.0998 - acc: 0.5609
1248/3458 [=========>....................] - ETA: 1:21 - loss: 1.1000 - acc: 0.5609
1280/3458 [==========>...................] - ETA: 1:20 - loss: 1.0986 - acc: 0.5586
1312/3458 [==========>...................] - ETA: 1:19 - loss: 1.0993 - acc: 0.5587
1344/3458 [==========>...................] - ETA: 1:18 - loss: 1.0961 - acc: 0.5588
1376/3458 [==========>...................] - ETA: 1:16 - loss: 1.0948 - acc: 0.5618
1408/3458 [===========>..................] - ETA: 1:15 - loss: 1.0913 - acc: 0.5639
1440/3458 [===========>..................] - ETA: 1:14 - loss: 1.0911 - acc: 0.5639
1472/3458 [===========>..................] - ETA: 1:13 - loss: 1.0862 - acc: 0.5639
1504/3458 [============>.................] - ETA: 1:12 - loss: 1.0825 - acc: 0.5658
1536/3458 [============>.................] - ETA: 1:10 - loss: 1.0789 - acc: 0.5671
1568/3458 [============>.................] - ETA: 1:09 - loss: 1.0814 - acc: 0.5670
1600/3458 [============>.................] - ETA: 1:08 - loss: 1.0861 - acc: 0.5663
1632/3458 [=============>................] - ETA: 1:07 - loss: 1.0927 - acc: 0.5637
1664/3458 [=============>................] - ETA: 1:06 - loss: 1.0912 - acc: 0.5637
1696/3458 [=============>................] - ETA: 1:04 - loss: 1.0919 - acc: 0.5649
1728/3458 [=============>................] - ETA: 1:03 - loss: 1.0900 - acc: 0.5666
1760/3458 [==============>...............] - ETA: 1:02 - loss: 1.0967 - acc: 0.5631
1792/3458 [==============>...............] - ETA: 1:01 - loss: 1.1028 - acc: 0.5603
1824/3458 [==============>...............] - ETA: 1:00 - loss: 1.0983 - acc: 0.5625
1856/3458 [===============>..............] - ETA: 58s - loss: 1.0956 - acc: 0.5614 
1888/3458 [===============>..............] - ETA: 57s - loss: 1.1020 - acc: 0.5577
1920/3458 [===============>..............] - ETA: 56s - loss: 1.1017 - acc: 0.5562
1952/3458 [===============>..............] - ETA: 55s - loss: 1.1020 - acc: 0.5564
1984/3458 [================>.............] - ETA: 54s - loss: 1.1014 - acc: 0.5575
2016/3458 [================>.............] - ETA: 53s - loss: 1.1024 - acc: 0.5570
2048/3458 [================>.............] - ETA: 51s - loss: 1.1040 - acc: 0.5557
2080/3458 [=================>............] - ETA: 50s - loss: 1.1040 - acc: 0.5553
2112/3458 [=================>............] - ETA: 49s - loss: 1.1059 - acc: 0.5540
2144/3458 [=================>............] - ETA: 48s - loss: 1.1077 - acc: 0.5532
2176/3458 [=================>............] - ETA: 47s - loss: 1.1099 - acc: 0.5542
2208/3458 [==================>...........] - ETA: 45s - loss: 1.1084 - acc: 0.5548
2240/3458 [==================>...........] - ETA: 44s - loss: 1.1130 - acc: 0.5536
2272/3458 [==================>...........] - ETA: 43s - loss: 1.1177 - acc: 0.5528
2304/3458 [==================>...........] - ETA: 42s - loss: 1.1162 - acc: 0.5534
2336/3458 [===================>..........] - ETA: 41s - loss: 1.1164 - acc: 0.5522
2368/3458 [===================>..........] - ETA: 40s - loss: 1.1151 - acc: 0.5536
2400/3458 [===================>..........] - ETA: 38s - loss: 1.1156 - acc: 0.5525
2432/3458 [====================>.........] - ETA: 37s - loss: 1.1174 - acc: 0.5518
2464/3458 [====================>.........] - ETA: 36s - loss: 1.1190 - acc: 0.5503
2496/3458 [====================>.........] - ETA: 35s - loss: 1.1188 - acc: 0.5493
2528/3458 [====================>.........] - ETA: 34s - loss: 1.1153 - acc: 0.5514
2560/3458 [=====================>........] - ETA: 32s - loss: 1.1142 - acc: 0.5516
2592/3458 [=====================>........] - ETA: 31s - loss: 1.1145 - acc: 0.5509
2624/3458 [=====================>........] - ETA: 30s - loss: 1.1168 - acc: 0.5503
2656/3458 [======================>.......] - ETA: 29s - loss: 1.1122 - acc: 0.5527
2688/3458 [======================>.......] - ETA: 28s - loss: 1.1128 - acc: 0.5521
2720/3458 [======================>.......] - ETA: 27s - loss: 1.1103 - acc: 0.5537
2752/3458 [======================>.......] - ETA: 25s - loss: 1.1090 - acc: 0.5541
2784/3458 [=======================>......] - ETA: 24s - loss: 1.1078 - acc: 0.5546
2816/3458 [=======================>......] - ETA: 23s - loss: 1.1058 - acc: 0.5543
2848/3458 [=======================>......] - ETA: 22s - loss: 1.1063 - acc: 0.5527
2880/3458 [=======================>......] - ETA: 21s - loss: 1.1045 - acc: 0.5535
2912/3458 [========================>.....] - ETA: 20s - loss: 1.1024 - acc: 0.5543
2944/3458 [========================>.....] - ETA: 18s - loss: 1.1021 - acc: 0.5550
2976/3458 [========================>.....] - ETA: 17s - loss: 1.1059 - acc: 0.5534
3008/3458 [=========================>....] - ETA: 16s - loss: 1.1073 - acc: 0.5542
3040/3458 [=========================>....] - ETA: 15s - loss: 1.1047 - acc: 0.5553
3072/3458 [=========================>....] - ETA: 14s - loss: 1.1053 - acc: 0.5553
3104/3458 [=========================>....] - ETA: 13s - loss: 1.1058 - acc: 0.5548
3136/3458 [==========================>...] - ETA: 11s - loss: 1.1063 - acc: 0.5548
3168/3458 [==========================>...] - ETA: 10s - loss: 1.1045 - acc: 0.5562
3200/3458 [==========================>...] - ETA: 9s - loss: 1.1021 - acc: 0.5578 
3232/3458 [===========================>..] - ETA: 8s - loss: 1.1037 - acc: 0.5579
3264/3458 [===========================>..] - ETA: 7s - loss: 1.1028 - acc: 0.5597
3296/3458 [===========================>..] - ETA: 5s - loss: 1.1008 - acc: 0.5607
3328/3458 [===========================>..] - ETA: 4s - loss: 1.1006 - acc: 0.5601
3360/3458 [============================>.] - ETA: 3s - loss: 1.1013 - acc: 0.5601
3392/3458 [============================>.] - ETA: 2s - loss: 1.1006 - acc: 0.5610
3424/3458 [============================>.] - ETA: 1s - loss: 1.1029 - acc: 0.5613
3456/3458 [============================>.] - ETA: 0s - loss: 1.1009 - acc: 0.5631
3458/3458 [==============================] - 127s 37ms/sample - loss: 1.1007 - acc: 0.5630

 32/865 [>.............................] - ETA: 6s - loss: 1.1251 - acc: 0.6250
 64/865 [=>............................] - ETA: 6s - loss: 1.1890 - acc: 0.6094
 96/865 [==>...........................] - ETA: 6s - loss: 1.1379 - acc: 0.5729
128/865 [===>..........................] - ETA: 5s - loss: 1.0991 - acc: 0.5859
160/865 [====>.........................] - ETA: 5s - loss: 1.1215 - acc: 0.5688
192/865 [=====>........................] - ETA: 5s - loss: 1.1317 - acc: 0.5729
224/865 [======>.......................] - ETA: 5s - loss: 1.1160 - acc: 0.5759
256/865 [=======>......................] - ETA: 4s - loss: 1.1230 - acc: 0.5703
288/865 [========>.....................] - ETA: 4s - loss: 1.1304 - acc: 0.5590
320/865 [==========>...................] - ETA: 4s - loss: 1.1282 - acc: 0.5688
352/865 [===========>..................] - ETA: 4s - loss: 1.1221 - acc: 0.5767
384/865 [============>.................] - ETA: 3s - loss: 1.1192 - acc: 0.5651
416/865 [=============>................] - ETA: 3s - loss: 1.1247 - acc: 0.5601
448/865 [==============>...............] - ETA: 3s - loss: 1.1273 - acc: 0.5603
480/865 [===============>..............] - ETA: 3s - loss: 1.1273 - acc: 0.5583
512/865 [================>.............] - ETA: 2s - loss: 1.1247 - acc: 0.5488
544/865 [=================>............] - ETA: 2s - loss: 1.1392 - acc: 0.5460
576/865 [==================>...........] - ETA: 2s - loss: 1.1291 - acc: 0.5469
608/865 [====================>.........] - ETA: 2s - loss: 1.1254 - acc: 0.5493
640/865 [=====================>........] - ETA: 1s - loss: 1.1207 - acc: 0.5547
672/865 [======================>.......] - ETA: 1s - loss: 1.1170 - acc: 0.5595
704/865 [=======================>......] - ETA: 1s - loss: 1.1133 - acc: 0.5597
736/865 [========================>.....] - ETA: 1s - loss: 1.1147 - acc: 0.5611
768/865 [=========================>....] - ETA: 0s - loss: 1.1108 - acc: 0.5586
800/865 [==========================>...] - ETA: 0s - loss: 1.1093 - acc: 0.5575
832/865 [===========================>..] - ETA: 0s - loss: 1.1122 - acc: 0.5505
864/865 [============================>.] - ETA: 0s - loss: 1.1144 - acc: 0.5463
865/865 [==============================] - 7s 8ms/sample - loss: 1.1145 - acc: 0.5457

  32/3458 [..............................] - ETA: 2:05 - loss: 1.1057 - acc: 0.5312
  64/3458 [..............................] - ETA: 2:04 - loss: 1.0451 - acc: 0.5781
  96/3458 [..............................] - ETA: 2:03 - loss: 1.1817 - acc: 0.5312
 128/3458 [>.............................] - ETA: 2:02 - loss: 1.1289 - acc: 0.5859
 160/3458 [>.............................] - ETA: 2:01 - loss: 1.1484 - acc: 0.5750
 192/3458 [>.............................] - ETA: 1:59 - loss: 1.1674 - acc: 0.5729
 224/3458 [>.............................] - ETA: 1:58 - loss: 1.1271 - acc: 0.5848
 256/3458 [=>............................] - ETA: 1:57 - loss: 1.0945 - acc: 0.6016
 288/3458 [=>............................] - ETA: 1:56 - loss: 1.0794 - acc: 0.6111
 320/3458 [=>............................] - ETA: 1:54 - loss: 1.0691 - acc: 0.6219
 352/3458 [==>...........................] - ETA: 1:53 - loss: 1.0753 - acc: 0.6250
 384/3458 [==>...........................] - ETA: 1:52 - loss: 1.0651 - acc: 0.6302
 416/3458 [==>...........................] - ETA: 1:51 - loss: 1.0482 - acc: 0.6322
 448/3458 [==>...........................] - ETA: 1:50 - loss: 1.0535 - acc: 0.6205
 480/3458 [===>..........................] - ETA: 1:49 - loss: 1.0372 - acc: 0.6271
 512/3458 [===>..........................] - ETA: 1:48 - loss: 1.0371 - acc: 0.6289
 544/3458 [===>..........................] - ETA: 1:47 - loss: 1.0289 - acc: 0.6305
 576/3458 [===>..........................] - ETA: 1:45 - loss: 1.0213 - acc: 0.6337
 608/3458 [====>.........................] - ETA: 1:44 - loss: 1.0199 - acc: 0.6283
 640/3458 [====>.........................] - ETA: 1:43 - loss: 1.0081 - acc: 0.6313
 672/3458 [====>.........................] - ETA: 1:42 - loss: 1.0235 - acc: 0.6265
 704/3458 [=====>........................] - ETA: 1:41 - loss: 1.0130 - acc: 0.6278
 736/3458 [=====>........................] - ETA: 1:40 - loss: 1.0010 - acc: 0.6291
 768/3458 [=====>........................] - ETA: 1:38 - loss: 1.0035 - acc: 0.6263
 800/3458 [=====>........................] - ETA: 1:37 - loss: 0.9921 - acc: 0.6263
 832/3458 [======>.......................] - ETA: 1:36 - loss: 1.0011 - acc: 0.6238
 864/3458 [======>.......................] - ETA: 1:35 - loss: 1.0250 - acc: 0.6227
 896/3458 [======>.......................] - ETA: 1:34 - loss: 1.0342 - acc: 0.6172
 928/3458 [=======>......................] - ETA: 1:33 - loss: 1.0360 - acc: 0.6164
 960/3458 [=======>......................] - ETA: 1:31 - loss: 1.0357 - acc: 0.6146
 992/3458 [=======>......................] - ETA: 1:30 - loss: 1.0317 - acc: 0.6169
1024/3458 [=======>......................] - ETA: 1:29 - loss: 1.0414 - acc: 0.6084
1056/3458 [========>.....................] - ETA: 1:28 - loss: 1.0398 - acc: 0.6108
1088/3458 [========>.....................] - ETA: 1:27 - loss: 1.0360 - acc: 0.6103
1120/3458 [========>.....................] - ETA: 1:25 - loss: 1.0359 - acc: 0.6089
1152/3458 [========>.....................] - ETA: 1:24 - loss: 1.0344 - acc: 0.6094
1184/3458 [=========>....................] - ETA: 1:23 - loss: 1.0308 - acc: 0.6090
1216/3458 [=========>....................] - ETA: 1:22 - loss: 1.0288 - acc: 0.6094
1248/3458 [=========>....................] - ETA: 1:21 - loss: 1.0216 - acc: 0.6122
1280/3458 [==========>...................] - ETA: 1:20 - loss: 1.0248 - acc: 0.6109
1312/3458 [==========>...................] - ETA: 1:19 - loss: 1.0219 - acc: 0.6136
1344/3458 [==========>...................] - ETA: 1:17 - loss: 1.0206 - acc: 0.6101
1376/3458 [==========>...................] - ETA: 1:16 - loss: 1.0176 - acc: 0.6097
1408/3458 [===========>..................] - ETA: 1:15 - loss: 1.0162 - acc: 0.6101
1440/3458 [===========>..................] - ETA: 1:14 - loss: 1.0214 - acc: 0.6049
1472/3458 [===========>..................] - ETA: 1:13 - loss: 1.0168 - acc: 0.6060
1504/3458 [============>.................] - ETA: 1:11 - loss: 1.0116 - acc: 0.6070
1536/3458 [============>.................] - ETA: 1:10 - loss: 1.0106 - acc: 0.6087
1568/3458 [============>.................] - ETA: 1:09 - loss: 1.0133 - acc: 0.6078
1600/3458 [============>.................] - ETA: 1:08 - loss: 1.0113 - acc: 0.6075
1632/3458 [=============>................] - ETA: 1:07 - loss: 1.0091 - acc: 0.6097
1664/3458 [=============>................] - ETA: 1:06 - loss: 1.0086 - acc: 0.6088
1696/3458 [=============>................] - ETA: 1:04 - loss: 1.0098 - acc: 0.6108
1728/3458 [=============>................] - ETA: 1:03 - loss: 1.0055 - acc: 0.6123
1760/3458 [==============>...............] - ETA: 1:02 - loss: 1.0041 - acc: 0.6136
1792/3458 [==============>...............] - ETA: 1:01 - loss: 0.9999 - acc: 0.6150
1824/3458 [==============>...............] - ETA: 1:00 - loss: 0.9974 - acc: 0.6151
1856/3458 [===============>..............] - ETA: 58s - loss: 0.9955 - acc: 0.6153 
1888/3458 [===============>..............] - ETA: 57s - loss: 0.9907 - acc: 0.6171
1920/3458 [===============>..............] - ETA: 56s - loss: 0.9957 - acc: 0.6187
1952/3458 [===============>..............] - ETA: 55s - loss: 0.9955 - acc: 0.6178
1984/3458 [================>.............] - ETA: 54s - loss: 0.9960 - acc: 0.6169
2016/3458 [================>.............] - ETA: 53s - loss: 0.9918 - acc: 0.6181
2048/3458 [================>.............] - ETA: 51s - loss: 0.9943 - acc: 0.6157
2080/3458 [=================>............] - ETA: 50s - loss: 0.9957 - acc: 0.6149
2112/3458 [=================>............] - ETA: 49s - loss: 0.9946 - acc: 0.6160
2144/3458 [=================>............] - ETA: 48s - loss: 0.9989 - acc: 0.6133
2176/3458 [=================>............] - ETA: 47s - loss: 0.9989 - acc: 0.6135
2208/3458 [==================>...........] - ETA: 45s - loss: 0.9966 - acc: 0.6164
2240/3458 [==================>...........] - ETA: 44s - loss: 1.0002 - acc: 0.6161
2272/3458 [==================>...........] - ETA: 43s - loss: 0.9987 - acc: 0.6162
2304/3458 [==================>...........] - ETA: 42s - loss: 0.9975 - acc: 0.6163
2336/3458 [===================>..........] - ETA: 41s - loss: 0.9990 - acc: 0.6164
2368/3458 [===================>..........] - ETA: 40s - loss: 0.9966 - acc: 0.6178
2400/3458 [===================>..........] - ETA: 38s - loss: 0.9956 - acc: 0.6187
2432/3458 [====================>.........] - ETA: 37s - loss: 0.9955 - acc: 0.6188
2464/3458 [====================>.........] - ETA: 36s - loss: 0.9962 - acc: 0.6177
2496/3458 [====================>.........] - ETA: 35s - loss: 0.9994 - acc: 0.6158
2528/3458 [====================>.........] - ETA: 34s - loss: 1.0039 - acc: 0.6151
2560/3458 [=====================>........] - ETA: 33s - loss: 1.0033 - acc: 0.6152
2592/3458 [=====================>........] - ETA: 31s - loss: 1.0055 - acc: 0.6123
2624/3458 [=====================>........] - ETA: 30s - loss: 1.0055 - acc: 0.6124
2656/3458 [======================>.......] - ETA: 29s - loss: 1.0025 - acc: 0.6122
2688/3458 [======================>.......] - ETA: 28s - loss: 1.0005 - acc: 0.6146
2720/3458 [======================>.......] - ETA: 27s - loss: 0.9994 - acc: 0.6154
2752/3458 [======================>.......] - ETA: 25s - loss: 1.0022 - acc: 0.6130
2784/3458 [=======================>......] - ETA: 24s - loss: 1.0021 - acc: 0.6142
2816/3458 [=======================>......] - ETA: 23s - loss: 1.0048 - acc: 0.6129
2848/3458 [=======================>......] - ETA: 22s - loss: 1.0053 - acc: 0.6131
2880/3458 [=======================>......] - ETA: 21s - loss: 1.0055 - acc: 0.6118
2912/3458 [========================>.....] - ETA: 20s - loss: 1.0072 - acc: 0.6102
2944/3458 [========================>.....] - ETA: 18s - loss: 1.0052 - acc: 0.6111
2976/3458 [========================>.....] - ETA: 17s - loss: 1.0032 - acc: 0.6116
3008/3458 [=========================>....] - ETA: 16s - loss: 1.0010 - acc: 0.6120
3040/3458 [=========================>....] - ETA: 15s - loss: 1.0016 - acc: 0.6115
3072/3458 [=========================>....] - ETA: 14s - loss: 1.0026 - acc: 0.6107
3104/3458 [=========================>....] - ETA: 13s - loss: 1.0027 - acc: 0.6102
3136/3458 [==========================>...] - ETA: 11s - loss: 1.0039 - acc: 0.6091
3168/3458 [==========================>...] - ETA: 10s - loss: 1.0035 - acc: 0.6095
3200/3458 [==========================>...] - ETA: 9s - loss: 1.0013 - acc: 0.6109 
3232/3458 [===========================>..] - ETA: 8s - loss: 0.9998 - acc: 0.6117
3264/3458 [===========================>..] - ETA: 7s - loss: 0.9972 - acc: 0.6127
3296/3458 [===========================>..] - ETA: 5s - loss: 0.9997 - acc: 0.6110
3328/3458 [===========================>..] - ETA: 4s - loss: 1.0030 - acc: 0.6100
3360/3458 [============================>.] - ETA: 3s - loss: 1.0037 - acc: 0.6101
3392/3458 [============================>.] - ETA: 2s - loss: 1.0021 - acc: 0.6103
3424/3458 [============================>.] - ETA: 1s - loss: 1.0019 - acc: 0.6113
3456/3458 [============================>.] - ETA: 0s - loss: 1.0006 - acc: 0.6117
3458/3458 [==============================] - 127s 37ms/sample - loss: 1.0006 - acc: 0.6116

 32/865 [>.............................] - ETA: 6s - loss: 0.9951 - acc: 0.6562
 64/865 [=>............................] - ETA: 6s - loss: 1.0769 - acc: 0.6562
 96/865 [==>...........................] - ETA: 6s - loss: 0.9665 - acc: 0.6667
128/865 [===>..........................] - ETA: 5s - loss: 0.9568 - acc: 0.6562
160/865 [====>.........................] - ETA: 5s - loss: 0.9922 - acc: 0.6125
192/865 [=====>........................] - ETA: 5s - loss: 0.9958 - acc: 0.6146
224/865 [======>.......................] - ETA: 5s - loss: 0.9756 - acc: 0.6205
256/865 [=======>......................] - ETA: 4s - loss: 0.9845 - acc: 0.6133
288/865 [========>.....................] - ETA: 4s - loss: 0.9799 - acc: 0.6146
320/865 [==========>...................] - ETA: 4s - loss: 0.9772 - acc: 0.6313
352/865 [===========>..................] - ETA: 4s - loss: 0.9748 - acc: 0.6364
384/865 [============>.................] - ETA: 3s - loss: 0.9722 - acc: 0.6380
416/865 [=============>................] - ETA: 3s - loss: 0.9734 - acc: 0.6418
448/865 [==============>...............] - ETA: 3s - loss: 0.9831 - acc: 0.6384
480/865 [===============>..............] - ETA: 3s - loss: 0.9865 - acc: 0.6375
512/865 [================>.............] - ETA: 2s - loss: 0.9793 - acc: 0.6406
544/865 [=================>............] - ETA: 2s - loss: 1.0000 - acc: 0.6324
576/865 [==================>...........] - ETA: 2s - loss: 0.9918 - acc: 0.6354
608/865 [====================>.........] - ETA: 2s - loss: 0.9880 - acc: 0.6382
640/865 [=====================>........] - ETA: 1s - loss: 0.9863 - acc: 0.6391
672/865 [======================>.......] - ETA: 1s - loss: 0.9821 - acc: 0.6354
704/865 [=======================>......] - ETA: 1s - loss: 0.9745 - acc: 0.6378
736/865 [========================>.....] - ETA: 1s - loss: 0.9730 - acc: 0.6413
768/865 [=========================>....] - ETA: 0s - loss: 0.9750 - acc: 0.6367
800/865 [==========================>...] - ETA: 0s - loss: 0.9744 - acc: 0.6388
832/865 [===========================>..] - ETA: 0s - loss: 0.9795 - acc: 0.6358
864/865 [============================>.] - ETA: 0s - loss: 0.9852 - acc: 0.6343
865/865 [==============================] - 7s 8ms/sample - loss: 0.9845 - acc: 0.6347

  32/3458 [..............................] - ETA: 2:06 - loss: 1.0889 - acc: 0.6875
  64/3458 [..............................] - ETA: 2:03 - loss: 1.0064 - acc: 0.6406
  96/3458 [..............................] - ETA: 2:02 - loss: 1.0157 - acc: 0.6250
 128/3458 [>.............................] - ETA: 2:01 - loss: 0.9573 - acc: 0.6250
 160/3458 [>.............................] - ETA: 2:00 - loss: 0.8937 - acc: 0.6438
 192/3458 [>.............................] - ETA: 1:59 - loss: 0.8369 - acc: 0.6771
 224/3458 [>.............................] - ETA: 1:58 - loss: 0.8570 - acc: 0.6562
 256/3458 [=>............................] - ETA: 1:57 - loss: 0.8635 - acc: 0.6523
 288/3458 [=>............................] - ETA: 1:56 - loss: 0.8932 - acc: 0.6458
 320/3458 [=>............................] - ETA: 1:55 - loss: 0.8852 - acc: 0.6469
 352/3458 [==>...........................] - ETA: 1:53 - loss: 0.8864 - acc: 0.6477
 384/3458 [==>...........................] - ETA: 1:52 - loss: 0.8788 - acc: 0.6536
 416/3458 [==>...........................] - ETA: 1:51 - loss: 0.9049 - acc: 0.6466
 448/3458 [==>...........................] - ETA: 1:50 - loss: 0.9092 - acc: 0.6451
 480/3458 [===>..........................] - ETA: 1:49 - loss: 0.9102 - acc: 0.6396
 512/3458 [===>..........................] - ETA: 1:48 - loss: 0.9044 - acc: 0.6367
 544/3458 [===>..........................] - ETA: 1:46 - loss: 0.8983 - acc: 0.6434
 576/3458 [===>..........................] - ETA: 1:45 - loss: 0.8916 - acc: 0.6441
 608/3458 [====>.........................] - ETA: 1:44 - loss: 0.8877 - acc: 0.6480
 640/3458 [====>.........................] - ETA: 1:43 - loss: 0.8938 - acc: 0.6438
 672/3458 [====>.........................] - ETA: 1:42 - loss: 0.9144 - acc: 0.6369
 704/3458 [=====>........................] - ETA: 1:41 - loss: 0.9066 - acc: 0.6406
 736/3458 [=====>........................] - ETA: 1:40 - loss: 0.9101 - acc: 0.6372
 768/3458 [=====>........................] - ETA: 1:39 - loss: 0.9065 - acc: 0.6393
 800/3458 [=====>........................] - ETA: 1:38 - loss: 0.9111 - acc: 0.6388
 832/3458 [======>.......................] - ETA: 1:37 - loss: 0.9129 - acc: 0.6358
 864/3458 [======>.......................] - ETA: 1:36 - loss: 0.9118 - acc: 0.6366
 896/3458 [======>.......................] - ETA: 1:35 - loss: 0.9149 - acc: 0.6362
 928/3458 [=======>......................] - ETA: 1:34 - loss: 0.9119 - acc: 0.6401
 960/3458 [=======>......................] - ETA: 1:33 - loss: 0.9059 - acc: 0.6427
 992/3458 [=======>......................] - ETA: 1:32 - loss: 0.9080 - acc: 0.6431
1024/3458 [=======>......................] - ETA: 1:31 - loss: 0.9048 - acc: 0.6436
1056/3458 [========>.....................] - ETA: 1:30 - loss: 0.9037 - acc: 0.6420
1088/3458 [========>.....................] - ETA: 1:29 - loss: 0.8944 - acc: 0.6471
1120/3458 [========>.....................] - ETA: 1:28 - loss: 0.8941 - acc: 0.6482
1152/3458 [========>.....................] - ETA: 1:27 - loss: 0.8998 - acc: 0.6458
1184/3458 [=========>....................] - ETA: 1:26 - loss: 0.8997 - acc: 0.6444
1216/3458 [=========>....................] - ETA: 1:24 - loss: 0.8961 - acc: 0.6464
1248/3458 [=========>....................] - ETA: 1:23 - loss: 0.8964 - acc: 0.6466
1280/3458 [==========>...................] - ETA: 1:22 - loss: 0.8942 - acc: 0.6469
1312/3458 [==========>...................] - ETA: 1:21 - loss: 0.8907 - acc: 0.6494
1344/3458 [==========>...................] - ETA: 1:19 - loss: 0.8877 - acc: 0.6496
1376/3458 [==========>...................] - ETA: 1:18 - loss: 0.8853 - acc: 0.6512
1408/3458 [===========>..................] - ETA: 1:17 - loss: 0.8861 - acc: 0.6506
1440/3458 [===========>..................] - ETA: 1:15 - loss: 0.8829 - acc: 0.6507
1472/3458 [===========>..................] - ETA: 1:14 - loss: 0.8919 - acc: 0.6474
1504/3458 [============>.................] - ETA: 1:13 - loss: 0.8855 - acc: 0.6516
1536/3458 [============>.................] - ETA: 1:12 - loss: 0.8843 - acc: 0.6530
1568/3458 [============>.................] - ETA: 1:11 - loss: 0.8819 - acc: 0.6543
1600/3458 [============>.................] - ETA: 1:09 - loss: 0.8804 - acc: 0.6544
1632/3458 [=============>................] - ETA: 1:08 - loss: 0.8801 - acc: 0.6526
1664/3458 [=============>................] - ETA: 1:07 - loss: 0.8863 - acc: 0.6496
1696/3458 [=============>................] - ETA: 1:06 - loss: 0.8839 - acc: 0.6509
1728/3458 [=============>................] - ETA: 1:04 - loss: 0.8841 - acc: 0.6510
1760/3458 [==============>...............] - ETA: 1:03 - loss: 0.8847 - acc: 0.6494
1792/3458 [==============>...............] - ETA: 1:02 - loss: 0.8865 - acc: 0.6490
1824/3458 [==============>...............] - ETA: 1:01 - loss: 0.8848 - acc: 0.6491
1856/3458 [===============>..............] - ETA: 1:00 - loss: 0.8853 - acc: 0.6471
1888/3458 [===============>..............] - ETA: 58s - loss: 0.8789 - acc: 0.6494 
1920/3458 [===============>..............] - ETA: 57s - loss: 0.8815 - acc: 0.6479
1952/3458 [===============>..............] - ETA: 56s - loss: 0.8817 - acc: 0.6491
1984/3458 [================>.............] - ETA: 55s - loss: 0.8797 - acc: 0.6502
2016/3458 [================>.............] - ETA: 53s - loss: 0.8812 - acc: 0.6488
2048/3458 [================>.............] - ETA: 52s - loss: 0.8754 - acc: 0.6519
2080/3458 [=================>............] - ETA: 51s - loss: 0.8789 - acc: 0.6505
2112/3458 [=================>............] - ETA: 50s - loss: 0.8800 - acc: 0.6506
2144/3458 [=================>............] - ETA: 49s - loss: 0.8810 - acc: 0.6493
2176/3458 [=================>............] - ETA: 47s - loss: 0.8811 - acc: 0.6484
2208/3458 [==================>...........] - ETA: 46s - loss: 0.8844 - acc: 0.6476
2240/3458 [==================>...........] - ETA: 45s - loss: 0.8869 - acc: 0.6478
2272/3458 [==================>...........] - ETA: 44s - loss: 0.8872 - acc: 0.6470
2304/3458 [==================>...........] - ETA: 43s - loss: 0.8862 - acc: 0.6484
2336/3458 [===================>..........] - ETA: 41s - loss: 0.8845 - acc: 0.6490
2368/3458 [===================>..........] - ETA: 40s - loss: 0.8831 - acc: 0.6486
2400/3458 [===================>..........] - ETA: 39s - loss: 0.8812 - acc: 0.6492
2432/3458 [====================>.........] - ETA: 38s - loss: 0.8822 - acc: 0.6505
2464/3458 [====================>.........] - ETA: 37s - loss: 0.8821 - acc: 0.6502
2496/3458 [====================>.........] - ETA: 35s - loss: 0.8835 - acc: 0.6502
2528/3458 [====================>.........] - ETA: 34s - loss: 0.8825 - acc: 0.6507
2560/3458 [=====================>........] - ETA: 33s - loss: 0.8834 - acc: 0.6512
2592/3458 [=====================>........] - ETA: 32s - loss: 0.8816 - acc: 0.6516
2624/3458 [=====================>........] - ETA: 31s - loss: 0.8801 - acc: 0.6528
2656/3458 [======================>.......] - ETA: 29s - loss: 0.8790 - acc: 0.6536
2688/3458 [======================>.......] - ETA: 28s - loss: 0.8787 - acc: 0.6536
2720/3458 [======================>.......] - ETA: 27s - loss: 0.8823 - acc: 0.6540
2752/3458 [======================>.......] - ETA: 26s - loss: 0.8821 - acc: 0.6544
2784/3458 [=======================>......] - ETA: 25s - loss: 0.8817 - acc: 0.6552
2816/3458 [=======================>......] - ETA: 23s - loss: 0.8824 - acc: 0.6559
2848/3458 [=======================>......] - ETA: 22s - loss: 0.8827 - acc: 0.6559
2880/3458 [=======================>......] - ETA: 21s - loss: 0.8813 - acc: 0.6576
2912/3458 [========================>.....] - ETA: 20s - loss: 0.8820 - acc: 0.6580
2944/3458 [========================>.....] - ETA: 19s - loss: 0.8817 - acc: 0.6590
2976/3458 [========================>.....] - ETA: 17s - loss: 0.8791 - acc: 0.6596
3008/3458 [=========================>....] - ETA: 16s - loss: 0.8785 - acc: 0.6599
3040/3458 [=========================>....] - ETA: 15s - loss: 0.8763 - acc: 0.6612
3072/3458 [=========================>....] - ETA: 14s - loss: 0.8767 - acc: 0.6611
3104/3458 [=========================>....] - ETA: 13s - loss: 0.8754 - acc: 0.6617
3136/3458 [==========================>...] - ETA: 11s - loss: 0.8773 - acc: 0.6607
3168/3458 [==========================>...] - ETA: 10s - loss: 0.8798 - acc: 0.6600
3200/3458 [==========================>...] - ETA: 9s - loss: 0.8806 - acc: 0.6606 
3232/3458 [===========================>..] - ETA: 8s - loss: 0.8801 - acc: 0.6618
3264/3458 [===========================>..] - ETA: 7s - loss: 0.8780 - acc: 0.6627
3296/3458 [===========================>..] - ETA: 6s - loss: 0.8762 - acc: 0.6635
3328/3458 [===========================>..] - ETA: 4s - loss: 0.8761 - acc: 0.6632
3360/3458 [============================>.] - ETA: 3s - loss: 0.8766 - acc: 0.6628
3392/3458 [============================>.] - ETA: 2s - loss: 0.8763 - acc: 0.6636
3424/3458 [============================>.] - ETA: 1s - loss: 0.8789 - acc: 0.6612
3456/3458 [============================>.] - ETA: 0s - loss: 0.8769 - acc: 0.6615
3458/3458 [==============================] - 129s 37ms/sample - loss: 0.8767 - acc: 0.6617

 32/865 [>.............................] - ETA: 7s - loss: 1.1054 - acc: 0.6250
 64/865 [=>............................] - ETA: 6s - loss: 1.2282 - acc: 0.6406
 96/865 [==>...........................] - ETA: 6s - loss: 1.1215 - acc: 0.6042
128/865 [===>..........................] - ETA: 6s - loss: 1.0564 - acc: 0.6094
160/865 [====>.........................] - ETA: 5s - loss: 1.0574 - acc: 0.5938
192/865 [=====>........................] - ETA: 5s - loss: 1.0556 - acc: 0.5938
224/865 [======>.......................] - ETA: 5s - loss: 1.0250 - acc: 0.5982
256/865 [=======>......................] - ETA: 4s - loss: 1.0343 - acc: 0.5938
288/865 [========>.....................] - ETA: 4s - loss: 1.0395 - acc: 0.5903
320/865 [==========>...................] - ETA: 4s - loss: 1.0233 - acc: 0.6062
352/865 [===========>..................] - ETA: 4s - loss: 1.0134 - acc: 0.6136
384/865 [============>.................] - ETA: 3s - loss: 0.9911 - acc: 0.6250
416/865 [=============>................] - ETA: 3s - loss: 0.9984 - acc: 0.6226
448/865 [==============>...............] - ETA: 3s - loss: 1.0013 - acc: 0.6228
480/865 [===============>..............] - ETA: 3s - loss: 0.9986 - acc: 0.6208
512/865 [================>.............] - ETA: 2s - loss: 1.0026 - acc: 0.6152
544/865 [=================>............] - ETA: 2s - loss: 1.0316 - acc: 0.6103
576/865 [==================>...........] - ETA: 2s - loss: 1.0322 - acc: 0.6076
608/865 [====================>.........] - ETA: 2s - loss: 1.0245 - acc: 0.6102
640/865 [=====================>........] - ETA: 1s - loss: 1.0187 - acc: 0.6125
672/865 [======================>.......] - ETA: 1s - loss: 1.0079 - acc: 0.6131
704/865 [=======================>......] - ETA: 1s - loss: 1.0076 - acc: 0.6151
736/865 [========================>.....] - ETA: 1s - loss: 1.0006 - acc: 0.6223
768/865 [=========================>....] - ETA: 0s - loss: 1.0010 - acc: 0.6172
800/865 [==========================>...] - ETA: 0s - loss: 0.9975 - acc: 0.6162
832/865 [===========================>..] - ETA: 0s - loss: 1.0150 - acc: 0.6106
864/865 [============================>.] - ETA: 0s - loss: 1.0170 - acc: 0.6088
865/865 [==============================] - 7s 8ms/sample - loss: 1.0165 - acc: 0.6092
