For number of cells in Conv2D=128
For Dropout_1=0.8 Dropout_2=0.2
For number of cells in Dense=512
daisy loaded
dandelion loaded
rose loaded
sunflower loaded
tulip loaded

  32/3458 [..............................] - ETA: 3:05 - loss: 1.6451 - acc: 0.1250
  64/3458 [..............................] - ETA: 2:55 - loss: 6.1455 - acc: 0.1406
  96/3458 [..............................] - ETA: 2:50 - loss: 7.3980 - acc: 0.1458
 128/3458 [>.............................] - ETA: 2:46 - loss: 6.6839 - acc: 0.1641
 160/3458 [>.............................] - ETA: 2:43 - loss: 5.8446 - acc: 0.1937
 192/3458 [>.............................] - ETA: 2:41 - loss: 5.1447 - acc: 0.1667
 224/3458 [>.............................] - ETA: 2:39 - loss: 4.6397 - acc: 0.1696
 256/3458 [=>............................] - ETA: 2:37 - loss: 4.2607 - acc: 0.1719
 288/3458 [=>............................] - ETA: 2:35 - loss: 3.9661 - acc: 0.1806
 320/3458 [=>............................] - ETA: 2:34 - loss: 3.7303 - acc: 0.1969
 352/3458 [==>...........................] - ETA: 2:32 - loss: 3.5376 - acc: 0.1960
 384/3458 [==>...........................] - ETA: 2:30 - loss: 3.3769 - acc: 0.1901
 416/3458 [==>...........................] - ETA: 2:29 - loss: 3.2409 - acc: 0.1899
 448/3458 [==>...........................] - ETA: 2:27 - loss: 3.1216 - acc: 0.2076
 480/3458 [===>..........................] - ETA: 2:26 - loss: 3.0247 - acc: 0.2042
 512/3458 [===>..........................] - ETA: 2:24 - loss: 2.9382 - acc: 0.2051
 544/3458 [===>..........................] - ETA: 2:23 - loss: 2.8593 - acc: 0.2096
 576/3458 [===>..........................] - ETA: 2:21 - loss: 2.7885 - acc: 0.2153
 608/3458 [====>.........................] - ETA: 2:19 - loss: 2.7258 - acc: 0.2270
 640/3458 [====>.........................] - ETA: 2:18 - loss: 2.6689 - acc: 0.2328
 672/3458 [====>.........................] - ETA: 2:16 - loss: 2.6190 - acc: 0.2321
 704/3458 [=====>........................] - ETA: 2:14 - loss: 2.5716 - acc: 0.2372
 736/3458 [=====>........................] - ETA: 2:13 - loss: 2.5291 - acc: 0.2378
 768/3458 [=====>........................] - ETA: 2:11 - loss: 2.4903 - acc: 0.2357
 800/3458 [=====>........................] - ETA: 2:10 - loss: 2.4541 - acc: 0.2338
 832/3458 [======>.......................] - ETA: 2:08 - loss: 2.4203 - acc: 0.2356
 864/3458 [======>.......................] - ETA: 2:06 - loss: 2.3883 - acc: 0.2396
 896/3458 [======>.......................] - ETA: 2:05 - loss: 2.3547 - acc: 0.2433
 928/3458 [=======>......................] - ETA: 2:03 - loss: 2.3447 - acc: 0.2425
 960/3458 [=======>......................] - ETA: 2:02 - loss: 2.3186 - acc: 0.2427
 992/3458 [=======>......................] - ETA: 2:00 - loss: 2.2940 - acc: 0.2440
1024/3458 [=======>......................] - ETA: 1:59 - loss: 2.2710 - acc: 0.2461
1056/3458 [========>.....................] - ETA: 1:57 - loss: 2.2479 - acc: 0.2481
1088/3458 [========>.....................] - ETA: 1:55 - loss: 2.2263 - acc: 0.2518
1120/3458 [========>.....................] - ETA: 1:54 - loss: 2.2051 - acc: 0.2527
1152/3458 [========>.....................] - ETA: 1:52 - loss: 2.1831 - acc: 0.2552
1184/3458 [=========>....................] - ETA: 1:51 - loss: 2.1636 - acc: 0.2593
1216/3458 [=========>....................] - ETA: 1:49 - loss: 2.1443 - acc: 0.2640
1248/3458 [=========>....................] - ETA: 1:47 - loss: 2.1301 - acc: 0.2636
1280/3458 [==========>...................] - ETA: 1:46 - loss: 2.1149 - acc: 0.2664
1312/3458 [==========>...................] - ETA: 1:44 - loss: 2.0991 - acc: 0.2698
1344/3458 [==========>...................] - ETA: 1:43 - loss: 2.0822 - acc: 0.2738
1376/3458 [==========>...................] - ETA: 1:41 - loss: 2.0691 - acc: 0.2740
1408/3458 [===========>..................] - ETA: 1:40 - loss: 2.0567 - acc: 0.2749
1440/3458 [===========>..................] - ETA: 1:38 - loss: 2.0445 - acc: 0.2799
1472/3458 [===========>..................] - ETA: 1:36 - loss: 2.0345 - acc: 0.2806
1504/3458 [============>.................] - ETA: 1:35 - loss: 2.0198 - acc: 0.2839
1536/3458 [============>.................] - ETA: 1:33 - loss: 2.0119 - acc: 0.2839
1568/3458 [============>.................] - ETA: 1:32 - loss: 1.9996 - acc: 0.2915
1600/3458 [============>.................] - ETA: 1:30 - loss: 1.9891 - acc: 0.2937
1632/3458 [=============>................] - ETA: 1:29 - loss: 1.9784 - acc: 0.2935
1664/3458 [=============>................] - ETA: 1:27 - loss: 1.9651 - acc: 0.2969
1696/3458 [=============>................] - ETA: 1:25 - loss: 1.9552 - acc: 0.2972
1728/3458 [=============>................] - ETA: 1:24 - loss: 1.9460 - acc: 0.2980
1760/3458 [==============>...............] - ETA: 1:22 - loss: 1.9398 - acc: 0.2983
1792/3458 [==============>...............] - ETA: 1:21 - loss: 1.9298 - acc: 0.3025
1824/3458 [==============>...............] - ETA: 1:19 - loss: 1.9215 - acc: 0.3054
1856/3458 [===============>..............] - ETA: 1:18 - loss: 1.9123 - acc: 0.3071
1888/3458 [===============>..............] - ETA: 1:16 - loss: 1.9050 - acc: 0.3077
1920/3458 [===============>..............] - ETA: 1:15 - loss: 1.8971 - acc: 0.3078
1952/3458 [===============>..............] - ETA: 1:13 - loss: 1.8874 - acc: 0.3099
1984/3458 [================>.............] - ETA: 1:11 - loss: 1.8811 - acc: 0.3110
2016/3458 [================>.............] - ETA: 1:10 - loss: 1.8730 - acc: 0.3120
2048/3458 [================>.............] - ETA: 1:08 - loss: 1.8665 - acc: 0.3110
2080/3458 [=================>............] - ETA: 1:07 - loss: 1.8605 - acc: 0.3120
2112/3458 [=================>............] - ETA: 1:05 - loss: 1.8523 - acc: 0.3149
2144/3458 [=================>............] - ETA: 1:04 - loss: 1.8451 - acc: 0.3167
2176/3458 [=================>............] - ETA: 1:02 - loss: 1.8403 - acc: 0.3148
2208/3458 [==================>...........] - ETA: 1:00 - loss: 1.8312 - acc: 0.3170
2240/3458 [==================>...........] - ETA: 59s - loss: 1.8314 - acc: 0.3179 
2272/3458 [==================>...........] - ETA: 57s - loss: 1.8247 - acc: 0.3195
2304/3458 [==================>...........] - ETA: 56s - loss: 1.8151 - acc: 0.3203
2336/3458 [===================>..........] - ETA: 54s - loss: 1.8113 - acc: 0.3193
2368/3458 [===================>..........] - ETA: 53s - loss: 1.8030 - acc: 0.3226
2400/3458 [===================>..........] - ETA: 51s - loss: 1.7964 - acc: 0.3246
2432/3458 [====================>.........] - ETA: 50s - loss: 1.7938 - acc: 0.3236
2464/3458 [====================>.........] - ETA: 48s - loss: 1.7894 - acc: 0.3222
2496/3458 [====================>.........] - ETA: 46s - loss: 1.7851 - acc: 0.3229
2528/3458 [====================>.........] - ETA: 45s - loss: 1.7808 - acc: 0.3212
2560/3458 [=====================>........] - ETA: 43s - loss: 1.7769 - acc: 0.3215
2592/3458 [=====================>........] - ETA: 42s - loss: 1.7723 - acc: 0.3225
2624/3458 [=====================>........] - ETA: 40s - loss: 1.7682 - acc: 0.3243
2656/3458 [======================>.......] - ETA: 39s - loss: 1.7637 - acc: 0.3257
2688/3458 [======================>.......] - ETA: 37s - loss: 1.7596 - acc: 0.3274
2720/3458 [======================>.......] - ETA: 36s - loss: 1.7544 - acc: 0.3287
2752/3458 [======================>.......] - ETA: 34s - loss: 1.7491 - acc: 0.3318
2784/3458 [=======================>......] - ETA: 32s - loss: 1.7460 - acc: 0.3319
2816/3458 [=======================>......] - ETA: 31s - loss: 1.7417 - acc: 0.3331
2848/3458 [=======================>......] - ETA: 29s - loss: 1.7383 - acc: 0.3343
2880/3458 [=======================>......] - ETA: 28s - loss: 1.7338 - acc: 0.3358
2912/3458 [========================>.....] - ETA: 26s - loss: 1.7313 - acc: 0.3352
2944/3458 [========================>.....] - ETA: 25s - loss: 1.7294 - acc: 0.3363
2976/3458 [========================>.....] - ETA: 23s - loss: 1.7266 - acc: 0.3370
3008/3458 [=========================>....] - ETA: 21s - loss: 1.7235 - acc: 0.3378
3040/3458 [=========================>....] - ETA: 20s - loss: 1.7184 - acc: 0.3401
3072/3458 [=========================>....] - ETA: 18s - loss: 1.7155 - acc: 0.3395
3104/3458 [=========================>....] - ETA: 17s - loss: 1.7125 - acc: 0.3396
3136/3458 [==========================>...] - ETA: 15s - loss: 1.7096 - acc: 0.3402
3168/3458 [==========================>...] - ETA: 14s - loss: 1.7052 - acc: 0.3409
3200/3458 [==========================>...] - ETA: 12s - loss: 1.7025 - acc: 0.3409
3232/3458 [===========================>..] - ETA: 11s - loss: 1.6996 - acc: 0.3413
3264/3458 [===========================>..] - ETA: 9s - loss: 1.6966 - acc: 0.3422 
3296/3458 [===========================>..] - ETA: 7s - loss: 1.6945 - acc: 0.3428
3328/3458 [===========================>..] - ETA: 6s - loss: 1.6920 - acc: 0.3434
3360/3458 [============================>.] - ETA: 4s - loss: 1.6894 - acc: 0.3438
3392/3458 [============================>.] - ETA: 3s - loss: 1.6873 - acc: 0.3449
3424/3458 [============================>.] - ETA: 1s - loss: 1.6821 - acc: 0.3478
3456/3458 [============================>.] - ETA: 0s - loss: 1.6786 - acc: 0.3487
3458/3458 [==============================] - 169s 49ms/sample - loss: 1.6784 - acc: 0.3485

 32/865 [>.............................] - ETA: 7s - loss: 1.2674 - acc: 0.4062
 64/865 [=>............................] - ETA: 7s - loss: 1.2684 - acc: 0.4531
 96/865 [==>...........................] - ETA: 6s - loss: 1.3274 - acc: 0.4271
128/865 [===>..........................] - ETA: 6s - loss: 1.3658 - acc: 0.4531
160/865 [====>.........................] - ETA: 6s - loss: 1.3992 - acc: 0.4437
192/865 [=====>........................] - ETA: 6s - loss: 1.4057 - acc: 0.4375
224/865 [======>.......................] - ETA: 5s - loss: 1.3922 - acc: 0.4464
256/865 [=======>......................] - ETA: 5s - loss: 1.3787 - acc: 0.4414
288/865 [========>.....................] - ETA: 5s - loss: 1.3606 - acc: 0.4410
320/865 [==========>...................] - ETA: 4s - loss: 1.3569 - acc: 0.4406
352/865 [===========>..................] - ETA: 4s - loss: 1.3586 - acc: 0.4347
384/865 [============>.................] - ETA: 4s - loss: 1.3520 - acc: 0.4323
416/865 [=============>................] - ETA: 3s - loss: 1.3643 - acc: 0.4375
448/865 [==============>...............] - ETA: 3s - loss: 1.3665 - acc: 0.4420
480/865 [===============>..............] - ETA: 3s - loss: 1.3599 - acc: 0.4437
512/865 [================>.............] - ETA: 3s - loss: 1.3813 - acc: 0.4434
544/865 [=================>............] - ETA: 2s - loss: 1.3718 - acc: 0.4467
576/865 [==================>...........] - ETA: 2s - loss: 1.3822 - acc: 0.4340
608/865 [====================>.........] - ETA: 2s - loss: 1.3994 - acc: 0.4276
640/865 [=====================>........] - ETA: 1s - loss: 1.4142 - acc: 0.4203
672/865 [======================>.......] - ETA: 1s - loss: 1.4099 - acc: 0.4226
704/865 [=======================>......] - ETA: 1s - loss: 1.4073 - acc: 0.4247
736/865 [========================>.....] - ETA: 1s - loss: 1.4026 - acc: 0.4280
768/865 [=========================>....] - ETA: 0s - loss: 1.4153 - acc: 0.4323
800/865 [==========================>...] - ETA: 0s - loss: 1.4082 - acc: 0.4275
832/865 [===========================>..] - ETA: 0s - loss: 1.4062 - acc: 0.4279
864/865 [============================>.] - ETA: 0s - loss: 1.4118 - acc: 0.4236
865/865 [==============================] - 8s 9ms/sample - loss: 1.4127 - acc: 0.4231

  32/3458 [..............................] - ETA: 2:46 - loss: 1.3039 - acc: 0.4688
  64/3458 [..............................] - ETA: 2:44 - loss: 1.2835 - acc: 0.4688
  96/3458 [..............................] - ETA: 2:43 - loss: 1.3890 - acc: 0.4479
 128/3458 [>.............................] - ETA: 2:41 - loss: 1.3781 - acc: 0.4375
 160/3458 [>.............................] - ETA: 2:39 - loss: 1.3641 - acc: 0.4563
 192/3458 [>.............................] - ETA: 2:37 - loss: 1.3450 - acc: 0.4688
 224/3458 [>.............................] - ETA: 2:36 - loss: 1.3323 - acc: 0.4643
 256/3458 [=>............................] - ETA: 2:35 - loss: 1.3470 - acc: 0.4609
 288/3458 [=>............................] - ETA: 2:33 - loss: 1.3403 - acc: 0.4757
 320/3458 [=>............................] - ETA: 2:32 - loss: 1.3344 - acc: 0.4750
 352/3458 [==>...........................] - ETA: 2:30 - loss: 1.3411 - acc: 0.4688
 384/3458 [==>...........................] - ETA: 2:28 - loss: 1.3497 - acc: 0.4531
 416/3458 [==>...........................] - ETA: 2:27 - loss: 1.3480 - acc: 0.4495
 448/3458 [==>...........................] - ETA: 2:25 - loss: 1.3457 - acc: 0.4554
 480/3458 [===>..........................] - ETA: 2:24 - loss: 1.3367 - acc: 0.4563
 512/3458 [===>..........................] - ETA: 2:22 - loss: 1.3300 - acc: 0.4570
 544/3458 [===>..........................] - ETA: 2:21 - loss: 1.3339 - acc: 0.4559
 576/3458 [===>..........................] - ETA: 2:19 - loss: 1.3486 - acc: 0.4549
 608/3458 [====>.........................] - ETA: 2:18 - loss: 1.3526 - acc: 0.4523
 640/3458 [====>.........................] - ETA: 2:16 - loss: 1.3427 - acc: 0.4516
 672/3458 [====>.........................] - ETA: 2:15 - loss: 1.3486 - acc: 0.4524
 704/3458 [=====>........................] - ETA: 2:13 - loss: 1.3444 - acc: 0.4588
 736/3458 [=====>........................] - ETA: 2:12 - loss: 1.3451 - acc: 0.4538
 768/3458 [=====>........................] - ETA: 2:10 - loss: 1.3461 - acc: 0.4518
 800/3458 [=====>........................] - ETA: 2:08 - loss: 1.3441 - acc: 0.4525
 832/3458 [======>.......................] - ETA: 2:07 - loss: 1.3403 - acc: 0.4471
 864/3458 [======>.......................] - ETA: 2:05 - loss: 1.3459 - acc: 0.4398
 896/3458 [======>.......................] - ETA: 2:04 - loss: 1.3390 - acc: 0.4408
 928/3458 [=======>......................] - ETA: 2:02 - loss: 1.3331 - acc: 0.4429
 960/3458 [=======>......................] - ETA: 2:01 - loss: 1.3339 - acc: 0.4417
 992/3458 [=======>......................] - ETA: 1:59 - loss: 1.3417 - acc: 0.4365
1024/3458 [=======>......................] - ETA: 1:58 - loss: 1.3418 - acc: 0.4346
1056/3458 [========>.....................] - ETA: 1:56 - loss: 1.3438 - acc: 0.4337
1088/3458 [========>.....................] - ETA: 1:55 - loss: 1.3422 - acc: 0.4357
1120/3458 [========>.....................] - ETA: 1:53 - loss: 1.3428 - acc: 0.4348
1152/3458 [========>.....................] - ETA: 1:51 - loss: 1.3426 - acc: 0.4384
1184/3458 [=========>....................] - ETA: 1:50 - loss: 1.3402 - acc: 0.4426
1216/3458 [=========>....................] - ETA: 1:48 - loss: 1.3359 - acc: 0.4457
1248/3458 [=========>....................] - ETA: 1:47 - loss: 1.3338 - acc: 0.4463
1280/3458 [==========>...................] - ETA: 1:45 - loss: 1.3348 - acc: 0.4453
1312/3458 [==========>...................] - ETA: 1:44 - loss: 1.3390 - acc: 0.4398
1344/3458 [==========>...................] - ETA: 1:42 - loss: 1.3420 - acc: 0.4382
1376/3458 [==========>...................] - ETA: 1:41 - loss: 1.3429 - acc: 0.4346
1408/3458 [===========>..................] - ETA: 1:39 - loss: 1.3448 - acc: 0.4297
1440/3458 [===========>..................] - ETA: 1:38 - loss: 1.3450 - acc: 0.4306
1472/3458 [===========>..................] - ETA: 1:36 - loss: 1.3438 - acc: 0.4341
1504/3458 [============>.................] - ETA: 1:34 - loss: 1.3430 - acc: 0.4315
1536/3458 [============>.................] - ETA: 1:33 - loss: 1.3446 - acc: 0.4323
1568/3458 [============>.................] - ETA: 1:31 - loss: 1.3432 - acc: 0.4318
1600/3458 [============>.................] - ETA: 1:30 - loss: 1.3410 - acc: 0.4338
1632/3458 [=============>................] - ETA: 1:28 - loss: 1.3411 - acc: 0.4344
1664/3458 [=============>................] - ETA: 1:27 - loss: 1.3421 - acc: 0.4351
1696/3458 [=============>................] - ETA: 1:25 - loss: 1.3430 - acc: 0.4369
1728/3458 [=============>................] - ETA: 1:24 - loss: 1.3392 - acc: 0.4404
1760/3458 [==============>...............] - ETA: 1:22 - loss: 1.3386 - acc: 0.4409
1792/3458 [==============>...............] - ETA: 1:20 - loss: 1.3370 - acc: 0.4392
1824/3458 [==============>...............] - ETA: 1:19 - loss: 1.3364 - acc: 0.4391
1856/3458 [===============>..............] - ETA: 1:17 - loss: 1.3366 - acc: 0.4359
1888/3458 [===============>..............] - ETA: 1:16 - loss: 1.3342 - acc: 0.4354
1920/3458 [===============>..............] - ETA: 1:14 - loss: 1.3328 - acc: 0.4365
1952/3458 [===============>..............] - ETA: 1:13 - loss: 1.3317 - acc: 0.4349
1984/3458 [================>.............] - ETA: 1:11 - loss: 1.3310 - acc: 0.4350
2016/3458 [================>.............] - ETA: 1:10 - loss: 1.3302 - acc: 0.4365
2048/3458 [================>.............] - ETA: 1:08 - loss: 1.3286 - acc: 0.4370
2080/3458 [=================>............] - ETA: 1:07 - loss: 1.3292 - acc: 0.4361
2112/3458 [=================>............] - ETA: 1:05 - loss: 1.3288 - acc: 0.4361
2144/3458 [=================>............] - ETA: 1:03 - loss: 1.3303 - acc: 0.4338
2176/3458 [=================>............] - ETA: 1:02 - loss: 1.3299 - acc: 0.4320
2208/3458 [==================>...........] - ETA: 1:00 - loss: 1.3291 - acc: 0.4334
2240/3458 [==================>...........] - ETA: 59s - loss: 1.3307 - acc: 0.4330 
2272/3458 [==================>...........] - ETA: 57s - loss: 1.3292 - acc: 0.4344
2304/3458 [==================>...........] - ETA: 56s - loss: 1.3289 - acc: 0.4353
2336/3458 [===================>..........] - ETA: 54s - loss: 1.3277 - acc: 0.4354
2368/3458 [===================>..........] - ETA: 53s - loss: 1.3310 - acc: 0.4345
2400/3458 [===================>..........] - ETA: 51s - loss: 1.3286 - acc: 0.4358
2432/3458 [====================>.........] - ETA: 49s - loss: 1.3265 - acc: 0.4354
2464/3458 [====================>.........] - ETA: 48s - loss: 1.3273 - acc: 0.4363
2496/3458 [====================>.........] - ETA: 46s - loss: 1.3282 - acc: 0.4351
2528/3458 [====================>.........] - ETA: 45s - loss: 1.3287 - acc: 0.4324
2560/3458 [=====================>........] - ETA: 43s - loss: 1.3280 - acc: 0.4340
2592/3458 [=====================>........] - ETA: 42s - loss: 1.3280 - acc: 0.4333
2624/3458 [=====================>........] - ETA: 40s - loss: 1.3279 - acc: 0.4325
2656/3458 [======================>.......] - ETA: 39s - loss: 1.3266 - acc: 0.4330
2688/3458 [======================>.......] - ETA: 37s - loss: 1.3260 - acc: 0.4334
2720/3458 [======================>.......] - ETA: 35s - loss: 1.3229 - acc: 0.4349
2752/3458 [======================>.......] - ETA: 34s - loss: 1.3213 - acc: 0.4353
2784/3458 [=======================>......] - ETA: 32s - loss: 1.3225 - acc: 0.4353
2816/3458 [=======================>......] - ETA: 31s - loss: 1.3213 - acc: 0.4354
2848/3458 [=======================>......] - ETA: 29s - loss: 1.3205 - acc: 0.4350
2880/3458 [=======================>......] - ETA: 28s - loss: 1.3203 - acc: 0.4340
2912/3458 [========================>.....] - ETA: 26s - loss: 1.3192 - acc: 0.4334
2944/3458 [========================>.....] - ETA: 25s - loss: 1.3153 - acc: 0.4365
2976/3458 [========================>.....] - ETA: 23s - loss: 1.3136 - acc: 0.4378
3008/3458 [=========================>....] - ETA: 21s - loss: 1.3139 - acc: 0.4378
3040/3458 [=========================>....] - ETA: 20s - loss: 1.3144 - acc: 0.4388
3072/3458 [=========================>....] - ETA: 18s - loss: 1.3123 - acc: 0.4404
3104/3458 [=========================>....] - ETA: 17s - loss: 1.3127 - acc: 0.4410
3136/3458 [==========================>...] - ETA: 15s - loss: 1.3128 - acc: 0.4401
3168/3458 [==========================>...] - ETA: 14s - loss: 1.3120 - acc: 0.4410
3200/3458 [==========================>...] - ETA: 12s - loss: 1.3137 - acc: 0.4406
3232/3458 [===========================>..] - ETA: 11s - loss: 1.3146 - acc: 0.4412
3264/3458 [===========================>..] - ETA: 9s - loss: 1.3133 - acc: 0.4406 
3296/3458 [===========================>..] - ETA: 7s - loss: 1.3132 - acc: 0.4402
3328/3458 [===========================>..] - ETA: 6s - loss: 1.3122 - acc: 0.4399
3360/3458 [============================>.] - ETA: 4s - loss: 1.3087 - acc: 0.4417
3392/3458 [============================>.] - ETA: 3s - loss: 1.3107 - acc: 0.4419
3424/3458 [============================>.] - ETA: 1s - loss: 1.3100 - acc: 0.4419
3456/3458 [============================>.] - ETA: 0s - loss: 1.3097 - acc: 0.4416
3458/3458 [==============================] - 169s 49ms/sample - loss: 1.3094 - acc: 0.4416

 32/865 [>.............................] - ETA: 7s - loss: 1.2327 - acc: 0.4688
 64/865 [=>............................] - ETA: 6s - loss: 1.1880 - acc: 0.5156
 96/865 [==>...........................] - ETA: 6s - loss: 1.2276 - acc: 0.5417
128/865 [===>..........................] - ETA: 6s - loss: 1.2953 - acc: 0.5234
160/865 [====>.........................] - ETA: 6s - loss: 1.3026 - acc: 0.4938
192/865 [=====>........................] - ETA: 5s - loss: 1.2975 - acc: 0.5000
224/865 [======>.......................] - ETA: 5s - loss: 1.2964 - acc: 0.5045
256/865 [=======>......................] - ETA: 5s - loss: 1.2774 - acc: 0.5000
288/865 [========>.....................] - ETA: 5s - loss: 1.2727 - acc: 0.4861
320/865 [==========>...................] - ETA: 4s - loss: 1.2712 - acc: 0.4812
352/865 [===========>..................] - ETA: 4s - loss: 1.2711 - acc: 0.4858
384/865 [============>.................] - ETA: 4s - loss: 1.2621 - acc: 0.4844
416/865 [=============>................] - ETA: 3s - loss: 1.2605 - acc: 0.4904
448/865 [==============>...............] - ETA: 3s - loss: 1.2618 - acc: 0.4911
480/865 [===============>..............] - ETA: 3s - loss: 1.2626 - acc: 0.4896
512/865 [================>.............] - ETA: 3s - loss: 1.2768 - acc: 0.4883
544/865 [=================>............] - ETA: 2s - loss: 1.2680 - acc: 0.4908
576/865 [==================>...........] - ETA: 2s - loss: 1.2703 - acc: 0.4896
608/865 [====================>.........] - ETA: 2s - loss: 1.2779 - acc: 0.4885
640/865 [=====================>........] - ETA: 1s - loss: 1.2852 - acc: 0.4844
672/865 [======================>.......] - ETA: 1s - loss: 1.2758 - acc: 0.4881
704/865 [=======================>......] - ETA: 1s - loss: 1.2751 - acc: 0.4901
736/865 [========================>.....] - ETA: 1s - loss: 1.2746 - acc: 0.4891
768/865 [=========================>....] - ETA: 0s - loss: 1.2825 - acc: 0.4896
800/865 [==========================>...] - ETA: 0s - loss: 1.2789 - acc: 0.4875
832/865 [===========================>..] - ETA: 0s - loss: 1.2789 - acc: 0.4868
864/865 [============================>.] - ETA: 0s - loss: 1.2874 - acc: 0.4780
865/865 [==============================] - 8s 9ms/sample - loss: 1.2870 - acc: 0.4786

  32/3458 [..............................] - ETA: 2:44 - loss: 1.0737 - acc: 0.5625
  64/3458 [..............................] - ETA: 2:43 - loss: 1.1939 - acc: 0.5938
  96/3458 [..............................] - ETA: 2:41 - loss: 1.2843 - acc: 0.5521
 128/3458 [>.............................] - ETA: 2:40 - loss: 1.2816 - acc: 0.5078
 160/3458 [>.............................] - ETA: 2:38 - loss: 1.2549 - acc: 0.5312
 192/3458 [>.............................] - ETA: 2:38 - loss: 1.2331 - acc: 0.5312
 224/3458 [>.............................] - ETA: 2:36 - loss: 1.2547 - acc: 0.5045
 256/3458 [=>............................] - ETA: 2:35 - loss: 1.3054 - acc: 0.4688
 288/3458 [=>............................] - ETA: 2:33 - loss: 1.3197 - acc: 0.4618
 320/3458 [=>............................] - ETA: 2:31 - loss: 1.3058 - acc: 0.4656
 352/3458 [==>...........................] - ETA: 2:30 - loss: 1.2987 - acc: 0.4688
 384/3458 [==>...........................] - ETA: 2:28 - loss: 1.2864 - acc: 0.4688
 416/3458 [==>...........................] - ETA: 2:27 - loss: 1.2722 - acc: 0.4784
 448/3458 [==>...........................] - ETA: 2:26 - loss: 1.2648 - acc: 0.4844
 480/3458 [===>..........................] - ETA: 2:24 - loss: 1.2686 - acc: 0.4833
 512/3458 [===>..........................] - ETA: 2:22 - loss: 1.2623 - acc: 0.4844
 544/3458 [===>..........................] - ETA: 2:21 - loss: 1.2729 - acc: 0.4816
 576/3458 [===>..........................] - ETA: 2:19 - loss: 1.2750 - acc: 0.4774
 608/3458 [====>.........................] - ETA: 2:18 - loss: 1.2719 - acc: 0.4836
 640/3458 [====>.........................] - ETA: 2:16 - loss: 1.2764 - acc: 0.4734
 672/3458 [====>.........................] - ETA: 2:15 - loss: 1.2672 - acc: 0.4777
 704/3458 [=====>........................] - ETA: 2:13 - loss: 1.2686 - acc: 0.4773
 736/3458 [=====>........................] - ETA: 2:12 - loss: 1.2642 - acc: 0.4823
 768/3458 [=====>........................] - ETA: 2:10 - loss: 1.2576 - acc: 0.4844
 800/3458 [=====>........................] - ETA: 2:08 - loss: 1.2612 - acc: 0.4787
 832/3458 [======>.......................] - ETA: 2:07 - loss: 1.2540 - acc: 0.4856
 864/3458 [======>.......................] - ETA: 2:05 - loss: 1.2450 - acc: 0.4884
 896/3458 [======>.......................] - ETA: 2:04 - loss: 1.2387 - acc: 0.4922
 928/3458 [=======>......................] - ETA: 2:02 - loss: 1.2324 - acc: 0.4978
 960/3458 [=======>......................] - ETA: 2:01 - loss: 1.2261 - acc: 0.5010
 992/3458 [=======>......................] - ETA: 1:59 - loss: 1.2182 - acc: 0.5081
1024/3458 [=======>......................] - ETA: 1:58 - loss: 1.2165 - acc: 0.5068
1056/3458 [========>.....................] - ETA: 1:56 - loss: 1.2170 - acc: 0.5047
1088/3458 [========>.....................] - ETA: 1:54 - loss: 1.2148 - acc: 0.5028
1120/3458 [========>.....................] - ETA: 1:53 - loss: 1.2154 - acc: 0.4991
1152/3458 [========>.....................] - ETA: 1:51 - loss: 1.2107 - acc: 0.5026
1184/3458 [=========>....................] - ETA: 1:50 - loss: 1.2091 - acc: 0.5051
1216/3458 [=========>....................] - ETA: 1:48 - loss: 1.2110 - acc: 0.5033
1248/3458 [=========>....................] - ETA: 1:47 - loss: 1.2141 - acc: 0.5024
1280/3458 [==========>...................] - ETA: 1:45 - loss: 1.2126 - acc: 0.5031
1312/3458 [==========>...................] - ETA: 1:44 - loss: 1.2197 - acc: 0.4992
1344/3458 [==========>...................] - ETA: 1:42 - loss: 1.2208 - acc: 0.4970
1376/3458 [==========>...................] - ETA: 1:41 - loss: 1.2172 - acc: 0.4964
1408/3458 [===========>..................] - ETA: 1:39 - loss: 1.2160 - acc: 0.4972
1440/3458 [===========>..................] - ETA: 1:38 - loss: 1.2181 - acc: 0.4979
1472/3458 [===========>..................] - ETA: 1:36 - loss: 1.2139 - acc: 0.5000
1504/3458 [============>.................] - ETA: 1:34 - loss: 1.2117 - acc: 0.5007
1536/3458 [============>.................] - ETA: 1:33 - loss: 1.2091 - acc: 0.5007
1568/3458 [============>.................] - ETA: 1:31 - loss: 1.2059 - acc: 0.5013
1600/3458 [============>.................] - ETA: 1:30 - loss: 1.2055 - acc: 0.5031
1632/3458 [=============>................] - ETA: 1:28 - loss: 1.2025 - acc: 0.5049
1664/3458 [=============>................] - ETA: 1:27 - loss: 1.2019 - acc: 0.5066
1696/3458 [=============>................] - ETA: 1:25 - loss: 1.1985 - acc: 0.5083
1728/3458 [=============>................] - ETA: 1:24 - loss: 1.1956 - acc: 0.5116
1760/3458 [==============>...............] - ETA: 1:22 - loss: 1.1929 - acc: 0.5136
1792/3458 [==============>...............] - ETA: 1:20 - loss: 1.1954 - acc: 0.5123
1824/3458 [==============>...............] - ETA: 1:19 - loss: 1.1964 - acc: 0.5110
1856/3458 [===============>..............] - ETA: 1:17 - loss: 1.1987 - acc: 0.5108
1888/3458 [===============>..............] - ETA: 1:16 - loss: 1.1987 - acc: 0.5111
1920/3458 [===============>..............] - ETA: 1:14 - loss: 1.1952 - acc: 0.5130
1952/3458 [===============>..............] - ETA: 1:13 - loss: 1.1956 - acc: 0.5123
1984/3458 [================>.............] - ETA: 1:11 - loss: 1.1927 - acc: 0.5146
2016/3458 [================>.............] - ETA: 1:10 - loss: 1.1915 - acc: 0.5149
2048/3458 [================>.............] - ETA: 1:08 - loss: 1.1906 - acc: 0.5132
2080/3458 [=================>............] - ETA: 1:06 - loss: 1.1878 - acc: 0.5144
2112/3458 [=================>............] - ETA: 1:05 - loss: 1.1883 - acc: 0.5133
2144/3458 [=================>............] - ETA: 1:03 - loss: 1.1842 - acc: 0.5154
2176/3458 [=================>............] - ETA: 1:02 - loss: 1.1863 - acc: 0.5152
2208/3458 [==================>...........] - ETA: 1:00 - loss: 1.1855 - acc: 0.5154
2240/3458 [==================>...........] - ETA: 59s - loss: 1.1859 - acc: 0.5170 
2272/3458 [==================>...........] - ETA: 57s - loss: 1.1858 - acc: 0.5180
2304/3458 [==================>...........] - ETA: 56s - loss: 1.1834 - acc: 0.5187
2336/3458 [===================>..........] - ETA: 54s - loss: 1.1819 - acc: 0.5188
2368/3458 [===================>..........] - ETA: 53s - loss: 1.1820 - acc: 0.5190
2400/3458 [===================>..........] - ETA: 51s - loss: 1.1836 - acc: 0.5192
2432/3458 [====================>.........] - ETA: 49s - loss: 1.1861 - acc: 0.5173
2464/3458 [====================>.........] - ETA: 48s - loss: 1.1867 - acc: 0.5166
2496/3458 [====================>.........] - ETA: 46s - loss: 1.1899 - acc: 0.5156
2528/3458 [====================>.........] - ETA: 45s - loss: 1.1863 - acc: 0.5182
2560/3458 [=====================>........] - ETA: 43s - loss: 1.1864 - acc: 0.5172
2592/3458 [=====================>........] - ETA: 42s - loss: 1.1862 - acc: 0.5166
2624/3458 [=====================>........] - ETA: 40s - loss: 1.1854 - acc: 0.5160
2656/3458 [======================>.......] - ETA: 39s - loss: 1.1839 - acc: 0.5154
2688/3458 [======================>.......] - ETA: 37s - loss: 1.1847 - acc: 0.5145
2720/3458 [======================>.......] - ETA: 35s - loss: 1.1852 - acc: 0.5143
2752/3458 [======================>.......] - ETA: 34s - loss: 1.1828 - acc: 0.5160
2784/3458 [=======================>......] - ETA: 32s - loss: 1.1817 - acc: 0.5158
2816/3458 [=======================>......] - ETA: 31s - loss: 1.1799 - acc: 0.5167
2848/3458 [=======================>......] - ETA: 29s - loss: 1.1794 - acc: 0.5176
2880/3458 [=======================>......] - ETA: 28s - loss: 1.1773 - acc: 0.5191
2912/3458 [========================>.....] - ETA: 26s - loss: 1.1830 - acc: 0.5172
2944/3458 [========================>.....] - ETA: 25s - loss: 1.1843 - acc: 0.5166
2976/3458 [========================>.....] - ETA: 23s - loss: 1.1832 - acc: 0.5168
3008/3458 [=========================>....] - ETA: 21s - loss: 1.1819 - acc: 0.5173
3040/3458 [=========================>....] - ETA: 20s - loss: 1.1832 - acc: 0.5161
3072/3458 [=========================>....] - ETA: 18s - loss: 1.1820 - acc: 0.5179
3104/3458 [=========================>....] - ETA: 17s - loss: 1.1826 - acc: 0.5171
3136/3458 [==========================>...] - ETA: 15s - loss: 1.1844 - acc: 0.5175
3168/3458 [==========================>...] - ETA: 14s - loss: 1.1841 - acc: 0.5180
3200/3458 [==========================>...] - ETA: 12s - loss: 1.1826 - acc: 0.5178
3232/3458 [===========================>..] - ETA: 10s - loss: 1.1804 - acc: 0.5189
3264/3458 [===========================>..] - ETA: 9s - loss: 1.1844 - acc: 0.5178 
3296/3458 [===========================>..] - ETA: 7s - loss: 1.1833 - acc: 0.5176
3328/3458 [===========================>..] - ETA: 6s - loss: 1.1844 - acc: 0.5174
3360/3458 [============================>.] - ETA: 4s - loss: 1.1854 - acc: 0.5170
3392/3458 [============================>.] - ETA: 3s - loss: 1.1859 - acc: 0.5153
3424/3458 [============================>.] - ETA: 1s - loss: 1.1868 - acc: 0.5143
3456/3458 [============================>.] - ETA: 0s - loss: 1.1860 - acc: 0.5145
3458/3458 [==============================] - 169s 49ms/sample - loss: 1.1858 - acc: 0.5145

 32/865 [>.............................] - ETA: 7s - loss: 1.2072 - acc: 0.4688
 64/865 [=>............................] - ETA: 7s - loss: 1.1343 - acc: 0.5156
 96/865 [==>...........................] - ETA: 6s - loss: 1.1738 - acc: 0.5312
128/865 [===>..........................] - ETA: 6s - loss: 1.2052 - acc: 0.5391
160/865 [====>.........................] - ETA: 6s - loss: 1.2166 - acc: 0.5312
192/865 [=====>........................] - ETA: 5s - loss: 1.2005 - acc: 0.5208
224/865 [======>.......................] - ETA: 5s - loss: 1.1908 - acc: 0.5402
256/865 [=======>......................] - ETA: 5s - loss: 1.1871 - acc: 0.5352
288/865 [========>.....................] - ETA: 5s - loss: 1.1830 - acc: 0.5312
320/865 [==========>...................] - ETA: 4s - loss: 1.1838 - acc: 0.5250
352/865 [===========>..................] - ETA: 4s - loss: 1.1937 - acc: 0.5199
384/865 [============>.................] - ETA: 4s - loss: 1.1903 - acc: 0.5104
416/865 [=============>................] - ETA: 3s - loss: 1.1943 - acc: 0.5048
448/865 [==============>...............] - ETA: 3s - loss: 1.1895 - acc: 0.5045
480/865 [===============>..............] - ETA: 3s - loss: 1.1765 - acc: 0.5083
512/865 [================>.............] - ETA: 3s - loss: 1.1934 - acc: 0.5098
544/865 [=================>............] - ETA: 2s - loss: 1.1952 - acc: 0.5037
576/865 [==================>...........] - ETA: 2s - loss: 1.2069 - acc: 0.4913
608/865 [====================>.........] - ETA: 2s - loss: 1.2089 - acc: 0.4967
640/865 [=====================>........] - ETA: 1s - loss: 1.2131 - acc: 0.4922
672/865 [======================>.......] - ETA: 1s - loss: 1.2071 - acc: 0.4896
704/865 [=======================>......] - ETA: 1s - loss: 1.2063 - acc: 0.4858
736/865 [========================>.....] - ETA: 1s - loss: 1.2020 - acc: 0.4905
768/865 [=========================>....] - ETA: 0s - loss: 1.2136 - acc: 0.4896
800/865 [==========================>...] - ETA: 0s - loss: 1.2081 - acc: 0.4888
832/865 [===========================>..] - ETA: 0s - loss: 1.2101 - acc: 0.4856
864/865 [============================>.] - ETA: 0s - loss: 1.2099 - acc: 0.4826
865/865 [==============================] - 8s 9ms/sample - loss: 1.2108 - acc: 0.4821

  32/3458 [..............................] - ETA: 2:43 - loss: 1.2710 - acc: 0.5938
  64/3458 [..............................] - ETA: 2:43 - loss: 1.1708 - acc: 0.5625
  96/3458 [..............................] - ETA: 2:41 - loss: 1.1104 - acc: 0.5521
 128/3458 [>.............................] - ETA: 2:41 - loss: 1.0977 - acc: 0.5312
 160/3458 [>.............................] - ETA: 2:39 - loss: 1.1036 - acc: 0.5437
 192/3458 [>.............................] - ETA: 2:38 - loss: 1.1358 - acc: 0.5156
 224/3458 [>.............................] - ETA: 2:36 - loss: 1.1267 - acc: 0.5357
 256/3458 [=>............................] - ETA: 2:35 - loss: 1.1090 - acc: 0.5312
 288/3458 [=>............................] - ETA: 2:34 - loss: 1.0799 - acc: 0.5556
 320/3458 [=>............................] - ETA: 2:32 - loss: 1.0629 - acc: 0.5688
 352/3458 [==>...........................] - ETA: 2:30 - loss: 1.0756 - acc: 0.5568
 384/3458 [==>...........................] - ETA: 2:29 - loss: 1.0628 - acc: 0.5599
 416/3458 [==>...........................] - ETA: 2:27 - loss: 1.0506 - acc: 0.5673
 448/3458 [==>...........................] - ETA: 2:26 - loss: 1.0497 - acc: 0.5647
 480/3458 [===>..........................] - ETA: 2:24 - loss: 1.0473 - acc: 0.5667
 512/3458 [===>..........................] - ETA: 2:23 - loss: 1.0559 - acc: 0.5664
 544/3458 [===>..........................] - ETA: 2:21 - loss: 1.0478 - acc: 0.5680
 576/3458 [===>..........................] - ETA: 2:20 - loss: 1.0379 - acc: 0.5747
 608/3458 [====>.........................] - ETA: 2:18 - loss: 1.0496 - acc: 0.5740
 640/3458 [====>.........................] - ETA: 2:16 - loss: 1.0564 - acc: 0.5703
 672/3458 [====>.........................] - ETA: 2:15 - loss: 1.0573 - acc: 0.5714
 704/3458 [=====>........................] - ETA: 2:13 - loss: 1.0547 - acc: 0.5724
 736/3458 [=====>........................] - ETA: 2:12 - loss: 1.0472 - acc: 0.5720
 768/3458 [=====>........................] - ETA: 2:10 - loss: 1.0519 - acc: 0.5716
 800/3458 [=====>........................] - ETA: 2:09 - loss: 1.0515 - acc: 0.5700
 832/3458 [======>.......................] - ETA: 2:07 - loss: 1.0493 - acc: 0.5697
 864/3458 [======>.......................] - ETA: 2:06 - loss: 1.0473 - acc: 0.5718
 896/3458 [======>.......................] - ETA: 2:04 - loss: 1.0574 - acc: 0.5692
 928/3458 [=======>......................] - ETA: 2:02 - loss: 1.0504 - acc: 0.5754
 960/3458 [=======>......................] - ETA: 2:01 - loss: 1.0626 - acc: 0.5688
 992/3458 [=======>......................] - ETA: 1:59 - loss: 1.0612 - acc: 0.5726
1024/3458 [=======>......................] - ETA: 1:58 - loss: 1.0602 - acc: 0.5723
1056/3458 [========>.....................] - ETA: 1:56 - loss: 1.0595 - acc: 0.5748
1088/3458 [========>.....................] - ETA: 1:55 - loss: 1.0630 - acc: 0.5763
1120/3458 [========>.....................] - ETA: 1:53 - loss: 1.0650 - acc: 0.5768
1152/3458 [========>.....................] - ETA: 1:52 - loss: 1.0651 - acc: 0.5764
1184/3458 [=========>....................] - ETA: 1:50 - loss: 1.0698 - acc: 0.5735
1216/3458 [=========>....................] - ETA: 1:48 - loss: 1.0747 - acc: 0.5732
1248/3458 [=========>....................] - ETA: 1:47 - loss: 1.0690 - acc: 0.5745
1280/3458 [==========>...................] - ETA: 1:45 - loss: 1.0603 - acc: 0.5789
1312/3458 [==========>...................] - ETA: 1:44 - loss: 1.0585 - acc: 0.5808
1344/3458 [==========>...................] - ETA: 1:42 - loss: 1.0579 - acc: 0.5826
1376/3458 [==========>...................] - ETA: 1:41 - loss: 1.0533 - acc: 0.5843
1408/3458 [===========>..................] - ETA: 1:39 - loss: 1.0532 - acc: 0.5824
1440/3458 [===========>..................] - ETA: 1:38 - loss: 1.0504 - acc: 0.5840
1472/3458 [===========>..................] - ETA: 1:36 - loss: 1.0475 - acc: 0.5849
1504/3458 [============>.................] - ETA: 1:35 - loss: 1.0530 - acc: 0.5838
1536/3458 [============>.................] - ETA: 1:33 - loss: 1.0517 - acc: 0.5853
1568/3458 [============>.................] - ETA: 1:31 - loss: 1.0520 - acc: 0.5835
1600/3458 [============>.................] - ETA: 1:30 - loss: 1.0563 - acc: 0.5806
1632/3458 [=============>................] - ETA: 1:28 - loss: 1.0591 - acc: 0.5803
1664/3458 [=============>................] - ETA: 1:27 - loss: 1.0621 - acc: 0.5781
1696/3458 [=============>................] - ETA: 1:25 - loss: 1.0600 - acc: 0.5790
1728/3458 [=============>................] - ETA: 1:24 - loss: 1.0604 - acc: 0.5793
1760/3458 [==============>...............] - ETA: 1:22 - loss: 1.0577 - acc: 0.5790
1792/3458 [==============>...............] - ETA: 1:20 - loss: 1.0549 - acc: 0.5792
1824/3458 [==============>...............] - ETA: 1:19 - loss: 1.0568 - acc: 0.5773
1856/3458 [===============>..............] - ETA: 1:17 - loss: 1.0581 - acc: 0.5749
1888/3458 [===============>..............] - ETA: 1:16 - loss: 1.0623 - acc: 0.5720
1920/3458 [===============>..............] - ETA: 1:14 - loss: 1.0611 - acc: 0.5714
1952/3458 [===============>..............] - ETA: 1:13 - loss: 1.0583 - acc: 0.5727
1984/3458 [================>.............] - ETA: 1:11 - loss: 1.0599 - acc: 0.5741
2016/3458 [================>.............] - ETA: 1:10 - loss: 1.0588 - acc: 0.5744
2048/3458 [================>.............] - ETA: 1:08 - loss: 1.0624 - acc: 0.5747
2080/3458 [=================>............] - ETA: 1:07 - loss: 1.0614 - acc: 0.5755
2112/3458 [=================>............] - ETA: 1:05 - loss: 1.0609 - acc: 0.5753
2144/3458 [=================>............] - ETA: 1:03 - loss: 1.0666 - acc: 0.5723
2176/3458 [=================>............] - ETA: 1:02 - loss: 1.0652 - acc: 0.5722
2208/3458 [==================>...........] - ETA: 1:00 - loss: 1.0653 - acc: 0.5729
2240/3458 [==================>...........] - ETA: 59s - loss: 1.0676 - acc: 0.5732 
2272/3458 [==================>...........] - ETA: 57s - loss: 1.0711 - acc: 0.5722
2304/3458 [==================>...........] - ETA: 56s - loss: 1.0698 - acc: 0.5738
2336/3458 [===================>..........] - ETA: 54s - loss: 1.0735 - acc: 0.5719
2368/3458 [===================>..........] - ETA: 53s - loss: 1.0710 - acc: 0.5731
2400/3458 [===================>..........] - ETA: 51s - loss: 1.0750 - acc: 0.5742
2432/3458 [====================>.........] - ETA: 49s - loss: 1.0724 - acc: 0.5748
2464/3458 [====================>.........] - ETA: 48s - loss: 1.0713 - acc: 0.5739
2496/3458 [====================>.........] - ETA: 46s - loss: 1.0745 - acc: 0.5737
2528/3458 [====================>.........] - ETA: 45s - loss: 1.0732 - acc: 0.5748
2560/3458 [=====================>........] - ETA: 43s - loss: 1.0784 - acc: 0.5746
2592/3458 [=====================>........] - ETA: 42s - loss: 1.0812 - acc: 0.5748
2624/3458 [=====================>........] - ETA: 40s - loss: 1.0772 - acc: 0.5766
2656/3458 [======================>.......] - ETA: 39s - loss: 1.0810 - acc: 0.5753
2688/3458 [======================>.......] - ETA: 37s - loss: 1.0814 - acc: 0.5759
2720/3458 [======================>.......] - ETA: 35s - loss: 1.0815 - acc: 0.5757
2752/3458 [======================>.......] - ETA: 34s - loss: 1.0799 - acc: 0.5767
2784/3458 [=======================>......] - ETA: 32s - loss: 1.0794 - acc: 0.5758
2816/3458 [=======================>......] - ETA: 31s - loss: 1.0804 - acc: 0.5753
2848/3458 [=======================>......] - ETA: 29s - loss: 1.0836 - acc: 0.5734
2880/3458 [=======================>......] - ETA: 28s - loss: 1.0842 - acc: 0.5726
2912/3458 [========================>.....] - ETA: 26s - loss: 1.0832 - acc: 0.5721
2944/3458 [========================>.....] - ETA: 24s - loss: 1.0832 - acc: 0.5717
2976/3458 [========================>.....] - ETA: 23s - loss: 1.0808 - acc: 0.5729
3008/3458 [=========================>....] - ETA: 21s - loss: 1.0815 - acc: 0.5721
3040/3458 [=========================>....] - ETA: 20s - loss: 1.0805 - acc: 0.5720
3072/3458 [=========================>....] - ETA: 18s - loss: 1.0804 - acc: 0.5719
3104/3458 [=========================>....] - ETA: 17s - loss: 1.0807 - acc: 0.5728
3136/3458 [==========================>...] - ETA: 15s - loss: 1.0825 - acc: 0.5717
3168/3458 [==========================>...] - ETA: 14s - loss: 1.0816 - acc: 0.5717
3200/3458 [==========================>...] - ETA: 12s - loss: 1.0810 - acc: 0.5722
3232/3458 [===========================>..] - ETA: 10s - loss: 1.0809 - acc: 0.5715
3264/3458 [===========================>..] - ETA: 9s - loss: 1.0793 - acc: 0.5729 
3296/3458 [===========================>..] - ETA: 7s - loss: 1.0812 - acc: 0.5719
3328/3458 [===========================>..] - ETA: 6s - loss: 1.0805 - acc: 0.5727
3360/3458 [============================>.] - ETA: 4s - loss: 1.0799 - acc: 0.5732
3392/3458 [============================>.] - ETA: 3s - loss: 1.0796 - acc: 0.5737
3424/3458 [============================>.] - ETA: 1s - loss: 1.0775 - acc: 0.5754
3456/3458 [============================>.] - ETA: 0s - loss: 1.0763 - acc: 0.5755
3458/3458 [==============================] - 169s 49ms/sample - loss: 1.0761 - acc: 0.5758

 32/865 [>.............................] - ETA: 7s - loss: 0.9759 - acc: 0.6875
 64/865 [=>............................] - ETA: 7s - loss: 1.0936 - acc: 0.5781
 96/865 [==>...........................] - ETA: 6s - loss: 1.0370 - acc: 0.6250
128/865 [===>..........................] - ETA: 6s - loss: 1.0681 - acc: 0.6250
160/865 [====>.........................] - ETA: 6s - loss: 1.0700 - acc: 0.6125
192/865 [=====>........................] - ETA: 5s - loss: 1.1063 - acc: 0.6042
224/865 [======>.......................] - ETA: 5s - loss: 1.0925 - acc: 0.5982
256/865 [=======>......................] - ETA: 5s - loss: 1.0801 - acc: 0.5977
288/865 [========>.....................] - ETA: 5s - loss: 1.0807 - acc: 0.5903
320/865 [==========>...................] - ETA: 4s - loss: 1.1023 - acc: 0.5750
352/865 [===========>..................] - ETA: 4s - loss: 1.1188 - acc: 0.5767
384/865 [============>.................] - ETA: 4s - loss: 1.1149 - acc: 0.5677
416/865 [=============>................] - ETA: 3s - loss: 1.1019 - acc: 0.5769
448/865 [==============>...............] - ETA: 3s - loss: 1.0909 - acc: 0.5804
480/865 [===============>..............] - ETA: 3s - loss: 1.0869 - acc: 0.5833
512/865 [================>.............] - ETA: 3s - loss: 1.0996 - acc: 0.5820
544/865 [=================>............] - ETA: 2s - loss: 1.0941 - acc: 0.5790
576/865 [==================>...........] - ETA: 2s - loss: 1.0960 - acc: 0.5764
608/865 [====================>.........] - ETA: 2s - loss: 1.0997 - acc: 0.5724
640/865 [=====================>........] - ETA: 1s - loss: 1.0956 - acc: 0.5719
672/865 [======================>.......] - ETA: 1s - loss: 1.0955 - acc: 0.5729
704/865 [=======================>......] - ETA: 1s - loss: 1.0945 - acc: 0.5696
736/865 [========================>.....] - ETA: 1s - loss: 1.1007 - acc: 0.5679
768/865 [=========================>....] - ETA: 0s - loss: 1.1097 - acc: 0.5651
800/865 [==========================>...] - ETA: 0s - loss: 1.1039 - acc: 0.5675
832/865 [===========================>..] - ETA: 0s - loss: 1.1118 - acc: 0.5613
864/865 [============================>.] - ETA: 0s - loss: 1.1072 - acc: 0.5637
865/865 [==============================] - 8s 9ms/sample - loss: 1.1076 - acc: 0.5630

  32/3458 [..............................] - ETA: 2:46 - loss: 1.0756 - acc: 0.6562
  64/3458 [..............................] - ETA: 2:44 - loss: 0.9203 - acc: 0.6875
  96/3458 [..............................] - ETA: 2:42 - loss: 0.7834 - acc: 0.7604
 128/3458 [>.............................] - ETA: 2:41 - loss: 0.8166 - acc: 0.7578
 160/3458 [>.............................] - ETA: 2:39 - loss: 0.8537 - acc: 0.7125
 192/3458 [>.............................] - ETA: 2:38 - loss: 0.8814 - acc: 0.7135
 224/3458 [>.............................] - ETA: 2:36 - loss: 0.8930 - acc: 0.7098
 256/3458 [=>............................] - ETA: 2:34 - loss: 0.8946 - acc: 0.6992
 288/3458 [=>............................] - ETA: 2:33 - loss: 0.8696 - acc: 0.7083
 320/3458 [=>............................] - ETA: 2:32 - loss: 0.8774 - acc: 0.7000
 352/3458 [==>...........................] - ETA: 2:30 - loss: 0.8687 - acc: 0.6989
 384/3458 [==>...........................] - ETA: 2:29 - loss: 0.8647 - acc: 0.6953
 416/3458 [==>...........................] - ETA: 2:27 - loss: 0.8522 - acc: 0.7019
 448/3458 [==>...........................] - ETA: 2:25 - loss: 0.8583 - acc: 0.6942
 480/3458 [===>..........................] - ETA: 2:24 - loss: 0.8433 - acc: 0.7000
 512/3458 [===>..........................] - ETA: 2:22 - loss: 0.8382 - acc: 0.6992
 544/3458 [===>..........................] - ETA: 2:21 - loss: 0.8439 - acc: 0.6875
 576/3458 [===>..........................] - ETA: 2:20 - loss: 0.8323 - acc: 0.6910
 608/3458 [====>.........................] - ETA: 2:18 - loss: 0.8367 - acc: 0.6891
 640/3458 [====>.........................] - ETA: 2:16 - loss: 0.8273 - acc: 0.6953
 672/3458 [====>.........................] - ETA: 2:15 - loss: 0.8257 - acc: 0.6949
 704/3458 [=====>........................] - ETA: 2:13 - loss: 0.8242 - acc: 0.6946
 736/3458 [=====>........................] - ETA: 2:12 - loss: 0.8209 - acc: 0.6957
 768/3458 [=====>........................] - ETA: 2:10 - loss: 0.8228 - acc: 0.6927
 800/3458 [=====>........................] - ETA: 2:09 - loss: 0.8294 - acc: 0.6913
 832/3458 [======>.......................] - ETA: 2:07 - loss: 0.8312 - acc: 0.6911
 864/3458 [======>.......................] - ETA: 2:06 - loss: 0.8296 - acc: 0.6933
 896/3458 [======>.......................] - ETA: 2:04 - loss: 0.8387 - acc: 0.6886
 928/3458 [=======>......................] - ETA: 2:02 - loss: 0.8428 - acc: 0.6843
 960/3458 [=======>......................] - ETA: 2:01 - loss: 0.8444 - acc: 0.6833
 992/3458 [=======>......................] - ETA: 1:59 - loss: 0.8466 - acc: 0.6835
1024/3458 [=======>......................] - ETA: 1:58 - loss: 0.8415 - acc: 0.6865
1056/3458 [========>.....................] - ETA: 1:56 - loss: 0.8385 - acc: 0.6856
1088/3458 [========>.....................] - ETA: 1:55 - loss: 0.8471 - acc: 0.6847
1120/3458 [========>.....................] - ETA: 1:53 - loss: 0.8521 - acc: 0.6839
1152/3458 [========>.....................] - ETA: 1:52 - loss: 0.8454 - acc: 0.6858
1184/3458 [=========>....................] - ETA: 1:50 - loss: 0.8492 - acc: 0.6841
1216/3458 [=========>....................] - ETA: 1:49 - loss: 0.8555 - acc: 0.6809
1248/3458 [=========>....................] - ETA: 1:47 - loss: 0.8566 - acc: 0.6795
1280/3458 [==========>...................] - ETA: 1:45 - loss: 0.8554 - acc: 0.6797
1312/3458 [==========>...................] - ETA: 1:44 - loss: 0.8568 - acc: 0.6791
1344/3458 [==========>...................] - ETA: 1:42 - loss: 0.8582 - acc: 0.6778
1376/3458 [==========>...................] - ETA: 1:41 - loss: 0.8603 - acc: 0.6759
1408/3458 [===========>..................] - ETA: 1:39 - loss: 0.8669 - acc: 0.6733
1440/3458 [===========>..................] - ETA: 1:38 - loss: 0.8685 - acc: 0.6715
1472/3458 [===========>..................] - ETA: 1:36 - loss: 0.8676 - acc: 0.6719
1504/3458 [============>.................] - ETA: 1:35 - loss: 0.8669 - acc: 0.6729
1536/3458 [============>.................] - ETA: 1:33 - loss: 0.8737 - acc: 0.6706
1568/3458 [============>.................] - ETA: 1:31 - loss: 0.8752 - acc: 0.6690
1600/3458 [============>.................] - ETA: 1:30 - loss: 0.8779 - acc: 0.6669
1632/3458 [=============>................] - ETA: 1:28 - loss: 0.8810 - acc: 0.6673
1664/3458 [=============>................] - ETA: 1:27 - loss: 0.8837 - acc: 0.6671
1696/3458 [=============>................] - ETA: 1:25 - loss: 0.8844 - acc: 0.6675
1728/3458 [=============>................] - ETA: 1:24 - loss: 0.8834 - acc: 0.6678
1760/3458 [==============>...............] - ETA: 1:22 - loss: 0.8848 - acc: 0.6659
1792/3458 [==============>...............] - ETA: 1:21 - loss: 0.8846 - acc: 0.6669
1824/3458 [==============>...............] - ETA: 1:19 - loss: 0.8822 - acc: 0.6672
1856/3458 [===============>..............] - ETA: 1:17 - loss: 0.8844 - acc: 0.6649
1888/3458 [===============>..............] - ETA: 1:16 - loss: 0.8822 - acc: 0.6653
1920/3458 [===============>..............] - ETA: 1:14 - loss: 0.8805 - acc: 0.6672
1952/3458 [===============>..............] - ETA: 1:13 - loss: 0.8836 - acc: 0.6660
1984/3458 [================>.............] - ETA: 1:11 - loss: 0.8875 - acc: 0.6663
2016/3458 [================>.............] - ETA: 1:10 - loss: 0.8890 - acc: 0.6657
2048/3458 [================>.............] - ETA: 1:08 - loss: 0.8898 - acc: 0.6646
2080/3458 [=================>............] - ETA: 1:07 - loss: 0.8896 - acc: 0.6644
2112/3458 [=================>............] - ETA: 1:05 - loss: 0.8947 - acc: 0.6615
2144/3458 [=================>............] - ETA: 1:04 - loss: 0.8977 - acc: 0.6600
2176/3458 [=================>............] - ETA: 1:02 - loss: 0.8963 - acc: 0.6595
2208/3458 [==================>...........] - ETA: 1:00 - loss: 0.8962 - acc: 0.6576
2240/3458 [==================>...........] - ETA: 59s - loss: 0.8992 - acc: 0.6571 
2272/3458 [==================>...........] - ETA: 57s - loss: 0.9012 - acc: 0.6549
2304/3458 [==================>...........] - ETA: 56s - loss: 0.9010 - acc: 0.6545
2336/3458 [===================>..........] - ETA: 54s - loss: 0.9028 - acc: 0.6545
2368/3458 [===================>..........] - ETA: 53s - loss: 0.9039 - acc: 0.6537
2400/3458 [===================>..........] - ETA: 51s - loss: 0.9024 - acc: 0.6542
2432/3458 [====================>.........] - ETA: 50s - loss: 0.9048 - acc: 0.6542
2464/3458 [====================>.........] - ETA: 48s - loss: 0.9044 - acc: 0.6546
2496/3458 [====================>.........] - ETA: 46s - loss: 0.9099 - acc: 0.6538
2528/3458 [====================>.........] - ETA: 45s - loss: 0.9113 - acc: 0.6531
2560/3458 [=====================>........] - ETA: 43s - loss: 0.9127 - acc: 0.6512
2592/3458 [=====================>........] - ETA: 42s - loss: 0.9116 - acc: 0.6512
2624/3458 [=====================>........] - ETA: 40s - loss: 0.9103 - acc: 0.6521
2656/3458 [======================>.......] - ETA: 39s - loss: 0.9100 - acc: 0.6521
2688/3458 [======================>.......] - ETA: 37s - loss: 0.9138 - acc: 0.6529
2720/3458 [======================>.......] - ETA: 35s - loss: 0.9126 - acc: 0.6526
2752/3458 [======================>.......] - ETA: 34s - loss: 0.9115 - acc: 0.6530
2784/3458 [=======================>......] - ETA: 32s - loss: 0.9118 - acc: 0.6530
2816/3458 [=======================>......] - ETA: 31s - loss: 0.9119 - acc: 0.6527
2848/3458 [=======================>......] - ETA: 29s - loss: 0.9142 - acc: 0.6520
2880/3458 [=======================>......] - ETA: 28s - loss: 0.9178 - acc: 0.6517
2912/3458 [========================>.....] - ETA: 26s - loss: 0.9205 - acc: 0.6518
2944/3458 [========================>.....] - ETA: 25s - loss: 0.9222 - acc: 0.6501
2976/3458 [========================>.....] - ETA: 23s - loss: 0.9210 - acc: 0.6502
3008/3458 [=========================>....] - ETA: 21s - loss: 0.9202 - acc: 0.6513
3040/3458 [=========================>....] - ETA: 20s - loss: 0.9212 - acc: 0.6500
3072/3458 [=========================>....] - ETA: 18s - loss: 0.9222 - acc: 0.6491
3104/3458 [=========================>....] - ETA: 17s - loss: 0.9211 - acc: 0.6495
3136/3458 [==========================>...] - ETA: 15s - loss: 0.9207 - acc: 0.6492
3168/3458 [==========================>...] - ETA: 14s - loss: 0.9192 - acc: 0.6496
3200/3458 [==========================>...] - ETA: 12s - loss: 0.9188 - acc: 0.6500
3232/3458 [===========================>..] - ETA: 11s - loss: 0.9192 - acc: 0.6494
3264/3458 [===========================>..] - ETA: 9s - loss: 0.9178 - acc: 0.6504 
3296/3458 [===========================>..] - ETA: 7s - loss: 0.9186 - acc: 0.6496
3328/3458 [===========================>..] - ETA: 6s - loss: 0.9183 - acc: 0.6502
3360/3458 [============================>.] - ETA: 4s - loss: 0.9187 - acc: 0.6491
3392/3458 [============================>.] - ETA: 3s - loss: 0.9181 - acc: 0.6498
3424/3458 [============================>.] - ETA: 1s - loss: 0.9181 - acc: 0.6492
3456/3458 [============================>.] - ETA: 0s - loss: 0.9159 - acc: 0.6499
3458/3458 [==============================] - 169s 49ms/sample - loss: 0.9160 - acc: 0.6498

 32/865 [>.............................] - ETA: 7s - loss: 0.9404 - acc: 0.6875
 64/865 [=>............................] - ETA: 7s - loss: 0.9982 - acc: 0.7031
 96/865 [==>...........................] - ETA: 6s - loss: 0.9660 - acc: 0.7083
128/865 [===>..........................] - ETA: 6s - loss: 1.0294 - acc: 0.6719
160/865 [====>.........................] - ETA: 6s - loss: 1.0747 - acc: 0.6438
192/865 [=====>........................] - ETA: 6s - loss: 1.0586 - acc: 0.6354
224/865 [======>.......................] - ETA: 5s - loss: 1.0395 - acc: 0.6339
256/865 [=======>......................] - ETA: 5s - loss: 1.0255 - acc: 0.6406
288/865 [========>.....................] - ETA: 5s - loss: 1.0165 - acc: 0.6354
320/865 [==========>...................] - ETA: 4s - loss: 1.0357 - acc: 0.6187
352/865 [===========>..................] - ETA: 4s - loss: 1.0513 - acc: 0.6136
384/865 [============>.................] - ETA: 4s - loss: 1.0471 - acc: 0.6042
416/865 [=============>................] - ETA: 3s - loss: 1.0474 - acc: 0.6082
448/865 [==============>...............] - ETA: 3s - loss: 1.0348 - acc: 0.6116
480/865 [===============>..............] - ETA: 3s - loss: 1.0275 - acc: 0.6146
512/865 [================>.............] - ETA: 3s - loss: 1.0416 - acc: 0.6172
544/865 [=================>............] - ETA: 2s - loss: 1.0262 - acc: 0.6158
576/865 [==================>...........] - ETA: 2s - loss: 1.0273 - acc: 0.6094
608/865 [====================>.........] - ETA: 2s - loss: 1.0400 - acc: 0.6020
640/865 [=====================>........] - ETA: 2s - loss: 1.0370 - acc: 0.6062
672/865 [======================>.......] - ETA: 1s - loss: 1.0359 - acc: 0.6057
704/865 [=======================>......] - ETA: 1s - loss: 1.0336 - acc: 0.6108
736/865 [========================>.....] - ETA: 1s - loss: 1.0341 - acc: 0.6073
768/865 [=========================>....] - ETA: 0s - loss: 1.0527 - acc: 0.6055
800/865 [==========================>...] - ETA: 0s - loss: 1.0475 - acc: 0.6062
832/865 [===========================>..] - ETA: 0s - loss: 1.0512 - acc: 0.6010
864/865 [============================>.] - ETA: 0s - loss: 1.0519 - acc: 0.6019
865/865 [==============================] - 8s 9ms/sample - loss: 1.0544 - acc: 0.6012
