For number of cells in Conv2D=128
For Dropout_1=0.8 Dropout_2=0.2
For number of cells in Dense=512
daisy loaded
dandelion loaded
rose loaded
sunflower loaded
tulip loaded

  32/3458 [..............................] - ETA: 3:08 - loss: 1.6589 - acc: 0.2188
  64/3458 [..............................] - ETA: 2:54 - loss: 4.7336 - acc: 0.2031
  96/3458 [..............................] - ETA: 2:50 - loss: 7.7913 - acc: 0.2500
 128/3458 [>.............................] - ETA: 2:47 - loss: 8.2812 - acc: 0.2891
 160/3458 [>.............................] - ETA: 2:45 - loss: 7.2052 - acc: 0.2875
 192/3458 [>.............................] - ETA: 2:42 - loss: 6.3398 - acc: 0.2917
 224/3458 [>.............................] - ETA: 2:40 - loss: 5.6600 - acc: 0.3080
 256/3458 [=>............................] - ETA: 2:38 - loss: 5.1547 - acc: 0.2812
 288/3458 [=>............................] - ETA: 2:36 - loss: 4.7622 - acc: 0.2639
 320/3458 [=>............................] - ETA: 2:34 - loss: 4.4455 - acc: 0.2594
 352/3458 [==>...........................] - ETA: 2:33 - loss: 4.1801 - acc: 0.2727
 384/3458 [==>...........................] - ETA: 2:31 - loss: 3.9588 - acc: 0.2786
 416/3458 [==>...........................] - ETA: 2:29 - loss: 3.7713 - acc: 0.2812
 448/3458 [==>...........................] - ETA: 2:28 - loss: 3.6159 - acc: 0.2768
 480/3458 [===>..........................] - ETA: 2:26 - loss: 3.4756 - acc: 0.2812
 512/3458 [===>..........................] - ETA: 2:24 - loss: 3.3550 - acc: 0.2793
 544/3458 [===>..........................] - ETA: 2:23 - loss: 3.2442 - acc: 0.2886
 576/3458 [===>..........................] - ETA: 2:21 - loss: 3.1460 - acc: 0.2934
 608/3458 [====>.........................] - ETA: 2:19 - loss: 3.0558 - acc: 0.3010
 640/3458 [====>.........................] - ETA: 2:18 - loss: 2.9780 - acc: 0.3047
 672/3458 [====>.........................] - ETA: 2:16 - loss: 2.8997 - acc: 0.3170
 704/3458 [=====>........................] - ETA: 2:15 - loss: 2.8386 - acc: 0.3139
 736/3458 [=====>........................] - ETA: 2:13 - loss: 2.7766 - acc: 0.3179
 768/3458 [=====>........................] - ETA: 2:11 - loss: 2.7222 - acc: 0.3164
 800/3458 [=====>........................] - ETA: 2:10 - loss: 2.6756 - acc: 0.3137
 832/3458 [======>.......................] - ETA: 2:08 - loss: 2.6288 - acc: 0.3101
 864/3458 [======>.......................] - ETA: 2:06 - loss: 2.5848 - acc: 0.3125
 896/3458 [======>.......................] - ETA: 2:05 - loss: 2.5428 - acc: 0.3158
 928/3458 [=======>......................] - ETA: 2:03 - loss: 2.5018 - acc: 0.3179
 960/3458 [=======>......................] - ETA: 2:02 - loss: 2.4621 - acc: 0.3229
 992/3458 [=======>......................] - ETA: 2:00 - loss: 2.4264 - acc: 0.3246
1024/3458 [=======>......................] - ETA: 1:58 - loss: 2.3942 - acc: 0.3281
1056/3458 [========>.....................] - ETA: 1:57 - loss: 2.3658 - acc: 0.3295
1088/3458 [========>.....................] - ETA: 1:55 - loss: 2.3339 - acc: 0.3327
1120/3458 [========>.....................] - ETA: 1:54 - loss: 2.3190 - acc: 0.3330
1152/3458 [========>.....................] - ETA: 1:52 - loss: 2.2925 - acc: 0.3342
1184/3458 [=========>....................] - ETA: 1:51 - loss: 2.2648 - acc: 0.3387
1216/3458 [=========>....................] - ETA: 1:49 - loss: 2.2352 - acc: 0.3470
1248/3458 [=========>....................] - ETA: 1:47 - loss: 2.2119 - acc: 0.3454
1280/3458 [==========>...................] - ETA: 1:46 - loss: 2.1912 - acc: 0.3477
1312/3458 [==========>...................] - ETA: 1:44 - loss: 2.1708 - acc: 0.3483
1344/3458 [==========>...................] - ETA: 1:43 - loss: 2.1483 - acc: 0.3497
1376/3458 [==========>...................] - ETA: 1:41 - loss: 2.1350 - acc: 0.3496
1408/3458 [===========>..................] - ETA: 1:40 - loss: 2.1108 - acc: 0.3565
1440/3458 [===========>..................] - ETA: 1:38 - loss: 2.0920 - acc: 0.3583
1472/3458 [===========>..................] - ETA: 1:36 - loss: 2.0766 - acc: 0.3614
1504/3458 [============>.................] - ETA: 1:35 - loss: 2.0611 - acc: 0.3624
1536/3458 [============>.................] - ETA: 1:33 - loss: 2.0448 - acc: 0.3652
1568/3458 [============>.................] - ETA: 1:32 - loss: 2.0277 - acc: 0.3667
1600/3458 [============>.................] - ETA: 1:30 - loss: 2.0095 - acc: 0.3700
1632/3458 [=============>................] - ETA: 1:29 - loss: 1.9952 - acc: 0.3695
1664/3458 [=============>................] - ETA: 1:27 - loss: 1.9802 - acc: 0.3702
1696/3458 [=============>................] - ETA: 1:25 - loss: 1.9670 - acc: 0.3715
1728/3458 [=============>................] - ETA: 1:24 - loss: 1.9533 - acc: 0.3709
1760/3458 [==============>...............] - ETA: 1:22 - loss: 1.9407 - acc: 0.3705
1792/3458 [==============>...............] - ETA: 1:21 - loss: 1.9267 - acc: 0.3722
1824/3458 [==============>...............] - ETA: 1:19 - loss: 1.9135 - acc: 0.3739
1856/3458 [===============>..............] - ETA: 1:18 - loss: 1.9019 - acc: 0.3761
1888/3458 [===============>..............] - ETA: 1:16 - loss: 1.8925 - acc: 0.3755
1920/3458 [===============>..............] - ETA: 1:15 - loss: 1.8792 - acc: 0.3797
1952/3458 [===============>..............] - ETA: 1:13 - loss: 1.8735 - acc: 0.3791
1984/3458 [================>.............] - ETA: 1:11 - loss: 1.8609 - acc: 0.3810
2016/3458 [================>.............] - ETA: 1:10 - loss: 1.8531 - acc: 0.3819
2048/3458 [================>.............] - ETA: 1:08 - loss: 1.8475 - acc: 0.3809
2080/3458 [=================>............] - ETA: 1:07 - loss: 1.8374 - acc: 0.3822
2112/3458 [=================>............] - ETA: 1:05 - loss: 1.8287 - acc: 0.3812
2144/3458 [=================>............] - ETA: 1:04 - loss: 1.8177 - acc: 0.3825
2176/3458 [=================>............] - ETA: 1:02 - loss: 1.8075 - acc: 0.3842
2208/3458 [==================>...........] - ETA: 1:00 - loss: 1.7969 - acc: 0.3863
2240/3458 [==================>...........] - ETA: 59s - loss: 1.7869 - acc: 0.3884 
2272/3458 [==================>...........] - ETA: 57s - loss: 1.7815 - acc: 0.3882
2304/3458 [==================>...........] - ETA: 56s - loss: 1.7713 - acc: 0.3898
2336/3458 [===================>..........] - ETA: 54s - loss: 1.7682 - acc: 0.3896
2368/3458 [===================>..........] - ETA: 53s - loss: 1.7629 - acc: 0.3898
2400/3458 [===================>..........] - ETA: 51s - loss: 1.7541 - acc: 0.3921
2432/3458 [====================>.........] - ETA: 50s - loss: 1.7449 - acc: 0.3939
2464/3458 [====================>.........] - ETA: 48s - loss: 1.7373 - acc: 0.3949
2496/3458 [====================>.........] - ETA: 46s - loss: 1.7313 - acc: 0.3942
2528/3458 [====================>.........] - ETA: 45s - loss: 1.7244 - acc: 0.3960
2560/3458 [=====================>........] - ETA: 43s - loss: 1.7193 - acc: 0.3965
2592/3458 [=====================>........] - ETA: 42s - loss: 1.7138 - acc: 0.3978
2624/3458 [=====================>........] - ETA: 40s - loss: 1.7099 - acc: 0.3979
2656/3458 [======================>.......] - ETA: 39s - loss: 1.7038 - acc: 0.3995
2688/3458 [======================>.......] - ETA: 37s - loss: 1.6988 - acc: 0.3996
2720/3458 [======================>.......] - ETA: 35s - loss: 1.7024 - acc: 0.3982
2752/3458 [======================>.......] - ETA: 34s - loss: 1.7003 - acc: 0.3972
2784/3458 [=======================>......] - ETA: 32s - loss: 1.6960 - acc: 0.3980
2816/3458 [=======================>......] - ETA: 31s - loss: 1.6922 - acc: 0.3999
2848/3458 [=======================>......] - ETA: 29s - loss: 1.6881 - acc: 0.4006
2880/3458 [=======================>......] - ETA: 28s - loss: 1.6844 - acc: 0.4024
2912/3458 [========================>.....] - ETA: 26s - loss: 1.6808 - acc: 0.4032
2944/3458 [========================>.....] - ETA: 25s - loss: 1.6766 - acc: 0.4039
2976/3458 [========================>.....] - ETA: 23s - loss: 1.6705 - acc: 0.4056
3008/3458 [=========================>....] - ETA: 21s - loss: 1.6628 - acc: 0.4079
3040/3458 [=========================>....] - ETA: 20s - loss: 1.6597 - acc: 0.4089
3072/3458 [=========================>....] - ETA: 18s - loss: 1.6593 - acc: 0.4085
3104/3458 [=========================>....] - ETA: 17s - loss: 1.6587 - acc: 0.4088
3136/3458 [==========================>...] - ETA: 15s - loss: 1.6531 - acc: 0.4104
3168/3458 [==========================>...] - ETA: 14s - loss: 1.6487 - acc: 0.4113
3200/3458 [==========================>...] - ETA: 12s - loss: 1.6462 - acc: 0.4103
3232/3458 [===========================>..] - ETA: 11s - loss: 1.6438 - acc: 0.4103
3264/3458 [===========================>..] - ETA: 9s - loss: 1.6421 - acc: 0.4096 
3296/3458 [===========================>..] - ETA: 7s - loss: 1.6395 - acc: 0.4099
3328/3458 [===========================>..] - ETA: 6s - loss: 1.6376 - acc: 0.4105
3360/3458 [============================>.] - ETA: 4s - loss: 1.6352 - acc: 0.4119
3392/3458 [============================>.] - ETA: 3s - loss: 1.6338 - acc: 0.4116
3424/3458 [============================>.] - ETA: 1s - loss: 1.6295 - acc: 0.4121
3456/3458 [============================>.] - ETA: 0s - loss: 1.6305 - acc: 0.4117
3458/3458 [==============================] - 169s 49ms/sample - loss: 1.6303 - acc: 0.4115

 32/865 [>.............................] - ETA: 7s - loss: 1.3321 - acc: 0.3750
 64/865 [=>............................] - ETA: 7s - loss: 1.3308 - acc: 0.3906
 96/865 [==>...........................] - ETA: 6s - loss: 1.2711 - acc: 0.4688
128/865 [===>..........................] - ETA: 6s - loss: 1.3206 - acc: 0.4531
160/865 [====>.........................] - ETA: 6s - loss: 1.3308 - acc: 0.4688
192/865 [=====>........................] - ETA: 6s - loss: 1.3678 - acc: 0.4740
224/865 [======>.......................] - ETA: 5s - loss: 1.3671 - acc: 0.4643
256/865 [=======>......................] - ETA: 5s - loss: 1.3893 - acc: 0.4492
288/865 [========>.....................] - ETA: 5s - loss: 1.3976 - acc: 0.4271
320/865 [==========>...................] - ETA: 4s - loss: 1.3952 - acc: 0.4187
352/865 [===========>..................] - ETA: 4s - loss: 1.3913 - acc: 0.4261
384/865 [============>.................] - ETA: 4s - loss: 1.3871 - acc: 0.4193
416/865 [=============>................] - ETA: 3s - loss: 1.3888 - acc: 0.4183
448/865 [==============>...............] - ETA: 3s - loss: 1.3981 - acc: 0.4129
480/865 [===============>..............] - ETA: 3s - loss: 1.4027 - acc: 0.4062
512/865 [================>.............] - ETA: 3s - loss: 1.4077 - acc: 0.4082
544/865 [=================>............] - ETA: 2s - loss: 1.4147 - acc: 0.4007
576/865 [==================>...........] - ETA: 2s - loss: 1.4246 - acc: 0.4010
608/865 [====================>.........] - ETA: 2s - loss: 1.4302 - acc: 0.4013
640/865 [=====================>........] - ETA: 1s - loss: 1.4246 - acc: 0.4016
672/865 [======================>.......] - ETA: 1s - loss: 1.4143 - acc: 0.4062
704/865 [=======================>......] - ETA: 1s - loss: 1.4093 - acc: 0.4034
736/865 [========================>.....] - ETA: 1s - loss: 1.4149 - acc: 0.4022
768/865 [=========================>....] - ETA: 0s - loss: 1.4170 - acc: 0.4062
800/865 [==========================>...] - ETA: 0s - loss: 1.4181 - acc: 0.4025
832/865 [===========================>..] - ETA: 0s - loss: 1.4175 - acc: 0.3990
864/865 [============================>.] - ETA: 0s - loss: 1.4179 - acc: 0.4005
865/865 [==============================] - 8s 9ms/sample - loss: 1.4182 - acc: 0.4000

  32/3458 [..............................] - ETA: 2:46 - loss: 1.4516 - acc: 0.4062
  64/3458 [..............................] - ETA: 2:44 - loss: 1.3970 - acc: 0.3438
  96/3458 [..............................] - ETA: 2:42 - loss: 1.4291 - acc: 0.3438
 128/3458 [>.............................] - ETA: 2:41 - loss: 1.4103 - acc: 0.3828
 160/3458 [>.............................] - ETA: 2:39 - loss: 1.3944 - acc: 0.3938
 192/3458 [>.............................] - ETA: 2:38 - loss: 1.3947 - acc: 0.4219
 224/3458 [>.............................] - ETA: 2:37 - loss: 1.3873 - acc: 0.4286
 256/3458 [=>............................] - ETA: 2:35 - loss: 1.3952 - acc: 0.4141
 288/3458 [=>............................] - ETA: 2:33 - loss: 1.3989 - acc: 0.4062
 320/3458 [=>............................] - ETA: 2:32 - loss: 1.3971 - acc: 0.4156
 352/3458 [==>...........................] - ETA: 2:30 - loss: 1.3863 - acc: 0.4261
 384/3458 [==>...........................] - ETA: 2:29 - loss: 1.3739 - acc: 0.4375
 416/3458 [==>...........................] - ETA: 2:27 - loss: 1.3628 - acc: 0.4399
 448/3458 [==>...........................] - ETA: 2:26 - loss: 1.3684 - acc: 0.4397
 480/3458 [===>..........................] - ETA: 2:24 - loss: 1.3705 - acc: 0.4313
 512/3458 [===>..........................] - ETA: 2:23 - loss: 1.3745 - acc: 0.4258
 544/3458 [===>..........................] - ETA: 2:21 - loss: 1.3743 - acc: 0.4246
 576/3458 [===>..........................] - ETA: 2:20 - loss: 1.3715 - acc: 0.4358
 608/3458 [====>.........................] - ETA: 2:18 - loss: 1.3634 - acc: 0.4342
 640/3458 [====>.........................] - ETA: 2:17 - loss: 1.3699 - acc: 0.4297
 672/3458 [====>.........................] - ETA: 2:15 - loss: 1.3715 - acc: 0.4286
 704/3458 [=====>........................] - ETA: 2:13 - loss: 1.3667 - acc: 0.4332
 736/3458 [=====>........................] - ETA: 2:12 - loss: 1.3585 - acc: 0.4375
 768/3458 [=====>........................] - ETA: 2:10 - loss: 1.3505 - acc: 0.4362
 800/3458 [=====>........................] - ETA: 2:09 - loss: 1.3490 - acc: 0.4350
 832/3458 [======>.......................] - ETA: 2:07 - loss: 1.3548 - acc: 0.4303
 864/3458 [======>.......................] - ETA: 2:06 - loss: 1.3548 - acc: 0.4294
 896/3458 [======>.......................] - ETA: 2:04 - loss: 1.3463 - acc: 0.4342
 928/3458 [=======>......................] - ETA: 2:03 - loss: 1.3511 - acc: 0.4256
 960/3458 [=======>......................] - ETA: 2:01 - loss: 1.3548 - acc: 0.4240
 992/3458 [=======>......................] - ETA: 1:59 - loss: 1.3590 - acc: 0.4234
1024/3458 [=======>......................] - ETA: 1:58 - loss: 1.3501 - acc: 0.4316
1056/3458 [========>.....................] - ETA: 1:56 - loss: 1.3442 - acc: 0.4318
1088/3458 [========>.....................] - ETA: 1:55 - loss: 1.3453 - acc: 0.4283
1120/3458 [========>.....................] - ETA: 1:53 - loss: 1.3437 - acc: 0.4304
1152/3458 [========>.....................] - ETA: 1:52 - loss: 1.3424 - acc: 0.4271
1184/3458 [=========>....................] - ETA: 1:50 - loss: 1.3435 - acc: 0.4265
1216/3458 [=========>....................] - ETA: 1:49 - loss: 1.3379 - acc: 0.4293
1248/3458 [=========>....................] - ETA: 1:47 - loss: 1.3370 - acc: 0.4303
1280/3458 [==========>...................] - ETA: 1:45 - loss: 1.3330 - acc: 0.4297
1312/3458 [==========>...................] - ETA: 1:44 - loss: 1.3315 - acc: 0.4314
1344/3458 [==========>...................] - ETA: 1:42 - loss: 1.3300 - acc: 0.4315
1376/3458 [==========>...................] - ETA: 1:41 - loss: 1.3269 - acc: 0.4324
1408/3458 [===========>..................] - ETA: 1:39 - loss: 1.3255 - acc: 0.4339
1440/3458 [===========>..................] - ETA: 1:38 - loss: 1.3215 - acc: 0.4354
1472/3458 [===========>..................] - ETA: 1:36 - loss: 1.3215 - acc: 0.4341
1504/3458 [============>.................] - ETA: 1:35 - loss: 1.3325 - acc: 0.4348
1536/3458 [============>.................] - ETA: 1:33 - loss: 1.3306 - acc: 0.4362
1568/3458 [============>.................] - ETA: 1:31 - loss: 1.3251 - acc: 0.4407
1600/3458 [============>.................] - ETA: 1:30 - loss: 1.3206 - acc: 0.4437
1632/3458 [=============>................] - ETA: 1:28 - loss: 1.3155 - acc: 0.4455
1664/3458 [=============>................] - ETA: 1:27 - loss: 1.3156 - acc: 0.4459
1696/3458 [=============>................] - ETA: 1:25 - loss: 1.3163 - acc: 0.4452
1728/3458 [=============>................] - ETA: 1:24 - loss: 1.3113 - acc: 0.4485
1760/3458 [==============>...............] - ETA: 1:22 - loss: 1.3096 - acc: 0.4506
1792/3458 [==============>...............] - ETA: 1:21 - loss: 1.3104 - acc: 0.4498
1824/3458 [==============>...............] - ETA: 1:19 - loss: 1.3066 - acc: 0.4523
1856/3458 [===============>..............] - ETA: 1:17 - loss: 1.3032 - acc: 0.4564
1888/3458 [===============>..............] - ETA: 1:16 - loss: 1.3028 - acc: 0.4555
1920/3458 [===============>..............] - ETA: 1:14 - loss: 1.3008 - acc: 0.4568
1952/3458 [===============>..............] - ETA: 1:13 - loss: 1.2973 - acc: 0.4590
1984/3458 [================>.............] - ETA: 1:11 - loss: 1.2982 - acc: 0.4587
2016/3458 [================>.............] - ETA: 1:10 - loss: 1.2974 - acc: 0.4593
2048/3458 [================>.............] - ETA: 1:08 - loss: 1.2948 - acc: 0.4600
2080/3458 [=================>............] - ETA: 1:07 - loss: 1.2921 - acc: 0.4596
2112/3458 [=================>............] - ETA: 1:05 - loss: 1.2922 - acc: 0.4593
2144/3458 [=================>............] - ETA: 1:03 - loss: 1.2909 - acc: 0.4590
2176/3458 [=================>............] - ETA: 1:02 - loss: 1.2895 - acc: 0.4623
2208/3458 [==================>...........] - ETA: 1:00 - loss: 1.2921 - acc: 0.4642
2240/3458 [==================>...........] - ETA: 59s - loss: 1.2936 - acc: 0.4625 
2272/3458 [==================>...........] - ETA: 57s - loss: 1.2918 - acc: 0.4639
2304/3458 [==================>...........] - ETA: 56s - loss: 1.2894 - acc: 0.4653
2336/3458 [===================>..........] - ETA: 54s - loss: 1.2889 - acc: 0.4666
2368/3458 [===================>..........] - ETA: 53s - loss: 1.2859 - acc: 0.4679
2400/3458 [===================>..........] - ETA: 51s - loss: 1.2845 - acc: 0.4700
2432/3458 [====================>.........] - ETA: 49s - loss: 1.2842 - acc: 0.4708
2464/3458 [====================>.........] - ETA: 48s - loss: 1.2813 - acc: 0.4728
2496/3458 [====================>.........] - ETA: 46s - loss: 1.2825 - acc: 0.4724
2528/3458 [====================>.........] - ETA: 45s - loss: 1.2821 - acc: 0.4731
2560/3458 [=====================>........] - ETA: 43s - loss: 1.2816 - acc: 0.4730
2592/3458 [=====================>........] - ETA: 42s - loss: 1.2835 - acc: 0.4726
2624/3458 [=====================>........] - ETA: 40s - loss: 1.2803 - acc: 0.4741
2656/3458 [======================>.......] - ETA: 39s - loss: 1.2839 - acc: 0.4733
2688/3458 [======================>.......] - ETA: 37s - loss: 1.2841 - acc: 0.4721
2720/3458 [======================>.......] - ETA: 35s - loss: 1.2817 - acc: 0.4732
2752/3458 [======================>.......] - ETA: 34s - loss: 1.2803 - acc: 0.4760
2784/3458 [=======================>......] - ETA: 32s - loss: 1.2806 - acc: 0.4759
2816/3458 [=======================>......] - ETA: 31s - loss: 1.2788 - acc: 0.4769
2848/3458 [=======================>......] - ETA: 29s - loss: 1.2766 - acc: 0.4779
2880/3458 [=======================>......] - ETA: 28s - loss: 1.2740 - acc: 0.4788
2912/3458 [========================>.....] - ETA: 26s - loss: 1.2743 - acc: 0.4787
2944/3458 [========================>.....] - ETA: 24s - loss: 1.2715 - acc: 0.4783
2976/3458 [========================>.....] - ETA: 23s - loss: 1.2712 - acc: 0.4768
3008/3458 [=========================>....] - ETA: 21s - loss: 1.2697 - acc: 0.4777
3040/3458 [=========================>....] - ETA: 20s - loss: 1.2711 - acc: 0.4760
3072/3458 [=========================>....] - ETA: 18s - loss: 1.2683 - acc: 0.4772
3104/3458 [=========================>....] - ETA: 17s - loss: 1.2677 - acc: 0.4771
3136/3458 [==========================>...] - ETA: 15s - loss: 1.2659 - acc: 0.4786
3168/3458 [==========================>...] - ETA: 14s - loss: 1.2651 - acc: 0.4792
3200/3458 [==========================>...] - ETA: 12s - loss: 1.2628 - acc: 0.4809
3232/3458 [===========================>..] - ETA: 10s - loss: 1.2634 - acc: 0.4821
3264/3458 [===========================>..] - ETA: 9s - loss: 1.2597 - acc: 0.4844 
3296/3458 [===========================>..] - ETA: 7s - loss: 1.2578 - acc: 0.4860
3328/3458 [===========================>..] - ETA: 6s - loss: 1.2575 - acc: 0.4877
3360/3458 [============================>.] - ETA: 4s - loss: 1.2549 - acc: 0.4890
3392/3458 [============================>.] - ETA: 3s - loss: 1.2567 - acc: 0.4900
3424/3458 [============================>.] - ETA: 1s - loss: 1.2580 - acc: 0.4898
3456/3458 [============================>.] - ETA: 0s - loss: 1.2598 - acc: 0.4893
3458/3458 [==============================] - 169s 49ms/sample - loss: 1.2598 - acc: 0.4893

 32/865 [>.............................] - ETA: 7s - loss: 1.1825 - acc: 0.5625
 64/865 [=>............................] - ETA: 7s - loss: 1.1279 - acc: 0.5781
 96/865 [==>...........................] - ETA: 6s - loss: 1.1775 - acc: 0.5625
128/865 [===>..........................] - ETA: 6s - loss: 1.2009 - acc: 0.5547
160/865 [====>.........................] - ETA: 6s - loss: 1.1881 - acc: 0.5750
192/865 [=====>........................] - ETA: 5s - loss: 1.1635 - acc: 0.5885
224/865 [======>.......................] - ETA: 5s - loss: 1.1585 - acc: 0.6161
256/865 [=======>......................] - ETA: 5s - loss: 1.1632 - acc: 0.6016
288/865 [========>.....................] - ETA: 5s - loss: 1.1736 - acc: 0.5903
320/865 [==========>...................] - ETA: 4s - loss: 1.1790 - acc: 0.5875
352/865 [===========>..................] - ETA: 4s - loss: 1.1643 - acc: 0.5852
384/865 [============>.................] - ETA: 4s - loss: 1.1614 - acc: 0.5833
416/865 [=============>................] - ETA: 3s - loss: 1.1558 - acc: 0.5817
448/865 [==============>...............] - ETA: 3s - loss: 1.1615 - acc: 0.5692
480/865 [===============>..............] - ETA: 3s - loss: 1.1752 - acc: 0.5625
512/865 [================>.............] - ETA: 3s - loss: 1.1666 - acc: 0.5645
544/865 [=================>............] - ETA: 2s - loss: 1.1780 - acc: 0.5533
576/865 [==================>...........] - ETA: 2s - loss: 1.1811 - acc: 0.5521
608/865 [====================>.........] - ETA: 2s - loss: 1.1781 - acc: 0.5461
640/865 [=====================>........] - ETA: 1s - loss: 1.1677 - acc: 0.5453
672/865 [======================>.......] - ETA: 1s - loss: 1.1570 - acc: 0.5461
704/865 [=======================>......] - ETA: 1s - loss: 1.1602 - acc: 0.5440
736/865 [========================>.....] - ETA: 1s - loss: 1.1678 - acc: 0.5421
768/865 [=========================>....] - ETA: 0s - loss: 1.1694 - acc: 0.5391
800/865 [==========================>...] - ETA: 0s - loss: 1.1641 - acc: 0.5437
832/865 [===========================>..] - ETA: 0s - loss: 1.1682 - acc: 0.5409
864/865 [============================>.] - ETA: 0s - loss: 1.1564 - acc: 0.5463
865/865 [==============================] - 8s 9ms/sample - loss: 1.1570 - acc: 0.5457

  32/3458 [..............................] - ETA: 2:45 - loss: 1.0689 - acc: 0.5312
  64/3458 [..............................] - ETA: 2:44 - loss: 1.1295 - acc: 0.5625
  96/3458 [..............................] - ETA: 2:43 - loss: 1.0641 - acc: 0.5938
 128/3458 [>.............................] - ETA: 2:42 - loss: 1.0565 - acc: 0.5938
 160/3458 [>.............................] - ETA: 2:40 - loss: 1.1009 - acc: 0.5750
 192/3458 [>.............................] - ETA: 2:38 - loss: 1.0790 - acc: 0.6042
 224/3458 [>.............................] - ETA: 2:37 - loss: 1.0741 - acc: 0.6027
 256/3458 [=>............................] - ETA: 2:36 - loss: 1.0882 - acc: 0.6016
 288/3458 [=>............................] - ETA: 2:34 - loss: 1.1081 - acc: 0.5938
 320/3458 [=>............................] - ETA: 2:32 - loss: 1.1081 - acc: 0.5875
 352/3458 [==>...........................] - ETA: 2:31 - loss: 1.1233 - acc: 0.5767
 384/3458 [==>...........................] - ETA: 2:29 - loss: 1.1305 - acc: 0.5703
 416/3458 [==>...........................] - ETA: 2:28 - loss: 1.1118 - acc: 0.5769
 448/3458 [==>...........................] - ETA: 2:26 - loss: 1.0976 - acc: 0.5848
 480/3458 [===>..........................] - ETA: 2:24 - loss: 1.1211 - acc: 0.5688
 512/3458 [===>..........................] - ETA: 2:23 - loss: 1.1209 - acc: 0.5664
 544/3458 [===>..........................] - ETA: 2:21 - loss: 1.1243 - acc: 0.5662
 576/3458 [===>..........................] - ETA: 2:20 - loss: 1.1255 - acc: 0.5642
 608/3458 [====>.........................] - ETA: 2:18 - loss: 1.1283 - acc: 0.5658
 640/3458 [====>.........................] - ETA: 2:17 - loss: 1.1238 - acc: 0.5609
 672/3458 [====>.........................] - ETA: 2:15 - loss: 1.1210 - acc: 0.5655
 704/3458 [=====>........................] - ETA: 2:13 - loss: 1.1211 - acc: 0.5710
 736/3458 [=====>........................] - ETA: 2:12 - loss: 1.1220 - acc: 0.5734
 768/3458 [=====>........................] - ETA: 2:10 - loss: 1.1224 - acc: 0.5742
 800/3458 [=====>........................] - ETA: 2:09 - loss: 1.1179 - acc: 0.5738
 832/3458 [======>.......................] - ETA: 2:07 - loss: 1.1256 - acc: 0.5733
 864/3458 [======>.......................] - ETA: 2:06 - loss: 1.1279 - acc: 0.5729
 896/3458 [======>.......................] - ETA: 2:04 - loss: 1.1308 - acc: 0.5703
 928/3458 [=======>......................] - ETA: 2:03 - loss: 1.1288 - acc: 0.5700
 960/3458 [=======>......................] - ETA: 2:01 - loss: 1.1236 - acc: 0.5677
 992/3458 [=======>......................] - ETA: 1:59 - loss: 1.1149 - acc: 0.5716
1024/3458 [=======>......................] - ETA: 1:58 - loss: 1.1128 - acc: 0.5742
1056/3458 [========>.....................] - ETA: 1:56 - loss: 1.1150 - acc: 0.5710
1088/3458 [========>.....................] - ETA: 1:55 - loss: 1.1165 - acc: 0.5717
1120/3458 [========>.....................] - ETA: 1:53 - loss: 1.1170 - acc: 0.5679
1152/3458 [========>.....................] - ETA: 1:52 - loss: 1.1161 - acc: 0.5677
1184/3458 [=========>....................] - ETA: 1:50 - loss: 1.1120 - acc: 0.5684
1216/3458 [=========>....................] - ETA: 1:49 - loss: 1.1107 - acc: 0.5699
1248/3458 [=========>....................] - ETA: 1:47 - loss: 1.1083 - acc: 0.5697
1280/3458 [==========>...................] - ETA: 1:45 - loss: 1.1025 - acc: 0.5711
1312/3458 [==========>...................] - ETA: 1:44 - loss: 1.0987 - acc: 0.5747
1344/3458 [==========>...................] - ETA: 1:42 - loss: 1.1069 - acc: 0.5737
1376/3458 [==========>...................] - ETA: 1:41 - loss: 1.1012 - acc: 0.5763
1408/3458 [===========>..................] - ETA: 1:39 - loss: 1.0988 - acc: 0.5774
1440/3458 [===========>..................] - ETA: 1:38 - loss: 1.1037 - acc: 0.5771
1472/3458 [===========>..................] - ETA: 1:36 - loss: 1.1009 - acc: 0.5774
1504/3458 [============>.................] - ETA: 1:35 - loss: 1.1007 - acc: 0.5771
1536/3458 [============>.................] - ETA: 1:33 - loss: 1.1023 - acc: 0.5768
1568/3458 [============>.................] - ETA: 1:31 - loss: 1.0972 - acc: 0.5784
1600/3458 [============>.................] - ETA: 1:30 - loss: 1.0992 - acc: 0.5763
1632/3458 [=============>................] - ETA: 1:28 - loss: 1.1000 - acc: 0.5778
1664/3458 [=============>................] - ETA: 1:27 - loss: 1.0964 - acc: 0.5799
1696/3458 [=============>................] - ETA: 1:25 - loss: 1.0937 - acc: 0.5802
1728/3458 [=============>................] - ETA: 1:24 - loss: 1.0924 - acc: 0.5799
1760/3458 [==============>...............] - ETA: 1:22 - loss: 1.0926 - acc: 0.5813
1792/3458 [==============>...............] - ETA: 1:21 - loss: 1.0907 - acc: 0.5831
1824/3458 [==============>...............] - ETA: 1:19 - loss: 1.0869 - acc: 0.5839
1856/3458 [===============>..............] - ETA: 1:17 - loss: 1.0856 - acc: 0.5830
1888/3458 [===============>..............] - ETA: 1:16 - loss: 1.0832 - acc: 0.5842
1920/3458 [===============>..............] - ETA: 1:14 - loss: 1.0794 - acc: 0.5849
1952/3458 [===============>..............] - ETA: 1:13 - loss: 1.0788 - acc: 0.5856
1984/3458 [================>.............] - ETA: 1:11 - loss: 1.0763 - acc: 0.5857
2016/3458 [================>.............] - ETA: 1:10 - loss: 1.0722 - acc: 0.5873
2048/3458 [================>.............] - ETA: 1:08 - loss: 1.0673 - acc: 0.5889
2080/3458 [=================>............] - ETA: 1:07 - loss: 1.0718 - acc: 0.5870
2112/3458 [=================>............] - ETA: 1:05 - loss: 1.0747 - acc: 0.5876
2144/3458 [=================>............] - ETA: 1:03 - loss: 1.0774 - acc: 0.5868
2176/3458 [=================>............] - ETA: 1:02 - loss: 1.0717 - acc: 0.5882
2208/3458 [==================>...........] - ETA: 1:00 - loss: 1.0670 - acc: 0.5901
2240/3458 [==================>...........] - ETA: 59s - loss: 1.0709 - acc: 0.5902 
2272/3458 [==================>...........] - ETA: 57s - loss: 1.0711 - acc: 0.5907
2304/3458 [==================>...........] - ETA: 56s - loss: 1.0707 - acc: 0.5898
2336/3458 [===================>..........] - ETA: 54s - loss: 1.0740 - acc: 0.5895
2368/3458 [===================>..........] - ETA: 52s - loss: 1.0756 - acc: 0.5887
2400/3458 [===================>..........] - ETA: 51s - loss: 1.0804 - acc: 0.5871
2432/3458 [====================>.........] - ETA: 49s - loss: 1.0812 - acc: 0.5876
2464/3458 [====================>.........] - ETA: 48s - loss: 1.0824 - acc: 0.5873
2496/3458 [====================>.........] - ETA: 46s - loss: 1.0838 - acc: 0.5861
2528/3458 [====================>.........] - ETA: 45s - loss: 1.0841 - acc: 0.5870
2560/3458 [=====================>........] - ETA: 43s - loss: 1.0847 - acc: 0.5863
2592/3458 [=====================>........] - ETA: 42s - loss: 1.0859 - acc: 0.5864
2624/3458 [=====================>........] - ETA: 40s - loss: 1.0851 - acc: 0.5861
2656/3458 [======================>.......] - ETA: 38s - loss: 1.0848 - acc: 0.5873
2688/3458 [======================>.......] - ETA: 37s - loss: 1.0852 - acc: 0.5863
2720/3458 [======================>.......] - ETA: 35s - loss: 1.0862 - acc: 0.5871
2752/3458 [======================>.......] - ETA: 34s - loss: 1.0846 - acc: 0.5879
2784/3458 [=======================>......] - ETA: 32s - loss: 1.0892 - acc: 0.5866
2816/3458 [=======================>......] - ETA: 31s - loss: 1.0912 - acc: 0.5856
2848/3458 [=======================>......] - ETA: 29s - loss: 1.0914 - acc: 0.5864
2880/3458 [=======================>......] - ETA: 28s - loss: 1.0910 - acc: 0.5854
2912/3458 [========================>.....] - ETA: 26s - loss: 1.0889 - acc: 0.5865
2944/3458 [========================>.....] - ETA: 24s - loss: 1.0902 - acc: 0.5853
2976/3458 [========================>.....] - ETA: 23s - loss: 1.0870 - acc: 0.5867
3008/3458 [=========================>....] - ETA: 21s - loss: 1.0870 - acc: 0.5881
3040/3458 [=========================>....] - ETA: 20s - loss: 1.0870 - acc: 0.5878
3072/3458 [=========================>....] - ETA: 18s - loss: 1.0859 - acc: 0.5876
3104/3458 [=========================>....] - ETA: 17s - loss: 1.0870 - acc: 0.5857
3136/3458 [==========================>...] - ETA: 15s - loss: 1.0878 - acc: 0.5858
3168/3458 [==========================>...] - ETA: 14s - loss: 1.0886 - acc: 0.5852
3200/3458 [==========================>...] - ETA: 12s - loss: 1.0882 - acc: 0.5844
3232/3458 [===========================>..] - ETA: 10s - loss: 1.0881 - acc: 0.5845
3264/3458 [===========================>..] - ETA: 9s - loss: 1.0859 - acc: 0.5852 
3296/3458 [===========================>..] - ETA: 7s - loss: 1.0843 - acc: 0.5856
3328/3458 [===========================>..] - ETA: 6s - loss: 1.0830 - acc: 0.5859
3360/3458 [============================>.] - ETA: 4s - loss: 1.0816 - acc: 0.5854
3392/3458 [============================>.] - ETA: 3s - loss: 1.0810 - acc: 0.5858
3424/3458 [============================>.] - ETA: 1s - loss: 1.0820 - acc: 0.5844
3456/3458 [============================>.] - ETA: 0s - loss: 1.0823 - acc: 0.5839
3458/3458 [==============================] - 169s 49ms/sample - loss: 1.0831 - acc: 0.5836

 32/865 [>.............................] - ETA: 7s - loss: 1.2334 - acc: 0.5000
 64/865 [=>............................] - ETA: 7s - loss: 1.1211 - acc: 0.5625
 96/865 [==>...........................] - ETA: 6s - loss: 1.1417 - acc: 0.5521
128/865 [===>..........................] - ETA: 6s - loss: 1.1492 - acc: 0.5625
160/865 [====>.........................] - ETA: 6s - loss: 1.1278 - acc: 0.5750
192/865 [=====>........................] - ETA: 5s - loss: 1.1166 - acc: 0.5729
224/865 [======>.......................] - ETA: 5s - loss: 1.1197 - acc: 0.5893
256/865 [=======>......................] - ETA: 5s - loss: 1.1284 - acc: 0.5820
288/865 [========>.....................] - ETA: 5s - loss: 1.1449 - acc: 0.5799
320/865 [==========>...................] - ETA: 4s - loss: 1.1457 - acc: 0.5781
352/865 [===========>..................] - ETA: 4s - loss: 1.1345 - acc: 0.5739
384/865 [============>.................] - ETA: 4s - loss: 1.1193 - acc: 0.5755
416/865 [=============>................] - ETA: 3s - loss: 1.1132 - acc: 0.5841
448/865 [==============>...............] - ETA: 3s - loss: 1.1206 - acc: 0.5826
480/865 [===============>..............] - ETA: 3s - loss: 1.1324 - acc: 0.5771
512/865 [================>.............] - ETA: 3s - loss: 1.1204 - acc: 0.5762
544/865 [=================>............] - ETA: 2s - loss: 1.1299 - acc: 0.5717
576/865 [==================>...........] - ETA: 2s - loss: 1.1291 - acc: 0.5747
608/865 [====================>.........] - ETA: 2s - loss: 1.1175 - acc: 0.5789
640/865 [=====================>........] - ETA: 1s - loss: 1.1083 - acc: 0.5813
672/865 [======================>.......] - ETA: 1s - loss: 1.0909 - acc: 0.5833
704/865 [=======================>......] - ETA: 1s - loss: 1.0920 - acc: 0.5795
736/865 [========================>.....] - ETA: 1s - loss: 1.1004 - acc: 0.5774
768/865 [=========================>....] - ETA: 0s - loss: 1.1004 - acc: 0.5781
800/865 [==========================>...] - ETA: 0s - loss: 1.0916 - acc: 0.5825
832/865 [===========================>..] - ETA: 0s - loss: 1.0958 - acc: 0.5817
864/865 [============================>.] - ETA: 0s - loss: 1.0831 - acc: 0.5868
865/865 [==============================] - 8s 9ms/sample - loss: 1.0838 - acc: 0.5861

  32/3458 [..............................] - ETA: 2:45 - loss: 1.0911 - acc: 0.5000
  64/3458 [..............................] - ETA: 2:45 - loss: 0.9276 - acc: 0.5938
  96/3458 [..............................] - ETA: 2:44 - loss: 0.9308 - acc: 0.6042
 128/3458 [>.............................] - ETA: 2:42 - loss: 0.9772 - acc: 0.5859
 160/3458 [>.............................] - ETA: 2:40 - loss: 0.9509 - acc: 0.6000
 192/3458 [>.............................] - ETA: 2:38 - loss: 0.9409 - acc: 0.6094
 224/3458 [>.............................] - ETA: 2:37 - loss: 0.9611 - acc: 0.6161
 256/3458 [=>............................] - ETA: 2:35 - loss: 0.9473 - acc: 0.6172
 288/3458 [=>............................] - ETA: 2:34 - loss: 1.0029 - acc: 0.6076
 320/3458 [=>............................] - ETA: 2:32 - loss: 1.0048 - acc: 0.6094
 352/3458 [==>...........................] - ETA: 2:31 - loss: 1.0139 - acc: 0.6023
 384/3458 [==>...........................] - ETA: 2:29 - loss: 1.0159 - acc: 0.6042
 416/3458 [==>...........................] - ETA: 2:27 - loss: 1.0033 - acc: 0.6106
 448/3458 [==>...........................] - ETA: 2:26 - loss: 0.9964 - acc: 0.6183
 480/3458 [===>..........................] - ETA: 2:24 - loss: 1.0017 - acc: 0.6062
 512/3458 [===>..........................] - ETA: 2:23 - loss: 0.9984 - acc: 0.6113
 544/3458 [===>..........................] - ETA: 2:21 - loss: 0.9898 - acc: 0.6158
 576/3458 [===>..........................] - ETA: 2:20 - loss: 0.9888 - acc: 0.6233
 608/3458 [====>.........................] - ETA: 2:18 - loss: 1.0152 - acc: 0.6118
 640/3458 [====>.........................] - ETA: 2:17 - loss: 1.0180 - acc: 0.6125
 672/3458 [====>.........................] - ETA: 2:15 - loss: 1.0172 - acc: 0.6116
 704/3458 [=====>........................] - ETA: 2:13 - loss: 1.0207 - acc: 0.6065
 736/3458 [=====>........................] - ETA: 2:12 - loss: 1.0216 - acc: 0.6046
 768/3458 [=====>........................] - ETA: 2:10 - loss: 1.0282 - acc: 0.6055
 800/3458 [=====>........................] - ETA: 2:09 - loss: 1.0249 - acc: 0.6050
 832/3458 [======>.......................] - ETA: 2:07 - loss: 1.0181 - acc: 0.6094
 864/3458 [======>.......................] - ETA: 2:06 - loss: 1.0165 - acc: 0.6100
 896/3458 [======>.......................] - ETA: 2:04 - loss: 1.0141 - acc: 0.6105
 928/3458 [=======>......................] - ETA: 2:02 - loss: 1.0083 - acc: 0.6153
 960/3458 [=======>......................] - ETA: 2:01 - loss: 1.0096 - acc: 0.6125
 992/3458 [=======>......................] - ETA: 1:59 - loss: 1.0109 - acc: 0.6119
1024/3458 [=======>......................] - ETA: 1:58 - loss: 1.0045 - acc: 0.6143
1056/3458 [========>.....................] - ETA: 1:56 - loss: 0.9993 - acc: 0.6193
1088/3458 [========>.....................] - ETA: 1:55 - loss: 0.9933 - acc: 0.6222
1120/3458 [========>.....................] - ETA: 1:53 - loss: 0.9871 - acc: 0.6268
1152/3458 [========>.....................] - ETA: 1:52 - loss: 0.9786 - acc: 0.6319
1184/3458 [=========>....................] - ETA: 1:50 - loss: 0.9827 - acc: 0.6267
1216/3458 [=========>....................] - ETA: 1:49 - loss: 0.9838 - acc: 0.6283
1248/3458 [=========>....................] - ETA: 1:47 - loss: 0.9768 - acc: 0.6306
1280/3458 [==========>...................] - ETA: 1:45 - loss: 0.9754 - acc: 0.6297
1312/3458 [==========>...................] - ETA: 1:44 - loss: 0.9756 - acc: 0.6273
1344/3458 [==========>...................] - ETA: 1:42 - loss: 0.9739 - acc: 0.6280
1376/3458 [==========>...................] - ETA: 1:41 - loss: 0.9755 - acc: 0.6301
1408/3458 [===========>..................] - ETA: 1:39 - loss: 0.9728 - acc: 0.6328
1440/3458 [===========>..................] - ETA: 1:38 - loss: 0.9712 - acc: 0.6333
1472/3458 [===========>..................] - ETA: 1:36 - loss: 0.9710 - acc: 0.6332
1504/3458 [============>.................] - ETA: 1:35 - loss: 0.9696 - acc: 0.6343
1536/3458 [============>.................] - ETA: 1:33 - loss: 0.9682 - acc: 0.6348
1568/3458 [============>.................] - ETA: 1:31 - loss: 0.9724 - acc: 0.6320
1600/3458 [============>.................] - ETA: 1:30 - loss: 0.9742 - acc: 0.6325
1632/3458 [=============>................] - ETA: 1:28 - loss: 0.9750 - acc: 0.6311
1664/3458 [=============>................] - ETA: 1:27 - loss: 0.9792 - acc: 0.6298
1696/3458 [=============>................] - ETA: 1:25 - loss: 0.9781 - acc: 0.6291
1728/3458 [=============>................] - ETA: 1:24 - loss: 0.9754 - acc: 0.6314
1760/3458 [==============>...............] - ETA: 1:22 - loss: 0.9766 - acc: 0.6284
1792/3458 [==============>...............] - ETA: 1:21 - loss: 0.9787 - acc: 0.6272
1824/3458 [==============>...............] - ETA: 1:19 - loss: 0.9773 - acc: 0.6272
1856/3458 [===============>..............] - ETA: 1:17 - loss: 0.9785 - acc: 0.6272
1888/3458 [===============>..............] - ETA: 1:16 - loss: 0.9803 - acc: 0.6245
1920/3458 [===============>..............] - ETA: 1:14 - loss: 0.9824 - acc: 0.6224
1952/3458 [===============>..............] - ETA: 1:13 - loss: 0.9845 - acc: 0.6214
1984/3458 [================>.............] - ETA: 1:11 - loss: 0.9845 - acc: 0.6215
2016/3458 [================>.............] - ETA: 1:10 - loss: 0.9868 - acc: 0.6200
2048/3458 [================>.............] - ETA: 1:08 - loss: 0.9849 - acc: 0.6196
2080/3458 [=================>............] - ETA: 1:06 - loss: 0.9805 - acc: 0.6212
2112/3458 [=================>............] - ETA: 1:05 - loss: 0.9819 - acc: 0.6212
2144/3458 [=================>............] - ETA: 1:03 - loss: 0.9814 - acc: 0.6222
2176/3458 [=================>............] - ETA: 1:02 - loss: 0.9800 - acc: 0.6222
2208/3458 [==================>...........] - ETA: 1:00 - loss: 0.9808 - acc: 0.6214
2240/3458 [==================>...........] - ETA: 59s - loss: 0.9804 - acc: 0.6228 
2272/3458 [==================>...........] - ETA: 57s - loss: 0.9829 - acc: 0.6228
2304/3458 [==================>...........] - ETA: 56s - loss: 0.9844 - acc: 0.6237
2336/3458 [===================>..........] - ETA: 54s - loss: 0.9836 - acc: 0.6233
2368/3458 [===================>..........] - ETA: 53s - loss: 0.9855 - acc: 0.6220
2400/3458 [===================>..........] - ETA: 51s - loss: 0.9869 - acc: 0.6212
2432/3458 [====================>.........] - ETA: 49s - loss: 0.9877 - acc: 0.6217
2464/3458 [====================>.........] - ETA: 48s - loss: 0.9876 - acc: 0.6222
2496/3458 [====================>.........] - ETA: 46s - loss: 0.9889 - acc: 0.6222
2528/3458 [====================>.........] - ETA: 45s - loss: 0.9920 - acc: 0.6199
2560/3458 [=====================>........] - ETA: 43s - loss: 0.9899 - acc: 0.6207
2592/3458 [=====================>........] - ETA: 42s - loss: 0.9904 - acc: 0.6204
2624/3458 [=====================>........] - ETA: 40s - loss: 0.9897 - acc: 0.6208
2656/3458 [======================>.......] - ETA: 38s - loss: 0.9902 - acc: 0.6212
2688/3458 [======================>.......] - ETA: 37s - loss: 0.9935 - acc: 0.6205
2720/3458 [======================>.......] - ETA: 35s - loss: 0.9919 - acc: 0.6228
2752/3458 [======================>.......] - ETA: 34s - loss: 0.9933 - acc: 0.6221
2784/3458 [=======================>......] - ETA: 32s - loss: 0.9942 - acc: 0.6221
2816/3458 [=======================>......] - ETA: 31s - loss: 0.9943 - acc: 0.6229
2848/3458 [=======================>......] - ETA: 29s - loss: 0.9955 - acc: 0.6225
2880/3458 [=======================>......] - ETA: 28s - loss: 0.9959 - acc: 0.6229
2912/3458 [========================>.....] - ETA: 26s - loss: 0.9971 - acc: 0.6233
2944/3458 [========================>.....] - ETA: 24s - loss: 0.9983 - acc: 0.6223
2976/3458 [========================>.....] - ETA: 23s - loss: 0.9995 - acc: 0.6213
3008/3458 [=========================>....] - ETA: 21s - loss: 0.9986 - acc: 0.6217
3040/3458 [=========================>....] - ETA: 20s - loss: 0.9981 - acc: 0.6207
3072/3458 [=========================>....] - ETA: 18s - loss: 0.9975 - acc: 0.6208
3104/3458 [=========================>....] - ETA: 17s - loss: 0.9952 - acc: 0.6227
3136/3458 [==========================>...] - ETA: 15s - loss: 0.9947 - acc: 0.6231
3168/3458 [==========================>...] - ETA: 14s - loss: 0.9925 - acc: 0.6237
3200/3458 [==========================>...] - ETA: 12s - loss: 0.9907 - acc: 0.6247
3232/3458 [===========================>..] - ETA: 10s - loss: 0.9885 - acc: 0.6253
3264/3458 [===========================>..] - ETA: 9s - loss: 0.9880 - acc: 0.6250 
3296/3458 [===========================>..] - ETA: 7s - loss: 0.9860 - acc: 0.6259
3328/3458 [===========================>..] - ETA: 6s - loss: 0.9844 - acc: 0.6268
3360/3458 [============================>.] - ETA: 4s - loss: 0.9827 - acc: 0.6274
3392/3458 [============================>.] - ETA: 3s - loss: 0.9835 - acc: 0.6268
3424/3458 [============================>.] - ETA: 1s - loss: 0.9806 - acc: 0.6282
3456/3458 [============================>.] - ETA: 0s - loss: 0.9799 - acc: 0.6282
3458/3458 [==============================] - 169s 49ms/sample - loss: 0.9799 - acc: 0.6281

 32/865 [>.............................] - ETA: 7s - loss: 1.2844 - acc: 0.4688
 64/865 [=>............................] - ETA: 6s - loss: 1.0429 - acc: 0.6250
 96/865 [==>...........................] - ETA: 6s - loss: 1.0467 - acc: 0.6146
128/865 [===>..........................] - ETA: 6s - loss: 1.0724 - acc: 0.6016
160/865 [====>.........................] - ETA: 6s - loss: 1.0568 - acc: 0.6187
192/865 [=====>........................] - ETA: 5s - loss: 1.0518 - acc: 0.6250
224/865 [======>.......................] - ETA: 5s - loss: 1.0432 - acc: 0.6295
256/865 [=======>......................] - ETA: 5s - loss: 1.0465 - acc: 0.6133
288/865 [========>.....................] - ETA: 5s - loss: 1.0519 - acc: 0.6007
320/865 [==========>...................] - ETA: 4s - loss: 1.0517 - acc: 0.6062
352/865 [===========>..................] - ETA: 4s - loss: 1.0503 - acc: 0.6051
384/865 [============>.................] - ETA: 4s - loss: 1.0409 - acc: 0.6068
416/865 [=============>................] - ETA: 3s - loss: 1.0471 - acc: 0.6106
448/865 [==============>...............] - ETA: 3s - loss: 1.0487 - acc: 0.6071
480/865 [===============>..............] - ETA: 3s - loss: 1.0663 - acc: 0.6042
512/865 [================>.............] - ETA: 3s - loss: 1.0589 - acc: 0.6113
544/865 [=================>............] - ETA: 2s - loss: 1.0745 - acc: 0.6048
576/865 [==================>...........] - ETA: 2s - loss: 1.0833 - acc: 0.6007
608/865 [====================>.........] - ETA: 2s - loss: 1.0765 - acc: 0.6036
640/865 [=====================>........] - ETA: 1s - loss: 1.0687 - acc: 0.6016
672/865 [======================>.......] - ETA: 1s - loss: 1.0498 - acc: 0.6057
704/865 [=======================>......] - ETA: 1s - loss: 1.0426 - acc: 0.6051
736/865 [========================>.....] - ETA: 1s - loss: 1.0518 - acc: 0.6033
768/865 [=========================>....] - ETA: 0s - loss: 1.0583 - acc: 0.6016
800/865 [==========================>...] - ETA: 0s - loss: 1.0438 - acc: 0.6075
832/865 [===========================>..] - ETA: 0s - loss: 1.0434 - acc: 0.6058
864/865 [============================>.] - ETA: 0s - loss: 1.0312 - acc: 0.6111
865/865 [==============================] - 8s 9ms/sample - loss: 1.0316 - acc: 0.6104

  32/3458 [..............................] - ETA: 2:44 - loss: 0.6133 - acc: 0.6875
  64/3458 [..............................] - ETA: 2:44 - loss: 0.7138 - acc: 0.6875
  96/3458 [..............................] - ETA: 2:43 - loss: 0.8437 - acc: 0.6458
 128/3458 [>.............................] - ETA: 2:41 - loss: 0.8219 - acc: 0.6641
 160/3458 [>.............................] - ETA: 2:39 - loss: 0.8921 - acc: 0.6375
 192/3458 [>.............................] - ETA: 2:38 - loss: 0.8957 - acc: 0.6354
 224/3458 [>.............................] - ETA: 2:36 - loss: 0.8834 - acc: 0.6429
 256/3458 [=>............................] - ETA: 2:34 - loss: 0.8751 - acc: 0.6523
 288/3458 [=>............................] - ETA: 2:33 - loss: 0.8981 - acc: 0.6424
 320/3458 [=>............................] - ETA: 2:31 - loss: 0.8923 - acc: 0.6500
 352/3458 [==>...........................] - ETA: 2:30 - loss: 0.8885 - acc: 0.6534
 384/3458 [==>...........................] - ETA: 2:28 - loss: 0.8910 - acc: 0.6589
 416/3458 [==>...........................] - ETA: 2:27 - loss: 0.9043 - acc: 0.6587
 448/3458 [==>...........................] - ETA: 2:25 - loss: 0.9048 - acc: 0.6629
 480/3458 [===>..........................] - ETA: 2:24 - loss: 0.9208 - acc: 0.6604
 512/3458 [===>..........................] - ETA: 2:22 - loss: 0.9306 - acc: 0.6602
 544/3458 [===>..........................] - ETA: 2:21 - loss: 0.9102 - acc: 0.6728
 576/3458 [===>..........................] - ETA: 2:19 - loss: 0.8983 - acc: 0.6823
 608/3458 [====>.........................] - ETA: 2:18 - loss: 0.8991 - acc: 0.6743
 640/3458 [====>.........................] - ETA: 2:16 - loss: 0.8789 - acc: 0.6844
 672/3458 [====>.........................] - ETA: 2:15 - loss: 0.8868 - acc: 0.6815
 704/3458 [=====>........................] - ETA: 2:13 - loss: 0.8894 - acc: 0.6847
 736/3458 [=====>........................] - ETA: 2:12 - loss: 0.8943 - acc: 0.6807
 768/3458 [=====>........................] - ETA: 2:10 - loss: 0.8980 - acc: 0.6797
 800/3458 [=====>........................] - ETA: 2:09 - loss: 0.8845 - acc: 0.6837
 832/3458 [======>.......................] - ETA: 2:07 - loss: 0.8893 - acc: 0.6815
 864/3458 [======>.......................] - ETA: 2:06 - loss: 0.8940 - acc: 0.6840
 896/3458 [======>.......................] - ETA: 2:04 - loss: 0.8864 - acc: 0.6886
 928/3458 [=======>......................] - ETA: 2:03 - loss: 0.8752 - acc: 0.6918
 960/3458 [=======>......................] - ETA: 2:01 - loss: 0.8848 - acc: 0.6906
 992/3458 [=======>......................] - ETA: 2:00 - loss: 0.8868 - acc: 0.6895
1024/3458 [=======>......................] - ETA: 1:58 - loss: 0.8771 - acc: 0.6953
1056/3458 [========>.....................] - ETA: 1:57 - loss: 0.8775 - acc: 0.6922
1088/3458 [========>.....................] - ETA: 1:55 - loss: 0.8783 - acc: 0.6921
1120/3458 [========>.....................] - ETA: 1:54 - loss: 0.8776 - acc: 0.6938
1152/3458 [========>.....................] - ETA: 1:52 - loss: 0.8747 - acc: 0.6927
1184/3458 [=========>....................] - ETA: 1:50 - loss: 0.8691 - acc: 0.6943
1216/3458 [=========>....................] - ETA: 1:49 - loss: 0.8718 - acc: 0.6949
1248/3458 [=========>....................] - ETA: 1:47 - loss: 0.8727 - acc: 0.6931
1280/3458 [==========>...................] - ETA: 1:46 - loss: 0.8737 - acc: 0.6922
1312/3458 [==========>...................] - ETA: 1:44 - loss: 0.8769 - acc: 0.6867
1344/3458 [==========>...................] - ETA: 1:43 - loss: 0.8796 - acc: 0.6845
1376/3458 [==========>...................] - ETA: 1:41 - loss: 0.8793 - acc: 0.6824
1408/3458 [===========>..................] - ETA: 1:39 - loss: 0.8816 - acc: 0.6797
1440/3458 [===========>..................] - ETA: 1:38 - loss: 0.8773 - acc: 0.6812
1472/3458 [===========>..................] - ETA: 1:36 - loss: 0.8806 - acc: 0.6787
1504/3458 [============>.................] - ETA: 1:35 - loss: 0.8861 - acc: 0.6735
1536/3458 [============>.................] - ETA: 1:33 - loss: 0.8821 - acc: 0.6745
1568/3458 [============>.................] - ETA: 1:32 - loss: 0.8812 - acc: 0.6754
1600/3458 [============>.................] - ETA: 1:30 - loss: 0.8849 - acc: 0.6737
1632/3458 [=============>................] - ETA: 1:28 - loss: 0.8850 - acc: 0.6728
1664/3458 [=============>................] - ETA: 1:27 - loss: 0.8915 - acc: 0.6713
1696/3458 [=============>................] - ETA: 1:25 - loss: 0.8913 - acc: 0.6692
1728/3458 [=============>................] - ETA: 1:24 - loss: 0.8909 - acc: 0.6678
1760/3458 [==============>...............] - ETA: 1:22 - loss: 0.8876 - acc: 0.6687
1792/3458 [==============>...............] - ETA: 1:21 - loss: 0.8869 - acc: 0.6685
1824/3458 [==============>...............] - ETA: 1:19 - loss: 0.8805 - acc: 0.6711
1856/3458 [===============>..............] - ETA: 1:18 - loss: 0.8839 - acc: 0.6697
1888/3458 [===============>..............] - ETA: 1:16 - loss: 0.8869 - acc: 0.6690
1920/3458 [===============>..............] - ETA: 1:14 - loss: 0.8871 - acc: 0.6687
1952/3458 [===============>..............] - ETA: 1:13 - loss: 0.8876 - acc: 0.6680
1984/3458 [================>.............] - ETA: 1:11 - loss: 0.8857 - acc: 0.6673
2016/3458 [================>.............] - ETA: 1:10 - loss: 0.8834 - acc: 0.6687
2048/3458 [================>.............] - ETA: 1:08 - loss: 0.8834 - acc: 0.6680
2080/3458 [=================>............] - ETA: 1:07 - loss: 0.8841 - acc: 0.6668
2112/3458 [=================>............] - ETA: 1:05 - loss: 0.8824 - acc: 0.6681
2144/3458 [=================>............] - ETA: 1:03 - loss: 0.8792 - acc: 0.6693
2176/3458 [=================>............] - ETA: 1:02 - loss: 0.8771 - acc: 0.6700
2208/3458 [==================>...........] - ETA: 1:00 - loss: 0.8755 - acc: 0.6698
2240/3458 [==================>...........] - ETA: 59s - loss: 0.8736 - acc: 0.6701 
2272/3458 [==================>...........] - ETA: 57s - loss: 0.8738 - acc: 0.6712
2304/3458 [==================>...........] - ETA: 56s - loss: 0.8754 - acc: 0.6706
2336/3458 [===================>..........] - ETA: 54s - loss: 0.8710 - acc: 0.6725
2368/3458 [===================>..........] - ETA: 53s - loss: 0.8680 - acc: 0.6731
2400/3458 [===================>..........] - ETA: 51s - loss: 0.8685 - acc: 0.6721
2432/3458 [====================>.........] - ETA: 49s - loss: 0.8718 - acc: 0.6715
2464/3458 [====================>.........] - ETA: 48s - loss: 0.8713 - acc: 0.6705
2496/3458 [====================>.........] - ETA: 46s - loss: 0.8733 - acc: 0.6699
2528/3458 [====================>.........] - ETA: 45s - loss: 0.8746 - acc: 0.6693
2560/3458 [=====================>........] - ETA: 43s - loss: 0.8709 - acc: 0.6703
2592/3458 [=====================>........] - ETA: 42s - loss: 0.8681 - acc: 0.6717
2624/3458 [=====================>........] - ETA: 40s - loss: 0.8663 - acc: 0.6730
2656/3458 [======================>.......] - ETA: 39s - loss: 0.8650 - acc: 0.6728
2688/3458 [======================>.......] - ETA: 37s - loss: 0.8643 - acc: 0.6730
2720/3458 [======================>.......] - ETA: 35s - loss: 0.8640 - acc: 0.6717
2752/3458 [======================>.......] - ETA: 34s - loss: 0.8636 - acc: 0.6719
2784/3458 [=======================>......] - ETA: 32s - loss: 0.8642 - acc: 0.6703
2816/3458 [=======================>......] - ETA: 31s - loss: 0.8634 - acc: 0.6712
2848/3458 [=======================>......] - ETA: 29s - loss: 0.8636 - acc: 0.6706
2880/3458 [=======================>......] - ETA: 28s - loss: 0.8619 - acc: 0.6712
2912/3458 [========================>.....] - ETA: 26s - loss: 0.8616 - acc: 0.6717
2944/3458 [========================>.....] - ETA: 25s - loss: 0.8630 - acc: 0.6715
2976/3458 [========================>.....] - ETA: 23s - loss: 0.8621 - acc: 0.6710
3008/3458 [=========================>....] - ETA: 21s - loss: 0.8604 - acc: 0.6722
3040/3458 [=========================>....] - ETA: 20s - loss: 0.8594 - acc: 0.6720
3072/3458 [=========================>....] - ETA: 18s - loss: 0.8600 - acc: 0.6719
3104/3458 [=========================>....] - ETA: 17s - loss: 0.8599 - acc: 0.6727
3136/3458 [==========================>...] - ETA: 15s - loss: 0.8591 - acc: 0.6732
3168/3458 [==========================>...] - ETA: 14s - loss: 0.8562 - acc: 0.6739
3200/3458 [==========================>...] - ETA: 12s - loss: 0.8556 - acc: 0.6744
3232/3458 [===========================>..] - ETA: 11s - loss: 0.8555 - acc: 0.6742
3264/3458 [===========================>..] - ETA: 9s - loss: 0.8581 - acc: 0.6740 
3296/3458 [===========================>..] - ETA: 7s - loss: 0.8608 - acc: 0.6732
3328/3458 [===========================>..] - ETA: 6s - loss: 0.8592 - acc: 0.6740
3360/3458 [============================>.] - ETA: 4s - loss: 0.8574 - acc: 0.6741
3392/3458 [============================>.] - ETA: 3s - loss: 0.8590 - acc: 0.6736
3424/3458 [============================>.] - ETA: 1s - loss: 0.8583 - acc: 0.6746
3456/3458 [============================>.] - ETA: 0s - loss: 0.8613 - acc: 0.6742
3458/3458 [==============================] - 169s 49ms/sample - loss: 0.8612 - acc: 0.6741

 32/865 [>.............................] - ETA: 7s - loss: 1.2392 - acc: 0.4688
 64/865 [=>............................] - ETA: 6s - loss: 1.0178 - acc: 0.5781
 96/865 [==>...........................] - ETA: 6s - loss: 1.0277 - acc: 0.5938
128/865 [===>..........................] - ETA: 6s - loss: 1.0213 - acc: 0.5938
160/865 [====>.........................] - ETA: 6s - loss: 0.9980 - acc: 0.6187
192/865 [=====>........................] - ETA: 5s - loss: 0.9918 - acc: 0.6146
224/865 [======>.......................] - ETA: 5s - loss: 0.9940 - acc: 0.6205
256/865 [=======>......................] - ETA: 5s - loss: 0.9877 - acc: 0.6094
288/865 [========>.....................] - ETA: 5s - loss: 0.9857 - acc: 0.6042
320/865 [==========>...................] - ETA: 4s - loss: 0.9969 - acc: 0.6156
352/865 [===========>..................] - ETA: 4s - loss: 0.9987 - acc: 0.6136
384/865 [============>.................] - ETA: 4s - loss: 0.9986 - acc: 0.6068
416/865 [=============>................] - ETA: 3s - loss: 0.9993 - acc: 0.6082
448/865 [==============>...............] - ETA: 3s - loss: 1.0062 - acc: 0.6071
480/865 [===============>..............] - ETA: 3s - loss: 1.0251 - acc: 0.6000
512/865 [================>.............] - ETA: 3s - loss: 1.0157 - acc: 0.6055
544/865 [=================>............] - ETA: 2s - loss: 1.0214 - acc: 0.6029
576/865 [==================>...........] - ETA: 2s - loss: 1.0367 - acc: 0.5990
608/865 [====================>.........] - ETA: 2s - loss: 1.0237 - acc: 0.6069
640/865 [=====================>........] - ETA: 1s - loss: 1.0201 - acc: 0.6094
672/865 [======================>.......] - ETA: 1s - loss: 1.0025 - acc: 0.6146
704/865 [=======================>......] - ETA: 1s - loss: 0.9986 - acc: 0.6165
736/865 [========================>.....] - ETA: 1s - loss: 1.0022 - acc: 0.6168
768/865 [=========================>....] - ETA: 0s - loss: 1.0069 - acc: 0.6172
800/865 [==========================>...] - ETA: 0s - loss: 0.9914 - acc: 0.6237
832/865 [===========================>..] - ETA: 0s - loss: 0.9909 - acc: 0.6250
864/865 [============================>.] - ETA: 0s - loss: 0.9789 - acc: 0.6319
865/865 [==============================] - 8s 9ms/sample - loss: 0.9790 - acc: 0.6312
