For number of cells in Conv2D=128
For Dropout_1=0.8 Dropout_2=0.2
For number of cells in Dense=128
daisy loaded
dandelion loaded
rose loaded
sunflower loaded
tulip loaded

  32/3458 [..............................] - ETA: 2:17 - loss: 1.6590 - acc: 0.2188
  64/3458 [..............................] - ETA: 2:09 - loss: 2.0011 - acc: 0.2188
  96/3458 [..............................] - ETA: 2:06 - loss: 2.5955 - acc: 0.2500
 128/3458 [>.............................] - ETA: 2:04 - loss: 2.6460 - acc: 0.2500
 160/3458 [>.............................] - ETA: 2:02 - loss: 2.5009 - acc: 0.2500
 192/3458 [>.............................] - ETA: 2:01 - loss: 2.3530 - acc: 0.2604
 224/3458 [>.............................] - ETA: 1:59 - loss: 2.2435 - acc: 0.2723
 256/3458 [=>............................] - ETA: 1:58 - loss: 2.1565 - acc: 0.2695
 288/3458 [=>............................] - ETA: 1:56 - loss: 2.0975 - acc: 0.2674
 320/3458 [=>............................] - ETA: 1:55 - loss: 2.0443 - acc: 0.2594
 352/3458 [==>...........................] - ETA: 1:54 - loss: 1.9965 - acc: 0.2642
 384/3458 [==>...........................] - ETA: 1:52 - loss: 1.9573 - acc: 0.2604
 416/3458 [==>...........................] - ETA: 1:51 - loss: 1.9276 - acc: 0.2476
 448/3458 [==>...........................] - ETA: 1:50 - loss: 1.9024 - acc: 0.2455
 480/3458 [===>..........................] - ETA: 1:49 - loss: 1.8736 - acc: 0.2458
 512/3458 [===>..........................] - ETA: 1:48 - loss: 1.8484 - acc: 0.2559
 544/3458 [===>..........................] - ETA: 1:47 - loss: 1.8222 - acc: 0.2629
 576/3458 [===>..........................] - ETA: 1:45 - loss: 1.7988 - acc: 0.2743
 608/3458 [====>.........................] - ETA: 1:44 - loss: 1.7798 - acc: 0.2747
 640/3458 [====>.........................] - ETA: 1:43 - loss: 1.7644 - acc: 0.2719
 672/3458 [====>.........................] - ETA: 1:42 - loss: 1.7481 - acc: 0.2753
 704/3458 [=====>........................] - ETA: 1:41 - loss: 1.7370 - acc: 0.2741
 736/3458 [=====>........................] - ETA: 1:40 - loss: 1.7224 - acc: 0.2772
 768/3458 [=====>........................] - ETA: 1:38 - loss: 1.7160 - acc: 0.2760
 800/3458 [=====>........................] - ETA: 1:37 - loss: 1.7044 - acc: 0.2775
 832/3458 [======>.......................] - ETA: 1:36 - loss: 1.6971 - acc: 0.2788
 864/3458 [======>.......................] - ETA: 1:35 - loss: 1.6888 - acc: 0.2789
 896/3458 [======>.......................] - ETA: 1:34 - loss: 1.6820 - acc: 0.2824
 928/3458 [=======>......................] - ETA: 1:32 - loss: 1.6765 - acc: 0.2877
 960/3458 [=======>......................] - ETA: 1:31 - loss: 1.6656 - acc: 0.2948
 992/3458 [=======>......................] - ETA: 1:30 - loss: 1.6579 - acc: 0.3004
1024/3458 [=======>......................] - ETA: 1:29 - loss: 1.6516 - acc: 0.3027
1056/3458 [========>.....................] - ETA: 1:28 - loss: 1.6412 - acc: 0.3068
1088/3458 [========>.....................] - ETA: 1:27 - loss: 1.6324 - acc: 0.3097
1120/3458 [========>.....................] - ETA: 1:25 - loss: 1.6261 - acc: 0.3107
1152/3458 [========>.....................] - ETA: 1:24 - loss: 1.6234 - acc: 0.3125
1184/3458 [=========>....................] - ETA: 1:23 - loss: 1.6162 - acc: 0.3133
1216/3458 [=========>....................] - ETA: 1:22 - loss: 1.6090 - acc: 0.3158
1248/3458 [=========>....................] - ETA: 1:21 - loss: 1.6040 - acc: 0.3173
1280/3458 [==========>...................] - ETA: 1:19 - loss: 1.5992 - acc: 0.3172
1312/3458 [==========>...................] - ETA: 1:18 - loss: 1.6022 - acc: 0.3178
1344/3458 [==========>...................] - ETA: 1:17 - loss: 1.5984 - acc: 0.3170
1376/3458 [==========>...................] - ETA: 1:16 - loss: 1.5970 - acc: 0.3140
1408/3458 [===========>..................] - ETA: 1:15 - loss: 1.5915 - acc: 0.3125
1440/3458 [===========>..................] - ETA: 1:14 - loss: 1.5888 - acc: 0.3125
1472/3458 [===========>..................] - ETA: 1:12 - loss: 1.5855 - acc: 0.3145
1504/3458 [============>.................] - ETA: 1:11 - loss: 1.5830 - acc: 0.3185
1536/3458 [============>.................] - ETA: 1:10 - loss: 1.5805 - acc: 0.3210
1568/3458 [============>.................] - ETA: 1:09 - loss: 1.5783 - acc: 0.3195
1600/3458 [============>.................] - ETA: 1:08 - loss: 1.5745 - acc: 0.3212
1632/3458 [=============>................] - ETA: 1:06 - loss: 1.5729 - acc: 0.3192
1664/3458 [=============>................] - ETA: 1:05 - loss: 1.5669 - acc: 0.3251
1696/3458 [=============>................] - ETA: 1:04 - loss: 1.5629 - acc: 0.3261
1728/3458 [=============>................] - ETA: 1:03 - loss: 1.5593 - acc: 0.3275
1760/3458 [==============>...............] - ETA: 1:02 - loss: 1.5556 - acc: 0.3301
1792/3458 [==============>...............] - ETA: 1:01 - loss: 1.5496 - acc: 0.3359
1824/3458 [==============>...............] - ETA: 59s - loss: 1.5505 - acc: 0.3366 
1856/3458 [===============>..............] - ETA: 58s - loss: 1.5501 - acc: 0.3367
1888/3458 [===============>..............] - ETA: 57s - loss: 1.5453 - acc: 0.3390
1920/3458 [===============>..............] - ETA: 56s - loss: 1.5435 - acc: 0.3385
1952/3458 [===============>..............] - ETA: 55s - loss: 1.5390 - acc: 0.3427
1984/3458 [================>.............] - ETA: 54s - loss: 1.5339 - acc: 0.3448
2016/3458 [================>.............] - ETA: 52s - loss: 1.5308 - acc: 0.3442
2048/3458 [================>.............] - ETA: 51s - loss: 1.5269 - acc: 0.3452
2080/3458 [=================>............] - ETA: 50s - loss: 1.5236 - acc: 0.3457
2112/3458 [=================>............] - ETA: 49s - loss: 1.5214 - acc: 0.3466
2144/3458 [=================>............] - ETA: 48s - loss: 1.5203 - acc: 0.3465
2176/3458 [=================>............] - ETA: 46s - loss: 1.5209 - acc: 0.3451
2208/3458 [==================>...........] - ETA: 45s - loss: 1.5186 - acc: 0.3451
2240/3458 [==================>...........] - ETA: 44s - loss: 1.5160 - acc: 0.3464
2272/3458 [==================>...........] - ETA: 43s - loss: 1.5116 - acc: 0.3477
2304/3458 [==================>...........] - ETA: 42s - loss: 1.5115 - acc: 0.3477
2336/3458 [===================>..........] - ETA: 41s - loss: 1.5063 - acc: 0.3502
2368/3458 [===================>..........] - ETA: 39s - loss: 1.5036 - acc: 0.3514
2400/3458 [===================>..........] - ETA: 38s - loss: 1.5009 - acc: 0.3542
2432/3458 [====================>.........] - ETA: 37s - loss: 1.4976 - acc: 0.3540
2464/3458 [====================>.........] - ETA: 36s - loss: 1.4953 - acc: 0.3547
2496/3458 [====================>.........] - ETA: 35s - loss: 1.4938 - acc: 0.3542
2528/3458 [====================>.........] - ETA: 34s - loss: 1.5040 - acc: 0.3548
2560/3458 [=====================>........] - ETA: 32s - loss: 1.5017 - acc: 0.3562
2592/3458 [=====================>........] - ETA: 31s - loss: 1.4995 - acc: 0.3573
2624/3458 [=====================>........] - ETA: 30s - loss: 1.4980 - acc: 0.3590
2656/3458 [======================>.......] - ETA: 29s - loss: 1.4946 - acc: 0.3599
2688/3458 [======================>.......] - ETA: 28s - loss: 1.4922 - acc: 0.3597
2720/3458 [======================>.......] - ETA: 27s - loss: 1.4906 - acc: 0.3618
2752/3458 [======================>.......] - ETA: 25s - loss: 1.4894 - acc: 0.3630
2784/3458 [=======================>......] - ETA: 24s - loss: 1.4876 - acc: 0.3631
2816/3458 [=======================>......] - ETA: 23s - loss: 1.4860 - acc: 0.3640
2848/3458 [=======================>......] - ETA: 22s - loss: 1.4847 - acc: 0.3641
2880/3458 [=======================>......] - ETA: 21s - loss: 1.4819 - acc: 0.3642
2912/3458 [========================>.....] - ETA: 19s - loss: 1.4810 - acc: 0.3633
2944/3458 [========================>.....] - ETA: 18s - loss: 1.4800 - acc: 0.3631
2976/3458 [========================>.....] - ETA: 17s - loss: 1.4803 - acc: 0.3629
3008/3458 [=========================>....] - ETA: 16s - loss: 1.4768 - acc: 0.3650
3040/3458 [=========================>....] - ETA: 15s - loss: 1.4754 - acc: 0.3668
3072/3458 [=========================>....] - ETA: 14s - loss: 1.4719 - acc: 0.3691
3104/3458 [=========================>....] - ETA: 12s - loss: 1.4685 - acc: 0.3715
3136/3458 [==========================>...] - ETA: 11s - loss: 1.4691 - acc: 0.3728
3168/3458 [==========================>...] - ETA: 10s - loss: 1.4687 - acc: 0.3731
3200/3458 [==========================>...] - ETA: 9s - loss: 1.4694 - acc: 0.3725 
3232/3458 [===========================>..] - ETA: 8s - loss: 1.4672 - acc: 0.3738
3264/3458 [===========================>..] - ETA: 7s - loss: 1.4653 - acc: 0.3753
3296/3458 [===========================>..] - ETA: 5s - loss: 1.4622 - acc: 0.3768
3328/3458 [===========================>..] - ETA: 4s - loss: 1.4607 - acc: 0.3768
3360/3458 [============================>.] - ETA: 3s - loss: 1.4610 - acc: 0.3771
3392/3458 [============================>.] - ETA: 2s - loss: 1.4593 - acc: 0.3782
3424/3458 [============================>.] - ETA: 1s - loss: 1.4582 - acc: 0.3800
3456/3458 [============================>.] - ETA: 0s - loss: 1.4548 - acc: 0.3831
3458/3458 [==============================] - 127s 37ms/sample - loss: 1.4542 - acc: 0.3835

 32/865 [>.............................] - ETA: 7s - loss: 1.2600 - acc: 0.4688
 64/865 [=>............................] - ETA: 6s - loss: 1.2474 - acc: 0.5312
 96/865 [==>...........................] - ETA: 6s - loss: 1.3010 - acc: 0.4792
128/865 [===>..........................] - ETA: 5s - loss: 1.2724 - acc: 0.5078
160/865 [====>.........................] - ETA: 5s - loss: 1.2666 - acc: 0.5250
192/865 [=====>........................] - ETA: 5s - loss: 1.2929 - acc: 0.5156
224/865 [======>.......................] - ETA: 5s - loss: 1.2834 - acc: 0.5223
256/865 [=======>......................] - ETA: 4s - loss: 1.2694 - acc: 0.5273
288/865 [========>.....................] - ETA: 4s - loss: 1.2584 - acc: 0.5208
320/865 [==========>...................] - ETA: 4s - loss: 1.2601 - acc: 0.5125
352/865 [===========>..................] - ETA: 4s - loss: 1.2422 - acc: 0.5085
384/865 [============>.................] - ETA: 3s - loss: 1.2370 - acc: 0.5130
416/865 [=============>................] - ETA: 3s - loss: 1.2537 - acc: 0.5168
448/865 [==============>...............] - ETA: 3s - loss: 1.2487 - acc: 0.5134
480/865 [===============>..............] - ETA: 3s - loss: 1.2388 - acc: 0.5229
512/865 [================>.............] - ETA: 2s - loss: 1.2478 - acc: 0.5234
544/865 [=================>............] - ETA: 2s - loss: 1.2574 - acc: 0.5202
576/865 [==================>...........] - ETA: 2s - loss: 1.2415 - acc: 0.5260
608/865 [====================>.........] - ETA: 2s - loss: 1.2393 - acc: 0.5280
640/865 [=====================>........] - ETA: 1s - loss: 1.2280 - acc: 0.5281
672/865 [======================>.......] - ETA: 1s - loss: 1.2209 - acc: 0.5283
704/865 [=======================>......] - ETA: 1s - loss: 1.2290 - acc: 0.5312
736/865 [========================>.....] - ETA: 1s - loss: 1.2327 - acc: 0.5340
768/865 [=========================>....] - ETA: 0s - loss: 1.2291 - acc: 0.5326
800/865 [==========================>...] - ETA: 0s - loss: 1.2370 - acc: 0.5263
832/865 [===========================>..] - ETA: 0s - loss: 1.2444 - acc: 0.5276
864/865 [============================>.] - ETA: 0s - loss: 1.2538 - acc: 0.5220
865/865 [==============================] - 7s 8ms/sample - loss: 1.2537 - acc: 0.5225

  32/3458 [..............................] - ETA: 2:03 - loss: 1.0278 - acc: 0.7188
  64/3458 [..............................] - ETA: 2:05 - loss: 1.1756 - acc: 0.6250
  96/3458 [..............................] - ETA: 2:04 - loss: 1.2256 - acc: 0.6042
 128/3458 [>.............................] - ETA: 2:02 - loss: 1.2459 - acc: 0.5859
 160/3458 [>.............................] - ETA: 2:01 - loss: 1.2128 - acc: 0.5938
 192/3458 [>.............................] - ETA: 2:00 - loss: 1.2320 - acc: 0.5938
 224/3458 [>.............................] - ETA: 1:58 - loss: 1.2173 - acc: 0.5714
 256/3458 [=>............................] - ETA: 1:57 - loss: 1.1904 - acc: 0.5820
 288/3458 [=>............................] - ETA: 1:56 - loss: 1.2375 - acc: 0.5590
 320/3458 [=>............................] - ETA: 1:54 - loss: 1.2390 - acc: 0.5594
 352/3458 [==>...........................] - ETA: 1:54 - loss: 1.2309 - acc: 0.5597
 384/3458 [==>...........................] - ETA: 1:52 - loss: 1.2259 - acc: 0.5547
 416/3458 [==>...........................] - ETA: 1:51 - loss: 1.2190 - acc: 0.5577
 448/3458 [==>...........................] - ETA: 1:50 - loss: 1.2117 - acc: 0.5603
 480/3458 [===>..........................] - ETA: 1:48 - loss: 1.2167 - acc: 0.5500
 512/3458 [===>..........................] - ETA: 1:47 - loss: 1.2146 - acc: 0.5469
 544/3458 [===>..........................] - ETA: 1:46 - loss: 1.1960 - acc: 0.5570
 576/3458 [===>..........................] - ETA: 1:45 - loss: 1.1876 - acc: 0.5538
 608/3458 [====>.........................] - ETA: 1:44 - loss: 1.1808 - acc: 0.5526
 640/3458 [====>.........................] - ETA: 1:42 - loss: 1.1903 - acc: 0.5547
 672/3458 [====>.........................] - ETA: 1:41 - loss: 1.1859 - acc: 0.5521
 704/3458 [=====>........................] - ETA: 1:40 - loss: 1.1824 - acc: 0.5511
 736/3458 [=====>........................] - ETA: 1:39 - loss: 1.1898 - acc: 0.5489
 768/3458 [=====>........................] - ETA: 1:38 - loss: 1.1939 - acc: 0.5508
 800/3458 [=====>........................] - ETA: 1:37 - loss: 1.2036 - acc: 0.5412
 832/3458 [======>.......................] - ETA: 1:36 - loss: 1.1951 - acc: 0.5421
 864/3458 [======>.......................] - ETA: 1:34 - loss: 1.1952 - acc: 0.5394
 896/3458 [======>.......................] - ETA: 1:33 - loss: 1.1968 - acc: 0.5424
 928/3458 [=======>......................] - ETA: 1:32 - loss: 1.1943 - acc: 0.5453
 960/3458 [=======>......................] - ETA: 1:31 - loss: 1.1899 - acc: 0.5510
 992/3458 [=======>......................] - ETA: 1:30 - loss: 1.1821 - acc: 0.5534
1024/3458 [=======>......................] - ETA: 1:28 - loss: 1.1846 - acc: 0.5527
1056/3458 [========>.....................] - ETA: 1:27 - loss: 1.1887 - acc: 0.5473
1088/3458 [========>.....................] - ETA: 1:26 - loss: 1.1980 - acc: 0.5450
1120/3458 [========>.....................] - ETA: 1:25 - loss: 1.1987 - acc: 0.5446
1152/3458 [========>.....................] - ETA: 1:24 - loss: 1.1898 - acc: 0.5503
1184/3458 [=========>....................] - ETA: 1:23 - loss: 1.1895 - acc: 0.5490
1216/3458 [=========>....................] - ETA: 1:21 - loss: 1.1917 - acc: 0.5502
1248/3458 [=========>....................] - ETA: 1:20 - loss: 1.1945 - acc: 0.5473
1280/3458 [==========>...................] - ETA: 1:19 - loss: 1.1991 - acc: 0.5430
1312/3458 [==========>...................] - ETA: 1:18 - loss: 1.2039 - acc: 0.5419
1344/3458 [==========>...................] - ETA: 1:17 - loss: 1.2054 - acc: 0.5402
1376/3458 [==========>...................] - ETA: 1:16 - loss: 1.2028 - acc: 0.5407
1408/3458 [===========>..................] - ETA: 1:14 - loss: 1.1982 - acc: 0.5440
1440/3458 [===========>..................] - ETA: 1:13 - loss: 1.1973 - acc: 0.5444
1472/3458 [===========>..................] - ETA: 1:12 - loss: 1.1946 - acc: 0.5448
1504/3458 [============>.................] - ETA: 1:11 - loss: 1.1970 - acc: 0.5439
1536/3458 [============>.................] - ETA: 1:10 - loss: 1.1980 - acc: 0.5423
1568/3458 [============>.................] - ETA: 1:09 - loss: 1.1966 - acc: 0.5440
1600/3458 [============>.................] - ETA: 1:07 - loss: 1.1997 - acc: 0.5394
1632/3458 [=============>................] - ETA: 1:06 - loss: 1.2003 - acc: 0.5380
1664/3458 [=============>................] - ETA: 1:05 - loss: 1.2010 - acc: 0.5403
1696/3458 [=============>................] - ETA: 1:04 - loss: 1.1977 - acc: 0.5401
1728/3458 [=============>................] - ETA: 1:03 - loss: 1.1943 - acc: 0.5417
1760/3458 [==============>...............] - ETA: 1:02 - loss: 1.1937 - acc: 0.5432
1792/3458 [==============>...............] - ETA: 1:00 - loss: 1.1917 - acc: 0.5441
1824/3458 [==============>...............] - ETA: 59s - loss: 1.1906 - acc: 0.5450 
1856/3458 [===============>..............] - ETA: 58s - loss: 1.1881 - acc: 0.5458
1888/3458 [===============>..............] - ETA: 57s - loss: 1.1868 - acc: 0.5471
1920/3458 [===============>..............] - ETA: 56s - loss: 1.1863 - acc: 0.5474
1952/3458 [===============>..............] - ETA: 55s - loss: 1.1917 - acc: 0.5441
1984/3458 [================>.............] - ETA: 53s - loss: 1.1941 - acc: 0.5413
2016/3458 [================>.............] - ETA: 52s - loss: 1.1901 - acc: 0.5432
2048/3458 [================>.............] - ETA: 51s - loss: 1.1860 - acc: 0.5454
2080/3458 [=================>............] - ETA: 50s - loss: 1.1837 - acc: 0.5452
2112/3458 [=================>............] - ETA: 49s - loss: 1.1875 - acc: 0.5421
2144/3458 [=================>............] - ETA: 48s - loss: 1.1892 - acc: 0.5420
2176/3458 [=================>............] - ETA: 46s - loss: 1.1858 - acc: 0.5432
2208/3458 [==================>...........] - ETA: 45s - loss: 1.1825 - acc: 0.5453
2240/3458 [==================>...........] - ETA: 44s - loss: 1.1797 - acc: 0.5460
2272/3458 [==================>...........] - ETA: 43s - loss: 1.1768 - acc: 0.5467
2304/3458 [==================>...........] - ETA: 42s - loss: 1.1818 - acc: 0.5438
2336/3458 [===================>..........] - ETA: 41s - loss: 1.1804 - acc: 0.5454
2368/3458 [===================>..........] - ETA: 39s - loss: 1.1797 - acc: 0.5435
2400/3458 [===================>..........] - ETA: 38s - loss: 1.1780 - acc: 0.5450
2432/3458 [====================>.........] - ETA: 37s - loss: 1.1750 - acc: 0.5461
2464/3458 [====================>.........] - ETA: 36s - loss: 1.1731 - acc: 0.5463
2496/3458 [====================>.........] - ETA: 35s - loss: 1.1710 - acc: 0.5465
2528/3458 [====================>.........] - ETA: 34s - loss: 1.1695 - acc: 0.5471
2560/3458 [=====================>........] - ETA: 32s - loss: 1.1686 - acc: 0.5473
2592/3458 [=====================>........] - ETA: 31s - loss: 1.1693 - acc: 0.5467
2624/3458 [=====================>........] - ETA: 30s - loss: 1.1680 - acc: 0.5465
2656/3458 [======================>.......] - ETA: 29s - loss: 1.1691 - acc: 0.5459
2688/3458 [======================>.......] - ETA: 28s - loss: 1.1688 - acc: 0.5458
2720/3458 [======================>.......] - ETA: 26s - loss: 1.1660 - acc: 0.5467
2752/3458 [======================>.......] - ETA: 25s - loss: 1.1673 - acc: 0.5465
2784/3458 [=======================>......] - ETA: 24s - loss: 1.1652 - acc: 0.5474
2816/3458 [=======================>......] - ETA: 23s - loss: 1.1641 - acc: 0.5476
2848/3458 [=======================>......] - ETA: 22s - loss: 1.1656 - acc: 0.5481
2880/3458 [=======================>......] - ETA: 21s - loss: 1.1655 - acc: 0.5479
2912/3458 [========================>.....] - ETA: 19s - loss: 1.1623 - acc: 0.5491
2944/3458 [========================>.....] - ETA: 18s - loss: 1.1609 - acc: 0.5486
2976/3458 [========================>.....] - ETA: 17s - loss: 1.1588 - acc: 0.5484
3008/3458 [=========================>....] - ETA: 16s - loss: 1.1599 - acc: 0.5475
3040/3458 [=========================>....] - ETA: 15s - loss: 1.1594 - acc: 0.5480
3072/3458 [=========================>....] - ETA: 14s - loss: 1.1585 - acc: 0.5488
3104/3458 [=========================>....] - ETA: 12s - loss: 1.1576 - acc: 0.5486
3136/3458 [==========================>...] - ETA: 11s - loss: 1.1586 - acc: 0.5497
3168/3458 [==========================>...] - ETA: 10s - loss: 1.1594 - acc: 0.5477
3200/3458 [==========================>...] - ETA: 9s - loss: 1.1584 - acc: 0.5475 
3232/3458 [===========================>..] - ETA: 8s - loss: 1.1570 - acc: 0.5480
3264/3458 [===========================>..] - ETA: 7s - loss: 1.1580 - acc: 0.5463
3296/3458 [===========================>..] - ETA: 5s - loss: 1.1611 - acc: 0.5464
3328/3458 [===========================>..] - ETA: 4s - loss: 1.1602 - acc: 0.5466
3360/3458 [============================>.] - ETA: 3s - loss: 1.1584 - acc: 0.5479
3392/3458 [============================>.] - ETA: 2s - loss: 1.1595 - acc: 0.5472
3424/3458 [============================>.] - ETA: 1s - loss: 1.1602 - acc: 0.5461
3456/3458 [============================>.] - ETA: 0s - loss: 1.1597 - acc: 0.5466
3458/3458 [==============================] - 127s 37ms/sample - loss: 1.1597 - acc: 0.5463

 32/865 [>.............................] - ETA: 6s - loss: 1.1170 - acc: 0.5312
 64/865 [=>............................] - ETA: 6s - loss: 1.0720 - acc: 0.5781
 96/865 [==>...........................] - ETA: 6s - loss: 1.1424 - acc: 0.5208
128/865 [===>..........................] - ETA: 5s - loss: 1.1026 - acc: 0.5625
160/865 [====>.........................] - ETA: 5s - loss: 1.1109 - acc: 0.5750
192/865 [=====>........................] - ETA: 5s - loss: 1.1124 - acc: 0.5677
224/865 [======>.......................] - ETA: 5s - loss: 1.1144 - acc: 0.5625
256/865 [=======>......................] - ETA: 4s - loss: 1.1181 - acc: 0.5703
288/865 [========>.....................] - ETA: 4s - loss: 1.1140 - acc: 0.5660
320/865 [==========>...................] - ETA: 4s - loss: 1.1176 - acc: 0.5531
352/865 [===========>..................] - ETA: 4s - loss: 1.1019 - acc: 0.5540
384/865 [============>.................] - ETA: 3s - loss: 1.1004 - acc: 0.5677
416/865 [=============>................] - ETA: 3s - loss: 1.1149 - acc: 0.5745
448/865 [==============>...............] - ETA: 3s - loss: 1.1140 - acc: 0.5737
480/865 [===============>..............] - ETA: 3s - loss: 1.1076 - acc: 0.5813
512/865 [================>.............] - ETA: 2s - loss: 1.1189 - acc: 0.5742
544/865 [=================>............] - ETA: 2s - loss: 1.1224 - acc: 0.5662
576/865 [==================>...........] - ETA: 2s - loss: 1.1138 - acc: 0.5712
608/865 [====================>.........] - ETA: 2s - loss: 1.1084 - acc: 0.5757
640/865 [=====================>........] - ETA: 1s - loss: 1.0984 - acc: 0.5734
672/865 [======================>.......] - ETA: 1s - loss: 1.0937 - acc: 0.5744
704/865 [=======================>......] - ETA: 1s - loss: 1.1039 - acc: 0.5767
736/865 [========================>.....] - ETA: 1s - loss: 1.1039 - acc: 0.5802
768/865 [=========================>....] - ETA: 0s - loss: 1.1017 - acc: 0.5755
800/865 [==========================>...] - ETA: 0s - loss: 1.1112 - acc: 0.5675
832/865 [===========================>..] - ETA: 0s - loss: 1.1173 - acc: 0.5685
864/865 [============================>.] - ETA: 0s - loss: 1.1198 - acc: 0.5648
865/865 [==============================] - 7s 8ms/sample - loss: 1.1193 - acc: 0.5653

  32/3458 [..............................] - ETA: 2:04 - loss: 0.9662 - acc: 0.5938
  64/3458 [..............................] - ETA: 2:02 - loss: 1.1312 - acc: 0.5625
  96/3458 [..............................] - ETA: 2:01 - loss: 1.1586 - acc: 0.5208
 128/3458 [>.............................] - ETA: 2:00 - loss: 1.1716 - acc: 0.5156
 160/3458 [>.............................] - ETA: 1:59 - loss: 1.1587 - acc: 0.5500
 192/3458 [>.............................] - ETA: 1:58 - loss: 1.1346 - acc: 0.5781
 224/3458 [>.............................] - ETA: 1:57 - loss: 1.0949 - acc: 0.5804
 256/3458 [=>............................] - ETA: 1:56 - loss: 1.0871 - acc: 0.5742
 288/3458 [=>............................] - ETA: 1:55 - loss: 1.0757 - acc: 0.5729
 320/3458 [=>............................] - ETA: 1:54 - loss: 1.0363 - acc: 0.5813
 352/3458 [==>...........................] - ETA: 1:53 - loss: 1.0707 - acc: 0.5625
 384/3458 [==>...........................] - ETA: 1:52 - loss: 1.0694 - acc: 0.5573
 416/3458 [==>...........................] - ETA: 1:51 - loss: 1.0451 - acc: 0.5721
 448/3458 [==>...........................] - ETA: 1:50 - loss: 1.0387 - acc: 0.5804
 480/3458 [===>..........................] - ETA: 1:48 - loss: 1.0293 - acc: 0.5896
 512/3458 [===>..........................] - ETA: 1:47 - loss: 1.0303 - acc: 0.5859
 544/3458 [===>..........................] - ETA: 1:46 - loss: 1.0246 - acc: 0.5882
 576/3458 [===>..........................] - ETA: 1:45 - loss: 1.0246 - acc: 0.5868
 608/3458 [====>.........................] - ETA: 1:44 - loss: 1.0308 - acc: 0.5822
 640/3458 [====>.........................] - ETA: 1:42 - loss: 1.0491 - acc: 0.5781
 672/3458 [====>.........................] - ETA: 1:41 - loss: 1.0478 - acc: 0.5804
 704/3458 [=====>........................] - ETA: 1:40 - loss: 1.0431 - acc: 0.5866
 736/3458 [=====>........................] - ETA: 1:39 - loss: 1.0383 - acc: 0.5910
 768/3458 [=====>........................] - ETA: 1:38 - loss: 1.0398 - acc: 0.5885
 800/3458 [=====>........................] - ETA: 1:36 - loss: 1.0287 - acc: 0.5938
 832/3458 [======>.......................] - ETA: 1:35 - loss: 1.0272 - acc: 0.5962
 864/3458 [======>.......................] - ETA: 1:34 - loss: 1.0206 - acc: 0.6007
 896/3458 [======>.......................] - ETA: 1:33 - loss: 1.0248 - acc: 0.5982
 928/3458 [=======>......................] - ETA: 1:32 - loss: 1.0201 - acc: 0.6013
 960/3458 [=======>......................] - ETA: 1:31 - loss: 1.0223 - acc: 0.6000
 992/3458 [=======>......................] - ETA: 1:30 - loss: 1.0160 - acc: 0.6048
1024/3458 [=======>......................] - ETA: 1:28 - loss: 1.0092 - acc: 0.6055
1056/3458 [========>.....................] - ETA: 1:27 - loss: 1.0169 - acc: 0.6108
1088/3458 [========>.....................] - ETA: 1:26 - loss: 1.0135 - acc: 0.6112
1120/3458 [========>.....................] - ETA: 1:25 - loss: 1.0138 - acc: 0.6134
1152/3458 [========>.....................] - ETA: 1:24 - loss: 1.0152 - acc: 0.6111
1184/3458 [=========>....................] - ETA: 1:23 - loss: 1.0067 - acc: 0.6140
1216/3458 [=========>....................] - ETA: 1:22 - loss: 1.0044 - acc: 0.6143
1248/3458 [=========>....................] - ETA: 1:20 - loss: 0.9996 - acc: 0.6154
1280/3458 [==========>...................] - ETA: 1:19 - loss: 1.0111 - acc: 0.6109
1312/3458 [==========>...................] - ETA: 1:18 - loss: 1.0098 - acc: 0.6105
1344/3458 [==========>...................] - ETA: 1:17 - loss: 1.0085 - acc: 0.6116
1376/3458 [==========>...................] - ETA: 1:16 - loss: 1.0112 - acc: 0.6141
1408/3458 [===========>..................] - ETA: 1:15 - loss: 1.0106 - acc: 0.6158
1440/3458 [===========>..................] - ETA: 1:13 - loss: 1.0074 - acc: 0.6181
1472/3458 [===========>..................] - ETA: 1:12 - loss: 1.0090 - acc: 0.6162
1504/3458 [============>.................] - ETA: 1:11 - loss: 1.0098 - acc: 0.6150
1536/3458 [============>.................] - ETA: 1:10 - loss: 1.0110 - acc: 0.6133
1568/3458 [============>.................] - ETA: 1:09 - loss: 1.0104 - acc: 0.6103
1600/3458 [============>.................] - ETA: 1:08 - loss: 1.0149 - acc: 0.6075
1632/3458 [=============>................] - ETA: 1:06 - loss: 1.0160 - acc: 0.6078
1664/3458 [=============>................] - ETA: 1:05 - loss: 1.0184 - acc: 0.6070
1696/3458 [=============>................] - ETA: 1:04 - loss: 1.0197 - acc: 0.6061
1728/3458 [=============>................] - ETA: 1:03 - loss: 1.0224 - acc: 0.6042
1760/3458 [==============>...............] - ETA: 1:02 - loss: 1.0243 - acc: 0.6040
1792/3458 [==============>...............] - ETA: 1:01 - loss: 1.0242 - acc: 0.6021
1824/3458 [==============>...............] - ETA: 59s - loss: 1.0244 - acc: 0.6025 
1856/3458 [===============>..............] - ETA: 58s - loss: 1.0270 - acc: 0.6018
1888/3458 [===============>..............] - ETA: 57s - loss: 1.0238 - acc: 0.6038
1920/3458 [===============>..............] - ETA: 56s - loss: 1.0256 - acc: 0.6026
1952/3458 [===============>..............] - ETA: 55s - loss: 1.0275 - acc: 0.5999
1984/3458 [================>.............] - ETA: 53s - loss: 1.0253 - acc: 0.6013
2016/3458 [================>.............] - ETA: 52s - loss: 1.0259 - acc: 0.6017
2048/3458 [================>.............] - ETA: 51s - loss: 1.0307 - acc: 0.5986
2080/3458 [=================>............] - ETA: 50s - loss: 1.0363 - acc: 0.5976
2112/3458 [=================>............] - ETA: 49s - loss: 1.0343 - acc: 0.5990
2144/3458 [=================>............] - ETA: 48s - loss: 1.0328 - acc: 0.5989
2176/3458 [=================>............] - ETA: 46s - loss: 1.0313 - acc: 0.5993
2208/3458 [==================>...........] - ETA: 45s - loss: 1.0321 - acc: 0.5992
2240/3458 [==================>...........] - ETA: 44s - loss: 1.0346 - acc: 0.5982
2272/3458 [==================>...........] - ETA: 43s - loss: 1.0324 - acc: 0.5990
2304/3458 [==================>...........] - ETA: 42s - loss: 1.0294 - acc: 0.5998
2336/3458 [===================>..........] - ETA: 41s - loss: 1.0284 - acc: 0.5985
2368/3458 [===================>..........] - ETA: 39s - loss: 1.0282 - acc: 0.5984
2400/3458 [===================>..........] - ETA: 38s - loss: 1.0311 - acc: 0.5962
2432/3458 [====================>.........] - ETA: 37s - loss: 1.0328 - acc: 0.5946
2464/3458 [====================>.........] - ETA: 36s - loss: 1.0310 - acc: 0.5950
2496/3458 [====================>.........] - ETA: 35s - loss: 1.0322 - acc: 0.5946
2528/3458 [====================>.........] - ETA: 34s - loss: 1.0300 - acc: 0.5949
2560/3458 [=====================>........] - ETA: 32s - loss: 1.0296 - acc: 0.5953
2592/3458 [=====================>........] - ETA: 31s - loss: 1.0291 - acc: 0.5965
2624/3458 [=====================>........] - ETA: 30s - loss: 1.0259 - acc: 0.5983
2656/3458 [======================>.......] - ETA: 29s - loss: 1.0252 - acc: 0.5990
2688/3458 [======================>.......] - ETA: 28s - loss: 1.0222 - acc: 0.6008
2720/3458 [======================>.......] - ETA: 27s - loss: 1.0229 - acc: 0.6000
2752/3458 [======================>.......] - ETA: 25s - loss: 1.0204 - acc: 0.6003
2784/3458 [=======================>......] - ETA: 24s - loss: 1.0232 - acc: 0.5984
2816/3458 [=======================>......] - ETA: 23s - loss: 1.0200 - acc: 0.5998
2848/3458 [=======================>......] - ETA: 22s - loss: 1.0225 - acc: 0.5987
2880/3458 [=======================>......] - ETA: 21s - loss: 1.0251 - acc: 0.5983
2912/3458 [========================>.....] - ETA: 20s - loss: 1.0217 - acc: 0.5996
2944/3458 [========================>.....] - ETA: 18s - loss: 1.0211 - acc: 0.5992
2976/3458 [========================>.....] - ETA: 17s - loss: 1.0215 - acc: 0.5995
3008/3458 [=========================>....] - ETA: 16s - loss: 1.0203 - acc: 0.5997
3040/3458 [=========================>....] - ETA: 15s - loss: 1.0187 - acc: 0.6010
3072/3458 [=========================>....] - ETA: 14s - loss: 1.0195 - acc: 0.6009
3104/3458 [=========================>....] - ETA: 12s - loss: 1.0170 - acc: 0.6015
3136/3458 [==========================>...] - ETA: 11s - loss: 1.0175 - acc: 0.6014
3168/3458 [==========================>...] - ETA: 10s - loss: 1.0140 - acc: 0.6039
3200/3458 [==========================>...] - ETA: 9s - loss: 1.0133 - acc: 0.6037 
3232/3458 [===========================>..] - ETA: 8s - loss: 1.0126 - acc: 0.6033
3264/3458 [===========================>..] - ETA: 7s - loss: 1.0096 - acc: 0.6054
3296/3458 [===========================>..] - ETA: 5s - loss: 1.0088 - acc: 0.6059
3328/3458 [===========================>..] - ETA: 4s - loss: 1.0065 - acc: 0.6067
3360/3458 [============================>.] - ETA: 3s - loss: 1.0069 - acc: 0.6068
3392/3458 [============================>.] - ETA: 2s - loss: 1.0057 - acc: 0.6076
3424/3458 [============================>.] - ETA: 1s - loss: 1.0049 - acc: 0.6086
3456/3458 [============================>.] - ETA: 0s - loss: 1.0049 - acc: 0.6076
3458/3458 [==============================] - 127s 37ms/sample - loss: 1.0047 - acc: 0.6076

 32/865 [>.............................] - ETA: 7s - loss: 0.9555 - acc: 0.6562
 64/865 [=>............................] - ETA: 6s - loss: 0.9331 - acc: 0.6406
 96/865 [==>...........................] - ETA: 6s - loss: 1.0270 - acc: 0.6042
128/865 [===>..........................] - ETA: 6s - loss: 0.9767 - acc: 0.6094
160/865 [====>.........................] - ETA: 5s - loss: 0.9781 - acc: 0.6187
192/865 [=====>........................] - ETA: 5s - loss: 0.9816 - acc: 0.6094
224/865 [======>.......................] - ETA: 5s - loss: 0.9753 - acc: 0.6161
256/865 [=======>......................] - ETA: 4s - loss: 1.0057 - acc: 0.6133
288/865 [========>.....................] - ETA: 4s - loss: 1.0011 - acc: 0.6215
320/865 [==========>...................] - ETA: 4s - loss: 1.0133 - acc: 0.6031
352/865 [===========>..................] - ETA: 4s - loss: 0.9993 - acc: 0.6080
384/865 [============>.................] - ETA: 3s - loss: 1.0001 - acc: 0.6146
416/865 [=============>................] - ETA: 3s - loss: 1.0080 - acc: 0.6178
448/865 [==============>...............] - ETA: 3s - loss: 1.0083 - acc: 0.6205
480/865 [===============>..............] - ETA: 3s - loss: 1.0077 - acc: 0.6208
512/865 [================>.............] - ETA: 2s - loss: 1.0202 - acc: 0.6191
544/865 [=================>............] - ETA: 2s - loss: 1.0247 - acc: 0.6140
576/865 [==================>...........] - ETA: 2s - loss: 1.0170 - acc: 0.6146
608/865 [====================>.........] - ETA: 2s - loss: 1.0186 - acc: 0.6135
640/865 [=====================>........] - ETA: 1s - loss: 1.0161 - acc: 0.6109
672/865 [======================>.......] - ETA: 1s - loss: 1.0167 - acc: 0.6042
704/865 [=======================>......] - ETA: 1s - loss: 1.0281 - acc: 0.6080
736/865 [========================>.....] - ETA: 1s - loss: 1.0274 - acc: 0.6101
768/865 [=========================>....] - ETA: 0s - loss: 1.0253 - acc: 0.6081
800/865 [==========================>...] - ETA: 0s - loss: 1.0353 - acc: 0.6062
832/865 [===========================>..] - ETA: 0s - loss: 1.0423 - acc: 0.6082
864/865 [============================>.] - ETA: 0s - loss: 1.0409 - acc: 0.6065
865/865 [==============================] - 7s 8ms/sample - loss: 1.0410 - acc: 0.6058

  32/3458 [..............................] - ETA: 2:06 - loss: 0.7146 - acc: 0.7500
  64/3458 [..............................] - ETA: 2:04 - loss: 0.7777 - acc: 0.7188
  96/3458 [..............................] - ETA: 2:02 - loss: 0.7666 - acc: 0.7396
 128/3458 [>.............................] - ETA: 2:01 - loss: 0.7453 - acc: 0.7578
 160/3458 [>.............................] - ETA: 2:00 - loss: 0.7613 - acc: 0.7688
 192/3458 [>.............................] - ETA: 1:59 - loss: 0.7650 - acc: 0.7656
 224/3458 [>.............................] - ETA: 1:58 - loss: 0.7686 - acc: 0.7545
 256/3458 [=>............................] - ETA: 1:56 - loss: 0.8046 - acc: 0.7383
 288/3458 [=>............................] - ETA: 1:55 - loss: 0.8173 - acc: 0.7326
 320/3458 [=>............................] - ETA: 1:55 - loss: 0.8227 - acc: 0.7156
 352/3458 [==>...........................] - ETA: 1:54 - loss: 0.8232 - acc: 0.7102
 384/3458 [==>...........................] - ETA: 1:53 - loss: 0.8214 - acc: 0.7135
 416/3458 [==>...........................] - ETA: 1:52 - loss: 0.8204 - acc: 0.7067
 448/3458 [==>...........................] - ETA: 1:50 - loss: 0.8255 - acc: 0.7054
 480/3458 [===>..........................] - ETA: 1:49 - loss: 0.8214 - acc: 0.7083
 512/3458 [===>..........................] - ETA: 1:48 - loss: 0.8147 - acc: 0.7148
 544/3458 [===>..........................] - ETA: 1:47 - loss: 0.8081 - acc: 0.7169
 576/3458 [===>..........................] - ETA: 1:46 - loss: 0.8021 - acc: 0.7153
 608/3458 [====>.........................] - ETA: 1:44 - loss: 0.8075 - acc: 0.7122
 640/3458 [====>.........................] - ETA: 1:43 - loss: 0.8159 - acc: 0.7047
 672/3458 [====>.........................] - ETA: 1:42 - loss: 0.8159 - acc: 0.7054
 704/3458 [=====>........................] - ETA: 1:41 - loss: 0.8141 - acc: 0.7045
 736/3458 [=====>........................] - ETA: 1:40 - loss: 0.8101 - acc: 0.7079
 768/3458 [=====>........................] - ETA: 1:38 - loss: 0.8247 - acc: 0.7005
 800/3458 [=====>........................] - ETA: 1:37 - loss: 0.8277 - acc: 0.6975
 832/3458 [======>.......................] - ETA: 1:36 - loss: 0.8292 - acc: 0.6959
 864/3458 [======>.......................] - ETA: 1:35 - loss: 0.8364 - acc: 0.6898
 896/3458 [======>.......................] - ETA: 1:34 - loss: 0.8371 - acc: 0.6886
 928/3458 [=======>......................] - ETA: 1:32 - loss: 0.8368 - acc: 0.6907
 960/3458 [=======>......................] - ETA: 1:31 - loss: 0.8494 - acc: 0.6854
 992/3458 [=======>......................] - ETA: 1:30 - loss: 0.8663 - acc: 0.6815
1024/3458 [=======>......................] - ETA: 1:29 - loss: 0.8675 - acc: 0.6797
1056/3458 [========>.....................] - ETA: 1:28 - loss: 0.8664 - acc: 0.6790
1088/3458 [========>.....................] - ETA: 1:27 - loss: 0.8667 - acc: 0.6792
1120/3458 [========>.....................] - ETA: 1:25 - loss: 0.8706 - acc: 0.6777
1152/3458 [========>.....................] - ETA: 1:24 - loss: 0.8778 - acc: 0.6771
1184/3458 [=========>....................] - ETA: 1:23 - loss: 0.8805 - acc: 0.6782
1216/3458 [=========>....................] - ETA: 1:22 - loss: 0.8817 - acc: 0.6760
1248/3458 [=========>....................] - ETA: 1:21 - loss: 0.8807 - acc: 0.6747
1280/3458 [==========>...................] - ETA: 1:20 - loss: 0.8856 - acc: 0.6719
1312/3458 [==========>...................] - ETA: 1:18 - loss: 0.8853 - acc: 0.6715
1344/3458 [==========>...................] - ETA: 1:17 - loss: 0.8812 - acc: 0.6771
1376/3458 [==========>...................] - ETA: 1:16 - loss: 0.8825 - acc: 0.6773
1408/3458 [===========>..................] - ETA: 1:15 - loss: 0.8739 - acc: 0.6804
1440/3458 [===========>..................] - ETA: 1:14 - loss: 0.8742 - acc: 0.6792
1472/3458 [===========>..................] - ETA: 1:12 - loss: 0.8732 - acc: 0.6780
1504/3458 [============>.................] - ETA: 1:11 - loss: 0.8704 - acc: 0.6789
1536/3458 [============>.................] - ETA: 1:10 - loss: 0.8683 - acc: 0.6803
1568/3458 [============>.................] - ETA: 1:09 - loss: 0.8658 - acc: 0.6805
1600/3458 [============>.................] - ETA: 1:08 - loss: 0.8662 - acc: 0.6800
1632/3458 [=============>................] - ETA: 1:07 - loss: 0.8686 - acc: 0.6789
1664/3458 [=============>................] - ETA: 1:05 - loss: 0.8657 - acc: 0.6791
1696/3458 [=============>................] - ETA: 1:04 - loss: 0.8715 - acc: 0.6775
1728/3458 [=============>................] - ETA: 1:03 - loss: 0.8756 - acc: 0.6725
1760/3458 [==============>...............] - ETA: 1:02 - loss: 0.8751 - acc: 0.6722
1792/3458 [==============>...............] - ETA: 1:01 - loss: 0.8740 - acc: 0.6719
1824/3458 [==============>...............] - ETA: 1:00 - loss: 0.8694 - acc: 0.6727
1856/3458 [===============>..............] - ETA: 58s - loss: 0.8669 - acc: 0.6735 
1888/3458 [===============>..............] - ETA: 57s - loss: 0.8657 - acc: 0.6727
1920/3458 [===============>..............] - ETA: 56s - loss: 0.8639 - acc: 0.6729
1952/3458 [===============>..............] - ETA: 55s - loss: 0.8615 - acc: 0.6742
1984/3458 [================>.............] - ETA: 54s - loss: 0.8633 - acc: 0.6744
2016/3458 [================>.............] - ETA: 52s - loss: 0.8603 - acc: 0.6761
2048/3458 [================>.............] - ETA: 51s - loss: 0.8656 - acc: 0.6743
2080/3458 [=================>............] - ETA: 50s - loss: 0.8673 - acc: 0.6736
2112/3458 [=================>............] - ETA: 49s - loss: 0.8652 - acc: 0.6747
2144/3458 [=================>............] - ETA: 48s - loss: 0.8703 - acc: 0.6735
2176/3458 [=================>............] - ETA: 47s - loss: 0.8715 - acc: 0.6714
2208/3458 [==================>...........] - ETA: 45s - loss: 0.8721 - acc: 0.6703
2240/3458 [==================>...........] - ETA: 44s - loss: 0.8720 - acc: 0.6705
2272/3458 [==================>...........] - ETA: 43s - loss: 0.8669 - acc: 0.6734
2304/3458 [==================>...........] - ETA: 42s - loss: 0.8666 - acc: 0.6732
2336/3458 [===================>..........] - ETA: 41s - loss: 0.8682 - acc: 0.6721
2368/3458 [===================>..........] - ETA: 39s - loss: 0.8679 - acc: 0.6719
2400/3458 [===================>..........] - ETA: 38s - loss: 0.8709 - acc: 0.6708
2432/3458 [====================>.........] - ETA: 37s - loss: 0.8669 - acc: 0.6727
2464/3458 [====================>.........] - ETA: 36s - loss: 0.8682 - acc: 0.6721
2496/3458 [====================>.........] - ETA: 35s - loss: 0.8659 - acc: 0.6727
2528/3458 [====================>.........] - ETA: 34s - loss: 0.8682 - acc: 0.6709
2560/3458 [=====================>........] - ETA: 32s - loss: 0.8713 - acc: 0.6691
2592/3458 [=====================>........] - ETA: 31s - loss: 0.8732 - acc: 0.6694
2624/3458 [=====================>........] - ETA: 30s - loss: 0.8739 - acc: 0.6677
2656/3458 [======================>.......] - ETA: 29s - loss: 0.8732 - acc: 0.6679
2688/3458 [======================>.......] - ETA: 28s - loss: 0.8707 - acc: 0.6685
2720/3458 [======================>.......] - ETA: 27s - loss: 0.8709 - acc: 0.6676
2752/3458 [======================>.......] - ETA: 25s - loss: 0.8687 - acc: 0.6690
2784/3458 [=======================>......] - ETA: 24s - loss: 0.8773 - acc: 0.6674
2816/3458 [=======================>......] - ETA: 23s - loss: 0.8774 - acc: 0.6669
2848/3458 [=======================>......] - ETA: 22s - loss: 0.8774 - acc: 0.6682
2880/3458 [=======================>......] - ETA: 21s - loss: 0.8786 - acc: 0.6681
2912/3458 [========================>.....] - ETA: 20s - loss: 0.8768 - acc: 0.6683
2944/3458 [========================>.....] - ETA: 18s - loss: 0.8733 - acc: 0.6698
2976/3458 [========================>.....] - ETA: 17s - loss: 0.8716 - acc: 0.6697
3008/3458 [=========================>....] - ETA: 16s - loss: 0.8722 - acc: 0.6692
3040/3458 [=========================>....] - ETA: 15s - loss: 0.8750 - acc: 0.6684
3072/3458 [=========================>....] - ETA: 14s - loss: 0.8767 - acc: 0.6680
3104/3458 [=========================>....] - ETA: 12s - loss: 0.8814 - acc: 0.6678
3136/3458 [==========================>...] - ETA: 11s - loss: 0.8831 - acc: 0.6680
3168/3458 [==========================>...] - ETA: 10s - loss: 0.8829 - acc: 0.6686
3200/3458 [==========================>...] - ETA: 9s - loss: 0.8840 - acc: 0.6681 
3232/3458 [===========================>..] - ETA: 8s - loss: 0.8847 - acc: 0.6677
3264/3458 [===========================>..] - ETA: 7s - loss: 0.8848 - acc: 0.6667
3296/3458 [===========================>..] - ETA: 5s - loss: 0.8849 - acc: 0.6678
3328/3458 [===========================>..] - ETA: 4s - loss: 0.8839 - acc: 0.6686
3360/3458 [============================>.] - ETA: 3s - loss: 0.8848 - acc: 0.6685
3392/3458 [============================>.] - ETA: 2s - loss: 0.8861 - acc: 0.6686
3424/3458 [============================>.] - ETA: 1s - loss: 0.8875 - acc: 0.6679
3456/3458 [============================>.] - ETA: 0s - loss: 0.8871 - acc: 0.6681
3458/3458 [==============================] - 127s 37ms/sample - loss: 0.8871 - acc: 0.6680

 32/865 [>.............................] - ETA: 6s - loss: 0.9793 - acc: 0.6875
 64/865 [=>............................] - ETA: 6s - loss: 0.9395 - acc: 0.6719
 96/865 [==>...........................] - ETA: 6s - loss: 0.9617 - acc: 0.6458
128/865 [===>..........................] - ETA: 5s - loss: 0.9438 - acc: 0.6484
160/865 [====>.........................] - ETA: 5s - loss: 1.0035 - acc: 0.6313
192/865 [=====>........................] - ETA: 5s - loss: 1.0108 - acc: 0.6146
224/865 [======>.......................] - ETA: 5s - loss: 0.9967 - acc: 0.6205
256/865 [=======>......................] - ETA: 4s - loss: 1.0196 - acc: 0.6250
288/865 [========>.....................] - ETA: 4s - loss: 1.0065 - acc: 0.6285
320/865 [==========>...................] - ETA: 4s - loss: 1.0124 - acc: 0.6281
352/865 [===========>..................] - ETA: 4s - loss: 1.0018 - acc: 0.6364
384/865 [============>.................] - ETA: 3s - loss: 1.0034 - acc: 0.6354
416/865 [=============>................] - ETA: 3s - loss: 1.0130 - acc: 0.6370
448/865 [==============>...............] - ETA: 3s - loss: 1.0155 - acc: 0.6406
480/865 [===============>..............] - ETA: 3s - loss: 1.0244 - acc: 0.6417
512/865 [================>.............] - ETA: 2s - loss: 1.0386 - acc: 0.6328
544/865 [=================>............] - ETA: 2s - loss: 1.0398 - acc: 0.6287
576/865 [==================>...........] - ETA: 2s - loss: 1.0305 - acc: 0.6319
608/865 [====================>.........] - ETA: 2s - loss: 1.0294 - acc: 0.6349
640/865 [=====================>........] - ETA: 1s - loss: 1.0235 - acc: 0.6313
672/865 [======================>.......] - ETA: 1s - loss: 1.0228 - acc: 0.6220
704/865 [=======================>......] - ETA: 1s - loss: 1.0357 - acc: 0.6222
736/865 [========================>.....] - ETA: 1s - loss: 1.0313 - acc: 0.6250
768/865 [=========================>....] - ETA: 0s - loss: 1.0250 - acc: 0.6250
800/865 [==========================>...] - ETA: 0s - loss: 1.0409 - acc: 0.6162
832/865 [===========================>..] - ETA: 0s - loss: 1.0478 - acc: 0.6166
864/865 [============================>.] - ETA: 0s - loss: 1.0447 - acc: 0.6146
865/865 [==============================] - 7s 8ms/sample - loss: 1.0445 - acc: 0.6150

  32/3458 [..............................] - ETA: 2:06 - loss: 0.8495 - acc: 0.7500
  64/3458 [..............................] - ETA: 2:04 - loss: 0.8506 - acc: 0.7188
  96/3458 [..............................] - ETA: 2:02 - loss: 0.7911 - acc: 0.7500
 128/3458 [>.............................] - ETA: 2:02 - loss: 0.7774 - acc: 0.7344
 160/3458 [>.............................] - ETA: 2:00 - loss: 0.7330 - acc: 0.7437
 192/3458 [>.............................] - ETA: 1:59 - loss: 0.7526 - acc: 0.7240
 224/3458 [>.............................] - ETA: 1:58 - loss: 0.8007 - acc: 0.7009
 256/3458 [=>............................] - ETA: 1:57 - loss: 0.7807 - acc: 0.7109
 288/3458 [=>............................] - ETA: 1:55 - loss: 0.7932 - acc: 0.7014
 320/3458 [=>............................] - ETA: 1:54 - loss: 0.7991 - acc: 0.6938
 352/3458 [==>...........................] - ETA: 1:53 - loss: 0.7679 - acc: 0.7074
 384/3458 [==>...........................] - ETA: 1:52 - loss: 0.7628 - acc: 0.7109
 416/3458 [==>...........................] - ETA: 1:51 - loss: 0.7670 - acc: 0.7043
 448/3458 [==>...........................] - ETA: 1:50 - loss: 0.7534 - acc: 0.7098
 480/3458 [===>..........................] - ETA: 1:49 - loss: 0.7685 - acc: 0.7042
 512/3458 [===>..........................] - ETA: 1:47 - loss: 0.7656 - acc: 0.7031
 544/3458 [===>..........................] - ETA: 1:46 - loss: 0.7727 - acc: 0.6985
 576/3458 [===>..........................] - ETA: 1:45 - loss: 0.7753 - acc: 0.6944
 608/3458 [====>.........................] - ETA: 1:44 - loss: 0.7784 - acc: 0.6957
 640/3458 [====>.........................] - ETA: 1:43 - loss: 0.7715 - acc: 0.6984
 672/3458 [====>.........................] - ETA: 1:42 - loss: 0.7682 - acc: 0.6994
 704/3458 [=====>........................] - ETA: 1:40 - loss: 0.7774 - acc: 0.6960
 736/3458 [=====>........................] - ETA: 1:39 - loss: 0.7710 - acc: 0.7011
 768/3458 [=====>........................] - ETA: 1:38 - loss: 0.7767 - acc: 0.6979
 800/3458 [=====>........................] - ETA: 1:37 - loss: 0.7768 - acc: 0.7013
 832/3458 [======>.......................] - ETA: 1:36 - loss: 0.7749 - acc: 0.7007
 864/3458 [======>.......................] - ETA: 1:35 - loss: 0.7728 - acc: 0.7037
 896/3458 [======>.......................] - ETA: 1:33 - loss: 0.7707 - acc: 0.7020
 928/3458 [=======>......................] - ETA: 1:32 - loss: 0.7761 - acc: 0.6994
 960/3458 [=======>......................] - ETA: 1:31 - loss: 0.7688 - acc: 0.7010
 992/3458 [=======>......................] - ETA: 1:30 - loss: 0.7616 - acc: 0.7036
1024/3458 [=======>......................] - ETA: 1:29 - loss: 0.7563 - acc: 0.7061
1056/3458 [========>.....................] - ETA: 1:28 - loss: 0.7694 - acc: 0.7045
1088/3458 [========>.....................] - ETA: 1:26 - loss: 0.7691 - acc: 0.7059
1120/3458 [========>.....................] - ETA: 1:25 - loss: 0.7592 - acc: 0.7098
1152/3458 [========>.....................] - ETA: 1:24 - loss: 0.7590 - acc: 0.7101
1184/3458 [=========>....................] - ETA: 1:23 - loss: 0.7553 - acc: 0.7120
1216/3458 [=========>....................] - ETA: 1:22 - loss: 0.7575 - acc: 0.7113
1248/3458 [=========>....................] - ETA: 1:20 - loss: 0.7566 - acc: 0.7107
1280/3458 [==========>...................] - ETA: 1:19 - loss: 0.7520 - acc: 0.7125
1312/3458 [==========>...................] - ETA: 1:18 - loss: 0.7517 - acc: 0.7111
1344/3458 [==========>...................] - ETA: 1:17 - loss: 0.7507 - acc: 0.7098
1376/3458 [==========>...................] - ETA: 1:16 - loss: 0.7453 - acc: 0.7100
1408/3458 [===========>..................] - ETA: 1:15 - loss: 0.7409 - acc: 0.7116
1440/3458 [===========>..................] - ETA: 1:13 - loss: 0.7366 - acc: 0.7132
1472/3458 [===========>..................] - ETA: 1:12 - loss: 0.7324 - acc: 0.7147
1504/3458 [============>.................] - ETA: 1:11 - loss: 0.7313 - acc: 0.7161
1536/3458 [============>.................] - ETA: 1:10 - loss: 0.7314 - acc: 0.7174
1568/3458 [============>.................] - ETA: 1:09 - loss: 0.7335 - acc: 0.7162
1600/3458 [============>.................] - ETA: 1:08 - loss: 0.7321 - acc: 0.7150
1632/3458 [=============>................] - ETA: 1:06 - loss: 0.7311 - acc: 0.7145
1664/3458 [=============>................] - ETA: 1:05 - loss: 0.7286 - acc: 0.7163
1696/3458 [=============>................] - ETA: 1:04 - loss: 0.7221 - acc: 0.7193
1728/3458 [=============>................] - ETA: 1:03 - loss: 0.7244 - acc: 0.7199
1760/3458 [==============>...............] - ETA: 1:02 - loss: 0.7248 - acc: 0.7205
1792/3458 [==============>...............] - ETA: 1:01 - loss: 0.7262 - acc: 0.7193
1824/3458 [==============>...............] - ETA: 59s - loss: 0.7264 - acc: 0.7182 
1856/3458 [===============>..............] - ETA: 58s - loss: 0.7266 - acc: 0.7177
1888/3458 [===============>..............] - ETA: 57s - loss: 0.7259 - acc: 0.7182
1920/3458 [===============>..............] - ETA: 56s - loss: 0.7264 - acc: 0.7177
1952/3458 [===============>..............] - ETA: 55s - loss: 0.7353 - acc: 0.7167
1984/3458 [================>.............] - ETA: 53s - loss: 0.7314 - acc: 0.7193
2016/3458 [================>.............] - ETA: 52s - loss: 0.7309 - acc: 0.7202
2048/3458 [================>.............] - ETA: 51s - loss: 0.7315 - acc: 0.7197
2080/3458 [=================>............] - ETA: 50s - loss: 0.7305 - acc: 0.7212
2112/3458 [=================>............] - ETA: 49s - loss: 0.7292 - acc: 0.7221
2144/3458 [=================>............] - ETA: 48s - loss: 0.7286 - acc: 0.7225
2176/3458 [=================>............] - ETA: 46s - loss: 0.7266 - acc: 0.7229
2208/3458 [==================>...........] - ETA: 45s - loss: 0.7247 - acc: 0.7242
2240/3458 [==================>...........] - ETA: 44s - loss: 0.7284 - acc: 0.7232
2272/3458 [==================>...........] - ETA: 43s - loss: 0.7286 - acc: 0.7223
2304/3458 [==================>...........] - ETA: 42s - loss: 0.7242 - acc: 0.7235
2336/3458 [===================>..........] - ETA: 41s - loss: 0.7245 - acc: 0.7230
2368/3458 [===================>..........] - ETA: 39s - loss: 0.7251 - acc: 0.7238
2400/3458 [===================>..........] - ETA: 38s - loss: 0.7248 - acc: 0.7233
2432/3458 [====================>.........] - ETA: 37s - loss: 0.7299 - acc: 0.7212
2464/3458 [====================>.........] - ETA: 36s - loss: 0.7289 - acc: 0.7212
2496/3458 [====================>.........] - ETA: 35s - loss: 0.7320 - acc: 0.7196
2528/3458 [====================>.........] - ETA: 34s - loss: 0.7311 - acc: 0.7199
2560/3458 [=====================>........] - ETA: 32s - loss: 0.7316 - acc: 0.7199
2592/3458 [=====================>........] - ETA: 31s - loss: 0.7331 - acc: 0.7195
2624/3458 [=====================>........] - ETA: 30s - loss: 0.7324 - acc: 0.7207
2656/3458 [======================>.......] - ETA: 29s - loss: 0.7309 - acc: 0.7218
2688/3458 [======================>.......] - ETA: 28s - loss: 0.7320 - acc: 0.7210
2720/3458 [======================>.......] - ETA: 27s - loss: 0.7322 - acc: 0.7202
2752/3458 [======================>.......] - ETA: 25s - loss: 0.7284 - acc: 0.7220
2784/3458 [=======================>......] - ETA: 24s - loss: 0.7296 - acc: 0.7216
2816/3458 [=======================>......] - ETA: 23s - loss: 0.7311 - acc: 0.7205
2848/3458 [=======================>......] - ETA: 22s - loss: 0.7334 - acc: 0.7188
2880/3458 [=======================>......] - ETA: 21s - loss: 0.7318 - acc: 0.7191
2912/3458 [========================>.....] - ETA: 19s - loss: 0.7302 - acc: 0.7191
2944/3458 [========================>.....] - ETA: 18s - loss: 0.7339 - acc: 0.7174
2976/3458 [========================>.....] - ETA: 17s - loss: 0.7322 - acc: 0.7177
3008/3458 [=========================>....] - ETA: 16s - loss: 0.7303 - acc: 0.7194
3040/3458 [=========================>....] - ETA: 15s - loss: 0.7301 - acc: 0.7194
3072/3458 [=========================>....] - ETA: 14s - loss: 0.7340 - acc: 0.7178
3104/3458 [=========================>....] - ETA: 12s - loss: 0.7332 - acc: 0.7188
3136/3458 [==========================>...] - ETA: 11s - loss: 0.7329 - acc: 0.7184
3168/3458 [==========================>...] - ETA: 10s - loss: 0.7330 - acc: 0.7175
3200/3458 [==========================>...] - ETA: 9s - loss: 0.7326 - acc: 0.7172 
3232/3458 [===========================>..] - ETA: 8s - loss: 0.7365 - acc: 0.7157
3264/3458 [===========================>..] - ETA: 7s - loss: 0.7374 - acc: 0.7142
3296/3458 [===========================>..] - ETA: 5s - loss: 0.7365 - acc: 0.7145
3328/3458 [===========================>..] - ETA: 4s - loss: 0.7372 - acc: 0.7139
3360/3458 [============================>.] - ETA: 3s - loss: 0.7382 - acc: 0.7146
3392/3458 [============================>.] - ETA: 2s - loss: 0.7365 - acc: 0.7158
3424/3458 [============================>.] - ETA: 1s - loss: 0.7362 - acc: 0.7161
3456/3458 [============================>.] - ETA: 0s - loss: 0.7371 - acc: 0.7161
3458/3458 [==============================] - 127s 37ms/sample - loss: 0.7367 - acc: 0.7163

 32/865 [>.............................] - ETA: 6s - loss: 0.9771 - acc: 0.6875
 64/865 [=>............................] - ETA: 6s - loss: 0.9552 - acc: 0.6719
 96/865 [==>...........................] - ETA: 5s - loss: 1.0053 - acc: 0.6458
128/865 [===>..........................] - ETA: 5s - loss: 0.9145 - acc: 0.6641
160/865 [====>.........................] - ETA: 5s - loss: 0.9731 - acc: 0.6687
192/865 [=====>........................] - ETA: 5s - loss: 0.9721 - acc: 0.6458
224/865 [======>.......................] - ETA: 5s - loss: 0.9607 - acc: 0.6429
256/865 [=======>......................] - ETA: 4s - loss: 0.9958 - acc: 0.6484
288/865 [========>.....................] - ETA: 4s - loss: 0.9929 - acc: 0.6493
320/865 [==========>...................] - ETA: 4s - loss: 1.0165 - acc: 0.6344
352/865 [===========>..................] - ETA: 4s - loss: 0.9903 - acc: 0.6364
384/865 [============>.................] - ETA: 3s - loss: 0.9862 - acc: 0.6380
416/865 [=============>................] - ETA: 3s - loss: 0.9883 - acc: 0.6346
448/865 [==============>...............] - ETA: 3s - loss: 0.9865 - acc: 0.6384
480/865 [===============>..............] - ETA: 3s - loss: 0.9856 - acc: 0.6458
512/865 [================>.............] - ETA: 2s - loss: 1.0088 - acc: 0.6465
544/865 [=================>............] - ETA: 2s - loss: 1.0204 - acc: 0.6397
576/865 [==================>...........] - ETA: 2s - loss: 1.0089 - acc: 0.6441
608/865 [====================>.........] - ETA: 2s - loss: 1.0122 - acc: 0.6431
640/865 [=====================>........] - ETA: 1s - loss: 1.0087 - acc: 0.6406
672/865 [======================>.......] - ETA: 1s - loss: 0.9946 - acc: 0.6399
704/865 [=======================>......] - ETA: 1s - loss: 1.0057 - acc: 0.6406
736/865 [========================>.....] - ETA: 1s - loss: 1.0038 - acc: 0.6440
768/865 [=========================>....] - ETA: 0s - loss: 1.0023 - acc: 0.6432
800/865 [==========================>...] - ETA: 0s - loss: 1.0138 - acc: 0.6388
832/865 [===========================>..] - ETA: 0s - loss: 1.0162 - acc: 0.6418
864/865 [============================>.] - ETA: 0s - loss: 1.0170 - acc: 0.6366
865/865 [==============================] - 7s 8ms/sample - loss: 1.0173 - acc: 0.6358
