For number of cells in Conv2D=128
For Dropout_1=0.8 Dropout_2=0.2
For number of cells in Dense=128
daisy loaded
dandelion loaded
rose loaded
sunflower loaded
tulip loaded

  32/3458 [..............................] - ETA: 2:19 - loss: 1.6221 - acc: 0.0938
  64/3458 [..............................] - ETA: 2:11 - loss: 6.1025 - acc: 0.1719
  96/3458 [..............................] - ETA: 2:07 - loss: 5.7744 - acc: 0.1771
 128/3458 [>.............................] - ETA: 2:05 - loss: 4.9195 - acc: 0.1641
 160/3458 [>.............................] - ETA: 2:03 - loss: 4.2544 - acc: 0.2125
 192/3458 [>.............................] - ETA: 2:01 - loss: 3.8142 - acc: 0.2083
 224/3458 [>.............................] - ETA: 2:00 - loss: 3.4978 - acc: 0.2054
 256/3458 [=>............................] - ETA: 1:59 - loss: 3.2590 - acc: 0.2031
 288/3458 [=>............................] - ETA: 1:57 - loss: 3.0721 - acc: 0.2153
 320/3458 [=>............................] - ETA: 1:56 - loss: 2.9185 - acc: 0.2156
 352/3458 [==>...........................] - ETA: 1:55 - loss: 2.8142 - acc: 0.2102
 384/3458 [==>...........................] - ETA: 1:53 - loss: 2.7155 - acc: 0.1979
 416/3458 [==>...........................] - ETA: 1:52 - loss: 2.6289 - acc: 0.2019
 448/3458 [==>...........................] - ETA: 1:51 - loss: 2.5505 - acc: 0.2121
 480/3458 [===>..........................] - ETA: 1:49 - loss: 2.4865 - acc: 0.2104
 512/3458 [===>..........................] - ETA: 1:48 - loss: 2.4271 - acc: 0.2227
 544/3458 [===>..........................] - ETA: 1:47 - loss: 2.3750 - acc: 0.2206
 576/3458 [===>..........................] - ETA: 1:46 - loss: 2.3306 - acc: 0.2170
 608/3458 [====>.........................] - ETA: 1:44 - loss: 2.2854 - acc: 0.2204
 640/3458 [====>.........................] - ETA: 1:43 - loss: 2.2484 - acc: 0.2188
 672/3458 [====>.........................] - ETA: 1:42 - loss: 2.2180 - acc: 0.2247
 704/3458 [=====>........................] - ETA: 1:41 - loss: 2.1855 - acc: 0.2273
 736/3458 [=====>........................] - ETA: 1:40 - loss: 2.1555 - acc: 0.2337
 768/3458 [=====>........................] - ETA: 1:38 - loss: 2.1287 - acc: 0.2422
 800/3458 [=====>........................] - ETA: 1:37 - loss: 2.0986 - acc: 0.2475
 832/3458 [======>.......................] - ETA: 1:36 - loss: 2.0743 - acc: 0.2548
 864/3458 [======>.......................] - ETA: 1:35 - loss: 2.0495 - acc: 0.2593
 896/3458 [======>.......................] - ETA: 1:34 - loss: 2.0292 - acc: 0.2667
 928/3458 [=======>......................] - ETA: 1:32 - loss: 2.0096 - acc: 0.2705
 960/3458 [=======>......................] - ETA: 1:31 - loss: 1.9908 - acc: 0.2760
 992/3458 [=======>......................] - ETA: 1:30 - loss: 1.9704 - acc: 0.2802
1024/3458 [=======>......................] - ETA: 1:29 - loss: 1.9492 - acc: 0.2881
1056/3458 [========>.....................] - ETA: 1:28 - loss: 1.9292 - acc: 0.2926
1088/3458 [========>.....................] - ETA: 1:27 - loss: 1.9139 - acc: 0.2950
1120/3458 [========>.....................] - ETA: 1:25 - loss: 1.8940 - acc: 0.3027
1152/3458 [========>.....................] - ETA: 1:24 - loss: 1.8767 - acc: 0.3090
1184/3458 [=========>....................] - ETA: 1:23 - loss: 1.8639 - acc: 0.3117
1216/3458 [=========>....................] - ETA: 1:22 - loss: 1.8455 - acc: 0.3133
1248/3458 [=========>....................] - ETA: 1:21 - loss: 1.8326 - acc: 0.3157
1280/3458 [==========>...................] - ETA: 1:19 - loss: 1.8155 - acc: 0.3180
1312/3458 [==========>...................] - ETA: 1:18 - loss: 1.8024 - acc: 0.3171
1344/3458 [==========>...................] - ETA: 1:17 - loss: 1.7995 - acc: 0.3162
1376/3458 [==========>...................] - ETA: 1:16 - loss: 1.7935 - acc: 0.3161
1408/3458 [===========>..................] - ETA: 1:15 - loss: 1.7887 - acc: 0.3189
1440/3458 [===========>..................] - ETA: 1:14 - loss: 1.7774 - acc: 0.3215
1472/3458 [===========>..................] - ETA: 1:12 - loss: 1.7689 - acc: 0.3213
1504/3458 [============>.................] - ETA: 1:11 - loss: 1.7613 - acc: 0.3238
1536/3458 [============>.................] - ETA: 1:10 - loss: 1.7530 - acc: 0.3268
1568/3458 [============>.................] - ETA: 1:09 - loss: 1.7462 - acc: 0.3297
1600/3458 [============>.................] - ETA: 1:08 - loss: 1.7400 - acc: 0.3356
1632/3458 [=============>................] - ETA: 1:07 - loss: 1.7335 - acc: 0.3388
1664/3458 [=============>................] - ETA: 1:05 - loss: 1.7275 - acc: 0.3377
1696/3458 [=============>................] - ETA: 1:04 - loss: 1.7232 - acc: 0.3367
1728/3458 [=============>................] - ETA: 1:03 - loss: 1.7172 - acc: 0.3356
1760/3458 [==============>...............] - ETA: 1:02 - loss: 1.7124 - acc: 0.3364
1792/3458 [==============>...............] - ETA: 1:01 - loss: 1.7040 - acc: 0.3398
1824/3458 [==============>...............] - ETA: 59s - loss: 1.6973 - acc: 0.3405 
1856/3458 [===============>..............] - ETA: 58s - loss: 1.6916 - acc: 0.3405
1888/3458 [===============>..............] - ETA: 57s - loss: 1.6824 - acc: 0.3438
1920/3458 [===============>..............] - ETA: 56s - loss: 1.6798 - acc: 0.3458
1952/3458 [===============>..............] - ETA: 55s - loss: 1.6714 - acc: 0.3484
1984/3458 [================>.............] - ETA: 54s - loss: 1.6679 - acc: 0.3488
2016/3458 [================>.............] - ETA: 52s - loss: 1.6610 - acc: 0.3502
2048/3458 [================>.............] - ETA: 51s - loss: 1.6537 - acc: 0.3511
2080/3458 [=================>............] - ETA: 50s - loss: 1.6474 - acc: 0.3505
2112/3458 [=================>............] - ETA: 49s - loss: 1.6434 - acc: 0.3513
2144/3458 [=================>............] - ETA: 48s - loss: 1.6373 - acc: 0.3526
2176/3458 [=================>............] - ETA: 47s - loss: 1.6318 - acc: 0.3539
2208/3458 [==================>...........] - ETA: 45s - loss: 1.6257 - acc: 0.3560
2240/3458 [==================>...........] - ETA: 44s - loss: 1.6202 - acc: 0.3585
2272/3458 [==================>...........] - ETA: 43s - loss: 1.6139 - acc: 0.3618
2304/3458 [==================>...........] - ETA: 42s - loss: 1.6119 - acc: 0.3659
2336/3458 [===================>..........] - ETA: 41s - loss: 1.6085 - acc: 0.3677
2368/3458 [===================>..........] - ETA: 39s - loss: 1.6065 - acc: 0.3708
2400/3458 [===================>..........] - ETA: 38s - loss: 1.6026 - acc: 0.3713
2432/3458 [====================>.........] - ETA: 37s - loss: 1.5965 - acc: 0.3725
2464/3458 [====================>.........] - ETA: 36s - loss: 1.5945 - acc: 0.3734
2496/3458 [====================>.........] - ETA: 35s - loss: 1.5911 - acc: 0.3742
2528/3458 [====================>.........] - ETA: 34s - loss: 1.5871 - acc: 0.3758
2560/3458 [=====================>........] - ETA: 32s - loss: 1.5841 - acc: 0.3758
2592/3458 [=====================>........] - ETA: 31s - loss: 1.5799 - acc: 0.3785
2624/3458 [=====================>........] - ETA: 30s - loss: 1.5755 - acc: 0.3807
2656/3458 [======================>.......] - ETA: 29s - loss: 1.5721 - acc: 0.3829
2688/3458 [======================>.......] - ETA: 28s - loss: 1.5699 - acc: 0.3832
2720/3458 [======================>.......] - ETA: 27s - loss: 1.5647 - acc: 0.3846
2752/3458 [======================>.......] - ETA: 25s - loss: 1.5610 - acc: 0.3848
2784/3458 [=======================>......] - ETA: 24s - loss: 1.5575 - acc: 0.3840
2816/3458 [=======================>......] - ETA: 23s - loss: 1.5624 - acc: 0.3828
2848/3458 [=======================>......] - ETA: 22s - loss: 1.5598 - acc: 0.3834
2880/3458 [=======================>......] - ETA: 21s - loss: 1.5572 - acc: 0.3851
2912/3458 [========================>.....] - ETA: 19s - loss: 1.5540 - acc: 0.3850
2944/3458 [========================>.....] - ETA: 18s - loss: 1.5532 - acc: 0.3865
2976/3458 [========================>.....] - ETA: 17s - loss: 1.5514 - acc: 0.3871
3008/3458 [=========================>....] - ETA: 16s - loss: 1.5507 - acc: 0.3870
3040/3458 [=========================>....] - ETA: 15s - loss: 1.5470 - acc: 0.3878
3072/3458 [=========================>....] - ETA: 14s - loss: 1.5449 - acc: 0.3893
3104/3458 [=========================>....] - ETA: 12s - loss: 1.5433 - acc: 0.3898
3136/3458 [==========================>...] - ETA: 11s - loss: 1.5414 - acc: 0.3919
3168/3458 [==========================>...] - ETA: 10s - loss: 1.5395 - acc: 0.3920
3200/3458 [==========================>...] - ETA: 9s - loss: 1.5372 - acc: 0.3928 
3232/3458 [===========================>..] - ETA: 8s - loss: 1.5351 - acc: 0.3936
3264/3458 [===========================>..] - ETA: 7s - loss: 1.5329 - acc: 0.3949
3296/3458 [===========================>..] - ETA: 5s - loss: 1.5301 - acc: 0.3962
3328/3458 [===========================>..] - ETA: 4s - loss: 1.5270 - acc: 0.3969
3360/3458 [============================>.] - ETA: 3s - loss: 1.5247 - acc: 0.3970
3392/3458 [============================>.] - ETA: 2s - loss: 1.5231 - acc: 0.3968
3424/3458 [============================>.] - ETA: 1s - loss: 1.5231 - acc: 0.3972
3456/3458 [============================>.] - ETA: 0s - loss: 1.5253 - acc: 0.3976
3458/3458 [==============================] - 127s 37ms/sample - loss: 1.5249 - acc: 0.3973

 32/865 [>.............................] - ETA: 7s - loss: 1.2531 - acc: 0.3750
 64/865 [=>............................] - ETA: 7s - loss: 1.4080 - acc: 0.4531
 96/865 [==>...........................] - ETA: 6s - loss: 1.3408 - acc: 0.4896
128/865 [===>..........................] - ETA: 6s - loss: 1.2892 - acc: 0.4922
160/865 [====>.........................] - ETA: 5s - loss: 1.2890 - acc: 0.4938
192/865 [=====>........................] - ETA: 5s - loss: 1.2886 - acc: 0.4948
224/865 [======>.......................] - ETA: 5s - loss: 1.2798 - acc: 0.4777
256/865 [=======>......................] - ETA: 5s - loss: 1.2881 - acc: 0.4570
288/865 [========>.....................] - ETA: 4s - loss: 1.2736 - acc: 0.4826
320/865 [==========>...................] - ETA: 4s - loss: 1.2995 - acc: 0.4906
352/865 [===========>..................] - ETA: 4s - loss: 1.3314 - acc: 0.4886
384/865 [============>.................] - ETA: 3s - loss: 1.3161 - acc: 0.5000
416/865 [=============>................] - ETA: 3s - loss: 1.3155 - acc: 0.5048
448/865 [==============>...............] - ETA: 3s - loss: 1.3058 - acc: 0.5067
480/865 [===============>..............] - ETA: 3s - loss: 1.3028 - acc: 0.5167
512/865 [================>.............] - ETA: 2s - loss: 1.3027 - acc: 0.5117
544/865 [=================>............] - ETA: 2s - loss: 1.3039 - acc: 0.5074
576/865 [==================>...........] - ETA: 2s - loss: 1.3036 - acc: 0.5104
608/865 [====================>.........] - ETA: 2s - loss: 1.2963 - acc: 0.5148
640/865 [=====================>........] - ETA: 1s - loss: 1.2934 - acc: 0.5172
672/865 [======================>.......] - ETA: 1s - loss: 1.2906 - acc: 0.5223
704/865 [=======================>......] - ETA: 1s - loss: 1.2902 - acc: 0.5199
736/865 [========================>.....] - ETA: 1s - loss: 1.2880 - acc: 0.5190
768/865 [=========================>....] - ETA: 0s - loss: 1.2990 - acc: 0.5182
800/865 [==========================>...] - ETA: 0s - loss: 1.2911 - acc: 0.5200
832/865 [===========================>..] - ETA: 0s - loss: 1.2903 - acc: 0.5204
864/865 [============================>.] - ETA: 0s - loss: 1.2901 - acc: 0.5174
865/865 [==============================] - 7s 8ms/sample - loss: 1.2902 - acc: 0.5179

  32/3458 [..............................] - ETA: 2:04 - loss: 1.4617 - acc: 0.4688
  64/3458 [..............................] - ETA: 2:03 - loss: 1.3775 - acc: 0.4688
  96/3458 [..............................] - ETA: 2:02 - loss: 1.3118 - acc: 0.4792
 128/3458 [>.............................] - ETA: 2:01 - loss: 1.3334 - acc: 0.4609
 160/3458 [>.............................] - ETA: 2:00 - loss: 1.3293 - acc: 0.4500
 192/3458 [>.............................] - ETA: 1:58 - loss: 1.3207 - acc: 0.4688
 224/3458 [>.............................] - ETA: 1:57 - loss: 1.3156 - acc: 0.4554
 256/3458 [=>............................] - ETA: 1:56 - loss: 1.3123 - acc: 0.4375
 288/3458 [=>............................] - ETA: 1:55 - loss: 1.3056 - acc: 0.4410
 320/3458 [=>............................] - ETA: 1:54 - loss: 1.3138 - acc: 0.4344
 352/3458 [==>...........................] - ETA: 1:53 - loss: 1.3021 - acc: 0.4403
 384/3458 [==>...........................] - ETA: 1:52 - loss: 1.2962 - acc: 0.4479
 416/3458 [==>...........................] - ETA: 1:50 - loss: 1.3030 - acc: 0.4447
 448/3458 [==>...........................] - ETA: 1:49 - loss: 1.2855 - acc: 0.4554
 480/3458 [===>..........................] - ETA: 1:48 - loss: 1.2836 - acc: 0.4563
 512/3458 [===>..........................] - ETA: 1:47 - loss: 1.2667 - acc: 0.4629
 544/3458 [===>..........................] - ETA: 1:46 - loss: 1.2674 - acc: 0.4651
 576/3458 [===>..........................] - ETA: 1:45 - loss: 1.2973 - acc: 0.4566
 608/3458 [====>.........................] - ETA: 1:43 - loss: 1.3018 - acc: 0.4556
 640/3458 [====>.........................] - ETA: 1:42 - loss: 1.2954 - acc: 0.4609
 672/3458 [====>.........................] - ETA: 1:41 - loss: 1.2929 - acc: 0.4628
 704/3458 [=====>........................] - ETA: 1:40 - loss: 1.2928 - acc: 0.4602
 736/3458 [=====>........................] - ETA: 1:39 - loss: 1.2908 - acc: 0.4660
 768/3458 [=====>........................] - ETA: 1:38 - loss: 1.2928 - acc: 0.4622
 800/3458 [=====>........................] - ETA: 1:37 - loss: 1.2904 - acc: 0.4613
 832/3458 [======>.......................] - ETA: 1:35 - loss: 1.2936 - acc: 0.4579
 864/3458 [======>.......................] - ETA: 1:34 - loss: 1.2949 - acc: 0.4583
 896/3458 [======>.......................] - ETA: 1:33 - loss: 1.2945 - acc: 0.4598
 928/3458 [=======>......................] - ETA: 1:32 - loss: 1.3028 - acc: 0.4601
 960/3458 [=======>......................] - ETA: 1:31 - loss: 1.3048 - acc: 0.4563
 992/3458 [=======>......................] - ETA: 1:30 - loss: 1.3029 - acc: 0.4587
1024/3458 [=======>......................] - ETA: 1:28 - loss: 1.2988 - acc: 0.4639
1056/3458 [========>.....................] - ETA: 1:27 - loss: 1.2917 - acc: 0.4669
1088/3458 [========>.....................] - ETA: 1:26 - loss: 1.2995 - acc: 0.4660
1120/3458 [========>.....................] - ETA: 1:25 - loss: 1.2995 - acc: 0.4643
1152/3458 [========>.....................] - ETA: 1:24 - loss: 1.2998 - acc: 0.4627
1184/3458 [=========>....................] - ETA: 1:23 - loss: 1.2967 - acc: 0.4611
1216/3458 [=========>....................] - ETA: 1:21 - loss: 1.3038 - acc: 0.4622
1248/3458 [=========>....................] - ETA: 1:20 - loss: 1.2969 - acc: 0.4663
1280/3458 [==========>...................] - ETA: 1:19 - loss: 1.2946 - acc: 0.4648
1312/3458 [==========>...................] - ETA: 1:18 - loss: 1.2967 - acc: 0.4604
1344/3458 [==========>...................] - ETA: 1:17 - loss: 1.2949 - acc: 0.4628
1376/3458 [==========>...................] - ETA: 1:16 - loss: 1.2931 - acc: 0.4644
1408/3458 [===========>..................] - ETA: 1:14 - loss: 1.2964 - acc: 0.4666
1440/3458 [===========>..................] - ETA: 1:13 - loss: 1.2978 - acc: 0.4639
1472/3458 [===========>..................] - ETA: 1:12 - loss: 1.2937 - acc: 0.4647
1504/3458 [============>.................] - ETA: 1:11 - loss: 1.2919 - acc: 0.4668
1536/3458 [============>.................] - ETA: 1:10 - loss: 1.2923 - acc: 0.4668
1568/3458 [============>.................] - ETA: 1:09 - loss: 1.2882 - acc: 0.4694
1600/3458 [============>.................] - ETA: 1:07 - loss: 1.2836 - acc: 0.4725
1632/3458 [=============>................] - ETA: 1:06 - loss: 1.2827 - acc: 0.4724
1664/3458 [=============>................] - ETA: 1:05 - loss: 1.2808 - acc: 0.4742
1696/3458 [=============>................] - ETA: 1:04 - loss: 1.2773 - acc: 0.4770
1728/3458 [=============>................] - ETA: 1:03 - loss: 1.2785 - acc: 0.4769
1760/3458 [==============>...............] - ETA: 1:02 - loss: 1.2815 - acc: 0.4756
1792/3458 [==============>...............] - ETA: 1:00 - loss: 1.2777 - acc: 0.4760
1824/3458 [==============>...............] - ETA: 59s - loss: 1.2782 - acc: 0.4737 
1856/3458 [===============>..............] - ETA: 58s - loss: 1.2782 - acc: 0.4731
1888/3458 [===============>..............] - ETA: 57s - loss: 1.2774 - acc: 0.4714
1920/3458 [===============>..............] - ETA: 56s - loss: 1.2753 - acc: 0.4719
1952/3458 [===============>..............] - ETA: 55s - loss: 1.2743 - acc: 0.4708
1984/3458 [================>.............] - ETA: 53s - loss: 1.2773 - acc: 0.4693
2016/3458 [================>.............] - ETA: 52s - loss: 1.2774 - acc: 0.4692
2048/3458 [================>.............] - ETA: 51s - loss: 1.2758 - acc: 0.4717
2080/3458 [=================>............] - ETA: 50s - loss: 1.2734 - acc: 0.4745
2112/3458 [=================>............] - ETA: 49s - loss: 1.2728 - acc: 0.4759
2144/3458 [=================>............] - ETA: 48s - loss: 1.2743 - acc: 0.4743
2176/3458 [=================>............] - ETA: 46s - loss: 1.2740 - acc: 0.4743
2208/3458 [==================>...........] - ETA: 45s - loss: 1.2718 - acc: 0.4751
2240/3458 [==================>...........] - ETA: 44s - loss: 1.2727 - acc: 0.4750
2272/3458 [==================>...........] - ETA: 43s - loss: 1.2725 - acc: 0.4745
2304/3458 [==================>...........] - ETA: 42s - loss: 1.2726 - acc: 0.4735
2336/3458 [===================>..........] - ETA: 41s - loss: 1.2723 - acc: 0.4730
2368/3458 [===================>..........] - ETA: 39s - loss: 1.2733 - acc: 0.4717
2400/3458 [===================>..........] - ETA: 38s - loss: 1.2725 - acc: 0.4721
2432/3458 [====================>.........] - ETA: 37s - loss: 1.2721 - acc: 0.4729
2464/3458 [====================>.........] - ETA: 36s - loss: 1.2755 - acc: 0.4716
2496/3458 [====================>.........] - ETA: 35s - loss: 1.2794 - acc: 0.4708
2528/3458 [====================>.........] - ETA: 33s - loss: 1.2789 - acc: 0.4715
2560/3458 [=====================>........] - ETA: 32s - loss: 1.2803 - acc: 0.4711
2592/3458 [=====================>........] - ETA: 31s - loss: 1.2840 - acc: 0.4691
2624/3458 [=====================>........] - ETA: 30s - loss: 1.2846 - acc: 0.4691
2656/3458 [======================>.......] - ETA: 29s - loss: 1.2827 - acc: 0.4706
2688/3458 [======================>.......] - ETA: 28s - loss: 1.2858 - acc: 0.4691
2720/3458 [======================>.......] - ETA: 26s - loss: 1.2876 - acc: 0.4688
2752/3458 [======================>.......] - ETA: 25s - loss: 1.2859 - acc: 0.4706
2784/3458 [=======================>......] - ETA: 24s - loss: 1.2888 - acc: 0.4691
2816/3458 [=======================>......] - ETA: 23s - loss: 1.2896 - acc: 0.4684
2848/3458 [=======================>......] - ETA: 22s - loss: 1.2888 - acc: 0.4670
2880/3458 [=======================>......] - ETA: 21s - loss: 1.2881 - acc: 0.4667
2912/3458 [========================>.....] - ETA: 19s - loss: 1.2871 - acc: 0.4681
2944/3458 [========================>.....] - ETA: 18s - loss: 1.2864 - acc: 0.4691
2976/3458 [========================>.....] - ETA: 17s - loss: 1.2869 - acc: 0.4694
3008/3458 [=========================>....] - ETA: 16s - loss: 1.2877 - acc: 0.4691
3040/3458 [=========================>....] - ETA: 15s - loss: 1.2879 - acc: 0.4694
3072/3458 [=========================>....] - ETA: 14s - loss: 1.2859 - acc: 0.4717
3104/3458 [=========================>....] - ETA: 12s - loss: 1.2861 - acc: 0.4736
3136/3458 [==========================>...] - ETA: 11s - loss: 1.2863 - acc: 0.4739
3168/3458 [==========================>...] - ETA: 10s - loss: 1.2859 - acc: 0.4751
3200/3458 [==========================>...] - ETA: 9s - loss: 1.2846 - acc: 0.4744 
3232/3458 [===========================>..] - ETA: 8s - loss: 1.2855 - acc: 0.4743
3264/3458 [===========================>..] - ETA: 7s - loss: 1.2834 - acc: 0.4758
3296/3458 [===========================>..] - ETA: 5s - loss: 1.2853 - acc: 0.4757
3328/3458 [===========================>..] - ETA: 4s - loss: 1.2834 - acc: 0.4757
3360/3458 [============================>.] - ETA: 3s - loss: 1.2845 - acc: 0.4750
3392/3458 [============================>.] - ETA: 2s - loss: 1.2826 - acc: 0.4752
3424/3458 [============================>.] - ETA: 1s - loss: 1.2815 - acc: 0.4746
3456/3458 [============================>.] - ETA: 0s - loss: 1.2814 - acc: 0.4742
3458/3458 [==============================] - 126s 37ms/sample - loss: 1.2813 - acc: 0.4743

 32/865 [>.............................] - ETA: 6s - loss: 1.2200 - acc: 0.4062
 64/865 [=>............................] - ETA: 6s - loss: 1.3811 - acc: 0.4375
 96/865 [==>...........................] - ETA: 6s - loss: 1.3158 - acc: 0.4375
128/865 [===>..........................] - ETA: 5s - loss: 1.2513 - acc: 0.4375
160/865 [====>.........................] - ETA: 5s - loss: 1.2474 - acc: 0.4437
192/865 [=====>........................] - ETA: 5s - loss: 1.2457 - acc: 0.4479
224/865 [======>.......................] - ETA: 5s - loss: 1.2308 - acc: 0.4509
256/865 [=======>......................] - ETA: 4s - loss: 1.2470 - acc: 0.4453
288/865 [========>.....................] - ETA: 4s - loss: 1.2291 - acc: 0.4688
320/865 [==========>...................] - ETA: 4s - loss: 1.2502 - acc: 0.4812
352/865 [===========>..................] - ETA: 4s - loss: 1.2727 - acc: 0.4773
384/865 [============>.................] - ETA: 3s - loss: 1.2545 - acc: 0.4870
416/865 [=============>................] - ETA: 3s - loss: 1.2559 - acc: 0.4928
448/865 [==============>...............] - ETA: 3s - loss: 1.2496 - acc: 0.4911
480/865 [===============>..............] - ETA: 3s - loss: 1.2502 - acc: 0.4958
512/865 [================>.............] - ETA: 2s - loss: 1.2462 - acc: 0.4922
544/865 [=================>............] - ETA: 2s - loss: 1.2458 - acc: 0.4890
576/865 [==================>...........] - ETA: 2s - loss: 1.2454 - acc: 0.4878
608/865 [====================>.........] - ETA: 2s - loss: 1.2367 - acc: 0.4934
640/865 [=====================>........] - ETA: 1s - loss: 1.2293 - acc: 0.5031
672/865 [======================>.......] - ETA: 1s - loss: 1.2250 - acc: 0.5074
704/865 [=======================>......] - ETA: 1s - loss: 1.2267 - acc: 0.5043
736/865 [========================>.....] - ETA: 1s - loss: 1.2211 - acc: 0.5054
768/865 [=========================>....] - ETA: 0s - loss: 1.2326 - acc: 0.5013
800/865 [==========================>...] - ETA: 0s - loss: 1.2211 - acc: 0.5075
832/865 [===========================>..] - ETA: 0s - loss: 1.2201 - acc: 0.5060
864/865 [============================>.] - ETA: 0s - loss: 1.2189 - acc: 0.5046
865/865 [==============================] - 7s 8ms/sample - loss: 1.2190 - acc: 0.5040

  32/3458 [..............................] - ETA: 2:03 - loss: 1.1781 - acc: 0.5625
  64/3458 [..............................] - ETA: 2:02 - loss: 1.1549 - acc: 0.5312
  96/3458 [..............................] - ETA: 2:01 - loss: 1.1458 - acc: 0.5521
 128/3458 [>.............................] - ETA: 2:00 - loss: 1.1398 - acc: 0.5391
 160/3458 [>.............................] - ETA: 2:00 - loss: 1.1356 - acc: 0.5437
 192/3458 [>.............................] - ETA: 1:59 - loss: 1.1646 - acc: 0.5052
 224/3458 [>.............................] - ETA: 1:58 - loss: 1.1618 - acc: 0.5045
 256/3458 [=>............................] - ETA: 1:57 - loss: 1.1686 - acc: 0.5000
 288/3458 [=>............................] - ETA: 1:55 - loss: 1.1596 - acc: 0.5139
 320/3458 [=>............................] - ETA: 1:54 - loss: 1.1564 - acc: 0.5125
 352/3458 [==>...........................] - ETA: 1:53 - loss: 1.1546 - acc: 0.5170
 384/3458 [==>...........................] - ETA: 1:52 - loss: 1.1573 - acc: 0.5130
 416/3458 [==>...........................] - ETA: 1:50 - loss: 1.1724 - acc: 0.5072
 448/3458 [==>...........................] - ETA: 1:49 - loss: 1.1807 - acc: 0.5045
 480/3458 [===>..........................] - ETA: 1:48 - loss: 1.1793 - acc: 0.5125
 512/3458 [===>..........................] - ETA: 1:47 - loss: 1.1827 - acc: 0.5039
 544/3458 [===>..........................] - ETA: 1:46 - loss: 1.1896 - acc: 0.4945
 576/3458 [===>..........................] - ETA: 1:45 - loss: 1.1907 - acc: 0.4896
 608/3458 [====>.........................] - ETA: 1:43 - loss: 1.1903 - acc: 0.4885
 640/3458 [====>.........................] - ETA: 1:42 - loss: 1.2028 - acc: 0.4922
 672/3458 [====>.........................] - ETA: 1:41 - loss: 1.1973 - acc: 0.4926
 704/3458 [=====>........................] - ETA: 1:40 - loss: 1.2032 - acc: 0.4915
 736/3458 [=====>........................] - ETA: 1:39 - loss: 1.1914 - acc: 0.4986
 768/3458 [=====>........................] - ETA: 1:38 - loss: 1.2002 - acc: 0.4909
 800/3458 [=====>........................] - ETA: 1:36 - loss: 1.1873 - acc: 0.5025
 832/3458 [======>.......................] - ETA: 1:35 - loss: 1.1955 - acc: 0.5000
 864/3458 [======>.......................] - ETA: 1:34 - loss: 1.1963 - acc: 0.5023
 896/3458 [======>.......................] - ETA: 1:33 - loss: 1.1925 - acc: 0.5078
 928/3458 [=======>......................] - ETA: 1:32 - loss: 1.1861 - acc: 0.5129
 960/3458 [=======>......................] - ETA: 1:31 - loss: 1.1828 - acc: 0.5125
 992/3458 [=======>......................] - ETA: 1:29 - loss: 1.1785 - acc: 0.5141
1024/3458 [=======>......................] - ETA: 1:28 - loss: 1.1784 - acc: 0.5205
1056/3458 [========>.....................] - ETA: 1:27 - loss: 1.1702 - acc: 0.5246
1088/3458 [========>.....................] - ETA: 1:26 - loss: 1.1643 - acc: 0.5257
1120/3458 [========>.....................] - ETA: 1:25 - loss: 1.1697 - acc: 0.5196
1152/3458 [========>.....................] - ETA: 1:24 - loss: 1.1635 - acc: 0.5234
1184/3458 [=========>....................] - ETA: 1:22 - loss: 1.1600 - acc: 0.5253
1216/3458 [=========>....................] - ETA: 1:21 - loss: 1.1561 - acc: 0.5271
1248/3458 [=========>....................] - ETA: 1:20 - loss: 1.1592 - acc: 0.5240
1280/3458 [==========>...................] - ETA: 1:19 - loss: 1.1581 - acc: 0.5258
1312/3458 [==========>...................] - ETA: 1:18 - loss: 1.1549 - acc: 0.5282
1344/3458 [==========>...................] - ETA: 1:17 - loss: 1.1570 - acc: 0.5290
1376/3458 [==========>...................] - ETA: 1:15 - loss: 1.1575 - acc: 0.5291
1408/3458 [===========>..................] - ETA: 1:14 - loss: 1.1627 - acc: 0.5256
1440/3458 [===========>..................] - ETA: 1:13 - loss: 1.1601 - acc: 0.5250
1472/3458 [===========>..................] - ETA: 1:12 - loss: 1.1600 - acc: 0.5251
1504/3458 [============>.................] - ETA: 1:11 - loss: 1.1628 - acc: 0.5219
1536/3458 [============>.................] - ETA: 1:10 - loss: 1.1638 - acc: 0.5221
1568/3458 [============>.................] - ETA: 1:08 - loss: 1.1635 - acc: 0.5217
1600/3458 [============>.................] - ETA: 1:07 - loss: 1.1634 - acc: 0.5213
1632/3458 [=============>................] - ETA: 1:06 - loss: 1.1614 - acc: 0.5214
1664/3458 [=============>................] - ETA: 1:05 - loss: 1.1624 - acc: 0.5198
1696/3458 [=============>................] - ETA: 1:04 - loss: 1.1609 - acc: 0.5206
1728/3458 [=============>................] - ETA: 1:03 - loss: 1.1657 - acc: 0.5214
1760/3458 [==============>...............] - ETA: 1:01 - loss: 1.1663 - acc: 0.5205
1792/3458 [==============>...............] - ETA: 1:00 - loss: 1.1617 - acc: 0.5218
1824/3458 [==============>...............] - ETA: 59s - loss: 1.1645 - acc: 0.5192 
1856/3458 [===============>..............] - ETA: 58s - loss: 1.1630 - acc: 0.5172
1888/3458 [===============>..............] - ETA: 57s - loss: 1.1611 - acc: 0.5175
1920/3458 [===============>..............] - ETA: 56s - loss: 1.1662 - acc: 0.5151
1952/3458 [===============>..............] - ETA: 54s - loss: 1.1678 - acc: 0.5149
1984/3458 [================>.............] - ETA: 53s - loss: 1.1648 - acc: 0.5166
2016/3458 [================>.............] - ETA: 52s - loss: 1.1667 - acc: 0.5164
2048/3458 [================>.............] - ETA: 51s - loss: 1.1705 - acc: 0.5146
2080/3458 [=================>............] - ETA: 50s - loss: 1.1682 - acc: 0.5168
2112/3458 [=================>............] - ETA: 49s - loss: 1.1699 - acc: 0.5175
2144/3458 [=================>............] - ETA: 47s - loss: 1.1697 - acc: 0.5187
2176/3458 [=================>............] - ETA: 46s - loss: 1.1698 - acc: 0.5188
2208/3458 [==================>...........] - ETA: 45s - loss: 1.1703 - acc: 0.5181
2240/3458 [==================>...........] - ETA: 44s - loss: 1.1712 - acc: 0.5196
2272/3458 [==================>...........] - ETA: 43s - loss: 1.1742 - acc: 0.5194
2304/3458 [==================>...........] - ETA: 42s - loss: 1.1737 - acc: 0.5204
2336/3458 [===================>..........] - ETA: 40s - loss: 1.1758 - acc: 0.5180
2368/3458 [===================>..........] - ETA: 39s - loss: 1.1729 - acc: 0.5186
2400/3458 [===================>..........] - ETA: 38s - loss: 1.1736 - acc: 0.5179
2432/3458 [====================>.........] - ETA: 37s - loss: 1.1711 - acc: 0.5181
2464/3458 [====================>.........] - ETA: 36s - loss: 1.1715 - acc: 0.5170
2496/3458 [====================>.........] - ETA: 35s - loss: 1.1718 - acc: 0.5172
2528/3458 [====================>.........] - ETA: 33s - loss: 1.1726 - acc: 0.5170
2560/3458 [=====================>........] - ETA: 32s - loss: 1.1715 - acc: 0.5164
2592/3458 [=====================>........] - ETA: 31s - loss: 1.1692 - acc: 0.5181
2624/3458 [=====================>........] - ETA: 30s - loss: 1.1699 - acc: 0.5191
2656/3458 [======================>.......] - ETA: 29s - loss: 1.1700 - acc: 0.5181
2688/3458 [======================>.......] - ETA: 28s - loss: 1.1720 - acc: 0.5171
2720/3458 [======================>.......] - ETA: 26s - loss: 1.1718 - acc: 0.5158
2752/3458 [======================>.......] - ETA: 25s - loss: 1.1722 - acc: 0.5167
2784/3458 [=======================>......] - ETA: 24s - loss: 1.1717 - acc: 0.5176
2816/3458 [=======================>......] - ETA: 23s - loss: 1.1715 - acc: 0.5174
2848/3458 [=======================>......] - ETA: 22s - loss: 1.1680 - acc: 0.5193
2880/3458 [=======================>......] - ETA: 21s - loss: 1.1664 - acc: 0.5194
2912/3458 [========================>.....] - ETA: 19s - loss: 1.1659 - acc: 0.5192
2944/3458 [========================>.....] - ETA: 18s - loss: 1.1634 - acc: 0.5200
2976/3458 [========================>.....] - ETA: 17s - loss: 1.1642 - acc: 0.5202
3008/3458 [=========================>....] - ETA: 16s - loss: 1.1634 - acc: 0.5203
3040/3458 [=========================>....] - ETA: 15s - loss: 1.1618 - acc: 0.5204
3072/3458 [=========================>....] - ETA: 14s - loss: 1.1616 - acc: 0.5208
3104/3458 [=========================>....] - ETA: 12s - loss: 1.1608 - acc: 0.5206
3136/3458 [==========================>...] - ETA: 11s - loss: 1.1614 - acc: 0.5210
3168/3458 [==========================>...] - ETA: 10s - loss: 1.1628 - acc: 0.5208
3200/3458 [==========================>...] - ETA: 9s - loss: 1.1612 - acc: 0.5219 
3232/3458 [===========================>..] - ETA: 8s - loss: 1.1615 - acc: 0.5213
3264/3458 [===========================>..] - ETA: 7s - loss: 1.1620 - acc: 0.5202
3296/3458 [===========================>..] - ETA: 5s - loss: 1.1628 - acc: 0.5194
3328/3458 [===========================>..] - ETA: 4s - loss: 1.1637 - acc: 0.5189
3360/3458 [============================>.] - ETA: 3s - loss: 1.1621 - acc: 0.5199
3392/3458 [============================>.] - ETA: 2s - loss: 1.1631 - acc: 0.5192
3424/3458 [============================>.] - ETA: 1s - loss: 1.1633 - acc: 0.5199
3456/3458 [============================>.] - ETA: 0s - loss: 1.1631 - acc: 0.5208
3458/3458 [==============================] - 126s 37ms/sample - loss: 1.1638 - acc: 0.5205

 32/865 [>.............................] - ETA: 6s - loss: 1.1807 - acc: 0.3750
 64/865 [=>............................] - ETA: 6s - loss: 1.3476 - acc: 0.4219
 96/865 [==>...........................] - ETA: 6s - loss: 1.2580 - acc: 0.4688
128/865 [===>..........................] - ETA: 5s - loss: 1.2065 - acc: 0.4531
160/865 [====>.........................] - ETA: 5s - loss: 1.1832 - acc: 0.4625
192/865 [=====>........................] - ETA: 5s - loss: 1.1708 - acc: 0.4688
224/865 [======>.......................] - ETA: 5s - loss: 1.1533 - acc: 0.4732
256/865 [=======>......................] - ETA: 4s - loss: 1.1709 - acc: 0.4727
288/865 [========>.....................] - ETA: 4s - loss: 1.1477 - acc: 0.4931
320/865 [==========>...................] - ETA: 4s - loss: 1.1595 - acc: 0.4969
352/865 [===========>..................] - ETA: 4s - loss: 1.1744 - acc: 0.5142
384/865 [============>.................] - ETA: 3s - loss: 1.1504 - acc: 0.5339
416/865 [=============>................] - ETA: 3s - loss: 1.1466 - acc: 0.5385
448/865 [==============>...............] - ETA: 3s - loss: 1.1365 - acc: 0.5402
480/865 [===============>..............] - ETA: 3s - loss: 1.1432 - acc: 0.5333
512/865 [================>.............] - ETA: 2s - loss: 1.1502 - acc: 0.5293
544/865 [=================>............] - ETA: 2s - loss: 1.1495 - acc: 0.5257
576/865 [==================>...........] - ETA: 2s - loss: 1.1530 - acc: 0.5243
608/865 [====================>.........] - ETA: 2s - loss: 1.1440 - acc: 0.5345
640/865 [=====================>........] - ETA: 1s - loss: 1.1422 - acc: 0.5359
672/865 [======================>.......] - ETA: 1s - loss: 1.1405 - acc: 0.5372
704/865 [=======================>......] - ETA: 1s - loss: 1.1441 - acc: 0.5341
736/865 [========================>.....] - ETA: 1s - loss: 1.1407 - acc: 0.5353
768/865 [=========================>....] - ETA: 0s - loss: 1.1455 - acc: 0.5378
800/865 [==========================>...] - ETA: 0s - loss: 1.1323 - acc: 0.5437
832/865 [===========================>..] - ETA: 0s - loss: 1.1285 - acc: 0.5409
864/865 [============================>.] - ETA: 0s - loss: 1.1249 - acc: 0.5417
865/865 [==============================] - 7s 8ms/sample - loss: 1.1249 - acc: 0.5410

  32/3458 [..............................] - ETA: 2:03 - loss: 1.2866 - acc: 0.5625
  64/3458 [..............................] - ETA: 2:02 - loss: 1.1633 - acc: 0.5938
  96/3458 [..............................] - ETA: 2:02 - loss: 1.1852 - acc: 0.5312
 128/3458 [>.............................] - ETA: 2:01 - loss: 1.1631 - acc: 0.5469
 160/3458 [>.............................] - ETA: 2:00 - loss: 1.1380 - acc: 0.5562
 192/3458 [>.............................] - ETA: 1:59 - loss: 1.1400 - acc: 0.5521
 224/3458 [>.............................] - ETA: 1:57 - loss: 1.1548 - acc: 0.5357
 256/3458 [=>............................] - ETA: 1:56 - loss: 1.1309 - acc: 0.5508
 288/3458 [=>............................] - ETA: 1:55 - loss: 1.1473 - acc: 0.5486
 320/3458 [=>............................] - ETA: 1:54 - loss: 1.1505 - acc: 0.5437
 352/3458 [==>...........................] - ETA: 1:53 - loss: 1.1588 - acc: 0.5341
 384/3458 [==>...........................] - ETA: 1:52 - loss: 1.1483 - acc: 0.5417
 416/3458 [==>...........................] - ETA: 1:51 - loss: 1.1394 - acc: 0.5529
 448/3458 [==>...........................] - ETA: 1:50 - loss: 1.1368 - acc: 0.5513
 480/3458 [===>..........................] - ETA: 1:48 - loss: 1.1378 - acc: 0.5479
 512/3458 [===>..........................] - ETA: 1:47 - loss: 1.1370 - acc: 0.5449
 544/3458 [===>..........................] - ETA: 1:46 - loss: 1.1383 - acc: 0.5386
 576/3458 [===>..........................] - ETA: 1:45 - loss: 1.1376 - acc: 0.5347
 608/3458 [====>.........................] - ETA: 1:44 - loss: 1.1329 - acc: 0.5378
 640/3458 [====>.........................] - ETA: 1:42 - loss: 1.1218 - acc: 0.5484
 672/3458 [====>.........................] - ETA: 1:41 - loss: 1.1063 - acc: 0.5565
 704/3458 [=====>........................] - ETA: 1:40 - loss: 1.1071 - acc: 0.5554
 736/3458 [=====>........................] - ETA: 1:39 - loss: 1.1084 - acc: 0.5543
 768/3458 [=====>........................] - ETA: 1:38 - loss: 1.0990 - acc: 0.5547
 800/3458 [=====>........................] - ETA: 1:36 - loss: 1.0983 - acc: 0.5550
 832/3458 [======>.......................] - ETA: 1:35 - loss: 1.1060 - acc: 0.5529
 864/3458 [======>.......................] - ETA: 1:34 - loss: 1.1076 - acc: 0.5521
 896/3458 [======>.......................] - ETA: 1:33 - loss: 1.1139 - acc: 0.5513
 928/3458 [=======>......................] - ETA: 1:32 - loss: 1.1221 - acc: 0.5485
 960/3458 [=======>......................] - ETA: 1:31 - loss: 1.1171 - acc: 0.5479
 992/3458 [=======>......................] - ETA: 1:29 - loss: 1.1150 - acc: 0.5504
1024/3458 [=======>......................] - ETA: 1:28 - loss: 1.1135 - acc: 0.5508
1056/3458 [========>.....................] - ETA: 1:27 - loss: 1.1128 - acc: 0.5492
1088/3458 [========>.....................] - ETA: 1:26 - loss: 1.1231 - acc: 0.5460
1120/3458 [========>.....................] - ETA: 1:25 - loss: 1.1238 - acc: 0.5473
1152/3458 [========>.....................] - ETA: 1:24 - loss: 1.1266 - acc: 0.5477
1184/3458 [=========>....................] - ETA: 1:23 - loss: 1.1286 - acc: 0.5465
1216/3458 [=========>....................] - ETA: 1:21 - loss: 1.1252 - acc: 0.5452
1248/3458 [=========>....................] - ETA: 1:20 - loss: 1.1263 - acc: 0.5457
1280/3458 [==========>...................] - ETA: 1:19 - loss: 1.1225 - acc: 0.5500
1312/3458 [==========>...................] - ETA: 1:18 - loss: 1.1237 - acc: 0.5503
1344/3458 [==========>...................] - ETA: 1:17 - loss: 1.1203 - acc: 0.5543
1376/3458 [==========>...................] - ETA: 1:16 - loss: 1.1163 - acc: 0.5567
1408/3458 [===========>..................] - ETA: 1:14 - loss: 1.1164 - acc: 0.5568
1440/3458 [===========>..................] - ETA: 1:13 - loss: 1.1208 - acc: 0.5528
1472/3458 [===========>..................] - ETA: 1:12 - loss: 1.1220 - acc: 0.5510
1504/3458 [============>.................] - ETA: 1:11 - loss: 1.1218 - acc: 0.5519
1536/3458 [============>.................] - ETA: 1:10 - loss: 1.1209 - acc: 0.5508
1568/3458 [============>.................] - ETA: 1:08 - loss: 1.1159 - acc: 0.5555
1600/3458 [============>.................] - ETA: 1:07 - loss: 1.1136 - acc: 0.5550
1632/3458 [=============>................] - ETA: 1:06 - loss: 1.1099 - acc: 0.5570
1664/3458 [=============>................] - ETA: 1:05 - loss: 1.1157 - acc: 0.5559
1696/3458 [=============>................] - ETA: 1:04 - loss: 1.1108 - acc: 0.5578
1728/3458 [=============>................] - ETA: 1:03 - loss: 1.1115 - acc: 0.5590
1760/3458 [==============>...............] - ETA: 1:01 - loss: 1.1115 - acc: 0.5591
1792/3458 [==============>...............] - ETA: 1:00 - loss: 1.1106 - acc: 0.5603
1824/3458 [==============>...............] - ETA: 59s - loss: 1.1075 - acc: 0.5620 
1856/3458 [===============>..............] - ETA: 58s - loss: 1.1073 - acc: 0.5620
1888/3458 [===============>..............] - ETA: 57s - loss: 1.1044 - acc: 0.5646
1920/3458 [===============>..............] - ETA: 56s - loss: 1.1030 - acc: 0.5651
1952/3458 [===============>..............] - ETA: 54s - loss: 1.1022 - acc: 0.5645
1984/3458 [================>.............] - ETA: 53s - loss: 1.1009 - acc: 0.5640
2016/3458 [================>.............] - ETA: 52s - loss: 1.1027 - acc: 0.5620
2048/3458 [================>.............] - ETA: 51s - loss: 1.0998 - acc: 0.5645
2080/3458 [=================>............] - ETA: 50s - loss: 1.0962 - acc: 0.5649
2112/3458 [=================>............] - ETA: 49s - loss: 1.0963 - acc: 0.5634
2144/3458 [=================>............] - ETA: 47s - loss: 1.0983 - acc: 0.5625
2176/3458 [=================>............] - ETA: 46s - loss: 1.0985 - acc: 0.5625
2208/3458 [==================>...........] - ETA: 45s - loss: 1.0963 - acc: 0.5639
2240/3458 [==================>...........] - ETA: 44s - loss: 1.0960 - acc: 0.5643
2272/3458 [==================>...........] - ETA: 43s - loss: 1.0966 - acc: 0.5629
2304/3458 [==================>...........] - ETA: 42s - loss: 1.0975 - acc: 0.5616
2336/3458 [===================>..........] - ETA: 40s - loss: 1.0940 - acc: 0.5629
2368/3458 [===================>..........] - ETA: 39s - loss: 1.0958 - acc: 0.5625
2400/3458 [===================>..........] - ETA: 38s - loss: 1.0949 - acc: 0.5646
2432/3458 [====================>.........] - ETA: 37s - loss: 1.0966 - acc: 0.5621
2464/3458 [====================>.........] - ETA: 36s - loss: 1.0979 - acc: 0.5605
2496/3458 [====================>.........] - ETA: 35s - loss: 1.0944 - acc: 0.5609
2528/3458 [====================>.........] - ETA: 33s - loss: 1.0911 - acc: 0.5617
2560/3458 [=====================>........] - ETA: 32s - loss: 1.0979 - acc: 0.5613
2592/3458 [=====================>........] - ETA: 31s - loss: 1.0983 - acc: 0.5625
2624/3458 [=====================>........] - ETA: 30s - loss: 1.0976 - acc: 0.5625
2656/3458 [======================>.......] - ETA: 29s - loss: 1.0974 - acc: 0.5606
2688/3458 [======================>.......] - ETA: 28s - loss: 1.0981 - acc: 0.5592
2720/3458 [======================>.......] - ETA: 26s - loss: 1.0948 - acc: 0.5596
2752/3458 [======================>.......] - ETA: 25s - loss: 1.0943 - acc: 0.5596
2784/3458 [=======================>......] - ETA: 24s - loss: 1.0945 - acc: 0.5596
2816/3458 [=======================>......] - ETA: 23s - loss: 1.0921 - acc: 0.5600
2848/3458 [=======================>......] - ETA: 22s - loss: 1.0913 - acc: 0.5600
2880/3458 [=======================>......] - ETA: 21s - loss: 1.0900 - acc: 0.5597
2912/3458 [========================>.....] - ETA: 19s - loss: 1.0907 - acc: 0.5598
2944/3458 [========================>.....] - ETA: 18s - loss: 1.0931 - acc: 0.5591
2976/3458 [========================>.....] - ETA: 17s - loss: 1.0928 - acc: 0.5588
3008/3458 [=========================>....] - ETA: 16s - loss: 1.0927 - acc: 0.5585
3040/3458 [=========================>....] - ETA: 15s - loss: 1.0922 - acc: 0.5582
3072/3458 [=========================>....] - ETA: 14s - loss: 1.0908 - acc: 0.5583
3104/3458 [=========================>....] - ETA: 12s - loss: 1.0908 - acc: 0.5586
3136/3458 [==========================>...] - ETA: 11s - loss: 1.0914 - acc: 0.5596
3168/3458 [==========================>...] - ETA: 10s - loss: 1.0888 - acc: 0.5612
3200/3458 [==========================>...] - ETA: 9s - loss: 1.0897 - acc: 0.5600 
3232/3458 [===========================>..] - ETA: 8s - loss: 1.0887 - acc: 0.5610
3264/3458 [===========================>..] - ETA: 7s - loss: 1.0873 - acc: 0.5619
3296/3458 [===========================>..] - ETA: 5s - loss: 1.0853 - acc: 0.5619
3328/3458 [===========================>..] - ETA: 4s - loss: 1.0831 - acc: 0.5622
3360/3458 [============================>.] - ETA: 3s - loss: 1.0828 - acc: 0.5625
3392/3458 [============================>.] - ETA: 2s - loss: 1.0828 - acc: 0.5625
3424/3458 [============================>.] - ETA: 1s - loss: 1.0843 - acc: 0.5613
3456/3458 [============================>.] - ETA: 0s - loss: 1.0854 - acc: 0.5605
3458/3458 [==============================] - 126s 37ms/sample - loss: 1.0854 - acc: 0.5604

 32/865 [>.............................] - ETA: 6s - loss: 1.1455 - acc: 0.4688
 64/865 [=>............................] - ETA: 6s - loss: 1.3277 - acc: 0.4844
 96/865 [==>...........................] - ETA: 6s - loss: 1.2379 - acc: 0.5000
128/865 [===>..........................] - ETA: 6s - loss: 1.1736 - acc: 0.5156
160/865 [====>.........................] - ETA: 5s - loss: 1.1379 - acc: 0.5500
192/865 [=====>........................] - ETA: 5s - loss: 1.1478 - acc: 0.5417
224/865 [======>.......................] - ETA: 5s - loss: 1.1076 - acc: 0.5625
256/865 [=======>......................] - ETA: 4s - loss: 1.1436 - acc: 0.5508
288/865 [========>.....................] - ETA: 4s - loss: 1.1219 - acc: 0.5625
320/865 [==========>...................] - ETA: 4s - loss: 1.1416 - acc: 0.5562
352/865 [===========>..................] - ETA: 4s - loss: 1.1527 - acc: 0.5568
384/865 [============>.................] - ETA: 3s - loss: 1.1260 - acc: 0.5703
416/865 [=============>................] - ETA: 3s - loss: 1.1181 - acc: 0.5769
448/865 [==============>...............] - ETA: 3s - loss: 1.1093 - acc: 0.5714
480/865 [===============>..............] - ETA: 3s - loss: 1.1109 - acc: 0.5750
512/865 [================>.............] - ETA: 2s - loss: 1.1090 - acc: 0.5762
544/865 [=================>............] - ETA: 2s - loss: 1.1059 - acc: 0.5809
576/865 [==================>...........] - ETA: 2s - loss: 1.1125 - acc: 0.5799
608/865 [====================>.........] - ETA: 2s - loss: 1.1025 - acc: 0.5806
640/865 [=====================>........] - ETA: 1s - loss: 1.1010 - acc: 0.5797
672/865 [======================>.......] - ETA: 1s - loss: 1.0940 - acc: 0.5789
704/865 [=======================>......] - ETA: 1s - loss: 1.0935 - acc: 0.5781
736/865 [========================>.....] - ETA: 1s - loss: 1.0826 - acc: 0.5829
768/865 [=========================>....] - ETA: 0s - loss: 1.0966 - acc: 0.5820
800/865 [==========================>...] - ETA: 0s - loss: 1.0839 - acc: 0.5900
832/865 [===========================>..] - ETA: 0s - loss: 1.0814 - acc: 0.5877
864/865 [============================>.] - ETA: 0s - loss: 1.0801 - acc: 0.5880
865/865 [==============================] - 7s 8ms/sample - loss: 1.0799 - acc: 0.5884

  32/3458 [..............................] - ETA: 2:03 - loss: 1.0600 - acc: 0.5938
  64/3458 [..............................] - ETA: 2:02 - loss: 1.0687 - acc: 0.5625
  96/3458 [..............................] - ETA: 2:02 - loss: 1.0061 - acc: 0.6146
 128/3458 [>.............................] - ETA: 2:01 - loss: 1.0089 - acc: 0.6094
 160/3458 [>.............................] - ETA: 1:59 - loss: 0.9792 - acc: 0.6062
 192/3458 [>.............................] - ETA: 1:58 - loss: 0.9910 - acc: 0.5938
 224/3458 [>.............................] - ETA: 1:57 - loss: 0.9829 - acc: 0.6116
 256/3458 [=>............................] - ETA: 1:56 - loss: 1.0090 - acc: 0.5938
 288/3458 [=>............................] - ETA: 1:55 - loss: 0.9885 - acc: 0.5938
 320/3458 [=>............................] - ETA: 1:54 - loss: 0.9605 - acc: 0.6094
 352/3458 [==>...........................] - ETA: 1:52 - loss: 0.9535 - acc: 0.6222
 384/3458 [==>...........................] - ETA: 1:51 - loss: 0.9577 - acc: 0.6172
 416/3458 [==>...........................] - ETA: 1:50 - loss: 0.9765 - acc: 0.6226
 448/3458 [==>...........................] - ETA: 1:49 - loss: 0.9726 - acc: 0.6205
 480/3458 [===>..........................] - ETA: 1:48 - loss: 0.9793 - acc: 0.6083
 512/3458 [===>..........................] - ETA: 1:47 - loss: 0.9693 - acc: 0.6133
 544/3458 [===>..........................] - ETA: 1:46 - loss: 0.9698 - acc: 0.6121
 576/3458 [===>..........................] - ETA: 1:45 - loss: 0.9724 - acc: 0.6128
 608/3458 [====>.........................] - ETA: 1:43 - loss: 0.9611 - acc: 0.6168
 640/3458 [====>.........................] - ETA: 1:42 - loss: 0.9709 - acc: 0.6094
 672/3458 [====>.........................] - ETA: 1:41 - loss: 0.9764 - acc: 0.6057
 704/3458 [=====>........................] - ETA: 1:40 - loss: 0.9778 - acc: 0.6037
 736/3458 [=====>........................] - ETA: 1:39 - loss: 0.9790 - acc: 0.6046
 768/3458 [=====>........................] - ETA: 1:38 - loss: 0.9760 - acc: 0.6055
 800/3458 [=====>........................] - ETA: 1:37 - loss: 0.9808 - acc: 0.6025
 832/3458 [======>.......................] - ETA: 1:35 - loss: 0.9811 - acc: 0.6010
 864/3458 [======>.......................] - ETA: 1:34 - loss: 0.9771 - acc: 0.6076
 896/3458 [======>.......................] - ETA: 1:33 - loss: 0.9807 - acc: 0.6049
 928/3458 [=======>......................] - ETA: 1:32 - loss: 0.9917 - acc: 0.6013
 960/3458 [=======>......................] - ETA: 1:31 - loss: 0.9922 - acc: 0.6031
 992/3458 [=======>......................] - ETA: 1:30 - loss: 0.9944 - acc: 0.6028
1024/3458 [=======>......................] - ETA: 1:28 - loss: 0.9933 - acc: 0.6035
1056/3458 [========>.....................] - ETA: 1:27 - loss: 0.9899 - acc: 0.6042
1088/3458 [========>.....................] - ETA: 1:26 - loss: 0.9895 - acc: 0.6039
1120/3458 [========>.....................] - ETA: 1:25 - loss: 0.9898 - acc: 0.6036
1152/3458 [========>.....................] - ETA: 1:24 - loss: 0.9880 - acc: 0.6024
1184/3458 [=========>....................] - ETA: 1:23 - loss: 0.9828 - acc: 0.6047
1216/3458 [=========>....................] - ETA: 1:21 - loss: 0.9856 - acc: 0.6044
1248/3458 [=========>....................] - ETA: 1:20 - loss: 0.9822 - acc: 0.6050
1280/3458 [==========>...................] - ETA: 1:19 - loss: 0.9816 - acc: 0.6023
1312/3458 [==========>...................] - ETA: 1:18 - loss: 0.9794 - acc: 0.6052
1344/3458 [==========>...................] - ETA: 1:17 - loss: 0.9885 - acc: 0.6049
1376/3458 [==========>...................] - ETA: 1:16 - loss: 0.9901 - acc: 0.6047
1408/3458 [===========>..................] - ETA: 1:14 - loss: 0.9897 - acc: 0.6037
1440/3458 [===========>..................] - ETA: 1:13 - loss: 0.9979 - acc: 0.5986
1472/3458 [===========>..................] - ETA: 1:12 - loss: 0.9972 - acc: 0.5999
1504/3458 [============>.................] - ETA: 1:11 - loss: 0.9999 - acc: 0.5971
1536/3458 [============>.................] - ETA: 1:10 - loss: 0.9963 - acc: 0.5983
1568/3458 [============>.................] - ETA: 1:09 - loss: 0.9964 - acc: 0.5976
1600/3458 [============>.................] - ETA: 1:07 - loss: 0.9963 - acc: 0.5987
1632/3458 [=============>................] - ETA: 1:06 - loss: 0.9968 - acc: 0.5980
1664/3458 [=============>................] - ETA: 1:05 - loss: 0.9961 - acc: 0.5998
1696/3458 [=============>................] - ETA: 1:04 - loss: 0.9986 - acc: 0.5973
1728/3458 [=============>................] - ETA: 1:03 - loss: 0.9991 - acc: 0.5966
1760/3458 [==============>...............] - ETA: 1:02 - loss: 0.9959 - acc: 0.5972
1792/3458 [==============>...............] - ETA: 1:00 - loss: 0.9932 - acc: 0.5993
1824/3458 [==============>...............] - ETA: 59s - loss: 0.9932 - acc: 0.5998 
1856/3458 [===============>..............] - ETA: 58s - loss: 0.9907 - acc: 0.6013
1888/3458 [===============>..............] - ETA: 57s - loss: 0.9901 - acc: 0.6012
1920/3458 [===============>..............] - ETA: 56s - loss: 0.9879 - acc: 0.6010
1952/3458 [===============>..............] - ETA: 55s - loss: 0.9883 - acc: 0.6004
1984/3458 [================>.............] - ETA: 53s - loss: 0.9863 - acc: 0.6008
2016/3458 [================>.............] - ETA: 52s - loss: 0.9866 - acc: 0.6012
2048/3458 [================>.............] - ETA: 51s - loss: 0.9846 - acc: 0.6025
2080/3458 [=================>............] - ETA: 50s - loss: 0.9809 - acc: 0.6043
2112/3458 [=================>............] - ETA: 49s - loss: 0.9801 - acc: 0.6051
2144/3458 [=================>............] - ETA: 48s - loss: 0.9778 - acc: 0.6059
2176/3458 [=================>............] - ETA: 46s - loss: 0.9776 - acc: 0.6043
2208/3458 [==================>...........] - ETA: 45s - loss: 0.9803 - acc: 0.6028
2240/3458 [==================>...........] - ETA: 44s - loss: 0.9805 - acc: 0.6018
2272/3458 [==================>...........] - ETA: 43s - loss: 0.9816 - acc: 0.6017
2304/3458 [==================>...........] - ETA: 42s - loss: 0.9849 - acc: 0.6011
2336/3458 [===================>..........] - ETA: 41s - loss: 0.9834 - acc: 0.6015
2368/3458 [===================>..........] - ETA: 39s - loss: 0.9804 - acc: 0.6039
2400/3458 [===================>..........] - ETA: 38s - loss: 0.9809 - acc: 0.6042
2432/3458 [====================>.........] - ETA: 37s - loss: 0.9830 - acc: 0.6040
2464/3458 [====================>.........] - ETA: 36s - loss: 0.9799 - acc: 0.6051
2496/3458 [====================>.........] - ETA: 35s - loss: 0.9814 - acc: 0.6046
2528/3458 [====================>.........] - ETA: 34s - loss: 0.9814 - acc: 0.6048
2560/3458 [=====================>........] - ETA: 32s - loss: 0.9829 - acc: 0.6039
2592/3458 [=====================>........] - ETA: 31s - loss: 0.9896 - acc: 0.6015
2624/3458 [=====================>........] - ETA: 30s - loss: 0.9875 - acc: 0.6025
2656/3458 [======================>.......] - ETA: 29s - loss: 0.9861 - acc: 0.6028
2688/3458 [======================>.......] - ETA: 28s - loss: 0.9848 - acc: 0.6034
2720/3458 [======================>.......] - ETA: 26s - loss: 0.9825 - acc: 0.6048
2752/3458 [======================>.......] - ETA: 25s - loss: 0.9811 - acc: 0.6057
2784/3458 [=======================>......] - ETA: 24s - loss: 0.9809 - acc: 0.6045
2816/3458 [=======================>......] - ETA: 23s - loss: 0.9835 - acc: 0.6026
2848/3458 [=======================>......] - ETA: 22s - loss: 0.9834 - acc: 0.6015
2880/3458 [=======================>......] - ETA: 21s - loss: 0.9833 - acc: 0.6017
2912/3458 [========================>.....] - ETA: 19s - loss: 0.9830 - acc: 0.6016
2944/3458 [========================>.....] - ETA: 18s - loss: 0.9854 - acc: 0.6005
2976/3458 [========================>.....] - ETA: 17s - loss: 0.9868 - acc: 0.6005
3008/3458 [=========================>....] - ETA: 16s - loss: 0.9859 - acc: 0.6007
3040/3458 [=========================>....] - ETA: 15s - loss: 0.9832 - acc: 0.6023
3072/3458 [=========================>....] - ETA: 14s - loss: 0.9799 - acc: 0.6032
3104/3458 [=========================>....] - ETA: 12s - loss: 0.9794 - acc: 0.6028
3136/3458 [==========================>...] - ETA: 11s - loss: 0.9786 - acc: 0.6024
3168/3458 [==========================>...] - ETA: 10s - loss: 0.9770 - acc: 0.6029
3200/3458 [==========================>...] - ETA: 9s - loss: 0.9746 - acc: 0.6047 
3232/3458 [===========================>..] - ETA: 8s - loss: 0.9728 - acc: 0.6058
3264/3458 [===========================>..] - ETA: 7s - loss: 0.9733 - acc: 0.6057
3296/3458 [===========================>..] - ETA: 5s - loss: 0.9725 - acc: 0.6065
3328/3458 [===========================>..] - ETA: 4s - loss: 0.9717 - acc: 0.6052
3360/3458 [============================>.] - ETA: 3s - loss: 0.9730 - acc: 0.6057
3392/3458 [============================>.] - ETA: 2s - loss: 0.9719 - acc: 0.6064
3424/3458 [============================>.] - ETA: 1s - loss: 0.9682 - acc: 0.6081
3456/3458 [============================>.] - ETA: 0s - loss: 0.9694 - acc: 0.6079
3458/3458 [==============================] - 126s 37ms/sample - loss: 0.9695 - acc: 0.6079

 32/865 [>.............................] - ETA: 6s - loss: 1.2051 - acc: 0.5312
 64/865 [=>............................] - ETA: 6s - loss: 1.4164 - acc: 0.4688
 96/865 [==>...........................] - ETA: 6s - loss: 1.3587 - acc: 0.4896
128/865 [===>..........................] - ETA: 5s - loss: 1.3711 - acc: 0.4766
160/865 [====>.........................] - ETA: 5s - loss: 1.3418 - acc: 0.5063
192/865 [=====>........................] - ETA: 5s - loss: 1.2988 - acc: 0.5104
224/865 [======>.......................] - ETA: 5s - loss: 1.2940 - acc: 0.5312
256/865 [=======>......................] - ETA: 4s - loss: 1.3422 - acc: 0.5156
288/865 [========>.....................] - ETA: 4s - loss: 1.3253 - acc: 0.5139
320/865 [==========>...................] - ETA: 4s - loss: 1.3145 - acc: 0.5250
352/865 [===========>..................] - ETA: 4s - loss: 1.3145 - acc: 0.5284
384/865 [============>.................] - ETA: 3s - loss: 1.2661 - acc: 0.5443
416/865 [=============>................] - ETA: 3s - loss: 1.2447 - acc: 0.5505
448/865 [==============>...............] - ETA: 3s - loss: 1.2354 - acc: 0.5536
480/865 [===============>..............] - ETA: 3s - loss: 1.2474 - acc: 0.5437
512/865 [================>.............] - ETA: 2s - loss: 1.2563 - acc: 0.5391
544/865 [=================>............] - ETA: 2s - loss: 1.2485 - acc: 0.5404
576/865 [==================>...........] - ETA: 2s - loss: 1.2632 - acc: 0.5382
608/865 [====================>.........] - ETA: 2s - loss: 1.2481 - acc: 0.5411
640/865 [=====================>........] - ETA: 1s - loss: 1.2656 - acc: 0.5406
672/865 [======================>.......] - ETA: 1s - loss: 1.2546 - acc: 0.5446
704/865 [=======================>......] - ETA: 1s - loss: 1.2540 - acc: 0.5440
736/865 [========================>.....] - ETA: 1s - loss: 1.2524 - acc: 0.5435
768/865 [=========================>....] - ETA: 0s - loss: 1.2601 - acc: 0.5404
800/865 [==========================>...] - ETA: 0s - loss: 1.2410 - acc: 0.5487
832/865 [===========================>..] - ETA: 0s - loss: 1.2338 - acc: 0.5529
864/865 [============================>.] - ETA: 0s - loss: 1.2342 - acc: 0.5521
865/865 [==============================] - 7s 8ms/sample - loss: 1.2333 - acc: 0.5526
