For number of cells in Conv2D=128
For Dropout_1=0.8 Dropout_2=0.2
For number of cells in Dense=512
daisy loaded
dandelion loaded
rose loaded
sunflower loaded
tulip loaded

  32/3458 [..............................] - ETA: 3:09 - loss: 1.6280 - acc: 0.1875
  64/3458 [..............................] - ETA: 2:56 - loss: 4.8408 - acc: 0.1719
  96/3458 [..............................] - ETA: 2:51 - loss: 5.8130 - acc: 0.1667
 128/3458 [>.............................] - ETA: 2:47 - loss: 5.5593 - acc: 0.1719
 160/3458 [>.............................] - ETA: 2:44 - loss: 4.8330 - acc: 0.2000
 192/3458 [>.............................] - ETA: 2:41 - loss: 4.3026 - acc: 0.2240
 224/3458 [>.............................] - ETA: 2:39 - loss: 3.9113 - acc: 0.2411
 256/3458 [=>............................] - ETA: 2:38 - loss: 3.6068 - acc: 0.2617
 288/3458 [=>............................] - ETA: 2:36 - loss: 3.3876 - acc: 0.2500
 320/3458 [=>............................] - ETA: 2:34 - loss: 3.2057 - acc: 0.2469
 352/3458 [==>...........................] - ETA: 2:32 - loss: 3.0476 - acc: 0.2557
 384/3458 [==>...........................] - ETA: 2:30 - loss: 2.9061 - acc: 0.2786
 416/3458 [==>...........................] - ETA: 2:28 - loss: 2.8244 - acc: 0.2644
 448/3458 [==>...........................] - ETA: 2:27 - loss: 2.7185 - acc: 0.2701
 480/3458 [===>..........................] - ETA: 2:25 - loss: 2.6319 - acc: 0.2750
 512/3458 [===>..........................] - ETA: 2:24 - loss: 2.5642 - acc: 0.2754
 544/3458 [===>..........................] - ETA: 2:22 - loss: 2.4986 - acc: 0.2776
 576/3458 [===>..........................] - ETA: 2:20 - loss: 2.4382 - acc: 0.2899
 608/3458 [====>.........................] - ETA: 2:19 - loss: 2.3970 - acc: 0.2862
 640/3458 [====>.........................] - ETA: 2:17 - loss: 2.3479 - acc: 0.2891
 672/3458 [====>.........................] - ETA: 2:16 - loss: 2.2944 - acc: 0.2976
 704/3458 [=====>........................] - ETA: 2:14 - loss: 2.2480 - acc: 0.3082
 736/3458 [=====>........................] - ETA: 2:13 - loss: 2.2078 - acc: 0.3166
 768/3458 [=====>........................] - ETA: 2:11 - loss: 2.1730 - acc: 0.3216
 800/3458 [=====>........................] - ETA: 2:09 - loss: 2.1388 - acc: 0.3187
 832/3458 [======>.......................] - ETA: 2:08 - loss: 2.1116 - acc: 0.3197
 864/3458 [======>.......................] - ETA: 2:06 - loss: 2.0964 - acc: 0.3206
 896/3458 [======>.......................] - ETA: 2:04 - loss: 2.0732 - acc: 0.3192
 928/3458 [=======>......................] - ETA: 2:03 - loss: 2.0413 - acc: 0.3244
 960/3458 [=======>......................] - ETA: 2:01 - loss: 2.0286 - acc: 0.3271
 992/3458 [=======>......................] - ETA: 2:00 - loss: 2.0075 - acc: 0.3337
1024/3458 [=======>......................] - ETA: 1:58 - loss: 1.9880 - acc: 0.3389
1056/3458 [========>.....................] - ETA: 1:57 - loss: 1.9696 - acc: 0.3428
1088/3458 [========>.....................] - ETA: 1:55 - loss: 1.9521 - acc: 0.3493
1120/3458 [========>.....................] - ETA: 1:53 - loss: 1.9393 - acc: 0.3491
1152/3458 [========>.....................] - ETA: 1:52 - loss: 1.9244 - acc: 0.3507
1184/3458 [=========>....................] - ETA: 1:50 - loss: 1.9095 - acc: 0.3505
1216/3458 [=========>....................] - ETA: 1:49 - loss: 1.8947 - acc: 0.3520
1248/3458 [=========>....................] - ETA: 1:47 - loss: 1.8825 - acc: 0.3510
1280/3458 [==========>...................] - ETA: 1:46 - loss: 1.8643 - acc: 0.3547
1312/3458 [==========>...................] - ETA: 1:44 - loss: 1.8486 - acc: 0.3575
1344/3458 [==========>...................] - ETA: 1:43 - loss: 1.8335 - acc: 0.3631
1376/3458 [==========>...................] - ETA: 1:41 - loss: 1.8358 - acc: 0.3648
1408/3458 [===========>..................] - ETA: 1:39 - loss: 1.8193 - acc: 0.3672
1440/3458 [===========>..................] - ETA: 1:38 - loss: 1.8122 - acc: 0.3694
1472/3458 [===========>..................] - ETA: 1:36 - loss: 1.8125 - acc: 0.3689
1504/3458 [============>.................] - ETA: 1:35 - loss: 1.7997 - acc: 0.3710
1536/3458 [============>.................] - ETA: 1:33 - loss: 1.7933 - acc: 0.3685
1568/3458 [============>.................] - ETA: 1:32 - loss: 1.7830 - acc: 0.3686
1600/3458 [============>.................] - ETA: 1:30 - loss: 1.7733 - acc: 0.3688
1632/3458 [=============>................] - ETA: 1:29 - loss: 1.7651 - acc: 0.3707
1664/3458 [=============>................] - ETA: 1:27 - loss: 1.7554 - acc: 0.3744
1696/3458 [=============>................] - ETA: 1:25 - loss: 1.7498 - acc: 0.3774
1728/3458 [=============>................] - ETA: 1:24 - loss: 1.7442 - acc: 0.3773
1760/3458 [==============>...............] - ETA: 1:22 - loss: 1.7349 - acc: 0.3818
1792/3458 [==============>...............] - ETA: 1:21 - loss: 1.7255 - acc: 0.3839
1824/3458 [==============>...............] - ETA: 1:19 - loss: 1.7184 - acc: 0.3832
1856/3458 [===============>..............] - ETA: 1:18 - loss: 1.7117 - acc: 0.3858
1888/3458 [===============>..............] - ETA: 1:16 - loss: 1.7039 - acc: 0.3888
1920/3458 [===============>..............] - ETA: 1:14 - loss: 1.6949 - acc: 0.3901
1952/3458 [===============>..............] - ETA: 1:13 - loss: 1.6877 - acc: 0.3893
1984/3458 [================>.............] - ETA: 1:11 - loss: 1.6814 - acc: 0.3891
2016/3458 [================>.............] - ETA: 1:10 - loss: 1.6770 - acc: 0.3874
2048/3458 [================>.............] - ETA: 1:08 - loss: 1.6661 - acc: 0.3911
2080/3458 [=================>............] - ETA: 1:07 - loss: 1.6589 - acc: 0.3913
2112/3458 [=================>............] - ETA: 1:05 - loss: 1.6515 - acc: 0.3920
2144/3458 [=================>............] - ETA: 1:04 - loss: 1.6457 - acc: 0.3946
2176/3458 [=================>............] - ETA: 1:02 - loss: 1.6378 - acc: 0.3980
2208/3458 [==================>...........] - ETA: 1:00 - loss: 1.6319 - acc: 0.3972
2240/3458 [==================>...........] - ETA: 59s - loss: 1.6281 - acc: 0.3960 
2272/3458 [==================>...........] - ETA: 57s - loss: 1.6227 - acc: 0.3974
2304/3458 [==================>...........] - ETA: 56s - loss: 1.6200 - acc: 0.3993
2336/3458 [===================>..........] - ETA: 54s - loss: 1.6120 - acc: 0.4015
2368/3458 [===================>..........] - ETA: 53s - loss: 1.6096 - acc: 0.4008
2400/3458 [===================>..........] - ETA: 51s - loss: 1.6102 - acc: 0.3992
2432/3458 [====================>.........] - ETA: 49s - loss: 1.6060 - acc: 0.3988
2464/3458 [====================>.........] - ETA: 48s - loss: 1.6030 - acc: 0.3985
2496/3458 [====================>.........] - ETA: 46s - loss: 1.5986 - acc: 0.3990
2528/3458 [====================>.........] - ETA: 45s - loss: 1.5957 - acc: 0.3983
2560/3458 [=====================>........] - ETA: 43s - loss: 1.5902 - acc: 0.4008
2592/3458 [=====================>........] - ETA: 42s - loss: 1.5870 - acc: 0.4012
2624/3458 [=====================>........] - ETA: 40s - loss: 1.5833 - acc: 0.4028
2656/3458 [======================>.......] - ETA: 39s - loss: 1.5776 - acc: 0.4051
2688/3458 [======================>.......] - ETA: 37s - loss: 1.5752 - acc: 0.4051
2720/3458 [======================>.......] - ETA: 35s - loss: 1.5701 - acc: 0.4066
2752/3458 [======================>.......] - ETA: 34s - loss: 1.5675 - acc: 0.4073
2784/3458 [=======================>......] - ETA: 32s - loss: 1.5634 - acc: 0.4080
2816/3458 [=======================>......] - ETA: 31s - loss: 1.5619 - acc: 0.4062
2848/3458 [=======================>......] - ETA: 29s - loss: 1.5622 - acc: 0.4052
2880/3458 [=======================>......] - ETA: 28s - loss: 1.5602 - acc: 0.4056
2912/3458 [========================>.....] - ETA: 26s - loss: 1.5584 - acc: 0.4062
2944/3458 [========================>.....] - ETA: 25s - loss: 1.5553 - acc: 0.4066
2976/3458 [========================>.....] - ETA: 23s - loss: 1.5511 - acc: 0.4086
3008/3458 [=========================>....] - ETA: 21s - loss: 1.5485 - acc: 0.4092
3040/3458 [=========================>....] - ETA: 20s - loss: 1.5449 - acc: 0.4109
3072/3458 [=========================>....] - ETA: 18s - loss: 1.5451 - acc: 0.4102
3104/3458 [=========================>....] - ETA: 17s - loss: 1.5417 - acc: 0.4108
3136/3458 [==========================>...] - ETA: 15s - loss: 1.5387 - acc: 0.4110
3168/3458 [==========================>...] - ETA: 14s - loss: 1.5368 - acc: 0.4094
3200/3458 [==========================>...] - ETA: 12s - loss: 1.5323 - acc: 0.4112
3232/3458 [===========================>..] - ETA: 11s - loss: 1.5291 - acc: 0.4115
3264/3458 [===========================>..] - ETA: 9s - loss: 1.5261 - acc: 0.4124 
3296/3458 [===========================>..] - ETA: 7s - loss: 1.5232 - acc: 0.4141
3328/3458 [===========================>..] - ETA: 6s - loss: 1.5203 - acc: 0.4156
3360/3458 [============================>.] - ETA: 4s - loss: 1.5204 - acc: 0.4137
3392/3458 [============================>.] - ETA: 3s - loss: 1.5181 - acc: 0.4139
3424/3458 [============================>.] - ETA: 1s - loss: 1.5169 - acc: 0.4147
3456/3458 [============================>.] - ETA: 0s - loss: 1.5143 - acc: 0.4158
3458/3458 [==============================] - 169s 49ms/sample - loss: 1.5139 - acc: 0.4158

 32/865 [>.............................] - ETA: 8s - loss: 1.0256 - acc: 0.6562
 64/865 [=>............................] - ETA: 7s - loss: 1.2734 - acc: 0.6094
 96/865 [==>...........................] - ETA: 6s - loss: 1.3039 - acc: 0.5729
128/865 [===>..........................] - ETA: 6s - loss: 1.2575 - acc: 0.5859
160/865 [====>.........................] - ETA: 6s - loss: 1.3361 - acc: 0.5625
192/865 [=====>........................] - ETA: 6s - loss: 1.3490 - acc: 0.5417
224/865 [======>.......................] - ETA: 5s - loss: 1.3212 - acc: 0.5491
256/865 [=======>......................] - ETA: 5s - loss: 1.2715 - acc: 0.5469
288/865 [========>.....................] - ETA: 5s - loss: 1.2547 - acc: 0.5417
320/865 [==========>...................] - ETA: 4s - loss: 1.2550 - acc: 0.5375
352/865 [===========>..................] - ETA: 4s - loss: 1.2514 - acc: 0.5284
384/865 [============>.................] - ETA: 4s - loss: 1.2578 - acc: 0.5156
416/865 [=============>................] - ETA: 3s - loss: 1.2735 - acc: 0.5144
448/865 [==============>...............] - ETA: 3s - loss: 1.3001 - acc: 0.5045
480/865 [===============>..............] - ETA: 3s - loss: 1.2993 - acc: 0.5000
512/865 [================>.............] - ETA: 3s - loss: 1.3207 - acc: 0.5059
544/865 [=================>............] - ETA: 2s - loss: 1.3188 - acc: 0.5055
576/865 [==================>...........] - ETA: 2s - loss: 1.3122 - acc: 0.5104
608/865 [====================>.........] - ETA: 2s - loss: 1.3098 - acc: 0.5066
640/865 [=====================>........] - ETA: 1s - loss: 1.2968 - acc: 0.5063
672/865 [======================>.......] - ETA: 1s - loss: 1.3069 - acc: 0.4970
704/865 [=======================>......] - ETA: 1s - loss: 1.3021 - acc: 0.4957
736/865 [========================>.....] - ETA: 1s - loss: 1.3221 - acc: 0.4864
768/865 [=========================>....] - ETA: 0s - loss: 1.3271 - acc: 0.4883
800/865 [==========================>...] - ETA: 0s - loss: 1.3295 - acc: 0.4938
832/865 [===========================>..] - ETA: 0s - loss: 1.3602 - acc: 0.4844
864/865 [============================>.] - ETA: 0s - loss: 1.3601 - acc: 0.4803
865/865 [==============================] - 8s 9ms/sample - loss: 1.3603 - acc: 0.4798

  32/3458 [..............................] - ETA: 2:44 - loss: 1.0787 - acc: 0.6562
  64/3458 [..............................] - ETA: 2:46 - loss: 1.3467 - acc: 0.5469
  96/3458 [..............................] - ETA: 2:43 - loss: 1.4077 - acc: 0.5417
 128/3458 [>.............................] - ETA: 2:41 - loss: 1.3615 - acc: 0.5312
 160/3458 [>.............................] - ETA: 2:39 - loss: 1.3433 - acc: 0.5437
 192/3458 [>.............................] - ETA: 2:38 - loss: 1.2920 - acc: 0.5260
 224/3458 [>.............................] - ETA: 2:37 - loss: 1.3035 - acc: 0.5268
 256/3458 [=>............................] - ETA: 2:35 - loss: 1.3095 - acc: 0.5117
 288/3458 [=>............................] - ETA: 2:34 - loss: 1.3083 - acc: 0.5069
 320/3458 [=>............................] - ETA: 2:32 - loss: 1.3274 - acc: 0.4969
 352/3458 [==>...........................] - ETA: 2:31 - loss: 1.3192 - acc: 0.5000
 384/3458 [==>...........................] - ETA: 2:29 - loss: 1.3213 - acc: 0.4948
 416/3458 [==>...........................] - ETA: 2:27 - loss: 1.3253 - acc: 0.4856
 448/3458 [==>...........................] - ETA: 2:26 - loss: 1.3234 - acc: 0.4888
 480/3458 [===>..........................] - ETA: 2:24 - loss: 1.3204 - acc: 0.4938
 512/3458 [===>..........................] - ETA: 2:22 - loss: 1.3182 - acc: 0.4941
 544/3458 [===>..........................] - ETA: 2:21 - loss: 1.3136 - acc: 0.4945
 576/3458 [===>..........................] - ETA: 2:20 - loss: 1.3104 - acc: 0.4983
 608/3458 [====>.........................] - ETA: 2:18 - loss: 1.2981 - acc: 0.5016
 640/3458 [====>.........................] - ETA: 2:16 - loss: 1.3023 - acc: 0.5047
 672/3458 [====>.........................] - ETA: 2:15 - loss: 1.2995 - acc: 0.5030
 704/3458 [=====>........................] - ETA: 2:13 - loss: 1.3072 - acc: 0.5043
 736/3458 [=====>........................] - ETA: 2:12 - loss: 1.2970 - acc: 0.5041
 768/3458 [=====>........................] - ETA: 2:10 - loss: 1.2879 - acc: 0.5065
 800/3458 [=====>........................] - ETA: 2:09 - loss: 1.2867 - acc: 0.5025
 832/3458 [======>.......................] - ETA: 2:07 - loss: 1.2787 - acc: 0.5024
 864/3458 [======>.......................] - ETA: 2:06 - loss: 1.2686 - acc: 0.5069
 896/3458 [======>.......................] - ETA: 2:04 - loss: 1.2630 - acc: 0.5089
 928/3458 [=======>......................] - ETA: 2:02 - loss: 1.2705 - acc: 0.5075
 960/3458 [=======>......................] - ETA: 2:01 - loss: 1.2740 - acc: 0.5083
 992/3458 [=======>......................] - ETA: 1:59 - loss: 1.2734 - acc: 0.5060
1024/3458 [=======>......................] - ETA: 1:58 - loss: 1.2645 - acc: 0.5088
1056/3458 [========>.....................] - ETA: 1:56 - loss: 1.2555 - acc: 0.5114
1088/3458 [========>.....................] - ETA: 1:55 - loss: 1.2450 - acc: 0.5147
1120/3458 [========>.....................] - ETA: 1:53 - loss: 1.2355 - acc: 0.5143
1152/3458 [========>.....................] - ETA: 1:52 - loss: 1.2354 - acc: 0.5165
1184/3458 [=========>....................] - ETA: 1:50 - loss: 1.2345 - acc: 0.5169
1216/3458 [=========>....................] - ETA: 1:48 - loss: 1.2323 - acc: 0.5164
1248/3458 [=========>....................] - ETA: 1:47 - loss: 1.2265 - acc: 0.5184
1280/3458 [==========>...................] - ETA: 1:45 - loss: 1.2204 - acc: 0.5211
1312/3458 [==========>...................] - ETA: 1:44 - loss: 1.2234 - acc: 0.5213
1344/3458 [==========>...................] - ETA: 1:42 - loss: 1.2273 - acc: 0.5216
1376/3458 [==========>...................] - ETA: 1:41 - loss: 1.2280 - acc: 0.5203
1408/3458 [===========>..................] - ETA: 1:39 - loss: 1.2221 - acc: 0.5241
1440/3458 [===========>..................] - ETA: 1:38 - loss: 1.2170 - acc: 0.5257
1472/3458 [===========>..................] - ETA: 1:36 - loss: 1.2188 - acc: 0.5258
1504/3458 [============>.................] - ETA: 1:34 - loss: 1.2173 - acc: 0.5266
1536/3458 [============>.................] - ETA: 1:33 - loss: 1.2120 - acc: 0.5267
1568/3458 [============>.................] - ETA: 1:31 - loss: 1.2097 - acc: 0.5287
1600/3458 [============>.................] - ETA: 1:30 - loss: 1.2050 - acc: 0.5294
1632/3458 [=============>................] - ETA: 1:28 - loss: 1.1990 - acc: 0.5306
1664/3458 [=============>................] - ETA: 1:27 - loss: 1.1975 - acc: 0.5306
1696/3458 [=============>................] - ETA: 1:25 - loss: 1.2118 - acc: 0.5259
1728/3458 [=============>................] - ETA: 1:24 - loss: 1.2090 - acc: 0.5255
1760/3458 [==============>...............] - ETA: 1:22 - loss: 1.2034 - acc: 0.5261
1792/3458 [==============>...............] - ETA: 1:20 - loss: 1.2049 - acc: 0.5262
1824/3458 [==============>...............] - ETA: 1:19 - loss: 1.2114 - acc: 0.5225
1856/3458 [===============>..............] - ETA: 1:17 - loss: 1.2087 - acc: 0.5221
1888/3458 [===============>..............] - ETA: 1:16 - loss: 1.2072 - acc: 0.5222
1920/3458 [===============>..............] - ETA: 1:14 - loss: 1.2072 - acc: 0.5208
1952/3458 [===============>..............] - ETA: 1:13 - loss: 1.2068 - acc: 0.5205
1984/3458 [================>.............] - ETA: 1:11 - loss: 1.2075 - acc: 0.5192
2016/3458 [================>.............] - ETA: 1:10 - loss: 1.2040 - acc: 0.5208
2048/3458 [================>.............] - ETA: 1:08 - loss: 1.2032 - acc: 0.5220
2080/3458 [=================>............] - ETA: 1:06 - loss: 1.2031 - acc: 0.5207
2112/3458 [=================>............] - ETA: 1:05 - loss: 1.2003 - acc: 0.5208
2144/3458 [=================>............] - ETA: 1:03 - loss: 1.1974 - acc: 0.5219
2176/3458 [=================>............] - ETA: 1:02 - loss: 1.1985 - acc: 0.5216
2208/3458 [==================>...........] - ETA: 1:00 - loss: 1.1963 - acc: 0.5231
2240/3458 [==================>...........] - ETA: 59s - loss: 1.1960 - acc: 0.5228 
2272/3458 [==================>...........] - ETA: 57s - loss: 1.1958 - acc: 0.5224
2304/3458 [==================>...........] - ETA: 56s - loss: 1.1937 - acc: 0.5230
2336/3458 [===================>..........] - ETA: 54s - loss: 1.1904 - acc: 0.5248
2368/3458 [===================>..........] - ETA: 52s - loss: 1.1898 - acc: 0.5236
2400/3458 [===================>..........] - ETA: 51s - loss: 1.1910 - acc: 0.5225
2432/3458 [====================>.........] - ETA: 49s - loss: 1.1904 - acc: 0.5226
2464/3458 [====================>.........] - ETA: 48s - loss: 1.1888 - acc: 0.5231
2496/3458 [====================>.........] - ETA: 46s - loss: 1.1879 - acc: 0.5232
2528/3458 [====================>.........] - ETA: 45s - loss: 1.1877 - acc: 0.5229
2560/3458 [=====================>........] - ETA: 43s - loss: 1.1887 - acc: 0.5234
2592/3458 [=====================>........] - ETA: 42s - loss: 1.1911 - acc: 0.5228
2624/3458 [=====================>........] - ETA: 40s - loss: 1.1913 - acc: 0.5232
2656/3458 [======================>.......] - ETA: 39s - loss: 1.1908 - acc: 0.5226
2688/3458 [======================>.......] - ETA: 37s - loss: 1.1892 - acc: 0.5231
2720/3458 [======================>.......] - ETA: 35s - loss: 1.1913 - acc: 0.5210
2752/3458 [======================>.......] - ETA: 34s - loss: 1.1909 - acc: 0.5207
2784/3458 [=======================>......] - ETA: 32s - loss: 1.1885 - acc: 0.5230
2816/3458 [=======================>......] - ETA: 31s - loss: 1.1917 - acc: 0.5224
2848/3458 [=======================>......] - ETA: 29s - loss: 1.1910 - acc: 0.5232
2880/3458 [=======================>......] - ETA: 28s - loss: 1.1925 - acc: 0.5222
2912/3458 [========================>.....] - ETA: 26s - loss: 1.1907 - acc: 0.5209
2944/3458 [========================>.....] - ETA: 24s - loss: 1.1893 - acc: 0.5221
2976/3458 [========================>.....] - ETA: 23s - loss: 1.1913 - acc: 0.5208
3008/3458 [=========================>....] - ETA: 21s - loss: 1.1916 - acc: 0.5213
3040/3458 [=========================>....] - ETA: 20s - loss: 1.1925 - acc: 0.5201
3072/3458 [=========================>....] - ETA: 18s - loss: 1.1925 - acc: 0.5205
3104/3458 [=========================>....] - ETA: 17s - loss: 1.1933 - acc: 0.5213
3136/3458 [==========================>...] - ETA: 15s - loss: 1.1911 - acc: 0.5233
3168/3458 [==========================>...] - ETA: 14s - loss: 1.1893 - acc: 0.5234
3200/3458 [==========================>...] - ETA: 12s - loss: 1.1891 - acc: 0.5228
3232/3458 [===========================>..] - ETA: 10s - loss: 1.1910 - acc: 0.5226
3264/3458 [===========================>..] - ETA: 9s - loss: 1.1896 - acc: 0.5227 
3296/3458 [===========================>..] - ETA: 7s - loss: 1.1914 - acc: 0.5221
3328/3458 [===========================>..] - ETA: 6s - loss: 1.1895 - acc: 0.5240
3360/3458 [============================>.] - ETA: 4s - loss: 1.1896 - acc: 0.5241
3392/3458 [============================>.] - ETA: 3s - loss: 1.1884 - acc: 0.5245
3424/3458 [============================>.] - ETA: 1s - loss: 1.1879 - acc: 0.5245
3456/3458 [============================>.] - ETA: 0s - loss: 1.1879 - acc: 0.5246
3458/3458 [==============================] - 169s 49ms/sample - loss: 1.1879 - acc: 0.5246

 32/865 [>.............................] - ETA: 7s - loss: 0.8683 - acc: 0.8438
 64/865 [=>............................] - ETA: 6s - loss: 0.9932 - acc: 0.7656
 96/865 [==>...........................] - ETA: 6s - loss: 1.0033 - acc: 0.7396
128/865 [===>..........................] - ETA: 6s - loss: 1.0238 - acc: 0.7188
160/865 [====>.........................] - ETA: 6s - loss: 1.0638 - acc: 0.6938
192/865 [=====>........................] - ETA: 5s - loss: 1.0753 - acc: 0.6667
224/865 [======>.......................] - ETA: 5s - loss: 1.0715 - acc: 0.6652
256/865 [=======>......................] - ETA: 5s - loss: 1.0502 - acc: 0.6719
288/865 [========>.....................] - ETA: 5s - loss: 1.0406 - acc: 0.6701
320/865 [==========>...................] - ETA: 4s - loss: 1.0450 - acc: 0.6562
352/865 [===========>..................] - ETA: 4s - loss: 1.0404 - acc: 0.6506
384/865 [============>.................] - ETA: 4s - loss: 1.0417 - acc: 0.6484
416/865 [=============>................] - ETA: 3s - loss: 1.0486 - acc: 0.6346
448/865 [==============>...............] - ETA: 3s - loss: 1.0629 - acc: 0.6228
480/865 [===============>..............] - ETA: 3s - loss: 1.0668 - acc: 0.6146
512/865 [================>.............] - ETA: 3s - loss: 1.0804 - acc: 0.6152
544/865 [=================>............] - ETA: 2s - loss: 1.0735 - acc: 0.6195
576/865 [==================>...........] - ETA: 2s - loss: 1.0725 - acc: 0.6215
608/865 [====================>.........] - ETA: 2s - loss: 1.0730 - acc: 0.6217
640/865 [=====================>........] - ETA: 1s - loss: 1.0736 - acc: 0.6203
672/865 [======================>.......] - ETA: 1s - loss: 1.0822 - acc: 0.6101
704/865 [=======================>......] - ETA: 1s - loss: 1.0764 - acc: 0.6122
736/865 [========================>.....] - ETA: 1s - loss: 1.0831 - acc: 0.6073
768/865 [=========================>....] - ETA: 0s - loss: 1.0859 - acc: 0.6081
800/865 [==========================>...] - ETA: 0s - loss: 1.0871 - acc: 0.6112
832/865 [===========================>..] - ETA: 0s - loss: 1.1047 - acc: 0.6046
864/865 [============================>.] - ETA: 0s - loss: 1.1120 - acc: 0.5972
865/865 [==============================] - 8s 9ms/sample - loss: 1.1112 - acc: 0.5977

  32/3458 [..............................] - ETA: 2:44 - loss: 1.0609 - acc: 0.6562
  64/3458 [..............................] - ETA: 2:45 - loss: 1.0137 - acc: 0.6250
  96/3458 [..............................] - ETA: 2:43 - loss: 1.0102 - acc: 0.6146
 128/3458 [>.............................] - ETA: 2:42 - loss: 1.0705 - acc: 0.5703
 160/3458 [>.............................] - ETA: 2:40 - loss: 1.1599 - acc: 0.5437
 192/3458 [>.............................] - ETA: 2:38 - loss: 1.1673 - acc: 0.5677
 224/3458 [>.............................] - ETA: 2:37 - loss: 1.1449 - acc: 0.5670
 256/3458 [=>............................] - ETA: 2:35 - loss: 1.1539 - acc: 0.5586
 288/3458 [=>............................] - ETA: 2:33 - loss: 1.1297 - acc: 0.5660
 320/3458 [=>............................] - ETA: 2:32 - loss: 1.1183 - acc: 0.5688
 352/3458 [==>...........................] - ETA: 2:30 - loss: 1.0905 - acc: 0.5682
 384/3458 [==>...........................] - ETA: 2:29 - loss: 1.0805 - acc: 0.5729
 416/3458 [==>...........................] - ETA: 2:27 - loss: 1.0960 - acc: 0.5649
 448/3458 [==>...........................] - ETA: 2:26 - loss: 1.1129 - acc: 0.5625
 480/3458 [===>..........................] - ETA: 2:24 - loss: 1.1223 - acc: 0.5562
 512/3458 [===>..........................] - ETA: 2:23 - loss: 1.1207 - acc: 0.5605
 544/3458 [===>..........................] - ETA: 2:21 - loss: 1.1210 - acc: 0.5588
 576/3458 [===>..........................] - ETA: 2:20 - loss: 1.1124 - acc: 0.5556
 608/3458 [====>.........................] - ETA: 2:18 - loss: 1.1069 - acc: 0.5674
 640/3458 [====>.........................] - ETA: 2:17 - loss: 1.1150 - acc: 0.5641
 672/3458 [====>.........................] - ETA: 2:15 - loss: 1.1180 - acc: 0.5610
 704/3458 [=====>........................] - ETA: 2:13 - loss: 1.1234 - acc: 0.5639
 736/3458 [=====>........................] - ETA: 2:12 - loss: 1.1150 - acc: 0.5734
 768/3458 [=====>........................] - ETA: 2:10 - loss: 1.1138 - acc: 0.5716
 800/3458 [=====>........................] - ETA: 2:09 - loss: 1.1125 - acc: 0.5700
 832/3458 [======>.......................] - ETA: 2:07 - loss: 1.1165 - acc: 0.5697
 864/3458 [======>.......................] - ETA: 2:06 - loss: 1.1105 - acc: 0.5706
 896/3458 [======>.......................] - ETA: 2:04 - loss: 1.1115 - acc: 0.5714
 928/3458 [=======>......................] - ETA: 2:03 - loss: 1.1050 - acc: 0.5754
 960/3458 [=======>......................] - ETA: 2:01 - loss: 1.1097 - acc: 0.5750
 992/3458 [=======>......................] - ETA: 1:59 - loss: 1.1015 - acc: 0.5756
1024/3458 [=======>......................] - ETA: 1:58 - loss: 1.1051 - acc: 0.5732
1056/3458 [========>.....................] - ETA: 1:56 - loss: 1.1059 - acc: 0.5701
1088/3458 [========>.....................] - ETA: 1:55 - loss: 1.1026 - acc: 0.5708
1120/3458 [========>.....................] - ETA: 1:53 - loss: 1.0987 - acc: 0.5714
1152/3458 [========>.....................] - ETA: 1:52 - loss: 1.0978 - acc: 0.5694
1184/3458 [=========>....................] - ETA: 1:50 - loss: 1.0945 - acc: 0.5709
1216/3458 [=========>....................] - ETA: 1:49 - loss: 1.0909 - acc: 0.5691
1248/3458 [=========>....................] - ETA: 1:47 - loss: 1.0934 - acc: 0.5681
1280/3458 [==========>...................] - ETA: 1:45 - loss: 1.0877 - acc: 0.5695
1312/3458 [==========>...................] - ETA: 1:44 - loss: 1.0842 - acc: 0.5678
1344/3458 [==========>...................] - ETA: 1:42 - loss: 1.0815 - acc: 0.5670
1376/3458 [==========>...................] - ETA: 1:41 - loss: 1.0800 - acc: 0.5676
1408/3458 [===========>..................] - ETA: 1:39 - loss: 1.0785 - acc: 0.5661
1440/3458 [===========>..................] - ETA: 1:38 - loss: 1.0806 - acc: 0.5646
1472/3458 [===========>..................] - ETA: 1:36 - loss: 1.0762 - acc: 0.5659
1504/3458 [============>.................] - ETA: 1:35 - loss: 1.0758 - acc: 0.5618
1536/3458 [============>.................] - ETA: 1:33 - loss: 1.0792 - acc: 0.5625
1568/3458 [============>.................] - ETA: 1:31 - loss: 1.0722 - acc: 0.5663
1600/3458 [============>.................] - ETA: 1:30 - loss: 1.0722 - acc: 0.5669
1632/3458 [=============>................] - ETA: 1:28 - loss: 1.0752 - acc: 0.5662
1664/3458 [=============>................] - ETA: 1:27 - loss: 1.0770 - acc: 0.5667
1696/3458 [=============>................] - ETA: 1:25 - loss: 1.0819 - acc: 0.5654
1728/3458 [=============>................] - ETA: 1:24 - loss: 1.0812 - acc: 0.5648
1760/3458 [==============>...............] - ETA: 1:22 - loss: 1.0790 - acc: 0.5653
1792/3458 [==============>...............] - ETA: 1:21 - loss: 1.0756 - acc: 0.5675
1824/3458 [==============>...............] - ETA: 1:19 - loss: 1.0764 - acc: 0.5658
1856/3458 [===============>..............] - ETA: 1:17 - loss: 1.0786 - acc: 0.5652
1888/3458 [===============>..............] - ETA: 1:16 - loss: 1.0774 - acc: 0.5657
1920/3458 [===============>..............] - ETA: 1:14 - loss: 1.0776 - acc: 0.5646
1952/3458 [===============>..............] - ETA: 1:13 - loss: 1.0755 - acc: 0.5671
1984/3458 [================>.............] - ETA: 1:11 - loss: 1.0705 - acc: 0.5685
2016/3458 [================>.............] - ETA: 1:10 - loss: 1.0675 - acc: 0.5704
2048/3458 [================>.............] - ETA: 1:08 - loss: 1.0669 - acc: 0.5708
2080/3458 [=================>............] - ETA: 1:07 - loss: 1.0632 - acc: 0.5731
2112/3458 [=================>............] - ETA: 1:05 - loss: 1.0595 - acc: 0.5748
2144/3458 [=================>............] - ETA: 1:03 - loss: 1.0556 - acc: 0.5774
2176/3458 [=================>............] - ETA: 1:02 - loss: 1.0600 - acc: 0.5754
2208/3458 [==================>...........] - ETA: 1:00 - loss: 1.0587 - acc: 0.5770
2240/3458 [==================>...........] - ETA: 59s - loss: 1.0595 - acc: 0.5768 
2272/3458 [==================>...........] - ETA: 57s - loss: 1.0603 - acc: 0.5766
2304/3458 [==================>...........] - ETA: 56s - loss: 1.0606 - acc: 0.5764
2336/3458 [===================>..........] - ETA: 54s - loss: 1.0595 - acc: 0.5762
2368/3458 [===================>..........] - ETA: 53s - loss: 1.0612 - acc: 0.5743
2400/3458 [===================>..........] - ETA: 51s - loss: 1.0615 - acc: 0.5738
2432/3458 [====================>.........] - ETA: 49s - loss: 1.0616 - acc: 0.5736
2464/3458 [====================>.........] - ETA: 48s - loss: 1.0622 - acc: 0.5735
2496/3458 [====================>.........] - ETA: 46s - loss: 1.0600 - acc: 0.5737
2528/3458 [====================>.........] - ETA: 45s - loss: 1.0613 - acc: 0.5748
2560/3458 [=====================>........] - ETA: 43s - loss: 1.0586 - acc: 0.5766
2592/3458 [=====================>........] - ETA: 42s - loss: 1.0565 - acc: 0.5779
2624/3458 [=====================>........] - ETA: 40s - loss: 1.0537 - acc: 0.5785
2656/3458 [======================>.......] - ETA: 39s - loss: 1.0530 - acc: 0.5772
2688/3458 [======================>.......] - ETA: 37s - loss: 1.0510 - acc: 0.5781
2720/3458 [======================>.......] - ETA: 35s - loss: 1.0501 - acc: 0.5787
2752/3458 [======================>.......] - ETA: 34s - loss: 1.0503 - acc: 0.5789
2784/3458 [=======================>......] - ETA: 32s - loss: 1.0496 - acc: 0.5787
2816/3458 [=======================>......] - ETA: 31s - loss: 1.0492 - acc: 0.5795
2848/3458 [=======================>......] - ETA: 29s - loss: 1.0553 - acc: 0.5783
2880/3458 [=======================>......] - ETA: 28s - loss: 1.0546 - acc: 0.5792
2912/3458 [========================>.....] - ETA: 26s - loss: 1.0579 - acc: 0.5780
2944/3458 [========================>.....] - ETA: 25s - loss: 1.0560 - acc: 0.5795
2976/3458 [========================>.....] - ETA: 23s - loss: 1.0529 - acc: 0.5806
3008/3458 [=========================>....] - ETA: 21s - loss: 1.0555 - acc: 0.5798
3040/3458 [=========================>....] - ETA: 20s - loss: 1.0547 - acc: 0.5809
3072/3458 [=========================>....] - ETA: 18s - loss: 1.0533 - acc: 0.5807
3104/3458 [=========================>....] - ETA: 17s - loss: 1.0534 - acc: 0.5805
3136/3458 [==========================>...] - ETA: 15s - loss: 1.0509 - acc: 0.5820
3168/3458 [==========================>...] - ETA: 14s - loss: 1.0536 - acc: 0.5811
3200/3458 [==========================>...] - ETA: 12s - loss: 1.0529 - acc: 0.5816
3232/3458 [===========================>..] - ETA: 11s - loss: 1.0538 - acc: 0.5811
3264/3458 [===========================>..] - ETA: 9s - loss: 1.0540 - acc: 0.5806 
3296/3458 [===========================>..] - ETA: 7s - loss: 1.0529 - acc: 0.5810
3328/3458 [===========================>..] - ETA: 6s - loss: 1.0487 - acc: 0.5835
3360/3458 [============================>.] - ETA: 4s - loss: 1.0467 - acc: 0.5845
3392/3458 [============================>.] - ETA: 3s - loss: 1.0442 - acc: 0.5864
3424/3458 [============================>.] - ETA: 1s - loss: 1.0471 - acc: 0.5856
3456/3458 [============================>.] - ETA: 0s - loss: 1.0478 - acc: 0.5845
3458/3458 [==============================] - 169s 49ms/sample - loss: 1.0476 - acc: 0.5844

 32/865 [>.............................] - ETA: 7s - loss: 0.7580 - acc: 0.6875
 64/865 [=>............................] - ETA: 7s - loss: 0.8726 - acc: 0.6719
 96/865 [==>...........................] - ETA: 6s - loss: 0.9091 - acc: 0.6250
128/865 [===>..........................] - ETA: 6s - loss: 0.9818 - acc: 0.6172
160/865 [====>.........................] - ETA: 6s - loss: 1.0230 - acc: 0.6125
192/865 [=====>........................] - ETA: 5s - loss: 1.0560 - acc: 0.5833
224/865 [======>.......................] - ETA: 5s - loss: 1.0538 - acc: 0.5848
256/865 [=======>......................] - ETA: 5s - loss: 1.0340 - acc: 0.5898
288/865 [========>.....................] - ETA: 5s - loss: 1.0085 - acc: 0.5938
320/865 [==========>...................] - ETA: 4s - loss: 1.0077 - acc: 0.5969
352/865 [===========>..................] - ETA: 4s - loss: 1.0127 - acc: 0.5852
384/865 [============>.................] - ETA: 4s - loss: 0.9969 - acc: 0.5911
416/865 [=============>................] - ETA: 3s - loss: 0.9843 - acc: 0.5938
448/865 [==============>...............] - ETA: 3s - loss: 0.9948 - acc: 0.5893
480/865 [===============>..............] - ETA: 3s - loss: 1.0045 - acc: 0.5833
512/865 [================>.............] - ETA: 3s - loss: 1.0177 - acc: 0.5781
544/865 [=================>............] - ETA: 2s - loss: 1.0045 - acc: 0.5882
576/865 [==================>...........] - ETA: 2s - loss: 1.0132 - acc: 0.5851
608/865 [====================>.........] - ETA: 2s - loss: 1.0202 - acc: 0.5839
640/865 [=====================>........] - ETA: 1s - loss: 1.0265 - acc: 0.5797
672/865 [======================>.......] - ETA: 1s - loss: 1.0384 - acc: 0.5744
704/865 [=======================>......] - ETA: 1s - loss: 1.0277 - acc: 0.5810
736/865 [========================>.....] - ETA: 1s - loss: 1.0262 - acc: 0.5829
768/865 [=========================>....] - ETA: 0s - loss: 1.0217 - acc: 0.5859
800/865 [==========================>...] - ETA: 0s - loss: 1.0212 - acc: 0.5938
832/865 [===========================>..] - ETA: 0s - loss: 1.0316 - acc: 0.5889
864/865 [============================>.] - ETA: 0s - loss: 1.0379 - acc: 0.5903
865/865 [==============================] - 8s 9ms/sample - loss: 1.0369 - acc: 0.5908

  32/3458 [..............................] - ETA: 2:42 - loss: 0.9560 - acc: 0.6250
  64/3458 [..............................] - ETA: 2:43 - loss: 0.8796 - acc: 0.6875
  96/3458 [..............................] - ETA: 2:42 - loss: 0.9019 - acc: 0.6667
 128/3458 [>.............................] - ETA: 2:40 - loss: 0.9000 - acc: 0.6562
 160/3458 [>.............................] - ETA: 2:38 - loss: 0.9343 - acc: 0.6500
 192/3458 [>.............................] - ETA: 2:38 - loss: 0.9265 - acc: 0.6354
 224/3458 [>.............................] - ETA: 2:36 - loss: 0.9348 - acc: 0.6250
 256/3458 [=>............................] - ETA: 2:34 - loss: 0.9056 - acc: 0.6328
 288/3458 [=>............................] - ETA: 2:33 - loss: 0.9082 - acc: 0.6319
 320/3458 [=>............................] - ETA: 2:31 - loss: 0.9040 - acc: 0.6250
 352/3458 [==>...........................] - ETA: 2:30 - loss: 0.9239 - acc: 0.6222
 384/3458 [==>...........................] - ETA: 2:28 - loss: 0.9152 - acc: 0.6250
 416/3458 [==>...........................] - ETA: 2:27 - loss: 0.9281 - acc: 0.6154
 448/3458 [==>...........................] - ETA: 2:25 - loss: 0.9172 - acc: 0.6250
 480/3458 [===>..........................] - ETA: 2:24 - loss: 0.9163 - acc: 0.6250
 512/3458 [===>..........................] - ETA: 2:22 - loss: 0.9026 - acc: 0.6406
 544/3458 [===>..........................] - ETA: 2:21 - loss: 0.8970 - acc: 0.6434
 576/3458 [===>..........................] - ETA: 2:19 - loss: 0.8939 - acc: 0.6424
 608/3458 [====>.........................] - ETA: 2:18 - loss: 0.8900 - acc: 0.6414
 640/3458 [====>.........................] - ETA: 2:16 - loss: 0.8984 - acc: 0.6391
 672/3458 [====>.........................] - ETA: 2:15 - loss: 0.8991 - acc: 0.6399
 704/3458 [=====>........................] - ETA: 2:13 - loss: 0.8939 - acc: 0.6406
 736/3458 [=====>........................] - ETA: 2:11 - loss: 0.8961 - acc: 0.6413
 768/3458 [=====>........................] - ETA: 2:10 - loss: 0.9083 - acc: 0.6393
 800/3458 [=====>........................] - ETA: 2:08 - loss: 0.9049 - acc: 0.6413
 832/3458 [======>.......................] - ETA: 2:07 - loss: 0.8989 - acc: 0.6418
 864/3458 [======>.......................] - ETA: 2:05 - loss: 0.8906 - acc: 0.6447
 896/3458 [======>.......................] - ETA: 2:04 - loss: 0.8937 - acc: 0.6451
 928/3458 [=======>......................] - ETA: 2:02 - loss: 0.8872 - acc: 0.6487
 960/3458 [=======>......................] - ETA: 2:01 - loss: 0.8893 - acc: 0.6521
 992/3458 [=======>......................] - ETA: 1:59 - loss: 0.8876 - acc: 0.6562
1024/3458 [=======>......................] - ETA: 1:58 - loss: 0.8877 - acc: 0.6543
1056/3458 [========>.....................] - ETA: 1:56 - loss: 0.8892 - acc: 0.6515
1088/3458 [========>.....................] - ETA: 1:55 - loss: 0.8904 - acc: 0.6480
1120/3458 [========>.....................] - ETA: 1:53 - loss: 0.8917 - acc: 0.6500
1152/3458 [========>.....................] - ETA: 1:52 - loss: 0.8849 - acc: 0.6510
1184/3458 [=========>....................] - ETA: 1:50 - loss: 0.8782 - acc: 0.6554
1216/3458 [=========>....................] - ETA: 1:48 - loss: 0.8837 - acc: 0.6513
1248/3458 [=========>....................] - ETA: 1:47 - loss: 0.8827 - acc: 0.6522
1280/3458 [==========>...................] - ETA: 1:45 - loss: 0.8797 - acc: 0.6539
1312/3458 [==========>...................] - ETA: 1:44 - loss: 0.8779 - acc: 0.6555
1344/3458 [==========>...................] - ETA: 1:42 - loss: 0.8773 - acc: 0.6562
1376/3458 [==========>...................] - ETA: 1:41 - loss: 0.8785 - acc: 0.6555
1408/3458 [===========>..................] - ETA: 1:39 - loss: 0.8746 - acc: 0.6577
1440/3458 [===========>..................] - ETA: 1:38 - loss: 0.8771 - acc: 0.6569
1472/3458 [===========>..................] - ETA: 1:36 - loss: 0.8807 - acc: 0.6562
1504/3458 [============>.................] - ETA: 1:34 - loss: 0.8804 - acc: 0.6562
1536/3458 [============>.................] - ETA: 1:33 - loss: 0.8787 - acc: 0.6576
1568/3458 [============>.................] - ETA: 1:31 - loss: 0.8779 - acc: 0.6562
1600/3458 [============>.................] - ETA: 1:30 - loss: 0.8787 - acc: 0.6550
1632/3458 [=============>................] - ETA: 1:28 - loss: 0.8775 - acc: 0.6562
1664/3458 [=============>................] - ETA: 1:27 - loss: 0.8763 - acc: 0.6569
1696/3458 [=============>................] - ETA: 1:25 - loss: 0.8781 - acc: 0.6562
1728/3458 [=============>................] - ETA: 1:24 - loss: 0.8793 - acc: 0.6557
1760/3458 [==============>...............] - ETA: 1:22 - loss: 0.8821 - acc: 0.6528
1792/3458 [==============>...............] - ETA: 1:20 - loss: 0.8907 - acc: 0.6501
1824/3458 [==============>...............] - ETA: 1:19 - loss: 0.8883 - acc: 0.6497
1856/3458 [===============>..............] - ETA: 1:17 - loss: 0.8889 - acc: 0.6498
1888/3458 [===============>..............] - ETA: 1:16 - loss: 0.8948 - acc: 0.6472
1920/3458 [===============>..............] - ETA: 1:14 - loss: 0.8966 - acc: 0.6453
1952/3458 [===============>..............] - ETA: 1:13 - loss: 0.8960 - acc: 0.6455
1984/3458 [================>.............] - ETA: 1:11 - loss: 0.8931 - acc: 0.6462
2016/3458 [================>.............] - ETA: 1:10 - loss: 0.8971 - acc: 0.6458
2048/3458 [================>.............] - ETA: 1:08 - loss: 0.8953 - acc: 0.6475
2080/3458 [=================>............] - ETA: 1:06 - loss: 0.8949 - acc: 0.6471
2112/3458 [=================>............] - ETA: 1:05 - loss: 0.8971 - acc: 0.6473
2144/3458 [=================>............] - ETA: 1:03 - loss: 0.9002 - acc: 0.6465
2176/3458 [=================>............] - ETA: 1:02 - loss: 0.8958 - acc: 0.6484
2208/3458 [==================>...........] - ETA: 1:00 - loss: 0.8992 - acc: 0.6486
2240/3458 [==================>...........] - ETA: 59s - loss: 0.9013 - acc: 0.6469 
2272/3458 [==================>...........] - ETA: 57s - loss: 0.9014 - acc: 0.6466
2304/3458 [==================>...........] - ETA: 56s - loss: 0.8992 - acc: 0.6471
2336/3458 [===================>..........] - ETA: 54s - loss: 0.9000 - acc: 0.6468
2368/3458 [===================>..........] - ETA: 53s - loss: 0.9000 - acc: 0.6482
2400/3458 [===================>..........] - ETA: 51s - loss: 0.9010 - acc: 0.6483
2432/3458 [====================>.........] - ETA: 49s - loss: 0.8985 - acc: 0.6488
2464/3458 [====================>.........] - ETA: 48s - loss: 0.8985 - acc: 0.6481
2496/3458 [====================>.........] - ETA: 46s - loss: 0.8982 - acc: 0.6490
2528/3458 [====================>.........] - ETA: 45s - loss: 0.8974 - acc: 0.6491
2560/3458 [=====================>........] - ETA: 43s - loss: 0.8976 - acc: 0.6492
2592/3458 [=====================>........] - ETA: 42s - loss: 0.8976 - acc: 0.6493
2624/3458 [=====================>........] - ETA: 40s - loss: 0.8976 - acc: 0.6502
2656/3458 [======================>.......] - ETA: 39s - loss: 0.8967 - acc: 0.6498
2688/3458 [======================>.......] - ETA: 37s - loss: 0.8968 - acc: 0.6503
2720/3458 [======================>.......] - ETA: 35s - loss: 0.8986 - acc: 0.6489
2752/3458 [======================>.......] - ETA: 34s - loss: 0.8989 - acc: 0.6486
2784/3458 [=======================>......] - ETA: 32s - loss: 0.8980 - acc: 0.6501
2816/3458 [=======================>......] - ETA: 31s - loss: 0.8981 - acc: 0.6495
2848/3458 [=======================>......] - ETA: 29s - loss: 0.9039 - acc: 0.6471
2880/3458 [=======================>......] - ETA: 28s - loss: 0.9060 - acc: 0.6469
2912/3458 [========================>.....] - ETA: 26s - loss: 0.9064 - acc: 0.6470
2944/3458 [========================>.....] - ETA: 25s - loss: 0.9105 - acc: 0.6467
2976/3458 [========================>.....] - ETA: 23s - loss: 0.9108 - acc: 0.6458
3008/3458 [=========================>....] - ETA: 21s - loss: 0.9113 - acc: 0.6446
3040/3458 [=========================>....] - ETA: 20s - loss: 0.9123 - acc: 0.6444
3072/3458 [=========================>....] - ETA: 18s - loss: 0.9108 - acc: 0.6445
3104/3458 [=========================>....] - ETA: 17s - loss: 0.9112 - acc: 0.6447
3136/3458 [==========================>...] - ETA: 15s - loss: 0.9105 - acc: 0.6457
3168/3458 [==========================>...] - ETA: 14s - loss: 0.9117 - acc: 0.6452
3200/3458 [==========================>...] - ETA: 12s - loss: 0.9106 - acc: 0.6447
3232/3458 [===========================>..] - ETA: 11s - loss: 0.9116 - acc: 0.6442
3264/3458 [===========================>..] - ETA: 9s - loss: 0.9102 - acc: 0.6443 
3296/3458 [===========================>..] - ETA: 7s - loss: 0.9092 - acc: 0.6447
3328/3458 [===========================>..] - ETA: 6s - loss: 0.9090 - acc: 0.6448
3360/3458 [============================>.] - ETA: 4s - loss: 0.9076 - acc: 0.6458
3392/3458 [============================>.] - ETA: 3s - loss: 0.9066 - acc: 0.6465
3424/3458 [============================>.] - ETA: 1s - loss: 0.9034 - acc: 0.6481
3456/3458 [============================>.] - ETA: 0s - loss: 0.9027 - acc: 0.6481
3458/3458 [==============================] - 169s 49ms/sample - loss: 0.9025 - acc: 0.6484

 32/865 [>.............................] - ETA: 7s - loss: 0.7277 - acc: 0.7188
 64/865 [=>............................] - ETA: 7s - loss: 0.8272 - acc: 0.6719
 96/865 [==>...........................] - ETA: 6s - loss: 0.8278 - acc: 0.6562
128/865 [===>..........................] - ETA: 6s - loss: 0.8784 - acc: 0.6406
160/865 [====>.........................] - ETA: 6s - loss: 0.9760 - acc: 0.6250
192/865 [=====>........................] - ETA: 5s - loss: 1.0324 - acc: 0.5938
224/865 [======>.......................] - ETA: 5s - loss: 1.0139 - acc: 0.6071
256/865 [=======>......................] - ETA: 5s - loss: 0.9848 - acc: 0.6094
288/865 [========>.....................] - ETA: 5s - loss: 0.9613 - acc: 0.6146
320/865 [==========>...................] - ETA: 4s - loss: 0.9663 - acc: 0.6125
352/865 [===========>..................] - ETA: 4s - loss: 0.9771 - acc: 0.6051
384/865 [============>.................] - ETA: 4s - loss: 0.9674 - acc: 0.6094
416/865 [=============>................] - ETA: 3s - loss: 0.9516 - acc: 0.6202
448/865 [==============>...............] - ETA: 3s - loss: 0.9674 - acc: 0.6138
480/865 [===============>..............] - ETA: 3s - loss: 0.9720 - acc: 0.6062
512/865 [================>.............] - ETA: 3s - loss: 0.9794 - acc: 0.6113
544/865 [=================>............] - ETA: 2s - loss: 0.9668 - acc: 0.6195
576/865 [==================>...........] - ETA: 2s - loss: 0.9823 - acc: 0.6198
608/865 [====================>.........] - ETA: 2s - loss: 0.9966 - acc: 0.6069
640/865 [=====================>........] - ETA: 1s - loss: 0.9965 - acc: 0.6062
672/865 [======================>.......] - ETA: 1s - loss: 1.0100 - acc: 0.5997
704/865 [=======================>......] - ETA: 1s - loss: 1.0030 - acc: 0.5994
736/865 [========================>.....] - ETA: 1s - loss: 1.0045 - acc: 0.5965
768/865 [=========================>....] - ETA: 0s - loss: 0.9991 - acc: 0.6003
800/865 [==========================>...] - ETA: 0s - loss: 0.9944 - acc: 0.6037
832/865 [===========================>..] - ETA: 0s - loss: 1.0076 - acc: 0.6022
864/865 [============================>.] - ETA: 0s - loss: 1.0154 - acc: 0.6007
865/865 [==============================] - 8s 9ms/sample - loss: 1.0145 - acc: 0.6012

  32/3458 [..............................] - ETA: 2:47 - loss: 0.8548 - acc: 0.6562
  64/3458 [..............................] - ETA: 2:44 - loss: 0.8046 - acc: 0.6875
  96/3458 [..............................] - ETA: 2:43 - loss: 0.8138 - acc: 0.6562
 128/3458 [>.............................] - ETA: 2:42 - loss: 0.7282 - acc: 0.7031
 160/3458 [>.............................] - ETA: 2:40 - loss: 0.7203 - acc: 0.7188
 192/3458 [>.............................] - ETA: 2:38 - loss: 0.7188 - acc: 0.7292
 224/3458 [>.............................] - ETA: 2:36 - loss: 0.7227 - acc: 0.7321
 256/3458 [=>............................] - ETA: 2:35 - loss: 0.7634 - acc: 0.7344
 288/3458 [=>............................] - ETA: 2:34 - loss: 0.7634 - acc: 0.7361
 320/3458 [=>............................] - ETA: 2:32 - loss: 0.7990 - acc: 0.7281
 352/3458 [==>...........................] - ETA: 2:30 - loss: 0.7740 - acc: 0.7443
 384/3458 [==>...........................] - ETA: 2:29 - loss: 0.7896 - acc: 0.7318
 416/3458 [==>...........................] - ETA: 2:27 - loss: 0.8109 - acc: 0.7163
 448/3458 [==>...........................] - ETA: 2:26 - loss: 0.8065 - acc: 0.7165
 480/3458 [===>..........................] - ETA: 2:24 - loss: 0.8130 - acc: 0.7188
 512/3458 [===>..........................] - ETA: 2:23 - loss: 0.8014 - acc: 0.7207
 544/3458 [===>..........................] - ETA: 2:21 - loss: 0.8005 - acc: 0.7188
 576/3458 [===>..........................] - ETA: 2:20 - loss: 0.8102 - acc: 0.7153
 608/3458 [====>.........................] - ETA: 2:18 - loss: 0.8148 - acc: 0.7122
 640/3458 [====>.........................] - ETA: 2:17 - loss: 0.8026 - acc: 0.7125
 672/3458 [====>.........................] - ETA: 2:15 - loss: 0.7935 - acc: 0.7158
 704/3458 [=====>........................] - ETA: 2:13 - loss: 0.7840 - acc: 0.7145
 736/3458 [=====>........................] - ETA: 2:12 - loss: 0.7923 - acc: 0.7079
 768/3458 [=====>........................] - ETA: 2:10 - loss: 0.7973 - acc: 0.7057
 800/3458 [=====>........................] - ETA: 2:09 - loss: 0.7918 - acc: 0.7038
 832/3458 [======>.......................] - ETA: 2:07 - loss: 0.8014 - acc: 0.6983
 864/3458 [======>.......................] - ETA: 2:06 - loss: 0.8036 - acc: 0.6944
 896/3458 [======>.......................] - ETA: 2:04 - loss: 0.8079 - acc: 0.6942
 928/3458 [=======>......................] - ETA: 2:02 - loss: 0.8041 - acc: 0.6907
 960/3458 [=======>......................] - ETA: 2:01 - loss: 0.7975 - acc: 0.6958
 992/3458 [=======>......................] - ETA: 1:59 - loss: 0.7895 - acc: 0.6976
1024/3458 [=======>......................] - ETA: 1:58 - loss: 0.7787 - acc: 0.7031
1056/3458 [========>.....................] - ETA: 1:56 - loss: 0.7767 - acc: 0.7027
1088/3458 [========>.....................] - ETA: 1:55 - loss: 0.7765 - acc: 0.7022
1120/3458 [========>.....................] - ETA: 1:53 - loss: 0.7765 - acc: 0.7027
1152/3458 [========>.....................] - ETA: 1:52 - loss: 0.7785 - acc: 0.7014
1184/3458 [=========>....................] - ETA: 1:50 - loss: 0.7757 - acc: 0.7019
1216/3458 [=========>....................] - ETA: 1:48 - loss: 0.7821 - acc: 0.6998
1248/3458 [=========>....................] - ETA: 1:47 - loss: 0.7787 - acc: 0.7019
1280/3458 [==========>...................] - ETA: 1:45 - loss: 0.7761 - acc: 0.7023
1312/3458 [==========>...................] - ETA: 1:44 - loss: 0.7781 - acc: 0.7027
1344/3458 [==========>...................] - ETA: 1:42 - loss: 0.7809 - acc: 0.7016
1376/3458 [==========>...................] - ETA: 1:41 - loss: 0.7849 - acc: 0.7035
1408/3458 [===========>..................] - ETA: 1:39 - loss: 0.7825 - acc: 0.7038
1440/3458 [===========>..................] - ETA: 1:38 - loss: 0.7852 - acc: 0.7021
1472/3458 [===========>..................] - ETA: 1:36 - loss: 0.7875 - acc: 0.7018
1504/3458 [============>.................] - ETA: 1:34 - loss: 0.7887 - acc: 0.7028
1536/3458 [============>.................] - ETA: 1:33 - loss: 0.7863 - acc: 0.7038
1568/3458 [============>.................] - ETA: 1:31 - loss: 0.7857 - acc: 0.7034
1600/3458 [============>.................] - ETA: 1:30 - loss: 0.7895 - acc: 0.7006
1632/3458 [=============>................] - ETA: 1:28 - loss: 0.7893 - acc: 0.6979
1664/3458 [=============>................] - ETA: 1:27 - loss: 0.7859 - acc: 0.6995
1696/3458 [=============>................] - ETA: 1:25 - loss: 0.7892 - acc: 0.6969
1728/3458 [=============>................] - ETA: 1:24 - loss: 0.7882 - acc: 0.6979
1760/3458 [==============>...............] - ETA: 1:22 - loss: 0.7873 - acc: 0.7000
1792/3458 [==============>...............] - ETA: 1:20 - loss: 0.7938 - acc: 0.6970
1824/3458 [==============>...............] - ETA: 1:19 - loss: 0.7916 - acc: 0.6979
1856/3458 [===============>..............] - ETA: 1:17 - loss: 0.7922 - acc: 0.6972
1888/3458 [===============>..............] - ETA: 1:16 - loss: 0.7961 - acc: 0.6960
1920/3458 [===============>..............] - ETA: 1:14 - loss: 0.7947 - acc: 0.6979
1952/3458 [===============>..............] - ETA: 1:13 - loss: 0.7968 - acc: 0.6957
1984/3458 [================>.............] - ETA: 1:11 - loss: 0.7956 - acc: 0.6971
2016/3458 [================>.............] - ETA: 1:10 - loss: 0.7969 - acc: 0.6964
2048/3458 [================>.............] - ETA: 1:08 - loss: 0.8027 - acc: 0.6943
2080/3458 [=================>............] - ETA: 1:06 - loss: 0.7997 - acc: 0.6966
2112/3458 [=================>............] - ETA: 1:05 - loss: 0.8003 - acc: 0.6960
2144/3458 [=================>............] - ETA: 1:03 - loss: 0.8025 - acc: 0.6950
2176/3458 [=================>............] - ETA: 1:02 - loss: 0.8029 - acc: 0.6944
2208/3458 [==================>...........] - ETA: 1:00 - loss: 0.8072 - acc: 0.6934
2240/3458 [==================>...........] - ETA: 59s - loss: 0.8082 - acc: 0.6920 
2272/3458 [==================>...........] - ETA: 57s - loss: 0.8091 - acc: 0.6915
2304/3458 [==================>...........] - ETA: 56s - loss: 0.8098 - acc: 0.6918
2336/3458 [===================>..........] - ETA: 54s - loss: 0.8111 - acc: 0.6909
2368/3458 [===================>..........] - ETA: 52s - loss: 0.8114 - acc: 0.6905
2400/3458 [===================>..........] - ETA: 51s - loss: 0.8148 - acc: 0.6888
2432/3458 [====================>.........] - ETA: 49s - loss: 0.8100 - acc: 0.6904
2464/3458 [====================>.........] - ETA: 48s - loss: 0.8138 - acc: 0.6891
2496/3458 [====================>.........] - ETA: 46s - loss: 0.8161 - acc: 0.6871
2528/3458 [====================>.........] - ETA: 45s - loss: 0.8118 - acc: 0.6891
2560/3458 [=====================>........] - ETA: 43s - loss: 0.8092 - acc: 0.6898
2592/3458 [=====================>........] - ETA: 42s - loss: 0.8074 - acc: 0.6898
2624/3458 [=====================>........] - ETA: 40s - loss: 0.8066 - acc: 0.6905
2656/3458 [======================>.......] - ETA: 38s - loss: 0.8108 - acc: 0.6898
2688/3458 [======================>.......] - ETA: 37s - loss: 0.8098 - acc: 0.6905
2720/3458 [======================>.......] - ETA: 35s - loss: 0.8107 - acc: 0.6908
2752/3458 [======================>.......] - ETA: 34s - loss: 0.8097 - acc: 0.6922
2784/3458 [=======================>......] - ETA: 32s - loss: 0.8070 - acc: 0.6936
2816/3458 [=======================>......] - ETA: 31s - loss: 0.8100 - acc: 0.6928
2848/3458 [=======================>......] - ETA: 29s - loss: 0.8095 - acc: 0.6931
2880/3458 [=======================>......] - ETA: 28s - loss: 0.8094 - acc: 0.6927
2912/3458 [========================>.....] - ETA: 26s - loss: 0.8123 - acc: 0.6927
2944/3458 [========================>.....] - ETA: 24s - loss: 0.8105 - acc: 0.6929
2976/3458 [========================>.....] - ETA: 23s - loss: 0.8104 - acc: 0.6919
3008/3458 [=========================>....] - ETA: 21s - loss: 0.8101 - acc: 0.6922
3040/3458 [=========================>....] - ETA: 20s - loss: 0.8076 - acc: 0.6931
3072/3458 [=========================>....] - ETA: 18s - loss: 0.8067 - acc: 0.6937
3104/3458 [=========================>....] - ETA: 17s - loss: 0.8089 - acc: 0.6933
3136/3458 [==========================>...] - ETA: 15s - loss: 0.8094 - acc: 0.6936
3168/3458 [==========================>...] - ETA: 14s - loss: 0.8071 - acc: 0.6938
3200/3458 [==========================>...] - ETA: 12s - loss: 0.8061 - acc: 0.6941
3232/3458 [===========================>..] - ETA: 10s - loss: 0.8069 - acc: 0.6937
3264/3458 [===========================>..] - ETA: 9s - loss: 0.8054 - acc: 0.6942 
3296/3458 [===========================>..] - ETA: 7s - loss: 0.8054 - acc: 0.6942
3328/3458 [===========================>..] - ETA: 6s - loss: 0.8053 - acc: 0.6941
3360/3458 [============================>.] - ETA: 4s - loss: 0.8070 - acc: 0.6935
3392/3458 [============================>.] - ETA: 3s - loss: 0.8062 - acc: 0.6940
3424/3458 [============================>.] - ETA: 1s - loss: 0.8050 - acc: 0.6948
3456/3458 [============================>.] - ETA: 0s - loss: 0.8071 - acc: 0.6947
3458/3458 [==============================] - 169s 49ms/sample - loss: 0.8068 - acc: 0.6949

 32/865 [>.............................] - ETA: 7s - loss: 0.6254 - acc: 0.7188
 64/865 [=>............................] - ETA: 7s - loss: 0.7484 - acc: 0.7500
 96/865 [==>...........................] - ETA: 7s - loss: 0.8675 - acc: 0.7083
128/865 [===>..........................] - ETA: 6s - loss: 0.9234 - acc: 0.6875
160/865 [====>.........................] - ETA: 6s - loss: 1.0025 - acc: 0.6687
192/865 [=====>........................] - ETA: 6s - loss: 1.0937 - acc: 0.6354
224/865 [======>.......................] - ETA: 5s - loss: 1.0748 - acc: 0.6295
256/865 [=======>......................] - ETA: 5s - loss: 1.0318 - acc: 0.6328
288/865 [========>.....................] - ETA: 5s - loss: 1.0289 - acc: 0.6250
320/865 [==========>...................] - ETA: 4s - loss: 1.0462 - acc: 0.6187
352/865 [===========>..................] - ETA: 4s - loss: 1.0744 - acc: 0.6080
384/865 [============>.................] - ETA: 4s - loss: 1.0578 - acc: 0.6094
416/865 [=============>................] - ETA: 3s - loss: 1.0417 - acc: 0.6130
448/865 [==============>...............] - ETA: 3s - loss: 1.0458 - acc: 0.6116
480/865 [===============>..............] - ETA: 3s - loss: 1.0528 - acc: 0.6083
512/865 [================>.............] - ETA: 3s - loss: 1.0551 - acc: 0.6094
544/865 [=================>............] - ETA: 2s - loss: 1.0432 - acc: 0.6121
576/865 [==================>...........] - ETA: 2s - loss: 1.0684 - acc: 0.6059
608/865 [====================>.........] - ETA: 2s - loss: 1.0833 - acc: 0.5938
640/865 [=====================>........] - ETA: 1s - loss: 1.0843 - acc: 0.5906
672/865 [======================>.......] - ETA: 1s - loss: 1.1002 - acc: 0.5863
704/865 [=======================>......] - ETA: 1s - loss: 1.0969 - acc: 0.5866
736/865 [========================>.....] - ETA: 1s - loss: 1.1026 - acc: 0.5815
768/865 [=========================>....] - ETA: 0s - loss: 1.1028 - acc: 0.5833
800/865 [==========================>...] - ETA: 0s - loss: 1.0978 - acc: 0.5875
832/865 [===========================>..] - ETA: 0s - loss: 1.1149 - acc: 0.5841
864/865 [============================>.] - ETA: 0s - loss: 1.1197 - acc: 0.5833
865/865 [==============================] - 8s 9ms/sample - loss: 1.1189 - acc: 0.5838
