For number of cells in Conv2D=128
For Dropout_1=0.8 Dropout_2=0.2
For number of cells in Dense=128
daisy loaded
dandelion loaded
rose loaded
sunflower loaded
tulip loaded

  32/3458 [..............................] - ETA: 2:15 - loss: 1.6449 - acc: 0.1562
  64/3458 [..............................] - ETA: 2:11 - loss: 10.3700 - acc: 0.2031
  96/3458 [..............................] - ETA: 2:07 - loss: 7.4909 - acc: 0.1875 
 128/3458 [>.............................] - ETA: 2:05 - loss: 6.0410 - acc: 0.2031
 160/3458 [>.............................] - ETA: 2:03 - loss: 5.1405 - acc: 0.2562
 192/3458 [>.............................] - ETA: 2:01 - loss: 4.5679 - acc: 0.2448
 224/3458 [>.............................] - ETA: 1:59 - loss: 4.1438 - acc: 0.2411
 256/3458 [=>............................] - ETA: 1:58 - loss: 3.8301 - acc: 0.2383
 288/3458 [=>............................] - ETA: 1:56 - loss: 3.5842 - acc: 0.2292
 320/3458 [=>............................] - ETA: 1:55 - loss: 3.3873 - acc: 0.2281
 352/3458 [==>...........................] - ETA: 1:54 - loss: 3.2255 - acc: 0.2273
 384/3458 [==>...........................] - ETA: 1:52 - loss: 3.0908 - acc: 0.2240
 416/3458 [==>...........................] - ETA: 1:51 - loss: 2.9768 - acc: 0.2236
 448/3458 [==>...........................] - ETA: 1:50 - loss: 2.8790 - acc: 0.2210
 480/3458 [===>..........................] - ETA: 1:49 - loss: 2.7943 - acc: 0.2208
 512/3458 [===>..........................] - ETA: 1:48 - loss: 2.7197 - acc: 0.2246
 544/3458 [===>..........................] - ETA: 1:46 - loss: 2.6538 - acc: 0.2206
 576/3458 [===>..........................] - ETA: 1:45 - loss: 2.5942 - acc: 0.2188
 608/3458 [====>.........................] - ETA: 1:44 - loss: 2.5387 - acc: 0.2171
 640/3458 [====>.........................] - ETA: 1:43 - loss: 2.4884 - acc: 0.2188
 672/3458 [====>.........................] - ETA: 1:41 - loss: 2.4439 - acc: 0.2202
 704/3458 [=====>........................] - ETA: 1:40 - loss: 2.4036 - acc: 0.2244
 736/3458 [=====>........................] - ETA: 1:39 - loss: 2.3674 - acc: 0.2255
 768/3458 [=====>........................] - ETA: 1:38 - loss: 2.3365 - acc: 0.2240
 800/3458 [=====>........................] - ETA: 1:37 - loss: 2.3067 - acc: 0.2262
 832/3458 [======>.......................] - ETA: 1:36 - loss: 2.2788 - acc: 0.2308
 864/3458 [======>.......................] - ETA: 1:34 - loss: 2.2534 - acc: 0.2338
 896/3458 [======>.......................] - ETA: 1:33 - loss: 2.2286 - acc: 0.2366
 928/3458 [=======>......................] - ETA: 1:32 - loss: 2.2061 - acc: 0.2392
 960/3458 [=======>......................] - ETA: 1:31 - loss: 2.1870 - acc: 0.2375
 992/3458 [=======>......................] - ETA: 1:30 - loss: 2.1651 - acc: 0.2389
1024/3458 [=======>......................] - ETA: 1:28 - loss: 2.1446 - acc: 0.2422
1056/3458 [========>.....................] - ETA: 1:27 - loss: 2.1284 - acc: 0.2424
1088/3458 [========>.....................] - ETA: 1:26 - loss: 2.1099 - acc: 0.2463
1120/3458 [========>.....................] - ETA: 1:25 - loss: 2.0917 - acc: 0.2482
1152/3458 [========>.....................] - ETA: 1:24 - loss: 2.0761 - acc: 0.2474
1184/3458 [=========>....................] - ETA: 1:23 - loss: 2.0618 - acc: 0.2492
1216/3458 [=========>....................] - ETA: 1:21 - loss: 2.0433 - acc: 0.2525
1248/3458 [=========>....................] - ETA: 1:20 - loss: 2.0289 - acc: 0.2516
1280/3458 [==========>...................] - ETA: 1:19 - loss: 2.0152 - acc: 0.2531
1312/3458 [==========>...................] - ETA: 1:18 - loss: 2.0003 - acc: 0.2591
1344/3458 [==========>...................] - ETA: 1:17 - loss: 1.9894 - acc: 0.2589
1376/3458 [==========>...................] - ETA: 1:16 - loss: 1.9723 - acc: 0.2645
1408/3458 [===========>..................] - ETA: 1:14 - loss: 1.9575 - acc: 0.2663
1440/3458 [===========>..................] - ETA: 1:13 - loss: 1.9454 - acc: 0.2681
1472/3458 [===========>..................] - ETA: 1:12 - loss: 1.9336 - acc: 0.2704
1504/3458 [============>.................] - ETA: 1:11 - loss: 1.9289 - acc: 0.2713
1536/3458 [============>.................] - ETA: 1:10 - loss: 1.9199 - acc: 0.2721
1568/3458 [============>.................] - ETA: 1:09 - loss: 1.9054 - acc: 0.2768
1600/3458 [============>.................] - ETA: 1:07 - loss: 1.8965 - acc: 0.2769
1632/3458 [=============>................] - ETA: 1:06 - loss: 1.8884 - acc: 0.2782
1664/3458 [=============>................] - ETA: 1:05 - loss: 1.8777 - acc: 0.2788
1696/3458 [=============>................] - ETA: 1:04 - loss: 1.8707 - acc: 0.2807
1728/3458 [=============>................] - ETA: 1:03 - loss: 1.8668 - acc: 0.2807
1760/3458 [==============>...............] - ETA: 1:02 - loss: 1.8599 - acc: 0.2830
1792/3458 [==============>...............] - ETA: 1:00 - loss: 1.8526 - acc: 0.2857
1824/3458 [==============>...............] - ETA: 59s - loss: 1.8451 - acc: 0.2873 
1856/3458 [===============>..............] - ETA: 58s - loss: 1.8386 - acc: 0.2866
1888/3458 [===============>..............] - ETA: 57s - loss: 1.8317 - acc: 0.2908
1920/3458 [===============>..............] - ETA: 56s - loss: 1.8224 - acc: 0.2922
1952/3458 [===============>..............] - ETA: 55s - loss: 1.8149 - acc: 0.2930
1984/3458 [================>.............] - ETA: 53s - loss: 1.8087 - acc: 0.2913
2016/3458 [================>.............] - ETA: 52s - loss: 1.8027 - acc: 0.2937
2048/3458 [================>.............] - ETA: 51s - loss: 1.7958 - acc: 0.2954
2080/3458 [=================>............] - ETA: 50s - loss: 1.7867 - acc: 0.2981
2112/3458 [=================>............] - ETA: 49s - loss: 1.7817 - acc: 0.2973
2144/3458 [=================>............] - ETA: 48s - loss: 1.7749 - acc: 0.2990
2176/3458 [=================>............] - ETA: 46s - loss: 1.7683 - acc: 0.3019
2208/3458 [==================>...........] - ETA: 45s - loss: 1.7648 - acc: 0.3039
2240/3458 [==================>...........] - ETA: 44s - loss: 1.7629 - acc: 0.3049
2272/3458 [==================>...........] - ETA: 43s - loss: 1.7557 - acc: 0.3041
2304/3458 [==================>...........] - ETA: 42s - loss: 1.7465 - acc: 0.3056
2336/3458 [===================>..........] - ETA: 41s - loss: 1.7414 - acc: 0.3065
2368/3458 [===================>..........] - ETA: 39s - loss: 1.7350 - acc: 0.3087
2400/3458 [===================>..........] - ETA: 38s - loss: 1.7289 - acc: 0.3104
2432/3458 [====================>.........] - ETA: 37s - loss: 1.7222 - acc: 0.3133
2464/3458 [====================>.........] - ETA: 36s - loss: 1.7189 - acc: 0.3145
2496/3458 [====================>.........] - ETA: 35s - loss: 1.7144 - acc: 0.3153
2528/3458 [====================>.........] - ETA: 33s - loss: 1.7136 - acc: 0.3145
2560/3458 [=====================>........] - ETA: 32s - loss: 1.7077 - acc: 0.3172
2592/3458 [=====================>........] - ETA: 31s - loss: 1.7020 - acc: 0.3198
2624/3458 [=====================>........] - ETA: 30s - loss: 1.6965 - acc: 0.3228
2656/3458 [======================>.......] - ETA: 29s - loss: 1.6901 - acc: 0.3264
2688/3458 [======================>.......] - ETA: 28s - loss: 1.6888 - acc: 0.3285
2720/3458 [======================>.......] - ETA: 26s - loss: 1.6847 - acc: 0.3301
2752/3458 [======================>.......] - ETA: 25s - loss: 1.6859 - acc: 0.3307
2784/3458 [=======================>......] - ETA: 24s - loss: 1.6813 - acc: 0.3315
2816/3458 [=======================>......] - ETA: 23s - loss: 1.6767 - acc: 0.3342
2848/3458 [=======================>......] - ETA: 22s - loss: 1.6731 - acc: 0.3346
2880/3458 [=======================>......] - ETA: 21s - loss: 1.6682 - acc: 0.3358
2912/3458 [========================>.....] - ETA: 19s - loss: 1.6626 - acc: 0.3362
2944/3458 [========================>.....] - ETA: 18s - loss: 1.6590 - acc: 0.3390
2976/3458 [========================>.....] - ETA: 17s - loss: 1.6548 - acc: 0.3404
3008/3458 [=========================>....] - ETA: 16s - loss: 1.6494 - acc: 0.3428
3040/3458 [=========================>....] - ETA: 15s - loss: 1.6446 - acc: 0.3457
3072/3458 [=========================>....] - ETA: 14s - loss: 1.6397 - acc: 0.3490
3104/3458 [=========================>....] - ETA: 12s - loss: 1.6381 - acc: 0.3502
3136/3458 [==========================>...] - ETA: 11s - loss: 1.6341 - acc: 0.3520
3168/3458 [==========================>...] - ETA: 10s - loss: 1.6299 - acc: 0.3529
3200/3458 [==========================>...] - ETA: 9s - loss: 1.6247 - acc: 0.3544 
3232/3458 [===========================>..] - ETA: 8s - loss: 1.6274 - acc: 0.3540
3264/3458 [===========================>..] - ETA: 7s - loss: 1.6230 - acc: 0.3548
3296/3458 [===========================>..] - ETA: 5s - loss: 1.6202 - acc: 0.3547
3328/3458 [===========================>..] - ETA: 4s - loss: 1.6172 - acc: 0.3558
3360/3458 [============================>.] - ETA: 3s - loss: 1.6124 - acc: 0.3571
3392/3458 [============================>.] - ETA: 2s - loss: 1.6085 - acc: 0.3594
3424/3458 [============================>.] - ETA: 1s - loss: 1.6047 - acc: 0.3607
3456/3458 [============================>.] - ETA: 0s - loss: 1.6013 - acc: 0.3620
3458/3458 [==============================] - 127s 37ms/sample - loss: 1.6014 - acc: 0.3618

 32/865 [>.............................] - ETA: 7s - loss: 1.3550 - acc: 0.2812
 64/865 [=>............................] - ETA: 6s - loss: 1.3552 - acc: 0.3750
 96/865 [==>...........................] - ETA: 6s - loss: 1.3432 - acc: 0.3958
128/865 [===>..........................] - ETA: 6s - loss: 1.2898 - acc: 0.4609
160/865 [====>.........................] - ETA: 5s - loss: 1.2633 - acc: 0.4563
192/865 [=====>........................] - ETA: 5s - loss: 1.2469 - acc: 0.4635
224/865 [======>.......................] - ETA: 5s - loss: 1.2517 - acc: 0.4464
256/865 [=======>......................] - ETA: 4s - loss: 1.2351 - acc: 0.4492
288/865 [========>.....................] - ETA: 4s - loss: 1.2260 - acc: 0.4479
320/865 [==========>...................] - ETA: 4s - loss: 1.2110 - acc: 0.4594
352/865 [===========>..................] - ETA: 4s - loss: 1.2207 - acc: 0.4574
384/865 [============>.................] - ETA: 3s - loss: 1.2213 - acc: 0.4557
416/865 [=============>................] - ETA: 3s - loss: 1.2071 - acc: 0.4663
448/865 [==============>...............] - ETA: 3s - loss: 1.2183 - acc: 0.4777
480/865 [===============>..............] - ETA: 3s - loss: 1.2136 - acc: 0.4750
512/865 [================>.............] - ETA: 2s - loss: 1.2031 - acc: 0.4766
544/865 [=================>............] - ETA: 2s - loss: 1.2016 - acc: 0.4835
576/865 [==================>...........] - ETA: 2s - loss: 1.1986 - acc: 0.4792
608/865 [====================>.........] - ETA: 2s - loss: 1.1896 - acc: 0.4868
640/865 [=====================>........] - ETA: 1s - loss: 1.1910 - acc: 0.4859
672/865 [======================>.......] - ETA: 1s - loss: 1.1900 - acc: 0.4881
704/865 [=======================>......] - ETA: 1s - loss: 1.1886 - acc: 0.4929
736/865 [========================>.....] - ETA: 1s - loss: 1.1807 - acc: 0.4932
768/865 [=========================>....] - ETA: 0s - loss: 1.1807 - acc: 0.4974
800/865 [==========================>...] - ETA: 0s - loss: 1.1894 - acc: 0.4988
832/865 [===========================>..] - ETA: 0s - loss: 1.1886 - acc: 0.5024
864/865 [============================>.] - ETA: 0s - loss: 1.1908 - acc: 0.5046
865/865 [==============================] - 7s 8ms/sample - loss: 1.1907 - acc: 0.5052

  32/3458 [..............................] - ETA: 2:03 - loss: 1.2022 - acc: 0.3438
  64/3458 [..............................] - ETA: 2:02 - loss: 1.2459 - acc: 0.4844
  96/3458 [..............................] - ETA: 2:01 - loss: 1.3145 - acc: 0.4792
 128/3458 [>.............................] - ETA: 1:59 - loss: 1.2654 - acc: 0.4688
 160/3458 [>.............................] - ETA: 1:59 - loss: 1.2408 - acc: 0.5000
 192/3458 [>.............................] - ETA: 1:58 - loss: 1.2859 - acc: 0.4896
 224/3458 [>.............................] - ETA: 1:57 - loss: 1.2758 - acc: 0.4911
 256/3458 [=>............................] - ETA: 1:56 - loss: 1.2602 - acc: 0.4883
 288/3458 [=>............................] - ETA: 1:54 - loss: 1.2624 - acc: 0.4896
 320/3458 [=>............................] - ETA: 1:53 - loss: 1.2560 - acc: 0.4875
 352/3458 [==>...........................] - ETA: 1:52 - loss: 1.2538 - acc: 0.4858
 384/3458 [==>...........................] - ETA: 1:51 - loss: 1.2270 - acc: 0.5000
 416/3458 [==>...........................] - ETA: 1:50 - loss: 1.2273 - acc: 0.5000
 448/3458 [==>...........................] - ETA: 1:49 - loss: 1.2283 - acc: 0.4888
 480/3458 [===>..........................] - ETA: 1:47 - loss: 1.2301 - acc: 0.4896
 512/3458 [===>..........................] - ETA: 1:46 - loss: 1.2186 - acc: 0.4902
 544/3458 [===>..........................] - ETA: 1:45 - loss: 1.2154 - acc: 0.4908
 576/3458 [===>..........................] - ETA: 1:44 - loss: 1.2021 - acc: 0.5017
 608/3458 [====>.........................] - ETA: 1:43 - loss: 1.1967 - acc: 0.5016
 640/3458 [====>.........................] - ETA: 1:42 - loss: 1.2030 - acc: 0.4969
 672/3458 [====>.........................] - ETA: 1:41 - loss: 1.2075 - acc: 0.4970
 704/3458 [=====>........................] - ETA: 1:40 - loss: 1.2058 - acc: 0.4957
 736/3458 [=====>........................] - ETA: 1:39 - loss: 1.2019 - acc: 0.4946
 768/3458 [=====>........................] - ETA: 1:37 - loss: 1.2048 - acc: 0.4922
 800/3458 [=====>........................] - ETA: 1:36 - loss: 1.1954 - acc: 0.4975
 832/3458 [======>.......................] - ETA: 1:35 - loss: 1.1977 - acc: 0.4988
 864/3458 [======>.......................] - ETA: 1:34 - loss: 1.1961 - acc: 0.5012
 896/3458 [======>.......................] - ETA: 1:33 - loss: 1.1964 - acc: 0.5033
 928/3458 [=======>......................] - ETA: 1:32 - loss: 1.2002 - acc: 0.5032
 960/3458 [=======>......................] - ETA: 1:30 - loss: 1.2032 - acc: 0.5000
 992/3458 [=======>......................] - ETA: 1:29 - loss: 1.2159 - acc: 0.4960
1024/3458 [=======>......................] - ETA: 1:28 - loss: 1.2202 - acc: 0.4971
1056/3458 [========>.....................] - ETA: 1:27 - loss: 1.2294 - acc: 0.4953
1088/3458 [========>.....................] - ETA: 1:26 - loss: 1.2328 - acc: 0.4963
1120/3458 [========>.....................] - ETA: 1:25 - loss: 1.2320 - acc: 0.5009
1152/3458 [========>.....................] - ETA: 1:24 - loss: 1.2312 - acc: 0.5009
1184/3458 [=========>....................] - ETA: 1:22 - loss: 1.2317 - acc: 0.4983
1216/3458 [=========>....................] - ETA: 1:21 - loss: 1.2305 - acc: 0.4967
1248/3458 [=========>....................] - ETA: 1:20 - loss: 1.2257 - acc: 0.5000
1280/3458 [==========>...................] - ETA: 1:19 - loss: 1.2229 - acc: 0.5008
1312/3458 [==========>...................] - ETA: 1:18 - loss: 1.2230 - acc: 0.5008
1344/3458 [==========>...................] - ETA: 1:17 - loss: 1.2197 - acc: 0.5030
1376/3458 [==========>...................] - ETA: 1:15 - loss: 1.2210 - acc: 0.5044
1408/3458 [===========>..................] - ETA: 1:14 - loss: 1.2169 - acc: 0.5064
1440/3458 [===========>..................] - ETA: 1:13 - loss: 1.2119 - acc: 0.5097
1472/3458 [===========>..................] - ETA: 1:12 - loss: 1.2144 - acc: 0.5088
1504/3458 [============>.................] - ETA: 1:11 - loss: 1.2156 - acc: 0.5086
1536/3458 [============>.................] - ETA: 1:10 - loss: 1.2155 - acc: 0.5091
1568/3458 [============>.................] - ETA: 1:09 - loss: 1.2144 - acc: 0.5108
1600/3458 [============>.................] - ETA: 1:07 - loss: 1.2123 - acc: 0.5125
1632/3458 [=============>................] - ETA: 1:06 - loss: 1.2101 - acc: 0.5129
1664/3458 [=============>................] - ETA: 1:05 - loss: 1.2130 - acc: 0.5114
1696/3458 [=============>................] - ETA: 1:04 - loss: 1.2110 - acc: 0.5118
1728/3458 [=============>................] - ETA: 1:03 - loss: 1.2121 - acc: 0.5098
1760/3458 [==============>...............] - ETA: 1:02 - loss: 1.2098 - acc: 0.5102
1792/3458 [==============>...............] - ETA: 1:00 - loss: 1.2063 - acc: 0.5112
1824/3458 [==============>...............] - ETA: 59s - loss: 1.2037 - acc: 0.5121 
1856/3458 [===============>..............] - ETA: 58s - loss: 1.2040 - acc: 0.5135
1888/3458 [===============>..............] - ETA: 57s - loss: 1.2026 - acc: 0.5132
1920/3458 [===============>..............] - ETA: 56s - loss: 1.2019 - acc: 0.5120
1952/3458 [===============>..............] - ETA: 54s - loss: 1.1995 - acc: 0.5128
1984/3458 [================>.............] - ETA: 53s - loss: 1.1973 - acc: 0.5141
2016/3458 [================>.............] - ETA: 52s - loss: 1.1967 - acc: 0.5134
2048/3458 [================>.............] - ETA: 51s - loss: 1.1955 - acc: 0.5137
2080/3458 [=================>............] - ETA: 50s - loss: 1.1949 - acc: 0.5149
2112/3458 [=================>............] - ETA: 49s - loss: 1.1935 - acc: 0.5161
2144/3458 [=================>............] - ETA: 47s - loss: 1.1924 - acc: 0.5196
2176/3458 [=================>............] - ETA: 46s - loss: 1.1979 - acc: 0.5175
2208/3458 [==================>...........] - ETA: 45s - loss: 1.1988 - acc: 0.5159
2240/3458 [==================>...........] - ETA: 44s - loss: 1.2006 - acc: 0.5134
2272/3458 [==================>...........] - ETA: 43s - loss: 1.2014 - acc: 0.5114
2304/3458 [==================>...........] - ETA: 42s - loss: 1.2030 - acc: 0.5100
2336/3458 [===================>..........] - ETA: 40s - loss: 1.2012 - acc: 0.5098
2368/3458 [===================>..........] - ETA: 39s - loss: 1.2027 - acc: 0.5106
2400/3458 [===================>..........] - ETA: 38s - loss: 1.2033 - acc: 0.5104
2432/3458 [====================>.........] - ETA: 37s - loss: 1.2027 - acc: 0.5115
2464/3458 [====================>.........] - ETA: 36s - loss: 1.2000 - acc: 0.5134
2496/3458 [====================>.........] - ETA: 35s - loss: 1.2012 - acc: 0.5148
2528/3458 [====================>.........] - ETA: 33s - loss: 1.2006 - acc: 0.5150
2560/3458 [=====================>........] - ETA: 32s - loss: 1.1972 - acc: 0.5160
2592/3458 [=====================>........] - ETA: 31s - loss: 1.1989 - acc: 0.5158
2624/3458 [=====================>........] - ETA: 30s - loss: 1.2004 - acc: 0.5149
2656/3458 [======================>.......] - ETA: 29s - loss: 1.2046 - acc: 0.5128
2688/3458 [======================>.......] - ETA: 28s - loss: 1.2022 - acc: 0.5119
2720/3458 [======================>.......] - ETA: 26s - loss: 1.2010 - acc: 0.5132
2752/3458 [======================>.......] - ETA: 25s - loss: 1.2023 - acc: 0.5124
2784/3458 [=======================>......] - ETA: 24s - loss: 1.2031 - acc: 0.5126
2816/3458 [=======================>......] - ETA: 23s - loss: 1.1998 - acc: 0.5142
2848/3458 [=======================>......] - ETA: 22s - loss: 1.1989 - acc: 0.5147
2880/3458 [=======================>......] - ETA: 21s - loss: 1.1974 - acc: 0.5156
2912/3458 [========================>.....] - ETA: 19s - loss: 1.1966 - acc: 0.5161
2944/3458 [========================>.....] - ETA: 18s - loss: 1.1953 - acc: 0.5163
2976/3458 [========================>.....] - ETA: 17s - loss: 1.1945 - acc: 0.5168
3008/3458 [=========================>....] - ETA: 16s - loss: 1.1932 - acc: 0.5173
3040/3458 [=========================>....] - ETA: 15s - loss: 1.1923 - acc: 0.5174
3072/3458 [=========================>....] - ETA: 14s - loss: 1.1916 - acc: 0.5176
3104/3458 [=========================>....] - ETA: 12s - loss: 1.1924 - acc: 0.5180
3136/3458 [==========================>...] - ETA: 11s - loss: 1.1903 - acc: 0.5185
3168/3458 [==========================>...] - ETA: 10s - loss: 1.1895 - acc: 0.5189
3200/3458 [==========================>...] - ETA: 9s - loss: 1.1897 - acc: 0.5178 
3232/3458 [===========================>..] - ETA: 8s - loss: 1.1889 - acc: 0.5176
3264/3458 [===========================>..] - ETA: 7s - loss: 1.1880 - acc: 0.5181
3296/3458 [===========================>..] - ETA: 5s - loss: 1.1870 - acc: 0.5188
3328/3458 [===========================>..] - ETA: 4s - loss: 1.1845 - acc: 0.5198
3360/3458 [============================>.] - ETA: 3s - loss: 1.1841 - acc: 0.5193
3392/3458 [============================>.] - ETA: 2s - loss: 1.1864 - acc: 0.5195
3424/3458 [============================>.] - ETA: 1s - loss: 1.1884 - acc: 0.5193
3456/3458 [============================>.] - ETA: 0s - loss: 1.1880 - acc: 0.5194
3458/3458 [==============================] - 126s 37ms/sample - loss: 1.1879 - acc: 0.5197

 32/865 [>.............................] - ETA: 6s - loss: 1.1751 - acc: 0.5625
 64/865 [=>............................] - ETA: 6s - loss: 1.2019 - acc: 0.5781
 96/865 [==>...........................] - ETA: 6s - loss: 1.2247 - acc: 0.5104
128/865 [===>..........................] - ETA: 5s - loss: 1.1498 - acc: 0.5781
160/865 [====>.........................] - ETA: 5s - loss: 1.1265 - acc: 0.5875
192/865 [=====>........................] - ETA: 5s - loss: 1.1288 - acc: 0.5625
224/865 [======>.......................] - ETA: 5s - loss: 1.1506 - acc: 0.5491
256/865 [=======>......................] - ETA: 4s - loss: 1.1297 - acc: 0.5391
288/865 [========>.....................] - ETA: 4s - loss: 1.1271 - acc: 0.5451
320/865 [==========>...................] - ETA: 4s - loss: 1.1177 - acc: 0.5437
352/865 [===========>..................] - ETA: 4s - loss: 1.1257 - acc: 0.5312
384/865 [============>.................] - ETA: 3s - loss: 1.1285 - acc: 0.5260
416/865 [=============>................] - ETA: 3s - loss: 1.1180 - acc: 0.5312
448/865 [==============>...............] - ETA: 3s - loss: 1.1202 - acc: 0.5424
480/865 [===============>..............] - ETA: 3s - loss: 1.1062 - acc: 0.5500
512/865 [================>.............] - ETA: 2s - loss: 1.0894 - acc: 0.5664
544/865 [=================>............] - ETA: 2s - loss: 1.0876 - acc: 0.5662
576/865 [==================>...........] - ETA: 2s - loss: 1.0837 - acc: 0.5694
608/865 [====================>.........] - ETA: 2s - loss: 1.0781 - acc: 0.5740
640/865 [=====================>........] - ETA: 1s - loss: 1.0767 - acc: 0.5766
672/865 [======================>.......] - ETA: 1s - loss: 1.0769 - acc: 0.5744
704/865 [=======================>......] - ETA: 1s - loss: 1.0816 - acc: 0.5739
736/865 [========================>.....] - ETA: 1s - loss: 1.0754 - acc: 0.5734
768/865 [=========================>....] - ETA: 0s - loss: 1.0744 - acc: 0.5742
800/865 [==========================>...] - ETA: 0s - loss: 1.0798 - acc: 0.5750
832/865 [===========================>..] - ETA: 0s - loss: 1.0764 - acc: 0.5757
864/865 [============================>.] - ETA: 0s - loss: 1.0808 - acc: 0.5729
865/865 [==============================] - 7s 8ms/sample - loss: 1.0801 - acc: 0.5734

  32/3458 [..............................] - ETA: 2:04 - loss: 1.0962 - acc: 0.5938
  64/3458 [..............................] - ETA: 2:03 - loss: 1.2693 - acc: 0.5312
  96/3458 [..............................] - ETA: 2:03 - loss: 1.2010 - acc: 0.5312
 128/3458 [>.............................] - ETA: 2:01 - loss: 1.1385 - acc: 0.5703
 160/3458 [>.............................] - ETA: 2:00 - loss: 1.1049 - acc: 0.5875
 192/3458 [>.............................] - ETA: 1:59 - loss: 1.1128 - acc: 0.5990
 224/3458 [>.............................] - ETA: 1:58 - loss: 1.0980 - acc: 0.5848
 256/3458 [=>............................] - ETA: 1:56 - loss: 1.0965 - acc: 0.5781
 288/3458 [=>............................] - ETA: 1:55 - loss: 1.1020 - acc: 0.5868
 320/3458 [=>............................] - ETA: 1:54 - loss: 1.1163 - acc: 0.5750
 352/3458 [==>...........................] - ETA: 1:53 - loss: 1.1050 - acc: 0.5852
 384/3458 [==>...........................] - ETA: 1:52 - loss: 1.0989 - acc: 0.5833
 416/3458 [==>...........................] - ETA: 1:51 - loss: 1.0938 - acc: 0.5769
 448/3458 [==>...........................] - ETA: 1:49 - loss: 1.0706 - acc: 0.5915
 480/3458 [===>..........................] - ETA: 1:48 - loss: 1.0763 - acc: 0.5938
 512/3458 [===>..........................] - ETA: 1:47 - loss: 1.0610 - acc: 0.6035
 544/3458 [===>..........................] - ETA: 1:46 - loss: 1.0654 - acc: 0.6029
 576/3458 [===>..........................] - ETA: 1:45 - loss: 1.0722 - acc: 0.6042
 608/3458 [====>.........................] - ETA: 1:44 - loss: 1.0625 - acc: 0.6069
 640/3458 [====>.........................] - ETA: 1:43 - loss: 1.0544 - acc: 0.6094
 672/3458 [====>.........................] - ETA: 1:42 - loss: 1.0469 - acc: 0.6116
 704/3458 [=====>........................] - ETA: 1:40 - loss: 1.0380 - acc: 0.6094
 736/3458 [=====>........................] - ETA: 1:39 - loss: 1.0367 - acc: 0.6101
 768/3458 [=====>........................] - ETA: 1:38 - loss: 1.0395 - acc: 0.6094
 800/3458 [=====>........................] - ETA: 1:37 - loss: 1.0349 - acc: 0.6100
 832/3458 [======>.......................] - ETA: 1:36 - loss: 1.0286 - acc: 0.6082
 864/3458 [======>.......................] - ETA: 1:35 - loss: 1.0220 - acc: 0.6134
 896/3458 [======>.......................] - ETA: 1:33 - loss: 1.0248 - acc: 0.6116
 928/3458 [=======>......................] - ETA: 1:32 - loss: 1.0219 - acc: 0.6110
 960/3458 [=======>......................] - ETA: 1:31 - loss: 1.0230 - acc: 0.6135
 992/3458 [=======>......................] - ETA: 1:30 - loss: 1.0231 - acc: 0.6129
1024/3458 [=======>......................] - ETA: 1:29 - loss: 1.0265 - acc: 0.6104
1056/3458 [========>.....................] - ETA: 1:27 - loss: 1.0283 - acc: 0.6070
1088/3458 [========>.....................] - ETA: 1:26 - loss: 1.0206 - acc: 0.6112
1120/3458 [========>.....................] - ETA: 1:25 - loss: 1.0159 - acc: 0.6089
1152/3458 [========>.....................] - ETA: 1:24 - loss: 1.0220 - acc: 0.6059
1184/3458 [=========>....................] - ETA: 1:23 - loss: 1.0212 - acc: 0.6056
1216/3458 [=========>....................] - ETA: 1:22 - loss: 1.0167 - acc: 0.6077
1248/3458 [=========>....................] - ETA: 1:20 - loss: 1.0110 - acc: 0.6098
1280/3458 [==========>...................] - ETA: 1:19 - loss: 1.0084 - acc: 0.6141
1312/3458 [==========>...................] - ETA: 1:18 - loss: 1.0023 - acc: 0.6166
1344/3458 [==========>...................] - ETA: 1:17 - loss: 1.0058 - acc: 0.6138
1376/3458 [==========>...................] - ETA: 1:16 - loss: 1.0005 - acc: 0.6177
1408/3458 [===========>..................] - ETA: 1:15 - loss: 1.0085 - acc: 0.6172
1440/3458 [===========>..................] - ETA: 1:13 - loss: 1.0071 - acc: 0.6187
1472/3458 [===========>..................] - ETA: 1:12 - loss: 1.0089 - acc: 0.6182
1504/3458 [============>.................] - ETA: 1:11 - loss: 1.0084 - acc: 0.6177
1536/3458 [============>.................] - ETA: 1:10 - loss: 1.0106 - acc: 0.6146
1568/3458 [============>.................] - ETA: 1:09 - loss: 1.0134 - acc: 0.6116
1600/3458 [============>.................] - ETA: 1:08 - loss: 1.0158 - acc: 0.6106
1632/3458 [=============>................] - ETA: 1:06 - loss: 1.0201 - acc: 0.6115
1664/3458 [=============>................] - ETA: 1:05 - loss: 1.0192 - acc: 0.6094
1696/3458 [=============>................] - ETA: 1:04 - loss: 1.0190 - acc: 0.6079
1728/3458 [=============>................] - ETA: 1:03 - loss: 1.0201 - acc: 0.6076
1760/3458 [==============>...............] - ETA: 1:02 - loss: 1.0241 - acc: 0.6068
1792/3458 [==============>...............] - ETA: 1:01 - loss: 1.0255 - acc: 0.6066
1824/3458 [==============>...............] - ETA: 59s - loss: 1.0274 - acc: 0.6058 
1856/3458 [===============>..............] - ETA: 58s - loss: 1.0277 - acc: 0.6056
1888/3458 [===============>..............] - ETA: 57s - loss: 1.0288 - acc: 0.6049
1920/3458 [===============>..............] - ETA: 56s - loss: 1.0297 - acc: 0.6042
1952/3458 [===============>..............] - ETA: 55s - loss: 1.0304 - acc: 0.6045
1984/3458 [================>.............] - ETA: 53s - loss: 1.0355 - acc: 0.6008
2016/3458 [================>.............] - ETA: 52s - loss: 1.0390 - acc: 0.6012
2048/3458 [================>.............] - ETA: 51s - loss: 1.0407 - acc: 0.6001
2080/3458 [=================>............] - ETA: 50s - loss: 1.0404 - acc: 0.5995
2112/3458 [=================>............] - ETA: 49s - loss: 1.0395 - acc: 0.5990
2144/3458 [=================>............] - ETA: 48s - loss: 1.0389 - acc: 0.5998
2176/3458 [=================>............] - ETA: 46s - loss: 1.0375 - acc: 0.5997
2208/3458 [==================>...........] - ETA: 45s - loss: 1.0372 - acc: 0.6014
2240/3458 [==================>...........] - ETA: 44s - loss: 1.0370 - acc: 0.6022
2272/3458 [==================>...........] - ETA: 43s - loss: 1.0361 - acc: 0.6021
2304/3458 [==================>...........] - ETA: 42s - loss: 1.0350 - acc: 0.6033
2336/3458 [===================>..........] - ETA: 41s - loss: 1.0339 - acc: 0.6040
2368/3458 [===================>..........] - ETA: 39s - loss: 1.0342 - acc: 0.6039
2400/3458 [===================>..........] - ETA: 38s - loss: 1.0329 - acc: 0.6046
2432/3458 [====================>.........] - ETA: 37s - loss: 1.0301 - acc: 0.6057
2464/3458 [====================>.........] - ETA: 36s - loss: 1.0333 - acc: 0.6043
2496/3458 [====================>.........] - ETA: 35s - loss: 1.0346 - acc: 0.6022
2528/3458 [====================>.........] - ETA: 34s - loss: 1.0328 - acc: 0.6048
2560/3458 [=====================>........] - ETA: 32s - loss: 1.0314 - acc: 0.6047
2592/3458 [=====================>........] - ETA: 31s - loss: 1.0289 - acc: 0.6061
2624/3458 [=====================>........] - ETA: 30s - loss: 1.0278 - acc: 0.6048
2656/3458 [======================>.......] - ETA: 29s - loss: 1.0239 - acc: 0.6058
2688/3458 [======================>.......] - ETA: 28s - loss: 1.0262 - acc: 0.6057
2720/3458 [======================>.......] - ETA: 27s - loss: 1.0283 - acc: 0.6040
2752/3458 [======================>.......] - ETA: 25s - loss: 1.0284 - acc: 0.6036
2784/3458 [=======================>......] - ETA: 24s - loss: 1.0290 - acc: 0.6034
2816/3458 [=======================>......] - ETA: 23s - loss: 1.0257 - acc: 0.6051
2848/3458 [=======================>......] - ETA: 22s - loss: 1.0255 - acc: 0.6060
2880/3458 [=======================>......] - ETA: 21s - loss: 1.0247 - acc: 0.6069
2912/3458 [========================>.....] - ETA: 19s - loss: 1.0229 - acc: 0.6082
2944/3458 [========================>.....] - ETA: 18s - loss: 1.0233 - acc: 0.6080
2976/3458 [========================>.....] - ETA: 17s - loss: 1.0266 - acc: 0.6069
3008/3458 [=========================>....] - ETA: 16s - loss: 1.0301 - acc: 0.6061
3040/3458 [=========================>....] - ETA: 15s - loss: 1.0316 - acc: 0.6066
3072/3458 [=========================>....] - ETA: 14s - loss: 1.0297 - acc: 0.6061
3104/3458 [=========================>....] - ETA: 12s - loss: 1.0280 - acc: 0.6079
3136/3458 [==========================>...] - ETA: 11s - loss: 1.0274 - acc: 0.6091
3168/3458 [==========================>...] - ETA: 10s - loss: 1.0273 - acc: 0.6092
3200/3458 [==========================>...] - ETA: 9s - loss: 1.0290 - acc: 0.6091 
3232/3458 [===========================>..] - ETA: 8s - loss: 1.0290 - acc: 0.6083
3264/3458 [===========================>..] - ETA: 7s - loss: 1.0272 - acc: 0.6094
3296/3458 [===========================>..] - ETA: 5s - loss: 1.0268 - acc: 0.6095
3328/3458 [===========================>..] - ETA: 4s - loss: 1.0286 - acc: 0.6082
3360/3458 [============================>.] - ETA: 3s - loss: 1.0320 - acc: 0.6060
3392/3458 [============================>.] - ETA: 2s - loss: 1.0316 - acc: 0.6050
3424/3458 [============================>.] - ETA: 1s - loss: 1.0309 - acc: 0.6046
3456/3458 [============================>.] - ETA: 0s - loss: 1.0304 - acc: 0.6045
3458/3458 [==============================] - 127s 37ms/sample - loss: 1.0301 - acc: 0.6047

 32/865 [>.............................] - ETA: 6s - loss: 1.2700 - acc: 0.4375
 64/865 [=>............................] - ETA: 6s - loss: 1.2160 - acc: 0.5156
 96/865 [==>...........................] - ETA: 5s - loss: 1.2260 - acc: 0.5104
128/865 [===>..........................] - ETA: 5s - loss: 1.1571 - acc: 0.5781
160/865 [====>.........................] - ETA: 5s - loss: 1.1386 - acc: 0.5875
192/865 [=====>........................] - ETA: 5s - loss: 1.1641 - acc: 0.5625
224/865 [======>.......................] - ETA: 5s - loss: 1.1720 - acc: 0.5580
256/865 [=======>......................] - ETA: 4s - loss: 1.1629 - acc: 0.5430
288/865 [========>.....................] - ETA: 4s - loss: 1.1649 - acc: 0.5417
320/865 [==========>...................] - ETA: 4s - loss: 1.1554 - acc: 0.5406
352/865 [===========>..................] - ETA: 4s - loss: 1.1689 - acc: 0.5312
384/865 [============>.................] - ETA: 3s - loss: 1.1781 - acc: 0.5286
416/865 [=============>................] - ETA: 3s - loss: 1.1692 - acc: 0.5337
448/865 [==============>...............] - ETA: 3s - loss: 1.1724 - acc: 0.5402
480/865 [===============>..............] - ETA: 3s - loss: 1.1531 - acc: 0.5417
512/865 [================>.............] - ETA: 2s - loss: 1.1392 - acc: 0.5469
544/865 [=================>............] - ETA: 2s - loss: 1.1334 - acc: 0.5478
576/865 [==================>...........] - ETA: 2s - loss: 1.1303 - acc: 0.5451
608/865 [====================>.........] - ETA: 2s - loss: 1.1187 - acc: 0.5477
640/865 [=====================>........] - ETA: 1s - loss: 1.1228 - acc: 0.5453
672/865 [======================>.......] - ETA: 1s - loss: 1.1301 - acc: 0.5461
704/865 [=======================>......] - ETA: 1s - loss: 1.1243 - acc: 0.5511
736/865 [========================>.....] - ETA: 1s - loss: 1.1208 - acc: 0.5489
768/865 [=========================>....] - ETA: 0s - loss: 1.1131 - acc: 0.5560
800/865 [==========================>...] - ETA: 0s - loss: 1.1211 - acc: 0.5562
832/865 [===========================>..] - ETA: 0s - loss: 1.1188 - acc: 0.5565
864/865 [============================>.] - ETA: 0s - loss: 1.1269 - acc: 0.5590
865/865 [==============================] - 7s 8ms/sample - loss: 1.1257 - acc: 0.5595

  32/3458 [..............................] - ETA: 2:04 - loss: 1.1772 - acc: 0.5625
  64/3458 [..............................] - ETA: 2:04 - loss: 1.0486 - acc: 0.5938
  96/3458 [..............................] - ETA: 2:02 - loss: 1.0354 - acc: 0.6042
 128/3458 [>.............................] - ETA: 2:02 - loss: 1.0440 - acc: 0.6016
 160/3458 [>.............................] - ETA: 2:00 - loss: 1.1108 - acc: 0.5938
 192/3458 [>.............................] - ETA: 1:59 - loss: 1.1195 - acc: 0.5885
 224/3458 [>.............................] - ETA: 1:58 - loss: 1.0792 - acc: 0.6027
 256/3458 [=>............................] - ETA: 1:56 - loss: 1.0634 - acc: 0.6172
 288/3458 [=>............................] - ETA: 1:55 - loss: 1.0220 - acc: 0.6354
 320/3458 [=>............................] - ETA: 1:54 - loss: 1.0115 - acc: 0.6438
 352/3458 [==>...........................] - ETA: 1:53 - loss: 0.9974 - acc: 0.6364
 384/3458 [==>...........................] - ETA: 1:52 - loss: 0.9890 - acc: 0.6354
 416/3458 [==>...........................] - ETA: 1:51 - loss: 0.9699 - acc: 0.6442
 448/3458 [==>...........................] - ETA: 1:50 - loss: 0.9655 - acc: 0.6473
 480/3458 [===>..........................] - ETA: 1:48 - loss: 0.9469 - acc: 0.6521
 512/3458 [===>..........................] - ETA: 1:47 - loss: 0.9361 - acc: 0.6523
 544/3458 [===>..........................] - ETA: 1:46 - loss: 0.9208 - acc: 0.6562
 576/3458 [===>..........................] - ETA: 1:45 - loss: 0.9164 - acc: 0.6649
 608/3458 [====>.........................] - ETA: 1:44 - loss: 0.9227 - acc: 0.6628
 640/3458 [====>.........................] - ETA: 1:43 - loss: 0.9221 - acc: 0.6672
 672/3458 [====>.........................] - ETA: 1:41 - loss: 0.9158 - acc: 0.6667
 704/3458 [=====>........................] - ETA: 1:40 - loss: 0.9071 - acc: 0.6676
 736/3458 [=====>........................] - ETA: 1:39 - loss: 0.8977 - acc: 0.6712
 768/3458 [=====>........................] - ETA: 1:38 - loss: 0.9038 - acc: 0.6719
 800/3458 [=====>........................] - ETA: 1:37 - loss: 0.9070 - acc: 0.6725
 832/3458 [======>.......................] - ETA: 1:36 - loss: 0.9200 - acc: 0.6659
 864/3458 [======>.......................] - ETA: 1:34 - loss: 0.9147 - acc: 0.6701
 896/3458 [======>.......................] - ETA: 1:33 - loss: 0.9195 - acc: 0.6641
 928/3458 [=======>......................] - ETA: 1:32 - loss: 0.9256 - acc: 0.6595
 960/3458 [=======>......................] - ETA: 1:31 - loss: 0.9339 - acc: 0.6542
 992/3458 [=======>......................] - ETA: 1:30 - loss: 0.9441 - acc: 0.6482
1024/3458 [=======>......................] - ETA: 1:29 - loss: 0.9435 - acc: 0.6475
1056/3458 [========>.....................] - ETA: 1:27 - loss: 0.9400 - acc: 0.6496
1088/3458 [========>.....................] - ETA: 1:26 - loss: 0.9417 - acc: 0.6471
1120/3458 [========>.....................] - ETA: 1:25 - loss: 0.9377 - acc: 0.6509
1152/3458 [========>.....................] - ETA: 1:24 - loss: 0.9324 - acc: 0.6519
1184/3458 [=========>....................] - ETA: 1:23 - loss: 0.9329 - acc: 0.6529
1216/3458 [=========>....................] - ETA: 1:22 - loss: 0.9302 - acc: 0.6546
1248/3458 [=========>....................] - ETA: 1:20 - loss: 0.9251 - acc: 0.6562
1280/3458 [==========>...................] - ETA: 1:19 - loss: 0.9244 - acc: 0.6578
1312/3458 [==========>...................] - ETA: 1:18 - loss: 0.9220 - acc: 0.6593
1344/3458 [==========>...................] - ETA: 1:17 - loss: 0.9245 - acc: 0.6548
1376/3458 [==========>...................] - ETA: 1:16 - loss: 0.9203 - acc: 0.6570
1408/3458 [===========>..................] - ETA: 1:14 - loss: 0.9141 - acc: 0.6598
1440/3458 [===========>..................] - ETA: 1:13 - loss: 0.9179 - acc: 0.6556
1472/3458 [===========>..................] - ETA: 1:12 - loss: 0.9167 - acc: 0.6549
1504/3458 [============>.................] - ETA: 1:11 - loss: 0.9126 - acc: 0.6549
1536/3458 [============>.................] - ETA: 1:10 - loss: 0.9135 - acc: 0.6530
1568/3458 [============>.................] - ETA: 1:09 - loss: 0.9213 - acc: 0.6524
1600/3458 [============>.................] - ETA: 1:07 - loss: 0.9186 - acc: 0.6513
1632/3458 [=============>................] - ETA: 1:06 - loss: 0.9219 - acc: 0.6489
1664/3458 [=============>................] - ETA: 1:05 - loss: 0.9200 - acc: 0.6484
1696/3458 [=============>................] - ETA: 1:04 - loss: 0.9225 - acc: 0.6456
1728/3458 [=============>................] - ETA: 1:03 - loss: 0.9190 - acc: 0.6476
1760/3458 [==============>...............] - ETA: 1:02 - loss: 0.9203 - acc: 0.6455
1792/3458 [==============>...............] - ETA: 1:00 - loss: 0.9219 - acc: 0.6462
1824/3458 [==============>...............] - ETA: 59s - loss: 0.9215 - acc: 0.6469 
1856/3458 [===============>..............] - ETA: 58s - loss: 0.9157 - acc: 0.6492
1888/3458 [===============>..............] - ETA: 57s - loss: 0.9216 - acc: 0.6478
1920/3458 [===============>..............] - ETA: 56s - loss: 0.9171 - acc: 0.6500
1952/3458 [===============>..............] - ETA: 55s - loss: 0.9182 - acc: 0.6496
1984/3458 [================>.............] - ETA: 53s - loss: 0.9163 - acc: 0.6502
2016/3458 [================>.............] - ETA: 52s - loss: 0.9155 - acc: 0.6503
2048/3458 [================>.............] - ETA: 51s - loss: 0.9142 - acc: 0.6504
2080/3458 [=================>............] - ETA: 50s - loss: 0.9150 - acc: 0.6510
2112/3458 [=================>............] - ETA: 49s - loss: 0.9147 - acc: 0.6520
2144/3458 [=================>............] - ETA: 48s - loss: 0.9135 - acc: 0.6511
2176/3458 [=================>............] - ETA: 46s - loss: 0.9134 - acc: 0.6512
2208/3458 [==================>...........] - ETA: 45s - loss: 0.9127 - acc: 0.6508
2240/3458 [==================>...........] - ETA: 44s - loss: 0.9124 - acc: 0.6504
2272/3458 [==================>...........] - ETA: 43s - loss: 0.9106 - acc: 0.6501
2304/3458 [==================>...........] - ETA: 42s - loss: 0.9110 - acc: 0.6493
2336/3458 [===================>..........] - ETA: 41s - loss: 0.9095 - acc: 0.6490
2368/3458 [===================>..........] - ETA: 39s - loss: 0.9069 - acc: 0.6503
2400/3458 [===================>..........] - ETA: 38s - loss: 0.9033 - acc: 0.6533
2432/3458 [====================>.........] - ETA: 37s - loss: 0.9004 - acc: 0.6546
2464/3458 [====================>.........] - ETA: 36s - loss: 0.9019 - acc: 0.6538
2496/3458 [====================>.........] - ETA: 35s - loss: 0.9001 - acc: 0.6542
2528/3458 [====================>.........] - ETA: 34s - loss: 0.8995 - acc: 0.6559
2560/3458 [=====================>........] - ETA: 32s - loss: 0.8992 - acc: 0.6555
2592/3458 [=====================>........] - ETA: 31s - loss: 0.9001 - acc: 0.6543
2624/3458 [=====================>........] - ETA: 30s - loss: 0.8995 - acc: 0.6551
2656/3458 [======================>.......] - ETA: 29s - loss: 0.8997 - acc: 0.6547
2688/3458 [======================>.......] - ETA: 28s - loss: 0.8998 - acc: 0.6544
2720/3458 [======================>.......] - ETA: 27s - loss: 0.9008 - acc: 0.6540
2752/3458 [======================>.......] - ETA: 25s - loss: 0.8994 - acc: 0.6548
2784/3458 [=======================>......] - ETA: 24s - loss: 0.9014 - acc: 0.6541
2816/3458 [=======================>......] - ETA: 23s - loss: 0.9017 - acc: 0.6534
2848/3458 [=======================>......] - ETA: 22s - loss: 0.9037 - acc: 0.6524
2880/3458 [=======================>......] - ETA: 21s - loss: 0.9039 - acc: 0.6535
2912/3458 [========================>.....] - ETA: 19s - loss: 0.9036 - acc: 0.6535
2944/3458 [========================>.....] - ETA: 18s - loss: 0.9034 - acc: 0.6535
2976/3458 [========================>.....] - ETA: 17s - loss: 0.9025 - acc: 0.6536
3008/3458 [=========================>....] - ETA: 16s - loss: 0.9037 - acc: 0.6536
3040/3458 [=========================>....] - ETA: 15s - loss: 0.9035 - acc: 0.6533
3072/3458 [=========================>....] - ETA: 14s - loss: 0.9027 - acc: 0.6553
3104/3458 [=========================>....] - ETA: 12s - loss: 0.9058 - acc: 0.6530
3136/3458 [==========================>...] - ETA: 11s - loss: 0.9054 - acc: 0.6527
3168/3458 [==========================>...] - ETA: 10s - loss: 0.9032 - acc: 0.6531
3200/3458 [==========================>...] - ETA: 9s - loss: 0.9032 - acc: 0.6541 
3232/3458 [===========================>..] - ETA: 8s - loss: 0.9011 - acc: 0.6550
3264/3458 [===========================>..] - ETA: 7s - loss: 0.9028 - acc: 0.6532
3296/3458 [===========================>..] - ETA: 5s - loss: 0.9012 - acc: 0.6547
3328/3458 [===========================>..] - ETA: 4s - loss: 0.9009 - acc: 0.6556
3360/3458 [============================>.] - ETA: 3s - loss: 0.8999 - acc: 0.6560
3392/3458 [============================>.] - ETA: 2s - loss: 0.8974 - acc: 0.6574
3424/3458 [============================>.] - ETA: 1s - loss: 0.8944 - acc: 0.6586
3456/3458 [============================>.] - ETA: 0s - loss: 0.8935 - acc: 0.6600
3458/3458 [==============================] - 127s 37ms/sample - loss: 0.8932 - acc: 0.6602

 32/865 [>.............................] - ETA: 6s - loss: 0.9562 - acc: 0.5938
 64/865 [=>............................] - ETA: 6s - loss: 1.0108 - acc: 0.5625
 96/865 [==>...........................] - ETA: 6s - loss: 1.1195 - acc: 0.5208
128/865 [===>..........................] - ETA: 5s - loss: 1.0471 - acc: 0.5703
160/865 [====>.........................] - ETA: 5s - loss: 1.0114 - acc: 0.6000
192/865 [=====>........................] - ETA: 5s - loss: 1.0110 - acc: 0.5938
224/865 [======>.......................] - ETA: 5s - loss: 1.0416 - acc: 0.5893
256/865 [=======>......................] - ETA: 4s - loss: 1.0311 - acc: 0.5703
288/865 [========>.....................] - ETA: 4s - loss: 1.0414 - acc: 0.5660
320/865 [==========>...................] - ETA: 4s - loss: 1.0314 - acc: 0.5750
352/865 [===========>..................] - ETA: 4s - loss: 1.0473 - acc: 0.5682
384/865 [============>.................] - ETA: 3s - loss: 1.0457 - acc: 0.5625
416/865 [=============>................] - ETA: 3s - loss: 1.0335 - acc: 0.5721
448/865 [==============>...............] - ETA: 3s - loss: 1.0334 - acc: 0.5759
480/865 [===============>..............] - ETA: 3s - loss: 1.0068 - acc: 0.5833
512/865 [================>.............] - ETA: 2s - loss: 0.9898 - acc: 0.5938
544/865 [=================>............] - ETA: 2s - loss: 0.9843 - acc: 0.5974
576/865 [==================>...........] - ETA: 2s - loss: 0.9808 - acc: 0.5990
608/865 [====================>.........] - ETA: 2s - loss: 0.9747 - acc: 0.6036
640/865 [=====================>........] - ETA: 1s - loss: 0.9716 - acc: 0.6078
672/865 [======================>.......] - ETA: 1s - loss: 0.9699 - acc: 0.6057
704/865 [=======================>......] - ETA: 1s - loss: 0.9778 - acc: 0.6023
736/865 [========================>.....] - ETA: 1s - loss: 0.9717 - acc: 0.6046
768/865 [=========================>....] - ETA: 0s - loss: 0.9689 - acc: 0.6081
800/865 [==========================>...] - ETA: 0s - loss: 0.9767 - acc: 0.6062
832/865 [===========================>..] - ETA: 0s - loss: 0.9692 - acc: 0.6082
864/865 [============================>.] - ETA: 0s - loss: 0.9746 - acc: 0.6100
865/865 [==============================] - 7s 8ms/sample - loss: 0.9735 - acc: 0.6104

  32/3458 [..............................] - ETA: 2:04 - loss: 0.5951 - acc: 0.8125
  64/3458 [..............................] - ETA: 2:05 - loss: 0.5636 - acc: 0.7812
  96/3458 [..............................] - ETA: 2:03 - loss: 0.6246 - acc: 0.7500
 128/3458 [>.............................] - ETA: 2:02 - loss: 0.6588 - acc: 0.7578
 160/3458 [>.............................] - ETA: 2:00 - loss: 0.6626 - acc: 0.7437
 192/3458 [>.............................] - ETA: 1:59 - loss: 0.6967 - acc: 0.7188
 224/3458 [>.............................] - ETA: 1:58 - loss: 0.6689 - acc: 0.7366
 256/3458 [=>............................] - ETA: 1:56 - loss: 0.7014 - acc: 0.7266
 288/3458 [=>............................] - ETA: 1:55 - loss: 0.6971 - acc: 0.7257
 320/3458 [=>............................] - ETA: 1:54 - loss: 0.7021 - acc: 0.7250
 352/3458 [==>...........................] - ETA: 1:53 - loss: 0.7025 - acc: 0.7330
 384/3458 [==>...........................] - ETA: 1:52 - loss: 0.7023 - acc: 0.7318
 416/3458 [==>...........................] - ETA: 1:51 - loss: 0.6999 - acc: 0.7404
 448/3458 [==>...........................] - ETA: 1:50 - loss: 0.6989 - acc: 0.7388
 480/3458 [===>..........................] - ETA: 1:48 - loss: 0.6997 - acc: 0.7375
 512/3458 [===>..........................] - ETA: 1:47 - loss: 0.7196 - acc: 0.7324
 544/3458 [===>..........................] - ETA: 1:46 - loss: 0.7149 - acc: 0.7390
 576/3458 [===>..........................] - ETA: 1:45 - loss: 0.7184 - acc: 0.7396
 608/3458 [====>.........................] - ETA: 1:44 - loss: 0.7160 - acc: 0.7401
 640/3458 [====>.........................] - ETA: 1:43 - loss: 0.7321 - acc: 0.7344
 672/3458 [====>.........................] - ETA: 1:42 - loss: 0.7279 - acc: 0.7336
 704/3458 [=====>........................] - ETA: 1:40 - loss: 0.7244 - acc: 0.7358
 736/3458 [=====>........................] - ETA: 1:39 - loss: 0.7257 - acc: 0.7351
 768/3458 [=====>........................] - ETA: 1:38 - loss: 0.7278 - acc: 0.7331
 800/3458 [=====>........................] - ETA: 1:37 - loss: 0.7230 - acc: 0.7337
 832/3458 [======>.......................] - ETA: 1:36 - loss: 0.7251 - acc: 0.7332
 864/3458 [======>.......................] - ETA: 1:35 - loss: 0.7232 - acc: 0.7280
 896/3458 [======>.......................] - ETA: 1:33 - loss: 0.7235 - acc: 0.7266
 928/3458 [=======>......................] - ETA: 1:32 - loss: 0.7234 - acc: 0.7284
 960/3458 [=======>......................] - ETA: 1:31 - loss: 0.7214 - acc: 0.7281
 992/3458 [=======>......................] - ETA: 1:30 - loss: 0.7167 - acc: 0.7329
1024/3458 [=======>......................] - ETA: 1:29 - loss: 0.7140 - acc: 0.7344
1056/3458 [========>.....................] - ETA: 1:27 - loss: 0.7148 - acc: 0.7339
1088/3458 [========>.....................] - ETA: 1:26 - loss: 0.7162 - acc: 0.7325
1120/3458 [========>.....................] - ETA: 1:25 - loss: 0.7220 - acc: 0.7295
1152/3458 [========>.....................] - ETA: 1:24 - loss: 0.7241 - acc: 0.7283
1184/3458 [=========>....................] - ETA: 1:23 - loss: 0.7227 - acc: 0.7297
1216/3458 [=========>....................] - ETA: 1:22 - loss: 0.7256 - acc: 0.7311
1248/3458 [=========>....................] - ETA: 1:20 - loss: 0.7279 - acc: 0.7292
1280/3458 [==========>...................] - ETA: 1:19 - loss: 0.7272 - acc: 0.7281
1312/3458 [==========>...................] - ETA: 1:18 - loss: 0.7223 - acc: 0.7294
1344/3458 [==========>...................] - ETA: 1:17 - loss: 0.7183 - acc: 0.7314
1376/3458 [==========>...................] - ETA: 1:16 - loss: 0.7143 - acc: 0.7326
1408/3458 [===========>..................] - ETA: 1:15 - loss: 0.7157 - acc: 0.7322
1440/3458 [===========>..................] - ETA: 1:13 - loss: 0.7136 - acc: 0.7333
1472/3458 [===========>..................] - ETA: 1:12 - loss: 0.7166 - acc: 0.7337
1504/3458 [============>.................] - ETA: 1:11 - loss: 0.7155 - acc: 0.7334
1536/3458 [============>.................] - ETA: 1:10 - loss: 0.7156 - acc: 0.7324
1568/3458 [============>.................] - ETA: 1:09 - loss: 0.7157 - acc: 0.7328
1600/3458 [============>.................] - ETA: 1:08 - loss: 0.7123 - acc: 0.7344
1632/3458 [=============>................] - ETA: 1:06 - loss: 0.7125 - acc: 0.7341
1664/3458 [=============>................] - ETA: 1:05 - loss: 0.7148 - acc: 0.7332
1696/3458 [=============>................] - ETA: 1:04 - loss: 0.7121 - acc: 0.7335
1728/3458 [=============>................] - ETA: 1:03 - loss: 0.7157 - acc: 0.7321
1760/3458 [==============>...............] - ETA: 1:02 - loss: 0.7179 - acc: 0.7301
1792/3458 [==============>...............] - ETA: 1:01 - loss: 0.7180 - acc: 0.7294
1824/3458 [==============>...............] - ETA: 59s - loss: 0.7171 - acc: 0.7303 
1856/3458 [===============>..............] - ETA: 58s - loss: 0.7251 - acc: 0.7274
1888/3458 [===============>..............] - ETA: 57s - loss: 0.7258 - acc: 0.7272
1920/3458 [===============>..............] - ETA: 56s - loss: 0.7232 - acc: 0.7281
1952/3458 [===============>..............] - ETA: 55s - loss: 0.7203 - acc: 0.7295
1984/3458 [================>.............] - ETA: 53s - loss: 0.7164 - acc: 0.7314
2016/3458 [================>.............] - ETA: 52s - loss: 0.7124 - acc: 0.7331
2048/3458 [================>.............] - ETA: 51s - loss: 0.7114 - acc: 0.7339
2080/3458 [=================>............] - ETA: 50s - loss: 0.7120 - acc: 0.7332
2112/3458 [=================>............] - ETA: 49s - loss: 0.7197 - acc: 0.7306
2144/3458 [=================>............] - ETA: 48s - loss: 0.7222 - acc: 0.7295
2176/3458 [=================>............] - ETA: 46s - loss: 0.7240 - acc: 0.7275
2208/3458 [==================>...........] - ETA: 45s - loss: 0.7237 - acc: 0.7278
2240/3458 [==================>...........] - ETA: 44s - loss: 0.7299 - acc: 0.7263
2272/3458 [==================>...........] - ETA: 43s - loss: 0.7295 - acc: 0.7276
2304/3458 [==================>...........] - ETA: 42s - loss: 0.7283 - acc: 0.7270
2336/3458 [===================>..........] - ETA: 41s - loss: 0.7315 - acc: 0.7269
2368/3458 [===================>..........] - ETA: 39s - loss: 0.7303 - acc: 0.7259
2400/3458 [===================>..........] - ETA: 38s - loss: 0.7284 - acc: 0.7262
2432/3458 [====================>.........] - ETA: 37s - loss: 0.7273 - acc: 0.7257
2464/3458 [====================>.........] - ETA: 36s - loss: 0.7245 - acc: 0.7265
2496/3458 [====================>.........] - ETA: 35s - loss: 0.7250 - acc: 0.7252
2528/3458 [====================>.........] - ETA: 34s - loss: 0.7233 - acc: 0.7255
2560/3458 [=====================>........] - ETA: 32s - loss: 0.7257 - acc: 0.7246
2592/3458 [=====================>........] - ETA: 31s - loss: 0.7269 - acc: 0.7245
2624/3458 [=====================>........] - ETA: 30s - loss: 0.7275 - acc: 0.7245
2656/3458 [======================>.......] - ETA: 29s - loss: 0.7296 - acc: 0.7233
2688/3458 [======================>.......] - ETA: 28s - loss: 0.7291 - acc: 0.7243
2720/3458 [======================>.......] - ETA: 27s - loss: 0.7301 - acc: 0.7246
2752/3458 [======================>.......] - ETA: 25s - loss: 0.7308 - acc: 0.7246
2784/3458 [=======================>......] - ETA: 24s - loss: 0.7349 - acc: 0.7241
2816/3458 [=======================>......] - ETA: 23s - loss: 0.7334 - acc: 0.7251
2848/3458 [=======================>......] - ETA: 22s - loss: 0.7325 - acc: 0.7261
2880/3458 [=======================>......] - ETA: 21s - loss: 0.7330 - acc: 0.7257
2912/3458 [========================>.....] - ETA: 19s - loss: 0.7337 - acc: 0.7242
2944/3458 [========================>.....] - ETA: 18s - loss: 0.7339 - acc: 0.7242
2976/3458 [========================>.....] - ETA: 17s - loss: 0.7328 - acc: 0.7251
3008/3458 [=========================>....] - ETA: 16s - loss: 0.7348 - acc: 0.7241
3040/3458 [=========================>....] - ETA: 15s - loss: 0.7361 - acc: 0.7237
3072/3458 [=========================>....] - ETA: 14s - loss: 0.7368 - acc: 0.7243
3104/3458 [=========================>....] - ETA: 12s - loss: 0.7375 - acc: 0.7245
3136/3458 [==========================>...] - ETA: 11s - loss: 0.7369 - acc: 0.7248
3168/3458 [==========================>...] - ETA: 10s - loss: 0.7334 - acc: 0.7263
3200/3458 [==========================>...] - ETA: 9s - loss: 0.7326 - acc: 0.7266 
3232/3458 [===========================>..] - ETA: 8s - loss: 0.7331 - acc: 0.7256
3264/3458 [===========================>..] - ETA: 7s - loss: 0.7309 - acc: 0.7267
3296/3458 [===========================>..] - ETA: 5s - loss: 0.7338 - acc: 0.7248
3328/3458 [===========================>..] - ETA: 4s - loss: 0.7393 - acc: 0.7233
3360/3458 [============================>.] - ETA: 3s - loss: 0.7418 - acc: 0.7226
3392/3458 [============================>.] - ETA: 2s - loss: 0.7399 - acc: 0.7235
3424/3458 [============================>.] - ETA: 1s - loss: 0.7381 - acc: 0.7237
3456/3458 [============================>.] - ETA: 0s - loss: 0.7371 - acc: 0.7240
3458/3458 [==============================] - 127s 37ms/sample - loss: 0.7372 - acc: 0.7238

 32/865 [>.............................] - ETA: 6s - loss: 1.3129 - acc: 0.5312
 64/865 [=>............................] - ETA: 6s - loss: 1.2861 - acc: 0.5000
 96/865 [==>...........................] - ETA: 6s - loss: 1.3217 - acc: 0.4792
128/865 [===>..........................] - ETA: 5s - loss: 1.1993 - acc: 0.5625
160/865 [====>.........................] - ETA: 5s - loss: 1.1251 - acc: 0.5875
192/865 [=====>........................] - ETA: 5s - loss: 1.1381 - acc: 0.5833
224/865 [======>.......................] - ETA: 5s - loss: 1.1476 - acc: 0.5848
256/865 [=======>......................] - ETA: 4s - loss: 1.1418 - acc: 0.5781
288/865 [========>.....................] - ETA: 4s - loss: 1.1438 - acc: 0.5764
320/865 [==========>...................] - ETA: 4s - loss: 1.1309 - acc: 0.5844
352/865 [===========>..................] - ETA: 4s - loss: 1.1585 - acc: 0.5682
384/865 [============>.................] - ETA: 3s - loss: 1.1561 - acc: 0.5781
416/865 [=============>................] - ETA: 3s - loss: 1.1414 - acc: 0.5841
448/865 [==============>...............] - ETA: 3s - loss: 1.1529 - acc: 0.5848
480/865 [===============>..............] - ETA: 3s - loss: 1.1266 - acc: 0.5917
512/865 [================>.............] - ETA: 2s - loss: 1.1214 - acc: 0.5898
544/865 [=================>............] - ETA: 2s - loss: 1.1076 - acc: 0.5938
576/865 [==================>...........] - ETA: 2s - loss: 1.1103 - acc: 0.5851
608/865 [====================>.........] - ETA: 2s - loss: 1.1009 - acc: 0.5888
640/865 [=====================>........] - ETA: 1s - loss: 1.0950 - acc: 0.5875
672/865 [======================>.......] - ETA: 1s - loss: 1.1029 - acc: 0.5789
704/865 [=======================>......] - ETA: 1s - loss: 1.1078 - acc: 0.5810
736/865 [========================>.....] - ETA: 1s - loss: 1.0976 - acc: 0.5829
768/865 [=========================>....] - ETA: 0s - loss: 1.0903 - acc: 0.5846
800/865 [==========================>...] - ETA: 0s - loss: 1.0894 - acc: 0.5875
832/865 [===========================>..] - ETA: 0s - loss: 1.0816 - acc: 0.5889
864/865 [============================>.] - ETA: 0s - loss: 1.0877 - acc: 0.5891
865/865 [==============================] - 7s 8ms/sample - loss: 1.0865 - acc: 0.5896
