For number of cells in Conv2D=128
For Dropout_1=0.8 Dropout_2=0.2
For number of cells in Dense=512
daisy loaded
dandelion loaded
rose loaded
sunflower loaded
tulip loaded

  32/3458 [..............................] - ETA: 3:08 - loss: 1.5585 - acc: 0.3438
  64/3458 [..............................] - ETA: 2:55 - loss: 6.0403 - acc: 0.3125
  96/3458 [..............................] - ETA: 2:51 - loss: 8.1352 - acc: 0.2812
 128/3458 [>.............................] - ETA: 2:47 - loss: 9.4086 - acc: 0.2500
 160/3458 [>.............................] - ETA: 2:44 - loss: 8.3573 - acc: 0.2250
 192/3458 [>.............................] - ETA: 2:42 - loss: 7.3084 - acc: 0.2083
 224/3458 [>.............................] - ETA: 2:40 - loss: 6.4902 - acc: 0.2054
 256/3458 [=>............................] - ETA: 2:38 - loss: 5.8767 - acc: 0.2148
 288/3458 [=>............................] - ETA: 2:36 - loss: 5.4018 - acc: 0.2049
 320/3458 [=>............................] - ETA: 2:34 - loss: 5.0217 - acc: 0.2031
 352/3458 [==>...........................] - ETA: 2:32 - loss: 4.7087 - acc: 0.2017
 384/3458 [==>...........................] - ETA: 2:31 - loss: 4.4472 - acc: 0.2031
 416/3458 [==>...........................] - ETA: 2:29 - loss: 4.2174 - acc: 0.2115
 448/3458 [==>...........................] - ETA: 2:27 - loss: 4.0223 - acc: 0.2098
 480/3458 [===>..........................] - ETA: 2:25 - loss: 3.8667 - acc: 0.2125
 512/3458 [===>..........................] - ETA: 2:24 - loss: 3.7227 - acc: 0.2246
 544/3458 [===>..........................] - ETA: 2:22 - loss: 3.5981 - acc: 0.2243
 576/3458 [===>..........................] - ETA: 2:21 - loss: 3.4847 - acc: 0.2361
 608/3458 [====>.........................] - ETA: 2:19 - loss: 3.3851 - acc: 0.2451
 640/3458 [====>.........................] - ETA: 2:17 - loss: 3.2950 - acc: 0.2484
 672/3458 [====>.........................] - ETA: 2:16 - loss: 3.2131 - acc: 0.2470
 704/3458 [=====>........................] - ETA: 2:14 - loss: 3.1385 - acc: 0.2472
 736/3458 [=====>........................] - ETA: 2:13 - loss: 3.0694 - acc: 0.2527
 768/3458 [=====>........................] - ETA: 2:11 - loss: 3.0025 - acc: 0.2552
 800/3458 [=====>........................] - ETA: 2:10 - loss: 2.9407 - acc: 0.2525
 832/3458 [======>.......................] - ETA: 2:08 - loss: 2.8857 - acc: 0.2524
 864/3458 [======>.......................] - ETA: 2:06 - loss: 2.8329 - acc: 0.2569
 896/3458 [======>.......................] - ETA: 2:05 - loss: 2.7853 - acc: 0.2612
 928/3458 [=======>......................] - ETA: 2:03 - loss: 2.7355 - acc: 0.2651
 960/3458 [=======>......................] - ETA: 2:02 - loss: 2.6940 - acc: 0.2667
 992/3458 [=======>......................] - ETA: 2:00 - loss: 2.6538 - acc: 0.2732
1024/3458 [=======>......................] - ETA: 1:59 - loss: 2.6142 - acc: 0.2764
1056/3458 [========>.....................] - ETA: 1:57 - loss: 2.5786 - acc: 0.2831
1088/3458 [========>.....................] - ETA: 1:55 - loss: 2.5494 - acc: 0.2858
1120/3458 [========>.....................] - ETA: 1:54 - loss: 2.5130 - acc: 0.2911
1152/3458 [========>.....................] - ETA: 1:52 - loss: 2.4824 - acc: 0.2917
1184/3458 [=========>....................] - ETA: 1:51 - loss: 2.4495 - acc: 0.2922
1216/3458 [=========>....................] - ETA: 1:49 - loss: 2.4211 - acc: 0.2936
1248/3458 [=========>....................] - ETA: 1:48 - loss: 2.3941 - acc: 0.2981
1280/3458 [==========>...................] - ETA: 1:46 - loss: 2.3641 - acc: 0.3063
1312/3458 [==========>...................] - ETA: 1:44 - loss: 2.3372 - acc: 0.3110
1344/3458 [==========>...................] - ETA: 1:43 - loss: 2.3131 - acc: 0.3125
1376/3458 [==========>...................] - ETA: 1:41 - loss: 2.2913 - acc: 0.3176
1408/3458 [===========>..................] - ETA: 1:40 - loss: 2.2691 - acc: 0.3182
1440/3458 [===========>..................] - ETA: 1:38 - loss: 2.2504 - acc: 0.3229
1472/3458 [===========>..................] - ETA: 1:36 - loss: 2.2293 - acc: 0.3274
1504/3458 [============>.................] - ETA: 1:35 - loss: 2.2105 - acc: 0.3305
1536/3458 [============>.................] - ETA: 1:33 - loss: 2.1868 - acc: 0.3353
1568/3458 [============>.................] - ETA: 1:32 - loss: 2.1684 - acc: 0.3380
1600/3458 [============>.................] - ETA: 1:30 - loss: 2.1561 - acc: 0.3381
1632/3458 [=============>................] - ETA: 1:29 - loss: 2.1394 - acc: 0.3419
1664/3458 [=============>................] - ETA: 1:27 - loss: 2.1231 - acc: 0.3419
1696/3458 [=============>................] - ETA: 1:25 - loss: 2.1070 - acc: 0.3443
1728/3458 [=============>................] - ETA: 1:24 - loss: 2.1043 - acc: 0.3478
1760/3458 [==============>...............] - ETA: 1:22 - loss: 2.0896 - acc: 0.3506
1792/3458 [==============>...............] - ETA: 1:21 - loss: 2.0725 - acc: 0.3544
1824/3458 [==============>...............] - ETA: 1:19 - loss: 2.0606 - acc: 0.3553
1856/3458 [===============>..............] - ETA: 1:18 - loss: 2.0490 - acc: 0.3567
1888/3458 [===============>..............] - ETA: 1:16 - loss: 2.0416 - acc: 0.3575
1920/3458 [===============>..............] - ETA: 1:15 - loss: 2.0279 - acc: 0.3604
1952/3458 [===============>..............] - ETA: 1:13 - loss: 2.0162 - acc: 0.3607
1984/3458 [================>.............] - ETA: 1:11 - loss: 2.0050 - acc: 0.3619
2016/3458 [================>.............] - ETA: 1:10 - loss: 1.9929 - acc: 0.3631
2048/3458 [================>.............] - ETA: 1:08 - loss: 1.9828 - acc: 0.3638
2080/3458 [=================>............] - ETA: 1:07 - loss: 1.9734 - acc: 0.3659
2112/3458 [=================>............] - ETA: 1:05 - loss: 1.9675 - acc: 0.3688
2144/3458 [=================>............] - ETA: 1:04 - loss: 1.9603 - acc: 0.3722
2176/3458 [=================>............] - ETA: 1:02 - loss: 1.9492 - acc: 0.3741
2208/3458 [==================>...........] - ETA: 1:01 - loss: 1.9382 - acc: 0.3741
2240/3458 [==================>...........] - ETA: 59s - loss: 1.9279 - acc: 0.3732 
2272/3458 [==================>...........] - ETA: 57s - loss: 1.9179 - acc: 0.3741
2304/3458 [==================>...........] - ETA: 56s - loss: 1.9103 - acc: 0.3746
2336/3458 [===================>..........] - ETA: 54s - loss: 1.9061 - acc: 0.3750
2368/3458 [===================>..........] - ETA: 53s - loss: 1.8969 - acc: 0.3788
2400/3458 [===================>..........] - ETA: 51s - loss: 1.8922 - acc: 0.3771
2432/3458 [====================>.........] - ETA: 50s - loss: 1.8864 - acc: 0.3783
2464/3458 [====================>.........] - ETA: 48s - loss: 1.8779 - acc: 0.3791
2496/3458 [====================>.........] - ETA: 46s - loss: 1.8732 - acc: 0.3790
2528/3458 [====================>.........] - ETA: 45s - loss: 1.8670 - acc: 0.3794
2560/3458 [=====================>........] - ETA: 43s - loss: 1.8619 - acc: 0.3781
2592/3458 [=====================>........] - ETA: 42s - loss: 1.8570 - acc: 0.3765
2624/3458 [=====================>........] - ETA: 40s - loss: 1.8524 - acc: 0.3773
2656/3458 [======================>.......] - ETA: 39s - loss: 1.8475 - acc: 0.3769
2688/3458 [======================>.......] - ETA: 37s - loss: 1.8426 - acc: 0.3761
2720/3458 [======================>.......] - ETA: 36s - loss: 1.8382 - acc: 0.3750
2752/3458 [======================>.......] - ETA: 34s - loss: 1.8311 - acc: 0.3768
2784/3458 [=======================>......] - ETA: 32s - loss: 1.8253 - acc: 0.3779
2816/3458 [=======================>......] - ETA: 31s - loss: 1.8183 - acc: 0.3800
2848/3458 [=======================>......] - ETA: 29s - loss: 1.8100 - acc: 0.3831
2880/3458 [=======================>......] - ETA: 28s - loss: 1.8047 - acc: 0.3840
2912/3458 [========================>.....] - ETA: 26s - loss: 1.7997 - acc: 0.3860
2944/3458 [========================>.....] - ETA: 25s - loss: 1.7951 - acc: 0.3862
2976/3458 [========================>.....] - ETA: 23s - loss: 1.7880 - acc: 0.3871
3008/3458 [=========================>....] - ETA: 21s - loss: 1.7854 - acc: 0.3866
3040/3458 [=========================>....] - ETA: 20s - loss: 1.7825 - acc: 0.3868
3072/3458 [=========================>....] - ETA: 18s - loss: 1.7764 - acc: 0.3877
3104/3458 [=========================>....] - ETA: 17s - loss: 1.7702 - acc: 0.3889
3136/3458 [==========================>...] - ETA: 15s - loss: 1.7668 - acc: 0.3897
3168/3458 [==========================>...] - ETA: 14s - loss: 1.7593 - acc: 0.3927
3200/3458 [==========================>...] - ETA: 12s - loss: 1.7522 - acc: 0.3931
3232/3458 [===========================>..] - ETA: 11s - loss: 1.7510 - acc: 0.3942
3264/3458 [===========================>..] - ETA: 9s - loss: 1.7492 - acc: 0.3934 
3296/3458 [===========================>..] - ETA: 7s - loss: 1.7440 - acc: 0.3935
3328/3458 [===========================>..] - ETA: 6s - loss: 1.7384 - acc: 0.3936
3360/3458 [============================>.] - ETA: 4s - loss: 1.7332 - acc: 0.3938
3392/3458 [============================>.] - ETA: 3s - loss: 1.7292 - acc: 0.3936
3424/3458 [============================>.] - ETA: 1s - loss: 1.7253 - acc: 0.3934
3456/3458 [============================>.] - ETA: 0s - loss: 1.7195 - acc: 0.3938
3458/3458 [==============================] - 169s 49ms/sample - loss: 1.7193 - acc: 0.3936

 32/865 [>.............................] - ETA: 7s - loss: 1.3613 - acc: 0.4688
 64/865 [=>............................] - ETA: 7s - loss: 1.2682 - acc: 0.5156
 96/865 [==>...........................] - ETA: 6s - loss: 1.2461 - acc: 0.4792
128/865 [===>..........................] - ETA: 6s - loss: 1.2607 - acc: 0.4531
160/865 [====>.........................] - ETA: 6s - loss: 1.2443 - acc: 0.4625
192/865 [=====>........................] - ETA: 6s - loss: 1.2485 - acc: 0.4479
224/865 [======>.......................] - ETA: 5s - loss: 1.2449 - acc: 0.4643
256/865 [=======>......................] - ETA: 5s - loss: 1.2537 - acc: 0.4727
288/865 [========>.....................] - ETA: 5s - loss: 1.2530 - acc: 0.4826
320/865 [==========>...................] - ETA: 4s - loss: 1.2422 - acc: 0.4906
352/865 [===========>..................] - ETA: 4s - loss: 1.2456 - acc: 0.4943
384/865 [============>.................] - ETA: 4s - loss: 1.2629 - acc: 0.4740
416/865 [=============>................] - ETA: 4s - loss: 1.2758 - acc: 0.4615
448/865 [==============>...............] - ETA: 3s - loss: 1.2643 - acc: 0.4799
480/865 [===============>..............] - ETA: 3s - loss: 1.2732 - acc: 0.4625
512/865 [================>.............] - ETA: 3s - loss: 1.2660 - acc: 0.4629
544/865 [=================>............] - ETA: 2s - loss: 1.2584 - acc: 0.4596
576/865 [==================>...........] - ETA: 2s - loss: 1.2651 - acc: 0.4653
608/865 [====================>.........] - ETA: 2s - loss: 1.2599 - acc: 0.4655
640/865 [=====================>........] - ETA: 2s - loss: 1.2593 - acc: 0.4688
672/865 [======================>.......] - ETA: 1s - loss: 1.2602 - acc: 0.4658
704/865 [=======================>......] - ETA: 1s - loss: 1.2540 - acc: 0.4702
736/865 [========================>.....] - ETA: 1s - loss: 1.2486 - acc: 0.4715
768/865 [=========================>....] - ETA: 0s - loss: 1.2542 - acc: 0.4661
800/865 [==========================>...] - ETA: 0s - loss: 1.2499 - acc: 0.4663
832/865 [===========================>..] - ETA: 0s - loss: 1.2505 - acc: 0.4627
864/865 [============================>.] - ETA: 0s - loss: 1.2507 - acc: 0.4664
865/865 [==============================] - 8s 9ms/sample - loss: 1.2508 - acc: 0.4659

  32/3458 [..............................] - ETA: 2:45 - loss: 1.2277 - acc: 0.5000
  64/3458 [..............................] - ETA: 2:46 - loss: 1.2599 - acc: 0.4531
  96/3458 [..............................] - ETA: 2:44 - loss: 1.2772 - acc: 0.4896
 128/3458 [>.............................] - ETA: 2:42 - loss: 1.2309 - acc: 0.5156
 160/3458 [>.............................] - ETA: 2:40 - loss: 1.2387 - acc: 0.5188
 192/3458 [>.............................] - ETA: 2:39 - loss: 1.2092 - acc: 0.5156
 224/3458 [>.............................] - ETA: 2:38 - loss: 1.2116 - acc: 0.5223
 256/3458 [=>............................] - ETA: 2:36 - loss: 1.2012 - acc: 0.5156
 288/3458 [=>............................] - ETA: 2:35 - loss: 1.2568 - acc: 0.5139
 320/3458 [=>............................] - ETA: 2:33 - loss: 1.2696 - acc: 0.5125
 352/3458 [==>...........................] - ETA: 2:31 - loss: 1.2625 - acc: 0.5170
 384/3458 [==>...........................] - ETA: 2:29 - loss: 1.2461 - acc: 0.5260
 416/3458 [==>...........................] - ETA: 2:28 - loss: 1.2428 - acc: 0.5216
 448/3458 [==>...........................] - ETA: 2:26 - loss: 1.2428 - acc: 0.5223
 480/3458 [===>..........................] - ETA: 2:25 - loss: 1.2313 - acc: 0.5250
 512/3458 [===>..........................] - ETA: 2:23 - loss: 1.2187 - acc: 0.5293
 544/3458 [===>..........................] - ETA: 2:22 - loss: 1.2186 - acc: 0.5221
 576/3458 [===>..........................] - ETA: 2:20 - loss: 1.2179 - acc: 0.5243
 608/3458 [====>.........................] - ETA: 2:18 - loss: 1.2124 - acc: 0.5280
 640/3458 [====>.........................] - ETA: 2:17 - loss: 1.2143 - acc: 0.5219
 672/3458 [====>.........................] - ETA: 2:15 - loss: 1.2153 - acc: 0.5193
 704/3458 [=====>........................] - ETA: 2:14 - loss: 1.2141 - acc: 0.5156
 736/3458 [=====>........................] - ETA: 2:12 - loss: 1.2254 - acc: 0.5149
 768/3458 [=====>........................] - ETA: 2:11 - loss: 1.2177 - acc: 0.5182
 800/3458 [=====>........................] - ETA: 2:09 - loss: 1.2168 - acc: 0.5200
 832/3458 [======>.......................] - ETA: 2:08 - loss: 1.2285 - acc: 0.5156
 864/3458 [======>.......................] - ETA: 2:06 - loss: 1.2246 - acc: 0.5150
 896/3458 [======>.......................] - ETA: 2:04 - loss: 1.2464 - acc: 0.5067
 928/3458 [=======>......................] - ETA: 2:03 - loss: 1.2493 - acc: 0.5054
 960/3458 [=======>......................] - ETA: 2:01 - loss: 1.2583 - acc: 0.5052
 992/3458 [=======>......................] - ETA: 2:00 - loss: 1.2625 - acc: 0.5071
1024/3458 [=======>......................] - ETA: 1:58 - loss: 1.2595 - acc: 0.5078
1056/3458 [========>.....................] - ETA: 1:57 - loss: 1.2580 - acc: 0.5076
1088/3458 [========>.....................] - ETA: 1:55 - loss: 1.2570 - acc: 0.5110
1120/3458 [========>.....................] - ETA: 1:53 - loss: 1.2549 - acc: 0.5107
1152/3458 [========>.....................] - ETA: 1:52 - loss: 1.2534 - acc: 0.5139
1184/3458 [=========>....................] - ETA: 1:50 - loss: 1.2540 - acc: 0.5101
1216/3458 [=========>....................] - ETA: 1:49 - loss: 1.2526 - acc: 0.5090
1248/3458 [=========>....................] - ETA: 1:47 - loss: 1.2536 - acc: 0.5072
1280/3458 [==========>...................] - ETA: 1:46 - loss: 1.2479 - acc: 0.5102
1312/3458 [==========>...................] - ETA: 1:44 - loss: 1.2479 - acc: 0.5084
1344/3458 [==========>...................] - ETA: 1:43 - loss: 1.2486 - acc: 0.5067
1376/3458 [==========>...................] - ETA: 1:41 - loss: 1.2481 - acc: 0.5051
1408/3458 [===========>..................] - ETA: 1:39 - loss: 1.2444 - acc: 0.5057
1440/3458 [===========>..................] - ETA: 1:38 - loss: 1.2432 - acc: 0.5063
1472/3458 [===========>..................] - ETA: 1:36 - loss: 1.2405 - acc: 0.5068
1504/3458 [============>.................] - ETA: 1:35 - loss: 1.2371 - acc: 0.5093
1536/3458 [============>.................] - ETA: 1:33 - loss: 1.2371 - acc: 0.5078
1568/3458 [============>.................] - ETA: 1:32 - loss: 1.2347 - acc: 0.5089
1600/3458 [============>.................] - ETA: 1:30 - loss: 1.2340 - acc: 0.5075
1632/3458 [=============>................] - ETA: 1:28 - loss: 1.2346 - acc: 0.5061
1664/3458 [=============>................] - ETA: 1:27 - loss: 1.2332 - acc: 0.5054
1696/3458 [=============>................] - ETA: 1:25 - loss: 1.2330 - acc: 0.5059
1728/3458 [=============>................] - ETA: 1:24 - loss: 1.2325 - acc: 0.5046
1760/3458 [==============>...............] - ETA: 1:22 - loss: 1.2271 - acc: 0.5068
1792/3458 [==============>...............] - ETA: 1:21 - loss: 1.2273 - acc: 0.5061
1824/3458 [==============>...............] - ETA: 1:19 - loss: 1.2308 - acc: 0.5038
1856/3458 [===============>..............] - ETA: 1:18 - loss: 1.2348 - acc: 0.5048
1888/3458 [===============>..............] - ETA: 1:16 - loss: 1.2326 - acc: 0.5026
1920/3458 [===============>..............] - ETA: 1:14 - loss: 1.2318 - acc: 0.5016
1952/3458 [===============>..............] - ETA: 1:13 - loss: 1.2295 - acc: 0.5020
1984/3458 [================>.............] - ETA: 1:11 - loss: 1.2251 - acc: 0.5055
2016/3458 [================>.............] - ETA: 1:10 - loss: 1.2257 - acc: 0.5020
2048/3458 [================>.............] - ETA: 1:08 - loss: 1.2255 - acc: 0.5000
2080/3458 [=================>............] - ETA: 1:07 - loss: 1.2239 - acc: 0.5000
2112/3458 [=================>............] - ETA: 1:05 - loss: 1.2245 - acc: 0.5000
2144/3458 [=================>............] - ETA: 1:04 - loss: 1.2255 - acc: 0.4977
2176/3458 [=================>............] - ETA: 1:02 - loss: 1.2255 - acc: 0.4986
2208/3458 [==================>...........] - ETA: 1:00 - loss: 1.2254 - acc: 0.4982
2240/3458 [==================>...........] - ETA: 59s - loss: 1.2278 - acc: 0.4960 
2272/3458 [==================>...........] - ETA: 57s - loss: 1.2246 - acc: 0.4978
2304/3458 [==================>...........] - ETA: 56s - loss: 1.2220 - acc: 0.4983
2336/3458 [===================>..........] - ETA: 54s - loss: 1.2219 - acc: 0.5000
2368/3458 [===================>..........] - ETA: 53s - loss: 1.2203 - acc: 0.5008
2400/3458 [===================>..........] - ETA: 51s - loss: 1.2185 - acc: 0.5004
2432/3458 [====================>.........] - ETA: 49s - loss: 1.2164 - acc: 0.5000
2464/3458 [====================>.........] - ETA: 48s - loss: 1.2158 - acc: 0.4996
2496/3458 [====================>.........] - ETA: 46s - loss: 1.2153 - acc: 0.5004
2528/3458 [====================>.........] - ETA: 45s - loss: 1.2127 - acc: 0.5024
2560/3458 [=====================>........] - ETA: 43s - loss: 1.2088 - acc: 0.5035
2592/3458 [=====================>........] - ETA: 42s - loss: 1.2083 - acc: 0.5046
2624/3458 [=====================>........] - ETA: 40s - loss: 1.2047 - acc: 0.5065
2656/3458 [======================>.......] - ETA: 39s - loss: 1.2019 - acc: 0.5075
2688/3458 [======================>.......] - ETA: 37s - loss: 1.2049 - acc: 0.5063
2720/3458 [======================>.......] - ETA: 35s - loss: 1.2051 - acc: 0.5070
2752/3458 [======================>.......] - ETA: 34s - loss: 1.2055 - acc: 0.5073
2784/3458 [=======================>......] - ETA: 32s - loss: 1.2059 - acc: 0.5054
2816/3458 [=======================>......] - ETA: 31s - loss: 1.2068 - acc: 0.5050
2848/3458 [=======================>......] - ETA: 29s - loss: 1.2065 - acc: 0.5046
2880/3458 [=======================>......] - ETA: 28s - loss: 1.2046 - acc: 0.5059
2912/3458 [========================>.....] - ETA: 26s - loss: 1.2026 - acc: 0.5069
2944/3458 [========================>.....] - ETA: 25s - loss: 1.2001 - acc: 0.5082
2976/3458 [========================>.....] - ETA: 23s - loss: 1.1998 - acc: 0.5071
3008/3458 [=========================>....] - ETA: 21s - loss: 1.1999 - acc: 0.5073
3040/3458 [=========================>....] - ETA: 20s - loss: 1.1988 - acc: 0.5082
3072/3458 [=========================>....] - ETA: 18s - loss: 1.1988 - acc: 0.5081
3104/3458 [=========================>....] - ETA: 17s - loss: 1.1989 - acc: 0.5090
3136/3458 [==========================>...] - ETA: 15s - loss: 1.2015 - acc: 0.5080
3168/3458 [==========================>...] - ETA: 14s - loss: 1.2042 - acc: 0.5063
3200/3458 [==========================>...] - ETA: 12s - loss: 1.2056 - acc: 0.5063
3232/3458 [===========================>..] - ETA: 11s - loss: 1.2053 - acc: 0.5068
3264/3458 [===========================>..] - ETA: 9s - loss: 1.2060 - acc: 0.5070 
3296/3458 [===========================>..] - ETA: 7s - loss: 1.2063 - acc: 0.5061
3328/3458 [===========================>..] - ETA: 6s - loss: 1.2059 - acc: 0.5060
3360/3458 [============================>.] - ETA: 4s - loss: 1.2058 - acc: 0.5060
3392/3458 [============================>.] - ETA: 3s - loss: 1.2075 - acc: 0.5053
3424/3458 [============================>.] - ETA: 1s - loss: 1.2082 - acc: 0.5053
3456/3458 [============================>.] - ETA: 0s - loss: 1.2089 - acc: 0.5049
3458/3458 [==============================] - 169s 49ms/sample - loss: 1.2092 - acc: 0.5046

 32/865 [>.............................] - ETA: 7s - loss: 1.2065 - acc: 0.4688
 64/865 [=>............................] - ETA: 7s - loss: 1.2133 - acc: 0.4844
 96/865 [==>...........................] - ETA: 6s - loss: 1.2071 - acc: 0.5000
128/865 [===>..........................] - ETA: 6s - loss: 1.1919 - acc: 0.5234
160/865 [====>.........................] - ETA: 6s - loss: 1.1742 - acc: 0.5250
192/865 [=====>........................] - ETA: 6s - loss: 1.1895 - acc: 0.5260
224/865 [======>.......................] - ETA: 5s - loss: 1.1996 - acc: 0.5179
256/865 [=======>......................] - ETA: 5s - loss: 1.2047 - acc: 0.5156
288/865 [========>.....................] - ETA: 5s - loss: 1.2140 - acc: 0.5035
320/865 [==========>...................] - ETA: 4s - loss: 1.2138 - acc: 0.4969
352/865 [===========>..................] - ETA: 4s - loss: 1.2142 - acc: 0.5000
384/865 [============>.................] - ETA: 4s - loss: 1.2348 - acc: 0.4844
416/865 [=============>................] - ETA: 4s - loss: 1.2387 - acc: 0.4856
448/865 [==============>...............] - ETA: 3s - loss: 1.2400 - acc: 0.5022
480/865 [===============>..............] - ETA: 3s - loss: 1.2442 - acc: 0.5083
512/865 [================>.............] - ETA: 3s - loss: 1.2364 - acc: 0.5098
544/865 [=================>............] - ETA: 2s - loss: 1.2330 - acc: 0.5074
576/865 [==================>...........] - ETA: 2s - loss: 1.2330 - acc: 0.5156
608/865 [====================>.........] - ETA: 2s - loss: 1.2274 - acc: 0.5181
640/865 [=====================>........] - ETA: 2s - loss: 1.2241 - acc: 0.5203
672/865 [======================>.......] - ETA: 1s - loss: 1.2218 - acc: 0.5193
704/865 [=======================>......] - ETA: 1s - loss: 1.2210 - acc: 0.5284
736/865 [========================>.....] - ETA: 1s - loss: 1.2168 - acc: 0.5299
768/865 [=========================>....] - ETA: 0s - loss: 1.2162 - acc: 0.5260
800/865 [==========================>...] - ETA: 0s - loss: 1.2141 - acc: 0.5312
832/865 [===========================>..] - ETA: 0s - loss: 1.2128 - acc: 0.5288
864/865 [============================>.] - ETA: 0s - loss: 1.2094 - acc: 0.5324
865/865 [==============================] - 8s 9ms/sample - loss: 1.2091 - acc: 0.5318

  32/3458 [..............................] - ETA: 2:45 - loss: 1.2314 - acc: 0.4688
  64/3458 [..............................] - ETA: 2:46 - loss: 1.2167 - acc: 0.5156
  96/3458 [..............................] - ETA: 2:44 - loss: 1.2207 - acc: 0.5104
 128/3458 [>.............................] - ETA: 2:42 - loss: 1.2210 - acc: 0.5156
 160/3458 [>.............................] - ETA: 2:40 - loss: 1.2260 - acc: 0.4875
 192/3458 [>.............................] - ETA: 2:39 - loss: 1.2125 - acc: 0.4896
 224/3458 [>.............................] - ETA: 2:37 - loss: 1.2003 - acc: 0.4911
 256/3458 [=>............................] - ETA: 2:36 - loss: 1.2122 - acc: 0.4844
 288/3458 [=>............................] - ETA: 2:35 - loss: 1.1999 - acc: 0.4931
 320/3458 [=>............................] - ETA: 2:33 - loss: 1.1934 - acc: 0.5031
 352/3458 [==>...........................] - ETA: 2:31 - loss: 1.2028 - acc: 0.5000
 384/3458 [==>...........................] - ETA: 2:30 - loss: 1.1799 - acc: 0.5156
 416/3458 [==>...........................] - ETA: 2:28 - loss: 1.1745 - acc: 0.5144
 448/3458 [==>...........................] - ETA: 2:26 - loss: 1.2182 - acc: 0.5089
 480/3458 [===>..........................] - ETA: 2:25 - loss: 1.2126 - acc: 0.5083
 512/3458 [===>..........................] - ETA: 2:24 - loss: 1.2166 - acc: 0.5078
 544/3458 [===>..........................] - ETA: 2:22 - loss: 1.2079 - acc: 0.5110
 576/3458 [===>..........................] - ETA: 2:20 - loss: 1.1992 - acc: 0.5122
 608/3458 [====>.........................] - ETA: 2:19 - loss: 1.1955 - acc: 0.5099
 640/3458 [====>.........................] - ETA: 2:17 - loss: 1.1906 - acc: 0.5094
 672/3458 [====>.........................] - ETA: 2:16 - loss: 1.2295 - acc: 0.4985
 704/3458 [=====>........................] - ETA: 2:14 - loss: 1.2299 - acc: 0.5014
 736/3458 [=====>........................] - ETA: 2:12 - loss: 1.2336 - acc: 0.5000
 768/3458 [=====>........................] - ETA: 2:11 - loss: 1.2366 - acc: 0.5000
 800/3458 [=====>........................] - ETA: 2:09 - loss: 1.2256 - acc: 0.5075
 832/3458 [======>.......................] - ETA: 2:08 - loss: 1.2285 - acc: 0.5060
 864/3458 [======>.......................] - ETA: 2:06 - loss: 1.2277 - acc: 0.5093
 896/3458 [======>.......................] - ETA: 2:05 - loss: 1.2405 - acc: 0.5100
 928/3458 [=======>......................] - ETA: 2:03 - loss: 1.2387 - acc: 0.5140
 960/3458 [=======>......................] - ETA: 2:01 - loss: 1.2350 - acc: 0.5135
 992/3458 [=======>......................] - ETA: 2:00 - loss: 1.2266 - acc: 0.5192
1024/3458 [=======>......................] - ETA: 1:58 - loss: 1.2218 - acc: 0.5195
1056/3458 [========>.....................] - ETA: 1:57 - loss: 1.2176 - acc: 0.5180
1088/3458 [========>.....................] - ETA: 1:55 - loss: 1.2199 - acc: 0.5184
1120/3458 [========>.....................] - ETA: 1:54 - loss: 1.2211 - acc: 0.5152
1152/3458 [========>.....................] - ETA: 1:52 - loss: 1.2208 - acc: 0.5130
1184/3458 [=========>....................] - ETA: 1:50 - loss: 1.2214 - acc: 0.5135
1216/3458 [=========>....................] - ETA: 1:49 - loss: 1.2203 - acc: 0.5140
1248/3458 [=========>....................] - ETA: 1:47 - loss: 1.2217 - acc: 0.5112
1280/3458 [==========>...................] - ETA: 1:46 - loss: 1.2155 - acc: 0.5156
1312/3458 [==========>...................] - ETA: 1:44 - loss: 1.2156 - acc: 0.5160
1344/3458 [==========>...................] - ETA: 1:43 - loss: 1.2143 - acc: 0.5193
1376/3458 [==========>...................] - ETA: 1:41 - loss: 1.2144 - acc: 0.5160
1408/3458 [===========>..................] - ETA: 1:40 - loss: 1.2145 - acc: 0.5149
1440/3458 [===========>..................] - ETA: 1:38 - loss: 1.2142 - acc: 0.5153
1472/3458 [===========>..................] - ETA: 1:36 - loss: 1.2142 - acc: 0.5149
1504/3458 [============>.................] - ETA: 1:35 - loss: 1.2165 - acc: 0.5133
1536/3458 [============>.................] - ETA: 1:33 - loss: 1.2147 - acc: 0.5156
1568/3458 [============>.................] - ETA: 1:32 - loss: 1.2128 - acc: 0.5153
1600/3458 [============>.................] - ETA: 1:30 - loss: 1.2106 - acc: 0.5175
1632/3458 [=============>................] - ETA: 1:29 - loss: 1.2086 - acc: 0.5184
1664/3458 [=============>................] - ETA: 1:27 - loss: 1.2042 - acc: 0.5216
1696/3458 [=============>................] - ETA: 1:25 - loss: 1.2038 - acc: 0.5200
1728/3458 [=============>................] - ETA: 1:24 - loss: 1.2026 - acc: 0.5208
1760/3458 [==============>...............] - ETA: 1:22 - loss: 1.1981 - acc: 0.5233
1792/3458 [==============>...............] - ETA: 1:21 - loss: 1.1930 - acc: 0.5268
1824/3458 [==============>...............] - ETA: 1:19 - loss: 1.1941 - acc: 0.5280
1856/3458 [===============>..............] - ETA: 1:18 - loss: 1.1909 - acc: 0.5307
1888/3458 [===============>..............] - ETA: 1:16 - loss: 1.1893 - acc: 0.5302
1920/3458 [===============>..............] - ETA: 1:15 - loss: 1.1841 - acc: 0.5333
1952/3458 [===============>..............] - ETA: 1:13 - loss: 1.1827 - acc: 0.5338
1984/3458 [================>.............] - ETA: 1:11 - loss: 1.1822 - acc: 0.5343
2016/3458 [================>.............] - ETA: 1:10 - loss: 1.1822 - acc: 0.5337
2048/3458 [================>.............] - ETA: 1:08 - loss: 1.1824 - acc: 0.5337
2080/3458 [=================>............] - ETA: 1:07 - loss: 1.1832 - acc: 0.5332
2112/3458 [=================>............] - ETA: 1:05 - loss: 1.1834 - acc: 0.5322
2144/3458 [=================>............] - ETA: 1:04 - loss: 1.1798 - acc: 0.5345
2176/3458 [=================>............] - ETA: 1:02 - loss: 1.1761 - acc: 0.5363
2208/3458 [==================>...........] - ETA: 1:00 - loss: 1.1722 - acc: 0.5394
2240/3458 [==================>...........] - ETA: 59s - loss: 1.1722 - acc: 0.5393 
2272/3458 [==================>...........] - ETA: 57s - loss: 1.1734 - acc: 0.5379
2304/3458 [==================>...........] - ETA: 56s - loss: 1.1711 - acc: 0.5378
2336/3458 [===================>..........] - ETA: 54s - loss: 1.1694 - acc: 0.5377
2368/3458 [===================>..........] - ETA: 53s - loss: 1.1675 - acc: 0.5393
2400/3458 [===================>..........] - ETA: 51s - loss: 1.1643 - acc: 0.5417
2432/3458 [====================>.........] - ETA: 50s - loss: 1.1616 - acc: 0.5436
2464/3458 [====================>.........] - ETA: 48s - loss: 1.1593 - acc: 0.5446
2496/3458 [====================>.........] - ETA: 46s - loss: 1.1572 - acc: 0.5437
2528/3458 [====================>.........] - ETA: 45s - loss: 1.1551 - acc: 0.5427
2560/3458 [=====================>........] - ETA: 43s - loss: 1.1565 - acc: 0.5414
2592/3458 [=====================>........] - ETA: 42s - loss: 1.1571 - acc: 0.5405
2624/3458 [=====================>........] - ETA: 40s - loss: 1.1568 - acc: 0.5396
2656/3458 [======================>.......] - ETA: 39s - loss: 1.1556 - acc: 0.5407
2688/3458 [======================>.......] - ETA: 37s - loss: 1.1537 - acc: 0.5417
2720/3458 [======================>.......] - ETA: 36s - loss: 1.1504 - acc: 0.5426
2752/3458 [======================>.......] - ETA: 34s - loss: 1.1515 - acc: 0.5414
2784/3458 [=======================>......] - ETA: 32s - loss: 1.1519 - acc: 0.5424
2816/3458 [=======================>......] - ETA: 31s - loss: 1.1513 - acc: 0.5408
2848/3458 [=======================>......] - ETA: 29s - loss: 1.1502 - acc: 0.5414
2880/3458 [=======================>......] - ETA: 28s - loss: 1.1514 - acc: 0.5417
2912/3458 [========================>.....] - ETA: 26s - loss: 1.1511 - acc: 0.5422
2944/3458 [========================>.....] - ETA: 25s - loss: 1.1529 - acc: 0.5418
2976/3458 [========================>.....] - ETA: 23s - loss: 1.1510 - acc: 0.5413
3008/3458 [=========================>....] - ETA: 21s - loss: 1.1531 - acc: 0.5406
3040/3458 [=========================>....] - ETA: 20s - loss: 1.1531 - acc: 0.5411
3072/3458 [=========================>....] - ETA: 18s - loss: 1.1530 - acc: 0.5404
3104/3458 [=========================>....] - ETA: 17s - loss: 1.1518 - acc: 0.5409
3136/3458 [==========================>...] - ETA: 15s - loss: 1.1515 - acc: 0.5408
3168/3458 [==========================>...] - ETA: 14s - loss: 1.1494 - acc: 0.5414
3200/3458 [==========================>...] - ETA: 12s - loss: 1.1465 - acc: 0.5422
3232/3458 [===========================>..] - ETA: 11s - loss: 1.1448 - acc: 0.5433
3264/3458 [===========================>..] - ETA: 9s - loss: 1.1406 - acc: 0.5447 
3296/3458 [===========================>..] - ETA: 7s - loss: 1.1392 - acc: 0.5452
3328/3458 [===========================>..] - ETA: 6s - loss: 1.1408 - acc: 0.5463
3360/3458 [============================>.] - ETA: 4s - loss: 1.1439 - acc: 0.5452
3392/3458 [============================>.] - ETA: 3s - loss: 1.1437 - acc: 0.5451
3424/3458 [============================>.] - ETA: 1s - loss: 1.1405 - acc: 0.5461
3456/3458 [============================>.] - ETA: 0s - loss: 1.1386 - acc: 0.5469
3458/3458 [==============================] - 169s 49ms/sample - loss: 1.1394 - acc: 0.5466

 32/865 [>.............................] - ETA: 7s - loss: 1.1481 - acc: 0.6250
 64/865 [=>............................] - ETA: 7s - loss: 1.0732 - acc: 0.5781
 96/865 [==>...........................] - ETA: 6s - loss: 1.0785 - acc: 0.5625
128/865 [===>..........................] - ETA: 6s - loss: 1.0842 - acc: 0.5625
160/865 [====>.........................] - ETA: 6s - loss: 1.0606 - acc: 0.5750
192/865 [=====>........................] - ETA: 6s - loss: 1.0522 - acc: 0.5781
224/865 [======>.......................] - ETA: 5s - loss: 1.0619 - acc: 0.5804
256/865 [=======>......................] - ETA: 5s - loss: 1.0728 - acc: 0.5742
288/865 [========>.....................] - ETA: 5s - loss: 1.0759 - acc: 0.5833
320/865 [==========>...................] - ETA: 4s - loss: 1.0827 - acc: 0.5750
352/865 [===========>..................] - ETA: 4s - loss: 1.0837 - acc: 0.5710
384/865 [============>.................] - ETA: 4s - loss: 1.1073 - acc: 0.5547
416/865 [=============>................] - ETA: 4s - loss: 1.1150 - acc: 0.5481
448/865 [==============>...............] - ETA: 3s - loss: 1.0960 - acc: 0.5647
480/865 [===============>..............] - ETA: 3s - loss: 1.0879 - acc: 0.5625
512/865 [================>.............] - ETA: 3s - loss: 1.0802 - acc: 0.5664
544/865 [=================>............] - ETA: 2s - loss: 1.0725 - acc: 0.5680
576/865 [==================>...........] - ETA: 2s - loss: 1.0836 - acc: 0.5677
608/865 [====================>.........] - ETA: 2s - loss: 1.0767 - acc: 0.5641
640/865 [=====================>........] - ETA: 2s - loss: 1.0766 - acc: 0.5656
672/865 [======================>.......] - ETA: 1s - loss: 1.0726 - acc: 0.5655
704/865 [=======================>......] - ETA: 1s - loss: 1.0691 - acc: 0.5696
736/865 [========================>.....] - ETA: 1s - loss: 1.0621 - acc: 0.5693
768/865 [=========================>....] - ETA: 0s - loss: 1.0717 - acc: 0.5651
800/865 [==========================>...] - ETA: 0s - loss: 1.0685 - acc: 0.5663
832/865 [===========================>..] - ETA: 0s - loss: 1.0735 - acc: 0.5649
864/865 [============================>.] - ETA: 0s - loss: 1.0708 - acc: 0.5694
865/865 [==============================] - 8s 9ms/sample - loss: 1.0706 - acc: 0.5688

  32/3458 [..............................] - ETA: 2:48 - loss: 0.8691 - acc: 0.7188
  64/3458 [..............................] - ETA: 2:46 - loss: 0.9497 - acc: 0.6250
  96/3458 [..............................] - ETA: 2:43 - loss: 1.0251 - acc: 0.5521
 128/3458 [>.............................] - ETA: 2:42 - loss: 1.0081 - acc: 0.5547
 160/3458 [>.............................] - ETA: 2:41 - loss: 1.0717 - acc: 0.5188
 192/3458 [>.............................] - ETA: 2:39 - loss: 1.0583 - acc: 0.5156
 224/3458 [>.............................] - ETA: 2:37 - loss: 1.0754 - acc: 0.5089
 256/3458 [=>............................] - ETA: 2:36 - loss: 1.0922 - acc: 0.4961
 288/3458 [=>............................] - ETA: 2:34 - loss: 1.0734 - acc: 0.5069
 320/3458 [=>............................] - ETA: 2:33 - loss: 1.0725 - acc: 0.5063
 352/3458 [==>...........................] - ETA: 2:31 - loss: 1.0608 - acc: 0.5199
 384/3458 [==>...........................] - ETA: 2:30 - loss: 1.0468 - acc: 0.5339
 416/3458 [==>...........................] - ETA: 2:28 - loss: 1.0560 - acc: 0.5385
 448/3458 [==>...........................] - ETA: 2:26 - loss: 1.0530 - acc: 0.5513
 480/3458 [===>..........................] - ETA: 2:24 - loss: 1.0463 - acc: 0.5625
 512/3458 [===>..........................] - ETA: 2:23 - loss: 1.0365 - acc: 0.5645
 544/3458 [===>..........................] - ETA: 2:21 - loss: 1.0382 - acc: 0.5643
 576/3458 [===>..........................] - ETA: 2:20 - loss: 1.0314 - acc: 0.5677
 608/3458 [====>.........................] - ETA: 2:18 - loss: 1.0394 - acc: 0.5641
 640/3458 [====>.........................] - ETA: 2:17 - loss: 1.0318 - acc: 0.5656
 672/3458 [====>.........................] - ETA: 2:15 - loss: 1.0299 - acc: 0.5685
 704/3458 [=====>........................] - ETA: 2:14 - loss: 1.0320 - acc: 0.5668
 736/3458 [=====>........................] - ETA: 2:12 - loss: 1.0410 - acc: 0.5652
 768/3458 [=====>........................] - ETA: 2:11 - loss: 1.0540 - acc: 0.5690
 800/3458 [=====>........................] - ETA: 2:09 - loss: 1.0557 - acc: 0.5675
 832/3458 [======>.......................] - ETA: 2:07 - loss: 1.0633 - acc: 0.5649
 864/3458 [======>.......................] - ETA: 2:06 - loss: 1.0589 - acc: 0.5648
 896/3458 [======>.......................] - ETA: 2:04 - loss: 1.0574 - acc: 0.5658
 928/3458 [=======>......................] - ETA: 2:03 - loss: 1.0508 - acc: 0.5668
 960/3458 [=======>......................] - ETA: 2:01 - loss: 1.0435 - acc: 0.5708
 992/3458 [=======>......................] - ETA: 2:00 - loss: 1.0374 - acc: 0.5736
1024/3458 [=======>......................] - ETA: 1:58 - loss: 1.0420 - acc: 0.5742
1056/3458 [========>.....................] - ETA: 1:56 - loss: 1.0486 - acc: 0.5691
1088/3458 [========>.....................] - ETA: 1:55 - loss: 1.0475 - acc: 0.5689
1120/3458 [========>.....................] - ETA: 1:53 - loss: 1.0470 - acc: 0.5705
1152/3458 [========>.....................] - ETA: 1:52 - loss: 1.0436 - acc: 0.5720
1184/3458 [=========>....................] - ETA: 1:50 - loss: 1.0403 - acc: 0.5735
1216/3458 [=========>....................] - ETA: 1:49 - loss: 1.0316 - acc: 0.5781
1248/3458 [=========>....................] - ETA: 1:47 - loss: 1.0307 - acc: 0.5801
1280/3458 [==========>...................] - ETA: 1:45 - loss: 1.0342 - acc: 0.5789
1312/3458 [==========>...................] - ETA: 1:44 - loss: 1.0329 - acc: 0.5777
1344/3458 [==========>...................] - ETA: 1:42 - loss: 1.0325 - acc: 0.5774
1376/3458 [==========>...................] - ETA: 1:41 - loss: 1.0320 - acc: 0.5792
1408/3458 [===========>..................] - ETA: 1:39 - loss: 1.0316 - acc: 0.5774
1440/3458 [===========>..................] - ETA: 1:38 - loss: 1.0297 - acc: 0.5785
1472/3458 [===========>..................] - ETA: 1:36 - loss: 1.0308 - acc: 0.5802
1504/3458 [============>.................] - ETA: 1:35 - loss: 1.0298 - acc: 0.5818
1536/3458 [============>.................] - ETA: 1:33 - loss: 1.0316 - acc: 0.5827
1568/3458 [============>.................] - ETA: 1:31 - loss: 1.0282 - acc: 0.5855
1600/3458 [============>.................] - ETA: 1:30 - loss: 1.0299 - acc: 0.5856
1632/3458 [=============>................] - ETA: 1:28 - loss: 1.0324 - acc: 0.5846
1664/3458 [=============>................] - ETA: 1:27 - loss: 1.0285 - acc: 0.5853
1696/3458 [=============>................] - ETA: 1:25 - loss: 1.0312 - acc: 0.5837
1728/3458 [=============>................] - ETA: 1:24 - loss: 1.0277 - acc: 0.5851
1760/3458 [==============>...............] - ETA: 1:22 - loss: 1.0253 - acc: 0.5869
1792/3458 [==============>...............] - ETA: 1:21 - loss: 1.0275 - acc: 0.5848
1824/3458 [==============>...............] - ETA: 1:19 - loss: 1.0296 - acc: 0.5822
1856/3458 [===============>..............] - ETA: 1:17 - loss: 1.0268 - acc: 0.5846
1888/3458 [===============>..............] - ETA: 1:16 - loss: 1.0233 - acc: 0.5869
1920/3458 [===============>..............] - ETA: 1:14 - loss: 1.0284 - acc: 0.5839
1952/3458 [===============>..............] - ETA: 1:13 - loss: 1.0312 - acc: 0.5830
1984/3458 [================>.............] - ETA: 1:11 - loss: 1.0343 - acc: 0.5817
2016/3458 [================>.............] - ETA: 1:10 - loss: 1.0333 - acc: 0.5818
2048/3458 [================>.............] - ETA: 1:08 - loss: 1.0317 - acc: 0.5825
2080/3458 [=================>............] - ETA: 1:07 - loss: 1.0320 - acc: 0.5813
2112/3458 [=================>............] - ETA: 1:05 - loss: 1.0320 - acc: 0.5800
2144/3458 [=================>............] - ETA: 1:03 - loss: 1.0301 - acc: 0.5812
2176/3458 [=================>............] - ETA: 1:02 - loss: 1.0328 - acc: 0.5804
2208/3458 [==================>...........] - ETA: 1:00 - loss: 1.0351 - acc: 0.5806
2240/3458 [==================>...........] - ETA: 59s - loss: 1.0372 - acc: 0.5781 
2272/3458 [==================>...........] - ETA: 57s - loss: 1.0372 - acc: 0.5770
2304/3458 [==================>...........] - ETA: 56s - loss: 1.0367 - acc: 0.5773
2336/3458 [===================>..........] - ETA: 54s - loss: 1.0373 - acc: 0.5766
2368/3458 [===================>..........] - ETA: 53s - loss: 1.0385 - acc: 0.5764
2400/3458 [===================>..........] - ETA: 51s - loss: 1.0382 - acc: 0.5771
2432/3458 [====================>.........] - ETA: 49s - loss: 1.0359 - acc: 0.5777
2464/3458 [====================>.........] - ETA: 48s - loss: 1.0337 - acc: 0.5795
2496/3458 [====================>.........] - ETA: 46s - loss: 1.0297 - acc: 0.5821
2528/3458 [====================>.........] - ETA: 45s - loss: 1.0284 - acc: 0.5823
2560/3458 [=====================>........] - ETA: 43s - loss: 1.0268 - acc: 0.5832
2592/3458 [=====================>........] - ETA: 42s - loss: 1.0274 - acc: 0.5822
2624/3458 [=====================>........] - ETA: 40s - loss: 1.0246 - acc: 0.5819
2656/3458 [======================>.......] - ETA: 39s - loss: 1.0243 - acc: 0.5825
2688/3458 [======================>.......] - ETA: 37s - loss: 1.0268 - acc: 0.5815
2720/3458 [======================>.......] - ETA: 35s - loss: 1.0265 - acc: 0.5816
2752/3458 [======================>.......] - ETA: 34s - loss: 1.0282 - acc: 0.5825
2784/3458 [=======================>......] - ETA: 32s - loss: 1.0278 - acc: 0.5837
2816/3458 [=======================>......] - ETA: 31s - loss: 1.0270 - acc: 0.5842
2848/3458 [=======================>......] - ETA: 29s - loss: 1.0289 - acc: 0.5839
2880/3458 [=======================>......] - ETA: 28s - loss: 1.0324 - acc: 0.5833
2912/3458 [========================>.....] - ETA: 26s - loss: 1.0304 - acc: 0.5848
2944/3458 [========================>.....] - ETA: 25s - loss: 1.0302 - acc: 0.5842
2976/3458 [========================>.....] - ETA: 23s - loss: 1.0298 - acc: 0.5850
3008/3458 [=========================>....] - ETA: 21s - loss: 1.0274 - acc: 0.5858
3040/3458 [=========================>....] - ETA: 20s - loss: 1.0273 - acc: 0.5845
3072/3458 [=========================>....] - ETA: 18s - loss: 1.0262 - acc: 0.5843
3104/3458 [=========================>....] - ETA: 17s - loss: 1.0238 - acc: 0.5860
3136/3458 [==========================>...] - ETA: 15s - loss: 1.0264 - acc: 0.5861
3168/3458 [==========================>...] - ETA: 14s - loss: 1.0270 - acc: 0.5840
3200/3458 [==========================>...] - ETA: 12s - loss: 1.0263 - acc: 0.5838
3232/3458 [===========================>..] - ETA: 11s - loss: 1.0258 - acc: 0.5835
3264/3458 [===========================>..] - ETA: 9s - loss: 1.0284 - acc: 0.5821 
3296/3458 [===========================>..] - ETA: 7s - loss: 1.0278 - acc: 0.5825
3328/3458 [===========================>..] - ETA: 6s - loss: 1.0272 - acc: 0.5814
3360/3458 [============================>.] - ETA: 4s - loss: 1.0268 - acc: 0.5815
3392/3458 [============================>.] - ETA: 3s - loss: 1.0248 - acc: 0.5828
3424/3458 [============================>.] - ETA: 1s - loss: 1.0239 - acc: 0.5832
3456/3458 [============================>.] - ETA: 0s - loss: 1.0217 - acc: 0.5848
3458/3458 [==============================] - 169s 49ms/sample - loss: 1.0212 - acc: 0.5850

 32/865 [>.............................] - ETA: 7s - loss: 1.1280 - acc: 0.5938
 64/865 [=>............................] - ETA: 7s - loss: 1.0431 - acc: 0.5625
 96/865 [==>...........................] - ETA: 6s - loss: 1.0319 - acc: 0.5833
128/865 [===>..........................] - ETA: 6s - loss: 1.0394 - acc: 0.6094
160/865 [====>.........................] - ETA: 6s - loss: 1.0287 - acc: 0.6187
192/865 [=====>........................] - ETA: 6s - loss: 1.0245 - acc: 0.6302
224/865 [======>.......................] - ETA: 5s - loss: 1.0582 - acc: 0.6116
256/865 [=======>......................] - ETA: 5s - loss: 1.0777 - acc: 0.6094
288/865 [========>.....................] - ETA: 5s - loss: 1.0634 - acc: 0.6146
320/865 [==========>...................] - ETA: 4s - loss: 1.0633 - acc: 0.6031
352/865 [===========>..................] - ETA: 4s - loss: 1.0633 - acc: 0.5994
384/865 [============>.................] - ETA: 4s - loss: 1.0900 - acc: 0.5833
416/865 [=============>................] - ETA: 4s - loss: 1.0952 - acc: 0.5769
448/865 [==============>...............] - ETA: 3s - loss: 1.0744 - acc: 0.5893
480/865 [===============>..............] - ETA: 3s - loss: 1.0594 - acc: 0.5958
512/865 [================>.............] - ETA: 3s - loss: 1.0440 - acc: 0.6016
544/865 [=================>............] - ETA: 2s - loss: 1.0388 - acc: 0.5956
576/865 [==================>...........] - ETA: 2s - loss: 1.0552 - acc: 0.5955
608/865 [====================>.........] - ETA: 2s - loss: 1.0396 - acc: 0.6003
640/865 [=====================>........] - ETA: 2s - loss: 1.0473 - acc: 0.5953
672/865 [======================>.......] - ETA: 1s - loss: 1.0472 - acc: 0.5982
704/865 [=======================>......] - ETA: 1s - loss: 1.0456 - acc: 0.5938
736/865 [========================>.....] - ETA: 1s - loss: 1.0366 - acc: 0.5992
768/865 [=========================>....] - ETA: 0s - loss: 1.0536 - acc: 0.5938
800/865 [==========================>...] - ETA: 0s - loss: 1.0481 - acc: 0.5962
832/865 [===========================>..] - ETA: 0s - loss: 1.0565 - acc: 0.5950
864/865 [============================>.] - ETA: 0s - loss: 1.0550 - acc: 0.5995
865/865 [==============================] - 8s 9ms/sample - loss: 1.0551 - acc: 0.5988

  32/3458 [..............................] - ETA: 2:46 - loss: 1.2800 - acc: 0.5312
  64/3458 [..............................] - ETA: 2:45 - loss: 1.0364 - acc: 0.5781
  96/3458 [..............................] - ETA: 2:44 - loss: 0.9205 - acc: 0.6458
 128/3458 [>.............................] - ETA: 2:41 - loss: 0.9743 - acc: 0.6328
 160/3458 [>.............................] - ETA: 2:39 - loss: 0.9226 - acc: 0.6562
 192/3458 [>.............................] - ETA: 2:37 - loss: 1.0013 - acc: 0.6250
 224/3458 [>.............................] - ETA: 2:37 - loss: 1.0082 - acc: 0.6295
 256/3458 [=>............................] - ETA: 2:35 - loss: 0.9675 - acc: 0.6406
 288/3458 [=>............................] - ETA: 2:34 - loss: 0.9673 - acc: 0.6424
 320/3458 [=>............................] - ETA: 2:32 - loss: 0.9571 - acc: 0.6438
 352/3458 [==>...........................] - ETA: 2:30 - loss: 0.9698 - acc: 0.6364
 384/3458 [==>...........................] - ETA: 2:29 - loss: 0.9584 - acc: 0.6484
 416/3458 [==>...........................] - ETA: 2:27 - loss: 0.9644 - acc: 0.6490
 448/3458 [==>...........................] - ETA: 2:26 - loss: 0.9784 - acc: 0.6406
 480/3458 [===>..........................] - ETA: 2:24 - loss: 0.9987 - acc: 0.6250
 512/3458 [===>..........................] - ETA: 2:23 - loss: 0.9846 - acc: 0.6348
 544/3458 [===>..........................] - ETA: 2:21 - loss: 0.9719 - acc: 0.6342
 576/3458 [===>..........................] - ETA: 2:20 - loss: 0.9662 - acc: 0.6389
 608/3458 [====>.........................] - ETA: 2:18 - loss: 0.9508 - acc: 0.6398
 640/3458 [====>.........................] - ETA: 2:17 - loss: 0.9459 - acc: 0.6422
 672/3458 [====>.........................] - ETA: 2:15 - loss: 0.9413 - acc: 0.6414
 704/3458 [=====>........................] - ETA: 2:14 - loss: 0.9294 - acc: 0.6463
 736/3458 [=====>........................] - ETA: 2:12 - loss: 0.9217 - acc: 0.6535
 768/3458 [=====>........................] - ETA: 2:11 - loss: 0.9191 - acc: 0.6523
 800/3458 [=====>........................] - ETA: 2:09 - loss: 0.9247 - acc: 0.6463
 832/3458 [======>.......................] - ETA: 2:07 - loss: 0.9173 - acc: 0.6490
 864/3458 [======>.......................] - ETA: 2:06 - loss: 0.9148 - acc: 0.6481
 896/3458 [======>.......................] - ETA: 2:04 - loss: 0.9172 - acc: 0.6473
 928/3458 [=======>......................] - ETA: 2:03 - loss: 0.9079 - acc: 0.6498
 960/3458 [=======>......................] - ETA: 2:01 - loss: 0.9063 - acc: 0.6510
 992/3458 [=======>......................] - ETA: 2:00 - loss: 0.9000 - acc: 0.6542
1024/3458 [=======>......................] - ETA: 1:58 - loss: 0.8940 - acc: 0.6553
1056/3458 [========>.....................] - ETA: 1:57 - loss: 0.8974 - acc: 0.6572
1088/3458 [========>.....................] - ETA: 1:55 - loss: 0.8968 - acc: 0.6572
1120/3458 [========>.....................] - ETA: 1:54 - loss: 0.8897 - acc: 0.6589
1152/3458 [========>.....................] - ETA: 1:52 - loss: 0.8897 - acc: 0.6589
1184/3458 [=========>....................] - ETA: 1:50 - loss: 0.8839 - acc: 0.6613
1216/3458 [=========>....................] - ETA: 1:49 - loss: 0.8790 - acc: 0.6604
1248/3458 [=========>....................] - ETA: 1:47 - loss: 0.8801 - acc: 0.6603
1280/3458 [==========>...................] - ETA: 1:46 - loss: 0.8790 - acc: 0.6609
1312/3458 [==========>...................] - ETA: 1:44 - loss: 0.8774 - acc: 0.6608
1344/3458 [==========>...................] - ETA: 1:43 - loss: 0.8797 - acc: 0.6585
1376/3458 [==========>...................] - ETA: 1:41 - loss: 0.8760 - acc: 0.6599
1408/3458 [===========>..................] - ETA: 1:40 - loss: 0.8790 - acc: 0.6577
1440/3458 [===========>..................] - ETA: 1:38 - loss: 0.8766 - acc: 0.6562
1472/3458 [===========>..................] - ETA: 1:36 - loss: 0.8746 - acc: 0.6576
1504/3458 [============>.................] - ETA: 1:35 - loss: 0.8746 - acc: 0.6589
1536/3458 [============>.................] - ETA: 1:33 - loss: 0.8722 - acc: 0.6589
1568/3458 [============>.................] - ETA: 1:32 - loss: 0.8765 - acc: 0.6575
1600/3458 [============>.................] - ETA: 1:30 - loss: 0.8780 - acc: 0.6569
1632/3458 [=============>................] - ETA: 1:29 - loss: 0.8799 - acc: 0.6569
1664/3458 [=============>................] - ETA: 1:27 - loss: 0.8835 - acc: 0.6550
1696/3458 [=============>................] - ETA: 1:25 - loss: 0.8866 - acc: 0.6551
1728/3458 [=============>................] - ETA: 1:24 - loss: 0.8897 - acc: 0.6551
1760/3458 [==============>...............] - ETA: 1:22 - loss: 0.8903 - acc: 0.6568
1792/3458 [==============>...............] - ETA: 1:21 - loss: 0.8885 - acc: 0.6574
1824/3458 [==============>...............] - ETA: 1:19 - loss: 0.8865 - acc: 0.6584
1856/3458 [===============>..............] - ETA: 1:18 - loss: 0.8879 - acc: 0.6573
1888/3458 [===============>..............] - ETA: 1:16 - loss: 0.8860 - acc: 0.6589
1920/3458 [===============>..............] - ETA: 1:15 - loss: 0.8907 - acc: 0.6562
1952/3458 [===============>..............] - ETA: 1:13 - loss: 0.8936 - acc: 0.6562
1984/3458 [================>.............] - ETA: 1:11 - loss: 0.8940 - acc: 0.6557
2016/3458 [================>.............] - ETA: 1:10 - loss: 0.8966 - acc: 0.6543
2048/3458 [================>.............] - ETA: 1:08 - loss: 0.8941 - acc: 0.6553
2080/3458 [=================>............] - ETA: 1:07 - loss: 0.8937 - acc: 0.6543
2112/3458 [=================>............] - ETA: 1:05 - loss: 0.8927 - acc: 0.6544
2144/3458 [=================>............] - ETA: 1:04 - loss: 0.8962 - acc: 0.6535
2176/3458 [=================>............] - ETA: 1:02 - loss: 0.8939 - acc: 0.6535
2208/3458 [==================>...........] - ETA: 1:00 - loss: 0.8920 - acc: 0.6540
2240/3458 [==================>...........] - ETA: 59s - loss: 0.8918 - acc: 0.6554 
2272/3458 [==================>...........] - ETA: 57s - loss: 0.8893 - acc: 0.6562
2304/3458 [==================>...........] - ETA: 56s - loss: 0.8865 - acc: 0.6580
2336/3458 [===================>..........] - ETA: 54s - loss: 0.8839 - acc: 0.6588
2368/3458 [===================>..........] - ETA: 53s - loss: 0.8835 - acc: 0.6579
2400/3458 [===================>..........] - ETA: 51s - loss: 0.8805 - acc: 0.6600
2432/3458 [====================>.........] - ETA: 50s - loss: 0.8857 - acc: 0.6575
2464/3458 [====================>.........] - ETA: 48s - loss: 0.8887 - acc: 0.6554
2496/3458 [====================>.........] - ETA: 46s - loss: 0.8874 - acc: 0.6558
2528/3458 [====================>.........] - ETA: 45s - loss: 0.8859 - acc: 0.6570
2560/3458 [=====================>........] - ETA: 43s - loss: 0.8856 - acc: 0.6566
2592/3458 [=====================>........] - ETA: 42s - loss: 0.8864 - acc: 0.6555
2624/3458 [=====================>........] - ETA: 40s - loss: 0.8840 - acc: 0.6559
2656/3458 [======================>.......] - ETA: 39s - loss: 0.8846 - acc: 0.6551
2688/3458 [======================>.......] - ETA: 37s - loss: 0.8828 - acc: 0.6562
2720/3458 [======================>.......] - ETA: 35s - loss: 0.8811 - acc: 0.6566
2752/3458 [======================>.......] - ETA: 34s - loss: 0.8808 - acc: 0.6573
2784/3458 [=======================>......] - ETA: 32s - loss: 0.8797 - acc: 0.6588
2816/3458 [=======================>......] - ETA: 31s - loss: 0.8781 - acc: 0.6591
2848/3458 [=======================>......] - ETA: 29s - loss: 0.8807 - acc: 0.6580
2880/3458 [=======================>......] - ETA: 28s - loss: 0.8819 - acc: 0.6580
2912/3458 [========================>.....] - ETA: 26s - loss: 0.8840 - acc: 0.6569
2944/3458 [========================>.....] - ETA: 25s - loss: 0.8839 - acc: 0.6566
2976/3458 [========================>.....] - ETA: 23s - loss: 0.8879 - acc: 0.6542
3008/3458 [=========================>....] - ETA: 21s - loss: 0.8861 - acc: 0.6553
3040/3458 [=========================>....] - ETA: 20s - loss: 0.8864 - acc: 0.6549
3072/3458 [=========================>....] - ETA: 18s - loss: 0.8870 - acc: 0.6533
3104/3458 [=========================>....] - ETA: 17s - loss: 0.8860 - acc: 0.6543
3136/3458 [==========================>...] - ETA: 15s - loss: 0.8864 - acc: 0.6540
3168/3458 [==========================>...] - ETA: 14s - loss: 0.8866 - acc: 0.6537
3200/3458 [==========================>...] - ETA: 12s - loss: 0.8855 - acc: 0.6541
3232/3458 [===========================>..] - ETA: 11s - loss: 0.8851 - acc: 0.6538
3264/3458 [===========================>..] - ETA: 9s - loss: 0.8853 - acc: 0.6544 
3296/3458 [===========================>..] - ETA: 7s - loss: 0.8839 - acc: 0.6556
3328/3458 [===========================>..] - ETA: 6s - loss: 0.8836 - acc: 0.6553
3360/3458 [============================>.] - ETA: 4s - loss: 0.8828 - acc: 0.6557
3392/3458 [============================>.] - ETA: 3s - loss: 0.8828 - acc: 0.6554
3424/3458 [============================>.] - ETA: 1s - loss: 0.8830 - acc: 0.6557
3456/3458 [============================>.] - ETA: 0s - loss: 0.8829 - acc: 0.6554
3458/3458 [==============================] - 169s 49ms/sample - loss: 0.8825 - acc: 0.6556

 32/865 [>.............................] - ETA: 8s - loss: 0.9625 - acc: 0.6562
 64/865 [=>............................] - ETA: 7s - loss: 1.0143 - acc: 0.5938
 96/865 [==>...........................] - ETA: 7s - loss: 0.9794 - acc: 0.6042
128/865 [===>..........................] - ETA: 6s - loss: 1.0163 - acc: 0.6172
160/865 [====>.........................] - ETA: 6s - loss: 1.0026 - acc: 0.6500
192/865 [=====>........................] - ETA: 6s - loss: 1.0214 - acc: 0.6406
224/865 [======>.......................] - ETA: 5s - loss: 1.0816 - acc: 0.6295
256/865 [=======>......................] - ETA: 5s - loss: 1.0550 - acc: 0.6367
288/865 [========>.....................] - ETA: 5s - loss: 1.0523 - acc: 0.6389
320/865 [==========>...................] - ETA: 4s - loss: 1.0501 - acc: 0.6281
352/865 [===========>..................] - ETA: 4s - loss: 1.0422 - acc: 0.6278
384/865 [============>.................] - ETA: 4s - loss: 1.0548 - acc: 0.6120
416/865 [=============>................] - ETA: 4s - loss: 1.0641 - acc: 0.6106
448/865 [==============>...............] - ETA: 3s - loss: 1.0536 - acc: 0.6138
480/865 [===============>..............] - ETA: 3s - loss: 1.0324 - acc: 0.6229
512/865 [================>.............] - ETA: 3s - loss: 1.0197 - acc: 0.6230
544/865 [=================>............] - ETA: 2s - loss: 1.0154 - acc: 0.6232
576/865 [==================>...........] - ETA: 2s - loss: 1.0374 - acc: 0.6215
608/865 [====================>.........] - ETA: 2s - loss: 1.0250 - acc: 0.6250
640/865 [=====================>........] - ETA: 2s - loss: 1.0323 - acc: 0.6187
672/865 [======================>.......] - ETA: 1s - loss: 1.0286 - acc: 0.6190
704/865 [=======================>......] - ETA: 1s - loss: 1.0299 - acc: 0.6136
736/865 [========================>.....] - ETA: 1s - loss: 1.0234 - acc: 0.6141
768/865 [=========================>....] - ETA: 0s - loss: 1.0422 - acc: 0.6094
800/865 [==========================>...] - ETA: 0s - loss: 1.0340 - acc: 0.6125
832/865 [===========================>..] - ETA: 0s - loss: 1.0373 - acc: 0.6118
864/865 [============================>.] - ETA: 0s - loss: 1.0384 - acc: 0.6157
865/865 [==============================] - 8s 9ms/sample - loss: 1.0380 - acc: 0.6162
