For number of cells in Conv2D=128
For Dropout_1=0.8 Dropout_2=0.2
For number of cells in Dense=512
daisy loaded
dandelion loaded
rose loaded
sunflower loaded
tulip loaded

  32/3458 [..............................] - ETA: 3:06 - loss: 1.6670 - acc: 0.0938
  64/3458 [..............................] - ETA: 2:54 - loss: 6.7236 - acc: 0.1250
  96/3458 [..............................] - ETA: 2:50 - loss: 9.3323 - acc: 0.1146
 128/3458 [>.............................] - ETA: 2:47 - loss: 8.7997 - acc: 0.1172
 160/3458 [>.............................] - ETA: 2:44 - loss: 7.5035 - acc: 0.1187
 192/3458 [>.............................] - ETA: 2:41 - loss: 6.5136 - acc: 0.1302
 224/3458 [>.............................] - ETA: 2:39 - loss: 5.8127 - acc: 0.1429
 256/3458 [=>............................] - ETA: 2:37 - loss: 5.2868 - acc: 0.1523
 288/3458 [=>............................] - ETA: 2:35 - loss: 4.8774 - acc: 0.1632
 320/3458 [=>............................] - ETA: 2:34 - loss: 4.5493 - acc: 0.1781
 352/3458 [==>...........................] - ETA: 2:32 - loss: 4.2849 - acc: 0.1676
 384/3458 [==>...........................] - ETA: 2:30 - loss: 4.0610 - acc: 0.1667
 416/3458 [==>...........................] - ETA: 2:28 - loss: 3.8715 - acc: 0.1635
 448/3458 [==>...........................] - ETA: 2:27 - loss: 3.7091 - acc: 0.1607
 480/3458 [===>..........................] - ETA: 2:25 - loss: 3.5685 - acc: 0.1667
 512/3458 [===>..........................] - ETA: 2:24 - loss: 3.4436 - acc: 0.1719
 544/3458 [===>..........................] - ETA: 2:22 - loss: 3.3334 - acc: 0.1820
 576/3458 [===>..........................] - ETA: 2:21 - loss: 3.2351 - acc: 0.1875
 608/3458 [====>.........................] - ETA: 2:19 - loss: 3.1475 - acc: 0.1859
 640/3458 [====>.........................] - ETA: 2:17 - loss: 3.0657 - acc: 0.1922
 672/3458 [====>.........................] - ETA: 2:16 - loss: 2.9914 - acc: 0.1935
 704/3458 [=====>........................] - ETA: 2:14 - loss: 2.9208 - acc: 0.1974
 736/3458 [=====>........................] - ETA: 2:12 - loss: 2.8608 - acc: 0.1997
 768/3458 [=====>........................] - ETA: 2:11 - loss: 2.8018 - acc: 0.2044
 800/3458 [=====>........................] - ETA: 2:09 - loss: 2.7502 - acc: 0.2062
 832/3458 [======>.......................] - ETA: 2:08 - loss: 2.6957 - acc: 0.2151
 864/3458 [======>.......................] - ETA: 2:06 - loss: 2.6579 - acc: 0.2130
 896/3458 [======>.......................] - ETA: 2:05 - loss: 2.6192 - acc: 0.2109
 928/3458 [=======>......................] - ETA: 2:03 - loss: 2.5810 - acc: 0.2123
 960/3458 [=======>......................] - ETA: 2:01 - loss: 2.5423 - acc: 0.2208
 992/3458 [=======>......................] - ETA: 2:00 - loss: 2.5095 - acc: 0.2167
1024/3458 [=======>......................] - ETA: 1:58 - loss: 2.4810 - acc: 0.2207
1056/3458 [========>.....................] - ETA: 1:57 - loss: 2.4525 - acc: 0.2244
1088/3458 [========>.....................] - ETA: 1:55 - loss: 2.4252 - acc: 0.2224
1120/3458 [========>.....................] - ETA: 1:53 - loss: 2.3977 - acc: 0.2241
1152/3458 [========>.....................] - ETA: 1:52 - loss: 2.3715 - acc: 0.2274
1184/3458 [=========>....................] - ETA: 1:50 - loss: 2.3468 - acc: 0.2340
1216/3458 [=========>....................] - ETA: 1:49 - loss: 2.3228 - acc: 0.2360
1248/3458 [=========>....................] - ETA: 1:47 - loss: 2.3013 - acc: 0.2404
1280/3458 [==========>...................] - ETA: 1:46 - loss: 2.2790 - acc: 0.2438
1312/3458 [==========>...................] - ETA: 1:44 - loss: 2.2628 - acc: 0.2447
1344/3458 [==========>...................] - ETA: 1:43 - loss: 2.2407 - acc: 0.2507
1376/3458 [==========>...................] - ETA: 1:41 - loss: 2.2243 - acc: 0.2536
1408/3458 [===========>..................] - ETA: 1:39 - loss: 2.2062 - acc: 0.2571
1440/3458 [===========>..................] - ETA: 1:38 - loss: 2.1904 - acc: 0.2604
1472/3458 [===========>..................] - ETA: 1:36 - loss: 2.1753 - acc: 0.2602
1504/3458 [============>.................] - ETA: 1:35 - loss: 2.1623 - acc: 0.2606
1536/3458 [============>.................] - ETA: 1:33 - loss: 2.1542 - acc: 0.2643
1568/3458 [============>.................] - ETA: 1:32 - loss: 2.1391 - acc: 0.2679
1600/3458 [============>.................] - ETA: 1:30 - loss: 2.1261 - acc: 0.2725
1632/3458 [=============>................] - ETA: 1:28 - loss: 2.1124 - acc: 0.2751
1664/3458 [=============>................] - ETA: 1:27 - loss: 2.0998 - acc: 0.2782
1696/3458 [=============>................] - ETA: 1:25 - loss: 2.0861 - acc: 0.2795
1728/3458 [=============>................] - ETA: 1:24 - loss: 2.0732 - acc: 0.2841
1760/3458 [==============>...............] - ETA: 1:22 - loss: 2.0625 - acc: 0.2852
1792/3458 [==============>...............] - ETA: 1:21 - loss: 2.0518 - acc: 0.2852
1824/3458 [==============>...............] - ETA: 1:19 - loss: 2.0411 - acc: 0.2889
1856/3458 [===============>..............] - ETA: 1:18 - loss: 2.0317 - acc: 0.2899
1888/3458 [===============>..............] - ETA: 1:16 - loss: 2.0277 - acc: 0.2908
1920/3458 [===============>..............] - ETA: 1:14 - loss: 2.0175 - acc: 0.2922
1952/3458 [===============>..............] - ETA: 1:13 - loss: 2.0062 - acc: 0.2961
1984/3458 [================>.............] - ETA: 1:11 - loss: 1.9988 - acc: 0.2969
2016/3458 [================>.............] - ETA: 1:10 - loss: 1.9904 - acc: 0.2986
2048/3458 [================>.............] - ETA: 1:08 - loss: 1.9839 - acc: 0.2983
2080/3458 [=================>............] - ETA: 1:07 - loss: 1.9742 - acc: 0.3005
2112/3458 [=================>............] - ETA: 1:05 - loss: 1.9663 - acc: 0.3021
2144/3458 [=================>............] - ETA: 1:03 - loss: 1.9601 - acc: 0.3027
2176/3458 [=================>............] - ETA: 1:02 - loss: 1.9514 - acc: 0.3061
2208/3458 [==================>...........] - ETA: 1:00 - loss: 1.9446 - acc: 0.3084
2240/3458 [==================>...........] - ETA: 59s - loss: 1.9418 - acc: 0.3080 
2272/3458 [==================>...........] - ETA: 57s - loss: 1.9360 - acc: 0.3099
2304/3458 [==================>...........] - ETA: 56s - loss: 1.9284 - acc: 0.3116
2336/3458 [===================>..........] - ETA: 54s - loss: 1.9229 - acc: 0.3108
2368/3458 [===================>..........] - ETA: 53s - loss: 1.9161 - acc: 0.3104
2400/3458 [===================>..........] - ETA: 51s - loss: 1.9101 - acc: 0.3125
2432/3458 [====================>.........] - ETA: 50s - loss: 1.9038 - acc: 0.3133
2464/3458 [====================>.........] - ETA: 48s - loss: 1.8978 - acc: 0.3133
2496/3458 [====================>.........] - ETA: 46s - loss: 1.8917 - acc: 0.3137
2528/3458 [====================>.........] - ETA: 45s - loss: 1.8852 - acc: 0.3141
2560/3458 [=====================>........] - ETA: 43s - loss: 1.8768 - acc: 0.3164
2592/3458 [=====================>........] - ETA: 42s - loss: 1.8728 - acc: 0.3148
2624/3458 [=====================>........] - ETA: 40s - loss: 1.8680 - acc: 0.3171
2656/3458 [======================>.......] - ETA: 39s - loss: 1.8623 - acc: 0.3178
2688/3458 [======================>.......] - ETA: 37s - loss: 1.8570 - acc: 0.3185
2720/3458 [======================>.......] - ETA: 36s - loss: 1.8523 - acc: 0.3206
2752/3458 [======================>.......] - ETA: 34s - loss: 1.8478 - acc: 0.3223
2784/3458 [=======================>......] - ETA: 32s - loss: 1.8439 - acc: 0.3240
2816/3458 [=======================>......] - ETA: 31s - loss: 1.8395 - acc: 0.3239
2848/3458 [=======================>......] - ETA: 29s - loss: 1.8353 - acc: 0.3237
2880/3458 [=======================>......] - ETA: 28s - loss: 1.8307 - acc: 0.3247
2912/3458 [========================>.....] - ETA: 26s - loss: 1.8266 - acc: 0.3245
2944/3458 [========================>.....] - ETA: 25s - loss: 1.8221 - acc: 0.3261
2976/3458 [========================>.....] - ETA: 23s - loss: 1.8172 - acc: 0.3276
3008/3458 [=========================>....] - ETA: 21s - loss: 1.8175 - acc: 0.3271
3040/3458 [=========================>....] - ETA: 20s - loss: 1.8114 - acc: 0.3289
3072/3458 [=========================>....] - ETA: 18s - loss: 1.8097 - acc: 0.3291
3104/3458 [=========================>....] - ETA: 17s - loss: 1.8054 - acc: 0.3289
3136/3458 [==========================>...] - ETA: 15s - loss: 1.8012 - acc: 0.3288
3168/3458 [==========================>...] - ETA: 14s - loss: 1.7978 - acc: 0.3289
3200/3458 [==========================>...] - ETA: 12s - loss: 1.7925 - acc: 0.3319
3232/3458 [===========================>..] - ETA: 11s - loss: 1.7885 - acc: 0.3317
3264/3458 [===========================>..] - ETA: 9s - loss: 1.7852 - acc: 0.3315 
3296/3458 [===========================>..] - ETA: 7s - loss: 1.7794 - acc: 0.3334
3328/3458 [===========================>..] - ETA: 6s - loss: 1.7753 - acc: 0.3341
3360/3458 [============================>.] - ETA: 4s - loss: 1.7704 - acc: 0.3366
3392/3458 [============================>.] - ETA: 3s - loss: 1.7668 - acc: 0.3367
3424/3458 [============================>.] - ETA: 1s - loss: 1.7626 - acc: 0.3373
3456/3458 [============================>.] - ETA: 0s - loss: 1.7577 - acc: 0.3380
3458/3458 [==============================] - 169s 49ms/sample - loss: 1.7572 - acc: 0.3381

 32/865 [>.............................] - ETA: 8s - loss: 1.3996 - acc: 0.3438
 64/865 [=>............................] - ETA: 7s - loss: 1.3476 - acc: 0.4219
 96/865 [==>...........................] - ETA: 6s - loss: 1.3395 - acc: 0.4167
128/865 [===>..........................] - ETA: 6s - loss: 1.2951 - acc: 0.4531
160/865 [====>.........................] - ETA: 6s - loss: 1.3280 - acc: 0.4313
192/865 [=====>........................] - ETA: 5s - loss: 1.3127 - acc: 0.4479
224/865 [======>.......................] - ETA: 5s - loss: 1.3045 - acc: 0.4375
256/865 [=======>......................] - ETA: 5s - loss: 1.3064 - acc: 0.4414
288/865 [========>.....................] - ETA: 5s - loss: 1.3124 - acc: 0.4549
320/865 [==========>...................] - ETA: 4s - loss: 1.3133 - acc: 0.4563
352/865 [===========>..................] - ETA: 4s - loss: 1.2991 - acc: 0.4716
384/865 [============>.................] - ETA: 4s - loss: 1.3162 - acc: 0.4688
416/865 [=============>................] - ETA: 3s - loss: 1.3205 - acc: 0.4639
448/865 [==============>...............] - ETA: 3s - loss: 1.3173 - acc: 0.4688
480/865 [===============>..............] - ETA: 3s - loss: 1.3216 - acc: 0.4667
512/865 [================>.............] - ETA: 3s - loss: 1.3158 - acc: 0.4648
544/865 [=================>............] - ETA: 2s - loss: 1.3229 - acc: 0.4559
576/865 [==================>...........] - ETA: 2s - loss: 1.3299 - acc: 0.4479
608/865 [====================>.........] - ETA: 2s - loss: 1.3239 - acc: 0.4441
640/865 [=====================>........] - ETA: 1s - loss: 1.3298 - acc: 0.4437
672/865 [======================>.......] - ETA: 1s - loss: 1.3249 - acc: 0.4435
704/865 [=======================>......] - ETA: 1s - loss: 1.3247 - acc: 0.4432
736/865 [========================>.....] - ETA: 1s - loss: 1.3230 - acc: 0.4375
768/865 [=========================>....] - ETA: 0s - loss: 1.3226 - acc: 0.4375
800/865 [==========================>...] - ETA: 0s - loss: 1.3166 - acc: 0.4425
832/865 [===========================>..] - ETA: 0s - loss: 1.3167 - acc: 0.4447
864/865 [============================>.] - ETA: 0s - loss: 1.3277 - acc: 0.4468
865/865 [==============================] - 8s 9ms/sample - loss: 1.3279 - acc: 0.4462

  32/3458 [..............................] - ETA: 2:47 - loss: 1.2926 - acc: 0.5938
  64/3458 [..............................] - ETA: 2:46 - loss: 1.2816 - acc: 0.5000
  96/3458 [..............................] - ETA: 2:44 - loss: 1.3263 - acc: 0.4583
 128/3458 [>.............................] - ETA: 2:42 - loss: 1.3684 - acc: 0.4609
 160/3458 [>.............................] - ETA: 2:40 - loss: 1.3632 - acc: 0.4625
 192/3458 [>.............................] - ETA: 2:39 - loss: 1.3846 - acc: 0.4531
 224/3458 [>.............................] - ETA: 2:37 - loss: 1.3685 - acc: 0.4732
 256/3458 [=>............................] - ETA: 2:36 - loss: 1.3599 - acc: 0.4844
 288/3458 [=>............................] - ETA: 2:34 - loss: 1.3508 - acc: 0.4896
 320/3458 [=>............................] - ETA: 2:32 - loss: 1.3770 - acc: 0.4938
 352/3458 [==>...........................] - ETA: 2:31 - loss: 1.3943 - acc: 0.4801
 384/3458 [==>...........................] - ETA: 2:29 - loss: 1.3908 - acc: 0.4844
 416/3458 [==>...........................] - ETA: 2:28 - loss: 1.3926 - acc: 0.4784
 448/3458 [==>...........................] - ETA: 2:26 - loss: 1.3991 - acc: 0.4777
 480/3458 [===>..........................] - ETA: 2:24 - loss: 1.3991 - acc: 0.4708
 512/3458 [===>..........................] - ETA: 2:23 - loss: 1.3970 - acc: 0.4805
 544/3458 [===>..........................] - ETA: 2:21 - loss: 1.4033 - acc: 0.4743
 576/3458 [===>..........................] - ETA: 2:20 - loss: 1.3918 - acc: 0.4740
 608/3458 [====>.........................] - ETA: 2:18 - loss: 1.3880 - acc: 0.4688
 640/3458 [====>.........................] - ETA: 2:16 - loss: 1.3829 - acc: 0.4719
 672/3458 [====>.........................] - ETA: 2:15 - loss: 1.3751 - acc: 0.4702
 704/3458 [=====>........................] - ETA: 2:13 - loss: 1.3736 - acc: 0.4730
 736/3458 [=====>........................] - ETA: 2:12 - loss: 1.3676 - acc: 0.4755
 768/3458 [=====>........................] - ETA: 2:10 - loss: 1.3655 - acc: 0.4740
 800/3458 [=====>........................] - ETA: 2:09 - loss: 1.3619 - acc: 0.4675
 832/3458 [======>.......................] - ETA: 2:07 - loss: 1.3580 - acc: 0.4639
 864/3458 [======>.......................] - ETA: 2:05 - loss: 1.3584 - acc: 0.4595
 896/3458 [======>.......................] - ETA: 2:04 - loss: 1.3528 - acc: 0.4643
 928/3458 [=======>......................] - ETA: 2:02 - loss: 1.3497 - acc: 0.4644
 960/3458 [=======>......................] - ETA: 2:01 - loss: 1.3457 - acc: 0.4677
 992/3458 [=======>......................] - ETA: 1:59 - loss: 1.3435 - acc: 0.4657
1024/3458 [=======>......................] - ETA: 1:58 - loss: 1.3457 - acc: 0.4619
1056/3458 [========>.....................] - ETA: 1:56 - loss: 1.3459 - acc: 0.4602
1088/3458 [========>.....................] - ETA: 1:55 - loss: 1.3396 - acc: 0.4642
1120/3458 [========>.....................] - ETA: 1:53 - loss: 1.3340 - acc: 0.4679
1152/3458 [========>.....................] - ETA: 1:52 - loss: 1.3456 - acc: 0.4618
1184/3458 [=========>....................] - ETA: 1:50 - loss: 1.3451 - acc: 0.4586
1216/3458 [=========>....................] - ETA: 1:48 - loss: 1.3494 - acc: 0.4548
1248/3458 [=========>....................] - ETA: 1:47 - loss: 1.3487 - acc: 0.4551
1280/3458 [==========>...................] - ETA: 1:45 - loss: 1.3461 - acc: 0.4563
1312/3458 [==========>...................] - ETA: 1:44 - loss: 1.3440 - acc: 0.4558
1344/3458 [==========>...................] - ETA: 1:42 - loss: 1.3399 - acc: 0.4554
1376/3458 [==========>...................] - ETA: 1:41 - loss: 1.3388 - acc: 0.4549
1408/3458 [===========>..................] - ETA: 1:39 - loss: 1.3437 - acc: 0.4560
1440/3458 [===========>..................] - ETA: 1:38 - loss: 1.3526 - acc: 0.4535
1472/3458 [===========>..................] - ETA: 1:36 - loss: 1.3530 - acc: 0.4518
1504/3458 [============>.................] - ETA: 1:34 - loss: 1.3597 - acc: 0.4448
1536/3458 [============>.................] - ETA: 1:33 - loss: 1.3593 - acc: 0.4453
1568/3458 [============>.................] - ETA: 1:31 - loss: 1.3594 - acc: 0.4439
1600/3458 [============>.................] - ETA: 1:30 - loss: 1.3584 - acc: 0.4437
1632/3458 [=============>................] - ETA: 1:28 - loss: 1.3586 - acc: 0.4412
1664/3458 [=============>................] - ETA: 1:27 - loss: 1.3579 - acc: 0.4405
1696/3458 [=============>................] - ETA: 1:25 - loss: 1.3580 - acc: 0.4387
1728/3458 [=============>................] - ETA: 1:24 - loss: 1.3569 - acc: 0.4392
1760/3458 [==============>...............] - ETA: 1:22 - loss: 1.3578 - acc: 0.4403
1792/3458 [==============>...............] - ETA: 1:20 - loss: 1.3574 - acc: 0.4386
1824/3458 [==============>...............] - ETA: 1:19 - loss: 1.3581 - acc: 0.4375
1856/3458 [===============>..............] - ETA: 1:17 - loss: 1.3556 - acc: 0.4370
1888/3458 [===============>..............] - ETA: 1:16 - loss: 1.3565 - acc: 0.4359
1920/3458 [===============>..............] - ETA: 1:14 - loss: 1.3579 - acc: 0.4339
1952/3458 [===============>..............] - ETA: 1:13 - loss: 1.3574 - acc: 0.4334
1984/3458 [================>.............] - ETA: 1:11 - loss: 1.3550 - acc: 0.4340
2016/3458 [================>.............] - ETA: 1:10 - loss: 1.3570 - acc: 0.4335
2048/3458 [================>.............] - ETA: 1:08 - loss: 1.3534 - acc: 0.4370
2080/3458 [=================>............] - ETA: 1:06 - loss: 1.3539 - acc: 0.4361
2112/3458 [=================>............] - ETA: 1:05 - loss: 1.3514 - acc: 0.4375
2144/3458 [=================>............] - ETA: 1:03 - loss: 1.3499 - acc: 0.4389
2176/3458 [=================>............] - ETA: 1:02 - loss: 1.3498 - acc: 0.4389
2208/3458 [==================>...........] - ETA: 1:00 - loss: 1.3482 - acc: 0.4389
2240/3458 [==================>...........] - ETA: 59s - loss: 1.3492 - acc: 0.4375 
2272/3458 [==================>...........] - ETA: 57s - loss: 1.3493 - acc: 0.4375
2304/3458 [==================>...........] - ETA: 56s - loss: 1.3477 - acc: 0.4384
2336/3458 [===================>..........] - ETA: 54s - loss: 1.3514 - acc: 0.4375
2368/3458 [===================>..........] - ETA: 52s - loss: 1.3487 - acc: 0.4400
2400/3458 [===================>..........] - ETA: 51s - loss: 1.3499 - acc: 0.4387
2432/3458 [====================>.........] - ETA: 49s - loss: 1.3513 - acc: 0.4387
2464/3458 [====================>.........] - ETA: 48s - loss: 1.3512 - acc: 0.4391
2496/3458 [====================>.........] - ETA: 46s - loss: 1.3516 - acc: 0.4375
2528/3458 [====================>.........] - ETA: 45s - loss: 1.3532 - acc: 0.4355
2560/3458 [=====================>........] - ETA: 43s - loss: 1.3520 - acc: 0.4359
2592/3458 [=====================>........] - ETA: 42s - loss: 1.3521 - acc: 0.4348
2624/3458 [=====================>........] - ETA: 40s - loss: 1.3522 - acc: 0.4356
2656/3458 [======================>.......] - ETA: 38s - loss: 1.3490 - acc: 0.4367
2688/3458 [======================>.......] - ETA: 37s - loss: 1.3502 - acc: 0.4364
2720/3458 [======================>.......] - ETA: 35s - loss: 1.3515 - acc: 0.4360
2752/3458 [======================>.......] - ETA: 34s - loss: 1.3497 - acc: 0.4368
2784/3458 [=======================>......] - ETA: 32s - loss: 1.3511 - acc: 0.4364
2816/3458 [=======================>......] - ETA: 31s - loss: 1.3477 - acc: 0.4379
2848/3458 [=======================>......] - ETA: 29s - loss: 1.3460 - acc: 0.4382
2880/3458 [=======================>......] - ETA: 28s - loss: 1.3442 - acc: 0.4375
2912/3458 [========================>.....] - ETA: 26s - loss: 1.3428 - acc: 0.4385
2944/3458 [========================>.....] - ETA: 25s - loss: 1.3410 - acc: 0.4382
2976/3458 [========================>.....] - ETA: 23s - loss: 1.3401 - acc: 0.4378
3008/3458 [=========================>....] - ETA: 21s - loss: 1.3393 - acc: 0.4382
3040/3458 [=========================>....] - ETA: 20s - loss: 1.3415 - acc: 0.4362
3072/3458 [=========================>....] - ETA: 18s - loss: 1.3410 - acc: 0.4368
3104/3458 [=========================>....] - ETA: 17s - loss: 1.3400 - acc: 0.4375
3136/3458 [==========================>...] - ETA: 15s - loss: 1.3399 - acc: 0.4369
3168/3458 [==========================>...] - ETA: 14s - loss: 1.3395 - acc: 0.4356
3200/3458 [==========================>...] - ETA: 12s - loss: 1.3372 - acc: 0.4359
3232/3458 [===========================>..] - ETA: 11s - loss: 1.3368 - acc: 0.4353
3264/3458 [===========================>..] - ETA: 9s - loss: 1.3355 - acc: 0.4357 
3296/3458 [===========================>..] - ETA: 7s - loss: 1.3355 - acc: 0.4360
3328/3458 [===========================>..] - ETA: 6s - loss: 1.3343 - acc: 0.4366
3360/3458 [============================>.] - ETA: 4s - loss: 1.3342 - acc: 0.4366
3392/3458 [============================>.] - ETA: 3s - loss: 1.3332 - acc: 0.4375
3424/3458 [============================>.] - ETA: 1s - loss: 1.3332 - acc: 0.4363
3456/3458 [============================>.] - ETA: 0s - loss: 1.3328 - acc: 0.4358
3458/3458 [==============================] - 169s 49ms/sample - loss: 1.3325 - acc: 0.4358

 32/865 [>.............................] - ETA: 7s - loss: 1.3036 - acc: 0.4688
 64/865 [=>............................] - ETA: 6s - loss: 1.3182 - acc: 0.4688
 96/865 [==>...........................] - ETA: 6s - loss: 1.3015 - acc: 0.4375
128/865 [===>..........................] - ETA: 6s - loss: 1.2435 - acc: 0.4609
160/865 [====>.........................] - ETA: 6s - loss: 1.2783 - acc: 0.4250
192/865 [=====>........................] - ETA: 5s - loss: 1.2650 - acc: 0.4323
224/865 [======>.......................] - ETA: 5s - loss: 1.2621 - acc: 0.4196
256/865 [=======>......................] - ETA: 5s - loss: 1.2664 - acc: 0.4297
288/865 [========>.....................] - ETA: 5s - loss: 1.2645 - acc: 0.4375
320/865 [==========>...................] - ETA: 4s - loss: 1.2609 - acc: 0.4469
352/865 [===========>..................] - ETA: 4s - loss: 1.2405 - acc: 0.4688
384/865 [============>.................] - ETA: 4s - loss: 1.2473 - acc: 0.4661
416/865 [=============>................] - ETA: 3s - loss: 1.2596 - acc: 0.4543
448/865 [==============>...............] - ETA: 3s - loss: 1.2588 - acc: 0.4621
480/865 [===============>..............] - ETA: 3s - loss: 1.2569 - acc: 0.4604
512/865 [================>.............] - ETA: 3s - loss: 1.2547 - acc: 0.4570
544/865 [=================>............] - ETA: 2s - loss: 1.2568 - acc: 0.4559
576/865 [==================>...........] - ETA: 2s - loss: 1.2624 - acc: 0.4514
608/865 [====================>.........] - ETA: 2s - loss: 1.2647 - acc: 0.4457
640/865 [=====================>........] - ETA: 1s - loss: 1.2763 - acc: 0.4391
672/865 [======================>.......] - ETA: 1s - loss: 1.2693 - acc: 0.4390
704/865 [=======================>......] - ETA: 1s - loss: 1.2755 - acc: 0.4375
736/865 [========================>.....] - ETA: 1s - loss: 1.2756 - acc: 0.4321
768/865 [=========================>....] - ETA: 0s - loss: 1.2766 - acc: 0.4349
800/865 [==========================>...] - ETA: 0s - loss: 1.2669 - acc: 0.4412
832/865 [===========================>..] - ETA: 0s - loss: 1.2649 - acc: 0.4399
864/865 [============================>.] - ETA: 0s - loss: 1.2775 - acc: 0.4410
865/865 [==============================] - 8s 9ms/sample - loss: 1.2778 - acc: 0.4405

  32/3458 [..............................] - ETA: 2:41 - loss: 1.2407 - acc: 0.4688
  64/3458 [..............................] - ETA: 2:42 - loss: 1.3271 - acc: 0.4375
  96/3458 [..............................] - ETA: 2:41 - loss: 1.2759 - acc: 0.4479
 128/3458 [>.............................] - ETA: 2:40 - loss: 1.2531 - acc: 0.4531
 160/3458 [>.............................] - ETA: 2:39 - loss: 1.2437 - acc: 0.4625
 192/3458 [>.............................] - ETA: 2:38 - loss: 1.2555 - acc: 0.4635
 224/3458 [>.............................] - ETA: 2:36 - loss: 1.2490 - acc: 0.4554
 256/3458 [=>............................] - ETA: 2:35 - loss: 1.2345 - acc: 0.4648
 288/3458 [=>............................] - ETA: 2:33 - loss: 1.2361 - acc: 0.4757
 320/3458 [=>............................] - ETA: 2:32 - loss: 1.2512 - acc: 0.4688
 352/3458 [==>...........................] - ETA: 2:30 - loss: 1.2568 - acc: 0.4744
 384/3458 [==>...........................] - ETA: 2:29 - loss: 1.2515 - acc: 0.4818
 416/3458 [==>...........................] - ETA: 2:27 - loss: 1.2415 - acc: 0.4880
 448/3458 [==>...........................] - ETA: 2:26 - loss: 1.2426 - acc: 0.4911
 480/3458 [===>..........................] - ETA: 2:24 - loss: 1.2527 - acc: 0.4854
 512/3458 [===>..........................] - ETA: 2:23 - loss: 1.2493 - acc: 0.4922
 544/3458 [===>..........................] - ETA: 2:21 - loss: 1.2435 - acc: 0.4963
 576/3458 [===>..........................] - ETA: 2:19 - loss: 1.2424 - acc: 0.4931
 608/3458 [====>.........................] - ETA: 2:18 - loss: 1.2312 - acc: 0.4967
 640/3458 [====>.........................] - ETA: 2:16 - loss: 1.2293 - acc: 0.4984
 672/3458 [====>.........................] - ETA: 2:15 - loss: 1.2399 - acc: 0.4866
 704/3458 [=====>........................] - ETA: 2:13 - loss: 1.2354 - acc: 0.4886
 736/3458 [=====>........................] - ETA: 2:12 - loss: 1.2378 - acc: 0.4851
 768/3458 [=====>........................] - ETA: 2:10 - loss: 1.2422 - acc: 0.4831
 800/3458 [=====>........................] - ETA: 2:09 - loss: 1.2446 - acc: 0.4863
 832/3458 [======>.......................] - ETA: 2:07 - loss: 1.2442 - acc: 0.4832
 864/3458 [======>.......................] - ETA: 2:06 - loss: 1.2457 - acc: 0.4838
 896/3458 [======>.......................] - ETA: 2:04 - loss: 1.2460 - acc: 0.4844
 928/3458 [=======>......................] - ETA: 2:03 - loss: 1.2487 - acc: 0.4828
 960/3458 [=======>......................] - ETA: 2:01 - loss: 1.2513 - acc: 0.4833
 992/3458 [=======>......................] - ETA: 1:59 - loss: 1.2481 - acc: 0.4829
1024/3458 [=======>......................] - ETA: 1:58 - loss: 1.2478 - acc: 0.4824
1056/3458 [========>.....................] - ETA: 1:56 - loss: 1.2461 - acc: 0.4811
1088/3458 [========>.....................] - ETA: 1:55 - loss: 1.2458 - acc: 0.4798
1120/3458 [========>.....................] - ETA: 1:53 - loss: 1.2484 - acc: 0.4777
1152/3458 [========>.....................] - ETA: 1:52 - loss: 1.2565 - acc: 0.4714
1184/3458 [=========>....................] - ETA: 1:50 - loss: 1.2572 - acc: 0.4747
1216/3458 [=========>....................] - ETA: 1:49 - loss: 1.2577 - acc: 0.4729
1248/3458 [=========>....................] - ETA: 1:47 - loss: 1.2566 - acc: 0.4712
1280/3458 [==========>...................] - ETA: 1:45 - loss: 1.2620 - acc: 0.4656
1312/3458 [==========>...................] - ETA: 1:44 - loss: 1.2624 - acc: 0.4665
1344/3458 [==========>...................] - ETA: 1:42 - loss: 1.2619 - acc: 0.4695
1376/3458 [==========>...................] - ETA: 1:41 - loss: 1.2650 - acc: 0.4680
1408/3458 [===========>..................] - ETA: 1:39 - loss: 1.2611 - acc: 0.4723
1440/3458 [===========>..................] - ETA: 1:38 - loss: 1.2582 - acc: 0.4750
1472/3458 [===========>..................] - ETA: 1:36 - loss: 1.2593 - acc: 0.4715
1504/3458 [============>.................] - ETA: 1:35 - loss: 1.2616 - acc: 0.4688
1536/3458 [============>.................] - ETA: 1:33 - loss: 1.2564 - acc: 0.4688
1568/3458 [============>.................] - ETA: 1:31 - loss: 1.2564 - acc: 0.4694
1600/3458 [============>.................] - ETA: 1:30 - loss: 1.2563 - acc: 0.4700
1632/3458 [=============>................] - ETA: 1:28 - loss: 1.2520 - acc: 0.4712
1664/3458 [=============>................] - ETA: 1:27 - loss: 1.2511 - acc: 0.4712
1696/3458 [=============>................] - ETA: 1:25 - loss: 1.2534 - acc: 0.4693
1728/3458 [=============>................] - ETA: 1:24 - loss: 1.2534 - acc: 0.4682
1760/3458 [==============>...............] - ETA: 1:22 - loss: 1.2564 - acc: 0.4676
1792/3458 [==============>...............] - ETA: 1:21 - loss: 1.2538 - acc: 0.4704
1824/3458 [==============>...............] - ETA: 1:19 - loss: 1.2589 - acc: 0.4671
1856/3458 [===============>..............] - ETA: 1:17 - loss: 1.2552 - acc: 0.4693
1888/3458 [===============>..............] - ETA: 1:16 - loss: 1.2560 - acc: 0.4682
1920/3458 [===============>..............] - ETA: 1:14 - loss: 1.2558 - acc: 0.4688
1952/3458 [===============>..............] - ETA: 1:13 - loss: 1.2562 - acc: 0.4688
1984/3458 [================>.............] - ETA: 1:11 - loss: 1.2606 - acc: 0.4688
2016/3458 [================>.............] - ETA: 1:10 - loss: 1.2602 - acc: 0.4692
2048/3458 [================>.............] - ETA: 1:08 - loss: 1.2609 - acc: 0.4683
2080/3458 [=================>............] - ETA: 1:07 - loss: 1.2608 - acc: 0.4678
2112/3458 [=================>............] - ETA: 1:05 - loss: 1.2625 - acc: 0.4664
2144/3458 [=================>............] - ETA: 1:03 - loss: 1.2617 - acc: 0.4660
2176/3458 [=================>............] - ETA: 1:02 - loss: 1.2619 - acc: 0.4669
2208/3458 [==================>...........] - ETA: 1:00 - loss: 1.2606 - acc: 0.4665
2240/3458 [==================>...........] - ETA: 59s - loss: 1.2638 - acc: 0.4643 
2272/3458 [==================>...........] - ETA: 57s - loss: 1.2631 - acc: 0.4657
2304/3458 [==================>...........] - ETA: 56s - loss: 1.2637 - acc: 0.4631
2336/3458 [===================>..........] - ETA: 54s - loss: 1.2645 - acc: 0.4615
2368/3458 [===================>..........] - ETA: 53s - loss: 1.2658 - acc: 0.4616
2400/3458 [===================>..........] - ETA: 51s - loss: 1.2665 - acc: 0.4613
2432/3458 [====================>.........] - ETA: 49s - loss: 1.2659 - acc: 0.4622
2464/3458 [====================>.........] - ETA: 48s - loss: 1.2666 - acc: 0.4586
2496/3458 [====================>.........] - ETA: 46s - loss: 1.2645 - acc: 0.4611
2528/3458 [====================>.........] - ETA: 45s - loss: 1.2622 - acc: 0.4620
2560/3458 [=====================>........] - ETA: 43s - loss: 1.2623 - acc: 0.4629
2592/3458 [=====================>........] - ETA: 42s - loss: 1.2613 - acc: 0.4637
2624/3458 [=====================>........] - ETA: 40s - loss: 1.2609 - acc: 0.4634
2656/3458 [======================>.......] - ETA: 39s - loss: 1.2664 - acc: 0.4620
2688/3458 [======================>.......] - ETA: 37s - loss: 1.2658 - acc: 0.4621
2720/3458 [======================>.......] - ETA: 35s - loss: 1.2652 - acc: 0.4618
2752/3458 [======================>.......] - ETA: 34s - loss: 1.2646 - acc: 0.4615
2784/3458 [=======================>......] - ETA: 32s - loss: 1.2630 - acc: 0.4626
2816/3458 [=======================>......] - ETA: 31s - loss: 1.2636 - acc: 0.4631
2848/3458 [=======================>......] - ETA: 29s - loss: 1.2661 - acc: 0.4617
2880/3458 [=======================>......] - ETA: 28s - loss: 1.2646 - acc: 0.4628
2912/3458 [========================>.....] - ETA: 26s - loss: 1.2623 - acc: 0.4646
2944/3458 [========================>.....] - ETA: 25s - loss: 1.2615 - acc: 0.4650
2976/3458 [========================>.....] - ETA: 23s - loss: 1.2622 - acc: 0.4640
3008/3458 [=========================>....] - ETA: 21s - loss: 1.2623 - acc: 0.4648
3040/3458 [=========================>....] - ETA: 20s - loss: 1.2618 - acc: 0.4655
3072/3458 [=========================>....] - ETA: 18s - loss: 1.2643 - acc: 0.4655
3104/3458 [=========================>....] - ETA: 17s - loss: 1.2683 - acc: 0.4646
3136/3458 [==========================>...] - ETA: 15s - loss: 1.2661 - acc: 0.4656
3168/3458 [==========================>...] - ETA: 14s - loss: 1.2653 - acc: 0.4669
3200/3458 [==========================>...] - ETA: 12s - loss: 1.2654 - acc: 0.4666
3232/3458 [===========================>..] - ETA: 11s - loss: 1.2671 - acc: 0.4675
3264/3458 [===========================>..] - ETA: 9s - loss: 1.2663 - acc: 0.4669 
3296/3458 [===========================>..] - ETA: 7s - loss: 1.2654 - acc: 0.4675
3328/3458 [===========================>..] - ETA: 6s - loss: 1.2631 - acc: 0.4681
3360/3458 [============================>.] - ETA: 4s - loss: 1.2622 - acc: 0.4679
3392/3458 [============================>.] - ETA: 3s - loss: 1.2616 - acc: 0.4676
3424/3458 [============================>.] - ETA: 1s - loss: 1.2657 - acc: 0.4661
3456/3458 [============================>.] - ETA: 0s - loss: 1.2645 - acc: 0.4667
3458/3458 [==============================] - 169s 49ms/sample - loss: 1.2641 - acc: 0.4667

 32/865 [>.............................] - ETA: 7s - loss: 1.2864 - acc: 0.4375
 64/865 [=>............................] - ETA: 7s - loss: 1.2478 - acc: 0.5000
 96/865 [==>...........................] - ETA: 6s - loss: 1.2321 - acc: 0.5208
128/865 [===>..........................] - ETA: 6s - loss: 1.1954 - acc: 0.5469
160/865 [====>.........................] - ETA: 6s - loss: 1.2209 - acc: 0.5188
192/865 [=====>........................] - ETA: 6s - loss: 1.2151 - acc: 0.5156
224/865 [======>.......................] - ETA: 5s - loss: 1.2060 - acc: 0.5179
256/865 [=======>......................] - ETA: 5s - loss: 1.2090 - acc: 0.5078
288/865 [========>.....................] - ETA: 5s - loss: 1.2029 - acc: 0.5174
320/865 [==========>...................] - ETA: 4s - loss: 1.1985 - acc: 0.5219
352/865 [===========>..................] - ETA: 4s - loss: 1.1803 - acc: 0.5341
384/865 [============>.................] - ETA: 4s - loss: 1.1889 - acc: 0.5286
416/865 [=============>................] - ETA: 3s - loss: 1.2025 - acc: 0.5096
448/865 [==============>...............] - ETA: 3s - loss: 1.2040 - acc: 0.5022
480/865 [===============>..............] - ETA: 3s - loss: 1.1957 - acc: 0.5125
512/865 [================>.............] - ETA: 3s - loss: 1.1915 - acc: 0.5059
544/865 [=================>............] - ETA: 2s - loss: 1.1951 - acc: 0.4963
576/865 [==================>...........] - ETA: 2s - loss: 1.1986 - acc: 0.4913
608/865 [====================>.........] - ETA: 2s - loss: 1.2053 - acc: 0.4918
640/865 [=====================>........] - ETA: 1s - loss: 1.2136 - acc: 0.4906
672/865 [======================>.......] - ETA: 1s - loss: 1.2077 - acc: 0.4970
704/865 [=======================>......] - ETA: 1s - loss: 1.2172 - acc: 0.4943
736/865 [========================>.....] - ETA: 1s - loss: 1.2179 - acc: 0.4905
768/865 [=========================>....] - ETA: 0s - loss: 1.2220 - acc: 0.4883
800/865 [==========================>...] - ETA: 0s - loss: 1.2132 - acc: 0.4900
832/865 [===========================>..] - ETA: 0s - loss: 1.2107 - acc: 0.4868
864/865 [============================>.] - ETA: 0s - loss: 1.2189 - acc: 0.4884
865/865 [==============================] - 8s 9ms/sample - loss: 1.2194 - acc: 0.4879

  32/3458 [..............................] - ETA: 2:44 - loss: 1.1656 - acc: 0.5000
  64/3458 [..............................] - ETA: 2:43 - loss: 1.2427 - acc: 0.5156
  96/3458 [..............................] - ETA: 2:43 - loss: 1.2520 - acc: 0.5208
 128/3458 [>.............................] - ETA: 2:42 - loss: 1.2517 - acc: 0.5312
 160/3458 [>.............................] - ETA: 2:39 - loss: 1.2587 - acc: 0.5063
 192/3458 [>.............................] - ETA: 2:38 - loss: 1.2557 - acc: 0.4948
 224/3458 [>.............................] - ETA: 2:36 - loss: 1.2704 - acc: 0.4911
 256/3458 [=>............................] - ETA: 2:35 - loss: 1.2308 - acc: 0.5156
 288/3458 [=>............................] - ETA: 2:34 - loss: 1.2407 - acc: 0.4965
 320/3458 [=>............................] - ETA: 2:32 - loss: 1.2339 - acc: 0.4938
 352/3458 [==>...........................] - ETA: 2:31 - loss: 1.2207 - acc: 0.4943
 384/3458 [==>...........................] - ETA: 2:29 - loss: 1.2003 - acc: 0.5078
 416/3458 [==>...........................] - ETA: 2:27 - loss: 1.2200 - acc: 0.5096
 448/3458 [==>...........................] - ETA: 2:26 - loss: 1.2018 - acc: 0.5223
 480/3458 [===>..........................] - ETA: 2:24 - loss: 1.1851 - acc: 0.5312
 512/3458 [===>..........................] - ETA: 2:23 - loss: 1.1840 - acc: 0.5234
 544/3458 [===>..........................] - ETA: 2:21 - loss: 1.2072 - acc: 0.5055
 576/3458 [===>..........................] - ETA: 2:20 - loss: 1.2012 - acc: 0.5052
 608/3458 [====>.........................] - ETA: 2:18 - loss: 1.2079 - acc: 0.5049
 640/3458 [====>.........................] - ETA: 2:17 - loss: 1.2100 - acc: 0.5016
 672/3458 [====>.........................] - ETA: 2:15 - loss: 1.2193 - acc: 0.4955
 704/3458 [=====>........................] - ETA: 2:13 - loss: 1.2309 - acc: 0.4815
 736/3458 [=====>........................] - ETA: 2:12 - loss: 1.2322 - acc: 0.4837
 768/3458 [=====>........................] - ETA: 2:10 - loss: 1.2276 - acc: 0.4896
 800/3458 [=====>........................] - ETA: 2:09 - loss: 1.2235 - acc: 0.4938
 832/3458 [======>.......................] - ETA: 2:07 - loss: 1.2222 - acc: 0.4940
 864/3458 [======>.......................] - ETA: 2:06 - loss: 1.2140 - acc: 0.4954
 896/3458 [======>.......................] - ETA: 2:04 - loss: 1.2109 - acc: 0.4967
 928/3458 [=======>......................] - ETA: 2:03 - loss: 1.2121 - acc: 0.4946
 960/3458 [=======>......................] - ETA: 2:01 - loss: 1.2091 - acc: 0.4958
 992/3458 [=======>......................] - ETA: 1:59 - loss: 1.2044 - acc: 0.4970
1024/3458 [=======>......................] - ETA: 1:58 - loss: 1.2014 - acc: 0.4971
1056/3458 [========>.....................] - ETA: 1:56 - loss: 1.1979 - acc: 0.4953
1088/3458 [========>.....................] - ETA: 1:55 - loss: 1.2002 - acc: 0.4926
1120/3458 [========>.....................] - ETA: 1:53 - loss: 1.1943 - acc: 0.4938
1152/3458 [========>.....................] - ETA: 1:52 - loss: 1.1930 - acc: 0.4939
1184/3458 [=========>....................] - ETA: 1:50 - loss: 1.1916 - acc: 0.4932
1216/3458 [=========>....................] - ETA: 1:49 - loss: 1.1983 - acc: 0.4910
1248/3458 [=========>....................] - ETA: 1:47 - loss: 1.1947 - acc: 0.4928
1280/3458 [==========>...................] - ETA: 1:45 - loss: 1.1921 - acc: 0.4969
1312/3458 [==========>...................] - ETA: 1:44 - loss: 1.1933 - acc: 0.4985
1344/3458 [==========>...................] - ETA: 1:42 - loss: 1.1973 - acc: 0.4993
1376/3458 [==========>...................] - ETA: 1:41 - loss: 1.1975 - acc: 0.4993
1408/3458 [===========>..................] - ETA: 1:39 - loss: 1.1948 - acc: 0.4993
1440/3458 [===========>..................] - ETA: 1:38 - loss: 1.1972 - acc: 0.4979
1472/3458 [===========>..................] - ETA: 1:36 - loss: 1.1968 - acc: 0.4993
1504/3458 [============>.................] - ETA: 1:35 - loss: 1.1950 - acc: 0.4987
1536/3458 [============>.................] - ETA: 1:33 - loss: 1.1981 - acc: 0.4954
1568/3458 [============>.................] - ETA: 1:31 - loss: 1.1989 - acc: 0.4936
1600/3458 [============>.................] - ETA: 1:30 - loss: 1.1972 - acc: 0.4944
1632/3458 [=============>................] - ETA: 1:28 - loss: 1.1974 - acc: 0.4939
1664/3458 [=============>................] - ETA: 1:27 - loss: 1.1999 - acc: 0.4916
1696/3458 [=============>................] - ETA: 1:25 - loss: 1.1998 - acc: 0.4935
1728/3458 [=============>................] - ETA: 1:24 - loss: 1.1967 - acc: 0.4954
1760/3458 [==============>...............] - ETA: 1:22 - loss: 1.1984 - acc: 0.4960
1792/3458 [==============>...............] - ETA: 1:21 - loss: 1.1978 - acc: 0.4944
1824/3458 [==============>...............] - ETA: 1:19 - loss: 1.1998 - acc: 0.4929
1856/3458 [===============>..............] - ETA: 1:17 - loss: 1.1984 - acc: 0.4957
1888/3458 [===============>..............] - ETA: 1:16 - loss: 1.1969 - acc: 0.4979
1920/3458 [===============>..............] - ETA: 1:14 - loss: 1.1955 - acc: 0.4953
1952/3458 [===============>..............] - ETA: 1:13 - loss: 1.1949 - acc: 0.4964
1984/3458 [================>.............] - ETA: 1:11 - loss: 1.1984 - acc: 0.4945
2016/3458 [================>.............] - ETA: 1:10 - loss: 1.1970 - acc: 0.4950
2048/3458 [================>.............] - ETA: 1:08 - loss: 1.1923 - acc: 0.4976
2080/3458 [=================>............] - ETA: 1:07 - loss: 1.1916 - acc: 0.4990
2112/3458 [=================>............] - ETA: 1:05 - loss: 1.1907 - acc: 0.4995
2144/3458 [=================>............] - ETA: 1:03 - loss: 1.1914 - acc: 0.4986
2176/3458 [=================>............] - ETA: 1:02 - loss: 1.1896 - acc: 0.4991
2208/3458 [==================>...........] - ETA: 1:00 - loss: 1.1891 - acc: 0.4986
2240/3458 [==================>...........] - ETA: 59s - loss: 1.1910 - acc: 0.4982 
2272/3458 [==================>...........] - ETA: 57s - loss: 1.1895 - acc: 0.4978
2304/3458 [==================>...........] - ETA: 56s - loss: 1.1912 - acc: 0.4965
2336/3458 [===================>..........] - ETA: 54s - loss: 1.1886 - acc: 0.4970
2368/3458 [===================>..........] - ETA: 53s - loss: 1.1904 - acc: 0.4966
2400/3458 [===================>..........] - ETA: 51s - loss: 1.1922 - acc: 0.4963
2432/3458 [====================>.........] - ETA: 49s - loss: 1.1917 - acc: 0.4967
2464/3458 [====================>.........] - ETA: 48s - loss: 1.1912 - acc: 0.4976
2496/3458 [====================>.........] - ETA: 46s - loss: 1.1897 - acc: 0.4984
2528/3458 [====================>.........] - ETA: 45s - loss: 1.1909 - acc: 0.4968
2560/3458 [=====================>........] - ETA: 43s - loss: 1.1926 - acc: 0.4941
2592/3458 [=====================>........] - ETA: 42s - loss: 1.1912 - acc: 0.4954
2624/3458 [=====================>........] - ETA: 40s - loss: 1.1933 - acc: 0.4931
2656/3458 [======================>.......] - ETA: 39s - loss: 1.1910 - acc: 0.4947
2688/3458 [======================>.......] - ETA: 37s - loss: 1.1948 - acc: 0.4922
2720/3458 [======================>.......] - ETA: 36s - loss: 1.1957 - acc: 0.4919
2752/3458 [======================>.......] - ETA: 34s - loss: 1.1968 - acc: 0.4927
2784/3458 [=======================>......] - ETA: 32s - loss: 1.1963 - acc: 0.4925
2816/3458 [=======================>......] - ETA: 31s - loss: 1.1962 - acc: 0.4922
2848/3458 [=======================>......] - ETA: 29s - loss: 1.1977 - acc: 0.4912
2880/3458 [=======================>......] - ETA: 28s - loss: 1.1968 - acc: 0.4906
2912/3458 [========================>.....] - ETA: 26s - loss: 1.1963 - acc: 0.4900
2944/3458 [========================>.....] - ETA: 25s - loss: 1.1961 - acc: 0.4895
2976/3458 [========================>.....] - ETA: 23s - loss: 1.2012 - acc: 0.4899
3008/3458 [=========================>....] - ETA: 22s - loss: 1.2020 - acc: 0.4890
3040/3458 [=========================>....] - ETA: 20s - loss: 1.2016 - acc: 0.4898
3072/3458 [=========================>....] - ETA: 18s - loss: 1.2004 - acc: 0.4909
3104/3458 [=========================>....] - ETA: 17s - loss: 1.2000 - acc: 0.4913
3136/3458 [==========================>...] - ETA: 15s - loss: 1.2008 - acc: 0.4911
3168/3458 [==========================>...] - ETA: 14s - loss: 1.2000 - acc: 0.4912
3200/3458 [==========================>...] - ETA: 12s - loss: 1.1996 - acc: 0.4906
3232/3458 [===========================>..] - ETA: 11s - loss: 1.1980 - acc: 0.4920
3264/3458 [===========================>..] - ETA: 9s - loss: 1.1963 - acc: 0.4930 
3296/3458 [===========================>..] - ETA: 7s - loss: 1.1957 - acc: 0.4930
3328/3458 [===========================>..] - ETA: 6s - loss: 1.1938 - acc: 0.4943
3360/3458 [============================>.] - ETA: 4s - loss: 1.1938 - acc: 0.4949
3392/3458 [============================>.] - ETA: 3s - loss: 1.1948 - acc: 0.4953
3424/3458 [============================>.] - ETA: 1s - loss: 1.1945 - acc: 0.4965
3456/3458 [============================>.] - ETA: 0s - loss: 1.1943 - acc: 0.4971
3458/3458 [==============================] - 170s 49ms/sample - loss: 1.1948 - acc: 0.4971

 32/865 [>.............................] - ETA: 7s - loss: 1.2639 - acc: 0.4062
 64/865 [=>............................] - ETA: 7s - loss: 1.2261 - acc: 0.5312
 96/865 [==>...........................] - ETA: 6s - loss: 1.2111 - acc: 0.5417
128/865 [===>..........................] - ETA: 6s - loss: 1.1774 - acc: 0.5547
160/865 [====>.........................] - ETA: 6s - loss: 1.1853 - acc: 0.5250
192/865 [=====>........................] - ETA: 5s - loss: 1.1657 - acc: 0.5208
224/865 [======>.......................] - ETA: 5s - loss: 1.1569 - acc: 0.5179
256/865 [=======>......................] - ETA: 5s - loss: 1.1583 - acc: 0.5195
288/865 [========>.....................] - ETA: 5s - loss: 1.1540 - acc: 0.5312
320/865 [==========>...................] - ETA: 4s - loss: 1.1575 - acc: 0.5375
352/865 [===========>..................] - ETA: 4s - loss: 1.1449 - acc: 0.5483
384/865 [============>.................] - ETA: 4s - loss: 1.1578 - acc: 0.5391
416/865 [=============>................] - ETA: 4s - loss: 1.1650 - acc: 0.5337
448/865 [==============>...............] - ETA: 3s - loss: 1.1639 - acc: 0.5335
480/865 [===============>..............] - ETA: 3s - loss: 1.1568 - acc: 0.5396
512/865 [================>.............] - ETA: 3s - loss: 1.1480 - acc: 0.5371
544/865 [=================>............] - ETA: 2s - loss: 1.1517 - acc: 0.5239
576/865 [==================>...........] - ETA: 2s - loss: 1.1546 - acc: 0.5208
608/865 [====================>.........] - ETA: 2s - loss: 1.1632 - acc: 0.5230
640/865 [=====================>........] - ETA: 2s - loss: 1.1695 - acc: 0.5281
672/865 [======================>.......] - ETA: 1s - loss: 1.1644 - acc: 0.5312
704/865 [=======================>......] - ETA: 1s - loss: 1.1757 - acc: 0.5284
736/865 [========================>.....] - ETA: 1s - loss: 1.1754 - acc: 0.5231
768/865 [=========================>....] - ETA: 0s - loss: 1.1778 - acc: 0.5221
800/865 [==========================>...] - ETA: 0s - loss: 1.1688 - acc: 0.5238
832/865 [===========================>..] - ETA: 0s - loss: 1.1655 - acc: 0.5228
864/865 [============================>.] - ETA: 0s - loss: 1.1744 - acc: 0.5231
865/865 [==============================] - 8s 9ms/sample - loss: 1.1749 - acc: 0.5225

  32/3458 [..............................] - ETA: 2:41 - loss: 1.3157 - acc: 0.5000
  64/3458 [..............................] - ETA: 2:44 - loss: 1.1844 - acc: 0.5312
  96/3458 [..............................] - ETA: 2:44 - loss: 1.1881 - acc: 0.4792
 128/3458 [>.............................] - ETA: 2:43 - loss: 1.2023 - acc: 0.4922
 160/3458 [>.............................] - ETA: 2:41 - loss: 1.1566 - acc: 0.5125
 192/3458 [>.............................] - ETA: 2:40 - loss: 1.1902 - acc: 0.5000
 224/3458 [>.............................] - ETA: 2:38 - loss: 1.1486 - acc: 0.5134
 256/3458 [=>............................] - ETA: 2:37 - loss: 1.1649 - acc: 0.5000
 288/3458 [=>............................] - ETA: 2:36 - loss: 1.1689 - acc: 0.5000
 320/3458 [=>............................] - ETA: 2:34 - loss: 1.1651 - acc: 0.5031
 352/3458 [==>...........................] - ETA: 2:33 - loss: 1.1722 - acc: 0.5085
 384/3458 [==>...........................] - ETA: 2:32 - loss: 1.1660 - acc: 0.5156
 416/3458 [==>...........................] - ETA: 2:30 - loss: 1.1700 - acc: 0.5048
 448/3458 [==>...........................] - ETA: 2:29 - loss: 1.1718 - acc: 0.5045
 480/3458 [===>..........................] - ETA: 2:27 - loss: 1.1554 - acc: 0.5063
 512/3458 [===>..........................] - ETA: 2:25 - loss: 1.1699 - acc: 0.4961
 544/3458 [===>..........................] - ETA: 2:24 - loss: 1.1679 - acc: 0.4908
 576/3458 [===>..........................] - ETA: 2:22 - loss: 1.1808 - acc: 0.4931
 608/3458 [====>.........................] - ETA: 2:21 - loss: 1.1771 - acc: 0.4934
 640/3458 [====>.........................] - ETA: 2:19 - loss: 1.1749 - acc: 0.4938
 672/3458 [====>.........................] - ETA: 2:18 - loss: 1.1652 - acc: 0.4985
 704/3458 [=====>........................] - ETA: 2:16 - loss: 1.1541 - acc: 0.5071
 736/3458 [=====>........................] - ETA: 2:15 - loss: 1.1497 - acc: 0.5149
 768/3458 [=====>........................] - ETA: 2:13 - loss: 1.1549 - acc: 0.5143
 800/3458 [=====>........................] - ETA: 2:12 - loss: 1.1594 - acc: 0.5125
 832/3458 [======>.......................] - ETA: 2:10 - loss: 1.1591 - acc: 0.5144
 864/3458 [======>.......................] - ETA: 2:08 - loss: 1.1638 - acc: 0.5116
 896/3458 [======>.......................] - ETA: 2:07 - loss: 1.1665 - acc: 0.5100
 928/3458 [=======>......................] - ETA: 2:05 - loss: 1.1662 - acc: 0.5065
 960/3458 [=======>......................] - ETA: 2:04 - loss: 1.1645 - acc: 0.5083
 992/3458 [=======>......................] - ETA: 2:02 - loss: 1.1713 - acc: 0.5020
1024/3458 [=======>......................] - ETA: 2:01 - loss: 1.1674 - acc: 0.5029
1056/3458 [========>.....................] - ETA: 1:59 - loss: 1.1634 - acc: 0.5066
1088/3458 [========>.....................] - ETA: 1:57 - loss: 1.1638 - acc: 0.5064
1120/3458 [========>.....................] - ETA: 1:56 - loss: 1.1594 - acc: 0.5089
1152/3458 [========>.....................] - ETA: 1:54 - loss: 1.1545 - acc: 0.5113
1184/3458 [=========>....................] - ETA: 1:53 - loss: 1.1538 - acc: 0.5118
1216/3458 [=========>....................] - ETA: 1:51 - loss: 1.1546 - acc: 0.5123
1248/3458 [=========>....................] - ETA: 1:49 - loss: 1.1526 - acc: 0.5136
1280/3458 [==========>...................] - ETA: 1:48 - loss: 1.1482 - acc: 0.5172
1312/3458 [==========>...................] - ETA: 1:46 - loss: 1.1468 - acc: 0.5168
1344/3458 [==========>...................] - ETA: 1:45 - loss: 1.1416 - acc: 0.5193
1376/3458 [==========>...................] - ETA: 1:43 - loss: 1.1405 - acc: 0.5211
1408/3458 [===========>..................] - ETA: 1:41 - loss: 1.1440 - acc: 0.5213
1440/3458 [===========>..................] - ETA: 1:40 - loss: 1.1431 - acc: 0.5222
1472/3458 [===========>..................] - ETA: 1:38 - loss: 1.1466 - acc: 0.5204
1504/3458 [============>.................] - ETA: 1:37 - loss: 1.1511 - acc: 0.5186
1536/3458 [============>.................] - ETA: 1:35 - loss: 1.1520 - acc: 0.5189
1568/3458 [============>.................] - ETA: 1:33 - loss: 1.1592 - acc: 0.5159
1600/3458 [============>.................] - ETA: 1:32 - loss: 1.1609 - acc: 0.5144
1632/3458 [=============>................] - ETA: 1:30 - loss: 1.1622 - acc: 0.5123
1664/3458 [=============>................] - ETA: 1:29 - loss: 1.1588 - acc: 0.5144
1696/3458 [=============>................] - ETA: 1:27 - loss: 1.1552 - acc: 0.5153
1728/3458 [=============>................] - ETA: 1:25 - loss: 1.1569 - acc: 0.5150
1760/3458 [==============>...............] - ETA: 1:24 - loss: 1.1565 - acc: 0.5182
1792/3458 [==============>...............] - ETA: 1:22 - loss: 1.1534 - acc: 0.5206
1824/3458 [==============>...............] - ETA: 1:21 - loss: 1.1513 - acc: 0.5219
1856/3458 [===============>..............] - ETA: 1:19 - loss: 1.1553 - acc: 0.5205
1888/3458 [===============>..............] - ETA: 1:18 - loss: 1.1548 - acc: 0.5217
1920/3458 [===============>..............] - ETA: 1:16 - loss: 1.1586 - acc: 0.5214
1952/3458 [===============>..............] - ETA: 1:14 - loss: 1.1565 - acc: 0.5215
1984/3458 [================>.............] - ETA: 1:13 - loss: 1.1606 - acc: 0.5202
2016/3458 [================>.............] - ETA: 1:11 - loss: 1.1598 - acc: 0.5184
2048/3458 [================>.............] - ETA: 1:10 - loss: 1.1583 - acc: 0.5195
2080/3458 [=================>............] - ETA: 1:08 - loss: 1.1571 - acc: 0.5207
2112/3458 [=================>............] - ETA: 1:06 - loss: 1.1586 - acc: 0.5199
2144/3458 [=================>............] - ETA: 1:05 - loss: 1.1550 - acc: 0.5224
2176/3458 [=================>............] - ETA: 1:03 - loss: 1.1601 - acc: 0.5184
2208/3458 [==================>...........] - ETA: 1:02 - loss: 1.1611 - acc: 0.5168
2240/3458 [==================>...........] - ETA: 1:00 - loss: 1.1596 - acc: 0.5161
2272/3458 [==================>...........] - ETA: 58s - loss: 1.1561 - acc: 0.5185 
2304/3458 [==================>...........] - ETA: 57s - loss: 1.1543 - acc: 0.5191
2336/3458 [===================>..........] - ETA: 55s - loss: 1.1532 - acc: 0.5210
2368/3458 [===================>..........] - ETA: 54s - loss: 1.1526 - acc: 0.5203
2400/3458 [===================>..........] - ETA: 52s - loss: 1.1589 - acc: 0.5188
2432/3458 [====================>.........] - ETA: 50s - loss: 1.1587 - acc: 0.5197
2464/3458 [====================>.........] - ETA: 49s - loss: 1.1600 - acc: 0.5199
2496/3458 [====================>.........] - ETA: 47s - loss: 1.1616 - acc: 0.5188
2528/3458 [====================>.........] - ETA: 46s - loss: 1.1622 - acc: 0.5186
2560/3458 [=====================>........] - ETA: 44s - loss: 1.1610 - acc: 0.5184
2592/3458 [=====================>........] - ETA: 43s - loss: 1.1609 - acc: 0.5174
2624/3458 [=====================>........] - ETA: 41s - loss: 1.1604 - acc: 0.5179
2656/3458 [======================>.......] - ETA: 39s - loss: 1.1622 - acc: 0.5166
2688/3458 [======================>.......] - ETA: 38s - loss: 1.1615 - acc: 0.5179
2720/3458 [======================>.......] - ETA: 36s - loss: 1.1627 - acc: 0.5169
2752/3458 [======================>.......] - ETA: 35s - loss: 1.1636 - acc: 0.5171
2784/3458 [=======================>......] - ETA: 33s - loss: 1.1604 - acc: 0.5194
2816/3458 [=======================>......] - ETA: 31s - loss: 1.1600 - acc: 0.5195
2848/3458 [=======================>......] - ETA: 30s - loss: 1.1581 - acc: 0.5197
2880/3458 [=======================>......] - ETA: 28s - loss: 1.1591 - acc: 0.5181
2912/3458 [========================>.....] - ETA: 27s - loss: 1.1569 - acc: 0.5185
2944/3458 [========================>.....] - ETA: 25s - loss: 1.1582 - acc: 0.5173
2976/3458 [========================>.....] - ETA: 23s - loss: 1.1573 - acc: 0.5175
3008/3458 [=========================>....] - ETA: 22s - loss: 1.1561 - acc: 0.5186
3040/3458 [=========================>....] - ETA: 20s - loss: 1.1554 - acc: 0.5191
3072/3458 [=========================>....] - ETA: 19s - loss: 1.1541 - acc: 0.5182
3104/3458 [=========================>....] - ETA: 17s - loss: 1.1527 - acc: 0.5180
3136/3458 [==========================>...] - ETA: 16s - loss: 1.1502 - acc: 0.5198
3168/3458 [==========================>...] - ETA: 14s - loss: 1.1510 - acc: 0.5186
3200/3458 [==========================>...] - ETA: 12s - loss: 1.1519 - acc: 0.5178
3232/3458 [===========================>..] - ETA: 11s - loss: 1.1522 - acc: 0.5173
3264/3458 [===========================>..] - ETA: 9s - loss: 1.1530 - acc: 0.5175 
3296/3458 [===========================>..] - ETA: 8s - loss: 1.1526 - acc: 0.5164
3328/3458 [===========================>..] - ETA: 6s - loss: 1.1494 - acc: 0.5183
3360/3458 [============================>.] - ETA: 4s - loss: 1.1479 - acc: 0.5193
3392/3458 [============================>.] - ETA: 3s - loss: 1.1468 - acc: 0.5192
3424/3458 [============================>.] - ETA: 1s - loss: 1.1466 - acc: 0.5202
3456/3458 [============================>.] - ETA: 0s - loss: 1.1474 - acc: 0.5203
3458/3458 [==============================] - 173s 50ms/sample - loss: 1.1473 - acc: 0.5202

 32/865 [>.............................] - ETA: 8s - loss: 1.3308 - acc: 0.4688
 64/865 [=>............................] - ETA: 7s - loss: 1.2867 - acc: 0.5000
 96/865 [==>...........................] - ETA: 7s - loss: 1.2576 - acc: 0.4896
128/865 [===>..........................] - ETA: 7s - loss: 1.2200 - acc: 0.5000
160/865 [====>.........................] - ETA: 6s - loss: 1.2293 - acc: 0.4875
192/865 [=====>........................] - ETA: 6s - loss: 1.1990 - acc: 0.5000
224/865 [======>.......................] - ETA: 6s - loss: 1.1844 - acc: 0.4955
256/865 [=======>......................] - ETA: 5s - loss: 1.1858 - acc: 0.5000
288/865 [========>.....................] - ETA: 5s - loss: 1.1757 - acc: 0.5139
320/865 [==========>...................] - ETA: 5s - loss: 1.1766 - acc: 0.5188
352/865 [===========>..................] - ETA: 4s - loss: 1.1581 - acc: 0.5312
384/865 [============>.................] - ETA: 4s - loss: 1.1753 - acc: 0.5260
416/865 [=============>................] - ETA: 4s - loss: 1.1833 - acc: 0.5144
448/865 [==============>...............] - ETA: 3s - loss: 1.1770 - acc: 0.5179
480/865 [===============>..............] - ETA: 3s - loss: 1.1656 - acc: 0.5271
512/865 [================>.............] - ETA: 3s - loss: 1.1574 - acc: 0.5195
544/865 [=================>............] - ETA: 2s - loss: 1.1590 - acc: 0.5110
576/865 [==================>...........] - ETA: 2s - loss: 1.1581 - acc: 0.5087
608/865 [====================>.........] - ETA: 2s - loss: 1.1705 - acc: 0.5099
640/865 [=====================>........] - ETA: 2s - loss: 1.1845 - acc: 0.5078
672/865 [======================>.......] - ETA: 1s - loss: 1.1801 - acc: 0.5134
704/865 [=======================>......] - ETA: 1s - loss: 1.1960 - acc: 0.5114
736/865 [========================>.....] - ETA: 1s - loss: 1.1970 - acc: 0.5068
768/865 [=========================>....] - ETA: 0s - loss: 1.2030 - acc: 0.5052
800/865 [==========================>...] - ETA: 0s - loss: 1.1919 - acc: 0.5088
832/865 [===========================>..] - ETA: 0s - loss: 1.1897 - acc: 0.5108
864/865 [============================>.] - ETA: 0s - loss: 1.1968 - acc: 0.5093
865/865 [==============================] - 8s 9ms/sample - loss: 1.1973 - acc: 0.5087
