For number of cells in Conv2D=128
For Dropout_1=0.8 Dropout_2=0.2
For number of cells in Dense=128
daisy loaded
dandelion loaded
rose loaded
sunflower loaded
tulip loaded

  32/3458 [..............................] - ETA: 2:15 - loss: 1.6827 - acc: 0.2500
  64/3458 [..............................] - ETA: 2:08 - loss: 3.1262 - acc: 0.3125
  96/3458 [..............................] - ETA: 2:05 - loss: 3.0580 - acc: 0.2812
 128/3458 [>.............................] - ETA: 2:04 - loss: 2.7973 - acc: 0.2578
 160/3458 [>.............................] - ETA: 2:02 - loss: 2.5801 - acc: 0.2812
 192/3458 [>.............................] - ETA: 2:00 - loss: 2.4063 - acc: 0.2865
 224/3458 [>.............................] - ETA: 1:59 - loss: 2.2841 - acc: 0.2679
 256/3458 [=>............................] - ETA: 1:57 - loss: 2.1759 - acc: 0.2578
 288/3458 [=>............................] - ETA: 1:56 - loss: 2.0954 - acc: 0.2674
 320/3458 [=>............................] - ETA: 1:55 - loss: 2.0360 - acc: 0.2594
 352/3458 [==>...........................] - ETA: 1:54 - loss: 1.9872 - acc: 0.2642
 384/3458 [==>...........................] - ETA: 1:52 - loss: 1.9373 - acc: 0.2812
 416/3458 [==>...........................] - ETA: 1:51 - loss: 1.9115 - acc: 0.2812
 448/3458 [==>...........................] - ETA: 1:50 - loss: 1.8865 - acc: 0.2812
 480/3458 [===>..........................] - ETA: 1:49 - loss: 1.8788 - acc: 0.2750
 512/3458 [===>..........................] - ETA: 1:48 - loss: 1.8525 - acc: 0.2773
 544/3458 [===>..........................] - ETA: 1:46 - loss: 1.8339 - acc: 0.2812
 576/3458 [===>..........................] - ETA: 1:45 - loss: 1.8148 - acc: 0.2865
 608/3458 [====>.........................] - ETA: 1:44 - loss: 1.7925 - acc: 0.3026
 640/3458 [====>.........................] - ETA: 1:43 - loss: 1.7686 - acc: 0.3063
 672/3458 [====>.........................] - ETA: 1:41 - loss: 1.7554 - acc: 0.3065
 704/3458 [=====>........................] - ETA: 1:40 - loss: 1.7395 - acc: 0.3153
 736/3458 [=====>........................] - ETA: 1:39 - loss: 1.7324 - acc: 0.3166
 768/3458 [=====>........................] - ETA: 1:38 - loss: 1.7199 - acc: 0.3190
 800/3458 [=====>........................] - ETA: 1:37 - loss: 1.7117 - acc: 0.3212
 832/3458 [======>.......................] - ETA: 1:36 - loss: 1.7069 - acc: 0.3257
 864/3458 [======>.......................] - ETA: 1:34 - loss: 1.6940 - acc: 0.3264
 896/3458 [======>.......................] - ETA: 1:33 - loss: 1.6800 - acc: 0.3281
 928/3458 [=======>......................] - ETA: 1:32 - loss: 1.6687 - acc: 0.3287
 960/3458 [=======>......................] - ETA: 1:31 - loss: 1.6572 - acc: 0.3271
 992/3458 [=======>......................] - ETA: 1:30 - loss: 1.6453 - acc: 0.3337
1024/3458 [=======>......................] - ETA: 1:28 - loss: 1.6366 - acc: 0.3340
1056/3458 [========>.....................] - ETA: 1:27 - loss: 1.6278 - acc: 0.3352
1088/3458 [========>.....................] - ETA: 1:26 - loss: 1.6185 - acc: 0.3392
1120/3458 [========>.....................] - ETA: 1:25 - loss: 1.6089 - acc: 0.3438
1152/3458 [========>.....................] - ETA: 1:24 - loss: 1.5945 - acc: 0.3498
1184/3458 [=========>....................] - ETA: 1:23 - loss: 1.5850 - acc: 0.3514
1216/3458 [=========>....................] - ETA: 1:21 - loss: 1.5708 - acc: 0.3561
1248/3458 [=========>....................] - ETA: 1:20 - loss: 1.5574 - acc: 0.3606
1280/3458 [==========>...................] - ETA: 1:19 - loss: 1.5563 - acc: 0.3594
1312/3458 [==========>...................] - ETA: 1:18 - loss: 1.5538 - acc: 0.3582
1344/3458 [==========>...................] - ETA: 1:17 - loss: 1.5441 - acc: 0.3609
1376/3458 [==========>...................] - ETA: 1:16 - loss: 1.5370 - acc: 0.3656
1408/3458 [===========>..................] - ETA: 1:14 - loss: 1.5306 - acc: 0.3714
1440/3458 [===========>..................] - ETA: 1:13 - loss: 1.5230 - acc: 0.3743
1472/3458 [===========>..................] - ETA: 1:12 - loss: 1.5198 - acc: 0.3730
1504/3458 [============>.................] - ETA: 1:11 - loss: 1.5174 - acc: 0.3730
1536/3458 [============>.................] - ETA: 1:10 - loss: 1.5140 - acc: 0.3743
1568/3458 [============>.................] - ETA: 1:09 - loss: 1.5100 - acc: 0.3737
1600/3458 [============>.................] - ETA: 1:07 - loss: 1.5058 - acc: 0.3738
1632/3458 [=============>................] - ETA: 1:06 - loss: 1.5031 - acc: 0.3756
1664/3458 [=============>................] - ETA: 1:05 - loss: 1.5010 - acc: 0.3774
1696/3458 [=============>................] - ETA: 1:04 - loss: 1.4946 - acc: 0.3815
1728/3458 [=============>................] - ETA: 1:03 - loss: 1.4868 - acc: 0.3837
1760/3458 [==============>...............] - ETA: 1:02 - loss: 1.4841 - acc: 0.3841
1792/3458 [==============>...............] - ETA: 1:00 - loss: 1.4930 - acc: 0.3845
1824/3458 [==============>...............] - ETA: 59s - loss: 1.4878 - acc: 0.3865 
1856/3458 [===============>..............] - ETA: 58s - loss: 1.4840 - acc: 0.3879
1888/3458 [===============>..............] - ETA: 57s - loss: 1.4820 - acc: 0.3882
1920/3458 [===============>..............] - ETA: 56s - loss: 1.4780 - acc: 0.3896
1952/3458 [===============>..............] - ETA: 55s - loss: 1.4738 - acc: 0.3914
1984/3458 [================>.............] - ETA: 53s - loss: 1.4733 - acc: 0.3916
2016/3458 [================>.............] - ETA: 52s - loss: 1.4678 - acc: 0.3934
2048/3458 [================>.............] - ETA: 51s - loss: 1.4650 - acc: 0.3940
2080/3458 [=================>............] - ETA: 50s - loss: 1.4622 - acc: 0.3928
2112/3458 [=================>............] - ETA: 49s - loss: 1.4623 - acc: 0.3920
2144/3458 [=================>............] - ETA: 48s - loss: 1.4579 - acc: 0.3946
2176/3458 [=================>............] - ETA: 46s - loss: 1.4532 - acc: 0.3980
2208/3458 [==================>...........] - ETA: 45s - loss: 1.4481 - acc: 0.4013
2240/3458 [==================>...........] - ETA: 44s - loss: 1.4491 - acc: 0.4018
2272/3458 [==================>...........] - ETA: 43s - loss: 1.4475 - acc: 0.4023
2304/3458 [==================>...........] - ETA: 42s - loss: 1.4420 - acc: 0.4049
2336/3458 [===================>..........] - ETA: 40s - loss: 1.4385 - acc: 0.4058
2368/3458 [===================>..........] - ETA: 39s - loss: 1.4371 - acc: 0.4062
2400/3458 [===================>..........] - ETA: 38s - loss: 1.4340 - acc: 0.4087
2432/3458 [====================>.........] - ETA: 37s - loss: 1.4340 - acc: 0.4071
2464/3458 [====================>.........] - ETA: 36s - loss: 1.4311 - acc: 0.4087
2496/3458 [====================>.........] - ETA: 35s - loss: 1.4352 - acc: 0.4091
2528/3458 [====================>.........] - ETA: 33s - loss: 1.4303 - acc: 0.4118
2560/3458 [=====================>........] - ETA: 32s - loss: 1.4267 - acc: 0.4125
2592/3458 [=====================>........] - ETA: 31s - loss: 1.4245 - acc: 0.4132
2624/3458 [=====================>........] - ETA: 30s - loss: 1.4230 - acc: 0.4143
2656/3458 [======================>.......] - ETA: 29s - loss: 1.4193 - acc: 0.4145
2688/3458 [======================>.......] - ETA: 28s - loss: 1.4180 - acc: 0.4144
2720/3458 [======================>.......] - ETA: 26s - loss: 1.4166 - acc: 0.4151
2752/3458 [======================>.......] - ETA: 25s - loss: 1.4180 - acc: 0.4157
2784/3458 [=======================>......] - ETA: 24s - loss: 1.4168 - acc: 0.4149
2816/3458 [=======================>......] - ETA: 23s - loss: 1.4158 - acc: 0.4137
2848/3458 [=======================>......] - ETA: 22s - loss: 1.4123 - acc: 0.4157
2880/3458 [=======================>......] - ETA: 21s - loss: 1.4093 - acc: 0.4167
2912/3458 [========================>.....] - ETA: 19s - loss: 1.4075 - acc: 0.4172
2944/3458 [========================>.....] - ETA: 18s - loss: 1.4043 - acc: 0.4178
2976/3458 [========================>.....] - ETA: 17s - loss: 1.4009 - acc: 0.4187
3008/3458 [=========================>....] - ETA: 16s - loss: 1.4001 - acc: 0.4182
3040/3458 [=========================>....] - ETA: 15s - loss: 1.4020 - acc: 0.4187
3072/3458 [=========================>....] - ETA: 14s - loss: 1.4004 - acc: 0.4189
3104/3458 [=========================>....] - ETA: 12s - loss: 1.3972 - acc: 0.4201
3136/3458 [==========================>...] - ETA: 11s - loss: 1.3984 - acc: 0.4222
3168/3458 [==========================>...] - ETA: 10s - loss: 1.3992 - acc: 0.4211
3200/3458 [==========================>...] - ETA: 9s - loss: 1.3974 - acc: 0.4209 
3232/3458 [===========================>..] - ETA: 8s - loss: 1.3942 - acc: 0.4220
3264/3458 [===========================>..] - ETA: 7s - loss: 1.3925 - acc: 0.4216
3296/3458 [===========================>..] - ETA: 5s - loss: 1.3909 - acc: 0.4220
3328/3458 [===========================>..] - ETA: 4s - loss: 1.3880 - acc: 0.4240
3360/3458 [============================>.] - ETA: 3s - loss: 1.3859 - acc: 0.4253
3392/3458 [============================>.] - ETA: 2s - loss: 1.3831 - acc: 0.4281
3424/3458 [============================>.] - ETA: 1s - loss: 1.3816 - acc: 0.4299
3456/3458 [============================>.] - ETA: 0s - loss: 1.3791 - acc: 0.4317
3458/3458 [==============================] - 126s 37ms/sample - loss: 1.3788 - acc: 0.4318

 32/865 [>.............................] - ETA: 7s - loss: 1.2770 - acc: 0.5000
 64/865 [=>............................] - ETA: 6s - loss: 1.1971 - acc: 0.5312
 96/865 [==>...........................] - ETA: 6s - loss: 1.2755 - acc: 0.4792
128/865 [===>..........................] - ETA: 5s - loss: 1.2483 - acc: 0.4844
160/865 [====>.........................] - ETA: 5s - loss: 1.2077 - acc: 0.5063
192/865 [=====>........................] - ETA: 5s - loss: 1.2628 - acc: 0.4844
224/865 [======>.......................] - ETA: 5s - loss: 1.2885 - acc: 0.4598
256/865 [=======>......................] - ETA: 4s - loss: 1.2548 - acc: 0.4844
288/865 [========>.....................] - ETA: 4s - loss: 1.2409 - acc: 0.4861
320/865 [==========>...................] - ETA: 4s - loss: 1.2569 - acc: 0.4812
352/865 [===========>..................] - ETA: 4s - loss: 1.2603 - acc: 0.4830
384/865 [============>.................] - ETA: 3s - loss: 1.2367 - acc: 0.4896
416/865 [=============>................] - ETA: 3s - loss: 1.2389 - acc: 0.4880
448/865 [==============>...............] - ETA: 3s - loss: 1.2610 - acc: 0.4821
480/865 [===============>..............] - ETA: 3s - loss: 1.2605 - acc: 0.4812
512/865 [================>.............] - ETA: 2s - loss: 1.2544 - acc: 0.4805
544/865 [=================>............] - ETA: 2s - loss: 1.2396 - acc: 0.4871
576/865 [==================>...........] - ETA: 2s - loss: 1.2378 - acc: 0.4878
608/865 [====================>.........] - ETA: 2s - loss: 1.2281 - acc: 0.4951
640/865 [=====================>........] - ETA: 1s - loss: 1.2215 - acc: 0.4938
672/865 [======================>.......] - ETA: 1s - loss: 1.2100 - acc: 0.5000
704/865 [=======================>......] - ETA: 1s - loss: 1.2040 - acc: 0.5014
736/865 [========================>.....] - ETA: 1s - loss: 1.2038 - acc: 0.5000
768/865 [=========================>....] - ETA: 0s - loss: 1.2066 - acc: 0.4974
800/865 [==========================>...] - ETA: 0s - loss: 1.2116 - acc: 0.4925
832/865 [===========================>..] - ETA: 0s - loss: 1.2028 - acc: 0.4952
864/865 [============================>.] - ETA: 0s - loss: 1.2026 - acc: 0.4942
865/865 [==============================] - 7s 8ms/sample - loss: 1.2036 - acc: 0.4936

  32/3458 [..............................] - ETA: 2:04 - loss: 1.0402 - acc: 0.5625
  64/3458 [..............................] - ETA: 2:05 - loss: 1.0608 - acc: 0.5469
  96/3458 [..............................] - ETA: 2:02 - loss: 1.0860 - acc: 0.5729
 128/3458 [>.............................] - ETA: 2:02 - loss: 1.0958 - acc: 0.5703
 160/3458 [>.............................] - ETA: 2:00 - loss: 1.0856 - acc: 0.5562
 192/3458 [>.............................] - ETA: 1:59 - loss: 1.1203 - acc: 0.5521
 224/3458 [>.............................] - ETA: 1:58 - loss: 1.1240 - acc: 0.5402
 256/3458 [=>............................] - ETA: 1:56 - loss: 1.1409 - acc: 0.5352
 288/3458 [=>............................] - ETA: 1:55 - loss: 1.1635 - acc: 0.5312
 320/3458 [=>............................] - ETA: 1:54 - loss: 1.1668 - acc: 0.5312
 352/3458 [==>...........................] - ETA: 1:53 - loss: 1.1723 - acc: 0.5114
 384/3458 [==>...........................] - ETA: 1:52 - loss: 1.1761 - acc: 0.5026
 416/3458 [==>...........................] - ETA: 1:51 - loss: 1.1658 - acc: 0.5144
 448/3458 [==>...........................] - ETA: 1:49 - loss: 1.1612 - acc: 0.5246
 480/3458 [===>..........................] - ETA: 1:48 - loss: 1.1634 - acc: 0.5312
 512/3458 [===>..........................] - ETA: 1:47 - loss: 1.1562 - acc: 0.5391
 544/3458 [===>..........................] - ETA: 1:46 - loss: 1.1549 - acc: 0.5349
 576/3458 [===>..........................] - ETA: 1:45 - loss: 1.1606 - acc: 0.5330
 608/3458 [====>.........................] - ETA: 1:44 - loss: 1.1588 - acc: 0.5362
 640/3458 [====>.........................] - ETA: 1:43 - loss: 1.1615 - acc: 0.5375
 672/3458 [====>.........................] - ETA: 1:41 - loss: 1.1673 - acc: 0.5327
 704/3458 [=====>........................] - ETA: 1:40 - loss: 1.1598 - acc: 0.5355
 736/3458 [=====>........................] - ETA: 1:39 - loss: 1.1584 - acc: 0.5353
 768/3458 [=====>........................] - ETA: 1:38 - loss: 1.1568 - acc: 0.5326
 800/3458 [=====>........................] - ETA: 1:37 - loss: 1.1556 - acc: 0.5362
 832/3458 [======>.......................] - ETA: 1:35 - loss: 1.1498 - acc: 0.5373
 864/3458 [======>.......................] - ETA: 1:34 - loss: 1.1557 - acc: 0.5347
 896/3458 [======>.......................] - ETA: 1:33 - loss: 1.1569 - acc: 0.5379
 928/3458 [=======>......................] - ETA: 1:32 - loss: 1.1607 - acc: 0.5345
 960/3458 [=======>......................] - ETA: 1:31 - loss: 1.1621 - acc: 0.5344
 992/3458 [=======>......................] - ETA: 1:30 - loss: 1.1544 - acc: 0.5383
1024/3458 [=======>......................] - ETA: 1:29 - loss: 1.1671 - acc: 0.5371
1056/3458 [========>.....................] - ETA: 1:27 - loss: 1.1782 - acc: 0.5369
1088/3458 [========>.....................] - ETA: 1:26 - loss: 1.1748 - acc: 0.5395
1120/3458 [========>.....................] - ETA: 1:25 - loss: 1.1670 - acc: 0.5437
1152/3458 [========>.....................] - ETA: 1:24 - loss: 1.1586 - acc: 0.5486
1184/3458 [=========>....................] - ETA: 1:23 - loss: 1.1559 - acc: 0.5481
1216/3458 [=========>....................] - ETA: 1:22 - loss: 1.1532 - acc: 0.5469
1248/3458 [=========>....................] - ETA: 1:20 - loss: 1.1526 - acc: 0.5481
1280/3458 [==========>...................] - ETA: 1:19 - loss: 1.1567 - acc: 0.5437
1312/3458 [==========>...................] - ETA: 1:18 - loss: 1.1564 - acc: 0.5434
1344/3458 [==========>...................] - ETA: 1:17 - loss: 1.1541 - acc: 0.5454
1376/3458 [==========>...................] - ETA: 1:16 - loss: 1.1590 - acc: 0.5443
1408/3458 [===========>..................] - ETA: 1:15 - loss: 1.1596 - acc: 0.5462
1440/3458 [===========>..................] - ETA: 1:13 - loss: 1.1576 - acc: 0.5472
1472/3458 [===========>..................] - ETA: 1:12 - loss: 1.1544 - acc: 0.5482
1504/3458 [============>.................] - ETA: 1:11 - loss: 1.1506 - acc: 0.5512
1536/3458 [============>.................] - ETA: 1:10 - loss: 1.1529 - acc: 0.5495
1568/3458 [============>.................] - ETA: 1:09 - loss: 1.1504 - acc: 0.5478
1600/3458 [============>.................] - ETA: 1:07 - loss: 1.1453 - acc: 0.5481
1632/3458 [=============>................] - ETA: 1:06 - loss: 1.1422 - acc: 0.5484
1664/3458 [=============>................] - ETA: 1:05 - loss: 1.1356 - acc: 0.5517
1696/3458 [=============>................] - ETA: 1:04 - loss: 1.1339 - acc: 0.5501
1728/3458 [=============>................] - ETA: 1:03 - loss: 1.1347 - acc: 0.5509
1760/3458 [==============>...............] - ETA: 1:02 - loss: 1.1356 - acc: 0.5483
1792/3458 [==============>...............] - ETA: 1:00 - loss: 1.1312 - acc: 0.5497
1824/3458 [==============>...............] - ETA: 59s - loss: 1.1298 - acc: 0.5499 
1856/3458 [===============>..............] - ETA: 58s - loss: 1.1292 - acc: 0.5523
1888/3458 [===============>..............] - ETA: 57s - loss: 1.1250 - acc: 0.5546
1920/3458 [===============>..............] - ETA: 56s - loss: 1.1252 - acc: 0.5547
1952/3458 [===============>..............] - ETA: 55s - loss: 1.1297 - acc: 0.5543
1984/3458 [================>.............] - ETA: 53s - loss: 1.1335 - acc: 0.5524
2016/3458 [================>.............] - ETA: 52s - loss: 1.1327 - acc: 0.5521
2048/3458 [================>.............] - ETA: 51s - loss: 1.1346 - acc: 0.5508
2080/3458 [=================>............] - ETA: 50s - loss: 1.1355 - acc: 0.5510
2112/3458 [=================>............] - ETA: 49s - loss: 1.1395 - acc: 0.5502
2144/3458 [=================>............] - ETA: 48s - loss: 1.1380 - acc: 0.5504
2176/3458 [=================>............] - ETA: 46s - loss: 1.1368 - acc: 0.5510
2208/3458 [==================>...........] - ETA: 45s - loss: 1.1353 - acc: 0.5516
2240/3458 [==================>...........] - ETA: 44s - loss: 1.1336 - acc: 0.5536
2272/3458 [==================>...........] - ETA: 43s - loss: 1.1327 - acc: 0.5528
2304/3458 [==================>...........] - ETA: 42s - loss: 1.1334 - acc: 0.5534
2336/3458 [===================>..........] - ETA: 41s - loss: 1.1332 - acc: 0.5544
2368/3458 [===================>..........] - ETA: 39s - loss: 1.1374 - acc: 0.5549
2400/3458 [===================>..........] - ETA: 38s - loss: 1.1366 - acc: 0.5554
2432/3458 [====================>.........] - ETA: 37s - loss: 1.1327 - acc: 0.5567
2464/3458 [====================>.........] - ETA: 36s - loss: 1.1314 - acc: 0.5576
2496/3458 [====================>.........] - ETA: 35s - loss: 1.1319 - acc: 0.5565
2528/3458 [====================>.........] - ETA: 33s - loss: 1.1295 - acc: 0.5578
2560/3458 [=====================>........] - ETA: 32s - loss: 1.1280 - acc: 0.5578
2592/3458 [=====================>........] - ETA: 31s - loss: 1.1306 - acc: 0.5579
2624/3458 [=====================>........] - ETA: 30s - loss: 1.1329 - acc: 0.5568
2656/3458 [======================>.......] - ETA: 29s - loss: 1.1327 - acc: 0.5572
2688/3458 [======================>.......] - ETA: 28s - loss: 1.1318 - acc: 0.5588
2720/3458 [======================>.......] - ETA: 26s - loss: 1.1313 - acc: 0.5581
2752/3458 [======================>.......] - ETA: 25s - loss: 1.1319 - acc: 0.5574
2784/3458 [=======================>......] - ETA: 24s - loss: 1.1305 - acc: 0.5568
2816/3458 [=======================>......] - ETA: 23s - loss: 1.1317 - acc: 0.5550
2848/3458 [=======================>......] - ETA: 22s - loss: 1.1302 - acc: 0.5565
2880/3458 [=======================>......] - ETA: 21s - loss: 1.1289 - acc: 0.5573
2912/3458 [========================>.....] - ETA: 19s - loss: 1.1289 - acc: 0.5570
2944/3458 [========================>.....] - ETA: 18s - loss: 1.1266 - acc: 0.5581
2976/3458 [========================>.....] - ETA: 17s - loss: 1.1277 - acc: 0.5575
3008/3458 [=========================>....] - ETA: 16s - loss: 1.1251 - acc: 0.5582
3040/3458 [=========================>....] - ETA: 15s - loss: 1.1240 - acc: 0.5572
3072/3458 [=========================>....] - ETA: 14s - loss: 1.1233 - acc: 0.5576
3104/3458 [=========================>....] - ETA: 12s - loss: 1.1236 - acc: 0.5580
3136/3458 [==========================>...] - ETA: 11s - loss: 1.1216 - acc: 0.5587
3168/3458 [==========================>...] - ETA: 10s - loss: 1.1228 - acc: 0.5571
3200/3458 [==========================>...] - ETA: 9s - loss: 1.1205 - acc: 0.5578 
3232/3458 [===========================>..] - ETA: 8s - loss: 1.1170 - acc: 0.5591
3264/3458 [===========================>..] - ETA: 7s - loss: 1.1155 - acc: 0.5597
3296/3458 [===========================>..] - ETA: 5s - loss: 1.1133 - acc: 0.5598
3328/3458 [===========================>..] - ETA: 4s - loss: 1.1125 - acc: 0.5592
3360/3458 [============================>.] - ETA: 3s - loss: 1.1119 - acc: 0.5598
3392/3458 [============================>.] - ETA: 2s - loss: 1.1123 - acc: 0.5593
3424/3458 [============================>.] - ETA: 1s - loss: 1.1158 - acc: 0.5578
3456/3458 [============================>.] - ETA: 0s - loss: 1.1164 - acc: 0.5570
3458/3458 [==============================] - 126s 37ms/sample - loss: 1.1162 - acc: 0.5570

 32/865 [>.............................] - ETA: 6s - loss: 1.0827 - acc: 0.7188
 64/865 [=>............................] - ETA: 6s - loss: 1.0358 - acc: 0.6875
 96/865 [==>...........................] - ETA: 6s - loss: 1.0110 - acc: 0.6979
128/865 [===>..........................] - ETA: 5s - loss: 1.0212 - acc: 0.6406
160/865 [====>.........................] - ETA: 5s - loss: 0.9980 - acc: 0.6438
192/865 [=====>........................] - ETA: 5s - loss: 1.0742 - acc: 0.6250
224/865 [======>.......................] - ETA: 5s - loss: 1.1022 - acc: 0.6071
256/865 [=======>......................] - ETA: 4s - loss: 1.0893 - acc: 0.6094
288/865 [========>.....................] - ETA: 4s - loss: 1.0676 - acc: 0.6146
320/865 [==========>...................] - ETA: 4s - loss: 1.0679 - acc: 0.6094
352/865 [===========>..................] - ETA: 4s - loss: 1.0580 - acc: 0.6108
384/865 [============>.................] - ETA: 3s - loss: 1.0570 - acc: 0.6094
416/865 [=============>................] - ETA: 3s - loss: 1.0726 - acc: 0.5938
448/865 [==============>...............] - ETA: 3s - loss: 1.0700 - acc: 0.5960
480/865 [===============>..............] - ETA: 3s - loss: 1.0799 - acc: 0.5833
512/865 [================>.............] - ETA: 2s - loss: 1.0793 - acc: 0.5781
544/865 [=================>............] - ETA: 2s - loss: 1.0765 - acc: 0.5772
576/865 [==================>...........] - ETA: 2s - loss: 1.0685 - acc: 0.5816
608/865 [====================>.........] - ETA: 2s - loss: 1.0640 - acc: 0.5822
640/865 [=====================>........] - ETA: 1s - loss: 1.0496 - acc: 0.5891
672/865 [======================>.......] - ETA: 1s - loss: 1.0439 - acc: 0.5923
704/865 [=======================>......] - ETA: 1s - loss: 1.0369 - acc: 0.5994
736/865 [========================>.....] - ETA: 1s - loss: 1.0454 - acc: 0.5938
768/865 [=========================>....] - ETA: 0s - loss: 1.0560 - acc: 0.5846
800/865 [==========================>...] - ETA: 0s - loss: 1.0536 - acc: 0.5850
832/865 [===========================>..] - ETA: 0s - loss: 1.0450 - acc: 0.5877
864/865 [============================>.] - ETA: 0s - loss: 1.0449 - acc: 0.5891
865/865 [==============================] - 7s 8ms/sample - loss: 1.0443 - acc: 0.5896

  32/3458 [..............................] - ETA: 2:05 - loss: 1.0654 - acc: 0.5312
  64/3458 [..............................] - ETA: 2:05 - loss: 0.9473 - acc: 0.6250
  96/3458 [..............................] - ETA: 2:03 - loss: 0.9281 - acc: 0.6458
 128/3458 [>.............................] - ETA: 2:01 - loss: 0.9044 - acc: 0.6562
 160/3458 [>.............................] - ETA: 2:00 - loss: 0.8876 - acc: 0.6687
 192/3458 [>.............................] - ETA: 1:59 - loss: 0.8550 - acc: 0.6615
 224/3458 [>.............................] - ETA: 1:57 - loss: 0.8712 - acc: 0.6607
 256/3458 [=>............................] - ETA: 1:57 - loss: 0.8700 - acc: 0.6602
 288/3458 [=>............................] - ETA: 1:55 - loss: 0.9077 - acc: 0.6528
 320/3458 [=>............................] - ETA: 1:54 - loss: 0.9238 - acc: 0.6406
 352/3458 [==>...........................] - ETA: 1:53 - loss: 0.9235 - acc: 0.6449
 384/3458 [==>...........................] - ETA: 1:52 - loss: 0.9204 - acc: 0.6458
 416/3458 [==>...........................] - ETA: 1:51 - loss: 0.9336 - acc: 0.6466
 448/3458 [==>...........................] - ETA: 1:50 - loss: 0.9226 - acc: 0.6496
 480/3458 [===>..........................] - ETA: 1:48 - loss: 0.9203 - acc: 0.6500
 512/3458 [===>..........................] - ETA: 1:47 - loss: 0.9247 - acc: 0.6523
 544/3458 [===>..........................] - ETA: 1:46 - loss: 0.9290 - acc: 0.6544
 576/3458 [===>..........................] - ETA: 1:45 - loss: 0.9327 - acc: 0.6493
 608/3458 [====>.........................] - ETA: 1:44 - loss: 0.9278 - acc: 0.6480
 640/3458 [====>.........................] - ETA: 1:43 - loss: 0.9129 - acc: 0.6516
 672/3458 [====>.........................] - ETA: 1:42 - loss: 0.9114 - acc: 0.6562
 704/3458 [=====>........................] - ETA: 1:40 - loss: 0.9064 - acc: 0.6605
 736/3458 [=====>........................] - ETA: 1:39 - loss: 0.9094 - acc: 0.6562
 768/3458 [=====>........................] - ETA: 1:38 - loss: 0.9197 - acc: 0.6484
 800/3458 [=====>........................] - ETA: 1:37 - loss: 0.9131 - acc: 0.6538
 832/3458 [======>.......................] - ETA: 1:36 - loss: 0.9312 - acc: 0.6490
 864/3458 [======>.......................] - ETA: 1:35 - loss: 0.9308 - acc: 0.6505
 896/3458 [======>.......................] - ETA: 1:33 - loss: 0.9440 - acc: 0.6440
 928/3458 [=======>......................] - ETA: 1:32 - loss: 0.9499 - acc: 0.6433
 960/3458 [=======>......................] - ETA: 1:31 - loss: 0.9536 - acc: 0.6438
 992/3458 [=======>......................] - ETA: 1:30 - loss: 0.9472 - acc: 0.6472
1024/3458 [=======>......................] - ETA: 1:29 - loss: 0.9481 - acc: 0.6445
1056/3458 [========>.....................] - ETA: 1:28 - loss: 0.9516 - acc: 0.6430
1088/3458 [========>.....................] - ETA: 1:26 - loss: 0.9502 - acc: 0.6425
1120/3458 [========>.....................] - ETA: 1:25 - loss: 0.9459 - acc: 0.6429
1152/3458 [========>.....................] - ETA: 1:24 - loss: 0.9510 - acc: 0.6380
1184/3458 [=========>....................] - ETA: 1:23 - loss: 0.9511 - acc: 0.6394
1216/3458 [=========>....................] - ETA: 1:22 - loss: 0.9528 - acc: 0.6390
1248/3458 [=========>....................] - ETA: 1:20 - loss: 0.9520 - acc: 0.6402
1280/3458 [==========>...................] - ETA: 1:19 - loss: 0.9469 - acc: 0.6430
1312/3458 [==========>...................] - ETA: 1:18 - loss: 0.9426 - acc: 0.6441
1344/3458 [==========>...................] - ETA: 1:17 - loss: 0.9379 - acc: 0.6488
1376/3458 [==========>...................] - ETA: 1:16 - loss: 0.9390 - acc: 0.6475
1408/3458 [===========>..................] - ETA: 1:15 - loss: 0.9433 - acc: 0.6435
1440/3458 [===========>..................] - ETA: 1:13 - loss: 0.9417 - acc: 0.6444
1472/3458 [===========>..................] - ETA: 1:12 - loss: 0.9442 - acc: 0.6440
1504/3458 [============>.................] - ETA: 1:11 - loss: 0.9411 - acc: 0.6430
1536/3458 [============>.................] - ETA: 1:10 - loss: 0.9404 - acc: 0.6432
1568/3458 [============>.................] - ETA: 1:09 - loss: 0.9393 - acc: 0.6416
1600/3458 [============>.................] - ETA: 1:08 - loss: 0.9375 - acc: 0.6425
1632/3458 [=============>................] - ETA: 1:06 - loss: 0.9341 - acc: 0.6446
1664/3458 [=============>................] - ETA: 1:05 - loss: 0.9334 - acc: 0.6448
1696/3458 [=============>................] - ETA: 1:04 - loss: 0.9316 - acc: 0.6462
1728/3458 [=============>................] - ETA: 1:03 - loss: 0.9336 - acc: 0.6447
1760/3458 [==============>...............] - ETA: 1:02 - loss: 0.9355 - acc: 0.6432
1792/3458 [==============>...............] - ETA: 1:00 - loss: 0.9372 - acc: 0.6423
1824/3458 [==============>...............] - ETA: 59s - loss: 0.9402 - acc: 0.6414 
1856/3458 [===============>..............] - ETA: 58s - loss: 0.9416 - acc: 0.6406
1888/3458 [===============>..............] - ETA: 57s - loss: 0.9415 - acc: 0.6425
1920/3458 [===============>..............] - ETA: 56s - loss: 0.9466 - acc: 0.6391
1952/3458 [===============>..............] - ETA: 55s - loss: 0.9501 - acc: 0.6378
1984/3458 [================>.............] - ETA: 53s - loss: 0.9524 - acc: 0.6346
2016/3458 [================>.............] - ETA: 52s - loss: 0.9522 - acc: 0.6339
2048/3458 [================>.............] - ETA: 51s - loss: 0.9501 - acc: 0.6353
2080/3458 [=================>............] - ETA: 50s - loss: 0.9519 - acc: 0.6361
2112/3458 [=================>............] - ETA: 49s - loss: 0.9479 - acc: 0.6364
2144/3458 [=================>............] - ETA: 48s - loss: 0.9456 - acc: 0.6376
2176/3458 [=================>............] - ETA: 46s - loss: 0.9474 - acc: 0.6374
2208/3458 [==================>...........] - ETA: 45s - loss: 0.9452 - acc: 0.6381
2240/3458 [==================>...........] - ETA: 44s - loss: 0.9453 - acc: 0.6384
2272/3458 [==================>...........] - ETA: 43s - loss: 0.9451 - acc: 0.6378
2304/3458 [==================>...........] - ETA: 42s - loss: 0.9428 - acc: 0.6389
2336/3458 [===================>..........] - ETA: 41s - loss: 0.9420 - acc: 0.6391
2368/3458 [===================>..........] - ETA: 39s - loss: 0.9401 - acc: 0.6389
2400/3458 [===================>..........] - ETA: 38s - loss: 0.9392 - acc: 0.6400
2432/3458 [====================>.........] - ETA: 37s - loss: 0.9364 - acc: 0.6414
2464/3458 [====================>.........] - ETA: 36s - loss: 0.9336 - acc: 0.6429
2496/3458 [====================>.........] - ETA: 35s - loss: 0.9295 - acc: 0.6446
2528/3458 [====================>.........] - ETA: 34s - loss: 0.9288 - acc: 0.6456
2560/3458 [=====================>........] - ETA: 32s - loss: 0.9280 - acc: 0.6457
2592/3458 [=====================>........] - ETA: 31s - loss: 0.9288 - acc: 0.6454
2624/3458 [=====================>........] - ETA: 30s - loss: 0.9272 - acc: 0.6456
2656/3458 [======================>.......] - ETA: 29s - loss: 0.9246 - acc: 0.6468
2688/3458 [======================>.......] - ETA: 28s - loss: 0.9341 - acc: 0.6458
2720/3458 [======================>.......] - ETA: 27s - loss: 0.9361 - acc: 0.6452
2752/3458 [======================>.......] - ETA: 25s - loss: 0.9358 - acc: 0.6457
2784/3458 [=======================>......] - ETA: 24s - loss: 0.9393 - acc: 0.6444
2816/3458 [=======================>......] - ETA: 23s - loss: 0.9393 - acc: 0.6445
2848/3458 [=======================>......] - ETA: 22s - loss: 0.9359 - acc: 0.6468
2880/3458 [=======================>......] - ETA: 21s - loss: 0.9349 - acc: 0.6469
2912/3458 [========================>.....] - ETA: 19s - loss: 0.9351 - acc: 0.6463
2944/3458 [========================>.....] - ETA: 18s - loss: 0.9342 - acc: 0.6457
2976/3458 [========================>.....] - ETA: 17s - loss: 0.9317 - acc: 0.6472
3008/3458 [=========================>....] - ETA: 16s - loss: 0.9331 - acc: 0.6469
3040/3458 [=========================>....] - ETA: 15s - loss: 0.9348 - acc: 0.6467
3072/3458 [=========================>....] - ETA: 14s - loss: 0.9359 - acc: 0.6462
3104/3458 [=========================>....] - ETA: 12s - loss: 0.9348 - acc: 0.6459
3136/3458 [==========================>...] - ETA: 11s - loss: 0.9339 - acc: 0.6470
3168/3458 [==========================>...] - ETA: 10s - loss: 0.9367 - acc: 0.6471
3200/3458 [==========================>...] - ETA: 9s - loss: 0.9381 - acc: 0.6459 
3232/3458 [===========================>..] - ETA: 8s - loss: 0.9373 - acc: 0.6463
3264/3458 [===========================>..] - ETA: 7s - loss: 0.9374 - acc: 0.6461
3296/3458 [===========================>..] - ETA: 5s - loss: 0.9393 - acc: 0.6447
3328/3458 [===========================>..] - ETA: 4s - loss: 0.9402 - acc: 0.6442
3360/3458 [============================>.] - ETA: 3s - loss: 0.9400 - acc: 0.6446
3392/3458 [============================>.] - ETA: 2s - loss: 0.9412 - acc: 0.6442
3424/3458 [============================>.] - ETA: 1s - loss: 0.9420 - acc: 0.6431
3456/3458 [============================>.] - ETA: 0s - loss: 0.9436 - acc: 0.6432
3458/3458 [==============================] - 127s 37ms/sample - loss: 0.9435 - acc: 0.6431

 32/865 [>.............................] - ETA: 6s - loss: 1.2263 - acc: 0.5000
 64/865 [=>............................] - ETA: 6s - loss: 1.0907 - acc: 0.5938
 96/865 [==>...........................] - ETA: 6s - loss: 1.1175 - acc: 0.6146
128/865 [===>..........................] - ETA: 5s - loss: 1.1256 - acc: 0.5859
160/865 [====>.........................] - ETA: 5s - loss: 1.0826 - acc: 0.6062
192/865 [=====>........................] - ETA: 5s - loss: 1.1255 - acc: 0.6042
224/865 [======>.......................] - ETA: 5s - loss: 1.1475 - acc: 0.5848
256/865 [=======>......................] - ETA: 4s - loss: 1.1376 - acc: 0.5977
288/865 [========>.....................] - ETA: 4s - loss: 1.1104 - acc: 0.6007
320/865 [==========>...................] - ETA: 4s - loss: 1.1176 - acc: 0.6031
352/865 [===========>..................] - ETA: 4s - loss: 1.1124 - acc: 0.6023
384/865 [============>.................] - ETA: 3s - loss: 1.0970 - acc: 0.6146
416/865 [=============>................] - ETA: 3s - loss: 1.1241 - acc: 0.6058
448/865 [==============>...............] - ETA: 3s - loss: 1.1257 - acc: 0.6027
480/865 [===============>..............] - ETA: 3s - loss: 1.1377 - acc: 0.5958
512/865 [================>.............] - ETA: 2s - loss: 1.1317 - acc: 0.5957
544/865 [=================>............] - ETA: 2s - loss: 1.1302 - acc: 0.5938
576/865 [==================>...........] - ETA: 2s - loss: 1.1330 - acc: 0.5955
608/865 [====================>.........] - ETA: 2s - loss: 1.1221 - acc: 0.6003
640/865 [=====================>........] - ETA: 1s - loss: 1.1153 - acc: 0.5984
672/865 [======================>.......] - ETA: 1s - loss: 1.1084 - acc: 0.5982
704/865 [=======================>......] - ETA: 1s - loss: 1.0991 - acc: 0.6009
736/865 [========================>.....] - ETA: 1s - loss: 1.1057 - acc: 0.5992
768/865 [=========================>....] - ETA: 0s - loss: 1.1085 - acc: 0.5964
800/865 [==========================>...] - ETA: 0s - loss: 1.1026 - acc: 0.5987
832/865 [===========================>..] - ETA: 0s - loss: 1.0959 - acc: 0.5998
864/865 [============================>.] - ETA: 0s - loss: 1.0955 - acc: 0.5995
865/865 [==============================] - 7s 8ms/sample - loss: 1.0956 - acc: 0.5988

  32/3458 [..............................] - ETA: 2:04 - loss: 1.0030 - acc: 0.5938
  64/3458 [..............................] - ETA: 2:04 - loss: 1.0903 - acc: 0.6094
  96/3458 [..............................] - ETA: 2:02 - loss: 1.0015 - acc: 0.6667
 128/3458 [>.............................] - ETA: 2:01 - loss: 0.9354 - acc: 0.6797
 160/3458 [>.............................] - ETA: 2:00 - loss: 0.9566 - acc: 0.6562
 192/3458 [>.............................] - ETA: 1:59 - loss: 0.8866 - acc: 0.6875
 224/3458 [>.............................] - ETA: 1:58 - loss: 0.8721 - acc: 0.7009
 256/3458 [=>............................] - ETA: 1:57 - loss: 0.8664 - acc: 0.7227
 288/3458 [=>............................] - ETA: 1:55 - loss: 0.8427 - acc: 0.7222
 320/3458 [=>............................] - ETA: 1:54 - loss: 0.8389 - acc: 0.7219
 352/3458 [==>...........................] - ETA: 1:53 - loss: 0.8347 - acc: 0.7074
 384/3458 [==>...........................] - ETA: 1:52 - loss: 0.8436 - acc: 0.6979
 416/3458 [==>...........................] - ETA: 1:51 - loss: 0.8470 - acc: 0.6899
 448/3458 [==>...........................] - ETA: 1:49 - loss: 0.8216 - acc: 0.7009
 480/3458 [===>..........................] - ETA: 1:48 - loss: 0.8254 - acc: 0.7021
 512/3458 [===>..........................] - ETA: 1:47 - loss: 0.8402 - acc: 0.6953
 544/3458 [===>..........................] - ETA: 1:46 - loss: 0.8352 - acc: 0.6949
 576/3458 [===>..........................] - ETA: 1:45 - loss: 0.8264 - acc: 0.6962
 608/3458 [====>.........................] - ETA: 1:44 - loss: 0.8282 - acc: 0.6924
 640/3458 [====>.........................] - ETA: 1:43 - loss: 0.8311 - acc: 0.6906
 672/3458 [====>.........................] - ETA: 1:41 - loss: 0.8421 - acc: 0.6860
 704/3458 [=====>........................] - ETA: 1:40 - loss: 0.8395 - acc: 0.6847
 736/3458 [=====>........................] - ETA: 1:39 - loss: 0.8392 - acc: 0.6834
 768/3458 [=====>........................] - ETA: 1:38 - loss: 0.8401 - acc: 0.6849
 800/3458 [=====>........................] - ETA: 1:37 - loss: 0.8386 - acc: 0.6825
 832/3458 [======>.......................] - ETA: 1:36 - loss: 0.8334 - acc: 0.6851
 864/3458 [======>.......................] - ETA: 1:34 - loss: 0.8298 - acc: 0.6875
 896/3458 [======>.......................] - ETA: 1:33 - loss: 0.8276 - acc: 0.6875
 928/3458 [=======>......................] - ETA: 1:32 - loss: 0.8207 - acc: 0.6897
 960/3458 [=======>......................] - ETA: 1:31 - loss: 0.8205 - acc: 0.6917
 992/3458 [=======>......................] - ETA: 1:30 - loss: 0.8296 - acc: 0.6885
1024/3458 [=======>......................] - ETA: 1:29 - loss: 0.8354 - acc: 0.6855
1056/3458 [========>.....................] - ETA: 1:27 - loss: 0.8329 - acc: 0.6875
1088/3458 [========>.....................] - ETA: 1:26 - loss: 0.8339 - acc: 0.6838
1120/3458 [========>.....................] - ETA: 1:25 - loss: 0.8304 - acc: 0.6848
1152/3458 [========>.....................] - ETA: 1:24 - loss: 0.8296 - acc: 0.6849
1184/3458 [=========>....................] - ETA: 1:23 - loss: 0.8275 - acc: 0.6867
1216/3458 [=========>....................] - ETA: 1:21 - loss: 0.8273 - acc: 0.6850
1248/3458 [=========>....................] - ETA: 1:20 - loss: 0.8245 - acc: 0.6843
1280/3458 [==========>...................] - ETA: 1:19 - loss: 0.8261 - acc: 0.6836
1312/3458 [==========>...................] - ETA: 1:18 - loss: 0.8228 - acc: 0.6852
1344/3458 [==========>...................] - ETA: 1:17 - loss: 0.8253 - acc: 0.6875
1376/3458 [==========>...................] - ETA: 1:16 - loss: 0.8261 - acc: 0.6897
1408/3458 [===========>..................] - ETA: 1:14 - loss: 0.8219 - acc: 0.6911
1440/3458 [===========>..................] - ETA: 1:13 - loss: 0.8211 - acc: 0.6882
1472/3458 [===========>..................] - ETA: 1:12 - loss: 0.8161 - acc: 0.6909
1504/3458 [============>.................] - ETA: 1:11 - loss: 0.8110 - acc: 0.6928
1536/3458 [============>.................] - ETA: 1:10 - loss: 0.8107 - acc: 0.6940
1568/3458 [============>.................] - ETA: 1:09 - loss: 0.8117 - acc: 0.6932
1600/3458 [============>.................] - ETA: 1:07 - loss: 0.8142 - acc: 0.6919
1632/3458 [=============>................] - ETA: 1:06 - loss: 0.8135 - acc: 0.6924
1664/3458 [=============>................] - ETA: 1:05 - loss: 0.8081 - acc: 0.6953
1696/3458 [=============>................] - ETA: 1:04 - loss: 0.8064 - acc: 0.6940
1728/3458 [=============>................] - ETA: 1:03 - loss: 0.8046 - acc: 0.6939
1760/3458 [==============>...............] - ETA: 1:02 - loss: 0.8013 - acc: 0.6960
1792/3458 [==============>...............] - ETA: 1:00 - loss: 0.8019 - acc: 0.6970
1824/3458 [==============>...............] - ETA: 59s - loss: 0.7977 - acc: 0.6985 
1856/3458 [===============>..............] - ETA: 58s - loss: 0.7936 - acc: 0.7010
1888/3458 [===============>..............] - ETA: 57s - loss: 0.7901 - acc: 0.7029
1920/3458 [===============>..............] - ETA: 56s - loss: 0.7916 - acc: 0.7026
1952/3458 [===============>..............] - ETA: 55s - loss: 0.7870 - acc: 0.7039
1984/3458 [================>.............] - ETA: 53s - loss: 0.7902 - acc: 0.7021
2016/3458 [================>.............] - ETA: 52s - loss: 0.7900 - acc: 0.7019
2048/3458 [================>.............] - ETA: 51s - loss: 0.7883 - acc: 0.7021
2080/3458 [=================>............] - ETA: 50s - loss: 0.7882 - acc: 0.7014
2112/3458 [=================>............] - ETA: 49s - loss: 0.7874 - acc: 0.7017
2144/3458 [=================>............] - ETA: 48s - loss: 0.7858 - acc: 0.7024
2176/3458 [=================>............] - ETA: 46s - loss: 0.7864 - acc: 0.7013
2208/3458 [==================>...........] - ETA: 45s - loss: 0.7847 - acc: 0.7020
2240/3458 [==================>...........] - ETA: 44s - loss: 0.7842 - acc: 0.7009
2272/3458 [==================>...........] - ETA: 43s - loss: 0.7820 - acc: 0.7016
2304/3458 [==================>...........] - ETA: 42s - loss: 0.7824 - acc: 0.7018
2336/3458 [===================>..........] - ETA: 41s - loss: 0.7811 - acc: 0.7033
2368/3458 [===================>..........] - ETA: 39s - loss: 0.7782 - acc: 0.7044
2400/3458 [===================>..........] - ETA: 38s - loss: 0.7778 - acc: 0.7042
2432/3458 [====================>.........] - ETA: 37s - loss: 0.7780 - acc: 0.7039
2464/3458 [====================>.........] - ETA: 36s - loss: 0.7783 - acc: 0.7029
2496/3458 [====================>.........] - ETA: 35s - loss: 0.7816 - acc: 0.7019
2528/3458 [====================>.........] - ETA: 34s - loss: 0.7805 - acc: 0.7029
2560/3458 [=====================>........] - ETA: 32s - loss: 0.7788 - acc: 0.7035
2592/3458 [=====================>........] - ETA: 31s - loss: 0.7791 - acc: 0.7033
2624/3458 [=====================>........] - ETA: 30s - loss: 0.7820 - acc: 0.7012
2656/3458 [======================>.......] - ETA: 29s - loss: 0.7812 - acc: 0.7022
2688/3458 [======================>.......] - ETA: 28s - loss: 0.7819 - acc: 0.7024
2720/3458 [======================>.......] - ETA: 26s - loss: 0.7797 - acc: 0.7022
2752/3458 [======================>.......] - ETA: 25s - loss: 0.7783 - acc: 0.7031
2784/3458 [=======================>......] - ETA: 24s - loss: 0.7791 - acc: 0.7033
2816/3458 [=======================>......] - ETA: 23s - loss: 0.7811 - acc: 0.7024
2848/3458 [=======================>......] - ETA: 22s - loss: 0.7815 - acc: 0.7026
2880/3458 [=======================>......] - ETA: 21s - loss: 0.7794 - acc: 0.7035
2912/3458 [========================>.....] - ETA: 19s - loss: 0.7807 - acc: 0.7030
2944/3458 [========================>.....] - ETA: 18s - loss: 0.7802 - acc: 0.7031
2976/3458 [========================>.....] - ETA: 17s - loss: 0.7814 - acc: 0.7033
3008/3458 [=========================>....] - ETA: 16s - loss: 0.7823 - acc: 0.7025
3040/3458 [=========================>....] - ETA: 15s - loss: 0.7806 - acc: 0.7026
3072/3458 [=========================>....] - ETA: 14s - loss: 0.7791 - acc: 0.7031
3104/3458 [=========================>....] - ETA: 12s - loss: 0.7805 - acc: 0.7017
3136/3458 [==========================>...] - ETA: 11s - loss: 0.7841 - acc: 0.6999
3168/3458 [==========================>...] - ETA: 10s - loss: 0.7857 - acc: 0.6989
3200/3458 [==========================>...] - ETA: 9s - loss: 0.7880 - acc: 0.6994 
3232/3458 [===========================>..] - ETA: 8s - loss: 0.7902 - acc: 0.6989
3264/3458 [===========================>..] - ETA: 7s - loss: 0.7907 - acc: 0.6991
3296/3458 [===========================>..] - ETA: 5s - loss: 0.7910 - acc: 0.6987
3328/3458 [===========================>..] - ETA: 4s - loss: 0.7896 - acc: 0.6989
3360/3458 [============================>.] - ETA: 3s - loss: 0.7897 - acc: 0.6991
3392/3458 [============================>.] - ETA: 2s - loss: 0.7899 - acc: 0.6990
3424/3458 [============================>.] - ETA: 1s - loss: 0.7896 - acc: 0.6992
3456/3458 [============================>.] - ETA: 0s - loss: 0.7924 - acc: 0.6976
3458/3458 [==============================] - 127s 37ms/sample - loss: 0.7930 - acc: 0.6972

 32/865 [>.............................] - ETA: 6s - loss: 1.1833 - acc: 0.5938
 64/865 [=>............................] - ETA: 6s - loss: 1.0450 - acc: 0.6250
 96/865 [==>...........................] - ETA: 6s - loss: 1.1163 - acc: 0.6250
128/865 [===>..........................] - ETA: 5s - loss: 1.1577 - acc: 0.6172
160/865 [====>.........................] - ETA: 5s - loss: 1.0855 - acc: 0.6187
192/865 [=====>........................] - ETA: 5s - loss: 1.1106 - acc: 0.6302
224/865 [======>.......................] - ETA: 5s - loss: 1.1295 - acc: 0.5982
256/865 [=======>......................] - ETA: 4s - loss: 1.1038 - acc: 0.5938
288/865 [========>.....................] - ETA: 4s - loss: 1.0873 - acc: 0.5833
320/865 [==========>...................] - ETA: 4s - loss: 1.0986 - acc: 0.5781
352/865 [===========>..................] - ETA: 4s - loss: 1.0958 - acc: 0.5739
384/865 [============>.................] - ETA: 3s - loss: 1.0748 - acc: 0.5833
416/865 [=============>................] - ETA: 3s - loss: 1.1017 - acc: 0.5769
448/865 [==============>...............] - ETA: 3s - loss: 1.1051 - acc: 0.5692
480/865 [===============>..............] - ETA: 3s - loss: 1.1030 - acc: 0.5646
512/865 [================>.............] - ETA: 2s - loss: 1.0963 - acc: 0.5664
544/865 [=================>............] - ETA: 2s - loss: 1.0905 - acc: 0.5662
576/865 [==================>...........] - ETA: 2s - loss: 1.0813 - acc: 0.5677
608/865 [====================>.........] - ETA: 2s - loss: 1.0693 - acc: 0.5757
640/865 [=====================>........] - ETA: 1s - loss: 1.0577 - acc: 0.5813
672/865 [======================>.......] - ETA: 1s - loss: 1.0501 - acc: 0.5863
704/865 [=======================>......] - ETA: 1s - loss: 1.0414 - acc: 0.5895
736/865 [========================>.....] - ETA: 1s - loss: 1.0466 - acc: 0.5829
768/865 [=========================>....] - ETA: 0s - loss: 1.0460 - acc: 0.5859
800/865 [==========================>...] - ETA: 0s - loss: 1.0495 - acc: 0.5813
832/865 [===========================>..] - ETA: 0s - loss: 1.0408 - acc: 0.5829
864/865 [============================>.] - ETA: 0s - loss: 1.0387 - acc: 0.5845
865/865 [==============================] - 7s 8ms/sample - loss: 1.0379 - acc: 0.5850

  32/3458 [..............................] - ETA: 2:03 - loss: 0.6320 - acc: 0.7812
  64/3458 [..............................] - ETA: 2:02 - loss: 0.8234 - acc: 0.7031
  96/3458 [..............................] - ETA: 2:01 - loss: 0.7264 - acc: 0.7500
 128/3458 [>.............................] - ETA: 2:01 - loss: 0.9074 - acc: 0.6797
 160/3458 [>.............................] - ETA: 2:00 - loss: 0.8362 - acc: 0.7063
 192/3458 [>.............................] - ETA: 1:59 - loss: 0.8206 - acc: 0.7083
 224/3458 [>.............................] - ETA: 1:58 - loss: 0.7991 - acc: 0.7232
 256/3458 [=>............................] - ETA: 1:56 - loss: 0.7703 - acc: 0.7266
 288/3458 [=>............................] - ETA: 1:55 - loss: 0.7664 - acc: 0.7292
 320/3458 [=>............................] - ETA: 1:54 - loss: 0.7848 - acc: 0.7219
 352/3458 [==>...........................] - ETA: 1:53 - loss: 0.7576 - acc: 0.7386
 384/3458 [==>...........................] - ETA: 1:51 - loss: 0.7265 - acc: 0.7526
 416/3458 [==>...........................] - ETA: 1:50 - loss: 0.7145 - acc: 0.7524
 448/3458 [==>...........................] - ETA: 1:49 - loss: 0.7214 - acc: 0.7478
 480/3458 [===>..........................] - ETA: 1:48 - loss: 0.7171 - acc: 0.7458
 512/3458 [===>..........................] - ETA: 1:47 - loss: 0.7195 - acc: 0.7402
 544/3458 [===>..........................] - ETA: 1:45 - loss: 0.7161 - acc: 0.7371
 576/3458 [===>..........................] - ETA: 1:44 - loss: 0.7033 - acc: 0.7413
 608/3458 [====>.........................] - ETA: 1:43 - loss: 0.7110 - acc: 0.7352
 640/3458 [====>.........................] - ETA: 1:42 - loss: 0.7164 - acc: 0.7359
 672/3458 [====>.........................] - ETA: 1:41 - loss: 0.7182 - acc: 0.7366
 704/3458 [=====>........................] - ETA: 1:40 - loss: 0.7119 - acc: 0.7429
 736/3458 [=====>........................] - ETA: 1:39 - loss: 0.7000 - acc: 0.7486
 768/3458 [=====>........................] - ETA: 1:38 - loss: 0.7034 - acc: 0.7448
 800/3458 [=====>........................] - ETA: 1:36 - loss: 0.7078 - acc: 0.7425
 832/3458 [======>.......................] - ETA: 1:35 - loss: 0.7019 - acc: 0.7464
 864/3458 [======>.......................] - ETA: 1:34 - loss: 0.6991 - acc: 0.7477
 896/3458 [======>.......................] - ETA: 1:33 - loss: 0.6954 - acc: 0.7489
 928/3458 [=======>......................] - ETA: 1:32 - loss: 0.6901 - acc: 0.7532
 960/3458 [=======>......................] - ETA: 1:31 - loss: 0.6886 - acc: 0.7552
 992/3458 [=======>......................] - ETA: 1:29 - loss: 0.6862 - acc: 0.7560
1024/3458 [=======>......................] - ETA: 1:28 - loss: 0.6850 - acc: 0.7559
1056/3458 [========>.....................] - ETA: 1:27 - loss: 0.6788 - acc: 0.7576
1088/3458 [========>.....................] - ETA: 1:26 - loss: 0.6746 - acc: 0.7574
1120/3458 [========>.....................] - ETA: 1:25 - loss: 0.6811 - acc: 0.7563
1152/3458 [========>.....................] - ETA: 1:24 - loss: 0.6727 - acc: 0.7595
1184/3458 [=========>....................] - ETA: 1:22 - loss: 0.6682 - acc: 0.7618
1216/3458 [=========>....................] - ETA: 1:21 - loss: 0.6765 - acc: 0.7590
1248/3458 [=========>....................] - ETA: 1:20 - loss: 0.6756 - acc: 0.7612
1280/3458 [==========>...................] - ETA: 1:19 - loss: 0.6851 - acc: 0.7563
1312/3458 [==========>...................] - ETA: 1:18 - loss: 0.6882 - acc: 0.7561
1344/3458 [==========>...................] - ETA: 1:17 - loss: 0.6885 - acc: 0.7560
1376/3458 [==========>...................] - ETA: 1:15 - loss: 0.6882 - acc: 0.7551
1408/3458 [===========>..................] - ETA: 1:14 - loss: 0.6883 - acc: 0.7550
1440/3458 [===========>..................] - ETA: 1:13 - loss: 0.6873 - acc: 0.7535
1472/3458 [===========>..................] - ETA: 1:12 - loss: 0.6841 - acc: 0.7554
1504/3458 [============>.................] - ETA: 1:11 - loss: 0.6780 - acc: 0.7586
1536/3458 [============>.................] - ETA: 1:10 - loss: 0.6785 - acc: 0.7591
1568/3458 [============>.................] - ETA: 1:08 - loss: 0.6827 - acc: 0.7577
1600/3458 [============>.................] - ETA: 1:07 - loss: 0.6829 - acc: 0.7569
1632/3458 [=============>................] - ETA: 1:06 - loss: 0.6828 - acc: 0.7574
1664/3458 [=============>................] - ETA: 1:05 - loss: 0.6894 - acc: 0.7566
1696/3458 [=============>................] - ETA: 1:04 - loss: 0.6888 - acc: 0.7565
1728/3458 [=============>................] - ETA: 1:03 - loss: 0.6913 - acc: 0.7535
1760/3458 [==============>...............] - ETA: 1:02 - loss: 0.6937 - acc: 0.7523
1792/3458 [==============>...............] - ETA: 1:00 - loss: 0.6990 - acc: 0.7494
1824/3458 [==============>...............] - ETA: 59s - loss: 0.7005 - acc: 0.7484 
1856/3458 [===============>..............] - ETA: 58s - loss: 0.6992 - acc: 0.7484
1888/3458 [===============>..............] - ETA: 57s - loss: 0.6984 - acc: 0.7489
1920/3458 [===============>..............] - ETA: 56s - loss: 0.6975 - acc: 0.7490
1952/3458 [===============>..............] - ETA: 55s - loss: 0.6957 - acc: 0.7500
1984/3458 [================>.............] - ETA: 53s - loss: 0.7025 - acc: 0.7490
2016/3458 [================>.............] - ETA: 52s - loss: 0.7002 - acc: 0.7500
2048/3458 [================>.............] - ETA: 51s - loss: 0.6982 - acc: 0.7505
2080/3458 [=================>............] - ETA: 50s - loss: 0.6958 - acc: 0.7514
2112/3458 [=================>............] - ETA: 49s - loss: 0.6954 - acc: 0.7519
2144/3458 [=================>............] - ETA: 48s - loss: 0.6943 - acc: 0.7519
2176/3458 [=================>............] - ETA: 46s - loss: 0.6907 - acc: 0.7537
2208/3458 [==================>...........] - ETA: 45s - loss: 0.6924 - acc: 0.7527
2240/3458 [==================>...........] - ETA: 44s - loss: 0.6950 - acc: 0.7513
2272/3458 [==================>...........] - ETA: 43s - loss: 0.6961 - acc: 0.7513
2304/3458 [==================>...........] - ETA: 42s - loss: 0.6952 - acc: 0.7504
2336/3458 [===================>..........] - ETA: 41s - loss: 0.6936 - acc: 0.7500
2368/3458 [===================>..........] - ETA: 39s - loss: 0.6914 - acc: 0.7504
2400/3458 [===================>..........] - ETA: 38s - loss: 0.6917 - acc: 0.7496
2432/3458 [====================>.........] - ETA: 37s - loss: 0.6894 - acc: 0.7504
2464/3458 [====================>.........] - ETA: 36s - loss: 0.6887 - acc: 0.7496
2496/3458 [====================>.........] - ETA: 35s - loss: 0.6888 - acc: 0.7488
2528/3458 [====================>.........] - ETA: 33s - loss: 0.6856 - acc: 0.7504
2560/3458 [=====================>........] - ETA: 32s - loss: 0.6843 - acc: 0.7508
2592/3458 [=====================>........] - ETA: 31s - loss: 0.6841 - acc: 0.7515
2624/3458 [=====================>........] - ETA: 30s - loss: 0.6814 - acc: 0.7527
2656/3458 [======================>.......] - ETA: 29s - loss: 0.6793 - acc: 0.7534
2688/3458 [======================>.......] - ETA: 28s - loss: 0.6795 - acc: 0.7519
2720/3458 [======================>.......] - ETA: 26s - loss: 0.6771 - acc: 0.7526
2752/3458 [======================>.......] - ETA: 25s - loss: 0.6780 - acc: 0.7529
2784/3458 [=======================>......] - ETA: 24s - loss: 0.6762 - acc: 0.7547
2816/3458 [=======================>......] - ETA: 23s - loss: 0.6723 - acc: 0.7564
2848/3458 [=======================>......] - ETA: 22s - loss: 0.6709 - acc: 0.7560
2880/3458 [=======================>......] - ETA: 21s - loss: 0.6725 - acc: 0.7559
2912/3458 [========================>.....] - ETA: 19s - loss: 0.6728 - acc: 0.7548
2944/3458 [========================>.....] - ETA: 18s - loss: 0.6748 - acc: 0.7534
2976/3458 [========================>.....] - ETA: 17s - loss: 0.6733 - acc: 0.7537
3008/3458 [=========================>....] - ETA: 16s - loss: 0.6735 - acc: 0.7533
3040/3458 [=========================>....] - ETA: 15s - loss: 0.6719 - acc: 0.7536
3072/3458 [=========================>....] - ETA: 14s - loss: 0.6706 - acc: 0.7542
3104/3458 [=========================>....] - ETA: 12s - loss: 0.6698 - acc: 0.7548
3136/3458 [==========================>...] - ETA: 11s - loss: 0.6686 - acc: 0.7557
3168/3458 [==========================>...] - ETA: 10s - loss: 0.6686 - acc: 0.7554
3200/3458 [==========================>...] - ETA: 9s - loss: 0.6678 - acc: 0.7556 
3232/3458 [===========================>..] - ETA: 8s - loss: 0.6671 - acc: 0.7559
3264/3458 [===========================>..] - ETA: 7s - loss: 0.6652 - acc: 0.7570
3296/3458 [===========================>..] - ETA: 5s - loss: 0.6639 - acc: 0.7576
3328/3458 [===========================>..] - ETA: 4s - loss: 0.6618 - acc: 0.7587
3360/3458 [============================>.] - ETA: 3s - loss: 0.6617 - acc: 0.7595
3392/3458 [============================>.] - ETA: 2s - loss: 0.6612 - acc: 0.7597
3424/3458 [============================>.] - ETA: 1s - loss: 0.6612 - acc: 0.7599
3456/3458 [============================>.] - ETA: 0s - loss: 0.6597 - acc: 0.7610
3458/3458 [==============================] - 127s 37ms/sample - loss: 0.6598 - acc: 0.7608

 32/865 [>.............................] - ETA: 7s - loss: 1.2818 - acc: 0.5625
 64/865 [=>............................] - ETA: 6s - loss: 1.0661 - acc: 0.5938
 96/865 [==>...........................] - ETA: 6s - loss: 1.0227 - acc: 0.6042
128/865 [===>..........................] - ETA: 5s - loss: 1.0578 - acc: 0.6172
160/865 [====>.........................] - ETA: 5s - loss: 1.0133 - acc: 0.6375
192/865 [=====>........................] - ETA: 5s - loss: 1.1076 - acc: 0.6094
224/865 [======>.......................] - ETA: 5s - loss: 1.1702 - acc: 0.5938
256/865 [=======>......................] - ETA: 4s - loss: 1.1685 - acc: 0.5938
288/865 [========>.....................] - ETA: 4s - loss: 1.1535 - acc: 0.5938
320/865 [==========>...................] - ETA: 4s - loss: 1.1708 - acc: 0.6000
352/865 [===========>..................] - ETA: 4s - loss: 1.1450 - acc: 0.6108
384/865 [============>.................] - ETA: 3s - loss: 1.1230 - acc: 0.6198
416/865 [=============>................] - ETA: 3s - loss: 1.1676 - acc: 0.6202
448/865 [==============>...............] - ETA: 3s - loss: 1.1478 - acc: 0.6161
480/865 [===============>..............] - ETA: 3s - loss: 1.1598 - acc: 0.6104
512/865 [================>.............] - ETA: 2s - loss: 1.1525 - acc: 0.6074
544/865 [=================>............] - ETA: 2s - loss: 1.1436 - acc: 0.6066
576/865 [==================>...........] - ETA: 2s - loss: 1.1395 - acc: 0.6076
608/865 [====================>.........] - ETA: 2s - loss: 1.1306 - acc: 0.6135
640/865 [=====================>........] - ETA: 1s - loss: 1.1223 - acc: 0.6141
672/865 [======================>.......] - ETA: 1s - loss: 1.1178 - acc: 0.6161
704/865 [=======================>......] - ETA: 1s - loss: 1.1051 - acc: 0.6179
736/865 [========================>.....] - ETA: 1s - loss: 1.1272 - acc: 0.6101
768/865 [=========================>....] - ETA: 0s - loss: 1.1278 - acc: 0.6068
800/865 [==========================>...] - ETA: 0s - loss: 1.1294 - acc: 0.6050
832/865 [===========================>..] - ETA: 0s - loss: 1.1149 - acc: 0.6082
864/865 [============================>.] - ETA: 0s - loss: 1.1215 - acc: 0.6076
865/865 [==============================] - 7s 8ms/sample - loss: 1.1204 - acc: 0.6081
