For Dense cell number 896
daisy loaded
dandelion loaded
rose loaded
sunflower loaded
tulip loaded

  32/3458 [..............................] - ETA: 3:52 - loss: 1.6714 - acc: 0.2188
  64/3458 [..............................] - ETA: 3:38 - loss: 15.7961 - acc: 0.2188
  96/3458 [..............................] - ETA: 3:32 - loss: 15.7187 - acc: 0.2188
 128/3458 [>.............................] - ETA: 3:29 - loss: 12.5691 - acc: 0.2109
 160/3458 [>.............................] - ETA: 3:26 - loss: 10.3950 - acc: 0.2313
 192/3458 [>.............................] - ETA: 3:24 - loss: 8.9320 - acc: 0.2031 
 224/3458 [>.............................] - ETA: 3:22 - loss: 7.8874 - acc: 0.2009
 256/3458 [=>............................] - ETA: 3:19 - loss: 7.1004 - acc: 0.2031
 288/3458 [=>............................] - ETA: 3:17 - loss: 6.4889 - acc: 0.2153
 320/3458 [=>............................] - ETA: 3:14 - loss: 5.9988 - acc: 0.2219
 352/3458 [==>...........................] - ETA: 3:12 - loss: 5.5939 - acc: 0.2273
 384/3458 [==>...........................] - ETA: 3:10 - loss: 5.2640 - acc: 0.2266
 416/3458 [==>...........................] - ETA: 3:07 - loss: 4.9816 - acc: 0.2236
 448/3458 [==>...........................] - ETA: 3:05 - loss: 4.7393 - acc: 0.2188
 480/3458 [===>..........................] - ETA: 3:03 - loss: 4.5264 - acc: 0.2229
 512/3458 [===>..........................] - ETA: 3:01 - loss: 4.3433 - acc: 0.2227
 544/3458 [===>..........................] - ETA: 2:59 - loss: 4.1771 - acc: 0.2279
 576/3458 [===>..........................] - ETA: 2:56 - loss: 4.0254 - acc: 0.2361
 608/3458 [====>.........................] - ETA: 2:54 - loss: 3.8918 - acc: 0.2401
 640/3458 [====>.........................] - ETA: 2:52 - loss: 3.7669 - acc: 0.2484
 672/3458 [====>.........................] - ETA: 2:50 - loss: 3.6561 - acc: 0.2515
 704/3458 [=====>........................] - ETA: 2:48 - loss: 3.5612 - acc: 0.2486
 736/3458 [=====>........................] - ETA: 2:46 - loss: 3.4621 - acc: 0.2582
 768/3458 [=====>........................] - ETA: 2:44 - loss: 3.3769 - acc: 0.2591
 800/3458 [=====>........................] - ETA: 2:42 - loss: 3.2948 - acc: 0.2562
 832/3458 [======>.......................] - ETA: 2:40 - loss: 3.2218 - acc: 0.2608
 864/3458 [======>.......................] - ETA: 2:38 - loss: 3.1525 - acc: 0.2650
 896/3458 [======>.......................] - ETA: 2:36 - loss: 3.0840 - acc: 0.2690
 928/3458 [=======>......................] - ETA: 2:34 - loss: 3.0204 - acc: 0.2726
 960/3458 [=======>......................] - ETA: 2:32 - loss: 2.9636 - acc: 0.2740
 992/3458 [=======>......................] - ETA: 2:30 - loss: 2.9154 - acc: 0.2742
1024/3458 [=======>......................] - ETA: 2:28 - loss: 2.8661 - acc: 0.2764
1056/3458 [========>.....................] - ETA: 2:26 - loss: 2.8221 - acc: 0.2803
1088/3458 [========>.....................] - ETA: 2:24 - loss: 2.7852 - acc: 0.2785
1120/3458 [========>.....................] - ETA: 2:22 - loss: 2.7451 - acc: 0.2848
1152/3458 [========>.....................] - ETA: 2:20 - loss: 2.7052 - acc: 0.2839
1184/3458 [=========>....................] - ETA: 2:19 - loss: 2.6695 - acc: 0.2846
1216/3458 [=========>....................] - ETA: 2:16 - loss: 2.6305 - acc: 0.2878
1248/3458 [=========>....................] - ETA: 2:15 - loss: 2.5949 - acc: 0.2933
1280/3458 [==========>...................] - ETA: 2:12 - loss: 2.5722 - acc: 0.2922
1312/3458 [==========>...................] - ETA: 2:11 - loss: 2.5427 - acc: 0.2950
1344/3458 [==========>...................] - ETA: 2:09 - loss: 2.5127 - acc: 0.2999
1376/3458 [==========>...................] - ETA: 2:07 - loss: 2.4859 - acc: 0.3045
1408/3458 [===========>..................] - ETA: 2:05 - loss: 2.4624 - acc: 0.3054
1440/3458 [===========>..................] - ETA: 2:03 - loss: 2.4315 - acc: 0.3111
1472/3458 [===========>..................] - ETA: 2:01 - loss: 2.4060 - acc: 0.3152
1504/3458 [============>.................] - ETA: 1:59 - loss: 2.3929 - acc: 0.3165
1536/3458 [============>.................] - ETA: 1:57 - loss: 2.3701 - acc: 0.3216
1568/3458 [============>.................] - ETA: 1:55 - loss: 2.3490 - acc: 0.3246
1600/3458 [============>.................] - ETA: 1:53 - loss: 2.3296 - acc: 0.3262
1632/3458 [=============>................] - ETA: 1:51 - loss: 2.3109 - acc: 0.3254
1664/3458 [=============>................] - ETA: 1:49 - loss: 2.2960 - acc: 0.3245
1696/3458 [=============>................] - ETA: 1:47 - loss: 2.2736 - acc: 0.3290
1728/3458 [=============>................] - ETA: 1:45 - loss: 2.2634 - acc: 0.3322
1760/3458 [==============>...............] - ETA: 1:43 - loss: 2.2474 - acc: 0.3358
1792/3458 [==============>...............] - ETA: 1:41 - loss: 2.2302 - acc: 0.3410
1824/3458 [==============>...............] - ETA: 1:39 - loss: 2.2182 - acc: 0.3454
1856/3458 [===============>..............] - ETA: 1:37 - loss: 2.2063 - acc: 0.3448
1888/3458 [===============>..............] - ETA: 1:35 - loss: 2.1909 - acc: 0.3475
1920/3458 [===============>..............] - ETA: 1:33 - loss: 2.1751 - acc: 0.3490
1952/3458 [===============>..............] - ETA: 1:31 - loss: 2.1595 - acc: 0.3530
1984/3458 [================>.............] - ETA: 1:29 - loss: 2.1500 - acc: 0.3538
2016/3458 [================>.............] - ETA: 1:27 - loss: 2.1349 - acc: 0.3557
2048/3458 [================>.............] - ETA: 1:25 - loss: 2.1216 - acc: 0.3564
2080/3458 [=================>............] - ETA: 1:23 - loss: 2.1073 - acc: 0.3572
2112/3458 [=================>............] - ETA: 1:22 - loss: 2.0948 - acc: 0.3570
2144/3458 [=================>............] - ETA: 1:20 - loss: 2.0824 - acc: 0.3577
2176/3458 [=================>............] - ETA: 1:18 - loss: 2.0704 - acc: 0.3608
2208/3458 [==================>...........] - ETA: 1:16 - loss: 2.0586 - acc: 0.3614
2240/3458 [==================>...........] - ETA: 1:14 - loss: 2.0471 - acc: 0.3629
2272/3458 [==================>...........] - ETA: 1:12 - loss: 2.0350 - acc: 0.3627
2304/3458 [==================>...........] - ETA: 1:10 - loss: 2.0245 - acc: 0.3641
2336/3458 [===================>..........] - ETA: 1:08 - loss: 2.0145 - acc: 0.3634
2368/3458 [===================>..........] - ETA: 1:06 - loss: 2.0031 - acc: 0.3644
2400/3458 [===================>..........] - ETA: 1:04 - loss: 1.9946 - acc: 0.3654
2432/3458 [====================>.........] - ETA: 1:02 - loss: 1.9851 - acc: 0.3655
2464/3458 [====================>.........] - ETA: 1:00 - loss: 1.9755 - acc: 0.3661
2496/3458 [====================>.........] - ETA: 58s - loss: 1.9689 - acc: 0.3658 
2528/3458 [====================>.........] - ETA: 56s - loss: 1.9625 - acc: 0.3659
2560/3458 [=====================>........] - ETA: 54s - loss: 1.9558 - acc: 0.3660
2592/3458 [=====================>........] - ETA: 52s - loss: 1.9473 - acc: 0.3669
2624/3458 [=====================>........] - ETA: 50s - loss: 1.9398 - acc: 0.3678
2656/3458 [======================>.......] - ETA: 48s - loss: 1.9318 - acc: 0.3697
2688/3458 [======================>.......] - ETA: 46s - loss: 1.9249 - acc: 0.3720
2720/3458 [======================>.......] - ETA: 44s - loss: 1.9177 - acc: 0.3754
2752/3458 [======================>.......] - ETA: 43s - loss: 1.9099 - acc: 0.3790
2784/3458 [=======================>......] - ETA: 41s - loss: 1.9080 - acc: 0.3790
2816/3458 [=======================>......] - ETA: 39s - loss: 1.9016 - acc: 0.3800
2848/3458 [=======================>......] - ETA: 37s - loss: 1.8956 - acc: 0.3803
2880/3458 [=======================>......] - ETA: 35s - loss: 1.8882 - acc: 0.3819
2912/3458 [========================>.....] - ETA: 33s - loss: 1.8808 - acc: 0.3839
2944/3458 [========================>.....] - ETA: 31s - loss: 1.8744 - acc: 0.3862
2976/3458 [========================>.....] - ETA: 29s - loss: 1.8683 - acc: 0.3864
3008/3458 [=========================>....] - ETA: 27s - loss: 1.8621 - acc: 0.3870
3040/3458 [=========================>....] - ETA: 25s - loss: 1.8560 - acc: 0.3875
3072/3458 [=========================>....] - ETA: 23s - loss: 1.8521 - acc: 0.3883
3104/3458 [=========================>....] - ETA: 21s - loss: 1.8474 - acc: 0.3892
3136/3458 [==========================>...] - ETA: 19s - loss: 1.8439 - acc: 0.3878
3168/3458 [==========================>...] - ETA: 17s - loss: 1.8373 - acc: 0.3892
3200/3458 [==========================>...] - ETA: 15s - loss: 1.8299 - acc: 0.3909
3232/3458 [===========================>..] - ETA: 13s - loss: 1.8221 - acc: 0.3929
3264/3458 [===========================>..] - ETA: 11s - loss: 1.8152 - acc: 0.3931
3296/3458 [===========================>..] - ETA: 9s - loss: 1.8087 - acc: 0.3923 
3328/3458 [===========================>..] - ETA: 7s - loss: 1.8029 - acc: 0.3936
3360/3458 [============================>.] - ETA: 5s - loss: 1.7993 - acc: 0.3943
3392/3458 [============================>.] - ETA: 4s - loss: 1.7953 - acc: 0.3939
3424/3458 [============================>.] - ETA: 2s - loss: 1.7885 - acc: 0.3954
3456/3458 [============================>.] - ETA: 0s - loss: 1.7809 - acc: 0.3970
3458/3458 [==============================] - 212s 61ms/sample - loss: 1.7816 - acc: 0.3968

 32/865 [>.............................] - ETA: 8s - loss: 1.2172 - acc: 0.4688
 64/865 [=>............................] - ETA: 7s - loss: 1.2878 - acc: 0.4062
 96/865 [==>...........................] - ETA: 7s - loss: 1.3244 - acc: 0.4375
128/865 [===>..........................] - ETA: 7s - loss: 1.3338 - acc: 0.4453
160/865 [====>.........................] - ETA: 6s - loss: 1.3017 - acc: 0.4812
192/865 [=====>........................] - ETA: 6s - loss: 1.3314 - acc: 0.4896
224/865 [======>.......................] - ETA: 6s - loss: 1.3596 - acc: 0.4955
256/865 [=======>......................] - ETA: 5s - loss: 1.3613 - acc: 0.4844
288/865 [========>.....................] - ETA: 5s - loss: 1.3549 - acc: 0.4826
320/865 [==========>...................] - ETA: 5s - loss: 1.3618 - acc: 0.4531
352/865 [===========>..................] - ETA: 4s - loss: 1.3497 - acc: 0.4631
384/865 [============>.................] - ETA: 4s - loss: 1.3300 - acc: 0.4661
416/865 [=============>................] - ETA: 4s - loss: 1.3191 - acc: 0.4688
448/865 [==============>...............] - ETA: 4s - loss: 1.3045 - acc: 0.4665
480/865 [===============>..............] - ETA: 3s - loss: 1.3115 - acc: 0.4625
512/865 [================>.............] - ETA: 3s - loss: 1.3085 - acc: 0.4551
544/865 [=================>............] - ETA: 3s - loss: 1.3397 - acc: 0.4559
576/865 [==================>...........] - ETA: 2s - loss: 1.3357 - acc: 0.4444
608/865 [====================>.........] - ETA: 2s - loss: 1.3723 - acc: 0.4457
640/865 [=====================>........] - ETA: 2s - loss: 1.3494 - acc: 0.4547
672/865 [======================>.......] - ETA: 1s - loss: 1.3415 - acc: 0.4524
704/865 [=======================>......] - ETA: 1s - loss: 1.3405 - acc: 0.4574
736/865 [========================>.....] - ETA: 1s - loss: 1.3468 - acc: 0.4552
768/865 [=========================>....] - ETA: 0s - loss: 1.3505 - acc: 0.4518
800/865 [==========================>...] - ETA: 0s - loss: 1.3464 - acc: 0.4500
832/865 [===========================>..] - ETA: 0s - loss: 1.3386 - acc: 0.4483
864/865 [============================>.] - ETA: 0s - loss: 1.3326 - acc: 0.4456
865/865 [==============================] - 8s 10ms/sample - loss: 1.3319 - acc: 0.4462

  32/3458 [..............................] - ETA: 3:26 - loss: 1.4946 - acc: 0.3438
  64/3458 [..............................] - ETA: 3:22 - loss: 1.4529 - acc: 0.4062
  96/3458 [..............................] - ETA: 3:21 - loss: 1.4348 - acc: 0.3958
 128/3458 [>.............................] - ETA: 3:19 - loss: 1.4011 - acc: 0.4219
 160/3458 [>.............................] - ETA: 3:18 - loss: 1.3682 - acc: 0.4250
 192/3458 [>.............................] - ETA: 3:17 - loss: 1.3858 - acc: 0.3906
 224/3458 [>.............................] - ETA: 3:15 - loss: 1.3690 - acc: 0.4107
 256/3458 [=>............................] - ETA: 3:14 - loss: 1.3672 - acc: 0.3984
 288/3458 [=>............................] - ETA: 3:12 - loss: 1.3547 - acc: 0.4028
 320/3458 [=>............................] - ETA: 3:11 - loss: 1.3368 - acc: 0.4125
 352/3458 [==>...........................] - ETA: 3:09 - loss: 1.3370 - acc: 0.4233
 384/3458 [==>...........................] - ETA: 3:07 - loss: 1.3421 - acc: 0.4193
 416/3458 [==>...........................] - ETA: 3:05 - loss: 1.3381 - acc: 0.4231
 448/3458 [==>...........................] - ETA: 3:03 - loss: 1.3758 - acc: 0.4241
 480/3458 [===>..........................] - ETA: 3:01 - loss: 1.3581 - acc: 0.4354
 512/3458 [===>..........................] - ETA: 2:59 - loss: 1.3432 - acc: 0.4375
 544/3458 [===>..........................] - ETA: 2:57 - loss: 1.3352 - acc: 0.4393
 576/3458 [===>..........................] - ETA: 2:55 - loss: 1.3445 - acc: 0.4444
 608/3458 [====>.........................] - ETA: 2:53 - loss: 1.3415 - acc: 0.4457
 640/3458 [====>.........................] - ETA: 2:51 - loss: 1.3347 - acc: 0.4531
 672/3458 [====>.........................] - ETA: 2:49 - loss: 1.3253 - acc: 0.4539
 704/3458 [=====>........................] - ETA: 2:47 - loss: 1.3259 - acc: 0.4517
 736/3458 [=====>........................] - ETA: 2:46 - loss: 1.3277 - acc: 0.4524
 768/3458 [=====>........................] - ETA: 2:44 - loss: 1.3223 - acc: 0.4557
 800/3458 [=====>........................] - ETA: 2:42 - loss: 1.3381 - acc: 0.4550
 832/3458 [======>.......................] - ETA: 2:40 - loss: 1.3316 - acc: 0.4567
 864/3458 [======>.......................] - ETA: 2:39 - loss: 1.3328 - acc: 0.4572
 896/3458 [======>.......................] - ETA: 2:37 - loss: 1.3266 - acc: 0.4598
 928/3458 [=======>......................] - ETA: 2:35 - loss: 1.3242 - acc: 0.4580
 960/3458 [=======>......................] - ETA: 2:33 - loss: 1.3110 - acc: 0.4667
 992/3458 [=======>......................] - ETA: 2:31 - loss: 1.2941 - acc: 0.4748
1024/3458 [=======>......................] - ETA: 2:29 - loss: 1.2831 - acc: 0.4795
1056/3458 [========>.....................] - ETA: 2:27 - loss: 1.2766 - acc: 0.4820
1088/3458 [========>.....................] - ETA: 2:25 - loss: 1.2760 - acc: 0.4807
1120/3458 [========>.....................] - ETA: 2:23 - loss: 1.2886 - acc: 0.4777
1152/3458 [========>.....................] - ETA: 2:21 - loss: 1.2867 - acc: 0.4783
1184/3458 [=========>....................] - ETA: 2:19 - loss: 1.2821 - acc: 0.4840
1216/3458 [=========>....................] - ETA: 2:17 - loss: 1.2811 - acc: 0.4852
1248/3458 [=========>....................] - ETA: 2:15 - loss: 1.2792 - acc: 0.4840
1280/3458 [==========>...................] - ETA: 2:13 - loss: 1.2765 - acc: 0.4844
1312/3458 [==========>...................] - ETA: 2:11 - loss: 1.2718 - acc: 0.4870
1344/3458 [==========>...................] - ETA: 2:09 - loss: 1.2707 - acc: 0.4866
1376/3458 [==========>...................] - ETA: 2:07 - loss: 1.2687 - acc: 0.4891
1408/3458 [===========>..................] - ETA: 2:06 - loss: 1.2697 - acc: 0.4865
1440/3458 [===========>..................] - ETA: 2:04 - loss: 1.2707 - acc: 0.4847
1472/3458 [===========>..................] - ETA: 2:02 - loss: 1.2679 - acc: 0.4878
1504/3458 [============>.................] - ETA: 2:00 - loss: 1.2636 - acc: 0.4900
1536/3458 [============>.................] - ETA: 1:58 - loss: 1.2639 - acc: 0.4883
1568/3458 [============>.................] - ETA: 1:56 - loss: 1.2613 - acc: 0.4904
1600/3458 [============>.................] - ETA: 1:54 - loss: 1.2611 - acc: 0.4913
1632/3458 [=============>................] - ETA: 1:52 - loss: 1.2581 - acc: 0.4902
1664/3458 [=============>................] - ETA: 1:50 - loss: 1.2607 - acc: 0.4904
1696/3458 [=============>................] - ETA: 1:48 - loss: 1.2644 - acc: 0.4917
1728/3458 [=============>................] - ETA: 1:46 - loss: 1.2617 - acc: 0.4907
1760/3458 [==============>...............] - ETA: 1:44 - loss: 1.2618 - acc: 0.4915
1792/3458 [==============>...............] - ETA: 1:42 - loss: 1.2596 - acc: 0.4922
1824/3458 [==============>...............] - ETA: 1:40 - loss: 1.2591 - acc: 0.4934
1856/3458 [===============>..............] - ETA: 1:38 - loss: 1.2548 - acc: 0.4952
1888/3458 [===============>..............] - ETA: 1:36 - loss: 1.2574 - acc: 0.4958
1920/3458 [===============>..............] - ETA: 1:34 - loss: 1.2557 - acc: 0.4969
1952/3458 [===============>..............] - ETA: 1:32 - loss: 1.2522 - acc: 0.4990
1984/3458 [================>.............] - ETA: 1:30 - loss: 1.2506 - acc: 0.4985
2016/3458 [================>.............] - ETA: 1:28 - loss: 1.2535 - acc: 0.4965
2048/3458 [================>.............] - ETA: 1:26 - loss: 1.2514 - acc: 0.4976
2080/3458 [=================>............] - ETA: 1:24 - loss: 1.2511 - acc: 0.4971
2112/3458 [=================>............] - ETA: 1:22 - loss: 1.2454 - acc: 0.5014
2144/3458 [=================>............] - ETA: 1:20 - loss: 1.2452 - acc: 0.5019
2176/3458 [=================>............] - ETA: 1:18 - loss: 1.2437 - acc: 0.5028
2208/3458 [==================>...........] - ETA: 1:17 - loss: 1.2426 - acc: 0.5041
2240/3458 [==================>...........] - ETA: 1:15 - loss: 1.2463 - acc: 0.5040
2272/3458 [==================>...........] - ETA: 1:13 - loss: 1.2445 - acc: 0.5048
2304/3458 [==================>...........] - ETA: 1:11 - loss: 1.2413 - acc: 0.5069
2336/3458 [===================>..........] - ETA: 1:09 - loss: 1.2406 - acc: 0.5081
2368/3458 [===================>..........] - ETA: 1:07 - loss: 1.2400 - acc: 0.5080
2400/3458 [===================>..........] - ETA: 1:05 - loss: 1.2428 - acc: 0.5067
2432/3458 [====================>.........] - ETA: 1:03 - loss: 1.2439 - acc: 0.5066
2464/3458 [====================>.........] - ETA: 1:01 - loss: 1.2387 - acc: 0.5089
2496/3458 [====================>.........] - ETA: 59s - loss: 1.2404 - acc: 0.5072 
2528/3458 [====================>.........] - ETA: 57s - loss: 1.2418 - acc: 0.5071
2560/3458 [=====================>........] - ETA: 55s - loss: 1.2412 - acc: 0.5074
2592/3458 [=====================>........] - ETA: 53s - loss: 1.2390 - acc: 0.5085
2624/3458 [=====================>........] - ETA: 51s - loss: 1.2367 - acc: 0.5111
2656/3458 [======================>.......] - ETA: 49s - loss: 1.2351 - acc: 0.5117
2688/3458 [======================>.......] - ETA: 47s - loss: 1.2345 - acc: 0.5112
2720/3458 [======================>.......] - ETA: 45s - loss: 1.2333 - acc: 0.5118
2752/3458 [======================>.......] - ETA: 43s - loss: 1.2306 - acc: 0.5138
2784/3458 [=======================>......] - ETA: 41s - loss: 1.2295 - acc: 0.5140
2816/3458 [=======================>......] - ETA: 39s - loss: 1.2307 - acc: 0.5138
2848/3458 [=======================>......] - ETA: 37s - loss: 1.2285 - acc: 0.5151
2880/3458 [=======================>......] - ETA: 35s - loss: 1.2273 - acc: 0.5153
2912/3458 [========================>.....] - ETA: 33s - loss: 1.2269 - acc: 0.5148
2944/3458 [========================>.....] - ETA: 31s - loss: 1.2266 - acc: 0.5143
2976/3458 [========================>.....] - ETA: 29s - loss: 1.2290 - acc: 0.5144
3008/3458 [=========================>....] - ETA: 27s - loss: 1.2272 - acc: 0.5143
3040/3458 [=========================>....] - ETA: 25s - loss: 1.2250 - acc: 0.5141
3072/3458 [=========================>....] - ETA: 23s - loss: 1.2222 - acc: 0.5150
3104/3458 [=========================>....] - ETA: 21s - loss: 1.2211 - acc: 0.5151
3136/3458 [==========================>...] - ETA: 19s - loss: 1.2207 - acc: 0.5140
3168/3458 [==========================>...] - ETA: 17s - loss: 1.2207 - acc: 0.5142
3200/3458 [==========================>...] - ETA: 15s - loss: 1.2191 - acc: 0.5144
3232/3458 [===========================>..] - ETA: 13s - loss: 1.2180 - acc: 0.5155
3264/3458 [===========================>..] - ETA: 11s - loss: 1.2171 - acc: 0.5150
3296/3458 [===========================>..] - ETA: 9s - loss: 1.2147 - acc: 0.5173 
3328/3458 [===========================>..] - ETA: 8s - loss: 1.2119 - acc: 0.5186
3360/3458 [============================>.] - ETA: 6s - loss: 1.2119 - acc: 0.5193
3392/3458 [============================>.] - ETA: 4s - loss: 1.2110 - acc: 0.5192
3424/3458 [============================>.] - ETA: 2s - loss: 1.2149 - acc: 0.5181
3456/3458 [============================>.] - ETA: 0s - loss: 1.2119 - acc: 0.5194
3458/3458 [==============================] - 214s 62ms/sample - loss: 1.2115 - acc: 0.5197

 32/865 [>.............................] - ETA: 7s - loss: 1.3534 - acc: 0.4062
 64/865 [=>............................] - ETA: 7s - loss: 1.1882 - acc: 0.4688
 96/865 [==>...........................] - ETA: 7s - loss: 1.1823 - acc: 0.4896
128/865 [===>..........................] - ETA: 7s - loss: 1.2145 - acc: 0.4766
160/865 [====>.........................] - ETA: 6s - loss: 1.1836 - acc: 0.4750
192/865 [=====>........................] - ETA: 6s - loss: 1.2213 - acc: 0.4896
224/865 [======>.......................] - ETA: 6s - loss: 1.2503 - acc: 0.4821
256/865 [=======>......................] - ETA: 5s - loss: 1.2851 - acc: 0.4648
288/865 [========>.....................] - ETA: 5s - loss: 1.2808 - acc: 0.4722
320/865 [==========>...................] - ETA: 5s - loss: 1.2678 - acc: 0.4656
352/865 [===========>..................] - ETA: 5s - loss: 1.2522 - acc: 0.4773
384/865 [============>.................] - ETA: 4s - loss: 1.2436 - acc: 0.4714
416/865 [=============>................] - ETA: 4s - loss: 1.2317 - acc: 0.4688
448/865 [==============>...............] - ETA: 4s - loss: 1.2244 - acc: 0.4799
480/865 [===============>..............] - ETA: 3s - loss: 1.2177 - acc: 0.4833
512/865 [================>.............] - ETA: 3s - loss: 1.2046 - acc: 0.4902
544/865 [=================>............] - ETA: 3s - loss: 1.2384 - acc: 0.4890
576/865 [==================>...........] - ETA: 2s - loss: 1.2509 - acc: 0.4826
608/865 [====================>.........] - ETA: 2s - loss: 1.2779 - acc: 0.4803
640/865 [=====================>........] - ETA: 2s - loss: 1.2646 - acc: 0.4781
672/865 [======================>.......] - ETA: 1s - loss: 1.2567 - acc: 0.4807
704/865 [=======================>......] - ETA: 1s - loss: 1.2609 - acc: 0.4787
736/865 [========================>.....] - ETA: 1s - loss: 1.2539 - acc: 0.4810
768/865 [=========================>....] - ETA: 0s - loss: 1.2473 - acc: 0.4805
800/865 [==========================>...] - ETA: 0s - loss: 1.2373 - acc: 0.4863
832/865 [===========================>..] - ETA: 0s - loss: 1.2345 - acc: 0.4832
864/865 [============================>.] - ETA: 0s - loss: 1.2353 - acc: 0.4838
865/865 [==============================] - 9s 10ms/sample - loss: 1.2345 - acc: 0.4844

  32/3458 [..............................] - ETA: 3:24 - loss: 0.9653 - acc: 0.5938
  64/3458 [..............................] - ETA: 3:26 - loss: 0.9407 - acc: 0.6406
  96/3458 [..............................] - ETA: 3:24 - loss: 0.9967 - acc: 0.6458
 128/3458 [>.............................] - ETA: 3:23 - loss: 1.0756 - acc: 0.6094
 160/3458 [>.............................] - ETA: 3:21 - loss: 1.0778 - acc: 0.6000
 192/3458 [>.............................] - ETA: 3:20 - loss: 1.0740 - acc: 0.6198
 224/3458 [>.............................] - ETA: 3:17 - loss: 1.0685 - acc: 0.6161
 256/3458 [=>............................] - ETA: 3:16 - loss: 1.0640 - acc: 0.6211
 288/3458 [=>............................] - ETA: 3:14 - loss: 1.0506 - acc: 0.6146
 320/3458 [=>............................] - ETA: 3:12 - loss: 1.0396 - acc: 0.6187
 352/3458 [==>...........................] - ETA: 3:10 - loss: 1.0532 - acc: 0.6080
 384/3458 [==>...........................] - ETA: 3:08 - loss: 1.0765 - acc: 0.5964
 416/3458 [==>...........................] - ETA: 3:06 - loss: 1.0840 - acc: 0.5889
 448/3458 [==>...........................] - ETA: 3:04 - loss: 1.0845 - acc: 0.5826
 480/3458 [===>..........................] - ETA: 3:03 - loss: 1.0842 - acc: 0.5792
 512/3458 [===>..........................] - ETA: 3:01 - loss: 1.0740 - acc: 0.5859
 544/3458 [===>..........................] - ETA: 2:59 - loss: 1.0626 - acc: 0.5919
 576/3458 [===>..........................] - ETA: 2:57 - loss: 1.0608 - acc: 0.5885
 608/3458 [====>.........................] - ETA: 2:55 - loss: 1.0617 - acc: 0.5855
 640/3458 [====>.........................] - ETA: 2:53 - loss: 1.0635 - acc: 0.5813
 672/3458 [====>.........................] - ETA: 2:51 - loss: 1.0566 - acc: 0.5804
 704/3458 [=====>........................] - ETA: 2:49 - loss: 1.0611 - acc: 0.5810
 736/3458 [=====>........................] - ETA: 2:47 - loss: 1.0647 - acc: 0.5788
 768/3458 [=====>........................] - ETA: 2:45 - loss: 1.0625 - acc: 0.5768
 800/3458 [=====>........................] - ETA: 2:43 - loss: 1.0608 - acc: 0.5750
 832/3458 [======>.......................] - ETA: 2:41 - loss: 1.0545 - acc: 0.5745
 864/3458 [======>.......................] - ETA: 2:39 - loss: 1.0406 - acc: 0.5787
 896/3458 [======>.......................] - ETA: 2:37 - loss: 1.0423 - acc: 0.5804
 928/3458 [=======>......................] - ETA: 2:35 - loss: 1.0396 - acc: 0.5787
 960/3458 [=======>......................] - ETA: 2:34 - loss: 1.0451 - acc: 0.5771
 992/3458 [=======>......................] - ETA: 2:32 - loss: 1.0385 - acc: 0.5796
1024/3458 [=======>......................] - ETA: 2:30 - loss: 1.0333 - acc: 0.5811
1056/3458 [========>.....................] - ETA: 2:28 - loss: 1.0404 - acc: 0.5805
1088/3458 [========>.....................] - ETA: 2:26 - loss: 1.0403 - acc: 0.5827
1120/3458 [========>.....................] - ETA: 2:24 - loss: 1.0379 - acc: 0.5866
1152/3458 [========>.....................] - ETA: 2:22 - loss: 1.0358 - acc: 0.5877
1184/3458 [=========>....................] - ETA: 2:20 - loss: 1.0318 - acc: 0.5921
1216/3458 [=========>....................] - ETA: 2:18 - loss: 1.0300 - acc: 0.5929
1248/3458 [=========>....................] - ETA: 2:16 - loss: 1.0231 - acc: 0.5978
1280/3458 [==========>...................] - ETA: 2:14 - loss: 1.0214 - acc: 0.5969
1312/3458 [==========>...................] - ETA: 2:12 - loss: 1.0224 - acc: 0.5953
1344/3458 [==========>...................] - ETA: 2:10 - loss: 1.0225 - acc: 0.5945
1376/3458 [==========>...................] - ETA: 2:08 - loss: 1.0268 - acc: 0.5930
1408/3458 [===========>..................] - ETA: 2:06 - loss: 1.0307 - acc: 0.5930
1440/3458 [===========>..................] - ETA: 2:04 - loss: 1.0270 - acc: 0.5951
1472/3458 [===========>..................] - ETA: 2:02 - loss: 1.0264 - acc: 0.5924
1504/3458 [============>.................] - ETA: 2:00 - loss: 1.0270 - acc: 0.5918
1536/3458 [============>.................] - ETA: 1:58 - loss: 1.0240 - acc: 0.5918
1568/3458 [============>.................] - ETA: 1:56 - loss: 1.0229 - acc: 0.5912
1600/3458 [============>.................] - ETA: 1:54 - loss: 1.0185 - acc: 0.5931
1632/3458 [=============>................] - ETA: 1:52 - loss: 1.0182 - acc: 0.5950
1664/3458 [=============>................] - ETA: 1:50 - loss: 1.0154 - acc: 0.5950
1696/3458 [=============>................] - ETA: 1:48 - loss: 1.0112 - acc: 0.5991
1728/3458 [=============>................] - ETA: 1:46 - loss: 1.0102 - acc: 0.5972
1760/3458 [==============>...............] - ETA: 1:44 - loss: 1.0151 - acc: 0.5966
1792/3458 [==============>...............] - ETA: 1:42 - loss: 1.0170 - acc: 0.5954
1824/3458 [==============>...............] - ETA: 1:40 - loss: 1.0152 - acc: 0.5954
1856/3458 [===============>..............] - ETA: 1:38 - loss: 1.0167 - acc: 0.5938
1888/3458 [===============>..............] - ETA: 1:36 - loss: 1.0166 - acc: 0.5927
1920/3458 [===============>..............] - ETA: 1:34 - loss: 1.0164 - acc: 0.5927
1952/3458 [===============>..............] - ETA: 1:32 - loss: 1.0191 - acc: 0.5927
1984/3458 [================>.............] - ETA: 1:31 - loss: 1.0163 - acc: 0.5932
2016/3458 [================>.............] - ETA: 1:29 - loss: 1.0220 - acc: 0.5928
2048/3458 [================>.............] - ETA: 1:27 - loss: 1.0224 - acc: 0.5923
2080/3458 [=================>............] - ETA: 1:25 - loss: 1.0241 - acc: 0.5909
2112/3458 [=================>............] - ETA: 1:23 - loss: 1.0267 - acc: 0.5914
2144/3458 [=================>............] - ETA: 1:21 - loss: 1.0243 - acc: 0.5933
2176/3458 [=================>............] - ETA: 1:19 - loss: 1.0242 - acc: 0.5942
2208/3458 [==================>...........] - ETA: 1:17 - loss: 1.0196 - acc: 0.5983
2240/3458 [==================>...........] - ETA: 1:15 - loss: 1.0221 - acc: 0.5982
2272/3458 [==================>...........] - ETA: 1:13 - loss: 1.0207 - acc: 0.5999
2304/3458 [==================>...........] - ETA: 1:11 - loss: 1.0199 - acc: 0.5994
2336/3458 [===================>..........] - ETA: 1:09 - loss: 1.0222 - acc: 0.5989
2368/3458 [===================>..........] - ETA: 1:07 - loss: 1.0214 - acc: 0.5988
2400/3458 [===================>..........] - ETA: 1:05 - loss: 1.0219 - acc: 0.5987
2432/3458 [====================>.........] - ETA: 1:03 - loss: 1.0190 - acc: 0.5999
2464/3458 [====================>.........] - ETA: 1:01 - loss: 1.0237 - acc: 0.5998
2496/3458 [====================>.........] - ETA: 59s - loss: 1.0228 - acc: 0.5998 
2528/3458 [====================>.........] - ETA: 57s - loss: 1.0234 - acc: 0.5989
2560/3458 [=====================>........] - ETA: 55s - loss: 1.0228 - acc: 0.5992
2592/3458 [=====================>........] - ETA: 53s - loss: 1.0196 - acc: 0.6007
2624/3458 [=====================>........] - ETA: 51s - loss: 1.0190 - acc: 0.5998
2656/3458 [======================>.......] - ETA: 49s - loss: 1.0203 - acc: 0.5990
2688/3458 [======================>.......] - ETA: 47s - loss: 1.0178 - acc: 0.5997
2720/3458 [======================>.......] - ETA: 45s - loss: 1.0161 - acc: 0.6000
2752/3458 [======================>.......] - ETA: 43s - loss: 1.0169 - acc: 0.5992
2784/3458 [=======================>......] - ETA: 41s - loss: 1.0136 - acc: 0.6013
2816/3458 [=======================>......] - ETA: 39s - loss: 1.0107 - acc: 0.6023
2848/3458 [=======================>......] - ETA: 37s - loss: 1.0094 - acc: 0.6022
2880/3458 [=======================>......] - ETA: 35s - loss: 1.0100 - acc: 0.6028
2912/3458 [========================>.....] - ETA: 33s - loss: 1.0100 - acc: 0.6037
2944/3458 [========================>.....] - ETA: 31s - loss: 1.0102 - acc: 0.6036
2976/3458 [========================>.....] - ETA: 29s - loss: 1.0074 - acc: 0.6055
3008/3458 [=========================>....] - ETA: 27s - loss: 1.0051 - acc: 0.6070
3040/3458 [=========================>....] - ETA: 25s - loss: 1.0053 - acc: 0.6069
3072/3458 [=========================>....] - ETA: 23s - loss: 1.0062 - acc: 0.6058
3104/3458 [=========================>....] - ETA: 21s - loss: 1.0072 - acc: 0.6060
3136/3458 [==========================>...] - ETA: 19s - loss: 1.0086 - acc: 0.6046
3168/3458 [==========================>...] - ETA: 17s - loss: 1.0109 - acc: 0.6045
3200/3458 [==========================>...] - ETA: 15s - loss: 1.0126 - acc: 0.6028
3232/3458 [===========================>..] - ETA: 13s - loss: 1.0133 - acc: 0.6018
3264/3458 [===========================>..] - ETA: 11s - loss: 1.0123 - acc: 0.6011
3296/3458 [===========================>..] - ETA: 10s - loss: 1.0119 - acc: 0.6022
3328/3458 [===========================>..] - ETA: 8s - loss: 1.0114 - acc: 0.6025 
3360/3458 [============================>.] - ETA: 6s - loss: 1.0112 - acc: 0.6030
3392/3458 [============================>.] - ETA: 4s - loss: 1.0105 - acc: 0.6026
3424/3458 [============================>.] - ETA: 2s - loss: 1.0133 - acc: 0.6013
3456/3458 [============================>.] - ETA: 0s - loss: 1.0164 - acc: 0.6001
3458/3458 [==============================] - 214s 62ms/sample - loss: 1.0164 - acc: 0.6001

 32/865 [>.............................] - ETA: 7s - loss: 1.2507 - acc: 0.4688
 64/865 [=>............................] - ETA: 7s - loss: 1.0856 - acc: 0.5781
 96/865 [==>...........................] - ETA: 7s - loss: 1.1049 - acc: 0.5625
128/865 [===>..........................] - ETA: 7s - loss: 1.1460 - acc: 0.5703
160/865 [====>.........................] - ETA: 6s - loss: 1.1378 - acc: 0.5688
192/865 [=====>........................] - ETA: 6s - loss: 1.1307 - acc: 0.5677
224/865 [======>.......................] - ETA: 6s - loss: 1.1477 - acc: 0.5714
256/865 [=======>......................] - ETA: 6s - loss: 1.1656 - acc: 0.5547
288/865 [========>.....................] - ETA: 5s - loss: 1.1707 - acc: 0.5521
320/865 [==========>...................] - ETA: 5s - loss: 1.1615 - acc: 0.5469
352/865 [===========>..................] - ETA: 5s - loss: 1.1395 - acc: 0.5483
384/865 [============>.................] - ETA: 4s - loss: 1.1482 - acc: 0.5469
416/865 [=============>................] - ETA: 4s - loss: 1.1451 - acc: 0.5457
448/865 [==============>...............] - ETA: 4s - loss: 1.1418 - acc: 0.5513
480/865 [===============>..............] - ETA: 3s - loss: 1.1191 - acc: 0.5562
512/865 [================>.............] - ETA: 3s - loss: 1.1176 - acc: 0.5527
544/865 [=================>............] - ETA: 3s - loss: 1.1373 - acc: 0.5496
576/865 [==================>...........] - ETA: 2s - loss: 1.1443 - acc: 0.5417
608/865 [====================>.........] - ETA: 2s - loss: 1.1508 - acc: 0.5411
640/865 [=====================>........] - ETA: 2s - loss: 1.1364 - acc: 0.5500
672/865 [======================>.......] - ETA: 1s - loss: 1.1418 - acc: 0.5446
704/865 [=======================>......] - ETA: 1s - loss: 1.1443 - acc: 0.5483
736/865 [========================>.....] - ETA: 1s - loss: 1.1344 - acc: 0.5516
768/865 [=========================>....] - ETA: 0s - loss: 1.1341 - acc: 0.5508
800/865 [==========================>...] - ETA: 0s - loss: 1.1286 - acc: 0.5525
832/865 [===========================>..] - ETA: 0s - loss: 1.1288 - acc: 0.5457
864/865 [============================>.] - ETA: 0s - loss: 1.1205 - acc: 0.5451
865/865 [==============================] - 9s 10ms/sample - loss: 1.1200 - acc: 0.5457

  32/3458 [..............................] - ETA: 3:30 - loss: 1.0132 - acc: 0.5938
  64/3458 [..............................] - ETA: 3:30 - loss: 1.0952 - acc: 0.5312
  96/3458 [..............................] - ETA: 3:28 - loss: 1.0298 - acc: 0.5521
 128/3458 [>.............................] - ETA: 3:26 - loss: 1.0741 - acc: 0.5469
 160/3458 [>.............................] - ETA: 3:23 - loss: 1.0277 - acc: 0.5750
 192/3458 [>.............................] - ETA: 3:21 - loss: 1.0658 - acc: 0.5417
 224/3458 [>.............................] - ETA: 3:19 - loss: 1.1033 - acc: 0.5312
 256/3458 [=>............................] - ETA: 3:17 - loss: 1.0970 - acc: 0.5352
 288/3458 [=>............................] - ETA: 3:15 - loss: 1.0688 - acc: 0.5590
 320/3458 [=>............................] - ETA: 3:13 - loss: 1.0911 - acc: 0.5531
 352/3458 [==>...........................] - ETA: 3:12 - loss: 1.0464 - acc: 0.5795
 384/3458 [==>...........................] - ETA: 3:09 - loss: 1.0572 - acc: 0.5703
 416/3458 [==>...........................] - ETA: 3:07 - loss: 1.0446 - acc: 0.5817
 448/3458 [==>...........................] - ETA: 3:05 - loss: 1.0264 - acc: 0.5915
 480/3458 [===>..........................] - ETA: 3:03 - loss: 1.0218 - acc: 0.5958
 512/3458 [===>..........................] - ETA: 3:02 - loss: 1.0046 - acc: 0.6055
 544/3458 [===>..........................] - ETA: 2:59 - loss: 0.9867 - acc: 0.6121
 576/3458 [===>..........................] - ETA: 2:57 - loss: 0.9684 - acc: 0.6198
 608/3458 [====>.........................] - ETA: 2:56 - loss: 0.9492 - acc: 0.6266
 640/3458 [====>.........................] - ETA: 2:53 - loss: 0.9532 - acc: 0.6266
 672/3458 [====>.........................] - ETA: 2:51 - loss: 0.9648 - acc: 0.6220
 704/3458 [=====>........................] - ETA: 2:50 - loss: 0.9454 - acc: 0.6335
 736/3458 [=====>........................] - ETA: 2:48 - loss: 0.9382 - acc: 0.6372
 768/3458 [=====>........................] - ETA: 2:46 - loss: 0.9429 - acc: 0.6367
 800/3458 [=====>........................] - ETA: 2:44 - loss: 0.9455 - acc: 0.6375
 832/3458 [======>.......................] - ETA: 2:42 - loss: 0.9356 - acc: 0.6406
 864/3458 [======>.......................] - ETA: 2:40 - loss: 0.9314 - acc: 0.6424
 896/3458 [======>.......................] - ETA: 2:38 - loss: 0.9397 - acc: 0.6384
 928/3458 [=======>......................] - ETA: 2:36 - loss: 0.9370 - acc: 0.6390
 960/3458 [=======>......................] - ETA: 2:34 - loss: 0.9277 - acc: 0.6438
 992/3458 [=======>......................] - ETA: 2:32 - loss: 0.9243 - acc: 0.6431
1024/3458 [=======>......................] - ETA: 2:30 - loss: 0.9322 - acc: 0.6396
1056/3458 [========>.....................] - ETA: 2:28 - loss: 0.9240 - acc: 0.6468
1088/3458 [========>.....................] - ETA: 2:26 - loss: 0.9193 - acc: 0.6471
1120/3458 [========>.....................] - ETA: 2:24 - loss: 0.9119 - acc: 0.6500
1152/3458 [========>.....................] - ETA: 2:22 - loss: 0.9092 - acc: 0.6519
1184/3458 [=========>....................] - ETA: 2:20 - loss: 0.9052 - acc: 0.6503
1216/3458 [=========>....................] - ETA: 2:18 - loss: 0.9095 - acc: 0.6472
1248/3458 [=========>....................] - ETA: 2:16 - loss: 0.9032 - acc: 0.6490
1280/3458 [==========>...................] - ETA: 2:14 - loss: 0.9000 - acc: 0.6500
1312/3458 [==========>...................] - ETA: 2:12 - loss: 0.9112 - acc: 0.6486
1344/3458 [==========>...................] - ETA: 2:10 - loss: 0.9028 - acc: 0.6510
1376/3458 [==========>...................] - ETA: 2:08 - loss: 0.8998 - acc: 0.6519
1408/3458 [===========>..................] - ETA: 2:06 - loss: 0.9010 - acc: 0.6513
1440/3458 [===========>..................] - ETA: 2:04 - loss: 0.9002 - acc: 0.6493
1472/3458 [===========>..................] - ETA: 2:02 - loss: 0.8981 - acc: 0.6508
1504/3458 [============>.................] - ETA: 2:00 - loss: 0.8954 - acc: 0.6529
1536/3458 [============>.................] - ETA: 1:58 - loss: 0.8962 - acc: 0.6523
1568/3458 [============>.................] - ETA: 1:56 - loss: 0.8939 - acc: 0.6524
1600/3458 [============>.................] - ETA: 1:54 - loss: 0.8957 - acc: 0.6513
1632/3458 [=============>................] - ETA: 1:52 - loss: 0.8906 - acc: 0.6550
1664/3458 [=============>................] - ETA: 1:50 - loss: 0.8879 - acc: 0.6562
1696/3458 [=============>................] - ETA: 1:48 - loss: 0.8898 - acc: 0.6533
1728/3458 [=============>................] - ETA: 1:46 - loss: 0.8873 - acc: 0.6557
1760/3458 [==============>...............] - ETA: 1:44 - loss: 0.8823 - acc: 0.6585
1792/3458 [==============>...............] - ETA: 1:42 - loss: 0.8813 - acc: 0.6585
1824/3458 [==============>...............] - ETA: 1:40 - loss: 0.8843 - acc: 0.6595
1856/3458 [===============>..............] - ETA: 1:38 - loss: 0.8823 - acc: 0.6600
1888/3458 [===============>..............] - ETA: 1:36 - loss: 0.8835 - acc: 0.6600
1920/3458 [===============>..............] - ETA: 1:34 - loss: 0.8824 - acc: 0.6604
1952/3458 [===============>..............] - ETA: 1:32 - loss: 0.8815 - acc: 0.6614
1984/3458 [================>.............] - ETA: 1:31 - loss: 0.8838 - acc: 0.6603
2016/3458 [================>.............] - ETA: 1:29 - loss: 0.8839 - acc: 0.6602
2048/3458 [================>.............] - ETA: 1:27 - loss: 0.8827 - acc: 0.6592
2080/3458 [=================>............] - ETA: 1:25 - loss: 0.8809 - acc: 0.6611
2112/3458 [=================>............] - ETA: 1:23 - loss: 0.8810 - acc: 0.6615
2144/3458 [=================>............] - ETA: 1:21 - loss: 0.8849 - acc: 0.6614
2176/3458 [=================>............] - ETA: 1:19 - loss: 0.8812 - acc: 0.6636
2208/3458 [==================>...........] - ETA: 1:17 - loss: 0.8852 - acc: 0.6617
2240/3458 [==================>...........] - ETA: 1:15 - loss: 0.8855 - acc: 0.6612
2272/3458 [==================>...........] - ETA: 1:13 - loss: 0.8879 - acc: 0.6598
2304/3458 [==================>...........] - ETA: 1:11 - loss: 0.8827 - acc: 0.6623
2336/3458 [===================>..........] - ETA: 1:09 - loss: 0.8832 - acc: 0.6622
2368/3458 [===================>..........] - ETA: 1:07 - loss: 0.8846 - acc: 0.6613
2400/3458 [===================>..........] - ETA: 1:05 - loss: 0.8886 - acc: 0.6587
2432/3458 [====================>.........] - ETA: 1:03 - loss: 0.8875 - acc: 0.6591
2464/3458 [====================>.........] - ETA: 1:01 - loss: 0.8873 - acc: 0.6595
2496/3458 [====================>.........] - ETA: 59s - loss: 0.8884 - acc: 0.6599 
2528/3458 [====================>.........] - ETA: 57s - loss: 0.8903 - acc: 0.6582
2560/3458 [=====================>........] - ETA: 55s - loss: 0.8862 - acc: 0.6605
2592/3458 [=====================>........] - ETA: 53s - loss: 0.8850 - acc: 0.6601
2624/3458 [=====================>........] - ETA: 51s - loss: 0.8892 - acc: 0.6589
2656/3458 [======================>.......] - ETA: 49s - loss: 0.8864 - acc: 0.6600
2688/3458 [======================>.......] - ETA: 47s - loss: 0.8875 - acc: 0.6592
2720/3458 [======================>.......] - ETA: 45s - loss: 0.8864 - acc: 0.6588
2752/3458 [======================>.......] - ETA: 43s - loss: 0.8877 - acc: 0.6584
2784/3458 [=======================>......] - ETA: 41s - loss: 0.8878 - acc: 0.6588
2816/3458 [=======================>......] - ETA: 39s - loss: 0.8883 - acc: 0.6584
2848/3458 [=======================>......] - ETA: 37s - loss: 0.8875 - acc: 0.6584
2880/3458 [=======================>......] - ETA: 35s - loss: 0.8873 - acc: 0.6587
2912/3458 [========================>.....] - ETA: 33s - loss: 0.8892 - acc: 0.6587
2944/3458 [========================>.....] - ETA: 31s - loss: 0.8913 - acc: 0.6583
2976/3458 [========================>.....] - ETA: 29s - loss: 0.8910 - acc: 0.6583
3008/3458 [=========================>....] - ETA: 27s - loss: 0.8907 - acc: 0.6576
3040/3458 [=========================>....] - ETA: 25s - loss: 0.8911 - acc: 0.6576
3072/3458 [=========================>....] - ETA: 23s - loss: 0.8918 - acc: 0.6572
3104/3458 [=========================>....] - ETA: 21s - loss: 0.8904 - acc: 0.6579
3136/3458 [==========================>...] - ETA: 19s - loss: 0.8907 - acc: 0.6566
3168/3458 [==========================>...] - ETA: 17s - loss: 0.8890 - acc: 0.6575
3200/3458 [==========================>...] - ETA: 15s - loss: 0.8885 - acc: 0.6572
3232/3458 [===========================>..] - ETA: 13s - loss: 0.8885 - acc: 0.6566
3264/3458 [===========================>..] - ETA: 11s - loss: 0.8886 - acc: 0.6566
3296/3458 [===========================>..] - ETA: 9s - loss: 0.8874 - acc: 0.6556 
3328/3458 [===========================>..] - ETA: 7s - loss: 0.8871 - acc: 0.6559
3360/3458 [============================>.] - ETA: 6s - loss: 0.8861 - acc: 0.6560
3392/3458 [============================>.] - ETA: 4s - loss: 0.8837 - acc: 0.6562
3424/3458 [============================>.] - ETA: 2s - loss: 0.8806 - acc: 0.6580
3456/3458 [============================>.] - ETA: 0s - loss: 0.8815 - acc: 0.6568
3458/3458 [==============================] - 213s 62ms/sample - loss: 0.8810 - acc: 0.6570

 32/865 [>.............................] - ETA: 7s - loss: 1.2206 - acc: 0.6250
 64/865 [=>............................] - ETA: 7s - loss: 0.9993 - acc: 0.6719
 96/865 [==>...........................] - ETA: 7s - loss: 0.9892 - acc: 0.6667
128/865 [===>..........................] - ETA: 7s - loss: 1.0756 - acc: 0.6484
160/865 [====>.........................] - ETA: 6s - loss: 1.1387 - acc: 0.6313
192/865 [=====>........................] - ETA: 6s - loss: 1.1191 - acc: 0.6406
224/865 [======>.......................] - ETA: 6s - loss: 1.1451 - acc: 0.6295
256/865 [=======>......................] - ETA: 5s - loss: 1.1372 - acc: 0.6172
288/865 [========>.....................] - ETA: 5s - loss: 1.1373 - acc: 0.6146
320/865 [==========>...................] - ETA: 5s - loss: 1.1439 - acc: 0.6094
352/865 [===========>..................] - ETA: 4s - loss: 1.1116 - acc: 0.6165
384/865 [============>.................] - ETA: 4s - loss: 1.1050 - acc: 0.6146
416/865 [=============>................] - ETA: 4s - loss: 1.0906 - acc: 0.6154
448/865 [==============>...............] - ETA: 4s - loss: 1.0720 - acc: 0.6183
480/865 [===============>..............] - ETA: 3s - loss: 1.0526 - acc: 0.6271
512/865 [================>.............] - ETA: 3s - loss: 1.0516 - acc: 0.6250
544/865 [=================>............] - ETA: 3s - loss: 1.1041 - acc: 0.6213
576/865 [==================>...........] - ETA: 2s - loss: 1.1258 - acc: 0.6094
608/865 [====================>.........] - ETA: 2s - loss: 1.1402 - acc: 0.6053
640/865 [=====================>........] - ETA: 2s - loss: 1.1167 - acc: 0.6125
672/865 [======================>.......] - ETA: 1s - loss: 1.0995 - acc: 0.6176
704/865 [=======================>......] - ETA: 1s - loss: 1.0955 - acc: 0.6193
736/865 [========================>.....] - ETA: 1s - loss: 1.0830 - acc: 0.6196
768/865 [=========================>....] - ETA: 0s - loss: 1.0812 - acc: 0.6185
800/865 [==========================>...] - ETA: 0s - loss: 1.0744 - acc: 0.6187
832/865 [===========================>..] - ETA: 0s - loss: 1.0789 - acc: 0.6154
864/865 [============================>.] - ETA: 0s - loss: 1.0718 - acc: 0.6146
865/865 [==============================] - 8s 10ms/sample - loss: 1.0711 - acc: 0.6150

  32/3458 [..............................] - ETA: 3:21 - loss: 0.6237 - acc: 0.7500
  64/3458 [..............................] - ETA: 3:22 - loss: 0.6780 - acc: 0.7500
  96/3458 [..............................] - ETA: 3:22 - loss: 0.7552 - acc: 0.6979
 128/3458 [>.............................] - ETA: 3:20 - loss: 0.8731 - acc: 0.6719
 160/3458 [>.............................] - ETA: 3:19 - loss: 0.8965 - acc: 0.6750
 192/3458 [>.............................] - ETA: 3:18 - loss: 0.8792 - acc: 0.6719
 224/3458 [>.............................] - ETA: 3:17 - loss: 0.8847 - acc: 0.6652
 256/3458 [=>............................] - ETA: 3:15 - loss: 0.8790 - acc: 0.6719
 288/3458 [=>............................] - ETA: 3:13 - loss: 0.8682 - acc: 0.6736
 320/3458 [=>............................] - ETA: 3:11 - loss: 0.8465 - acc: 0.6812
 352/3458 [==>...........................] - ETA: 3:09 - loss: 0.8336 - acc: 0.6818
 384/3458 [==>...........................] - ETA: 3:08 - loss: 0.8322 - acc: 0.6875
 416/3458 [==>...........................] - ETA: 3:05 - loss: 0.8155 - acc: 0.6947
 448/3458 [==>...........................] - ETA: 3:03 - loss: 0.8221 - acc: 0.6853
 480/3458 [===>..........................] - ETA: 3:02 - loss: 0.8218 - acc: 0.6854
 512/3458 [===>..........................] - ETA: 3:00 - loss: 0.8102 - acc: 0.6875
 544/3458 [===>..........................] - ETA: 2:58 - loss: 0.7986 - acc: 0.6912
 576/3458 [===>..........................] - ETA: 2:56 - loss: 0.7845 - acc: 0.6979
 608/3458 [====>.........................] - ETA: 2:54 - loss: 0.7805 - acc: 0.7023
 640/3458 [====>.........................] - ETA: 2:52 - loss: 0.7865 - acc: 0.7000
 672/3458 [====>.........................] - ETA: 2:50 - loss: 0.7847 - acc: 0.7009
 704/3458 [=====>........................] - ETA: 2:48 - loss: 0.7904 - acc: 0.7003
 736/3458 [=====>........................] - ETA: 2:46 - loss: 0.7865 - acc: 0.7052
 768/3458 [=====>........................] - ETA: 2:44 - loss: 0.7972 - acc: 0.6927
 800/3458 [=====>........................] - ETA: 2:43 - loss: 0.7917 - acc: 0.6963
 832/3458 [======>.......................] - ETA: 2:40 - loss: 0.7820 - acc: 0.6995
 864/3458 [======>.......................] - ETA: 2:39 - loss: 0.7782 - acc: 0.7014
 896/3458 [======>.......................] - ETA: 2:37 - loss: 0.7837 - acc: 0.6953
 928/3458 [=======>......................] - ETA: 2:35 - loss: 0.7759 - acc: 0.6983
 960/3458 [=======>......................] - ETA: 2:33 - loss: 0.7742 - acc: 0.6969
 992/3458 [=======>......................] - ETA: 2:31 - loss: 0.7842 - acc: 0.6905
1024/3458 [=======>......................] - ETA: 2:29 - loss: 0.7729 - acc: 0.6953
1056/3458 [========>.....................] - ETA: 2:27 - loss: 0.7724 - acc: 0.6970
1088/3458 [========>.....................] - ETA: 2:25 - loss: 0.7779 - acc: 0.6967
1120/3458 [========>.....................] - ETA: 2:23 - loss: 0.7701 - acc: 0.7000
1152/3458 [========>.....................] - ETA: 2:21 - loss: 0.7794 - acc: 0.6970
1184/3458 [=========>....................] - ETA: 2:19 - loss: 0.7729 - acc: 0.7010
1216/3458 [=========>....................] - ETA: 2:17 - loss: 0.7751 - acc: 0.7015
1248/3458 [=========>....................] - ETA: 2:15 - loss: 0.7737 - acc: 0.7003
1280/3458 [==========>...................] - ETA: 2:13 - loss: 0.7693 - acc: 0.7031
1312/3458 [==========>...................] - ETA: 2:11 - loss: 0.7700 - acc: 0.7012
1344/3458 [==========>...................] - ETA: 2:09 - loss: 0.7726 - acc: 0.7009
1376/3458 [==========>...................] - ETA: 2:07 - loss: 0.7748 - acc: 0.7006
1408/3458 [===========>..................] - ETA: 2:06 - loss: 0.7684 - acc: 0.7024
1440/3458 [===========>..................] - ETA: 2:04 - loss: 0.7668 - acc: 0.7035
1472/3458 [===========>..................] - ETA: 2:02 - loss: 0.7634 - acc: 0.7038
1504/3458 [============>.................] - ETA: 2:00 - loss: 0.7648 - acc: 0.7035
1536/3458 [============>.................] - ETA: 1:58 - loss: 0.7696 - acc: 0.7018
1568/3458 [============>.................] - ETA: 1:56 - loss: 0.7725 - acc: 0.7003
1600/3458 [============>.................] - ETA: 1:54 - loss: 0.7728 - acc: 0.7025
1632/3458 [=============>................] - ETA: 1:52 - loss: 0.7708 - acc: 0.7040
1664/3458 [=============>................] - ETA: 1:50 - loss: 0.7714 - acc: 0.7025
1696/3458 [=============>................] - ETA: 1:48 - loss: 0.7694 - acc: 0.7040
1728/3458 [=============>................] - ETA: 1:46 - loss: 0.7638 - acc: 0.7072
1760/3458 [==============>...............] - ETA: 1:44 - loss: 0.7629 - acc: 0.7074
1792/3458 [==============>...............] - ETA: 1:42 - loss: 0.7623 - acc: 0.7076
1824/3458 [==============>...............] - ETA: 1:40 - loss: 0.7622 - acc: 0.7067
1856/3458 [===============>..............] - ETA: 1:38 - loss: 0.7624 - acc: 0.7069
1888/3458 [===============>..............] - ETA: 1:36 - loss: 0.7656 - acc: 0.7076
1920/3458 [===============>..............] - ETA: 1:34 - loss: 0.7666 - acc: 0.7073
1952/3458 [===============>..............] - ETA: 1:32 - loss: 0.7661 - acc: 0.7075
1984/3458 [================>.............] - ETA: 1:30 - loss: 0.7646 - acc: 0.7077
2016/3458 [================>.............] - ETA: 1:28 - loss: 0.7668 - acc: 0.7063
2048/3458 [================>.............] - ETA: 1:26 - loss: 0.7676 - acc: 0.7061
2080/3458 [=================>............] - ETA: 1:24 - loss: 0.7669 - acc: 0.7058
2112/3458 [=================>............] - ETA: 1:22 - loss: 0.7677 - acc: 0.7045
2144/3458 [=================>............] - ETA: 1:20 - loss: 0.7689 - acc: 0.7038
2176/3458 [=================>............] - ETA: 1:18 - loss: 0.7681 - acc: 0.7040
2208/3458 [==================>...........] - ETA: 1:16 - loss: 0.7657 - acc: 0.7056
2240/3458 [==================>...........] - ETA: 1:14 - loss: 0.7656 - acc: 0.7063
2272/3458 [==================>...........] - ETA: 1:12 - loss: 0.7639 - acc: 0.7082
2304/3458 [==================>...........] - ETA: 1:10 - loss: 0.7642 - acc: 0.7075
2336/3458 [===================>..........] - ETA: 1:08 - loss: 0.7684 - acc: 0.7076
2368/3458 [===================>..........] - ETA: 1:06 - loss: 0.7685 - acc: 0.7090
2400/3458 [===================>..........] - ETA: 1:04 - loss: 0.7675 - acc: 0.7083
2432/3458 [====================>.........] - ETA: 1:02 - loss: 0.7651 - acc: 0.7085
2464/3458 [====================>.........] - ETA: 1:00 - loss: 0.7641 - acc: 0.7086
2496/3458 [====================>.........] - ETA: 58s - loss: 0.7644 - acc: 0.7095 
2528/3458 [====================>.........] - ETA: 56s - loss: 0.7630 - acc: 0.7089
2560/3458 [=====================>........] - ETA: 54s - loss: 0.7621 - acc: 0.7094
2592/3458 [=====================>........] - ETA: 53s - loss: 0.7606 - acc: 0.7103
2624/3458 [=====================>........] - ETA: 51s - loss: 0.7605 - acc: 0.7111
2656/3458 [======================>.......] - ETA: 49s - loss: 0.7613 - acc: 0.7108
2688/3458 [======================>.......] - ETA: 47s - loss: 0.7619 - acc: 0.7106
2720/3458 [======================>.......] - ETA: 45s - loss: 0.7626 - acc: 0.7096
2752/3458 [======================>.......] - ETA: 43s - loss: 0.7675 - acc: 0.7082
2784/3458 [=======================>......] - ETA: 41s - loss: 0.7652 - acc: 0.7091
2816/3458 [=======================>......] - ETA: 39s - loss: 0.7642 - acc: 0.7092
2848/3458 [=======================>......] - ETA: 37s - loss: 0.7636 - acc: 0.7096
2880/3458 [=======================>......] - ETA: 35s - loss: 0.7651 - acc: 0.7094
2912/3458 [========================>.....] - ETA: 33s - loss: 0.7630 - acc: 0.7098
2944/3458 [========================>.....] - ETA: 31s - loss: 0.7608 - acc: 0.7109
2976/3458 [========================>.....] - ETA: 29s - loss: 0.7610 - acc: 0.7103
3008/3458 [=========================>....] - ETA: 27s - loss: 0.7621 - acc: 0.7091
3040/3458 [=========================>....] - ETA: 25s - loss: 0.7603 - acc: 0.7109
3072/3458 [=========================>....] - ETA: 23s - loss: 0.7593 - acc: 0.7113
3104/3458 [=========================>....] - ETA: 21s - loss: 0.7590 - acc: 0.7101
3136/3458 [==========================>...] - ETA: 19s - loss: 0.7589 - acc: 0.7101
3168/3458 [==========================>...] - ETA: 17s - loss: 0.7577 - acc: 0.7105
3200/3458 [==========================>...] - ETA: 15s - loss: 0.7576 - acc: 0.7100
3232/3458 [===========================>..] - ETA: 13s - loss: 0.7578 - acc: 0.7104
3264/3458 [===========================>..] - ETA: 11s - loss: 0.7598 - acc: 0.7099
3296/3458 [===========================>..] - ETA: 9s - loss: 0.7600 - acc: 0.7106 
3328/3458 [===========================>..] - ETA: 7s - loss: 0.7642 - acc: 0.7094
3360/3458 [============================>.] - ETA: 5s - loss: 0.7658 - acc: 0.7098
3392/3458 [============================>.] - ETA: 4s - loss: 0.7674 - acc: 0.7093
3424/3458 [============================>.] - ETA: 2s - loss: 0.7653 - acc: 0.7103
3456/3458 [============================>.] - ETA: 0s - loss: 0.7643 - acc: 0.7112
3458/3458 [==============================] - 212s 61ms/sample - loss: 0.7644 - acc: 0.7111

 32/865 [>.............................] - ETA: 8s - loss: 1.0660 - acc: 0.6250
 64/865 [=>............................] - ETA: 7s - loss: 0.9442 - acc: 0.6250
 96/865 [==>...........................] - ETA: 7s - loss: 0.9039 - acc: 0.6667
128/865 [===>..........................] - ETA: 7s - loss: 0.9882 - acc: 0.6328
160/865 [====>.........................] - ETA: 6s - loss: 1.0175 - acc: 0.6250
192/865 [=====>........................] - ETA: 6s - loss: 1.0083 - acc: 0.6354
224/865 [======>.......................] - ETA: 6s - loss: 1.0195 - acc: 0.6295
256/865 [=======>......................] - ETA: 5s - loss: 1.0181 - acc: 0.6367
288/865 [========>.....................] - ETA: 5s - loss: 1.0314 - acc: 0.6250
320/865 [==========>...................] - ETA: 5s - loss: 1.0380 - acc: 0.6219
352/865 [===========>..................] - ETA: 4s - loss: 1.0166 - acc: 0.6222
384/865 [============>.................] - ETA: 4s - loss: 1.0259 - acc: 0.6198
416/865 [=============>................] - ETA: 4s - loss: 1.0172 - acc: 0.6250
448/865 [==============>...............] - ETA: 4s - loss: 1.0071 - acc: 0.6228
480/865 [===============>..............] - ETA: 3s - loss: 0.9892 - acc: 0.6313
512/865 [================>.............] - ETA: 3s - loss: 0.9786 - acc: 0.6309
544/865 [=================>............] - ETA: 3s - loss: 1.0100 - acc: 0.6250
576/865 [==================>...........] - ETA: 2s - loss: 1.0324 - acc: 0.6146
608/865 [====================>.........] - ETA: 2s - loss: 1.0478 - acc: 0.6118
640/865 [=====================>........] - ETA: 2s - loss: 1.0227 - acc: 0.6219
672/865 [======================>.......] - ETA: 1s - loss: 1.0072 - acc: 0.6280
704/865 [=======================>......] - ETA: 1s - loss: 1.0130 - acc: 0.6250
736/865 [========================>.....] - ETA: 1s - loss: 0.9990 - acc: 0.6318
768/865 [=========================>....] - ETA: 0s - loss: 0.9960 - acc: 0.6289
800/865 [==========================>...] - ETA: 0s - loss: 0.9821 - acc: 0.6313
832/865 [===========================>..] - ETA: 0s - loss: 0.9836 - acc: 0.6334
864/865 [============================>.] - ETA: 0s - loss: 0.9752 - acc: 0.6343
865/865 [==============================] - 8s 10ms/sample - loss: 0.9745 - acc: 0.6347
