For Dense cell number 64
daisy loaded
dandelion loaded
rose loaded
sunflower loaded
tulip loaded

  32/3458 [..............................] - ETA: 2:06 - loss: 1.6345 - acc: 0.0938
  64/3458 [..............................] - ETA: 2:02 - loss: 1.8777 - acc: 0.1250
  96/3458 [..............................] - ETA: 1:58 - loss: 2.7387 - acc: 0.1562
 128/3458 [>.............................] - ETA: 1:56 - loss: 2.5252 - acc: 0.1797
 160/3458 [>.............................] - ETA: 1:55 - loss: 2.3494 - acc: 0.1937
 192/3458 [>.............................] - ETA: 1:53 - loss: 2.2201 - acc: 0.2188
 224/3458 [>.............................] - ETA: 1:52 - loss: 2.1319 - acc: 0.2188
 256/3458 [=>............................] - ETA: 1:51 - loss: 2.0659 - acc: 0.2266
 288/3458 [=>............................] - ETA: 1:50 - loss: 2.0148 - acc: 0.2222
 320/3458 [=>............................] - ETA: 1:49 - loss: 1.9766 - acc: 0.2031
 352/3458 [==>...........................] - ETA: 1:48 - loss: 1.9429 - acc: 0.2017
 384/3458 [==>...........................] - ETA: 1:47 - loss: 1.9149 - acc: 0.2057
 416/3458 [==>...........................] - ETA: 1:46 - loss: 1.8908 - acc: 0.2115
 448/3458 [==>...........................] - ETA: 1:45 - loss: 1.8707 - acc: 0.2098
 480/3458 [===>..........................] - ETA: 1:44 - loss: 1.8517 - acc: 0.2167
 512/3458 [===>..........................] - ETA: 1:43 - loss: 1.8337 - acc: 0.2207
 544/3458 [===>..........................] - ETA: 1:42 - loss: 1.8225 - acc: 0.2188
 576/3458 [===>..........................] - ETA: 1:40 - loss: 1.8096 - acc: 0.2170
 608/3458 [====>.........................] - ETA: 1:39 - loss: 1.7959 - acc: 0.2204
 640/3458 [====>.........................] - ETA: 1:38 - loss: 1.7816 - acc: 0.2234
 672/3458 [====>.........................] - ETA: 1:37 - loss: 1.7692 - acc: 0.2292
 704/3458 [=====>........................] - ETA: 1:36 - loss: 1.7544 - acc: 0.2358
 736/3458 [=====>........................] - ETA: 1:34 - loss: 1.7484 - acc: 0.2364
 768/3458 [=====>........................] - ETA: 1:33 - loss: 1.7338 - acc: 0.2422
 800/3458 [=====>........................] - ETA: 1:32 - loss: 1.7229 - acc: 0.2450
 832/3458 [======>.......................] - ETA: 1:31 - loss: 1.7137 - acc: 0.2476
 864/3458 [======>.......................] - ETA: 1:30 - loss: 1.7008 - acc: 0.2512
 896/3458 [======>.......................] - ETA: 1:29 - loss: 1.6871 - acc: 0.2567
 928/3458 [=======>......................] - ETA: 1:28 - loss: 1.6745 - acc: 0.2651
 960/3458 [=======>......................] - ETA: 1:27 - loss: 1.6646 - acc: 0.2656
 992/3458 [=======>......................] - ETA: 1:25 - loss: 1.6557 - acc: 0.2671
1024/3458 [=======>......................] - ETA: 1:24 - loss: 1.6538 - acc: 0.2646
1056/3458 [========>.....................] - ETA: 1:23 - loss: 1.6483 - acc: 0.2661
1088/3458 [========>.....................] - ETA: 1:22 - loss: 1.6360 - acc: 0.2739
1120/3458 [========>.....................] - ETA: 1:21 - loss: 1.6244 - acc: 0.2786
1152/3458 [========>.....................] - ETA: 1:20 - loss: 1.6139 - acc: 0.2839
1184/3458 [=========>....................] - ETA: 1:19 - loss: 1.6097 - acc: 0.2905
1216/3458 [=========>....................] - ETA: 1:18 - loss: 1.6039 - acc: 0.2936
1248/3458 [=========>....................] - ETA: 1:17 - loss: 1.5924 - acc: 0.2973
1280/3458 [==========>...................] - ETA: 1:15 - loss: 1.5870 - acc: 0.3016
1312/3458 [==========>...................] - ETA: 1:14 - loss: 1.5846 - acc: 0.3026
1344/3458 [==========>...................] - ETA: 1:13 - loss: 1.5814 - acc: 0.3028
1376/3458 [==========>...................] - ETA: 1:12 - loss: 1.5706 - acc: 0.3081
1408/3458 [===========>..................] - ETA: 1:11 - loss: 1.5702 - acc: 0.3097
1440/3458 [===========>..................] - ETA: 1:10 - loss: 1.5630 - acc: 0.3104
1472/3458 [===========>..................] - ETA: 1:09 - loss: 1.5563 - acc: 0.3152
1504/3458 [============>.................] - ETA: 1:08 - loss: 1.5512 - acc: 0.3185
1536/3458 [============>.................] - ETA: 1:06 - loss: 1.5418 - acc: 0.3236
1568/3458 [============>.................] - ETA: 1:05 - loss: 1.5344 - acc: 0.3265
1600/3458 [============>.................] - ETA: 1:04 - loss: 1.5304 - acc: 0.3269
1632/3458 [=============>................] - ETA: 1:03 - loss: 1.5246 - acc: 0.3297
1664/3458 [=============>................] - ETA: 1:02 - loss: 1.5192 - acc: 0.3329
1696/3458 [=============>................] - ETA: 1:01 - loss: 1.5148 - acc: 0.3355
1728/3458 [=============>................] - ETA: 1:00 - loss: 1.5102 - acc: 0.3385
1760/3458 [==============>...............] - ETA: 59s - loss: 1.5046 - acc: 0.3420 
1792/3458 [==============>...............] - ETA: 58s - loss: 1.5002 - acc: 0.3438
1824/3458 [==============>...............] - ETA: 56s - loss: 1.4934 - acc: 0.3470
1856/3458 [===============>..............] - ETA: 55s - loss: 1.4860 - acc: 0.3513
1888/3458 [===============>..............] - ETA: 54s - loss: 1.4847 - acc: 0.3512
1920/3458 [===============>..............] - ETA: 53s - loss: 1.4786 - acc: 0.3521
1952/3458 [===============>..............] - ETA: 52s - loss: 1.4730 - acc: 0.3535
1984/3458 [================>.............] - ETA: 51s - loss: 1.4715 - acc: 0.3528
2016/3458 [================>.............] - ETA: 50s - loss: 1.4702 - acc: 0.3542
2048/3458 [================>.............] - ETA: 49s - loss: 1.4642 - acc: 0.3560
2080/3458 [=================>............] - ETA: 48s - loss: 1.4587 - acc: 0.3591
2112/3458 [=================>............] - ETA: 46s - loss: 1.4554 - acc: 0.3613
2144/3458 [=================>............] - ETA: 45s - loss: 1.4506 - acc: 0.3615
2176/3458 [=================>............] - ETA: 44s - loss: 1.4477 - acc: 0.3626
2208/3458 [==================>...........] - ETA: 43s - loss: 1.4453 - acc: 0.3637
2240/3458 [==================>...........] - ETA: 42s - loss: 1.4427 - acc: 0.3647
2272/3458 [==================>...........] - ETA: 41s - loss: 1.4401 - acc: 0.3662
2304/3458 [==================>...........] - ETA: 40s - loss: 1.4381 - acc: 0.3668
2336/3458 [===================>..........] - ETA: 39s - loss: 1.4344 - acc: 0.3682
2368/3458 [===================>..........] - ETA: 38s - loss: 1.4323 - acc: 0.3704
2400/3458 [===================>..........] - ETA: 36s - loss: 1.4289 - acc: 0.3713
2432/3458 [====================>.........] - ETA: 35s - loss: 1.4276 - acc: 0.3705
2464/3458 [====================>.........] - ETA: 34s - loss: 1.4281 - acc: 0.3709
2496/3458 [====================>.........] - ETA: 33s - loss: 1.4235 - acc: 0.3726
2528/3458 [====================>.........] - ETA: 32s - loss: 1.4257 - acc: 0.3726
2560/3458 [=====================>........] - ETA: 31s - loss: 1.4228 - acc: 0.3742
2592/3458 [=====================>........] - ETA: 30s - loss: 1.4223 - acc: 0.3762
2624/3458 [=====================>........] - ETA: 29s - loss: 1.4211 - acc: 0.3773
2656/3458 [======================>.......] - ETA: 27s - loss: 1.4178 - acc: 0.3788
2688/3458 [======================>.......] - ETA: 26s - loss: 1.4161 - acc: 0.3795
2720/3458 [======================>.......] - ETA: 25s - loss: 1.4179 - acc: 0.3801
2752/3458 [======================>.......] - ETA: 24s - loss: 1.4146 - acc: 0.3823
2784/3458 [=======================>......] - ETA: 23s - loss: 1.4096 - acc: 0.3840
2816/3458 [=======================>......] - ETA: 22s - loss: 1.4084 - acc: 0.3846
2848/3458 [=======================>......] - ETA: 21s - loss: 1.4072 - acc: 0.3845
2880/3458 [=======================>......] - ETA: 20s - loss: 1.4064 - acc: 0.3844
2912/3458 [========================>.....] - ETA: 19s - loss: 1.4033 - acc: 0.3863
2944/3458 [========================>.....] - ETA: 17s - loss: 1.4021 - acc: 0.3862
2976/3458 [========================>.....] - ETA: 16s - loss: 1.3993 - acc: 0.3884
3008/3458 [=========================>....] - ETA: 15s - loss: 1.3996 - acc: 0.3890
3040/3458 [=========================>....] - ETA: 14s - loss: 1.3983 - acc: 0.3898
3072/3458 [=========================>....] - ETA: 13s - loss: 1.3958 - acc: 0.3903
3104/3458 [=========================>....] - ETA: 12s - loss: 1.3940 - acc: 0.3924
3136/3458 [==========================>...] - ETA: 11s - loss: 1.3920 - acc: 0.3932
3168/3458 [==========================>...] - ETA: 10s - loss: 1.3908 - acc: 0.3952
3200/3458 [==========================>...] - ETA: 8s - loss: 1.3901 - acc: 0.3938 
3232/3458 [===========================>..] - ETA: 7s - loss: 1.3871 - acc: 0.3954
3264/3458 [===========================>..] - ETA: 6s - loss: 1.3847 - acc: 0.3968
3296/3458 [===========================>..] - ETA: 5s - loss: 1.3836 - acc: 0.3962
3328/3458 [===========================>..] - ETA: 4s - loss: 1.3837 - acc: 0.3960
3360/3458 [============================>.] - ETA: 3s - loss: 1.3828 - acc: 0.3973
3392/3458 [============================>.] - ETA: 2s - loss: 1.3815 - acc: 0.3983
3424/3458 [============================>.] - ETA: 1s - loss: 1.3796 - acc: 0.3998
3456/3458 [============================>.] - ETA: 0s - loss: 1.3769 - acc: 0.4010
3458/3458 [==============================] - 121s 35ms/sample - loss: 1.3769 - acc: 0.4008

 32/865 [>.............................] - ETA: 6s - loss: 1.1081 - acc: 0.5312
 64/865 [=>............................] - ETA: 6s - loss: 1.4020 - acc: 0.3906
 96/865 [==>...........................] - ETA: 6s - loss: 1.2553 - acc: 0.4792
128/865 [===>..........................] - ETA: 5s - loss: 1.2023 - acc: 0.5234
160/865 [====>.........................] - ETA: 5s - loss: 1.2285 - acc: 0.5063
192/865 [=====>........................] - ETA: 5s - loss: 1.1954 - acc: 0.5208
224/865 [======>.......................] - ETA: 5s - loss: 1.1879 - acc: 0.5312
256/865 [=======>......................] - ETA: 4s - loss: 1.2290 - acc: 0.5039
288/865 [========>.....................] - ETA: 4s - loss: 1.2195 - acc: 0.5069
320/865 [==========>...................] - ETA: 4s - loss: 1.1909 - acc: 0.5188
352/865 [===========>..................] - ETA: 4s - loss: 1.2151 - acc: 0.5114
384/865 [============>.................] - ETA: 3s - loss: 1.2067 - acc: 0.5156
416/865 [=============>................] - ETA: 3s - loss: 1.2023 - acc: 0.5096
448/865 [==============>...............] - ETA: 3s - loss: 1.2034 - acc: 0.5022
480/865 [===============>..............] - ETA: 3s - loss: 1.1965 - acc: 0.5042
512/865 [================>.............] - ETA: 2s - loss: 1.2096 - acc: 0.4980
544/865 [=================>............] - ETA: 2s - loss: 1.2156 - acc: 0.4945
576/865 [==================>...........] - ETA: 2s - loss: 1.2155 - acc: 0.4948
608/865 [====================>.........] - ETA: 2s - loss: 1.2185 - acc: 0.4967
640/865 [=====================>........] - ETA: 1s - loss: 1.2091 - acc: 0.5031
672/865 [======================>.......] - ETA: 1s - loss: 1.2079 - acc: 0.5030
704/865 [=======================>......] - ETA: 1s - loss: 1.1972 - acc: 0.5085
736/865 [========================>.....] - ETA: 1s - loss: 1.1956 - acc: 0.5082
768/865 [=========================>....] - ETA: 0s - loss: 1.1975 - acc: 0.5078
800/865 [==========================>...] - ETA: 0s - loss: 1.2001 - acc: 0.5075
832/865 [===========================>..] - ETA: 0s - loss: 1.2020 - acc: 0.5120
864/865 [============================>.] - ETA: 0s - loss: 1.1956 - acc: 0.5116
865/865 [==============================] - 7s 8ms/sample - loss: 1.1953 - acc: 0.5121

  32/3458 [..............................] - ETA: 1:58 - loss: 1.3580 - acc: 0.3438
  64/3458 [..............................] - ETA: 1:57 - loss: 1.2530 - acc: 0.4375
  96/3458 [..............................] - ETA: 1:56 - loss: 1.1554 - acc: 0.5208
 128/3458 [>.............................] - ETA: 1:55 - loss: 1.1525 - acc: 0.5391
 160/3458 [>.............................] - ETA: 1:54 - loss: 1.1481 - acc: 0.5312
 192/3458 [>.............................] - ETA: 1:53 - loss: 1.1519 - acc: 0.5104
 224/3458 [>.............................] - ETA: 1:52 - loss: 1.1297 - acc: 0.5312
 256/3458 [=>............................] - ETA: 1:51 - loss: 1.1596 - acc: 0.5273
 288/3458 [=>............................] - ETA: 1:50 - loss: 1.1278 - acc: 0.5451
 320/3458 [=>............................] - ETA: 1:49 - loss: 1.1224 - acc: 0.5375
 352/3458 [==>...........................] - ETA: 1:48 - loss: 1.1085 - acc: 0.5426
 384/3458 [==>...........................] - ETA: 1:46 - loss: 1.1326 - acc: 0.5339
 416/3458 [==>...........................] - ETA: 1:45 - loss: 1.1315 - acc: 0.5361
 448/3458 [==>...........................] - ETA: 1:44 - loss: 1.1321 - acc: 0.5446
 480/3458 [===>..........................] - ETA: 1:43 - loss: 1.1470 - acc: 0.5437
 512/3458 [===>..........................] - ETA: 1:42 - loss: 1.1394 - acc: 0.5391
 544/3458 [===>..........................] - ETA: 1:41 - loss: 1.1440 - acc: 0.5368
 576/3458 [===>..........................] - ETA: 1:40 - loss: 1.1498 - acc: 0.5295
 608/3458 [====>.........................] - ETA: 1:38 - loss: 1.1529 - acc: 0.5280
 640/3458 [====>.........................] - ETA: 1:37 - loss: 1.1465 - acc: 0.5312
 672/3458 [====>.........................] - ETA: 1:36 - loss: 1.1480 - acc: 0.5312
 704/3458 [=====>........................] - ETA: 1:35 - loss: 1.1642 - acc: 0.5213
 736/3458 [=====>........................] - ETA: 1:34 - loss: 1.1647 - acc: 0.5163
 768/3458 [=====>........................] - ETA: 1:33 - loss: 1.1617 - acc: 0.5169
 800/3458 [=====>........................] - ETA: 1:32 - loss: 1.1559 - acc: 0.5200
 832/3458 [======>.......................] - ETA: 1:31 - loss: 1.1559 - acc: 0.5204
 864/3458 [======>.......................] - ETA: 1:30 - loss: 1.1562 - acc: 0.5185
 896/3458 [======>.......................] - ETA: 1:28 - loss: 1.1645 - acc: 0.5134
 928/3458 [=======>......................] - ETA: 1:27 - loss: 1.1671 - acc: 0.5075
 960/3458 [=======>......................] - ETA: 1:26 - loss: 1.1651 - acc: 0.5073
 992/3458 [=======>......................] - ETA: 1:25 - loss: 1.1621 - acc: 0.5091
1024/3458 [=======>......................] - ETA: 1:24 - loss: 1.1569 - acc: 0.5127
1056/3458 [========>.....................] - ETA: 1:23 - loss: 1.1567 - acc: 0.5114
1088/3458 [========>.....................] - ETA: 1:22 - loss: 1.1543 - acc: 0.5101
1120/3458 [========>.....................] - ETA: 1:21 - loss: 1.1525 - acc: 0.5107
1152/3458 [========>.....................] - ETA: 1:20 - loss: 1.1507 - acc: 0.5104
1184/3458 [=========>....................] - ETA: 1:18 - loss: 1.1529 - acc: 0.5110
1216/3458 [=========>....................] - ETA: 1:17 - loss: 1.1532 - acc: 0.5090
1248/3458 [=========>....................] - ETA: 1:16 - loss: 1.1544 - acc: 0.5104
1280/3458 [==========>...................] - ETA: 1:15 - loss: 1.1494 - acc: 0.5133
1312/3458 [==========>...................] - ETA: 1:14 - loss: 1.1506 - acc: 0.5107
1344/3458 [==========>...................] - ETA: 1:13 - loss: 1.1586 - acc: 0.5097
1376/3458 [==========>...................] - ETA: 1:12 - loss: 1.1565 - acc: 0.5102
1408/3458 [===========>..................] - ETA: 1:11 - loss: 1.1567 - acc: 0.5099
1440/3458 [===========>..................] - ETA: 1:10 - loss: 1.1530 - acc: 0.5125
1472/3458 [===========>..................] - ETA: 1:08 - loss: 1.1490 - acc: 0.5149
1504/3458 [============>.................] - ETA: 1:07 - loss: 1.1464 - acc: 0.5193
1536/3458 [============>.................] - ETA: 1:06 - loss: 1.1489 - acc: 0.5169
1568/3458 [============>.................] - ETA: 1:05 - loss: 1.1474 - acc: 0.5179
1600/3458 [============>.................] - ETA: 1:04 - loss: 1.1459 - acc: 0.5200
1632/3458 [=============>................] - ETA: 1:03 - loss: 1.1393 - acc: 0.5233
1664/3458 [=============>................] - ETA: 1:02 - loss: 1.1395 - acc: 0.5240
1696/3458 [=============>................] - ETA: 1:01 - loss: 1.1410 - acc: 0.5218
1728/3458 [=============>................] - ETA: 1:00 - loss: 1.1411 - acc: 0.5203
1760/3458 [==============>...............] - ETA: 58s - loss: 1.1396 - acc: 0.5222 
1792/3458 [==============>...............] - ETA: 57s - loss: 1.1460 - acc: 0.5223
1824/3458 [==============>...............] - ETA: 56s - loss: 1.1414 - acc: 0.5241
1856/3458 [===============>..............] - ETA: 55s - loss: 1.1488 - acc: 0.5221
1888/3458 [===============>..............] - ETA: 54s - loss: 1.1482 - acc: 0.5217
1920/3458 [===============>..............] - ETA: 53s - loss: 1.1512 - acc: 0.5214
1952/3458 [===============>..............] - ETA: 52s - loss: 1.1489 - acc: 0.5220
1984/3458 [================>.............] - ETA: 51s - loss: 1.1459 - acc: 0.5242
2016/3458 [================>.............] - ETA: 50s - loss: 1.1472 - acc: 0.5213
2048/3458 [================>.............] - ETA: 48s - loss: 1.1456 - acc: 0.5225
2080/3458 [=================>............] - ETA: 47s - loss: 1.1429 - acc: 0.5255
2112/3458 [=================>............] - ETA: 46s - loss: 1.1450 - acc: 0.5256
2144/3458 [=================>............] - ETA: 45s - loss: 1.1415 - acc: 0.5271
2176/3458 [=================>............] - ETA: 44s - loss: 1.1402 - acc: 0.5267
2208/3458 [==================>...........] - ETA: 43s - loss: 1.1421 - acc: 0.5245
2240/3458 [==================>...........] - ETA: 42s - loss: 1.1403 - acc: 0.5268
2272/3458 [==================>...........] - ETA: 41s - loss: 1.1419 - acc: 0.5251
2304/3458 [==================>...........] - ETA: 40s - loss: 1.1461 - acc: 0.5247
2336/3458 [===================>..........] - ETA: 38s - loss: 1.1491 - acc: 0.5235
2368/3458 [===================>..........] - ETA: 37s - loss: 1.1479 - acc: 0.5245
2400/3458 [===================>..........] - ETA: 36s - loss: 1.1478 - acc: 0.5238
2432/3458 [====================>.........] - ETA: 35s - loss: 1.1447 - acc: 0.5243
2464/3458 [====================>.........] - ETA: 34s - loss: 1.1446 - acc: 0.5244
2496/3458 [====================>.........] - ETA: 33s - loss: 1.1443 - acc: 0.5252
2528/3458 [====================>.........] - ETA: 32s - loss: 1.1459 - acc: 0.5261
2560/3458 [=====================>........] - ETA: 31s - loss: 1.1445 - acc: 0.5273
2592/3458 [=====================>........] - ETA: 30s - loss: 1.1433 - acc: 0.5274
2624/3458 [=====================>........] - ETA: 28s - loss: 1.1426 - acc: 0.5286
2656/3458 [======================>.......] - ETA: 27s - loss: 1.1423 - acc: 0.5294
2688/3458 [======================>.......] - ETA: 26s - loss: 1.1411 - acc: 0.5298
2720/3458 [======================>.......] - ETA: 25s - loss: 1.1402 - acc: 0.5290
2752/3458 [======================>.......] - ETA: 24s - loss: 1.1419 - acc: 0.5291
2784/3458 [=======================>......] - ETA: 23s - loss: 1.1429 - acc: 0.5280
2816/3458 [=======================>......] - ETA: 22s - loss: 1.1428 - acc: 0.5281
2848/3458 [=======================>......] - ETA: 21s - loss: 1.1408 - acc: 0.5281
2880/3458 [=======================>......] - ETA: 20s - loss: 1.1415 - acc: 0.5278
2912/3458 [========================>.....] - ETA: 18s - loss: 1.1441 - acc: 0.5282
2944/3458 [========================>.....] - ETA: 17s - loss: 1.1433 - acc: 0.5279
2976/3458 [========================>.....] - ETA: 16s - loss: 1.1451 - acc: 0.5276
3008/3458 [=========================>....] - ETA: 15s - loss: 1.1435 - acc: 0.5299
3040/3458 [=========================>....] - ETA: 14s - loss: 1.1410 - acc: 0.5322
3072/3458 [=========================>....] - ETA: 13s - loss: 1.1383 - acc: 0.5335
3104/3458 [=========================>....] - ETA: 12s - loss: 1.1360 - acc: 0.5345
3136/3458 [==========================>...] - ETA: 11s - loss: 1.1368 - acc: 0.5341
3168/3458 [==========================>...] - ETA: 10s - loss: 1.1404 - acc: 0.5328
3200/3458 [==========================>...] - ETA: 8s - loss: 1.1383 - acc: 0.5341 
3232/3458 [===========================>..] - ETA: 7s - loss: 1.1383 - acc: 0.5350
3264/3458 [===========================>..] - ETA: 6s - loss: 1.1438 - acc: 0.5340
3296/3458 [===========================>..] - ETA: 5s - loss: 1.1438 - acc: 0.5337
3328/3458 [===========================>..] - ETA: 4s - loss: 1.1428 - acc: 0.5325
3360/3458 [============================>.] - ETA: 3s - loss: 1.1415 - acc: 0.5327
3392/3458 [============================>.] - ETA: 2s - loss: 1.1400 - acc: 0.5336
3424/3458 [============================>.] - ETA: 1s - loss: 1.1407 - acc: 0.5333
3456/3458 [============================>.] - ETA: 0s - loss: 1.1409 - acc: 0.5336
3458/3458 [==============================] - 120s 35ms/sample - loss: 1.1407 - acc: 0.5335

 32/865 [>.............................] - ETA: 6s - loss: 1.1042 - acc: 0.5625
 64/865 [=>............................] - ETA: 6s - loss: 1.3383 - acc: 0.4062
 96/865 [==>...........................] - ETA: 6s - loss: 1.2210 - acc: 0.4792
128/865 [===>..........................] - ETA: 5s - loss: 1.1579 - acc: 0.5312
160/865 [====>.........................] - ETA: 5s - loss: 1.1724 - acc: 0.5312
192/865 [=====>........................] - ETA: 5s - loss: 1.1590 - acc: 0.5417
224/865 [======>.......................] - ETA: 5s - loss: 1.1480 - acc: 0.5536
256/865 [=======>......................] - ETA: 4s - loss: 1.1844 - acc: 0.5469
288/865 [========>.....................] - ETA: 4s - loss: 1.1746 - acc: 0.5382
320/865 [==========>...................] - ETA: 4s - loss: 1.1558 - acc: 0.5500
352/865 [===========>..................] - ETA: 3s - loss: 1.1858 - acc: 0.5483
384/865 [============>.................] - ETA: 3s - loss: 1.1713 - acc: 0.5573
416/865 [=============>................] - ETA: 3s - loss: 1.1697 - acc: 0.5433
448/865 [==============>...............] - ETA: 3s - loss: 1.1707 - acc: 0.5424
480/865 [===============>..............] - ETA: 3s - loss: 1.1624 - acc: 0.5479
512/865 [================>.............] - ETA: 2s - loss: 1.1674 - acc: 0.5430
544/865 [=================>............] - ETA: 2s - loss: 1.1630 - acc: 0.5460
576/865 [==================>...........] - ETA: 2s - loss: 1.1603 - acc: 0.5469
608/865 [====================>.........] - ETA: 2s - loss: 1.1591 - acc: 0.5510
640/865 [=====================>........] - ETA: 1s - loss: 1.1503 - acc: 0.5531
672/865 [======================>.......] - ETA: 1s - loss: 1.1428 - acc: 0.5580
704/865 [=======================>......] - ETA: 1s - loss: 1.1327 - acc: 0.5582
736/865 [========================>.....] - ETA: 1s - loss: 1.1341 - acc: 0.5571
768/865 [=========================>....] - ETA: 0s - loss: 1.1335 - acc: 0.5560
800/865 [==========================>...] - ETA: 0s - loss: 1.1383 - acc: 0.5525
832/865 [===========================>..] - ETA: 0s - loss: 1.1325 - acc: 0.5589
864/865 [============================>.] - ETA: 0s - loss: 1.1290 - acc: 0.5602
865/865 [==============================] - 7s 8ms/sample - loss: 1.1286 - acc: 0.5607

  32/3458 [..............................] - ETA: 1:57 - loss: 0.9877 - acc: 0.6562
  64/3458 [..............................] - ETA: 1:58 - loss: 0.9960 - acc: 0.6719
  96/3458 [..............................] - ETA: 1:57 - loss: 1.0605 - acc: 0.6354
 128/3458 [>.............................] - ETA: 1:56 - loss: 1.0447 - acc: 0.6172
 160/3458 [>.............................] - ETA: 1:55 - loss: 1.0240 - acc: 0.6250
 192/3458 [>.............................] - ETA: 1:54 - loss: 1.0055 - acc: 0.6302
 224/3458 [>.............................] - ETA: 1:52 - loss: 1.0225 - acc: 0.6250
 256/3458 [=>............................] - ETA: 1:51 - loss: 1.0151 - acc: 0.6289
 288/3458 [=>............................] - ETA: 1:50 - loss: 1.0044 - acc: 0.6319
 320/3458 [=>............................] - ETA: 1:49 - loss: 1.0208 - acc: 0.6219
 352/3458 [==>...........................] - ETA: 1:48 - loss: 1.0013 - acc: 0.6108
 384/3458 [==>...........................] - ETA: 1:47 - loss: 1.0161 - acc: 0.5990
 416/3458 [==>...........................] - ETA: 1:45 - loss: 1.0087 - acc: 0.6010
 448/3458 [==>...........................] - ETA: 1:44 - loss: 1.0128 - acc: 0.5982
 480/3458 [===>..........................] - ETA: 1:43 - loss: 1.0129 - acc: 0.5979
 512/3458 [===>..........................] - ETA: 1:42 - loss: 1.0059 - acc: 0.6016
 544/3458 [===>..........................] - ETA: 1:41 - loss: 1.0002 - acc: 0.6066
 576/3458 [===>..........................] - ETA: 1:40 - loss: 1.0021 - acc: 0.6128
 608/3458 [====>.........................] - ETA: 1:39 - loss: 1.0020 - acc: 0.6184
 640/3458 [====>.........................] - ETA: 1:38 - loss: 0.9955 - acc: 0.6219
 672/3458 [====>.........................] - ETA: 1:37 - loss: 0.9977 - acc: 0.6176
 704/3458 [=====>........................] - ETA: 1:36 - loss: 1.0004 - acc: 0.6122
 736/3458 [=====>........................] - ETA: 1:34 - loss: 1.0117 - acc: 0.6114
 768/3458 [=====>........................] - ETA: 1:33 - loss: 1.0168 - acc: 0.6055
 800/3458 [=====>........................] - ETA: 1:32 - loss: 1.0142 - acc: 0.6025
 832/3458 [======>.......................] - ETA: 1:31 - loss: 1.0130 - acc: 0.6034
 864/3458 [======>.......................] - ETA: 1:30 - loss: 1.0169 - acc: 0.5995
 896/3458 [======>.......................] - ETA: 1:29 - loss: 1.0228 - acc: 0.5982
 928/3458 [=======>......................] - ETA: 1:28 - loss: 1.0129 - acc: 0.6034
 960/3458 [=======>......................] - ETA: 1:27 - loss: 1.0079 - acc: 0.6052
 992/3458 [=======>......................] - ETA: 1:25 - loss: 1.0039 - acc: 0.6058
1024/3458 [=======>......................] - ETA: 1:24 - loss: 1.0103 - acc: 0.6025
1056/3458 [========>.....................] - ETA: 1:23 - loss: 1.0060 - acc: 0.6051
1088/3458 [========>.....................] - ETA: 1:22 - loss: 1.0106 - acc: 0.6020
1120/3458 [========>.....................] - ETA: 1:21 - loss: 1.0046 - acc: 0.6054
1152/3458 [========>.....................] - ETA: 1:20 - loss: 0.9994 - acc: 0.6102
1184/3458 [=========>....................] - ETA: 1:19 - loss: 0.9979 - acc: 0.6081
1216/3458 [=========>....................] - ETA: 1:18 - loss: 1.0087 - acc: 0.6044
1248/3458 [=========>....................] - ETA: 1:17 - loss: 1.0050 - acc: 0.6050
1280/3458 [==========>...................] - ETA: 1:15 - loss: 1.0041 - acc: 0.6062
1312/3458 [==========>...................] - ETA: 1:14 - loss: 0.9997 - acc: 0.6059
1344/3458 [==========>...................] - ETA: 1:13 - loss: 0.9984 - acc: 0.6086
1376/3458 [==========>...................] - ETA: 1:12 - loss: 0.9962 - acc: 0.6076
1408/3458 [===========>..................] - ETA: 1:11 - loss: 0.9949 - acc: 0.6072
1440/3458 [===========>..................] - ETA: 1:10 - loss: 0.9951 - acc: 0.6062
1472/3458 [===========>..................] - ETA: 1:09 - loss: 1.0091 - acc: 0.6053
1504/3458 [============>.................] - ETA: 1:08 - loss: 1.0086 - acc: 0.6037
1536/3458 [============>.................] - ETA: 1:07 - loss: 1.0076 - acc: 0.6055
1568/3458 [============>.................] - ETA: 1:05 - loss: 1.0099 - acc: 0.6046
1600/3458 [============>.................] - ETA: 1:04 - loss: 1.0069 - acc: 0.6069
1632/3458 [=============>................] - ETA: 1:03 - loss: 1.0112 - acc: 0.6054
1664/3458 [=============>................] - ETA: 1:02 - loss: 1.0122 - acc: 0.6058
1696/3458 [=============>................] - ETA: 1:01 - loss: 1.0185 - acc: 0.6032
1728/3458 [=============>................] - ETA: 1:00 - loss: 1.0136 - acc: 0.6059
1760/3458 [==============>...............] - ETA: 59s - loss: 1.0081 - acc: 0.6091 
1792/3458 [==============>...............] - ETA: 58s - loss: 1.0092 - acc: 0.6077
1824/3458 [==============>...............] - ETA: 57s - loss: 1.0095 - acc: 0.6064
1856/3458 [===============>..............] - ETA: 55s - loss: 1.0077 - acc: 0.6072
1888/3458 [===============>..............] - ETA: 54s - loss: 1.0108 - acc: 0.6059
1920/3458 [===============>..............] - ETA: 53s - loss: 1.0127 - acc: 0.6052
1952/3458 [===============>..............] - ETA: 52s - loss: 1.0125 - acc: 0.6035
1984/3458 [================>.............] - ETA: 51s - loss: 1.0136 - acc: 0.6018
2016/3458 [================>.............] - ETA: 50s - loss: 1.0163 - acc: 0.6007
2048/3458 [================>.............] - ETA: 49s - loss: 1.0172 - acc: 0.5996
2080/3458 [=================>............] - ETA: 48s - loss: 1.0171 - acc: 0.5981
2112/3458 [=================>............] - ETA: 46s - loss: 1.0163 - acc: 0.5985
2144/3458 [=================>............] - ETA: 45s - loss: 1.0144 - acc: 0.6003
2176/3458 [=================>............] - ETA: 44s - loss: 1.0106 - acc: 0.6020
2208/3458 [==================>...........] - ETA: 43s - loss: 1.0102 - acc: 0.6024
2240/3458 [==================>...........] - ETA: 42s - loss: 1.0058 - acc: 0.6049
2272/3458 [==================>...........] - ETA: 41s - loss: 1.0064 - acc: 0.6048
2304/3458 [==================>...........] - ETA: 40s - loss: 1.0074 - acc: 0.6033
2336/3458 [===================>..........] - ETA: 39s - loss: 1.0088 - acc: 0.6019
2368/3458 [===================>..........] - ETA: 38s - loss: 1.0092 - acc: 0.6026
2400/3458 [===================>..........] - ETA: 36s - loss: 1.0078 - acc: 0.6033
2432/3458 [====================>.........] - ETA: 35s - loss: 1.0052 - acc: 0.6057
2464/3458 [====================>.........] - ETA: 34s - loss: 1.0037 - acc: 0.6063
2496/3458 [====================>.........] - ETA: 33s - loss: 1.0034 - acc: 0.6058
2528/3458 [====================>.........] - ETA: 32s - loss: 1.0013 - acc: 0.6048
2560/3458 [=====================>........] - ETA: 31s - loss: 1.0029 - acc: 0.6047
2592/3458 [=====================>........] - ETA: 30s - loss: 0.9999 - acc: 0.6057
2624/3458 [=====================>........] - ETA: 29s - loss: 1.0001 - acc: 0.6059
2656/3458 [======================>.......] - ETA: 27s - loss: 1.0002 - acc: 0.6047
2688/3458 [======================>.......] - ETA: 26s - loss: 0.9996 - acc: 0.6045
2720/3458 [======================>.......] - ETA: 25s - loss: 1.0019 - acc: 0.6037
2752/3458 [======================>.......] - ETA: 24s - loss: 0.9985 - acc: 0.6054
2784/3458 [=======================>......] - ETA: 23s - loss: 1.0064 - acc: 0.6024
2816/3458 [=======================>......] - ETA: 22s - loss: 1.0056 - acc: 0.6030
2848/3458 [=======================>......] - ETA: 21s - loss: 1.0032 - acc: 0.6039
2880/3458 [=======================>......] - ETA: 20s - loss: 1.0037 - acc: 0.6035
2912/3458 [========================>.....] - ETA: 19s - loss: 1.0035 - acc: 0.6027
2944/3458 [========================>.....] - ETA: 17s - loss: 1.0031 - acc: 0.6033
2976/3458 [========================>.....] - ETA: 16s - loss: 1.0090 - acc: 0.6022
3008/3458 [=========================>....] - ETA: 15s - loss: 1.0102 - acc: 0.6007
3040/3458 [=========================>....] - ETA: 14s - loss: 1.0120 - acc: 0.5997
3072/3458 [=========================>....] - ETA: 13s - loss: 1.0187 - acc: 0.5967
3104/3458 [=========================>....] - ETA: 12s - loss: 1.0187 - acc: 0.5973
3136/3458 [==========================>...] - ETA: 11s - loss: 1.0186 - acc: 0.5979
3168/3458 [==========================>...] - ETA: 10s - loss: 1.0190 - acc: 0.5972
3200/3458 [==========================>...] - ETA: 8s - loss: 1.0166 - acc: 0.5981 
3232/3458 [===========================>..] - ETA: 7s - loss: 1.0165 - acc: 0.5981
3264/3458 [===========================>..] - ETA: 6s - loss: 1.0143 - acc: 0.5996
3296/3458 [===========================>..] - ETA: 5s - loss: 1.0110 - acc: 0.6013
3328/3458 [===========================>..] - ETA: 4s - loss: 1.0113 - acc: 0.6007
3360/3458 [============================>.] - ETA: 3s - loss: 1.0119 - acc: 0.6006
3392/3458 [============================>.] - ETA: 2s - loss: 1.0114 - acc: 0.6002
3424/3458 [============================>.] - ETA: 1s - loss: 1.0146 - acc: 0.5990
3456/3458 [============================>.] - ETA: 0s - loss: 1.0179 - acc: 0.5981
3458/3458 [==============================] - 121s 35ms/sample - loss: 1.0180 - acc: 0.5977

 32/865 [>.............................] - ETA: 6s - loss: 1.0160 - acc: 0.6250
 64/865 [=>............................] - ETA: 6s - loss: 1.3298 - acc: 0.5000
 96/865 [==>...........................] - ETA: 6s - loss: 1.1974 - acc: 0.5312
128/865 [===>..........................] - ETA: 5s - loss: 1.1214 - acc: 0.5625
160/865 [====>.........................] - ETA: 5s - loss: 1.1693 - acc: 0.5562
192/865 [=====>........................] - ETA: 5s - loss: 1.1371 - acc: 0.5729
224/865 [======>.......................] - ETA: 5s - loss: 1.1071 - acc: 0.5848
256/865 [=======>......................] - ETA: 4s - loss: 1.1506 - acc: 0.5664
288/865 [========>.....................] - ETA: 4s - loss: 1.1466 - acc: 0.5764
320/865 [==========>...................] - ETA: 4s - loss: 1.1018 - acc: 0.5906
352/865 [===========>..................] - ETA: 3s - loss: 1.1311 - acc: 0.5881
384/865 [============>.................] - ETA: 3s - loss: 1.1181 - acc: 0.5911
416/865 [=============>................] - ETA: 3s - loss: 1.1215 - acc: 0.5769
448/865 [==============>...............] - ETA: 3s - loss: 1.1291 - acc: 0.5737
480/865 [===============>..............] - ETA: 3s - loss: 1.1222 - acc: 0.5792
512/865 [================>.............] - ETA: 2s - loss: 1.1265 - acc: 0.5781
544/865 [=================>............] - ETA: 2s - loss: 1.1179 - acc: 0.5827
576/865 [==================>...........] - ETA: 2s - loss: 1.1115 - acc: 0.5833
608/865 [====================>.........] - ETA: 2s - loss: 1.1101 - acc: 0.5839
640/865 [=====================>........] - ETA: 1s - loss: 1.1028 - acc: 0.5844
672/865 [======================>.......] - ETA: 1s - loss: 1.0901 - acc: 0.5923
704/865 [=======================>......] - ETA: 1s - loss: 1.0790 - acc: 0.5938
736/865 [========================>.....] - ETA: 1s - loss: 1.0806 - acc: 0.5938
768/865 [=========================>....] - ETA: 0s - loss: 1.0835 - acc: 0.5911
800/865 [==========================>...] - ETA: 0s - loss: 1.0916 - acc: 0.5888
832/865 [===========================>..] - ETA: 0s - loss: 1.0850 - acc: 0.5889
864/865 [============================>.] - ETA: 0s - loss: 1.0759 - acc: 0.5914
865/865 [==============================] - 7s 8ms/sample - loss: 1.0753 - acc: 0.5919

  32/3458 [..............................] - ETA: 1:59 - loss: 0.7916 - acc: 0.6562
  64/3458 [..............................] - ETA: 1:58 - loss: 0.8497 - acc: 0.6406
  96/3458 [..............................] - ETA: 1:57 - loss: 0.9225 - acc: 0.6771
 128/3458 [>.............................] - ETA: 1:56 - loss: 0.9982 - acc: 0.6328
 160/3458 [>.............................] - ETA: 1:55 - loss: 0.9706 - acc: 0.6375
 192/3458 [>.............................] - ETA: 1:54 - loss: 0.9422 - acc: 0.6510
 224/3458 [>.............................] - ETA: 1:53 - loss: 0.9411 - acc: 0.6473
 256/3458 [=>............................] - ETA: 1:51 - loss: 0.9406 - acc: 0.6484
 288/3458 [=>............................] - ETA: 1:50 - loss: 0.9177 - acc: 0.6562
 320/3458 [=>............................] - ETA: 1:49 - loss: 0.9221 - acc: 0.6531
 352/3458 [==>...........................] - ETA: 1:48 - loss: 0.9229 - acc: 0.6477
 384/3458 [==>...........................] - ETA: 1:47 - loss: 0.9182 - acc: 0.6536
 416/3458 [==>...........................] - ETA: 1:46 - loss: 0.9207 - acc: 0.6514
 448/3458 [==>...........................] - ETA: 1:45 - loss: 0.9481 - acc: 0.6406
 480/3458 [===>..........................] - ETA: 1:44 - loss: 0.9362 - acc: 0.6438
 512/3458 [===>..........................] - ETA: 1:43 - loss: 0.9288 - acc: 0.6445
 544/3458 [===>..........................] - ETA: 1:41 - loss: 0.9262 - acc: 0.6397
 576/3458 [===>..........................] - ETA: 1:40 - loss: 0.9186 - acc: 0.6389
 608/3458 [====>.........................] - ETA: 1:39 - loss: 0.9225 - acc: 0.6382
 640/3458 [====>.........................] - ETA: 1:38 - loss: 0.9213 - acc: 0.6406
 672/3458 [====>.........................] - ETA: 1:37 - loss: 0.9211 - acc: 0.6443
 704/3458 [=====>........................] - ETA: 1:36 - loss: 0.9298 - acc: 0.6420
 736/3458 [=====>........................] - ETA: 1:35 - loss: 0.9364 - acc: 0.6359
 768/3458 [=====>........................] - ETA: 1:34 - loss: 0.9398 - acc: 0.6328
 800/3458 [=====>........................] - ETA: 1:33 - loss: 0.9368 - acc: 0.6313
 832/3458 [======>.......................] - ETA: 1:31 - loss: 0.9254 - acc: 0.6394
 864/3458 [======>.......................] - ETA: 1:30 - loss: 0.9225 - acc: 0.6412
 896/3458 [======>.......................] - ETA: 1:29 - loss: 0.9203 - acc: 0.6440
 928/3458 [=======>......................] - ETA: 1:28 - loss: 0.9207 - acc: 0.6444
 960/3458 [=======>......................] - ETA: 1:27 - loss: 0.9154 - acc: 0.6458
 992/3458 [=======>......................] - ETA: 1:26 - loss: 0.9135 - acc: 0.6472
1024/3458 [=======>......................] - ETA: 1:25 - loss: 0.9225 - acc: 0.6406
1056/3458 [========>.....................] - ETA: 1:24 - loss: 0.9160 - acc: 0.6420
1088/3458 [========>.....................] - ETA: 1:22 - loss: 0.9110 - acc: 0.6415
1120/3458 [========>.....................] - ETA: 1:21 - loss: 0.9089 - acc: 0.6420
1152/3458 [========>.....................] - ETA: 1:20 - loss: 0.9072 - acc: 0.6415
1184/3458 [=========>....................] - ETA: 1:19 - loss: 0.9098 - acc: 0.6377
1216/3458 [=========>....................] - ETA: 1:18 - loss: 0.9115 - acc: 0.6382
1248/3458 [=========>....................] - ETA: 1:17 - loss: 0.9005 - acc: 0.6434
1280/3458 [==========>...................] - ETA: 1:16 - loss: 0.9014 - acc: 0.6445
1312/3458 [==========>...................] - ETA: 1:15 - loss: 0.9002 - acc: 0.6456
1344/3458 [==========>...................] - ETA: 1:13 - loss: 0.9073 - acc: 0.6429
1376/3458 [==========>...................] - ETA: 1:12 - loss: 0.9097 - acc: 0.6410
1408/3458 [===========>..................] - ETA: 1:11 - loss: 0.9199 - acc: 0.6371
1440/3458 [===========>..................] - ETA: 1:10 - loss: 0.9147 - acc: 0.6382
1472/3458 [===========>..................] - ETA: 1:09 - loss: 0.9158 - acc: 0.6352
1504/3458 [============>.................] - ETA: 1:08 - loss: 0.9137 - acc: 0.6356
1536/3458 [============>.................] - ETA: 1:07 - loss: 0.9117 - acc: 0.6374
1568/3458 [============>.................] - ETA: 1:06 - loss: 0.9090 - acc: 0.6378
1600/3458 [============>.................] - ETA: 1:04 - loss: 0.9029 - acc: 0.6419
1632/3458 [=============>................] - ETA: 1:03 - loss: 0.9062 - acc: 0.6403
1664/3458 [=============>................] - ETA: 1:02 - loss: 0.9116 - acc: 0.6382
1696/3458 [=============>................] - ETA: 1:01 - loss: 0.9118 - acc: 0.6397
1728/3458 [=============>................] - ETA: 1:00 - loss: 0.9119 - acc: 0.6383
1760/3458 [==============>...............] - ETA: 59s - loss: 0.9133 - acc: 0.6375 
1792/3458 [==============>...............] - ETA: 58s - loss: 0.9190 - acc: 0.6356
1824/3458 [==============>...............] - ETA: 57s - loss: 0.9170 - acc: 0.6354
1856/3458 [===============>..............] - ETA: 56s - loss: 0.9163 - acc: 0.6374
1888/3458 [===============>..............] - ETA: 54s - loss: 0.9173 - acc: 0.6372
1920/3458 [===============>..............] - ETA: 53s - loss: 0.9164 - acc: 0.6406
1952/3458 [===============>..............] - ETA: 52s - loss: 0.9126 - acc: 0.6429
1984/3458 [================>.............] - ETA: 51s - loss: 0.9142 - acc: 0.6406
2016/3458 [================>.............] - ETA: 50s - loss: 0.9114 - acc: 0.6414
2048/3458 [================>.............] - ETA: 49s - loss: 0.9114 - acc: 0.6401
2080/3458 [=================>............] - ETA: 48s - loss: 0.9090 - acc: 0.6413
2112/3458 [=================>............] - ETA: 47s - loss: 0.9065 - acc: 0.6425
2144/3458 [=================>............] - ETA: 45s - loss: 0.9062 - acc: 0.6432
2176/3458 [=================>............] - ETA: 44s - loss: 0.9078 - acc: 0.6402
2208/3458 [==================>...........] - ETA: 43s - loss: 0.9053 - acc: 0.6413
2240/3458 [==================>...........] - ETA: 42s - loss: 0.8997 - acc: 0.6438
2272/3458 [==================>...........] - ETA: 41s - loss: 0.9004 - acc: 0.6430
2304/3458 [==================>...........] - ETA: 40s - loss: 0.8984 - acc: 0.6445
2336/3458 [===================>..........] - ETA: 39s - loss: 0.8991 - acc: 0.6455
2368/3458 [===================>..........] - ETA: 38s - loss: 0.8987 - acc: 0.6465
2400/3458 [===================>..........] - ETA: 36s - loss: 0.8994 - acc: 0.6467
2432/3458 [====================>.........] - ETA: 35s - loss: 0.8979 - acc: 0.6484
2464/3458 [====================>.........] - ETA: 34s - loss: 0.8999 - acc: 0.6477
2496/3458 [====================>.........] - ETA: 33s - loss: 0.9006 - acc: 0.6470
2528/3458 [====================>.........] - ETA: 32s - loss: 0.8988 - acc: 0.6464
2560/3458 [=====================>........] - ETA: 31s - loss: 0.8964 - acc: 0.6457
2592/3458 [=====================>........] - ETA: 30s - loss: 0.8997 - acc: 0.6439
2624/3458 [=====================>........] - ETA: 29s - loss: 0.8996 - acc: 0.6433
2656/3458 [======================>.......] - ETA: 28s - loss: 0.8970 - acc: 0.6450
2688/3458 [======================>.......] - ETA: 26s - loss: 0.8962 - acc: 0.6447
2720/3458 [======================>.......] - ETA: 25s - loss: 0.8942 - acc: 0.6452
2752/3458 [======================>.......] - ETA: 24s - loss: 0.8937 - acc: 0.6453
2784/3458 [=======================>......] - ETA: 23s - loss: 0.8944 - acc: 0.6444
2816/3458 [=======================>......] - ETA: 22s - loss: 0.8945 - acc: 0.6442
2848/3458 [=======================>......] - ETA: 21s - loss: 0.8930 - acc: 0.6447
2880/3458 [=======================>......] - ETA: 20s - loss: 0.8909 - acc: 0.6448
2912/3458 [========================>.....] - ETA: 19s - loss: 0.8955 - acc: 0.6435
2944/3458 [========================>.....] - ETA: 17s - loss: 0.8949 - acc: 0.6437
2976/3458 [========================>.....] - ETA: 16s - loss: 0.8944 - acc: 0.6428
3008/3458 [=========================>....] - ETA: 15s - loss: 0.8945 - acc: 0.6430
3040/3458 [=========================>....] - ETA: 14s - loss: 0.8940 - acc: 0.6441
3072/3458 [=========================>....] - ETA: 13s - loss: 0.8905 - acc: 0.6468
3104/3458 [=========================>....] - ETA: 12s - loss: 0.8898 - acc: 0.6459
3136/3458 [==========================>...] - ETA: 11s - loss: 0.8916 - acc: 0.6451
3168/3458 [==========================>...] - ETA: 10s - loss: 0.8910 - acc: 0.6452
3200/3458 [==========================>...] - ETA: 8s - loss: 0.8926 - acc: 0.6456 
3232/3458 [===========================>..] - ETA: 7s - loss: 0.8912 - acc: 0.6460
3264/3458 [===========================>..] - ETA: 6s - loss: 0.8929 - acc: 0.6458
3296/3458 [===========================>..] - ETA: 5s - loss: 0.8907 - acc: 0.6462
3328/3458 [===========================>..] - ETA: 4s - loss: 0.8902 - acc: 0.6469
3360/3458 [============================>.] - ETA: 3s - loss: 0.8917 - acc: 0.6458
3392/3458 [============================>.] - ETA: 2s - loss: 0.8914 - acc: 0.6453
3424/3458 [============================>.] - ETA: 1s - loss: 0.8896 - acc: 0.6463
3456/3458 [============================>.] - ETA: 0s - loss: 0.8884 - acc: 0.6461
3458/3458 [==============================] - 121s 35ms/sample - loss: 0.8883 - acc: 0.6460

 32/865 [>.............................] - ETA: 6s - loss: 0.9987 - acc: 0.6875
 64/865 [=>............................] - ETA: 6s - loss: 1.3330 - acc: 0.5625
 96/865 [==>...........................] - ETA: 5s - loss: 1.1885 - acc: 0.5833
128/865 [===>..........................] - ETA: 5s - loss: 1.1092 - acc: 0.6328
160/865 [====>.........................] - ETA: 5s - loss: 1.0894 - acc: 0.6187
192/865 [=====>........................] - ETA: 5s - loss: 1.0528 - acc: 0.6354
224/865 [======>.......................] - ETA: 4s - loss: 1.0405 - acc: 0.6339
256/865 [=======>......................] - ETA: 4s - loss: 1.0802 - acc: 0.6367
288/865 [========>.....................] - ETA: 4s - loss: 1.0642 - acc: 0.6285
320/865 [==========>...................] - ETA: 4s - loss: 1.0340 - acc: 0.6344
352/865 [===========>..................] - ETA: 3s - loss: 1.0819 - acc: 0.6250
384/865 [============>.................] - ETA: 3s - loss: 1.0673 - acc: 0.6328
416/865 [=============>................] - ETA: 3s - loss: 1.0627 - acc: 0.6226
448/865 [==============>...............] - ETA: 3s - loss: 1.0677 - acc: 0.6205
480/865 [===============>..............] - ETA: 2s - loss: 1.0673 - acc: 0.6208
512/865 [================>.............] - ETA: 2s - loss: 1.0823 - acc: 0.6113
544/865 [=================>............] - ETA: 2s - loss: 1.0875 - acc: 0.6066
576/865 [==================>...........] - ETA: 2s - loss: 1.0774 - acc: 0.6076
608/865 [====================>.........] - ETA: 1s - loss: 1.0737 - acc: 0.6102
640/865 [=====================>........] - ETA: 1s - loss: 1.0635 - acc: 0.6172
672/865 [======================>.......] - ETA: 1s - loss: 1.0558 - acc: 0.6161
704/865 [=======================>......] - ETA: 1s - loss: 1.0415 - acc: 0.6250
736/865 [========================>.....] - ETA: 1s - loss: 1.0438 - acc: 0.6236
768/865 [=========================>....] - ETA: 0s - loss: 1.0426 - acc: 0.6211
800/865 [==========================>...] - ETA: 0s - loss: 1.0489 - acc: 0.6162
832/865 [===========================>..] - ETA: 0s - loss: 1.0485 - acc: 0.6154
864/865 [============================>.] - ETA: 0s - loss: 1.0382 - acc: 0.6181
865/865 [==============================] - 7s 8ms/sample - loss: 1.0381 - acc: 0.6173

  32/3458 [..............................] - ETA: 1:59 - loss: 0.5436 - acc: 0.8125
  64/3458 [..............................] - ETA: 1:58 - loss: 0.7368 - acc: 0.7188
  96/3458 [..............................] - ETA: 1:57 - loss: 0.7732 - acc: 0.7188
 128/3458 [>.............................] - ETA: 1:55 - loss: 0.7643 - acc: 0.7500
 160/3458 [>.............................] - ETA: 1:55 - loss: 0.7344 - acc: 0.7563
 192/3458 [>.............................] - ETA: 1:54 - loss: 0.7722 - acc: 0.7396
 224/3458 [>.............................] - ETA: 1:52 - loss: 0.8004 - acc: 0.7143
 256/3458 [=>............................] - ETA: 1:51 - loss: 0.8236 - acc: 0.7109
 288/3458 [=>............................] - ETA: 1:50 - loss: 0.8203 - acc: 0.7049
 320/3458 [=>............................] - ETA: 1:49 - loss: 0.8274 - acc: 0.6969
 352/3458 [==>...........................] - ETA: 1:48 - loss: 0.8064 - acc: 0.7074
 384/3458 [==>...........................] - ETA: 1:47 - loss: 0.7907 - acc: 0.7057
 416/3458 [==>...........................] - ETA: 1:45 - loss: 0.7898 - acc: 0.7067
 448/3458 [==>...........................] - ETA: 1:44 - loss: 0.7818 - acc: 0.7098
 480/3458 [===>..........................] - ETA: 1:43 - loss: 0.7693 - acc: 0.7083
 512/3458 [===>..........................] - ETA: 1:42 - loss: 0.7821 - acc: 0.7051
 544/3458 [===>..........................] - ETA: 1:41 - loss: 0.7950 - acc: 0.6985
 576/3458 [===>..........................] - ETA: 1:40 - loss: 0.7859 - acc: 0.7066
 608/3458 [====>.........................] - ETA: 1:39 - loss: 0.7748 - acc: 0.7089
 640/3458 [====>.........................] - ETA: 1:38 - loss: 0.7786 - acc: 0.7016
 672/3458 [====>.........................] - ETA: 1:37 - loss: 0.7783 - acc: 0.6994
 704/3458 [=====>........................] - ETA: 1:36 - loss: 0.7760 - acc: 0.6989
 736/3458 [=====>........................] - ETA: 1:34 - loss: 0.7833 - acc: 0.6970
 768/3458 [=====>........................] - ETA: 1:33 - loss: 0.7806 - acc: 0.6953
 800/3458 [=====>........................] - ETA: 1:32 - loss: 0.7763 - acc: 0.6938
 832/3458 [======>.......................] - ETA: 1:31 - loss: 0.7766 - acc: 0.6959
 864/3458 [======>.......................] - ETA: 1:30 - loss: 0.7766 - acc: 0.6968
 896/3458 [======>.......................] - ETA: 1:29 - loss: 0.7694 - acc: 0.7009
 928/3458 [=======>......................] - ETA: 1:28 - loss: 0.7822 - acc: 0.6950
 960/3458 [=======>......................] - ETA: 1:27 - loss: 0.7860 - acc: 0.6917
 992/3458 [=======>......................] - ETA: 1:25 - loss: 0.7825 - acc: 0.6946
1024/3458 [=======>......................] - ETA: 1:24 - loss: 0.7817 - acc: 0.6943
1056/3458 [========>.....................] - ETA: 1:23 - loss: 0.7785 - acc: 0.6960
1088/3458 [========>.....................] - ETA: 1:22 - loss: 0.7758 - acc: 0.6976
1120/3458 [========>.....................] - ETA: 1:21 - loss: 0.7774 - acc: 0.6964
1152/3458 [========>.....................] - ETA: 1:20 - loss: 0.7717 - acc: 0.6988
1184/3458 [=========>....................] - ETA: 1:19 - loss: 0.7690 - acc: 0.6993
1216/3458 [=========>....................] - ETA: 1:17 - loss: 0.7728 - acc: 0.6974
1248/3458 [=========>....................] - ETA: 1:16 - loss: 0.7745 - acc: 0.6963
1280/3458 [==========>...................] - ETA: 1:15 - loss: 0.7653 - acc: 0.7000
1312/3458 [==========>...................] - ETA: 1:14 - loss: 0.7719 - acc: 0.6974
1344/3458 [==========>...................] - ETA: 1:13 - loss: 0.7712 - acc: 0.6964
1376/3458 [==========>...................] - ETA: 1:12 - loss: 0.7749 - acc: 0.6962
1408/3458 [===========>..................] - ETA: 1:11 - loss: 0.7740 - acc: 0.6960
1440/3458 [===========>..................] - ETA: 1:10 - loss: 0.7734 - acc: 0.6965
1472/3458 [===========>..................] - ETA: 1:08 - loss: 0.7721 - acc: 0.6963
1504/3458 [============>.................] - ETA: 1:07 - loss: 0.7765 - acc: 0.6961
1536/3458 [============>.................] - ETA: 1:06 - loss: 0.7737 - acc: 0.6992
1568/3458 [============>.................] - ETA: 1:05 - loss: 0.7726 - acc: 0.6990
1600/3458 [============>.................] - ETA: 1:04 - loss: 0.7732 - acc: 0.6981
1632/3458 [=============>................] - ETA: 1:03 - loss: 0.7714 - acc: 0.6979
1664/3458 [=============>................] - ETA: 1:02 - loss: 0.7748 - acc: 0.6959
1696/3458 [=============>................] - ETA: 1:01 - loss: 0.7777 - acc: 0.6975
1728/3458 [=============>................] - ETA: 1:00 - loss: 0.7791 - acc: 0.6973
1760/3458 [==============>...............] - ETA: 59s - loss: 0.7780 - acc: 0.6994 
1792/3458 [==============>...............] - ETA: 57s - loss: 0.7761 - acc: 0.6992
1824/3458 [==============>...............] - ETA: 56s - loss: 0.7705 - acc: 0.7029
1856/3458 [===============>..............] - ETA: 55s - loss: 0.7723 - acc: 0.7010
1888/3458 [===============>..............] - ETA: 54s - loss: 0.7761 - acc: 0.7002
1920/3458 [===============>..............] - ETA: 53s - loss: 0.7742 - acc: 0.7005
1952/3458 [===============>..............] - ETA: 52s - loss: 0.7775 - acc: 0.6998
1984/3458 [================>.............] - ETA: 51s - loss: 0.7769 - acc: 0.7011
2016/3458 [================>.............] - ETA: 50s - loss: 0.7758 - acc: 0.7009
2048/3458 [================>.............] - ETA: 49s - loss: 0.7748 - acc: 0.7021
2080/3458 [=================>............] - ETA: 47s - loss: 0.7770 - acc: 0.7010
2112/3458 [=================>............] - ETA: 46s - loss: 0.7719 - acc: 0.7031
2144/3458 [=================>............] - ETA: 45s - loss: 0.7741 - acc: 0.7029
2176/3458 [=================>............] - ETA: 44s - loss: 0.7742 - acc: 0.7036
2208/3458 [==================>...........] - ETA: 43s - loss: 0.7781 - acc: 0.7006
2240/3458 [==================>...........] - ETA: 42s - loss: 0.7782 - acc: 0.7009
2272/3458 [==================>...........] - ETA: 41s - loss: 0.7762 - acc: 0.7016
2304/3458 [==================>...........] - ETA: 40s - loss: 0.7809 - acc: 0.6997
2336/3458 [===================>..........] - ETA: 39s - loss: 0.7842 - acc: 0.6991
2368/3458 [===================>..........] - ETA: 37s - loss: 0.7845 - acc: 0.6989
2400/3458 [===================>..........] - ETA: 36s - loss: 0.7859 - acc: 0.6983
2432/3458 [====================>.........] - ETA: 35s - loss: 0.7893 - acc: 0.6982
2464/3458 [====================>.........] - ETA: 34s - loss: 0.7891 - acc: 0.6981
2496/3458 [====================>.........] - ETA: 33s - loss: 0.7900 - acc: 0.6983
2528/3458 [====================>.........] - ETA: 32s - loss: 0.7892 - acc: 0.6990
2560/3458 [=====================>........] - ETA: 31s - loss: 0.7902 - acc: 0.6980
2592/3458 [=====================>........] - ETA: 30s - loss: 0.7922 - acc: 0.6948
2624/3458 [=====================>........] - ETA: 29s - loss: 0.7887 - acc: 0.6970
2656/3458 [======================>.......] - ETA: 27s - loss: 0.7880 - acc: 0.6977
2688/3458 [======================>.......] - ETA: 26s - loss: 0.7914 - acc: 0.6957
2720/3458 [======================>.......] - ETA: 25s - loss: 0.7913 - acc: 0.6960
2752/3458 [======================>.......] - ETA: 24s - loss: 0.7941 - acc: 0.6955
2784/3458 [=======================>......] - ETA: 23s - loss: 0.7963 - acc: 0.6936
2816/3458 [=======================>......] - ETA: 22s - loss: 0.7957 - acc: 0.6942
2848/3458 [=======================>......] - ETA: 21s - loss: 0.7950 - acc: 0.6935
2880/3458 [=======================>......] - ETA: 20s - loss: 0.7944 - acc: 0.6938
2912/3458 [========================>.....] - ETA: 19s - loss: 0.7967 - acc: 0.6937
2944/3458 [========================>.....] - ETA: 17s - loss: 0.7956 - acc: 0.6940
2976/3458 [========================>.....] - ETA: 16s - loss: 0.7982 - acc: 0.6922
3008/3458 [=========================>....] - ETA: 15s - loss: 0.7973 - acc: 0.6925
3040/3458 [=========================>....] - ETA: 14s - loss: 0.7981 - acc: 0.6921
3072/3458 [=========================>....] - ETA: 13s - loss: 0.7957 - acc: 0.6927
3104/3458 [=========================>....] - ETA: 12s - loss: 0.7979 - acc: 0.6927
3136/3458 [==========================>...] - ETA: 11s - loss: 0.8013 - acc: 0.6910
3168/3458 [==========================>...] - ETA: 10s - loss: 0.8019 - acc: 0.6913
3200/3458 [==========================>...] - ETA: 8s - loss: 0.8037 - acc: 0.6903 
3232/3458 [===========================>..] - ETA: 7s - loss: 0.8043 - acc: 0.6900
3264/3458 [===========================>..] - ETA: 6s - loss: 0.8042 - acc: 0.6900
3296/3458 [===========================>..] - ETA: 5s - loss: 0.8026 - acc: 0.6908
3328/3458 [===========================>..] - ETA: 4s - loss: 0.8018 - acc: 0.6917
3360/3458 [============================>.] - ETA: 3s - loss: 0.8009 - acc: 0.6923
3392/3458 [============================>.] - ETA: 2s - loss: 0.8034 - acc: 0.6919
3424/3458 [============================>.] - ETA: 1s - loss: 0.8076 - acc: 0.6910
3456/3458 [============================>.] - ETA: 0s - loss: 0.8069 - acc: 0.6913
3458/3458 [==============================] - 120s 35ms/sample - loss: 0.8065 - acc: 0.6914

 32/865 [>.............................] - ETA: 6s - loss: 1.0883 - acc: 0.6562
 64/865 [=>............................] - ETA: 6s - loss: 1.5284 - acc: 0.5469
 96/865 [==>...........................] - ETA: 6s - loss: 1.3210 - acc: 0.5729
128/865 [===>..........................] - ETA: 5s - loss: 1.2070 - acc: 0.6172
160/865 [====>.........................] - ETA: 5s - loss: 1.1756 - acc: 0.6125
192/865 [=====>........................] - ETA: 5s - loss: 1.1665 - acc: 0.6302
224/865 [======>.......................] - ETA: 4s - loss: 1.1346 - acc: 0.6339
256/865 [=======>......................] - ETA: 4s - loss: 1.1856 - acc: 0.6289
288/865 [========>.....................] - ETA: 4s - loss: 1.1599 - acc: 0.6215
320/865 [==========>...................] - ETA: 4s - loss: 1.1273 - acc: 0.6313
352/865 [===========>..................] - ETA: 4s - loss: 1.1911 - acc: 0.6165
384/865 [============>.................] - ETA: 3s - loss: 1.1821 - acc: 0.6172
416/865 [=============>................] - ETA: 3s - loss: 1.1831 - acc: 0.6154
448/865 [==============>...............] - ETA: 3s - loss: 1.1861 - acc: 0.6138
480/865 [===============>..............] - ETA: 2s - loss: 1.1755 - acc: 0.6167
512/865 [================>.............] - ETA: 2s - loss: 1.1800 - acc: 0.6172
544/865 [=================>............] - ETA: 2s - loss: 1.1715 - acc: 0.6195
576/865 [==================>...........] - ETA: 2s - loss: 1.1525 - acc: 0.6198
608/865 [====================>.........] - ETA: 2s - loss: 1.1538 - acc: 0.6201
640/865 [=====================>........] - ETA: 1s - loss: 1.1503 - acc: 0.6172
672/865 [======================>.......] - ETA: 1s - loss: 1.1269 - acc: 0.6250
704/865 [=======================>......] - ETA: 1s - loss: 1.1054 - acc: 0.6307
736/865 [========================>.....] - ETA: 1s - loss: 1.1121 - acc: 0.6304
768/865 [=========================>....] - ETA: 0s - loss: 1.1042 - acc: 0.6263
800/865 [==========================>...] - ETA: 0s - loss: 1.1061 - acc: 0.6250
832/865 [===========================>..] - ETA: 0s - loss: 1.0996 - acc: 0.6274
864/865 [============================>.] - ETA: 0s - loss: 1.0891 - acc: 0.6296
865/865 [==============================] - 7s 8ms/sample - loss: 1.0882 - acc: 0.6301
