For Dense cell number 512
daisy loaded
dandelion loaded
rose loaded
sunflower loaded
tulip loaded

  32/3458 [..............................] - ETA: 3:04 - loss: 1.6784 - acc: 0.1562
  64/3458 [..............................] - ETA: 2:54 - loss: 8.6776 - acc: 0.2188
  96/3458 [..............................] - ETA: 2:49 - loss: 7.1982 - acc: 0.2396
 128/3458 [>.............................] - ETA: 2:46 - loss: 6.0330 - acc: 0.2422
 160/3458 [>.............................] - ETA: 2:44 - loss: 5.1573 - acc: 0.2313
 192/3458 [>.............................] - ETA: 2:41 - loss: 4.5569 - acc: 0.2552
 224/3458 [>.............................] - ETA: 2:39 - loss: 4.1281 - acc: 0.2545
 256/3458 [=>............................] - ETA: 2:37 - loss: 3.8063 - acc: 0.2344
 288/3458 [=>............................] - ETA: 2:36 - loss: 3.5572 - acc: 0.2361
 320/3458 [=>............................] - ETA: 2:33 - loss: 3.3729 - acc: 0.2313
 352/3458 [==>...........................] - ETA: 2:32 - loss: 3.2044 - acc: 0.2415
 384/3458 [==>...........................] - ETA: 2:30 - loss: 3.0683 - acc: 0.2422
 416/3458 [==>...........................] - ETA: 2:28 - loss: 2.9524 - acc: 0.2452
 448/3458 [==>...........................] - ETA: 2:27 - loss: 2.8507 - acc: 0.2455
 480/3458 [===>..........................] - ETA: 2:25 - loss: 2.7581 - acc: 0.2583
 512/3458 [===>..........................] - ETA: 2:23 - loss: 2.6765 - acc: 0.2598
 544/3458 [===>..........................] - ETA: 2:22 - loss: 2.6030 - acc: 0.2665
 576/3458 [===>..........................] - ETA: 2:20 - loss: 2.5376 - acc: 0.2726
 608/3458 [====>.........................] - ETA: 2:19 - loss: 2.4853 - acc: 0.2730
 640/3458 [====>.........................] - ETA: 2:17 - loss: 2.4319 - acc: 0.2891
 672/3458 [====>.........................] - ETA: 2:15 - loss: 2.3857 - acc: 0.2917
 704/3458 [=====>........................] - ETA: 2:14 - loss: 2.3379 - acc: 0.3011
 736/3458 [=====>........................] - ETA: 2:12 - loss: 2.2982 - acc: 0.3043
 768/3458 [=====>........................] - ETA: 2:11 - loss: 2.2658 - acc: 0.3060
 800/3458 [=====>........................] - ETA: 2:09 - loss: 2.2319 - acc: 0.3113
 832/3458 [======>.......................] - ETA: 2:08 - loss: 2.2000 - acc: 0.3137
 864/3458 [======>.......................] - ETA: 2:06 - loss: 2.1737 - acc: 0.3148
 896/3458 [======>.......................] - ETA: 2:04 - loss: 2.1561 - acc: 0.3203
 928/3458 [=======>......................] - ETA: 2:03 - loss: 2.1251 - acc: 0.3265
 960/3458 [=======>......................] - ETA: 2:01 - loss: 2.0957 - acc: 0.3354
 992/3458 [=======>......................] - ETA: 2:00 - loss: 2.0771 - acc: 0.3327
1024/3458 [=======>......................] - ETA: 1:58 - loss: 2.0510 - acc: 0.3398
1056/3458 [========>.....................] - ETA: 1:56 - loss: 2.0359 - acc: 0.3447
1088/3458 [========>.....................] - ETA: 1:55 - loss: 2.0176 - acc: 0.3474
1120/3458 [========>.....................] - ETA: 1:53 - loss: 2.0000 - acc: 0.3491
1152/3458 [========>.....................] - ETA: 1:52 - loss: 1.9847 - acc: 0.3507
1184/3458 [=========>....................] - ETA: 1:50 - loss: 1.9671 - acc: 0.3522
1216/3458 [=========>....................] - ETA: 1:49 - loss: 1.9505 - acc: 0.3520
1248/3458 [=========>....................] - ETA: 1:47 - loss: 1.9365 - acc: 0.3518
1280/3458 [==========>...................] - ETA: 1:45 - loss: 1.9266 - acc: 0.3500
1312/3458 [==========>...................] - ETA: 1:44 - loss: 1.9079 - acc: 0.3537
1344/3458 [==========>...................] - ETA: 1:42 - loss: 1.9008 - acc: 0.3557
1376/3458 [==========>...................] - ETA: 1:41 - loss: 1.8867 - acc: 0.3568
1408/3458 [===========>..................] - ETA: 1:39 - loss: 1.8730 - acc: 0.3587
1440/3458 [===========>..................] - ETA: 1:38 - loss: 1.8543 - acc: 0.3646
1472/3458 [===========>..................] - ETA: 1:36 - loss: 1.8414 - acc: 0.3655
1504/3458 [============>.................] - ETA: 1:35 - loss: 1.8309 - acc: 0.3664
1536/3458 [============>.................] - ETA: 1:33 - loss: 1.8214 - acc: 0.3672
1568/3458 [============>.................] - ETA: 1:31 - loss: 1.8097 - acc: 0.3705
1600/3458 [============>.................] - ETA: 1:30 - loss: 1.7983 - acc: 0.3738
1632/3458 [=============>................] - ETA: 1:28 - loss: 1.7878 - acc: 0.3750
1664/3458 [=============>................] - ETA: 1:27 - loss: 1.7798 - acc: 0.3762
1696/3458 [=============>................] - ETA: 1:25 - loss: 1.7702 - acc: 0.3779
1728/3458 [=============>................] - ETA: 1:24 - loss: 1.7598 - acc: 0.3808
1760/3458 [==============>...............] - ETA: 1:22 - loss: 1.7542 - acc: 0.3824
1792/3458 [==============>...............] - ETA: 1:20 - loss: 1.7468 - acc: 0.3839
1824/3458 [==============>...............] - ETA: 1:19 - loss: 1.7370 - acc: 0.3854
1856/3458 [===============>..............] - ETA: 1:17 - loss: 1.7261 - acc: 0.3869
1888/3458 [===============>..............] - ETA: 1:16 - loss: 1.7197 - acc: 0.3909
1920/3458 [===============>..............] - ETA: 1:14 - loss: 1.7123 - acc: 0.3927
1952/3458 [===============>..............] - ETA: 1:13 - loss: 1.7055 - acc: 0.3945
1984/3458 [================>.............] - ETA: 1:11 - loss: 1.7003 - acc: 0.3962
2016/3458 [================>.............] - ETA: 1:10 - loss: 1.6943 - acc: 0.3948
2048/3458 [================>.............] - ETA: 1:08 - loss: 1.6854 - acc: 0.3965
2080/3458 [=================>............] - ETA: 1:06 - loss: 1.6806 - acc: 0.3966
2112/3458 [=================>............] - ETA: 1:05 - loss: 1.6697 - acc: 0.3991
2144/3458 [=================>............] - ETA: 1:03 - loss: 1.6618 - acc: 0.3997
2176/3458 [=================>............] - ETA: 1:02 - loss: 1.6605 - acc: 0.4012
2208/3458 [==================>...........] - ETA: 1:00 - loss: 1.6546 - acc: 0.4022
2240/3458 [==================>...........] - ETA: 59s - loss: 1.6466 - acc: 0.4036 
2272/3458 [==================>...........] - ETA: 57s - loss: 1.6402 - acc: 0.4049
2304/3458 [==================>...........] - ETA: 56s - loss: 1.6377 - acc: 0.4049
2336/3458 [===================>..........] - ETA: 54s - loss: 1.6314 - acc: 0.4054
2368/3458 [===================>..........] - ETA: 52s - loss: 1.6261 - acc: 0.4058
2400/3458 [===================>..........] - ETA: 51s - loss: 1.6197 - acc: 0.4050
2432/3458 [====================>.........] - ETA: 49s - loss: 1.6139 - acc: 0.4054
2464/3458 [====================>.........] - ETA: 48s - loss: 1.6097 - acc: 0.4058
2496/3458 [====================>.........] - ETA: 46s - loss: 1.6053 - acc: 0.4075
2528/3458 [====================>.........] - ETA: 45s - loss: 1.6027 - acc: 0.4070
2560/3458 [=====================>........] - ETA: 43s - loss: 1.6000 - acc: 0.4070
2592/3458 [=====================>........] - ETA: 42s - loss: 1.5980 - acc: 0.4082
2624/3458 [=====================>........] - ETA: 40s - loss: 1.5944 - acc: 0.4074
2656/3458 [======================>.......] - ETA: 38s - loss: 1.5899 - acc: 0.4074
2688/3458 [======================>.......] - ETA: 37s - loss: 1.5862 - acc: 0.4074
2720/3458 [======================>.......] - ETA: 35s - loss: 1.5793 - acc: 0.4103
2752/3458 [======================>.......] - ETA: 34s - loss: 1.5728 - acc: 0.4128
2784/3458 [=======================>......] - ETA: 32s - loss: 1.5688 - acc: 0.4138
2816/3458 [=======================>......] - ETA: 31s - loss: 1.5634 - acc: 0.4151
2848/3458 [=======================>......] - ETA: 29s - loss: 1.5593 - acc: 0.4164
2880/3458 [=======================>......] - ETA: 28s - loss: 1.5550 - acc: 0.4170
2912/3458 [========================>.....] - ETA: 26s - loss: 1.5494 - acc: 0.4183
2944/3458 [========================>.....] - ETA: 24s - loss: 1.5446 - acc: 0.4198
2976/3458 [========================>.....] - ETA: 23s - loss: 1.5415 - acc: 0.4197
3008/3458 [=========================>....] - ETA: 21s - loss: 1.5384 - acc: 0.4192
3040/3458 [=========================>....] - ETA: 20s - loss: 1.5341 - acc: 0.4214
3072/3458 [=========================>....] - ETA: 18s - loss: 1.5323 - acc: 0.4238
3104/3458 [=========================>....] - ETA: 17s - loss: 1.5298 - acc: 0.4236
3136/3458 [==========================>...] - ETA: 15s - loss: 1.5263 - acc: 0.4257
3168/3458 [==========================>...] - ETA: 14s - loss: 1.5204 - acc: 0.4274
3200/3458 [==========================>...] - ETA: 12s - loss: 1.5167 - acc: 0.4288
3232/3458 [===========================>..] - ETA: 10s - loss: 1.5144 - acc: 0.4295
3264/3458 [===========================>..] - ETA: 9s - loss: 1.5115 - acc: 0.4298 
3296/3458 [===========================>..] - ETA: 7s - loss: 1.5064 - acc: 0.4323
3328/3458 [===========================>..] - ETA: 6s - loss: 1.5031 - acc: 0.4324
3360/3458 [============================>.] - ETA: 4s - loss: 1.4989 - acc: 0.4351
3392/3458 [============================>.] - ETA: 3s - loss: 1.4951 - acc: 0.4354
3424/3458 [============================>.] - ETA: 1s - loss: 1.4906 - acc: 0.4369
3456/3458 [============================>.] - ETA: 0s - loss: 1.4873 - acc: 0.4381
3458/3458 [==============================] - 169s 49ms/sample - loss: 1.4871 - acc: 0.4381

 32/865 [>.............................] - ETA: 7s - loss: 0.9966 - acc: 0.6875
 64/865 [=>............................] - ETA: 7s - loss: 1.0966 - acc: 0.6094
 96/865 [==>...........................] - ETA: 6s - loss: 1.0732 - acc: 0.5833
128/865 [===>..........................] - ETA: 6s - loss: 1.0955 - acc: 0.5391
160/865 [====>.........................] - ETA: 6s - loss: 1.0981 - acc: 0.5375
192/865 [=====>........................] - ETA: 5s - loss: 1.1536 - acc: 0.5312
224/865 [======>.......................] - ETA: 5s - loss: 1.1533 - acc: 0.5268
256/865 [=======>......................] - ETA: 5s - loss: 1.1595 - acc: 0.5195
288/865 [========>.....................] - ETA: 5s - loss: 1.1760 - acc: 0.5208
320/865 [==========>...................] - ETA: 4s - loss: 1.1403 - acc: 0.5375
352/865 [===========>..................] - ETA: 4s - loss: 1.1472 - acc: 0.5369
384/865 [============>.................] - ETA: 4s - loss: 1.1456 - acc: 0.5495
416/865 [=============>................] - ETA: 3s - loss: 1.1354 - acc: 0.5409
448/865 [==============>...............] - ETA: 3s - loss: 1.1473 - acc: 0.5379
480/865 [===============>..............] - ETA: 3s - loss: 1.1370 - acc: 0.5458
512/865 [================>.............] - ETA: 3s - loss: 1.1387 - acc: 0.5430
544/865 [=================>............] - ETA: 2s - loss: 1.1431 - acc: 0.5404
576/865 [==================>...........] - ETA: 2s - loss: 1.1497 - acc: 0.5382
608/865 [====================>.........] - ETA: 2s - loss: 1.1439 - acc: 0.5362
640/865 [=====================>........] - ETA: 1s - loss: 1.1448 - acc: 0.5344
672/865 [======================>.......] - ETA: 1s - loss: 1.1573 - acc: 0.5327
704/865 [=======================>......] - ETA: 1s - loss: 1.1539 - acc: 0.5341
736/865 [========================>.....] - ETA: 1s - loss: 1.1525 - acc: 0.5326
768/865 [=========================>....] - ETA: 0s - loss: 1.1536 - acc: 0.5286
800/865 [==========================>...] - ETA: 0s - loss: 1.1557 - acc: 0.5312
832/865 [===========================>..] - ETA: 0s - loss: 1.1531 - acc: 0.5300
864/865 [============================>.] - ETA: 0s - loss: 1.1478 - acc: 0.5289
865/865 [==============================] - 8s 9ms/sample - loss: 1.1540 - acc: 0.5283

  32/3458 [..............................] - ETA: 2:47 - loss: 1.1073 - acc: 0.5625
  64/3458 [..............................] - ETA: 2:44 - loss: 1.1691 - acc: 0.5000
  96/3458 [..............................] - ETA: 2:42 - loss: 1.2304 - acc: 0.4688
 128/3458 [>.............................] - ETA: 2:41 - loss: 1.2842 - acc: 0.4844
 160/3458 [>.............................] - ETA: 2:39 - loss: 1.2487 - acc: 0.4812
 192/3458 [>.............................] - ETA: 2:37 - loss: 1.2351 - acc: 0.4844
 224/3458 [>.............................] - ETA: 2:36 - loss: 1.2382 - acc: 0.4911
 256/3458 [=>............................] - ETA: 2:34 - loss: 1.2248 - acc: 0.4961
 288/3458 [=>............................] - ETA: 2:33 - loss: 1.2079 - acc: 0.4896
 320/3458 [=>............................] - ETA: 2:31 - loss: 1.1798 - acc: 0.5094
 352/3458 [==>...........................] - ETA: 2:30 - loss: 1.1571 - acc: 0.5312
 384/3458 [==>...........................] - ETA: 2:28 - loss: 1.1542 - acc: 0.5339
 416/3458 [==>...........................] - ETA: 2:27 - loss: 1.1447 - acc: 0.5409
 448/3458 [==>...........................] - ETA: 2:25 - loss: 1.1381 - acc: 0.5402
 480/3458 [===>..........................] - ETA: 2:23 - loss: 1.1332 - acc: 0.5354
 512/3458 [===>..........................] - ETA: 2:22 - loss: 1.1515 - acc: 0.5293
 544/3458 [===>..........................] - ETA: 2:20 - loss: 1.1600 - acc: 0.5239
 576/3458 [===>..........................] - ETA: 2:19 - loss: 1.1633 - acc: 0.5174
 608/3458 [====>.........................] - ETA: 2:17 - loss: 1.1599 - acc: 0.5197
 640/3458 [====>.........................] - ETA: 2:16 - loss: 1.1590 - acc: 0.5234
 672/3458 [====>.........................] - ETA: 2:14 - loss: 1.1663 - acc: 0.5208
 704/3458 [=====>........................] - ETA: 2:13 - loss: 1.1859 - acc: 0.5170
 736/3458 [=====>........................] - ETA: 2:11 - loss: 1.1848 - acc: 0.5177
 768/3458 [=====>........................] - ETA: 2:10 - loss: 1.1939 - acc: 0.5182
 800/3458 [=====>........................] - ETA: 2:08 - loss: 1.1853 - acc: 0.5200
 832/3458 [======>.......................] - ETA: 2:07 - loss: 1.1876 - acc: 0.5180
 864/3458 [======>.......................] - ETA: 2:05 - loss: 1.1904 - acc: 0.5162
 896/3458 [======>.......................] - ETA: 2:04 - loss: 1.1925 - acc: 0.5156
 928/3458 [=======>......................] - ETA: 2:02 - loss: 1.1903 - acc: 0.5194
 960/3458 [=======>......................] - ETA: 2:00 - loss: 1.1898 - acc: 0.5198
 992/3458 [=======>......................] - ETA: 1:59 - loss: 1.1900 - acc: 0.5181
1024/3458 [=======>......................] - ETA: 1:57 - loss: 1.1888 - acc: 0.5176
1056/3458 [========>.....................] - ETA: 1:56 - loss: 1.1889 - acc: 0.5161
1088/3458 [========>.....................] - ETA: 1:54 - loss: 1.1898 - acc: 0.5193
1120/3458 [========>.....................] - ETA: 1:53 - loss: 1.1867 - acc: 0.5205
1152/3458 [========>.....................] - ETA: 1:51 - loss: 1.1891 - acc: 0.5217
1184/3458 [=========>....................] - ETA: 1:50 - loss: 1.1912 - acc: 0.5211
1216/3458 [=========>....................] - ETA: 1:48 - loss: 1.1884 - acc: 0.5222
1248/3458 [=========>....................] - ETA: 1:47 - loss: 1.1766 - acc: 0.5264
1280/3458 [==========>...................] - ETA: 1:45 - loss: 1.1857 - acc: 0.5195
1312/3458 [==========>...................] - ETA: 1:43 - loss: 1.1819 - acc: 0.5206
1344/3458 [==========>...................] - ETA: 1:42 - loss: 1.1821 - acc: 0.5186
1376/3458 [==========>...................] - ETA: 1:40 - loss: 1.1770 - acc: 0.5182
1408/3458 [===========>..................] - ETA: 1:39 - loss: 1.1755 - acc: 0.5170
1440/3458 [===========>..................] - ETA: 1:37 - loss: 1.1842 - acc: 0.5174
1472/3458 [===========>..................] - ETA: 1:36 - loss: 1.1951 - acc: 0.5163
1504/3458 [============>.................] - ETA: 1:34 - loss: 1.1902 - acc: 0.5173
1536/3458 [============>.................] - ETA: 1:33 - loss: 1.1910 - acc: 0.5156
1568/3458 [============>.................] - ETA: 1:31 - loss: 1.1953 - acc: 0.5166
1600/3458 [============>.................] - ETA: 1:30 - loss: 1.1969 - acc: 0.5144
1632/3458 [=============>................] - ETA: 1:28 - loss: 1.1990 - acc: 0.5165
1664/3458 [=============>................] - ETA: 1:27 - loss: 1.2022 - acc: 0.5144
1696/3458 [=============>................] - ETA: 1:25 - loss: 1.2011 - acc: 0.5153
1728/3458 [=============>................] - ETA: 1:23 - loss: 1.2002 - acc: 0.5162
1760/3458 [==============>...............] - ETA: 1:22 - loss: 1.2029 - acc: 0.5170
1792/3458 [==============>...............] - ETA: 1:20 - loss: 1.2001 - acc: 0.5179
1824/3458 [==============>...............] - ETA: 1:19 - loss: 1.1971 - acc: 0.5203
1856/3458 [===============>..............] - ETA: 1:17 - loss: 1.1984 - acc: 0.5210
1888/3458 [===============>..............] - ETA: 1:16 - loss: 1.1969 - acc: 0.5228
1920/3458 [===============>..............] - ETA: 1:14 - loss: 1.1955 - acc: 0.5214
1952/3458 [===============>..............] - ETA: 1:13 - loss: 1.1951 - acc: 0.5205
1984/3458 [================>.............] - ETA: 1:11 - loss: 1.1915 - acc: 0.5222
2016/3458 [================>.............] - ETA: 1:10 - loss: 1.1887 - acc: 0.5238
2048/3458 [================>.............] - ETA: 1:08 - loss: 1.1881 - acc: 0.5254
2080/3458 [=================>............] - ETA: 1:06 - loss: 1.1868 - acc: 0.5279
2112/3458 [=================>............] - ETA: 1:05 - loss: 1.1845 - acc: 0.5303
2144/3458 [=================>............] - ETA: 1:03 - loss: 1.1807 - acc: 0.5326
2176/3458 [=================>............] - ETA: 1:02 - loss: 1.1824 - acc: 0.5312
2208/3458 [==================>...........] - ETA: 1:00 - loss: 1.1797 - acc: 0.5322
2240/3458 [==================>...........] - ETA: 59s - loss: 1.1789 - acc: 0.5299 
2272/3458 [==================>...........] - ETA: 57s - loss: 1.1742 - acc: 0.5312
2304/3458 [==================>...........] - ETA: 56s - loss: 1.1725 - acc: 0.5326
2336/3458 [===================>..........] - ETA: 54s - loss: 1.1705 - acc: 0.5330
2368/3458 [===================>..........] - ETA: 52s - loss: 1.1667 - acc: 0.5346
2400/3458 [===================>..........] - ETA: 51s - loss: 1.1653 - acc: 0.5350
2432/3458 [====================>.........] - ETA: 49s - loss: 1.1651 - acc: 0.5333
2464/3458 [====================>.........] - ETA: 48s - loss: 1.1636 - acc: 0.5337
2496/3458 [====================>.........] - ETA: 46s - loss: 1.1612 - acc: 0.5353
2528/3458 [====================>.........] - ETA: 45s - loss: 1.1648 - acc: 0.5340
2560/3458 [=====================>........] - ETA: 43s - loss: 1.1633 - acc: 0.5348
2592/3458 [=====================>........] - ETA: 42s - loss: 1.1587 - acc: 0.5374
2624/3458 [=====================>........] - ETA: 40s - loss: 1.1557 - acc: 0.5385
2656/3458 [======================>.......] - ETA: 38s - loss: 1.1608 - acc: 0.5373
2688/3458 [======================>.......] - ETA: 37s - loss: 1.1600 - acc: 0.5376
2720/3458 [======================>.......] - ETA: 35s - loss: 1.1574 - acc: 0.5390
2752/3458 [======================>.......] - ETA: 34s - loss: 1.1557 - acc: 0.5403
2784/3458 [=======================>......] - ETA: 32s - loss: 1.1537 - acc: 0.5395
2816/3458 [=======================>......] - ETA: 31s - loss: 1.1506 - acc: 0.5401
2848/3458 [=======================>......] - ETA: 29s - loss: 1.1487 - acc: 0.5400
2880/3458 [=======================>......] - ETA: 28s - loss: 1.1468 - acc: 0.5399
2912/3458 [========================>.....] - ETA: 26s - loss: 1.1455 - acc: 0.5405
2944/3458 [========================>.....] - ETA: 24s - loss: 1.1462 - acc: 0.5397
2976/3458 [========================>.....] - ETA: 23s - loss: 1.1490 - acc: 0.5383
3008/3458 [=========================>....] - ETA: 21s - loss: 1.1469 - acc: 0.5399
3040/3458 [=========================>....] - ETA: 20s - loss: 1.1467 - acc: 0.5408
3072/3458 [=========================>....] - ETA: 18s - loss: 1.1445 - acc: 0.5417
3104/3458 [=========================>....] - ETA: 17s - loss: 1.1447 - acc: 0.5419
3136/3458 [==========================>...] - ETA: 15s - loss: 1.1457 - acc: 0.5402
3168/3458 [==========================>...] - ETA: 14s - loss: 1.1425 - acc: 0.5420
3200/3458 [==========================>...] - ETA: 12s - loss: 1.1433 - acc: 0.5419
3232/3458 [===========================>..] - ETA: 10s - loss: 1.1453 - acc: 0.5402
3264/3458 [===========================>..] - ETA: 9s - loss: 1.1469 - acc: 0.5395 
3296/3458 [===========================>..] - ETA: 7s - loss: 1.1489 - acc: 0.5391
3328/3458 [===========================>..] - ETA: 6s - loss: 1.1509 - acc: 0.5385
3360/3458 [============================>.] - ETA: 4s - loss: 1.1502 - acc: 0.5393
3392/3458 [============================>.] - ETA: 3s - loss: 1.1494 - acc: 0.5401
3424/3458 [============================>.] - ETA: 1s - loss: 1.1469 - acc: 0.5412
3456/3458 [============================>.] - ETA: 0s - loss: 1.1471 - acc: 0.5408
3458/3458 [==============================] - 168s 49ms/sample - loss: 1.1469 - acc: 0.5411

 32/865 [>.............................] - ETA: 7s - loss: 1.0475 - acc: 0.5000
 64/865 [=>............................] - ETA: 7s - loss: 1.1114 - acc: 0.5469
 96/865 [==>...........................] - ETA: 6s - loss: 1.0741 - acc: 0.5521
128/865 [===>..........................] - ETA: 6s - loss: 1.0529 - acc: 0.5703
160/865 [====>.........................] - ETA: 6s - loss: 1.0455 - acc: 0.5562
192/865 [=====>........................] - ETA: 5s - loss: 1.0898 - acc: 0.5469
224/865 [======>.......................] - ETA: 5s - loss: 1.1036 - acc: 0.5402
256/865 [=======>......................] - ETA: 5s - loss: 1.1040 - acc: 0.5586
288/865 [========>.....................] - ETA: 5s - loss: 1.1023 - acc: 0.5660
320/865 [==========>...................] - ETA: 4s - loss: 1.0869 - acc: 0.5719
352/865 [===========>..................] - ETA: 4s - loss: 1.0752 - acc: 0.5710
384/865 [============>.................] - ETA: 4s - loss: 1.0710 - acc: 0.5755
416/865 [=============>................] - ETA: 3s - loss: 1.0761 - acc: 0.5697
448/865 [==============>...............] - ETA: 3s - loss: 1.0788 - acc: 0.5625
480/865 [===============>..............] - ETA: 3s - loss: 1.0721 - acc: 0.5604
512/865 [================>.............] - ETA: 3s - loss: 1.0756 - acc: 0.5625
544/865 [=================>............] - ETA: 2s - loss: 1.0803 - acc: 0.5588
576/865 [==================>...........] - ETA: 2s - loss: 1.0871 - acc: 0.5538
608/865 [====================>.........] - ETA: 2s - loss: 1.0860 - acc: 0.5559
640/865 [=====================>........] - ETA: 1s - loss: 1.0867 - acc: 0.5516
672/865 [======================>.......] - ETA: 1s - loss: 1.0914 - acc: 0.5536
704/865 [=======================>......] - ETA: 1s - loss: 1.0946 - acc: 0.5511
736/865 [========================>.....] - ETA: 1s - loss: 1.0930 - acc: 0.5476
768/865 [=========================>....] - ETA: 0s - loss: 1.0919 - acc: 0.5482
800/865 [==========================>...] - ETA: 0s - loss: 1.0928 - acc: 0.5462
832/865 [===========================>..] - ETA: 0s - loss: 1.0861 - acc: 0.5469
864/865 [============================>.] - ETA: 0s - loss: 1.0855 - acc: 0.5451
865/865 [==============================] - 8s 9ms/sample - loss: 1.0863 - acc: 0.5445

  32/3458 [..............................] - ETA: 2:47 - loss: 1.0961 - acc: 0.5312
  64/3458 [..............................] - ETA: 2:47 - loss: 1.0056 - acc: 0.5781
  96/3458 [..............................] - ETA: 2:44 - loss: 0.9846 - acc: 0.6250
 128/3458 [>.............................] - ETA: 2:42 - loss: 1.0310 - acc: 0.5938
 160/3458 [>.............................] - ETA: 2:40 - loss: 1.0256 - acc: 0.5938
 192/3458 [>.............................] - ETA: 2:38 - loss: 1.0066 - acc: 0.6094
 224/3458 [>.............................] - ETA: 2:37 - loss: 1.0105 - acc: 0.6027
 256/3458 [=>............................] - ETA: 2:36 - loss: 1.0107 - acc: 0.6016
 288/3458 [=>............................] - ETA: 2:34 - loss: 1.0046 - acc: 0.6076
 320/3458 [=>............................] - ETA: 2:32 - loss: 1.0174 - acc: 0.6000
 352/3458 [==>...........................] - ETA: 2:31 - loss: 1.0248 - acc: 0.6023
 384/3458 [==>...........................] - ETA: 2:29 - loss: 1.0221 - acc: 0.6016
 416/3458 [==>...........................] - ETA: 2:27 - loss: 1.0068 - acc: 0.6010
 448/3458 [==>...........................] - ETA: 2:26 - loss: 0.9734 - acc: 0.6161
 480/3458 [===>..........................] - ETA: 2:24 - loss: 0.9744 - acc: 0.6229
 512/3458 [===>..........................] - ETA: 2:23 - loss: 0.9740 - acc: 0.6230
 544/3458 [===>..........................] - ETA: 2:21 - loss: 0.9813 - acc: 0.6158
 576/3458 [===>..........................] - ETA: 2:19 - loss: 1.0100 - acc: 0.6059
 608/3458 [====>.........................] - ETA: 2:18 - loss: 1.0119 - acc: 0.6036
 640/3458 [====>.........................] - ETA: 2:16 - loss: 1.0155 - acc: 0.6031
 672/3458 [====>.........................] - ETA: 2:15 - loss: 1.0144 - acc: 0.6042
 704/3458 [=====>........................] - ETA: 2:13 - loss: 1.0094 - acc: 0.6080
 736/3458 [=====>........................] - ETA: 2:12 - loss: 1.0110 - acc: 0.6114
 768/3458 [=====>........................] - ETA: 2:10 - loss: 1.0107 - acc: 0.6107
 800/3458 [=====>........................] - ETA: 2:09 - loss: 1.0315 - acc: 0.6025
 832/3458 [======>.......................] - ETA: 2:07 - loss: 1.0300 - acc: 0.5998
 864/3458 [======>.......................] - ETA: 2:06 - loss: 1.0291 - acc: 0.6030
 896/3458 [======>.......................] - ETA: 2:04 - loss: 1.0245 - acc: 0.5993
 928/3458 [=======>......................] - ETA: 2:03 - loss: 1.0335 - acc: 0.5959
 960/3458 [=======>......................] - ETA: 2:01 - loss: 1.0338 - acc: 0.5958
 992/3458 [=======>......................] - ETA: 2:00 - loss: 1.0353 - acc: 0.5927
1024/3458 [=======>......................] - ETA: 1:58 - loss: 1.0377 - acc: 0.5938
1056/3458 [========>.....................] - ETA: 1:57 - loss: 1.0342 - acc: 0.5975
1088/3458 [========>.....................] - ETA: 1:55 - loss: 1.0309 - acc: 0.5965
1120/3458 [========>.....................] - ETA: 1:53 - loss: 1.0297 - acc: 0.5964
1152/3458 [========>.....................] - ETA: 1:52 - loss: 1.0349 - acc: 0.5920
1184/3458 [=========>....................] - ETA: 1:50 - loss: 1.0376 - acc: 0.5878
1216/3458 [=========>....................] - ETA: 1:49 - loss: 1.0368 - acc: 0.5863
1248/3458 [=========>....................] - ETA: 1:47 - loss: 1.0392 - acc: 0.5841
1280/3458 [==========>...................] - ETA: 1:46 - loss: 1.0357 - acc: 0.5867
1312/3458 [==========>...................] - ETA: 1:44 - loss: 1.0368 - acc: 0.5854
1344/3458 [==========>...................] - ETA: 1:42 - loss: 1.0361 - acc: 0.5863
1376/3458 [==========>...................] - ETA: 1:41 - loss: 1.0369 - acc: 0.5843
1408/3458 [===========>..................] - ETA: 1:39 - loss: 1.0331 - acc: 0.5881
1440/3458 [===========>..................] - ETA: 1:38 - loss: 1.0299 - acc: 0.5882
1472/3458 [===========>..................] - ETA: 1:36 - loss: 1.0281 - acc: 0.5890
1504/3458 [============>.................] - ETA: 1:35 - loss: 1.0250 - acc: 0.5898
1536/3458 [============>.................] - ETA: 1:33 - loss: 1.0270 - acc: 0.5898
1568/3458 [============>.................] - ETA: 1:31 - loss: 1.0338 - acc: 0.5886
1600/3458 [============>.................] - ETA: 1:30 - loss: 1.0340 - acc: 0.5881
1632/3458 [=============>................] - ETA: 1:28 - loss: 1.0343 - acc: 0.5876
1664/3458 [=============>................] - ETA: 1:27 - loss: 1.0306 - acc: 0.5877
1696/3458 [=============>................] - ETA: 1:25 - loss: 1.0272 - acc: 0.5873
1728/3458 [=============>................] - ETA: 1:24 - loss: 1.0207 - acc: 0.5897
1760/3458 [==============>...............] - ETA: 1:22 - loss: 1.0185 - acc: 0.5898
1792/3458 [==============>...............] - ETA: 1:20 - loss: 1.0226 - acc: 0.5893
1824/3458 [==============>...............] - ETA: 1:19 - loss: 1.0245 - acc: 0.5894
1856/3458 [===============>..............] - ETA: 1:17 - loss: 1.0197 - acc: 0.5921
1888/3458 [===============>..............] - ETA: 1:16 - loss: 1.0217 - acc: 0.5927
1920/3458 [===============>..............] - ETA: 1:14 - loss: 1.0205 - acc: 0.5917
1952/3458 [===============>..............] - ETA: 1:13 - loss: 1.0151 - acc: 0.5932
1984/3458 [================>.............] - ETA: 1:11 - loss: 1.0149 - acc: 0.5943
2016/3458 [================>.............] - ETA: 1:10 - loss: 1.0138 - acc: 0.5942
2048/3458 [================>.............] - ETA: 1:08 - loss: 1.0164 - acc: 0.5923
2080/3458 [=================>............] - ETA: 1:06 - loss: 1.0155 - acc: 0.5938
2112/3458 [=================>............] - ETA: 1:05 - loss: 1.0165 - acc: 0.5938
2144/3458 [=================>............] - ETA: 1:03 - loss: 1.0171 - acc: 0.5924
2176/3458 [=================>............] - ETA: 1:02 - loss: 1.0163 - acc: 0.5915
2208/3458 [==================>...........] - ETA: 1:00 - loss: 1.0147 - acc: 0.5924
2240/3458 [==================>...........] - ETA: 59s - loss: 1.0116 - acc: 0.5938 
2272/3458 [==================>...........] - ETA: 57s - loss: 1.0140 - acc: 0.5938
2304/3458 [==================>...........] - ETA: 56s - loss: 1.0130 - acc: 0.5942
2336/3458 [===================>..........] - ETA: 54s - loss: 1.0152 - acc: 0.5933
2368/3458 [===================>..........] - ETA: 52s - loss: 1.0148 - acc: 0.5933
2400/3458 [===================>..........] - ETA: 51s - loss: 1.0168 - acc: 0.5917
2432/3458 [====================>.........] - ETA: 49s - loss: 1.0168 - acc: 0.5917
2464/3458 [====================>.........] - ETA: 48s - loss: 1.0164 - acc: 0.5929
2496/3458 [====================>.........] - ETA: 46s - loss: 1.0177 - acc: 0.5938
2528/3458 [====================>.........] - ETA: 45s - loss: 1.0181 - acc: 0.5941
2560/3458 [=====================>........] - ETA: 43s - loss: 1.0162 - acc: 0.5953
2592/3458 [=====================>........] - ETA: 42s - loss: 1.0197 - acc: 0.5953
2624/3458 [=====================>........] - ETA: 40s - loss: 1.0175 - acc: 0.5953
2656/3458 [======================>.......] - ETA: 38s - loss: 1.0174 - acc: 0.5960
2688/3458 [======================>.......] - ETA: 37s - loss: 1.0161 - acc: 0.5971
2720/3458 [======================>.......] - ETA: 35s - loss: 1.0165 - acc: 0.5974
2752/3458 [======================>.......] - ETA: 34s - loss: 1.0167 - acc: 0.5970
2784/3458 [=======================>......] - ETA: 32s - loss: 1.0157 - acc: 0.5981
2816/3458 [=======================>......] - ETA: 31s - loss: 1.0165 - acc: 0.5973
2848/3458 [=======================>......] - ETA: 29s - loss: 1.0210 - acc: 0.5962
2880/3458 [=======================>......] - ETA: 28s - loss: 1.0227 - acc: 0.5955
2912/3458 [========================>.....] - ETA: 26s - loss: 1.0224 - acc: 0.5958
2944/3458 [========================>.....] - ETA: 24s - loss: 1.0204 - acc: 0.5968
2976/3458 [========================>.....] - ETA: 23s - loss: 1.0249 - acc: 0.5961
3008/3458 [=========================>....] - ETA: 21s - loss: 1.0239 - acc: 0.5961
3040/3458 [=========================>....] - ETA: 20s - loss: 1.0241 - acc: 0.5964
3072/3458 [=========================>....] - ETA: 18s - loss: 1.0255 - acc: 0.5954
3104/3458 [=========================>....] - ETA: 17s - loss: 1.0237 - acc: 0.5963
3136/3458 [==========================>...] - ETA: 15s - loss: 1.0220 - acc: 0.5969
3168/3458 [==========================>...] - ETA: 14s - loss: 1.0229 - acc: 0.5972
3200/3458 [==========================>...] - ETA: 12s - loss: 1.0210 - acc: 0.5975
3232/3458 [===========================>..] - ETA: 10s - loss: 1.0206 - acc: 0.5968
3264/3458 [===========================>..] - ETA: 9s - loss: 1.0198 - acc: 0.5968 
3296/3458 [===========================>..] - ETA: 7s - loss: 1.0182 - acc: 0.5977
3328/3458 [===========================>..] - ETA: 6s - loss: 1.0169 - acc: 0.5983
3360/3458 [============================>.] - ETA: 4s - loss: 1.0171 - acc: 0.5982
3392/3458 [============================>.] - ETA: 3s - loss: 1.0177 - acc: 0.5982
3424/3458 [============================>.] - ETA: 1s - loss: 1.0167 - acc: 0.5993
3456/3458 [============================>.] - ETA: 0s - loss: 1.0146 - acc: 0.5995
3458/3458 [==============================] - 169s 49ms/sample - loss: 1.0145 - acc: 0.5995

 32/865 [>.............................] - ETA: 7s - loss: 0.8605 - acc: 0.6875
 64/865 [=>............................] - ETA: 7s - loss: 0.9912 - acc: 0.6875
 96/865 [==>...........................] - ETA: 6s - loss: 1.0120 - acc: 0.6250
128/865 [===>..........................] - ETA: 6s - loss: 1.0098 - acc: 0.6172
160/865 [====>.........................] - ETA: 6s - loss: 1.0022 - acc: 0.6187
192/865 [=====>........................] - ETA: 5s - loss: 1.0345 - acc: 0.5990
224/865 [======>.......................] - ETA: 5s - loss: 1.0161 - acc: 0.6116
256/865 [=======>......................] - ETA: 5s - loss: 1.0180 - acc: 0.6211
288/865 [========>.....................] - ETA: 5s - loss: 1.0168 - acc: 0.6146
320/865 [==========>...................] - ETA: 4s - loss: 0.9948 - acc: 0.6187
352/865 [===========>..................] - ETA: 4s - loss: 0.9933 - acc: 0.6165
384/865 [============>.................] - ETA: 4s - loss: 0.9861 - acc: 0.6250
416/865 [=============>................] - ETA: 3s - loss: 0.9907 - acc: 0.6130
448/865 [==============>...............] - ETA: 3s - loss: 0.9985 - acc: 0.6094
480/865 [===============>..............] - ETA: 3s - loss: 0.9912 - acc: 0.6062
512/865 [================>.............] - ETA: 3s - loss: 0.9983 - acc: 0.5977
544/865 [=================>............] - ETA: 2s - loss: 0.9979 - acc: 0.5993
576/865 [==================>...........] - ETA: 2s - loss: 1.0025 - acc: 0.5990
608/865 [====================>.........] - ETA: 2s - loss: 1.0039 - acc: 0.5938
640/865 [=====================>........] - ETA: 1s - loss: 1.0014 - acc: 0.5938
672/865 [======================>.......] - ETA: 1s - loss: 1.0102 - acc: 0.5893
704/865 [=======================>......] - ETA: 1s - loss: 1.0131 - acc: 0.5866
736/865 [========================>.....] - ETA: 1s - loss: 1.0110 - acc: 0.5870
768/865 [=========================>....] - ETA: 0s - loss: 1.0113 - acc: 0.5885
800/865 [==========================>...] - ETA: 0s - loss: 1.0092 - acc: 0.5925
832/865 [===========================>..] - ETA: 0s - loss: 1.0024 - acc: 0.5938
864/865 [============================>.] - ETA: 0s - loss: 1.0004 - acc: 0.5903
865/865 [==============================] - 8s 9ms/sample - loss: 1.0055 - acc: 0.5896

  32/3458 [..............................] - ETA: 2:45 - loss: 1.0357 - acc: 0.6562
  64/3458 [..............................] - ETA: 2:43 - loss: 0.9841 - acc: 0.6250
  96/3458 [..............................] - ETA: 2:41 - loss: 0.9192 - acc: 0.6458
 128/3458 [>.............................] - ETA: 2:40 - loss: 0.9240 - acc: 0.6562
 160/3458 [>.............................] - ETA: 2:39 - loss: 0.8887 - acc: 0.6750
 192/3458 [>.............................] - ETA: 2:37 - loss: 0.8882 - acc: 0.6615
 224/3458 [>.............................] - ETA: 2:35 - loss: 0.8806 - acc: 0.6786
 256/3458 [=>............................] - ETA: 2:34 - loss: 0.8868 - acc: 0.6680
 288/3458 [=>............................] - ETA: 2:33 - loss: 0.8895 - acc: 0.6562
 320/3458 [=>............................] - ETA: 2:31 - loss: 0.8562 - acc: 0.6687
 352/3458 [==>...........................] - ETA: 2:30 - loss: 0.9023 - acc: 0.6506
 384/3458 [==>...........................] - ETA: 2:28 - loss: 0.9257 - acc: 0.6458
 416/3458 [==>...........................] - ETA: 2:26 - loss: 0.9387 - acc: 0.6418
 448/3458 [==>...........................] - ETA: 2:25 - loss: 0.9469 - acc: 0.6295
 480/3458 [===>..........................] - ETA: 2:23 - loss: 0.9252 - acc: 0.6375
 512/3458 [===>..........................] - ETA: 2:22 - loss: 0.9216 - acc: 0.6426
 544/3458 [===>..........................] - ETA: 2:20 - loss: 0.9160 - acc: 0.6471
 576/3458 [===>..........................] - ETA: 2:19 - loss: 0.9016 - acc: 0.6493
 608/3458 [====>.........................] - ETA: 2:18 - loss: 0.9020 - acc: 0.6480
 640/3458 [====>.........................] - ETA: 2:16 - loss: 0.9046 - acc: 0.6438
 672/3458 [====>.........................] - ETA: 2:14 - loss: 0.9070 - acc: 0.6399
 704/3458 [=====>........................] - ETA: 2:13 - loss: 0.8922 - acc: 0.6491
 736/3458 [=====>........................] - ETA: 2:11 - loss: 0.8930 - acc: 0.6467
 768/3458 [=====>........................] - ETA: 2:10 - loss: 0.8909 - acc: 0.6484
 800/3458 [=====>........................] - ETA: 2:08 - loss: 0.8918 - acc: 0.6475
 832/3458 [======>.......................] - ETA: 2:07 - loss: 0.8946 - acc: 0.6466
 864/3458 [======>.......................] - ETA: 2:05 - loss: 0.8861 - acc: 0.6528
 896/3458 [======>.......................] - ETA: 2:04 - loss: 0.8807 - acc: 0.6562
 928/3458 [=======>......................] - ETA: 2:02 - loss: 0.8804 - acc: 0.6552
 960/3458 [=======>......................] - ETA: 2:01 - loss: 0.8816 - acc: 0.6552
 992/3458 [=======>......................] - ETA: 1:59 - loss: 0.8826 - acc: 0.6542
1024/3458 [=======>......................] - ETA: 1:58 - loss: 0.8764 - acc: 0.6572
1056/3458 [========>.....................] - ETA: 1:56 - loss: 0.8827 - acc: 0.6525
1088/3458 [========>.....................] - ETA: 1:55 - loss: 0.8804 - acc: 0.6544
1120/3458 [========>.....................] - ETA: 1:53 - loss: 0.8812 - acc: 0.6527
1152/3458 [========>.....................] - ETA: 1:52 - loss: 0.8818 - acc: 0.6528
1184/3458 [=========>....................] - ETA: 1:50 - loss: 0.8841 - acc: 0.6520
1216/3458 [=========>....................] - ETA: 1:48 - loss: 0.8873 - acc: 0.6530
1248/3458 [=========>....................] - ETA: 1:47 - loss: 0.8879 - acc: 0.6538
1280/3458 [==========>...................] - ETA: 1:45 - loss: 0.8908 - acc: 0.6547
1312/3458 [==========>...................] - ETA: 1:44 - loss: 0.8892 - acc: 0.6547
1344/3458 [==========>...................] - ETA: 1:42 - loss: 0.8851 - acc: 0.6570
1376/3458 [==========>...................] - ETA: 1:41 - loss: 0.8884 - acc: 0.6548
1408/3458 [===========>..................] - ETA: 1:39 - loss: 0.8840 - acc: 0.6577
1440/3458 [===========>..................] - ETA: 1:37 - loss: 0.8827 - acc: 0.6583
1472/3458 [===========>..................] - ETA: 1:36 - loss: 0.8836 - acc: 0.6576
1504/3458 [============>.................] - ETA: 1:34 - loss: 0.8825 - acc: 0.6602
1536/3458 [============>.................] - ETA: 1:33 - loss: 0.8804 - acc: 0.6615
1568/3458 [============>.................] - ETA: 1:31 - loss: 0.8816 - acc: 0.6607
1600/3458 [============>.................] - ETA: 1:30 - loss: 0.8824 - acc: 0.6594
1632/3458 [=============>................] - ETA: 1:28 - loss: 0.8769 - acc: 0.6605
1664/3458 [=============>................] - ETA: 1:27 - loss: 0.8775 - acc: 0.6581
1696/3458 [=============>................] - ETA: 1:25 - loss: 0.8837 - acc: 0.6568
1728/3458 [=============>................] - ETA: 1:24 - loss: 0.8808 - acc: 0.6591
1760/3458 [==============>...............] - ETA: 1:22 - loss: 0.8829 - acc: 0.6597
1792/3458 [==============>...............] - ETA: 1:20 - loss: 0.8820 - acc: 0.6596
1824/3458 [==============>...............] - ETA: 1:19 - loss: 0.8795 - acc: 0.6595
1856/3458 [===============>..............] - ETA: 1:17 - loss: 0.8777 - acc: 0.6606
1888/3458 [===============>..............] - ETA: 1:16 - loss: 0.8809 - acc: 0.6589
1920/3458 [===============>..............] - ETA: 1:14 - loss: 0.8849 - acc: 0.6578
1952/3458 [===============>..............] - ETA: 1:13 - loss: 0.8838 - acc: 0.6578
1984/3458 [================>.............] - ETA: 1:11 - loss: 0.8824 - acc: 0.6603
2016/3458 [================>.............] - ETA: 1:10 - loss: 0.8861 - acc: 0.6587
2048/3458 [================>.............] - ETA: 1:08 - loss: 0.8914 - acc: 0.6562
2080/3458 [=================>............] - ETA: 1:07 - loss: 0.8909 - acc: 0.6572
2112/3458 [=================>............] - ETA: 1:05 - loss: 0.8897 - acc: 0.6562
2144/3458 [=================>............] - ETA: 1:03 - loss: 0.8911 - acc: 0.6558
2176/3458 [=================>............] - ETA: 1:02 - loss: 0.8911 - acc: 0.6567
2208/3458 [==================>...........] - ETA: 1:00 - loss: 0.8942 - acc: 0.6544
2240/3458 [==================>...........] - ETA: 59s - loss: 0.8918 - acc: 0.6562 
2272/3458 [==================>...........] - ETA: 57s - loss: 0.8898 - acc: 0.6576
2304/3458 [==================>...........] - ETA: 56s - loss: 0.8914 - acc: 0.6576
2336/3458 [===================>..........] - ETA: 54s - loss: 0.8912 - acc: 0.6567
2368/3458 [===================>..........] - ETA: 53s - loss: 0.8898 - acc: 0.6579
2400/3458 [===================>..........] - ETA: 51s - loss: 0.8887 - acc: 0.6587
2432/3458 [====================>.........] - ETA: 49s - loss: 0.8898 - acc: 0.6579
2464/3458 [====================>.........] - ETA: 48s - loss: 0.8911 - acc: 0.6579
2496/3458 [====================>.........] - ETA: 46s - loss: 0.8921 - acc: 0.6575
2528/3458 [====================>.........] - ETA: 45s - loss: 0.8934 - acc: 0.6578
2560/3458 [=====================>........] - ETA: 43s - loss: 0.9005 - acc: 0.6555
2592/3458 [=====================>........] - ETA: 42s - loss: 0.9002 - acc: 0.6559
2624/3458 [=====================>........] - ETA: 40s - loss: 0.8976 - acc: 0.6562
2656/3458 [======================>.......] - ETA: 38s - loss: 0.8955 - acc: 0.6581
2688/3458 [======================>.......] - ETA: 37s - loss: 0.8959 - acc: 0.6585
2720/3458 [======================>.......] - ETA: 35s - loss: 0.8937 - acc: 0.6599
2752/3458 [======================>.......] - ETA: 34s - loss: 0.8897 - acc: 0.6617
2784/3458 [=======================>......] - ETA: 32s - loss: 0.8901 - acc: 0.6616
2816/3458 [=======================>......] - ETA: 31s - loss: 0.8891 - acc: 0.6616
2848/3458 [=======================>......] - ETA: 29s - loss: 0.8947 - acc: 0.6605
2880/3458 [=======================>......] - ETA: 28s - loss: 0.8953 - acc: 0.6594
2912/3458 [========================>.....] - ETA: 26s - loss: 0.8926 - acc: 0.6607
2944/3458 [========================>.....] - ETA: 24s - loss: 0.8912 - acc: 0.6617
2976/3458 [========================>.....] - ETA: 23s - loss: 0.8885 - acc: 0.6620
3008/3458 [=========================>....] - ETA: 21s - loss: 0.8875 - acc: 0.6626
3040/3458 [=========================>....] - ETA: 20s - loss: 0.8867 - acc: 0.6628
3072/3458 [=========================>....] - ETA: 18s - loss: 0.8896 - acc: 0.6621
3104/3458 [=========================>....] - ETA: 17s - loss: 0.8901 - acc: 0.6604
3136/3458 [==========================>...] - ETA: 15s - loss: 0.8900 - acc: 0.6604
3168/3458 [==========================>...] - ETA: 14s - loss: 0.8923 - acc: 0.6575
3200/3458 [==========================>...] - ETA: 12s - loss: 0.8928 - acc: 0.6578
3232/3458 [===========================>..] - ETA: 10s - loss: 0.8951 - acc: 0.6569
3264/3458 [===========================>..] - ETA: 9s - loss: 0.8947 - acc: 0.6566 
3296/3458 [===========================>..] - ETA: 7s - loss: 0.8928 - acc: 0.6566
3328/3458 [===========================>..] - ETA: 6s - loss: 0.8930 - acc: 0.6566
3360/3458 [============================>.] - ETA: 4s - loss: 0.8943 - acc: 0.6560
3392/3458 [============================>.] - ETA: 3s - loss: 0.8948 - acc: 0.6551
3424/3458 [============================>.] - ETA: 1s - loss: 0.8929 - acc: 0.6557
3456/3458 [============================>.] - ETA: 0s - loss: 0.8923 - acc: 0.6565
3458/3458 [==============================] - 169s 49ms/sample - loss: 0.8919 - acc: 0.6567

 32/865 [>.............................] - ETA: 7s - loss: 0.9806 - acc: 0.6875
 64/865 [=>............................] - ETA: 7s - loss: 0.9868 - acc: 0.6094
 96/865 [==>...........................] - ETA: 6s - loss: 0.9950 - acc: 0.5625
128/865 [===>..........................] - ETA: 6s - loss: 0.9450 - acc: 0.5625
160/865 [====>.........................] - ETA: 6s - loss: 0.9617 - acc: 0.5750
192/865 [=====>........................] - ETA: 6s - loss: 0.9956 - acc: 0.5677
224/865 [======>.......................] - ETA: 5s - loss: 0.9799 - acc: 0.5714
256/865 [=======>......................] - ETA: 5s - loss: 0.9791 - acc: 0.5703
288/865 [========>.....................] - ETA: 5s - loss: 0.9751 - acc: 0.5764
320/865 [==========>...................] - ETA: 4s - loss: 0.9727 - acc: 0.5781
352/865 [===========>..................] - ETA: 4s - loss: 0.9861 - acc: 0.5824
384/865 [============>.................] - ETA: 4s - loss: 0.9818 - acc: 0.5911
416/865 [=============>................] - ETA: 3s - loss: 0.9778 - acc: 0.5889
448/865 [==============>...............] - ETA: 3s - loss: 0.9865 - acc: 0.5826
480/865 [===============>..............] - ETA: 3s - loss: 0.9832 - acc: 0.5833
512/865 [================>.............] - ETA: 3s - loss: 0.9882 - acc: 0.5840
544/865 [=================>............] - ETA: 2s - loss: 0.9811 - acc: 0.5956
576/865 [==================>...........] - ETA: 2s - loss: 0.9867 - acc: 0.5938
608/865 [====================>.........] - ETA: 2s - loss: 0.9826 - acc: 0.5970
640/865 [=====================>........] - ETA: 1s - loss: 0.9870 - acc: 0.5969
672/865 [======================>.......] - ETA: 1s - loss: 0.9873 - acc: 0.5982
704/865 [=======================>......] - ETA: 1s - loss: 0.9848 - acc: 0.5994
736/865 [========================>.....] - ETA: 1s - loss: 0.9785 - acc: 0.5978
768/865 [=========================>....] - ETA: 0s - loss: 0.9715 - acc: 0.6042
800/865 [==========================>...] - ETA: 0s - loss: 0.9693 - acc: 0.6062
832/865 [===========================>..] - ETA: 0s - loss: 0.9646 - acc: 0.6106
864/865 [============================>.] - ETA: 0s - loss: 0.9652 - acc: 0.6042
865/865 [==============================] - 8s 9ms/sample - loss: 0.9723 - acc: 0.6035

  32/3458 [..............................] - ETA: 2:44 - loss: 0.8159 - acc: 0.6562
  64/3458 [..............................] - ETA: 2:42 - loss: 0.7994 - acc: 0.6719
  96/3458 [..............................] - ETA: 2:41 - loss: 0.7429 - acc: 0.7188
 128/3458 [>.............................] - ETA: 2:40 - loss: 0.8257 - acc: 0.6641
 160/3458 [>.............................] - ETA: 2:39 - loss: 0.8100 - acc: 0.6687
 192/3458 [>.............................] - ETA: 2:37 - loss: 0.8187 - acc: 0.6771
 224/3458 [>.............................] - ETA: 2:36 - loss: 0.7923 - acc: 0.7054
 256/3458 [=>............................] - ETA: 2:34 - loss: 0.7648 - acc: 0.7148
 288/3458 [=>............................] - ETA: 2:33 - loss: 0.7436 - acc: 0.7257
 320/3458 [=>............................] - ETA: 2:31 - loss: 0.7559 - acc: 0.7281
 352/3458 [==>...........................] - ETA: 2:30 - loss: 0.7347 - acc: 0.7386
 384/3458 [==>...........................] - ETA: 2:28 - loss: 0.7399 - acc: 0.7370
 416/3458 [==>...........................] - ETA: 2:27 - loss: 0.7365 - acc: 0.7428
 448/3458 [==>...........................] - ETA: 2:25 - loss: 0.7151 - acc: 0.7522
 480/3458 [===>..........................] - ETA: 2:24 - loss: 0.7108 - acc: 0.7500
 512/3458 [===>..........................] - ETA: 2:22 - loss: 0.6948 - acc: 0.7559
 544/3458 [===>..........................] - ETA: 2:21 - loss: 0.7005 - acc: 0.7500
 576/3458 [===>..........................] - ETA: 2:19 - loss: 0.7019 - acc: 0.7500
 608/3458 [====>.........................] - ETA: 2:17 - loss: 0.7072 - acc: 0.7484
 640/3458 [====>.........................] - ETA: 2:16 - loss: 0.7253 - acc: 0.7484
 672/3458 [====>.........................] - ETA: 2:14 - loss: 0.7253 - acc: 0.7485
 704/3458 [=====>........................] - ETA: 2:13 - loss: 0.7212 - acc: 0.7514
 736/3458 [=====>........................] - ETA: 2:12 - loss: 0.7204 - acc: 0.7473
 768/3458 [=====>........................] - ETA: 2:10 - loss: 0.7155 - acc: 0.7487
 800/3458 [=====>........................] - ETA: 2:09 - loss: 0.7315 - acc: 0.7412
 832/3458 [======>.......................] - ETA: 2:07 - loss: 0.7414 - acc: 0.7392
 864/3458 [======>.......................] - ETA: 2:06 - loss: 0.7315 - acc: 0.7442
 896/3458 [======>.......................] - ETA: 2:04 - loss: 0.7350 - acc: 0.7400
 928/3458 [=======>......................] - ETA: 2:03 - loss: 0.7350 - acc: 0.7349
 960/3458 [=======>......................] - ETA: 2:01 - loss: 0.7324 - acc: 0.7354
 992/3458 [=======>......................] - ETA: 1:59 - loss: 0.7305 - acc: 0.7359
1024/3458 [=======>......................] - ETA: 1:58 - loss: 0.7338 - acc: 0.7344
1056/3458 [========>.....................] - ETA: 1:56 - loss: 0.7367 - acc: 0.7330
1088/3458 [========>.....................] - ETA: 1:55 - loss: 0.7394 - acc: 0.7335
1120/3458 [========>.....................] - ETA: 1:53 - loss: 0.7405 - acc: 0.7304
1152/3458 [========>.....................] - ETA: 1:52 - loss: 0.7359 - acc: 0.7318
1184/3458 [=========>....................] - ETA: 1:50 - loss: 0.7344 - acc: 0.7314
1216/3458 [=========>....................] - ETA: 1:49 - loss: 0.7471 - acc: 0.7253
1248/3458 [=========>....................] - ETA: 1:47 - loss: 0.7466 - acc: 0.7252
1280/3458 [==========>...................] - ETA: 1:45 - loss: 0.7506 - acc: 0.7250
1312/3458 [==========>...................] - ETA: 1:44 - loss: 0.7567 - acc: 0.7218
1344/3458 [==========>...................] - ETA: 1:42 - loss: 0.7575 - acc: 0.7210
1376/3458 [==========>...................] - ETA: 1:41 - loss: 0.7564 - acc: 0.7217
1408/3458 [===========>..................] - ETA: 1:39 - loss: 0.7599 - acc: 0.7216
1440/3458 [===========>..................] - ETA: 1:38 - loss: 0.7605 - acc: 0.7201
1472/3458 [===========>..................] - ETA: 1:36 - loss: 0.7604 - acc: 0.7194
1504/3458 [============>.................] - ETA: 1:34 - loss: 0.7601 - acc: 0.7181
1536/3458 [============>.................] - ETA: 1:33 - loss: 0.7645 - acc: 0.7168
1568/3458 [============>.................] - ETA: 1:31 - loss: 0.7619 - acc: 0.7188
1600/3458 [============>.................] - ETA: 1:30 - loss: 0.7663 - acc: 0.7169
1632/3458 [=============>................] - ETA: 1:28 - loss: 0.7647 - acc: 0.7175
1664/3458 [=============>................] - ETA: 1:27 - loss: 0.7629 - acc: 0.7175
1696/3458 [=============>................] - ETA: 1:25 - loss: 0.7695 - acc: 0.7146
1728/3458 [=============>................] - ETA: 1:24 - loss: 0.7729 - acc: 0.7124
1760/3458 [==============>...............] - ETA: 1:22 - loss: 0.7710 - acc: 0.7131
1792/3458 [==============>...............] - ETA: 1:20 - loss: 0.7750 - acc: 0.7109
1824/3458 [==============>...............] - ETA: 1:19 - loss: 0.7769 - acc: 0.7100
1856/3458 [===============>..............] - ETA: 1:17 - loss: 0.7780 - acc: 0.7101
1888/3458 [===============>..............] - ETA: 1:16 - loss: 0.7775 - acc: 0.7087
1920/3458 [===============>..............] - ETA: 1:14 - loss: 0.7754 - acc: 0.7094
1952/3458 [===============>..............] - ETA: 1:13 - loss: 0.7724 - acc: 0.7100
1984/3458 [================>.............] - ETA: 1:11 - loss: 0.7722 - acc: 0.7087
2016/3458 [================>.............] - ETA: 1:09 - loss: 0.7723 - acc: 0.7078
2048/3458 [================>.............] - ETA: 1:08 - loss: 0.7699 - acc: 0.7090
2080/3458 [=================>............] - ETA: 1:06 - loss: 0.7694 - acc: 0.7082
2112/3458 [=================>............] - ETA: 1:05 - loss: 0.7736 - acc: 0.7055
2144/3458 [=================>............] - ETA: 1:03 - loss: 0.7716 - acc: 0.7062
2176/3458 [=================>............] - ETA: 1:02 - loss: 0.7756 - acc: 0.7054
2208/3458 [==================>...........] - ETA: 1:00 - loss: 0.7758 - acc: 0.7052
2240/3458 [==================>...........] - ETA: 59s - loss: 0.7761 - acc: 0.7040 
2272/3458 [==================>...........] - ETA: 57s - loss: 0.7734 - acc: 0.7047
2304/3458 [==================>...........] - ETA: 56s - loss: 0.7692 - acc: 0.7062
2336/3458 [===================>..........] - ETA: 54s - loss: 0.7706 - acc: 0.7059
2368/3458 [===================>..........] - ETA: 52s - loss: 0.7678 - acc: 0.7065
2400/3458 [===================>..........] - ETA: 51s - loss: 0.7703 - acc: 0.7063
2432/3458 [====================>.........] - ETA: 49s - loss: 0.7687 - acc: 0.7076
2464/3458 [====================>.........] - ETA: 48s - loss: 0.7694 - acc: 0.7082
2496/3458 [====================>.........] - ETA: 46s - loss: 0.7690 - acc: 0.7087
2528/3458 [====================>.........] - ETA: 45s - loss: 0.7703 - acc: 0.7085
2560/3458 [=====================>........] - ETA: 43s - loss: 0.7674 - acc: 0.7098
2592/3458 [=====================>........] - ETA: 42s - loss: 0.7671 - acc: 0.7095
2624/3458 [=====================>........] - ETA: 40s - loss: 0.7651 - acc: 0.7100
2656/3458 [======================>.......] - ETA: 38s - loss: 0.7684 - acc: 0.7097
2688/3458 [======================>.......] - ETA: 37s - loss: 0.7687 - acc: 0.7094
2720/3458 [======================>.......] - ETA: 35s - loss: 0.7699 - acc: 0.7088
2752/3458 [======================>.......] - ETA: 34s - loss: 0.7692 - acc: 0.7089
2784/3458 [=======================>......] - ETA: 32s - loss: 0.7726 - acc: 0.7065
2816/3458 [=======================>......] - ETA: 31s - loss: 0.7724 - acc: 0.7077
2848/3458 [=======================>......] - ETA: 29s - loss: 0.7709 - acc: 0.7086
2880/3458 [=======================>......] - ETA: 28s - loss: 0.7718 - acc: 0.7080
2912/3458 [========================>.....] - ETA: 26s - loss: 0.7717 - acc: 0.7084
2944/3458 [========================>.....] - ETA: 24s - loss: 0.7722 - acc: 0.7082
2976/3458 [========================>.....] - ETA: 23s - loss: 0.7698 - acc: 0.7100
3008/3458 [=========================>....] - ETA: 21s - loss: 0.7695 - acc: 0.7094
3040/3458 [=========================>....] - ETA: 20s - loss: 0.7707 - acc: 0.7092
3072/3458 [=========================>....] - ETA: 18s - loss: 0.7727 - acc: 0.7087
3104/3458 [=========================>....] - ETA: 17s - loss: 0.7730 - acc: 0.7068
3136/3458 [==========================>...] - ETA: 15s - loss: 0.7747 - acc: 0.7060
3168/3458 [==========================>...] - ETA: 14s - loss: 0.7757 - acc: 0.7049
3200/3458 [==========================>...] - ETA: 12s - loss: 0.7787 - acc: 0.7038
3232/3458 [===========================>..] - ETA: 10s - loss: 0.7816 - acc: 0.7027
3264/3458 [===========================>..] - ETA: 9s - loss: 0.7813 - acc: 0.7025 
3296/3458 [===========================>..] - ETA: 7s - loss: 0.7804 - acc: 0.7027
3328/3458 [===========================>..] - ETA: 6s - loss: 0.7786 - acc: 0.7034
3360/3458 [============================>.] - ETA: 4s - loss: 0.7813 - acc: 0.7027
3392/3458 [============================>.] - ETA: 3s - loss: 0.7812 - acc: 0.7025
3424/3458 [============================>.] - ETA: 1s - loss: 0.7828 - acc: 0.7018
3456/3458 [============================>.] - ETA: 0s - loss: 0.7810 - acc: 0.7028
3458/3458 [==============================] - 168s 49ms/sample - loss: 0.7809 - acc: 0.7030

 32/865 [>.............................] - ETA: 7s - loss: 0.9342 - acc: 0.5938
 64/865 [=>............................] - ETA: 7s - loss: 0.9948 - acc: 0.5781
 96/865 [==>...........................] - ETA: 6s - loss: 1.0333 - acc: 0.5938
128/865 [===>..........................] - ETA: 6s - loss: 0.9882 - acc: 0.5781
160/865 [====>.........................] - ETA: 6s - loss: 1.0240 - acc: 0.5875
192/865 [=====>........................] - ETA: 6s - loss: 1.0345 - acc: 0.5885
224/865 [======>.......................] - ETA: 5s - loss: 1.0123 - acc: 0.5848
256/865 [=======>......................] - ETA: 5s - loss: 1.0151 - acc: 0.5898
288/865 [========>.....................] - ETA: 5s - loss: 1.0024 - acc: 0.5972
320/865 [==========>...................] - ETA: 4s - loss: 0.9881 - acc: 0.6031
352/865 [===========>..................] - ETA: 4s - loss: 0.9880 - acc: 0.6023
384/865 [============>.................] - ETA: 4s - loss: 0.9871 - acc: 0.6042
416/865 [=============>................] - ETA: 4s - loss: 0.9900 - acc: 0.6034
448/865 [==============>...............] - ETA: 3s - loss: 0.9935 - acc: 0.6027
480/865 [===============>..............] - ETA: 3s - loss: 0.9810 - acc: 0.6083
512/865 [================>.............] - ETA: 3s - loss: 0.9745 - acc: 0.6094
544/865 [=================>............] - ETA: 2s - loss: 0.9686 - acc: 0.6085
576/865 [==================>...........] - ETA: 2s - loss: 0.9682 - acc: 0.6094
608/865 [====================>.........] - ETA: 2s - loss: 0.9700 - acc: 0.6069
640/865 [=====================>........] - ETA: 1s - loss: 0.9619 - acc: 0.6125
672/865 [======================>.......] - ETA: 1s - loss: 0.9723 - acc: 0.6101
704/865 [=======================>......] - ETA: 1s - loss: 0.9747 - acc: 0.6122
736/865 [========================>.....] - ETA: 1s - loss: 0.9676 - acc: 0.6141
768/865 [=========================>....] - ETA: 0s - loss: 0.9596 - acc: 0.6211
800/865 [==========================>...] - ETA: 0s - loss: 0.9558 - acc: 0.6237
832/865 [===========================>..] - ETA: 0s - loss: 0.9504 - acc: 0.6274
864/865 [============================>.] - ETA: 0s - loss: 0.9430 - acc: 0.6273
865/865 [==============================] - 8s 9ms/sample - loss: 0.9475 - acc: 0.6266
