For Dense cell number 128
daisy loaded
dandelion loaded
rose loaded
sunflower loaded
tulip loaded

  32/3458 [..............................] - ETA: 2:15 - loss: 1.6380 - acc: 0.1562
  64/3458 [..............................] - ETA: 2:08 - loss: 5.5511 - acc: 0.2031
  96/3458 [..............................] - ETA: 2:06 - loss: 5.0550 - acc: 0.1979
 128/3458 [>.............................] - ETA: 2:04 - loss: 4.2695 - acc: 0.1875
 160/3458 [>.............................] - ETA: 2:02 - loss: 3.7339 - acc: 0.2000
 192/3458 [>.............................] - ETA: 2:01 - loss: 3.3758 - acc: 0.2240
 224/3458 [>.............................] - ETA: 1:59 - loss: 3.1215 - acc: 0.2366
 256/3458 [=>............................] - ETA: 1:58 - loss: 2.9297 - acc: 0.2383
 288/3458 [=>............................] - ETA: 1:57 - loss: 2.7815 - acc: 0.2396
 320/3458 [=>............................] - ETA: 1:55 - loss: 2.6605 - acc: 0.2625
 352/3458 [==>...........................] - ETA: 1:54 - loss: 2.5626 - acc: 0.2670
 384/3458 [==>...........................] - ETA: 1:53 - loss: 2.4853 - acc: 0.2604
 416/3458 [==>...........................] - ETA: 1:52 - loss: 2.4119 - acc: 0.2644
 448/3458 [==>...........................] - ETA: 1:51 - loss: 2.3481 - acc: 0.2679
 480/3458 [===>..........................] - ETA: 1:49 - loss: 2.2907 - acc: 0.2750
 512/3458 [===>..........................] - ETA: 1:48 - loss: 2.2420 - acc: 0.2754
 544/3458 [===>..........................] - ETA: 1:47 - loss: 2.1888 - acc: 0.2831
 576/3458 [===>..........................] - ETA: 1:46 - loss: 2.1489 - acc: 0.2882
 608/3458 [====>.........................] - ETA: 1:44 - loss: 2.1147 - acc: 0.2911
 640/3458 [====>.........................] - ETA: 1:43 - loss: 2.0778 - acc: 0.3000
 672/3458 [====>.........................] - ETA: 1:42 - loss: 2.0415 - acc: 0.3080
 704/3458 [=====>........................] - ETA: 1:41 - loss: 2.0095 - acc: 0.3139
 736/3458 [=====>........................] - ETA: 1:40 - loss: 1.9735 - acc: 0.3234
 768/3458 [=====>........................] - ETA: 1:38 - loss: 1.9397 - acc: 0.3294
 800/3458 [=====>........................] - ETA: 1:37 - loss: 1.9154 - acc: 0.3350
 832/3458 [======>.......................] - ETA: 1:36 - loss: 1.8940 - acc: 0.3401
 864/3458 [======>.......................] - ETA: 1:35 - loss: 1.8785 - acc: 0.3380
 896/3458 [======>.......................] - ETA: 1:34 - loss: 1.8603 - acc: 0.3371
 928/3458 [=======>......................] - ETA: 1:32 - loss: 1.8376 - acc: 0.3438
 960/3458 [=======>......................] - ETA: 1:31 - loss: 1.8172 - acc: 0.3500
 992/3458 [=======>......................] - ETA: 1:30 - loss: 1.8005 - acc: 0.3518
1024/3458 [=======>......................] - ETA: 1:29 - loss: 1.7870 - acc: 0.3506
1056/3458 [========>.....................] - ETA: 1:28 - loss: 1.7678 - acc: 0.3523
1088/3458 [========>.....................] - ETA: 1:26 - loss: 1.7478 - acc: 0.3603
1120/3458 [========>.....................] - ETA: 1:25 - loss: 1.7330 - acc: 0.3598
1152/3458 [========>.....................] - ETA: 1:24 - loss: 1.7163 - acc: 0.3663
1184/3458 [=========>....................] - ETA: 1:23 - loss: 1.7008 - acc: 0.3699
1216/3458 [=========>....................] - ETA: 1:22 - loss: 1.6922 - acc: 0.3676
1248/3458 [=========>....................] - ETA: 1:21 - loss: 1.6808 - acc: 0.3686
1280/3458 [==========>...................] - ETA: 1:19 - loss: 1.6679 - acc: 0.3711
1312/3458 [==========>...................] - ETA: 1:18 - loss: 1.6655 - acc: 0.3689
1344/3458 [==========>...................] - ETA: 1:17 - loss: 1.6562 - acc: 0.3713
1376/3458 [==========>...................] - ETA: 1:16 - loss: 1.6440 - acc: 0.3735
1408/3458 [===========>..................] - ETA: 1:15 - loss: 1.6341 - acc: 0.3771
1440/3458 [===========>..................] - ETA: 1:13 - loss: 1.6358 - acc: 0.3792
1472/3458 [===========>..................] - ETA: 1:12 - loss: 1.6291 - acc: 0.3798
1504/3458 [============>.................] - ETA: 1:11 - loss: 1.6240 - acc: 0.3823
1536/3458 [============>.................] - ETA: 1:10 - loss: 1.6139 - acc: 0.3880
1568/3458 [============>.................] - ETA: 1:09 - loss: 1.6042 - acc: 0.3922
1600/3458 [============>.................] - ETA: 1:08 - loss: 1.6014 - acc: 0.3925
1632/3458 [=============>................] - ETA: 1:06 - loss: 1.5931 - acc: 0.3928
1664/3458 [=============>................] - ETA: 1:05 - loss: 1.5894 - acc: 0.3924
1696/3458 [=============>................] - ETA: 1:04 - loss: 1.5806 - acc: 0.3956
1728/3458 [=============>................] - ETA: 1:03 - loss: 1.5709 - acc: 0.3993
1760/3458 [==============>...............] - ETA: 1:02 - loss: 1.5624 - acc: 0.4017
1792/3458 [==============>...............] - ETA: 1:01 - loss: 1.5638 - acc: 0.3996
1824/3458 [==============>...............] - ETA: 59s - loss: 1.5606 - acc: 0.3991 
1856/3458 [===============>..............] - ETA: 58s - loss: 1.5568 - acc: 0.3998
1888/3458 [===============>..............] - ETA: 57s - loss: 1.5545 - acc: 0.3994
1920/3458 [===============>..............] - ETA: 56s - loss: 1.5538 - acc: 0.4000
1952/3458 [===============>..............] - ETA: 55s - loss: 1.5469 - acc: 0.4022
1984/3458 [================>.............] - ETA: 54s - loss: 1.5399 - acc: 0.4047
2016/3458 [================>.............] - ETA: 52s - loss: 1.5371 - acc: 0.4053
2048/3458 [================>.............] - ETA: 51s - loss: 1.5336 - acc: 0.4058
2080/3458 [=================>............] - ETA: 50s - loss: 1.5313 - acc: 0.4038
2112/3458 [=================>............] - ETA: 49s - loss: 1.5272 - acc: 0.4029
2144/3458 [=================>............] - ETA: 48s - loss: 1.5225 - acc: 0.4035
2176/3458 [=================>............] - ETA: 46s - loss: 1.5192 - acc: 0.4053
2208/3458 [==================>...........] - ETA: 45s - loss: 1.5159 - acc: 0.4049
2240/3458 [==================>...........] - ETA: 44s - loss: 1.5111 - acc: 0.4054
2272/3458 [==================>...........] - ETA: 43s - loss: 1.5096 - acc: 0.4067
2304/3458 [==================>...........] - ETA: 42s - loss: 1.5072 - acc: 0.4054
2336/3458 [===================>..........] - ETA: 41s - loss: 1.5039 - acc: 0.4071
2368/3458 [===================>..........] - ETA: 39s - loss: 1.5022 - acc: 0.4071
2400/3458 [===================>..........] - ETA: 38s - loss: 1.4997 - acc: 0.4067
2432/3458 [====================>.........] - ETA: 37s - loss: 1.4949 - acc: 0.4087
2464/3458 [====================>.........] - ETA: 36s - loss: 1.4949 - acc: 0.4075
2496/3458 [====================>.........] - ETA: 35s - loss: 1.4897 - acc: 0.4087
2528/3458 [====================>.........] - ETA: 34s - loss: 1.4838 - acc: 0.4094
2560/3458 [=====================>........] - ETA: 32s - loss: 1.4806 - acc: 0.4109
2592/3458 [=====================>........] - ETA: 31s - loss: 1.4749 - acc: 0.4120
2624/3458 [=====================>........] - ETA: 30s - loss: 1.4720 - acc: 0.4135
2656/3458 [======================>.......] - ETA: 29s - loss: 1.4679 - acc: 0.4142
2688/3458 [======================>.......] - ETA: 28s - loss: 1.4658 - acc: 0.4144
2720/3458 [======================>.......] - ETA: 27s - loss: 1.4671 - acc: 0.4143
2752/3458 [======================>.......] - ETA: 25s - loss: 1.4671 - acc: 0.4157
2784/3458 [=======================>......] - ETA: 24s - loss: 1.4666 - acc: 0.4181
2816/3458 [=======================>......] - ETA: 23s - loss: 1.4653 - acc: 0.4194
2848/3458 [=======================>......] - ETA: 22s - loss: 1.4628 - acc: 0.4213
2880/3458 [=======================>......] - ETA: 21s - loss: 1.4614 - acc: 0.4208
2912/3458 [========================>.....] - ETA: 19s - loss: 1.4579 - acc: 0.4217
2944/3458 [========================>.....] - ETA: 18s - loss: 1.4573 - acc: 0.4205
2976/3458 [========================>.....] - ETA: 17s - loss: 1.4548 - acc: 0.4200
3008/3458 [=========================>....] - ETA: 16s - loss: 1.4528 - acc: 0.4199
3040/3458 [=========================>....] - ETA: 15s - loss: 1.4503 - acc: 0.4211
3072/3458 [=========================>....] - ETA: 14s - loss: 1.4482 - acc: 0.4215
3104/3458 [=========================>....] - ETA: 12s - loss: 1.4464 - acc: 0.4236
3136/3458 [==========================>...] - ETA: 11s - loss: 1.4454 - acc: 0.4241
3168/3458 [==========================>...] - ETA: 10s - loss: 1.4431 - acc: 0.4249
3200/3458 [==========================>...] - ETA: 9s - loss: 1.4401 - acc: 0.4263 
3232/3458 [===========================>..] - ETA: 8s - loss: 1.4435 - acc: 0.4248
3264/3458 [===========================>..] - ETA: 7s - loss: 1.4414 - acc: 0.4259
3296/3458 [===========================>..] - ETA: 5s - loss: 1.4387 - acc: 0.4266
3328/3458 [===========================>..] - ETA: 4s - loss: 1.4376 - acc: 0.4264
3360/3458 [============================>.] - ETA: 3s - loss: 1.4341 - acc: 0.4271
3392/3458 [============================>.] - ETA: 2s - loss: 1.4316 - acc: 0.4278
3424/3458 [============================>.] - ETA: 1s - loss: 1.4310 - acc: 0.4273
3456/3458 [============================>.] - ETA: 0s - loss: 1.4275 - acc: 0.4285
3458/3458 [==============================] - 127s 37ms/sample - loss: 1.4274 - acc: 0.4286

 32/865 [>.............................] - ETA: 7s - loss: 1.0678 - acc: 0.5625
 64/865 [=>............................] - ETA: 6s - loss: 1.1418 - acc: 0.4688
 96/865 [==>...........................] - ETA: 6s - loss: 1.1040 - acc: 0.5208
128/865 [===>..........................] - ETA: 6s - loss: 1.0923 - acc: 0.5469
160/865 [====>.........................] - ETA: 5s - loss: 1.0953 - acc: 0.5437
192/865 [=====>........................] - ETA: 5s - loss: 1.0779 - acc: 0.5521
224/865 [======>.......................] - ETA: 5s - loss: 1.0529 - acc: 0.5848
256/865 [=======>......................] - ETA: 4s - loss: 1.0564 - acc: 0.5781
288/865 [========>.....................] - ETA: 4s - loss: 1.0623 - acc: 0.5764
320/865 [==========>...................] - ETA: 4s - loss: 1.0646 - acc: 0.5750
352/865 [===========>..................] - ETA: 4s - loss: 1.0727 - acc: 0.5597
384/865 [============>.................] - ETA: 3s - loss: 1.0885 - acc: 0.5521
416/865 [=============>................] - ETA: 3s - loss: 1.0851 - acc: 0.5529
448/865 [==============>...............] - ETA: 3s - loss: 1.0898 - acc: 0.5580
480/865 [===============>..............] - ETA: 3s - loss: 1.1024 - acc: 0.5583
512/865 [================>.............] - ETA: 2s - loss: 1.1082 - acc: 0.5527
544/865 [=================>............] - ETA: 2s - loss: 1.1236 - acc: 0.5423
576/865 [==================>...........] - ETA: 2s - loss: 1.1156 - acc: 0.5451
608/865 [====================>.........] - ETA: 2s - loss: 1.1300 - acc: 0.5411
640/865 [=====================>........] - ETA: 1s - loss: 1.1336 - acc: 0.5406
672/865 [======================>.......] - ETA: 1s - loss: 1.1357 - acc: 0.5417
704/865 [=======================>......] - ETA: 1s - loss: 1.1353 - acc: 0.5440
736/865 [========================>.....] - ETA: 1s - loss: 1.1442 - acc: 0.5380
768/865 [=========================>....] - ETA: 0s - loss: 1.1423 - acc: 0.5365
800/865 [==========================>...] - ETA: 0s - loss: 1.1427 - acc: 0.5362
832/865 [===========================>..] - ETA: 0s - loss: 1.1441 - acc: 0.5312
864/865 [============================>.] - ETA: 0s - loss: 1.1539 - acc: 0.5231
865/865 [==============================] - 7s 8ms/sample - loss: 1.1536 - acc: 0.5225

  32/3458 [..............................] - ETA: 2:05 - loss: 1.0152 - acc: 0.5938
  64/3458 [..............................] - ETA: 2:04 - loss: 1.0520 - acc: 0.5781
  96/3458 [..............................] - ETA: 2:02 - loss: 1.1074 - acc: 0.5521
 128/3458 [>.............................] - ETA: 2:01 - loss: 1.2101 - acc: 0.5312
 160/3458 [>.............................] - ETA: 2:00 - loss: 1.2240 - acc: 0.5125
 192/3458 [>.............................] - ETA: 1:59 - loss: 1.2387 - acc: 0.5000
 224/3458 [>.............................] - ETA: 1:58 - loss: 1.2367 - acc: 0.4955
 256/3458 [=>............................] - ETA: 1:56 - loss: 1.2374 - acc: 0.5000
 288/3458 [=>............................] - ETA: 1:55 - loss: 1.2273 - acc: 0.4965
 320/3458 [=>............................] - ETA: 1:54 - loss: 1.2162 - acc: 0.5094
 352/3458 [==>...........................] - ETA: 1:53 - loss: 1.2250 - acc: 0.5028
 384/3458 [==>...........................] - ETA: 1:52 - loss: 1.2160 - acc: 0.5130
 416/3458 [==>...........................] - ETA: 1:51 - loss: 1.2091 - acc: 0.5072
 448/3458 [==>...........................] - ETA: 1:50 - loss: 1.2095 - acc: 0.5022
 480/3458 [===>..........................] - ETA: 1:49 - loss: 1.2203 - acc: 0.5021
 512/3458 [===>..........................] - ETA: 1:47 - loss: 1.2208 - acc: 0.4980
 544/3458 [===>..........................] - ETA: 1:46 - loss: 1.2155 - acc: 0.4982
 576/3458 [===>..........................] - ETA: 1:45 - loss: 1.2159 - acc: 0.4983
 608/3458 [====>.........................] - ETA: 1:44 - loss: 1.2126 - acc: 0.5033
 640/3458 [====>.........................] - ETA: 1:43 - loss: 1.2049 - acc: 0.5047
 672/3458 [====>.........................] - ETA: 1:41 - loss: 1.2090 - acc: 0.5045
 704/3458 [=====>........................] - ETA: 1:40 - loss: 1.2129 - acc: 0.5000
 736/3458 [=====>........................] - ETA: 1:39 - loss: 1.2101 - acc: 0.5027
 768/3458 [=====>........................] - ETA: 1:38 - loss: 1.2109 - acc: 0.5013
 800/3458 [=====>........................] - ETA: 1:37 - loss: 1.2089 - acc: 0.5025
 832/3458 [======>.......................] - ETA: 1:35 - loss: 1.2103 - acc: 0.5048
 864/3458 [======>.......................] - ETA: 1:34 - loss: 1.2062 - acc: 0.5012
 896/3458 [======>.......................] - ETA: 1:33 - loss: 1.2132 - acc: 0.5011
 928/3458 [=======>......................] - ETA: 1:32 - loss: 1.2171 - acc: 0.5011
 960/3458 [=======>......................] - ETA: 1:31 - loss: 1.2084 - acc: 0.5042
 992/3458 [=======>......................] - ETA: 1:30 - loss: 1.2038 - acc: 0.5081
1024/3458 [=======>......................] - ETA: 1:28 - loss: 1.1979 - acc: 0.5098
1056/3458 [========>.....................] - ETA: 1:27 - loss: 1.1874 - acc: 0.5170
1088/3458 [========>.....................] - ETA: 1:26 - loss: 1.1805 - acc: 0.5221
1120/3458 [========>.....................] - ETA: 1:25 - loss: 1.1777 - acc: 0.5223
1152/3458 [========>.....................] - ETA: 1:24 - loss: 1.1762 - acc: 0.5243
1184/3458 [=========>....................] - ETA: 1:23 - loss: 1.1798 - acc: 0.5228
1216/3458 [=========>....................] - ETA: 1:22 - loss: 1.1722 - acc: 0.5271
1248/3458 [=========>....................] - ETA: 1:20 - loss: 1.1739 - acc: 0.5272
1280/3458 [==========>...................] - ETA: 1:19 - loss: 1.1723 - acc: 0.5266
1312/3458 [==========>...................] - ETA: 1:18 - loss: 1.1631 - acc: 0.5320
1344/3458 [==========>...................] - ETA: 1:17 - loss: 1.1617 - acc: 0.5320
1376/3458 [==========>...................] - ETA: 1:16 - loss: 1.1624 - acc: 0.5305
1408/3458 [===========>..................] - ETA: 1:15 - loss: 1.1566 - acc: 0.5320
1440/3458 [===========>..................] - ETA: 1:13 - loss: 1.1676 - acc: 0.5292
1472/3458 [===========>..................] - ETA: 1:12 - loss: 1.1698 - acc: 0.5292
1504/3458 [============>.................] - ETA: 1:11 - loss: 1.1694 - acc: 0.5293
1536/3458 [============>.................] - ETA: 1:10 - loss: 1.1673 - acc: 0.5293
1568/3458 [============>.................] - ETA: 1:09 - loss: 1.1578 - acc: 0.5351
1600/3458 [============>.................] - ETA: 1:07 - loss: 1.1534 - acc: 0.5369
1632/3458 [=============>................] - ETA: 1:06 - loss: 1.1498 - acc: 0.5380
1664/3458 [=============>................] - ETA: 1:05 - loss: 1.1454 - acc: 0.5415
1696/3458 [=============>................] - ETA: 1:04 - loss: 1.1416 - acc: 0.5413
1728/3458 [=============>................] - ETA: 1:03 - loss: 1.1402 - acc: 0.5422
1760/3458 [==============>...............] - ETA: 1:02 - loss: 1.1403 - acc: 0.5432
1792/3458 [==============>...............] - ETA: 1:00 - loss: 1.1401 - acc: 0.5435
1824/3458 [==============>...............] - ETA: 59s - loss: 1.1408 - acc: 0.5439 
1856/3458 [===============>..............] - ETA: 58s - loss: 1.1359 - acc: 0.5463
1888/3458 [===============>..............] - ETA: 57s - loss: 1.1342 - acc: 0.5461
1920/3458 [===============>..............] - ETA: 56s - loss: 1.1333 - acc: 0.5469
1952/3458 [===============>..............] - ETA: 55s - loss: 1.1350 - acc: 0.5482
1984/3458 [================>.............] - ETA: 53s - loss: 1.1316 - acc: 0.5504
2016/3458 [================>.............] - ETA: 52s - loss: 1.1341 - acc: 0.5491
2048/3458 [================>.............] - ETA: 51s - loss: 1.1318 - acc: 0.5493
2080/3458 [=================>............] - ETA: 50s - loss: 1.1358 - acc: 0.5476
2112/3458 [=================>............] - ETA: 49s - loss: 1.1351 - acc: 0.5492
2144/3458 [=================>............] - ETA: 48s - loss: 1.1335 - acc: 0.5494
2176/3458 [=================>............] - ETA: 46s - loss: 1.1338 - acc: 0.5501
2208/3458 [==================>...........] - ETA: 45s - loss: 1.1330 - acc: 0.5494
2240/3458 [==================>...........] - ETA: 44s - loss: 1.1321 - acc: 0.5504
2272/3458 [==================>...........] - ETA: 43s - loss: 1.1316 - acc: 0.5511
2304/3458 [==================>...........] - ETA: 42s - loss: 1.1314 - acc: 0.5512
2336/3458 [===================>..........] - ETA: 41s - loss: 1.1332 - acc: 0.5518
2368/3458 [===================>..........] - ETA: 39s - loss: 1.1304 - acc: 0.5536
2400/3458 [===================>..........] - ETA: 38s - loss: 1.1289 - acc: 0.5546
2432/3458 [====================>.........] - ETA: 37s - loss: 1.1296 - acc: 0.5543
2464/3458 [====================>.........] - ETA: 36s - loss: 1.1290 - acc: 0.5552
2496/3458 [====================>.........] - ETA: 35s - loss: 1.1265 - acc: 0.5553
2528/3458 [====================>.........] - ETA: 34s - loss: 1.1255 - acc: 0.5554
2560/3458 [=====================>........] - ETA: 32s - loss: 1.1252 - acc: 0.5562
2592/3458 [=====================>........] - ETA: 31s - loss: 1.1253 - acc: 0.5559
2624/3458 [=====================>........] - ETA: 30s - loss: 1.1240 - acc: 0.5553
2656/3458 [======================>.......] - ETA: 29s - loss: 1.1268 - acc: 0.5535
2688/3458 [======================>.......] - ETA: 28s - loss: 1.1255 - acc: 0.5536
2720/3458 [======================>.......] - ETA: 26s - loss: 1.1248 - acc: 0.5537
2752/3458 [======================>.......] - ETA: 25s - loss: 1.1241 - acc: 0.5541
2784/3458 [=======================>......] - ETA: 24s - loss: 1.1231 - acc: 0.5532
2816/3458 [=======================>......] - ETA: 23s - loss: 1.1225 - acc: 0.5536
2848/3458 [=======================>......] - ETA: 22s - loss: 1.1217 - acc: 0.5537
2880/3458 [=======================>......] - ETA: 21s - loss: 1.1186 - acc: 0.5552
2912/3458 [========================>.....] - ETA: 19s - loss: 1.1195 - acc: 0.5539
2944/3458 [========================>.....] - ETA: 18s - loss: 1.1205 - acc: 0.5540
2976/3458 [========================>.....] - ETA: 17s - loss: 1.1185 - acc: 0.5554
3008/3458 [=========================>....] - ETA: 16s - loss: 1.1158 - acc: 0.5568
3040/3458 [=========================>....] - ETA: 15s - loss: 1.1138 - acc: 0.5572
3072/3458 [=========================>....] - ETA: 14s - loss: 1.1115 - acc: 0.5589
3104/3458 [=========================>....] - ETA: 12s - loss: 1.1131 - acc: 0.5583
3136/3458 [==========================>...] - ETA: 11s - loss: 1.1095 - acc: 0.5603
3168/3458 [==========================>...] - ETA: 10s - loss: 1.1097 - acc: 0.5609
3200/3458 [==========================>...] - ETA: 9s - loss: 1.1113 - acc: 0.5606 
3232/3458 [===========================>..] - ETA: 8s - loss: 1.1109 - acc: 0.5610
3264/3458 [===========================>..] - ETA: 7s - loss: 1.1103 - acc: 0.5607
3296/3458 [===========================>..] - ETA: 5s - loss: 1.1116 - acc: 0.5604
3328/3458 [===========================>..] - ETA: 4s - loss: 1.1119 - acc: 0.5604
3360/3458 [============================>.] - ETA: 3s - loss: 1.1100 - acc: 0.5595
3392/3458 [============================>.] - ETA: 2s - loss: 1.1109 - acc: 0.5596
3424/3458 [============================>.] - ETA: 1s - loss: 1.1104 - acc: 0.5590
3456/3458 [============================>.] - ETA: 0s - loss: 1.1086 - acc: 0.5602
3458/3458 [==============================] - 127s 37ms/sample - loss: 1.1084 - acc: 0.5602

 32/865 [>.............................] - ETA: 6s - loss: 0.9224 - acc: 0.5312
 64/865 [=>............................] - ETA: 6s - loss: 1.0344 - acc: 0.5312
 96/865 [==>...........................] - ETA: 6s - loss: 1.0457 - acc: 0.5833
128/865 [===>..........................] - ETA: 5s - loss: 1.0163 - acc: 0.6328
160/865 [====>.........................] - ETA: 5s - loss: 0.9965 - acc: 0.6250
192/865 [=====>........................] - ETA: 5s - loss: 0.9606 - acc: 0.6406
224/865 [======>.......................] - ETA: 5s - loss: 0.9480 - acc: 0.6429
256/865 [=======>......................] - ETA: 4s - loss: 0.9523 - acc: 0.6484
288/865 [========>.....................] - ETA: 4s - loss: 0.9408 - acc: 0.6528
320/865 [==========>...................] - ETA: 4s - loss: 0.9409 - acc: 0.6531
352/865 [===========>..................] - ETA: 4s - loss: 0.9423 - acc: 0.6506
384/865 [============>.................] - ETA: 3s - loss: 0.9645 - acc: 0.6406
416/865 [=============>................] - ETA: 3s - loss: 0.9616 - acc: 0.6442
448/865 [==============>...............] - ETA: 3s - loss: 0.9673 - acc: 0.6339
480/865 [===============>..............] - ETA: 3s - loss: 0.9805 - acc: 0.6292
512/865 [================>.............] - ETA: 2s - loss: 0.9922 - acc: 0.6230
544/865 [=================>............] - ETA: 2s - loss: 1.0102 - acc: 0.6121
576/865 [==================>...........] - ETA: 2s - loss: 0.9998 - acc: 0.6215
608/865 [====================>.........] - ETA: 2s - loss: 1.0187 - acc: 0.6118
640/865 [=====================>........] - ETA: 1s - loss: 1.0284 - acc: 0.6062
672/865 [======================>.......] - ETA: 1s - loss: 1.0236 - acc: 0.6116
704/865 [=======================>......] - ETA: 1s - loss: 1.0261 - acc: 0.6136
736/865 [========================>.....] - ETA: 1s - loss: 1.0308 - acc: 0.6087
768/865 [=========================>....] - ETA: 0s - loss: 1.0243 - acc: 0.6133
800/865 [==========================>...] - ETA: 0s - loss: 1.0281 - acc: 0.6125
832/865 [===========================>..] - ETA: 0s - loss: 1.0297 - acc: 0.6118
864/865 [============================>.] - ETA: 0s - loss: 1.0356 - acc: 0.6076
865/865 [==============================] - 7s 8ms/sample - loss: 1.0348 - acc: 0.6081

  32/3458 [..............................] - ETA: 2:04 - loss: 0.7475 - acc: 0.7812
  64/3458 [..............................] - ETA: 2:03 - loss: 0.8852 - acc: 0.7188
  96/3458 [..............................] - ETA: 2:02 - loss: 0.8926 - acc: 0.6979
 128/3458 [>.............................] - ETA: 2:00 - loss: 1.1037 - acc: 0.6484
 160/3458 [>.............................] - ETA: 2:00 - loss: 1.0651 - acc: 0.6438
 192/3458 [>.............................] - ETA: 1:59 - loss: 1.0652 - acc: 0.6302
 224/3458 [>.............................] - ETA: 1:58 - loss: 1.0342 - acc: 0.6295
 256/3458 [=>............................] - ETA: 1:57 - loss: 1.0102 - acc: 0.6289
 288/3458 [=>............................] - ETA: 1:55 - loss: 0.9887 - acc: 0.6319
 320/3458 [=>............................] - ETA: 1:54 - loss: 0.9752 - acc: 0.6281
 352/3458 [==>...........................] - ETA: 1:53 - loss: 0.9887 - acc: 0.6222
 384/3458 [==>...........................] - ETA: 1:52 - loss: 1.0028 - acc: 0.6120
 416/3458 [==>...........................] - ETA: 1:51 - loss: 1.0044 - acc: 0.6202
 448/3458 [==>...........................] - ETA: 1:50 - loss: 1.0107 - acc: 0.6228
 480/3458 [===>..........................] - ETA: 1:48 - loss: 1.0056 - acc: 0.6292
 512/3458 [===>..........................] - ETA: 1:47 - loss: 1.0036 - acc: 0.6328
 544/3458 [===>..........................] - ETA: 1:46 - loss: 0.9999 - acc: 0.6360
 576/3458 [===>..........................] - ETA: 1:45 - loss: 0.9927 - acc: 0.6372
 608/3458 [====>.........................] - ETA: 1:44 - loss: 0.9998 - acc: 0.6266
 640/3458 [====>.........................] - ETA: 1:42 - loss: 1.0051 - acc: 0.6266
 672/3458 [====>.........................] - ETA: 1:41 - loss: 1.0009 - acc: 0.6295
 704/3458 [=====>........................] - ETA: 1:40 - loss: 0.9886 - acc: 0.6364
 736/3458 [=====>........................] - ETA: 1:39 - loss: 0.9904 - acc: 0.6372
 768/3458 [=====>........................] - ETA: 1:38 - loss: 0.9883 - acc: 0.6367
 800/3458 [=====>........................] - ETA: 1:36 - loss: 0.9911 - acc: 0.6350
 832/3458 [======>.......................] - ETA: 1:35 - loss: 0.9838 - acc: 0.6370
 864/3458 [======>.......................] - ETA: 1:34 - loss: 0.9807 - acc: 0.6366
 896/3458 [======>.......................] - ETA: 1:33 - loss: 0.9844 - acc: 0.6328
 928/3458 [=======>......................] - ETA: 1:32 - loss: 0.9786 - acc: 0.6347
 960/3458 [=======>......................] - ETA: 1:31 - loss: 0.9723 - acc: 0.6344
 992/3458 [=======>......................] - ETA: 1:30 - loss: 0.9677 - acc: 0.6361
1024/3458 [=======>......................] - ETA: 1:28 - loss: 0.9756 - acc: 0.6328
1056/3458 [========>.....................] - ETA: 1:27 - loss: 0.9860 - acc: 0.6278
1088/3458 [========>.....................] - ETA: 1:26 - loss: 0.9922 - acc: 0.6241
1120/3458 [========>.....................] - ETA: 1:25 - loss: 0.9942 - acc: 0.6250
1152/3458 [========>.....................] - ETA: 1:24 - loss: 0.9916 - acc: 0.6241
1184/3458 [=========>....................] - ETA: 1:23 - loss: 0.9916 - acc: 0.6233
1216/3458 [=========>....................] - ETA: 1:22 - loss: 0.9947 - acc: 0.6192
1248/3458 [=========>....................] - ETA: 1:20 - loss: 0.9918 - acc: 0.6202
1280/3458 [==========>...................] - ETA: 1:19 - loss: 0.9889 - acc: 0.6211
1312/3458 [==========>...................] - ETA: 1:18 - loss: 0.9877 - acc: 0.6212
1344/3458 [==========>...................] - ETA: 1:17 - loss: 0.9934 - acc: 0.6176
1376/3458 [==========>...................] - ETA: 1:16 - loss: 0.9927 - acc: 0.6156
1408/3458 [===========>..................] - ETA: 1:14 - loss: 0.9966 - acc: 0.6136
1440/3458 [===========>..................] - ETA: 1:13 - loss: 0.9941 - acc: 0.6167
1472/3458 [===========>..................] - ETA: 1:12 - loss: 0.9916 - acc: 0.6175
1504/3458 [============>.................] - ETA: 1:11 - loss: 0.9923 - acc: 0.6177
1536/3458 [============>.................] - ETA: 1:10 - loss: 1.0006 - acc: 0.6178
1568/3458 [============>.................] - ETA: 1:09 - loss: 0.9955 - acc: 0.6193
1600/3458 [============>.................] - ETA: 1:07 - loss: 0.9977 - acc: 0.6181
1632/3458 [=============>................] - ETA: 1:06 - loss: 0.9916 - acc: 0.6213
1664/3458 [=============>................] - ETA: 1:05 - loss: 0.9923 - acc: 0.6208
1696/3458 [=============>................] - ETA: 1:04 - loss: 0.9917 - acc: 0.6197
1728/3458 [=============>................] - ETA: 1:03 - loss: 0.9918 - acc: 0.6181
1760/3458 [==============>...............] - ETA: 1:02 - loss: 0.9919 - acc: 0.6176
1792/3458 [==============>...............] - ETA: 1:00 - loss: 0.9886 - acc: 0.6183
1824/3458 [==============>...............] - ETA: 59s - loss: 0.9847 - acc: 0.6212 
1856/3458 [===============>..............] - ETA: 58s - loss: 0.9843 - acc: 0.6212
1888/3458 [===============>..............] - ETA: 57s - loss: 0.9855 - acc: 0.6197
1920/3458 [===============>..............] - ETA: 56s - loss: 0.9885 - acc: 0.6177
1952/3458 [===============>..............] - ETA: 55s - loss: 0.9825 - acc: 0.6194
1984/3458 [================>.............] - ETA: 53s - loss: 0.9795 - acc: 0.6205
2016/3458 [================>.............] - ETA: 52s - loss: 0.9795 - acc: 0.6200
2048/3458 [================>.............] - ETA: 51s - loss: 0.9809 - acc: 0.6191
2080/3458 [=================>............] - ETA: 50s - loss: 0.9815 - acc: 0.6207
2112/3458 [=================>............] - ETA: 49s - loss: 0.9782 - acc: 0.6231
2144/3458 [=================>............] - ETA: 47s - loss: 0.9765 - acc: 0.6236
2176/3458 [=================>............] - ETA: 46s - loss: 0.9724 - acc: 0.6250
2208/3458 [==================>...........] - ETA: 45s - loss: 0.9738 - acc: 0.6241
2240/3458 [==================>...........] - ETA: 44s - loss: 0.9735 - acc: 0.6246
2272/3458 [==================>...........] - ETA: 43s - loss: 0.9688 - acc: 0.6268
2304/3458 [==================>...........] - ETA: 42s - loss: 0.9711 - acc: 0.6254
2336/3458 [===================>..........] - ETA: 40s - loss: 0.9721 - acc: 0.6246
2368/3458 [===================>..........] - ETA: 39s - loss: 0.9702 - acc: 0.6242
2400/3458 [===================>..........] - ETA: 38s - loss: 0.9686 - acc: 0.6254
2432/3458 [====================>.........] - ETA: 37s - loss: 0.9678 - acc: 0.6250
2464/3458 [====================>.........] - ETA: 36s - loss: 0.9700 - acc: 0.6234
2496/3458 [====================>.........] - ETA: 35s - loss: 0.9683 - acc: 0.6238
2528/3458 [====================>.........] - ETA: 33s - loss: 0.9708 - acc: 0.6250
2560/3458 [=====================>........] - ETA: 32s - loss: 0.9738 - acc: 0.6258
2592/3458 [=====================>........] - ETA: 31s - loss: 0.9742 - acc: 0.6250
2624/3458 [=====================>........] - ETA: 30s - loss: 0.9722 - acc: 0.6250
2656/3458 [======================>.......] - ETA: 29s - loss: 0.9695 - acc: 0.6273
2688/3458 [======================>.......] - ETA: 28s - loss: 0.9675 - acc: 0.6287
2720/3458 [======================>.......] - ETA: 26s - loss: 0.9666 - acc: 0.6290
2752/3458 [======================>.......] - ETA: 25s - loss: 0.9643 - acc: 0.6294
2784/3458 [=======================>......] - ETA: 24s - loss: 0.9607 - acc: 0.6304
2816/3458 [=======================>......] - ETA: 23s - loss: 0.9608 - acc: 0.6307
2848/3458 [=======================>......] - ETA: 22s - loss: 0.9622 - acc: 0.6285
2880/3458 [=======================>......] - ETA: 21s - loss: 0.9596 - acc: 0.6295
2912/3458 [========================>.....] - ETA: 19s - loss: 0.9545 - acc: 0.6319
2944/3458 [========================>.....] - ETA: 18s - loss: 0.9560 - acc: 0.6315
2976/3458 [========================>.....] - ETA: 17s - loss: 0.9600 - acc: 0.6300
3008/3458 [=========================>....] - ETA: 16s - loss: 0.9584 - acc: 0.6316
3040/3458 [=========================>....] - ETA: 15s - loss: 0.9564 - acc: 0.6316
3072/3458 [=========================>....] - ETA: 14s - loss: 0.9548 - acc: 0.6322
3104/3458 [=========================>....] - ETA: 12s - loss: 0.9550 - acc: 0.6327
3136/3458 [==========================>...] - ETA: 11s - loss: 0.9528 - acc: 0.6320
3168/3458 [==========================>...] - ETA: 10s - loss: 0.9507 - acc: 0.6319
3200/3458 [==========================>...] - ETA: 9s - loss: 0.9480 - acc: 0.6331 
3232/3458 [===========================>..] - ETA: 8s - loss: 0.9475 - acc: 0.6327
3264/3458 [===========================>..] - ETA: 7s - loss: 0.9456 - acc: 0.6330
3296/3458 [===========================>..] - ETA: 5s - loss: 0.9454 - acc: 0.6329
3328/3458 [===========================>..] - ETA: 4s - loss: 0.9480 - acc: 0.6319
3360/3458 [============================>.] - ETA: 3s - loss: 0.9493 - acc: 0.6313
3392/3458 [============================>.] - ETA: 2s - loss: 0.9466 - acc: 0.6327
3424/3458 [============================>.] - ETA: 1s - loss: 0.9494 - acc: 0.6311
3456/3458 [============================>.] - ETA: 0s - loss: 0.9498 - acc: 0.6308
3458/3458 [==============================] - 126s 37ms/sample - loss: 0.9496 - acc: 0.6310

 32/865 [>.............................] - ETA: 6s - loss: 0.9356 - acc: 0.5000
 64/865 [=>............................] - ETA: 6s - loss: 1.0780 - acc: 0.5000
 96/865 [==>...........................] - ETA: 6s - loss: 1.1050 - acc: 0.5312
128/865 [===>..........................] - ETA: 6s - loss: 1.1083 - acc: 0.5312
160/865 [====>.........................] - ETA: 5s - loss: 1.0896 - acc: 0.5375
192/865 [=====>........................] - ETA: 5s - loss: 1.0574 - acc: 0.5469
224/865 [======>.......................] - ETA: 5s - loss: 1.0562 - acc: 0.5446
256/865 [=======>......................] - ETA: 5s - loss: 1.0847 - acc: 0.5469
288/865 [========>.....................] - ETA: 4s - loss: 1.0825 - acc: 0.5486
320/865 [==========>...................] - ETA: 4s - loss: 1.0864 - acc: 0.5344
352/865 [===========>..................] - ETA: 4s - loss: 1.0825 - acc: 0.5426
384/865 [============>.................] - ETA: 3s - loss: 1.1001 - acc: 0.5365
416/865 [=============>................] - ETA: 3s - loss: 1.0871 - acc: 0.5433
448/865 [==============>...............] - ETA: 3s - loss: 1.0931 - acc: 0.5446
480/865 [===============>..............] - ETA: 3s - loss: 1.1020 - acc: 0.5437
512/865 [================>.............] - ETA: 2s - loss: 1.1221 - acc: 0.5430
544/865 [=================>............] - ETA: 2s - loss: 1.1254 - acc: 0.5349
576/865 [==================>...........] - ETA: 2s - loss: 1.1090 - acc: 0.5434
608/865 [====================>.........] - ETA: 2s - loss: 1.1246 - acc: 0.5411
640/865 [=====================>........] - ETA: 1s - loss: 1.1439 - acc: 0.5406
672/865 [======================>.......] - ETA: 1s - loss: 1.1464 - acc: 0.5446
704/865 [=======================>......] - ETA: 1s - loss: 1.1517 - acc: 0.5426
736/865 [========================>.....] - ETA: 1s - loss: 1.1515 - acc: 0.5448
768/865 [=========================>....] - ETA: 0s - loss: 1.1525 - acc: 0.5417
800/865 [==========================>...] - ETA: 0s - loss: 1.1609 - acc: 0.5400
832/865 [===========================>..] - ETA: 0s - loss: 1.1620 - acc: 0.5385
864/865 [============================>.] - ETA: 0s - loss: 1.1721 - acc: 0.5347
865/865 [==============================] - 7s 8ms/sample - loss: 1.1712 - acc: 0.5353

  32/3458 [..............................] - ETA: 2:03 - loss: 0.8673 - acc: 0.6562
  64/3458 [..............................] - ETA: 2:03 - loss: 1.1308 - acc: 0.5938
  96/3458 [..............................] - ETA: 2:01 - loss: 1.0496 - acc: 0.5938
 128/3458 [>.............................] - ETA: 2:01 - loss: 0.9618 - acc: 0.6328
 160/3458 [>.............................] - ETA: 1:59 - loss: 0.9024 - acc: 0.6375
 192/3458 [>.............................] - ETA: 1:59 - loss: 0.9057 - acc: 0.6354
 224/3458 [>.............................] - ETA: 1:58 - loss: 0.9159 - acc: 0.6384
 256/3458 [=>............................] - ETA: 1:56 - loss: 0.9179 - acc: 0.6445
 288/3458 [=>............................] - ETA: 1:55 - loss: 0.9293 - acc: 0.6493
 320/3458 [=>............................] - ETA: 1:54 - loss: 0.9153 - acc: 0.6594
 352/3458 [==>...........................] - ETA: 1:53 - loss: 0.8910 - acc: 0.6733
 384/3458 [==>...........................] - ETA: 1:52 - loss: 0.8844 - acc: 0.6797
 416/3458 [==>...........................] - ETA: 1:51 - loss: 0.8585 - acc: 0.6875
 448/3458 [==>...........................] - ETA: 1:50 - loss: 0.8293 - acc: 0.6987
 480/3458 [===>..........................] - ETA: 1:49 - loss: 0.8248 - acc: 0.7021
 512/3458 [===>..........................] - ETA: 1:47 - loss: 0.8265 - acc: 0.6973
 544/3458 [===>..........................] - ETA: 1:46 - loss: 0.8487 - acc: 0.6857
 576/3458 [===>..........................] - ETA: 1:45 - loss: 0.8450 - acc: 0.6806
 608/3458 [====>.........................] - ETA: 1:44 - loss: 0.8329 - acc: 0.6859
 640/3458 [====>.........................] - ETA: 1:43 - loss: 0.8320 - acc: 0.6828
 672/3458 [====>.........................] - ETA: 1:42 - loss: 0.8345 - acc: 0.6815
 704/3458 [=====>........................] - ETA: 1:40 - loss: 0.8366 - acc: 0.6790
 736/3458 [=====>........................] - ETA: 1:39 - loss: 0.8244 - acc: 0.6834
 768/3458 [=====>........................] - ETA: 1:38 - loss: 0.8194 - acc: 0.6823
 800/3458 [=====>........................] - ETA: 1:37 - loss: 0.8142 - acc: 0.6862
 832/3458 [======>.......................] - ETA: 1:36 - loss: 0.8062 - acc: 0.6863
 864/3458 [======>.......................] - ETA: 1:34 - loss: 0.8093 - acc: 0.6852
 896/3458 [======>.......................] - ETA: 1:33 - loss: 0.8065 - acc: 0.6886
 928/3458 [=======>......................] - ETA: 1:32 - loss: 0.7971 - acc: 0.6929
 960/3458 [=======>......................] - ETA: 1:31 - loss: 0.8025 - acc: 0.6917
 992/3458 [=======>......................] - ETA: 1:30 - loss: 0.8114 - acc: 0.6885
1024/3458 [=======>......................] - ETA: 1:29 - loss: 0.8080 - acc: 0.6855
1056/3458 [========>.....................] - ETA: 1:27 - loss: 0.8058 - acc: 0.6875
1088/3458 [========>.....................] - ETA: 1:26 - loss: 0.8015 - acc: 0.6875
1120/3458 [========>.....................] - ETA: 1:25 - loss: 0.8031 - acc: 0.6875
1152/3458 [========>.....................] - ETA: 1:24 - loss: 0.7937 - acc: 0.6936
1184/3458 [=========>....................] - ETA: 1:23 - loss: 0.7958 - acc: 0.6909
1216/3458 [=========>....................] - ETA: 1:22 - loss: 0.7988 - acc: 0.6883
1248/3458 [=========>....................] - ETA: 1:20 - loss: 0.7971 - acc: 0.6883
1280/3458 [==========>...................] - ETA: 1:19 - loss: 0.7928 - acc: 0.6891
1312/3458 [==========>...................] - ETA: 1:18 - loss: 0.7901 - acc: 0.6890
1344/3458 [==========>...................] - ETA: 1:17 - loss: 0.7906 - acc: 0.6912
1376/3458 [==========>...................] - ETA: 1:16 - loss: 0.7880 - acc: 0.6933
1408/3458 [===========>..................] - ETA: 1:15 - loss: 0.7867 - acc: 0.6953
1440/3458 [===========>..................] - ETA: 1:13 - loss: 0.7909 - acc: 0.6938
1472/3458 [===========>..................] - ETA: 1:12 - loss: 0.7898 - acc: 0.6936
1504/3458 [============>.................] - ETA: 1:11 - loss: 0.7878 - acc: 0.6948
1536/3458 [============>.................] - ETA: 1:10 - loss: 0.7884 - acc: 0.6947
1568/3458 [============>.................] - ETA: 1:09 - loss: 0.7951 - acc: 0.6926
1600/3458 [============>.................] - ETA: 1:08 - loss: 0.7924 - acc: 0.6931
1632/3458 [=============>................] - ETA: 1:06 - loss: 0.7936 - acc: 0.6912
1664/3458 [=============>................] - ETA: 1:05 - loss: 0.7978 - acc: 0.6893
1696/3458 [=============>................] - ETA: 1:04 - loss: 0.7945 - acc: 0.6910
1728/3458 [=============>................] - ETA: 1:03 - loss: 0.7924 - acc: 0.6933
1760/3458 [==============>...............] - ETA: 1:02 - loss: 0.7922 - acc: 0.6926
1792/3458 [==============>...............] - ETA: 1:00 - loss: 0.7897 - acc: 0.6936
1824/3458 [==============>...............] - ETA: 59s - loss: 0.7885 - acc: 0.6946 
1856/3458 [===============>..............] - ETA: 58s - loss: 0.7878 - acc: 0.6945
1888/3458 [===============>..............] - ETA: 57s - loss: 0.7956 - acc: 0.6923
1920/3458 [===============>..............] - ETA: 56s - loss: 0.7942 - acc: 0.6932
1952/3458 [===============>..............] - ETA: 55s - loss: 0.7967 - acc: 0.6916
1984/3458 [================>.............] - ETA: 53s - loss: 0.7957 - acc: 0.6910
2016/3458 [================>.............] - ETA: 52s - loss: 0.7971 - acc: 0.6925
2048/3458 [================>.............] - ETA: 51s - loss: 0.8047 - acc: 0.6909
2080/3458 [=================>............] - ETA: 50s - loss: 0.8065 - acc: 0.6889
2112/3458 [=================>............] - ETA: 49s - loss: 0.8079 - acc: 0.6880
2144/3458 [=================>............] - ETA: 48s - loss: 0.8091 - acc: 0.6880
2176/3458 [=================>............] - ETA: 46s - loss: 0.8068 - acc: 0.6880
2208/3458 [==================>...........] - ETA: 45s - loss: 0.8066 - acc: 0.6880
2240/3458 [==================>...........] - ETA: 44s - loss: 0.8043 - acc: 0.6879
2272/3458 [==================>...........] - ETA: 43s - loss: 0.8029 - acc: 0.6888
2304/3458 [==================>...........] - ETA: 42s - loss: 0.8031 - acc: 0.6879
2336/3458 [===================>..........] - ETA: 41s - loss: 0.8046 - acc: 0.6866
2368/3458 [===================>..........] - ETA: 39s - loss: 0.8066 - acc: 0.6862
2400/3458 [===================>..........] - ETA: 38s - loss: 0.8060 - acc: 0.6862
2432/3458 [====================>.........] - ETA: 37s - loss: 0.8137 - acc: 0.6838
2464/3458 [====================>.........] - ETA: 36s - loss: 0.8139 - acc: 0.6838
2496/3458 [====================>.........] - ETA: 35s - loss: 0.8136 - acc: 0.6851
2528/3458 [====================>.........] - ETA: 34s - loss: 0.8154 - acc: 0.6855
2560/3458 [=====================>........] - ETA: 32s - loss: 0.8172 - acc: 0.6848
2592/3458 [=====================>........] - ETA: 31s - loss: 0.8152 - acc: 0.6844
2624/3458 [=====================>........] - ETA: 30s - loss: 0.8139 - acc: 0.6848
2656/3458 [======================>.......] - ETA: 29s - loss: 0.8101 - acc: 0.6867
2688/3458 [======================>.......] - ETA: 28s - loss: 0.8099 - acc: 0.6875
2720/3458 [======================>.......] - ETA: 26s - loss: 0.8093 - acc: 0.6875
2752/3458 [======================>.......] - ETA: 25s - loss: 0.8094 - acc: 0.6875
2784/3458 [=======================>......] - ETA: 24s - loss: 0.8092 - acc: 0.6882
2816/3458 [=======================>......] - ETA: 23s - loss: 0.8078 - acc: 0.6889
2848/3458 [=======================>......] - ETA: 22s - loss: 0.8055 - acc: 0.6910
2880/3458 [=======================>......] - ETA: 21s - loss: 0.8046 - acc: 0.6906
2912/3458 [========================>.....] - ETA: 19s - loss: 0.8048 - acc: 0.6906
2944/3458 [========================>.....] - ETA: 18s - loss: 0.8049 - acc: 0.6899
2976/3458 [========================>.....] - ETA: 17s - loss: 0.8080 - acc: 0.6895
3008/3458 [=========================>....] - ETA: 16s - loss: 0.8096 - acc: 0.6895
3040/3458 [=========================>....] - ETA: 15s - loss: 0.8084 - acc: 0.6895
3072/3458 [=========================>....] - ETA: 14s - loss: 0.8126 - acc: 0.6882
3104/3458 [=========================>....] - ETA: 12s - loss: 0.8149 - acc: 0.6872
3136/3458 [==========================>...] - ETA: 11s - loss: 0.8188 - acc: 0.6853
3168/3458 [==========================>...] - ETA: 10s - loss: 0.8182 - acc: 0.6853
3200/3458 [==========================>...] - ETA: 9s - loss: 0.8146 - acc: 0.6869 
3232/3458 [===========================>..] - ETA: 8s - loss: 0.8141 - acc: 0.6881
3264/3458 [===========================>..] - ETA: 7s - loss: 0.8155 - acc: 0.6881
3296/3458 [===========================>..] - ETA: 5s - loss: 0.8186 - acc: 0.6869
3328/3458 [===========================>..] - ETA: 4s - loss: 0.8196 - acc: 0.6872
3360/3458 [============================>.] - ETA: 3s - loss: 0.8178 - acc: 0.6872
3392/3458 [============================>.] - ETA: 2s - loss: 0.8178 - acc: 0.6869
3424/3458 [============================>.] - ETA: 1s - loss: 0.8171 - acc: 0.6878
3456/3458 [============================>.] - ETA: 0s - loss: 0.8165 - acc: 0.6887
3458/3458 [==============================] - 127s 37ms/sample - loss: 0.8161 - acc: 0.6888

 32/865 [>.............................] - ETA: 6s - loss: 0.8926 - acc: 0.6875
 64/865 [=>............................] - ETA: 6s - loss: 0.9947 - acc: 0.5625
 96/865 [==>...........................] - ETA: 6s - loss: 0.9681 - acc: 0.6146
128/865 [===>..........................] - ETA: 5s - loss: 0.9636 - acc: 0.6172
160/865 [====>.........................] - ETA: 5s - loss: 0.9101 - acc: 0.6438
192/865 [=====>........................] - ETA: 5s - loss: 0.9052 - acc: 0.6302
224/865 [======>.......................] - ETA: 5s - loss: 0.8771 - acc: 0.6429
256/865 [=======>......................] - ETA: 4s - loss: 0.9001 - acc: 0.6406
288/865 [========>.....................] - ETA: 4s - loss: 0.8994 - acc: 0.6458
320/865 [==========>...................] - ETA: 4s - loss: 0.8937 - acc: 0.6375
352/865 [===========>..................] - ETA: 4s - loss: 0.8938 - acc: 0.6392
384/865 [============>.................] - ETA: 3s - loss: 0.9145 - acc: 0.6302
416/865 [=============>................] - ETA: 3s - loss: 0.9035 - acc: 0.6370
448/865 [==============>...............] - ETA: 3s - loss: 0.9093 - acc: 0.6429
480/865 [===============>..............] - ETA: 3s - loss: 0.9263 - acc: 0.6417
512/865 [================>.............] - ETA: 2s - loss: 0.9417 - acc: 0.6348
544/865 [=================>............] - ETA: 2s - loss: 0.9529 - acc: 0.6250
576/865 [==================>...........] - ETA: 2s - loss: 0.9343 - acc: 0.6372
608/865 [====================>.........] - ETA: 2s - loss: 0.9568 - acc: 0.6316
640/865 [=====================>........] - ETA: 1s - loss: 0.9661 - acc: 0.6266
672/865 [======================>.......] - ETA: 1s - loss: 0.9589 - acc: 0.6310
704/865 [=======================>......] - ETA: 1s - loss: 0.9499 - acc: 0.6335
736/865 [========================>.....] - ETA: 1s - loss: 0.9492 - acc: 0.6318
768/865 [=========================>....] - ETA: 0s - loss: 0.9459 - acc: 0.6315
800/865 [==========================>...] - ETA: 0s - loss: 0.9515 - acc: 0.6288
832/865 [===========================>..] - ETA: 0s - loss: 0.9546 - acc: 0.6262
864/865 [============================>.] - ETA: 0s - loss: 0.9591 - acc: 0.6227
865/865 [==============================] - 7s 8ms/sample - loss: 0.9587 - acc: 0.6231

  32/3458 [..............................] - ETA: 2:03 - loss: 0.7585 - acc: 0.6562
  64/3458 [..............................] - ETA: 2:04 - loss: 0.6347 - acc: 0.7031
  96/3458 [..............................] - ETA: 2:02 - loss: 0.6238 - acc: 0.7083
 128/3458 [>.............................] - ETA: 2:01 - loss: 0.5961 - acc: 0.7344
 160/3458 [>.............................] - ETA: 2:00 - loss: 0.5744 - acc: 0.7437
 192/3458 [>.............................] - ETA: 1:59 - loss: 0.5576 - acc: 0.7656
 224/3458 [>.............................] - ETA: 1:58 - loss: 0.5929 - acc: 0.7589
 256/3458 [=>............................] - ETA: 1:57 - loss: 0.5758 - acc: 0.7656
 288/3458 [=>............................] - ETA: 1:55 - loss: 0.6076 - acc: 0.7604
 320/3458 [=>............................] - ETA: 1:54 - loss: 0.6397 - acc: 0.7469
 352/3458 [==>...........................] - ETA: 1:53 - loss: 0.6391 - acc: 0.7528
 384/3458 [==>...........................] - ETA: 1:52 - loss: 0.6485 - acc: 0.7500
 416/3458 [==>...........................] - ETA: 1:51 - loss: 0.6364 - acc: 0.7524
 448/3458 [==>...........................] - ETA: 1:50 - loss: 0.6346 - acc: 0.7522
 480/3458 [===>..........................] - ETA: 1:48 - loss: 0.6348 - acc: 0.7542
 512/3458 [===>..........................] - ETA: 1:47 - loss: 0.6196 - acc: 0.7617
 544/3458 [===>..........................] - ETA: 1:46 - loss: 0.6133 - acc: 0.7647
 576/3458 [===>..........................] - ETA: 1:45 - loss: 0.6312 - acc: 0.7587
 608/3458 [====>.........................] - ETA: 1:44 - loss: 0.6346 - acc: 0.7549
 640/3458 [====>.........................] - ETA: 1:43 - loss: 0.6486 - acc: 0.7500
 672/3458 [====>.........................] - ETA: 1:41 - loss: 0.6363 - acc: 0.7545
 704/3458 [=====>........................] - ETA: 1:40 - loss: 0.6493 - acc: 0.7500
 736/3458 [=====>........................] - ETA: 1:39 - loss: 0.6478 - acc: 0.7527
 768/3458 [=====>........................] - ETA: 1:38 - loss: 0.6573 - acc: 0.7487
 800/3458 [=====>........................] - ETA: 1:37 - loss: 0.6635 - acc: 0.7487
 832/3458 [======>.......................] - ETA: 1:36 - loss: 0.6703 - acc: 0.7500
 864/3458 [======>.......................] - ETA: 1:34 - loss: 0.6583 - acc: 0.7546
 896/3458 [======>.......................] - ETA: 1:33 - loss: 0.6610 - acc: 0.7522
 928/3458 [=======>......................] - ETA: 1:32 - loss: 0.6643 - acc: 0.7522
 960/3458 [=======>......................] - ETA: 1:31 - loss: 0.6666 - acc: 0.7510
 992/3458 [=======>......................] - ETA: 1:30 - loss: 0.6618 - acc: 0.7520
1024/3458 [=======>......................] - ETA: 1:28 - loss: 0.6535 - acc: 0.7559
1056/3458 [========>.....................] - ETA: 1:27 - loss: 0.6669 - acc: 0.7509
1088/3458 [========>.....................] - ETA: 1:26 - loss: 0.6647 - acc: 0.7500
1120/3458 [========>.....................] - ETA: 1:25 - loss: 0.6771 - acc: 0.7500
1152/3458 [========>.....................] - ETA: 1:24 - loss: 0.6799 - acc: 0.7483
1184/3458 [=========>....................] - ETA: 1:23 - loss: 0.6805 - acc: 0.7500
1216/3458 [=========>....................] - ETA: 1:21 - loss: 0.6749 - acc: 0.7508
1248/3458 [=========>....................] - ETA: 1:20 - loss: 0.6712 - acc: 0.7508
1280/3458 [==========>...................] - ETA: 1:19 - loss: 0.6796 - acc: 0.7492
1312/3458 [==========>...................] - ETA: 1:18 - loss: 0.6812 - acc: 0.7454
1344/3458 [==========>...................] - ETA: 1:17 - loss: 0.6822 - acc: 0.7470
1376/3458 [==========>...................] - ETA: 1:16 - loss: 0.6816 - acc: 0.7478
1408/3458 [===========>..................] - ETA: 1:14 - loss: 0.6790 - acc: 0.7493
1440/3458 [===========>..................] - ETA: 1:13 - loss: 0.6788 - acc: 0.7486
1472/3458 [===========>..................] - ETA: 1:12 - loss: 0.6805 - acc: 0.7473
1504/3458 [============>.................] - ETA: 1:11 - loss: 0.6802 - acc: 0.7467
1536/3458 [============>.................] - ETA: 1:10 - loss: 0.6783 - acc: 0.7480
1568/3458 [============>.................] - ETA: 1:09 - loss: 0.6771 - acc: 0.7474
1600/3458 [============>.................] - ETA: 1:07 - loss: 0.6757 - acc: 0.7469
1632/3458 [=============>................] - ETA: 1:06 - loss: 0.6736 - acc: 0.7482
1664/3458 [=============>................] - ETA: 1:05 - loss: 0.6753 - acc: 0.7482
1696/3458 [=============>................] - ETA: 1:04 - loss: 0.6779 - acc: 0.7453
1728/3458 [=============>................] - ETA: 1:03 - loss: 0.6763 - acc: 0.7471
1760/3458 [==============>...............] - ETA: 1:02 - loss: 0.6810 - acc: 0.7449
1792/3458 [==============>...............] - ETA: 1:00 - loss: 0.6823 - acc: 0.7439
1824/3458 [==============>...............] - ETA: 59s - loss: 0.6801 - acc: 0.7451 
1856/3458 [===============>..............] - ETA: 58s - loss: 0.6775 - acc: 0.7452
1888/3458 [===============>..............] - ETA: 57s - loss: 0.6785 - acc: 0.7436
1920/3458 [===============>..............] - ETA: 56s - loss: 0.6774 - acc: 0.7437
1952/3458 [===============>..............] - ETA: 55s - loss: 0.6796 - acc: 0.7433
1984/3458 [================>.............] - ETA: 53s - loss: 0.6781 - acc: 0.7445
2016/3458 [================>.............] - ETA: 52s - loss: 0.6776 - acc: 0.7445
2048/3458 [================>.............] - ETA: 51s - loss: 0.6759 - acc: 0.7446
2080/3458 [=================>............] - ETA: 50s - loss: 0.6799 - acc: 0.7437
2112/3458 [=================>............] - ETA: 49s - loss: 0.6801 - acc: 0.7438
2144/3458 [=================>............] - ETA: 48s - loss: 0.6780 - acc: 0.7444
2176/3458 [=================>............] - ETA: 46s - loss: 0.6790 - acc: 0.7431
2208/3458 [==================>...........] - ETA: 45s - loss: 0.6782 - acc: 0.7428
2240/3458 [==================>...........] - ETA: 44s - loss: 0.6811 - acc: 0.7406
2272/3458 [==================>...........] - ETA: 43s - loss: 0.6794 - acc: 0.7412
2304/3458 [==================>...........] - ETA: 42s - loss: 0.6800 - acc: 0.7409
2336/3458 [===================>..........] - ETA: 41s - loss: 0.6814 - acc: 0.7402
2368/3458 [===================>..........] - ETA: 39s - loss: 0.6822 - acc: 0.7399
2400/3458 [===================>..........] - ETA: 38s - loss: 0.6832 - acc: 0.7392
2432/3458 [====================>.........] - ETA: 37s - loss: 0.6820 - acc: 0.7397
2464/3458 [====================>.........] - ETA: 36s - loss: 0.6797 - acc: 0.7403
2496/3458 [====================>.........] - ETA: 35s - loss: 0.6770 - acc: 0.7408
2528/3458 [====================>.........] - ETA: 34s - loss: 0.6778 - acc: 0.7401
2560/3458 [=====================>........] - ETA: 32s - loss: 0.6778 - acc: 0.7391
2592/3458 [=====================>........] - ETA: 31s - loss: 0.6779 - acc: 0.7404
2624/3458 [=====================>........] - ETA: 30s - loss: 0.6770 - acc: 0.7420
2656/3458 [======================>.......] - ETA: 29s - loss: 0.6772 - acc: 0.7417
2688/3458 [======================>.......] - ETA: 28s - loss: 0.6738 - acc: 0.7433
2720/3458 [======================>.......] - ETA: 26s - loss: 0.6749 - acc: 0.7426
2752/3458 [======================>.......] - ETA: 25s - loss: 0.6793 - acc: 0.7406
2784/3458 [=======================>......] - ETA: 24s - loss: 0.6806 - acc: 0.7399
2816/3458 [=======================>......] - ETA: 23s - loss: 0.6801 - acc: 0.7404
2848/3458 [=======================>......] - ETA: 22s - loss: 0.6796 - acc: 0.7405
2880/3458 [=======================>......] - ETA: 21s - loss: 0.6797 - acc: 0.7389
2912/3458 [========================>.....] - ETA: 19s - loss: 0.6801 - acc: 0.7387
2944/3458 [========================>.....] - ETA: 18s - loss: 0.6811 - acc: 0.7378
2976/3458 [========================>.....] - ETA: 17s - loss: 0.6803 - acc: 0.7392
3008/3458 [=========================>....] - ETA: 16s - loss: 0.6811 - acc: 0.7394
3040/3458 [=========================>....] - ETA: 15s - loss: 0.6786 - acc: 0.7398
3072/3458 [=========================>....] - ETA: 14s - loss: 0.6755 - acc: 0.7409
3104/3458 [=========================>....] - ETA: 12s - loss: 0.6765 - acc: 0.7407
3136/3458 [==========================>...] - ETA: 11s - loss: 0.6770 - acc: 0.7423
3168/3458 [==========================>...] - ETA: 10s - loss: 0.6779 - acc: 0.7434
3200/3458 [==========================>...] - ETA: 9s - loss: 0.6769 - acc: 0.7437 
3232/3458 [===========================>..] - ETA: 8s - loss: 0.6769 - acc: 0.7426
3264/3458 [===========================>..] - ETA: 7s - loss: 0.6761 - acc: 0.7430
3296/3458 [===========================>..] - ETA: 5s - loss: 0.6774 - acc: 0.7433
3328/3458 [===========================>..] - ETA: 4s - loss: 0.6738 - acc: 0.7443
3360/3458 [============================>.] - ETA: 3s - loss: 0.6738 - acc: 0.7440
3392/3458 [============================>.] - ETA: 2s - loss: 0.6745 - acc: 0.7438
3424/3458 [============================>.] - ETA: 1s - loss: 0.6727 - acc: 0.7442
3456/3458 [============================>.] - ETA: 0s - loss: 0.6702 - acc: 0.7454
3458/3458 [==============================] - 126s 37ms/sample - loss: 0.6702 - acc: 0.7452

 32/865 [>.............................] - ETA: 6s - loss: 0.8145 - acc: 0.6562
 64/865 [=>............................] - ETA: 6s - loss: 1.0617 - acc: 0.5781
 96/865 [==>...........................] - ETA: 6s - loss: 1.0204 - acc: 0.6354
128/865 [===>..........................] - ETA: 5s - loss: 1.0008 - acc: 0.6328
160/865 [====>.........................] - ETA: 5s - loss: 0.9206 - acc: 0.6625
192/865 [=====>........................] - ETA: 5s - loss: 0.9138 - acc: 0.6562
224/865 [======>.......................] - ETA: 5s - loss: 0.8965 - acc: 0.6607
256/865 [=======>......................] - ETA: 4s - loss: 0.9277 - acc: 0.6562
288/865 [========>.....................] - ETA: 4s - loss: 0.9260 - acc: 0.6736
320/865 [==========>...................] - ETA: 4s - loss: 0.9111 - acc: 0.6687
352/865 [===========>..................] - ETA: 4s - loss: 0.9077 - acc: 0.6676
384/865 [============>.................] - ETA: 3s - loss: 0.9571 - acc: 0.6589
416/865 [=============>................] - ETA: 3s - loss: 0.9438 - acc: 0.6683
448/865 [==============>...............] - ETA: 3s - loss: 0.9505 - acc: 0.6741
480/865 [===============>..............] - ETA: 3s - loss: 0.9814 - acc: 0.6729
512/865 [================>.............] - ETA: 2s - loss: 1.0073 - acc: 0.6680
544/865 [=================>............] - ETA: 2s - loss: 1.0296 - acc: 0.6581
576/865 [==================>...........] - ETA: 2s - loss: 1.0106 - acc: 0.6632
608/865 [====================>.........] - ETA: 2s - loss: 1.0521 - acc: 0.6530
640/865 [=====================>........] - ETA: 1s - loss: 1.0614 - acc: 0.6500
672/865 [======================>.......] - ETA: 1s - loss: 1.0567 - acc: 0.6518
704/865 [=======================>......] - ETA: 1s - loss: 1.0485 - acc: 0.6520
736/865 [========================>.....] - ETA: 1s - loss: 1.0518 - acc: 0.6481
768/865 [=========================>....] - ETA: 0s - loss: 1.0403 - acc: 0.6484
800/865 [==========================>...] - ETA: 0s - loss: 1.0432 - acc: 0.6488
832/865 [===========================>..] - ETA: 0s - loss: 1.0427 - acc: 0.6478
864/865 [============================>.] - ETA: 0s - loss: 1.0476 - acc: 0.6458
865/865 [==============================] - 7s 8ms/sample - loss: 1.0470 - acc: 0.6462
