For Dense cell number 1024
daisy loaded
dandelion loaded
rose loaded
sunflower loaded
tulip loaded

  32/3458 [..............................] - ETA: 4:11 - loss: 1.6393 - acc: 0.1562
  64/3458 [..............................] - ETA: 3:56 - loss: 5.7516 - acc: 0.2656
  96/3458 [..............................] - ETA: 3:50 - loss: 8.1938 - acc: 0.1979
 128/3458 [>.............................] - ETA: 3:45 - loss: 7.9877 - acc: 0.2031
 160/3458 [>.............................] - ETA: 3:41 - loss: 6.8500 - acc: 0.2313
 192/3458 [>.............................] - ETA: 3:38 - loss: 5.9744 - acc: 0.2500
 224/3458 [>.............................] - ETA: 3:36 - loss: 5.3467 - acc: 0.2545
 256/3458 [=>............................] - ETA: 3:33 - loss: 4.8714 - acc: 0.2578
 288/3458 [=>............................] - ETA: 3:31 - loss: 4.5208 - acc: 0.2500
 320/3458 [=>............................] - ETA: 3:28 - loss: 4.2260 - acc: 0.2500
 352/3458 [==>...........................] - ETA: 3:25 - loss: 3.9855 - acc: 0.2443
 384/3458 [==>...........................] - ETA: 3:23 - loss: 3.7855 - acc: 0.2422
 416/3458 [==>...........................] - ETA: 3:21 - loss: 3.6138 - acc: 0.2524
 448/3458 [==>...........................] - ETA: 3:19 - loss: 3.4664 - acc: 0.2723
 480/3458 [===>..........................] - ETA: 3:16 - loss: 3.3419 - acc: 0.2646
 512/3458 [===>..........................] - ETA: 3:14 - loss: 3.2273 - acc: 0.2695
 544/3458 [===>..........................] - ETA: 3:12 - loss: 3.1259 - acc: 0.2757
 576/3458 [===>..........................] - ETA: 3:10 - loss: 3.0377 - acc: 0.2760
 608/3458 [====>.........................] - ETA: 3:08 - loss: 2.9580 - acc: 0.2747
 640/3458 [====>.........................] - ETA: 3:05 - loss: 2.8838 - acc: 0.2719
 672/3458 [====>.........................] - ETA: 3:03 - loss: 2.8107 - acc: 0.2783
 704/3458 [=====>........................] - ETA: 3:01 - loss: 2.7575 - acc: 0.2784
 736/3458 [=====>........................] - ETA: 2:59 - loss: 2.7048 - acc: 0.2812
 768/3458 [=====>........................] - ETA: 2:57 - loss: 2.6488 - acc: 0.2878
 800/3458 [=====>........................] - ETA: 2:55 - loss: 2.6003 - acc: 0.2912
 832/3458 [======>.......................] - ETA: 2:53 - loss: 2.5525 - acc: 0.3005
 864/3458 [======>.......................] - ETA: 2:50 - loss: 2.5103 - acc: 0.2998
 896/3458 [======>.......................] - ETA: 2:48 - loss: 2.4653 - acc: 0.3047
 928/3458 [=======>......................] - ETA: 2:46 - loss: 2.4236 - acc: 0.3103
 960/3458 [=======>......................] - ETA: 2:44 - loss: 2.3833 - acc: 0.3104
 992/3458 [=======>......................] - ETA: 2:42 - loss: 2.3420 - acc: 0.3155
1024/3458 [=======>......................] - ETA: 2:40 - loss: 2.3152 - acc: 0.3174
1056/3458 [========>.....................] - ETA: 2:38 - loss: 2.2860 - acc: 0.3172
1088/3458 [========>.....................] - ETA: 2:36 - loss: 2.2680 - acc: 0.3180
1120/3458 [========>.....................] - ETA: 2:33 - loss: 2.2507 - acc: 0.3187
1152/3458 [========>.....................] - ETA: 2:31 - loss: 2.2266 - acc: 0.3229
1184/3458 [=========>....................] - ETA: 2:29 - loss: 2.1955 - acc: 0.3311
1216/3458 [=========>....................] - ETA: 2:27 - loss: 2.1710 - acc: 0.3347
1248/3458 [=========>....................] - ETA: 2:25 - loss: 2.1504 - acc: 0.3365
1280/3458 [==========>...................] - ETA: 2:23 - loss: 2.1317 - acc: 0.3352
1312/3458 [==========>...................] - ETA: 2:21 - loss: 2.1092 - acc: 0.3384
1344/3458 [==========>...................] - ETA: 2:19 - loss: 2.0903 - acc: 0.3378
1376/3458 [==========>...................] - ETA: 2:17 - loss: 2.0739 - acc: 0.3372
1408/3458 [===========>..................] - ETA: 2:14 - loss: 2.0549 - acc: 0.3402
1440/3458 [===========>..................] - ETA: 2:12 - loss: 2.0352 - acc: 0.3451
1472/3458 [===========>..................] - ETA: 2:10 - loss: 2.0174 - acc: 0.3478
1504/3458 [============>.................] - ETA: 2:08 - loss: 2.0031 - acc: 0.3484
1536/3458 [============>.................] - ETA: 2:06 - loss: 1.9888 - acc: 0.3509
1568/3458 [============>.................] - ETA: 2:04 - loss: 1.9734 - acc: 0.3514
1600/3458 [============>.................] - ETA: 2:02 - loss: 1.9591 - acc: 0.3531
1632/3458 [=============>................] - ETA: 2:00 - loss: 1.9413 - acc: 0.3560
1664/3458 [=============>................] - ETA: 1:58 - loss: 1.9273 - acc: 0.3576
1696/3458 [=============>................] - ETA: 1:55 - loss: 1.9217 - acc: 0.3567
1728/3458 [=============>................] - ETA: 1:53 - loss: 1.9118 - acc: 0.3588
1760/3458 [==============>...............] - ETA: 1:51 - loss: 1.9038 - acc: 0.3580
1792/3458 [==============>...............] - ETA: 1:49 - loss: 1.8909 - acc: 0.3616
1824/3458 [==============>...............] - ETA: 1:47 - loss: 1.8836 - acc: 0.3586
1856/3458 [===============>..............] - ETA: 1:45 - loss: 1.8731 - acc: 0.3594
1888/3458 [===============>..............] - ETA: 1:43 - loss: 1.8654 - acc: 0.3602
1920/3458 [===============>..............] - ETA: 1:41 - loss: 1.8580 - acc: 0.3620
1952/3458 [===============>..............] - ETA: 1:38 - loss: 1.8480 - acc: 0.3622
1984/3458 [================>.............] - ETA: 1:36 - loss: 1.8378 - acc: 0.3659
2016/3458 [================>.............] - ETA: 1:34 - loss: 1.8297 - acc: 0.3656
2048/3458 [================>.............] - ETA: 1:32 - loss: 1.8202 - acc: 0.3677
2080/3458 [=================>............] - ETA: 1:30 - loss: 1.8107 - acc: 0.3697
2112/3458 [=================>............] - ETA: 1:28 - loss: 1.8084 - acc: 0.3693
2144/3458 [=================>............] - ETA: 1:26 - loss: 1.8003 - acc: 0.3708
2176/3458 [=================>............] - ETA: 1:24 - loss: 1.7909 - acc: 0.3718
2208/3458 [==================>...........] - ETA: 1:22 - loss: 1.7905 - acc: 0.3700
2240/3458 [==================>...........] - ETA: 1:20 - loss: 1.7817 - acc: 0.3692
2272/3458 [==================>...........] - ETA: 1:17 - loss: 1.7749 - acc: 0.3702
2304/3458 [==================>...........] - ETA: 1:15 - loss: 1.7677 - acc: 0.3720
2336/3458 [===================>..........] - ETA: 1:13 - loss: 1.7623 - acc: 0.3724
2368/3458 [===================>..........] - ETA: 1:11 - loss: 1.7537 - acc: 0.3758
2400/3458 [===================>..........] - ETA: 1:09 - loss: 1.7446 - acc: 0.3779
2432/3458 [====================>.........] - ETA: 1:07 - loss: 1.7382 - acc: 0.3803
2464/3458 [====================>.........] - ETA: 1:05 - loss: 1.7323 - acc: 0.3819
2496/3458 [====================>.........] - ETA: 1:03 - loss: 1.7256 - acc: 0.3830
2528/3458 [====================>.........] - ETA: 1:01 - loss: 1.7219 - acc: 0.3837
2560/3458 [=====================>........] - ETA: 58s - loss: 1.7170 - acc: 0.3852 
2592/3458 [=====================>........] - ETA: 56s - loss: 1.7119 - acc: 0.3854
2624/3458 [=====================>........] - ETA: 54s - loss: 1.7078 - acc: 0.3880
2656/3458 [======================>.......] - ETA: 52s - loss: 1.7018 - acc: 0.3901
2688/3458 [======================>.......] - ETA: 50s - loss: 1.6967 - acc: 0.3906
2720/3458 [======================>.......] - ETA: 48s - loss: 1.6942 - acc: 0.3923
2752/3458 [======================>.......] - ETA: 46s - loss: 1.6886 - acc: 0.3932
2784/3458 [=======================>......] - ETA: 44s - loss: 1.6838 - acc: 0.3948
2816/3458 [=======================>......] - ETA: 42s - loss: 1.6810 - acc: 0.3942
2848/3458 [=======================>......] - ETA: 40s - loss: 1.6774 - acc: 0.3943
2880/3458 [=======================>......] - ETA: 37s - loss: 1.6758 - acc: 0.3948
2912/3458 [========================>.....] - ETA: 35s - loss: 1.6698 - acc: 0.3963
2944/3458 [========================>.....] - ETA: 33s - loss: 1.6663 - acc: 0.3971
2976/3458 [========================>.....] - ETA: 31s - loss: 1.6626 - acc: 0.3989
3008/3458 [=========================>....] - ETA: 29s - loss: 1.6589 - acc: 0.4003
3040/3458 [=========================>....] - ETA: 27s - loss: 1.6552 - acc: 0.4020
3072/3458 [=========================>....] - ETA: 25s - loss: 1.6492 - acc: 0.4040
3104/3458 [=========================>....] - ETA: 23s - loss: 1.6460 - acc: 0.4053
3136/3458 [==========================>...] - ETA: 21s - loss: 1.6411 - acc: 0.4053
3168/3458 [==========================>...] - ETA: 19s - loss: 1.6370 - acc: 0.4062
3200/3458 [==========================>...] - ETA: 16s - loss: 1.6361 - acc: 0.4059
3232/3458 [===========================>..] - ETA: 14s - loss: 1.6305 - acc: 0.4066
3264/3458 [===========================>..] - ETA: 12s - loss: 1.6238 - acc: 0.4093
3296/3458 [===========================>..] - ETA: 10s - loss: 1.6173 - acc: 0.4117
3328/3458 [===========================>..] - ETA: 8s - loss: 1.6127 - acc: 0.4129 
3360/3458 [============================>.] - ETA: 6s - loss: 1.6102 - acc: 0.4137
3392/3458 [============================>.] - ETA: 4s - loss: 1.6064 - acc: 0.4148
3424/3458 [============================>.] - ETA: 2s - loss: 1.6022 - acc: 0.4162
3456/3458 [============================>.] - ETA: 0s - loss: 1.6000 - acc: 0.4152
3458/3458 [==============================] - 228s 66ms/sample - loss: 1.5997 - acc: 0.4156

 32/865 [>.............................] - ETA: 8s - loss: 1.3410 - acc: 0.5000
 64/865 [=>............................] - ETA: 8s - loss: 1.2688 - acc: 0.4531
 96/865 [==>...........................] - ETA: 7s - loss: 1.2864 - acc: 0.4792
128/865 [===>..........................] - ETA: 7s - loss: 1.2586 - acc: 0.5000
160/865 [====>.........................] - ETA: 7s - loss: 1.2769 - acc: 0.4938
192/865 [=====>........................] - ETA: 6s - loss: 1.2539 - acc: 0.4948
224/865 [======>.......................] - ETA: 6s - loss: 1.2420 - acc: 0.4955
256/865 [=======>......................] - ETA: 6s - loss: 1.2247 - acc: 0.5078
288/865 [========>.....................] - ETA: 5s - loss: 1.2617 - acc: 0.4896
320/865 [==========>...................] - ETA: 5s - loss: 1.2334 - acc: 0.5031
352/865 [===========>..................] - ETA: 5s - loss: 1.2311 - acc: 0.5000
384/865 [============>.................] - ETA: 4s - loss: 1.2260 - acc: 0.5078
416/865 [=============>................] - ETA: 4s - loss: 1.2318 - acc: 0.5072
448/865 [==============>...............] - ETA: 4s - loss: 1.2239 - acc: 0.5134
480/865 [===============>..............] - ETA: 3s - loss: 1.2258 - acc: 0.5104
512/865 [================>.............] - ETA: 3s - loss: 1.2342 - acc: 0.5059
544/865 [=================>............] - ETA: 3s - loss: 1.2298 - acc: 0.5074
576/865 [==================>...........] - ETA: 2s - loss: 1.2400 - acc: 0.5052
608/865 [====================>.........] - ETA: 2s - loss: 1.2294 - acc: 0.5082
640/865 [=====================>........] - ETA: 2s - loss: 1.2476 - acc: 0.5063
672/865 [======================>.......] - ETA: 1s - loss: 1.2565 - acc: 0.5030
704/865 [=======================>......] - ETA: 1s - loss: 1.2554 - acc: 0.5085
736/865 [========================>.....] - ETA: 1s - loss: 1.2493 - acc: 0.5136
768/865 [=========================>....] - ETA: 0s - loss: 1.2440 - acc: 0.5169
800/865 [==========================>...] - ETA: 0s - loss: 1.2443 - acc: 0.5138
832/865 [===========================>..] - ETA: 0s - loss: 1.2379 - acc: 0.5120
864/865 [============================>.] - ETA: 0s - loss: 1.2393 - acc: 0.5174
865/865 [==============================] - 9s 10ms/sample - loss: 1.2389 - acc: 0.5168

  32/3458 [..............................] - ETA: 3:42 - loss: 1.0487 - acc: 0.5938
  64/3458 [..............................] - ETA: 3:42 - loss: 1.0401 - acc: 0.6094
  96/3458 [..............................] - ETA: 3:39 - loss: 1.0720 - acc: 0.5729
 128/3458 [>.............................] - ETA: 3:37 - loss: 1.0997 - acc: 0.5391
 160/3458 [>.............................] - ETA: 3:35 - loss: 1.2230 - acc: 0.5437
 192/3458 [>.............................] - ETA: 3:32 - loss: 1.2115 - acc: 0.5469
 224/3458 [>.............................] - ETA: 3:31 - loss: 1.1721 - acc: 0.5536
 256/3458 [=>............................] - ETA: 3:28 - loss: 1.1571 - acc: 0.5586
 288/3458 [=>............................] - ETA: 3:26 - loss: 1.1492 - acc: 0.5625
 320/3458 [=>............................] - ETA: 3:24 - loss: 1.1693 - acc: 0.5625
 352/3458 [==>...........................] - ETA: 3:23 - loss: 1.1599 - acc: 0.5625
 384/3458 [==>...........................] - ETA: 3:20 - loss: 1.1612 - acc: 0.5547
 416/3458 [==>...........................] - ETA: 3:19 - loss: 1.1419 - acc: 0.5649
 448/3458 [==>...........................] - ETA: 3:16 - loss: 1.1536 - acc: 0.5536
 480/3458 [===>..........................] - ETA: 3:14 - loss: 1.1440 - acc: 0.5604
 512/3458 [===>..........................] - ETA: 3:12 - loss: 1.1456 - acc: 0.5605
 544/3458 [===>..........................] - ETA: 3:10 - loss: 1.1443 - acc: 0.5607
 576/3458 [===>..........................] - ETA: 3:08 - loss: 1.1400 - acc: 0.5642
 608/3458 [====>.........................] - ETA: 3:06 - loss: 1.1437 - acc: 0.5674
 640/3458 [====>.........................] - ETA: 3:04 - loss: 1.1549 - acc: 0.5672
 672/3458 [====>.........................] - ETA: 3:02 - loss: 1.1581 - acc: 0.5580
 704/3458 [=====>........................] - ETA: 3:00 - loss: 1.1670 - acc: 0.5582
 736/3458 [=====>........................] - ETA: 2:58 - loss: 1.1843 - acc: 0.5543
 768/3458 [=====>........................] - ETA: 2:55 - loss: 1.1877 - acc: 0.5521
 800/3458 [=====>........................] - ETA: 2:53 - loss: 1.1868 - acc: 0.5462
 832/3458 [======>.......................] - ETA: 2:51 - loss: 1.1879 - acc: 0.5469
 864/3458 [======>.......................] - ETA: 2:49 - loss: 1.1873 - acc: 0.5475
 896/3458 [======>.......................] - ETA: 2:47 - loss: 1.1900 - acc: 0.5424
 928/3458 [=======>......................] - ETA: 2:45 - loss: 1.1895 - acc: 0.5442
 960/3458 [=======>......................] - ETA: 2:43 - loss: 1.1912 - acc: 0.5427
 992/3458 [=======>......................] - ETA: 2:41 - loss: 1.1859 - acc: 0.5484
1024/3458 [=======>......................] - ETA: 2:39 - loss: 1.1859 - acc: 0.5479
1056/3458 [========>.....................] - ETA: 2:37 - loss: 1.1780 - acc: 0.5492
1088/3458 [========>.....................] - ETA: 2:35 - loss: 1.1751 - acc: 0.5506
1120/3458 [========>.....................] - ETA: 2:33 - loss: 1.1706 - acc: 0.5536
1152/3458 [========>.....................] - ETA: 2:30 - loss: 1.1711 - acc: 0.5530
1184/3458 [=========>....................] - ETA: 2:28 - loss: 1.1727 - acc: 0.5507
1216/3458 [=========>....................] - ETA: 2:26 - loss: 1.1666 - acc: 0.5518
1248/3458 [=========>....................] - ETA: 2:24 - loss: 1.1621 - acc: 0.5529
1280/3458 [==========>...................] - ETA: 2:22 - loss: 1.1638 - acc: 0.5523
1312/3458 [==========>...................] - ETA: 2:20 - loss: 1.1666 - acc: 0.5526
1344/3458 [==========>...................] - ETA: 2:18 - loss: 1.1613 - acc: 0.5528
1376/3458 [==========>...................] - ETA: 2:16 - loss: 1.1650 - acc: 0.5523
1408/3458 [===========>..................] - ETA: 2:14 - loss: 1.1592 - acc: 0.5540
1440/3458 [===========>..................] - ETA: 2:12 - loss: 1.1596 - acc: 0.5528
1472/3458 [===========>..................] - ETA: 2:09 - loss: 1.1601 - acc: 0.5510
1504/3458 [============>.................] - ETA: 2:07 - loss: 1.1736 - acc: 0.5499
1536/3458 [============>.................] - ETA: 2:05 - loss: 1.1693 - acc: 0.5521
1568/3458 [============>.................] - ETA: 2:03 - loss: 1.1658 - acc: 0.5504
1600/3458 [============>.................] - ETA: 2:01 - loss: 1.1716 - acc: 0.5469
1632/3458 [=============>................] - ETA: 1:59 - loss: 1.1703 - acc: 0.5478
1664/3458 [=============>................] - ETA: 1:57 - loss: 1.1698 - acc: 0.5481
1696/3458 [=============>................] - ETA: 1:55 - loss: 1.1739 - acc: 0.5454
1728/3458 [=============>................] - ETA: 1:53 - loss: 1.1725 - acc: 0.5463
1760/3458 [==============>...............] - ETA: 1:51 - loss: 1.1749 - acc: 0.5449
1792/3458 [==============>...............] - ETA: 1:49 - loss: 1.1732 - acc: 0.5458
1824/3458 [==============>...............] - ETA: 1:47 - loss: 1.1686 - acc: 0.5482
1856/3458 [===============>..............] - ETA: 1:44 - loss: 1.1663 - acc: 0.5490
1888/3458 [===============>..............] - ETA: 1:42 - loss: 1.1637 - acc: 0.5508
1920/3458 [===============>..............] - ETA: 1:40 - loss: 1.1649 - acc: 0.5510
1952/3458 [===============>..............] - ETA: 1:38 - loss: 1.1675 - acc: 0.5497
1984/3458 [================>.............] - ETA: 1:36 - loss: 1.1657 - acc: 0.5509
2016/3458 [================>.............] - ETA: 1:34 - loss: 1.1641 - acc: 0.5516
2048/3458 [================>.............] - ETA: 1:32 - loss: 1.1698 - acc: 0.5469
2080/3458 [=================>............] - ETA: 1:30 - loss: 1.1695 - acc: 0.5476
2112/3458 [=================>............] - ETA: 1:28 - loss: 1.1695 - acc: 0.5469
2144/3458 [=================>............] - ETA: 1:26 - loss: 1.1703 - acc: 0.5448
2176/3458 [=================>............] - ETA: 1:23 - loss: 1.1693 - acc: 0.5437
2208/3458 [==================>...........] - ETA: 1:21 - loss: 1.1699 - acc: 0.5426
2240/3458 [==================>...........] - ETA: 1:19 - loss: 1.1709 - acc: 0.5415
2272/3458 [==================>...........] - ETA: 1:17 - loss: 1.1700 - acc: 0.5409
2304/3458 [==================>...........] - ETA: 1:15 - loss: 1.1714 - acc: 0.5399
2336/3458 [===================>..........] - ETA: 1:13 - loss: 1.1720 - acc: 0.5398
2368/3458 [===================>..........] - ETA: 1:11 - loss: 1.1718 - acc: 0.5389
2400/3458 [===================>..........] - ETA: 1:09 - loss: 1.1758 - acc: 0.5367
2432/3458 [====================>.........] - ETA: 1:07 - loss: 1.1722 - acc: 0.5370
2464/3458 [====================>.........] - ETA: 1:05 - loss: 1.1696 - acc: 0.5377
2496/3458 [====================>.........] - ETA: 1:03 - loss: 1.1687 - acc: 0.5381
2528/3458 [====================>.........] - ETA: 1:00 - loss: 1.1686 - acc: 0.5380
2560/3458 [=====================>........] - ETA: 58s - loss: 1.1717 - acc: 0.5379 
2592/3458 [=====================>........] - ETA: 56s - loss: 1.1704 - acc: 0.5367
2624/3458 [=====================>........] - ETA: 54s - loss: 1.1771 - acc: 0.5354
2656/3458 [======================>.......] - ETA: 52s - loss: 1.1737 - acc: 0.5373
2688/3458 [======================>.......] - ETA: 50s - loss: 1.1724 - acc: 0.5376
2720/3458 [======================>.......] - ETA: 48s - loss: 1.1717 - acc: 0.5379
2752/3458 [======================>.......] - ETA: 46s - loss: 1.1689 - acc: 0.5396
2784/3458 [=======================>......] - ETA: 44s - loss: 1.1697 - acc: 0.5377
2816/3458 [=======================>......] - ETA: 42s - loss: 1.1692 - acc: 0.5380
2848/3458 [=======================>......] - ETA: 39s - loss: 1.1666 - acc: 0.5390
2880/3458 [=======================>......] - ETA: 37s - loss: 1.1647 - acc: 0.5406
2912/3458 [========================>.....] - ETA: 35s - loss: 1.1662 - acc: 0.5402
2944/3458 [========================>.....] - ETA: 33s - loss: 1.1637 - acc: 0.5404
2976/3458 [========================>.....] - ETA: 31s - loss: 1.1608 - acc: 0.5410
3008/3458 [=========================>....] - ETA: 29s - loss: 1.1577 - acc: 0.5419
3040/3458 [=========================>....] - ETA: 27s - loss: 1.1596 - acc: 0.5418
3072/3458 [=========================>....] - ETA: 25s - loss: 1.1605 - acc: 0.5404
3104/3458 [=========================>....] - ETA: 23s - loss: 1.1620 - acc: 0.5399
3136/3458 [==========================>...] - ETA: 21s - loss: 1.1582 - acc: 0.5418
3168/3458 [==========================>...] - ETA: 18s - loss: 1.1596 - acc: 0.5417
3200/3458 [==========================>...] - ETA: 16s - loss: 1.1586 - acc: 0.5425
3232/3458 [===========================>..] - ETA: 14s - loss: 1.1571 - acc: 0.5430
3264/3458 [===========================>..] - ETA: 12s - loss: 1.1563 - acc: 0.5432
3296/3458 [===========================>..] - ETA: 10s - loss: 1.1584 - acc: 0.5434
3328/3458 [===========================>..] - ETA: 8s - loss: 1.1586 - acc: 0.5439 
3360/3458 [============================>.] - ETA: 6s - loss: 1.1582 - acc: 0.5437
3392/3458 [============================>.] - ETA: 4s - loss: 1.1591 - acc: 0.5430
3424/3458 [============================>.] - ETA: 2s - loss: 1.1598 - acc: 0.5418
3456/3458 [============================>.] - ETA: 0s - loss: 1.1567 - acc: 0.5437
3458/3458 [==============================] - 228s 66ms/sample - loss: 1.1562 - acc: 0.5440

 32/865 [>.............................] - ETA: 8s - loss: 1.0412 - acc: 0.5938
 64/865 [=>............................] - ETA: 8s - loss: 1.0587 - acc: 0.5625
 96/865 [==>...........................] - ETA: 8s - loss: 1.0961 - acc: 0.5000
128/865 [===>..........................] - ETA: 7s - loss: 1.0942 - acc: 0.5234
160/865 [====>.........................] - ETA: 7s - loss: 1.1258 - acc: 0.5125
192/865 [=====>........................] - ETA: 6s - loss: 1.1310 - acc: 0.5104
224/865 [======>.......................] - ETA: 6s - loss: 1.1367 - acc: 0.5179
256/865 [=======>......................] - ETA: 6s - loss: 1.1173 - acc: 0.5352
288/865 [========>.....................] - ETA: 5s - loss: 1.1478 - acc: 0.5174
320/865 [==========>...................] - ETA: 5s - loss: 1.1390 - acc: 0.5094
352/865 [===========>..................] - ETA: 5s - loss: 1.1413 - acc: 0.5142
384/865 [============>.................] - ETA: 4s - loss: 1.1298 - acc: 0.5182
416/865 [=============>................] - ETA: 4s - loss: 1.1378 - acc: 0.5168
448/865 [==============>...............] - ETA: 4s - loss: 1.1319 - acc: 0.5246
480/865 [===============>..............] - ETA: 3s - loss: 1.1320 - acc: 0.5250
512/865 [================>.............] - ETA: 3s - loss: 1.1363 - acc: 0.5195
544/865 [=================>............] - ETA: 3s - loss: 1.1289 - acc: 0.5184
576/865 [==================>...........] - ETA: 2s - loss: 1.1306 - acc: 0.5243
608/865 [====================>.........] - ETA: 2s - loss: 1.1306 - acc: 0.5263
640/865 [=====================>........] - ETA: 2s - loss: 1.1397 - acc: 0.5234
672/865 [======================>.......] - ETA: 1s - loss: 1.1508 - acc: 0.5179
704/865 [=======================>......] - ETA: 1s - loss: 1.1500 - acc: 0.5170
736/865 [========================>.....] - ETA: 1s - loss: 1.1425 - acc: 0.5217
768/865 [=========================>....] - ETA: 0s - loss: 1.1331 - acc: 0.5312
800/865 [==========================>...] - ETA: 0s - loss: 1.1345 - acc: 0.5288
832/865 [===========================>..] - ETA: 0s - loss: 1.1331 - acc: 0.5276
864/865 [============================>.] - ETA: 0s - loss: 1.1285 - acc: 0.5312
865/865 [==============================] - 9s 10ms/sample - loss: 1.1277 - acc: 0.5318

  32/3458 [..............................] - ETA: 3:36 - loss: 0.9980 - acc: 0.5000
  64/3458 [..............................] - ETA: 3:37 - loss: 1.0085 - acc: 0.5312
  96/3458 [..............................] - ETA: 3:38 - loss: 1.0291 - acc: 0.5625
 128/3458 [>.............................] - ETA: 3:36 - loss: 1.0316 - acc: 0.5938
 160/3458 [>.............................] - ETA: 3:33 - loss: 1.0223 - acc: 0.6000
 192/3458 [>.............................] - ETA: 3:33 - loss: 0.9702 - acc: 0.6250
 224/3458 [>.............................] - ETA: 3:30 - loss: 0.9795 - acc: 0.6339
 256/3458 [=>............................] - ETA: 3:28 - loss: 0.9808 - acc: 0.6328
 288/3458 [=>............................] - ETA: 3:26 - loss: 0.9844 - acc: 0.6285
 320/3458 [=>............................] - ETA: 3:24 - loss: 0.9704 - acc: 0.6281
 352/3458 [==>...........................] - ETA: 3:22 - loss: 0.9714 - acc: 0.6278
 384/3458 [==>...........................] - ETA: 3:21 - loss: 0.9647 - acc: 0.6276
 416/3458 [==>...........................] - ETA: 3:18 - loss: 0.9714 - acc: 0.6178
 448/3458 [==>...........................] - ETA: 3:17 - loss: 0.9780 - acc: 0.6138
 480/3458 [===>..........................] - ETA: 3:15 - loss: 0.9831 - acc: 0.6042
 512/3458 [===>..........................] - ETA: 3:12 - loss: 0.9768 - acc: 0.6094
 544/3458 [===>..........................] - ETA: 3:10 - loss: 0.9781 - acc: 0.6103
 576/3458 [===>..........................] - ETA: 3:08 - loss: 0.9784 - acc: 0.6128
 608/3458 [====>.........................] - ETA: 3:06 - loss: 1.0190 - acc: 0.6069
 640/3458 [====>.........................] - ETA: 3:04 - loss: 1.0203 - acc: 0.6062
 672/3458 [====>.........................] - ETA: 3:02 - loss: 1.0108 - acc: 0.6101
 704/3458 [=====>........................] - ETA: 3:00 - loss: 1.0071 - acc: 0.6108
 736/3458 [=====>........................] - ETA: 2:58 - loss: 1.0133 - acc: 0.6128
 768/3458 [=====>........................] - ETA: 2:56 - loss: 1.0108 - acc: 0.6159
 800/3458 [=====>........................] - ETA: 2:53 - loss: 1.0178 - acc: 0.6162
 832/3458 [======>.......................] - ETA: 2:51 - loss: 1.0085 - acc: 0.6250
 864/3458 [======>.......................] - ETA: 2:49 - loss: 1.0152 - acc: 0.6215
 896/3458 [======>.......................] - ETA: 2:47 - loss: 1.0099 - acc: 0.6217
 928/3458 [=======>......................] - ETA: 2:45 - loss: 1.0081 - acc: 0.6218
 960/3458 [=======>......................] - ETA: 2:43 - loss: 1.0094 - acc: 0.6177
 992/3458 [=======>......................] - ETA: 2:41 - loss: 1.0069 - acc: 0.6159
1024/3458 [=======>......................] - ETA: 2:39 - loss: 1.0121 - acc: 0.6133
1056/3458 [========>.....................] - ETA: 2:37 - loss: 1.0156 - acc: 0.6080
1088/3458 [========>.....................] - ETA: 2:35 - loss: 1.0121 - acc: 0.6085
1120/3458 [========>.....................] - ETA: 2:33 - loss: 1.0114 - acc: 0.6089
1152/3458 [========>.....................] - ETA: 2:30 - loss: 1.0136 - acc: 0.6059
1184/3458 [=========>....................] - ETA: 2:28 - loss: 1.0140 - acc: 0.6047
1216/3458 [=========>....................] - ETA: 2:26 - loss: 1.0138 - acc: 0.6077
1248/3458 [=========>....................] - ETA: 2:24 - loss: 1.0177 - acc: 0.6066
1280/3458 [==========>...................] - ETA: 2:22 - loss: 1.0146 - acc: 0.6070
1312/3458 [==========>...................] - ETA: 2:20 - loss: 1.0126 - acc: 0.6075
1344/3458 [==========>...................] - ETA: 2:18 - loss: 1.0125 - acc: 0.6094
1376/3458 [==========>...................] - ETA: 2:16 - loss: 1.0050 - acc: 0.6119
1408/3458 [===========>..................] - ETA: 2:14 - loss: 1.0020 - acc: 0.6136
1440/3458 [===========>..................] - ETA: 2:12 - loss: 1.0024 - acc: 0.6118
1472/3458 [===========>..................] - ETA: 2:10 - loss: 0.9979 - acc: 0.6135
1504/3458 [============>.................] - ETA: 2:08 - loss: 1.0017 - acc: 0.6117
1536/3458 [============>.................] - ETA: 2:05 - loss: 0.9967 - acc: 0.6113
1568/3458 [============>.................] - ETA: 2:03 - loss: 0.9902 - acc: 0.6142
1600/3458 [============>.................] - ETA: 2:01 - loss: 0.9878 - acc: 0.6150
1632/3458 [=============>................] - ETA: 1:59 - loss: 0.9937 - acc: 0.6127
1664/3458 [=============>................] - ETA: 1:57 - loss: 0.9980 - acc: 0.6124
1696/3458 [=============>................] - ETA: 1:55 - loss: 0.9987 - acc: 0.6114
1728/3458 [=============>................] - ETA: 1:53 - loss: 0.9978 - acc: 0.6105
1760/3458 [==============>...............] - ETA: 1:51 - loss: 0.9954 - acc: 0.6136
1792/3458 [==============>...............] - ETA: 1:49 - loss: 0.9956 - acc: 0.6127
1824/3458 [==============>...............] - ETA: 1:47 - loss: 1.0014 - acc: 0.6096
1856/3458 [===============>..............] - ETA: 1:44 - loss: 1.0050 - acc: 0.6072
1888/3458 [===============>..............] - ETA: 1:42 - loss: 1.0061 - acc: 0.6065
1920/3458 [===============>..............] - ETA: 1:40 - loss: 1.0069 - acc: 0.6073
1952/3458 [===============>..............] - ETA: 1:38 - loss: 1.0056 - acc: 0.6081
1984/3458 [================>.............] - ETA: 1:36 - loss: 1.0051 - acc: 0.6064
2016/3458 [================>.............] - ETA: 1:34 - loss: 1.0010 - acc: 0.6081
2048/3458 [================>.............] - ETA: 1:32 - loss: 0.9962 - acc: 0.6104
2080/3458 [=================>............] - ETA: 1:30 - loss: 0.9984 - acc: 0.6101
2112/3458 [=================>............] - ETA: 1:28 - loss: 1.0045 - acc: 0.6084
2144/3458 [=================>............] - ETA: 1:26 - loss: 1.0003 - acc: 0.6091
2176/3458 [=================>............] - ETA: 1:23 - loss: 1.0050 - acc: 0.6066
2208/3458 [==================>...........] - ETA: 1:21 - loss: 1.0063 - acc: 0.6055
2240/3458 [==================>...........] - ETA: 1:19 - loss: 1.0055 - acc: 0.6045
2272/3458 [==================>...........] - ETA: 1:17 - loss: 1.0068 - acc: 0.6039
2304/3458 [==================>...........] - ETA: 1:15 - loss: 1.0054 - acc: 0.6050
2336/3458 [===================>..........] - ETA: 1:13 - loss: 1.0047 - acc: 0.6049
2368/3458 [===================>..........] - ETA: 1:11 - loss: 1.0060 - acc: 0.6043
2400/3458 [===================>..........] - ETA: 1:09 - loss: 1.0066 - acc: 0.6046
2432/3458 [====================>.........] - ETA: 1:07 - loss: 1.0066 - acc: 0.6061
2464/3458 [====================>.........] - ETA: 1:05 - loss: 1.0056 - acc: 0.6059
2496/3458 [====================>.........] - ETA: 1:02 - loss: 1.0026 - acc: 0.6070
2528/3458 [====================>.........] - ETA: 1:00 - loss: 1.0028 - acc: 0.6064
2560/3458 [=====================>........] - ETA: 58s - loss: 1.0048 - acc: 0.6062 
2592/3458 [=====================>........] - ETA: 56s - loss: 1.0027 - acc: 0.6088
2624/3458 [=====================>........] - ETA: 54s - loss: 1.0040 - acc: 0.6082
2656/3458 [======================>.......] - ETA: 52s - loss: 1.0049 - acc: 0.6077
2688/3458 [======================>.......] - ETA: 50s - loss: 1.0045 - acc: 0.6090
2720/3458 [======================>.......] - ETA: 48s - loss: 1.0054 - acc: 0.6085
2752/3458 [======================>.......] - ETA: 46s - loss: 1.0028 - acc: 0.6090
2784/3458 [=======================>......] - ETA: 44s - loss: 0.9999 - acc: 0.6096
2816/3458 [=======================>......] - ETA: 42s - loss: 0.9987 - acc: 0.6097
2848/3458 [=======================>......] - ETA: 39s - loss: 0.9957 - acc: 0.6103
2880/3458 [=======================>......] - ETA: 37s - loss: 0.9954 - acc: 0.6104
2912/3458 [========================>.....] - ETA: 35s - loss: 0.9937 - acc: 0.6109
2944/3458 [========================>.....] - ETA: 33s - loss: 0.9913 - acc: 0.6128
2976/3458 [========================>.....] - ETA: 31s - loss: 0.9920 - acc: 0.6132
3008/3458 [=========================>....] - ETA: 29s - loss: 0.9917 - acc: 0.6130
3040/3458 [=========================>....] - ETA: 27s - loss: 0.9907 - acc: 0.6138
3072/3458 [=========================>....] - ETA: 25s - loss: 0.9891 - acc: 0.6143
3104/3458 [=========================>....] - ETA: 23s - loss: 0.9871 - acc: 0.6157
3136/3458 [==========================>...] - ETA: 21s - loss: 0.9853 - acc: 0.6158
3168/3458 [==========================>...] - ETA: 19s - loss: 0.9851 - acc: 0.6162
3200/3458 [==========================>...] - ETA: 16s - loss: 0.9859 - acc: 0.6172
3232/3458 [===========================>..] - ETA: 14s - loss: 0.9847 - acc: 0.6176
3264/3458 [===========================>..] - ETA: 12s - loss: 0.9868 - acc: 0.6167
3296/3458 [===========================>..] - ETA: 10s - loss: 0.9874 - acc: 0.6171
3328/3458 [===========================>..] - ETA: 8s - loss: 0.9887 - acc: 0.6163 
3360/3458 [============================>.] - ETA: 6s - loss: 0.9868 - acc: 0.6164
3392/3458 [============================>.] - ETA: 4s - loss: 0.9862 - acc: 0.6165
3424/3458 [============================>.] - ETA: 2s - loss: 0.9853 - acc: 0.6165
3456/3458 [============================>.] - ETA: 0s - loss: 0.9829 - acc: 0.6163
3458/3458 [==============================] - 228s 66ms/sample - loss: 0.9828 - acc: 0.6165

 32/865 [>.............................] - ETA: 8s - loss: 1.0422 - acc: 0.6250
 64/865 [=>............................] - ETA: 7s - loss: 1.0682 - acc: 0.5469
 96/865 [==>...........................] - ETA: 7s - loss: 1.0580 - acc: 0.5521
128/865 [===>..........................] - ETA: 7s - loss: 1.0539 - acc: 0.5469
160/865 [====>.........................] - ETA: 6s - loss: 1.0988 - acc: 0.5562
192/865 [=====>........................] - ETA: 6s - loss: 1.0894 - acc: 0.5677
224/865 [======>.......................] - ETA: 6s - loss: 1.0930 - acc: 0.5625
256/865 [=======>......................] - ETA: 6s - loss: 1.0858 - acc: 0.5781
288/865 [========>.....................] - ETA: 5s - loss: 1.1442 - acc: 0.5556
320/865 [==========>...................] - ETA: 5s - loss: 1.1159 - acc: 0.5656
352/865 [===========>..................] - ETA: 5s - loss: 1.1084 - acc: 0.5767
384/865 [============>.................] - ETA: 4s - loss: 1.0926 - acc: 0.5833
416/865 [=============>................] - ETA: 4s - loss: 1.1179 - acc: 0.5769
448/865 [==============>...............] - ETA: 4s - loss: 1.1016 - acc: 0.5804
480/865 [===============>..............] - ETA: 3s - loss: 1.1095 - acc: 0.5792
512/865 [================>.............] - ETA: 3s - loss: 1.1159 - acc: 0.5742
544/865 [=================>............] - ETA: 3s - loss: 1.1009 - acc: 0.5772
576/865 [==================>...........] - ETA: 2s - loss: 1.0979 - acc: 0.5799
608/865 [====================>.........] - ETA: 2s - loss: 1.0951 - acc: 0.5806
640/865 [=====================>........] - ETA: 2s - loss: 1.1136 - acc: 0.5703
672/865 [======================>.......] - ETA: 1s - loss: 1.1164 - acc: 0.5699
704/865 [=======================>......] - ETA: 1s - loss: 1.1034 - acc: 0.5781
736/865 [========================>.....] - ETA: 1s - loss: 1.0956 - acc: 0.5815
768/865 [=========================>....] - ETA: 0s - loss: 1.0881 - acc: 0.5846
800/865 [==========================>...] - ETA: 0s - loss: 1.0867 - acc: 0.5800
832/865 [===========================>..] - ETA: 0s - loss: 1.0835 - acc: 0.5769
864/865 [============================>.] - ETA: 0s - loss: 1.0812 - acc: 0.5810
865/865 [==============================] - 9s 10ms/sample - loss: 1.0803 - acc: 0.5815

  32/3458 [..............................] - ETA: 3:38 - loss: 0.6941 - acc: 0.7500
  64/3458 [..............................] - ETA: 3:38 - loss: 0.7328 - acc: 0.7344
  96/3458 [..............................] - ETA: 3:39 - loss: 0.8095 - acc: 0.7188
 128/3458 [>.............................] - ETA: 3:36 - loss: 0.8024 - acc: 0.7031
 160/3458 [>.............................] - ETA: 3:36 - loss: 0.7927 - acc: 0.6812
 192/3458 [>.............................] - ETA: 3:33 - loss: 0.7809 - acc: 0.6875
 224/3458 [>.............................] - ETA: 3:31 - loss: 0.7835 - acc: 0.6875
 256/3458 [=>............................] - ETA: 3:30 - loss: 0.7838 - acc: 0.6875
 288/3458 [=>............................] - ETA: 3:27 - loss: 0.8247 - acc: 0.6632
 320/3458 [=>............................] - ETA: 3:25 - loss: 0.8006 - acc: 0.6812
 352/3458 [==>...........................] - ETA: 3:24 - loss: 0.7967 - acc: 0.6847
 384/3458 [==>...........................] - ETA: 3:21 - loss: 0.8070 - acc: 0.6875
 416/3458 [==>...........................] - ETA: 3:19 - loss: 0.8086 - acc: 0.6923
 448/3458 [==>...........................] - ETA: 3:17 - loss: 0.8136 - acc: 0.6875
 480/3458 [===>..........................] - ETA: 3:15 - loss: 0.8099 - acc: 0.6896
 512/3458 [===>..........................] - ETA: 3:13 - loss: 0.8000 - acc: 0.6934
 544/3458 [===>..........................] - ETA: 3:11 - loss: 0.7962 - acc: 0.6967
 576/3458 [===>..........................] - ETA: 3:09 - loss: 0.7979 - acc: 0.7014
 608/3458 [====>.........................] - ETA: 3:06 - loss: 0.8101 - acc: 0.6941
 640/3458 [====>.........................] - ETA: 3:04 - loss: 0.8215 - acc: 0.6906
 672/3458 [====>.........................] - ETA: 3:02 - loss: 0.8285 - acc: 0.6815
 704/3458 [=====>........................] - ETA: 3:00 - loss: 0.8372 - acc: 0.6804
 736/3458 [=====>........................] - ETA: 2:58 - loss: 0.8379 - acc: 0.6834
 768/3458 [=====>........................] - ETA: 2:56 - loss: 0.8322 - acc: 0.6875
 800/3458 [=====>........................] - ETA: 2:54 - loss: 0.8350 - acc: 0.6888
 832/3458 [======>.......................] - ETA: 2:52 - loss: 0.8437 - acc: 0.6851
 864/3458 [======>.......................] - ETA: 2:50 - loss: 0.8388 - acc: 0.6852
 896/3458 [======>.......................] - ETA: 2:48 - loss: 0.8386 - acc: 0.6842
 928/3458 [=======>......................] - ETA: 2:46 - loss: 0.8414 - acc: 0.6810
 960/3458 [=======>......................] - ETA: 2:43 - loss: 0.8504 - acc: 0.6771
 992/3458 [=======>......................] - ETA: 2:41 - loss: 0.8470 - acc: 0.6784
1024/3458 [=======>......................] - ETA: 2:39 - loss: 0.8471 - acc: 0.6787
1056/3458 [========>.....................] - ETA: 2:37 - loss: 0.8440 - acc: 0.6799
1088/3458 [========>.....................] - ETA: 2:35 - loss: 0.8536 - acc: 0.6765
1120/3458 [========>.....................] - ETA: 2:33 - loss: 0.8600 - acc: 0.6723
1152/3458 [========>.....................] - ETA: 2:31 - loss: 0.8649 - acc: 0.6701
1184/3458 [=========>....................] - ETA: 2:29 - loss: 0.8630 - acc: 0.6731
1216/3458 [=========>....................] - ETA: 2:26 - loss: 0.8652 - acc: 0.6702
1248/3458 [=========>....................] - ETA: 2:24 - loss: 0.8636 - acc: 0.6731
1280/3458 [==========>...................] - ETA: 2:22 - loss: 0.8628 - acc: 0.6758
1312/3458 [==========>...................] - ETA: 2:20 - loss: 0.8700 - acc: 0.6723
1344/3458 [==========>...................] - ETA: 2:18 - loss: 0.8698 - acc: 0.6696
1376/3458 [==========>...................] - ETA: 2:16 - loss: 0.8688 - acc: 0.6693
1408/3458 [===========>..................] - ETA: 2:14 - loss: 0.8710 - acc: 0.6697
1440/3458 [===========>..................] - ETA: 2:12 - loss: 0.8745 - acc: 0.6701
1472/3458 [===========>..................] - ETA: 2:10 - loss: 0.8835 - acc: 0.6685
1504/3458 [============>.................] - ETA: 2:08 - loss: 0.8837 - acc: 0.6702
1536/3458 [============>.................] - ETA: 2:05 - loss: 0.8876 - acc: 0.6680
1568/3458 [============>.................] - ETA: 2:03 - loss: 0.8910 - acc: 0.6671
1600/3458 [============>.................] - ETA: 2:01 - loss: 0.8932 - acc: 0.6644
1632/3458 [=============>................] - ETA: 1:59 - loss: 0.8967 - acc: 0.6630
1664/3458 [=============>................] - ETA: 1:57 - loss: 0.8989 - acc: 0.6617
1696/3458 [=============>................] - ETA: 1:55 - loss: 0.8971 - acc: 0.6639
1728/3458 [=============>................] - ETA: 1:53 - loss: 0.8952 - acc: 0.6649
1760/3458 [==============>...............] - ETA: 1:51 - loss: 0.8895 - acc: 0.6670
1792/3458 [==============>...............] - ETA: 1:49 - loss: 0.8860 - acc: 0.6680
1824/3458 [==============>...............] - ETA: 1:47 - loss: 0.8838 - acc: 0.6689
1856/3458 [===============>..............] - ETA: 1:45 - loss: 0.8808 - acc: 0.6681
1888/3458 [===============>..............] - ETA: 1:42 - loss: 0.8780 - acc: 0.6684
1920/3458 [===============>..............] - ETA: 1:40 - loss: 0.8791 - acc: 0.6682
1952/3458 [===============>..............] - ETA: 1:38 - loss: 0.8783 - acc: 0.6680
1984/3458 [================>.............] - ETA: 1:36 - loss: 0.8769 - acc: 0.6689
2016/3458 [================>.............] - ETA: 1:34 - loss: 0.8799 - acc: 0.6677
2048/3458 [================>.............] - ETA: 1:32 - loss: 0.8778 - acc: 0.6680
2080/3458 [=================>............] - ETA: 1:30 - loss: 0.8767 - acc: 0.6687
2112/3458 [=================>............] - ETA: 1:28 - loss: 0.8861 - acc: 0.6671
2144/3458 [=================>............] - ETA: 1:26 - loss: 0.8855 - acc: 0.6674
2176/3458 [=================>............] - ETA: 1:24 - loss: 0.8922 - acc: 0.6654
2208/3458 [==================>...........] - ETA: 1:21 - loss: 0.8886 - acc: 0.6667
2240/3458 [==================>...........] - ETA: 1:19 - loss: 0.8926 - acc: 0.6656
2272/3458 [==================>...........] - ETA: 1:17 - loss: 0.8870 - acc: 0.6690
2304/3458 [==================>...........] - ETA: 1:15 - loss: 0.8851 - acc: 0.6688
2336/3458 [===================>..........] - ETA: 1:13 - loss: 0.8896 - acc: 0.6682
2368/3458 [===================>..........] - ETA: 1:11 - loss: 0.8881 - acc: 0.6702
2400/3458 [===================>..........] - ETA: 1:09 - loss: 0.8869 - acc: 0.6700
2432/3458 [====================>.........] - ETA: 1:07 - loss: 0.8856 - acc: 0.6711
2464/3458 [====================>.........] - ETA: 1:05 - loss: 0.8857 - acc: 0.6700
2496/3458 [====================>.........] - ETA: 1:03 - loss: 0.8865 - acc: 0.6691
2528/3458 [====================>.........] - ETA: 1:00 - loss: 0.8836 - acc: 0.6689
2560/3458 [=====================>........] - ETA: 58s - loss: 0.8839 - acc: 0.6676 
2592/3458 [=====================>........] - ETA: 56s - loss: 0.8803 - acc: 0.6698
2624/3458 [=====================>........] - ETA: 54s - loss: 0.8792 - acc: 0.6692
2656/3458 [======================>.......] - ETA: 52s - loss: 0.8809 - acc: 0.6687
2688/3458 [======================>.......] - ETA: 50s - loss: 0.8822 - acc: 0.6689
2720/3458 [======================>.......] - ETA: 48s - loss: 0.8822 - acc: 0.6691
2752/3458 [======================>.......] - ETA: 46s - loss: 0.8806 - acc: 0.6686
2784/3458 [=======================>......] - ETA: 44s - loss: 0.8806 - acc: 0.6688
2816/3458 [=======================>......] - ETA: 42s - loss: 0.8805 - acc: 0.6683
2848/3458 [=======================>......] - ETA: 39s - loss: 0.8777 - acc: 0.6692
2880/3458 [=======================>......] - ETA: 37s - loss: 0.8740 - acc: 0.6708
2912/3458 [========================>.....] - ETA: 35s - loss: 0.8739 - acc: 0.6707
2944/3458 [========================>.....] - ETA: 33s - loss: 0.8736 - acc: 0.6712
2976/3458 [========================>.....] - ETA: 31s - loss: 0.8742 - acc: 0.6710
3008/3458 [=========================>....] - ETA: 29s - loss: 0.8709 - acc: 0.6719
3040/3458 [=========================>....] - ETA: 27s - loss: 0.8720 - acc: 0.6714
3072/3458 [=========================>....] - ETA: 25s - loss: 0.8707 - acc: 0.6719
3104/3458 [=========================>....] - ETA: 23s - loss: 0.8719 - acc: 0.6711
3136/3458 [==========================>...] - ETA: 21s - loss: 0.8726 - acc: 0.6703
3168/3458 [==========================>...] - ETA: 19s - loss: 0.8716 - acc: 0.6692
3200/3458 [==========================>...] - ETA: 16s - loss: 0.8754 - acc: 0.6681
3232/3458 [===========================>..] - ETA: 14s - loss: 0.8775 - acc: 0.6674
3264/3458 [===========================>..] - ETA: 12s - loss: 0.8760 - acc: 0.6682
3296/3458 [===========================>..] - ETA: 10s - loss: 0.8761 - acc: 0.6678
3328/3458 [===========================>..] - ETA: 8s - loss: 0.8737 - acc: 0.6686 
3360/3458 [============================>.] - ETA: 6s - loss: 0.8714 - acc: 0.6696
3392/3458 [============================>.] - ETA: 4s - loss: 0.8707 - acc: 0.6695
3424/3458 [============================>.] - ETA: 2s - loss: 0.8693 - acc: 0.6700
3456/3458 [============================>.] - ETA: 0s - loss: 0.8710 - acc: 0.6696
3458/3458 [==============================] - 228s 66ms/sample - loss: 0.8712 - acc: 0.6692

 32/865 [>.............................] - ETA: 8s - loss: 0.9758 - acc: 0.6562
 64/865 [=>............................] - ETA: 7s - loss: 0.9815 - acc: 0.6406
 96/865 [==>...........................] - ETA: 7s - loss: 0.9541 - acc: 0.6250
128/865 [===>..........................] - ETA: 7s - loss: 0.9315 - acc: 0.6172
160/865 [====>.........................] - ETA: 6s - loss: 0.9930 - acc: 0.6187
192/865 [=====>........................] - ETA: 6s - loss: 0.9919 - acc: 0.6198
224/865 [======>.......................] - ETA: 6s - loss: 1.0130 - acc: 0.6116
256/865 [=======>......................] - ETA: 6s - loss: 0.9959 - acc: 0.6211
288/865 [========>.....................] - ETA: 5s - loss: 1.0368 - acc: 0.5972
320/865 [==========>...................] - ETA: 5s - loss: 1.0082 - acc: 0.5969
352/865 [===========>..................] - ETA: 5s - loss: 1.0031 - acc: 0.6023
384/865 [============>.................] - ETA: 4s - loss: 0.9935 - acc: 0.5990
416/865 [=============>................] - ETA: 4s - loss: 1.0221 - acc: 0.5962
448/865 [==============>...............] - ETA: 4s - loss: 1.0095 - acc: 0.6071
480/865 [===============>..............] - ETA: 3s - loss: 1.0180 - acc: 0.6125
512/865 [================>.............] - ETA: 3s - loss: 1.0185 - acc: 0.6113
544/865 [=================>............] - ETA: 3s - loss: 1.0025 - acc: 0.6195
576/865 [==================>...........] - ETA: 2s - loss: 1.0046 - acc: 0.6146
608/865 [====================>.........] - ETA: 2s - loss: 1.0142 - acc: 0.6102
640/865 [=====================>........] - ETA: 2s - loss: 1.0202 - acc: 0.6047
672/865 [======================>.......] - ETA: 1s - loss: 1.0266 - acc: 0.6042
704/865 [=======================>......] - ETA: 1s - loss: 1.0209 - acc: 0.6051
736/865 [========================>.....] - ETA: 1s - loss: 1.0201 - acc: 0.6005
768/865 [=========================>....] - ETA: 0s - loss: 1.0131 - acc: 0.6016
800/865 [==========================>...] - ETA: 0s - loss: 1.0171 - acc: 0.5975
832/865 [===========================>..] - ETA: 0s - loss: 1.0213 - acc: 0.5962
864/865 [============================>.] - ETA: 0s - loss: 1.0159 - acc: 0.5984
865/865 [==============================] - 9s 10ms/sample - loss: 1.0153 - acc: 0.5988

  32/3458 [..............................] - ETA: 3:43 - loss: 0.7812 - acc: 0.7500
  64/3458 [..............................] - ETA: 3:41 - loss: 0.7210 - acc: 0.7812
  96/3458 [..............................] - ETA: 3:40 - loss: 0.7376 - acc: 0.7604
 128/3458 [>.............................] - ETA: 3:36 - loss: 0.7840 - acc: 0.7266
 160/3458 [>.............................] - ETA: 3:34 - loss: 0.7564 - acc: 0.7188
 192/3458 [>.............................] - ETA: 3:32 - loss: 0.7468 - acc: 0.7083
 224/3458 [>.............................] - ETA: 3:30 - loss: 0.7444 - acc: 0.7009
 256/3458 [=>............................] - ETA: 3:28 - loss: 0.7160 - acc: 0.7148
 288/3458 [=>............................] - ETA: 3:26 - loss: 0.7234 - acc: 0.7153
 320/3458 [=>............................] - ETA: 3:24 - loss: 0.7206 - acc: 0.7188
 352/3458 [==>...........................] - ETA: 3:22 - loss: 0.7121 - acc: 0.7330
 384/3458 [==>...........................] - ETA: 3:20 - loss: 0.7034 - acc: 0.7344
 416/3458 [==>...........................] - ETA: 3:18 - loss: 0.7151 - acc: 0.7236
 448/3458 [==>...........................] - ETA: 3:16 - loss: 0.7197 - acc: 0.7254
 480/3458 [===>..........................] - ETA: 3:14 - loss: 0.7167 - acc: 0.7271
 512/3458 [===>..........................] - ETA: 3:12 - loss: 0.7173 - acc: 0.7266
 544/3458 [===>..........................] - ETA: 3:10 - loss: 0.7251 - acc: 0.7243
 576/3458 [===>..........................] - ETA: 3:08 - loss: 0.7370 - acc: 0.7205
 608/3458 [====>.........................] - ETA: 3:06 - loss: 0.7288 - acc: 0.7220
 640/3458 [====>.........................] - ETA: 3:04 - loss: 0.7245 - acc: 0.7219
 672/3458 [====>.........................] - ETA: 3:02 - loss: 0.7100 - acc: 0.7247
 704/3458 [=====>........................] - ETA: 3:00 - loss: 0.7231 - acc: 0.7188
 736/3458 [=====>........................] - ETA: 2:58 - loss: 0.7186 - acc: 0.7188
 768/3458 [=====>........................] - ETA: 2:56 - loss: 0.7157 - acc: 0.7214
 800/3458 [=====>........................] - ETA: 2:54 - loss: 0.7053 - acc: 0.7250
 832/3458 [======>.......................] - ETA: 2:51 - loss: 0.7188 - acc: 0.7200
 864/3458 [======>.......................] - ETA: 2:49 - loss: 0.7197 - acc: 0.7211
 896/3458 [======>.......................] - ETA: 2:47 - loss: 0.7188 - acc: 0.7221
 928/3458 [=======>......................] - ETA: 2:45 - loss: 0.7135 - acc: 0.7263
 960/3458 [=======>......................] - ETA: 2:43 - loss: 0.7125 - acc: 0.7250
 992/3458 [=======>......................] - ETA: 2:41 - loss: 0.7170 - acc: 0.7228
1024/3458 [=======>......................] - ETA: 2:39 - loss: 0.7206 - acc: 0.7217
1056/3458 [========>.....................] - ETA: 2:37 - loss: 0.7211 - acc: 0.7244
1088/3458 [========>.....................] - ETA: 2:35 - loss: 0.7249 - acc: 0.7206
1120/3458 [========>.....................] - ETA: 2:33 - loss: 0.7266 - acc: 0.7196
1152/3458 [========>.....................] - ETA: 2:31 - loss: 0.7286 - acc: 0.7170
1184/3458 [=========>....................] - ETA: 2:28 - loss: 0.7212 - acc: 0.7204
1216/3458 [=========>....................] - ETA: 2:26 - loss: 0.7242 - acc: 0.7196
1248/3458 [=========>....................] - ETA: 2:24 - loss: 0.7262 - acc: 0.7179
1280/3458 [==========>...................] - ETA: 2:22 - loss: 0.7231 - acc: 0.7195
1312/3458 [==========>...................] - ETA: 2:20 - loss: 0.7281 - acc: 0.7157
1344/3458 [==========>...................] - ETA: 2:18 - loss: 0.7265 - acc: 0.7158
1376/3458 [==========>...................] - ETA: 2:16 - loss: 0.7273 - acc: 0.7166
1408/3458 [===========>..................] - ETA: 2:14 - loss: 0.7277 - acc: 0.7173
1440/3458 [===========>..................] - ETA: 2:12 - loss: 0.7329 - acc: 0.7160
1472/3458 [===========>..................] - ETA: 2:10 - loss: 0.7310 - acc: 0.7167
1504/3458 [============>.................] - ETA: 2:07 - loss: 0.7311 - acc: 0.7174
1536/3458 [============>.................] - ETA: 2:05 - loss: 0.7342 - acc: 0.7168
1568/3458 [============>.................] - ETA: 2:03 - loss: 0.7296 - acc: 0.7200
1600/3458 [============>.................] - ETA: 2:01 - loss: 0.7292 - acc: 0.7188
1632/3458 [=============>................] - ETA: 1:59 - loss: 0.7343 - acc: 0.7175
1664/3458 [=============>................] - ETA: 1:57 - loss: 0.7339 - acc: 0.7169
1696/3458 [=============>................] - ETA: 1:55 - loss: 0.7334 - acc: 0.7170
1728/3458 [=============>................] - ETA: 1:53 - loss: 0.7350 - acc: 0.7153
1760/3458 [==============>...............] - ETA: 1:51 - loss: 0.7333 - acc: 0.7153
1792/3458 [==============>...............] - ETA: 1:49 - loss: 0.7329 - acc: 0.7143
1824/3458 [==============>...............] - ETA: 1:47 - loss: 0.7334 - acc: 0.7133
1856/3458 [===============>..............] - ETA: 1:44 - loss: 0.7338 - acc: 0.7139
1888/3458 [===============>..............] - ETA: 1:42 - loss: 0.7370 - acc: 0.7129
1920/3458 [===============>..............] - ETA: 1:40 - loss: 0.7324 - acc: 0.7141
1952/3458 [===============>..............] - ETA: 1:38 - loss: 0.7347 - acc: 0.7131
1984/3458 [================>.............] - ETA: 1:36 - loss: 0.7343 - acc: 0.7122
2016/3458 [================>.............] - ETA: 1:34 - loss: 0.7315 - acc: 0.7133
2048/3458 [================>.............] - ETA: 1:32 - loss: 0.7318 - acc: 0.7129
2080/3458 [=================>............] - ETA: 1:30 - loss: 0.7323 - acc: 0.7130
2112/3458 [=================>............] - ETA: 1:28 - loss: 0.7307 - acc: 0.7140
2144/3458 [=================>............] - ETA: 1:26 - loss: 0.7327 - acc: 0.7141
2176/3458 [=================>............] - ETA: 1:23 - loss: 0.7355 - acc: 0.7123
2208/3458 [==================>...........] - ETA: 1:21 - loss: 0.7431 - acc: 0.7106
2240/3458 [==================>...........] - ETA: 1:19 - loss: 0.7403 - acc: 0.7107
2272/3458 [==================>...........] - ETA: 1:17 - loss: 0.7406 - acc: 0.7099
2304/3458 [==================>...........] - ETA: 1:15 - loss: 0.7395 - acc: 0.7088
2336/3458 [===================>..........] - ETA: 1:13 - loss: 0.7401 - acc: 0.7085
2368/3458 [===================>..........] - ETA: 1:11 - loss: 0.7398 - acc: 0.7082
2400/3458 [===================>..........] - ETA: 1:09 - loss: 0.7406 - acc: 0.7075
2432/3458 [====================>.........] - ETA: 1:07 - loss: 0.7386 - acc: 0.7085
2464/3458 [====================>.........] - ETA: 1:05 - loss: 0.7377 - acc: 0.7090
2496/3458 [====================>.........] - ETA: 1:03 - loss: 0.7377 - acc: 0.7091
2528/3458 [====================>.........] - ETA: 1:00 - loss: 0.7385 - acc: 0.7089
2560/3458 [=====================>........] - ETA: 58s - loss: 0.7385 - acc: 0.7086 
2592/3458 [=====================>........] - ETA: 56s - loss: 0.7368 - acc: 0.7095
2624/3458 [=====================>........] - ETA: 54s - loss: 0.7394 - acc: 0.7077
2656/3458 [======================>.......] - ETA: 52s - loss: 0.7404 - acc: 0.7071
2688/3458 [======================>.......] - ETA: 50s - loss: 0.7411 - acc: 0.7076
2720/3458 [======================>.......] - ETA: 48s - loss: 0.7415 - acc: 0.7077
2752/3458 [======================>.......] - ETA: 46s - loss: 0.7434 - acc: 0.7060
2784/3458 [=======================>......] - ETA: 44s - loss: 0.7432 - acc: 0.7055
2816/3458 [=======================>......] - ETA: 42s - loss: 0.7484 - acc: 0.7028
2848/3458 [=======================>......] - ETA: 39s - loss: 0.7453 - acc: 0.7040
2880/3458 [=======================>......] - ETA: 37s - loss: 0.7476 - acc: 0.7035
2912/3458 [========================>.....] - ETA: 35s - loss: 0.7484 - acc: 0.7030
2944/3458 [========================>.....] - ETA: 33s - loss: 0.7469 - acc: 0.7035
2976/3458 [========================>.....] - ETA: 31s - loss: 0.7466 - acc: 0.7046
3008/3458 [=========================>....] - ETA: 29s - loss: 0.7496 - acc: 0.7038
3040/3458 [=========================>....] - ETA: 27s - loss: 0.7501 - acc: 0.7033
3072/3458 [=========================>....] - ETA: 25s - loss: 0.7511 - acc: 0.7028
3104/3458 [=========================>....] - ETA: 23s - loss: 0.7513 - acc: 0.7026
3136/3458 [==========================>...] - ETA: 21s - loss: 0.7574 - acc: 0.7003
3168/3458 [==========================>...] - ETA: 19s - loss: 0.7569 - acc: 0.7001
3200/3458 [==========================>...] - ETA: 16s - loss: 0.7571 - acc: 0.7006
3232/3458 [===========================>..] - ETA: 14s - loss: 0.7576 - acc: 0.7011
3264/3458 [===========================>..] - ETA: 12s - loss: 0.7579 - acc: 0.7019
3296/3458 [===========================>..] - ETA: 10s - loss: 0.7565 - acc: 0.7027
3328/3458 [===========================>..] - ETA: 8s - loss: 0.7550 - acc: 0.7037 
3360/3458 [============================>.] - ETA: 6s - loss: 0.7552 - acc: 0.7036
3392/3458 [============================>.] - ETA: 4s - loss: 0.7552 - acc: 0.7037
3424/3458 [============================>.] - ETA: 2s - loss: 0.7552 - acc: 0.7036
3456/3458 [============================>.] - ETA: 0s - loss: 0.7556 - acc: 0.7028
3458/3458 [==============================] - 228s 66ms/sample - loss: 0.7567 - acc: 0.7027

 32/865 [>.............................] - ETA: 9s - loss: 1.0634 - acc: 0.6250
 64/865 [=>............................] - ETA: 8s - loss: 1.0989 - acc: 0.5938
 96/865 [==>...........................] - ETA: 8s - loss: 1.1054 - acc: 0.5833
128/865 [===>..........................] - ETA: 7s - loss: 1.0784 - acc: 0.5938
160/865 [====>.........................] - ETA: 7s - loss: 1.1094 - acc: 0.5938
192/865 [=====>........................] - ETA: 6s - loss: 1.0932 - acc: 0.5885
224/865 [======>.......................] - ETA: 6s - loss: 1.1023 - acc: 0.5848
256/865 [=======>......................] - ETA: 6s - loss: 1.0834 - acc: 0.5938
288/865 [========>.....................] - ETA: 5s - loss: 1.1264 - acc: 0.5729
320/865 [==========>...................] - ETA: 5s - loss: 1.0962 - acc: 0.5781
352/865 [===========>..................] - ETA: 5s - loss: 1.0856 - acc: 0.5852
384/865 [============>.................] - ETA: 4s - loss: 1.0568 - acc: 0.5911
416/865 [=============>................] - ETA: 4s - loss: 1.0656 - acc: 0.5962
448/865 [==============>...............] - ETA: 4s - loss: 1.0463 - acc: 0.6027
480/865 [===============>..............] - ETA: 3s - loss: 1.0577 - acc: 0.5979
512/865 [================>.............] - ETA: 3s - loss: 1.0748 - acc: 0.5898
544/865 [=================>............] - ETA: 3s - loss: 1.0541 - acc: 0.5974
576/865 [==================>...........] - ETA: 2s - loss: 1.0557 - acc: 0.5955
608/865 [====================>.........] - ETA: 2s - loss: 1.0574 - acc: 0.5954
640/865 [=====================>........] - ETA: 2s - loss: 1.0838 - acc: 0.5875
672/865 [======================>.......] - ETA: 1s - loss: 1.0955 - acc: 0.5878
704/865 [=======================>......] - ETA: 1s - loss: 1.0910 - acc: 0.5938
736/865 [========================>.....] - ETA: 1s - loss: 1.0803 - acc: 0.5951
768/865 [=========================>....] - ETA: 0s - loss: 1.0713 - acc: 0.5990
800/865 [==========================>...] - ETA: 0s - loss: 1.0682 - acc: 0.5987
832/865 [===========================>..] - ETA: 0s - loss: 1.0659 - acc: 0.5962
864/865 [============================>.] - ETA: 0s - loss: 1.0568 - acc: 0.5995
865/865 [==============================] - 9s 10ms/sample - loss: 1.0594 - acc: 0.5988
