For Dropout_1=0.2 Dropout_2=0.3
daisy loaded
dandelion loaded
rose loaded
sunflower loaded
tulip loaded

  32/3458 [..............................] - ETA: 3:07 - loss: 1.6120 - acc: 0.1250
  64/3458 [..............................] - ETA: 2:56 - loss: 6.4762 - acc: 0.2031
  96/3458 [..............................] - ETA: 2:52 - loss: 10.3120 - acc: 0.1667
 128/3458 [>.............................] - ETA: 2:48 - loss: 9.9516 - acc: 0.1484 
 160/3458 [>.............................] - ETA: 2:46 - loss: 8.4615 - acc: 0.1813
 192/3458 [>.............................] - ETA: 2:43 - loss: 7.3394 - acc: 0.1927
 224/3458 [>.............................] - ETA: 2:41 - loss: 6.5071 - acc: 0.2098
 256/3458 [=>............................] - ETA: 2:39 - loss: 5.8782 - acc: 0.2148
 288/3458 [=>............................] - ETA: 2:37 - loss: 5.3912 - acc: 0.2188
 320/3458 [=>............................] - ETA: 2:36 - loss: 5.0005 - acc: 0.2188
 352/3458 [==>...........................] - ETA: 2:34 - loss: 4.6825 - acc: 0.2216
 384/3458 [==>...........................] - ETA: 2:32 - loss: 4.4193 - acc: 0.2109
 416/3458 [==>...........................] - ETA: 2:30 - loss: 4.1941 - acc: 0.2139
 448/3458 [==>...........................] - ETA: 2:28 - loss: 4.0025 - acc: 0.2143
 480/3458 [===>..........................] - ETA: 2:27 - loss: 3.8487 - acc: 0.2125
 512/3458 [===>..........................] - ETA: 2:25 - loss: 3.6999 - acc: 0.2109
 544/3458 [===>..........................] - ETA: 2:23 - loss: 3.5679 - acc: 0.2114
 576/3458 [===>..........................] - ETA: 2:22 - loss: 3.4482 - acc: 0.2153
 608/3458 [====>.........................] - ETA: 2:20 - loss: 3.3447 - acc: 0.2138
 640/3458 [====>.........................] - ETA: 2:18 - loss: 3.2492 - acc: 0.2203
 672/3458 [====>.........................] - ETA: 2:17 - loss: 3.1640 - acc: 0.2188
 704/3458 [=====>........................] - ETA: 2:15 - loss: 3.0842 - acc: 0.2188
 736/3458 [=====>........................] - ETA: 2:13 - loss: 3.0143 - acc: 0.2174
 768/3458 [=====>........................] - ETA: 2:12 - loss: 2.9488 - acc: 0.2227
 800/3458 [=====>........................] - ETA: 2:10 - loss: 2.8846 - acc: 0.2262
 832/3458 [======>.......................] - ETA: 2:09 - loss: 2.8263 - acc: 0.2332
 864/3458 [======>.......................] - ETA: 2:07 - loss: 2.7765 - acc: 0.2338
 896/3458 [======>.......................] - ETA: 2:05 - loss: 2.7271 - acc: 0.2366
 928/3458 [=======>......................] - ETA: 2:04 - loss: 2.6786 - acc: 0.2403
 960/3458 [=======>......................] - ETA: 2:02 - loss: 2.6356 - acc: 0.2469
 992/3458 [=======>......................] - ETA: 2:00 - loss: 2.5949 - acc: 0.2500
1024/3458 [=======>......................] - ETA: 1:59 - loss: 2.5586 - acc: 0.2529
1056/3458 [========>.....................] - ETA: 1:57 - loss: 2.5280 - acc: 0.2557
1088/3458 [========>.....................] - ETA: 1:56 - loss: 2.4971 - acc: 0.2601
1120/3458 [========>.....................] - ETA: 1:54 - loss: 2.4687 - acc: 0.2616
1152/3458 [========>.....................] - ETA: 1:53 - loss: 2.4403 - acc: 0.2648
1184/3458 [=========>....................] - ETA: 1:52 - loss: 2.4140 - acc: 0.2677
1216/3458 [=========>....................] - ETA: 1:50 - loss: 2.3931 - acc: 0.2722
1248/3458 [=========>....................] - ETA: 1:49 - loss: 2.3701 - acc: 0.2756
1280/3458 [==========>...................] - ETA: 1:47 - loss: 2.3486 - acc: 0.2781
1312/3458 [==========>...................] - ETA: 1:46 - loss: 2.3267 - acc: 0.2820
1344/3458 [==========>...................] - ETA: 1:44 - loss: 2.3072 - acc: 0.2842
1376/3458 [==========>...................] - ETA: 1:43 - loss: 2.2917 - acc: 0.2863
1408/3458 [===========>..................] - ETA: 1:41 - loss: 2.2706 - acc: 0.2955
1440/3458 [===========>..................] - ETA: 1:40 - loss: 2.2544 - acc: 0.2965
1472/3458 [===========>..................] - ETA: 1:38 - loss: 2.2415 - acc: 0.3003
1504/3458 [============>.................] - ETA: 1:37 - loss: 2.2262 - acc: 0.3012
1536/3458 [============>.................] - ETA: 1:35 - loss: 2.2097 - acc: 0.3027
1568/3458 [============>.................] - ETA: 1:33 - loss: 2.1985 - acc: 0.3055
1600/3458 [============>.................] - ETA: 1:32 - loss: 2.1839 - acc: 0.3069
1632/3458 [=============>................] - ETA: 1:30 - loss: 2.1695 - acc: 0.3064
1664/3458 [=============>................] - ETA: 1:29 - loss: 2.1546 - acc: 0.3077
1696/3458 [=============>................] - ETA: 1:27 - loss: 2.1407 - acc: 0.3096
1728/3458 [=============>................] - ETA: 1:25 - loss: 2.1270 - acc: 0.3108
1760/3458 [==============>...............] - ETA: 1:24 - loss: 2.1185 - acc: 0.3114
1792/3458 [==============>...............] - ETA: 1:22 - loss: 2.1077 - acc: 0.3125
1824/3458 [==============>...............] - ETA: 1:21 - loss: 2.0973 - acc: 0.3141
1856/3458 [===============>..............] - ETA: 1:19 - loss: 2.0836 - acc: 0.3179
1888/3458 [===============>..............] - ETA: 1:17 - loss: 2.0704 - acc: 0.3220
1920/3458 [===============>..............] - ETA: 1:16 - loss: 2.0578 - acc: 0.3198
1952/3458 [===============>..............] - ETA: 1:14 - loss: 2.0461 - acc: 0.3217
1984/3458 [================>.............] - ETA: 1:13 - loss: 2.0369 - acc: 0.3206
2016/3458 [================>.............] - ETA: 1:11 - loss: 2.0246 - acc: 0.3254
2048/3458 [================>.............] - ETA: 1:09 - loss: 2.0155 - acc: 0.3262
2080/3458 [=================>............] - ETA: 1:08 - loss: 2.0070 - acc: 0.3260
2112/3458 [=================>............] - ETA: 1:06 - loss: 1.9966 - acc: 0.3291
2144/3458 [=================>............] - ETA: 1:05 - loss: 1.9881 - acc: 0.3330
2176/3458 [=================>............] - ETA: 1:03 - loss: 1.9787 - acc: 0.3346
2208/3458 [==================>...........] - ETA: 1:01 - loss: 1.9702 - acc: 0.3342
2240/3458 [==================>...........] - ETA: 1:00 - loss: 1.9597 - acc: 0.3344
2272/3458 [==================>...........] - ETA: 58s - loss: 1.9575 - acc: 0.3354 
2304/3458 [==================>...........] - ETA: 57s - loss: 1.9504 - acc: 0.3355
2336/3458 [===================>..........] - ETA: 55s - loss: 1.9429 - acc: 0.3373
2368/3458 [===================>..........] - ETA: 53s - loss: 1.9341 - acc: 0.3404
2400/3458 [===================>..........] - ETA: 52s - loss: 1.9251 - acc: 0.3442
2432/3458 [====================>.........] - ETA: 50s - loss: 1.9172 - acc: 0.3462
2464/3458 [====================>.........] - ETA: 49s - loss: 1.9112 - acc: 0.3466
2496/3458 [====================>.........] - ETA: 47s - loss: 1.9056 - acc: 0.3486
2528/3458 [====================>.........] - ETA: 45s - loss: 1.8991 - acc: 0.3485
2560/3458 [=====================>........] - ETA: 44s - loss: 1.8920 - acc: 0.3516
2592/3458 [=====================>........] - ETA: 42s - loss: 1.8845 - acc: 0.3515
2624/3458 [=====================>........] - ETA: 41s - loss: 1.8761 - acc: 0.3540
2656/3458 [======================>.......] - ETA: 39s - loss: 1.8700 - acc: 0.3558
2688/3458 [======================>.......] - ETA: 38s - loss: 1.8628 - acc: 0.3571
2720/3458 [======================>.......] - ETA: 36s - loss: 1.8548 - acc: 0.3610
2752/3458 [======================>.......] - ETA: 34s - loss: 1.8494 - acc: 0.3616
2784/3458 [=======================>......] - ETA: 33s - loss: 1.8447 - acc: 0.3624
2816/3458 [=======================>......] - ETA: 31s - loss: 1.8352 - acc: 0.3643
2848/3458 [=======================>......] - ETA: 30s - loss: 1.8298 - acc: 0.3666
2880/3458 [=======================>......] - ETA: 28s - loss: 1.8234 - acc: 0.3688
2912/3458 [========================>.....] - ETA: 26s - loss: 1.8142 - acc: 0.3705
2944/3458 [========================>.....] - ETA: 25s - loss: 1.8060 - acc: 0.3730
2976/3458 [========================>.....] - ETA: 23s - loss: 1.7984 - acc: 0.3753
3008/3458 [=========================>....] - ETA: 22s - loss: 1.7925 - acc: 0.3770
3040/3458 [=========================>....] - ETA: 20s - loss: 1.7885 - acc: 0.3776
3072/3458 [=========================>....] - ETA: 19s - loss: 1.7808 - acc: 0.3802
3104/3458 [=========================>....] - ETA: 17s - loss: 1.7769 - acc: 0.3808
3136/3458 [==========================>...] - ETA: 15s - loss: 1.7698 - acc: 0.3820
3168/3458 [==========================>...] - ETA: 14s - loss: 1.7626 - acc: 0.3835
3200/3458 [==========================>...] - ETA: 12s - loss: 1.7558 - acc: 0.3847
3232/3458 [===========================>..] - ETA: 11s - loss: 1.7505 - acc: 0.3855
3264/3458 [===========================>..] - ETA: 9s - loss: 1.7548 - acc: 0.3851 
3296/3458 [===========================>..] - ETA: 7s - loss: 1.7500 - acc: 0.3859
3328/3458 [===========================>..] - ETA: 6s - loss: 1.7458 - acc: 0.3867
3360/3458 [============================>.] - ETA: 4s - loss: 1.7421 - acc: 0.3866
3392/3458 [============================>.] - ETA: 3s - loss: 1.7391 - acc: 0.3868
3424/3458 [============================>.] - ETA: 1s - loss: 1.7343 - acc: 0.3896
3456/3458 [============================>.] - ETA: 0s - loss: 1.7306 - acc: 0.3892
3458/3458 [==============================] - 171s 49ms/sample - loss: 1.7305 - acc: 0.3890

 32/865 [>.............................] - ETA: 8s - loss: 1.2672 - acc: 0.5312
 64/865 [=>............................] - ETA: 7s - loss: 1.3456 - acc: 0.4531
 96/865 [==>...........................] - ETA: 6s - loss: 1.3667 - acc: 0.4271
128/865 [===>..........................] - ETA: 6s - loss: 1.3640 - acc: 0.4219
160/865 [====>.........................] - ETA: 6s - loss: 1.3590 - acc: 0.4437
192/865 [=====>........................] - ETA: 5s - loss: 1.3568 - acc: 0.4531
224/865 [======>.......................] - ETA: 5s - loss: 1.3345 - acc: 0.4732
256/865 [=======>......................] - ETA: 5s - loss: 1.3319 - acc: 0.4609
288/865 [========>.....................] - ETA: 5s - loss: 1.3478 - acc: 0.4514
320/865 [==========>...................] - ETA: 4s - loss: 1.3657 - acc: 0.4406
352/865 [===========>..................] - ETA: 4s - loss: 1.3723 - acc: 0.4489
384/865 [============>.................] - ETA: 4s - loss: 1.3583 - acc: 0.4609
416/865 [=============>................] - ETA: 4s - loss: 1.3668 - acc: 0.4567
448/865 [==============>...............] - ETA: 3s - loss: 1.3662 - acc: 0.4621
480/865 [===============>..............] - ETA: 3s - loss: 1.3620 - acc: 0.4667
512/865 [================>.............] - ETA: 3s - loss: 1.3645 - acc: 0.4648
544/865 [=================>............] - ETA: 2s - loss: 1.3670 - acc: 0.4596
576/865 [==================>...........] - ETA: 2s - loss: 1.3688 - acc: 0.4549
608/865 [====================>.........] - ETA: 2s - loss: 1.3684 - acc: 0.4572
640/865 [=====================>........] - ETA: 2s - loss: 1.3730 - acc: 0.4578
672/865 [======================>.......] - ETA: 1s - loss: 1.3686 - acc: 0.4539
704/865 [=======================>......] - ETA: 1s - loss: 1.3659 - acc: 0.4517
736/865 [========================>.....] - ETA: 1s - loss: 1.3630 - acc: 0.4538
768/865 [=========================>....] - ETA: 0s - loss: 1.3634 - acc: 0.4531
800/865 [==========================>...] - ETA: 0s - loss: 1.3740 - acc: 0.4475
832/865 [===========================>..] - ETA: 0s - loss: 1.3693 - acc: 0.4507
864/865 [============================>.] - ETA: 0s - loss: 1.3665 - acc: 0.4583
865/865 [==============================] - 8s 9ms/sample - loss: 1.3667 - acc: 0.4578

  32/3458 [..............................] - ETA: 2:45 - loss: 1.3031 - acc: 0.4688
  64/3458 [..............................] - ETA: 2:45 - loss: 1.3313 - acc: 0.4219
  96/3458 [..............................] - ETA: 2:43 - loss: 1.3581 - acc: 0.4167
 128/3458 [>.............................] - ETA: 2:42 - loss: 1.3595 - acc: 0.4219
 160/3458 [>.............................] - ETA: 2:40 - loss: 1.3363 - acc: 0.4437
 192/3458 [>.............................] - ETA: 2:39 - loss: 1.3247 - acc: 0.4479
 224/3458 [>.............................] - ETA: 2:38 - loss: 1.3235 - acc: 0.4464
 256/3458 [=>............................] - ETA: 2:36 - loss: 1.3034 - acc: 0.4648
 288/3458 [=>............................] - ETA: 2:35 - loss: 1.2513 - acc: 0.4965
 320/3458 [=>............................] - ETA: 2:34 - loss: 1.2440 - acc: 0.5031
 352/3458 [==>...........................] - ETA: 2:32 - loss: 1.2408 - acc: 0.5000
 384/3458 [==>...........................] - ETA: 2:30 - loss: 1.2308 - acc: 0.5156
 416/3458 [==>...........................] - ETA: 2:29 - loss: 1.2065 - acc: 0.5337
 448/3458 [==>...........................] - ETA: 2:28 - loss: 1.2071 - acc: 0.5379
 480/3458 [===>..........................] - ETA: 2:26 - loss: 1.1978 - acc: 0.5417
 512/3458 [===>..........................] - ETA: 2:24 - loss: 1.1864 - acc: 0.5488
 544/3458 [===>..........................] - ETA: 2:23 - loss: 1.1989 - acc: 0.5386
 576/3458 [===>..........................] - ETA: 2:21 - loss: 1.1917 - acc: 0.5382
 608/3458 [====>.........................] - ETA: 2:20 - loss: 1.1893 - acc: 0.5329
 640/3458 [====>.........................] - ETA: 2:18 - loss: 1.1777 - acc: 0.5422
 672/3458 [====>.........................] - ETA: 2:16 - loss: 1.1784 - acc: 0.5417
 704/3458 [=====>........................] - ETA: 2:15 - loss: 1.1799 - acc: 0.5426
 736/3458 [=====>........................] - ETA: 2:13 - loss: 1.1823 - acc: 0.5394
 768/3458 [=====>........................] - ETA: 2:12 - loss: 1.1984 - acc: 0.5378
 800/3458 [=====>........................] - ETA: 2:10 - loss: 1.1898 - acc: 0.5500
 832/3458 [======>.......................] - ETA: 2:09 - loss: 1.1878 - acc: 0.5553
 864/3458 [======>.......................] - ETA: 2:07 - loss: 1.1842 - acc: 0.5590
 896/3458 [======>.......................] - ETA: 2:05 - loss: 1.1826 - acc: 0.5547
 928/3458 [=======>......................] - ETA: 2:04 - loss: 1.1795 - acc: 0.5528
 960/3458 [=======>......................] - ETA: 2:02 - loss: 1.1799 - acc: 0.5562
 992/3458 [=======>......................] - ETA: 2:00 - loss: 1.1819 - acc: 0.5605
1024/3458 [=======>......................] - ETA: 1:59 - loss: 1.1815 - acc: 0.5596
1056/3458 [========>.....................] - ETA: 1:57 - loss: 1.1769 - acc: 0.5616
1088/3458 [========>.....................] - ETA: 1:56 - loss: 1.1673 - acc: 0.5680
1120/3458 [========>.....................] - ETA: 1:54 - loss: 1.1622 - acc: 0.5723
1152/3458 [========>.....................] - ETA: 1:53 - loss: 1.1551 - acc: 0.5738
1184/3458 [=========>....................] - ETA: 1:51 - loss: 1.1530 - acc: 0.5743
1216/3458 [=========>....................] - ETA: 1:49 - loss: 1.1523 - acc: 0.5724
1248/3458 [=========>....................] - ETA: 1:48 - loss: 1.1485 - acc: 0.5761
1280/3458 [==========>...................] - ETA: 1:46 - loss: 1.1429 - acc: 0.5797
1312/3458 [==========>...................] - ETA: 1:45 - loss: 1.1421 - acc: 0.5808
1344/3458 [==========>...................] - ETA: 1:43 - loss: 1.1350 - acc: 0.5811
1376/3458 [==========>...................] - ETA: 1:42 - loss: 1.1370 - acc: 0.5778
1408/3458 [===========>..................] - ETA: 1:40 - loss: 1.1327 - acc: 0.5795
1440/3458 [===========>..................] - ETA: 1:39 - loss: 1.1288 - acc: 0.5813
1472/3458 [===========>..................] - ETA: 1:37 - loss: 1.1224 - acc: 0.5836
1504/3458 [============>.................] - ETA: 1:35 - loss: 1.1234 - acc: 0.5818
1536/3458 [============>.................] - ETA: 1:34 - loss: 1.1260 - acc: 0.5846
1568/3458 [============>.................] - ETA: 1:32 - loss: 1.1209 - acc: 0.5880
1600/3458 [============>.................] - ETA: 1:31 - loss: 1.1226 - acc: 0.5875
1632/3458 [=============>................] - ETA: 1:29 - loss: 1.1196 - acc: 0.5876
1664/3458 [=============>................] - ETA: 1:28 - loss: 1.1127 - acc: 0.5901
1696/3458 [=============>................] - ETA: 1:26 - loss: 1.1077 - acc: 0.5926
1728/3458 [=============>................] - ETA: 1:24 - loss: 1.1137 - acc: 0.5914
1760/3458 [==============>...............] - ETA: 1:23 - loss: 1.1115 - acc: 0.5920
1792/3458 [==============>...............] - ETA: 1:21 - loss: 1.1086 - acc: 0.5926
1824/3458 [==============>...............] - ETA: 1:20 - loss: 1.1134 - acc: 0.5899
1856/3458 [===============>..............] - ETA: 1:18 - loss: 1.1121 - acc: 0.5889
1888/3458 [===============>..............] - ETA: 1:17 - loss: 1.1120 - acc: 0.5874
1920/3458 [===============>..............] - ETA: 1:15 - loss: 1.1065 - acc: 0.5901
1952/3458 [===============>..............] - ETA: 1:13 - loss: 1.1084 - acc: 0.5891
1984/3458 [================>.............] - ETA: 1:12 - loss: 1.1118 - acc: 0.5892
2016/3458 [================>.............] - ETA: 1:10 - loss: 1.1073 - acc: 0.5903
2048/3458 [================>.............] - ETA: 1:09 - loss: 1.1038 - acc: 0.5908
2080/3458 [=================>............] - ETA: 1:07 - loss: 1.1020 - acc: 0.5909
2112/3458 [=================>............] - ETA: 1:06 - loss: 1.1025 - acc: 0.5895
2144/3458 [=================>............] - ETA: 1:04 - loss: 1.1052 - acc: 0.5863
2176/3458 [=================>............] - ETA: 1:02 - loss: 1.1047 - acc: 0.5864
2208/3458 [==================>...........] - ETA: 1:01 - loss: 1.1003 - acc: 0.5874
2240/3458 [==================>...........] - ETA: 59s - loss: 1.0980 - acc: 0.5866 
2272/3458 [==================>...........] - ETA: 58s - loss: 1.0930 - acc: 0.5889
2304/3458 [==================>...........] - ETA: 56s - loss: 1.0938 - acc: 0.5872
2336/3458 [===================>..........] - ETA: 55s - loss: 1.0932 - acc: 0.5873
2368/3458 [===================>..........] - ETA: 53s - loss: 1.0928 - acc: 0.5874
2400/3458 [===================>..........] - ETA: 51s - loss: 1.0918 - acc: 0.5875
2432/3458 [====================>.........] - ETA: 50s - loss: 1.0893 - acc: 0.5892
2464/3458 [====================>.........] - ETA: 48s - loss: 1.0884 - acc: 0.5881
2496/3458 [====================>.........] - ETA: 47s - loss: 1.0828 - acc: 0.5909
2528/3458 [====================>.........] - ETA: 45s - loss: 1.0839 - acc: 0.5902
2560/3458 [=====================>........] - ETA: 44s - loss: 1.0837 - acc: 0.5895
2592/3458 [=====================>........] - ETA: 42s - loss: 1.0819 - acc: 0.5910
2624/3458 [=====================>........] - ETA: 40s - loss: 1.0829 - acc: 0.5911
2656/3458 [======================>.......] - ETA: 39s - loss: 1.0814 - acc: 0.5915
2688/3458 [======================>.......] - ETA: 37s - loss: 1.0790 - acc: 0.5926
2720/3458 [======================>.......] - ETA: 36s - loss: 1.0765 - acc: 0.5938
2752/3458 [======================>.......] - ETA: 34s - loss: 1.0749 - acc: 0.5948
2784/3458 [=======================>......] - ETA: 33s - loss: 1.0754 - acc: 0.5941
2816/3458 [=======================>......] - ETA: 31s - loss: 1.0728 - acc: 0.5945
2848/3458 [=======================>......] - ETA: 29s - loss: 1.0710 - acc: 0.5948
2880/3458 [=======================>......] - ETA: 28s - loss: 1.0708 - acc: 0.5955
2912/3458 [========================>.....] - ETA: 26s - loss: 1.0716 - acc: 0.5965
2944/3458 [========================>.....] - ETA: 25s - loss: 1.0753 - acc: 0.5954
2976/3458 [========================>.....] - ETA: 23s - loss: 1.0736 - acc: 0.5954
3008/3458 [=========================>....] - ETA: 22s - loss: 1.0759 - acc: 0.5957
3040/3458 [=========================>....] - ETA: 20s - loss: 1.0753 - acc: 0.5961
3072/3458 [=========================>....] - ETA: 18s - loss: 1.0743 - acc: 0.5954
3104/3458 [=========================>....] - ETA: 17s - loss: 1.0751 - acc: 0.5941
3136/3458 [==========================>...] - ETA: 15s - loss: 1.0772 - acc: 0.5928
3168/3458 [==========================>...] - ETA: 14s - loss: 1.0782 - acc: 0.5915
3200/3458 [==========================>...] - ETA: 12s - loss: 1.0787 - acc: 0.5919
3232/3458 [===========================>..] - ETA: 11s - loss: 1.0802 - acc: 0.5907
3264/3458 [===========================>..] - ETA: 9s - loss: 1.0823 - acc: 0.5885 
3296/3458 [===========================>..] - ETA: 7s - loss: 1.0825 - acc: 0.5889
3328/3458 [===========================>..] - ETA: 6s - loss: 1.0822 - acc: 0.5901
3360/3458 [============================>.] - ETA: 4s - loss: 1.0813 - acc: 0.5899
3392/3458 [============================>.] - ETA: 3s - loss: 1.0785 - acc: 0.5911
3424/3458 [============================>.] - ETA: 1s - loss: 1.0767 - acc: 0.5917
3456/3458 [============================>.] - ETA: 0s - loss: 1.0768 - acc: 0.5917
3458/3458 [==============================] - 171s 49ms/sample - loss: 1.0767 - acc: 0.5917

 32/865 [>.............................] - ETA: 7s - loss: 1.3264 - acc: 0.4688
 64/865 [=>............................] - ETA: 7s - loss: 1.3293 - acc: 0.4844
 96/865 [==>...........................] - ETA: 6s - loss: 1.3081 - acc: 0.5104
128/865 [===>..........................] - ETA: 6s - loss: 1.2388 - acc: 0.5391
160/865 [====>.........................] - ETA: 6s - loss: 1.1920 - acc: 0.5437
192/865 [=====>........................] - ETA: 6s - loss: 1.1648 - acc: 0.5521
224/865 [======>.......................] - ETA: 5s - loss: 1.1499 - acc: 0.5714
256/865 [=======>......................] - ETA: 5s - loss: 1.1238 - acc: 0.5547
288/865 [========>.....................] - ETA: 5s - loss: 1.1654 - acc: 0.5417
320/865 [==========>...................] - ETA: 4s - loss: 1.1790 - acc: 0.5281
352/865 [===========>..................] - ETA: 4s - loss: 1.2020 - acc: 0.5256
384/865 [============>.................] - ETA: 4s - loss: 1.1859 - acc: 0.5391
416/865 [=============>................] - ETA: 3s - loss: 1.2005 - acc: 0.5312
448/865 [==============>...............] - ETA: 3s - loss: 1.2248 - acc: 0.5312
480/865 [===============>..............] - ETA: 3s - loss: 1.2231 - acc: 0.5292
512/865 [================>.............] - ETA: 3s - loss: 1.2305 - acc: 0.5254
544/865 [=================>............] - ETA: 2s - loss: 1.2679 - acc: 0.5202
576/865 [==================>...........] - ETA: 2s - loss: 1.2619 - acc: 0.5208
608/865 [====================>.........] - ETA: 2s - loss: 1.2800 - acc: 0.5197
640/865 [=====================>........] - ETA: 1s - loss: 1.2583 - acc: 0.5297
672/865 [======================>.......] - ETA: 1s - loss: 1.2534 - acc: 0.5298
704/865 [=======================>......] - ETA: 1s - loss: 1.2453 - acc: 0.5327
736/865 [========================>.....] - ETA: 1s - loss: 1.2439 - acc: 0.5353
768/865 [=========================>....] - ETA: 0s - loss: 1.2368 - acc: 0.5352
800/865 [==========================>...] - ETA: 0s - loss: 1.2438 - acc: 0.5325
832/865 [===========================>..] - ETA: 0s - loss: 1.2506 - acc: 0.5276
864/865 [============================>.] - ETA: 0s - loss: 1.2530 - acc: 0.5266
865/865 [==============================] - 8s 9ms/sample - loss: 1.2517 - acc: 0.5272

  32/3458 [..............................] - ETA: 2:46 - loss: 0.7814 - acc: 0.7812
  64/3458 [..............................] - ETA: 2:46 - loss: 0.8069 - acc: 0.7188
  96/3458 [..............................] - ETA: 2:44 - loss: 0.8243 - acc: 0.6979
 128/3458 [>.............................] - ETA: 2:43 - loss: 0.8230 - acc: 0.7031
 160/3458 [>.............................] - ETA: 2:40 - loss: 0.8247 - acc: 0.6938
 192/3458 [>.............................] - ETA: 2:39 - loss: 0.8076 - acc: 0.7083
 224/3458 [>.............................] - ETA: 2:37 - loss: 0.7993 - acc: 0.7232
 256/3458 [=>............................] - ETA: 2:36 - loss: 0.7961 - acc: 0.7227
 288/3458 [=>............................] - ETA: 2:34 - loss: 0.7878 - acc: 0.7222
 320/3458 [=>............................] - ETA: 2:33 - loss: 0.8081 - acc: 0.7094
 352/3458 [==>...........................] - ETA: 2:32 - loss: 0.8018 - acc: 0.7102
 384/3458 [==>...........................] - ETA: 2:30 - loss: 0.7909 - acc: 0.7161
 416/3458 [==>...........................] - ETA: 2:28 - loss: 0.7882 - acc: 0.7212
 448/3458 [==>...........................] - ETA: 2:26 - loss: 0.7932 - acc: 0.7188
 480/3458 [===>..........................] - ETA: 2:25 - loss: 0.7739 - acc: 0.7250
 512/3458 [===>..........................] - ETA: 2:23 - loss: 0.7643 - acc: 0.7285
 544/3458 [===>..........................] - ETA: 2:22 - loss: 0.7669 - acc: 0.7316
 576/3458 [===>..........................] - ETA: 2:20 - loss: 0.7615 - acc: 0.7292
 608/3458 [====>.........................] - ETA: 2:19 - loss: 0.7765 - acc: 0.7220
 640/3458 [====>.........................] - ETA: 2:17 - loss: 0.7754 - acc: 0.7250
 672/3458 [====>.........................] - ETA: 2:16 - loss: 0.7710 - acc: 0.7247
 704/3458 [=====>........................] - ETA: 2:14 - loss: 0.7688 - acc: 0.7259
 736/3458 [=====>........................] - ETA: 2:13 - loss: 0.7594 - acc: 0.7296
 768/3458 [=====>........................] - ETA: 2:11 - loss: 0.7564 - acc: 0.7318
 800/3458 [=====>........................] - ETA: 2:10 - loss: 0.7598 - acc: 0.7312
 832/3458 [======>.......................] - ETA: 2:08 - loss: 0.7617 - acc: 0.7332
 864/3458 [======>.......................] - ETA: 2:06 - loss: 0.7634 - acc: 0.7315
 896/3458 [======>.......................] - ETA: 2:05 - loss: 0.7647 - acc: 0.7310
 928/3458 [=======>......................] - ETA: 2:03 - loss: 0.7606 - acc: 0.7317
 960/3458 [=======>......................] - ETA: 2:02 - loss: 0.7597 - acc: 0.7323
 992/3458 [=======>......................] - ETA: 2:00 - loss: 0.7594 - acc: 0.7308
1024/3458 [=======>......................] - ETA: 1:59 - loss: 0.7659 - acc: 0.7266
1056/3458 [========>.....................] - ETA: 1:57 - loss: 0.7649 - acc: 0.7263
1088/3458 [========>.....................] - ETA: 1:55 - loss: 0.7572 - acc: 0.7298
1120/3458 [========>.....................] - ETA: 1:54 - loss: 0.7575 - acc: 0.7286
1152/3458 [========>.....................] - ETA: 1:52 - loss: 0.7586 - acc: 0.7292
1184/3458 [=========>....................] - ETA: 1:51 - loss: 0.7574 - acc: 0.7297
1216/3458 [=========>....................] - ETA: 1:49 - loss: 0.7553 - acc: 0.7327
1248/3458 [=========>....................] - ETA: 1:48 - loss: 0.7548 - acc: 0.7332
1280/3458 [==========>...................] - ETA: 1:46 - loss: 0.7668 - acc: 0.7320
1312/3458 [==========>...................] - ETA: 1:45 - loss: 0.7645 - acc: 0.7325
1344/3458 [==========>...................] - ETA: 1:43 - loss: 0.7664 - acc: 0.7299
1376/3458 [==========>...................] - ETA: 1:41 - loss: 0.7605 - acc: 0.7318
1408/3458 [===========>..................] - ETA: 1:40 - loss: 0.7634 - acc: 0.7330
1440/3458 [===========>..................] - ETA: 1:38 - loss: 0.7651 - acc: 0.7333
1472/3458 [===========>..................] - ETA: 1:37 - loss: 0.7598 - acc: 0.7357
1504/3458 [============>.................] - ETA: 1:35 - loss: 0.7593 - acc: 0.7340
1536/3458 [============>.................] - ETA: 1:34 - loss: 0.7582 - acc: 0.7344
1568/3458 [============>.................] - ETA: 1:32 - loss: 0.7558 - acc: 0.7341
1600/3458 [============>.................] - ETA: 1:30 - loss: 0.7560 - acc: 0.7325
1632/3458 [=============>................] - ETA: 1:29 - loss: 0.7507 - acc: 0.7341
1664/3458 [=============>................] - ETA: 1:27 - loss: 0.7525 - acc: 0.7350
1696/3458 [=============>................] - ETA: 1:26 - loss: 0.7485 - acc: 0.7370
1728/3458 [=============>................] - ETA: 1:24 - loss: 0.7469 - acc: 0.7378
1760/3458 [==============>...............] - ETA: 1:23 - loss: 0.7424 - acc: 0.7398
1792/3458 [==============>...............] - ETA: 1:21 - loss: 0.7432 - acc: 0.7383
1824/3458 [==============>...............] - ETA: 1:19 - loss: 0.7427 - acc: 0.7385
1856/3458 [===============>..............] - ETA: 1:18 - loss: 0.7408 - acc: 0.7387
1888/3458 [===============>..............] - ETA: 1:16 - loss: 0.7408 - acc: 0.7389
1920/3458 [===============>..............] - ETA: 1:15 - loss: 0.7426 - acc: 0.7359
1952/3458 [===============>..............] - ETA: 1:13 - loss: 0.7455 - acc: 0.7346
1984/3458 [================>.............] - ETA: 1:12 - loss: 0.7457 - acc: 0.7344
2016/3458 [================>.............] - ETA: 1:10 - loss: 0.7415 - acc: 0.7356
2048/3458 [================>.............] - ETA: 1:09 - loss: 0.7390 - acc: 0.7368
2080/3458 [=================>............] - ETA: 1:07 - loss: 0.7360 - acc: 0.7380
2112/3458 [=================>............] - ETA: 1:05 - loss: 0.7368 - acc: 0.7372
2144/3458 [=================>............] - ETA: 1:04 - loss: 0.7355 - acc: 0.7374
2176/3458 [=================>............] - ETA: 1:02 - loss: 0.7360 - acc: 0.7371
2208/3458 [==================>...........] - ETA: 1:01 - loss: 0.7338 - acc: 0.7369
2240/3458 [==================>...........] - ETA: 59s - loss: 0.7367 - acc: 0.7375 
2272/3458 [==================>...........] - ETA: 58s - loss: 0.7438 - acc: 0.7350
2304/3458 [==================>...........] - ETA: 56s - loss: 0.7444 - acc: 0.7348
2336/3458 [===================>..........] - ETA: 54s - loss: 0.7414 - acc: 0.7354
2368/3458 [===================>..........] - ETA: 53s - loss: 0.7402 - acc: 0.7344
2400/3458 [===================>..........] - ETA: 51s - loss: 0.7392 - acc: 0.7346
2432/3458 [====================>.........] - ETA: 50s - loss: 0.7391 - acc: 0.7344
2464/3458 [====================>.........] - ETA: 48s - loss: 0.7394 - acc: 0.7342
2496/3458 [====================>.........] - ETA: 47s - loss: 0.7390 - acc: 0.7344
2528/3458 [====================>.........] - ETA: 45s - loss: 0.7393 - acc: 0.7338
2560/3458 [=====================>........] - ETA: 43s - loss: 0.7400 - acc: 0.7332
2592/3458 [=====================>........] - ETA: 42s - loss: 0.7378 - acc: 0.7342
2624/3458 [=====================>........] - ETA: 40s - loss: 0.7361 - acc: 0.7348
2656/3458 [======================>.......] - ETA: 39s - loss: 0.7334 - acc: 0.7357
2688/3458 [======================>.......] - ETA: 37s - loss: 0.7332 - acc: 0.7366
2720/3458 [======================>.......] - ETA: 36s - loss: 0.7342 - acc: 0.7357
2752/3458 [======================>.......] - ETA: 34s - loss: 0.7318 - acc: 0.7358
2784/3458 [=======================>......] - ETA: 32s - loss: 0.7296 - acc: 0.7374
2816/3458 [=======================>......] - ETA: 31s - loss: 0.7296 - acc: 0.7369
2848/3458 [=======================>......] - ETA: 29s - loss: 0.7314 - acc: 0.7363
2880/3458 [=======================>......] - ETA: 28s - loss: 0.7319 - acc: 0.7358
2912/3458 [========================>.....] - ETA: 26s - loss: 0.7299 - acc: 0.7370
2944/3458 [========================>.....] - ETA: 25s - loss: 0.7290 - acc: 0.7371
2976/3458 [========================>.....] - ETA: 23s - loss: 0.7307 - acc: 0.7362
3008/3458 [=========================>....] - ETA: 22s - loss: 0.7339 - acc: 0.7350
3040/3458 [=========================>....] - ETA: 20s - loss: 0.7364 - acc: 0.7339
3072/3458 [=========================>....] - ETA: 18s - loss: 0.7339 - acc: 0.7354
3104/3458 [=========================>....] - ETA: 17s - loss: 0.7364 - acc: 0.7342
3136/3458 [==========================>...] - ETA: 15s - loss: 0.7357 - acc: 0.7344
3168/3458 [==========================>...] - ETA: 14s - loss: 0.7350 - acc: 0.7348
3200/3458 [==========================>...] - ETA: 12s - loss: 0.7361 - acc: 0.7334
3232/3458 [===========================>..] - ETA: 11s - loss: 0.7374 - acc: 0.7327
3264/3458 [===========================>..] - ETA: 9s - loss: 0.7353 - acc: 0.7335 
3296/3458 [===========================>..] - ETA: 7s - loss: 0.7352 - acc: 0.7339
3328/3458 [===========================>..] - ETA: 6s - loss: 0.7399 - acc: 0.7320
3360/3458 [============================>.] - ETA: 4s - loss: 0.7398 - acc: 0.7324
3392/3458 [============================>.] - ETA: 3s - loss: 0.7393 - acc: 0.7320
3424/3458 [============================>.] - ETA: 1s - loss: 0.7384 - acc: 0.7325
3456/3458 [============================>.] - ETA: 0s - loss: 0.7382 - acc: 0.7329
3458/3458 [==============================] - 170s 49ms/sample - loss: 0.7380 - acc: 0.7328

 32/865 [>.............................] - ETA: 7s - loss: 1.2632 - acc: 0.5625
 64/865 [=>............................] - ETA: 7s - loss: 1.1148 - acc: 0.6250
 96/865 [==>...........................] - ETA: 6s - loss: 1.1994 - acc: 0.5938
128/865 [===>..........................] - ETA: 6s - loss: 1.1877 - acc: 0.5703
160/865 [====>.........................] - ETA: 6s - loss: 1.1524 - acc: 0.5813
192/865 [=====>........................] - ETA: 5s - loss: 1.1571 - acc: 0.5833
224/865 [======>.......................] - ETA: 5s - loss: 1.1349 - acc: 0.5848
256/865 [=======>......................] - ETA: 5s - loss: 1.0999 - acc: 0.5977
288/865 [========>.....................] - ETA: 5s - loss: 1.1412 - acc: 0.5938
320/865 [==========>...................] - ETA: 4s - loss: 1.1604 - acc: 0.5719
352/865 [===========>..................] - ETA: 4s - loss: 1.1903 - acc: 0.5568
384/865 [============>.................] - ETA: 4s - loss: 1.1632 - acc: 0.5703
416/865 [=============>................] - ETA: 3s - loss: 1.1941 - acc: 0.5649
448/865 [==============>...............] - ETA: 3s - loss: 1.2104 - acc: 0.5625
480/865 [===============>..............] - ETA: 3s - loss: 1.1892 - acc: 0.5688
512/865 [================>.............] - ETA: 3s - loss: 1.1934 - acc: 0.5742
544/865 [=================>............] - ETA: 2s - loss: 1.2063 - acc: 0.5717
576/865 [==================>...........] - ETA: 2s - loss: 1.2091 - acc: 0.5677
608/865 [====================>.........] - ETA: 2s - loss: 1.2435 - acc: 0.5576
640/865 [=====================>........] - ETA: 1s - loss: 1.2271 - acc: 0.5656
672/865 [======================>.......] - ETA: 1s - loss: 1.2138 - acc: 0.5670
704/865 [=======================>......] - ETA: 1s - loss: 1.2065 - acc: 0.5653
736/865 [========================>.....] - ETA: 1s - loss: 1.1964 - acc: 0.5720
768/865 [=========================>....] - ETA: 0s - loss: 1.1806 - acc: 0.5742
800/865 [==========================>...] - ETA: 0s - loss: 1.1895 - acc: 0.5738
832/865 [===========================>..] - ETA: 0s - loss: 1.2016 - acc: 0.5721
864/865 [============================>.] - ETA: 0s - loss: 1.2137 - acc: 0.5741
865/865 [==============================] - 8s 9ms/sample - loss: 1.2124 - acc: 0.5746

  32/3458 [..............................] - ETA: 2:46 - loss: 0.2736 - acc: 0.9688
  64/3458 [..............................] - ETA: 2:44 - loss: 0.3796 - acc: 0.9219
  96/3458 [..............................] - ETA: 2:42 - loss: 0.4378 - acc: 0.8854
 128/3458 [>.............................] - ETA: 2:41 - loss: 0.4189 - acc: 0.8906
 160/3458 [>.............................] - ETA: 2:39 - loss: 0.4021 - acc: 0.8938
 192/3458 [>.............................] - ETA: 2:38 - loss: 0.4177 - acc: 0.8854
 224/3458 [>.............................] - ETA: 2:37 - loss: 0.4444 - acc: 0.8750
 256/3458 [=>............................] - ETA: 2:36 - loss: 0.4478 - acc: 0.8711
 288/3458 [=>............................] - ETA: 2:34 - loss: 0.4473 - acc: 0.8715
 320/3458 [=>............................] - ETA: 2:33 - loss: 0.4533 - acc: 0.8687
 352/3458 [==>...........................] - ETA: 2:31 - loss: 0.4465 - acc: 0.8722
 384/3458 [==>...........................] - ETA: 2:30 - loss: 0.4332 - acc: 0.8750
 416/3458 [==>...........................] - ETA: 2:28 - loss: 0.4279 - acc: 0.8726
 448/3458 [==>...........................] - ETA: 2:27 - loss: 0.4157 - acc: 0.8772
 480/3458 [===>..........................] - ETA: 2:25 - loss: 0.4158 - acc: 0.8771
 512/3458 [===>..........................] - ETA: 2:24 - loss: 0.4172 - acc: 0.8730
 544/3458 [===>..........................] - ETA: 2:22 - loss: 0.4209 - acc: 0.8695
 576/3458 [===>..........................] - ETA: 2:21 - loss: 0.4091 - acc: 0.8750
 608/3458 [====>.........................] - ETA: 2:19 - loss: 0.4122 - acc: 0.8701
 640/3458 [====>.........................] - ETA: 2:18 - loss: 0.4026 - acc: 0.8766
 672/3458 [====>.........................] - ETA: 2:16 - loss: 0.3969 - acc: 0.8765
 704/3458 [=====>........................] - ETA: 2:14 - loss: 0.3946 - acc: 0.8750
 736/3458 [=====>........................] - ETA: 2:13 - loss: 0.3866 - acc: 0.8791
 768/3458 [=====>........................] - ETA: 2:11 - loss: 0.3834 - acc: 0.8763
 800/3458 [=====>........................] - ETA: 2:10 - loss: 0.3911 - acc: 0.8763
 832/3458 [======>.......................] - ETA: 2:08 - loss: 0.3943 - acc: 0.8714
 864/3458 [======>.......................] - ETA: 2:07 - loss: 0.3925 - acc: 0.8738
 896/3458 [======>.......................] - ETA: 2:05 - loss: 0.3939 - acc: 0.8705
 928/3458 [=======>......................] - ETA: 2:03 - loss: 0.3857 - acc: 0.8728
 960/3458 [=======>......................] - ETA: 2:02 - loss: 0.3827 - acc: 0.8750
 992/3458 [=======>......................] - ETA: 2:00 - loss: 0.3865 - acc: 0.8750
1024/3458 [=======>......................] - ETA: 1:59 - loss: 0.3867 - acc: 0.8740
1056/3458 [========>.....................] - ETA: 1:57 - loss: 0.3939 - acc: 0.8703
1088/3458 [========>.....................] - ETA: 1:55 - loss: 0.3990 - acc: 0.8686
1120/3458 [========>.....................] - ETA: 1:54 - loss: 0.3966 - acc: 0.8696
1152/3458 [========>.....................] - ETA: 1:52 - loss: 0.3966 - acc: 0.8707
1184/3458 [=========>....................] - ETA: 1:51 - loss: 0.3965 - acc: 0.8716
1216/3458 [=========>....................] - ETA: 1:49 - loss: 0.3929 - acc: 0.8750
1248/3458 [=========>....................] - ETA: 1:48 - loss: 0.3951 - acc: 0.8734
1280/3458 [==========>...................] - ETA: 1:46 - loss: 0.3928 - acc: 0.8727
1312/3458 [==========>...................] - ETA: 1:45 - loss: 0.3941 - acc: 0.8735
1344/3458 [==========>...................] - ETA: 1:43 - loss: 0.3932 - acc: 0.8728
1376/3458 [==========>...................] - ETA: 1:41 - loss: 0.3960 - acc: 0.8721
1408/3458 [===========>..................] - ETA: 1:40 - loss: 0.3959 - acc: 0.8714
1440/3458 [===========>..................] - ETA: 1:38 - loss: 0.3933 - acc: 0.8722
1472/3458 [===========>..................] - ETA: 1:37 - loss: 0.3911 - acc: 0.8736
1504/3458 [============>.................] - ETA: 1:35 - loss: 0.3942 - acc: 0.8717
1536/3458 [============>.................] - ETA: 1:34 - loss: 0.3980 - acc: 0.8711
1568/3458 [============>.................] - ETA: 1:32 - loss: 0.3967 - acc: 0.8718
1600/3458 [============>.................] - ETA: 1:31 - loss: 0.3993 - acc: 0.8706
1632/3458 [=============>................] - ETA: 1:29 - loss: 0.3991 - acc: 0.8713
1664/3458 [=============>................] - ETA: 1:27 - loss: 0.3970 - acc: 0.8720
1696/3458 [=============>................] - ETA: 1:26 - loss: 0.3939 - acc: 0.8732
1728/3458 [=============>................] - ETA: 1:24 - loss: 0.3944 - acc: 0.8721
1760/3458 [==============>...............] - ETA: 1:23 - loss: 0.3938 - acc: 0.8733
1792/3458 [==============>...............] - ETA: 1:21 - loss: 0.3905 - acc: 0.8744
1824/3458 [==============>...............] - ETA: 1:20 - loss: 0.3925 - acc: 0.8728
1856/3458 [===============>..............] - ETA: 1:18 - loss: 0.3931 - acc: 0.8723
1888/3458 [===============>..............] - ETA: 1:16 - loss: 0.3977 - acc: 0.8702
1920/3458 [===============>..............] - ETA: 1:15 - loss: 0.3984 - acc: 0.8698
1952/3458 [===============>..............] - ETA: 1:13 - loss: 0.3982 - acc: 0.8694
1984/3458 [================>.............] - ETA: 1:12 - loss: 0.4003 - acc: 0.8684
2016/3458 [================>.............] - ETA: 1:10 - loss: 0.3976 - acc: 0.8695
2048/3458 [================>.............] - ETA: 1:09 - loss: 0.3975 - acc: 0.8696
2080/3458 [=================>............] - ETA: 1:07 - loss: 0.3937 - acc: 0.8712
2112/3458 [=================>............] - ETA: 1:05 - loss: 0.3929 - acc: 0.8707
2144/3458 [=================>............] - ETA: 1:04 - loss: 0.3960 - acc: 0.8694
2176/3458 [=================>............] - ETA: 1:02 - loss: 0.4019 - acc: 0.8663
2208/3458 [==================>...........] - ETA: 1:01 - loss: 0.4011 - acc: 0.8659
2240/3458 [==================>...........] - ETA: 59s - loss: 0.4023 - acc: 0.8656 
2272/3458 [==================>...........] - ETA: 58s - loss: 0.4029 - acc: 0.8658
2304/3458 [==================>...........] - ETA: 56s - loss: 0.4017 - acc: 0.8663
2336/3458 [===================>..........] - ETA: 54s - loss: 0.4019 - acc: 0.8669
2368/3458 [===================>..........] - ETA: 53s - loss: 0.4027 - acc: 0.8666
2400/3458 [===================>..........] - ETA: 51s - loss: 0.4002 - acc: 0.8675
2432/3458 [====================>.........] - ETA: 50s - loss: 0.4008 - acc: 0.8672
2464/3458 [====================>.........] - ETA: 48s - loss: 0.4002 - acc: 0.8665
2496/3458 [====================>.........] - ETA: 47s - loss: 0.3976 - acc: 0.8678
2528/3458 [====================>.........] - ETA: 45s - loss: 0.3982 - acc: 0.8675
2560/3458 [=====================>........] - ETA: 43s - loss: 0.3977 - acc: 0.8672
2592/3458 [=====================>........] - ETA: 42s - loss: 0.3986 - acc: 0.8669
2624/3458 [=====================>........] - ETA: 40s - loss: 0.3974 - acc: 0.8666
2656/3458 [======================>.......] - ETA: 39s - loss: 0.3969 - acc: 0.8663
2688/3458 [======================>.......] - ETA: 37s - loss: 0.3948 - acc: 0.8676
2720/3458 [======================>.......] - ETA: 36s - loss: 0.3949 - acc: 0.8673
2752/3458 [======================>.......] - ETA: 34s - loss: 0.3963 - acc: 0.8656
2784/3458 [=======================>......] - ETA: 33s - loss: 0.3937 - acc: 0.8667
2816/3458 [=======================>......] - ETA: 31s - loss: 0.3930 - acc: 0.8668
2848/3458 [=======================>......] - ETA: 29s - loss: 0.3928 - acc: 0.8669
2880/3458 [=======================>......] - ETA: 28s - loss: 0.3959 - acc: 0.8667
2912/3458 [========================>.....] - ETA: 26s - loss: 0.3951 - acc: 0.8678
2944/3458 [========================>.....] - ETA: 25s - loss: 0.3964 - acc: 0.8675
2976/3458 [========================>.....] - ETA: 23s - loss: 0.3968 - acc: 0.8669
3008/3458 [=========================>....] - ETA: 22s - loss: 0.3981 - acc: 0.8664
3040/3458 [=========================>....] - ETA: 20s - loss: 0.4004 - acc: 0.8664
3072/3458 [=========================>....] - ETA: 18s - loss: 0.4007 - acc: 0.8659
3104/3458 [=========================>....] - ETA: 17s - loss: 0.4024 - acc: 0.8657
3136/3458 [==========================>...] - ETA: 15s - loss: 0.3999 - acc: 0.8667
3168/3458 [==========================>...] - ETA: 14s - loss: 0.4017 - acc: 0.8658
3200/3458 [==========================>...] - ETA: 12s - loss: 0.4015 - acc: 0.8653
3232/3458 [===========================>..] - ETA: 11s - loss: 0.4004 - acc: 0.8651
3264/3458 [===========================>..] - ETA: 9s - loss: 0.4034 - acc: 0.8643 
3296/3458 [===========================>..] - ETA: 7s - loss: 0.4049 - acc: 0.8638
3328/3458 [===========================>..] - ETA: 6s - loss: 0.4047 - acc: 0.8633
3360/3458 [============================>.] - ETA: 4s - loss: 0.4040 - acc: 0.8631
3392/3458 [============================>.] - ETA: 3s - loss: 0.4048 - acc: 0.8620
3424/3458 [============================>.] - ETA: 1s - loss: 0.4055 - acc: 0.8619
3456/3458 [============================>.] - ETA: 0s - loss: 0.4060 - acc: 0.8611
3458/3458 [==============================] - 170s 49ms/sample - loss: 0.4063 - acc: 0.8609

 32/865 [>.............................] - ETA: 7s - loss: 1.4500 - acc: 0.6562
 64/865 [=>............................] - ETA: 7s - loss: 1.1914 - acc: 0.6875
 96/865 [==>...........................] - ETA: 6s - loss: 1.2624 - acc: 0.6354
128/865 [===>..........................] - ETA: 6s - loss: 1.2060 - acc: 0.6250
160/865 [====>.........................] - ETA: 6s - loss: 1.1718 - acc: 0.6250
192/865 [=====>........................] - ETA: 6s - loss: 1.1328 - acc: 0.6250
224/865 [======>.......................] - ETA: 5s - loss: 1.0846 - acc: 0.6339
256/865 [=======>......................] - ETA: 5s - loss: 1.0610 - acc: 0.6328
288/865 [========>.....................] - ETA: 5s - loss: 1.1515 - acc: 0.6250
320/865 [==========>...................] - ETA: 4s - loss: 1.1897 - acc: 0.6125
352/865 [===========>..................] - ETA: 4s - loss: 1.2141 - acc: 0.6023
384/865 [============>.................] - ETA: 4s - loss: 1.1902 - acc: 0.6068
416/865 [=============>................] - ETA: 4s - loss: 1.2313 - acc: 0.6010
448/865 [==============>...............] - ETA: 3s - loss: 1.2686 - acc: 0.5915
480/865 [===============>..............] - ETA: 3s - loss: 1.2594 - acc: 0.5979
512/865 [================>.............] - ETA: 3s - loss: 1.2629 - acc: 0.5957
544/865 [=================>............] - ETA: 2s - loss: 1.2831 - acc: 0.5919
576/865 [==================>...........] - ETA: 2s - loss: 1.2740 - acc: 0.5868
608/865 [====================>.........] - ETA: 2s - loss: 1.3024 - acc: 0.5822
640/865 [=====================>........] - ETA: 1s - loss: 1.2739 - acc: 0.5922
672/865 [======================>.......] - ETA: 1s - loss: 1.2700 - acc: 0.5908
704/865 [=======================>......] - ETA: 1s - loss: 1.2485 - acc: 0.6009
736/865 [========================>.....] - ETA: 1s - loss: 1.2421 - acc: 0.6005
768/865 [=========================>....] - ETA: 0s - loss: 1.2211 - acc: 0.6029
800/865 [==========================>...] - ETA: 0s - loss: 1.2308 - acc: 0.5975
832/865 [===========================>..] - ETA: 0s - loss: 1.2302 - acc: 0.5974
864/865 [============================>.] - ETA: 0s - loss: 1.2412 - acc: 0.5995
865/865 [==============================] - 8s 9ms/sample - loss: 1.2399 - acc: 0.6000

  32/3458 [..............................] - ETA: 2:45 - loss: 0.2721 - acc: 0.9375
  64/3458 [..............................] - ETA: 2:46 - loss: 0.2707 - acc: 0.9219
  96/3458 [..............................] - ETA: 2:44 - loss: 0.2558 - acc: 0.9375
 128/3458 [>.............................] - ETA: 2:42 - loss: 0.2301 - acc: 0.9453
 160/3458 [>.............................] - ETA: 2:40 - loss: 0.2247 - acc: 0.9500
 192/3458 [>.............................] - ETA: 2:39 - loss: 0.2397 - acc: 0.9427
 224/3458 [>.............................] - ETA: 2:37 - loss: 0.2284 - acc: 0.9420
 256/3458 [=>............................] - ETA: 2:36 - loss: 0.2262 - acc: 0.9453
 288/3458 [=>............................] - ETA: 2:34 - loss: 0.2332 - acc: 0.9306
 320/3458 [=>............................] - ETA: 2:33 - loss: 0.2252 - acc: 0.9312
 352/3458 [==>...........................] - ETA: 2:31 - loss: 0.2218 - acc: 0.9290
 384/3458 [==>...........................] - ETA: 2:30 - loss: 0.2226 - acc: 0.9297
 416/3458 [==>...........................] - ETA: 2:28 - loss: 0.2261 - acc: 0.9231
 448/3458 [==>...........................] - ETA: 2:26 - loss: 0.2252 - acc: 0.9241
 480/3458 [===>..........................] - ETA: 2:25 - loss: 0.2273 - acc: 0.9229
 512/3458 [===>..........................] - ETA: 2:23 - loss: 0.2235 - acc: 0.9238
 544/3458 [===>..........................] - ETA: 2:22 - loss: 0.2247 - acc: 0.9210
 576/3458 [===>..........................] - ETA: 2:20 - loss: 0.2170 - acc: 0.9236
 608/3458 [====>.........................] - ETA: 2:19 - loss: 0.2126 - acc: 0.9260
 640/3458 [====>.........................] - ETA: 2:17 - loss: 0.2057 - acc: 0.9297
 672/3458 [====>.........................] - ETA: 2:16 - loss: 0.2070 - acc: 0.9301
 704/3458 [=====>........................] - ETA: 2:14 - loss: 0.2022 - acc: 0.9318
 736/3458 [=====>........................] - ETA: 2:13 - loss: 0.1985 - acc: 0.9334
 768/3458 [=====>........................] - ETA: 2:11 - loss: 0.2012 - acc: 0.9336
 800/3458 [=====>........................] - ETA: 2:09 - loss: 0.2045 - acc: 0.9325
 832/3458 [======>.......................] - ETA: 2:08 - loss: 0.2077 - acc: 0.9291
 864/3458 [======>.......................] - ETA: 2:06 - loss: 0.2099 - acc: 0.9294
 896/3458 [======>.......................] - ETA: 2:05 - loss: 0.2096 - acc: 0.9297
 928/3458 [=======>......................] - ETA: 2:03 - loss: 0.2090 - acc: 0.9300
 960/3458 [=======>......................] - ETA: 2:02 - loss: 0.2088 - acc: 0.9292
 992/3458 [=======>......................] - ETA: 2:00 - loss: 0.2060 - acc: 0.9304
1024/3458 [=======>......................] - ETA: 1:59 - loss: 0.2084 - acc: 0.9277
1056/3458 [========>.....................] - ETA: 1:57 - loss: 0.2098 - acc: 0.9290
1088/3458 [========>.....................] - ETA: 1:55 - loss: 0.2089 - acc: 0.9301
1120/3458 [========>.....................] - ETA: 1:54 - loss: 0.2064 - acc: 0.9312
1152/3458 [========>.....................] - ETA: 1:52 - loss: 0.2043 - acc: 0.9332
1184/3458 [=========>....................] - ETA: 1:51 - loss: 0.2035 - acc: 0.9333
1216/3458 [=========>....................] - ETA: 1:49 - loss: 0.1999 - acc: 0.9350
1248/3458 [=========>....................] - ETA: 1:48 - loss: 0.1983 - acc: 0.9351
1280/3458 [==========>...................] - ETA: 1:46 - loss: 0.2023 - acc: 0.9344
1312/3458 [==========>...................] - ETA: 1:45 - loss: 0.2016 - acc: 0.9352
1344/3458 [==========>...................] - ETA: 1:43 - loss: 0.2016 - acc: 0.9353
1376/3458 [==========>...................] - ETA: 1:41 - loss: 0.2038 - acc: 0.9346
1408/3458 [===========>..................] - ETA: 1:40 - loss: 0.2032 - acc: 0.9339
1440/3458 [===========>..................] - ETA: 1:38 - loss: 0.2052 - acc: 0.9333
1472/3458 [===========>..................] - ETA: 1:37 - loss: 0.2059 - acc: 0.9334
1504/3458 [============>.................] - ETA: 1:35 - loss: 0.2069 - acc: 0.9342
1536/3458 [============>.................] - ETA: 1:34 - loss: 0.2060 - acc: 0.9342
1568/3458 [============>.................] - ETA: 1:32 - loss: 0.2069 - acc: 0.9337
1600/3458 [============>.................] - ETA: 1:30 - loss: 0.2065 - acc: 0.9337
1632/3458 [=============>................] - ETA: 1:29 - loss: 0.2047 - acc: 0.9350
1664/3458 [=============>................] - ETA: 1:27 - loss: 0.2038 - acc: 0.9357
1696/3458 [=============>................] - ETA: 1:26 - loss: 0.2024 - acc: 0.9369
1728/3458 [=============>................] - ETA: 1:24 - loss: 0.2008 - acc: 0.9375
1760/3458 [==============>...............] - ETA: 1:23 - loss: 0.1986 - acc: 0.9381
1792/3458 [==============>...............] - ETA: 1:21 - loss: 0.1961 - acc: 0.9392
1824/3458 [==============>...............] - ETA: 1:20 - loss: 0.1946 - acc: 0.9391
1856/3458 [===============>..............] - ETA: 1:18 - loss: 0.1943 - acc: 0.9391
1888/3458 [===============>..............] - ETA: 1:16 - loss: 0.1941 - acc: 0.9396
1920/3458 [===============>..............] - ETA: 1:15 - loss: 0.1932 - acc: 0.9401
1952/3458 [===============>..............] - ETA: 1:13 - loss: 0.1931 - acc: 0.9395
1984/3458 [================>.............] - ETA: 1:12 - loss: 0.1916 - acc: 0.9400
2016/3458 [================>.............] - ETA: 1:10 - loss: 0.1935 - acc: 0.9385
2048/3458 [================>.............] - ETA: 1:09 - loss: 0.1958 - acc: 0.9375
2080/3458 [=================>............] - ETA: 1:07 - loss: 0.1986 - acc: 0.9365
2112/3458 [=================>............] - ETA: 1:05 - loss: 0.1988 - acc: 0.9366
2144/3458 [=================>............] - ETA: 1:04 - loss: 0.1979 - acc: 0.9370
2176/3458 [=================>............] - ETA: 1:02 - loss: 0.1979 - acc: 0.9370
2208/3458 [==================>...........] - ETA: 1:01 - loss: 0.1962 - acc: 0.9380
2240/3458 [==================>...........] - ETA: 59s - loss: 0.1950 - acc: 0.9388 
2272/3458 [==================>...........] - ETA: 58s - loss: 0.1960 - acc: 0.9384
2304/3458 [==================>...........] - ETA: 56s - loss: 0.1949 - acc: 0.9384
2336/3458 [===================>..........] - ETA: 54s - loss: 0.1957 - acc: 0.9384
2368/3458 [===================>..........] - ETA: 53s - loss: 0.1957 - acc: 0.9379
2400/3458 [===================>..........] - ETA: 51s - loss: 0.1943 - acc: 0.9383
2432/3458 [====================>.........] - ETA: 50s - loss: 0.1934 - acc: 0.9387
2464/3458 [====================>.........] - ETA: 48s - loss: 0.1936 - acc: 0.9387
2496/3458 [====================>.........] - ETA: 47s - loss: 0.1953 - acc: 0.9387
2528/3458 [====================>.........] - ETA: 45s - loss: 0.1955 - acc: 0.9387
2560/3458 [=====================>........] - ETA: 43s - loss: 0.1956 - acc: 0.9387
2592/3458 [=====================>........] - ETA: 42s - loss: 0.1949 - acc: 0.9387
2624/3458 [=====================>........] - ETA: 40s - loss: 0.1940 - acc: 0.9394
2656/3458 [======================>.......] - ETA: 39s - loss: 0.1971 - acc: 0.9390
2688/3458 [======================>.......] - ETA: 37s - loss: 0.1967 - acc: 0.9394
2720/3458 [======================>.......] - ETA: 36s - loss: 0.1957 - acc: 0.9397
2752/3458 [======================>.......] - ETA: 34s - loss: 0.1959 - acc: 0.9397
2784/3458 [=======================>......] - ETA: 32s - loss: 0.1963 - acc: 0.9389
2816/3458 [=======================>......] - ETA: 31s - loss: 0.1961 - acc: 0.9386
2848/3458 [=======================>......] - ETA: 29s - loss: 0.1947 - acc: 0.9389
2880/3458 [=======================>......] - ETA: 28s - loss: 0.1940 - acc: 0.9392
2912/3458 [========================>.....] - ETA: 26s - loss: 0.1955 - acc: 0.9378
2944/3458 [========================>.....] - ETA: 25s - loss: 0.1956 - acc: 0.9378
2976/3458 [========================>.....] - ETA: 23s - loss: 0.1966 - acc: 0.9375
3008/3458 [=========================>....] - ETA: 22s - loss: 0.1963 - acc: 0.9378
3040/3458 [=========================>....] - ETA: 20s - loss: 0.1960 - acc: 0.9375
3072/3458 [=========================>....] - ETA: 18s - loss: 0.1995 - acc: 0.9368
3104/3458 [=========================>....] - ETA: 17s - loss: 0.1990 - acc: 0.9365
3136/3458 [==========================>...] - ETA: 15s - loss: 0.1992 - acc: 0.9365
3168/3458 [==========================>...] - ETA: 14s - loss: 0.1998 - acc: 0.9362
3200/3458 [==========================>...] - ETA: 12s - loss: 0.2013 - acc: 0.9359
3232/3458 [===========================>..] - ETA: 11s - loss: 0.2000 - acc: 0.9366
3264/3458 [===========================>..] - ETA: 9s - loss: 0.2017 - acc: 0.9357 
3296/3458 [===========================>..] - ETA: 7s - loss: 0.2027 - acc: 0.9348
3328/3458 [===========================>..] - ETA: 6s - loss: 0.2037 - acc: 0.9345
3360/3458 [============================>.] - ETA: 4s - loss: 0.2029 - acc: 0.9348
3392/3458 [============================>.] - ETA: 3s - loss: 0.2027 - acc: 0.9348
3424/3458 [============================>.] - ETA: 1s - loss: 0.2030 - acc: 0.9346
3456/3458 [============================>.] - ETA: 0s - loss: 0.2039 - acc: 0.9337
3458/3458 [==============================] - 170s 49ms/sample - loss: 0.2038 - acc: 0.9338

 32/865 [>.............................] - ETA: 7s - loss: 2.1099 - acc: 0.5938
 64/865 [=>............................] - ETA: 7s - loss: 1.7658 - acc: 0.6094
 96/865 [==>...........................] - ETA: 6s - loss: 1.9863 - acc: 0.5208
128/865 [===>..........................] - ETA: 6s - loss: 1.9422 - acc: 0.5234
160/865 [====>.........................] - ETA: 6s - loss: 1.7439 - acc: 0.5688
192/865 [=====>........................] - ETA: 6s - loss: 1.6815 - acc: 0.5625
224/865 [======>.......................] - ETA: 5s - loss: 1.6202 - acc: 0.5804
256/865 [=======>......................] - ETA: 5s - loss: 1.5711 - acc: 0.5898
288/865 [========>.....................] - ETA: 5s - loss: 1.6528 - acc: 0.5694
320/865 [==========>...................] - ETA: 4s - loss: 1.7261 - acc: 0.5562
352/865 [===========>..................] - ETA: 4s - loss: 1.7129 - acc: 0.5739
384/865 [============>.................] - ETA: 4s - loss: 1.6741 - acc: 0.5859
416/865 [=============>................] - ETA: 4s - loss: 1.6845 - acc: 0.5841
448/865 [==============>...............] - ETA: 3s - loss: 1.6935 - acc: 0.5781
480/865 [===============>..............] - ETA: 3s - loss: 1.6717 - acc: 0.5854
512/865 [================>.............] - ETA: 3s - loss: 1.6866 - acc: 0.5820
544/865 [=================>............] - ETA: 2s - loss: 1.6792 - acc: 0.5809
576/865 [==================>...........] - ETA: 2s - loss: 1.6789 - acc: 0.5781
608/865 [====================>.........] - ETA: 2s - loss: 1.7026 - acc: 0.5757
640/865 [=====================>........] - ETA: 2s - loss: 1.6866 - acc: 0.5781
672/865 [======================>.......] - ETA: 1s - loss: 1.7109 - acc: 0.5729
704/865 [=======================>......] - ETA: 1s - loss: 1.6958 - acc: 0.5739
736/865 [========================>.....] - ETA: 1s - loss: 1.6774 - acc: 0.5788
768/865 [=========================>....] - ETA: 0s - loss: 1.6570 - acc: 0.5807
800/865 [==========================>...] - ETA: 0s - loss: 1.7008 - acc: 0.5763
832/865 [===========================>..] - ETA: 0s - loss: 1.7240 - acc: 0.5757
864/865 [============================>.] - ETA: 0s - loss: 1.7539 - acc: 0.5752
865/865 [==============================] - 8s 9ms/sample - loss: 1.7520 - acc: 0.5757
