For Dropout_1=0.4 Dropout_2=0.3
daisy loaded
dandelion loaded
rose loaded
sunflower loaded
tulip loaded

  32/3458 [..............................] - ETA: 3:06 - loss: 1.6293 - acc: 0.1250
  64/3458 [..............................] - ETA: 2:59 - loss: 18.9222 - acc: 0.1562
  96/3458 [..............................] - ETA: 2:52 - loss: 19.1958 - acc: 0.1771
 128/3458 [>.............................] - ETA: 2:49 - loss: 15.8393 - acc: 0.1797
 160/3458 [>.............................] - ETA: 2:46 - loss: 13.0889 - acc: 0.1813
 192/3458 [>.............................] - ETA: 2:44 - loss: 11.1791 - acc: 0.1875
 224/3458 [>.............................] - ETA: 2:42 - loss: 9.8121 - acc: 0.2009 
 256/3458 [=>............................] - ETA: 2:40 - loss: 8.7860 - acc: 0.2344
 288/3458 [=>............................] - ETA: 2:38 - loss: 7.9881 - acc: 0.2326
 320/3458 [=>............................] - ETA: 2:36 - loss: 7.3508 - acc: 0.2250
 352/3458 [==>...........................] - ETA: 2:34 - loss: 6.8266 - acc: 0.2244
 384/3458 [==>...........................] - ETA: 2:33 - loss: 6.3914 - acc: 0.2188
 416/3458 [==>...........................] - ETA: 2:31 - loss: 6.0215 - acc: 0.2212
 448/3458 [==>...........................] - ETA: 2:29 - loss: 5.7036 - acc: 0.2277
 480/3458 [===>..........................] - ETA: 2:28 - loss: 5.4278 - acc: 0.2313
 512/3458 [===>..........................] - ETA: 2:26 - loss: 5.1841 - acc: 0.2324
 544/3458 [===>..........................] - ETA: 2:24 - loss: 4.9883 - acc: 0.2279
 576/3458 [===>..........................] - ETA: 2:23 - loss: 4.7968 - acc: 0.2344
 608/3458 [====>.........................] - ETA: 2:21 - loss: 4.6236 - acc: 0.2401
 640/3458 [====>.........................] - ETA: 2:20 - loss: 4.4692 - acc: 0.2406
 672/3458 [====>.........................] - ETA: 2:18 - loss: 4.3344 - acc: 0.2411
 704/3458 [=====>........................] - ETA: 2:16 - loss: 4.2083 - acc: 0.2386
 736/3458 [=====>........................] - ETA: 2:14 - loss: 4.0945 - acc: 0.2432
 768/3458 [=====>........................] - ETA: 2:13 - loss: 3.9870 - acc: 0.2513
 800/3458 [=====>........................] - ETA: 2:11 - loss: 3.8903 - acc: 0.2500
 832/3458 [======>.......................] - ETA: 2:10 - loss: 3.8003 - acc: 0.2548
 864/3458 [======>.......................] - ETA: 2:08 - loss: 3.7149 - acc: 0.2604
 896/3458 [======>.......................] - ETA: 2:06 - loss: 3.6397 - acc: 0.2589
 928/3458 [=======>......................] - ETA: 2:05 - loss: 3.5670 - acc: 0.2608
 960/3458 [=======>......................] - ETA: 2:03 - loss: 3.4915 - acc: 0.2656
 992/3458 [=======>......................] - ETA: 2:02 - loss: 3.4282 - acc: 0.2681
1024/3458 [=======>......................] - ETA: 2:00 - loss: 3.3632 - acc: 0.2695
1056/3458 [========>.....................] - ETA: 1:58 - loss: 3.3092 - acc: 0.2689
1088/3458 [========>.....................] - ETA: 1:57 - loss: 3.2551 - acc: 0.2711
1120/3458 [========>.....................] - ETA: 1:55 - loss: 3.2056 - acc: 0.2750
1152/3458 [========>.....................] - ETA: 1:54 - loss: 3.1543 - acc: 0.2769
1184/3458 [=========>....................] - ETA: 1:52 - loss: 3.1047 - acc: 0.2829
1216/3458 [=========>....................] - ETA: 1:50 - loss: 3.0602 - acc: 0.2870
1248/3458 [=========>....................] - ETA: 1:49 - loss: 3.0173 - acc: 0.2893
1280/3458 [==========>...................] - ETA: 1:47 - loss: 2.9775 - acc: 0.2930
1312/3458 [==========>...................] - ETA: 1:46 - loss: 2.9371 - acc: 0.2934
1344/3458 [==========>...................] - ETA: 1:44 - loss: 2.9007 - acc: 0.2954
1376/3458 [==========>...................] - ETA: 1:42 - loss: 2.8628 - acc: 0.2987
1408/3458 [===========>..................] - ETA: 1:41 - loss: 2.8288 - acc: 0.3011
1440/3458 [===========>..................] - ETA: 1:39 - loss: 2.7947 - acc: 0.3021
1472/3458 [===========>..................] - ETA: 1:38 - loss: 2.7585 - acc: 0.3071
1504/3458 [============>.................] - ETA: 1:36 - loss: 2.7292 - acc: 0.3085
1536/3458 [============>.................] - ETA: 1:35 - loss: 2.6988 - acc: 0.3112
1568/3458 [============>.................] - ETA: 1:33 - loss: 2.6740 - acc: 0.3125
1600/3458 [============>.................] - ETA: 1:31 - loss: 2.6469 - acc: 0.3162
1632/3458 [=============>................] - ETA: 1:30 - loss: 2.6226 - acc: 0.3205
1664/3458 [=============>................] - ETA: 1:28 - loss: 2.5966 - acc: 0.3239
1696/3458 [=============>................] - ETA: 1:27 - loss: 2.5712 - acc: 0.3261
1728/3458 [=============>................] - ETA: 1:25 - loss: 2.5474 - acc: 0.3293
1760/3458 [==============>...............] - ETA: 1:23 - loss: 2.5252 - acc: 0.3301
1792/3458 [==============>...............] - ETA: 1:22 - loss: 2.5074 - acc: 0.3315
1824/3458 [==============>...............] - ETA: 1:20 - loss: 2.4862 - acc: 0.3333
1856/3458 [===============>..............] - ETA: 1:19 - loss: 2.4640 - acc: 0.3367
1888/3458 [===============>..............] - ETA: 1:17 - loss: 2.4467 - acc: 0.3363
1920/3458 [===============>..............] - ETA: 1:15 - loss: 2.4248 - acc: 0.3406
1952/3458 [===============>..............] - ETA: 1:14 - loss: 2.4054 - acc: 0.3438
1984/3458 [================>.............] - ETA: 1:12 - loss: 2.3871 - acc: 0.3443
2016/3458 [================>.............] - ETA: 1:11 - loss: 2.3692 - acc: 0.3457
2048/3458 [================>.............] - ETA: 1:09 - loss: 2.3519 - acc: 0.3462
2080/3458 [=================>............] - ETA: 1:08 - loss: 2.3361 - acc: 0.3471
2112/3458 [=================>............] - ETA: 1:06 - loss: 2.3215 - acc: 0.3471
2144/3458 [=================>............] - ETA: 1:04 - loss: 2.3094 - acc: 0.3479
2176/3458 [=================>............] - ETA: 1:03 - loss: 2.2971 - acc: 0.3506
2208/3458 [==================>...........] - ETA: 1:01 - loss: 2.2802 - acc: 0.3555
2240/3458 [==================>...........] - ETA: 1:00 - loss: 2.2649 - acc: 0.3576
2272/3458 [==================>...........] - ETA: 58s - loss: 2.2517 - acc: 0.3587 
2304/3458 [==================>...........] - ETA: 56s - loss: 2.2361 - acc: 0.3598
2336/3458 [===================>..........] - ETA: 55s - loss: 2.2241 - acc: 0.3609
2368/3458 [===================>..........] - ETA: 53s - loss: 2.2094 - acc: 0.3632
2400/3458 [===================>..........] - ETA: 52s - loss: 2.1932 - acc: 0.3663
2432/3458 [====================>.........] - ETA: 50s - loss: 2.1781 - acc: 0.3680
2464/3458 [====================>.........] - ETA: 49s - loss: 2.1724 - acc: 0.3677
2496/3458 [====================>.........] - ETA: 47s - loss: 2.1593 - acc: 0.3686
2528/3458 [====================>.........] - ETA: 45s - loss: 2.1460 - acc: 0.3710
2560/3458 [=====================>........] - ETA: 44s - loss: 2.1353 - acc: 0.3723
2592/3458 [=====================>........] - ETA: 42s - loss: 2.1314 - acc: 0.3708
2624/3458 [=====================>........] - ETA: 41s - loss: 2.1206 - acc: 0.3708
2656/3458 [======================>.......] - ETA: 39s - loss: 2.1082 - acc: 0.3720
2688/3458 [======================>.......] - ETA: 38s - loss: 2.0991 - acc: 0.3724
2720/3458 [======================>.......] - ETA: 36s - loss: 2.0893 - acc: 0.3724
2752/3458 [======================>.......] - ETA: 34s - loss: 2.0810 - acc: 0.3728
2784/3458 [=======================>......] - ETA: 33s - loss: 2.0714 - acc: 0.3732
2816/3458 [=======================>......] - ETA: 31s - loss: 2.0624 - acc: 0.3736
2848/3458 [=======================>......] - ETA: 30s - loss: 2.0541 - acc: 0.3739
2880/3458 [=======================>......] - ETA: 28s - loss: 2.0439 - acc: 0.3743
2912/3458 [========================>.....] - ETA: 26s - loss: 2.0355 - acc: 0.3743
2944/3458 [========================>.....] - ETA: 25s - loss: 2.0245 - acc: 0.3770
2976/3458 [========================>.....] - ETA: 23s - loss: 2.0170 - acc: 0.3763
3008/3458 [=========================>....] - ETA: 22s - loss: 2.0044 - acc: 0.3803
3040/3458 [=========================>....] - ETA: 20s - loss: 1.9937 - acc: 0.3829
3072/3458 [=========================>....] - ETA: 19s - loss: 1.9830 - acc: 0.3848
3104/3458 [=========================>....] - ETA: 17s - loss: 1.9767 - acc: 0.3853
3136/3458 [==========================>...] - ETA: 15s - loss: 1.9659 - acc: 0.3881
3168/3458 [==========================>...] - ETA: 14s - loss: 1.9613 - acc: 0.3879
3200/3458 [==========================>...] - ETA: 12s - loss: 1.9540 - acc: 0.3891
3232/3458 [===========================>..] - ETA: 11s - loss: 1.9462 - acc: 0.3902
3264/3458 [===========================>..] - ETA: 9s - loss: 1.9375 - acc: 0.3919 
3296/3458 [===========================>..] - ETA: 7s - loss: 1.9304 - acc: 0.3941
3328/3458 [===========================>..] - ETA: 6s - loss: 1.9239 - acc: 0.3942
3360/3458 [============================>.] - ETA: 4s - loss: 1.9167 - acc: 0.3961
3392/3458 [============================>.] - ETA: 3s - loss: 1.9096 - acc: 0.3983
3424/3458 [============================>.] - ETA: 1s - loss: 1.9033 - acc: 0.4001
3456/3458 [============================>.] - ETA: 0s - loss: 1.8976 - acc: 0.4008
3458/3458 [==============================] - 171s 49ms/sample - loss: 1.8967 - acc: 0.4011

 32/865 [>.............................] - ETA: 7s - loss: 1.1582 - acc: 0.5625
 64/865 [=>............................] - ETA: 7s - loss: 1.2923 - acc: 0.5312
 96/865 [==>...........................] - ETA: 7s - loss: 1.3612 - acc: 0.5312
128/865 [===>..........................] - ETA: 6s - loss: 1.3385 - acc: 0.5156
160/865 [====>.........................] - ETA: 6s - loss: 1.3074 - acc: 0.5250
192/865 [=====>........................] - ETA: 6s - loss: 1.3185 - acc: 0.5312
224/865 [======>.......................] - ETA: 5s - loss: 1.3052 - acc: 0.5223
256/865 [=======>......................] - ETA: 5s - loss: 1.3094 - acc: 0.5195
288/865 [========>.....................] - ETA: 5s - loss: 1.2964 - acc: 0.5104
320/865 [==========>...................] - ETA: 4s - loss: 1.3138 - acc: 0.5031
352/865 [===========>..................] - ETA: 4s - loss: 1.2977 - acc: 0.5142
384/865 [============>.................] - ETA: 4s - loss: 1.2935 - acc: 0.5104
416/865 [=============>................] - ETA: 4s - loss: 1.3019 - acc: 0.5024
448/865 [==============>...............] - ETA: 3s - loss: 1.3196 - acc: 0.4888
480/865 [===============>..............] - ETA: 3s - loss: 1.3068 - acc: 0.4917
512/865 [================>.............] - ETA: 3s - loss: 1.3104 - acc: 0.4863
544/865 [=================>............] - ETA: 2s - loss: 1.3030 - acc: 0.4871
576/865 [==================>...........] - ETA: 2s - loss: 1.3118 - acc: 0.4844
608/865 [====================>.........] - ETA: 2s - loss: 1.3132 - acc: 0.4819
640/865 [=====================>........] - ETA: 2s - loss: 1.3239 - acc: 0.4781
672/865 [======================>.......] - ETA: 1s - loss: 1.3294 - acc: 0.4732
704/865 [=======================>......] - ETA: 1s - loss: 1.3374 - acc: 0.4688
736/865 [========================>.....] - ETA: 1s - loss: 1.3334 - acc: 0.4701
768/865 [=========================>....] - ETA: 0s - loss: 1.3374 - acc: 0.4727
800/865 [==========================>...] - ETA: 0s - loss: 1.3261 - acc: 0.4762
832/865 [===========================>..] - ETA: 0s - loss: 1.3247 - acc: 0.4772
864/865 [============================>.] - ETA: 0s - loss: 1.3265 - acc: 0.4780
865/865 [==============================] - 8s 9ms/sample - loss: 1.3258 - acc: 0.4786

  32/3458 [..............................] - ETA: 2:48 - loss: 1.2266 - acc: 0.3438
  64/3458 [..............................] - ETA: 2:46 - loss: 1.2953 - acc: 0.4375
  96/3458 [..............................] - ETA: 2:46 - loss: 1.4147 - acc: 0.4167
 128/3458 [>.............................] - ETA: 2:44 - loss: 1.4075 - acc: 0.4609
 160/3458 [>.............................] - ETA: 2:42 - loss: 1.3682 - acc: 0.4812
 192/3458 [>.............................] - ETA: 2:40 - loss: 1.3386 - acc: 0.5000
 224/3458 [>.............................] - ETA: 2:39 - loss: 1.3125 - acc: 0.5045
 256/3458 [=>............................] - ETA: 2:37 - loss: 1.2984 - acc: 0.5000
 288/3458 [=>............................] - ETA: 2:36 - loss: 1.2840 - acc: 0.5174
 320/3458 [=>............................] - ETA: 2:34 - loss: 1.2801 - acc: 0.5188
 352/3458 [==>...........................] - ETA: 2:33 - loss: 1.2954 - acc: 0.5000
 384/3458 [==>...........................] - ETA: 2:31 - loss: 1.2942 - acc: 0.4974
 416/3458 [==>...........................] - ETA: 2:29 - loss: 1.2900 - acc: 0.5000
 448/3458 [==>...........................] - ETA: 2:28 - loss: 1.2803 - acc: 0.5022
 480/3458 [===>..........................] - ETA: 2:26 - loss: 1.2834 - acc: 0.5021
 512/3458 [===>..........................] - ETA: 2:25 - loss: 1.2672 - acc: 0.5039
 544/3458 [===>..........................] - ETA: 2:23 - loss: 1.2500 - acc: 0.5110
 576/3458 [===>..........................] - ETA: 2:21 - loss: 1.2437 - acc: 0.5156
 608/3458 [====>.........................] - ETA: 2:20 - loss: 1.2595 - acc: 0.5181
 640/3458 [====>.........................] - ETA: 2:18 - loss: 1.2661 - acc: 0.5172
 672/3458 [====>.........................] - ETA: 2:17 - loss: 1.2532 - acc: 0.5179
 704/3458 [=====>........................] - ETA: 2:15 - loss: 1.2497 - acc: 0.5241
 736/3458 [=====>........................] - ETA: 2:13 - loss: 1.2581 - acc: 0.5231
 768/3458 [=====>........................] - ETA: 2:12 - loss: 1.2633 - acc: 0.5182
 800/3458 [=====>........................] - ETA: 2:10 - loss: 1.2532 - acc: 0.5213
 832/3458 [======>.......................] - ETA: 2:09 - loss: 1.2439 - acc: 0.5276
 864/3458 [======>.......................] - ETA: 2:07 - loss: 1.2392 - acc: 0.5312
 896/3458 [======>.......................] - ETA: 2:06 - loss: 1.2345 - acc: 0.5312
 928/3458 [=======>......................] - ETA: 2:04 - loss: 1.2309 - acc: 0.5302
 960/3458 [=======>......................] - ETA: 2:02 - loss: 1.2258 - acc: 0.5333
 992/3458 [=======>......................] - ETA: 2:01 - loss: 1.2149 - acc: 0.5393
1024/3458 [=======>......................] - ETA: 1:59 - loss: 1.2086 - acc: 0.5381
1056/3458 [========>.....................] - ETA: 1:58 - loss: 1.2071 - acc: 0.5398
1088/3458 [========>.....................] - ETA: 1:56 - loss: 1.2137 - acc: 0.5368
1120/3458 [========>.....................] - ETA: 1:54 - loss: 1.2137 - acc: 0.5357
1152/3458 [========>.....................] - ETA: 1:53 - loss: 1.2120 - acc: 0.5339
1184/3458 [=========>....................] - ETA: 1:51 - loss: 1.2060 - acc: 0.5329
1216/3458 [=========>....................] - ETA: 1:50 - loss: 1.2062 - acc: 0.5304
1248/3458 [=========>....................] - ETA: 1:48 - loss: 1.1990 - acc: 0.5337
1280/3458 [==========>...................] - ETA: 1:47 - loss: 1.2009 - acc: 0.5312
1312/3458 [==========>...................] - ETA: 1:45 - loss: 1.1994 - acc: 0.5351
1344/3458 [==========>...................] - ETA: 1:43 - loss: 1.1940 - acc: 0.5357
1376/3458 [==========>...................] - ETA: 1:42 - loss: 1.1891 - acc: 0.5392
1408/3458 [===========>..................] - ETA: 1:40 - loss: 1.1823 - acc: 0.5433
1440/3458 [===========>..................] - ETA: 1:39 - loss: 1.1797 - acc: 0.5451
1472/3458 [===========>..................] - ETA: 1:37 - loss: 1.1818 - acc: 0.5442
1504/3458 [============>.................] - ETA: 1:36 - loss: 1.1819 - acc: 0.5426
1536/3458 [============>.................] - ETA: 1:34 - loss: 1.1775 - acc: 0.5443
1568/3458 [============>.................] - ETA: 1:32 - loss: 1.1749 - acc: 0.5415
1600/3458 [============>.................] - ETA: 1:31 - loss: 1.1821 - acc: 0.5406
1632/3458 [=============>................] - ETA: 1:29 - loss: 1.1841 - acc: 0.5423
1664/3458 [=============>................] - ETA: 1:28 - loss: 1.1795 - acc: 0.5451
1696/3458 [=============>................] - ETA: 1:26 - loss: 1.1839 - acc: 0.5430
1728/3458 [=============>................] - ETA: 1:25 - loss: 1.1833 - acc: 0.5440
1760/3458 [==============>...............] - ETA: 1:23 - loss: 1.1827 - acc: 0.5437
1792/3458 [==============>...............] - ETA: 1:21 - loss: 1.1851 - acc: 0.5446
1824/3458 [==============>...............] - ETA: 1:20 - loss: 1.1809 - acc: 0.5466
1856/3458 [===============>..............] - ETA: 1:18 - loss: 1.1790 - acc: 0.5463
1888/3458 [===============>..............] - ETA: 1:17 - loss: 1.1789 - acc: 0.5466
1920/3458 [===============>..............] - ETA: 1:15 - loss: 1.1789 - acc: 0.5453
1952/3458 [===============>..............] - ETA: 1:14 - loss: 1.1768 - acc: 0.5456
1984/3458 [================>.............] - ETA: 1:12 - loss: 1.1754 - acc: 0.5454
2016/3458 [================>.............] - ETA: 1:10 - loss: 1.1713 - acc: 0.5466
2048/3458 [================>.............] - ETA: 1:09 - loss: 1.1709 - acc: 0.5469
2080/3458 [=================>............] - ETA: 1:07 - loss: 1.1684 - acc: 0.5466
2112/3458 [=================>............] - ETA: 1:06 - loss: 1.1653 - acc: 0.5473
2144/3458 [=================>............] - ETA: 1:04 - loss: 1.1638 - acc: 0.5485
2176/3458 [=================>............] - ETA: 1:03 - loss: 1.1622 - acc: 0.5478
2208/3458 [==================>...........] - ETA: 1:01 - loss: 1.1568 - acc: 0.5489
2240/3458 [==================>...........] - ETA: 59s - loss: 1.1521 - acc: 0.5518 
2272/3458 [==================>...........] - ETA: 58s - loss: 1.1482 - acc: 0.5541
2304/3458 [==================>...........] - ETA: 56s - loss: 1.1479 - acc: 0.5560
2336/3458 [===================>..........] - ETA: 55s - loss: 1.1504 - acc: 0.5569
2368/3458 [===================>..........] - ETA: 53s - loss: 1.1470 - acc: 0.5587
2400/3458 [===================>..........] - ETA: 52s - loss: 1.1437 - acc: 0.5579
2432/3458 [====================>.........] - ETA: 50s - loss: 1.1418 - acc: 0.5572
2464/3458 [====================>.........] - ETA: 48s - loss: 1.1421 - acc: 0.5580
2496/3458 [====================>.........] - ETA: 47s - loss: 1.1417 - acc: 0.5589
2528/3458 [====================>.........] - ETA: 45s - loss: 1.1377 - acc: 0.5609
2560/3458 [=====================>........] - ETA: 44s - loss: 1.1359 - acc: 0.5602
2592/3458 [=====================>........] - ETA: 42s - loss: 1.1349 - acc: 0.5606
2624/3458 [=====================>........] - ETA: 41s - loss: 1.1347 - acc: 0.5610
2656/3458 [======================>.......] - ETA: 39s - loss: 1.1340 - acc: 0.5625
2688/3458 [======================>.......] - ETA: 37s - loss: 1.1295 - acc: 0.5644
2720/3458 [======================>.......] - ETA: 36s - loss: 1.1303 - acc: 0.5632
2752/3458 [======================>.......] - ETA: 34s - loss: 1.1289 - acc: 0.5643
2784/3458 [=======================>......] - ETA: 33s - loss: 1.1279 - acc: 0.5661
2816/3458 [=======================>......] - ETA: 31s - loss: 1.1272 - acc: 0.5657
2848/3458 [=======================>......] - ETA: 30s - loss: 1.1276 - acc: 0.5660
2880/3458 [=======================>......] - ETA: 28s - loss: 1.1250 - acc: 0.5684
2912/3458 [========================>.....] - ETA: 26s - loss: 1.1232 - acc: 0.5697
2944/3458 [========================>.....] - ETA: 25s - loss: 1.1226 - acc: 0.5707
2976/3458 [========================>.....] - ETA: 23s - loss: 1.1219 - acc: 0.5712
3008/3458 [=========================>....] - ETA: 22s - loss: 1.1214 - acc: 0.5708
3040/3458 [=========================>....] - ETA: 20s - loss: 1.1216 - acc: 0.5707
3072/3458 [=========================>....] - ETA: 19s - loss: 1.1212 - acc: 0.5700
3104/3458 [=========================>....] - ETA: 17s - loss: 1.1238 - acc: 0.5683
3136/3458 [==========================>...] - ETA: 15s - loss: 1.1264 - acc: 0.5666
3168/3458 [==========================>...] - ETA: 14s - loss: 1.1276 - acc: 0.5672
3200/3458 [==========================>...] - ETA: 12s - loss: 1.1261 - acc: 0.5678
3232/3458 [===========================>..] - ETA: 11s - loss: 1.1236 - acc: 0.5693
3264/3458 [===========================>..] - ETA: 9s - loss: 1.1266 - acc: 0.5686 
3296/3458 [===========================>..] - ETA: 7s - loss: 1.1247 - acc: 0.5692
3328/3458 [===========================>..] - ETA: 6s - loss: 1.1231 - acc: 0.5691
3360/3458 [============================>.] - ETA: 4s - loss: 1.1232 - acc: 0.5685
3392/3458 [============================>.] - ETA: 3s - loss: 1.1219 - acc: 0.5690
3424/3458 [============================>.] - ETA: 1s - loss: 1.1214 - acc: 0.5689
3456/3458 [============================>.] - ETA: 0s - loss: 1.1218 - acc: 0.5686
3458/3458 [==============================] - 171s 49ms/sample - loss: 1.1218 - acc: 0.5685

 32/865 [>.............................] - ETA: 7s - loss: 1.1329 - acc: 0.6875
 64/865 [=>............................] - ETA: 7s - loss: 1.1579 - acc: 0.5938
 96/865 [==>...........................] - ETA: 6s - loss: 1.1823 - acc: 0.5833
128/865 [===>..........................] - ETA: 6s - loss: 1.1315 - acc: 0.5781
160/865 [====>.........................] - ETA: 6s - loss: 1.1287 - acc: 0.5750
192/865 [=====>........................] - ETA: 5s - loss: 1.1180 - acc: 0.5729
224/865 [======>.......................] - ETA: 5s - loss: 1.0900 - acc: 0.5804
256/865 [=======>......................] - ETA: 5s - loss: 1.1192 - acc: 0.5703
288/865 [========>.....................] - ETA: 5s - loss: 1.1014 - acc: 0.5868
320/865 [==========>...................] - ETA: 4s - loss: 1.1125 - acc: 0.5875
352/865 [===========>..................] - ETA: 4s - loss: 1.0853 - acc: 0.6023
384/865 [============>.................] - ETA: 4s - loss: 1.0655 - acc: 0.6016
416/865 [=============>................] - ETA: 3s - loss: 1.0583 - acc: 0.6058
448/865 [==============>...............] - ETA: 3s - loss: 1.0790 - acc: 0.6004
480/865 [===============>..............] - ETA: 3s - loss: 1.0676 - acc: 0.6021
512/865 [================>.............] - ETA: 3s - loss: 1.0706 - acc: 0.5957
544/865 [=================>............] - ETA: 2s - loss: 1.0788 - acc: 0.5956
576/865 [==================>...........] - ETA: 2s - loss: 1.0705 - acc: 0.6042
608/865 [====================>.........] - ETA: 2s - loss: 1.0706 - acc: 0.6020
640/865 [=====================>........] - ETA: 2s - loss: 1.0702 - acc: 0.5938
672/865 [======================>.......] - ETA: 1s - loss: 1.0731 - acc: 0.5952
704/865 [=======================>......] - ETA: 1s - loss: 1.0748 - acc: 0.5952
736/865 [========================>.....] - ETA: 1s - loss: 1.0643 - acc: 0.5965
768/865 [=========================>....] - ETA: 0s - loss: 1.0654 - acc: 0.5977
800/865 [==========================>...] - ETA: 0s - loss: 1.0547 - acc: 0.5975
832/865 [===========================>..] - ETA: 0s - loss: 1.0628 - acc: 0.5925
864/865 [============================>.] - ETA: 0s - loss: 1.0619 - acc: 0.5914
865/865 [==============================] - 8s 9ms/sample - loss: 1.0607 - acc: 0.5919

  32/3458 [..............................] - ETA: 2:45 - loss: 0.7052 - acc: 0.8125
  64/3458 [..............................] - ETA: 2:46 - loss: 0.7209 - acc: 0.7969
  96/3458 [..............................] - ETA: 2:43 - loss: 0.7657 - acc: 0.7396
 128/3458 [>.............................] - ETA: 2:43 - loss: 0.8040 - acc: 0.7109
 160/3458 [>.............................] - ETA: 2:42 - loss: 0.7768 - acc: 0.7250
 192/3458 [>.............................] - ETA: 2:40 - loss: 0.8104 - acc: 0.7083
 224/3458 [>.............................] - ETA: 2:38 - loss: 0.8162 - acc: 0.7098
 256/3458 [=>............................] - ETA: 2:37 - loss: 0.8052 - acc: 0.7070
 288/3458 [=>............................] - ETA: 2:35 - loss: 0.8477 - acc: 0.6806
 320/3458 [=>............................] - ETA: 2:33 - loss: 0.8475 - acc: 0.6812
 352/3458 [==>...........................] - ETA: 2:32 - loss: 0.8594 - acc: 0.6676
 384/3458 [==>...........................] - ETA: 2:31 - loss: 0.8696 - acc: 0.6667
 416/3458 [==>...........................] - ETA: 2:29 - loss: 0.8720 - acc: 0.6659
 448/3458 [==>...........................] - ETA: 2:27 - loss: 0.8849 - acc: 0.6629
 480/3458 [===>..........................] - ETA: 2:26 - loss: 0.9015 - acc: 0.6583
 512/3458 [===>..........................] - ETA: 2:24 - loss: 0.8940 - acc: 0.6602
 544/3458 [===>..........................] - ETA: 2:23 - loss: 0.9016 - acc: 0.6599
 576/3458 [===>..........................] - ETA: 2:21 - loss: 0.8988 - acc: 0.6632
 608/3458 [====>.........................] - ETA: 2:19 - loss: 0.8986 - acc: 0.6595
 640/3458 [====>.........................] - ETA: 2:18 - loss: 0.9013 - acc: 0.6625
 672/3458 [====>.........................] - ETA: 2:16 - loss: 0.8978 - acc: 0.6667
 704/3458 [=====>........................] - ETA: 2:15 - loss: 0.9007 - acc: 0.6648
 736/3458 [=====>........................] - ETA: 2:13 - loss: 0.9071 - acc: 0.6644
 768/3458 [=====>........................] - ETA: 2:12 - loss: 0.9158 - acc: 0.6628
 800/3458 [=====>........................] - ETA: 2:10 - loss: 0.9088 - acc: 0.6637
 832/3458 [======>.......................] - ETA: 2:09 - loss: 0.9207 - acc: 0.6611
 864/3458 [======>.......................] - ETA: 2:07 - loss: 0.9194 - acc: 0.6597
 896/3458 [======>.......................] - ETA: 2:06 - loss: 0.9170 - acc: 0.6607
 928/3458 [=======>......................] - ETA: 2:04 - loss: 0.9161 - acc: 0.6616
 960/3458 [=======>......................] - ETA: 2:02 - loss: 0.9204 - acc: 0.6635
 992/3458 [=======>......................] - ETA: 2:01 - loss: 0.9159 - acc: 0.6623
1024/3458 [=======>......................] - ETA: 1:59 - loss: 0.9110 - acc: 0.6660
1056/3458 [========>.....................] - ETA: 1:58 - loss: 0.9066 - acc: 0.6686
1088/3458 [========>.....................] - ETA: 1:56 - loss: 0.9019 - acc: 0.6700
1120/3458 [========>.....................] - ETA: 1:54 - loss: 0.9003 - acc: 0.6687
1152/3458 [========>.....................] - ETA: 1:53 - loss: 0.9000 - acc: 0.6675
1184/3458 [=========>....................] - ETA: 1:51 - loss: 0.8971 - acc: 0.6706
1216/3458 [=========>....................] - ETA: 1:50 - loss: 0.8919 - acc: 0.6719
1248/3458 [=========>....................] - ETA: 1:48 - loss: 0.8859 - acc: 0.6747
1280/3458 [==========>...................] - ETA: 1:47 - loss: 0.8908 - acc: 0.6750
1312/3458 [==========>...................] - ETA: 1:45 - loss: 0.8870 - acc: 0.6768
1344/3458 [==========>...................] - ETA: 1:43 - loss: 0.8841 - acc: 0.6771
1376/3458 [==========>...................] - ETA: 1:42 - loss: 0.8811 - acc: 0.6795
1408/3458 [===========>..................] - ETA: 1:40 - loss: 0.8743 - acc: 0.6818
1440/3458 [===========>..................] - ETA: 1:39 - loss: 0.8728 - acc: 0.6833
1472/3458 [===========>..................] - ETA: 1:37 - loss: 0.8745 - acc: 0.6834
1504/3458 [============>.................] - ETA: 1:36 - loss: 0.8686 - acc: 0.6842
1536/3458 [============>.................] - ETA: 1:34 - loss: 0.8660 - acc: 0.6849
1568/3458 [============>.................] - ETA: 1:33 - loss: 0.8585 - acc: 0.6869
1600/3458 [============>.................] - ETA: 1:31 - loss: 0.8551 - acc: 0.6875
1632/3458 [=============>................] - ETA: 1:29 - loss: 0.8536 - acc: 0.6881
1664/3458 [=============>................] - ETA: 1:28 - loss: 0.8521 - acc: 0.6887
1696/3458 [=============>................] - ETA: 1:26 - loss: 0.8540 - acc: 0.6869
1728/3458 [=============>................] - ETA: 1:25 - loss: 0.8551 - acc: 0.6869
1760/3458 [==============>...............] - ETA: 1:23 - loss: 0.8592 - acc: 0.6830
1792/3458 [==============>...............] - ETA: 1:22 - loss: 0.8648 - acc: 0.6830
1824/3458 [==============>...............] - ETA: 1:20 - loss: 0.8653 - acc: 0.6820
1856/3458 [===============>..............] - ETA: 1:18 - loss: 0.8629 - acc: 0.6837
1888/3458 [===============>..............] - ETA: 1:17 - loss: 0.8628 - acc: 0.6849
1920/3458 [===============>..............] - ETA: 1:15 - loss: 0.8609 - acc: 0.6870
1952/3458 [===============>..............] - ETA: 1:14 - loss: 0.8593 - acc: 0.6870
1984/3458 [================>.............] - ETA: 1:12 - loss: 0.8588 - acc: 0.6875
2016/3458 [================>.............] - ETA: 1:11 - loss: 0.8614 - acc: 0.6845
2048/3458 [================>.............] - ETA: 1:09 - loss: 0.8631 - acc: 0.6841
2080/3458 [=================>............] - ETA: 1:07 - loss: 0.8627 - acc: 0.6837
2112/3458 [=================>............] - ETA: 1:06 - loss: 0.8658 - acc: 0.6828
2144/3458 [=================>............] - ETA: 1:04 - loss: 0.8662 - acc: 0.6842
2176/3458 [=================>............] - ETA: 1:03 - loss: 0.8656 - acc: 0.6843
2208/3458 [==================>...........] - ETA: 1:01 - loss: 0.8654 - acc: 0.6834
2240/3458 [==================>...........] - ETA: 1:00 - loss: 0.8608 - acc: 0.6848
2272/3458 [==================>...........] - ETA: 58s - loss: 0.8583 - acc: 0.6857 
2304/3458 [==================>...........] - ETA: 56s - loss: 0.8572 - acc: 0.6862
2336/3458 [===================>..........] - ETA: 55s - loss: 0.8575 - acc: 0.6858
2368/3458 [===================>..........] - ETA: 53s - loss: 0.8558 - acc: 0.6871
2400/3458 [===================>..........] - ETA: 52s - loss: 0.8529 - acc: 0.6879
2432/3458 [====================>.........] - ETA: 50s - loss: 0.8524 - acc: 0.6891
2464/3458 [====================>.........] - ETA: 48s - loss: 0.8555 - acc: 0.6879
2496/3458 [====================>.........] - ETA: 47s - loss: 0.8558 - acc: 0.6875
2528/3458 [====================>.........] - ETA: 45s - loss: 0.8558 - acc: 0.6883
2560/3458 [=====================>........] - ETA: 44s - loss: 0.8557 - acc: 0.6879
2592/3458 [=====================>........] - ETA: 42s - loss: 0.8566 - acc: 0.6871
2624/3458 [=====================>........] - ETA: 41s - loss: 0.8587 - acc: 0.6864
2656/3458 [======================>.......] - ETA: 39s - loss: 0.8570 - acc: 0.6864
2688/3458 [======================>.......] - ETA: 37s - loss: 0.8575 - acc: 0.6860
2720/3458 [======================>.......] - ETA: 36s - loss: 0.8557 - acc: 0.6879
2752/3458 [======================>.......] - ETA: 34s - loss: 0.8516 - acc: 0.6897
2784/3458 [=======================>......] - ETA: 33s - loss: 0.8517 - acc: 0.6889
2816/3458 [=======================>......] - ETA: 31s - loss: 0.8492 - acc: 0.6903
2848/3458 [=======================>......] - ETA: 30s - loss: 0.8486 - acc: 0.6903
2880/3458 [=======================>......] - ETA: 28s - loss: 0.8490 - acc: 0.6906
2912/3458 [========================>.....] - ETA: 26s - loss: 0.8449 - acc: 0.6937
2944/3458 [========================>.....] - ETA: 25s - loss: 0.8434 - acc: 0.6936
2976/3458 [========================>.....] - ETA: 23s - loss: 0.8444 - acc: 0.6919
3008/3458 [=========================>....] - ETA: 22s - loss: 0.8451 - acc: 0.6915
3040/3458 [=========================>....] - ETA: 20s - loss: 0.8447 - acc: 0.6918
3072/3458 [=========================>....] - ETA: 19s - loss: 0.8451 - acc: 0.6911
3104/3458 [=========================>....] - ETA: 17s - loss: 0.8455 - acc: 0.6914
3136/3458 [==========================>...] - ETA: 15s - loss: 0.8434 - acc: 0.6920
3168/3458 [==========================>...] - ETA: 14s - loss: 0.8408 - acc: 0.6932
3200/3458 [==========================>...] - ETA: 12s - loss: 0.8400 - acc: 0.6938
3232/3458 [===========================>..] - ETA: 11s - loss: 0.8385 - acc: 0.6946
3264/3458 [===========================>..] - ETA: 9s - loss: 0.8400 - acc: 0.6930 
3296/3458 [===========================>..] - ETA: 7s - loss: 0.8391 - acc: 0.6933
3328/3458 [===========================>..] - ETA: 6s - loss: 0.8382 - acc: 0.6932
3360/3458 [============================>.] - ETA: 4s - loss: 0.8369 - acc: 0.6929
3392/3458 [============================>.] - ETA: 3s - loss: 0.8378 - acc: 0.6922
3424/3458 [============================>.] - ETA: 1s - loss: 0.8375 - acc: 0.6928
3456/3458 [============================>.] - ETA: 0s - loss: 0.8348 - acc: 0.6942
3458/3458 [==============================] - 171s 49ms/sample - loss: 0.8348 - acc: 0.6940

 32/865 [>.............................] - ETA: 7s - loss: 1.3700 - acc: 0.6875
 64/865 [=>............................] - ETA: 7s - loss: 1.2090 - acc: 0.6406
 96/865 [==>...........................] - ETA: 6s - loss: 1.1939 - acc: 0.6354
128/865 [===>..........................] - ETA: 6s - loss: 1.1094 - acc: 0.6328
160/865 [====>.........................] - ETA: 6s - loss: 1.1747 - acc: 0.6313
192/865 [=====>........................] - ETA: 6s - loss: 1.1670 - acc: 0.6354
224/865 [======>.......................] - ETA: 5s - loss: 1.1193 - acc: 0.6473
256/865 [=======>......................] - ETA: 5s - loss: 1.1338 - acc: 0.6445
288/865 [========>.....................] - ETA: 5s - loss: 1.1113 - acc: 0.6493
320/865 [==========>...................] - ETA: 4s - loss: 1.1405 - acc: 0.6375
352/865 [===========>..................] - ETA: 4s - loss: 1.1146 - acc: 0.6392
384/865 [============>.................] - ETA: 4s - loss: 1.0859 - acc: 0.6406
416/865 [=============>................] - ETA: 4s - loss: 1.0656 - acc: 0.6490
448/865 [==============>...............] - ETA: 3s - loss: 1.0900 - acc: 0.6384
480/865 [===============>..............] - ETA: 3s - loss: 1.0678 - acc: 0.6458
512/865 [================>.............] - ETA: 3s - loss: 1.0680 - acc: 0.6387
544/865 [=================>............] - ETA: 2s - loss: 1.0743 - acc: 0.6397
576/865 [==================>...........] - ETA: 2s - loss: 1.0699 - acc: 0.6476
608/865 [====================>.........] - ETA: 2s - loss: 1.0786 - acc: 0.6480
640/865 [=====================>........] - ETA: 2s - loss: 1.0716 - acc: 0.6438
672/865 [======================>.......] - ETA: 1s - loss: 1.0744 - acc: 0.6414
704/865 [=======================>......] - ETA: 1s - loss: 1.0740 - acc: 0.6406
736/865 [========================>.....] - ETA: 1s - loss: 1.0604 - acc: 0.6413
768/865 [=========================>....] - ETA: 0s - loss: 1.0713 - acc: 0.6367
800/865 [==========================>...] - ETA: 0s - loss: 1.0555 - acc: 0.6425
832/865 [===========================>..] - ETA: 0s - loss: 1.0600 - acc: 0.6406
864/865 [============================>.] - ETA: 0s - loss: 1.0603 - acc: 0.6377
865/865 [==============================] - 8s 9ms/sample - loss: 1.0591 - acc: 0.6382

  32/3458 [..............................] - ETA: 2:44 - loss: 0.4313 - acc: 0.9375
  64/3458 [..............................] - ETA: 2:45 - loss: 0.4728 - acc: 0.8594
  96/3458 [..............................] - ETA: 2:44 - loss: 0.4813 - acc: 0.8229
 128/3458 [>.............................] - ETA: 2:43 - loss: 0.5277 - acc: 0.7734
 160/3458 [>.............................] - ETA: 2:41 - loss: 0.5729 - acc: 0.7812
 192/3458 [>.............................] - ETA: 2:39 - loss: 0.5738 - acc: 0.7969
 224/3458 [>.............................] - ETA: 2:38 - loss: 0.5571 - acc: 0.7902
 256/3458 [=>............................] - ETA: 2:37 - loss: 0.5675 - acc: 0.7891
 288/3458 [=>............................] - ETA: 2:35 - loss: 0.6005 - acc: 0.7743
 320/3458 [=>............................] - ETA: 2:34 - loss: 0.6281 - acc: 0.7750
 352/3458 [==>...........................] - ETA: 2:33 - loss: 0.6654 - acc: 0.7642
 384/3458 [==>...........................] - ETA: 2:31 - loss: 0.6718 - acc: 0.7656
 416/3458 [==>...........................] - ETA: 2:30 - loss: 0.6577 - acc: 0.7716
 448/3458 [==>...........................] - ETA: 2:28 - loss: 0.6624 - acc: 0.7656
 480/3458 [===>..........................] - ETA: 2:26 - loss: 0.6613 - acc: 0.7667
 512/3458 [===>..........................] - ETA: 2:25 - loss: 0.6809 - acc: 0.7637
 544/3458 [===>..........................] - ETA: 2:23 - loss: 0.6734 - acc: 0.7721
 576/3458 [===>..........................] - ETA: 2:22 - loss: 0.6763 - acc: 0.7691
 608/3458 [====>.........................] - ETA: 2:20 - loss: 0.6738 - acc: 0.7648
 640/3458 [====>.........................] - ETA: 2:18 - loss: 0.6910 - acc: 0.7563
 672/3458 [====>.........................] - ETA: 2:17 - loss: 0.6882 - acc: 0.7619
 704/3458 [=====>........................] - ETA: 2:15 - loss: 0.6856 - acc: 0.7628
 736/3458 [=====>........................] - ETA: 2:14 - loss: 0.6791 - acc: 0.7663
 768/3458 [=====>........................] - ETA: 2:12 - loss: 0.6786 - acc: 0.7656
 800/3458 [=====>........................] - ETA: 2:10 - loss: 0.6740 - acc: 0.7650
 832/3458 [======>.......................] - ETA: 2:09 - loss: 0.6704 - acc: 0.7656
 864/3458 [======>.......................] - ETA: 2:07 - loss: 0.6764 - acc: 0.7627
 896/3458 [======>.......................] - ETA: 2:06 - loss: 0.6751 - acc: 0.7623
 928/3458 [=======>......................] - ETA: 2:04 - loss: 0.6681 - acc: 0.7672
 960/3458 [=======>......................] - ETA: 2:02 - loss: 0.6614 - acc: 0.7677
 992/3458 [=======>......................] - ETA: 2:01 - loss: 0.6590 - acc: 0.7681
1024/3458 [=======>......................] - ETA: 1:59 - loss: 0.6514 - acc: 0.7715
1056/3458 [========>.....................] - ETA: 1:58 - loss: 0.6547 - acc: 0.7699
1088/3458 [========>.....................] - ETA: 1:56 - loss: 0.6548 - acc: 0.7684
1120/3458 [========>.....................] - ETA: 1:54 - loss: 0.6490 - acc: 0.7705
1152/3458 [========>.....................] - ETA: 1:53 - loss: 0.6484 - acc: 0.7700
1184/3458 [=========>....................] - ETA: 1:51 - loss: 0.6519 - acc: 0.7686
1216/3458 [=========>....................] - ETA: 1:50 - loss: 0.6463 - acc: 0.7706
1248/3458 [=========>....................] - ETA: 1:48 - loss: 0.6409 - acc: 0.7740
1280/3458 [==========>...................] - ETA: 1:47 - loss: 0.6388 - acc: 0.7750
1312/3458 [==========>...................] - ETA: 1:45 - loss: 0.6331 - acc: 0.7759
1344/3458 [==========>...................] - ETA: 1:43 - loss: 0.6311 - acc: 0.7775
1376/3458 [==========>...................] - ETA: 1:42 - loss: 0.6275 - acc: 0.7783
1408/3458 [===========>..................] - ETA: 1:40 - loss: 0.6295 - acc: 0.7784
1440/3458 [===========>..................] - ETA: 1:39 - loss: 0.6303 - acc: 0.7764
1472/3458 [===========>..................] - ETA: 1:37 - loss: 0.6257 - acc: 0.7779
1504/3458 [============>.................] - ETA: 1:36 - loss: 0.6290 - acc: 0.7759
1536/3458 [============>.................] - ETA: 1:34 - loss: 0.6250 - acc: 0.7780
1568/3458 [============>.................] - ETA: 1:32 - loss: 0.6287 - acc: 0.7755
1600/3458 [============>.................] - ETA: 1:31 - loss: 0.6251 - acc: 0.7775
1632/3458 [=============>................] - ETA: 1:29 - loss: 0.6208 - acc: 0.7800
1664/3458 [=============>................] - ETA: 1:28 - loss: 0.6158 - acc: 0.7831
1696/3458 [=============>................] - ETA: 1:26 - loss: 0.6179 - acc: 0.7836
1728/3458 [=============>................] - ETA: 1:25 - loss: 0.6157 - acc: 0.7847
1760/3458 [==============>...............] - ETA: 1:23 - loss: 0.6113 - acc: 0.7864
1792/3458 [==============>...............] - ETA: 1:21 - loss: 0.6101 - acc: 0.7852
1824/3458 [==============>...............] - ETA: 1:20 - loss: 0.6044 - acc: 0.7878
1856/3458 [===============>..............] - ETA: 1:18 - loss: 0.6038 - acc: 0.7872
1888/3458 [===============>..............] - ETA: 1:17 - loss: 0.6052 - acc: 0.7860
1920/3458 [===============>..............] - ETA: 1:15 - loss: 0.6028 - acc: 0.7859
1952/3458 [===============>..............] - ETA: 1:14 - loss: 0.6034 - acc: 0.7848
1984/3458 [================>.............] - ETA: 1:12 - loss: 0.6003 - acc: 0.7853
2016/3458 [================>.............] - ETA: 1:10 - loss: 0.5971 - acc: 0.7872
2048/3458 [================>.............] - ETA: 1:09 - loss: 0.5953 - acc: 0.7876
2080/3458 [=================>............] - ETA: 1:07 - loss: 0.5972 - acc: 0.7880
2112/3458 [=================>............] - ETA: 1:06 - loss: 0.5991 - acc: 0.7874
2144/3458 [=================>............] - ETA: 1:04 - loss: 0.5969 - acc: 0.7878
2176/3458 [=================>............] - ETA: 1:03 - loss: 0.5944 - acc: 0.7891
2208/3458 [==================>...........] - ETA: 1:01 - loss: 0.5953 - acc: 0.7885
2240/3458 [==================>...........] - ETA: 59s - loss: 0.5944 - acc: 0.7884 
2272/3458 [==================>...........] - ETA: 58s - loss: 0.5930 - acc: 0.7892
2304/3458 [==================>...........] - ETA: 56s - loss: 0.5912 - acc: 0.7904
2336/3458 [===================>..........] - ETA: 55s - loss: 0.5883 - acc: 0.7911
2368/3458 [===================>..........] - ETA: 53s - loss: 0.5865 - acc: 0.7914
2400/3458 [===================>..........] - ETA: 52s - loss: 0.5873 - acc: 0.7912
2432/3458 [====================>.........] - ETA: 50s - loss: 0.5876 - acc: 0.7915
2464/3458 [====================>.........] - ETA: 48s - loss: 0.5848 - acc: 0.7918
2496/3458 [====================>.........] - ETA: 47s - loss: 0.5858 - acc: 0.7913
2528/3458 [====================>.........] - ETA: 45s - loss: 0.5814 - acc: 0.7931
2560/3458 [=====================>........] - ETA: 44s - loss: 0.5787 - acc: 0.7945
2592/3458 [=====================>........] - ETA: 42s - loss: 0.5806 - acc: 0.7932
2624/3458 [=====================>........] - ETA: 41s - loss: 0.5778 - acc: 0.7942
2656/3458 [======================>.......] - ETA: 39s - loss: 0.5774 - acc: 0.7948
2688/3458 [======================>.......] - ETA: 37s - loss: 0.5763 - acc: 0.7954
2720/3458 [======================>.......] - ETA: 36s - loss: 0.5784 - acc: 0.7949
2752/3458 [======================>.......] - ETA: 34s - loss: 0.5773 - acc: 0.7954
2784/3458 [=======================>......] - ETA: 33s - loss: 0.5735 - acc: 0.7960
2816/3458 [=======================>......] - ETA: 31s - loss: 0.5717 - acc: 0.7965
2848/3458 [=======================>......] - ETA: 29s - loss: 0.5714 - acc: 0.7963
2880/3458 [=======================>......] - ETA: 28s - loss: 0.5713 - acc: 0.7969
2912/3458 [========================>.....] - ETA: 26s - loss: 0.5667 - acc: 0.7988
2944/3458 [========================>.....] - ETA: 25s - loss: 0.5651 - acc: 0.7993
2976/3458 [========================>.....] - ETA: 23s - loss: 0.5634 - acc: 0.8001
3008/3458 [=========================>....] - ETA: 22s - loss: 0.5629 - acc: 0.7999
3040/3458 [=========================>....] - ETA: 20s - loss: 0.5615 - acc: 0.8003
3072/3458 [=========================>....] - ETA: 18s - loss: 0.5626 - acc: 0.8001
3104/3458 [=========================>....] - ETA: 17s - loss: 0.5612 - acc: 0.7999
3136/3458 [==========================>...] - ETA: 15s - loss: 0.5587 - acc: 0.8010
3168/3458 [==========================>...] - ETA: 14s - loss: 0.5574 - acc: 0.8015
3200/3458 [==========================>...] - ETA: 12s - loss: 0.5560 - acc: 0.8016
3232/3458 [===========================>..] - ETA: 11s - loss: 0.5565 - acc: 0.8001
3264/3458 [===========================>..] - ETA: 9s - loss: 0.5547 - acc: 0.8006 
3296/3458 [===========================>..] - ETA: 7s - loss: 0.5527 - acc: 0.8013
3328/3458 [===========================>..] - ETA: 6s - loss: 0.5544 - acc: 0.8005
3360/3458 [============================>.] - ETA: 4s - loss: 0.5520 - acc: 0.8012
3392/3458 [============================>.] - ETA: 3s - loss: 0.5510 - acc: 0.8010
3424/3458 [============================>.] - ETA: 1s - loss: 0.5499 - acc: 0.8008
3456/3458 [============================>.] - ETA: 0s - loss: 0.5468 - acc: 0.8021
3458/3458 [==============================] - 171s 49ms/sample - loss: 0.5466 - acc: 0.8022

 32/865 [>.............................] - ETA: 7s - loss: 1.6690 - acc: 0.6562
 64/865 [=>............................] - ETA: 7s - loss: 1.5264 - acc: 0.5625
 96/865 [==>...........................] - ETA: 6s - loss: 1.5572 - acc: 0.5625
128/865 [===>..........................] - ETA: 6s - loss: 1.3621 - acc: 0.6016
160/865 [====>.........................] - ETA: 6s - loss: 1.4799 - acc: 0.5938
192/865 [=====>........................] - ETA: 6s - loss: 1.4745 - acc: 0.5833
224/865 [======>.......................] - ETA: 5s - loss: 1.4308 - acc: 0.5893
256/865 [=======>......................] - ETA: 5s - loss: 1.4923 - acc: 0.5742
288/865 [========>.....................] - ETA: 5s - loss: 1.4495 - acc: 0.6007
320/865 [==========>...................] - ETA: 4s - loss: 1.4487 - acc: 0.6094
352/865 [===========>..................] - ETA: 4s - loss: 1.4024 - acc: 0.6165
384/865 [============>.................] - ETA: 4s - loss: 1.3619 - acc: 0.6224
416/865 [=============>................] - ETA: 4s - loss: 1.3231 - acc: 0.6250
448/865 [==============>...............] - ETA: 3s - loss: 1.3319 - acc: 0.6183
480/865 [===============>..............] - ETA: 3s - loss: 1.3025 - acc: 0.6208
512/865 [================>.............] - ETA: 3s - loss: 1.2907 - acc: 0.6230
544/865 [=================>............] - ETA: 2s - loss: 1.3068 - acc: 0.6232
576/865 [==================>...........] - ETA: 2s - loss: 1.3102 - acc: 0.6233
608/865 [====================>.........] - ETA: 2s - loss: 1.3108 - acc: 0.6250
640/865 [=====================>........] - ETA: 2s - loss: 1.2987 - acc: 0.6219
672/865 [======================>.......] - ETA: 1s - loss: 1.3050 - acc: 0.6190
704/865 [=======================>......] - ETA: 1s - loss: 1.3004 - acc: 0.6193
736/865 [========================>.....] - ETA: 1s - loss: 1.2816 - acc: 0.6209
768/865 [=========================>....] - ETA: 0s - loss: 1.2966 - acc: 0.6185
800/865 [==========================>...] - ETA: 0s - loss: 1.2725 - acc: 0.6225
832/865 [===========================>..] - ETA: 0s - loss: 1.2824 - acc: 0.6214
864/865 [============================>.] - ETA: 0s - loss: 1.2885 - acc: 0.6192
865/865 [==============================] - 8s 9ms/sample - loss: 1.2870 - acc: 0.6197

  32/3458 [..............................] - ETA: 2:48 - loss: 0.2754 - acc: 0.9062
  64/3458 [..............................] - ETA: 2:46 - loss: 0.3578 - acc: 0.8594
  96/3458 [..............................] - ETA: 2:45 - loss: 0.3134 - acc: 0.8958
 128/3458 [>.............................] - ETA: 2:44 - loss: 0.3063 - acc: 0.8906
 160/3458 [>.............................] - ETA: 2:43 - loss: 0.2912 - acc: 0.8938
 192/3458 [>.............................] - ETA: 2:42 - loss: 0.2801 - acc: 0.8958
 224/3458 [>.............................] - ETA: 2:40 - loss: 0.2942 - acc: 0.8839
 256/3458 [=>............................] - ETA: 2:39 - loss: 0.2962 - acc: 0.8867
 288/3458 [=>............................] - ETA: 2:37 - loss: 0.2870 - acc: 0.8958
 320/3458 [=>............................] - ETA: 2:35 - loss: 0.2824 - acc: 0.9000
 352/3458 [==>...........................] - ETA: 2:33 - loss: 0.2750 - acc: 0.9034
 384/3458 [==>...........................] - ETA: 2:32 - loss: 0.2650 - acc: 0.9036
 416/3458 [==>...........................] - ETA: 2:30 - loss: 0.2755 - acc: 0.8942
 448/3458 [==>...........................] - ETA: 2:28 - loss: 0.2853 - acc: 0.8906
 480/3458 [===>..........................] - ETA: 2:27 - loss: 0.2805 - acc: 0.8917
 512/3458 [===>..........................] - ETA: 2:25 - loss: 0.2829 - acc: 0.8906
 544/3458 [===>..........................] - ETA: 2:23 - loss: 0.2734 - acc: 0.8952
 576/3458 [===>..........................] - ETA: 2:22 - loss: 0.2704 - acc: 0.8976
 608/3458 [====>.........................] - ETA: 2:20 - loss: 0.2621 - acc: 0.9030
 640/3458 [====>.........................] - ETA: 2:19 - loss: 0.2584 - acc: 0.9047
 672/3458 [====>.........................] - ETA: 2:17 - loss: 0.2614 - acc: 0.9048
 704/3458 [=====>........................] - ETA: 2:15 - loss: 0.2638 - acc: 0.9048
 736/3458 [=====>........................] - ETA: 2:14 - loss: 0.2647 - acc: 0.9035
 768/3458 [=====>........................] - ETA: 2:12 - loss: 0.2703 - acc: 0.9010
 800/3458 [=====>........................] - ETA: 2:11 - loss: 0.2684 - acc: 0.9025
 832/3458 [======>.......................] - ETA: 2:09 - loss: 0.2700 - acc: 0.9026
 864/3458 [======>.......................] - ETA: 2:07 - loss: 0.2714 - acc: 0.8981
 896/3458 [======>.......................] - ETA: 2:06 - loss: 0.2731 - acc: 0.8973
 928/3458 [=======>......................] - ETA: 2:04 - loss: 0.2770 - acc: 0.8944
 960/3458 [=======>......................] - ETA: 2:03 - loss: 0.2712 - acc: 0.8969
 992/3458 [=======>......................] - ETA: 2:01 - loss: 0.2686 - acc: 0.8992
1024/3458 [=======>......................] - ETA: 1:59 - loss: 0.2748 - acc: 0.8984
1056/3458 [========>.....................] - ETA: 1:58 - loss: 0.2739 - acc: 0.8996
1088/3458 [========>.....................] - ETA: 1:56 - loss: 0.2752 - acc: 0.8998
1120/3458 [========>.....................] - ETA: 1:55 - loss: 0.2779 - acc: 0.9000
1152/3458 [========>.....................] - ETA: 1:53 - loss: 0.2812 - acc: 0.9002
1184/3458 [=========>....................] - ETA: 1:52 - loss: 0.2785 - acc: 0.9020
1216/3458 [=========>....................] - ETA: 1:50 - loss: 0.2741 - acc: 0.9046
1248/3458 [=========>....................] - ETA: 1:48 - loss: 0.2712 - acc: 0.9062
1280/3458 [==========>...................] - ETA: 1:47 - loss: 0.2742 - acc: 0.9047
1312/3458 [==========>...................] - ETA: 1:45 - loss: 0.2723 - acc: 0.9055
1344/3458 [==========>...................] - ETA: 1:44 - loss: 0.2711 - acc: 0.9070
1376/3458 [==========>...................] - ETA: 1:42 - loss: 0.2732 - acc: 0.9055
1408/3458 [===========>..................] - ETA: 1:40 - loss: 0.2723 - acc: 0.9055
1440/3458 [===========>..................] - ETA: 1:39 - loss: 0.2734 - acc: 0.9056
1472/3458 [===========>..................] - ETA: 1:37 - loss: 0.2741 - acc: 0.9049
1504/3458 [============>.................] - ETA: 1:36 - loss: 0.2753 - acc: 0.9029
1536/3458 [============>.................] - ETA: 1:34 - loss: 0.2734 - acc: 0.9043
1568/3458 [============>.................] - ETA: 1:33 - loss: 0.2723 - acc: 0.9050
1600/3458 [============>.................] - ETA: 1:31 - loss: 0.2694 - acc: 0.9062
1632/3458 [=============>................] - ETA: 1:29 - loss: 0.2693 - acc: 0.9056
1664/3458 [=============>................] - ETA: 1:28 - loss: 0.2667 - acc: 0.9062
1696/3458 [=============>................] - ETA: 1:26 - loss: 0.2654 - acc: 0.9062
1728/3458 [=============>................] - ETA: 1:25 - loss: 0.2675 - acc: 0.9057
1760/3458 [==============>...............] - ETA: 1:23 - loss: 0.2726 - acc: 0.9051
1792/3458 [==============>...............] - ETA: 1:22 - loss: 0.2740 - acc: 0.9046
1824/3458 [==============>...............] - ETA: 1:20 - loss: 0.2726 - acc: 0.9052
1856/3458 [===============>..............] - ETA: 1:18 - loss: 0.2710 - acc: 0.9057
1888/3458 [===============>..............] - ETA: 1:17 - loss: 0.2688 - acc: 0.9057
1920/3458 [===============>..............] - ETA: 1:15 - loss: 0.2680 - acc: 0.9062
1952/3458 [===============>..............] - ETA: 1:14 - loss: 0.2668 - acc: 0.9068
1984/3458 [================>.............] - ETA: 1:12 - loss: 0.2649 - acc: 0.9073
2016/3458 [================>.............] - ETA: 1:11 - loss: 0.2651 - acc: 0.9067
2048/3458 [================>.............] - ETA: 1:09 - loss: 0.2657 - acc: 0.9062
2080/3458 [=================>............] - ETA: 1:07 - loss: 0.2666 - acc: 0.9062
2112/3458 [=================>............] - ETA: 1:06 - loss: 0.2656 - acc: 0.9067
2144/3458 [=================>............] - ETA: 1:04 - loss: 0.2673 - acc: 0.9067
2176/3458 [=================>............] - ETA: 1:03 - loss: 0.2662 - acc: 0.9072
2208/3458 [==================>...........] - ETA: 1:01 - loss: 0.2662 - acc: 0.9067
2240/3458 [==================>...........] - ETA: 1:00 - loss: 0.2683 - acc: 0.9054
2272/3458 [==================>...........] - ETA: 58s - loss: 0.2696 - acc: 0.9049 
2304/3458 [==================>...........] - ETA: 56s - loss: 0.2699 - acc: 0.9054
2336/3458 [===================>..........] - ETA: 55s - loss: 0.2711 - acc: 0.9041
2368/3458 [===================>..........] - ETA: 53s - loss: 0.2715 - acc: 0.9037
2400/3458 [===================>..........] - ETA: 52s - loss: 0.2736 - acc: 0.9029
2432/3458 [====================>.........] - ETA: 50s - loss: 0.2729 - acc: 0.9034
2464/3458 [====================>.........] - ETA: 48s - loss: 0.2759 - acc: 0.9018
2496/3458 [====================>.........] - ETA: 47s - loss: 0.2757 - acc: 0.9018
2528/3458 [====================>.........] - ETA: 45s - loss: 0.2783 - acc: 0.9011
2560/3458 [=====================>........] - ETA: 44s - loss: 0.2777 - acc: 0.9016
2592/3458 [=====================>........] - ETA: 42s - loss: 0.2776 - acc: 0.9020
2624/3458 [=====================>........] - ETA: 41s - loss: 0.2792 - acc: 0.9013
2656/3458 [======================>.......] - ETA: 39s - loss: 0.2788 - acc: 0.9017
2688/3458 [======================>.......] - ETA: 37s - loss: 0.2779 - acc: 0.9018
2720/3458 [======================>.......] - ETA: 36s - loss: 0.2761 - acc: 0.9026
2752/3458 [======================>.......] - ETA: 34s - loss: 0.2759 - acc: 0.9023
2784/3458 [=======================>......] - ETA: 33s - loss: 0.2743 - acc: 0.9027
2816/3458 [=======================>......] - ETA: 31s - loss: 0.2732 - acc: 0.9031
2848/3458 [=======================>......] - ETA: 30s - loss: 0.2719 - acc: 0.9038
2880/3458 [=======================>......] - ETA: 28s - loss: 0.2709 - acc: 0.9038
2912/3458 [========================>.....] - ETA: 26s - loss: 0.2695 - acc: 0.9042
2944/3458 [========================>.....] - ETA: 25s - loss: 0.2694 - acc: 0.9032
2976/3458 [========================>.....] - ETA: 23s - loss: 0.2704 - acc: 0.9022
3008/3458 [=========================>....] - ETA: 22s - loss: 0.2693 - acc: 0.9026
3040/3458 [=========================>....] - ETA: 20s - loss: 0.2705 - acc: 0.9020
3072/3458 [=========================>....] - ETA: 19s - loss: 0.2719 - acc: 0.9020
3104/3458 [=========================>....] - ETA: 17s - loss: 0.2720 - acc: 0.9024
3136/3458 [==========================>...] - ETA: 15s - loss: 0.2732 - acc: 0.9021
3168/3458 [==========================>...] - ETA: 14s - loss: 0.2719 - acc: 0.9028
3200/3458 [==========================>...] - ETA: 12s - loss: 0.2718 - acc: 0.9028
3232/3458 [===========================>..] - ETA: 11s - loss: 0.2726 - acc: 0.9025
3264/3458 [===========================>..] - ETA: 9s - loss: 0.2726 - acc: 0.9026 
3296/3458 [===========================>..] - ETA: 7s - loss: 0.2711 - acc: 0.9035
3328/3458 [===========================>..] - ETA: 6s - loss: 0.2706 - acc: 0.9035
3360/3458 [============================>.] - ETA: 4s - loss: 0.2700 - acc: 0.9039
3392/3458 [============================>.] - ETA: 3s - loss: 0.2721 - acc: 0.9033
3424/3458 [============================>.] - ETA: 1s - loss: 0.2717 - acc: 0.9039
3456/3458 [============================>.] - ETA: 0s - loss: 0.2712 - acc: 0.9039
3458/3458 [==============================] - 171s 49ms/sample - loss: 0.2710 - acc: 0.9040

 32/865 [>.............................] - ETA: 7s - loss: 2.0066 - acc: 0.7188
 64/865 [=>............................] - ETA: 7s - loss: 1.8195 - acc: 0.7031
 96/865 [==>...........................] - ETA: 6s - loss: 1.9211 - acc: 0.6771
128/865 [===>..........................] - ETA: 6s - loss: 1.7436 - acc: 0.6719
160/865 [====>.........................] - ETA: 6s - loss: 1.9487 - acc: 0.6687
192/865 [=====>........................] - ETA: 6s - loss: 1.8832 - acc: 0.6562
224/865 [======>.......................] - ETA: 5s - loss: 1.8435 - acc: 0.6473
256/865 [=======>......................] - ETA: 5s - loss: 1.8733 - acc: 0.6562
288/865 [========>.....................] - ETA: 5s - loss: 1.7945 - acc: 0.6701
320/865 [==========>...................] - ETA: 4s - loss: 1.8110 - acc: 0.6531
352/865 [===========>..................] - ETA: 4s - loss: 1.7398 - acc: 0.6506
384/865 [============>.................] - ETA: 4s - loss: 1.7101 - acc: 0.6510
416/865 [=============>................] - ETA: 3s - loss: 1.6958 - acc: 0.6466
448/865 [==============>...............] - ETA: 3s - loss: 1.7351 - acc: 0.6339
480/865 [===============>..............] - ETA: 3s - loss: 1.7006 - acc: 0.6417
512/865 [================>.............] - ETA: 3s - loss: 1.7182 - acc: 0.6328
544/865 [=================>............] - ETA: 2s - loss: 1.7349 - acc: 0.6305
576/865 [==================>...........] - ETA: 2s - loss: 1.7512 - acc: 0.6337
608/865 [====================>.........] - ETA: 2s - loss: 1.7832 - acc: 0.6332
640/865 [=====================>........] - ETA: 2s - loss: 1.7627 - acc: 0.6328
672/865 [======================>.......] - ETA: 1s - loss: 1.7723 - acc: 0.6265
704/865 [=======================>......] - ETA: 1s - loss: 1.7681 - acc: 0.6222
736/865 [========================>.....] - ETA: 1s - loss: 1.7308 - acc: 0.6277
768/865 [=========================>....] - ETA: 0s - loss: 1.7253 - acc: 0.6276
800/865 [==========================>...] - ETA: 0s - loss: 1.6887 - acc: 0.6325
832/865 [===========================>..] - ETA: 0s - loss: 1.6808 - acc: 0.6298
864/865 [============================>.] - ETA: 0s - loss: 1.6932 - acc: 0.6250
865/865 [==============================] - 8s 9ms/sample - loss: 1.6913 - acc: 0.6254
