For Dropout_1=0.9 Dropout_2=0.0
daisy loaded
dandelion loaded
rose loaded
sunflower loaded
tulip loaded

  32/3458 [..............................] - ETA: 3:08 - loss: 1.6947 - acc: 0.1250
  64/3458 [..............................] - ETA: 2:59 - loss: 5.2171 - acc: 0.1562
  96/3458 [..............................] - ETA: 2:53 - loss: 5.3591 - acc: 0.2188
 128/3458 [>.............................] - ETA: 2:49 - loss: 4.7420 - acc: 0.2031
 160/3458 [>.............................] - ETA: 2:46 - loss: 4.1710 - acc: 0.2062
 192/3458 [>.............................] - ETA: 2:44 - loss: 3.7428 - acc: 0.2083
 224/3458 [>.............................] - ETA: 2:41 - loss: 3.4308 - acc: 0.2143
 256/3458 [=>............................] - ETA: 2:40 - loss: 3.2139 - acc: 0.2070
 288/3458 [=>............................] - ETA: 2:38 - loss: 3.0362 - acc: 0.2118
 320/3458 [=>............................] - ETA: 2:36 - loss: 2.8887 - acc: 0.2219
 352/3458 [==>...........................] - ETA: 2:34 - loss: 2.7720 - acc: 0.2273
 384/3458 [==>...........................] - ETA: 2:32 - loss: 2.6735 - acc: 0.2396
 416/3458 [==>...........................] - ETA: 2:31 - loss: 2.5894 - acc: 0.2524
 448/3458 [==>...........................] - ETA: 2:29 - loss: 2.5167 - acc: 0.2545
 480/3458 [===>..........................] - ETA: 2:27 - loss: 2.4525 - acc: 0.2604
 512/3458 [===>..........................] - ETA: 2:26 - loss: 2.3963 - acc: 0.2617
 544/3458 [===>..........................] - ETA: 2:24 - loss: 2.3563 - acc: 0.2592
 576/3458 [===>..........................] - ETA: 2:22 - loss: 2.3131 - acc: 0.2517
 608/3458 [====>.........................] - ETA: 2:20 - loss: 2.2716 - acc: 0.2566
 640/3458 [====>.........................] - ETA: 2:19 - loss: 2.2311 - acc: 0.2656
 672/3458 [====>.........................] - ETA: 2:17 - loss: 2.2012 - acc: 0.2664
 704/3458 [=====>........................] - ETA: 2:16 - loss: 2.1748 - acc: 0.2699
 736/3458 [=====>........................] - ETA: 2:14 - loss: 2.1493 - acc: 0.2704
 768/3458 [=====>........................] - ETA: 2:12 - loss: 2.1187 - acc: 0.2773
 800/3458 [=====>........................] - ETA: 2:11 - loss: 2.0963 - acc: 0.2775
 832/3458 [======>.......................] - ETA: 2:09 - loss: 2.0723 - acc: 0.2800
 864/3458 [======>.......................] - ETA: 2:08 - loss: 2.0466 - acc: 0.2847
 896/3458 [======>.......................] - ETA: 2:06 - loss: 2.0263 - acc: 0.2913
 928/3458 [=======>......................] - ETA: 2:04 - loss: 2.0152 - acc: 0.2953
 960/3458 [=======>......................] - ETA: 2:03 - loss: 1.9894 - acc: 0.2990
 992/3458 [=======>......................] - ETA: 2:01 - loss: 1.9732 - acc: 0.3044
1024/3458 [=======>......................] - ETA: 2:00 - loss: 1.9600 - acc: 0.3066
1056/3458 [========>.....................] - ETA: 1:58 - loss: 1.9429 - acc: 0.3059
1088/3458 [========>.....................] - ETA: 1:57 - loss: 1.9266 - acc: 0.3107
1120/3458 [========>.....................] - ETA: 1:55 - loss: 1.9139 - acc: 0.3161
1152/3458 [========>.....................] - ETA: 1:53 - loss: 1.8968 - acc: 0.3194
1184/3458 [=========>....................] - ETA: 1:52 - loss: 1.8838 - acc: 0.3218
1216/3458 [=========>....................] - ETA: 1:50 - loss: 1.8766 - acc: 0.3224
1248/3458 [=========>....................] - ETA: 1:49 - loss: 1.8623 - acc: 0.3221
1280/3458 [==========>...................] - ETA: 1:47 - loss: 1.8505 - acc: 0.3258
1312/3458 [==========>...................] - ETA: 1:45 - loss: 1.8374 - acc: 0.3316
1344/3458 [==========>...................] - ETA: 1:44 - loss: 1.8302 - acc: 0.3289
1376/3458 [==========>...................] - ETA: 1:42 - loss: 1.8148 - acc: 0.3336
1408/3458 [===========>..................] - ETA: 1:41 - loss: 1.8018 - acc: 0.3366
1440/3458 [===========>..................] - ETA: 1:39 - loss: 1.7900 - acc: 0.3410
1472/3458 [===========>..................] - ETA: 1:37 - loss: 1.7803 - acc: 0.3404
1504/3458 [============>.................] - ETA: 1:36 - loss: 1.7767 - acc: 0.3398
1536/3458 [============>.................] - ETA: 1:34 - loss: 1.7667 - acc: 0.3405
1568/3458 [============>.................] - ETA: 1:33 - loss: 1.7595 - acc: 0.3399
1600/3458 [============>.................] - ETA: 1:31 - loss: 1.7488 - acc: 0.3450
1632/3458 [=============>................] - ETA: 1:30 - loss: 1.7413 - acc: 0.3450
1664/3458 [=============>................] - ETA: 1:28 - loss: 1.7343 - acc: 0.3468
1696/3458 [=============>................] - ETA: 1:26 - loss: 1.7312 - acc: 0.3473
1728/3458 [=============>................] - ETA: 1:25 - loss: 1.7268 - acc: 0.3484
1760/3458 [==============>...............] - ETA: 1:23 - loss: 1.7221 - acc: 0.3483
1792/3458 [==============>...............] - ETA: 1:22 - loss: 1.7174 - acc: 0.3510
1824/3458 [==============>...............] - ETA: 1:20 - loss: 1.7115 - acc: 0.3531
1856/3458 [===============>..............] - ETA: 1:19 - loss: 1.7078 - acc: 0.3534
1888/3458 [===============>..............] - ETA: 1:17 - loss: 1.7040 - acc: 0.3543
1920/3458 [===============>..............] - ETA: 1:15 - loss: 1.7018 - acc: 0.3531
1952/3458 [===============>..............] - ETA: 1:14 - loss: 1.6952 - acc: 0.3566
1984/3458 [================>.............] - ETA: 1:12 - loss: 1.6932 - acc: 0.3553
2016/3458 [================>.............] - ETA: 1:11 - loss: 1.6887 - acc: 0.3557
2048/3458 [================>.............] - ETA: 1:09 - loss: 1.6836 - acc: 0.3560
2080/3458 [=================>............] - ETA: 1:07 - loss: 1.6803 - acc: 0.3558
2112/3458 [=================>............] - ETA: 1:06 - loss: 1.6732 - acc: 0.3575
2144/3458 [=================>............] - ETA: 1:04 - loss: 1.6668 - acc: 0.3596
2176/3458 [=================>............] - ETA: 1:03 - loss: 1.6630 - acc: 0.3603
2208/3458 [==================>...........] - ETA: 1:01 - loss: 1.6571 - acc: 0.3628
2240/3458 [==================>...........] - ETA: 1:00 - loss: 1.6550 - acc: 0.3616
2272/3458 [==================>...........] - ETA: 58s - loss: 1.6527 - acc: 0.3614 
2304/3458 [==================>...........] - ETA: 56s - loss: 1.6478 - acc: 0.3641
2336/3458 [===================>..........] - ETA: 55s - loss: 1.6430 - acc: 0.3652
2368/3458 [===================>..........] - ETA: 53s - loss: 1.6351 - acc: 0.3661
2400/3458 [===================>..........] - ETA: 52s - loss: 1.6319 - acc: 0.3658
2432/3458 [====================>.........] - ETA: 50s - loss: 1.6390 - acc: 0.3647
2464/3458 [====================>.........] - ETA: 49s - loss: 1.6386 - acc: 0.3649
2496/3458 [====================>.........] - ETA: 47s - loss: 1.6358 - acc: 0.3658
2528/3458 [====================>.........] - ETA: 45s - loss: 1.6329 - acc: 0.3667
2560/3458 [=====================>........] - ETA: 44s - loss: 1.6301 - acc: 0.3668
2592/3458 [=====================>........] - ETA: 42s - loss: 1.6274 - acc: 0.3673
2624/3458 [=====================>........] - ETA: 41s - loss: 1.6239 - acc: 0.3693
2656/3458 [======================>.......] - ETA: 39s - loss: 1.6212 - acc: 0.3697
2688/3458 [======================>.......] - ETA: 37s - loss: 1.6187 - acc: 0.3690
2720/3458 [======================>.......] - ETA: 36s - loss: 1.6164 - acc: 0.3702
2752/3458 [======================>.......] - ETA: 34s - loss: 1.6130 - acc: 0.3710
2784/3458 [=======================>......] - ETA: 33s - loss: 1.6107 - acc: 0.3710
2816/3458 [=======================>......] - ETA: 31s - loss: 1.6050 - acc: 0.3732
2848/3458 [=======================>......] - ETA: 30s - loss: 1.6020 - acc: 0.3725
2880/3458 [=======================>......] - ETA: 28s - loss: 1.6010 - acc: 0.3701
2912/3458 [========================>.....] - ETA: 26s - loss: 1.5976 - acc: 0.3723
2944/3458 [========================>.....] - ETA: 25s - loss: 1.5927 - acc: 0.3730
2976/3458 [========================>.....] - ETA: 23s - loss: 1.5891 - acc: 0.3743
3008/3458 [=========================>....] - ETA: 22s - loss: 1.5879 - acc: 0.3750
3040/3458 [=========================>....] - ETA: 20s - loss: 1.5846 - acc: 0.3760
3072/3458 [=========================>....] - ETA: 19s - loss: 1.5795 - acc: 0.3779
3104/3458 [=========================>....] - ETA: 17s - loss: 1.5767 - acc: 0.3785
3136/3458 [==========================>...] - ETA: 15s - loss: 1.5722 - acc: 0.3798
3168/3458 [==========================>...] - ETA: 14s - loss: 1.5689 - acc: 0.3810
3200/3458 [==========================>...] - ETA: 12s - loss: 1.5665 - acc: 0.3816
3232/3458 [===========================>..] - ETA: 11s - loss: 1.5630 - acc: 0.3818
3264/3458 [===========================>..] - ETA: 9s - loss: 1.5620 - acc: 0.3811 
3296/3458 [===========================>..] - ETA: 7s - loss: 1.5587 - acc: 0.3817
3328/3458 [===========================>..] - ETA: 6s - loss: 1.5554 - acc: 0.3819
3360/3458 [============================>.] - ETA: 4s - loss: 1.5535 - acc: 0.3815
3392/3458 [============================>.] - ETA: 3s - loss: 1.5519 - acc: 0.3821
3424/3458 [============================>.] - ETA: 1s - loss: 1.5480 - acc: 0.3841
3456/3458 [============================>.] - ETA: 0s - loss: 1.5457 - acc: 0.3843
3458/3458 [==============================] - 171s 49ms/sample - loss: 1.5456 - acc: 0.3843

 32/865 [>.............................] - ETA: 8s - loss: 1.2409 - acc: 0.4062
 64/865 [=>............................] - ETA: 7s - loss: 1.2508 - acc: 0.4688
 96/865 [==>...........................] - ETA: 7s - loss: 1.2492 - acc: 0.4375
128/865 [===>..........................] - ETA: 6s - loss: 1.2533 - acc: 0.4375
160/865 [====>.........................] - ETA: 6s - loss: 1.2767 - acc: 0.4437
192/865 [=====>........................] - ETA: 6s - loss: 1.2856 - acc: 0.4635
224/865 [======>.......................] - ETA: 5s - loss: 1.2958 - acc: 0.4643
256/865 [=======>......................] - ETA: 5s - loss: 1.3120 - acc: 0.4688
288/865 [========>.....................] - ETA: 5s - loss: 1.2837 - acc: 0.4757
320/865 [==========>...................] - ETA: 4s - loss: 1.2871 - acc: 0.4750
352/865 [===========>..................] - ETA: 4s - loss: 1.2977 - acc: 0.4716
384/865 [============>.................] - ETA: 4s - loss: 1.3217 - acc: 0.4688
416/865 [=============>................] - ETA: 4s - loss: 1.3166 - acc: 0.4639
448/865 [==============>...............] - ETA: 3s - loss: 1.3094 - acc: 0.4665
480/865 [===============>..............] - ETA: 3s - loss: 1.3070 - acc: 0.4667
512/865 [================>.............] - ETA: 3s - loss: 1.3103 - acc: 0.4668
544/865 [=================>............] - ETA: 2s - loss: 1.3060 - acc: 0.4706
576/865 [==================>...........] - ETA: 2s - loss: 1.3013 - acc: 0.4774
608/865 [====================>.........] - ETA: 2s - loss: 1.3000 - acc: 0.4786
640/865 [=====================>........] - ETA: 2s - loss: 1.2983 - acc: 0.4797
672/865 [======================>.......] - ETA: 1s - loss: 1.2968 - acc: 0.4896
704/865 [=======================>......] - ETA: 1s - loss: 1.2992 - acc: 0.4901
736/865 [========================>.....] - ETA: 1s - loss: 1.3168 - acc: 0.4918
768/865 [=========================>....] - ETA: 0s - loss: 1.3105 - acc: 0.4948
800/865 [==========================>...] - ETA: 0s - loss: 1.3121 - acc: 0.4950
832/865 [===========================>..] - ETA: 0s - loss: 1.3069 - acc: 0.4940
864/865 [============================>.] - ETA: 0s - loss: 1.3351 - acc: 0.4896
865/865 [==============================] - 8s 9ms/sample - loss: 1.3352 - acc: 0.4902

  32/3458 [..............................] - ETA: 2:49 - loss: 1.2700 - acc: 0.5000
  64/3458 [..............................] - ETA: 2:46 - loss: 1.2881 - acc: 0.4531
  96/3458 [..............................] - ETA: 2:45 - loss: 1.2147 - acc: 0.4792
 128/3458 [>.............................] - ETA: 2:43 - loss: 1.1752 - acc: 0.4844
 160/3458 [>.............................] - ETA: 2:41 - loss: 1.2123 - acc: 0.4437
 192/3458 [>.............................] - ETA: 2:40 - loss: 1.2562 - acc: 0.4635
 224/3458 [>.............................] - ETA: 2:39 - loss: 1.3243 - acc: 0.4554
 256/3458 [=>............................] - ETA: 2:37 - loss: 1.3700 - acc: 0.4414
 288/3458 [=>............................] - ETA: 2:35 - loss: 1.3539 - acc: 0.4444
 320/3458 [=>............................] - ETA: 2:34 - loss: 1.3500 - acc: 0.4469
 352/3458 [==>...........................] - ETA: 2:32 - loss: 1.3457 - acc: 0.4432
 384/3458 [==>...........................] - ETA: 2:31 - loss: 1.3466 - acc: 0.4349
 416/3458 [==>...........................] - ETA: 2:29 - loss: 1.3431 - acc: 0.4327
 448/3458 [==>...........................] - ETA: 2:28 - loss: 1.3373 - acc: 0.4375
 480/3458 [===>..........................] - ETA: 2:26 - loss: 1.3313 - acc: 0.4458
 512/3458 [===>..........................] - ETA: 2:24 - loss: 1.3318 - acc: 0.4473
 544/3458 [===>..........................] - ETA: 2:23 - loss: 1.3321 - acc: 0.4467
 576/3458 [===>..........................] - ETA: 2:21 - loss: 1.3256 - acc: 0.4479
 608/3458 [====>.........................] - ETA: 2:20 - loss: 1.3124 - acc: 0.4589
 640/3458 [====>.........................] - ETA: 2:18 - loss: 1.3105 - acc: 0.4594
 672/3458 [====>.........................] - ETA: 2:17 - loss: 1.3187 - acc: 0.4583
 704/3458 [=====>........................] - ETA: 2:15 - loss: 1.3202 - acc: 0.4545
 736/3458 [=====>........................] - ETA: 2:14 - loss: 1.3174 - acc: 0.4552
 768/3458 [=====>........................] - ETA: 2:12 - loss: 1.3114 - acc: 0.4596
 800/3458 [=====>........................] - ETA: 2:11 - loss: 1.3048 - acc: 0.4588
 832/3458 [======>.......................] - ETA: 2:09 - loss: 1.3075 - acc: 0.4579
 864/3458 [======>.......................] - ETA: 2:07 - loss: 1.2954 - acc: 0.4653
 896/3458 [======>.......................] - ETA: 2:06 - loss: 1.2998 - acc: 0.4654
 928/3458 [=======>......................] - ETA: 2:04 - loss: 1.2929 - acc: 0.4677
 960/3458 [=======>......................] - ETA: 2:03 - loss: 1.3013 - acc: 0.4667
 992/3458 [=======>......................] - ETA: 2:01 - loss: 1.2979 - acc: 0.4667
1024/3458 [=======>......................] - ETA: 2:00 - loss: 1.2958 - acc: 0.4639
1056/3458 [========>.....................] - ETA: 1:58 - loss: 1.2974 - acc: 0.4612
1088/3458 [========>.....................] - ETA: 1:56 - loss: 1.3079 - acc: 0.4596
1120/3458 [========>.....................] - ETA: 1:55 - loss: 1.3003 - acc: 0.4643
1152/3458 [========>.....................] - ETA: 1:53 - loss: 1.2955 - acc: 0.4661
1184/3458 [=========>....................] - ETA: 1:52 - loss: 1.2930 - acc: 0.4679
1216/3458 [=========>....................] - ETA: 1:50 - loss: 1.2896 - acc: 0.4704
1248/3458 [=========>....................] - ETA: 1:48 - loss: 1.2880 - acc: 0.4688
1280/3458 [==========>...................] - ETA: 1:47 - loss: 1.2877 - acc: 0.4672
1312/3458 [==========>...................] - ETA: 1:45 - loss: 1.2826 - acc: 0.4680
1344/3458 [==========>...................] - ETA: 1:44 - loss: 1.2826 - acc: 0.4650
1376/3458 [==========>...................] - ETA: 1:42 - loss: 1.2829 - acc: 0.4644
1408/3458 [===========>..................] - ETA: 1:40 - loss: 1.2893 - acc: 0.4638
1440/3458 [===========>..................] - ETA: 1:39 - loss: 1.2871 - acc: 0.4667
1472/3458 [===========>..................] - ETA: 1:37 - loss: 1.2863 - acc: 0.4667
1504/3458 [============>.................] - ETA: 1:36 - loss: 1.2896 - acc: 0.4661
1536/3458 [============>.................] - ETA: 1:34 - loss: 1.2898 - acc: 0.4668
1568/3458 [============>.................] - ETA: 1:33 - loss: 1.2912 - acc: 0.4643
1600/3458 [============>.................] - ETA: 1:31 - loss: 1.2919 - acc: 0.4650
1632/3458 [=============>................] - ETA: 1:29 - loss: 1.2921 - acc: 0.4651
1664/3458 [=============>................] - ETA: 1:28 - loss: 1.2942 - acc: 0.4657
1696/3458 [=============>................] - ETA: 1:26 - loss: 1.2952 - acc: 0.4652
1728/3458 [=============>................] - ETA: 1:25 - loss: 1.2930 - acc: 0.4647
1760/3458 [==============>...............] - ETA: 1:23 - loss: 1.2956 - acc: 0.4614
1792/3458 [==============>...............] - ETA: 1:22 - loss: 1.2954 - acc: 0.4615
1824/3458 [==============>...............] - ETA: 1:20 - loss: 1.2920 - acc: 0.4638
1856/3458 [===============>..............] - ETA: 1:18 - loss: 1.2916 - acc: 0.4644
1888/3458 [===============>..............] - ETA: 1:17 - loss: 1.2918 - acc: 0.4645
1920/3458 [===============>..............] - ETA: 1:15 - loss: 1.2906 - acc: 0.4635
1952/3458 [===============>..............] - ETA: 1:14 - loss: 1.2874 - acc: 0.4647
1984/3458 [================>.............] - ETA: 1:12 - loss: 1.2879 - acc: 0.4637
2016/3458 [================>.............] - ETA: 1:11 - loss: 1.2844 - acc: 0.4648
2048/3458 [================>.............] - ETA: 1:09 - loss: 1.2816 - acc: 0.4653
2080/3458 [=================>............] - ETA: 1:07 - loss: 1.2785 - acc: 0.4668
2112/3458 [=================>............] - ETA: 1:06 - loss: 1.2765 - acc: 0.4664
2144/3458 [=================>............] - ETA: 1:04 - loss: 1.2750 - acc: 0.4674
2176/3458 [=================>............] - ETA: 1:03 - loss: 1.2742 - acc: 0.4660
2208/3458 [==================>...........] - ETA: 1:01 - loss: 1.2729 - acc: 0.4642
2240/3458 [==================>...........] - ETA: 59s - loss: 1.2746 - acc: 0.4629 
2272/3458 [==================>...........] - ETA: 58s - loss: 1.2727 - acc: 0.4630
2304/3458 [==================>...........] - ETA: 56s - loss: 1.2690 - acc: 0.4627
2336/3458 [===================>..........] - ETA: 55s - loss: 1.2669 - acc: 0.4628
2368/3458 [===================>..........] - ETA: 53s - loss: 1.2652 - acc: 0.4620
2400/3458 [===================>..........] - ETA: 52s - loss: 1.2657 - acc: 0.4613
2432/3458 [====================>.........] - ETA: 50s - loss: 1.2645 - acc: 0.4622
2464/3458 [====================>.........] - ETA: 48s - loss: 1.2634 - acc: 0.4643
2496/3458 [====================>.........] - ETA: 47s - loss: 1.2621 - acc: 0.4647
2528/3458 [====================>.........] - ETA: 45s - loss: 1.2613 - acc: 0.4644
2560/3458 [=====================>........] - ETA: 44s - loss: 1.2675 - acc: 0.4625
2592/3458 [=====================>........] - ETA: 42s - loss: 1.2647 - acc: 0.4645
2624/3458 [=====================>........] - ETA: 41s - loss: 1.2651 - acc: 0.4638
2656/3458 [======================>.......] - ETA: 39s - loss: 1.2632 - acc: 0.4657
2688/3458 [======================>.......] - ETA: 37s - loss: 1.2633 - acc: 0.4658
2720/3458 [======================>.......] - ETA: 36s - loss: 1.2638 - acc: 0.4658
2752/3458 [======================>.......] - ETA: 34s - loss: 1.2651 - acc: 0.4651
2784/3458 [=======================>......] - ETA: 33s - loss: 1.2655 - acc: 0.4659
2816/3458 [=======================>......] - ETA: 31s - loss: 1.2655 - acc: 0.4663
2848/3458 [=======================>......] - ETA: 30s - loss: 1.2680 - acc: 0.4659
2880/3458 [=======================>......] - ETA: 28s - loss: 1.2677 - acc: 0.4653
2912/3458 [========================>.....] - ETA: 26s - loss: 1.2670 - acc: 0.4657
2944/3458 [========================>.....] - ETA: 25s - loss: 1.2685 - acc: 0.4640
2976/3458 [========================>.....] - ETA: 23s - loss: 1.2689 - acc: 0.4640
3008/3458 [=========================>....] - ETA: 22s - loss: 1.2665 - acc: 0.4661
3040/3458 [=========================>....] - ETA: 20s - loss: 1.2638 - acc: 0.4671
3072/3458 [=========================>....] - ETA: 19s - loss: 1.2643 - acc: 0.4671
3104/3458 [=========================>....] - ETA: 17s - loss: 1.2638 - acc: 0.4659
3136/3458 [==========================>...] - ETA: 15s - loss: 1.2641 - acc: 0.4662
3168/3458 [==========================>...] - ETA: 14s - loss: 1.2629 - acc: 0.4662
3200/3458 [==========================>...] - ETA: 12s - loss: 1.2639 - acc: 0.4647
3232/3458 [===========================>..] - ETA: 11s - loss: 1.2660 - acc: 0.4629
3264/3458 [===========================>..] - ETA: 9s - loss: 1.2660 - acc: 0.4626 
3296/3458 [===========================>..] - ETA: 7s - loss: 1.2670 - acc: 0.4618
3328/3458 [===========================>..] - ETA: 6s - loss: 1.2658 - acc: 0.4630
3360/3458 [============================>.] - ETA: 4s - loss: 1.2653 - acc: 0.4637
3392/3458 [============================>.] - ETA: 3s - loss: 1.2635 - acc: 0.4637
3424/3458 [============================>.] - ETA: 1s - loss: 1.2624 - acc: 0.4644
3456/3458 [============================>.] - ETA: 0s - loss: 1.2651 - acc: 0.4641
3458/3458 [==============================] - 171s 49ms/sample - loss: 1.2647 - acc: 0.4644

 32/865 [>.............................] - ETA: 7s - loss: 1.3750 - acc: 0.5625
 64/865 [=>............................] - ETA: 7s - loss: 1.2829 - acc: 0.4844
 96/865 [==>...........................] - ETA: 7s - loss: 1.3826 - acc: 0.4688
128/865 [===>..........................] - ETA: 6s - loss: 1.3599 - acc: 0.4766
160/865 [====>.........................] - ETA: 6s - loss: 1.3670 - acc: 0.4563
192/865 [=====>........................] - ETA: 6s - loss: 1.3833 - acc: 0.4531
224/865 [======>.......................] - ETA: 5s - loss: 1.3956 - acc: 0.4375
256/865 [=======>......................] - ETA: 5s - loss: 1.3774 - acc: 0.4375
288/865 [========>.....................] - ETA: 5s - loss: 1.3379 - acc: 0.4479
320/865 [==========>...................] - ETA: 4s - loss: 1.3404 - acc: 0.4406
352/865 [===========>..................] - ETA: 4s - loss: 1.3380 - acc: 0.4489
384/865 [============>.................] - ETA: 4s - loss: 1.3636 - acc: 0.4375
416/865 [=============>................] - ETA: 4s - loss: 1.3593 - acc: 0.4399
448/865 [==============>...............] - ETA: 3s - loss: 1.3529 - acc: 0.4487
480/865 [===============>..............] - ETA: 3s - loss: 1.3538 - acc: 0.4542
512/865 [================>.............] - ETA: 3s - loss: 1.3741 - acc: 0.4473
544/865 [=================>............] - ETA: 2s - loss: 1.3832 - acc: 0.4430
576/865 [==================>...........] - ETA: 2s - loss: 1.3784 - acc: 0.4427
608/865 [====================>.........] - ETA: 2s - loss: 1.3674 - acc: 0.4507
640/865 [=====================>........] - ETA: 2s - loss: 1.3702 - acc: 0.4547
672/865 [======================>.......] - ETA: 1s - loss: 1.3583 - acc: 0.4583
704/865 [=======================>......] - ETA: 1s - loss: 1.3655 - acc: 0.4531
736/865 [========================>.....] - ETA: 1s - loss: 1.3803 - acc: 0.4497
768/865 [=========================>....] - ETA: 0s - loss: 1.3780 - acc: 0.4505
800/865 [==========================>...] - ETA: 0s - loss: 1.3865 - acc: 0.4412
832/865 [===========================>..] - ETA: 0s - loss: 1.3731 - acc: 0.4459
864/865 [============================>.] - ETA: 0s - loss: 1.4011 - acc: 0.4410
865/865 [==============================] - 8s 9ms/sample - loss: 1.4005 - acc: 0.4416

  32/3458 [..............................] - ETA: 2:43 - loss: 1.1379 - acc: 0.5000
  64/3458 [..............................] - ETA: 2:45 - loss: 1.2855 - acc: 0.5000
  96/3458 [..............................] - ETA: 2:45 - loss: 1.2212 - acc: 0.5104
 128/3458 [>.............................] - ETA: 2:43 - loss: 1.2921 - acc: 0.5078
 160/3458 [>.............................] - ETA: 2:42 - loss: 1.2931 - acc: 0.5000
 192/3458 [>.............................] - ETA: 2:40 - loss: 1.2993 - acc: 0.4740
 224/3458 [>.............................] - ETA: 2:38 - loss: 1.3254 - acc: 0.4643
 256/3458 [=>............................] - ETA: 2:36 - loss: 1.2881 - acc: 0.5000
 288/3458 [=>............................] - ETA: 2:35 - loss: 1.2893 - acc: 0.4931
 320/3458 [=>............................] - ETA: 2:34 - loss: 1.3027 - acc: 0.4812
 352/3458 [==>...........................] - ETA: 2:32 - loss: 1.3048 - acc: 0.4716
 384/3458 [==>...........................] - ETA: 2:31 - loss: 1.3048 - acc: 0.4688
 416/3458 [==>...........................] - ETA: 2:29 - loss: 1.2965 - acc: 0.4784
 448/3458 [==>...........................] - ETA: 2:28 - loss: 1.3075 - acc: 0.4754
 480/3458 [===>..........................] - ETA: 2:26 - loss: 1.3151 - acc: 0.4708
 512/3458 [===>..........................] - ETA: 2:25 - loss: 1.3178 - acc: 0.4707
 544/3458 [===>..........................] - ETA: 2:23 - loss: 1.3131 - acc: 0.4743
 576/3458 [===>..........................] - ETA: 2:21 - loss: 1.3154 - acc: 0.4722
 608/3458 [====>.........................] - ETA: 2:20 - loss: 1.3087 - acc: 0.4737
 640/3458 [====>.........................] - ETA: 2:18 - loss: 1.3183 - acc: 0.4688
 672/3458 [====>.........................] - ETA: 2:17 - loss: 1.3039 - acc: 0.4702
 704/3458 [=====>........................] - ETA: 2:15 - loss: 1.3058 - acc: 0.4744
 736/3458 [=====>........................] - ETA: 2:13 - loss: 1.3087 - acc: 0.4742
 768/3458 [=====>........................] - ETA: 2:12 - loss: 1.3061 - acc: 0.4740
 800/3458 [=====>........................] - ETA: 2:10 - loss: 1.2982 - acc: 0.4712
 832/3458 [======>.......................] - ETA: 2:09 - loss: 1.2968 - acc: 0.4748
 864/3458 [======>.......................] - ETA: 2:07 - loss: 1.2911 - acc: 0.4780
 896/3458 [======>.......................] - ETA: 2:06 - loss: 1.2828 - acc: 0.4844
 928/3458 [=======>......................] - ETA: 2:04 - loss: 1.2747 - acc: 0.4860
 960/3458 [=======>......................] - ETA: 2:02 - loss: 1.2735 - acc: 0.4875
 992/3458 [=======>......................] - ETA: 2:01 - loss: 1.2680 - acc: 0.4889
1024/3458 [=======>......................] - ETA: 1:59 - loss: 1.2669 - acc: 0.4922
1056/3458 [========>.....................] - ETA: 1:58 - loss: 1.2647 - acc: 0.4886
1088/3458 [========>.....................] - ETA: 1:56 - loss: 1.2619 - acc: 0.4862
1120/3458 [========>.....................] - ETA: 1:55 - loss: 1.2530 - acc: 0.4875
1152/3458 [========>.....................] - ETA: 1:53 - loss: 1.2528 - acc: 0.4887
1184/3458 [=========>....................] - ETA: 1:51 - loss: 1.2509 - acc: 0.4890
1216/3458 [=========>....................] - ETA: 1:50 - loss: 1.2465 - acc: 0.4901
1248/3458 [=========>....................] - ETA: 1:48 - loss: 1.2392 - acc: 0.4936
1280/3458 [==========>...................] - ETA: 1:47 - loss: 1.2413 - acc: 0.4953
1312/3458 [==========>...................] - ETA: 1:45 - loss: 1.2451 - acc: 0.4939
1344/3458 [==========>...................] - ETA: 1:44 - loss: 1.2522 - acc: 0.4933
1376/3458 [==========>...................] - ETA: 1:42 - loss: 1.2501 - acc: 0.4942
1408/3458 [===========>..................] - ETA: 1:40 - loss: 1.2464 - acc: 0.4972
1440/3458 [===========>..................] - ETA: 1:39 - loss: 1.2438 - acc: 0.4965
1472/3458 [===========>..................] - ETA: 1:37 - loss: 1.2395 - acc: 0.4959
1504/3458 [============>.................] - ETA: 1:36 - loss: 1.2354 - acc: 0.4973
1536/3458 [============>.................] - ETA: 1:34 - loss: 1.2367 - acc: 0.4961
1568/3458 [============>.................] - ETA: 1:33 - loss: 1.2296 - acc: 0.5000
1600/3458 [============>.................] - ETA: 1:31 - loss: 1.2202 - acc: 0.5038
1632/3458 [=============>................] - ETA: 1:29 - loss: 1.2186 - acc: 0.5031
1664/3458 [=============>................] - ETA: 1:28 - loss: 1.2151 - acc: 0.5036
1696/3458 [=============>................] - ETA: 1:26 - loss: 1.2119 - acc: 0.5029
1728/3458 [=============>................] - ETA: 1:25 - loss: 1.2143 - acc: 0.5023
1760/3458 [==============>...............] - ETA: 1:23 - loss: 1.2118 - acc: 0.5040
1792/3458 [==============>...............] - ETA: 1:22 - loss: 1.2111 - acc: 0.5017
1824/3458 [==============>...............] - ETA: 1:20 - loss: 1.2084 - acc: 0.5005
1856/3458 [===============>..............] - ETA: 1:18 - loss: 1.2070 - acc: 0.4995
1888/3458 [===============>..............] - ETA: 1:17 - loss: 1.2067 - acc: 0.5000
1920/3458 [===============>..............] - ETA: 1:15 - loss: 1.2069 - acc: 0.4995
1952/3458 [===============>..............] - ETA: 1:14 - loss: 1.2088 - acc: 0.5000
1984/3458 [================>.............] - ETA: 1:12 - loss: 1.2132 - acc: 0.5005
2016/3458 [================>.............] - ETA: 1:11 - loss: 1.2123 - acc: 0.5020
2048/3458 [================>.............] - ETA: 1:09 - loss: 1.2141 - acc: 0.5005
2080/3458 [=================>............] - ETA: 1:07 - loss: 1.2123 - acc: 0.5019
2112/3458 [=================>............] - ETA: 1:06 - loss: 1.2105 - acc: 0.5019
2144/3458 [=================>............] - ETA: 1:04 - loss: 1.2137 - acc: 0.5023
2176/3458 [=================>............] - ETA: 1:03 - loss: 1.2101 - acc: 0.5037
2208/3458 [==================>...........] - ETA: 1:01 - loss: 1.2079 - acc: 0.5050
2240/3458 [==================>...........] - ETA: 1:00 - loss: 1.2057 - acc: 0.5063
2272/3458 [==================>...........] - ETA: 58s - loss: 1.2036 - acc: 0.5088 
2304/3458 [==================>...........] - ETA: 56s - loss: 1.2082 - acc: 0.5069
2336/3458 [===================>..........] - ETA: 55s - loss: 1.2036 - acc: 0.5098
2368/3458 [===================>..........] - ETA: 53s - loss: 1.2057 - acc: 0.5101
2400/3458 [===================>..........] - ETA: 52s - loss: 1.2055 - acc: 0.5096
2432/3458 [====================>.........] - ETA: 50s - loss: 1.2035 - acc: 0.5115
2464/3458 [====================>.........] - ETA: 48s - loss: 1.2026 - acc: 0.5118
2496/3458 [====================>.........] - ETA: 47s - loss: 1.2006 - acc: 0.5140
2528/3458 [====================>.........] - ETA: 45s - loss: 1.2023 - acc: 0.5127
2560/3458 [=====================>........] - ETA: 44s - loss: 1.2050 - acc: 0.5102
2592/3458 [=====================>........] - ETA: 42s - loss: 1.2065 - acc: 0.5081
2624/3458 [=====================>........] - ETA: 41s - loss: 1.2061 - acc: 0.5084
2656/3458 [======================>.......] - ETA: 39s - loss: 1.2049 - acc: 0.5090
2688/3458 [======================>.......] - ETA: 37s - loss: 1.2030 - acc: 0.5112
2720/3458 [======================>.......] - ETA: 36s - loss: 1.2027 - acc: 0.5107
2752/3458 [======================>.......] - ETA: 34s - loss: 1.2041 - acc: 0.5105
2784/3458 [=======================>......] - ETA: 33s - loss: 1.2008 - acc: 0.5126
2816/3458 [=======================>......] - ETA: 31s - loss: 1.2042 - acc: 0.5124
2848/3458 [=======================>......] - ETA: 30s - loss: 1.2069 - acc: 0.5095
2880/3458 [=======================>......] - ETA: 28s - loss: 1.2090 - acc: 0.5090
2912/3458 [========================>.....] - ETA: 26s - loss: 1.2099 - acc: 0.5076
2944/3458 [========================>.....] - ETA: 25s - loss: 1.2081 - acc: 0.5088
2976/3458 [========================>.....] - ETA: 23s - loss: 1.2084 - acc: 0.5094
3008/3458 [=========================>....] - ETA: 22s - loss: 1.2068 - acc: 0.5093
3040/3458 [=========================>....] - ETA: 20s - loss: 1.2074 - acc: 0.5089
3072/3458 [=========================>....] - ETA: 19s - loss: 1.2083 - acc: 0.5091
3104/3458 [=========================>....] - ETA: 17s - loss: 1.2062 - acc: 0.5103
3136/3458 [==========================>...] - ETA: 15s - loss: 1.2060 - acc: 0.5105
3168/3458 [==========================>...] - ETA: 14s - loss: 1.2048 - acc: 0.5107
3200/3458 [==========================>...] - ETA: 12s - loss: 1.2062 - acc: 0.5091
3232/3458 [===========================>..] - ETA: 11s - loss: 1.2059 - acc: 0.5090
3264/3458 [===========================>..] - ETA: 9s - loss: 1.2048 - acc: 0.5080 
3296/3458 [===========================>..] - ETA: 7s - loss: 1.2049 - acc: 0.5085
3328/3458 [===========================>..] - ETA: 6s - loss: 1.2036 - acc: 0.5090
3360/3458 [============================>.] - ETA: 4s - loss: 1.2021 - acc: 0.5098
3392/3458 [============================>.] - ETA: 3s - loss: 1.2018 - acc: 0.5097
3424/3458 [============================>.] - ETA: 1s - loss: 1.2004 - acc: 0.5096
3456/3458 [============================>.] - ETA: 0s - loss: 1.2035 - acc: 0.5093
3458/3458 [==============================] - 171s 49ms/sample - loss: 1.2036 - acc: 0.5093

 32/865 [>.............................] - ETA: 7s - loss: 1.1609 - acc: 0.4375
 64/865 [=>............................] - ETA: 7s - loss: 1.0668 - acc: 0.5625
 96/865 [==>...........................] - ETA: 7s - loss: 1.0908 - acc: 0.5625
128/865 [===>..........................] - ETA: 6s - loss: 1.1197 - acc: 0.5391
160/865 [====>.........................] - ETA: 6s - loss: 1.1417 - acc: 0.5250
192/865 [=====>........................] - ETA: 6s - loss: 1.1380 - acc: 0.5260
224/865 [======>.......................] - ETA: 5s - loss: 1.1384 - acc: 0.5268
256/865 [=======>......................] - ETA: 5s - loss: 1.1451 - acc: 0.5195
288/865 [========>.....................] - ETA: 5s - loss: 1.1170 - acc: 0.5347
320/865 [==========>...................] - ETA: 4s - loss: 1.1096 - acc: 0.5312
352/865 [===========>..................] - ETA: 4s - loss: 1.1149 - acc: 0.5341
384/865 [============>.................] - ETA: 4s - loss: 1.1216 - acc: 0.5260
416/865 [=============>................] - ETA: 4s - loss: 1.1243 - acc: 0.5240
448/865 [==============>...............] - ETA: 3s - loss: 1.1179 - acc: 0.5290
480/865 [===============>..............] - ETA: 3s - loss: 1.1203 - acc: 0.5292
512/865 [================>.............] - ETA: 3s - loss: 1.1245 - acc: 0.5293
544/865 [=================>............] - ETA: 2s - loss: 1.1284 - acc: 0.5331
576/865 [==================>...........] - ETA: 2s - loss: 1.1303 - acc: 0.5347
608/865 [====================>.........] - ETA: 2s - loss: 1.1263 - acc: 0.5345
640/865 [=====================>........] - ETA: 2s - loss: 1.1289 - acc: 0.5328
672/865 [======================>.......] - ETA: 1s - loss: 1.1241 - acc: 0.5402
704/865 [=======================>......] - ETA: 1s - loss: 1.1284 - acc: 0.5412
736/865 [========================>.....] - ETA: 1s - loss: 1.1380 - acc: 0.5394
768/865 [=========================>....] - ETA: 0s - loss: 1.1388 - acc: 0.5378
800/865 [==========================>...] - ETA: 0s - loss: 1.1415 - acc: 0.5375
832/865 [===========================>..] - ETA: 0s - loss: 1.1363 - acc: 0.5397
864/865 [============================>.] - ETA: 0s - loss: 1.1522 - acc: 0.5347
865/865 [==============================] - 8s 9ms/sample - loss: 1.1521 - acc: 0.5353

  32/3458 [..............................] - ETA: 2:42 - loss: 1.1500 - acc: 0.6250
  64/3458 [..............................] - ETA: 2:43 - loss: 1.4321 - acc: 0.4844
  96/3458 [..............................] - ETA: 2:42 - loss: 1.3531 - acc: 0.4792
 128/3458 [>.............................] - ETA: 2:41 - loss: 1.3610 - acc: 0.4531
 160/3458 [>.............................] - ETA: 2:40 - loss: 1.3526 - acc: 0.4313
 192/3458 [>.............................] - ETA: 2:39 - loss: 1.3328 - acc: 0.4323
 224/3458 [>.............................] - ETA: 2:38 - loss: 1.2940 - acc: 0.4598
 256/3458 [=>............................] - ETA: 2:36 - loss: 1.2823 - acc: 0.4531
 288/3458 [=>............................] - ETA: 2:35 - loss: 1.2583 - acc: 0.4618
 320/3458 [=>............................] - ETA: 2:33 - loss: 1.2796 - acc: 0.4500
 352/3458 [==>...........................] - ETA: 2:32 - loss: 1.2824 - acc: 0.4489
 384/3458 [==>...........................] - ETA: 2:30 - loss: 1.2761 - acc: 0.4531
 416/3458 [==>...........................] - ETA: 2:29 - loss: 1.2818 - acc: 0.4519
 448/3458 [==>...........................] - ETA: 2:27 - loss: 1.2747 - acc: 0.4531
 480/3458 [===>..........................] - ETA: 2:26 - loss: 1.2734 - acc: 0.4563
 512/3458 [===>..........................] - ETA: 2:24 - loss: 1.2808 - acc: 0.4551
 544/3458 [===>..........................] - ETA: 2:23 - loss: 1.2858 - acc: 0.4504
 576/3458 [===>..........................] - ETA: 2:21 - loss: 1.2727 - acc: 0.4601
 608/3458 [====>.........................] - ETA: 2:20 - loss: 1.2657 - acc: 0.4704
 640/3458 [====>.........................] - ETA: 2:18 - loss: 1.2652 - acc: 0.4781
 672/3458 [====>.........................] - ETA: 2:16 - loss: 1.2588 - acc: 0.4896
 704/3458 [=====>........................] - ETA: 2:15 - loss: 1.2621 - acc: 0.4858
 736/3458 [=====>........................] - ETA: 2:13 - loss: 1.2617 - acc: 0.4837
 768/3458 [=====>........................] - ETA: 2:12 - loss: 1.2864 - acc: 0.4805
 800/3458 [=====>........................] - ETA: 2:10 - loss: 1.2904 - acc: 0.4787
 832/3458 [======>.......................] - ETA: 2:09 - loss: 1.2918 - acc: 0.4772
 864/3458 [======>.......................] - ETA: 2:07 - loss: 1.2944 - acc: 0.4711
 896/3458 [======>.......................] - ETA: 2:06 - loss: 1.2922 - acc: 0.4743
 928/3458 [=======>......................] - ETA: 2:04 - loss: 1.2931 - acc: 0.4741
 960/3458 [=======>......................] - ETA: 2:02 - loss: 1.2885 - acc: 0.4781
 992/3458 [=======>......................] - ETA: 2:01 - loss: 1.2977 - acc: 0.4758
1024/3458 [=======>......................] - ETA: 1:59 - loss: 1.2887 - acc: 0.4805
1056/3458 [========>.....................] - ETA: 1:58 - loss: 1.2920 - acc: 0.4754
1088/3458 [========>.....................] - ETA: 1:56 - loss: 1.2886 - acc: 0.4752
1120/3458 [========>.....................] - ETA: 1:55 - loss: 1.2801 - acc: 0.4759
1152/3458 [========>.....................] - ETA: 1:53 - loss: 1.2773 - acc: 0.4748
1184/3458 [=========>....................] - ETA: 1:51 - loss: 1.2801 - acc: 0.4738
1216/3458 [=========>....................] - ETA: 1:50 - loss: 1.2793 - acc: 0.4729
1248/3458 [=========>....................] - ETA: 1:48 - loss: 1.2773 - acc: 0.4712
1280/3458 [==========>...................] - ETA: 1:47 - loss: 1.2759 - acc: 0.4703
1312/3458 [==========>...................] - ETA: 1:45 - loss: 1.2689 - acc: 0.4741
1344/3458 [==========>...................] - ETA: 1:44 - loss: 1.2681 - acc: 0.4710
1376/3458 [==========>...................] - ETA: 1:42 - loss: 1.2646 - acc: 0.4738
1408/3458 [===========>..................] - ETA: 1:40 - loss: 1.2595 - acc: 0.4759
1440/3458 [===========>..................] - ETA: 1:39 - loss: 1.2528 - acc: 0.4812
1472/3458 [===========>..................] - ETA: 1:37 - loss: 1.2468 - acc: 0.4857
1504/3458 [============>.................] - ETA: 1:36 - loss: 1.2423 - acc: 0.4887
1536/3458 [============>.................] - ETA: 1:34 - loss: 1.2383 - acc: 0.4922
1568/3458 [============>.................] - ETA: 1:32 - loss: 1.2331 - acc: 0.4962
1600/3458 [============>.................] - ETA: 1:31 - loss: 1.2328 - acc: 0.4969
1632/3458 [=============>................] - ETA: 1:29 - loss: 1.2313 - acc: 0.4963
1664/3458 [=============>................] - ETA: 1:28 - loss: 1.2300 - acc: 0.4964
1696/3458 [=============>................] - ETA: 1:26 - loss: 1.2288 - acc: 0.4965
1728/3458 [=============>................] - ETA: 1:25 - loss: 1.2293 - acc: 0.4959
1760/3458 [==============>...............] - ETA: 1:23 - loss: 1.2306 - acc: 0.4943
1792/3458 [==============>...............] - ETA: 1:21 - loss: 1.2299 - acc: 0.4961
1824/3458 [==============>...............] - ETA: 1:20 - loss: 1.2286 - acc: 0.4956
1856/3458 [===============>..............] - ETA: 1:18 - loss: 1.2246 - acc: 0.4968
1888/3458 [===============>..............] - ETA: 1:17 - loss: 1.2257 - acc: 0.4947
1920/3458 [===============>..............] - ETA: 1:15 - loss: 1.2252 - acc: 0.4964
1952/3458 [===============>..............] - ETA: 1:14 - loss: 1.2242 - acc: 0.4959
1984/3458 [================>.............] - ETA: 1:12 - loss: 1.2233 - acc: 0.4970
2016/3458 [================>.............] - ETA: 1:10 - loss: 1.2221 - acc: 0.4975
2048/3458 [================>.............] - ETA: 1:09 - loss: 1.2230 - acc: 0.4961
2080/3458 [=================>............] - ETA: 1:07 - loss: 1.2242 - acc: 0.4952
2112/3458 [=================>............] - ETA: 1:06 - loss: 1.2220 - acc: 0.4986
2144/3458 [=================>............] - ETA: 1:04 - loss: 1.2198 - acc: 0.5000
2176/3458 [=================>............] - ETA: 1:03 - loss: 1.2195 - acc: 0.4991
2208/3458 [==================>...........] - ETA: 1:01 - loss: 1.2199 - acc: 0.4982
2240/3458 [==================>...........] - ETA: 59s - loss: 1.2201 - acc: 0.4978 
2272/3458 [==================>...........] - ETA: 58s - loss: 1.2187 - acc: 0.4987
2304/3458 [==================>...........] - ETA: 56s - loss: 1.2204 - acc: 0.4970
2336/3458 [===================>..........] - ETA: 55s - loss: 1.2221 - acc: 0.4961
2368/3458 [===================>..........] - ETA: 53s - loss: 1.2207 - acc: 0.4970
2400/3458 [===================>..........] - ETA: 52s - loss: 1.2211 - acc: 0.4967
2432/3458 [====================>.........] - ETA: 50s - loss: 1.2174 - acc: 0.4984
2464/3458 [====================>.........] - ETA: 48s - loss: 1.2165 - acc: 0.4992
2496/3458 [====================>.........] - ETA: 47s - loss: 1.2133 - acc: 0.5008
2528/3458 [====================>.........] - ETA: 45s - loss: 1.2113 - acc: 0.5024
2560/3458 [=====================>........] - ETA: 44s - loss: 1.2090 - acc: 0.5016
2592/3458 [=====================>........] - ETA: 42s - loss: 1.2122 - acc: 0.5004
2624/3458 [=====================>........] - ETA: 41s - loss: 1.2191 - acc: 0.5011
2656/3458 [======================>.......] - ETA: 39s - loss: 1.2200 - acc: 0.5008
2688/3458 [======================>.......] - ETA: 37s - loss: 1.2213 - acc: 0.5000
2720/3458 [======================>.......] - ETA: 36s - loss: 1.2215 - acc: 0.5000
2752/3458 [======================>.......] - ETA: 34s - loss: 1.2234 - acc: 0.4993
2784/3458 [=======================>......] - ETA: 33s - loss: 1.2215 - acc: 0.4996
2816/3458 [=======================>......] - ETA: 31s - loss: 1.2200 - acc: 0.5004
2848/3458 [=======================>......] - ETA: 30s - loss: 1.2245 - acc: 0.4989
2880/3458 [=======================>......] - ETA: 28s - loss: 1.2247 - acc: 0.4979
2912/3458 [========================>.....] - ETA: 26s - loss: 1.2247 - acc: 0.4986
2944/3458 [========================>.....] - ETA: 25s - loss: 1.2245 - acc: 0.4986
2976/3458 [========================>.....] - ETA: 23s - loss: 1.2245 - acc: 0.4987
3008/3458 [=========================>....] - ETA: 22s - loss: 1.2261 - acc: 0.4970
3040/3458 [=========================>....] - ETA: 20s - loss: 1.2258 - acc: 0.4967
3072/3458 [=========================>....] - ETA: 19s - loss: 1.2251 - acc: 0.4967
3104/3458 [=========================>....] - ETA: 17s - loss: 1.2241 - acc: 0.4971
3136/3458 [==========================>...] - ETA: 15s - loss: 1.2252 - acc: 0.4955
3168/3458 [==========================>...] - ETA: 14s - loss: 1.2258 - acc: 0.4937
3200/3458 [==========================>...] - ETA: 12s - loss: 1.2239 - acc: 0.4950
3232/3458 [===========================>..] - ETA: 11s - loss: 1.2240 - acc: 0.4950
3264/3458 [===========================>..] - ETA: 9s - loss: 1.2249 - acc: 0.4942 
3296/3458 [===========================>..] - ETA: 7s - loss: 1.2244 - acc: 0.4939
3328/3458 [===========================>..] - ETA: 6s - loss: 1.2232 - acc: 0.4940
3360/3458 [============================>.] - ETA: 4s - loss: 1.2221 - acc: 0.4940
3392/3458 [============================>.] - ETA: 3s - loss: 1.2218 - acc: 0.4950
3424/3458 [============================>.] - ETA: 1s - loss: 1.2221 - acc: 0.4956
3456/3458 [============================>.] - ETA: 0s - loss: 1.2242 - acc: 0.4942
3458/3458 [==============================] - 171s 49ms/sample - loss: 1.2239 - acc: 0.4942

 32/865 [>.............................] - ETA: 7s - loss: 1.2284 - acc: 0.4062
 64/865 [=>............................] - ETA: 7s - loss: 1.1191 - acc: 0.5312
 96/865 [==>...........................] - ETA: 6s - loss: 1.1386 - acc: 0.5312
128/865 [===>..........................] - ETA: 6s - loss: 1.1746 - acc: 0.5000
160/865 [====>.........................] - ETA: 6s - loss: 1.1875 - acc: 0.4938
192/865 [=====>........................] - ETA: 6s - loss: 1.1983 - acc: 0.4844
224/865 [======>.......................] - ETA: 5s - loss: 1.1898 - acc: 0.5000
256/865 [=======>......................] - ETA: 5s - loss: 1.1871 - acc: 0.5117
288/865 [========>.....................] - ETA: 5s - loss: 1.1563 - acc: 0.5104
320/865 [==========>...................] - ETA: 4s - loss: 1.1446 - acc: 0.5188
352/865 [===========>..................] - ETA: 4s - loss: 1.1434 - acc: 0.5312
384/865 [============>.................] - ETA: 4s - loss: 1.1488 - acc: 0.5234
416/865 [=============>................] - ETA: 4s - loss: 1.1530 - acc: 0.5144
448/865 [==============>...............] - ETA: 3s - loss: 1.1469 - acc: 0.5179
480/865 [===============>..............] - ETA: 3s - loss: 1.1482 - acc: 0.5167
512/865 [================>.............] - ETA: 3s - loss: 1.1468 - acc: 0.5195
544/865 [=================>............] - ETA: 2s - loss: 1.1517 - acc: 0.5221
576/865 [==================>...........] - ETA: 2s - loss: 1.1549 - acc: 0.5243
608/865 [====================>.........] - ETA: 2s - loss: 1.1571 - acc: 0.5230
640/865 [=====================>........] - ETA: 2s - loss: 1.1602 - acc: 0.5234
672/865 [======================>.......] - ETA: 1s - loss: 1.1616 - acc: 0.5253
704/865 [=======================>......] - ETA: 1s - loss: 1.1661 - acc: 0.5241
736/865 [========================>.....] - ETA: 1s - loss: 1.1757 - acc: 0.5231
768/865 [=========================>....] - ETA: 0s - loss: 1.1750 - acc: 0.5221
800/865 [==========================>...] - ETA: 0s - loss: 1.1806 - acc: 0.5200
832/865 [===========================>..] - ETA: 0s - loss: 1.1768 - acc: 0.5180
864/865 [============================>.] - ETA: 0s - loss: 1.1940 - acc: 0.5150
865/865 [==============================] - 8s 9ms/sample - loss: 1.1941 - acc: 0.5156

  32/3458 [..............................] - ETA: 2:45 - loss: 1.2768 - acc: 0.4062
  64/3458 [..............................] - ETA: 2:44 - loss: 1.2152 - acc: 0.4688
  96/3458 [..............................] - ETA: 2:43 - loss: 1.1934 - acc: 0.4583
 128/3458 [>.............................] - ETA: 2:42 - loss: 1.1584 - acc: 0.4922
 160/3458 [>.............................] - ETA: 2:41 - loss: 1.1650 - acc: 0.5250
 192/3458 [>.............................] - ETA: 2:39 - loss: 1.1780 - acc: 0.5156
 224/3458 [>.............................] - ETA: 2:39 - loss: 1.1820 - acc: 0.5134
 256/3458 [=>............................] - ETA: 2:37 - loss: 1.1595 - acc: 0.5117
 288/3458 [=>............................] - ETA: 2:35 - loss: 1.1602 - acc: 0.5139
 320/3458 [=>............................] - ETA: 2:33 - loss: 1.1597 - acc: 0.5094
 352/3458 [==>...........................] - ETA: 2:32 - loss: 1.1680 - acc: 0.5057
 384/3458 [==>...........................] - ETA: 2:30 - loss: 1.1660 - acc: 0.5078
 416/3458 [==>...........................] - ETA: 2:29 - loss: 1.1758 - acc: 0.5048
 448/3458 [==>...........................] - ETA: 2:27 - loss: 1.1806 - acc: 0.5045
 480/3458 [===>..........................] - ETA: 2:26 - loss: 1.1754 - acc: 0.5167
 512/3458 [===>..........................] - ETA: 2:24 - loss: 1.1809 - acc: 0.5176
 544/3458 [===>..........................] - ETA: 2:23 - loss: 1.1756 - acc: 0.5221
 576/3458 [===>..........................] - ETA: 2:21 - loss: 1.1745 - acc: 0.5191
 608/3458 [====>.........................] - ETA: 2:19 - loss: 1.1775 - acc: 0.5115
 640/3458 [====>.........................] - ETA: 2:18 - loss: 1.1704 - acc: 0.5172
 672/3458 [====>.........................] - ETA: 2:16 - loss: 1.1795 - acc: 0.5149
 704/3458 [=====>........................] - ETA: 2:15 - loss: 1.1985 - acc: 0.5114
 736/3458 [=====>........................] - ETA: 2:13 - loss: 1.1884 - acc: 0.5163
 768/3458 [=====>........................] - ETA: 2:11 - loss: 1.2051 - acc: 0.5091
 800/3458 [=====>........................] - ETA: 2:10 - loss: 1.2031 - acc: 0.5113
 832/3458 [======>.......................] - ETA: 2:08 - loss: 1.1988 - acc: 0.5132
 864/3458 [======>.......................] - ETA: 2:07 - loss: 1.1957 - acc: 0.5139
 896/3458 [======>.......................] - ETA: 2:05 - loss: 1.1906 - acc: 0.5179
 928/3458 [=======>......................] - ETA: 2:04 - loss: 1.1817 - acc: 0.5205
 960/3458 [=======>......................] - ETA: 2:02 - loss: 1.1768 - acc: 0.5229
 992/3458 [=======>......................] - ETA: 2:01 - loss: 1.1825 - acc: 0.5181
1024/3458 [=======>......................] - ETA: 1:59 - loss: 1.1784 - acc: 0.5225
1056/3458 [========>.....................] - ETA: 1:58 - loss: 1.1754 - acc: 0.5227
1088/3458 [========>.....................] - ETA: 1:56 - loss: 1.1750 - acc: 0.5202
1120/3458 [========>.....................] - ETA: 1:54 - loss: 1.1864 - acc: 0.5179
1152/3458 [========>.....................] - ETA: 1:53 - loss: 1.1935 - acc: 0.5148
1184/3458 [=========>....................] - ETA: 1:51 - loss: 1.1948 - acc: 0.5152
1216/3458 [=========>....................] - ETA: 1:50 - loss: 1.1921 - acc: 0.5140
1248/3458 [=========>....................] - ETA: 1:48 - loss: 1.1956 - acc: 0.5096
1280/3458 [==========>...................] - ETA: 1:47 - loss: 1.1989 - acc: 0.5063
1312/3458 [==========>...................] - ETA: 1:45 - loss: 1.1970 - acc: 0.5076
1344/3458 [==========>...................] - ETA: 1:43 - loss: 1.1952 - acc: 0.5104
1376/3458 [==========>...................] - ETA: 1:42 - loss: 1.1916 - acc: 0.5131
1408/3458 [===========>..................] - ETA: 1:40 - loss: 1.1921 - acc: 0.5121
1440/3458 [===========>..................] - ETA: 1:39 - loss: 1.1949 - acc: 0.5090
1472/3458 [===========>..................] - ETA: 1:37 - loss: 1.1965 - acc: 0.5075
1504/3458 [============>.................] - ETA: 1:36 - loss: 1.1966 - acc: 0.5053
1536/3458 [============>.................] - ETA: 1:34 - loss: 1.1981 - acc: 0.5033
1568/3458 [============>.................] - ETA: 1:32 - loss: 1.1992 - acc: 0.5032
1600/3458 [============>.................] - ETA: 1:31 - loss: 1.1986 - acc: 0.5013
1632/3458 [=============>................] - ETA: 1:29 - loss: 1.1986 - acc: 0.5018
1664/3458 [=============>................] - ETA: 1:28 - loss: 1.1988 - acc: 0.5012
1696/3458 [=============>................] - ETA: 1:26 - loss: 1.1992 - acc: 0.5018
1728/3458 [=============>................] - ETA: 1:25 - loss: 1.2072 - acc: 0.4971
1760/3458 [==============>...............] - ETA: 1:23 - loss: 1.2068 - acc: 0.4966
1792/3458 [==============>...............] - ETA: 1:22 - loss: 1.2078 - acc: 0.4939
1824/3458 [==============>...............] - ETA: 1:20 - loss: 1.2129 - acc: 0.4918
1856/3458 [===============>..............] - ETA: 1:18 - loss: 1.2135 - acc: 0.4914
1888/3458 [===============>..............] - ETA: 1:17 - loss: 1.2154 - acc: 0.4921
1920/3458 [===============>..............] - ETA: 1:15 - loss: 1.2182 - acc: 0.4901
1952/3458 [===============>..............] - ETA: 1:14 - loss: 1.2181 - acc: 0.4892
1984/3458 [================>.............] - ETA: 1:12 - loss: 1.2184 - acc: 0.4914
2016/3458 [================>.............] - ETA: 1:11 - loss: 1.2215 - acc: 0.4896
2048/3458 [================>.............] - ETA: 1:09 - loss: 1.2262 - acc: 0.4868
2080/3458 [=================>............] - ETA: 1:07 - loss: 1.2288 - acc: 0.4865
2112/3458 [=================>............] - ETA: 1:06 - loss: 1.2278 - acc: 0.4867
2144/3458 [=================>............] - ETA: 1:04 - loss: 1.2302 - acc: 0.4851
2176/3458 [=================>............] - ETA: 1:03 - loss: 1.2314 - acc: 0.4835
2208/3458 [==================>...........] - ETA: 1:01 - loss: 1.2324 - acc: 0.4823
2240/3458 [==================>...........] - ETA: 59s - loss: 1.2316 - acc: 0.4830 
2272/3458 [==================>...........] - ETA: 58s - loss: 1.2341 - acc: 0.4798
2304/3458 [==================>...........] - ETA: 56s - loss: 1.2320 - acc: 0.4813
2336/3458 [===================>..........] - ETA: 55s - loss: 1.2310 - acc: 0.4820
2368/3458 [===================>..........] - ETA: 53s - loss: 1.2297 - acc: 0.4831
2400/3458 [===================>..........] - ETA: 52s - loss: 1.2325 - acc: 0.4804
2432/3458 [====================>.........] - ETA: 50s - loss: 1.2336 - acc: 0.4790
2464/3458 [====================>.........] - ETA: 48s - loss: 1.2365 - acc: 0.4777
2496/3458 [====================>.........] - ETA: 47s - loss: 1.2330 - acc: 0.4796
2528/3458 [====================>.........] - ETA: 45s - loss: 1.2294 - acc: 0.4810
2560/3458 [=====================>........] - ETA: 44s - loss: 1.2276 - acc: 0.4820
2592/3458 [=====================>........] - ETA: 42s - loss: 1.2268 - acc: 0.4838
2624/3458 [=====================>........] - ETA: 41s - loss: 1.2253 - acc: 0.4840
2656/3458 [======================>.......] - ETA: 39s - loss: 1.2247 - acc: 0.4842
2688/3458 [======================>.......] - ETA: 37s - loss: 1.2241 - acc: 0.4844
2720/3458 [======================>.......] - ETA: 36s - loss: 1.2236 - acc: 0.4838
2752/3458 [======================>.......] - ETA: 34s - loss: 1.2241 - acc: 0.4847
2784/3458 [=======================>......] - ETA: 33s - loss: 1.2248 - acc: 0.4846
2816/3458 [=======================>......] - ETA: 31s - loss: 1.2228 - acc: 0.4869
2848/3458 [=======================>......] - ETA: 30s - loss: 1.2210 - acc: 0.4877
2880/3458 [=======================>......] - ETA: 28s - loss: 1.2179 - acc: 0.4903
2912/3458 [========================>.....] - ETA: 26s - loss: 1.2155 - acc: 0.4918
2944/3458 [========================>.....] - ETA: 25s - loss: 1.2147 - acc: 0.4915
2976/3458 [========================>.....] - ETA: 23s - loss: 1.2154 - acc: 0.4913
3008/3458 [=========================>....] - ETA: 22s - loss: 1.2154 - acc: 0.4924
3040/3458 [=========================>....] - ETA: 20s - loss: 1.2151 - acc: 0.4918
3072/3458 [=========================>....] - ETA: 19s - loss: 1.2135 - acc: 0.4922
3104/3458 [=========================>....] - ETA: 17s - loss: 1.2132 - acc: 0.4926
3136/3458 [==========================>...] - ETA: 15s - loss: 1.2134 - acc: 0.4920
3168/3458 [==========================>...] - ETA: 14s - loss: 1.2107 - acc: 0.4934
3200/3458 [==========================>...] - ETA: 12s - loss: 1.2078 - acc: 0.4944
3232/3458 [===========================>..] - ETA: 11s - loss: 1.2094 - acc: 0.4944
3264/3458 [===========================>..] - ETA: 9s - loss: 1.2112 - acc: 0.4939 
3296/3458 [===========================>..] - ETA: 7s - loss: 1.2100 - acc: 0.4942
3328/3458 [===========================>..] - ETA: 6s - loss: 1.2062 - acc: 0.4961
3360/3458 [============================>.] - ETA: 4s - loss: 1.2043 - acc: 0.4958
3392/3458 [============================>.] - ETA: 3s - loss: 1.2024 - acc: 0.4962
3424/3458 [============================>.] - ETA: 1s - loss: 1.2008 - acc: 0.4962
3456/3458 [============================>.] - ETA: 0s - loss: 1.2013 - acc: 0.4965
3458/3458 [==============================] - 171s 49ms/sample - loss: 1.2006 - acc: 0.4968

 32/865 [>.............................] - ETA: 7s - loss: 1.0084 - acc: 0.6250
 64/865 [=>............................] - ETA: 7s - loss: 0.9357 - acc: 0.6562
 96/865 [==>...........................] - ETA: 6s - loss: 1.0332 - acc: 0.6042
128/865 [===>..........................] - ETA: 6s - loss: 1.0562 - acc: 0.5781
160/865 [====>.........................] - ETA: 6s - loss: 1.1076 - acc: 0.5625
192/865 [=====>........................] - ETA: 5s - loss: 1.1328 - acc: 0.5469
224/865 [======>.......................] - ETA: 5s - loss: 1.1247 - acc: 0.5446
256/865 [=======>......................] - ETA: 5s - loss: 1.1257 - acc: 0.5391
288/865 [========>.....................] - ETA: 5s - loss: 1.0939 - acc: 0.5486
320/865 [==========>...................] - ETA: 4s - loss: 1.0871 - acc: 0.5406
352/865 [===========>..................] - ETA: 4s - loss: 1.0833 - acc: 0.5426
384/865 [============>.................] - ETA: 4s - loss: 1.0957 - acc: 0.5391
416/865 [=============>................] - ETA: 4s - loss: 1.0941 - acc: 0.5409
448/865 [==============>...............] - ETA: 3s - loss: 1.0848 - acc: 0.5513
480/865 [===============>..............] - ETA: 3s - loss: 1.0885 - acc: 0.5500
512/865 [================>.............] - ETA: 3s - loss: 1.0992 - acc: 0.5508
544/865 [=================>............] - ETA: 2s - loss: 1.1043 - acc: 0.5441
576/865 [==================>...........] - ETA: 2s - loss: 1.1117 - acc: 0.5417
608/865 [====================>.........] - ETA: 2s - loss: 1.1050 - acc: 0.5411
640/865 [=====================>........] - ETA: 1s - loss: 1.1039 - acc: 0.5437
672/865 [======================>.......] - ETA: 1s - loss: 1.1013 - acc: 0.5491
704/865 [=======================>......] - ETA: 1s - loss: 1.1060 - acc: 0.5469
736/865 [========================>.....] - ETA: 1s - loss: 1.1212 - acc: 0.5476
768/865 [=========================>....] - ETA: 0s - loss: 1.1220 - acc: 0.5417
800/865 [==========================>...] - ETA: 0s - loss: 1.1304 - acc: 0.5387
832/865 [===========================>..] - ETA: 0s - loss: 1.1189 - acc: 0.5409
864/865 [============================>.] - ETA: 0s - loss: 1.1434 - acc: 0.5370
865/865 [==============================] - 8s 9ms/sample - loss: 1.1440 - acc: 0.5364
