For Dropout_1=0.2 Dropout_2=0.1
daisy loaded
dandelion loaded
rose loaded
sunflower loaded
tulip loaded

  32/3458 [..............................] - ETA: 3:06 - loss: 1.6299 - acc: 0.1250
  64/3458 [..............................] - ETA: 2:57 - loss: 20.3436 - acc: 0.1094
  96/3458 [..............................] - ETA: 2:51 - loss: 21.0689 - acc: 0.1667
 128/3458 [>.............................] - ETA: 2:48 - loss: 17.3916 - acc: 0.1719
 160/3458 [>.............................] - ETA: 2:45 - loss: 14.5119 - acc: 0.1437
 192/3458 [>.............................] - ETA: 2:44 - loss: 12.3588 - acc: 0.1562
 224/3458 [>.............................] - ETA: 2:41 - loss: 10.8222 - acc: 0.1652
 256/3458 [=>............................] - ETA: 2:39 - loss: 9.6697 - acc: 0.1680 
 288/3458 [=>............................] - ETA: 2:38 - loss: 8.7732 - acc: 0.1910
 320/3458 [=>............................] - ETA: 2:36 - loss: 8.0567 - acc: 0.1937
 352/3458 [==>...........................] - ETA: 2:34 - loss: 7.4672 - acc: 0.2102
 384/3458 [==>...........................] - ETA: 2:32 - loss: 6.9708 - acc: 0.2109
 416/3458 [==>...........................] - ETA: 2:30 - loss: 6.5510 - acc: 0.2139
 448/3458 [==>...........................] - ETA: 2:29 - loss: 6.2062 - acc: 0.2143
 480/3458 [===>..........................] - ETA: 2:27 - loss: 5.8879 - acc: 0.2292
 512/3458 [===>..........................] - ETA: 2:25 - loss: 5.6134 - acc: 0.2344
 544/3458 [===>..........................] - ETA: 2:24 - loss: 5.3655 - acc: 0.2482
 576/3458 [===>..........................] - ETA: 2:22 - loss: 5.1516 - acc: 0.2431
 608/3458 [====>.........................] - ETA: 2:21 - loss: 4.9632 - acc: 0.2418
 640/3458 [====>.........................] - ETA: 2:19 - loss: 4.7877 - acc: 0.2484
 672/3458 [====>.........................] - ETA: 2:18 - loss: 4.6329 - acc: 0.2515
 704/3458 [=====>........................] - ETA: 2:16 - loss: 4.4877 - acc: 0.2557
 736/3458 [=====>........................] - ETA: 2:14 - loss: 4.3561 - acc: 0.2582
 768/3458 [=====>........................] - ETA: 2:12 - loss: 4.2253 - acc: 0.2656
 800/3458 [=====>........................] - ETA: 2:11 - loss: 4.1127 - acc: 0.2688
 832/3458 [======>.......................] - ETA: 2:09 - loss: 4.0045 - acc: 0.2728
 864/3458 [======>.......................] - ETA: 2:08 - loss: 3.9146 - acc: 0.2766
 896/3458 [======>.......................] - ETA: 2:06 - loss: 3.8210 - acc: 0.2801
 928/3458 [=======>......................] - ETA: 2:05 - loss: 3.7383 - acc: 0.2845
 960/3458 [=======>......................] - ETA: 2:03 - loss: 3.6614 - acc: 0.2917
 992/3458 [=======>......................] - ETA: 2:01 - loss: 3.5946 - acc: 0.2964
1024/3458 [=======>......................] - ETA: 2:00 - loss: 3.5231 - acc: 0.2979
1056/3458 [========>.....................] - ETA: 1:58 - loss: 3.4601 - acc: 0.2983
1088/3458 [========>.....................] - ETA: 1:56 - loss: 3.4025 - acc: 0.2969
1120/3458 [========>.....................] - ETA: 1:55 - loss: 3.3455 - acc: 0.3027
1152/3458 [========>.....................] - ETA: 1:53 - loss: 3.2942 - acc: 0.3047
1184/3458 [=========>....................] - ETA: 1:52 - loss: 3.2422 - acc: 0.3091
1216/3458 [=========>....................] - ETA: 1:50 - loss: 3.1922 - acc: 0.3150
1248/3458 [=========>....................] - ETA: 1:48 - loss: 3.1476 - acc: 0.3133
1280/3458 [==========>...................] - ETA: 1:47 - loss: 3.1048 - acc: 0.3156
1312/3458 [==========>...................] - ETA: 1:45 - loss: 3.0601 - acc: 0.3186
1344/3458 [==========>...................] - ETA: 1:44 - loss: 3.0198 - acc: 0.3185
1376/3458 [==========>...................] - ETA: 1:42 - loss: 2.9838 - acc: 0.3198
1408/3458 [===========>..................] - ETA: 1:40 - loss: 2.9491 - acc: 0.3224
1440/3458 [===========>..................] - ETA: 1:39 - loss: 2.9194 - acc: 0.3250
1472/3458 [===========>..................] - ETA: 1:37 - loss: 2.8859 - acc: 0.3268
1504/3458 [============>.................] - ETA: 1:36 - loss: 2.8550 - acc: 0.3291
1536/3458 [============>.................] - ETA: 1:34 - loss: 2.8257 - acc: 0.3288
1568/3458 [============>.................] - ETA: 1:32 - loss: 2.7940 - acc: 0.3323
1600/3458 [============>.................] - ETA: 1:31 - loss: 2.7635 - acc: 0.3369
1632/3458 [=============>................] - ETA: 1:29 - loss: 2.7421 - acc: 0.3413
1664/3458 [=============>................] - ETA: 1:28 - loss: 2.7147 - acc: 0.3444
1696/3458 [=============>................] - ETA: 1:26 - loss: 2.6887 - acc: 0.3443
1728/3458 [=============>................] - ETA: 1:25 - loss: 2.6681 - acc: 0.3443
1760/3458 [==============>...............] - ETA: 1:23 - loss: 2.6467 - acc: 0.3455
1792/3458 [==============>...............] - ETA: 1:21 - loss: 2.6248 - acc: 0.3454
1824/3458 [==============>...............] - ETA: 1:20 - loss: 2.5989 - acc: 0.3503
1856/3458 [===============>..............] - ETA: 1:18 - loss: 2.5770 - acc: 0.3534
1888/3458 [===============>..............] - ETA: 1:17 - loss: 2.5565 - acc: 0.3575
1920/3458 [===============>..............] - ETA: 1:15 - loss: 2.5355 - acc: 0.3599
1952/3458 [===============>..............] - ETA: 1:14 - loss: 2.5184 - acc: 0.3637
1984/3458 [================>.............] - ETA: 1:12 - loss: 2.5021 - acc: 0.3649
2016/3458 [================>.............] - ETA: 1:10 - loss: 2.4851 - acc: 0.3651
2048/3458 [================>.............] - ETA: 1:09 - loss: 2.4714 - acc: 0.3662
2080/3458 [=================>............] - ETA: 1:07 - loss: 2.4541 - acc: 0.3668
2112/3458 [=================>............] - ETA: 1:06 - loss: 2.4367 - acc: 0.3679
2144/3458 [=================>............] - ETA: 1:04 - loss: 2.4216 - acc: 0.3689
2176/3458 [=================>............] - ETA: 1:03 - loss: 2.4035 - acc: 0.3695
2208/3458 [==================>...........] - ETA: 1:01 - loss: 2.3882 - acc: 0.3714
2240/3458 [==================>...........] - ETA: 59s - loss: 2.3733 - acc: 0.3728 
2272/3458 [==================>...........] - ETA: 58s - loss: 2.3556 - acc: 0.3754
2304/3458 [==================>...........] - ETA: 56s - loss: 2.3404 - acc: 0.3759
2336/3458 [===================>..........] - ETA: 55s - loss: 2.3283 - acc: 0.3767
2368/3458 [===================>..........] - ETA: 53s - loss: 2.3153 - acc: 0.3758
2400/3458 [===================>..........] - ETA: 51s - loss: 2.3025 - acc: 0.3771
2432/3458 [====================>.........] - ETA: 50s - loss: 2.2955 - acc: 0.3779
2464/3458 [====================>.........] - ETA: 48s - loss: 2.2826 - acc: 0.3791
2496/3458 [====================>.........] - ETA: 47s - loss: 2.2711 - acc: 0.3774
2528/3458 [====================>.........] - ETA: 45s - loss: 2.2598 - acc: 0.3778
2560/3458 [=====================>........] - ETA: 44s - loss: 2.2485 - acc: 0.3789
2592/3458 [=====================>........] - ETA: 42s - loss: 2.2372 - acc: 0.3792
2624/3458 [=====================>........] - ETA: 40s - loss: 2.2269 - acc: 0.3773
2656/3458 [======================>.......] - ETA: 39s - loss: 2.2160 - acc: 0.3773
2688/3458 [======================>.......] - ETA: 37s - loss: 2.2053 - acc: 0.3783
2720/3458 [======================>.......] - ETA: 36s - loss: 2.1925 - acc: 0.3801
2752/3458 [======================>.......] - ETA: 34s - loss: 2.1805 - acc: 0.3823
2784/3458 [=======================>......] - ETA: 33s - loss: 2.1726 - acc: 0.3833
2816/3458 [=======================>......] - ETA: 31s - loss: 2.1651 - acc: 0.3860
2848/3458 [=======================>......] - ETA: 29s - loss: 2.1562 - acc: 0.3876
2880/3458 [=======================>......] - ETA: 28s - loss: 2.1459 - acc: 0.3889
2912/3458 [========================>.....] - ETA: 26s - loss: 2.1347 - acc: 0.3918
2944/3458 [========================>.....] - ETA: 25s - loss: 2.1290 - acc: 0.3906
2976/3458 [========================>.....] - ETA: 23s - loss: 2.1201 - acc: 0.3918
3008/3458 [=========================>....] - ETA: 22s - loss: 2.1103 - acc: 0.3926
3040/3458 [=========================>....] - ETA: 20s - loss: 2.1010 - acc: 0.3947
3072/3458 [=========================>....] - ETA: 18s - loss: 2.0920 - acc: 0.3965
3104/3458 [=========================>....] - ETA: 17s - loss: 2.0833 - acc: 0.3976
3136/3458 [==========================>...] - ETA: 15s - loss: 2.0758 - acc: 0.3976
3168/3458 [==========================>...] - ETA: 14s - loss: 2.0665 - acc: 0.3999
3200/3458 [==========================>...] - ETA: 12s - loss: 2.0576 - acc: 0.4013
3232/3458 [===========================>..] - ETA: 11s - loss: 2.0483 - acc: 0.4010
3264/3458 [===========================>..] - ETA: 9s - loss: 2.0436 - acc: 0.4023 
3296/3458 [===========================>..] - ETA: 7s - loss: 2.0364 - acc: 0.4020
3328/3458 [===========================>..] - ETA: 6s - loss: 2.0305 - acc: 0.4029
3360/3458 [============================>.] - ETA: 4s - loss: 2.0212 - acc: 0.4048
3392/3458 [============================>.] - ETA: 3s - loss: 2.0137 - acc: 0.4060
3424/3458 [============================>.] - ETA: 1s - loss: 2.0061 - acc: 0.4074
3456/3458 [============================>.] - ETA: 0s - loss: 1.9996 - acc: 0.4074
3458/3458 [==============================] - 170s 49ms/sample - loss: 1.9990 - acc: 0.4078

 32/865 [>.............................] - ETA: 8s - loss: 1.2148 - acc: 0.4375
 64/865 [=>............................] - ETA: 8s - loss: 1.2297 - acc: 0.5000
 96/865 [==>...........................] - ETA: 7s - loss: 1.2569 - acc: 0.4792
128/865 [===>..........................] - ETA: 7s - loss: 1.2276 - acc: 0.5078
160/865 [====>.........................] - ETA: 6s - loss: 1.2336 - acc: 0.4875
192/865 [=====>........................] - ETA: 6s - loss: 1.2147 - acc: 0.4948
224/865 [======>.......................] - ETA: 6s - loss: 1.2151 - acc: 0.5045
256/865 [=======>......................] - ETA: 5s - loss: 1.2165 - acc: 0.5078
288/865 [========>.....................] - ETA: 5s - loss: 1.1930 - acc: 0.5278
320/865 [==========>...................] - ETA: 5s - loss: 1.2053 - acc: 0.5094
352/865 [===========>..................] - ETA: 4s - loss: 1.2029 - acc: 0.5057
384/865 [============>.................] - ETA: 4s - loss: 1.2120 - acc: 0.5130
416/865 [=============>................] - ETA: 4s - loss: 1.2176 - acc: 0.5120
448/865 [==============>...............] - ETA: 4s - loss: 1.2162 - acc: 0.5179
480/865 [===============>..............] - ETA: 3s - loss: 1.2034 - acc: 0.5250
512/865 [================>.............] - ETA: 3s - loss: 1.2036 - acc: 0.5293
544/865 [=================>............] - ETA: 3s - loss: 1.2056 - acc: 0.5257
576/865 [==================>...........] - ETA: 2s - loss: 1.2058 - acc: 0.5260
608/865 [====================>.........] - ETA: 2s - loss: 1.2025 - acc: 0.5263
640/865 [=====================>........] - ETA: 2s - loss: 1.2067 - acc: 0.5250
672/865 [======================>.......] - ETA: 1s - loss: 1.2115 - acc: 0.5238
704/865 [=======================>......] - ETA: 1s - loss: 1.2101 - acc: 0.5284
736/865 [========================>.....] - ETA: 1s - loss: 1.2003 - acc: 0.5380
768/865 [=========================>....] - ETA: 0s - loss: 1.2113 - acc: 0.5352
800/865 [==========================>...] - ETA: 0s - loss: 1.2252 - acc: 0.5275
832/865 [===========================>..] - ETA: 0s - loss: 1.2241 - acc: 0.5252
864/865 [============================>.] - ETA: 0s - loss: 1.2203 - acc: 0.5278
865/865 [==============================] - 8s 10ms/sample - loss: 1.2194 - acc: 0.5283

  32/3458 [..............................] - ETA: 2:55 - loss: 1.0692 - acc: 0.5312
  64/3458 [..............................] - ETA: 2:54 - loss: 1.1509 - acc: 0.4531
  96/3458 [..............................] - ETA: 2:52 - loss: 1.1637 - acc: 0.4896
 128/3458 [>.............................] - ETA: 2:50 - loss: 1.1874 - acc: 0.4922
 160/3458 [>.............................] - ETA: 2:49 - loss: 1.2009 - acc: 0.4812
 192/3458 [>.............................] - ETA: 2:48 - loss: 1.2323 - acc: 0.4688
 224/3458 [>.............................] - ETA: 2:47 - loss: 1.2161 - acc: 0.4911
 256/3458 [=>............................] - ETA: 2:45 - loss: 1.2135 - acc: 0.5117
 288/3458 [=>............................] - ETA: 2:44 - loss: 1.2268 - acc: 0.4931
 320/3458 [=>............................] - ETA: 2:42 - loss: 1.2188 - acc: 0.5031
 352/3458 [==>...........................] - ETA: 2:40 - loss: 1.2563 - acc: 0.5000
 384/3458 [==>...........................] - ETA: 2:38 - loss: 1.2370 - acc: 0.4974
 416/3458 [==>...........................] - ETA: 2:37 - loss: 1.2289 - acc: 0.4976
 448/3458 [==>...........................] - ETA: 2:35 - loss: 1.2196 - acc: 0.5000
 480/3458 [===>..........................] - ETA: 2:33 - loss: 1.2167 - acc: 0.4979
 512/3458 [===>..........................] - ETA: 2:32 - loss: 1.2242 - acc: 0.4980
 544/3458 [===>..........................] - ETA: 2:30 - loss: 1.2181 - acc: 0.5055
 576/3458 [===>..........................] - ETA: 2:28 - loss: 1.2125 - acc: 0.5052
 608/3458 [====>.........................] - ETA: 2:26 - loss: 1.2134 - acc: 0.5099
 640/3458 [====>.........................] - ETA: 2:25 - loss: 1.2206 - acc: 0.5078
 672/3458 [====>.........................] - ETA: 2:24 - loss: 1.2246 - acc: 0.5089
 704/3458 [=====>........................] - ETA: 2:22 - loss: 1.2244 - acc: 0.5085
 736/3458 [=====>........................] - ETA: 2:21 - loss: 1.2240 - acc: 0.5109
 768/3458 [=====>........................] - ETA: 2:19 - loss: 1.2195 - acc: 0.5078
 800/3458 [=====>........................] - ETA: 2:17 - loss: 1.2157 - acc: 0.5088
 832/3458 [======>.......................] - ETA: 2:16 - loss: 1.2103 - acc: 0.5144
 864/3458 [======>.......................] - ETA: 2:15 - loss: 1.2077 - acc: 0.5174
 896/3458 [======>.......................] - ETA: 2:13 - loss: 1.2223 - acc: 0.5100
 928/3458 [=======>......................] - ETA: 2:11 - loss: 1.2137 - acc: 0.5151
 960/3458 [=======>......................] - ETA: 2:09 - loss: 1.2136 - acc: 0.5167
 992/3458 [=======>......................] - ETA: 2:07 - loss: 1.2118 - acc: 0.5161
1024/3458 [=======>......................] - ETA: 2:06 - loss: 1.2107 - acc: 0.5195
1056/3458 [========>.....................] - ETA: 2:04 - loss: 1.2097 - acc: 0.5189
1088/3458 [========>.....................] - ETA: 2:02 - loss: 1.2124 - acc: 0.5165
1120/3458 [========>.....................] - ETA: 2:00 - loss: 1.2136 - acc: 0.5143
1152/3458 [========>.....................] - ETA: 1:58 - loss: 1.2189 - acc: 0.5104
1184/3458 [=========>....................] - ETA: 1:56 - loss: 1.2154 - acc: 0.5144
1216/3458 [=========>....................] - ETA: 1:55 - loss: 1.2239 - acc: 0.5148
1248/3458 [=========>....................] - ETA: 1:53 - loss: 1.2292 - acc: 0.5104
1280/3458 [==========>...................] - ETA: 1:51 - loss: 1.2267 - acc: 0.5125
1312/3458 [==========>...................] - ETA: 1:49 - loss: 1.2290 - acc: 0.5091
1344/3458 [==========>...................] - ETA: 1:48 - loss: 1.2285 - acc: 0.5052
1376/3458 [==========>...................] - ETA: 1:46 - loss: 1.2252 - acc: 0.5087
1408/3458 [===========>..................] - ETA: 1:44 - loss: 1.2300 - acc: 0.5085
1440/3458 [===========>..................] - ETA: 1:42 - loss: 1.2325 - acc: 0.5069
1472/3458 [===========>..................] - ETA: 1:41 - loss: 1.2304 - acc: 0.5095
1504/3458 [============>.................] - ETA: 1:39 - loss: 1.2307 - acc: 0.5093
1536/3458 [============>.................] - ETA: 1:37 - loss: 1.2297 - acc: 0.5091
1568/3458 [============>.................] - ETA: 1:36 - loss: 1.2315 - acc: 0.5083
1600/3458 [============>.................] - ETA: 1:34 - loss: 1.2320 - acc: 0.5088
1632/3458 [=============>................] - ETA: 1:32 - loss: 1.2345 - acc: 0.5067
1664/3458 [=============>................] - ETA: 1:30 - loss: 1.2309 - acc: 0.5084
1696/3458 [=============>................] - ETA: 1:29 - loss: 1.2286 - acc: 0.5100
1728/3458 [=============>................] - ETA: 1:27 - loss: 1.2289 - acc: 0.5093
1760/3458 [==============>...............] - ETA: 1:26 - loss: 1.2262 - acc: 0.5085
1792/3458 [==============>...............] - ETA: 1:24 - loss: 1.2309 - acc: 0.5067
1824/3458 [==============>...............] - ETA: 1:22 - loss: 1.2287 - acc: 0.5071
1856/3458 [===============>..............] - ETA: 1:20 - loss: 1.2253 - acc: 0.5102
1888/3458 [===============>..............] - ETA: 1:19 - loss: 1.2234 - acc: 0.5117
1920/3458 [===============>..............] - ETA: 1:17 - loss: 1.2208 - acc: 0.5130
1952/3458 [===============>..............] - ETA: 1:16 - loss: 1.2235 - acc: 0.5133
1984/3458 [================>.............] - ETA: 1:14 - loss: 1.2243 - acc: 0.5136
2016/3458 [================>.............] - ETA: 1:12 - loss: 1.2252 - acc: 0.5129
2048/3458 [================>.............] - ETA: 1:11 - loss: 1.2264 - acc: 0.5122
2080/3458 [=================>............] - ETA: 1:09 - loss: 1.2270 - acc: 0.5111
2112/3458 [=================>............] - ETA: 1:07 - loss: 1.2279 - acc: 0.5109
2144/3458 [=================>............] - ETA: 1:06 - loss: 1.2272 - acc: 0.5121
2176/3458 [=================>............] - ETA: 1:04 - loss: 1.2294 - acc: 0.5124
2208/3458 [==================>...........] - ETA: 1:02 - loss: 1.2284 - acc: 0.5109
2240/3458 [==================>...........] - ETA: 1:01 - loss: 1.2260 - acc: 0.5116
2272/3458 [==================>...........] - ETA: 59s - loss: 1.2247 - acc: 0.5128 
2304/3458 [==================>...........] - ETA: 58s - loss: 1.2223 - acc: 0.5130
2336/3458 [===================>..........] - ETA: 56s - loss: 1.2195 - acc: 0.5146
2368/3458 [===================>..........] - ETA: 54s - loss: 1.2150 - acc: 0.5165
2400/3458 [===================>..........] - ETA: 53s - loss: 1.2177 - acc: 0.5167
2432/3458 [====================>.........] - ETA: 51s - loss: 1.2163 - acc: 0.5193
2464/3458 [====================>.........] - ETA: 49s - loss: 1.2179 - acc: 0.5191
2496/3458 [====================>.........] - ETA: 48s - loss: 1.2227 - acc: 0.5168
2528/3458 [====================>.........] - ETA: 46s - loss: 1.2229 - acc: 0.5166
2560/3458 [=====================>........] - ETA: 45s - loss: 1.2230 - acc: 0.5172
2592/3458 [=====================>........] - ETA: 43s - loss: 1.2201 - acc: 0.5181
2624/3458 [=====================>........] - ETA: 41s - loss: 1.2187 - acc: 0.5175
2656/3458 [======================>.......] - ETA: 40s - loss: 1.2174 - acc: 0.5181
2688/3458 [======================>.......] - ETA: 38s - loss: 1.2169 - acc: 0.5182
2720/3458 [======================>.......] - ETA: 36s - loss: 1.2159 - acc: 0.5180
2752/3458 [======================>.......] - ETA: 35s - loss: 1.2125 - acc: 0.5203
2784/3458 [=======================>......] - ETA: 33s - loss: 1.2105 - acc: 0.5212
2816/3458 [=======================>......] - ETA: 32s - loss: 1.2083 - acc: 0.5217
2848/3458 [=======================>......] - ETA: 30s - loss: 1.2111 - acc: 0.5207
2880/3458 [=======================>......] - ETA: 28s - loss: 1.2129 - acc: 0.5212
2912/3458 [========================>.....] - ETA: 27s - loss: 1.2126 - acc: 0.5227
2944/3458 [========================>.....] - ETA: 25s - loss: 1.2133 - acc: 0.5224
2976/3458 [========================>.....] - ETA: 24s - loss: 1.2135 - acc: 0.5239
3008/3458 [=========================>....] - ETA: 22s - loss: 1.2151 - acc: 0.5236
3040/3458 [=========================>....] - ETA: 20s - loss: 1.2130 - acc: 0.5234
3072/3458 [=========================>....] - ETA: 19s - loss: 1.2125 - acc: 0.5238
3104/3458 [=========================>....] - ETA: 17s - loss: 1.2121 - acc: 0.5235
3136/3458 [==========================>...] - ETA: 16s - loss: 1.2132 - acc: 0.5226
3168/3458 [==========================>...] - ETA: 14s - loss: 1.2122 - acc: 0.5234
3200/3458 [==========================>...] - ETA: 12s - loss: 1.2113 - acc: 0.5231
3232/3458 [===========================>..] - ETA: 11s - loss: 1.2099 - acc: 0.5235
3264/3458 [===========================>..] - ETA: 9s - loss: 1.2096 - acc: 0.5230 
3296/3458 [===========================>..] - ETA: 8s - loss: 1.2101 - acc: 0.5225
3328/3458 [===========================>..] - ETA: 6s - loss: 1.2089 - acc: 0.5234
3360/3458 [============================>.] - ETA: 4s - loss: 1.2053 - acc: 0.5259
3392/3458 [============================>.] - ETA: 3s - loss: 1.2093 - acc: 0.5251
3424/3458 [============================>.] - ETA: 1s - loss: 1.2083 - acc: 0.5257
3456/3458 [============================>.] - ETA: 0s - loss: 1.2060 - acc: 0.5272
3458/3458 [==============================] - 173s 50ms/sample - loss: 1.2059 - acc: 0.5272

 32/865 [>.............................] - ETA: 7s - loss: 1.1398 - acc: 0.5000
 64/865 [=>............................] - ETA: 7s - loss: 1.2023 - acc: 0.4688
 96/865 [==>...........................] - ETA: 6s - loss: 1.2411 - acc: 0.4583
128/865 [===>..........................] - ETA: 6s - loss: 1.2362 - acc: 0.4688
160/865 [====>.........................] - ETA: 6s - loss: 1.2505 - acc: 0.4500
192/865 [=====>........................] - ETA: 5s - loss: 1.2569 - acc: 0.4583
224/865 [======>.......................] - ETA: 5s - loss: 1.2527 - acc: 0.4688
256/865 [=======>......................] - ETA: 5s - loss: 1.2562 - acc: 0.4727
288/865 [========>.....................] - ETA: 5s - loss: 1.2245 - acc: 0.4757
320/865 [==========>...................] - ETA: 4s - loss: 1.2570 - acc: 0.4656
352/865 [===========>..................] - ETA: 4s - loss: 1.2597 - acc: 0.4659
384/865 [============>.................] - ETA: 4s - loss: 1.2582 - acc: 0.4766
416/865 [=============>................] - ETA: 3s - loss: 1.2741 - acc: 0.4760
448/865 [==============>...............] - ETA: 3s - loss: 1.2864 - acc: 0.4866
480/865 [===============>..............] - ETA: 3s - loss: 1.2664 - acc: 0.4958
512/865 [================>.............] - ETA: 3s - loss: 1.2675 - acc: 0.4941
544/865 [=================>............] - ETA: 2s - loss: 1.2703 - acc: 0.4871
576/865 [==================>...........] - ETA: 2s - loss: 1.2800 - acc: 0.4913
608/865 [====================>.........] - ETA: 2s - loss: 1.2775 - acc: 0.4868
640/865 [=====================>........] - ETA: 2s - loss: 1.2757 - acc: 0.4875
672/865 [======================>.......] - ETA: 1s - loss: 1.2739 - acc: 0.4866
704/865 [=======================>......] - ETA: 1s - loss: 1.2634 - acc: 0.4915
736/865 [========================>.....] - ETA: 1s - loss: 1.2441 - acc: 0.5027
768/865 [=========================>....] - ETA: 0s - loss: 1.2640 - acc: 0.5000
800/865 [==========================>...] - ETA: 0s - loss: 1.2813 - acc: 0.4938
832/865 [===========================>..] - ETA: 0s - loss: 1.2730 - acc: 0.4964
864/865 [============================>.] - ETA: 0s - loss: 1.2687 - acc: 0.4988
865/865 [==============================] - 8s 9ms/sample - loss: 1.2673 - acc: 0.4994

  32/3458 [..............................] - ETA: 2:47 - loss: 1.3599 - acc: 0.4688
  64/3458 [..............................] - ETA: 2:47 - loss: 1.3003 - acc: 0.5312
  96/3458 [..............................] - ETA: 2:46 - loss: 1.2497 - acc: 0.5833
 128/3458 [>.............................] - ETA: 2:45 - loss: 1.1768 - acc: 0.6016
 160/3458 [>.............................] - ETA: 2:45 - loss: 1.1482 - acc: 0.5875
 192/3458 [>.............................] - ETA: 2:43 - loss: 1.1456 - acc: 0.5677
 224/3458 [>.............................] - ETA: 2:42 - loss: 1.1425 - acc: 0.5580
 256/3458 [=>............................] - ETA: 2:41 - loss: 1.1255 - acc: 0.5547
 288/3458 [=>............................] - ETA: 2:38 - loss: 1.1295 - acc: 0.5521
 320/3458 [=>............................] - ETA: 2:37 - loss: 1.1074 - acc: 0.5750
 352/3458 [==>...........................] - ETA: 2:35 - loss: 1.1061 - acc: 0.5682
 384/3458 [==>...........................] - ETA: 2:33 - loss: 1.0902 - acc: 0.5807
 416/3458 [==>...........................] - ETA: 2:31 - loss: 1.0916 - acc: 0.5697
 448/3458 [==>...........................] - ETA: 2:30 - loss: 1.0932 - acc: 0.5759
 480/3458 [===>..........................] - ETA: 2:28 - loss: 1.0966 - acc: 0.5771
 512/3458 [===>..........................] - ETA: 2:27 - loss: 1.1007 - acc: 0.5703
 544/3458 [===>..........................] - ETA: 2:26 - loss: 1.0963 - acc: 0.5717
 576/3458 [===>..........................] - ETA: 2:24 - loss: 1.1009 - acc: 0.5677
 608/3458 [====>.........................] - ETA: 2:22 - loss: 1.1009 - acc: 0.5674
 640/3458 [====>.........................] - ETA: 2:20 - loss: 1.1020 - acc: 0.5609
 672/3458 [====>.........................] - ETA: 2:19 - loss: 1.1006 - acc: 0.5640
 704/3458 [=====>........................] - ETA: 2:17 - loss: 1.1009 - acc: 0.5668
 736/3458 [=====>........................] - ETA: 2:15 - loss: 1.0963 - acc: 0.5666
 768/3458 [=====>........................] - ETA: 2:14 - loss: 1.0999 - acc: 0.5638
 800/3458 [=====>........................] - ETA: 2:12 - loss: 1.0958 - acc: 0.5688
 832/3458 [======>.......................] - ETA: 2:10 - loss: 1.0932 - acc: 0.5661
 864/3458 [======>.......................] - ETA: 2:09 - loss: 1.0902 - acc: 0.5660
 896/3458 [======>.......................] - ETA: 2:07 - loss: 1.0913 - acc: 0.5647
 928/3458 [=======>......................] - ETA: 2:05 - loss: 1.0999 - acc: 0.5668
 960/3458 [=======>......................] - ETA: 2:04 - loss: 1.0958 - acc: 0.5677
 992/3458 [=======>......................] - ETA: 2:02 - loss: 1.0955 - acc: 0.5685
1024/3458 [=======>......................] - ETA: 2:00 - loss: 1.0923 - acc: 0.5684
1056/3458 [========>.....................] - ETA: 1:59 - loss: 1.0914 - acc: 0.5672
1088/3458 [========>.....................] - ETA: 1:57 - loss: 1.0943 - acc: 0.5699
1120/3458 [========>.....................] - ETA: 1:55 - loss: 1.0913 - acc: 0.5714
1152/3458 [========>.....................] - ETA: 1:54 - loss: 1.0925 - acc: 0.5703
1184/3458 [=========>....................] - ETA: 1:52 - loss: 1.0944 - acc: 0.5676
1216/3458 [=========>....................] - ETA: 1:50 - loss: 1.0954 - acc: 0.5674
1248/3458 [=========>....................] - ETA: 1:49 - loss: 1.0955 - acc: 0.5681
1280/3458 [==========>...................] - ETA: 1:47 - loss: 1.0914 - acc: 0.5719
1312/3458 [==========>...................] - ETA: 1:46 - loss: 1.0968 - acc: 0.5686
1344/3458 [==========>...................] - ETA: 1:44 - loss: 1.1000 - acc: 0.5655
1376/3458 [==========>...................] - ETA: 1:42 - loss: 1.0943 - acc: 0.5676
1408/3458 [===========>..................] - ETA: 1:41 - loss: 1.0893 - acc: 0.5689
1440/3458 [===========>..................] - ETA: 1:39 - loss: 1.0848 - acc: 0.5722
1472/3458 [===========>..................] - ETA: 1:38 - loss: 1.0807 - acc: 0.5734
1504/3458 [============>.................] - ETA: 1:36 - loss: 1.0780 - acc: 0.5745
1536/3458 [============>.................] - ETA: 1:34 - loss: 1.0761 - acc: 0.5742
1568/3458 [============>.................] - ETA: 1:33 - loss: 1.0764 - acc: 0.5778
1600/3458 [============>.................] - ETA: 1:31 - loss: 1.0765 - acc: 0.5769
1632/3458 [=============>................] - ETA: 1:30 - loss: 1.0755 - acc: 0.5772
1664/3458 [=============>................] - ETA: 1:28 - loss: 1.0746 - acc: 0.5787
1696/3458 [=============>................] - ETA: 1:26 - loss: 1.0707 - acc: 0.5802
1728/3458 [=============>................] - ETA: 1:25 - loss: 1.0695 - acc: 0.5804
1760/3458 [==============>...............] - ETA: 1:23 - loss: 1.0646 - acc: 0.5835
1792/3458 [==============>...............] - ETA: 1:22 - loss: 1.0623 - acc: 0.5831
1824/3458 [==============>...............] - ETA: 1:20 - loss: 1.0635 - acc: 0.5822
1856/3458 [===============>..............] - ETA: 1:19 - loss: 1.0612 - acc: 0.5830
1888/3458 [===============>..............] - ETA: 1:17 - loss: 1.0642 - acc: 0.5816
1920/3458 [===============>..............] - ETA: 1:15 - loss: 1.0611 - acc: 0.5849
1952/3458 [===============>..............] - ETA: 1:14 - loss: 1.0618 - acc: 0.5850
1984/3458 [================>.............] - ETA: 1:12 - loss: 1.0630 - acc: 0.5837
2016/3458 [================>.............] - ETA: 1:11 - loss: 1.0595 - acc: 0.5848
2048/3458 [================>.............] - ETA: 1:09 - loss: 1.0591 - acc: 0.5845
2080/3458 [=================>............] - ETA: 1:07 - loss: 1.0587 - acc: 0.5846
2112/3458 [=================>............] - ETA: 1:06 - loss: 1.0576 - acc: 0.5848
2144/3458 [=================>............] - ETA: 1:04 - loss: 1.0577 - acc: 0.5858
2176/3458 [=================>............] - ETA: 1:03 - loss: 1.0585 - acc: 0.5841
2208/3458 [==================>...........] - ETA: 1:01 - loss: 1.0563 - acc: 0.5847
2240/3458 [==================>...........] - ETA: 59s - loss: 1.0516 - acc: 0.5884 
2272/3458 [==================>...........] - ETA: 58s - loss: 1.0498 - acc: 0.5902
2304/3458 [==================>...........] - ETA: 56s - loss: 1.0493 - acc: 0.5907
2336/3458 [===================>..........] - ETA: 55s - loss: 1.0455 - acc: 0.5925
2368/3458 [===================>..........] - ETA: 53s - loss: 1.0417 - acc: 0.5950
2400/3458 [===================>..........] - ETA: 52s - loss: 1.0397 - acc: 0.5971
2432/3458 [====================>.........] - ETA: 50s - loss: 1.0412 - acc: 0.5962
2464/3458 [====================>.........] - ETA: 48s - loss: 1.0415 - acc: 0.5954
2496/3458 [====================>.........] - ETA: 47s - loss: 1.0420 - acc: 0.5950
2528/3458 [====================>.........] - ETA: 45s - loss: 1.0375 - acc: 0.5973
2560/3458 [=====================>........] - ETA: 44s - loss: 1.0379 - acc: 0.5973
2592/3458 [=====================>........] - ETA: 42s - loss: 1.0369 - acc: 0.5984
2624/3458 [=====================>........] - ETA: 41s - loss: 1.0366 - acc: 0.5987
2656/3458 [======================>.......] - ETA: 39s - loss: 1.0333 - acc: 0.5998
2688/3458 [======================>.......] - ETA: 37s - loss: 1.0322 - acc: 0.5997
2720/3458 [======================>.......] - ETA: 36s - loss: 1.0336 - acc: 0.5989
2752/3458 [======================>.......] - ETA: 34s - loss: 1.0314 - acc: 0.6007
2784/3458 [=======================>......] - ETA: 33s - loss: 1.0338 - acc: 0.5988
2816/3458 [=======================>......] - ETA: 31s - loss: 1.0331 - acc: 0.5984
2848/3458 [=======================>......] - ETA: 30s - loss: 1.0296 - acc: 0.6001
2880/3458 [=======================>......] - ETA: 28s - loss: 1.0284 - acc: 0.6014
2912/3458 [========================>.....] - ETA: 26s - loss: 1.0282 - acc: 0.6016
2944/3458 [========================>.....] - ETA: 25s - loss: 1.0279 - acc: 0.6026
2976/3458 [========================>.....] - ETA: 23s - loss: 1.0287 - acc: 0.6022
3008/3458 [=========================>....] - ETA: 22s - loss: 1.0271 - acc: 0.6017
3040/3458 [=========================>....] - ETA: 20s - loss: 1.0299 - acc: 0.6003
3072/3458 [=========================>....] - ETA: 19s - loss: 1.0302 - acc: 0.5999
3104/3458 [=========================>....] - ETA: 17s - loss: 1.0294 - acc: 0.6002
3136/3458 [==========================>...] - ETA: 15s - loss: 1.0282 - acc: 0.6004
3168/3458 [==========================>...] - ETA: 14s - loss: 1.0286 - acc: 0.6004
3200/3458 [==========================>...] - ETA: 12s - loss: 1.0272 - acc: 0.6012
3232/3458 [===========================>..] - ETA: 11s - loss: 1.0235 - acc: 0.6033
3264/3458 [===========================>..] - ETA: 9s - loss: 1.0221 - acc: 0.6045 
3296/3458 [===========================>..] - ETA: 7s - loss: 1.0213 - acc: 0.6047
3328/3458 [===========================>..] - ETA: 6s - loss: 1.0204 - acc: 0.6052
3360/3458 [============================>.] - ETA: 4s - loss: 1.0180 - acc: 0.6060
3392/3458 [============================>.] - ETA: 3s - loss: 1.0201 - acc: 0.6052
3424/3458 [============================>.] - ETA: 1s - loss: 1.0203 - acc: 0.6046
3456/3458 [============================>.] - ETA: 0s - loss: 1.0199 - acc: 0.6047
3458/3458 [==============================] - 171s 49ms/sample - loss: 1.0200 - acc: 0.6047

 32/865 [>.............................] - ETA: 7s - loss: 1.1406 - acc: 0.5312
 64/865 [=>............................] - ETA: 7s - loss: 1.0984 - acc: 0.5469
 96/865 [==>...........................] - ETA: 6s - loss: 1.1440 - acc: 0.5208
128/865 [===>..........................] - ETA: 6s - loss: 1.0657 - acc: 0.5469
160/865 [====>.........................] - ETA: 6s - loss: 1.1195 - acc: 0.5437
192/865 [=====>........................] - ETA: 5s - loss: 1.1377 - acc: 0.5469
224/865 [======>.......................] - ETA: 5s - loss: 1.1526 - acc: 0.5357
256/865 [=======>......................] - ETA: 5s - loss: 1.1444 - acc: 0.5508
288/865 [========>.....................] - ETA: 5s - loss: 1.1616 - acc: 0.5451
320/865 [==========>...................] - ETA: 4s - loss: 1.1526 - acc: 0.5375
352/865 [===========>..................] - ETA: 4s - loss: 1.1350 - acc: 0.5483
384/865 [============>.................] - ETA: 4s - loss: 1.1252 - acc: 0.5469
416/865 [=============>................] - ETA: 3s - loss: 1.1071 - acc: 0.5529
448/865 [==============>...............] - ETA: 3s - loss: 1.1275 - acc: 0.5491
480/865 [===============>..............] - ETA: 3s - loss: 1.1146 - acc: 0.5521
512/865 [================>.............] - ETA: 3s - loss: 1.1219 - acc: 0.5586
544/865 [=================>............] - ETA: 2s - loss: 1.1206 - acc: 0.5607
576/865 [==================>...........] - ETA: 2s - loss: 1.1111 - acc: 0.5660
608/865 [====================>.........] - ETA: 2s - loss: 1.1088 - acc: 0.5658
640/865 [=====================>........] - ETA: 2s - loss: 1.1142 - acc: 0.5641
672/865 [======================>.......] - ETA: 1s - loss: 1.1355 - acc: 0.5595
704/865 [=======================>......] - ETA: 1s - loss: 1.1425 - acc: 0.5554
736/865 [========================>.....] - ETA: 1s - loss: 1.1350 - acc: 0.5571
768/865 [=========================>....] - ETA: 0s - loss: 1.1437 - acc: 0.5547
800/865 [==========================>...] - ETA: 0s - loss: 1.1626 - acc: 0.5525
832/865 [===========================>..] - ETA: 0s - loss: 1.1709 - acc: 0.5445
864/865 [============================>.] - ETA: 0s - loss: 1.1630 - acc: 0.5451
865/865 [==============================] - 8s 9ms/sample - loss: 1.1631 - acc: 0.5445

  32/3458 [..............................] - ETA: 2:46 - loss: 1.0934 - acc: 0.6562
  64/3458 [..............................] - ETA: 2:45 - loss: 1.0750 - acc: 0.5781
  96/3458 [..............................] - ETA: 2:44 - loss: 1.0175 - acc: 0.5938
 128/3458 [>.............................] - ETA: 2:42 - loss: 0.9424 - acc: 0.6562
 160/3458 [>.............................] - ETA: 2:40 - loss: 0.9612 - acc: 0.6438
 192/3458 [>.............................] - ETA: 2:39 - loss: 0.9218 - acc: 0.6667
 224/3458 [>.............................] - ETA: 2:37 - loss: 0.8986 - acc: 0.6741
 256/3458 [=>............................] - ETA: 2:36 - loss: 0.9371 - acc: 0.6484
 288/3458 [=>............................] - ETA: 2:34 - loss: 0.9050 - acc: 0.6597
 320/3458 [=>............................] - ETA: 2:33 - loss: 0.8842 - acc: 0.6625
 352/3458 [==>...........................] - ETA: 2:31 - loss: 0.8756 - acc: 0.6705
 384/3458 [==>...........................] - ETA: 2:30 - loss: 0.8731 - acc: 0.6823
 416/3458 [==>...........................] - ETA: 2:28 - loss: 0.8790 - acc: 0.6803
 448/3458 [==>...........................] - ETA: 2:27 - loss: 0.8675 - acc: 0.6808
 480/3458 [===>..........................] - ETA: 2:25 - loss: 0.8500 - acc: 0.6854
 512/3458 [===>..........................] - ETA: 2:24 - loss: 0.8625 - acc: 0.6816
 544/3458 [===>..........................] - ETA: 2:22 - loss: 0.8628 - acc: 0.6801
 576/3458 [===>..........................] - ETA: 2:21 - loss: 0.8527 - acc: 0.6840
 608/3458 [====>.........................] - ETA: 2:19 - loss: 0.8409 - acc: 0.6875
 640/3458 [====>.........................] - ETA: 2:17 - loss: 0.8440 - acc: 0.6859
 672/3458 [====>.........................] - ETA: 2:16 - loss: 0.8327 - acc: 0.6905
 704/3458 [=====>........................] - ETA: 2:14 - loss: 0.8384 - acc: 0.6903
 736/3458 [=====>........................] - ETA: 2:13 - loss: 0.8363 - acc: 0.6929
 768/3458 [=====>........................] - ETA: 2:11 - loss: 0.8284 - acc: 0.6979
 800/3458 [=====>........................] - ETA: 2:10 - loss: 0.8204 - acc: 0.7013
 832/3458 [======>.......................] - ETA: 2:08 - loss: 0.8171 - acc: 0.7019
 864/3458 [======>.......................] - ETA: 2:06 - loss: 0.8067 - acc: 0.7060
 896/3458 [======>.......................] - ETA: 2:05 - loss: 0.8063 - acc: 0.7042
 928/3458 [=======>......................] - ETA: 2:03 - loss: 0.8014 - acc: 0.7080
 960/3458 [=======>......................] - ETA: 2:02 - loss: 0.7965 - acc: 0.7115
 992/3458 [=======>......................] - ETA: 2:00 - loss: 0.7936 - acc: 0.7117
1024/3458 [=======>......................] - ETA: 1:59 - loss: 0.7930 - acc: 0.7100
1056/3458 [========>.....................] - ETA: 1:57 - loss: 0.7927 - acc: 0.7112
1088/3458 [========>.....................] - ETA: 1:56 - loss: 0.7869 - acc: 0.7114
1120/3458 [========>.....................] - ETA: 1:54 - loss: 0.7851 - acc: 0.7134
1152/3458 [========>.....................] - ETA: 1:52 - loss: 0.7833 - acc: 0.7127
1184/3458 [=========>....................] - ETA: 1:51 - loss: 0.7805 - acc: 0.7128
1216/3458 [=========>....................] - ETA: 1:49 - loss: 0.7839 - acc: 0.7097
1248/3458 [=========>....................] - ETA: 1:48 - loss: 0.7820 - acc: 0.7099
1280/3458 [==========>...................] - ETA: 1:46 - loss: 0.7855 - acc: 0.7086
1312/3458 [==========>...................] - ETA: 1:45 - loss: 0.7877 - acc: 0.7073
1344/3458 [==========>...................] - ETA: 1:43 - loss: 0.7898 - acc: 0.7054
1376/3458 [==========>...................] - ETA: 1:41 - loss: 0.7923 - acc: 0.7042
1408/3458 [===========>..................] - ETA: 1:40 - loss: 0.7918 - acc: 0.7045
1440/3458 [===========>..................] - ETA: 1:38 - loss: 0.7891 - acc: 0.7069
1472/3458 [===========>..................] - ETA: 1:37 - loss: 0.7878 - acc: 0.7072
1504/3458 [============>.................] - ETA: 1:35 - loss: 0.7848 - acc: 0.7094
1536/3458 [============>.................] - ETA: 1:34 - loss: 0.7839 - acc: 0.7077
1568/3458 [============>.................] - ETA: 1:32 - loss: 0.7920 - acc: 0.7041
1600/3458 [============>.................] - ETA: 1:30 - loss: 0.7878 - acc: 0.7050
1632/3458 [=============>................] - ETA: 1:29 - loss: 0.7891 - acc: 0.7053
1664/3458 [=============>................] - ETA: 1:27 - loss: 0.7879 - acc: 0.7055
1696/3458 [=============>................] - ETA: 1:26 - loss: 0.7860 - acc: 0.7064
1728/3458 [=============>................] - ETA: 1:24 - loss: 0.7865 - acc: 0.7054
1760/3458 [==============>...............] - ETA: 1:23 - loss: 0.7870 - acc: 0.7045
1792/3458 [==============>...............] - ETA: 1:21 - loss: 0.7871 - acc: 0.7065
1824/3458 [==============>...............] - ETA: 1:20 - loss: 0.7850 - acc: 0.7083
1856/3458 [===============>..............] - ETA: 1:18 - loss: 0.7849 - acc: 0.7080
1888/3458 [===============>..............] - ETA: 1:16 - loss: 0.7867 - acc: 0.7066
1920/3458 [===============>..............] - ETA: 1:15 - loss: 0.7839 - acc: 0.7073
1952/3458 [===============>..............] - ETA: 1:13 - loss: 0.7812 - acc: 0.7090
1984/3458 [================>.............] - ETA: 1:12 - loss: 0.7839 - acc: 0.7082
2016/3458 [================>.............] - ETA: 1:10 - loss: 0.7837 - acc: 0.7083
2048/3458 [================>.............] - ETA: 1:09 - loss: 0.7809 - acc: 0.7095
2080/3458 [=================>............] - ETA: 1:07 - loss: 0.7806 - acc: 0.7082
2112/3458 [=================>............] - ETA: 1:05 - loss: 0.7839 - acc: 0.7064
2144/3458 [=================>............] - ETA: 1:04 - loss: 0.7822 - acc: 0.7076
2176/3458 [=================>............] - ETA: 1:02 - loss: 0.7802 - acc: 0.7077
2208/3458 [==================>...........] - ETA: 1:01 - loss: 0.7754 - acc: 0.7101
2240/3458 [==================>...........] - ETA: 59s - loss: 0.7750 - acc: 0.7098 
2272/3458 [==================>...........] - ETA: 58s - loss: 0.7730 - acc: 0.7091
2304/3458 [==================>...........] - ETA: 56s - loss: 0.7725 - acc: 0.7101
2336/3458 [===================>..........] - ETA: 54s - loss: 0.7707 - acc: 0.7093
2368/3458 [===================>..........] - ETA: 53s - loss: 0.7677 - acc: 0.7107
2400/3458 [===================>..........] - ETA: 51s - loss: 0.7671 - acc: 0.7104
2432/3458 [====================>.........] - ETA: 50s - loss: 0.7676 - acc: 0.7093
2464/3458 [====================>.........] - ETA: 48s - loss: 0.7638 - acc: 0.7098
2496/3458 [====================>.........] - ETA: 47s - loss: 0.7634 - acc: 0.7099
2528/3458 [====================>.........] - ETA: 45s - loss: 0.7625 - acc: 0.7093
2560/3458 [=====================>........] - ETA: 44s - loss: 0.7604 - acc: 0.7105
2592/3458 [=====================>........] - ETA: 42s - loss: 0.7621 - acc: 0.7095
2624/3458 [=====================>........] - ETA: 40s - loss: 0.7627 - acc: 0.7100
2656/3458 [======================>.......] - ETA: 39s - loss: 0.7604 - acc: 0.7116
2688/3458 [======================>.......] - ETA: 37s - loss: 0.7594 - acc: 0.7117
2720/3458 [======================>.......] - ETA: 36s - loss: 0.7585 - acc: 0.7114
2752/3458 [======================>.......] - ETA: 34s - loss: 0.7590 - acc: 0.7108
2784/3458 [=======================>......] - ETA: 33s - loss: 0.7569 - acc: 0.7119
2816/3458 [=======================>......] - ETA: 31s - loss: 0.7593 - acc: 0.7120
2848/3458 [=======================>......] - ETA: 29s - loss: 0.7589 - acc: 0.7124
2880/3458 [=======================>......] - ETA: 28s - loss: 0.7577 - acc: 0.7128
2912/3458 [========================>.....] - ETA: 26s - loss: 0.7555 - acc: 0.7146
2944/3458 [========================>.....] - ETA: 25s - loss: 0.7542 - acc: 0.7150
2976/3458 [========================>.....] - ETA: 23s - loss: 0.7513 - acc: 0.7157
3008/3458 [=========================>....] - ETA: 22s - loss: 0.7517 - acc: 0.7161
3040/3458 [=========================>....] - ETA: 20s - loss: 0.7518 - acc: 0.7161
3072/3458 [=========================>....] - ETA: 18s - loss: 0.7492 - acc: 0.7174
3104/3458 [=========================>....] - ETA: 17s - loss: 0.7499 - acc: 0.7168
3136/3458 [==========================>...] - ETA: 15s - loss: 0.7500 - acc: 0.7172
3168/3458 [==========================>...] - ETA: 14s - loss: 0.7501 - acc: 0.7169
3200/3458 [==========================>...] - ETA: 12s - loss: 0.7509 - acc: 0.7169
3232/3458 [===========================>..] - ETA: 11s - loss: 0.7483 - acc: 0.7181
3264/3458 [===========================>..] - ETA: 9s - loss: 0.7461 - acc: 0.7178 
3296/3458 [===========================>..] - ETA: 7s - loss: 0.7455 - acc: 0.7178
3328/3458 [===========================>..] - ETA: 6s - loss: 0.7451 - acc: 0.7172
3360/3458 [============================>.] - ETA: 4s - loss: 0.7439 - acc: 0.7182
3392/3458 [============================>.] - ETA: 3s - loss: 0.7453 - acc: 0.7170
3424/3458 [============================>.] - ETA: 1s - loss: 0.7458 - acc: 0.7164
3456/3458 [============================>.] - ETA: 0s - loss: 0.7471 - acc: 0.7161
3458/3458 [==============================] - 170s 49ms/sample - loss: 0.7471 - acc: 0.7160

 32/865 [>.............................] - ETA: 7s - loss: 0.9567 - acc: 0.6250
 64/865 [=>............................] - ETA: 7s - loss: 0.9420 - acc: 0.6094
 96/865 [==>...........................] - ETA: 7s - loss: 1.0635 - acc: 0.6042
128/865 [===>..........................] - ETA: 6s - loss: 1.0113 - acc: 0.6172
160/865 [====>.........................] - ETA: 6s - loss: 1.0628 - acc: 0.5875
192/865 [=====>........................] - ETA: 6s - loss: 1.0848 - acc: 0.5781
224/865 [======>.......................] - ETA: 5s - loss: 1.0714 - acc: 0.5714
256/865 [=======>......................] - ETA: 5s - loss: 1.0701 - acc: 0.5703
288/865 [========>.....................] - ETA: 5s - loss: 1.0589 - acc: 0.5729
320/865 [==========>...................] - ETA: 4s - loss: 1.0666 - acc: 0.5688
352/865 [===========>..................] - ETA: 4s - loss: 1.0537 - acc: 0.5767
384/865 [============>.................] - ETA: 4s - loss: 1.0529 - acc: 0.5885
416/865 [=============>................] - ETA: 4s - loss: 1.0590 - acc: 0.5769
448/865 [==============>...............] - ETA: 3s - loss: 1.0745 - acc: 0.5714
480/865 [===============>..............] - ETA: 3s - loss: 1.0570 - acc: 0.5792
512/865 [================>.............] - ETA: 3s - loss: 1.0753 - acc: 0.5742
544/865 [=================>............] - ETA: 2s - loss: 1.0666 - acc: 0.5772
576/865 [==================>...........] - ETA: 2s - loss: 1.0759 - acc: 0.5764
608/865 [====================>.........] - ETA: 2s - loss: 1.0706 - acc: 0.5740
640/865 [=====================>........] - ETA: 2s - loss: 1.0732 - acc: 0.5766
672/865 [======================>.......] - ETA: 1s - loss: 1.0854 - acc: 0.5699
704/865 [=======================>......] - ETA: 1s - loss: 1.0907 - acc: 0.5682
736/865 [========================>.....] - ETA: 1s - loss: 1.0806 - acc: 0.5720
768/865 [=========================>....] - ETA: 0s - loss: 1.1009 - acc: 0.5690
800/865 [==========================>...] - ETA: 0s - loss: 1.1161 - acc: 0.5612
832/865 [===========================>..] - ETA: 0s - loss: 1.1196 - acc: 0.5625
864/865 [============================>.] - ETA: 0s - loss: 1.1027 - acc: 0.5706
865/865 [==============================] - 8s 9ms/sample - loss: 1.1015 - acc: 0.5711

  32/3458 [..............................] - ETA: 2:48 - loss: 0.6441 - acc: 0.8438
  64/3458 [..............................] - ETA: 2:46 - loss: 0.5702 - acc: 0.8594
  96/3458 [..............................] - ETA: 2:44 - loss: 0.5310 - acc: 0.8542
 128/3458 [>.............................] - ETA: 2:42 - loss: 0.5289 - acc: 0.8281
 160/3458 [>.............................] - ETA: 2:41 - loss: 0.5093 - acc: 0.8375
 192/3458 [>.............................] - ETA: 2:39 - loss: 0.5174 - acc: 0.8333
 224/3458 [>.............................] - ETA: 2:38 - loss: 0.4967 - acc: 0.8393
 256/3458 [=>............................] - ETA: 2:36 - loss: 0.4792 - acc: 0.8398
 288/3458 [=>............................] - ETA: 2:35 - loss: 0.4901 - acc: 0.8333
 320/3458 [=>............................] - ETA: 2:33 - loss: 0.4815 - acc: 0.8344
 352/3458 [==>...........................] - ETA: 2:32 - loss: 0.4855 - acc: 0.8324
 384/3458 [==>...........................] - ETA: 2:30 - loss: 0.5099 - acc: 0.8229
 416/3458 [==>...........................] - ETA: 2:29 - loss: 0.5000 - acc: 0.8269
 448/3458 [==>...........................] - ETA: 2:27 - loss: 0.4921 - acc: 0.8304
 480/3458 [===>..........................] - ETA: 2:25 - loss: 0.4918 - acc: 0.8292
 512/3458 [===>..........................] - ETA: 2:24 - loss: 0.4891 - acc: 0.8262
 544/3458 [===>..........................] - ETA: 2:22 - loss: 0.4753 - acc: 0.8327
 576/3458 [===>..........................] - ETA: 2:21 - loss: 0.4726 - acc: 0.8351
 608/3458 [====>.........................] - ETA: 2:19 - loss: 0.4673 - acc: 0.8372
 640/3458 [====>.........................] - ETA: 2:18 - loss: 0.4621 - acc: 0.8391
 672/3458 [====>.........................] - ETA: 2:16 - loss: 0.4591 - acc: 0.8378
 704/3458 [=====>........................] - ETA: 2:15 - loss: 0.4541 - acc: 0.8423
 736/3458 [=====>........................] - ETA: 2:13 - loss: 0.4505 - acc: 0.8465
 768/3458 [=====>........................] - ETA: 2:11 - loss: 0.4527 - acc: 0.8438
 800/3458 [=====>........................] - ETA: 2:10 - loss: 0.4504 - acc: 0.8413
 832/3458 [======>.......................] - ETA: 2:08 - loss: 0.4568 - acc: 0.8401
 864/3458 [======>.......................] - ETA: 2:07 - loss: 0.4569 - acc: 0.8380
 896/3458 [======>.......................] - ETA: 2:05 - loss: 0.4543 - acc: 0.8382
 928/3458 [=======>......................] - ETA: 2:03 - loss: 0.4540 - acc: 0.8373
 960/3458 [=======>......................] - ETA: 2:02 - loss: 0.4608 - acc: 0.8344
 992/3458 [=======>......................] - ETA: 2:00 - loss: 0.4593 - acc: 0.8367
1024/3458 [=======>......................] - ETA: 1:59 - loss: 0.4561 - acc: 0.8379
1056/3458 [========>.....................] - ETA: 1:57 - loss: 0.4615 - acc: 0.8343
1088/3458 [========>.....................] - ETA: 1:56 - loss: 0.4593 - acc: 0.8355
1120/3458 [========>.....................] - ETA: 1:54 - loss: 0.4543 - acc: 0.8375
1152/3458 [========>.....................] - ETA: 1:52 - loss: 0.4532 - acc: 0.8377
1184/3458 [=========>....................] - ETA: 1:51 - loss: 0.4506 - acc: 0.8361
1216/3458 [=========>....................] - ETA: 1:49 - loss: 0.4471 - acc: 0.8380
1248/3458 [=========>....................] - ETA: 1:48 - loss: 0.4501 - acc: 0.8365
1280/3458 [==========>...................] - ETA: 1:46 - loss: 0.4487 - acc: 0.8375
1312/3458 [==========>...................] - ETA: 1:45 - loss: 0.4496 - acc: 0.8377
1344/3458 [==========>...................] - ETA: 1:43 - loss: 0.4520 - acc: 0.8363
1376/3458 [==========>...................] - ETA: 1:42 - loss: 0.4490 - acc: 0.8379
1408/3458 [===========>..................] - ETA: 1:40 - loss: 0.4447 - acc: 0.8402
1440/3458 [===========>..................] - ETA: 1:38 - loss: 0.4449 - acc: 0.8382
1472/3458 [===========>..................] - ETA: 1:37 - loss: 0.4416 - acc: 0.8397
1504/3458 [============>.................] - ETA: 1:35 - loss: 0.4402 - acc: 0.8404
1536/3458 [============>.................] - ETA: 1:34 - loss: 0.4342 - acc: 0.8431
1568/3458 [============>.................] - ETA: 1:32 - loss: 0.4334 - acc: 0.8444
1600/3458 [============>.................] - ETA: 1:31 - loss: 0.4294 - acc: 0.8462
1632/3458 [=============>................] - ETA: 1:29 - loss: 0.4286 - acc: 0.8462
1664/3458 [=============>................] - ETA: 1:27 - loss: 0.4305 - acc: 0.8456
1696/3458 [=============>................] - ETA: 1:26 - loss: 0.4290 - acc: 0.8455
1728/3458 [=============>................] - ETA: 1:24 - loss: 0.4280 - acc: 0.8466
1760/3458 [==============>...............] - ETA: 1:23 - loss: 0.4271 - acc: 0.8466
1792/3458 [==============>...............] - ETA: 1:21 - loss: 0.4259 - acc: 0.8465
1824/3458 [==============>...............] - ETA: 1:20 - loss: 0.4251 - acc: 0.8470
1856/3458 [===============>..............] - ETA: 1:18 - loss: 0.4241 - acc: 0.8481
1888/3458 [===============>..............] - ETA: 1:16 - loss: 0.4225 - acc: 0.8490
1920/3458 [===============>..............] - ETA: 1:15 - loss: 0.4234 - acc: 0.8490
1952/3458 [===============>..............] - ETA: 1:13 - loss: 0.4202 - acc: 0.8499
1984/3458 [================>.............] - ETA: 1:12 - loss: 0.4230 - acc: 0.8473
2016/3458 [================>.............] - ETA: 1:10 - loss: 0.4228 - acc: 0.8482
2048/3458 [================>.............] - ETA: 1:09 - loss: 0.4237 - acc: 0.8472
2080/3458 [=================>............] - ETA: 1:07 - loss: 0.4213 - acc: 0.8476
2112/3458 [=================>............] - ETA: 1:05 - loss: 0.4199 - acc: 0.8475
2144/3458 [=================>............] - ETA: 1:04 - loss: 0.4225 - acc: 0.8461
2176/3458 [=================>............] - ETA: 1:02 - loss: 0.4218 - acc: 0.8465
2208/3458 [==================>...........] - ETA: 1:01 - loss: 0.4218 - acc: 0.8469
2240/3458 [==================>...........] - ETA: 59s - loss: 0.4235 - acc: 0.8469 
2272/3458 [==================>...........] - ETA: 58s - loss: 0.4220 - acc: 0.8473
2304/3458 [==================>...........] - ETA: 56s - loss: 0.4237 - acc: 0.8464
2336/3458 [===================>..........] - ETA: 54s - loss: 0.4229 - acc: 0.8476
2368/3458 [===================>..........] - ETA: 53s - loss: 0.4235 - acc: 0.8463
2400/3458 [===================>..........] - ETA: 51s - loss: 0.4228 - acc: 0.8462
2432/3458 [====================>.........] - ETA: 50s - loss: 0.4228 - acc: 0.8462
2464/3458 [====================>.........] - ETA: 48s - loss: 0.4239 - acc: 0.8466
2496/3458 [====================>.........] - ETA: 47s - loss: 0.4208 - acc: 0.8482
2528/3458 [====================>.........] - ETA: 45s - loss: 0.4194 - acc: 0.8489
2560/3458 [=====================>........] - ETA: 43s - loss: 0.4186 - acc: 0.8484
2592/3458 [=====================>........] - ETA: 42s - loss: 0.4192 - acc: 0.8488
2624/3458 [=====================>........] - ETA: 40s - loss: 0.4180 - acc: 0.8498
2656/3458 [======================>.......] - ETA: 39s - loss: 0.4213 - acc: 0.8486
2688/3458 [======================>.......] - ETA: 37s - loss: 0.4230 - acc: 0.8478
2720/3458 [======================>.......] - ETA: 36s - loss: 0.4219 - acc: 0.8482
2752/3458 [======================>.......] - ETA: 34s - loss: 0.4232 - acc: 0.8470
2784/3458 [=======================>......] - ETA: 33s - loss: 0.4225 - acc: 0.8473
2816/3458 [=======================>......] - ETA: 31s - loss: 0.4213 - acc: 0.8473
2848/3458 [=======================>......] - ETA: 29s - loss: 0.4233 - acc: 0.8466
2880/3458 [=======================>......] - ETA: 28s - loss: 0.4247 - acc: 0.8455
2912/3458 [========================>.....] - ETA: 26s - loss: 0.4243 - acc: 0.8455
2944/3458 [========================>.....] - ETA: 25s - loss: 0.4256 - acc: 0.8448
2976/3458 [========================>.....] - ETA: 23s - loss: 0.4251 - acc: 0.8454
3008/3458 [=========================>....] - ETA: 22s - loss: 0.4250 - acc: 0.8454
3040/3458 [=========================>....] - ETA: 20s - loss: 0.4251 - acc: 0.8454
3072/3458 [=========================>....] - ETA: 18s - loss: 0.4277 - acc: 0.8447
3104/3458 [=========================>....] - ETA: 17s - loss: 0.4266 - acc: 0.8457
3136/3458 [==========================>...] - ETA: 15s - loss: 0.4250 - acc: 0.8460
3168/3458 [==========================>...] - ETA: 14s - loss: 0.4247 - acc: 0.8463
3200/3458 [==========================>...] - ETA: 12s - loss: 0.4253 - acc: 0.8462
3232/3458 [===========================>..] - ETA: 11s - loss: 0.4256 - acc: 0.8462
3264/3458 [===========================>..] - ETA: 9s - loss: 0.4250 - acc: 0.8462 
3296/3458 [===========================>..] - ETA: 7s - loss: 0.4280 - acc: 0.8450
3328/3458 [===========================>..] - ETA: 6s - loss: 0.4264 - acc: 0.8456
3360/3458 [============================>.] - ETA: 4s - loss: 0.4258 - acc: 0.8455
3392/3458 [============================>.] - ETA: 3s - loss: 0.4251 - acc: 0.8461
3424/3458 [============================>.] - ETA: 1s - loss: 0.4253 - acc: 0.8461
3456/3458 [============================>.] - ETA: 0s - loss: 0.4264 - acc: 0.8458
3458/3458 [==============================] - 170s 49ms/sample - loss: 0.4262 - acc: 0.8459

 32/865 [>.............................] - ETA: 7s - loss: 1.1457 - acc: 0.5000
 64/865 [=>............................] - ETA: 7s - loss: 1.0969 - acc: 0.5312
 96/865 [==>...........................] - ETA: 7s - loss: 1.1942 - acc: 0.5729
128/865 [===>..........................] - ETA: 6s - loss: 1.1232 - acc: 0.6016
160/865 [====>.........................] - ETA: 6s - loss: 1.1451 - acc: 0.5875
192/865 [=====>........................] - ETA: 6s - loss: 1.1848 - acc: 0.5938
224/865 [======>.......................] - ETA: 5s - loss: 1.1964 - acc: 0.5938
256/865 [=======>......................] - ETA: 5s - loss: 1.2052 - acc: 0.5898
288/865 [========>.....................] - ETA: 5s - loss: 1.2569 - acc: 0.5833
320/865 [==========>...................] - ETA: 4s - loss: 1.2630 - acc: 0.5813
352/865 [===========>..................] - ETA: 4s - loss: 1.2736 - acc: 0.5852
384/865 [============>.................] - ETA: 4s - loss: 1.2688 - acc: 0.5964
416/865 [=============>................] - ETA: 4s - loss: 1.2658 - acc: 0.5962
448/865 [==============>...............] - ETA: 3s - loss: 1.2800 - acc: 0.5938
480/865 [===============>..............] - ETA: 3s - loss: 1.2379 - acc: 0.6000
512/865 [================>.............] - ETA: 3s - loss: 1.2571 - acc: 0.5977
544/865 [=================>............] - ETA: 2s - loss: 1.2381 - acc: 0.6029
576/865 [==================>...........] - ETA: 2s - loss: 1.2395 - acc: 0.6042
608/865 [====================>.........] - ETA: 2s - loss: 1.2249 - acc: 0.6069
640/865 [=====================>........] - ETA: 2s - loss: 1.2102 - acc: 0.6125
672/865 [======================>.......] - ETA: 1s - loss: 1.2625 - acc: 0.6071
704/865 [=======================>......] - ETA: 1s - loss: 1.2627 - acc: 0.6065
736/865 [========================>.....] - ETA: 1s - loss: 1.2363 - acc: 0.6155
768/865 [=========================>....] - ETA: 0s - loss: 1.2422 - acc: 0.6107
800/865 [==========================>...] - ETA: 0s - loss: 1.2667 - acc: 0.6050
832/865 [===========================>..] - ETA: 0s - loss: 1.2636 - acc: 0.6034
864/865 [============================>.] - ETA: 0s - loss: 1.2461 - acc: 0.6100
865/865 [==============================] - 8s 9ms/sample - loss: 1.2448 - acc: 0.6104
