For Dropout_1=0.8 Dropout_2=0.3
daisy loaded
dandelion loaded
rose loaded
sunflower loaded
tulip loaded

  32/3458 [..............................] - ETA: 3:12 - loss: 1.6678 - acc: 0.1875
  64/3458 [..............................] - ETA: 2:58 - loss: 14.7379 - acc: 0.1719
  96/3458 [..............................] - ETA: 2:54 - loss: 13.3512 - acc: 0.1771
 128/3458 [>.............................] - ETA: 2:51 - loss: 11.1870 - acc: 0.1719
 160/3458 [>.............................] - ETA: 2:48 - loss: 9.3883 - acc: 0.1688 
 192/3458 [>.............................] - ETA: 2:45 - loss: 8.0918 - acc: 0.1771
 224/3458 [>.............................] - ETA: 2:42 - loss: 7.1638 - acc: 0.2054
 256/3458 [=>............................] - ETA: 2:41 - loss: 6.4718 - acc: 0.2031
 288/3458 [=>............................] - ETA: 2:39 - loss: 5.9327 - acc: 0.2049
 320/3458 [=>............................] - ETA: 2:37 - loss: 5.4961 - acc: 0.2125
 352/3458 [==>...........................] - ETA: 2:35 - loss: 5.1440 - acc: 0.2102
 384/3458 [==>...........................] - ETA: 2:34 - loss: 4.8443 - acc: 0.2188
 416/3458 [==>...........................] - ETA: 2:32 - loss: 4.5911 - acc: 0.2212
 448/3458 [==>...........................] - ETA: 2:31 - loss: 4.3710 - acc: 0.2277
 480/3458 [===>..........................] - ETA: 2:29 - loss: 4.1837 - acc: 0.2292
 512/3458 [===>..........................] - ETA: 2:27 - loss: 4.0211 - acc: 0.2285
 544/3458 [===>..........................] - ETA: 2:26 - loss: 3.8768 - acc: 0.2279
 576/3458 [===>..........................] - ETA: 2:24 - loss: 3.7422 - acc: 0.2326
 608/3458 [====>.........................] - ETA: 2:22 - loss: 3.6234 - acc: 0.2352
 640/3458 [====>.........................] - ETA: 2:21 - loss: 3.5170 - acc: 0.2375
 672/3458 [====>.........................] - ETA: 2:19 - loss: 3.4170 - acc: 0.2440
 704/3458 [=====>........................] - ETA: 2:17 - loss: 3.3248 - acc: 0.2486
 736/3458 [=====>........................] - ETA: 2:15 - loss: 3.2391 - acc: 0.2514
 768/3458 [=====>........................] - ETA: 2:14 - loss: 3.1665 - acc: 0.2474
 800/3458 [=====>........................] - ETA: 2:12 - loss: 3.0933 - acc: 0.2512
 832/3458 [======>.......................] - ETA: 2:11 - loss: 3.0272 - acc: 0.2560
 864/3458 [======>.......................] - ETA: 2:09 - loss: 2.9698 - acc: 0.2546
 896/3458 [======>.......................] - ETA: 2:07 - loss: 2.9105 - acc: 0.2612
 928/3458 [=======>......................] - ETA: 2:06 - loss: 2.8656 - acc: 0.2575
 960/3458 [=======>......................] - ETA: 2:04 - loss: 2.8090 - acc: 0.2656
 992/3458 [=======>......................] - ETA: 2:02 - loss: 2.7621 - acc: 0.2651
1024/3458 [=======>......................] - ETA: 2:01 - loss: 2.7189 - acc: 0.2695
1056/3458 [========>.....................] - ETA: 1:59 - loss: 2.6836 - acc: 0.2718
1088/3458 [========>.....................] - ETA: 1:58 - loss: 2.6491 - acc: 0.2702
1120/3458 [========>.....................] - ETA: 1:56 - loss: 2.6144 - acc: 0.2750
1152/3458 [========>.....................] - ETA: 1:54 - loss: 2.5775 - acc: 0.2786
1184/3458 [=========>....................] - ETA: 1:53 - loss: 2.5538 - acc: 0.2796
1216/3458 [=========>....................] - ETA: 1:51 - loss: 2.5222 - acc: 0.2837
1248/3458 [=========>....................] - ETA: 1:49 - loss: 2.4898 - acc: 0.2885
1280/3458 [==========>...................] - ETA: 1:48 - loss: 2.4632 - acc: 0.2937
1312/3458 [==========>...................] - ETA: 1:46 - loss: 2.4328 - acc: 0.2980
1344/3458 [==========>...................] - ETA: 1:45 - loss: 2.4061 - acc: 0.3013
1376/3458 [==========>...................] - ETA: 1:43 - loss: 2.3799 - acc: 0.3016
1408/3458 [===========>..................] - ETA: 1:41 - loss: 2.3544 - acc: 0.3075
1440/3458 [===========>..................] - ETA: 1:40 - loss: 2.3348 - acc: 0.3049
1472/3458 [===========>..................] - ETA: 1:38 - loss: 2.3107 - acc: 0.3084
1504/3458 [============>.................] - ETA: 1:37 - loss: 2.2928 - acc: 0.3092
1536/3458 [============>.................] - ETA: 1:35 - loss: 2.2743 - acc: 0.3118
1568/3458 [============>.................] - ETA: 1:33 - loss: 2.2543 - acc: 0.3151
1600/3458 [============>.................] - ETA: 1:32 - loss: 2.2386 - acc: 0.3156
1632/3458 [=============>................] - ETA: 1:30 - loss: 2.2216 - acc: 0.3168
1664/3458 [=============>................] - ETA: 1:29 - loss: 2.2037 - acc: 0.3155
1696/3458 [=============>................] - ETA: 1:27 - loss: 2.1882 - acc: 0.3160
1728/3458 [=============>................] - ETA: 1:25 - loss: 2.1758 - acc: 0.3177
1760/3458 [==============>...............] - ETA: 1:24 - loss: 2.1602 - acc: 0.3193
1792/3458 [==============>...............] - ETA: 1:22 - loss: 2.1441 - acc: 0.3259
1824/3458 [==============>...............] - ETA: 1:21 - loss: 2.1300 - acc: 0.3251
1856/3458 [===============>..............] - ETA: 1:19 - loss: 2.1148 - acc: 0.3276
1888/3458 [===============>..............] - ETA: 1:17 - loss: 2.0998 - acc: 0.3305
1920/3458 [===============>..............] - ETA: 1:16 - loss: 2.0875 - acc: 0.3328
1952/3458 [===============>..............] - ETA: 1:14 - loss: 2.0759 - acc: 0.3345
1984/3458 [================>.............] - ETA: 1:13 - loss: 2.0631 - acc: 0.3357
2016/3458 [================>.............] - ETA: 1:11 - loss: 2.0547 - acc: 0.3363
2048/3458 [================>.............] - ETA: 1:09 - loss: 2.0412 - acc: 0.3369
2080/3458 [=================>............] - ETA: 1:08 - loss: 2.0292 - acc: 0.3385
2112/3458 [=================>............] - ETA: 1:06 - loss: 2.0226 - acc: 0.3381
2144/3458 [=================>............] - ETA: 1:05 - loss: 2.0112 - acc: 0.3410
2176/3458 [=================>............] - ETA: 1:03 - loss: 2.0006 - acc: 0.3424
2208/3458 [==================>...........] - ETA: 1:01 - loss: 1.9928 - acc: 0.3456
2240/3458 [==================>...........] - ETA: 1:00 - loss: 1.9838 - acc: 0.3473
2272/3458 [==================>...........] - ETA: 58s - loss: 1.9753 - acc: 0.3486 
2304/3458 [==================>...........] - ETA: 57s - loss: 1.9662 - acc: 0.3507
2336/3458 [===================>..........] - ETA: 55s - loss: 1.9579 - acc: 0.3523
2368/3458 [===================>..........] - ETA: 54s - loss: 1.9496 - acc: 0.3526
2400/3458 [===================>..........] - ETA: 52s - loss: 1.9469 - acc: 0.3525
2432/3458 [====================>.........] - ETA: 50s - loss: 1.9399 - acc: 0.3540
2464/3458 [====================>.........] - ETA: 49s - loss: 1.9312 - acc: 0.3571
2496/3458 [====================>.........] - ETA: 47s - loss: 1.9243 - acc: 0.3578
2528/3458 [====================>.........] - ETA: 46s - loss: 1.9178 - acc: 0.3588
2560/3458 [=====================>........] - ETA: 44s - loss: 1.9102 - acc: 0.3613
2592/3458 [=====================>........] - ETA: 42s - loss: 1.9024 - acc: 0.3623
2624/3458 [=====================>........] - ETA: 41s - loss: 1.8958 - acc: 0.3643
2656/3458 [======================>.......] - ETA: 39s - loss: 1.8881 - acc: 0.3652
2688/3458 [======================>.......] - ETA: 38s - loss: 1.8811 - acc: 0.3664
2720/3458 [======================>.......] - ETA: 36s - loss: 1.8736 - acc: 0.3669
2752/3458 [======================>.......] - ETA: 34s - loss: 1.8673 - acc: 0.3666
2784/3458 [=======================>......] - ETA: 33s - loss: 1.8595 - acc: 0.3678
2816/3458 [=======================>......] - ETA: 31s - loss: 1.8502 - acc: 0.3693
2848/3458 [=======================>......] - ETA: 30s - loss: 1.8436 - acc: 0.3701
2880/3458 [=======================>......] - ETA: 28s - loss: 1.8374 - acc: 0.3712
2912/3458 [========================>.....] - ETA: 27s - loss: 1.8326 - acc: 0.3736
2944/3458 [========================>.....] - ETA: 25s - loss: 1.8253 - acc: 0.3740
2976/3458 [========================>.....] - ETA: 23s - loss: 1.8184 - acc: 0.3757
3008/3458 [=========================>....] - ETA: 22s - loss: 1.8133 - acc: 0.3760
3040/3458 [=========================>....] - ETA: 20s - loss: 1.8089 - acc: 0.3770
3072/3458 [=========================>....] - ETA: 19s - loss: 1.8033 - acc: 0.3773
3104/3458 [=========================>....] - ETA: 17s - loss: 1.8011 - acc: 0.3789
3136/3458 [==========================>...] - ETA: 15s - loss: 1.7940 - acc: 0.3807
3168/3458 [==========================>...] - ETA: 14s - loss: 1.7887 - acc: 0.3816
3200/3458 [==========================>...] - ETA: 12s - loss: 1.7860 - acc: 0.3816
3232/3458 [===========================>..] - ETA: 11s - loss: 1.7821 - acc: 0.3809
3264/3458 [===========================>..] - ETA: 9s - loss: 1.7777 - acc: 0.3811 
3296/3458 [===========================>..] - ETA: 8s - loss: 1.7738 - acc: 0.3811
3328/3458 [===========================>..] - ETA: 6s - loss: 1.7681 - acc: 0.3819
3360/3458 [============================>.] - ETA: 4s - loss: 1.7643 - acc: 0.3827
3392/3458 [============================>.] - ETA: 3s - loss: 1.7594 - acc: 0.3835
3424/3458 [============================>.] - ETA: 1s - loss: 1.7578 - acc: 0.3820
3456/3458 [============================>.] - ETA: 0s - loss: 1.7552 - acc: 0.3814
3458/3458 [==============================] - 172s 50ms/sample - loss: 1.7549 - acc: 0.3817

 32/865 [>.............................] - ETA: 7s - loss: 1.0201 - acc: 0.6562
 64/865 [=>............................] - ETA: 7s - loss: 1.0978 - acc: 0.5625
 96/865 [==>...........................] - ETA: 7s - loss: 1.1046 - acc: 0.5833
128/865 [===>..........................] - ETA: 6s - loss: 1.0715 - acc: 0.5938
160/865 [====>.........................] - ETA: 6s - loss: 1.1009 - acc: 0.5813
192/865 [=====>........................] - ETA: 6s - loss: 1.1420 - acc: 0.5573
224/865 [======>.......................] - ETA: 5s - loss: 1.1489 - acc: 0.5714
256/865 [=======>......................] - ETA: 5s - loss: 1.1587 - acc: 0.5742
288/865 [========>.....................] - ETA: 5s - loss: 1.1727 - acc: 0.5590
320/865 [==========>...................] - ETA: 4s - loss: 1.1895 - acc: 0.5594
352/865 [===========>..................] - ETA: 4s - loss: 1.2034 - acc: 0.5369
384/865 [============>.................] - ETA: 4s - loss: 1.2043 - acc: 0.5312
416/865 [=============>................] - ETA: 4s - loss: 1.2001 - acc: 0.5240
448/865 [==============>...............] - ETA: 3s - loss: 1.1987 - acc: 0.5201
480/865 [===============>..............] - ETA: 3s - loss: 1.1950 - acc: 0.5188
512/865 [================>.............] - ETA: 3s - loss: 1.2017 - acc: 0.5195
544/865 [=================>............] - ETA: 2s - loss: 1.2071 - acc: 0.5202
576/865 [==================>...........] - ETA: 2s - loss: 1.2096 - acc: 0.5226
608/865 [====================>.........] - ETA: 2s - loss: 1.2129 - acc: 0.5197
640/865 [=====================>........] - ETA: 2s - loss: 1.2181 - acc: 0.5094
672/865 [======================>.......] - ETA: 1s - loss: 1.2238 - acc: 0.5104
704/865 [=======================>......] - ETA: 1s - loss: 1.2297 - acc: 0.5085
736/865 [========================>.....] - ETA: 1s - loss: 1.2259 - acc: 0.5109
768/865 [=========================>....] - ETA: 0s - loss: 1.2263 - acc: 0.5104
800/865 [==========================>...] - ETA: 0s - loss: 1.2223 - acc: 0.5113
832/865 [===========================>..] - ETA: 0s - loss: 1.2181 - acc: 0.5168
864/865 [============================>.] - ETA: 0s - loss: 1.2169 - acc: 0.5185
865/865 [==============================] - 8s 9ms/sample - loss: 1.2168 - acc: 0.5191

  32/3458 [..............................] - ETA: 2:45 - loss: 1.1173 - acc: 0.6875
  64/3458 [..............................] - ETA: 2:46 - loss: 1.1887 - acc: 0.6094
  96/3458 [..............................] - ETA: 2:44 - loss: 1.2443 - acc: 0.5417
 128/3458 [>.............................] - ETA: 2:43 - loss: 1.2560 - acc: 0.5469
 160/3458 [>.............................] - ETA: 2:41 - loss: 1.2518 - acc: 0.5063
 192/3458 [>.............................] - ETA: 2:40 - loss: 1.2483 - acc: 0.4948
 224/3458 [>.............................] - ETA: 2:38 - loss: 1.2308 - acc: 0.4955
 256/3458 [=>............................] - ETA: 2:37 - loss: 1.2204 - acc: 0.5156
 288/3458 [=>............................] - ETA: 2:35 - loss: 1.2254 - acc: 0.5278
 320/3458 [=>............................] - ETA: 2:34 - loss: 1.2513 - acc: 0.5312
 352/3458 [==>...........................] - ETA: 2:32 - loss: 1.2540 - acc: 0.5256
 384/3458 [==>...........................] - ETA: 2:30 - loss: 1.2416 - acc: 0.5234
 416/3458 [==>...........................] - ETA: 2:29 - loss: 1.2466 - acc: 0.5192
 448/3458 [==>...........................] - ETA: 2:28 - loss: 1.2327 - acc: 0.5290
 480/3458 [===>..........................] - ETA: 2:26 - loss: 1.2305 - acc: 0.5250
 512/3458 [===>..........................] - ETA: 2:25 - loss: 1.2239 - acc: 0.5156
 544/3458 [===>..........................] - ETA: 2:23 - loss: 1.2411 - acc: 0.5055
 576/3458 [===>..........................] - ETA: 2:21 - loss: 1.2447 - acc: 0.5052
 608/3458 [====>.........................] - ETA: 2:20 - loss: 1.2527 - acc: 0.4984
 640/3458 [====>.........................] - ETA: 2:18 - loss: 1.2566 - acc: 0.4953
 672/3458 [====>.........................] - ETA: 2:17 - loss: 1.2568 - acc: 0.4896
 704/3458 [=====>........................] - ETA: 2:15 - loss: 1.2529 - acc: 0.4915
 736/3458 [=====>........................] - ETA: 2:13 - loss: 1.2618 - acc: 0.4851
 768/3458 [=====>........................] - ETA: 2:12 - loss: 1.2695 - acc: 0.4818
 800/3458 [=====>........................] - ETA: 2:11 - loss: 1.2612 - acc: 0.4812
 832/3458 [======>.......................] - ETA: 2:09 - loss: 1.2705 - acc: 0.4784
 864/3458 [======>.......................] - ETA: 2:07 - loss: 1.2733 - acc: 0.4769
 896/3458 [======>.......................] - ETA: 2:06 - loss: 1.2735 - acc: 0.4777
 928/3458 [=======>......................] - ETA: 2:04 - loss: 1.2746 - acc: 0.4795
 960/3458 [=======>......................] - ETA: 2:03 - loss: 1.2735 - acc: 0.4760
 992/3458 [=======>......................] - ETA: 2:01 - loss: 1.2757 - acc: 0.4698
1024/3458 [=======>......................] - ETA: 2:00 - loss: 1.2762 - acc: 0.4727
1056/3458 [========>.....................] - ETA: 1:58 - loss: 1.2789 - acc: 0.4744
1088/3458 [========>.....................] - ETA: 1:56 - loss: 1.2790 - acc: 0.4761
1120/3458 [========>.....................] - ETA: 1:55 - loss: 1.2781 - acc: 0.4777
1152/3458 [========>.....................] - ETA: 1:53 - loss: 1.2790 - acc: 0.4722
1184/3458 [=========>....................] - ETA: 1:52 - loss: 1.2808 - acc: 0.4721
1216/3458 [=========>....................] - ETA: 1:50 - loss: 1.2835 - acc: 0.4688
1248/3458 [=========>....................] - ETA: 1:49 - loss: 1.2850 - acc: 0.4679
1280/3458 [==========>...................] - ETA: 1:47 - loss: 1.2819 - acc: 0.4688
1312/3458 [==========>...................] - ETA: 1:45 - loss: 1.2816 - acc: 0.4680
1344/3458 [==========>...................] - ETA: 1:44 - loss: 1.2765 - acc: 0.4717
1376/3458 [==========>...................] - ETA: 1:42 - loss: 1.2743 - acc: 0.4724
1408/3458 [===========>..................] - ETA: 1:41 - loss: 1.2813 - acc: 0.4723
1440/3458 [===========>..................] - ETA: 1:39 - loss: 1.2780 - acc: 0.4722
1472/3458 [===========>..................] - ETA: 1:37 - loss: 1.2719 - acc: 0.4769
1504/3458 [============>.................] - ETA: 1:36 - loss: 1.2694 - acc: 0.4787
1536/3458 [============>.................] - ETA: 1:34 - loss: 1.2777 - acc: 0.4779
1568/3458 [============>.................] - ETA: 1:33 - loss: 1.2696 - acc: 0.4802
1600/3458 [============>.................] - ETA: 1:31 - loss: 1.2706 - acc: 0.4812
1632/3458 [=============>................] - ETA: 1:29 - loss: 1.2686 - acc: 0.4853
1664/3458 [=============>................] - ETA: 1:28 - loss: 1.2686 - acc: 0.4844
1696/3458 [=============>................] - ETA: 1:26 - loss: 1.2646 - acc: 0.4858
1728/3458 [=============>................] - ETA: 1:25 - loss: 1.2635 - acc: 0.4867
1760/3458 [==============>...............] - ETA: 1:23 - loss: 1.2632 - acc: 0.4869
1792/3458 [==============>...............] - ETA: 1:22 - loss: 1.2643 - acc: 0.4855
1824/3458 [==============>...............] - ETA: 1:20 - loss: 1.2639 - acc: 0.4836
1856/3458 [===============>..............] - ETA: 1:19 - loss: 1.2603 - acc: 0.4865
1888/3458 [===============>..............] - ETA: 1:17 - loss: 1.2616 - acc: 0.4846
1920/3458 [===============>..............] - ETA: 1:15 - loss: 1.2595 - acc: 0.4849
1952/3458 [===============>..............] - ETA: 1:14 - loss: 1.2562 - acc: 0.4857
1984/3458 [================>.............] - ETA: 1:12 - loss: 1.2537 - acc: 0.4874
2016/3458 [================>.............] - ETA: 1:11 - loss: 1.2527 - acc: 0.4861
2048/3458 [================>.............] - ETA: 1:09 - loss: 1.2491 - acc: 0.4878
2080/3458 [=================>............] - ETA: 1:07 - loss: 1.2485 - acc: 0.4875
2112/3458 [=================>............] - ETA: 1:06 - loss: 1.2448 - acc: 0.4891
2144/3458 [=================>............] - ETA: 1:04 - loss: 1.2498 - acc: 0.4860
2176/3458 [=================>............] - ETA: 1:03 - loss: 1.2465 - acc: 0.4862
2208/3458 [==================>...........] - ETA: 1:01 - loss: 1.2442 - acc: 0.4882
2240/3458 [==================>...........] - ETA: 1:00 - loss: 1.2420 - acc: 0.4897
2272/3458 [==================>...........] - ETA: 58s - loss: 1.2419 - acc: 0.4886 
2304/3458 [==================>...........] - ETA: 57s - loss: 1.2446 - acc: 0.4887
2336/3458 [===================>..........] - ETA: 55s - loss: 1.2402 - acc: 0.4893
2368/3458 [===================>..........] - ETA: 53s - loss: 1.2397 - acc: 0.4899
2400/3458 [===================>..........] - ETA: 52s - loss: 1.2373 - acc: 0.4921
2432/3458 [====================>.........] - ETA: 50s - loss: 1.2370 - acc: 0.4918
2464/3458 [====================>.........] - ETA: 49s - loss: 1.2354 - acc: 0.4919
2496/3458 [====================>.........] - ETA: 47s - loss: 1.2327 - acc: 0.4924
2528/3458 [====================>.........] - ETA: 45s - loss: 1.2317 - acc: 0.4945
2560/3458 [=====================>........] - ETA: 44s - loss: 1.2295 - acc: 0.4953
2592/3458 [=====================>........] - ETA: 42s - loss: 1.2282 - acc: 0.4942
2624/3458 [=====================>........] - ETA: 41s - loss: 1.2265 - acc: 0.4970
2656/3458 [======================>.......] - ETA: 39s - loss: 1.2249 - acc: 0.4974
2688/3458 [======================>.......] - ETA: 38s - loss: 1.2241 - acc: 0.4981
2720/3458 [======================>.......] - ETA: 36s - loss: 1.2244 - acc: 0.4989
2752/3458 [======================>.......] - ETA: 34s - loss: 1.2238 - acc: 0.5000
2784/3458 [=======================>......] - ETA: 33s - loss: 1.2247 - acc: 0.5000
2816/3458 [=======================>......] - ETA: 31s - loss: 1.2227 - acc: 0.5004
2848/3458 [=======================>......] - ETA: 30s - loss: 1.2216 - acc: 0.5007
2880/3458 [=======================>......] - ETA: 28s - loss: 1.2203 - acc: 0.5021
2912/3458 [========================>.....] - ETA: 26s - loss: 1.2196 - acc: 0.5027
2944/3458 [========================>.....] - ETA: 25s - loss: 1.2182 - acc: 0.5037
2976/3458 [========================>.....] - ETA: 23s - loss: 1.2168 - acc: 0.5037
3008/3458 [=========================>....] - ETA: 22s - loss: 1.2164 - acc: 0.5023
3040/3458 [=========================>....] - ETA: 20s - loss: 1.2176 - acc: 0.5026
3072/3458 [=========================>....] - ETA: 19s - loss: 1.2164 - acc: 0.5036
3104/3458 [=========================>....] - ETA: 17s - loss: 1.2171 - acc: 0.5032
3136/3458 [==========================>...] - ETA: 15s - loss: 1.2162 - acc: 0.5032
3168/3458 [==========================>...] - ETA: 14s - loss: 1.2176 - acc: 0.5038
3200/3458 [==========================>...] - ETA: 12s - loss: 1.2172 - acc: 0.5034
3232/3458 [===========================>..] - ETA: 11s - loss: 1.2159 - acc: 0.5037
3264/3458 [===========================>..] - ETA: 9s - loss: 1.2171 - acc: 0.5018 
3296/3458 [===========================>..] - ETA: 8s - loss: 1.2164 - acc: 0.5009
3328/3458 [===========================>..] - ETA: 6s - loss: 1.2167 - acc: 0.5003
3360/3458 [============================>.] - ETA: 4s - loss: 1.2150 - acc: 0.5000
3392/3458 [============================>.] - ETA: 3s - loss: 1.2158 - acc: 0.4991
3424/3458 [============================>.] - ETA: 1s - loss: 1.2175 - acc: 0.4974
3456/3458 [============================>.] - ETA: 0s - loss: 1.2163 - acc: 0.4977
3458/3458 [==============================] - 171s 50ms/sample - loss: 1.2161 - acc: 0.4977

 32/865 [>.............................] - ETA: 7s - loss: 1.0313 - acc: 0.6562
 64/865 [=>............................] - ETA: 7s - loss: 1.0389 - acc: 0.6094
 96/865 [==>...........................] - ETA: 6s - loss: 1.0394 - acc: 0.5833
128/865 [===>..........................] - ETA: 6s - loss: 1.0246 - acc: 0.5547
160/865 [====>.........................] - ETA: 6s - loss: 1.0284 - acc: 0.5625
192/865 [=====>........................] - ETA: 6s - loss: 1.0703 - acc: 0.5521
224/865 [======>.......................] - ETA: 5s - loss: 1.0952 - acc: 0.5491
256/865 [=======>......................] - ETA: 5s - loss: 1.0935 - acc: 0.5391
288/865 [========>.....................] - ETA: 5s - loss: 1.0909 - acc: 0.5312
320/865 [==========>...................] - ETA: 4s - loss: 1.1110 - acc: 0.5281
352/865 [===========>..................] - ETA: 4s - loss: 1.1327 - acc: 0.5114
384/865 [============>.................] - ETA: 4s - loss: 1.1354 - acc: 0.5104
416/865 [=============>................] - ETA: 4s - loss: 1.1241 - acc: 0.5072
448/865 [==============>...............] - ETA: 3s - loss: 1.1238 - acc: 0.5000
480/865 [===============>..............] - ETA: 3s - loss: 1.1127 - acc: 0.5063
512/865 [================>.............] - ETA: 3s - loss: 1.1156 - acc: 0.5117
544/865 [=================>............] - ETA: 2s - loss: 1.1123 - acc: 0.5110
576/865 [==================>...........] - ETA: 2s - loss: 1.1127 - acc: 0.5122
608/865 [====================>.........] - ETA: 2s - loss: 1.1172 - acc: 0.5115
640/865 [=====================>........] - ETA: 2s - loss: 1.1143 - acc: 0.5094
672/865 [======================>.......] - ETA: 1s - loss: 1.1245 - acc: 0.5074
704/865 [=======================>......] - ETA: 1s - loss: 1.1314 - acc: 0.5057
736/865 [========================>.....] - ETA: 1s - loss: 1.1291 - acc: 0.5054
768/865 [=========================>....] - ETA: 0s - loss: 1.1341 - acc: 0.5039
800/865 [==========================>...] - ETA: 0s - loss: 1.1290 - acc: 0.5063
832/865 [===========================>..] - ETA: 0s - loss: 1.1255 - acc: 0.5096
864/865 [============================>.] - ETA: 0s - loss: 1.1271 - acc: 0.5104
865/865 [==============================] - 8s 9ms/sample - loss: 1.1275 - acc: 0.5098

  32/3458 [..............................] - ETA: 2:44 - loss: 1.2799 - acc: 0.3750
  64/3458 [..............................] - ETA: 2:45 - loss: 1.0917 - acc: 0.5625
  96/3458 [..............................] - ETA: 2:44 - loss: 1.0630 - acc: 0.5521
 128/3458 [>.............................] - ETA: 2:43 - loss: 1.0446 - acc: 0.5547
 160/3458 [>.............................] - ETA: 2:42 - loss: 1.0366 - acc: 0.5750
 192/3458 [>.............................] - ETA: 2:40 - loss: 1.0630 - acc: 0.5573
 224/3458 [>.............................] - ETA: 2:38 - loss: 1.0723 - acc: 0.5580
 256/3458 [=>............................] - ETA: 2:37 - loss: 1.0640 - acc: 0.5430
 288/3458 [=>............................] - ETA: 2:35 - loss: 1.0609 - acc: 0.5521
 320/3458 [=>............................] - ETA: 2:34 - loss: 1.0656 - acc: 0.5375
 352/3458 [==>...........................] - ETA: 2:33 - loss: 1.0610 - acc: 0.5398
 384/3458 [==>...........................] - ETA: 2:31 - loss: 1.0649 - acc: 0.5339
 416/3458 [==>...........................] - ETA: 2:30 - loss: 1.0780 - acc: 0.5192
 448/3458 [==>...........................] - ETA: 2:28 - loss: 1.0667 - acc: 0.5290
 480/3458 [===>..........................] - ETA: 2:27 - loss: 1.0608 - acc: 0.5312
 512/3458 [===>..........................] - ETA: 2:25 - loss: 1.0526 - acc: 0.5371
 544/3458 [===>..........................] - ETA: 2:23 - loss: 1.0555 - acc: 0.5386
 576/3458 [===>..........................] - ETA: 2:22 - loss: 1.0926 - acc: 0.5312
 608/3458 [====>.........................] - ETA: 2:20 - loss: 1.0976 - acc: 0.5312
 640/3458 [====>.........................] - ETA: 2:19 - loss: 1.1001 - acc: 0.5328
 672/3458 [====>.........................] - ETA: 2:17 - loss: 1.1032 - acc: 0.5312
 704/3458 [=====>........................] - ETA: 2:16 - loss: 1.1038 - acc: 0.5327
 736/3458 [=====>........................] - ETA: 2:14 - loss: 1.0981 - acc: 0.5326
 768/3458 [=====>........................] - ETA: 2:13 - loss: 1.1001 - acc: 0.5299
 800/3458 [=====>........................] - ETA: 2:11 - loss: 1.0954 - acc: 0.5375
 832/3458 [======>.......................] - ETA: 2:10 - loss: 1.0908 - acc: 0.5397
 864/3458 [======>.......................] - ETA: 2:08 - loss: 1.0902 - acc: 0.5382
 896/3458 [======>.......................] - ETA: 2:07 - loss: 1.0985 - acc: 0.5312
 928/3458 [=======>......................] - ETA: 2:05 - loss: 1.1008 - acc: 0.5345
 960/3458 [=======>......................] - ETA: 2:03 - loss: 1.1034 - acc: 0.5354
 992/3458 [=======>......................] - ETA: 2:02 - loss: 1.1066 - acc: 0.5353
1024/3458 [=======>......................] - ETA: 2:00 - loss: 1.1082 - acc: 0.5371
1056/3458 [========>.....................] - ETA: 1:58 - loss: 1.1099 - acc: 0.5331
1088/3458 [========>.....................] - ETA: 1:57 - loss: 1.1093 - acc: 0.5340
1120/3458 [========>.....................] - ETA: 1:55 - loss: 1.1101 - acc: 0.5339
1152/3458 [========>.....................] - ETA: 1:54 - loss: 1.1108 - acc: 0.5312
1184/3458 [=========>....................] - ETA: 1:52 - loss: 1.1068 - acc: 0.5329
1216/3458 [=========>....................] - ETA: 1:50 - loss: 1.1074 - acc: 0.5354
1248/3458 [=========>....................] - ETA: 1:49 - loss: 1.1064 - acc: 0.5321
1280/3458 [==========>...................] - ETA: 1:47 - loss: 1.0992 - acc: 0.5375
1312/3458 [==========>...................] - ETA: 1:46 - loss: 1.0907 - acc: 0.5419
1344/3458 [==========>...................] - ETA: 1:44 - loss: 1.0925 - acc: 0.5424
1376/3458 [==========>...................] - ETA: 1:43 - loss: 1.0947 - acc: 0.5422
1408/3458 [===========>..................] - ETA: 1:41 - loss: 1.0953 - acc: 0.5433
1440/3458 [===========>..................] - ETA: 1:39 - loss: 1.0941 - acc: 0.5437
1472/3458 [===========>..................] - ETA: 1:38 - loss: 1.0922 - acc: 0.5462
1504/3458 [============>.................] - ETA: 1:36 - loss: 1.0972 - acc: 0.5452
1536/3458 [============>.................] - ETA: 1:35 - loss: 1.0943 - acc: 0.5482
1568/3458 [============>.................] - ETA: 1:33 - loss: 1.0995 - acc: 0.5491
1600/3458 [============>.................] - ETA: 1:31 - loss: 1.1044 - acc: 0.5462
1632/3458 [=============>................] - ETA: 1:30 - loss: 1.1062 - acc: 0.5472
1664/3458 [=============>................] - ETA: 1:28 - loss: 1.1080 - acc: 0.5481
1696/3458 [=============>................] - ETA: 1:27 - loss: 1.1054 - acc: 0.5489
1728/3458 [=============>................] - ETA: 1:25 - loss: 1.1074 - acc: 0.5486
1760/3458 [==============>...............] - ETA: 1:23 - loss: 1.1066 - acc: 0.5494
1792/3458 [==============>...............] - ETA: 1:22 - loss: 1.1091 - acc: 0.5497
1824/3458 [==============>...............] - ETA: 1:20 - loss: 1.1097 - acc: 0.5482
1856/3458 [===============>..............] - ETA: 1:19 - loss: 1.1080 - acc: 0.5501
1888/3458 [===============>..............] - ETA: 1:17 - loss: 1.1119 - acc: 0.5477
1920/3458 [===============>..............] - ETA: 1:16 - loss: 1.1110 - acc: 0.5500
1952/3458 [===============>..............] - ETA: 1:14 - loss: 1.1123 - acc: 0.5492
1984/3458 [================>.............] - ETA: 1:12 - loss: 1.1102 - acc: 0.5514
2016/3458 [================>.............] - ETA: 1:11 - loss: 1.1127 - acc: 0.5501
2048/3458 [================>.............] - ETA: 1:09 - loss: 1.1126 - acc: 0.5513
2080/3458 [=================>............] - ETA: 1:08 - loss: 1.1158 - acc: 0.5514
2112/3458 [=================>............] - ETA: 1:06 - loss: 1.1155 - acc: 0.5507
2144/3458 [=================>............] - ETA: 1:05 - loss: 1.1157 - acc: 0.5508
2176/3458 [=================>............] - ETA: 1:03 - loss: 1.1154 - acc: 0.5510
2208/3458 [==================>...........] - ETA: 1:01 - loss: 1.1152 - acc: 0.5516
2240/3458 [==================>...........] - ETA: 1:00 - loss: 1.1172 - acc: 0.5496
2272/3458 [==================>...........] - ETA: 58s - loss: 1.1187 - acc: 0.5497 
2304/3458 [==================>...........] - ETA: 57s - loss: 1.1188 - acc: 0.5490
2336/3458 [===================>..........] - ETA: 55s - loss: 1.1174 - acc: 0.5488
2368/3458 [===================>..........] - ETA: 53s - loss: 1.1194 - acc: 0.5498
2400/3458 [===================>..........] - ETA: 52s - loss: 1.1189 - acc: 0.5492
2432/3458 [====================>.........] - ETA: 50s - loss: 1.1181 - acc: 0.5485
2464/3458 [====================>.........] - ETA: 49s - loss: 1.1195 - acc: 0.5475
2496/3458 [====================>.........] - ETA: 47s - loss: 1.1218 - acc: 0.5465
2528/3458 [====================>.........] - ETA: 46s - loss: 1.1189 - acc: 0.5471
2560/3458 [=====================>........] - ETA: 44s - loss: 1.1176 - acc: 0.5477
2592/3458 [=====================>........] - ETA: 42s - loss: 1.1198 - acc: 0.5475
2624/3458 [=====================>........] - ETA: 41s - loss: 1.1169 - acc: 0.5484
2656/3458 [======================>.......] - ETA: 39s - loss: 1.1182 - acc: 0.5478
2688/3458 [======================>.......] - ETA: 38s - loss: 1.1189 - acc: 0.5480
2720/3458 [======================>.......] - ETA: 36s - loss: 1.1201 - acc: 0.5493
2752/3458 [======================>.......] - ETA: 34s - loss: 1.1258 - acc: 0.5487
2784/3458 [=======================>......] - ETA: 33s - loss: 1.1235 - acc: 0.5499
2816/3458 [=======================>......] - ETA: 31s - loss: 1.1234 - acc: 0.5490
2848/3458 [=======================>......] - ETA: 30s - loss: 1.1222 - acc: 0.5481
2880/3458 [=======================>......] - ETA: 28s - loss: 1.1221 - acc: 0.5486
2912/3458 [========================>.....] - ETA: 27s - loss: 1.1256 - acc: 0.5467
2944/3458 [========================>.....] - ETA: 25s - loss: 1.1270 - acc: 0.5472
2976/3458 [========================>.....] - ETA: 23s - loss: 1.1237 - acc: 0.5484
3008/3458 [=========================>....] - ETA: 22s - loss: 1.1219 - acc: 0.5495
3040/3458 [=========================>....] - ETA: 20s - loss: 1.1223 - acc: 0.5490
3072/3458 [=========================>....] - ETA: 19s - loss: 1.1239 - acc: 0.5492
3104/3458 [=========================>....] - ETA: 17s - loss: 1.1236 - acc: 0.5490
3136/3458 [==========================>...] - ETA: 15s - loss: 1.1263 - acc: 0.5478
3168/3458 [==========================>...] - ETA: 14s - loss: 1.1248 - acc: 0.5486
3200/3458 [==========================>...] - ETA: 12s - loss: 1.1225 - acc: 0.5497
3232/3458 [===========================>..] - ETA: 11s - loss: 1.1232 - acc: 0.5495
3264/3458 [===========================>..] - ETA: 9s - loss: 1.1212 - acc: 0.5506 
3296/3458 [===========================>..] - ETA: 8s - loss: 1.1217 - acc: 0.5507
3328/3458 [===========================>..] - ETA: 6s - loss: 1.1198 - acc: 0.5514
3360/3458 [============================>.] - ETA: 4s - loss: 1.1182 - acc: 0.5506
3392/3458 [============================>.] - ETA: 3s - loss: 1.1157 - acc: 0.5519
3424/3458 [============================>.] - ETA: 1s - loss: 1.1130 - acc: 0.5529
3456/3458 [============================>.] - ETA: 0s - loss: 1.1118 - acc: 0.5532
3458/3458 [==============================] - 172s 50ms/sample - loss: 1.1119 - acc: 0.5532

 32/865 [>.............................] - ETA: 7s - loss: 1.2166 - acc: 0.5312
 64/865 [=>............................] - ETA: 7s - loss: 1.2926 - acc: 0.4531
 96/865 [==>...........................] - ETA: 6s - loss: 1.1766 - acc: 0.5208
128/865 [===>..........................] - ETA: 6s - loss: 1.1847 - acc: 0.5469
160/865 [====>.........................] - ETA: 6s - loss: 1.1620 - acc: 0.5562
192/865 [=====>........................] - ETA: 6s - loss: 1.1866 - acc: 0.5417
224/865 [======>.......................] - ETA: 5s - loss: 1.2086 - acc: 0.5402
256/865 [=======>......................] - ETA: 5s - loss: 1.2418 - acc: 0.5391
288/865 [========>.....................] - ETA: 5s - loss: 1.2539 - acc: 0.5312
320/865 [==========>...................] - ETA: 4s - loss: 1.2752 - acc: 0.5219
352/865 [===========>..................] - ETA: 4s - loss: 1.3104 - acc: 0.5199
384/865 [============>.................] - ETA: 4s - loss: 1.3302 - acc: 0.5130
416/865 [=============>................] - ETA: 4s - loss: 1.3267 - acc: 0.5168
448/865 [==============>...............] - ETA: 3s - loss: 1.3083 - acc: 0.5179
480/865 [===============>..............] - ETA: 3s - loss: 1.2761 - acc: 0.5208
512/865 [================>.............] - ETA: 3s - loss: 1.2637 - acc: 0.5312
544/865 [=================>............] - ETA: 2s - loss: 1.2600 - acc: 0.5294
576/865 [==================>...........] - ETA: 2s - loss: 1.2670 - acc: 0.5278
608/865 [====================>.........] - ETA: 2s - loss: 1.2681 - acc: 0.5247
640/865 [=====================>........] - ETA: 2s - loss: 1.2714 - acc: 0.5188
672/865 [======================>.......] - ETA: 1s - loss: 1.2808 - acc: 0.5208
704/865 [=======================>......] - ETA: 1s - loss: 1.2861 - acc: 0.5213
736/865 [========================>.....] - ETA: 1s - loss: 1.2801 - acc: 0.5231
768/865 [=========================>....] - ETA: 0s - loss: 1.2868 - acc: 0.5208
800/865 [==========================>...] - ETA: 0s - loss: 1.2727 - acc: 0.5225
832/865 [===========================>..] - ETA: 0s - loss: 1.2751 - acc: 0.5264
864/865 [============================>.] - ETA: 0s - loss: 1.2672 - acc: 0.5301
865/865 [==============================] - 8s 9ms/sample - loss: 1.2687 - acc: 0.5295

  32/3458 [..............................] - ETA: 2:49 - loss: 1.6287 - acc: 0.3750
  64/3458 [..............................] - ETA: 2:46 - loss: 1.3957 - acc: 0.4375
  96/3458 [..............................] - ETA: 2:44 - loss: 1.3286 - acc: 0.4896
 128/3458 [>.............................] - ETA: 2:43 - loss: 1.3545 - acc: 0.4844
 160/3458 [>.............................] - ETA: 2:42 - loss: 1.3807 - acc: 0.4688
 192/3458 [>.............................] - ETA: 2:40 - loss: 1.3335 - acc: 0.4844
 224/3458 [>.............................] - ETA: 2:39 - loss: 1.2962 - acc: 0.4821
 256/3458 [=>............................] - ETA: 2:37 - loss: 1.2663 - acc: 0.5000
 288/3458 [=>............................] - ETA: 2:36 - loss: 1.2433 - acc: 0.5104
 320/3458 [=>............................] - ETA: 2:34 - loss: 1.2352 - acc: 0.5125
 352/3458 [==>...........................] - ETA: 2:33 - loss: 1.2279 - acc: 0.5114
 384/3458 [==>...........................] - ETA: 2:31 - loss: 1.2117 - acc: 0.5104
 416/3458 [==>...........................] - ETA: 2:30 - loss: 1.2096 - acc: 0.5096
 448/3458 [==>...........................] - ETA: 2:28 - loss: 1.2007 - acc: 0.5156
 480/3458 [===>..........................] - ETA: 2:26 - loss: 1.1985 - acc: 0.5167
 512/3458 [===>..........................] - ETA: 2:25 - loss: 1.1988 - acc: 0.5156
 544/3458 [===>..........................] - ETA: 2:23 - loss: 1.1843 - acc: 0.5221
 576/3458 [===>..........................] - ETA: 2:22 - loss: 1.1981 - acc: 0.5191
 608/3458 [====>.........................] - ETA: 2:20 - loss: 1.1885 - acc: 0.5230
 640/3458 [====>.........................] - ETA: 2:18 - loss: 1.1787 - acc: 0.5281
 672/3458 [====>.........................] - ETA: 2:17 - loss: 1.1703 - acc: 0.5283
 704/3458 [=====>........................] - ETA: 2:15 - loss: 1.1716 - acc: 0.5270
 736/3458 [=====>........................] - ETA: 2:14 - loss: 1.1574 - acc: 0.5340
 768/3458 [=====>........................] - ETA: 2:12 - loss: 1.1501 - acc: 0.5365
 800/3458 [=====>........................] - ETA: 2:11 - loss: 1.1416 - acc: 0.5387
 832/3458 [======>.......................] - ETA: 2:09 - loss: 1.1369 - acc: 0.5397
 864/3458 [======>.......................] - ETA: 2:08 - loss: 1.1375 - acc: 0.5382
 896/3458 [======>.......................] - ETA: 2:06 - loss: 1.1311 - acc: 0.5402
 928/3458 [=======>......................] - ETA: 2:04 - loss: 1.1284 - acc: 0.5420
 960/3458 [=======>......................] - ETA: 2:03 - loss: 1.1198 - acc: 0.5427
 992/3458 [=======>......................] - ETA: 2:01 - loss: 1.1105 - acc: 0.5464
1024/3458 [=======>......................] - ETA: 2:00 - loss: 1.1150 - acc: 0.5479
1056/3458 [========>.....................] - ETA: 1:58 - loss: 1.1098 - acc: 0.5483
1088/3458 [========>.....................] - ETA: 1:57 - loss: 1.1092 - acc: 0.5450
1120/3458 [========>.....................] - ETA: 1:55 - loss: 1.1062 - acc: 0.5420
1152/3458 [========>.....................] - ETA: 1:53 - loss: 1.0993 - acc: 0.5443
1184/3458 [=========>....................] - ETA: 1:52 - loss: 1.0985 - acc: 0.5465
1216/3458 [=========>....................] - ETA: 1:50 - loss: 1.0944 - acc: 0.5485
1248/3458 [=========>....................] - ETA: 1:49 - loss: 1.0959 - acc: 0.5465
1280/3458 [==========>...................] - ETA: 1:47 - loss: 1.0911 - acc: 0.5461
1312/3458 [==========>...................] - ETA: 1:45 - loss: 1.0917 - acc: 0.5450
1344/3458 [==========>...................] - ETA: 1:44 - loss: 1.0973 - acc: 0.5446
1376/3458 [==========>...................] - ETA: 1:42 - loss: 1.0908 - acc: 0.5458
1408/3458 [===========>..................] - ETA: 1:41 - loss: 1.0951 - acc: 0.5440
1440/3458 [===========>..................] - ETA: 1:39 - loss: 1.0963 - acc: 0.5424
1472/3458 [===========>..................] - ETA: 1:38 - loss: 1.0884 - acc: 0.5469
1504/3458 [============>.................] - ETA: 1:36 - loss: 1.0848 - acc: 0.5505
1536/3458 [============>.................] - ETA: 1:34 - loss: 1.0862 - acc: 0.5514
1568/3458 [============>.................] - ETA: 1:33 - loss: 1.0905 - acc: 0.5497
1600/3458 [============>.................] - ETA: 1:31 - loss: 1.0885 - acc: 0.5494
1632/3458 [=============>................] - ETA: 1:30 - loss: 1.0881 - acc: 0.5496
1664/3458 [=============>................] - ETA: 1:28 - loss: 1.0891 - acc: 0.5493
1696/3458 [=============>................] - ETA: 1:26 - loss: 1.0831 - acc: 0.5537
1728/3458 [=============>................] - ETA: 1:25 - loss: 1.0809 - acc: 0.5573
1760/3458 [==============>...............] - ETA: 1:23 - loss: 1.0819 - acc: 0.5580
1792/3458 [==============>...............] - ETA: 1:22 - loss: 1.0866 - acc: 0.5569
1824/3458 [==============>...............] - ETA: 1:20 - loss: 1.0831 - acc: 0.5570
1856/3458 [===============>..............] - ETA: 1:19 - loss: 1.0801 - acc: 0.5598
1888/3458 [===============>..............] - ETA: 1:17 - loss: 1.0769 - acc: 0.5593
1920/3458 [===============>..............] - ETA: 1:15 - loss: 1.0742 - acc: 0.5594
1952/3458 [===============>..............] - ETA: 1:14 - loss: 1.0761 - acc: 0.5610
1984/3458 [================>.............] - ETA: 1:12 - loss: 1.0781 - acc: 0.5625
2016/3458 [================>.............] - ETA: 1:11 - loss: 1.0784 - acc: 0.5625
2048/3458 [================>.............] - ETA: 1:09 - loss: 1.0767 - acc: 0.5615
2080/3458 [=================>............] - ETA: 1:08 - loss: 1.0761 - acc: 0.5615
2112/3458 [=================>............] - ETA: 1:06 - loss: 1.0737 - acc: 0.5620
2144/3458 [=================>............] - ETA: 1:04 - loss: 1.0745 - acc: 0.5616
2176/3458 [=================>............] - ETA: 1:03 - loss: 1.0731 - acc: 0.5625
2208/3458 [==================>...........] - ETA: 1:01 - loss: 1.0702 - acc: 0.5643
2240/3458 [==================>...........] - ETA: 1:00 - loss: 1.0672 - acc: 0.5634
2272/3458 [==================>...........] - ETA: 58s - loss: 1.0654 - acc: 0.5638 
2304/3458 [==================>...........] - ETA: 57s - loss: 1.0625 - acc: 0.5668
2336/3458 [===================>..........] - ETA: 55s - loss: 1.0617 - acc: 0.5668
2368/3458 [===================>..........] - ETA: 53s - loss: 1.0599 - acc: 0.5676
2400/3458 [===================>..........] - ETA: 52s - loss: 1.0635 - acc: 0.5667
2432/3458 [====================>.........] - ETA: 50s - loss: 1.0596 - acc: 0.5691
2464/3458 [====================>.........] - ETA: 49s - loss: 1.0616 - acc: 0.5678
2496/3458 [====================>.........] - ETA: 47s - loss: 1.0643 - acc: 0.5661
2528/3458 [====================>.........] - ETA: 45s - loss: 1.0627 - acc: 0.5669
2560/3458 [=====================>........] - ETA: 44s - loss: 1.0636 - acc: 0.5664
2592/3458 [=====================>........] - ETA: 42s - loss: 1.0650 - acc: 0.5656
2624/3458 [=====================>........] - ETA: 41s - loss: 1.0635 - acc: 0.5675
2656/3458 [======================>.......] - ETA: 39s - loss: 1.0639 - acc: 0.5655
2688/3458 [======================>.......] - ETA: 38s - loss: 1.0662 - acc: 0.5632
2720/3458 [======================>.......] - ETA: 36s - loss: 1.0644 - acc: 0.5651
2752/3458 [======================>.......] - ETA: 34s - loss: 1.0620 - acc: 0.5661
2784/3458 [=======================>......] - ETA: 33s - loss: 1.0615 - acc: 0.5665
2816/3458 [=======================>......] - ETA: 31s - loss: 1.0611 - acc: 0.5671
2848/3458 [=======================>......] - ETA: 30s - loss: 1.0597 - acc: 0.5678
2880/3458 [=======================>......] - ETA: 28s - loss: 1.0597 - acc: 0.5681
2912/3458 [========================>.....] - ETA: 26s - loss: 1.0584 - acc: 0.5687
2944/3458 [========================>.....] - ETA: 25s - loss: 1.0574 - acc: 0.5696
2976/3458 [========================>.....] - ETA: 23s - loss: 1.0592 - acc: 0.5682
3008/3458 [=========================>....] - ETA: 22s - loss: 1.0581 - acc: 0.5688
3040/3458 [=========================>....] - ETA: 20s - loss: 1.0571 - acc: 0.5694
3072/3458 [=========================>....] - ETA: 19s - loss: 1.0564 - acc: 0.5687
3104/3458 [=========================>....] - ETA: 17s - loss: 1.0555 - acc: 0.5706
3136/3458 [==========================>...] - ETA: 15s - loss: 1.0568 - acc: 0.5698
3168/3458 [==========================>...] - ETA: 14s - loss: 1.0541 - acc: 0.5717
3200/3458 [==========================>...] - ETA: 12s - loss: 1.0544 - acc: 0.5706
3232/3458 [===========================>..] - ETA: 11s - loss: 1.0551 - acc: 0.5709
3264/3458 [===========================>..] - ETA: 9s - loss: 1.0567 - acc: 0.5702 
3296/3458 [===========================>..] - ETA: 8s - loss: 1.0553 - acc: 0.5704
3328/3458 [===========================>..] - ETA: 6s - loss: 1.0574 - acc: 0.5697
3360/3458 [============================>.] - ETA: 4s - loss: 1.0584 - acc: 0.5690
3392/3458 [============================>.] - ETA: 3s - loss: 1.0561 - acc: 0.5693
3424/3458 [============================>.] - ETA: 1s - loss: 1.0570 - acc: 0.5707
3456/3458 [============================>.] - ETA: 0s - loss: 1.0578 - acc: 0.5700
3458/3458 [==============================] - 172s 50ms/sample - loss: 1.0573 - acc: 0.5703

 32/865 [>.............................] - ETA: 7s - loss: 1.0372 - acc: 0.5625
 64/865 [=>............................] - ETA: 7s - loss: 0.9746 - acc: 0.5938
 96/865 [==>...........................] - ETA: 7s - loss: 0.9238 - acc: 0.6146
128/865 [===>..........................] - ETA: 6s - loss: 0.8935 - acc: 0.6328
160/865 [====>.........................] - ETA: 6s - loss: 0.9153 - acc: 0.6438
192/865 [=====>........................] - ETA: 6s - loss: 0.9433 - acc: 0.6458
224/865 [======>.......................] - ETA: 5s - loss: 0.9581 - acc: 0.6295
256/865 [=======>......................] - ETA: 5s - loss: 0.9701 - acc: 0.6172
288/865 [========>.....................] - ETA: 5s - loss: 0.9670 - acc: 0.6076
320/865 [==========>...................] - ETA: 4s - loss: 0.9869 - acc: 0.6062
352/865 [===========>..................] - ETA: 4s - loss: 0.9978 - acc: 0.6051
384/865 [============>.................] - ETA: 4s - loss: 1.0017 - acc: 0.6016
416/865 [=============>................] - ETA: 4s - loss: 0.9925 - acc: 0.6034
448/865 [==============>...............] - ETA: 3s - loss: 0.9855 - acc: 0.6027
480/865 [===============>..............] - ETA: 3s - loss: 0.9766 - acc: 0.6042
512/865 [================>.............] - ETA: 3s - loss: 0.9744 - acc: 0.6055
544/865 [=================>............] - ETA: 2s - loss: 0.9680 - acc: 0.6066
576/865 [==================>...........] - ETA: 2s - loss: 0.9700 - acc: 0.6059
608/865 [====================>.........] - ETA: 2s - loss: 0.9766 - acc: 0.6069
640/865 [=====================>........] - ETA: 2s - loss: 0.9757 - acc: 0.6031
672/865 [======================>.......] - ETA: 1s - loss: 0.9787 - acc: 0.6027
704/865 [=======================>......] - ETA: 1s - loss: 0.9822 - acc: 0.6065
736/865 [========================>.....] - ETA: 1s - loss: 0.9782 - acc: 0.6046
768/865 [=========================>....] - ETA: 0s - loss: 0.9873 - acc: 0.6003
800/865 [==========================>...] - ETA: 0s - loss: 0.9860 - acc: 0.6025
832/865 [===========================>..] - ETA: 0s - loss: 0.9770 - acc: 0.6082
864/865 [============================>.] - ETA: 0s - loss: 0.9732 - acc: 0.6123
865/865 [==============================] - 8s 9ms/sample - loss: 0.9730 - acc: 0.6127

  32/3458 [..............................] - ETA: 2:46 - loss: 1.3970 - acc: 0.5312
  64/3458 [..............................] - ETA: 2:45 - loss: 1.1403 - acc: 0.6094
  96/3458 [..............................] - ETA: 2:44 - loss: 1.0662 - acc: 0.6458
 128/3458 [>.............................] - ETA: 2:43 - loss: 1.0202 - acc: 0.6406
 160/3458 [>.............................] - ETA: 2:42 - loss: 1.0154 - acc: 0.6250
 192/3458 [>.............................] - ETA: 2:40 - loss: 0.9997 - acc: 0.6354
 224/3458 [>.............................] - ETA: 2:38 - loss: 0.9803 - acc: 0.6384
 256/3458 [=>............................] - ETA: 2:37 - loss: 0.9620 - acc: 0.6328
 288/3458 [=>............................] - ETA: 2:35 - loss: 0.9361 - acc: 0.6458
 320/3458 [=>............................] - ETA: 2:34 - loss: 0.9355 - acc: 0.6438
 352/3458 [==>...........................] - ETA: 2:32 - loss: 0.9374 - acc: 0.6335
 384/3458 [==>...........................] - ETA: 2:30 - loss: 0.9400 - acc: 0.6354
 416/3458 [==>...........................] - ETA: 2:29 - loss: 0.9404 - acc: 0.6346
 448/3458 [==>...........................] - ETA: 2:27 - loss: 0.9434 - acc: 0.6339
 480/3458 [===>..........................] - ETA: 2:26 - loss: 0.9601 - acc: 0.6292
 512/3458 [===>..........................] - ETA: 2:24 - loss: 0.9519 - acc: 0.6328
 544/3458 [===>..........................] - ETA: 2:23 - loss: 0.9449 - acc: 0.6360
 576/3458 [===>..........................] - ETA: 2:21 - loss: 0.9395 - acc: 0.6372
 608/3458 [====>.........................] - ETA: 2:20 - loss: 0.9470 - acc: 0.6349
 640/3458 [====>.........................] - ETA: 2:18 - loss: 0.9529 - acc: 0.6375
 672/3458 [====>.........................] - ETA: 2:16 - loss: 0.9436 - acc: 0.6369
 704/3458 [=====>........................] - ETA: 2:15 - loss: 0.9624 - acc: 0.6307
 736/3458 [=====>........................] - ETA: 2:13 - loss: 0.9630 - acc: 0.6332
 768/3458 [=====>........................] - ETA: 2:12 - loss: 0.9654 - acc: 0.6341
 800/3458 [=====>........................] - ETA: 2:10 - loss: 0.9613 - acc: 0.6375
 832/3458 [======>.......................] - ETA: 2:09 - loss: 0.9683 - acc: 0.6322
 864/3458 [======>.......................] - ETA: 2:07 - loss: 0.9689 - acc: 0.6250
 896/3458 [======>.......................] - ETA: 2:06 - loss: 0.9594 - acc: 0.6283
 928/3458 [=======>......................] - ETA: 2:04 - loss: 0.9661 - acc: 0.6207
 960/3458 [=======>......................] - ETA: 2:02 - loss: 0.9608 - acc: 0.6208
 992/3458 [=======>......................] - ETA: 2:01 - loss: 0.9530 - acc: 0.6250
1024/3458 [=======>......................] - ETA: 1:59 - loss: 0.9487 - acc: 0.6279
1056/3458 [========>.....................] - ETA: 1:58 - loss: 0.9484 - acc: 0.6278
1088/3458 [========>.....................] - ETA: 1:56 - loss: 0.9498 - acc: 0.6259
1120/3458 [========>.....................] - ETA: 1:55 - loss: 0.9472 - acc: 0.6241
1152/3458 [========>.....................] - ETA: 1:53 - loss: 0.9379 - acc: 0.6293
1184/3458 [=========>....................] - ETA: 1:52 - loss: 0.9350 - acc: 0.6284
1216/3458 [=========>....................] - ETA: 1:50 - loss: 0.9297 - acc: 0.6299
1248/3458 [=========>....................] - ETA: 1:48 - loss: 0.9283 - acc: 0.6306
1280/3458 [==========>...................] - ETA: 1:47 - loss: 0.9298 - acc: 0.6289
1312/3458 [==========>...................] - ETA: 1:45 - loss: 0.9257 - acc: 0.6311
1344/3458 [==========>...................] - ETA: 1:44 - loss: 0.9271 - acc: 0.6295
1376/3458 [==========>...................] - ETA: 1:42 - loss: 0.9249 - acc: 0.6294
1408/3458 [===========>..................] - ETA: 1:41 - loss: 0.9279 - acc: 0.6286
1440/3458 [===========>..................] - ETA: 1:39 - loss: 0.9322 - acc: 0.6264
1472/3458 [===========>..................] - ETA: 1:37 - loss: 0.9281 - acc: 0.6277
1504/3458 [============>.................] - ETA: 1:36 - loss: 0.9367 - acc: 0.6250
1536/3458 [============>.................] - ETA: 1:34 - loss: 0.9350 - acc: 0.6250
1568/3458 [============>.................] - ETA: 1:33 - loss: 0.9327 - acc: 0.6237
1600/3458 [============>.................] - ETA: 1:31 - loss: 0.9329 - acc: 0.6244
1632/3458 [=============>................] - ETA: 1:30 - loss: 0.9359 - acc: 0.6244
1664/3458 [=============>................] - ETA: 1:28 - loss: 0.9383 - acc: 0.6250
1696/3458 [=============>................] - ETA: 1:26 - loss: 0.9416 - acc: 0.6238
1728/3458 [=============>................] - ETA: 1:25 - loss: 0.9402 - acc: 0.6250
1760/3458 [==============>...............] - ETA: 1:23 - loss: 0.9385 - acc: 0.6261
1792/3458 [==============>...............] - ETA: 1:22 - loss: 0.9375 - acc: 0.6272
1824/3458 [==============>...............] - ETA: 1:20 - loss: 0.9410 - acc: 0.6266
1856/3458 [===============>..............] - ETA: 1:19 - loss: 0.9407 - acc: 0.6266
1888/3458 [===============>..............] - ETA: 1:17 - loss: 0.9396 - acc: 0.6266
1920/3458 [===============>..............] - ETA: 1:15 - loss: 0.9392 - acc: 0.6260
1952/3458 [===============>..............] - ETA: 1:14 - loss: 0.9364 - acc: 0.6270
1984/3458 [================>.............] - ETA: 1:12 - loss: 0.9334 - acc: 0.6290
2016/3458 [================>.............] - ETA: 1:11 - loss: 0.9320 - acc: 0.6305
2048/3458 [================>.............] - ETA: 1:09 - loss: 0.9333 - acc: 0.6294
2080/3458 [=================>............] - ETA: 1:08 - loss: 0.9377 - acc: 0.6293
2112/3458 [=================>............] - ETA: 1:06 - loss: 0.9331 - acc: 0.6307
2144/3458 [=================>............] - ETA: 1:04 - loss: 0.9317 - acc: 0.6311
2176/3458 [=================>............] - ETA: 1:03 - loss: 0.9309 - acc: 0.6296
2208/3458 [==================>...........] - ETA: 1:01 - loss: 0.9288 - acc: 0.6291
2240/3458 [==================>...........] - ETA: 1:00 - loss: 0.9268 - acc: 0.6313
2272/3458 [==================>...........] - ETA: 58s - loss: 0.9259 - acc: 0.6325 
2304/3458 [==================>...........] - ETA: 56s - loss: 0.9265 - acc: 0.6328
2336/3458 [===================>..........] - ETA: 55s - loss: 0.9319 - acc: 0.6301
2368/3458 [===================>..........] - ETA: 53s - loss: 0.9329 - acc: 0.6288
2400/3458 [===================>..........] - ETA: 52s - loss: 0.9376 - acc: 0.6279
2432/3458 [====================>.........] - ETA: 50s - loss: 0.9364 - acc: 0.6271
2464/3458 [====================>.........] - ETA: 49s - loss: 0.9385 - acc: 0.6274
2496/3458 [====================>.........] - ETA: 47s - loss: 0.9351 - acc: 0.6282
2528/3458 [====================>.........] - ETA: 45s - loss: 0.9333 - acc: 0.6286
2560/3458 [=====================>........] - ETA: 44s - loss: 0.9340 - acc: 0.6281
2592/3458 [=====================>........] - ETA: 42s - loss: 0.9361 - acc: 0.6269
2624/3458 [=====================>........] - ETA: 41s - loss: 0.9334 - acc: 0.6288
2656/3458 [======================>.......] - ETA: 39s - loss: 0.9307 - acc: 0.6310
2688/3458 [======================>.......] - ETA: 38s - loss: 0.9343 - acc: 0.6298
2720/3458 [======================>.......] - ETA: 36s - loss: 0.9356 - acc: 0.6279
2752/3458 [======================>.......] - ETA: 34s - loss: 0.9376 - acc: 0.6283
2784/3458 [=======================>......] - ETA: 33s - loss: 0.9364 - acc: 0.6282
2816/3458 [=======================>......] - ETA: 31s - loss: 0.9368 - acc: 0.6282
2848/3458 [=======================>......] - ETA: 30s - loss: 0.9382 - acc: 0.6285
2880/3458 [=======================>......] - ETA: 28s - loss: 0.9358 - acc: 0.6292
2912/3458 [========================>.....] - ETA: 26s - loss: 0.9377 - acc: 0.6288
2944/3458 [========================>.....] - ETA: 25s - loss: 0.9405 - acc: 0.6277
2976/3458 [========================>.....] - ETA: 23s - loss: 0.9414 - acc: 0.6277
3008/3458 [=========================>....] - ETA: 22s - loss: 0.9390 - acc: 0.6297
3040/3458 [=========================>....] - ETA: 20s - loss: 0.9372 - acc: 0.6306
3072/3458 [=========================>....] - ETA: 19s - loss: 0.9376 - acc: 0.6289
3104/3458 [=========================>....] - ETA: 17s - loss: 0.9404 - acc: 0.6276
3136/3458 [==========================>...] - ETA: 15s - loss: 0.9415 - acc: 0.6269
3168/3458 [==========================>...] - ETA: 14s - loss: 0.9439 - acc: 0.6253
3200/3458 [==========================>...] - ETA: 12s - loss: 0.9445 - acc: 0.6247
3232/3458 [===========================>..] - ETA: 11s - loss: 0.9477 - acc: 0.6241
3264/3458 [===========================>..] - ETA: 9s - loss: 0.9502 - acc: 0.6235 
3296/3458 [===========================>..] - ETA: 8s - loss: 0.9516 - acc: 0.6226
3328/3458 [===========================>..] - ETA: 6s - loss: 0.9523 - acc: 0.6220
3360/3458 [============================>.] - ETA: 4s - loss: 0.9525 - acc: 0.6229
3392/3458 [============================>.] - ETA: 3s - loss: 0.9523 - acc: 0.6235
3424/3458 [============================>.] - ETA: 1s - loss: 0.9513 - acc: 0.6238
3456/3458 [============================>.] - ETA: 0s - loss: 0.9487 - acc: 0.6247
3458/3458 [==============================] - 171s 50ms/sample - loss: 0.9490 - acc: 0.6243

 32/865 [>.............................] - ETA: 7s - loss: 1.0785 - acc: 0.5938
 64/865 [=>............................] - ETA: 7s - loss: 1.1529 - acc: 0.4844
 96/865 [==>...........................] - ETA: 7s - loss: 1.0322 - acc: 0.5729
128/865 [===>..........................] - ETA: 6s - loss: 0.9562 - acc: 0.6094
160/865 [====>.........................] - ETA: 6s - loss: 0.9627 - acc: 0.6062
192/865 [=====>........................] - ETA: 6s - loss: 0.9736 - acc: 0.6042
224/865 [======>.......................] - ETA: 5s - loss: 0.9747 - acc: 0.5938
256/865 [=======>......................] - ETA: 5s - loss: 0.9896 - acc: 0.5820
288/865 [========>.....................] - ETA: 5s - loss: 0.9785 - acc: 0.5903
320/865 [==========>...................] - ETA: 4s - loss: 1.0145 - acc: 0.5844
352/865 [===========>..................] - ETA: 4s - loss: 1.0243 - acc: 0.5852
384/865 [============>.................] - ETA: 4s - loss: 1.0294 - acc: 0.5781
416/865 [=============>................] - ETA: 4s - loss: 1.0129 - acc: 0.5865
448/865 [==============>...............] - ETA: 3s - loss: 1.0004 - acc: 0.5915
480/865 [===============>..............] - ETA: 3s - loss: 0.9865 - acc: 0.5979
512/865 [================>.............] - ETA: 3s - loss: 0.9914 - acc: 0.6016
544/865 [=================>............] - ETA: 2s - loss: 0.9885 - acc: 0.6011
576/865 [==================>...........] - ETA: 2s - loss: 0.9793 - acc: 0.6042
608/865 [====================>.........] - ETA: 2s - loss: 0.9808 - acc: 0.6053
640/865 [=====================>........] - ETA: 2s - loss: 0.9777 - acc: 0.6062
672/865 [======================>.......] - ETA: 1s - loss: 0.9868 - acc: 0.6042
704/865 [=======================>......] - ETA: 1s - loss: 0.9965 - acc: 0.6065
736/865 [========================>.....] - ETA: 1s - loss: 1.0011 - acc: 0.5992
768/865 [=========================>....] - ETA: 0s - loss: 1.0057 - acc: 0.5951
800/865 [==========================>...] - ETA: 0s - loss: 1.0060 - acc: 0.5938
832/865 [===========================>..] - ETA: 0s - loss: 1.0005 - acc: 0.5938
864/865 [============================>.] - ETA: 0s - loss: 0.9960 - acc: 0.5949
865/865 [==============================] - 8s 9ms/sample - loss: 0.9956 - acc: 0.5954
