For Dropout_1=0.1 Dropout_2=0.0
daisy loaded
dandelion loaded
rose loaded
sunflower loaded
tulip loaded

  32/3458 [..............................] - ETA: 3:09 - loss: 1.6235 - acc: 0.0938
  64/3458 [..............................] - ETA: 2:57 - loss: 20.0670 - acc: 0.1719
  96/3458 [..............................] - ETA: 2:52 - loss: 21.5368 - acc: 0.1771
 128/3458 [>.............................] - ETA: 2:49 - loss: 17.7135 - acc: 0.1953
 160/3458 [>.............................] - ETA: 2:46 - loss: 14.7689 - acc: 0.1875
 192/3458 [>.............................] - ETA: 2:44 - loss: 12.5983 - acc: 0.1927
 224/3458 [>.............................] - ETA: 2:43 - loss: 11.0259 - acc: 0.2098
 256/3458 [=>............................] - ETA: 2:41 - loss: 9.8346 - acc: 0.2266 
 288/3458 [=>............................] - ETA: 2:39 - loss: 8.9092 - acc: 0.2326
 320/3458 [=>............................] - ETA: 2:37 - loss: 8.1803 - acc: 0.2250
 352/3458 [==>...........................] - ETA: 2:35 - loss: 7.5711 - acc: 0.2273
 384/3458 [==>...........................] - ETA: 2:33 - loss: 7.0697 - acc: 0.2266
 416/3458 [==>...........................] - ETA: 2:31 - loss: 6.6424 - acc: 0.2236
 448/3458 [==>...........................] - ETA: 2:30 - loss: 6.2763 - acc: 0.2277
 480/3458 [===>..........................] - ETA: 2:28 - loss: 5.9621 - acc: 0.2313
 512/3458 [===>..........................] - ETA: 2:26 - loss: 5.6758 - acc: 0.2441
 544/3458 [===>..........................] - ETA: 2:25 - loss: 5.4265 - acc: 0.2482
 576/3458 [===>..........................] - ETA: 2:23 - loss: 5.2034 - acc: 0.2569
 608/3458 [====>.........................] - ETA: 2:21 - loss: 5.0075 - acc: 0.2549
 640/3458 [====>.........................] - ETA: 2:19 - loss: 4.8369 - acc: 0.2625
 672/3458 [====>.........................] - ETA: 2:18 - loss: 4.6734 - acc: 0.2723
 704/3458 [=====>........................] - ETA: 2:16 - loss: 4.5284 - acc: 0.2741
 736/3458 [=====>........................] - ETA: 2:15 - loss: 4.3979 - acc: 0.2717
 768/3458 [=====>........................] - ETA: 2:13 - loss: 4.2766 - acc: 0.2747
 800/3458 [=====>........................] - ETA: 2:11 - loss: 4.1645 - acc: 0.2788
 832/3458 [======>.......................] - ETA: 2:09 - loss: 4.0620 - acc: 0.2764
 864/3458 [======>.......................] - ETA: 2:08 - loss: 3.9622 - acc: 0.2836
 896/3458 [======>.......................] - ETA: 2:06 - loss: 3.8931 - acc: 0.2868
 928/3458 [=======>......................] - ETA: 2:05 - loss: 3.8072 - acc: 0.2899
 960/3458 [=======>......................] - ETA: 2:03 - loss: 3.7249 - acc: 0.2990
 992/3458 [=======>......................] - ETA: 2:01 - loss: 3.6533 - acc: 0.3014
1024/3458 [=======>......................] - ETA: 2:00 - loss: 3.5807 - acc: 0.3076
1056/3458 [========>.....................] - ETA: 1:58 - loss: 3.5165 - acc: 0.3116
1088/3458 [========>.....................] - ETA: 1:57 - loss: 3.4505 - acc: 0.3125
1120/3458 [========>.....................] - ETA: 1:55 - loss: 3.3947 - acc: 0.3125
1152/3458 [========>.....................] - ETA: 1:54 - loss: 3.3388 - acc: 0.3168
1184/3458 [=========>....................] - ETA: 1:52 - loss: 3.2921 - acc: 0.3167
1216/3458 [=========>....................] - ETA: 1:50 - loss: 3.2375 - acc: 0.3199
1248/3458 [=========>....................] - ETA: 1:49 - loss: 3.1869 - acc: 0.3245
1280/3458 [==========>...................] - ETA: 1:47 - loss: 3.1455 - acc: 0.3234
1312/3458 [==========>...................] - ETA: 1:46 - loss: 3.0999 - acc: 0.3262
1344/3458 [==========>...................] - ETA: 1:44 - loss: 3.0578 - acc: 0.3311
1376/3458 [==========>...................] - ETA: 1:42 - loss: 3.0194 - acc: 0.3350
1408/3458 [===========>..................] - ETA: 1:41 - loss: 2.9883 - acc: 0.3366
1440/3458 [===========>..................] - ETA: 1:39 - loss: 2.9525 - acc: 0.3375
1472/3458 [===========>..................] - ETA: 1:38 - loss: 2.9180 - acc: 0.3410
1504/3458 [============>.................] - ETA: 1:36 - loss: 2.8844 - acc: 0.3431
1536/3458 [============>.................] - ETA: 1:35 - loss: 2.8555 - acc: 0.3464
1568/3458 [============>.................] - ETA: 1:33 - loss: 2.8274 - acc: 0.3457
1600/3458 [============>.................] - ETA: 1:31 - loss: 2.8011 - acc: 0.3450
1632/3458 [=============>................] - ETA: 1:30 - loss: 2.7745 - acc: 0.3480
1664/3458 [=============>................] - ETA: 1:28 - loss: 2.7496 - acc: 0.3486
1696/3458 [=============>................] - ETA: 1:27 - loss: 2.7240 - acc: 0.3502
1728/3458 [=============>................] - ETA: 1:25 - loss: 2.6998 - acc: 0.3501
1760/3458 [==============>...............] - ETA: 1:23 - loss: 2.6762 - acc: 0.3517
1792/3458 [==============>...............] - ETA: 1:22 - loss: 2.6523 - acc: 0.3521
1824/3458 [==============>...............] - ETA: 1:20 - loss: 2.6269 - acc: 0.3564
1856/3458 [===============>..............] - ETA: 1:19 - loss: 2.6038 - acc: 0.3578
1888/3458 [===============>..............] - ETA: 1:17 - loss: 2.5796 - acc: 0.3591
1920/3458 [===============>..............] - ETA: 1:15 - loss: 2.5643 - acc: 0.3604
1952/3458 [===============>..............] - ETA: 1:14 - loss: 2.5364 - acc: 0.3648
1984/3458 [================>.............] - ETA: 1:12 - loss: 2.5128 - acc: 0.3674
2016/3458 [================>.............] - ETA: 1:11 - loss: 2.4876 - acc: 0.3715
2048/3458 [================>.............] - ETA: 1:09 - loss: 2.4760 - acc: 0.3696
2080/3458 [=================>............] - ETA: 1:08 - loss: 2.4557 - acc: 0.3721
2112/3458 [=================>............] - ETA: 1:06 - loss: 2.4366 - acc: 0.3736
2144/3458 [=================>............] - ETA: 1:04 - loss: 2.4193 - acc: 0.3750
2176/3458 [=================>............] - ETA: 1:03 - loss: 2.4020 - acc: 0.3759
2208/3458 [==================>...........] - ETA: 1:01 - loss: 2.3856 - acc: 0.3764
2240/3458 [==================>...........] - ETA: 1:00 - loss: 2.3680 - acc: 0.3786
2272/3458 [==================>...........] - ETA: 58s - loss: 2.3522 - acc: 0.3798 
2304/3458 [==================>...........] - ETA: 56s - loss: 2.3417 - acc: 0.3776
2336/3458 [===================>..........] - ETA: 55s - loss: 2.3270 - acc: 0.3784
2368/3458 [===================>..........] - ETA: 53s - loss: 2.3144 - acc: 0.3780
2400/3458 [===================>..........] - ETA: 52s - loss: 2.2999 - acc: 0.3787
2432/3458 [====================>.........] - ETA: 50s - loss: 2.2852 - acc: 0.3795
2464/3458 [====================>.........] - ETA: 49s - loss: 2.2712 - acc: 0.3803
2496/3458 [====================>.........] - ETA: 47s - loss: 2.2584 - acc: 0.3802
2528/3458 [====================>.........] - ETA: 45s - loss: 2.2403 - acc: 0.3829
2560/3458 [=====================>........] - ETA: 44s - loss: 2.2307 - acc: 0.3832
2592/3458 [=====================>........] - ETA: 42s - loss: 2.2133 - acc: 0.3873
2624/3458 [=====================>........] - ETA: 41s - loss: 2.1982 - acc: 0.3891
2656/3458 [======================>.......] - ETA: 39s - loss: 2.1844 - acc: 0.3901
2688/3458 [======================>.......] - ETA: 37s - loss: 2.1722 - acc: 0.3906
2720/3458 [======================>.......] - ETA: 36s - loss: 2.1623 - acc: 0.3908
2752/3458 [======================>.......] - ETA: 34s - loss: 2.1546 - acc: 0.3903
2784/3458 [=======================>......] - ETA: 33s - loss: 2.1445 - acc: 0.3919
2816/3458 [=======================>......] - ETA: 31s - loss: 2.1319 - acc: 0.3949
2848/3458 [=======================>......] - ETA: 30s - loss: 2.1212 - acc: 0.3961
2880/3458 [=======================>......] - ETA: 28s - loss: 2.1123 - acc: 0.3962
2912/3458 [========================>.....] - ETA: 26s - loss: 2.1064 - acc: 0.3963
2944/3458 [========================>.....] - ETA: 25s - loss: 2.1026 - acc: 0.3954
2976/3458 [========================>.....] - ETA: 23s - loss: 2.0992 - acc: 0.3952
3008/3458 [=========================>....] - ETA: 22s - loss: 2.0918 - acc: 0.3959
3040/3458 [=========================>....] - ETA: 20s - loss: 2.0856 - acc: 0.3964
3072/3458 [=========================>....] - ETA: 19s - loss: 2.0791 - acc: 0.3968
3104/3458 [=========================>....] - ETA: 17s - loss: 2.0733 - acc: 0.3959
3136/3458 [==========================>...] - ETA: 15s - loss: 2.0668 - acc: 0.3986
3168/3458 [==========================>...] - ETA: 14s - loss: 2.0603 - acc: 0.3984
3200/3458 [==========================>...] - ETA: 12s - loss: 2.0540 - acc: 0.3997
3232/3458 [===========================>..] - ETA: 11s - loss: 2.0481 - acc: 0.3994
3264/3458 [===========================>..] - ETA: 9s - loss: 2.0409 - acc: 0.3989 
3296/3458 [===========================>..] - ETA: 7s - loss: 2.0348 - acc: 0.4002
3328/3458 [===========================>..] - ETA: 6s - loss: 2.0289 - acc: 0.4005
3360/3458 [============================>.] - ETA: 4s - loss: 2.0234 - acc: 0.3991
3392/3458 [============================>.] - ETA: 3s - loss: 2.0185 - acc: 0.3989
3424/3458 [============================>.] - ETA: 1s - loss: 2.0123 - acc: 0.3987
3456/3458 [============================>.] - ETA: 0s - loss: 2.0061 - acc: 0.3987
3458/3458 [==============================] - 171s 49ms/sample - loss: 2.0057 - acc: 0.3988

 32/865 [>.............................] - ETA: 7s - loss: 1.4770 - acc: 0.4062
 64/865 [=>............................] - ETA: 7s - loss: 1.4107 - acc: 0.4688
 96/865 [==>...........................] - ETA: 6s - loss: 1.4230 - acc: 0.4583
128/865 [===>..........................] - ETA: 6s - loss: 1.4252 - acc: 0.4453
160/865 [====>.........................] - ETA: 6s - loss: 1.4213 - acc: 0.4437
192/865 [=====>........................] - ETA: 6s - loss: 1.4101 - acc: 0.4427
224/865 [======>.......................] - ETA: 5s - loss: 1.4008 - acc: 0.4375
256/865 [=======>......................] - ETA: 5s - loss: 1.3782 - acc: 0.4414
288/865 [========>.....................] - ETA: 5s - loss: 1.3687 - acc: 0.4549
320/865 [==========>...................] - ETA: 4s - loss: 1.3774 - acc: 0.4375
352/865 [===========>..................] - ETA: 4s - loss: 1.3948 - acc: 0.4318
384/865 [============>.................] - ETA: 4s - loss: 1.3882 - acc: 0.4479
416/865 [=============>................] - ETA: 4s - loss: 1.3762 - acc: 0.4712
448/865 [==============>...............] - ETA: 3s - loss: 1.3699 - acc: 0.4777
480/865 [===============>..............] - ETA: 3s - loss: 1.3719 - acc: 0.4708
512/865 [================>.............] - ETA: 3s - loss: 1.3645 - acc: 0.4707
544/865 [=================>............] - ETA: 2s - loss: 1.3615 - acc: 0.4779
576/865 [==================>...........] - ETA: 2s - loss: 1.3690 - acc: 0.4705
608/865 [====================>.........] - ETA: 2s - loss: 1.3703 - acc: 0.4671
640/865 [=====================>........] - ETA: 1s - loss: 1.3637 - acc: 0.4688
672/865 [======================>.......] - ETA: 1s - loss: 1.3564 - acc: 0.4702
704/865 [=======================>......] - ETA: 1s - loss: 1.3548 - acc: 0.4702
736/865 [========================>.....] - ETA: 1s - loss: 1.3563 - acc: 0.4701
768/865 [=========================>....] - ETA: 0s - loss: 1.3590 - acc: 0.4648
800/865 [==========================>...] - ETA: 0s - loss: 1.3568 - acc: 0.4663
832/865 [===========================>..] - ETA: 0s - loss: 1.3613 - acc: 0.4603
864/865 [============================>.] - ETA: 0s - loss: 1.3602 - acc: 0.4688
865/865 [==============================] - 8s 9ms/sample - loss: 1.3599 - acc: 0.4682

  32/3458 [..............................] - ETA: 2:48 - loss: 1.1198 - acc: 0.5000
  64/3458 [..............................] - ETA: 2:45 - loss: 1.2733 - acc: 0.4375
  96/3458 [..............................] - ETA: 2:43 - loss: 1.2535 - acc: 0.4792
 128/3458 [>.............................] - ETA: 2:42 - loss: 1.3141 - acc: 0.4609
 160/3458 [>.............................] - ETA: 2:41 - loss: 1.3139 - acc: 0.4500
 192/3458 [>.............................] - ETA: 2:40 - loss: 1.2994 - acc: 0.4583
 224/3458 [>.............................] - ETA: 2:38 - loss: 1.3513 - acc: 0.4554
 256/3458 [=>............................] - ETA: 2:37 - loss: 1.3368 - acc: 0.4492
 288/3458 [=>............................] - ETA: 2:35 - loss: 1.3423 - acc: 0.4514
 320/3458 [=>............................] - ETA: 2:33 - loss: 1.3466 - acc: 0.4406
 352/3458 [==>...........................] - ETA: 2:32 - loss: 1.3424 - acc: 0.4318
 384/3458 [==>...........................] - ETA: 2:30 - loss: 1.3247 - acc: 0.4453
 416/3458 [==>...........................] - ETA: 2:29 - loss: 1.3395 - acc: 0.4399
 448/3458 [==>...........................] - ETA: 2:27 - loss: 1.3220 - acc: 0.4420
 480/3458 [===>..........................] - ETA: 2:26 - loss: 1.3174 - acc: 0.4417
 512/3458 [===>..........................] - ETA: 2:24 - loss: 1.3087 - acc: 0.4512
 544/3458 [===>..........................] - ETA: 2:22 - loss: 1.3072 - acc: 0.4522
 576/3458 [===>..........................] - ETA: 2:21 - loss: 1.3248 - acc: 0.4462
 608/3458 [====>.........................] - ETA: 2:19 - loss: 1.3171 - acc: 0.4474
 640/3458 [====>.........................] - ETA: 2:18 - loss: 1.3204 - acc: 0.4437
 672/3458 [====>.........................] - ETA: 2:16 - loss: 1.3231 - acc: 0.4390
 704/3458 [=====>........................] - ETA: 2:15 - loss: 1.3296 - acc: 0.4361
 736/3458 [=====>........................] - ETA: 2:13 - loss: 1.3416 - acc: 0.4361
 768/3458 [=====>........................] - ETA: 2:11 - loss: 1.3384 - acc: 0.4362
 800/3458 [=====>........................] - ETA: 2:10 - loss: 1.3401 - acc: 0.4325
 832/3458 [======>.......................] - ETA: 2:08 - loss: 1.3398 - acc: 0.4363
 864/3458 [======>.......................] - ETA: 2:07 - loss: 1.3370 - acc: 0.4363
 896/3458 [======>.......................] - ETA: 2:05 - loss: 1.3322 - acc: 0.4420
 928/3458 [=======>......................] - ETA: 2:04 - loss: 1.3303 - acc: 0.4461
 960/3458 [=======>......................] - ETA: 2:02 - loss: 1.3293 - acc: 0.4437
 992/3458 [=======>......................] - ETA: 2:01 - loss: 1.3274 - acc: 0.4456
1024/3458 [=======>......................] - ETA: 1:59 - loss: 1.3233 - acc: 0.4482
1056/3458 [========>.....................] - ETA: 1:57 - loss: 1.3289 - acc: 0.4479
1088/3458 [========>.....................] - ETA: 1:56 - loss: 1.3418 - acc: 0.4494
1120/3458 [========>.....................] - ETA: 1:54 - loss: 1.3426 - acc: 0.4482
1152/3458 [========>.....................] - ETA: 1:53 - loss: 1.3352 - acc: 0.4514
1184/3458 [=========>....................] - ETA: 1:51 - loss: 1.3254 - acc: 0.4561
1216/3458 [=========>....................] - ETA: 1:50 - loss: 1.3194 - acc: 0.4589
1248/3458 [=========>....................] - ETA: 1:48 - loss: 1.3208 - acc: 0.4575
1280/3458 [==========>...................] - ETA: 1:47 - loss: 1.3242 - acc: 0.4578
1312/3458 [==========>...................] - ETA: 1:45 - loss: 1.3235 - acc: 0.4596
1344/3458 [==========>...................] - ETA: 1:43 - loss: 1.3214 - acc: 0.4583
1376/3458 [==========>...................] - ETA: 1:42 - loss: 1.3211 - acc: 0.4578
1408/3458 [===========>..................] - ETA: 1:40 - loss: 1.3159 - acc: 0.4624
1440/3458 [===========>..................] - ETA: 1:39 - loss: 1.3149 - acc: 0.4646
1472/3458 [===========>..................] - ETA: 1:37 - loss: 1.3137 - acc: 0.4633
1504/3458 [============>.................] - ETA: 1:36 - loss: 1.3150 - acc: 0.4628
1536/3458 [============>.................] - ETA: 1:34 - loss: 1.3155 - acc: 0.4635
1568/3458 [============>.................] - ETA: 1:32 - loss: 1.3131 - acc: 0.4662
1600/3458 [============>.................] - ETA: 1:31 - loss: 1.3106 - acc: 0.4669
1632/3458 [=============>................] - ETA: 1:29 - loss: 1.3090 - acc: 0.4669
1664/3458 [=============>................] - ETA: 1:28 - loss: 1.3088 - acc: 0.4694
1696/3458 [=============>................] - ETA: 1:26 - loss: 1.3061 - acc: 0.4705
1728/3458 [=============>................] - ETA: 1:25 - loss: 1.3098 - acc: 0.4711
1760/3458 [==============>...............] - ETA: 1:23 - loss: 1.3051 - acc: 0.4733
1792/3458 [==============>...............] - ETA: 1:21 - loss: 1.3017 - acc: 0.4754
1824/3458 [==============>...............] - ETA: 1:20 - loss: 1.2979 - acc: 0.4748
1856/3458 [===============>..............] - ETA: 1:18 - loss: 1.2944 - acc: 0.4768
1888/3458 [===============>..............] - ETA: 1:17 - loss: 1.2948 - acc: 0.4767
1920/3458 [===============>..............] - ETA: 1:15 - loss: 1.2869 - acc: 0.4797
1952/3458 [===============>..............] - ETA: 1:13 - loss: 1.2814 - acc: 0.4836
1984/3458 [================>.............] - ETA: 1:12 - loss: 1.2811 - acc: 0.4819
2016/3458 [================>.............] - ETA: 1:10 - loss: 1.2815 - acc: 0.4821
2048/3458 [================>.............] - ETA: 1:09 - loss: 1.2752 - acc: 0.4844
2080/3458 [=================>............] - ETA: 1:07 - loss: 1.2747 - acc: 0.4865
2112/3458 [=================>............] - ETA: 1:06 - loss: 1.2721 - acc: 0.4886
2144/3458 [=================>............] - ETA: 1:04 - loss: 1.2707 - acc: 0.4869
2176/3458 [=================>............] - ETA: 1:03 - loss: 1.2679 - acc: 0.4867
2208/3458 [==================>...........] - ETA: 1:01 - loss: 1.2710 - acc: 0.4832
2240/3458 [==================>...........] - ETA: 59s - loss: 1.2696 - acc: 0.4848 
2272/3458 [==================>...........] - ETA: 58s - loss: 1.2700 - acc: 0.4859
2304/3458 [==================>...........] - ETA: 56s - loss: 1.2687 - acc: 0.4865
2336/3458 [===================>..........] - ETA: 55s - loss: 1.2676 - acc: 0.4876
2368/3458 [===================>..........] - ETA: 53s - loss: 1.2681 - acc: 0.4852
2400/3458 [===================>..........] - ETA: 52s - loss: 1.2659 - acc: 0.4854
2432/3458 [====================>.........] - ETA: 50s - loss: 1.2664 - acc: 0.4844
2464/3458 [====================>.........] - ETA: 48s - loss: 1.2633 - acc: 0.4854
2496/3458 [====================>.........] - ETA: 47s - loss: 1.2627 - acc: 0.4852
2528/3458 [====================>.........] - ETA: 45s - loss: 1.2627 - acc: 0.4838
2560/3458 [=====================>........] - ETA: 44s - loss: 1.2630 - acc: 0.4812
2592/3458 [=====================>........] - ETA: 42s - loss: 1.2665 - acc: 0.4807
2624/3458 [=====================>........] - ETA: 41s - loss: 1.2669 - acc: 0.4817
2656/3458 [======================>.......] - ETA: 39s - loss: 1.2682 - acc: 0.4812
2688/3458 [======================>.......] - ETA: 37s - loss: 1.2712 - acc: 0.4807
2720/3458 [======================>.......] - ETA: 36s - loss: 1.2724 - acc: 0.4787
2752/3458 [======================>.......] - ETA: 34s - loss: 1.2725 - acc: 0.4789
2784/3458 [=======================>......] - ETA: 33s - loss: 1.2738 - acc: 0.4781
2816/3458 [=======================>......] - ETA: 31s - loss: 1.2737 - acc: 0.4780
2848/3458 [=======================>......] - ETA: 29s - loss: 1.2743 - acc: 0.4779
2880/3458 [=======================>......] - ETA: 28s - loss: 1.2736 - acc: 0.4792
2912/3458 [========================>.....] - ETA: 26s - loss: 1.2727 - acc: 0.4794
2944/3458 [========================>.....] - ETA: 25s - loss: 1.2690 - acc: 0.4806
2976/3458 [========================>.....] - ETA: 23s - loss: 1.2703 - acc: 0.4808
3008/3458 [=========================>....] - ETA: 22s - loss: 1.2722 - acc: 0.4804
3040/3458 [=========================>....] - ETA: 20s - loss: 1.2711 - acc: 0.4806
3072/3458 [=========================>....] - ETA: 18s - loss: 1.2697 - acc: 0.4821
3104/3458 [=========================>....] - ETA: 17s - loss: 1.2677 - acc: 0.4820
3136/3458 [==========================>...] - ETA: 15s - loss: 1.2668 - acc: 0.4821
3168/3458 [==========================>...] - ETA: 14s - loss: 1.2636 - acc: 0.4836
3200/3458 [==========================>...] - ETA: 12s - loss: 1.2622 - acc: 0.4847
3232/3458 [===========================>..] - ETA: 11s - loss: 1.2599 - acc: 0.4858
3264/3458 [===========================>..] - ETA: 9s - loss: 1.2597 - acc: 0.4862 
3296/3458 [===========================>..] - ETA: 7s - loss: 1.2585 - acc: 0.4863
3328/3458 [===========================>..] - ETA: 6s - loss: 1.2596 - acc: 0.4862
3360/3458 [============================>.] - ETA: 4s - loss: 1.2573 - acc: 0.4869
3392/3458 [============================>.] - ETA: 3s - loss: 1.2558 - acc: 0.4882
3424/3458 [============================>.] - ETA: 1s - loss: 1.2555 - acc: 0.4874
3456/3458 [============================>.] - ETA: 0s - loss: 1.2543 - acc: 0.4890
3458/3458 [==============================] - 171s 49ms/sample - loss: 1.2543 - acc: 0.4890

 32/865 [>.............................] - ETA: 7s - loss: 1.2155 - acc: 0.3750
 64/865 [=>............................] - ETA: 6s - loss: 1.1398 - acc: 0.5000
 96/865 [==>...........................] - ETA: 6s - loss: 1.1867 - acc: 0.4896
128/865 [===>..........................] - ETA: 6s - loss: 1.2111 - acc: 0.5156
160/865 [====>.........................] - ETA: 6s - loss: 1.1858 - acc: 0.5312
192/865 [=====>........................] - ETA: 6s - loss: 1.2057 - acc: 0.5156
224/865 [======>.......................] - ETA: 5s - loss: 1.1885 - acc: 0.5134
256/865 [=======>......................] - ETA: 5s - loss: 1.1941 - acc: 0.5000
288/865 [========>.....................] - ETA: 5s - loss: 1.1699 - acc: 0.5174
320/865 [==========>...................] - ETA: 4s - loss: 1.1787 - acc: 0.5125
352/865 [===========>..................] - ETA: 4s - loss: 1.2082 - acc: 0.5085
384/865 [============>.................] - ETA: 4s - loss: 1.1875 - acc: 0.5208
416/865 [=============>................] - ETA: 4s - loss: 1.1798 - acc: 0.5192
448/865 [==============>...............] - ETA: 3s - loss: 1.1702 - acc: 0.5246
480/865 [===============>..............] - ETA: 3s - loss: 1.1772 - acc: 0.5229
512/865 [================>.............] - ETA: 3s - loss: 1.1753 - acc: 0.5195
544/865 [=================>............] - ETA: 2s - loss: 1.1675 - acc: 0.5276
576/865 [==================>...........] - ETA: 2s - loss: 1.1695 - acc: 0.5295
608/865 [====================>.........] - ETA: 2s - loss: 1.1626 - acc: 0.5312
640/865 [=====================>........] - ETA: 2s - loss: 1.1591 - acc: 0.5328
672/865 [======================>.......] - ETA: 1s - loss: 1.1520 - acc: 0.5312
704/865 [=======================>......] - ETA: 1s - loss: 1.1484 - acc: 0.5341
736/865 [========================>.....] - ETA: 1s - loss: 1.1509 - acc: 0.5340
768/865 [=========================>....] - ETA: 0s - loss: 1.1581 - acc: 0.5247
800/865 [==========================>...] - ETA: 0s - loss: 1.1574 - acc: 0.5300
832/865 [===========================>..] - ETA: 0s - loss: 1.1618 - acc: 0.5312
864/865 [============================>.] - ETA: 0s - loss: 1.1567 - acc: 0.5359
865/865 [==============================] - 8s 9ms/sample - loss: 1.1567 - acc: 0.5353

  32/3458 [..............................] - ETA: 2:46 - loss: 0.9209 - acc: 0.7188
  64/3458 [..............................] - ETA: 2:45 - loss: 0.9890 - acc: 0.6562
  96/3458 [..............................] - ETA: 2:43 - loss: 0.9822 - acc: 0.6146
 128/3458 [>.............................] - ETA: 2:41 - loss: 0.9807 - acc: 0.6094
 160/3458 [>.............................] - ETA: 2:40 - loss: 1.0126 - acc: 0.5813
 192/3458 [>.............................] - ETA: 2:39 - loss: 1.0333 - acc: 0.5833
 224/3458 [>.............................] - ETA: 2:37 - loss: 1.0647 - acc: 0.5670
 256/3458 [=>............................] - ETA: 2:36 - loss: 1.0250 - acc: 0.5977
 288/3458 [=>............................] - ETA: 2:35 - loss: 1.0161 - acc: 0.6076
 320/3458 [=>............................] - ETA: 2:34 - loss: 1.0085 - acc: 0.6125
 352/3458 [==>...........................] - ETA: 2:32 - loss: 1.0044 - acc: 0.6136
 384/3458 [==>...........................] - ETA: 2:30 - loss: 1.0048 - acc: 0.5990
 416/3458 [==>...........................] - ETA: 2:29 - loss: 0.9976 - acc: 0.6034
 448/3458 [==>...........................] - ETA: 2:28 - loss: 1.0048 - acc: 0.5960
 480/3458 [===>..........................] - ETA: 2:26 - loss: 1.0063 - acc: 0.5958
 512/3458 [===>..........................] - ETA: 2:24 - loss: 1.0090 - acc: 0.6016
 544/3458 [===>..........................] - ETA: 2:23 - loss: 1.0011 - acc: 0.6029
 576/3458 [===>..........................] - ETA: 2:21 - loss: 1.0016 - acc: 0.6094
 608/3458 [====>.........................] - ETA: 2:20 - loss: 1.0069 - acc: 0.6036
 640/3458 [====>.........................] - ETA: 2:18 - loss: 1.0136 - acc: 0.6000
 672/3458 [====>.........................] - ETA: 2:17 - loss: 1.0095 - acc: 0.5967
 704/3458 [=====>........................] - ETA: 2:15 - loss: 1.0054 - acc: 0.5994
 736/3458 [=====>........................] - ETA: 2:13 - loss: 1.0075 - acc: 0.5965
 768/3458 [=====>........................] - ETA: 2:12 - loss: 1.0088 - acc: 0.5990
 800/3458 [=====>........................] - ETA: 2:10 - loss: 1.0008 - acc: 0.6037
 832/3458 [======>.......................] - ETA: 2:08 - loss: 1.0015 - acc: 0.6046
 864/3458 [======>.......................] - ETA: 2:07 - loss: 1.0031 - acc: 0.6076
 896/3458 [======>.......................] - ETA: 2:05 - loss: 0.9956 - acc: 0.6150
 928/3458 [=======>......................] - ETA: 2:04 - loss: 0.9931 - acc: 0.6185
 960/3458 [=======>......................] - ETA: 2:02 - loss: 0.9938 - acc: 0.6208
 992/3458 [=======>......................] - ETA: 2:01 - loss: 0.9937 - acc: 0.6179
1024/3458 [=======>......................] - ETA: 1:59 - loss: 0.9921 - acc: 0.6182
1056/3458 [========>.....................] - ETA: 1:57 - loss: 0.9902 - acc: 0.6184
1088/3458 [========>.....................] - ETA: 1:56 - loss: 0.9834 - acc: 0.6222
1120/3458 [========>.....................] - ETA: 1:54 - loss: 0.9832 - acc: 0.6205
1152/3458 [========>.....................] - ETA: 1:53 - loss: 0.9924 - acc: 0.6172
1184/3458 [=========>....................] - ETA: 1:51 - loss: 0.9835 - acc: 0.6216
1216/3458 [=========>....................] - ETA: 1:50 - loss: 0.9824 - acc: 0.6234
1248/3458 [=========>....................] - ETA: 1:48 - loss: 0.9835 - acc: 0.6250
1280/3458 [==========>...................] - ETA: 1:46 - loss: 0.9794 - acc: 0.6289
1312/3458 [==========>...................] - ETA: 1:45 - loss: 0.9775 - acc: 0.6311
1344/3458 [==========>...................] - ETA: 1:43 - loss: 0.9744 - acc: 0.6317
1376/3458 [==========>...................] - ETA: 1:42 - loss: 0.9807 - acc: 0.6265
1408/3458 [===========>..................] - ETA: 1:40 - loss: 0.9873 - acc: 0.6250
1440/3458 [===========>..................] - ETA: 1:39 - loss: 0.9850 - acc: 0.6257
1472/3458 [===========>..................] - ETA: 1:37 - loss: 0.9782 - acc: 0.6291
1504/3458 [============>.................] - ETA: 1:35 - loss: 0.9763 - acc: 0.6297
1536/3458 [============>.................] - ETA: 1:34 - loss: 0.9794 - acc: 0.6289
1568/3458 [============>.................] - ETA: 1:32 - loss: 0.9797 - acc: 0.6295
1600/3458 [============>.................] - ETA: 1:31 - loss: 0.9790 - acc: 0.6288
1632/3458 [=============>................] - ETA: 1:29 - loss: 0.9795 - acc: 0.6281
1664/3458 [=============>................] - ETA: 1:28 - loss: 0.9862 - acc: 0.6268
1696/3458 [=============>................] - ETA: 1:26 - loss: 0.9860 - acc: 0.6262
1728/3458 [=============>................] - ETA: 1:24 - loss: 0.9838 - acc: 0.6250
1760/3458 [==============>...............] - ETA: 1:23 - loss: 0.9854 - acc: 0.6244
1792/3458 [==============>...............] - ETA: 1:21 - loss: 0.9847 - acc: 0.6267
1824/3458 [==============>...............] - ETA: 1:20 - loss: 0.9857 - acc: 0.6261
1856/3458 [===============>..............] - ETA: 1:18 - loss: 0.9877 - acc: 0.6255
1888/3458 [===============>..............] - ETA: 1:17 - loss: 0.9895 - acc: 0.6229
1920/3458 [===============>..............] - ETA: 1:15 - loss: 0.9873 - acc: 0.6255
1952/3458 [===============>..............] - ETA: 1:13 - loss: 0.9839 - acc: 0.6281
1984/3458 [================>.............] - ETA: 1:12 - loss: 0.9845 - acc: 0.6280
2016/3458 [================>.............] - ETA: 1:10 - loss: 0.9854 - acc: 0.6265
2048/3458 [================>.............] - ETA: 1:09 - loss: 0.9828 - acc: 0.6270
2080/3458 [=================>............] - ETA: 1:07 - loss: 0.9831 - acc: 0.6274
2112/3458 [=================>............] - ETA: 1:06 - loss: 0.9810 - acc: 0.6278
2144/3458 [=================>............] - ETA: 1:04 - loss: 0.9761 - acc: 0.6306
2176/3458 [=================>............] - ETA: 1:03 - loss: 0.9764 - acc: 0.6314
2208/3458 [==================>...........] - ETA: 1:01 - loss: 0.9738 - acc: 0.6313
2240/3458 [==================>...........] - ETA: 59s - loss: 0.9762 - acc: 0.6321 
2272/3458 [==================>...........] - ETA: 58s - loss: 0.9745 - acc: 0.6320
2304/3458 [==================>...........] - ETA: 56s - loss: 0.9712 - acc: 0.6319
2336/3458 [===================>..........] - ETA: 55s - loss: 0.9728 - acc: 0.6323
2368/3458 [===================>..........] - ETA: 53s - loss: 0.9730 - acc: 0.6334
2400/3458 [===================>..........] - ETA: 51s - loss: 0.9732 - acc: 0.6329
2432/3458 [====================>.........] - ETA: 50s - loss: 0.9694 - acc: 0.6345
2464/3458 [====================>.........] - ETA: 48s - loss: 0.9691 - acc: 0.6343
2496/3458 [====================>.........] - ETA: 47s - loss: 0.9665 - acc: 0.6354
2528/3458 [====================>.........] - ETA: 45s - loss: 0.9660 - acc: 0.6349
2560/3458 [=====================>........] - ETA: 44s - loss: 0.9675 - acc: 0.6332
2592/3458 [=====================>........] - ETA: 42s - loss: 0.9663 - acc: 0.6339
2624/3458 [=====================>........] - ETA: 40s - loss: 0.9648 - acc: 0.6338
2656/3458 [======================>.......] - ETA: 39s - loss: 0.9631 - acc: 0.6340
2688/3458 [======================>.......] - ETA: 37s - loss: 0.9625 - acc: 0.6354
2720/3458 [======================>.......] - ETA: 36s - loss: 0.9640 - acc: 0.6338
2752/3458 [======================>.......] - ETA: 34s - loss: 0.9642 - acc: 0.6334
2784/3458 [=======================>......] - ETA: 33s - loss: 0.9671 - acc: 0.6336
2816/3458 [=======================>......] - ETA: 31s - loss: 0.9677 - acc: 0.6328
2848/3458 [=======================>......] - ETA: 29s - loss: 0.9696 - acc: 0.6303
2880/3458 [=======================>......] - ETA: 28s - loss: 0.9672 - acc: 0.6306
2912/3458 [========================>.....] - ETA: 26s - loss: 0.9643 - acc: 0.6319
2944/3458 [========================>.....] - ETA: 25s - loss: 0.9630 - acc: 0.6311
2976/3458 [========================>.....] - ETA: 23s - loss: 0.9631 - acc: 0.6317
3008/3458 [=========================>....] - ETA: 22s - loss: 0.9633 - acc: 0.6323
3040/3458 [=========================>....] - ETA: 20s - loss: 0.9630 - acc: 0.6309
3072/3458 [=========================>....] - ETA: 18s - loss: 0.9637 - acc: 0.6315
3104/3458 [=========================>....] - ETA: 17s - loss: 0.9631 - acc: 0.6314
3136/3458 [==========================>...] - ETA: 15s - loss: 0.9619 - acc: 0.6311
3168/3458 [==========================>...] - ETA: 14s - loss: 0.9619 - acc: 0.6310
3200/3458 [==========================>...] - ETA: 12s - loss: 0.9607 - acc: 0.6319
3232/3458 [===========================>..] - ETA: 11s - loss: 0.9572 - acc: 0.6334
3264/3458 [===========================>..] - ETA: 9s - loss: 0.9578 - acc: 0.6336 
3296/3458 [===========================>..] - ETA: 7s - loss: 0.9569 - acc: 0.6341
3328/3458 [===========================>..] - ETA: 6s - loss: 0.9561 - acc: 0.6343
3360/3458 [============================>.] - ETA: 4s - loss: 0.9581 - acc: 0.6336
3392/3458 [============================>.] - ETA: 3s - loss: 0.9580 - acc: 0.6341
3424/3458 [============================>.] - ETA: 1s - loss: 0.9566 - acc: 0.6338
3456/3458 [============================>.] - ETA: 0s - loss: 0.9563 - acc: 0.6337
3458/3458 [==============================] - 170s 49ms/sample - loss: 0.9560 - acc: 0.6339

 32/865 [>.............................] - ETA: 7s - loss: 1.5040 - acc: 0.3438
 64/865 [=>............................] - ETA: 7s - loss: 1.2569 - acc: 0.4531
 96/865 [==>...........................] - ETA: 6s - loss: 1.2436 - acc: 0.4688
128/865 [===>..........................] - ETA: 6s - loss: 1.2920 - acc: 0.4844
160/865 [====>.........................] - ETA: 6s - loss: 1.2390 - acc: 0.5063
192/865 [=====>........................] - ETA: 5s - loss: 1.2259 - acc: 0.5052
224/865 [======>.......................] - ETA: 5s - loss: 1.1846 - acc: 0.5268
256/865 [=======>......................] - ETA: 5s - loss: 1.1616 - acc: 0.5273
288/865 [========>.....................] - ETA: 5s - loss: 1.1371 - acc: 0.5451
320/865 [==========>...................] - ETA: 4s - loss: 1.1366 - acc: 0.5344
352/865 [===========>..................] - ETA: 4s - loss: 1.1866 - acc: 0.5227
384/865 [============>.................] - ETA: 4s - loss: 1.1611 - acc: 0.5443
416/865 [=============>................] - ETA: 4s - loss: 1.1689 - acc: 0.5409
448/865 [==============>...............] - ETA: 3s - loss: 1.1581 - acc: 0.5469
480/865 [===============>..............] - ETA: 3s - loss: 1.1686 - acc: 0.5479
512/865 [================>.............] - ETA: 3s - loss: 1.1584 - acc: 0.5469
544/865 [=================>............] - ETA: 2s - loss: 1.1496 - acc: 0.5478
576/865 [==================>...........] - ETA: 2s - loss: 1.1523 - acc: 0.5469
608/865 [====================>.........] - ETA: 2s - loss: 1.1602 - acc: 0.5477
640/865 [=====================>........] - ETA: 1s - loss: 1.1520 - acc: 0.5437
672/865 [======================>.......] - ETA: 1s - loss: 1.1428 - acc: 0.5506
704/865 [=======================>......] - ETA: 1s - loss: 1.1434 - acc: 0.5540
736/865 [========================>.....] - ETA: 1s - loss: 1.1458 - acc: 0.5557
768/865 [=========================>....] - ETA: 0s - loss: 1.1593 - acc: 0.5430
800/865 [==========================>...] - ETA: 0s - loss: 1.1578 - acc: 0.5400
832/865 [===========================>..] - ETA: 0s - loss: 1.1609 - acc: 0.5397
864/865 [============================>.] - ETA: 0s - loss: 1.1627 - acc: 0.5405
865/865 [==============================] - 8s 9ms/sample - loss: 1.1623 - acc: 0.5410

  32/3458 [..............................] - ETA: 2:46 - loss: 0.6445 - acc: 0.7500
  64/3458 [..............................] - ETA: 2:46 - loss: 0.6735 - acc: 0.7656
  96/3458 [..............................] - ETA: 2:44 - loss: 0.6756 - acc: 0.7500
 128/3458 [>.............................] - ETA: 2:43 - loss: 0.6662 - acc: 0.7344
 160/3458 [>.............................] - ETA: 2:41 - loss: 0.6487 - acc: 0.7437
 192/3458 [>.............................] - ETA: 2:40 - loss: 0.6611 - acc: 0.7448
 224/3458 [>.............................] - ETA: 2:39 - loss: 0.6447 - acc: 0.7589
 256/3458 [=>............................] - ETA: 2:38 - loss: 0.6730 - acc: 0.7461
 288/3458 [=>............................] - ETA: 2:36 - loss: 0.6723 - acc: 0.7431
 320/3458 [=>............................] - ETA: 2:34 - loss: 0.6674 - acc: 0.7500
 352/3458 [==>...........................] - ETA: 2:32 - loss: 0.6780 - acc: 0.7500
 384/3458 [==>...........................] - ETA: 2:31 - loss: 0.6713 - acc: 0.7578
 416/3458 [==>...........................] - ETA: 2:29 - loss: 0.6608 - acc: 0.7620
 448/3458 [==>...........................] - ETA: 2:28 - loss: 0.6495 - acc: 0.7679
 480/3458 [===>..........................] - ETA: 2:26 - loss: 0.6433 - acc: 0.7688
 512/3458 [===>..........................] - ETA: 2:24 - loss: 0.6481 - acc: 0.7617
 544/3458 [===>..........................] - ETA: 2:23 - loss: 0.6387 - acc: 0.7610
 576/3458 [===>..........................] - ETA: 2:21 - loss: 0.6434 - acc: 0.7552
 608/3458 [====>.........................] - ETA: 2:20 - loss: 0.6401 - acc: 0.7566
 640/3458 [====>.........................] - ETA: 2:18 - loss: 0.6313 - acc: 0.7625
 672/3458 [====>.........................] - ETA: 2:17 - loss: 0.6207 - acc: 0.7693
 704/3458 [=====>........................] - ETA: 2:15 - loss: 0.6162 - acc: 0.7713
 736/3458 [=====>........................] - ETA: 2:14 - loss: 0.6118 - acc: 0.7704
 768/3458 [=====>........................] - ETA: 2:12 - loss: 0.6150 - acc: 0.7695
 800/3458 [=====>........................] - ETA: 2:10 - loss: 0.6098 - acc: 0.7713
 832/3458 [======>.......................] - ETA: 2:09 - loss: 0.6073 - acc: 0.7752
 864/3458 [======>.......................] - ETA: 2:07 - loss: 0.6061 - acc: 0.7731
 896/3458 [======>.......................] - ETA: 2:06 - loss: 0.5982 - acc: 0.7779
 928/3458 [=======>......................] - ETA: 2:04 - loss: 0.5961 - acc: 0.7780
 960/3458 [=======>......................] - ETA: 2:03 - loss: 0.5979 - acc: 0.7760
 992/3458 [=======>......................] - ETA: 2:01 - loss: 0.5920 - acc: 0.7782
1024/3458 [=======>......................] - ETA: 1:59 - loss: 0.5870 - acc: 0.7803
1056/3458 [========>.....................] - ETA: 1:58 - loss: 0.5791 - acc: 0.7850
1088/3458 [========>.....................] - ETA: 1:56 - loss: 0.5803 - acc: 0.7831
1120/3458 [========>.....................] - ETA: 1:55 - loss: 0.5782 - acc: 0.7821
1152/3458 [========>.....................] - ETA: 1:53 - loss: 0.5755 - acc: 0.7821
1184/3458 [=========>....................] - ETA: 1:52 - loss: 0.5780 - acc: 0.7804
1216/3458 [=========>....................] - ETA: 1:50 - loss: 0.5745 - acc: 0.7837
1248/3458 [=========>....................] - ETA: 1:48 - loss: 0.5779 - acc: 0.7829
1280/3458 [==========>...................] - ETA: 1:47 - loss: 0.5801 - acc: 0.7820
1312/3458 [==========>...................] - ETA: 1:45 - loss: 0.5762 - acc: 0.7843
1344/3458 [==========>...................] - ETA: 1:44 - loss: 0.5754 - acc: 0.7850
1376/3458 [==========>...................] - ETA: 1:43 - loss: 0.5778 - acc: 0.7834
1408/3458 [===========>..................] - ETA: 1:41 - loss: 0.5734 - acc: 0.7855
1440/3458 [===========>..................] - ETA: 1:39 - loss: 0.5771 - acc: 0.7847
1472/3458 [===========>..................] - ETA: 1:38 - loss: 0.5768 - acc: 0.7853
1504/3458 [============>.................] - ETA: 1:36 - loss: 0.5715 - acc: 0.7886
1536/3458 [============>.................] - ETA: 1:35 - loss: 0.5718 - acc: 0.7865
1568/3458 [============>.................] - ETA: 1:33 - loss: 0.5715 - acc: 0.7870
1600/3458 [============>.................] - ETA: 1:32 - loss: 0.5717 - acc: 0.7862
1632/3458 [=============>................] - ETA: 1:30 - loss: 0.5755 - acc: 0.7855
1664/3458 [=============>................] - ETA: 1:29 - loss: 0.5754 - acc: 0.7867
1696/3458 [=============>................] - ETA: 1:27 - loss: 0.5727 - acc: 0.7871
1728/3458 [=============>................] - ETA: 1:26 - loss: 0.5720 - acc: 0.7888
1760/3458 [==============>...............] - ETA: 1:24 - loss: 0.5702 - acc: 0.7892
1792/3458 [==============>...............] - ETA: 1:22 - loss: 0.5695 - acc: 0.7896
1824/3458 [==============>...............] - ETA: 1:21 - loss: 0.5698 - acc: 0.7906
1856/3458 [===============>..............] - ETA: 1:19 - loss: 0.5691 - acc: 0.7904
1888/3458 [===============>..............] - ETA: 1:18 - loss: 0.5731 - acc: 0.7887
1920/3458 [===============>..............] - ETA: 1:16 - loss: 0.5723 - acc: 0.7896
1952/3458 [===============>..............] - ETA: 1:15 - loss: 0.5695 - acc: 0.7910
1984/3458 [================>.............] - ETA: 1:13 - loss: 0.5733 - acc: 0.7883
2016/3458 [================>.............] - ETA: 1:11 - loss: 0.5723 - acc: 0.7887
2048/3458 [================>.............] - ETA: 1:10 - loss: 0.5784 - acc: 0.7866
2080/3458 [=================>............] - ETA: 1:08 - loss: 0.5775 - acc: 0.7875
2112/3458 [=================>............] - ETA: 1:06 - loss: 0.5794 - acc: 0.7869
2144/3458 [=================>............] - ETA: 1:05 - loss: 0.5759 - acc: 0.7882
2176/3458 [=================>............] - ETA: 1:03 - loss: 0.5743 - acc: 0.7886
2208/3458 [==================>...........] - ETA: 1:02 - loss: 0.5750 - acc: 0.7876
2240/3458 [==================>...........] - ETA: 1:00 - loss: 0.5748 - acc: 0.7879
2272/3458 [==================>...........] - ETA: 58s - loss: 0.5754 - acc: 0.7879 
2304/3458 [==================>...........] - ETA: 57s - loss: 0.5769 - acc: 0.7873
2336/3458 [===================>..........] - ETA: 55s - loss: 0.5762 - acc: 0.7881
2368/3458 [===================>..........] - ETA: 54s - loss: 0.5748 - acc: 0.7884
2400/3458 [===================>..........] - ETA: 52s - loss: 0.5748 - acc: 0.7879
2432/3458 [====================>.........] - ETA: 50s - loss: 0.5748 - acc: 0.7882
2464/3458 [====================>.........] - ETA: 49s - loss: 0.5753 - acc: 0.7886
2496/3458 [====================>.........] - ETA: 47s - loss: 0.5752 - acc: 0.7885
2528/3458 [====================>.........] - ETA: 46s - loss: 0.5741 - acc: 0.7892
2560/3458 [=====================>........] - ETA: 44s - loss: 0.5753 - acc: 0.7891
2592/3458 [=====================>........] - ETA: 42s - loss: 0.5731 - acc: 0.7909
2624/3458 [=====================>........] - ETA: 41s - loss: 0.5740 - acc: 0.7904
2656/3458 [======================>.......] - ETA: 39s - loss: 0.5722 - acc: 0.7910
2688/3458 [======================>.......] - ETA: 38s - loss: 0.5704 - acc: 0.7924
2720/3458 [======================>.......] - ETA: 36s - loss: 0.5705 - acc: 0.7926
2752/3458 [======================>.......] - ETA: 35s - loss: 0.5696 - acc: 0.7925
2784/3458 [=======================>......] - ETA: 33s - loss: 0.5671 - acc: 0.7931
2816/3458 [=======================>......] - ETA: 31s - loss: 0.5670 - acc: 0.7926
2848/3458 [=======================>......] - ETA: 30s - loss: 0.5698 - acc: 0.7914
2880/3458 [=======================>......] - ETA: 28s - loss: 0.5692 - acc: 0.7924
2912/3458 [========================>.....] - ETA: 27s - loss: 0.5715 - acc: 0.7922
2944/3458 [========================>.....] - ETA: 25s - loss: 0.5737 - acc: 0.7908
2976/3458 [========================>.....] - ETA: 23s - loss: 0.5742 - acc: 0.7907
3008/3458 [=========================>....] - ETA: 22s - loss: 0.5714 - acc: 0.7919
3040/3458 [=========================>....] - ETA: 20s - loss: 0.5730 - acc: 0.7908
3072/3458 [=========================>....] - ETA: 19s - loss: 0.5716 - acc: 0.7913
3104/3458 [=========================>....] - ETA: 17s - loss: 0.5720 - acc: 0.7916
3136/3458 [==========================>...] - ETA: 15s - loss: 0.5704 - acc: 0.7918
3168/3458 [==========================>...] - ETA: 14s - loss: 0.5683 - acc: 0.7929
3200/3458 [==========================>...] - ETA: 12s - loss: 0.5671 - acc: 0.7931
3232/3458 [===========================>..] - ETA: 11s - loss: 0.5697 - acc: 0.7921
3264/3458 [===========================>..] - ETA: 9s - loss: 0.5695 - acc: 0.7920 
3296/3458 [===========================>..] - ETA: 8s - loss: 0.5691 - acc: 0.7919
3328/3458 [===========================>..] - ETA: 6s - loss: 0.5697 - acc: 0.7912
3360/3458 [============================>.] - ETA: 4s - loss: 0.5702 - acc: 0.7902
3392/3458 [============================>.] - ETA: 3s - loss: 0.5725 - acc: 0.7901
3424/3458 [============================>.] - ETA: 1s - loss: 0.5726 - acc: 0.7897
3456/3458 [============================>.] - ETA: 0s - loss: 0.5708 - acc: 0.7902
3458/3458 [==============================] - 172s 50ms/sample - loss: 0.5707 - acc: 0.7903

 32/865 [>.............................] - ETA: 7s - loss: 1.5333 - acc: 0.3438
 64/865 [=>............................] - ETA: 7s - loss: 1.3137 - acc: 0.5000
 96/865 [==>...........................] - ETA: 6s - loss: 1.3337 - acc: 0.4896
128/865 [===>..........................] - ETA: 6s - loss: 1.3914 - acc: 0.5078
160/865 [====>.........................] - ETA: 6s - loss: 1.3418 - acc: 0.5500
192/865 [=====>........................] - ETA: 6s - loss: 1.3187 - acc: 0.5417
224/865 [======>.......................] - ETA: 5s - loss: 1.2438 - acc: 0.5670
256/865 [=======>......................] - ETA: 5s - loss: 1.2325 - acc: 0.5703
288/865 [========>.....................] - ETA: 5s - loss: 1.2034 - acc: 0.5764
320/865 [==========>...................] - ETA: 4s - loss: 1.2209 - acc: 0.5688
352/865 [===========>..................] - ETA: 4s - loss: 1.3342 - acc: 0.5540
384/865 [============>.................] - ETA: 4s - loss: 1.3202 - acc: 0.5625
416/865 [=============>................] - ETA: 3s - loss: 1.3204 - acc: 0.5577
448/865 [==============>...............] - ETA: 3s - loss: 1.3225 - acc: 0.5513
480/865 [===============>..............] - ETA: 3s - loss: 1.3584 - acc: 0.5437
512/865 [================>.............] - ETA: 3s - loss: 1.3450 - acc: 0.5469
544/865 [=================>............] - ETA: 2s - loss: 1.3320 - acc: 0.5533
576/865 [==================>...........] - ETA: 2s - loss: 1.3280 - acc: 0.5486
608/865 [====================>.........] - ETA: 2s - loss: 1.3284 - acc: 0.5493
640/865 [=====================>........] - ETA: 2s - loss: 1.3027 - acc: 0.5516
672/865 [======================>.......] - ETA: 1s - loss: 1.2906 - acc: 0.5551
704/865 [=======================>......] - ETA: 1s - loss: 1.2924 - acc: 0.5526
736/865 [========================>.....] - ETA: 1s - loss: 1.2812 - acc: 0.5571
768/865 [=========================>....] - ETA: 0s - loss: 1.3051 - acc: 0.5534
800/865 [==========================>...] - ETA: 0s - loss: 1.2911 - acc: 0.5550
832/865 [===========================>..] - ETA: 0s - loss: 1.2877 - acc: 0.5577
864/865 [============================>.] - ETA: 0s - loss: 1.2931 - acc: 0.5544
865/865 [==============================] - 8s 9ms/sample - loss: 1.2927 - acc: 0.5538

  32/3458 [..............................] - ETA: 2:44 - loss: 0.2998 - acc: 0.8750
  64/3458 [..............................] - ETA: 2:45 - loss: 0.2987 - acc: 0.8906
  96/3458 [..............................] - ETA: 2:44 - loss: 0.3253 - acc: 0.8854
 128/3458 [>.............................] - ETA: 2:43 - loss: 0.3932 - acc: 0.8516
 160/3458 [>.............................] - ETA: 2:41 - loss: 0.4426 - acc: 0.8313
 192/3458 [>.............................] - ETA: 2:39 - loss: 0.4331 - acc: 0.8438
 224/3458 [>.............................] - ETA: 2:37 - loss: 0.4724 - acc: 0.8170
 256/3458 [=>............................] - ETA: 2:36 - loss: 0.4478 - acc: 0.8281
 288/3458 [=>............................] - ETA: 2:34 - loss: 0.4515 - acc: 0.8264
 320/3458 [=>............................] - ETA: 2:33 - loss: 0.4363 - acc: 0.8375
 352/3458 [==>...........................] - ETA: 2:32 - loss: 0.4215 - acc: 0.8494
 384/3458 [==>...........................] - ETA: 2:30 - loss: 0.4306 - acc: 0.8411
 416/3458 [==>...........................] - ETA: 2:29 - loss: 0.4482 - acc: 0.8317
 448/3458 [==>...........................] - ETA: 2:27 - loss: 0.4567 - acc: 0.8259
 480/3458 [===>..........................] - ETA: 2:25 - loss: 0.4505 - acc: 0.8313
 512/3458 [===>..........................] - ETA: 2:24 - loss: 0.4364 - acc: 0.8418
 544/3458 [===>..........................] - ETA: 2:22 - loss: 0.4329 - acc: 0.8438
 576/3458 [===>..........................] - ETA: 2:21 - loss: 0.4255 - acc: 0.8490
 608/3458 [====>.........................] - ETA: 2:19 - loss: 0.4243 - acc: 0.8520
 640/3458 [====>.........................] - ETA: 2:18 - loss: 0.4200 - acc: 0.8547
 672/3458 [====>.........................] - ETA: 2:16 - loss: 0.4115 - acc: 0.8586
 704/3458 [=====>........................] - ETA: 2:14 - loss: 0.4120 - acc: 0.8580
 736/3458 [=====>........................] - ETA: 2:13 - loss: 0.4056 - acc: 0.8628
 768/3458 [=====>........................] - ETA: 2:11 - loss: 0.4007 - acc: 0.8620
 800/3458 [=====>........................] - ETA: 2:10 - loss: 0.3981 - acc: 0.8637
 832/3458 [======>.......................] - ETA: 2:08 - loss: 0.3921 - acc: 0.8666
 864/3458 [======>.......................] - ETA: 2:07 - loss: 0.3890 - acc: 0.8669
 896/3458 [======>.......................] - ETA: 2:05 - loss: 0.3826 - acc: 0.8705
 928/3458 [=======>......................] - ETA: 2:04 - loss: 0.3823 - acc: 0.8696
 960/3458 [=======>......................] - ETA: 2:02 - loss: 0.3799 - acc: 0.8708
 992/3458 [=======>......................] - ETA: 2:01 - loss: 0.3762 - acc: 0.8730
1024/3458 [=======>......................] - ETA: 1:59 - loss: 0.3731 - acc: 0.8740
1056/3458 [========>.....................] - ETA: 1:58 - loss: 0.3716 - acc: 0.8741
1088/3458 [========>.....................] - ETA: 1:56 - loss: 0.3696 - acc: 0.8732
1120/3458 [========>.....................] - ETA: 1:54 - loss: 0.3645 - acc: 0.8759
1152/3458 [========>.....................] - ETA: 1:53 - loss: 0.3599 - acc: 0.8776
1184/3458 [=========>....................] - ETA: 1:51 - loss: 0.3570 - acc: 0.8775
1216/3458 [=========>....................] - ETA: 1:50 - loss: 0.3583 - acc: 0.8783
1248/3458 [=========>....................] - ETA: 1:48 - loss: 0.3562 - acc: 0.8798
1280/3458 [==========>...................] - ETA: 1:47 - loss: 0.3507 - acc: 0.8813
1312/3458 [==========>...................] - ETA: 1:45 - loss: 0.3446 - acc: 0.8834
1344/3458 [==========>...................] - ETA: 1:43 - loss: 0.3453 - acc: 0.8824
1376/3458 [==========>...................] - ETA: 1:42 - loss: 0.3414 - acc: 0.8823
1408/3458 [===========>..................] - ETA: 1:40 - loss: 0.3421 - acc: 0.8814
1440/3458 [===========>..................] - ETA: 1:39 - loss: 0.3408 - acc: 0.8813
1472/3458 [===========>..................] - ETA: 1:37 - loss: 0.3378 - acc: 0.8818
1504/3458 [============>.................] - ETA: 1:36 - loss: 0.3402 - acc: 0.8803
1536/3458 [============>.................] - ETA: 1:34 - loss: 0.3374 - acc: 0.8822
1568/3458 [============>.................] - ETA: 1:32 - loss: 0.3364 - acc: 0.8820
1600/3458 [============>.................] - ETA: 1:31 - loss: 0.3326 - acc: 0.8831
1632/3458 [=============>................] - ETA: 1:29 - loss: 0.3343 - acc: 0.8830
1664/3458 [=============>................] - ETA: 1:28 - loss: 0.3319 - acc: 0.8834
1696/3458 [=============>................] - ETA: 1:26 - loss: 0.3304 - acc: 0.8838
1728/3458 [=============>................] - ETA: 1:25 - loss: 0.3306 - acc: 0.8825
1760/3458 [==============>...............] - ETA: 1:23 - loss: 0.3288 - acc: 0.8830
1792/3458 [==============>...............] - ETA: 1:21 - loss: 0.3268 - acc: 0.8839
1824/3458 [==============>...............] - ETA: 1:20 - loss: 0.3246 - acc: 0.8849
1856/3458 [===============>..............] - ETA: 1:18 - loss: 0.3205 - acc: 0.8869
1888/3458 [===============>..............] - ETA: 1:17 - loss: 0.3182 - acc: 0.8877
1920/3458 [===============>..............] - ETA: 1:15 - loss: 0.3183 - acc: 0.8875
1952/3458 [===============>..............] - ETA: 1:14 - loss: 0.3181 - acc: 0.8873
1984/3458 [================>.............] - ETA: 1:12 - loss: 0.3246 - acc: 0.8866
2016/3458 [================>.............] - ETA: 1:10 - loss: 0.3240 - acc: 0.8874
2048/3458 [================>.............] - ETA: 1:09 - loss: 0.3243 - acc: 0.8872
2080/3458 [=================>............] - ETA: 1:07 - loss: 0.3236 - acc: 0.8870
2112/3458 [=================>............] - ETA: 1:06 - loss: 0.3240 - acc: 0.8864
2144/3458 [=================>............] - ETA: 1:04 - loss: 0.3228 - acc: 0.8871
2176/3458 [=================>............] - ETA: 1:03 - loss: 0.3203 - acc: 0.8883
2208/3458 [==================>...........] - ETA: 1:01 - loss: 0.3211 - acc: 0.8872
2240/3458 [==================>...........] - ETA: 59s - loss: 0.3237 - acc: 0.8853 
2272/3458 [==================>...........] - ETA: 58s - loss: 0.3212 - acc: 0.8860
2304/3458 [==================>...........] - ETA: 56s - loss: 0.3194 - acc: 0.8872
2336/3458 [===================>..........] - ETA: 55s - loss: 0.3174 - acc: 0.8883
2368/3458 [===================>..........] - ETA: 53s - loss: 0.3160 - acc: 0.8881
2400/3458 [===================>..........] - ETA: 52s - loss: 0.3127 - acc: 0.8896
2432/3458 [====================>.........] - ETA: 50s - loss: 0.3158 - acc: 0.8890
2464/3458 [====================>.........] - ETA: 48s - loss: 0.3168 - acc: 0.8884
2496/3458 [====================>.........] - ETA: 47s - loss: 0.3145 - acc: 0.8890
2528/3458 [====================>.........] - ETA: 45s - loss: 0.3148 - acc: 0.8884
2560/3458 [=====================>........] - ETA: 44s - loss: 0.3150 - acc: 0.8879
2592/3458 [=====================>........] - ETA: 42s - loss: 0.3144 - acc: 0.8877
2624/3458 [=====================>........] - ETA: 41s - loss: 0.3135 - acc: 0.8872
2656/3458 [======================>.......] - ETA: 39s - loss: 0.3141 - acc: 0.8870
2688/3458 [======================>.......] - ETA: 37s - loss: 0.3130 - acc: 0.8876
2720/3458 [======================>.......] - ETA: 36s - loss: 0.3122 - acc: 0.8879
2752/3458 [======================>.......] - ETA: 34s - loss: 0.3115 - acc: 0.8881
2784/3458 [=======================>......] - ETA: 33s - loss: 0.3118 - acc: 0.8883
2816/3458 [=======================>......] - ETA: 31s - loss: 0.3115 - acc: 0.8881
2848/3458 [=======================>......] - ETA: 30s - loss: 0.3101 - acc: 0.8883
2880/3458 [=======================>......] - ETA: 28s - loss: 0.3112 - acc: 0.8885
2912/3458 [========================>.....] - ETA: 26s - loss: 0.3115 - acc: 0.8884
2944/3458 [========================>.....] - ETA: 25s - loss: 0.3111 - acc: 0.8882
2976/3458 [========================>.....] - ETA: 23s - loss: 0.3109 - acc: 0.8881
3008/3458 [=========================>....] - ETA: 22s - loss: 0.3127 - acc: 0.8876
3040/3458 [=========================>....] - ETA: 20s - loss: 0.3122 - acc: 0.8875
3072/3458 [=========================>....] - ETA: 18s - loss: 0.3120 - acc: 0.8880
3104/3458 [=========================>....] - ETA: 17s - loss: 0.3129 - acc: 0.8876
3136/3458 [==========================>...] - ETA: 15s - loss: 0.3130 - acc: 0.8874
3168/3458 [==========================>...] - ETA: 14s - loss: 0.3125 - acc: 0.8876
3200/3458 [==========================>...] - ETA: 12s - loss: 0.3115 - acc: 0.8878
3232/3458 [===========================>..] - ETA: 11s - loss: 0.3104 - acc: 0.8883
3264/3458 [===========================>..] - ETA: 9s - loss: 0.3110 - acc: 0.8882 
3296/3458 [===========================>..] - ETA: 7s - loss: 0.3097 - acc: 0.8883
3328/3458 [===========================>..] - ETA: 6s - loss: 0.3089 - acc: 0.8888
3360/3458 [============================>.] - ETA: 4s - loss: 0.3101 - acc: 0.8881
3392/3458 [============================>.] - ETA: 3s - loss: 0.3101 - acc: 0.8880
3424/3458 [============================>.] - ETA: 1s - loss: 0.3097 - acc: 0.8879
3456/3458 [============================>.] - ETA: 0s - loss: 0.3082 - acc: 0.8886
3458/3458 [==============================] - 171s 49ms/sample - loss: 0.3080 - acc: 0.8887

 32/865 [>.............................] - ETA: 7s - loss: 2.2698 - acc: 0.3750
 64/865 [=>............................] - ETA: 7s - loss: 2.1456 - acc: 0.4844
 96/865 [==>...........................] - ETA: 7s - loss: 2.1658 - acc: 0.4792
128/865 [===>..........................] - ETA: 6s - loss: 2.0648 - acc: 0.4844
160/865 [====>.........................] - ETA: 6s - loss: 2.0092 - acc: 0.5000
192/865 [=====>........................] - ETA: 6s - loss: 2.0670 - acc: 0.4896
224/865 [======>.......................] - ETA: 5s - loss: 1.9715 - acc: 0.5045
256/865 [=======>......................] - ETA: 5s - loss: 1.9677 - acc: 0.4961
288/865 [========>.....................] - ETA: 5s - loss: 1.9876 - acc: 0.5000
320/865 [==========>...................] - ETA: 4s - loss: 2.0083 - acc: 0.4969
352/865 [===========>..................] - ETA: 4s - loss: 2.1742 - acc: 0.4886
384/865 [============>.................] - ETA: 4s - loss: 2.1710 - acc: 0.4974
416/865 [=============>................] - ETA: 4s - loss: 2.1594 - acc: 0.4928
448/865 [==============>...............] - ETA: 3s - loss: 2.1094 - acc: 0.5022
480/865 [===============>..............] - ETA: 3s - loss: 2.1292 - acc: 0.5083
512/865 [================>.............] - ETA: 3s - loss: 2.1042 - acc: 0.5098
544/865 [=================>............] - ETA: 2s - loss: 2.0482 - acc: 0.5165
576/865 [==================>...........] - ETA: 2s - loss: 2.0080 - acc: 0.5226
608/865 [====================>.........] - ETA: 2s - loss: 2.0079 - acc: 0.5197
640/865 [=====================>........] - ETA: 2s - loss: 1.9628 - acc: 0.5219
672/865 [======================>.......] - ETA: 1s - loss: 1.9226 - acc: 0.5283
704/865 [=======================>......] - ETA: 1s - loss: 1.8954 - acc: 0.5327
736/865 [========================>.....] - ETA: 1s - loss: 1.8876 - acc: 0.5340
768/865 [=========================>....] - ETA: 0s - loss: 1.9201 - acc: 0.5312
800/865 [==========================>...] - ETA: 0s - loss: 1.8887 - acc: 0.5337
832/865 [===========================>..] - ETA: 0s - loss: 1.8769 - acc: 0.5373
864/865 [============================>.] - ETA: 0s - loss: 1.8886 - acc: 0.5382
865/865 [==============================] - 8s 9ms/sample - loss: 1.8897 - acc: 0.5376
