For Dropout_1=0.1 Dropout_2=0.1
daisy loaded
dandelion loaded
rose loaded
sunflower loaded
tulip loaded

  32/3458 [..............................] - ETA: 3:14 - loss: 1.6223 - acc: 0.1250
  64/3458 [..............................] - ETA: 3:00 - loss: 7.5015 - acc: 0.2188
  96/3458 [..............................] - ETA: 2:54 - loss: 7.7359 - acc: 0.2396
 128/3458 [>.............................] - ETA: 2:50 - loss: 6.3366 - acc: 0.2812
 160/3458 [>.............................] - ETA: 2:47 - loss: 5.5194 - acc: 0.2875
 192/3458 [>.............................] - ETA: 2:44 - loss: 4.8727 - acc: 0.2708
 224/3458 [>.............................] - ETA: 2:41 - loss: 4.3991 - acc: 0.2589
 256/3458 [=>............................] - ETA: 2:40 - loss: 4.0499 - acc: 0.2656
 288/3458 [=>............................] - ETA: 2:37 - loss: 3.7807 - acc: 0.2639
 320/3458 [=>............................] - ETA: 2:36 - loss: 3.5583 - acc: 0.2719
 352/3458 [==>...........................] - ETA: 2:34 - loss: 3.3739 - acc: 0.2756
 384/3458 [==>...........................] - ETA: 2:32 - loss: 3.2226 - acc: 0.2708
 416/3458 [==>...........................] - ETA: 2:30 - loss: 3.0988 - acc: 0.2692
 448/3458 [==>...........................] - ETA: 2:29 - loss: 2.9837 - acc: 0.2723
 480/3458 [===>..........................] - ETA: 2:27 - loss: 2.8807 - acc: 0.2750
 512/3458 [===>..........................] - ETA: 2:25 - loss: 2.7922 - acc: 0.2852
 544/3458 [===>..........................] - ETA: 2:24 - loss: 2.7144 - acc: 0.2886
 576/3458 [===>..........................] - ETA: 2:22 - loss: 2.6451 - acc: 0.2865
 608/3458 [====>.........................] - ETA: 2:21 - loss: 2.5862 - acc: 0.2845
 640/3458 [====>.........................] - ETA: 2:19 - loss: 2.5423 - acc: 0.2781
 672/3458 [====>.........................] - ETA: 2:17 - loss: 2.4928 - acc: 0.2798
 704/3458 [=====>........................] - ETA: 2:16 - loss: 2.4502 - acc: 0.2827
 736/3458 [=====>........................] - ETA: 2:14 - loss: 2.4049 - acc: 0.2880
 768/3458 [=====>........................] - ETA: 2:12 - loss: 2.3677 - acc: 0.3008
 800/3458 [=====>........................] - ETA: 2:11 - loss: 2.3301 - acc: 0.3013
 832/3458 [======>.......................] - ETA: 2:09 - loss: 2.3016 - acc: 0.3077
 864/3458 [======>.......................] - ETA: 2:08 - loss: 2.2716 - acc: 0.3137
 896/3458 [======>.......................] - ETA: 2:06 - loss: 2.2411 - acc: 0.3125
 928/3458 [=======>......................] - ETA: 2:04 - loss: 2.2125 - acc: 0.3168
 960/3458 [=======>......................] - ETA: 2:03 - loss: 2.1818 - acc: 0.3187
 992/3458 [=======>......................] - ETA: 2:01 - loss: 2.1610 - acc: 0.3185
1024/3458 [=======>......................] - ETA: 2:00 - loss: 2.1426 - acc: 0.3184
1056/3458 [========>.....................] - ETA: 1:58 - loss: 2.1204 - acc: 0.3201
1088/3458 [========>.....................] - ETA: 1:56 - loss: 2.1030 - acc: 0.3189
1120/3458 [========>.....................] - ETA: 1:55 - loss: 2.0913 - acc: 0.3232
1152/3458 [========>.....................] - ETA: 1:53 - loss: 2.0762 - acc: 0.3264
1184/3458 [=========>....................] - ETA: 1:52 - loss: 2.0607 - acc: 0.3294
1216/3458 [=========>....................] - ETA: 1:50 - loss: 2.0461 - acc: 0.3331
1248/3458 [=========>....................] - ETA: 1:48 - loss: 2.0325 - acc: 0.3325
1280/3458 [==========>...................] - ETA: 1:47 - loss: 2.0202 - acc: 0.3344
1312/3458 [==========>...................] - ETA: 1:45 - loss: 2.0081 - acc: 0.3354
1344/3458 [==========>...................] - ETA: 1:44 - loss: 1.9951 - acc: 0.3371
1376/3458 [==========>...................] - ETA: 1:42 - loss: 1.9828 - acc: 0.3379
1408/3458 [===========>..................] - ETA: 1:40 - loss: 1.9695 - acc: 0.3388
1440/3458 [===========>..................] - ETA: 1:39 - loss: 1.9580 - acc: 0.3424
1472/3458 [===========>..................] - ETA: 1:37 - loss: 1.9464 - acc: 0.3438
1504/3458 [============>.................] - ETA: 1:36 - loss: 1.9342 - acc: 0.3457
1536/3458 [============>.................] - ETA: 1:34 - loss: 1.9220 - acc: 0.3470
1568/3458 [============>.................] - ETA: 1:33 - loss: 1.9106 - acc: 0.3476
1600/3458 [============>.................] - ETA: 1:31 - loss: 1.8979 - acc: 0.3500
1632/3458 [=============>................] - ETA: 1:30 - loss: 1.8875 - acc: 0.3511
1664/3458 [=============>................] - ETA: 1:28 - loss: 1.8838 - acc: 0.3516
1696/3458 [=============>................] - ETA: 1:26 - loss: 1.8743 - acc: 0.3538
1728/3458 [=============>................] - ETA: 1:25 - loss: 1.8658 - acc: 0.3536
1760/3458 [==============>...............] - ETA: 1:23 - loss: 1.8625 - acc: 0.3540
1792/3458 [==============>...............] - ETA: 1:22 - loss: 1.8514 - acc: 0.3544
1824/3458 [==============>...............] - ETA: 1:20 - loss: 1.8430 - acc: 0.3586
1856/3458 [===============>..............] - ETA: 1:18 - loss: 1.8355 - acc: 0.3594
1888/3458 [===============>..............] - ETA: 1:17 - loss: 1.8284 - acc: 0.3607
1920/3458 [===============>..............] - ETA: 1:15 - loss: 1.8209 - acc: 0.3583
1952/3458 [===============>..............] - ETA: 1:14 - loss: 1.8158 - acc: 0.3576
1984/3458 [================>.............] - ETA: 1:12 - loss: 1.8096 - acc: 0.3584
2016/3458 [================>.............] - ETA: 1:11 - loss: 1.8043 - acc: 0.3591
2048/3458 [================>.............] - ETA: 1:09 - loss: 1.7983 - acc: 0.3604
2080/3458 [=================>............] - ETA: 1:07 - loss: 1.7918 - acc: 0.3630
2112/3458 [=================>............] - ETA: 1:06 - loss: 1.7849 - acc: 0.3636
2144/3458 [=================>............] - ETA: 1:04 - loss: 1.7839 - acc: 0.3647
2176/3458 [=================>............] - ETA: 1:03 - loss: 1.7771 - acc: 0.3658
2208/3458 [==================>...........] - ETA: 1:01 - loss: 1.7719 - acc: 0.3655
2240/3458 [==================>...........] - ETA: 59s - loss: 1.7660 - acc: 0.3692 
2272/3458 [==================>...........] - ETA: 58s - loss: 1.7605 - acc: 0.3715
2304/3458 [==================>...........] - ETA: 56s - loss: 1.7564 - acc: 0.3715
2336/3458 [===================>..........] - ETA: 55s - loss: 1.7508 - acc: 0.3733
2368/3458 [===================>..........] - ETA: 53s - loss: 1.7454 - acc: 0.3737
2400/3458 [===================>..........] - ETA: 52s - loss: 1.7410 - acc: 0.3762
2432/3458 [====================>.........] - ETA: 50s - loss: 1.7364 - acc: 0.3779
2464/3458 [====================>.........] - ETA: 48s - loss: 1.7320 - acc: 0.3791
2496/3458 [====================>.........] - ETA: 47s - loss: 1.7258 - acc: 0.3826
2528/3458 [====================>.........] - ETA: 45s - loss: 1.7215 - acc: 0.3829
2560/3458 [=====================>........] - ETA: 44s - loss: 1.7174 - acc: 0.3828
2592/3458 [=====================>........] - ETA: 42s - loss: 1.7129 - acc: 0.3835
2624/3458 [=====================>........] - ETA: 41s - loss: 1.7072 - acc: 0.3845
2656/3458 [======================>.......] - ETA: 39s - loss: 1.7005 - acc: 0.3878
2688/3458 [======================>.......] - ETA: 37s - loss: 1.6961 - acc: 0.3895
2720/3458 [======================>.......] - ETA: 36s - loss: 1.6910 - acc: 0.3908
2752/3458 [======================>.......] - ETA: 34s - loss: 1.6871 - acc: 0.3914
2784/3458 [=======================>......] - ETA: 33s - loss: 1.6810 - acc: 0.3937
2816/3458 [=======================>......] - ETA: 31s - loss: 1.6791 - acc: 0.3949
2848/3458 [=======================>......] - ETA: 30s - loss: 1.6773 - acc: 0.3922
2880/3458 [=======================>......] - ETA: 28s - loss: 1.6730 - acc: 0.3938
2912/3458 [========================>.....] - ETA: 26s - loss: 1.6681 - acc: 0.3946
2944/3458 [========================>.....] - ETA: 25s - loss: 1.6648 - acc: 0.3957
2976/3458 [========================>.....] - ETA: 23s - loss: 1.6616 - acc: 0.3965
3008/3458 [=========================>....] - ETA: 22s - loss: 1.6579 - acc: 0.3983
3040/3458 [=========================>....] - ETA: 20s - loss: 1.6558 - acc: 0.3977
3072/3458 [=========================>....] - ETA: 18s - loss: 1.6524 - acc: 0.3988
3104/3458 [=========================>....] - ETA: 17s - loss: 1.6495 - acc: 0.3998
3136/3458 [==========================>...] - ETA: 15s - loss: 1.6467 - acc: 0.4008
3168/3458 [==========================>...] - ETA: 14s - loss: 1.6433 - acc: 0.4009
3200/3458 [==========================>...] - ETA: 12s - loss: 1.6404 - acc: 0.4022
3232/3458 [===========================>..] - ETA: 11s - loss: 1.6384 - acc: 0.4032
3264/3458 [===========================>..] - ETA: 9s - loss: 1.6343 - acc: 0.4056 
3296/3458 [===========================>..] - ETA: 7s - loss: 1.6364 - acc: 0.4075
3328/3458 [===========================>..] - ETA: 6s - loss: 1.6340 - acc: 0.4062
3360/3458 [============================>.] - ETA: 4s - loss: 1.6302 - acc: 0.4077
3392/3458 [============================>.] - ETA: 3s - loss: 1.6280 - acc: 0.4083
3424/3458 [============================>.] - ETA: 1s - loss: 1.6251 - acc: 0.4092
3456/3458 [============================>.] - ETA: 0s - loss: 1.6210 - acc: 0.4112
3458/3458 [==============================] - 171s 49ms/sample - loss: 1.6209 - acc: 0.4112

 32/865 [>.............................] - ETA: 8s - loss: 1.2686 - acc: 0.4062
 64/865 [=>............................] - ETA: 7s - loss: 1.2793 - acc: 0.4375
 96/865 [==>...........................] - ETA: 7s - loss: 1.2613 - acc: 0.4583
128/865 [===>..........................] - ETA: 6s - loss: 1.2579 - acc: 0.4766
160/865 [====>.........................] - ETA: 6s - loss: 1.2619 - acc: 0.5063
192/865 [=====>........................] - ETA: 6s - loss: 1.2587 - acc: 0.5104
224/865 [======>.......................] - ETA: 5s - loss: 1.2727 - acc: 0.5223
256/865 [=======>......................] - ETA: 5s - loss: 1.2943 - acc: 0.5039
288/865 [========>.....................] - ETA: 5s - loss: 1.2866 - acc: 0.5104
320/865 [==========>...................] - ETA: 4s - loss: 1.2810 - acc: 0.5156
352/865 [===========>..................] - ETA: 4s - loss: 1.2798 - acc: 0.5114
384/865 [============>.................] - ETA: 4s - loss: 1.2819 - acc: 0.5026
416/865 [=============>................] - ETA: 4s - loss: 1.2798 - acc: 0.5024
448/865 [==============>...............] - ETA: 3s - loss: 1.2835 - acc: 0.4978
480/865 [===============>..............] - ETA: 3s - loss: 1.2877 - acc: 0.4875
512/865 [================>.............] - ETA: 3s - loss: 1.2998 - acc: 0.4844
544/865 [=================>............] - ETA: 2s - loss: 1.3068 - acc: 0.4816
576/865 [==================>...........] - ETA: 2s - loss: 1.3013 - acc: 0.4774
608/865 [====================>.........] - ETA: 2s - loss: 1.2952 - acc: 0.4885
640/865 [=====================>........] - ETA: 2s - loss: 1.2940 - acc: 0.4844
672/865 [======================>.......] - ETA: 1s - loss: 1.2928 - acc: 0.4881
704/865 [=======================>......] - ETA: 1s - loss: 1.2944 - acc: 0.4830
736/865 [========================>.....] - ETA: 1s - loss: 1.2842 - acc: 0.4891
768/865 [=========================>....] - ETA: 0s - loss: 1.2820 - acc: 0.4909
800/865 [==========================>...] - ETA: 0s - loss: 1.2769 - acc: 0.4963
832/865 [===========================>..] - ETA: 0s - loss: 1.2828 - acc: 0.4904
864/865 [============================>.] - ETA: 0s - loss: 1.2815 - acc: 0.4919
865/865 [==============================] - 8s 9ms/sample - loss: 1.2806 - acc: 0.4925

  32/3458 [..............................] - ETA: 2:44 - loss: 1.2631 - acc: 0.5625
  64/3458 [..............................] - ETA: 2:44 - loss: 1.2080 - acc: 0.5781
  96/3458 [..............................] - ETA: 2:45 - loss: 1.2548 - acc: 0.5312
 128/3458 [>.............................] - ETA: 2:42 - loss: 1.2474 - acc: 0.5234
 160/3458 [>.............................] - ETA: 2:41 - loss: 1.2723 - acc: 0.5125
 192/3458 [>.............................] - ETA: 2:40 - loss: 1.2434 - acc: 0.5365
 224/3458 [>.............................] - ETA: 2:38 - loss: 1.2160 - acc: 0.5580
 256/3458 [=>............................] - ETA: 2:36 - loss: 1.1876 - acc: 0.5625
 288/3458 [=>............................] - ETA: 2:34 - loss: 1.1945 - acc: 0.5521
 320/3458 [=>............................] - ETA: 2:33 - loss: 1.1978 - acc: 0.5500
 352/3458 [==>...........................] - ETA: 2:31 - loss: 1.1880 - acc: 0.5568
 384/3458 [==>...........................] - ETA: 2:29 - loss: 1.2252 - acc: 0.5417
 416/3458 [==>...........................] - ETA: 2:28 - loss: 1.2368 - acc: 0.5385
 448/3458 [==>...........................] - ETA: 2:26 - loss: 1.2312 - acc: 0.5357
 480/3458 [===>..........................] - ETA: 2:25 - loss: 1.2274 - acc: 0.5354
 512/3458 [===>..........................] - ETA: 2:23 - loss: 1.2389 - acc: 0.5273
 544/3458 [===>..........................] - ETA: 2:22 - loss: 1.2367 - acc: 0.5276
 576/3458 [===>..........................] - ETA: 2:20 - loss: 1.2448 - acc: 0.5260
 608/3458 [====>.........................] - ETA: 2:18 - loss: 1.2431 - acc: 0.5280
 640/3458 [====>.........................] - ETA: 2:17 - loss: 1.2398 - acc: 0.5281
 672/3458 [====>.........................] - ETA: 2:16 - loss: 1.2358 - acc: 0.5283
 704/3458 [=====>........................] - ETA: 2:14 - loss: 1.2386 - acc: 0.5256
 736/3458 [=====>........................] - ETA: 2:13 - loss: 1.2370 - acc: 0.5299
 768/3458 [=====>........................] - ETA: 2:11 - loss: 1.2293 - acc: 0.5326
 800/3458 [=====>........................] - ETA: 2:09 - loss: 1.2326 - acc: 0.5300
 832/3458 [======>.......................] - ETA: 2:08 - loss: 1.2359 - acc: 0.5240
 864/3458 [======>.......................] - ETA: 2:06 - loss: 1.2282 - acc: 0.5266
 896/3458 [======>.......................] - ETA: 2:05 - loss: 1.2304 - acc: 0.5212
 928/3458 [=======>......................] - ETA: 2:03 - loss: 1.2272 - acc: 0.5205
 960/3458 [=======>......................] - ETA: 2:02 - loss: 1.2256 - acc: 0.5208
 992/3458 [=======>......................] - ETA: 2:00 - loss: 1.2246 - acc: 0.5222
1024/3458 [=======>......................] - ETA: 1:59 - loss: 1.2228 - acc: 0.5205
1056/3458 [========>.....................] - ETA: 1:57 - loss: 1.2301 - acc: 0.5161
1088/3458 [========>.....................] - ETA: 1:55 - loss: 1.2293 - acc: 0.5184
1120/3458 [========>.....................] - ETA: 1:54 - loss: 1.2300 - acc: 0.5152
1152/3458 [========>.....................] - ETA: 1:52 - loss: 1.2328 - acc: 0.5113
1184/3458 [=========>....................] - ETA: 1:51 - loss: 1.2344 - acc: 0.5068
1216/3458 [=========>....................] - ETA: 1:49 - loss: 1.2384 - acc: 0.5041
1248/3458 [=========>....................] - ETA: 1:48 - loss: 1.2358 - acc: 0.5056
1280/3458 [==========>...................] - ETA: 1:46 - loss: 1.2308 - acc: 0.5063
1312/3458 [==========>...................] - ETA: 1:44 - loss: 1.2354 - acc: 0.5046
1344/3458 [==========>...................] - ETA: 1:43 - loss: 1.2359 - acc: 0.5067
1376/3458 [==========>...................] - ETA: 1:41 - loss: 1.2375 - acc: 0.5051
1408/3458 [===========>..................] - ETA: 1:40 - loss: 1.2347 - acc: 0.5050
1440/3458 [===========>..................] - ETA: 1:38 - loss: 1.2283 - acc: 0.5090
1472/3458 [===========>..................] - ETA: 1:37 - loss: 1.2264 - acc: 0.5109
1504/3458 [============>.................] - ETA: 1:35 - loss: 1.2237 - acc: 0.5126
1536/3458 [============>.................] - ETA: 1:34 - loss: 1.2282 - acc: 0.5111
1568/3458 [============>.................] - ETA: 1:32 - loss: 1.2295 - acc: 0.5089
1600/3458 [============>.................] - ETA: 1:31 - loss: 1.2311 - acc: 0.5063
1632/3458 [=============>................] - ETA: 1:29 - loss: 1.2302 - acc: 0.5061
1664/3458 [=============>................] - ETA: 1:27 - loss: 1.2343 - acc: 0.5060
1696/3458 [=============>................] - ETA: 1:26 - loss: 1.2336 - acc: 0.5083
1728/3458 [=============>................] - ETA: 1:24 - loss: 1.2339 - acc: 0.5069
1760/3458 [==============>...............] - ETA: 1:23 - loss: 1.2327 - acc: 0.5085
1792/3458 [==============>...............] - ETA: 1:21 - loss: 1.2291 - acc: 0.5106
1824/3458 [==============>...............] - ETA: 1:20 - loss: 1.2302 - acc: 0.5110
1856/3458 [===============>..............] - ETA: 1:18 - loss: 1.2310 - acc: 0.5102
1888/3458 [===============>..............] - ETA: 1:16 - loss: 1.2296 - acc: 0.5111
1920/3458 [===============>..............] - ETA: 1:15 - loss: 1.2306 - acc: 0.5104
1952/3458 [===============>..............] - ETA: 1:13 - loss: 1.2292 - acc: 0.5128
1984/3458 [================>.............] - ETA: 1:12 - loss: 1.2297 - acc: 0.5121
2016/3458 [================>.............] - ETA: 1:10 - loss: 1.2322 - acc: 0.5109
2048/3458 [================>.............] - ETA: 1:09 - loss: 1.2334 - acc: 0.5117
2080/3458 [=================>............] - ETA: 1:07 - loss: 1.2317 - acc: 0.5130
2112/3458 [=================>............] - ETA: 1:05 - loss: 1.2277 - acc: 0.5137
2144/3458 [=================>............] - ETA: 1:04 - loss: 1.2252 - acc: 0.5140
2176/3458 [=================>............] - ETA: 1:02 - loss: 1.2265 - acc: 0.5133
2208/3458 [==================>...........] - ETA: 1:01 - loss: 1.2240 - acc: 0.5140
2240/3458 [==================>...........] - ETA: 59s - loss: 1.2222 - acc: 0.5165 
2272/3458 [==================>...........] - ETA: 58s - loss: 1.2191 - acc: 0.5189
2304/3458 [==================>...........] - ETA: 56s - loss: 1.2220 - acc: 0.5165
2336/3458 [===================>..........] - ETA: 54s - loss: 1.2205 - acc: 0.5188
2368/3458 [===================>..........] - ETA: 53s - loss: 1.2227 - acc: 0.5186
2400/3458 [===================>..........] - ETA: 51s - loss: 1.2208 - acc: 0.5204
2432/3458 [====================>.........] - ETA: 50s - loss: 1.2204 - acc: 0.5197
2464/3458 [====================>.........] - ETA: 48s - loss: 1.2190 - acc: 0.5199
2496/3458 [====================>.........] - ETA: 47s - loss: 1.2200 - acc: 0.5200
2528/3458 [====================>.........] - ETA: 45s - loss: 1.2196 - acc: 0.5206
2560/3458 [=====================>........] - ETA: 43s - loss: 1.2212 - acc: 0.5180
2592/3458 [=====================>........] - ETA: 42s - loss: 1.2174 - acc: 0.5193
2624/3458 [=====================>........] - ETA: 40s - loss: 1.2169 - acc: 0.5198
2656/3458 [======================>.......] - ETA: 39s - loss: 1.2176 - acc: 0.5196
2688/3458 [======================>.......] - ETA: 37s - loss: 1.2149 - acc: 0.5201
2720/3458 [======================>.......] - ETA: 36s - loss: 1.2170 - acc: 0.5210
2752/3458 [======================>.......] - ETA: 34s - loss: 1.2175 - acc: 0.5207
2784/3458 [=======================>......] - ETA: 32s - loss: 1.2172 - acc: 0.5212
2816/3458 [=======================>......] - ETA: 31s - loss: 1.2147 - acc: 0.5231
2848/3458 [=======================>......] - ETA: 29s - loss: 1.2128 - acc: 0.5246
2880/3458 [=======================>......] - ETA: 28s - loss: 1.2127 - acc: 0.5243
2912/3458 [========================>.....] - ETA: 26s - loss: 1.2118 - acc: 0.5244
2944/3458 [========================>.....] - ETA: 25s - loss: 1.2098 - acc: 0.5265
2976/3458 [========================>.....] - ETA: 23s - loss: 1.2114 - acc: 0.5255
3008/3458 [=========================>....] - ETA: 22s - loss: 1.2104 - acc: 0.5259
3040/3458 [=========================>....] - ETA: 20s - loss: 1.2099 - acc: 0.5270
3072/3458 [=========================>....] - ETA: 18s - loss: 1.2094 - acc: 0.5264
3104/3458 [=========================>....] - ETA: 17s - loss: 1.2087 - acc: 0.5261
3136/3458 [==========================>...] - ETA: 15s - loss: 1.2079 - acc: 0.5265
3168/3458 [==========================>...] - ETA: 14s - loss: 1.2071 - acc: 0.5262
3200/3458 [==========================>...] - ETA: 12s - loss: 1.2068 - acc: 0.5263
3232/3458 [===========================>..] - ETA: 11s - loss: 1.2057 - acc: 0.5260
3264/3458 [===========================>..] - ETA: 9s - loss: 1.2043 - acc: 0.5267 
3296/3458 [===========================>..] - ETA: 7s - loss: 1.2025 - acc: 0.5270
3328/3458 [===========================>..] - ETA: 6s - loss: 1.2045 - acc: 0.5264
3360/3458 [============================>.] - ETA: 4s - loss: 1.2034 - acc: 0.5268
3392/3458 [============================>.] - ETA: 3s - loss: 1.2039 - acc: 0.5251
3424/3458 [============================>.] - ETA: 1s - loss: 1.2035 - acc: 0.5248
3456/3458 [============================>.] - ETA: 0s - loss: 1.2019 - acc: 0.5255
3458/3458 [==============================] - 170s 49ms/sample - loss: 1.2017 - acc: 0.5254

 32/865 [>.............................] - ETA: 7s - loss: 1.3352 - acc: 0.3750
 64/865 [=>............................] - ETA: 7s - loss: 1.2381 - acc: 0.4219
 96/865 [==>...........................] - ETA: 7s - loss: 1.2062 - acc: 0.4375
128/865 [===>..........................] - ETA: 6s - loss: 1.1999 - acc: 0.4453
160/865 [====>.........................] - ETA: 6s - loss: 1.2168 - acc: 0.4437
192/865 [=====>........................] - ETA: 6s - loss: 1.2049 - acc: 0.4479
224/865 [======>.......................] - ETA: 5s - loss: 1.2294 - acc: 0.4509
256/865 [=======>......................] - ETA: 5s - loss: 1.2598 - acc: 0.4336
288/865 [========>.....................] - ETA: 5s - loss: 1.2520 - acc: 0.4375
320/865 [==========>...................] - ETA: 4s - loss: 1.2495 - acc: 0.4437
352/865 [===========>..................] - ETA: 4s - loss: 1.2373 - acc: 0.4545
384/865 [============>.................] - ETA: 4s - loss: 1.2265 - acc: 0.4609
416/865 [=============>................] - ETA: 4s - loss: 1.2280 - acc: 0.4615
448/865 [==============>...............] - ETA: 3s - loss: 1.2319 - acc: 0.4643
480/865 [===============>..............] - ETA: 3s - loss: 1.2393 - acc: 0.4604
512/865 [================>.............] - ETA: 3s - loss: 1.2554 - acc: 0.4570
544/865 [=================>............] - ETA: 2s - loss: 1.2586 - acc: 0.4577
576/865 [==================>...........] - ETA: 2s - loss: 1.2507 - acc: 0.4583
608/865 [====================>.........] - ETA: 2s - loss: 1.2464 - acc: 0.4622
640/865 [=====================>........] - ETA: 2s - loss: 1.2479 - acc: 0.4578
672/865 [======================>.......] - ETA: 1s - loss: 1.2420 - acc: 0.4598
704/865 [=======================>......] - ETA: 1s - loss: 1.2391 - acc: 0.4616
736/865 [========================>.....] - ETA: 1s - loss: 1.2293 - acc: 0.4647
768/865 [=========================>....] - ETA: 0s - loss: 1.2249 - acc: 0.4701
800/865 [==========================>...] - ETA: 0s - loss: 1.2220 - acc: 0.4688
832/865 [===========================>..] - ETA: 0s - loss: 1.2278 - acc: 0.4663
864/865 [============================>.] - ETA: 0s - loss: 1.2249 - acc: 0.4688
865/865 [==============================] - 8s 9ms/sample - loss: 1.2249 - acc: 0.4694

  32/3458 [..............................] - ETA: 2:44 - loss: 1.0136 - acc: 0.6562
  64/3458 [..............................] - ETA: 2:46 - loss: 1.0611 - acc: 0.6406
  96/3458 [..............................] - ETA: 2:45 - loss: 1.0695 - acc: 0.5938
 128/3458 [>.............................] - ETA: 2:42 - loss: 1.0230 - acc: 0.6172
 160/3458 [>.............................] - ETA: 2:42 - loss: 0.9755 - acc: 0.6375
 192/3458 [>.............................] - ETA: 2:40 - loss: 0.9774 - acc: 0.6354
 224/3458 [>.............................] - ETA: 2:38 - loss: 0.9609 - acc: 0.6339
 256/3458 [=>............................] - ETA: 2:36 - loss: 0.9490 - acc: 0.6289
 288/3458 [=>............................] - ETA: 2:35 - loss: 0.9270 - acc: 0.6389
 320/3458 [=>............................] - ETA: 2:33 - loss: 0.9416 - acc: 0.6375
 352/3458 [==>...........................] - ETA: 2:32 - loss: 0.9407 - acc: 0.6420
 384/3458 [==>...........................] - ETA: 2:30 - loss: 0.9472 - acc: 0.6432
 416/3458 [==>...........................] - ETA: 2:29 - loss: 0.9485 - acc: 0.6466
 448/3458 [==>...........................] - ETA: 2:27 - loss: 0.9434 - acc: 0.6406
 480/3458 [===>..........................] - ETA: 2:25 - loss: 0.9401 - acc: 0.6438
 512/3458 [===>..........................] - ETA: 2:24 - loss: 0.9574 - acc: 0.6289
 544/3458 [===>..........................] - ETA: 2:22 - loss: 0.9489 - acc: 0.6342
 576/3458 [===>..........................] - ETA: 2:21 - loss: 0.9626 - acc: 0.6267
 608/3458 [====>.........................] - ETA: 2:19 - loss: 0.9517 - acc: 0.6332
 640/3458 [====>.........................] - ETA: 2:17 - loss: 0.9411 - acc: 0.6328
 672/3458 [====>.........................] - ETA: 2:16 - loss: 0.9291 - acc: 0.6429
 704/3458 [=====>........................] - ETA: 2:14 - loss: 0.9188 - acc: 0.6491
 736/3458 [=====>........................] - ETA: 2:13 - loss: 0.9192 - acc: 0.6467
 768/3458 [=====>........................] - ETA: 2:11 - loss: 0.9314 - acc: 0.6458
 800/3458 [=====>........................] - ETA: 2:10 - loss: 0.9314 - acc: 0.6475
 832/3458 [======>.......................] - ETA: 2:08 - loss: 0.9235 - acc: 0.6526
 864/3458 [======>.......................] - ETA: 2:06 - loss: 0.9139 - acc: 0.6562
 896/3458 [======>.......................] - ETA: 2:05 - loss: 0.9164 - acc: 0.6540
 928/3458 [=======>......................] - ETA: 2:03 - loss: 0.9274 - acc: 0.6509
 960/3458 [=======>......................] - ETA: 2:02 - loss: 0.9283 - acc: 0.6510
 992/3458 [=======>......................] - ETA: 2:00 - loss: 0.9289 - acc: 0.6512
1024/3458 [=======>......................] - ETA: 1:59 - loss: 0.9307 - acc: 0.6494
1056/3458 [========>.....................] - ETA: 1:57 - loss: 0.9314 - acc: 0.6496
1088/3458 [========>.....................] - ETA: 1:55 - loss: 0.9242 - acc: 0.6526
1120/3458 [========>.....................] - ETA: 1:54 - loss: 0.9224 - acc: 0.6509
1152/3458 [========>.....................] - ETA: 1:52 - loss: 0.9302 - acc: 0.6493
1184/3458 [=========>....................] - ETA: 1:51 - loss: 0.9260 - acc: 0.6503
1216/3458 [=========>....................] - ETA: 1:49 - loss: 0.9269 - acc: 0.6480
1248/3458 [=========>....................] - ETA: 1:48 - loss: 0.9253 - acc: 0.6490
1280/3458 [==========>...................] - ETA: 1:46 - loss: 0.9243 - acc: 0.6492
1312/3458 [==========>...................] - ETA: 1:44 - loss: 0.9263 - acc: 0.6486
1344/3458 [==========>...................] - ETA: 1:43 - loss: 0.9258 - acc: 0.6488
1376/3458 [==========>...................] - ETA: 1:41 - loss: 0.9280 - acc: 0.6475
1408/3458 [===========>..................] - ETA: 1:40 - loss: 0.9266 - acc: 0.6477
1440/3458 [===========>..................] - ETA: 1:38 - loss: 0.9332 - acc: 0.6431
1472/3458 [===========>..................] - ETA: 1:37 - loss: 0.9304 - acc: 0.6440
1504/3458 [============>.................] - ETA: 1:35 - loss: 0.9303 - acc: 0.6456
1536/3458 [============>.................] - ETA: 1:34 - loss: 0.9295 - acc: 0.6471
1568/3458 [============>.................] - ETA: 1:32 - loss: 0.9301 - acc: 0.6473
1600/3458 [============>.................] - ETA: 1:30 - loss: 0.9338 - acc: 0.6469
1632/3458 [=============>................] - ETA: 1:29 - loss: 0.9316 - acc: 0.6495
1664/3458 [=============>................] - ETA: 1:27 - loss: 0.9302 - acc: 0.6496
1696/3458 [=============>................] - ETA: 1:26 - loss: 0.9302 - acc: 0.6498
1728/3458 [=============>................] - ETA: 1:24 - loss: 0.9308 - acc: 0.6476
1760/3458 [==============>...............] - ETA: 1:23 - loss: 0.9305 - acc: 0.6472
1792/3458 [==============>...............] - ETA: 1:21 - loss: 0.9350 - acc: 0.6445
1824/3458 [==============>...............] - ETA: 1:19 - loss: 0.9389 - acc: 0.6414
1856/3458 [===============>..............] - ETA: 1:18 - loss: 0.9381 - acc: 0.6417
1888/3458 [===============>..............] - ETA: 1:16 - loss: 0.9385 - acc: 0.6419
1920/3458 [===============>..............] - ETA: 1:15 - loss: 0.9562 - acc: 0.6406
1952/3458 [===============>..............] - ETA: 1:13 - loss: 0.9611 - acc: 0.6363
1984/3458 [================>.............] - ETA: 1:12 - loss: 0.9643 - acc: 0.6351
2016/3458 [================>.............] - ETA: 1:10 - loss: 0.9623 - acc: 0.6369
2048/3458 [================>.............] - ETA: 1:09 - loss: 0.9655 - acc: 0.6357
2080/3458 [=================>............] - ETA: 1:07 - loss: 0.9711 - acc: 0.6332
2112/3458 [=================>............] - ETA: 1:05 - loss: 0.9739 - acc: 0.6312
2144/3458 [=================>............] - ETA: 1:04 - loss: 0.9728 - acc: 0.6311
2176/3458 [=================>............] - ETA: 1:02 - loss: 0.9747 - acc: 0.6291
2208/3458 [==================>...........] - ETA: 1:01 - loss: 0.9764 - acc: 0.6273
2240/3458 [==================>...........] - ETA: 59s - loss: 0.9777 - acc: 0.6259 
2272/3458 [==================>...........] - ETA: 58s - loss: 0.9750 - acc: 0.6272
2304/3458 [==================>...........] - ETA: 56s - loss: 0.9765 - acc: 0.6276
2336/3458 [===================>..........] - ETA: 54s - loss: 0.9789 - acc: 0.6259
2368/3458 [===================>..........] - ETA: 53s - loss: 0.9800 - acc: 0.6250
2400/3458 [===================>..........] - ETA: 51s - loss: 0.9842 - acc: 0.6242
2432/3458 [====================>.........] - ETA: 50s - loss: 0.9843 - acc: 0.6246
2464/3458 [====================>.........] - ETA: 48s - loss: 0.9845 - acc: 0.6238
2496/3458 [====================>.........] - ETA: 47s - loss: 0.9866 - acc: 0.6226
2528/3458 [====================>.........] - ETA: 45s - loss: 0.9868 - acc: 0.6214
2560/3458 [=====================>........] - ETA: 43s - loss: 0.9892 - acc: 0.6199
2592/3458 [=====================>........] - ETA: 42s - loss: 0.9885 - acc: 0.6208
2624/3458 [=====================>........] - ETA: 40s - loss: 0.9855 - acc: 0.6220
2656/3458 [======================>.......] - ETA: 39s - loss: 0.9863 - acc: 0.6227
2688/3458 [======================>.......] - ETA: 37s - loss: 0.9857 - acc: 0.6220
2720/3458 [======================>.......] - ETA: 36s - loss: 0.9890 - acc: 0.6210
2752/3458 [======================>.......] - ETA: 34s - loss: 0.9882 - acc: 0.6221
2784/3458 [=======================>......] - ETA: 33s - loss: 0.9875 - acc: 0.6221
2816/3458 [=======================>......] - ETA: 31s - loss: 0.9912 - acc: 0.6211
2848/3458 [=======================>......] - ETA: 29s - loss: 0.9913 - acc: 0.6201
2880/3458 [=======================>......] - ETA: 28s - loss: 0.9892 - acc: 0.6208
2912/3458 [========================>.....] - ETA: 26s - loss: 0.9889 - acc: 0.6205
2944/3458 [========================>.....] - ETA: 25s - loss: 0.9877 - acc: 0.6219
2976/3458 [========================>.....] - ETA: 23s - loss: 0.9850 - acc: 0.6233
3008/3458 [=========================>....] - ETA: 22s - loss: 0.9839 - acc: 0.6233
3040/3458 [=========================>....] - ETA: 20s - loss: 0.9825 - acc: 0.6250
3072/3458 [=========================>....] - ETA: 18s - loss: 0.9854 - acc: 0.6240
3104/3458 [=========================>....] - ETA: 17s - loss: 0.9832 - acc: 0.6253
3136/3458 [==========================>...] - ETA: 15s - loss: 0.9805 - acc: 0.6263
3168/3458 [==========================>...] - ETA: 14s - loss: 0.9788 - acc: 0.6269
3200/3458 [==========================>...] - ETA: 12s - loss: 0.9813 - acc: 0.6266
3232/3458 [===========================>..] - ETA: 11s - loss: 0.9821 - acc: 0.6272
3264/3458 [===========================>..] - ETA: 9s - loss: 0.9806 - acc: 0.6278 
3296/3458 [===========================>..] - ETA: 7s - loss: 0.9819 - acc: 0.6274
3328/3458 [===========================>..] - ETA: 6s - loss: 0.9802 - acc: 0.6283
3360/3458 [============================>.] - ETA: 4s - loss: 0.9813 - acc: 0.6280
3392/3458 [============================>.] - ETA: 3s - loss: 0.9828 - acc: 0.6265
3424/3458 [============================>.] - ETA: 1s - loss: 0.9847 - acc: 0.6253
3456/3458 [============================>.] - ETA: 0s - loss: 0.9852 - acc: 0.6250
3458/3458 [==============================] - 170s 49ms/sample - loss: 0.9853 - acc: 0.6249

 32/865 [>.............................] - ETA: 7s - loss: 1.4367 - acc: 0.3750
 64/865 [=>............................] - ETA: 7s - loss: 1.3144 - acc: 0.4062
 96/865 [==>...........................] - ETA: 6s - loss: 1.2907 - acc: 0.4375
128/865 [===>..........................] - ETA: 6s - loss: 1.2928 - acc: 0.4688
160/865 [====>.........................] - ETA: 6s - loss: 1.3225 - acc: 0.4437
192/865 [=====>........................] - ETA: 6s - loss: 1.2959 - acc: 0.4531
224/865 [======>.......................] - ETA: 5s - loss: 1.3363 - acc: 0.4554
256/865 [=======>......................] - ETA: 5s - loss: 1.3545 - acc: 0.4453
288/865 [========>.....................] - ETA: 5s - loss: 1.3399 - acc: 0.4479
320/865 [==========>...................] - ETA: 4s - loss: 1.3328 - acc: 0.4469
352/865 [===========>..................] - ETA: 4s - loss: 1.3114 - acc: 0.4545
384/865 [============>.................] - ETA: 4s - loss: 1.2945 - acc: 0.4583
416/865 [=============>................] - ETA: 4s - loss: 1.3004 - acc: 0.4567
448/865 [==============>...............] - ETA: 3s - loss: 1.2983 - acc: 0.4598
480/865 [===============>..............] - ETA: 3s - loss: 1.2992 - acc: 0.4542
512/865 [================>.............] - ETA: 3s - loss: 1.3178 - acc: 0.4570
544/865 [=================>............] - ETA: 2s - loss: 1.3298 - acc: 0.4522
576/865 [==================>...........] - ETA: 2s - loss: 1.3231 - acc: 0.4531
608/865 [====================>.........] - ETA: 2s - loss: 1.3164 - acc: 0.4572
640/865 [=====================>........] - ETA: 2s - loss: 1.3175 - acc: 0.4547
672/865 [======================>.......] - ETA: 1s - loss: 1.3015 - acc: 0.4628
704/865 [=======================>......] - ETA: 1s - loss: 1.2951 - acc: 0.4616
736/865 [========================>.....] - ETA: 1s - loss: 1.2823 - acc: 0.4647
768/865 [=========================>....] - ETA: 0s - loss: 1.2788 - acc: 0.4661
800/865 [==========================>...] - ETA: 0s - loss: 1.2811 - acc: 0.4650
832/865 [===========================>..] - ETA: 0s - loss: 1.2926 - acc: 0.4603
864/865 [============================>.] - ETA: 0s - loss: 1.2911 - acc: 0.4618
865/865 [==============================] - 8s 9ms/sample - loss: 1.2915 - acc: 0.4613

  32/3458 [..............................] - ETA: 2:45 - loss: 0.9563 - acc: 0.5938
  64/3458 [..............................] - ETA: 2:44 - loss: 0.8968 - acc: 0.5938
  96/3458 [..............................] - ETA: 2:44 - loss: 0.9410 - acc: 0.5833
 128/3458 [>.............................] - ETA: 2:41 - loss: 0.8748 - acc: 0.6562
 160/3458 [>.............................] - ETA: 2:40 - loss: 0.8699 - acc: 0.6750
 192/3458 [>.............................] - ETA: 2:38 - loss: 0.8672 - acc: 0.6562
 224/3458 [>.............................] - ETA: 2:37 - loss: 0.8848 - acc: 0.6607
 256/3458 [=>............................] - ETA: 2:36 - loss: 0.8558 - acc: 0.6758
 288/3458 [=>............................] - ETA: 2:35 - loss: 0.8604 - acc: 0.6771
 320/3458 [=>............................] - ETA: 2:33 - loss: 0.8240 - acc: 0.6938
 352/3458 [==>...........................] - ETA: 2:31 - loss: 0.8081 - acc: 0.6989
 384/3458 [==>...........................] - ETA: 2:30 - loss: 0.8047 - acc: 0.7005
 416/3458 [==>...........................] - ETA: 2:28 - loss: 0.7805 - acc: 0.7163
 448/3458 [==>...........................] - ETA: 2:27 - loss: 0.7718 - acc: 0.7277
 480/3458 [===>..........................] - ETA: 2:25 - loss: 0.7705 - acc: 0.7333
 512/3458 [===>..........................] - ETA: 2:24 - loss: 0.7675 - acc: 0.7344
 544/3458 [===>..........................] - ETA: 2:22 - loss: 0.7631 - acc: 0.7353
 576/3458 [===>..........................] - ETA: 2:21 - loss: 0.7672 - acc: 0.7309
 608/3458 [====>.........................] - ETA: 2:19 - loss: 0.7726 - acc: 0.7270
 640/3458 [====>.........................] - ETA: 2:18 - loss: 0.7599 - acc: 0.7312
 672/3458 [====>.........................] - ETA: 2:16 - loss: 0.7659 - acc: 0.7277
 704/3458 [=====>........................] - ETA: 2:15 - loss: 0.7642 - acc: 0.7273
 736/3458 [=====>........................] - ETA: 2:13 - loss: 0.7581 - acc: 0.7310
 768/3458 [=====>........................] - ETA: 2:11 - loss: 0.7523 - acc: 0.7305
 800/3458 [=====>........................] - ETA: 2:10 - loss: 0.7435 - acc: 0.7350
 832/3458 [======>.......................] - ETA: 2:08 - loss: 0.7518 - acc: 0.7284
 864/3458 [======>.......................] - ETA: 2:07 - loss: 0.7478 - acc: 0.7326
 896/3458 [======>.......................] - ETA: 2:05 - loss: 0.7508 - acc: 0.7321
 928/3458 [=======>......................] - ETA: 2:04 - loss: 0.7552 - acc: 0.7317
 960/3458 [=======>......................] - ETA: 2:02 - loss: 0.7543 - acc: 0.7292
 992/3458 [=======>......................] - ETA: 2:00 - loss: 0.7485 - acc: 0.7319
1024/3458 [=======>......................] - ETA: 1:59 - loss: 0.7467 - acc: 0.7334
1056/3458 [========>.....................] - ETA: 1:57 - loss: 0.7430 - acc: 0.7358
1088/3458 [========>.....................] - ETA: 1:56 - loss: 0.7425 - acc: 0.7362
1120/3458 [========>.....................] - ETA: 1:54 - loss: 0.7406 - acc: 0.7384
1152/3458 [========>.....................] - ETA: 1:52 - loss: 0.7409 - acc: 0.7387
1184/3458 [=========>....................] - ETA: 1:51 - loss: 0.7390 - acc: 0.7399
1216/3458 [=========>....................] - ETA: 1:49 - loss: 0.7334 - acc: 0.7434
1248/3458 [=========>....................] - ETA: 1:48 - loss: 0.7349 - acc: 0.7404
1280/3458 [==========>...................] - ETA: 1:46 - loss: 0.7378 - acc: 0.7391
1312/3458 [==========>...................] - ETA: 1:45 - loss: 0.7415 - acc: 0.7370
1344/3458 [==========>...................] - ETA: 1:43 - loss: 0.7404 - acc: 0.7359
1376/3458 [==========>...................] - ETA: 1:42 - loss: 0.7342 - acc: 0.7384
1408/3458 [===========>..................] - ETA: 1:40 - loss: 0.7298 - acc: 0.7379
1440/3458 [===========>..................] - ETA: 1:38 - loss: 0.7393 - acc: 0.7347
1472/3458 [===========>..................] - ETA: 1:37 - loss: 0.7394 - acc: 0.7344
1504/3458 [============>.................] - ETA: 1:35 - loss: 0.7449 - acc: 0.7314
1536/3458 [============>.................] - ETA: 1:34 - loss: 0.7469 - acc: 0.7305
1568/3458 [============>.................] - ETA: 1:32 - loss: 0.7456 - acc: 0.7321
1600/3458 [============>.................] - ETA: 1:31 - loss: 0.7503 - acc: 0.7306
1632/3458 [=============>................] - ETA: 1:29 - loss: 0.7540 - acc: 0.7316
1664/3458 [=============>................] - ETA: 1:27 - loss: 0.7533 - acc: 0.7314
1696/3458 [=============>................] - ETA: 1:26 - loss: 0.7502 - acc: 0.7341
1728/3458 [=============>................] - ETA: 1:24 - loss: 0.7498 - acc: 0.7338
1760/3458 [==============>...............] - ETA: 1:23 - loss: 0.7488 - acc: 0.7347
1792/3458 [==============>...............] - ETA: 1:21 - loss: 0.7467 - acc: 0.7349
1824/3458 [==============>...............] - ETA: 1:20 - loss: 0.7464 - acc: 0.7346
1856/3458 [===============>..............] - ETA: 1:18 - loss: 0.7494 - acc: 0.7328
1888/3458 [===============>..............] - ETA: 1:17 - loss: 0.7534 - acc: 0.7325
1920/3458 [===============>..............] - ETA: 1:15 - loss: 0.7522 - acc: 0.7328
1952/3458 [===============>..............] - ETA: 1:13 - loss: 0.7481 - acc: 0.7346
1984/3458 [================>.............] - ETA: 1:12 - loss: 0.7474 - acc: 0.7354
2016/3458 [================>.............] - ETA: 1:10 - loss: 0.7489 - acc: 0.7331
2048/3458 [================>.............] - ETA: 1:09 - loss: 0.7494 - acc: 0.7329
2080/3458 [=================>............] - ETA: 1:07 - loss: 0.7478 - acc: 0.7332
2112/3458 [=================>............] - ETA: 1:06 - loss: 0.7489 - acc: 0.7330
2144/3458 [=================>............] - ETA: 1:04 - loss: 0.7468 - acc: 0.7337
2176/3458 [=================>............] - ETA: 1:02 - loss: 0.7488 - acc: 0.7325
2208/3458 [==================>...........] - ETA: 1:01 - loss: 0.7488 - acc: 0.7328
2240/3458 [==================>...........] - ETA: 59s - loss: 0.7507 - acc: 0.7308 
2272/3458 [==================>...........] - ETA: 58s - loss: 0.7506 - acc: 0.7306
2304/3458 [==================>...........] - ETA: 56s - loss: 0.7505 - acc: 0.7300
2336/3458 [===================>..........] - ETA: 55s - loss: 0.7477 - acc: 0.7320
2368/3458 [===================>..........] - ETA: 53s - loss: 0.7453 - acc: 0.7335
2400/3458 [===================>..........] - ETA: 51s - loss: 0.7453 - acc: 0.7325
2432/3458 [====================>.........] - ETA: 50s - loss: 0.7469 - acc: 0.7303
2464/3458 [====================>.........] - ETA: 48s - loss: 0.7455 - acc: 0.7309
2496/3458 [====================>.........] - ETA: 47s - loss: 0.7408 - acc: 0.7336
2528/3458 [====================>.........] - ETA: 45s - loss: 0.7380 - acc: 0.7338
2560/3458 [=====================>........] - ETA: 44s - loss: 0.7370 - acc: 0.7336
2592/3458 [=====================>........] - ETA: 42s - loss: 0.7425 - acc: 0.7326
2624/3458 [=====================>........] - ETA: 40s - loss: 0.7465 - acc: 0.7309
2656/3458 [======================>.......] - ETA: 39s - loss: 0.7494 - acc: 0.7289
2688/3458 [======================>.......] - ETA: 37s - loss: 0.7494 - acc: 0.7288
2720/3458 [======================>.......] - ETA: 36s - loss: 0.7525 - acc: 0.7276
2752/3458 [======================>.......] - ETA: 34s - loss: 0.7533 - acc: 0.7278
2784/3458 [=======================>......] - ETA: 33s - loss: 0.7534 - acc: 0.7284
2816/3458 [=======================>......] - ETA: 31s - loss: 0.7542 - acc: 0.7276
2848/3458 [=======================>......] - ETA: 29s - loss: 0.7565 - acc: 0.7268
2880/3458 [=======================>......] - ETA: 28s - loss: 0.7591 - acc: 0.7260
2912/3458 [========================>.....] - ETA: 26s - loss: 0.7601 - acc: 0.7249
2944/3458 [========================>.....] - ETA: 25s - loss: 0.7646 - acc: 0.7235
2976/3458 [========================>.....] - ETA: 23s - loss: 0.7637 - acc: 0.7231
3008/3458 [=========================>....] - ETA: 22s - loss: 0.7641 - acc: 0.7224
3040/3458 [=========================>....] - ETA: 20s - loss: 0.7653 - acc: 0.7217
3072/3458 [=========================>....] - ETA: 18s - loss: 0.7658 - acc: 0.7217
3104/3458 [=========================>....] - ETA: 17s - loss: 0.7658 - acc: 0.7223
3136/3458 [==========================>...] - ETA: 15s - loss: 0.7691 - acc: 0.7213
3168/3458 [==========================>...] - ETA: 14s - loss: 0.7697 - acc: 0.7216
3200/3458 [==========================>...] - ETA: 12s - loss: 0.7704 - acc: 0.7212
3232/3458 [===========================>..] - ETA: 11s - loss: 0.7721 - acc: 0.7209
3264/3458 [===========================>..] - ETA: 9s - loss: 0.7722 - acc: 0.7209 
3296/3458 [===========================>..] - ETA: 7s - loss: 0.7707 - acc: 0.7218
3328/3458 [===========================>..] - ETA: 6s - loss: 0.7686 - acc: 0.7230
3360/3458 [============================>.] - ETA: 4s - loss: 0.7675 - acc: 0.7235
3392/3458 [============================>.] - ETA: 3s - loss: 0.7679 - acc: 0.7238
3424/3458 [============================>.] - ETA: 1s - loss: 0.7700 - acc: 0.7225
3456/3458 [============================>.] - ETA: 0s - loss: 0.7703 - acc: 0.7222
3458/3458 [==============================] - 170s 49ms/sample - loss: 0.7701 - acc: 0.7221

 32/865 [>.............................] - ETA: 7s - loss: 1.7087 - acc: 0.3750
 64/865 [=>............................] - ETA: 7s - loss: 1.5026 - acc: 0.4688
 96/865 [==>...........................] - ETA: 6s - loss: 1.4813 - acc: 0.4896
128/865 [===>..........................] - ETA: 6s - loss: 1.4741 - acc: 0.4688
160/865 [====>.........................] - ETA: 6s - loss: 1.4025 - acc: 0.4875
192/865 [=====>........................] - ETA: 6s - loss: 1.3891 - acc: 0.4948
224/865 [======>.......................] - ETA: 5s - loss: 1.4361 - acc: 0.4821
256/865 [=======>......................] - ETA: 5s - loss: 1.4493 - acc: 0.4766
288/865 [========>.....................] - ETA: 5s - loss: 1.4496 - acc: 0.4757
320/865 [==========>...................] - ETA: 4s - loss: 1.4331 - acc: 0.4750
352/865 [===========>..................] - ETA: 4s - loss: 1.4148 - acc: 0.4773
384/865 [============>.................] - ETA: 4s - loss: 1.4079 - acc: 0.4792
416/865 [=============>................] - ETA: 4s - loss: 1.4171 - acc: 0.4784
448/865 [==============>...............] - ETA: 3s - loss: 1.4070 - acc: 0.4754
480/865 [===============>..............] - ETA: 3s - loss: 1.3983 - acc: 0.4771
512/865 [================>.............] - ETA: 3s - loss: 1.4748 - acc: 0.4707
544/865 [=================>............] - ETA: 2s - loss: 1.4824 - acc: 0.4706
576/865 [==================>...........] - ETA: 2s - loss: 1.4732 - acc: 0.4705
608/865 [====================>.........] - ETA: 2s - loss: 1.4648 - acc: 0.4753
640/865 [=====================>........] - ETA: 2s - loss: 1.4583 - acc: 0.4781
672/865 [======================>.......] - ETA: 1s - loss: 1.4448 - acc: 0.4792
704/865 [=======================>......] - ETA: 1s - loss: 1.4355 - acc: 0.4773
736/865 [========================>.....] - ETA: 1s - loss: 1.4224 - acc: 0.4796
768/865 [=========================>....] - ETA: 0s - loss: 1.4221 - acc: 0.4779
800/865 [==========================>...] - ETA: 0s - loss: 1.4220 - acc: 0.4787
832/865 [===========================>..] - ETA: 0s - loss: 1.4399 - acc: 0.4712
864/865 [============================>.] - ETA: 0s - loss: 1.4488 - acc: 0.4699
865/865 [==============================] - 8s 9ms/sample - loss: 1.4473 - acc: 0.4705

  32/3458 [..............................] - ETA: 2:47 - loss: 0.3211 - acc: 0.9062
  64/3458 [..............................] - ETA: 2:47 - loss: 0.3921 - acc: 0.8438
  96/3458 [..............................] - ETA: 2:44 - loss: 0.4393 - acc: 0.8333
 128/3458 [>.............................] - ETA: 2:43 - loss: 0.4996 - acc: 0.8125
 160/3458 [>.............................] - ETA: 2:41 - loss: 0.4984 - acc: 0.8188
 192/3458 [>.............................] - ETA: 2:40 - loss: 0.4493 - acc: 0.8385
 224/3458 [>.............................] - ETA: 2:38 - loss: 0.4682 - acc: 0.8304
 256/3458 [=>............................] - ETA: 2:36 - loss: 0.4979 - acc: 0.8203
 288/3458 [=>............................] - ETA: 2:35 - loss: 0.4790 - acc: 0.8299
 320/3458 [=>............................] - ETA: 2:33 - loss: 0.4953 - acc: 0.8250
 352/3458 [==>...........................] - ETA: 2:32 - loss: 0.4994 - acc: 0.8239
 384/3458 [==>...........................] - ETA: 2:30 - loss: 0.5282 - acc: 0.8125
 416/3458 [==>...........................] - ETA: 2:28 - loss: 0.5194 - acc: 0.8149
 448/3458 [==>...........................] - ETA: 2:27 - loss: 0.5084 - acc: 0.8192
 480/3458 [===>..........................] - ETA: 2:25 - loss: 0.4995 - acc: 0.8229
 512/3458 [===>..........................] - ETA: 2:24 - loss: 0.4949 - acc: 0.8242
 544/3458 [===>..........................] - ETA: 2:22 - loss: 0.4903 - acc: 0.8272
 576/3458 [===>..........................] - ETA: 2:20 - loss: 0.5021 - acc: 0.8264
 608/3458 [====>.........................] - ETA: 2:19 - loss: 0.5002 - acc: 0.8257
 640/3458 [====>.........................] - ETA: 2:17 - loss: 0.5069 - acc: 0.8219
 672/3458 [====>.........................] - ETA: 2:16 - loss: 0.5074 - acc: 0.8244
 704/3458 [=====>........................] - ETA: 2:14 - loss: 0.5010 - acc: 0.8295
 736/3458 [=====>........................] - ETA: 2:13 - loss: 0.5069 - acc: 0.8247
 768/3458 [=====>........................] - ETA: 2:11 - loss: 0.5107 - acc: 0.8229
 800/3458 [=====>........................] - ETA: 2:10 - loss: 0.5145 - acc: 0.8225
 832/3458 [======>.......................] - ETA: 2:08 - loss: 0.5169 - acc: 0.8221
 864/3458 [======>.......................] - ETA: 2:07 - loss: 0.5189 - acc: 0.8194
 896/3458 [======>.......................] - ETA: 2:05 - loss: 0.5206 - acc: 0.8192
 928/3458 [=======>......................] - ETA: 2:03 - loss: 0.5204 - acc: 0.8190
 960/3458 [=======>......................] - ETA: 2:02 - loss: 0.5180 - acc: 0.8198
 992/3458 [=======>......................] - ETA: 2:00 - loss: 0.5151 - acc: 0.8216
1024/3458 [=======>......................] - ETA: 1:59 - loss: 0.5222 - acc: 0.8203
1056/3458 [========>.....................] - ETA: 1:57 - loss: 0.5207 - acc: 0.8210
1088/3458 [========>.....................] - ETA: 1:56 - loss: 0.5212 - acc: 0.8217
1120/3458 [========>.....................] - ETA: 1:54 - loss: 0.5287 - acc: 0.8188
1152/3458 [========>.....................] - ETA: 1:52 - loss: 0.5289 - acc: 0.8177
1184/3458 [=========>....................] - ETA: 1:51 - loss: 0.5257 - acc: 0.8193
1216/3458 [=========>....................] - ETA: 1:49 - loss: 0.5181 - acc: 0.8232
1248/3458 [=========>....................] - ETA: 1:48 - loss: 0.5168 - acc: 0.8229
1280/3458 [==========>...................] - ETA: 1:46 - loss: 0.5147 - acc: 0.8250
1312/3458 [==========>...................] - ETA: 1:45 - loss: 0.5161 - acc: 0.8232
1344/3458 [==========>...................] - ETA: 1:43 - loss: 0.5182 - acc: 0.8207
1376/3458 [==========>...................] - ETA: 1:41 - loss: 0.5168 - acc: 0.8205
1408/3458 [===========>..................] - ETA: 1:40 - loss: 0.5143 - acc: 0.8210
1440/3458 [===========>..................] - ETA: 1:38 - loss: 0.5143 - acc: 0.8201
1472/3458 [===========>..................] - ETA: 1:37 - loss: 0.5153 - acc: 0.8207
1504/3458 [============>.................] - ETA: 1:35 - loss: 0.5175 - acc: 0.8198
1536/3458 [============>.................] - ETA: 1:34 - loss: 0.5183 - acc: 0.8197
1568/3458 [============>.................] - ETA: 1:32 - loss: 0.5184 - acc: 0.8195
1600/3458 [============>.................] - ETA: 1:31 - loss: 0.5181 - acc: 0.8206
1632/3458 [=============>................] - ETA: 1:29 - loss: 0.5192 - acc: 0.8211
1664/3458 [=============>................] - ETA: 1:27 - loss: 0.5152 - acc: 0.8239
1696/3458 [=============>................] - ETA: 1:26 - loss: 0.5125 - acc: 0.8249
1728/3458 [=============>................] - ETA: 1:24 - loss: 0.5134 - acc: 0.8247
1760/3458 [==============>...............] - ETA: 1:23 - loss: 0.5144 - acc: 0.8239
1792/3458 [==============>...............] - ETA: 1:21 - loss: 0.5112 - acc: 0.8259
1824/3458 [==============>...............] - ETA: 1:20 - loss: 0.5090 - acc: 0.8268
1856/3458 [===============>..............] - ETA: 1:18 - loss: 0.5079 - acc: 0.8265
1888/3458 [===============>..............] - ETA: 1:16 - loss: 0.5067 - acc: 0.8263
1920/3458 [===============>..............] - ETA: 1:15 - loss: 0.5039 - acc: 0.8281
1952/3458 [===============>..............] - ETA: 1:13 - loss: 0.5067 - acc: 0.8274
1984/3458 [================>.............] - ETA: 1:12 - loss: 0.5046 - acc: 0.8281
2016/3458 [================>.............] - ETA: 1:10 - loss: 0.5025 - acc: 0.8279
2048/3458 [================>.............] - ETA: 1:09 - loss: 0.5041 - acc: 0.8271
2080/3458 [=================>............] - ETA: 1:07 - loss: 0.5022 - acc: 0.8279
2112/3458 [=================>............] - ETA: 1:05 - loss: 0.5033 - acc: 0.8272
2144/3458 [=================>............] - ETA: 1:04 - loss: 0.5025 - acc: 0.8274
2176/3458 [=================>............] - ETA: 1:02 - loss: 0.5049 - acc: 0.8267
2208/3458 [==================>...........] - ETA: 1:01 - loss: 0.5026 - acc: 0.8274
2240/3458 [==================>...........] - ETA: 59s - loss: 0.5067 - acc: 0.8246 
2272/3458 [==================>...........] - ETA: 58s - loss: 0.5085 - acc: 0.8244
2304/3458 [==================>...........] - ETA: 56s - loss: 0.5109 - acc: 0.8229
2336/3458 [===================>..........] - ETA: 55s - loss: 0.5090 - acc: 0.8245
2368/3458 [===================>..........] - ETA: 53s - loss: 0.5103 - acc: 0.8239
2400/3458 [===================>..........] - ETA: 51s - loss: 0.5087 - acc: 0.8238
2432/3458 [====================>.........] - ETA: 50s - loss: 0.5101 - acc: 0.8224
2464/3458 [====================>.........] - ETA: 48s - loss: 0.5134 - acc: 0.8222
2496/3458 [====================>.........] - ETA: 47s - loss: 0.5117 - acc: 0.8237
2528/3458 [====================>.........] - ETA: 45s - loss: 0.5144 - acc: 0.8216
2560/3458 [=====================>........] - ETA: 44s - loss: 0.5139 - acc: 0.8219
2592/3458 [=====================>........] - ETA: 42s - loss: 0.5124 - acc: 0.8221
2624/3458 [=====================>........] - ETA: 40s - loss: 0.5153 - acc: 0.8209
2656/3458 [======================>.......] - ETA: 39s - loss: 0.5169 - acc: 0.8197
2688/3458 [======================>.......] - ETA: 37s - loss: 0.5182 - acc: 0.8207
2720/3458 [======================>.......] - ETA: 36s - loss: 0.5173 - acc: 0.8210
2752/3458 [======================>.......] - ETA: 34s - loss: 0.5171 - acc: 0.8216
2784/3458 [=======================>......] - ETA: 33s - loss: 0.5172 - acc: 0.8211
2816/3458 [=======================>......] - ETA: 31s - loss: 0.5186 - acc: 0.8200
2848/3458 [=======================>......] - ETA: 29s - loss: 0.5193 - acc: 0.8192
2880/3458 [=======================>......] - ETA: 28s - loss: 0.5179 - acc: 0.8201
2912/3458 [========================>.....] - ETA: 26s - loss: 0.5210 - acc: 0.8197
2944/3458 [========================>.....] - ETA: 25s - loss: 0.5227 - acc: 0.8190
2976/3458 [========================>.....] - ETA: 23s - loss: 0.5252 - acc: 0.8169
3008/3458 [=========================>....] - ETA: 22s - loss: 0.5278 - acc: 0.8152
3040/3458 [=========================>....] - ETA: 20s - loss: 0.5262 - acc: 0.8168
3072/3458 [=========================>....] - ETA: 18s - loss: 0.5273 - acc: 0.8158
3104/3458 [=========================>....] - ETA: 17s - loss: 0.5271 - acc: 0.8154
3136/3458 [==========================>...] - ETA: 15s - loss: 0.5273 - acc: 0.8160
3168/3458 [==========================>...] - ETA: 14s - loss: 0.5284 - acc: 0.8157
3200/3458 [==========================>...] - ETA: 12s - loss: 0.5290 - acc: 0.8156
3232/3458 [===========================>..] - ETA: 11s - loss: 0.5299 - acc: 0.8150
3264/3458 [===========================>..] - ETA: 9s - loss: 0.5285 - acc: 0.8156 
3296/3458 [===========================>..] - ETA: 7s - loss: 0.5295 - acc: 0.8152
3328/3458 [===========================>..] - ETA: 6s - loss: 0.5302 - acc: 0.8152
3360/3458 [============================>.] - ETA: 4s - loss: 0.5290 - acc: 0.8155
3392/3458 [============================>.] - ETA: 3s - loss: 0.5294 - acc: 0.8152
3424/3458 [============================>.] - ETA: 1s - loss: 0.5283 - acc: 0.8154
3456/3458 [============================>.] - ETA: 0s - loss: 0.5289 - acc: 0.8151
3458/3458 [==============================] - 171s 49ms/sample - loss: 0.5293 - acc: 0.8149

 32/865 [>.............................] - ETA: 7s - loss: 2.3136 - acc: 0.4375
 64/865 [=>............................] - ETA: 7s - loss: 2.0324 - acc: 0.4688
 96/865 [==>...........................] - ETA: 6s - loss: 1.9221 - acc: 0.4688
128/865 [===>..........................] - ETA: 6s - loss: 1.9758 - acc: 0.4531
160/865 [====>.........................] - ETA: 6s - loss: 1.9224 - acc: 0.4500
192/865 [=====>........................] - ETA: 6s - loss: 1.9198 - acc: 0.4479
224/865 [======>.......................] - ETA: 5s - loss: 1.9872 - acc: 0.4420
256/865 [=======>......................] - ETA: 5s - loss: 1.9770 - acc: 0.4414
288/865 [========>.....................] - ETA: 5s - loss: 1.9853 - acc: 0.4271
320/865 [==========>...................] - ETA: 4s - loss: 1.9356 - acc: 0.4281
352/865 [===========>..................] - ETA: 4s - loss: 1.9054 - acc: 0.4403
384/865 [============>.................] - ETA: 4s - loss: 1.9003 - acc: 0.4349
416/865 [=============>................] - ETA: 4s - loss: 1.9294 - acc: 0.4303
448/865 [==============>...............] - ETA: 3s - loss: 1.9218 - acc: 0.4353
480/865 [===============>..............] - ETA: 3s - loss: 1.8997 - acc: 0.4375
512/865 [================>.............] - ETA: 3s - loss: 1.9901 - acc: 0.4316
544/865 [=================>............] - ETA: 2s - loss: 1.9949 - acc: 0.4283
576/865 [==================>...........] - ETA: 2s - loss: 2.0114 - acc: 0.4306
608/865 [====================>.........] - ETA: 2s - loss: 2.0011 - acc: 0.4342
640/865 [=====================>........] - ETA: 2s - loss: 1.9784 - acc: 0.4313
672/865 [======================>.......] - ETA: 1s - loss: 1.9674 - acc: 0.4286
704/865 [=======================>......] - ETA: 1s - loss: 1.9471 - acc: 0.4318
736/865 [========================>.....] - ETA: 1s - loss: 1.9302 - acc: 0.4361
768/865 [=========================>....] - ETA: 0s - loss: 1.9091 - acc: 0.4362
800/865 [==========================>...] - ETA: 0s - loss: 1.9008 - acc: 0.4387
832/865 [===========================>..] - ETA: 0s - loss: 1.9396 - acc: 0.4339
864/865 [============================>.] - ETA: 0s - loss: 1.9246 - acc: 0.4329
865/865 [==============================] - 8s 9ms/sample - loss: 1.9224 - acc: 0.4335
