For Dropout_1=0.8 Dropout_2=0.6
daisy loaded
dandelion loaded
rose loaded
sunflower loaded
tulip loaded

  32/3458 [..............................] - ETA: 3:10 - loss: 1.6626 - acc: 0.2188
  64/3458 [..............................] - ETA: 3:02 - loss: 4.0192 - acc: 0.2344
  96/3458 [..............................] - ETA: 2:56 - loss: 6.3955 - acc: 0.2083
 128/3458 [>.............................] - ETA: 2:52 - loss: 5.9572 - acc: 0.2188
 160/3458 [>.............................] - ETA: 2:50 - loss: 5.1301 - acc: 0.2375
 192/3458 [>.............................] - ETA: 2:48 - loss: 4.5410 - acc: 0.2500
 224/3458 [>.............................] - ETA: 2:46 - loss: 4.1214 - acc: 0.2455
 256/3458 [=>............................] - ETA: 2:43 - loss: 3.8085 - acc: 0.2422
 288/3458 [=>............................] - ETA: 2:41 - loss: 3.5635 - acc: 0.2431
 320/3458 [=>............................] - ETA: 2:39 - loss: 3.3665 - acc: 0.2469
 352/3458 [==>...........................] - ETA: 2:37 - loss: 3.2078 - acc: 0.2415
 384/3458 [==>...........................] - ETA: 2:36 - loss: 3.0697 - acc: 0.2474
 416/3458 [==>...........................] - ETA: 2:34 - loss: 2.9634 - acc: 0.2356
 448/3458 [==>...........................] - ETA: 2:32 - loss: 2.8643 - acc: 0.2366
 480/3458 [===>..........................] - ETA: 2:31 - loss: 2.7782 - acc: 0.2375
 512/3458 [===>..........................] - ETA: 2:29 - loss: 2.7022 - acc: 0.2363
 544/3458 [===>..........................] - ETA: 2:27 - loss: 2.6360 - acc: 0.2463
 576/3458 [===>..........................] - ETA: 2:26 - loss: 2.5769 - acc: 0.2413
 608/3458 [====>.........................] - ETA: 2:24 - loss: 2.5222 - acc: 0.2451
 640/3458 [====>.........................] - ETA: 2:22 - loss: 2.4759 - acc: 0.2453
 672/3458 [====>.........................] - ETA: 2:20 - loss: 2.4291 - acc: 0.2530
 704/3458 [=====>........................] - ETA: 2:19 - loss: 2.3932 - acc: 0.2514
 736/3458 [=====>........................] - ETA: 2:17 - loss: 2.3547 - acc: 0.2568
 768/3458 [=====>........................] - ETA: 2:15 - loss: 2.3213 - acc: 0.2630
 800/3458 [=====>........................] - ETA: 2:14 - loss: 2.2874 - acc: 0.2650
 832/3458 [======>.......................] - ETA: 2:12 - loss: 2.2556 - acc: 0.2668
 864/3458 [======>.......................] - ETA: 2:10 - loss: 2.2310 - acc: 0.2650
 896/3458 [======>.......................] - ETA: 2:09 - loss: 2.2038 - acc: 0.2712
 928/3458 [=======>......................] - ETA: 2:07 - loss: 2.1896 - acc: 0.2683
 960/3458 [=======>......................] - ETA: 2:05 - loss: 2.1631 - acc: 0.2688
 992/3458 [=======>......................] - ETA: 2:04 - loss: 2.1393 - acc: 0.2732
1024/3458 [=======>......................] - ETA: 2:02 - loss: 2.1155 - acc: 0.2842
1056/3458 [========>.....................] - ETA: 2:00 - loss: 2.0945 - acc: 0.2926
1088/3458 [========>.....................] - ETA: 1:59 - loss: 2.0750 - acc: 0.2950
1120/3458 [========>.....................] - ETA: 1:57 - loss: 2.0579 - acc: 0.2929
1152/3458 [========>.....................] - ETA: 1:55 - loss: 2.0394 - acc: 0.2969
1184/3458 [=========>....................] - ETA: 1:54 - loss: 2.0236 - acc: 0.3015
1216/3458 [=========>....................] - ETA: 1:52 - loss: 2.0051 - acc: 0.3084
1248/3458 [=========>....................] - ETA: 1:51 - loss: 1.9900 - acc: 0.3141
1280/3458 [==========>...................] - ETA: 1:49 - loss: 1.9773 - acc: 0.3172
1312/3458 [==========>...................] - ETA: 1:47 - loss: 1.9640 - acc: 0.3201
1344/3458 [==========>...................] - ETA: 1:46 - loss: 1.9542 - acc: 0.3214
1376/3458 [==========>...................] - ETA: 1:44 - loss: 1.9391 - acc: 0.3241
1408/3458 [===========>..................] - ETA: 1:43 - loss: 1.9278 - acc: 0.3246
1440/3458 [===========>..................] - ETA: 1:41 - loss: 1.9193 - acc: 0.3229
1472/3458 [===========>..................] - ETA: 1:39 - loss: 1.9089 - acc: 0.3261
1504/3458 [============>.................] - ETA: 1:38 - loss: 1.8994 - acc: 0.3258
1536/3458 [============>.................] - ETA: 1:36 - loss: 1.8888 - acc: 0.3275
1568/3458 [============>.................] - ETA: 1:35 - loss: 1.8788 - acc: 0.3310
1600/3458 [============>.................] - ETA: 1:33 - loss: 1.8700 - acc: 0.3319
1632/3458 [=============>................] - ETA: 1:31 - loss: 1.8660 - acc: 0.3303
1664/3458 [=============>................] - ETA: 1:30 - loss: 1.8590 - acc: 0.3341
1696/3458 [=============>................] - ETA: 1:28 - loss: 1.8504 - acc: 0.3337
1728/3458 [=============>................] - ETA: 1:26 - loss: 1.8413 - acc: 0.3333
1760/3458 [==============>...............] - ETA: 1:25 - loss: 1.8338 - acc: 0.3358
1792/3458 [==============>...............] - ETA: 1:23 - loss: 1.8264 - acc: 0.3376
1824/3458 [==============>...............] - ETA: 1:22 - loss: 1.8172 - acc: 0.3383
1856/3458 [===============>..............] - ETA: 1:20 - loss: 1.8092 - acc: 0.3378
1888/3458 [===============>..............] - ETA: 1:18 - loss: 1.8032 - acc: 0.3358
1920/3458 [===============>..............] - ETA: 1:17 - loss: 1.7940 - acc: 0.3359
1952/3458 [===============>..............] - ETA: 1:15 - loss: 1.7898 - acc: 0.3356
1984/3458 [================>.............] - ETA: 1:13 - loss: 1.7851 - acc: 0.3352
2016/3458 [================>.............] - ETA: 1:12 - loss: 1.7797 - acc: 0.3358
2048/3458 [================>.............] - ETA: 1:10 - loss: 1.7746 - acc: 0.3384
2080/3458 [=================>............] - ETA: 1:09 - loss: 1.7662 - acc: 0.3389
2112/3458 [=================>............] - ETA: 1:07 - loss: 1.7595 - acc: 0.3414
2144/3458 [=================>............] - ETA: 1:05 - loss: 1.7543 - acc: 0.3424
2176/3458 [=================>............] - ETA: 1:04 - loss: 1.7485 - acc: 0.3415
2208/3458 [==================>...........] - ETA: 1:02 - loss: 1.7419 - acc: 0.3447
2240/3458 [==================>...........] - ETA: 1:01 - loss: 1.7348 - acc: 0.3460
2272/3458 [==================>...........] - ETA: 59s - loss: 1.7295 - acc: 0.3468 
2304/3458 [==================>...........] - ETA: 57s - loss: 1.7218 - acc: 0.3494
2336/3458 [===================>..........] - ETA: 56s - loss: 1.7171 - acc: 0.3493
2368/3458 [===================>..........] - ETA: 54s - loss: 1.7105 - acc: 0.3522
2400/3458 [===================>..........] - ETA: 53s - loss: 1.7048 - acc: 0.3521
2432/3458 [====================>.........] - ETA: 51s - loss: 1.6998 - acc: 0.3532
2464/3458 [====================>.........] - ETA: 49s - loss: 1.6992 - acc: 0.3523
2496/3458 [====================>.........] - ETA: 48s - loss: 1.6934 - acc: 0.3534
2528/3458 [====================>.........] - ETA: 46s - loss: 1.6906 - acc: 0.3517
2560/3458 [=====================>........] - ETA: 45s - loss: 1.6867 - acc: 0.3535
2592/3458 [=====================>........] - ETA: 43s - loss: 1.6826 - acc: 0.3557
2624/3458 [=====================>........] - ETA: 41s - loss: 1.6769 - acc: 0.3575
2656/3458 [======================>.......] - ETA: 40s - loss: 1.6731 - acc: 0.3588
2688/3458 [======================>.......] - ETA: 38s - loss: 1.6694 - acc: 0.3597
2720/3458 [======================>.......] - ETA: 36s - loss: 1.6660 - acc: 0.3618
2752/3458 [======================>.......] - ETA: 35s - loss: 1.6603 - acc: 0.3630
2784/3458 [=======================>......] - ETA: 33s - loss: 1.6560 - acc: 0.3631
2816/3458 [=======================>......] - ETA: 32s - loss: 1.6520 - acc: 0.3643
2848/3458 [=======================>......] - ETA: 30s - loss: 1.6504 - acc: 0.3652
2880/3458 [=======================>......] - ETA: 28s - loss: 1.6483 - acc: 0.3656
2912/3458 [========================>.....] - ETA: 27s - loss: 1.6469 - acc: 0.3668
2944/3458 [========================>.....] - ETA: 25s - loss: 1.6436 - acc: 0.3672
2976/3458 [========================>.....] - ETA: 24s - loss: 1.6396 - acc: 0.3686
3008/3458 [=========================>....] - ETA: 22s - loss: 1.6391 - acc: 0.3700
3040/3458 [=========================>....] - ETA: 20s - loss: 1.6386 - acc: 0.3691
3072/3458 [=========================>....] - ETA: 19s - loss: 1.6361 - acc: 0.3695
3104/3458 [=========================>....] - ETA: 17s - loss: 1.6346 - acc: 0.3692
3136/3458 [==========================>...] - ETA: 16s - loss: 1.6326 - acc: 0.3686
3168/3458 [==========================>...] - ETA: 14s - loss: 1.6302 - acc: 0.3696
3200/3458 [==========================>...] - ETA: 12s - loss: 1.6264 - acc: 0.3706
3232/3458 [===========================>..] - ETA: 11s - loss: 1.6236 - acc: 0.3716
3264/3458 [===========================>..] - ETA: 9s - loss: 1.6272 - acc: 0.3701 
3296/3458 [===========================>..] - ETA: 8s - loss: 1.6254 - acc: 0.3708
3328/3458 [===========================>..] - ETA: 6s - loss: 1.6218 - acc: 0.3711
3360/3458 [============================>.] - ETA: 4s - loss: 1.6192 - acc: 0.3726
3392/3458 [============================>.] - ETA: 3s - loss: 1.6147 - acc: 0.3747
3424/3458 [============================>.] - ETA: 1s - loss: 1.6133 - acc: 0.3756
3456/3458 [============================>.] - ETA: 0s - loss: 1.6108 - acc: 0.3750
3458/3458 [==============================] - 174s 50ms/sample - loss: 1.6114 - acc: 0.3751

 32/865 [>.............................] - ETA: 7s - loss: 1.3807 - acc: 0.3750
 64/865 [=>............................] - ETA: 7s - loss: 1.3413 - acc: 0.4062
 96/865 [==>...........................] - ETA: 7s - loss: 1.3041 - acc: 0.4062
128/865 [===>..........................] - ETA: 6s - loss: 1.3020 - acc: 0.4453
160/865 [====>.........................] - ETA: 6s - loss: 1.2876 - acc: 0.4625
192/865 [=====>........................] - ETA: 6s - loss: 1.2878 - acc: 0.4688
224/865 [======>.......................] - ETA: 5s - loss: 1.3010 - acc: 0.4688
256/865 [=======>......................] - ETA: 5s - loss: 1.2882 - acc: 0.5000
288/865 [========>.....................] - ETA: 5s - loss: 1.3000 - acc: 0.4965
320/865 [==========>...................] - ETA: 4s - loss: 1.3095 - acc: 0.4875
352/865 [===========>..................] - ETA: 4s - loss: 1.3075 - acc: 0.4773
384/865 [============>.................] - ETA: 4s - loss: 1.3119 - acc: 0.4766
416/865 [=============>................] - ETA: 4s - loss: 1.3125 - acc: 0.4688
448/865 [==============>...............] - ETA: 3s - loss: 1.3162 - acc: 0.4710
480/865 [===============>..............] - ETA: 3s - loss: 1.3278 - acc: 0.4667
512/865 [================>.............] - ETA: 3s - loss: 1.3292 - acc: 0.4590
544/865 [=================>............] - ETA: 2s - loss: 1.3248 - acc: 0.4651
576/865 [==================>...........] - ETA: 2s - loss: 1.3337 - acc: 0.4531
608/865 [====================>.........] - ETA: 2s - loss: 1.3326 - acc: 0.4539
640/865 [=====================>........] - ETA: 2s - loss: 1.3456 - acc: 0.4516
672/865 [======================>.......] - ETA: 1s - loss: 1.3485 - acc: 0.4509
704/865 [=======================>......] - ETA: 1s - loss: 1.3467 - acc: 0.4545
736/865 [========================>.....] - ETA: 1s - loss: 1.3455 - acc: 0.4538
768/865 [=========================>....] - ETA: 0s - loss: 1.3504 - acc: 0.4492
800/865 [==========================>...] - ETA: 0s - loss: 1.3491 - acc: 0.4512
832/865 [===========================>..] - ETA: 0s - loss: 1.3452 - acc: 0.4543
864/865 [============================>.] - ETA: 0s - loss: 1.3485 - acc: 0.4525
865/865 [==============================] - 8s 9ms/sample - loss: 1.3485 - acc: 0.4532

  32/3458 [..............................] - ETA: 2:48 - loss: 1.4419 - acc: 0.2500
  64/3458 [..............................] - ETA: 2:47 - loss: 1.3328 - acc: 0.3281
  96/3458 [..............................] - ETA: 2:46 - loss: 1.3108 - acc: 0.4583
 128/3458 [>.............................] - ETA: 2:45 - loss: 1.3479 - acc: 0.4219
 160/3458 [>.............................] - ETA: 2:44 - loss: 1.3677 - acc: 0.4000
 192/3458 [>.............................] - ETA: 2:42 - loss: 1.3787 - acc: 0.4062
 224/3458 [>.............................] - ETA: 2:40 - loss: 1.4025 - acc: 0.3973
 256/3458 [=>............................] - ETA: 2:39 - loss: 1.4038 - acc: 0.3945
 288/3458 [=>............................] - ETA: 2:37 - loss: 1.3971 - acc: 0.4062
 320/3458 [=>............................] - ETA: 2:36 - loss: 1.3881 - acc: 0.4250
 352/3458 [==>...........................] - ETA: 2:34 - loss: 1.3902 - acc: 0.4176
 384/3458 [==>...........................] - ETA: 2:33 - loss: 1.3815 - acc: 0.4375
 416/3458 [==>...........................] - ETA: 2:31 - loss: 1.3858 - acc: 0.4399
 448/3458 [==>...........................] - ETA: 2:29 - loss: 1.3746 - acc: 0.4420
 480/3458 [===>..........................] - ETA: 2:28 - loss: 1.3725 - acc: 0.4417
 512/3458 [===>..........................] - ETA: 2:26 - loss: 1.3768 - acc: 0.4453
 544/3458 [===>..........................] - ETA: 2:24 - loss: 1.3711 - acc: 0.4430
 576/3458 [===>..........................] - ETA: 2:23 - loss: 1.3716 - acc: 0.4462
 608/3458 [====>.........................] - ETA: 2:21 - loss: 1.3734 - acc: 0.4507
 640/3458 [====>.........................] - ETA: 2:20 - loss: 1.3675 - acc: 0.4516
 672/3458 [====>.........................] - ETA: 2:18 - loss: 1.3732 - acc: 0.4464
 704/3458 [=====>........................] - ETA: 2:17 - loss: 1.3723 - acc: 0.4503
 736/3458 [=====>........................] - ETA: 2:15 - loss: 1.3698 - acc: 0.4484
 768/3458 [=====>........................] - ETA: 2:13 - loss: 1.3726 - acc: 0.4427
 800/3458 [=====>........................] - ETA: 2:12 - loss: 1.3676 - acc: 0.4450
 832/3458 [======>.......................] - ETA: 2:10 - loss: 1.3609 - acc: 0.4483
 864/3458 [======>.......................] - ETA: 2:09 - loss: 1.3675 - acc: 0.4468
 896/3458 [======>.......................] - ETA: 2:07 - loss: 1.3622 - acc: 0.4475
 928/3458 [=======>......................] - ETA: 2:05 - loss: 1.3564 - acc: 0.4472
 960/3458 [=======>......................] - ETA: 2:04 - loss: 1.3502 - acc: 0.4531
 992/3458 [=======>......................] - ETA: 2:02 - loss: 1.3529 - acc: 0.4516
1024/3458 [=======>......................] - ETA: 2:01 - loss: 1.3537 - acc: 0.4502
1056/3458 [========>.....................] - ETA: 1:59 - loss: 1.3456 - acc: 0.4555
1088/3458 [========>.....................] - ETA: 1:58 - loss: 1.3421 - acc: 0.4550
1120/3458 [========>.....................] - ETA: 1:56 - loss: 1.3410 - acc: 0.4554
1152/3458 [========>.....................] - ETA: 1:54 - loss: 1.3365 - acc: 0.4601
1184/3458 [=========>....................] - ETA: 1:53 - loss: 1.3369 - acc: 0.4595
1216/3458 [=========>....................] - ETA: 1:51 - loss: 1.3397 - acc: 0.4572
1248/3458 [=========>....................] - ETA: 1:50 - loss: 1.3393 - acc: 0.4583
1280/3458 [==========>...................] - ETA: 1:48 - loss: 1.3362 - acc: 0.4609
1312/3458 [==========>...................] - ETA: 1:46 - loss: 1.3304 - acc: 0.4611
1344/3458 [==========>...................] - ETA: 1:45 - loss: 1.3360 - acc: 0.4561
1376/3458 [==========>...................] - ETA: 1:43 - loss: 1.3341 - acc: 0.4564
1408/3458 [===========>..................] - ETA: 1:42 - loss: 1.3326 - acc: 0.4588
1440/3458 [===========>..................] - ETA: 1:40 - loss: 1.3316 - acc: 0.4597
1472/3458 [===========>..................] - ETA: 1:38 - loss: 1.3298 - acc: 0.4592
1504/3458 [============>.................] - ETA: 1:37 - loss: 1.3255 - acc: 0.4594
1536/3458 [============>.................] - ETA: 1:35 - loss: 1.3217 - acc: 0.4603
1568/3458 [============>.................] - ETA: 1:34 - loss: 1.3210 - acc: 0.4617
1600/3458 [============>.................] - ETA: 1:32 - loss: 1.3246 - acc: 0.4600
1632/3458 [=============>................] - ETA: 1:30 - loss: 1.3252 - acc: 0.4596
1664/3458 [=============>................] - ETA: 1:29 - loss: 1.3300 - acc: 0.4585
1696/3458 [=============>................] - ETA: 1:27 - loss: 1.3302 - acc: 0.4570
1728/3458 [=============>................] - ETA: 1:26 - loss: 1.3299 - acc: 0.4566
1760/3458 [==============>...............] - ETA: 1:24 - loss: 1.3286 - acc: 0.4568
1792/3458 [==============>...............] - ETA: 1:22 - loss: 1.3269 - acc: 0.4576
1824/3458 [==============>...............] - ETA: 1:21 - loss: 1.3237 - acc: 0.4600
1856/3458 [===============>..............] - ETA: 1:19 - loss: 1.3222 - acc: 0.4612
1888/3458 [===============>..............] - ETA: 1:18 - loss: 1.3205 - acc: 0.4640
1920/3458 [===============>..............] - ETA: 1:16 - loss: 1.3199 - acc: 0.4651
1952/3458 [===============>..............] - ETA: 1:15 - loss: 1.3182 - acc: 0.4647
1984/3458 [================>.............] - ETA: 1:13 - loss: 1.3173 - acc: 0.4622
2016/3458 [================>.............] - ETA: 1:11 - loss: 1.3163 - acc: 0.4628
2048/3458 [================>.............] - ETA: 1:10 - loss: 1.3185 - acc: 0.4629
2080/3458 [=================>............] - ETA: 1:08 - loss: 1.3179 - acc: 0.4639
2112/3458 [=================>............] - ETA: 1:07 - loss: 1.3184 - acc: 0.4616
2144/3458 [=================>............] - ETA: 1:05 - loss: 1.3208 - acc: 0.4599
2176/3458 [=================>............] - ETA: 1:03 - loss: 1.3212 - acc: 0.4614
2208/3458 [==================>...........] - ETA: 1:02 - loss: 1.3215 - acc: 0.4624
2240/3458 [==================>...........] - ETA: 1:00 - loss: 1.3250 - acc: 0.4625
2272/3458 [==================>...........] - ETA: 59s - loss: 1.3227 - acc: 0.4626 
2304/3458 [==================>...........] - ETA: 57s - loss: 1.3256 - acc: 0.4609
2336/3458 [===================>..........] - ETA: 55s - loss: 1.3262 - acc: 0.4602
2368/3458 [===================>..........] - ETA: 54s - loss: 1.3242 - acc: 0.4611
2400/3458 [===================>..........] - ETA: 52s - loss: 1.3226 - acc: 0.4617
2432/3458 [====================>.........] - ETA: 51s - loss: 1.3218 - acc: 0.4622
2464/3458 [====================>.........] - ETA: 49s - loss: 1.3198 - acc: 0.4639
2496/3458 [====================>.........] - ETA: 47s - loss: 1.3182 - acc: 0.4635
2528/3458 [====================>.........] - ETA: 46s - loss: 1.3203 - acc: 0.4636
2560/3458 [=====================>........] - ETA: 44s - loss: 1.3236 - acc: 0.4633
2592/3458 [=====================>........] - ETA: 43s - loss: 1.3238 - acc: 0.4622
2624/3458 [=====================>........] - ETA: 41s - loss: 1.3241 - acc: 0.4619
2656/3458 [======================>.......] - ETA: 39s - loss: 1.3226 - acc: 0.4646
2688/3458 [======================>.......] - ETA: 38s - loss: 1.3216 - acc: 0.4661
2720/3458 [======================>.......] - ETA: 36s - loss: 1.3185 - acc: 0.4676
2752/3458 [======================>.......] - ETA: 35s - loss: 1.3171 - acc: 0.4677
2784/3458 [=======================>......] - ETA: 33s - loss: 1.3157 - acc: 0.4688
2816/3458 [=======================>......] - ETA: 31s - loss: 1.3176 - acc: 0.4659
2848/3458 [=======================>......] - ETA: 30s - loss: 1.3169 - acc: 0.4652
2880/3458 [=======================>......] - ETA: 28s - loss: 1.3166 - acc: 0.4656
2912/3458 [========================>.....] - ETA: 27s - loss: 1.3157 - acc: 0.4653
2944/3458 [========================>.....] - ETA: 25s - loss: 1.3151 - acc: 0.4674
2976/3458 [========================>.....] - ETA: 24s - loss: 1.3144 - acc: 0.4677
3008/3458 [=========================>....] - ETA: 22s - loss: 1.3132 - acc: 0.4674
3040/3458 [=========================>....] - ETA: 20s - loss: 1.3099 - acc: 0.4694
3072/3458 [=========================>....] - ETA: 19s - loss: 1.3099 - acc: 0.4678
3104/3458 [=========================>....] - ETA: 17s - loss: 1.3096 - acc: 0.4671
3136/3458 [==========================>...] - ETA: 16s - loss: 1.3096 - acc: 0.4672
3168/3458 [==========================>...] - ETA: 14s - loss: 1.3096 - acc: 0.4675
3200/3458 [==========================>...] - ETA: 12s - loss: 1.3084 - acc: 0.4688
3232/3458 [===========================>..] - ETA: 11s - loss: 1.3058 - acc: 0.4703
3264/3458 [===========================>..] - ETA: 9s - loss: 1.3057 - acc: 0.4694 
3296/3458 [===========================>..] - ETA: 8s - loss: 1.3033 - acc: 0.4697
3328/3458 [===========================>..] - ETA: 6s - loss: 1.3066 - acc: 0.4684
3360/3458 [============================>.] - ETA: 4s - loss: 1.3050 - acc: 0.4685
3392/3458 [============================>.] - ETA: 3s - loss: 1.3040 - acc: 0.4688
3424/3458 [============================>.] - ETA: 1s - loss: 1.3027 - acc: 0.4688
3456/3458 [============================>.] - ETA: 0s - loss: 1.3023 - acc: 0.4696
3458/3458 [==============================] - 173s 50ms/sample - loss: 1.3028 - acc: 0.4696

 32/865 [>.............................] - ETA: 7s - loss: 1.2911 - acc: 0.4062
 64/865 [=>............................] - ETA: 7s - loss: 1.2411 - acc: 0.4688
 96/865 [==>...........................] - ETA: 6s - loss: 1.1822 - acc: 0.5208
128/865 [===>..........................] - ETA: 6s - loss: 1.1742 - acc: 0.5312
160/865 [====>.........................] - ETA: 6s - loss: 1.1815 - acc: 0.5250
192/865 [=====>........................] - ETA: 6s - loss: 1.1745 - acc: 0.5260
224/865 [======>.......................] - ETA: 5s - loss: 1.1833 - acc: 0.5134
256/865 [=======>......................] - ETA: 5s - loss: 1.1776 - acc: 0.5234
288/865 [========>.....................] - ETA: 5s - loss: 1.1836 - acc: 0.5139
320/865 [==========>...................] - ETA: 4s - loss: 1.1883 - acc: 0.5219
352/865 [===========>..................] - ETA: 4s - loss: 1.1860 - acc: 0.5170
384/865 [============>.................] - ETA: 4s - loss: 1.1988 - acc: 0.5182
416/865 [=============>................] - ETA: 4s - loss: 1.1985 - acc: 0.5048
448/865 [==============>...............] - ETA: 3s - loss: 1.1993 - acc: 0.5067
480/865 [===============>..............] - ETA: 3s - loss: 1.2096 - acc: 0.5000
512/865 [================>.............] - ETA: 3s - loss: 1.2109 - acc: 0.4941
544/865 [=================>............] - ETA: 2s - loss: 1.2019 - acc: 0.5000
576/865 [==================>...........] - ETA: 2s - loss: 1.2147 - acc: 0.4983
608/865 [====================>.........] - ETA: 2s - loss: 1.2194 - acc: 0.4918
640/865 [=====================>........] - ETA: 2s - loss: 1.2367 - acc: 0.4922
672/865 [======================>.......] - ETA: 1s - loss: 1.2406 - acc: 0.4926
704/865 [=======================>......] - ETA: 1s - loss: 1.2375 - acc: 0.4943
736/865 [========================>.....] - ETA: 1s - loss: 1.2328 - acc: 0.4946
768/865 [=========================>....] - ETA: 0s - loss: 1.2332 - acc: 0.4909
800/865 [==========================>...] - ETA: 0s - loss: 1.2308 - acc: 0.4925
832/865 [===========================>..] - ETA: 0s - loss: 1.2319 - acc: 0.4964
864/865 [============================>.] - ETA: 0s - loss: 1.2294 - acc: 0.5012
865/865 [==============================] - 8s 9ms/sample - loss: 1.2293 - acc: 0.5017

  32/3458 [..............................] - ETA: 2:51 - loss: 1.2257 - acc: 0.5000
  64/3458 [..............................] - ETA: 2:49 - loss: 1.2011 - acc: 0.5469
  96/3458 [..............................] - ETA: 2:47 - loss: 1.3002 - acc: 0.5104
 128/3458 [>.............................] - ETA: 2:46 - loss: 1.2671 - acc: 0.5312
 160/3458 [>.............................] - ETA: 2:44 - loss: 1.2646 - acc: 0.5375
 192/3458 [>.............................] - ETA: 2:43 - loss: 1.2652 - acc: 0.5156
 224/3458 [>.............................] - ETA: 2:41 - loss: 1.2872 - acc: 0.4821
 256/3458 [=>............................] - ETA: 2:40 - loss: 1.2863 - acc: 0.4805
 288/3458 [=>............................] - ETA: 2:38 - loss: 1.2807 - acc: 0.4757
 320/3458 [=>............................] - ETA: 2:37 - loss: 1.2670 - acc: 0.4844
 352/3458 [==>...........................] - ETA: 2:35 - loss: 1.2752 - acc: 0.4830
 384/3458 [==>...........................] - ETA: 2:33 - loss: 1.2664 - acc: 0.4870
 416/3458 [==>...........................] - ETA: 2:32 - loss: 1.2706 - acc: 0.4856
 448/3458 [==>...........................] - ETA: 2:30 - loss: 1.2774 - acc: 0.4911
 480/3458 [===>..........................] - ETA: 2:28 - loss: 1.2688 - acc: 0.4854
 512/3458 [===>..........................] - ETA: 2:27 - loss: 1.2678 - acc: 0.4844
 544/3458 [===>..........................] - ETA: 2:25 - loss: 1.2675 - acc: 0.4798
 576/3458 [===>..........................] - ETA: 2:24 - loss: 1.2583 - acc: 0.4844
 608/3458 [====>.........................] - ETA: 2:22 - loss: 1.2489 - acc: 0.4951
 640/3458 [====>.........................] - ETA: 2:20 - loss: 1.2401 - acc: 0.4953
 672/3458 [====>.........................] - ETA: 2:19 - loss: 1.2457 - acc: 0.4985
 704/3458 [=====>........................] - ETA: 2:17 - loss: 1.2497 - acc: 0.4986
 736/3458 [=====>........................] - ETA: 2:15 - loss: 1.2538 - acc: 0.4932
 768/3458 [=====>........................] - ETA: 2:14 - loss: 1.2576 - acc: 0.4935
 800/3458 [=====>........................] - ETA: 2:12 - loss: 1.2381 - acc: 0.5063
 832/3458 [======>.......................] - ETA: 2:11 - loss: 1.2377 - acc: 0.5108
 864/3458 [======>.......................] - ETA: 2:09 - loss: 1.2392 - acc: 0.5046
 896/3458 [======>.......................] - ETA: 2:07 - loss: 1.2389 - acc: 0.5033
 928/3458 [=======>......................] - ETA: 2:06 - loss: 1.2421 - acc: 0.5000
 960/3458 [=======>......................] - ETA: 2:04 - loss: 1.2377 - acc: 0.5031
 992/3458 [=======>......................] - ETA: 2:03 - loss: 1.2312 - acc: 0.5030
1024/3458 [=======>......................] - ETA: 2:01 - loss: 1.2330 - acc: 0.5010
1056/3458 [========>.....................] - ETA: 2:00 - loss: 1.2254 - acc: 0.5038
1088/3458 [========>.....................] - ETA: 1:58 - loss: 1.2206 - acc: 0.5055
1120/3458 [========>.....................] - ETA: 1:56 - loss: 1.2237 - acc: 0.5009
1152/3458 [========>.....................] - ETA: 1:55 - loss: 1.2174 - acc: 0.5026
1184/3458 [=========>....................] - ETA: 1:53 - loss: 1.2221 - acc: 0.5025
1216/3458 [=========>....................] - ETA: 1:51 - loss: 1.2166 - acc: 0.5049
1248/3458 [=========>....................] - ETA: 1:50 - loss: 1.2159 - acc: 0.5088
1280/3458 [==========>...................] - ETA: 1:48 - loss: 1.2160 - acc: 0.5070
1312/3458 [==========>...................] - ETA: 1:47 - loss: 1.2144 - acc: 0.5069
1344/3458 [==========>...................] - ETA: 1:45 - loss: 1.2158 - acc: 0.5067
1376/3458 [==========>...................] - ETA: 1:43 - loss: 1.2143 - acc: 0.5087
1408/3458 [===========>..................] - ETA: 1:42 - loss: 1.2146 - acc: 0.5099
1440/3458 [===========>..................] - ETA: 1:40 - loss: 1.2105 - acc: 0.5132
1472/3458 [===========>..................] - ETA: 1:39 - loss: 1.2057 - acc: 0.5143
1504/3458 [============>.................] - ETA: 1:37 - loss: 1.2025 - acc: 0.5173
1536/3458 [============>.................] - ETA: 1:36 - loss: 1.2050 - acc: 0.5130
1568/3458 [============>.................] - ETA: 1:34 - loss: 1.2015 - acc: 0.5134
1600/3458 [============>.................] - ETA: 1:32 - loss: 1.1992 - acc: 0.5156
1632/3458 [=============>................] - ETA: 1:31 - loss: 1.1954 - acc: 0.5165
1664/3458 [=============>................] - ETA: 1:29 - loss: 1.1902 - acc: 0.5174
1696/3458 [=============>................] - ETA: 1:28 - loss: 1.1891 - acc: 0.5200
1728/3458 [=============>................] - ETA: 1:26 - loss: 1.1805 - acc: 0.5226
1760/3458 [==============>...............] - ETA: 1:24 - loss: 1.1853 - acc: 0.5199
1792/3458 [==============>...............] - ETA: 1:23 - loss: 1.1911 - acc: 0.5173
1824/3458 [==============>...............] - ETA: 1:21 - loss: 1.1916 - acc: 0.5192
1856/3458 [===============>..............] - ETA: 1:20 - loss: 1.1889 - acc: 0.5210
1888/3458 [===============>..............] - ETA: 1:18 - loss: 1.1891 - acc: 0.5196
1920/3458 [===============>..............] - ETA: 1:16 - loss: 1.1927 - acc: 0.5182
1952/3458 [===============>..............] - ETA: 1:15 - loss: 1.1977 - acc: 0.5154
1984/3458 [================>.............] - ETA: 1:13 - loss: 1.1976 - acc: 0.5171
2016/3458 [================>.............] - ETA: 1:12 - loss: 1.1982 - acc: 0.5179
2048/3458 [================>.............] - ETA: 1:10 - loss: 1.1980 - acc: 0.5171
2080/3458 [=================>............] - ETA: 1:08 - loss: 1.1993 - acc: 0.5159
2112/3458 [=================>............] - ETA: 1:07 - loss: 1.1965 - acc: 0.5156
2144/3458 [=================>............] - ETA: 1:05 - loss: 1.1932 - acc: 0.5182
2176/3458 [=================>............] - ETA: 1:04 - loss: 1.1951 - acc: 0.5175
2208/3458 [==================>...........] - ETA: 1:02 - loss: 1.1945 - acc: 0.5181
2240/3458 [==================>...........] - ETA: 1:00 - loss: 1.1930 - acc: 0.5188
2272/3458 [==================>...........] - ETA: 59s - loss: 1.1906 - acc: 0.5185 
2304/3458 [==================>...........] - ETA: 57s - loss: 1.1903 - acc: 0.5187
2336/3458 [===================>..........] - ETA: 56s - loss: 1.1879 - acc: 0.5193
2368/3458 [===================>..........] - ETA: 54s - loss: 1.1850 - acc: 0.5215
2400/3458 [===================>..........] - ETA: 52s - loss: 1.1839 - acc: 0.5221
2432/3458 [====================>.........] - ETA: 51s - loss: 1.1805 - acc: 0.5230
2464/3458 [====================>.........] - ETA: 49s - loss: 1.1808 - acc: 0.5215
2496/3458 [====================>.........] - ETA: 48s - loss: 1.1786 - acc: 0.5228
2528/3458 [====================>.........] - ETA: 46s - loss: 1.1790 - acc: 0.5222
2560/3458 [=====================>........] - ETA: 44s - loss: 1.1802 - acc: 0.5203
2592/3458 [=====================>........] - ETA: 43s - loss: 1.1822 - acc: 0.5197
2624/3458 [=====================>........] - ETA: 41s - loss: 1.1816 - acc: 0.5206
2656/3458 [======================>.......] - ETA: 40s - loss: 1.1799 - acc: 0.5203
2688/3458 [======================>.......] - ETA: 38s - loss: 1.1765 - acc: 0.5212
2720/3458 [======================>.......] - ETA: 36s - loss: 1.1790 - acc: 0.5210
2752/3458 [======================>.......] - ETA: 35s - loss: 1.1740 - acc: 0.5236
2784/3458 [=======================>......] - ETA: 33s - loss: 1.1725 - acc: 0.5237
2816/3458 [=======================>......] - ETA: 32s - loss: 1.1750 - acc: 0.5217
2848/3458 [=======================>......] - ETA: 30s - loss: 1.1745 - acc: 0.5218
2880/3458 [=======================>......] - ETA: 28s - loss: 1.1729 - acc: 0.5222
2912/3458 [========================>.....] - ETA: 27s - loss: 1.1777 - acc: 0.5216
2944/3458 [========================>.....] - ETA: 25s - loss: 1.1770 - acc: 0.5221
2976/3458 [========================>.....] - ETA: 24s - loss: 1.1787 - acc: 0.5212
3008/3458 [=========================>....] - ETA: 22s - loss: 1.1787 - acc: 0.5213
3040/3458 [=========================>....] - ETA: 20s - loss: 1.1821 - acc: 0.5204
3072/3458 [=========================>....] - ETA: 19s - loss: 1.1823 - acc: 0.5205
3104/3458 [=========================>....] - ETA: 17s - loss: 1.1829 - acc: 0.5190
3136/3458 [==========================>...] - ETA: 16s - loss: 1.1868 - acc: 0.5201
3168/3458 [==========================>...] - ETA: 14s - loss: 1.1875 - acc: 0.5189
3200/3458 [==========================>...] - ETA: 12s - loss: 1.1873 - acc: 0.5175
3232/3458 [===========================>..] - ETA: 11s - loss: 1.1855 - acc: 0.5183
3264/3458 [===========================>..] - ETA: 9s - loss: 1.1838 - acc: 0.5196 
3296/3458 [===========================>..] - ETA: 8s - loss: 1.1825 - acc: 0.5203
3328/3458 [===========================>..] - ETA: 6s - loss: 1.1829 - acc: 0.5186
3360/3458 [============================>.] - ETA: 4s - loss: 1.1816 - acc: 0.5190
3392/3458 [============================>.] - ETA: 3s - loss: 1.1839 - acc: 0.5183
3424/3458 [============================>.] - ETA: 1s - loss: 1.1846 - acc: 0.5175
3456/3458 [============================>.] - ETA: 0s - loss: 1.1865 - acc: 0.5168
3458/3458 [==============================] - 173s 50ms/sample - loss: 1.1866 - acc: 0.5168

 32/865 [>.............................] - ETA: 7s - loss: 1.2732 - acc: 0.4375
 64/865 [=>............................] - ETA: 7s - loss: 1.2321 - acc: 0.4844
 96/865 [==>...........................] - ETA: 7s - loss: 1.2051 - acc: 0.5208
128/865 [===>..........................] - ETA: 6s - loss: 1.2019 - acc: 0.5234
160/865 [====>.........................] - ETA: 6s - loss: 1.1938 - acc: 0.5312
192/865 [=====>........................] - ETA: 6s - loss: 1.1954 - acc: 0.5208
224/865 [======>.......................] - ETA: 5s - loss: 1.2001 - acc: 0.5179
256/865 [=======>......................] - ETA: 5s - loss: 1.1803 - acc: 0.5312
288/865 [========>.....................] - ETA: 5s - loss: 1.1872 - acc: 0.5174
320/865 [==========>...................] - ETA: 4s - loss: 1.1874 - acc: 0.5250
352/865 [===========>..................] - ETA: 4s - loss: 1.1928 - acc: 0.5114
384/865 [============>.................] - ETA: 4s - loss: 1.1979 - acc: 0.5130
416/865 [=============>................] - ETA: 4s - loss: 1.2063 - acc: 0.4976
448/865 [==============>...............] - ETA: 3s - loss: 1.2003 - acc: 0.5045
480/865 [===============>..............] - ETA: 3s - loss: 1.2071 - acc: 0.5021
512/865 [================>.............] - ETA: 3s - loss: 1.2045 - acc: 0.5039
544/865 [=================>............] - ETA: 2s - loss: 1.1996 - acc: 0.5110
576/865 [==================>...........] - ETA: 2s - loss: 1.1978 - acc: 0.5087
608/865 [====================>.........] - ETA: 2s - loss: 1.1959 - acc: 0.5099
640/865 [=====================>........] - ETA: 2s - loss: 1.2037 - acc: 0.5125
672/865 [======================>.......] - ETA: 1s - loss: 1.2045 - acc: 0.5179
704/865 [=======================>......] - ETA: 1s - loss: 1.1967 - acc: 0.5213
736/865 [========================>.....] - ETA: 1s - loss: 1.1950 - acc: 0.5204
768/865 [=========================>....] - ETA: 0s - loss: 1.1969 - acc: 0.5143
800/865 [==========================>...] - ETA: 0s - loss: 1.1926 - acc: 0.5188
832/865 [===========================>..] - ETA: 0s - loss: 1.1913 - acc: 0.5180
864/865 [============================>.] - ETA: 0s - loss: 1.1890 - acc: 0.5197
865/865 [==============================] - 8s 9ms/sample - loss: 1.1888 - acc: 0.5202

  32/3458 [..............................] - ETA: 2:47 - loss: 1.1515 - acc: 0.5000
  64/3458 [..............................] - ETA: 2:45 - loss: 1.1437 - acc: 0.5312
  96/3458 [..............................] - ETA: 2:45 - loss: 1.1790 - acc: 0.5417
 128/3458 [>.............................] - ETA: 2:43 - loss: 1.1601 - acc: 0.5469
 160/3458 [>.............................] - ETA: 2:43 - loss: 1.1703 - acc: 0.5375
 192/3458 [>.............................] - ETA: 2:42 - loss: 1.1642 - acc: 0.5365
 224/3458 [>.............................] - ETA: 2:40 - loss: 1.1712 - acc: 0.5446
 256/3458 [=>............................] - ETA: 2:39 - loss: 1.1821 - acc: 0.5273
 288/3458 [=>............................] - ETA: 2:37 - loss: 1.1920 - acc: 0.5208
 320/3458 [=>............................] - ETA: 2:35 - loss: 1.1939 - acc: 0.5219
 352/3458 [==>...........................] - ETA: 2:34 - loss: 1.1878 - acc: 0.5256
 384/3458 [==>...........................] - ETA: 2:33 - loss: 1.1886 - acc: 0.5234
 416/3458 [==>...........................] - ETA: 2:31 - loss: 1.1971 - acc: 0.5120
 448/3458 [==>...........................] - ETA: 2:29 - loss: 1.1937 - acc: 0.5268
 480/3458 [===>..........................] - ETA: 2:28 - loss: 1.1988 - acc: 0.5250
 512/3458 [===>..........................] - ETA: 2:26 - loss: 1.1915 - acc: 0.5254
 544/3458 [===>..........................] - ETA: 2:25 - loss: 1.1934 - acc: 0.5221
 576/3458 [===>..........................] - ETA: 2:23 - loss: 1.1792 - acc: 0.5295
 608/3458 [====>.........................] - ETA: 2:21 - loss: 1.1773 - acc: 0.5312
 640/3458 [====>.........................] - ETA: 2:20 - loss: 1.1762 - acc: 0.5391
 672/3458 [====>.........................] - ETA: 2:18 - loss: 1.1633 - acc: 0.5491
 704/3458 [=====>........................] - ETA: 2:16 - loss: 1.1540 - acc: 0.5511
 736/3458 [=====>........................] - ETA: 2:15 - loss: 1.1504 - acc: 0.5530
 768/3458 [=====>........................] - ETA: 2:13 - loss: 1.1570 - acc: 0.5521
 800/3458 [=====>........................] - ETA: 2:12 - loss: 1.1616 - acc: 0.5487
 832/3458 [======>.......................] - ETA: 2:10 - loss: 1.1646 - acc: 0.5445
 864/3458 [======>.......................] - ETA: 2:09 - loss: 1.1732 - acc: 0.5382
 896/3458 [======>.......................] - ETA: 2:07 - loss: 1.1782 - acc: 0.5402
 928/3458 [=======>......................] - ETA: 2:05 - loss: 1.1700 - acc: 0.5431
 960/3458 [=======>......................] - ETA: 2:04 - loss: 1.1689 - acc: 0.5417
 992/3458 [=======>......................] - ETA: 2:02 - loss: 1.1634 - acc: 0.5454
1024/3458 [=======>......................] - ETA: 2:01 - loss: 1.1648 - acc: 0.5410
1056/3458 [========>.....................] - ETA: 1:59 - loss: 1.1615 - acc: 0.5407
1088/3458 [========>.....................] - ETA: 1:58 - loss: 1.1575 - acc: 0.5414
1120/3458 [========>.....................] - ETA: 1:56 - loss: 1.1525 - acc: 0.5464
1152/3458 [========>.....................] - ETA: 1:54 - loss: 1.1522 - acc: 0.5486
1184/3458 [=========>....................] - ETA: 1:53 - loss: 1.1494 - acc: 0.5490
1216/3458 [=========>....................] - ETA: 1:51 - loss: 1.1505 - acc: 0.5469
1248/3458 [=========>....................] - ETA: 1:50 - loss: 1.1509 - acc: 0.5441
1280/3458 [==========>...................] - ETA: 1:48 - loss: 1.1533 - acc: 0.5414
1312/3458 [==========>...................] - ETA: 1:46 - loss: 1.1559 - acc: 0.5389
1344/3458 [==========>...................] - ETA: 1:45 - loss: 1.1548 - acc: 0.5379
1376/3458 [==========>...................] - ETA: 1:43 - loss: 1.1515 - acc: 0.5356
1408/3458 [===========>..................] - ETA: 1:42 - loss: 1.1503 - acc: 0.5376
1440/3458 [===========>..................] - ETA: 1:40 - loss: 1.1491 - acc: 0.5382
1472/3458 [===========>..................] - ETA: 1:38 - loss: 1.1515 - acc: 0.5387
1504/3458 [============>.................] - ETA: 1:37 - loss: 1.1537 - acc: 0.5379
1536/3458 [============>.................] - ETA: 1:35 - loss: 1.1514 - acc: 0.5391
1568/3458 [============>.................] - ETA: 1:34 - loss: 1.1486 - acc: 0.5389
1600/3458 [============>.................] - ETA: 1:32 - loss: 1.1495 - acc: 0.5381
1632/3458 [=============>................] - ETA: 1:30 - loss: 1.1466 - acc: 0.5386
1664/3458 [=============>................] - ETA: 1:29 - loss: 1.1442 - acc: 0.5385
1696/3458 [=============>................] - ETA: 1:27 - loss: 1.1473 - acc: 0.5407
1728/3458 [=============>................] - ETA: 1:26 - loss: 1.1464 - acc: 0.5405
1760/3458 [==============>...............] - ETA: 1:24 - loss: 1.1450 - acc: 0.5415
1792/3458 [==============>...............] - ETA: 1:22 - loss: 1.1424 - acc: 0.5407
1824/3458 [==============>...............] - ETA: 1:21 - loss: 1.1422 - acc: 0.5422
1856/3458 [===============>..............] - ETA: 1:19 - loss: 1.1439 - acc: 0.5426
1888/3458 [===============>..............] - ETA: 1:18 - loss: 1.1409 - acc: 0.5445
1920/3458 [===============>..............] - ETA: 1:16 - loss: 1.1396 - acc: 0.5453
1952/3458 [===============>..............] - ETA: 1:14 - loss: 1.1391 - acc: 0.5456
1984/3458 [================>.............] - ETA: 1:13 - loss: 1.1392 - acc: 0.5449
2016/3458 [================>.............] - ETA: 1:11 - loss: 1.1372 - acc: 0.5456
2048/3458 [================>.............] - ETA: 1:10 - loss: 1.1348 - acc: 0.5459
2080/3458 [=================>............] - ETA: 1:08 - loss: 1.1342 - acc: 0.5437
2112/3458 [=================>............] - ETA: 1:06 - loss: 1.1352 - acc: 0.5421
2144/3458 [=================>............] - ETA: 1:05 - loss: 1.1360 - acc: 0.5420
2176/3458 [=================>............] - ETA: 1:03 - loss: 1.1329 - acc: 0.5432
2208/3458 [==================>...........] - ETA: 1:02 - loss: 1.1331 - acc: 0.5426
2240/3458 [==================>...........] - ETA: 1:00 - loss: 1.1283 - acc: 0.5442
2272/3458 [==================>...........] - ETA: 58s - loss: 1.1268 - acc: 0.5453 
2304/3458 [==================>...........] - ETA: 57s - loss: 1.1244 - acc: 0.5469
2336/3458 [===================>..........] - ETA: 55s - loss: 1.1235 - acc: 0.5475
2368/3458 [===================>..........] - ETA: 54s - loss: 1.1197 - acc: 0.5498
2400/3458 [===================>..........] - ETA: 52s - loss: 1.1212 - acc: 0.5487
2432/3458 [====================>.........] - ETA: 51s - loss: 1.1268 - acc: 0.5485
2464/3458 [====================>.........] - ETA: 49s - loss: 1.1297 - acc: 0.5475
2496/3458 [====================>.........] - ETA: 47s - loss: 1.1315 - acc: 0.5469
2528/3458 [====================>.........] - ETA: 46s - loss: 1.1294 - acc: 0.5475
2560/3458 [=====================>........] - ETA: 44s - loss: 1.1271 - acc: 0.5496
2592/3458 [=====================>........] - ETA: 43s - loss: 1.1280 - acc: 0.5471
2624/3458 [=====================>........] - ETA: 41s - loss: 1.1290 - acc: 0.5476
2656/3458 [======================>.......] - ETA: 39s - loss: 1.1302 - acc: 0.5467
2688/3458 [======================>.......] - ETA: 38s - loss: 1.1296 - acc: 0.5458
2720/3458 [======================>.......] - ETA: 36s - loss: 1.1302 - acc: 0.5449
2752/3458 [======================>.......] - ETA: 35s - loss: 1.1328 - acc: 0.5443
2784/3458 [=======================>......] - ETA: 33s - loss: 1.1359 - acc: 0.5427
2816/3458 [=======================>......] - ETA: 31s - loss: 1.1348 - acc: 0.5426
2848/3458 [=======================>......] - ETA: 30s - loss: 1.1362 - acc: 0.5428
2880/3458 [=======================>......] - ETA: 28s - loss: 1.1382 - acc: 0.5413
2912/3458 [========================>.....] - ETA: 27s - loss: 1.1362 - acc: 0.5426
2944/3458 [========================>.....] - ETA: 25s - loss: 1.1367 - acc: 0.5428
2976/3458 [========================>.....] - ETA: 24s - loss: 1.1345 - acc: 0.5440
3008/3458 [=========================>....] - ETA: 22s - loss: 1.1322 - acc: 0.5459
3040/3458 [=========================>....] - ETA: 20s - loss: 1.1305 - acc: 0.5464
3072/3458 [=========================>....] - ETA: 19s - loss: 1.1311 - acc: 0.5456
3104/3458 [=========================>....] - ETA: 17s - loss: 1.1339 - acc: 0.5438
3136/3458 [==========================>...] - ETA: 16s - loss: 1.1319 - acc: 0.5450
3168/3458 [==========================>...] - ETA: 14s - loss: 1.1318 - acc: 0.5451
3200/3458 [==========================>...] - ETA: 12s - loss: 1.1317 - acc: 0.5462
3232/3458 [===========================>..] - ETA: 11s - loss: 1.1312 - acc: 0.5464
3264/3458 [===========================>..] - ETA: 9s - loss: 1.1293 - acc: 0.5481 
3296/3458 [===========================>..] - ETA: 8s - loss: 1.1278 - acc: 0.5492
3328/3458 [===========================>..] - ETA: 6s - loss: 1.1265 - acc: 0.5499
3360/3458 [============================>.] - ETA: 4s - loss: 1.1242 - acc: 0.5506
3392/3458 [============================>.] - ETA: 3s - loss: 1.1246 - acc: 0.5504
3424/3458 [============================>.] - ETA: 1s - loss: 1.1257 - acc: 0.5491
3456/3458 [============================>.] - ETA: 0s - loss: 1.1261 - acc: 0.5489
3458/3458 [==============================] - 173s 50ms/sample - loss: 1.1258 - acc: 0.5492

 32/865 [>.............................] - ETA: 7s - loss: 1.1939 - acc: 0.6250
 64/865 [=>............................] - ETA: 7s - loss: 1.1269 - acc: 0.6094
 96/865 [==>...........................] - ETA: 6s - loss: 1.1162 - acc: 0.5833
128/865 [===>..........................] - ETA: 6s - loss: 1.1319 - acc: 0.5781
160/865 [====>.........................] - ETA: 6s - loss: 1.1378 - acc: 0.5437
192/865 [=====>........................] - ETA: 6s - loss: 1.1286 - acc: 0.5417
224/865 [======>.......................] - ETA: 5s - loss: 1.1242 - acc: 0.5536
256/865 [=======>......................] - ETA: 5s - loss: 1.1161 - acc: 0.5430
288/865 [========>.....................] - ETA: 5s - loss: 1.1316 - acc: 0.5208
320/865 [==========>...................] - ETA: 4s - loss: 1.1314 - acc: 0.5219
352/865 [===========>..................] - ETA: 4s - loss: 1.1521 - acc: 0.5170
384/865 [============>.................] - ETA: 4s - loss: 1.1678 - acc: 0.5182
416/865 [=============>................] - ETA: 3s - loss: 1.1656 - acc: 0.5192
448/865 [==============>...............] - ETA: 3s - loss: 1.1562 - acc: 0.5201
480/865 [===============>..............] - ETA: 3s - loss: 1.1597 - acc: 0.5146
512/865 [================>.............] - ETA: 3s - loss: 1.1615 - acc: 0.5137
544/865 [=================>............] - ETA: 2s - loss: 1.1493 - acc: 0.5202
576/865 [==================>...........] - ETA: 2s - loss: 1.1565 - acc: 0.5156
608/865 [====================>.........] - ETA: 2s - loss: 1.1608 - acc: 0.5132
640/865 [=====================>........] - ETA: 2s - loss: 1.1714 - acc: 0.5063
672/865 [======================>.......] - ETA: 1s - loss: 1.1698 - acc: 0.5134
704/865 [=======================>......] - ETA: 1s - loss: 1.1602 - acc: 0.5213
736/865 [========================>.....] - ETA: 1s - loss: 1.1555 - acc: 0.5190
768/865 [=========================>....] - ETA: 0s - loss: 1.1582 - acc: 0.5143
800/865 [==========================>...] - ETA: 0s - loss: 1.1501 - acc: 0.5188
832/865 [===========================>..] - ETA: 0s - loss: 1.1450 - acc: 0.5252
864/865 [============================>.] - ETA: 0s - loss: 1.1415 - acc: 0.5301
865/865 [==============================] - 8s 9ms/sample - loss: 1.1411 - acc: 0.5306

  32/3458 [..............................] - ETA: 2:49 - loss: 0.7450 - acc: 0.7188
  64/3458 [..............................] - ETA: 2:45 - loss: 0.7838 - acc: 0.7344
  96/3458 [..............................] - ETA: 2:46 - loss: 0.8820 - acc: 0.6875
 128/3458 [>.............................] - ETA: 2:43 - loss: 0.9247 - acc: 0.6641
 160/3458 [>.............................] - ETA: 2:42 - loss: 0.9297 - acc: 0.6625
 192/3458 [>.............................] - ETA: 2:40 - loss: 0.9947 - acc: 0.6250
 224/3458 [>.............................] - ETA: 2:38 - loss: 1.0348 - acc: 0.6161
 256/3458 [=>............................] - ETA: 2:37 - loss: 1.0227 - acc: 0.6328
 288/3458 [=>............................] - ETA: 2:35 - loss: 1.0002 - acc: 0.6424
 320/3458 [=>............................] - ETA: 2:34 - loss: 0.9986 - acc: 0.6469
 352/3458 [==>...........................] - ETA: 2:32 - loss: 1.0027 - acc: 0.6506
 384/3458 [==>...........................] - ETA: 2:31 - loss: 1.0089 - acc: 0.6484
 416/3458 [==>...........................] - ETA: 2:29 - loss: 1.0241 - acc: 0.6466
 448/3458 [==>...........................] - ETA: 2:28 - loss: 1.0124 - acc: 0.6540
 480/3458 [===>..........................] - ETA: 2:26 - loss: 1.0091 - acc: 0.6521
 512/3458 [===>..........................] - ETA: 2:24 - loss: 0.9959 - acc: 0.6562
 544/3458 [===>..........................] - ETA: 2:23 - loss: 1.0092 - acc: 0.6452
 576/3458 [===>..........................] - ETA: 2:21 - loss: 1.0168 - acc: 0.6406
 608/3458 [====>.........................] - ETA: 2:20 - loss: 1.0237 - acc: 0.6398
 640/3458 [====>.........................] - ETA: 2:18 - loss: 1.0190 - acc: 0.6359
 672/3458 [====>.........................] - ETA: 2:16 - loss: 1.0117 - acc: 0.6384
 704/3458 [=====>........................] - ETA: 2:15 - loss: 1.0038 - acc: 0.6435
 736/3458 [=====>........................] - ETA: 2:13 - loss: 0.9931 - acc: 0.6454
 768/3458 [=====>........................] - ETA: 2:12 - loss: 0.9830 - acc: 0.6497
 800/3458 [=====>........................] - ETA: 2:10 - loss: 0.9846 - acc: 0.6488
 832/3458 [======>.......................] - ETA: 2:09 - loss: 0.9782 - acc: 0.6502
 864/3458 [======>.......................] - ETA: 2:07 - loss: 0.9805 - acc: 0.6493
 896/3458 [======>.......................] - ETA: 2:06 - loss: 0.9799 - acc: 0.6484
 928/3458 [=======>......................] - ETA: 2:04 - loss: 0.9803 - acc: 0.6466
 960/3458 [=======>......................] - ETA: 2:03 - loss: 0.9721 - acc: 0.6510
 992/3458 [=======>......................] - ETA: 2:01 - loss: 0.9822 - acc: 0.6421
1024/3458 [=======>......................] - ETA: 1:59 - loss: 0.9857 - acc: 0.6396
1056/3458 [========>.....................] - ETA: 1:58 - loss: 0.9771 - acc: 0.6430
1088/3458 [========>.....................] - ETA: 1:56 - loss: 0.9773 - acc: 0.6425
1120/3458 [========>.....................] - ETA: 1:55 - loss: 0.9770 - acc: 0.6420
1152/3458 [========>.....................] - ETA: 1:53 - loss: 0.9717 - acc: 0.6432
1184/3458 [=========>....................] - ETA: 1:52 - loss: 0.9742 - acc: 0.6427
1216/3458 [=========>....................] - ETA: 1:50 - loss: 0.9739 - acc: 0.6431
1248/3458 [=========>....................] - ETA: 1:48 - loss: 0.9695 - acc: 0.6450
1280/3458 [==========>...................] - ETA: 1:47 - loss: 0.9691 - acc: 0.6453
1312/3458 [==========>...................] - ETA: 1:45 - loss: 0.9656 - acc: 0.6471
1344/3458 [==========>...................] - ETA: 1:44 - loss: 0.9693 - acc: 0.6458
1376/3458 [==========>...................] - ETA: 1:42 - loss: 0.9721 - acc: 0.6468
1408/3458 [===========>..................] - ETA: 1:40 - loss: 0.9735 - acc: 0.6449
1440/3458 [===========>..................] - ETA: 1:39 - loss: 0.9727 - acc: 0.6431
1472/3458 [===========>..................] - ETA: 1:37 - loss: 0.9702 - acc: 0.6433
1504/3458 [============>.................] - ETA: 1:36 - loss: 0.9689 - acc: 0.6443
1536/3458 [============>.................] - ETA: 1:34 - loss: 0.9685 - acc: 0.6439
1568/3458 [============>.................] - ETA: 1:33 - loss: 0.9743 - acc: 0.6409
1600/3458 [============>.................] - ETA: 1:31 - loss: 0.9767 - acc: 0.6381
1632/3458 [=============>................] - ETA: 1:29 - loss: 0.9803 - acc: 0.6366
1664/3458 [=============>................] - ETA: 1:28 - loss: 0.9856 - acc: 0.6358
1696/3458 [=============>................] - ETA: 1:26 - loss: 0.9853 - acc: 0.6374
1728/3458 [=============>................] - ETA: 1:25 - loss: 0.9829 - acc: 0.6389
1760/3458 [==============>...............] - ETA: 1:23 - loss: 0.9780 - acc: 0.6415
1792/3458 [==============>...............] - ETA: 1:22 - loss: 0.9834 - acc: 0.6395
1824/3458 [==============>...............] - ETA: 1:20 - loss: 0.9814 - acc: 0.6404
1856/3458 [===============>..............] - ETA: 1:18 - loss: 0.9793 - acc: 0.6406
1888/3458 [===============>..............] - ETA: 1:17 - loss: 0.9787 - acc: 0.6393
1920/3458 [===============>..............] - ETA: 1:15 - loss: 0.9773 - acc: 0.6401
1952/3458 [===============>..............] - ETA: 1:14 - loss: 0.9745 - acc: 0.6393
1984/3458 [================>.............] - ETA: 1:12 - loss: 0.9740 - acc: 0.6386
2016/3458 [================>.............] - ETA: 1:11 - loss: 0.9752 - acc: 0.6379
2048/3458 [================>.............] - ETA: 1:09 - loss: 0.9730 - acc: 0.6382
2080/3458 [=================>............] - ETA: 1:07 - loss: 0.9690 - acc: 0.6389
2112/3458 [=================>............] - ETA: 1:06 - loss: 0.9693 - acc: 0.6387
2144/3458 [=================>............] - ETA: 1:04 - loss: 0.9695 - acc: 0.6376
2176/3458 [=================>............] - ETA: 1:03 - loss: 0.9684 - acc: 0.6369
2208/3458 [==================>...........] - ETA: 1:01 - loss: 0.9671 - acc: 0.6372
2240/3458 [==================>...........] - ETA: 59s - loss: 0.9658 - acc: 0.6371 
2272/3458 [==================>...........] - ETA: 58s - loss: 0.9649 - acc: 0.6391
2304/3458 [==================>...........] - ETA: 56s - loss: 0.9680 - acc: 0.6376
2336/3458 [===================>..........] - ETA: 55s - loss: 0.9667 - acc: 0.6383
2368/3458 [===================>..........] - ETA: 53s - loss: 0.9625 - acc: 0.6402
2400/3458 [===================>..........] - ETA: 52s - loss: 0.9656 - acc: 0.6396
2432/3458 [====================>.........] - ETA: 50s - loss: 0.9637 - acc: 0.6410
2464/3458 [====================>.........] - ETA: 48s - loss: 0.9633 - acc: 0.6404
2496/3458 [====================>.........] - ETA: 47s - loss: 0.9603 - acc: 0.6406
2528/3458 [====================>.........] - ETA: 45s - loss: 0.9587 - acc: 0.6416
2560/3458 [=====================>........] - ETA: 44s - loss: 0.9584 - acc: 0.6422
2592/3458 [=====================>........] - ETA: 42s - loss: 0.9574 - acc: 0.6431
2624/3458 [=====================>........] - ETA: 41s - loss: 0.9543 - acc: 0.6441
2656/3458 [======================>.......] - ETA: 39s - loss: 0.9561 - acc: 0.6423
2688/3458 [======================>.......] - ETA: 37s - loss: 0.9568 - acc: 0.6417
2720/3458 [======================>.......] - ETA: 36s - loss: 0.9575 - acc: 0.6393
2752/3458 [======================>.......] - ETA: 34s - loss: 0.9605 - acc: 0.6384
2784/3458 [=======================>......] - ETA: 33s - loss: 0.9570 - acc: 0.6397
2816/3458 [=======================>......] - ETA: 31s - loss: 0.9609 - acc: 0.6374
2848/3458 [=======================>......] - ETA: 30s - loss: 0.9638 - acc: 0.6362
2880/3458 [=======================>......] - ETA: 28s - loss: 0.9651 - acc: 0.6354
2912/3458 [========================>.....] - ETA: 26s - loss: 0.9675 - acc: 0.6332
2944/3458 [========================>.....] - ETA: 25s - loss: 0.9675 - acc: 0.6332
2976/3458 [========================>.....] - ETA: 23s - loss: 0.9705 - acc: 0.6324
3008/3458 [=========================>....] - ETA: 22s - loss: 0.9712 - acc: 0.6323
3040/3458 [=========================>....] - ETA: 20s - loss: 0.9720 - acc: 0.6309
3072/3458 [=========================>....] - ETA: 19s - loss: 0.9730 - acc: 0.6305
3104/3458 [=========================>....] - ETA: 17s - loss: 0.9715 - acc: 0.6311
3136/3458 [==========================>...] - ETA: 15s - loss: 0.9696 - acc: 0.6320
3168/3458 [==========================>...] - ETA: 14s - loss: 0.9678 - acc: 0.6326
3200/3458 [==========================>...] - ETA: 12s - loss: 0.9658 - acc: 0.6334
3232/3458 [===========================>..] - ETA: 11s - loss: 0.9699 - acc: 0.6324
3264/3458 [===========================>..] - ETA: 9s - loss: 0.9694 - acc: 0.6311 
3296/3458 [===========================>..] - ETA: 7s - loss: 0.9694 - acc: 0.6311
3328/3458 [===========================>..] - ETA: 6s - loss: 0.9707 - acc: 0.6301
3360/3458 [============================>.] - ETA: 4s - loss: 0.9703 - acc: 0.6298
3392/3458 [============================>.] - ETA: 3s - loss: 0.9719 - acc: 0.6297
3424/3458 [============================>.] - ETA: 1s - loss: 0.9728 - acc: 0.6297
3456/3458 [============================>.] - ETA: 0s - loss: 0.9722 - acc: 0.6302
3458/3458 [==============================] - 171s 49ms/sample - loss: 0.9719 - acc: 0.6304

 32/865 [>.............................] - ETA: 7s - loss: 1.2841 - acc: 0.4062
 64/865 [=>............................] - ETA: 7s - loss: 1.1605 - acc: 0.5156
 96/865 [==>...........................] - ETA: 6s - loss: 1.0795 - acc: 0.5833
128/865 [===>..........................] - ETA: 6s - loss: 1.0958 - acc: 0.5781
160/865 [====>.........................] - ETA: 6s - loss: 1.1283 - acc: 0.5562
192/865 [=====>........................] - ETA: 6s - loss: 1.1220 - acc: 0.5625
224/865 [======>.......................] - ETA: 5s - loss: 1.0990 - acc: 0.5670
256/865 [=======>......................] - ETA: 5s - loss: 1.0914 - acc: 0.5742
288/865 [========>.....................] - ETA: 5s - loss: 1.0927 - acc: 0.5660
320/865 [==========>...................] - ETA: 4s - loss: 1.0811 - acc: 0.5719
352/865 [===========>..................] - ETA: 4s - loss: 1.0770 - acc: 0.5710
384/865 [============>.................] - ETA: 4s - loss: 1.0828 - acc: 0.5677
416/865 [=============>................] - ETA: 4s - loss: 1.0874 - acc: 0.5601
448/865 [==============>...............] - ETA: 3s - loss: 1.0805 - acc: 0.5737
480/865 [===============>..............] - ETA: 3s - loss: 1.0778 - acc: 0.5750
512/865 [================>.............] - ETA: 3s - loss: 1.0753 - acc: 0.5723
544/865 [=================>............] - ETA: 2s - loss: 1.0652 - acc: 0.5735
576/865 [==================>...........] - ETA: 2s - loss: 1.0648 - acc: 0.5781
608/865 [====================>.........] - ETA: 2s - loss: 1.0682 - acc: 0.5724
640/865 [=====================>........] - ETA: 2s - loss: 1.0747 - acc: 0.5703
672/865 [======================>.......] - ETA: 1s - loss: 1.0768 - acc: 0.5714
704/865 [=======================>......] - ETA: 1s - loss: 1.0678 - acc: 0.5767
736/865 [========================>.....] - ETA: 1s - loss: 1.0633 - acc: 0.5747
768/865 [=========================>....] - ETA: 0s - loss: 1.0638 - acc: 0.5716
800/865 [==========================>...] - ETA: 0s - loss: 1.0576 - acc: 0.5763
832/865 [===========================>..] - ETA: 0s - loss: 1.0562 - acc: 0.5745
864/865 [============================>.] - ETA: 0s - loss: 1.0482 - acc: 0.5775
865/865 [==============================] - 8s 9ms/sample - loss: 1.0477 - acc: 0.5780
