For Dropout_1=0.9 Dropout_2=0.8
daisy loaded
dandelion loaded
rose loaded
sunflower loaded
tulip loaded

  32/3458 [..............................] - ETA: 3:08 - loss: 1.7728 - acc: 0.1875
  64/3458 [..............................] - ETA: 2:58 - loss: 2.3871 - acc: 0.2031
  96/3458 [..............................] - ETA: 2:53 - loss: 2.4324 - acc: 0.2396
 128/3458 [>.............................] - ETA: 2:50 - loss: 2.4119 - acc: 0.2266
 160/3458 [>.............................] - ETA: 2:47 - loss: 2.2791 - acc: 0.2250
 192/3458 [>.............................] - ETA: 2:44 - loss: 2.1591 - acc: 0.2292
 224/3458 [>.............................] - ETA: 2:42 - loss: 2.0741 - acc: 0.2366
 256/3458 [=>............................] - ETA: 2:40 - loss: 2.0158 - acc: 0.2422
 288/3458 [=>............................] - ETA: 2:38 - loss: 2.0105 - acc: 0.2257
 320/3458 [=>............................] - ETA: 2:37 - loss: 1.9886 - acc: 0.2188
 352/3458 [==>...........................] - ETA: 2:35 - loss: 1.9555 - acc: 0.2131
 384/3458 [==>...........................] - ETA: 2:33 - loss: 1.9235 - acc: 0.2214
 416/3458 [==>...........................] - ETA: 2:32 - loss: 1.8984 - acc: 0.2356
 448/3458 [==>...........................] - ETA: 2:30 - loss: 1.8759 - acc: 0.2455
 480/3458 [===>..........................] - ETA: 2:28 - loss: 1.8592 - acc: 0.2333
 512/3458 [===>..........................] - ETA: 2:26 - loss: 1.8423 - acc: 0.2305
 544/3458 [===>..........................] - ETA: 2:24 - loss: 1.8303 - acc: 0.2298
 576/3458 [===>..........................] - ETA: 2:23 - loss: 1.8173 - acc: 0.2326
 608/3458 [====>.........................] - ETA: 2:21 - loss: 1.8072 - acc: 0.2319
 640/3458 [====>.........................] - ETA: 2:20 - loss: 1.7978 - acc: 0.2266
 672/3458 [====>.........................] - ETA: 2:18 - loss: 1.7873 - acc: 0.2321
 704/3458 [=====>........................] - ETA: 2:16 - loss: 1.7789 - acc: 0.2259
 736/3458 [=====>........................] - ETA: 2:15 - loss: 1.7713 - acc: 0.2283
 768/3458 [=====>........................] - ETA: 2:13 - loss: 1.7642 - acc: 0.2292
 800/3458 [=====>........................] - ETA: 2:11 - loss: 1.7575 - acc: 0.2262
 832/3458 [======>.......................] - ETA: 2:10 - loss: 1.7513 - acc: 0.2236
 864/3458 [======>.......................] - ETA: 2:08 - loss: 1.7458 - acc: 0.2234
 896/3458 [======>.......................] - ETA: 2:07 - loss: 1.7407 - acc: 0.2210
 928/3458 [=======>......................] - ETA: 2:05 - loss: 1.7366 - acc: 0.2209
 960/3458 [=======>......................] - ETA: 2:03 - loss: 1.7311 - acc: 0.2250
 992/3458 [=======>......................] - ETA: 2:02 - loss: 1.7254 - acc: 0.2228
1024/3458 [=======>......................] - ETA: 2:00 - loss: 1.7187 - acc: 0.2217
1056/3458 [========>.....................] - ETA: 1:59 - loss: 1.7115 - acc: 0.2244
1088/3458 [========>.....................] - ETA: 1:57 - loss: 1.7082 - acc: 0.2233
1120/3458 [========>.....................] - ETA: 1:55 - loss: 1.7060 - acc: 0.2223
1152/3458 [========>.....................] - ETA: 1:54 - loss: 1.7028 - acc: 0.2231
1184/3458 [=========>....................] - ETA: 1:52 - loss: 1.6979 - acc: 0.2264
1216/3458 [=========>....................] - ETA: 1:51 - loss: 1.6910 - acc: 0.2294
1248/3458 [=========>....................] - ETA: 1:49 - loss: 1.6854 - acc: 0.2308
1280/3458 [==========>...................] - ETA: 1:47 - loss: 1.6804 - acc: 0.2328
1312/3458 [==========>...................] - ETA: 1:46 - loss: 1.6773 - acc: 0.2348
1344/3458 [==========>...................] - ETA: 1:44 - loss: 1.6728 - acc: 0.2336
1376/3458 [==========>...................] - ETA: 1:43 - loss: 1.6697 - acc: 0.2355
1408/3458 [===========>..................] - ETA: 1:41 - loss: 1.6654 - acc: 0.2379
1440/3458 [===========>..................] - ETA: 1:39 - loss: 1.6627 - acc: 0.2382
1472/3458 [===========>..................] - ETA: 1:38 - loss: 1.6596 - acc: 0.2425
1504/3458 [============>.................] - ETA: 1:36 - loss: 1.6556 - acc: 0.2440
1536/3458 [============>.................] - ETA: 1:35 - loss: 1.6536 - acc: 0.2422
1568/3458 [============>.................] - ETA: 1:33 - loss: 1.6503 - acc: 0.2436
1600/3458 [============>.................] - ETA: 1:31 - loss: 1.6476 - acc: 0.2419
1632/3458 [=============>................] - ETA: 1:30 - loss: 1.6446 - acc: 0.2439
1664/3458 [=============>................] - ETA: 1:28 - loss: 1.6404 - acc: 0.2464
1696/3458 [=============>................] - ETA: 1:27 - loss: 1.6355 - acc: 0.2506
1728/3458 [=============>................] - ETA: 1:25 - loss: 1.6327 - acc: 0.2523
1760/3458 [==============>...............] - ETA: 1:24 - loss: 1.6302 - acc: 0.2528
1792/3458 [==============>...............] - ETA: 1:22 - loss: 1.6289 - acc: 0.2550
1824/3458 [==============>...............] - ETA: 1:20 - loss: 1.6265 - acc: 0.2549
1856/3458 [===============>..............] - ETA: 1:19 - loss: 1.6273 - acc: 0.2559
1888/3458 [===============>..............] - ETA: 1:17 - loss: 1.6251 - acc: 0.2542
1920/3458 [===============>..............] - ETA: 1:16 - loss: 1.6216 - acc: 0.2557
1952/3458 [===============>..............] - ETA: 1:14 - loss: 1.6189 - acc: 0.2582
1984/3458 [================>.............] - ETA: 1:12 - loss: 1.6157 - acc: 0.2591
2016/3458 [================>.............] - ETA: 1:11 - loss: 1.6156 - acc: 0.2589
2048/3458 [================>.............] - ETA: 1:09 - loss: 1.6133 - acc: 0.2598
2080/3458 [=================>............] - ETA: 1:08 - loss: 1.6119 - acc: 0.2615
2112/3458 [=================>............] - ETA: 1:06 - loss: 1.6097 - acc: 0.2642
2144/3458 [=================>............] - ETA: 1:04 - loss: 1.6066 - acc: 0.2663
2176/3458 [=================>............] - ETA: 1:03 - loss: 1.6052 - acc: 0.2679
2208/3458 [==================>...........] - ETA: 1:01 - loss: 1.6020 - acc: 0.2704
2240/3458 [==================>...........] - ETA: 1:00 - loss: 1.5966 - acc: 0.2746
2272/3458 [==================>...........] - ETA: 58s - loss: 1.5950 - acc: 0.2751 
2304/3458 [==================>...........] - ETA: 57s - loss: 1.5923 - acc: 0.2769
2336/3458 [===================>..........] - ETA: 55s - loss: 1.5898 - acc: 0.2765
2368/3458 [===================>..........] - ETA: 53s - loss: 1.5903 - acc: 0.2762
2400/3458 [===================>..........] - ETA: 52s - loss: 1.5876 - acc: 0.2771
2432/3458 [====================>.........] - ETA: 50s - loss: 1.5863 - acc: 0.2775
2464/3458 [====================>.........] - ETA: 49s - loss: 1.5855 - acc: 0.2780
2496/3458 [====================>.........] - ETA: 47s - loss: 1.5828 - acc: 0.2788
2528/3458 [====================>.........] - ETA: 46s - loss: 1.5809 - acc: 0.2805
2560/3458 [=====================>........] - ETA: 44s - loss: 1.5808 - acc: 0.2809
2592/3458 [=====================>........] - ETA: 42s - loss: 1.5815 - acc: 0.2816
2624/3458 [=====================>........] - ETA: 41s - loss: 1.5794 - acc: 0.2835
2656/3458 [======================>.......] - ETA: 39s - loss: 1.5768 - acc: 0.2854
2688/3458 [======================>.......] - ETA: 38s - loss: 1.5746 - acc: 0.2857
2720/3458 [======================>.......] - ETA: 36s - loss: 1.5741 - acc: 0.2871
2752/3458 [======================>.......] - ETA: 34s - loss: 1.5713 - acc: 0.2892
2784/3458 [=======================>......] - ETA: 33s - loss: 1.5682 - acc: 0.2902
2816/3458 [=======================>......] - ETA: 31s - loss: 1.5653 - acc: 0.2905
2848/3458 [=======================>......] - ETA: 30s - loss: 1.5634 - acc: 0.2907
2880/3458 [=======================>......] - ETA: 28s - loss: 1.5629 - acc: 0.2920
2912/3458 [========================>.....] - ETA: 27s - loss: 1.5604 - acc: 0.2929
2944/3458 [========================>.....] - ETA: 25s - loss: 1.5579 - acc: 0.2945
2976/3458 [========================>.....] - ETA: 23s - loss: 1.5568 - acc: 0.2957
3008/3458 [=========================>....] - ETA: 22s - loss: 1.5568 - acc: 0.2945
3040/3458 [=========================>....] - ETA: 20s - loss: 1.5543 - acc: 0.2947
3072/3458 [=========================>....] - ETA: 19s - loss: 1.5537 - acc: 0.2933
3104/3458 [=========================>....] - ETA: 17s - loss: 1.5521 - acc: 0.2945
3136/3458 [==========================>...] - ETA: 15s - loss: 1.5497 - acc: 0.2959
3168/3458 [==========================>...] - ETA: 14s - loss: 1.5477 - acc: 0.2964
3200/3458 [==========================>...] - ETA: 12s - loss: 1.5453 - acc: 0.2972
3232/3458 [===========================>..] - ETA: 11s - loss: 1.5432 - acc: 0.2989
3264/3458 [===========================>..] - ETA: 9s - loss: 1.5400 - acc: 0.3009 
3296/3458 [===========================>..] - ETA: 8s - loss: 1.5379 - acc: 0.3025
3328/3458 [===========================>..] - ETA: 6s - loss: 1.5365 - acc: 0.3032
3360/3458 [============================>.] - ETA: 4s - loss: 1.5346 - acc: 0.3051
3392/3458 [============================>.] - ETA: 3s - loss: 1.5320 - acc: 0.3066
3424/3458 [============================>.] - ETA: 1s - loss: 1.5301 - acc: 0.3075
3456/3458 [============================>.] - ETA: 0s - loss: 1.5288 - acc: 0.3090
3458/3458 [==============================] - 172s 50ms/sample - loss: 1.5288 - acc: 0.3088

 32/865 [>.............................] - ETA: 8s - loss: 1.3922 - acc: 0.3750
 64/865 [=>............................] - ETA: 8s - loss: 1.5828 - acc: 0.3125
 96/865 [==>...........................] - ETA: 7s - loss: 1.5139 - acc: 0.3438
128/865 [===>..........................] - ETA: 6s - loss: 1.4293 - acc: 0.3672
160/865 [====>.........................] - ETA: 6s - loss: 1.4590 - acc: 0.3688
192/865 [=====>........................] - ETA: 6s - loss: 1.4898 - acc: 0.3542
224/865 [======>.......................] - ETA: 5s - loss: 1.5069 - acc: 0.3527
256/865 [=======>......................] - ETA: 5s - loss: 1.5182 - acc: 0.3320
288/865 [========>.....................] - ETA: 5s - loss: 1.4786 - acc: 0.3472
320/865 [==========>...................] - ETA: 4s - loss: 1.4630 - acc: 0.3562
352/865 [===========>..................] - ETA: 4s - loss: 1.4518 - acc: 0.3636
384/865 [============>.................] - ETA: 4s - loss: 1.4409 - acc: 0.3724
416/865 [=============>................] - ETA: 4s - loss: 1.4360 - acc: 0.3870
448/865 [==============>...............] - ETA: 3s - loss: 1.4408 - acc: 0.3906
480/865 [===============>..............] - ETA: 3s - loss: 1.4848 - acc: 0.3917
512/865 [================>.............] - ETA: 3s - loss: 1.4766 - acc: 0.3867
544/865 [=================>............] - ETA: 2s - loss: 1.4700 - acc: 0.3860
576/865 [==================>...........] - ETA: 2s - loss: 1.4648 - acc: 0.3872
608/865 [====================>.........] - ETA: 2s - loss: 1.4466 - acc: 0.3865
640/865 [=====================>........] - ETA: 2s - loss: 1.4418 - acc: 0.3906
672/865 [======================>.......] - ETA: 1s - loss: 1.4431 - acc: 0.3899
704/865 [=======================>......] - ETA: 1s - loss: 1.4472 - acc: 0.3892
736/865 [========================>.....] - ETA: 1s - loss: 1.4347 - acc: 0.3927
768/865 [=========================>....] - ETA: 0s - loss: 1.4345 - acc: 0.3880
800/865 [==========================>...] - ETA: 0s - loss: 1.4338 - acc: 0.3900
832/865 [===========================>..] - ETA: 0s - loss: 1.4286 - acc: 0.3906
864/865 [============================>.] - ETA: 0s - loss: 1.4336 - acc: 0.3889
865/865 [==============================] - 8s 9ms/sample - loss: 1.4359 - acc: 0.3884

  32/3458 [..............................] - ETA: 2:47 - loss: 1.1698 - acc: 0.4688
  64/3458 [..............................] - ETA: 2:47 - loss: 1.4148 - acc: 0.3906
  96/3458 [..............................] - ETA: 2:46 - loss: 1.4353 - acc: 0.4375
 128/3458 [>.............................] - ETA: 2:45 - loss: 1.4504 - acc: 0.4141
 160/3458 [>.............................] - ETA: 2:43 - loss: 1.4311 - acc: 0.4125
 192/3458 [>.............................] - ETA: 2:42 - loss: 1.4301 - acc: 0.3906
 224/3458 [>.............................] - ETA: 2:40 - loss: 1.4436 - acc: 0.3705
 256/3458 [=>............................] - ETA: 2:39 - loss: 1.4340 - acc: 0.3828
 288/3458 [=>............................] - ETA: 2:37 - loss: 1.4375 - acc: 0.3889
 320/3458 [=>............................] - ETA: 2:35 - loss: 1.4449 - acc: 0.3750
 352/3458 [==>...........................] - ETA: 2:34 - loss: 1.4454 - acc: 0.3693
 384/3458 [==>...........................] - ETA: 2:32 - loss: 1.4478 - acc: 0.3646
 416/3458 [==>...........................] - ETA: 2:31 - loss: 1.4519 - acc: 0.3558
 448/3458 [==>...........................] - ETA: 2:29 - loss: 1.4512 - acc: 0.3571
 480/3458 [===>..........................] - ETA: 2:27 - loss: 1.4544 - acc: 0.3521
 512/3458 [===>..........................] - ETA: 2:26 - loss: 1.4540 - acc: 0.3457
 544/3458 [===>..........................] - ETA: 2:24 - loss: 1.4597 - acc: 0.3364
 576/3458 [===>..........................] - ETA: 2:22 - loss: 1.4565 - acc: 0.3472
 608/3458 [====>.........................] - ETA: 2:21 - loss: 1.4484 - acc: 0.3553
 640/3458 [====>.........................] - ETA: 2:19 - loss: 1.4557 - acc: 0.3500
 672/3458 [====>.........................] - ETA: 2:18 - loss: 1.4540 - acc: 0.3497
 704/3458 [=====>........................] - ETA: 2:16 - loss: 1.4479 - acc: 0.3551
 736/3458 [=====>........................] - ETA: 2:15 - loss: 1.4468 - acc: 0.3505
 768/3458 [=====>........................] - ETA: 2:13 - loss: 1.4435 - acc: 0.3581
 800/3458 [=====>........................] - ETA: 2:11 - loss: 1.4398 - acc: 0.3575
 832/3458 [======>.......................] - ETA: 2:10 - loss: 1.4294 - acc: 0.3654
 864/3458 [======>.......................] - ETA: 2:08 - loss: 1.4229 - acc: 0.3692
 896/3458 [======>.......................] - ETA: 2:07 - loss: 1.4198 - acc: 0.3694
 928/3458 [=======>......................] - ETA: 2:05 - loss: 1.4058 - acc: 0.3804
 960/3458 [=======>......................] - ETA: 2:03 - loss: 1.4023 - acc: 0.3802
 992/3458 [=======>......................] - ETA: 2:02 - loss: 1.3962 - acc: 0.3831
1024/3458 [=======>......................] - ETA: 2:00 - loss: 1.3978 - acc: 0.3838
1056/3458 [========>.....................] - ETA: 1:59 - loss: 1.3974 - acc: 0.3854
1088/3458 [========>.....................] - ETA: 1:57 - loss: 1.3961 - acc: 0.3824
1120/3458 [========>.....................] - ETA: 1:55 - loss: 1.3923 - acc: 0.3884
1152/3458 [========>.....................] - ETA: 1:54 - loss: 1.3883 - acc: 0.3880
1184/3458 [=========>....................] - ETA: 1:52 - loss: 1.3842 - acc: 0.3885
1216/3458 [=========>....................] - ETA: 1:51 - loss: 1.3768 - acc: 0.3906
1248/3458 [=========>....................] - ETA: 1:49 - loss: 1.3765 - acc: 0.3878
1280/3458 [==========>...................] - ETA: 1:47 - loss: 1.3748 - acc: 0.3875
1312/3458 [==========>...................] - ETA: 1:46 - loss: 1.3692 - acc: 0.3895
1344/3458 [==========>...................] - ETA: 1:44 - loss: 1.3664 - acc: 0.3899
1376/3458 [==========>...................] - ETA: 1:43 - loss: 1.3654 - acc: 0.3910
1408/3458 [===========>..................] - ETA: 1:41 - loss: 1.3672 - acc: 0.3892
1440/3458 [===========>..................] - ETA: 1:39 - loss: 1.3735 - acc: 0.3882
1472/3458 [===========>..................] - ETA: 1:38 - loss: 1.3738 - acc: 0.3852
1504/3458 [============>.................] - ETA: 1:36 - loss: 1.3719 - acc: 0.3883
1536/3458 [============>.................] - ETA: 1:35 - loss: 1.3659 - acc: 0.3900
1568/3458 [============>.................] - ETA: 1:33 - loss: 1.3634 - acc: 0.3916
1600/3458 [============>.................] - ETA: 1:31 - loss: 1.3675 - acc: 0.3919
1632/3458 [=============>................] - ETA: 1:30 - loss: 1.3655 - acc: 0.3934
1664/3458 [=============>................] - ETA: 1:28 - loss: 1.3646 - acc: 0.3960
1696/3458 [=============>................] - ETA: 1:27 - loss: 1.3598 - acc: 0.3992
1728/3458 [=============>................] - ETA: 1:25 - loss: 1.3574 - acc: 0.4005
1760/3458 [==============>...............] - ETA: 1:24 - loss: 1.3559 - acc: 0.4000
1792/3458 [==============>...............] - ETA: 1:22 - loss: 1.3613 - acc: 0.4018
1824/3458 [==============>...............] - ETA: 1:20 - loss: 1.3599 - acc: 0.4030
1856/3458 [===============>..............] - ETA: 1:19 - loss: 1.3588 - acc: 0.4052
1888/3458 [===============>..............] - ETA: 1:17 - loss: 1.3564 - acc: 0.4041
1920/3458 [===============>..............] - ETA: 1:16 - loss: 1.3556 - acc: 0.4047
1952/3458 [===============>..............] - ETA: 1:14 - loss: 1.3551 - acc: 0.4052
1984/3458 [================>.............] - ETA: 1:12 - loss: 1.3525 - acc: 0.4088
2016/3458 [================>.............] - ETA: 1:11 - loss: 1.3528 - acc: 0.4097
2048/3458 [================>.............] - ETA: 1:09 - loss: 1.3488 - acc: 0.4121
2080/3458 [=================>............] - ETA: 1:08 - loss: 1.3469 - acc: 0.4125
2112/3458 [=================>............] - ETA: 1:06 - loss: 1.3461 - acc: 0.4143
2144/3458 [=================>............] - ETA: 1:04 - loss: 1.3439 - acc: 0.4170
2176/3458 [=================>............] - ETA: 1:03 - loss: 1.3399 - acc: 0.4182
2208/3458 [==================>...........] - ETA: 1:01 - loss: 1.3434 - acc: 0.4171
2240/3458 [==================>...........] - ETA: 1:00 - loss: 1.3501 - acc: 0.4183
2272/3458 [==================>...........] - ETA: 58s - loss: 1.3509 - acc: 0.4173 
2304/3458 [==================>...........] - ETA: 57s - loss: 1.3523 - acc: 0.4171
2336/3458 [===================>..........] - ETA: 55s - loss: 1.3541 - acc: 0.4182
2368/3458 [===================>..........] - ETA: 53s - loss: 1.3523 - acc: 0.4206
2400/3458 [===================>..........] - ETA: 52s - loss: 1.3520 - acc: 0.4225
2432/3458 [====================>.........] - ETA: 50s - loss: 1.3524 - acc: 0.4223
2464/3458 [====================>.........] - ETA: 49s - loss: 1.3488 - acc: 0.4245
2496/3458 [====================>.........] - ETA: 47s - loss: 1.3489 - acc: 0.4235
2528/3458 [====================>.........] - ETA: 45s - loss: 1.3468 - acc: 0.4244
2560/3458 [=====================>........] - ETA: 44s - loss: 1.3464 - acc: 0.4246
2592/3458 [=====================>........] - ETA: 42s - loss: 1.3456 - acc: 0.4252
2624/3458 [=====================>........] - ETA: 41s - loss: 1.3420 - acc: 0.4280
2656/3458 [======================>.......] - ETA: 39s - loss: 1.3417 - acc: 0.4285
2688/3458 [======================>.......] - ETA: 38s - loss: 1.3469 - acc: 0.4271
2720/3458 [======================>.......] - ETA: 36s - loss: 1.3465 - acc: 0.4265
2752/3458 [======================>.......] - ETA: 34s - loss: 1.3467 - acc: 0.4273
2784/3458 [=======================>......] - ETA: 33s - loss: 1.3455 - acc: 0.4289
2816/3458 [=======================>......] - ETA: 31s - loss: 1.3422 - acc: 0.4304
2848/3458 [=======================>......] - ETA: 30s - loss: 1.3413 - acc: 0.4291
2880/3458 [=======================>......] - ETA: 28s - loss: 1.3387 - acc: 0.4309
2912/3458 [========================>.....] - ETA: 26s - loss: 1.3361 - acc: 0.4317
2944/3458 [========================>.....] - ETA: 25s - loss: 1.3358 - acc: 0.4317
2976/3458 [========================>.....] - ETA: 23s - loss: 1.3358 - acc: 0.4318
3008/3458 [=========================>....] - ETA: 22s - loss: 1.3345 - acc: 0.4332
3040/3458 [=========================>....] - ETA: 20s - loss: 1.3349 - acc: 0.4332
3072/3458 [=========================>....] - ETA: 19s - loss: 1.3344 - acc: 0.4333
3104/3458 [=========================>....] - ETA: 17s - loss: 1.3350 - acc: 0.4323
3136/3458 [==========================>...] - ETA: 15s - loss: 1.3359 - acc: 0.4318
3168/3458 [==========================>...] - ETA: 14s - loss: 1.3378 - acc: 0.4321
3200/3458 [==========================>...] - ETA: 12s - loss: 1.3411 - acc: 0.4322
3232/3458 [===========================>..] - ETA: 11s - loss: 1.3415 - acc: 0.4310
3264/3458 [===========================>..] - ETA: 9s - loss: 1.3410 - acc: 0.4320 
3296/3458 [===========================>..] - ETA: 8s - loss: 1.3412 - acc: 0.4317
3328/3458 [===========================>..] - ETA: 6s - loss: 1.3414 - acc: 0.4324
3360/3458 [============================>.] - ETA: 4s - loss: 1.3413 - acc: 0.4310
3392/3458 [============================>.] - ETA: 3s - loss: 1.3411 - acc: 0.4319
3424/3458 [============================>.] - ETA: 1s - loss: 1.3408 - acc: 0.4314
3456/3458 [============================>.] - ETA: 0s - loss: 1.3396 - acc: 0.4320
3458/3458 [==============================] - 172s 50ms/sample - loss: 1.3425 - acc: 0.4318

 32/865 [>.............................] - ETA: 7s - loss: 1.2645 - acc: 0.4062
 64/865 [=>............................] - ETA: 6s - loss: 1.2596 - acc: 0.4375
 96/865 [==>...........................] - ETA: 6s - loss: 1.2946 - acc: 0.4375
128/865 [===>..........................] - ETA: 6s - loss: 1.3078 - acc: 0.4375
160/865 [====>.........................] - ETA: 6s - loss: 1.2904 - acc: 0.4688
192/865 [=====>........................] - ETA: 6s - loss: 1.2706 - acc: 0.4844
224/865 [======>.......................] - ETA: 5s - loss: 1.2920 - acc: 0.4643
256/865 [=======>......................] - ETA: 5s - loss: 1.3166 - acc: 0.4531
288/865 [========>.....................] - ETA: 5s - loss: 1.3167 - acc: 0.4444
320/865 [==========>...................] - ETA: 4s - loss: 1.3054 - acc: 0.4469
352/865 [===========>..................] - ETA: 4s - loss: 1.3036 - acc: 0.4517
384/865 [============>.................] - ETA: 4s - loss: 1.3014 - acc: 0.4583
416/865 [=============>................] - ETA: 4s - loss: 1.3068 - acc: 0.4567
448/865 [==============>...............] - ETA: 3s - loss: 1.3045 - acc: 0.4643
480/865 [===============>..............] - ETA: 3s - loss: 1.2987 - acc: 0.4688
512/865 [================>.............] - ETA: 3s - loss: 1.2955 - acc: 0.4707
544/865 [=================>............] - ETA: 2s - loss: 1.2948 - acc: 0.4669
576/865 [==================>...........] - ETA: 2s - loss: 1.2965 - acc: 0.4601
608/865 [====================>.........] - ETA: 2s - loss: 1.3013 - acc: 0.4474
640/865 [=====================>........] - ETA: 2s - loss: 1.3020 - acc: 0.4484
672/865 [======================>.......] - ETA: 1s - loss: 1.3031 - acc: 0.4464
704/865 [=======================>......] - ETA: 1s - loss: 1.2973 - acc: 0.4517
736/865 [========================>.....] - ETA: 1s - loss: 1.2967 - acc: 0.4538
768/865 [=========================>....] - ETA: 0s - loss: 1.3011 - acc: 0.4518
800/865 [==========================>...] - ETA: 0s - loss: 1.3072 - acc: 0.4462
832/865 [===========================>..] - ETA: 0s - loss: 1.3063 - acc: 0.4519
864/865 [============================>.] - ETA: 0s - loss: 1.3052 - acc: 0.4549
865/865 [==============================] - 8s 9ms/sample - loss: 1.3048 - acc: 0.4555

  32/3458 [..............................] - ETA: 2:47 - loss: 1.3158 - acc: 0.5000
  64/3458 [..............................] - ETA: 2:45 - loss: 1.3339 - acc: 0.4688
  96/3458 [..............................] - ETA: 2:44 - loss: 1.3622 - acc: 0.4479
 128/3458 [>.............................] - ETA: 2:43 - loss: 1.3491 - acc: 0.4141
 160/3458 [>.............................] - ETA: 2:41 - loss: 1.3930 - acc: 0.3812
 192/3458 [>.............................] - ETA: 2:40 - loss: 1.4084 - acc: 0.3958
 224/3458 [>.............................] - ETA: 2:38 - loss: 1.3987 - acc: 0.4107
 256/3458 [=>............................] - ETA: 2:37 - loss: 1.3947 - acc: 0.4102
 288/3458 [=>............................] - ETA: 2:35 - loss: 1.4065 - acc: 0.3993
 320/3458 [=>............................] - ETA: 2:34 - loss: 1.4244 - acc: 0.3938
 352/3458 [==>...........................] - ETA: 2:32 - loss: 1.4281 - acc: 0.3949
 384/3458 [==>...........................] - ETA: 2:31 - loss: 1.4375 - acc: 0.3854
 416/3458 [==>...........................] - ETA: 2:29 - loss: 1.4311 - acc: 0.3846
 448/3458 [==>...........................] - ETA: 2:28 - loss: 1.4294 - acc: 0.3839
 480/3458 [===>..........................] - ETA: 2:26 - loss: 1.4341 - acc: 0.3854
 512/3458 [===>..........................] - ETA: 2:25 - loss: 1.4217 - acc: 0.3906
 544/3458 [===>..........................] - ETA: 2:23 - loss: 1.4248 - acc: 0.3860
 576/3458 [===>..........................] - ETA: 2:21 - loss: 1.4286 - acc: 0.3889
 608/3458 [====>.........................] - ETA: 2:20 - loss: 1.4270 - acc: 0.3914
 640/3458 [====>.........................] - ETA: 2:18 - loss: 1.4256 - acc: 0.3922
 672/3458 [====>.........................] - ETA: 2:17 - loss: 1.4361 - acc: 0.3884
 704/3458 [=====>........................] - ETA: 2:15 - loss: 1.4354 - acc: 0.3920
 736/3458 [=====>........................] - ETA: 2:14 - loss: 1.4412 - acc: 0.3940
 768/3458 [=====>........................] - ETA: 2:12 - loss: 1.4406 - acc: 0.3919
 800/3458 [=====>........................] - ETA: 2:10 - loss: 1.4467 - acc: 0.3862
 832/3458 [======>.......................] - ETA: 2:09 - loss: 1.4489 - acc: 0.3834
 864/3458 [======>.......................] - ETA: 2:07 - loss: 1.4524 - acc: 0.3796
 896/3458 [======>.......................] - ETA: 2:06 - loss: 1.4557 - acc: 0.3772
 928/3458 [=======>......................] - ETA: 2:04 - loss: 1.4594 - acc: 0.3696
 960/3458 [=======>......................] - ETA: 2:03 - loss: 1.4600 - acc: 0.3719
 992/3458 [=======>......................] - ETA: 2:01 - loss: 1.4648 - acc: 0.3679
1024/3458 [=======>......................] - ETA: 1:59 - loss: 1.4652 - acc: 0.3662
1056/3458 [========>.....................] - ETA: 1:58 - loss: 1.4670 - acc: 0.3636
1088/3458 [========>.....................] - ETA: 1:56 - loss: 1.4673 - acc: 0.3640
1120/3458 [========>.....................] - ETA: 1:55 - loss: 1.4688 - acc: 0.3634
1152/3458 [========>.....................] - ETA: 1:53 - loss: 1.4683 - acc: 0.3611
1184/3458 [=========>....................] - ETA: 1:51 - loss: 1.4676 - acc: 0.3606
1216/3458 [=========>....................] - ETA: 1:50 - loss: 1.4642 - acc: 0.3610
1248/3458 [=========>....................] - ETA: 1:48 - loss: 1.4651 - acc: 0.3630
1280/3458 [==========>...................] - ETA: 1:47 - loss: 1.4630 - acc: 0.3641
1312/3458 [==========>...................] - ETA: 1:45 - loss: 1.4641 - acc: 0.3628
1344/3458 [==========>...................] - ETA: 1:44 - loss: 1.4604 - acc: 0.3661
1376/3458 [==========>...................] - ETA: 1:42 - loss: 1.4580 - acc: 0.3663
1408/3458 [===========>..................] - ETA: 1:41 - loss: 1.4586 - acc: 0.3658
1440/3458 [===========>..................] - ETA: 1:39 - loss: 1.4565 - acc: 0.3646
1472/3458 [===========>..................] - ETA: 1:37 - loss: 1.4534 - acc: 0.3648
1504/3458 [============>.................] - ETA: 1:36 - loss: 1.4509 - acc: 0.3650
1536/3458 [============>.................] - ETA: 1:34 - loss: 1.4491 - acc: 0.3652
1568/3458 [============>.................] - ETA: 1:33 - loss: 1.4432 - acc: 0.3686
1600/3458 [============>.................] - ETA: 1:31 - loss: 1.4412 - acc: 0.3675
1632/3458 [=============>................] - ETA: 1:30 - loss: 1.4374 - acc: 0.3713
1664/3458 [=============>................] - ETA: 1:28 - loss: 1.4366 - acc: 0.3732
1696/3458 [=============>................] - ETA: 1:26 - loss: 1.4380 - acc: 0.3744
1728/3458 [=============>................] - ETA: 1:25 - loss: 1.4392 - acc: 0.3750
1760/3458 [==============>...............] - ETA: 1:23 - loss: 1.4364 - acc: 0.3773
1792/3458 [==============>...............] - ETA: 1:22 - loss: 1.4336 - acc: 0.3806
1824/3458 [==============>...............] - ETA: 1:20 - loss: 1.4313 - acc: 0.3832
1856/3458 [===============>..............] - ETA: 1:18 - loss: 1.4309 - acc: 0.3842
1888/3458 [===============>..............] - ETA: 1:17 - loss: 1.4304 - acc: 0.3845
1920/3458 [===============>..............] - ETA: 1:15 - loss: 1.4307 - acc: 0.3844
1952/3458 [===============>..............] - ETA: 1:14 - loss: 1.4318 - acc: 0.3842
1984/3458 [================>.............] - ETA: 1:12 - loss: 1.4306 - acc: 0.3856
2016/3458 [================>.............] - ETA: 1:11 - loss: 1.4273 - acc: 0.3874
2048/3458 [================>.............] - ETA: 1:09 - loss: 1.4249 - acc: 0.3872
2080/3458 [=================>............] - ETA: 1:07 - loss: 1.4236 - acc: 0.3880
2112/3458 [=================>............] - ETA: 1:06 - loss: 1.4189 - acc: 0.3911
2144/3458 [=================>............] - ETA: 1:04 - loss: 1.4188 - acc: 0.3913
2176/3458 [=================>............] - ETA: 1:03 - loss: 1.4197 - acc: 0.3929
2208/3458 [==================>...........] - ETA: 1:01 - loss: 1.4171 - acc: 0.3936
2240/3458 [==================>...........] - ETA: 1:00 - loss: 1.4104 - acc: 0.3973
2272/3458 [==================>...........] - ETA: 58s - loss: 1.4087 - acc: 0.3988 
2304/3458 [==================>...........] - ETA: 56s - loss: 1.4065 - acc: 0.3989
2336/3458 [===================>..........] - ETA: 55s - loss: 1.4066 - acc: 0.3998
2368/3458 [===================>..........] - ETA: 53s - loss: 1.4074 - acc: 0.3991
2400/3458 [===================>..........] - ETA: 52s - loss: 1.4086 - acc: 0.4000
2432/3458 [====================>.........] - ETA: 50s - loss: 1.4056 - acc: 0.4009
2464/3458 [====================>.........] - ETA: 48s - loss: 1.4049 - acc: 0.4010
2496/3458 [====================>.........] - ETA: 47s - loss: 1.4026 - acc: 0.3998
2528/3458 [====================>.........] - ETA: 45s - loss: 1.4022 - acc: 0.3983
2560/3458 [=====================>........] - ETA: 44s - loss: 1.4004 - acc: 0.3977
2592/3458 [=====================>........] - ETA: 42s - loss: 1.3997 - acc: 0.3978
2624/3458 [=====================>........] - ETA: 41s - loss: 1.4000 - acc: 0.3975
2656/3458 [======================>.......] - ETA: 39s - loss: 1.4002 - acc: 0.3987
2688/3458 [======================>.......] - ETA: 37s - loss: 1.3997 - acc: 0.4014
2720/3458 [======================>.......] - ETA: 36s - loss: 1.3961 - acc: 0.4048
2752/3458 [======================>.......] - ETA: 34s - loss: 1.3952 - acc: 0.4066
2784/3458 [=======================>......] - ETA: 33s - loss: 1.3941 - acc: 0.4070
2816/3458 [=======================>......] - ETA: 31s - loss: 1.3941 - acc: 0.4070
2848/3458 [=======================>......] - ETA: 30s - loss: 1.3928 - acc: 0.4080
2880/3458 [=======================>......] - ETA: 28s - loss: 1.3902 - acc: 0.4101
2912/3458 [========================>.....] - ETA: 26s - loss: 1.3875 - acc: 0.4128
2944/3458 [========================>.....] - ETA: 25s - loss: 1.3889 - acc: 0.4130
2976/3458 [========================>.....] - ETA: 23s - loss: 1.3858 - acc: 0.4136
3008/3458 [=========================>....] - ETA: 22s - loss: 1.3841 - acc: 0.4146
3040/3458 [=========================>....] - ETA: 20s - loss: 1.3820 - acc: 0.4155
3072/3458 [=========================>....] - ETA: 19s - loss: 1.3808 - acc: 0.4154
3104/3458 [=========================>....] - ETA: 17s - loss: 1.3768 - acc: 0.4178
3136/3458 [==========================>...] - ETA: 15s - loss: 1.3777 - acc: 0.4184
3168/3458 [==========================>...] - ETA: 14s - loss: 1.3782 - acc: 0.4205
3200/3458 [==========================>...] - ETA: 12s - loss: 1.3763 - acc: 0.4203
3232/3458 [===========================>..] - ETA: 11s - loss: 1.3780 - acc: 0.4202
3264/3458 [===========================>..] - ETA: 9s - loss: 1.3780 - acc: 0.4203 
3296/3458 [===========================>..] - ETA: 7s - loss: 1.3782 - acc: 0.4202
3328/3458 [===========================>..] - ETA: 6s - loss: 1.3754 - acc: 0.4210
3360/3458 [============================>.] - ETA: 4s - loss: 1.3743 - acc: 0.4229
3392/3458 [============================>.] - ETA: 3s - loss: 1.3730 - acc: 0.4231
3424/3458 [============================>.] - ETA: 1s - loss: 1.3738 - acc: 0.4244
3456/3458 [============================>.] - ETA: 0s - loss: 1.3728 - acc: 0.4245
3458/3458 [==============================] - 171s 49ms/sample - loss: 1.3726 - acc: 0.4248

 32/865 [>.............................] - ETA: 7s - loss: 1.1133 - acc: 0.5625
 64/865 [=>............................] - ETA: 7s - loss: 1.1506 - acc: 0.5312
 96/865 [==>...........................] - ETA: 7s - loss: 1.1647 - acc: 0.5104
128/865 [===>..........................] - ETA: 6s - loss: 1.1521 - acc: 0.5234
160/865 [====>.........................] - ETA: 6s - loss: 1.1316 - acc: 0.5500
192/865 [=====>........................] - ETA: 6s - loss: 1.1276 - acc: 0.5469
224/865 [======>.......................] - ETA: 5s - loss: 1.1676 - acc: 0.5268
256/865 [=======>......................] - ETA: 5s - loss: 1.1997 - acc: 0.5078
288/865 [========>.....................] - ETA: 5s - loss: 1.1926 - acc: 0.5035
320/865 [==========>...................] - ETA: 4s - loss: 1.1755 - acc: 0.5125
352/865 [===========>..................] - ETA: 4s - loss: 1.1680 - acc: 0.5199
384/865 [============>.................] - ETA: 4s - loss: 1.1656 - acc: 0.5182
416/865 [=============>................] - ETA: 4s - loss: 1.1662 - acc: 0.5192
448/865 [==============>...............] - ETA: 3s - loss: 1.1644 - acc: 0.5246
480/865 [===============>..............] - ETA: 3s - loss: 1.1636 - acc: 0.5333
512/865 [================>.............] - ETA: 3s - loss: 1.1542 - acc: 0.5312
544/865 [=================>............] - ETA: 2s - loss: 1.1549 - acc: 0.5331
576/865 [==================>...........] - ETA: 2s - loss: 1.1577 - acc: 0.5312
608/865 [====================>.........] - ETA: 2s - loss: 1.1576 - acc: 0.5296
640/865 [=====================>........] - ETA: 2s - loss: 1.1572 - acc: 0.5328
672/865 [======================>.......] - ETA: 1s - loss: 1.1569 - acc: 0.5327
704/865 [=======================>......] - ETA: 1s - loss: 1.1512 - acc: 0.5355
736/865 [========================>.....] - ETA: 1s - loss: 1.1470 - acc: 0.5326
768/865 [=========================>....] - ETA: 0s - loss: 1.1509 - acc: 0.5286
800/865 [==========================>...] - ETA: 0s - loss: 1.1544 - acc: 0.5288
832/865 [===========================>..] - ETA: 0s - loss: 1.1525 - acc: 0.5288
864/865 [============================>.] - ETA: 0s - loss: 1.1522 - acc: 0.5278
865/865 [==============================] - 8s 9ms/sample - loss: 1.1528 - acc: 0.5272

  32/3458 [..............................] - ETA: 2:47 - loss: 1.1668 - acc: 0.5938
  64/3458 [..............................] - ETA: 2:46 - loss: 1.1273 - acc: 0.5625
  96/3458 [..............................] - ETA: 2:44 - loss: 1.2778 - acc: 0.5625
 128/3458 [>.............................] - ETA: 2:44 - loss: 1.2473 - acc: 0.5391
 160/3458 [>.............................] - ETA: 2:41 - loss: 1.2184 - acc: 0.5312
 192/3458 [>.............................] - ETA: 2:40 - loss: 1.2545 - acc: 0.5208
 224/3458 [>.............................] - ETA: 2:38 - loss: 1.2909 - acc: 0.5045
 256/3458 [=>............................] - ETA: 2:37 - loss: 1.2646 - acc: 0.5156
 288/3458 [=>............................] - ETA: 2:35 - loss: 1.2594 - acc: 0.5035
 320/3458 [=>............................] - ETA: 2:34 - loss: 1.2499 - acc: 0.5094
 352/3458 [==>...........................] - ETA: 2:32 - loss: 1.2496 - acc: 0.5057
 384/3458 [==>...........................] - ETA: 2:31 - loss: 1.2537 - acc: 0.4948
 416/3458 [==>...........................] - ETA: 2:29 - loss: 1.2570 - acc: 0.4928
 448/3458 [==>...........................] - ETA: 2:28 - loss: 1.2570 - acc: 0.4866
 480/3458 [===>..........................] - ETA: 2:26 - loss: 1.2521 - acc: 0.4875
 512/3458 [===>..........................] - ETA: 2:24 - loss: 1.2490 - acc: 0.4902
 544/3458 [===>..........................] - ETA: 2:23 - loss: 1.2542 - acc: 0.4835
 576/3458 [===>..........................] - ETA: 2:21 - loss: 1.2495 - acc: 0.4913
 608/3458 [====>.........................] - ETA: 2:20 - loss: 1.2501 - acc: 0.4868
 640/3458 [====>.........................] - ETA: 2:18 - loss: 1.2491 - acc: 0.4828
 672/3458 [====>.........................] - ETA: 2:17 - loss: 1.2457 - acc: 0.4836
 704/3458 [=====>........................] - ETA: 2:15 - loss: 1.2518 - acc: 0.4787
 736/3458 [=====>........................] - ETA: 2:14 - loss: 1.2481 - acc: 0.4783
 768/3458 [=====>........................] - ETA: 2:12 - loss: 1.2391 - acc: 0.4857
 800/3458 [=====>........................] - ETA: 2:10 - loss: 1.2344 - acc: 0.4888
 832/3458 [======>.......................] - ETA: 2:09 - loss: 1.2321 - acc: 0.4868
 864/3458 [======>.......................] - ETA: 2:07 - loss: 1.2349 - acc: 0.4838
 896/3458 [======>.......................] - ETA: 2:06 - loss: 1.2309 - acc: 0.4877
 928/3458 [=======>......................] - ETA: 2:04 - loss: 1.2282 - acc: 0.4849
 960/3458 [=======>......................] - ETA: 2:03 - loss: 1.2214 - acc: 0.4875
 992/3458 [=======>......................] - ETA: 2:01 - loss: 1.2100 - acc: 0.4950
1024/3458 [=======>......................] - ETA: 2:00 - loss: 1.2098 - acc: 0.4932
1056/3458 [========>.....................] - ETA: 1:58 - loss: 1.2048 - acc: 0.4943
1088/3458 [========>.....................] - ETA: 1:56 - loss: 1.2066 - acc: 0.4936
1120/3458 [========>.....................] - ETA: 1:55 - loss: 1.2118 - acc: 0.4938
1152/3458 [========>.....................] - ETA: 1:53 - loss: 1.2353 - acc: 0.4948
1184/3458 [=========>....................] - ETA: 1:52 - loss: 1.2354 - acc: 0.4941
1216/3458 [=========>....................] - ETA: 1:50 - loss: 1.2331 - acc: 0.4951
1248/3458 [=========>....................] - ETA: 1:49 - loss: 1.2331 - acc: 0.4928
1280/3458 [==========>...................] - ETA: 1:47 - loss: 1.2334 - acc: 0.4938
1312/3458 [==========>...................] - ETA: 1:46 - loss: 1.2385 - acc: 0.4924
1344/3458 [==========>...................] - ETA: 1:44 - loss: 1.2404 - acc: 0.4926
1376/3458 [==========>...................] - ETA: 1:42 - loss: 1.2432 - acc: 0.4949
1408/3458 [===========>..................] - ETA: 1:41 - loss: 1.2414 - acc: 0.4950
1440/3458 [===========>..................] - ETA: 1:39 - loss: 1.2405 - acc: 0.4958
1472/3458 [===========>..................] - ETA: 1:38 - loss: 1.2420 - acc: 0.4925
1504/3458 [============>.................] - ETA: 1:36 - loss: 1.2441 - acc: 0.4934
1536/3458 [============>.................] - ETA: 1:35 - loss: 1.2456 - acc: 0.4928
1568/3458 [============>.................] - ETA: 1:33 - loss: 1.2479 - acc: 0.4898
1600/3458 [============>.................] - ETA: 1:31 - loss: 1.2504 - acc: 0.4888
1632/3458 [=============>................] - ETA: 1:30 - loss: 1.2472 - acc: 0.4902
1664/3458 [=============>................] - ETA: 1:28 - loss: 1.2472 - acc: 0.4916
1696/3458 [=============>................] - ETA: 1:27 - loss: 1.2469 - acc: 0.4900
1728/3458 [=============>................] - ETA: 1:25 - loss: 1.2427 - acc: 0.4919
1760/3458 [==============>...............] - ETA: 1:23 - loss: 1.2391 - acc: 0.4932
1792/3458 [==============>...............] - ETA: 1:22 - loss: 1.2374 - acc: 0.4939
1824/3458 [==============>...............] - ETA: 1:20 - loss: 1.2379 - acc: 0.4945
1856/3458 [===============>..............] - ETA: 1:19 - loss: 1.2341 - acc: 0.4968
1888/3458 [===============>..............] - ETA: 1:17 - loss: 1.2315 - acc: 0.4984
1920/3458 [===============>..............] - ETA: 1:16 - loss: 1.2278 - acc: 0.5000
1952/3458 [===============>..............] - ETA: 1:14 - loss: 1.2329 - acc: 0.4990
1984/3458 [================>.............] - ETA: 1:12 - loss: 1.2338 - acc: 0.5000
2016/3458 [================>.............] - ETA: 1:11 - loss: 1.2343 - acc: 0.5000
2048/3458 [================>.............] - ETA: 1:09 - loss: 1.2335 - acc: 0.4990
2080/3458 [=================>............] - ETA: 1:08 - loss: 1.2330 - acc: 0.4990
2112/3458 [=================>............] - ETA: 1:06 - loss: 1.2334 - acc: 0.4986
2144/3458 [=================>............] - ETA: 1:05 - loss: 1.2323 - acc: 0.4986
2176/3458 [=================>............] - ETA: 1:03 - loss: 1.2316 - acc: 0.4982
2208/3458 [==================>...........] - ETA: 1:01 - loss: 1.2276 - acc: 0.5000
2240/3458 [==================>...........] - ETA: 1:00 - loss: 1.2276 - acc: 0.5000
2272/3458 [==================>...........] - ETA: 58s - loss: 1.2235 - acc: 0.5004 
2304/3458 [==================>...........] - ETA: 57s - loss: 1.2218 - acc: 0.5009
2336/3458 [===================>..........] - ETA: 55s - loss: 1.2210 - acc: 0.5026
2368/3458 [===================>..........] - ETA: 53s - loss: 1.2211 - acc: 0.5008
2400/3458 [===================>..........] - ETA: 52s - loss: 1.2199 - acc: 0.5008
2432/3458 [====================>.........] - ETA: 50s - loss: 1.2223 - acc: 0.5016
2464/3458 [====================>.........] - ETA: 49s - loss: 1.2250 - acc: 0.5008
2496/3458 [====================>.........] - ETA: 47s - loss: 1.2255 - acc: 0.5004
2528/3458 [====================>.........] - ETA: 46s - loss: 1.2252 - acc: 0.5008
2560/3458 [=====================>........] - ETA: 44s - loss: 1.2227 - acc: 0.5004
2592/3458 [=====================>........] - ETA: 42s - loss: 1.2193 - acc: 0.5027
2624/3458 [=====================>........] - ETA: 41s - loss: 1.2162 - acc: 0.5050
2656/3458 [======================>.......] - ETA: 39s - loss: 1.2231 - acc: 0.5041
2688/3458 [======================>.......] - ETA: 38s - loss: 1.2204 - acc: 0.5048
2720/3458 [======================>.......] - ETA: 36s - loss: 1.2189 - acc: 0.5059
2752/3458 [======================>.......] - ETA: 34s - loss: 1.2193 - acc: 0.5055
2784/3458 [=======================>......] - ETA: 33s - loss: 1.2167 - acc: 0.5068
2816/3458 [=======================>......] - ETA: 31s - loss: 1.2138 - acc: 0.5085
2848/3458 [=======================>......] - ETA: 30s - loss: 1.2129 - acc: 0.5081
2880/3458 [=======================>......] - ETA: 28s - loss: 1.2116 - acc: 0.5090
2912/3458 [========================>.....] - ETA: 27s - loss: 1.2087 - acc: 0.5100
2944/3458 [========================>.....] - ETA: 25s - loss: 1.2143 - acc: 0.5099
2976/3458 [========================>.....] - ETA: 23s - loss: 1.2129 - acc: 0.5097
3008/3458 [=========================>....] - ETA: 22s - loss: 1.2129 - acc: 0.5093
3040/3458 [=========================>....] - ETA: 20s - loss: 1.2139 - acc: 0.5095
3072/3458 [=========================>....] - ETA: 19s - loss: 1.2102 - acc: 0.5114
3104/3458 [=========================>....] - ETA: 17s - loss: 1.2104 - acc: 0.5106
3136/3458 [==========================>...] - ETA: 15s - loss: 1.2135 - acc: 0.5105
3168/3458 [==========================>...] - ETA: 14s - loss: 1.2124 - acc: 0.5101
3200/3458 [==========================>...] - ETA: 12s - loss: 1.2132 - acc: 0.5103
3232/3458 [===========================>..] - ETA: 11s - loss: 1.2153 - acc: 0.5111
3264/3458 [===========================>..] - ETA: 9s - loss: 1.2173 - acc: 0.5098 
3296/3458 [===========================>..] - ETA: 8s - loss: 1.2158 - acc: 0.5103
3328/3458 [===========================>..] - ETA: 6s - loss: 1.2144 - acc: 0.5102
3360/3458 [============================>.] - ETA: 4s - loss: 1.2142 - acc: 0.5110
3392/3458 [============================>.] - ETA: 3s - loss: 1.2129 - acc: 0.5124
3424/3458 [============================>.] - ETA: 1s - loss: 1.2128 - acc: 0.5117
3456/3458 [============================>.] - ETA: 0s - loss: 1.2111 - acc: 0.5133
3458/3458 [==============================] - 171s 50ms/sample - loss: 1.2111 - acc: 0.5133

 32/865 [>.............................] - ETA: 7s - loss: 1.0489 - acc: 0.5000
 64/865 [=>............................] - ETA: 7s - loss: 1.1976 - acc: 0.5156
 96/865 [==>...........................] - ETA: 6s - loss: 1.2535 - acc: 0.5000
128/865 [===>..........................] - ETA: 6s - loss: 1.2466 - acc: 0.4922
160/865 [====>.........................] - ETA: 6s - loss: 1.2105 - acc: 0.5063
192/865 [=====>........................] - ETA: 6s - loss: 1.2922 - acc: 0.4896
224/865 [======>.......................] - ETA: 5s - loss: 1.3356 - acc: 0.4688
256/865 [=======>......................] - ETA: 5s - loss: 1.3528 - acc: 0.4688
288/865 [========>.....................] - ETA: 5s - loss: 1.3223 - acc: 0.4757
320/865 [==========>...................] - ETA: 4s - loss: 1.3065 - acc: 0.4875
352/865 [===========>..................] - ETA: 4s - loss: 1.2639 - acc: 0.5085
384/865 [============>.................] - ETA: 4s - loss: 1.2605 - acc: 0.5130
416/865 [=============>................] - ETA: 4s - loss: 1.2569 - acc: 0.5216
448/865 [==============>...............] - ETA: 3s - loss: 1.2518 - acc: 0.5223
480/865 [===============>..............] - ETA: 3s - loss: 1.2559 - acc: 0.5292
512/865 [================>.............] - ETA: 3s - loss: 1.2468 - acc: 0.5254
544/865 [=================>............] - ETA: 2s - loss: 1.2374 - acc: 0.5312
576/865 [==================>...........] - ETA: 2s - loss: 1.2272 - acc: 0.5365
608/865 [====================>.........] - ETA: 2s - loss: 1.2150 - acc: 0.5428
640/865 [=====================>........] - ETA: 2s - loss: 1.2120 - acc: 0.5359
672/865 [======================>.......] - ETA: 1s - loss: 1.2086 - acc: 0.5372
704/865 [=======================>......] - ETA: 1s - loss: 1.2043 - acc: 0.5384
736/865 [========================>.....] - ETA: 1s - loss: 1.2007 - acc: 0.5367
768/865 [=========================>....] - ETA: 0s - loss: 1.2065 - acc: 0.5352
800/865 [==========================>...] - ETA: 0s - loss: 1.2108 - acc: 0.5400
832/865 [===========================>..] - ETA: 0s - loss: 1.2068 - acc: 0.5445
864/865 [============================>.] - ETA: 0s - loss: 1.2188 - acc: 0.5405
865/865 [==============================] - 8s 9ms/sample - loss: 1.2222 - acc: 0.5399

  32/3458 [..............................] - ETA: 2:46 - loss: 1.1122 - acc: 0.5625
  64/3458 [..............................] - ETA: 2:46 - loss: 1.0534 - acc: 0.5625
  96/3458 [..............................] - ETA: 2:44 - loss: 1.1611 - acc: 0.5208
 128/3458 [>.............................] - ETA: 2:44 - loss: 1.1880 - acc: 0.5547
 160/3458 [>.............................] - ETA: 2:42 - loss: 1.1668 - acc: 0.5437
 192/3458 [>.............................] - ETA: 2:41 - loss: 1.1640 - acc: 0.5365
 224/3458 [>.............................] - ETA: 2:39 - loss: 1.1670 - acc: 0.5312
 256/3458 [=>............................] - ETA: 2:37 - loss: 1.2160 - acc: 0.5195
 288/3458 [=>............................] - ETA: 2:36 - loss: 1.2114 - acc: 0.5104
 320/3458 [=>............................] - ETA: 2:34 - loss: 1.2055 - acc: 0.5188
 352/3458 [==>...........................] - ETA: 2:33 - loss: 1.2140 - acc: 0.5142
 384/3458 [==>...........................] - ETA: 2:31 - loss: 1.2191 - acc: 0.5078
 416/3458 [==>...........................] - ETA: 2:29 - loss: 1.2070 - acc: 0.5096
 448/3458 [==>...........................] - ETA: 2:28 - loss: 1.1865 - acc: 0.5223
 480/3458 [===>..........................] - ETA: 2:27 - loss: 1.1826 - acc: 0.5167
 512/3458 [===>..........................] - ETA: 2:25 - loss: 1.1995 - acc: 0.5156
 544/3458 [===>..........................] - ETA: 2:23 - loss: 1.1846 - acc: 0.5221
 576/3458 [===>..........................] - ETA: 2:22 - loss: 1.1816 - acc: 0.5243
 608/3458 [====>.........................] - ETA: 2:20 - loss: 1.1775 - acc: 0.5280
 640/3458 [====>.........................] - ETA: 2:19 - loss: 1.1717 - acc: 0.5359
 672/3458 [====>.........................] - ETA: 2:17 - loss: 1.1808 - acc: 0.5402
 704/3458 [=====>........................] - ETA: 2:15 - loss: 1.1744 - acc: 0.5398
 736/3458 [=====>........................] - ETA: 2:14 - loss: 1.1821 - acc: 0.5394
 768/3458 [=====>........................] - ETA: 2:12 - loss: 1.1837 - acc: 0.5404
 800/3458 [=====>........................] - ETA: 2:10 - loss: 1.1842 - acc: 0.5387
 832/3458 [======>.......................] - ETA: 2:09 - loss: 1.1877 - acc: 0.5361
 864/3458 [======>.......................] - ETA: 2:07 - loss: 1.1823 - acc: 0.5394
 896/3458 [======>.......................] - ETA: 2:06 - loss: 1.1780 - acc: 0.5424
 928/3458 [=======>......................] - ETA: 2:04 - loss: 1.1685 - acc: 0.5506
 960/3458 [=======>......................] - ETA: 2:03 - loss: 1.1563 - acc: 0.5542
 992/3458 [=======>......................] - ETA: 2:01 - loss: 1.1573 - acc: 0.5514
1024/3458 [=======>......................] - ETA: 2:00 - loss: 1.1536 - acc: 0.5527
1056/3458 [========>.....................] - ETA: 1:58 - loss: 1.1473 - acc: 0.5530
1088/3458 [========>.....................] - ETA: 1:57 - loss: 1.1395 - acc: 0.5579
1120/3458 [========>.....................] - ETA: 1:55 - loss: 1.1348 - acc: 0.5598
1152/3458 [========>.....................] - ETA: 1:53 - loss: 1.1272 - acc: 0.5608
1184/3458 [=========>....................] - ETA: 1:52 - loss: 1.1398 - acc: 0.5583
1216/3458 [=========>....................] - ETA: 1:50 - loss: 1.1299 - acc: 0.5641
1248/3458 [=========>....................] - ETA: 1:49 - loss: 1.1265 - acc: 0.5657
1280/3458 [==========>...................] - ETA: 1:47 - loss: 1.1181 - acc: 0.5688
1312/3458 [==========>...................] - ETA: 1:46 - loss: 1.1174 - acc: 0.5694
1344/3458 [==========>...................] - ETA: 1:44 - loss: 1.1179 - acc: 0.5692
1376/3458 [==========>...................] - ETA: 1:42 - loss: 1.1116 - acc: 0.5698
1408/3458 [===========>..................] - ETA: 1:41 - loss: 1.1080 - acc: 0.5717
1440/3458 [===========>..................] - ETA: 1:39 - loss: 1.1150 - acc: 0.5694
1472/3458 [===========>..................] - ETA: 1:38 - loss: 1.1149 - acc: 0.5686
1504/3458 [============>.................] - ETA: 1:36 - loss: 1.1139 - acc: 0.5672
1536/3458 [============>.................] - ETA: 1:35 - loss: 1.1140 - acc: 0.5664
1568/3458 [============>.................] - ETA: 1:33 - loss: 1.1166 - acc: 0.5663
1600/3458 [============>.................] - ETA: 1:31 - loss: 1.1192 - acc: 0.5656
1632/3458 [=============>................] - ETA: 1:30 - loss: 1.1144 - acc: 0.5674
1664/3458 [=============>................] - ETA: 1:28 - loss: 1.1175 - acc: 0.5691
1696/3458 [=============>................] - ETA: 1:27 - loss: 1.1175 - acc: 0.5672
1728/3458 [=============>................] - ETA: 1:25 - loss: 1.1142 - acc: 0.5677
1760/3458 [==============>...............] - ETA: 1:23 - loss: 1.1148 - acc: 0.5670
1792/3458 [==============>...............] - ETA: 1:22 - loss: 1.1128 - acc: 0.5675
1824/3458 [==============>...............] - ETA: 1:20 - loss: 1.1133 - acc: 0.5669
1856/3458 [===============>..............] - ETA: 1:19 - loss: 1.1119 - acc: 0.5673
1888/3458 [===============>..............] - ETA: 1:17 - loss: 1.1092 - acc: 0.5683
1920/3458 [===============>..............] - ETA: 1:15 - loss: 1.1096 - acc: 0.5698
1952/3458 [===============>..............] - ETA: 1:14 - loss: 1.1161 - acc: 0.5692
1984/3458 [================>.............] - ETA: 1:12 - loss: 1.1159 - acc: 0.5685
2016/3458 [================>.............] - ETA: 1:11 - loss: 1.1208 - acc: 0.5655
2048/3458 [================>.............] - ETA: 1:09 - loss: 1.1196 - acc: 0.5669
2080/3458 [=================>............] - ETA: 1:08 - loss: 1.1208 - acc: 0.5654
2112/3458 [=================>............] - ETA: 1:06 - loss: 1.1231 - acc: 0.5630
2144/3458 [=================>............] - ETA: 1:04 - loss: 1.1239 - acc: 0.5639
2176/3458 [=================>............] - ETA: 1:03 - loss: 1.1264 - acc: 0.5616
2208/3458 [==================>...........] - ETA: 1:01 - loss: 1.1257 - acc: 0.5611
2240/3458 [==================>...........] - ETA: 1:00 - loss: 1.1235 - acc: 0.5625
2272/3458 [==================>...........] - ETA: 58s - loss: 1.1268 - acc: 0.5612 
2304/3458 [==================>...........] - ETA: 57s - loss: 1.1297 - acc: 0.5586
2336/3458 [===================>..........] - ETA: 55s - loss: 1.1325 - acc: 0.5565
2368/3458 [===================>..........] - ETA: 53s - loss: 1.1336 - acc: 0.5562
2400/3458 [===================>..........] - ETA: 52s - loss: 1.1299 - acc: 0.5579
2432/3458 [====================>.........] - ETA: 50s - loss: 1.1306 - acc: 0.5572
2464/3458 [====================>.........] - ETA: 49s - loss: 1.1319 - acc: 0.5556
2496/3458 [====================>.........] - ETA: 47s - loss: 1.1346 - acc: 0.5529
2528/3458 [====================>.........] - ETA: 45s - loss: 1.1362 - acc: 0.5510
2560/3458 [=====================>........] - ETA: 44s - loss: 1.1354 - acc: 0.5512
2592/3458 [=====================>........] - ETA: 42s - loss: 1.1394 - acc: 0.5513
2624/3458 [=====================>........] - ETA: 41s - loss: 1.1374 - acc: 0.5514
2656/3458 [======================>.......] - ETA: 39s - loss: 1.1395 - acc: 0.5493
2688/3458 [======================>.......] - ETA: 38s - loss: 1.1396 - acc: 0.5491
2720/3458 [======================>.......] - ETA: 36s - loss: 1.1413 - acc: 0.5500
2752/3458 [======================>.......] - ETA: 34s - loss: 1.1452 - acc: 0.5476
2784/3458 [=======================>......] - ETA: 33s - loss: 1.1514 - acc: 0.5463
2816/3458 [=======================>......] - ETA: 31s - loss: 1.1530 - acc: 0.5451
2848/3458 [=======================>......] - ETA: 30s - loss: 1.1530 - acc: 0.5449
2880/3458 [=======================>......] - ETA: 28s - loss: 1.1514 - acc: 0.5455
2912/3458 [========================>.....] - ETA: 26s - loss: 1.1510 - acc: 0.5470
2944/3458 [========================>.....] - ETA: 25s - loss: 1.1520 - acc: 0.5472
2976/3458 [========================>.....] - ETA: 23s - loss: 1.1528 - acc: 0.5467
3008/3458 [=========================>....] - ETA: 22s - loss: 1.1516 - acc: 0.5465
3040/3458 [=========================>....] - ETA: 20s - loss: 1.1497 - acc: 0.5474
3072/3458 [=========================>....] - ETA: 19s - loss: 1.1489 - acc: 0.5479
3104/3458 [=========================>....] - ETA: 17s - loss: 1.1475 - acc: 0.5480
3136/3458 [==========================>...] - ETA: 15s - loss: 1.1463 - acc: 0.5485
3168/3458 [==========================>...] - ETA: 14s - loss: 1.1457 - acc: 0.5489
3200/3458 [==========================>...] - ETA: 12s - loss: 1.1489 - acc: 0.5481
3232/3458 [===========================>..] - ETA: 11s - loss: 1.1468 - acc: 0.5486
3264/3458 [===========================>..] - ETA: 9s - loss: 1.1437 - acc: 0.5499 
3296/3458 [===========================>..] - ETA: 7s - loss: 1.1415 - acc: 0.5522
3328/3458 [===========================>..] - ETA: 6s - loss: 1.1410 - acc: 0.5526
3360/3458 [============================>.] - ETA: 4s - loss: 1.1402 - acc: 0.5536
3392/3458 [============================>.] - ETA: 3s - loss: 1.1409 - acc: 0.5540
3424/3458 [============================>.] - ETA: 1s - loss: 1.1384 - acc: 0.5546
3456/3458 [============================>.] - ETA: 0s - loss: 1.1373 - acc: 0.5550
3458/3458 [==============================] - 171s 50ms/sample - loss: 1.1374 - acc: 0.5547

 32/865 [>.............................] - ETA: 7s - loss: 1.0741 - acc: 0.5312
 64/865 [=>............................] - ETA: 7s - loss: 1.0656 - acc: 0.5156
 96/865 [==>...........................] - ETA: 6s - loss: 1.1582 - acc: 0.5208
128/865 [===>..........................] - ETA: 6s - loss: 1.1613 - acc: 0.5234
160/865 [====>.........................] - ETA: 6s - loss: 1.1084 - acc: 0.5500
192/865 [=====>........................] - ETA: 6s - loss: 1.0760 - acc: 0.5469
224/865 [======>.......................] - ETA: 5s - loss: 1.1526 - acc: 0.5312
256/865 [=======>......................] - ETA: 5s - loss: 1.2003 - acc: 0.5234
288/865 [========>.....................] - ETA: 5s - loss: 1.1883 - acc: 0.5278
320/865 [==========>...................] - ETA: 4s - loss: 1.1503 - acc: 0.5469
352/865 [===========>..................] - ETA: 4s - loss: 1.1332 - acc: 0.5540
384/865 [============>.................] - ETA: 4s - loss: 1.1160 - acc: 0.5625
416/865 [=============>................] - ETA: 3s - loss: 1.1372 - acc: 0.5577
448/865 [==============>...............] - ETA: 3s - loss: 1.1089 - acc: 0.5692
480/865 [===============>..............] - ETA: 3s - loss: 1.0966 - acc: 0.5708
512/865 [================>.............] - ETA: 3s - loss: 1.0937 - acc: 0.5703
544/865 [=================>............] - ETA: 2s - loss: 1.0876 - acc: 0.5717
576/865 [==================>...........] - ETA: 2s - loss: 1.0719 - acc: 0.5764
608/865 [====================>.........] - ETA: 2s - loss: 1.0734 - acc: 0.5773
640/865 [=====================>........] - ETA: 2s - loss: 1.0752 - acc: 0.5719
672/865 [======================>.......] - ETA: 1s - loss: 1.0750 - acc: 0.5744
704/865 [=======================>......] - ETA: 1s - loss: 1.0664 - acc: 0.5810
736/865 [========================>.....] - ETA: 1s - loss: 1.0631 - acc: 0.5815
768/865 [=========================>....] - ETA: 0s - loss: 1.0711 - acc: 0.5755
800/865 [==========================>...] - ETA: 0s - loss: 1.0787 - acc: 0.5763
832/865 [===========================>..] - ETA: 0s - loss: 1.0727 - acc: 0.5769
864/865 [============================>.] - ETA: 0s - loss: 1.0681 - acc: 0.5775
865/865 [==============================] - 8s 9ms/sample - loss: 1.0701 - acc: 0.5769
