For Dropout_1=0.7 Dropout_2=0.5
daisy loaded
dandelion loaded
rose loaded
sunflower loaded
tulip loaded

  32/3458 [..............................] - ETA: 3:10 - loss: 1.6133 - acc: 0.1562
  64/3458 [..............................] - ETA: 2:57 - loss: 15.5191 - acc: 0.1875
  96/3458 [..............................] - ETA: 2:53 - loss: 16.4962 - acc: 0.1771
 128/3458 [>.............................] - ETA: 2:49 - loss: 13.6683 - acc: 0.1797
 160/3458 [>.............................] - ETA: 2:46 - loss: 11.2923 - acc: 0.1688
 192/3458 [>.............................] - ETA: 2:44 - loss: 9.6794 - acc: 0.2031 
 224/3458 [>.............................] - ETA: 2:42 - loss: 8.5278 - acc: 0.2054
 256/3458 [=>............................] - ETA: 2:40 - loss: 7.6632 - acc: 0.2148
 288/3458 [=>............................] - ETA: 2:38 - loss: 6.9904 - acc: 0.2153
 320/3458 [=>............................] - ETA: 2:36 - loss: 6.4512 - acc: 0.2156
 352/3458 [==>...........................] - ETA: 2:34 - loss: 6.0117 - acc: 0.2074
 384/3458 [==>...........................] - ETA: 2:33 - loss: 5.6449 - acc: 0.1979
 416/3458 [==>...........................] - ETA: 2:31 - loss: 5.3322 - acc: 0.2019
 448/3458 [==>...........................] - ETA: 2:29 - loss: 5.0618 - acc: 0.2054
 480/3458 [===>..........................] - ETA: 2:28 - loss: 4.8302 - acc: 0.2062
 512/3458 [===>..........................] - ETA: 2:26 - loss: 4.6260 - acc: 0.2109
 544/3458 [===>..........................] - ETA: 2:24 - loss: 4.4444 - acc: 0.2114
 576/3458 [===>..........................] - ETA: 2:22 - loss: 4.2840 - acc: 0.2101
 608/3458 [====>.........................] - ETA: 2:21 - loss: 4.1360 - acc: 0.2138
 640/3458 [====>.........................] - ETA: 2:19 - loss: 4.0042 - acc: 0.2125
 672/3458 [====>.........................] - ETA: 2:18 - loss: 3.8861 - acc: 0.2188
 704/3458 [=====>........................] - ETA: 2:16 - loss: 3.7749 - acc: 0.2216
 736/3458 [=====>........................] - ETA: 2:14 - loss: 3.6762 - acc: 0.2242
 768/3458 [=====>........................] - ETA: 2:13 - loss: 3.5842 - acc: 0.2240
 800/3458 [=====>........................] - ETA: 2:11 - loss: 3.5026 - acc: 0.2212
 832/3458 [======>.......................] - ETA: 2:10 - loss: 3.4247 - acc: 0.2284
 864/3458 [======>.......................] - ETA: 2:08 - loss: 3.3531 - acc: 0.2303
 896/3458 [======>.......................] - ETA: 2:06 - loss: 3.2871 - acc: 0.2333
 928/3458 [=======>......................] - ETA: 2:05 - loss: 3.2241 - acc: 0.2349
 960/3458 [=======>......................] - ETA: 2:03 - loss: 3.1637 - acc: 0.2417
 992/3458 [=======>......................] - ETA: 2:01 - loss: 3.1073 - acc: 0.2460
1024/3458 [=======>......................] - ETA: 2:00 - loss: 3.0551 - acc: 0.2480
1056/3458 [========>.....................] - ETA: 1:58 - loss: 3.0058 - acc: 0.2472
1088/3458 [========>.....................] - ETA: 1:57 - loss: 2.9585 - acc: 0.2537
1120/3458 [========>.....................] - ETA: 1:55 - loss: 2.9174 - acc: 0.2518
1152/3458 [========>.....................] - ETA: 1:54 - loss: 2.8729 - acc: 0.2595
1184/3458 [=========>....................] - ETA: 1:52 - loss: 2.8340 - acc: 0.2635
1216/3458 [=========>....................] - ETA: 1:50 - loss: 2.7950 - acc: 0.2722
1248/3458 [=========>....................] - ETA: 1:49 - loss: 2.7615 - acc: 0.2780
1280/3458 [==========>...................] - ETA: 1:47 - loss: 2.7252 - acc: 0.2852
1312/3458 [==========>...................] - ETA: 1:46 - loss: 2.7056 - acc: 0.2904
1344/3458 [==========>...................] - ETA: 1:44 - loss: 2.6773 - acc: 0.2954
1376/3458 [==========>...................] - ETA: 1:42 - loss: 2.6472 - acc: 0.2987
1408/3458 [===========>..................] - ETA: 1:41 - loss: 2.6215 - acc: 0.2997
1440/3458 [===========>..................] - ETA: 1:39 - loss: 2.5944 - acc: 0.3028
1472/3458 [===========>..................] - ETA: 1:38 - loss: 2.5699 - acc: 0.3043
1504/3458 [============>.................] - ETA: 1:36 - loss: 2.5440 - acc: 0.3112
1536/3458 [============>.................] - ETA: 1:34 - loss: 2.5206 - acc: 0.3099
1568/3458 [============>.................] - ETA: 1:33 - loss: 2.4979 - acc: 0.3131
1600/3458 [============>.................] - ETA: 1:31 - loss: 2.4764 - acc: 0.3131
1632/3458 [=============>................] - ETA: 1:30 - loss: 2.4599 - acc: 0.3119
1664/3458 [=============>................] - ETA: 1:28 - loss: 2.4386 - acc: 0.3143
1696/3458 [=============>................] - ETA: 1:26 - loss: 2.4180 - acc: 0.3154
1728/3458 [=============>................] - ETA: 1:25 - loss: 2.4017 - acc: 0.3160
1760/3458 [==============>...............] - ETA: 1:23 - loss: 2.3836 - acc: 0.3153
1792/3458 [==============>...............] - ETA: 1:22 - loss: 2.3660 - acc: 0.3142
1824/3458 [==============>...............] - ETA: 1:20 - loss: 2.3517 - acc: 0.3158
1856/3458 [===============>..............] - ETA: 1:19 - loss: 2.3374 - acc: 0.3152
1888/3458 [===============>..............] - ETA: 1:17 - loss: 2.3240 - acc: 0.3146
1920/3458 [===============>..............] - ETA: 1:15 - loss: 2.3099 - acc: 0.3161
1952/3458 [===============>..............] - ETA: 1:14 - loss: 2.2952 - acc: 0.3207
1984/3458 [================>.............] - ETA: 1:12 - loss: 2.2809 - acc: 0.3231
2016/3458 [================>.............] - ETA: 1:11 - loss: 2.2688 - acc: 0.3254
2048/3458 [================>.............] - ETA: 1:09 - loss: 2.2560 - acc: 0.3267
2080/3458 [=================>............] - ETA: 1:07 - loss: 2.2428 - acc: 0.3274
2112/3458 [=================>............] - ETA: 1:06 - loss: 2.2314 - acc: 0.3277
2144/3458 [=================>............] - ETA: 1:04 - loss: 2.2187 - acc: 0.3279
2176/3458 [=================>............] - ETA: 1:03 - loss: 2.2057 - acc: 0.3286
2208/3458 [==================>...........] - ETA: 1:01 - loss: 2.1958 - acc: 0.3284
2240/3458 [==================>...........] - ETA: 1:00 - loss: 2.1865 - acc: 0.3272
2272/3458 [==================>...........] - ETA: 58s - loss: 2.1744 - acc: 0.3297 
2304/3458 [==================>...........] - ETA: 56s - loss: 2.1640 - acc: 0.3281
2336/3458 [===================>..........] - ETA: 55s - loss: 2.1538 - acc: 0.3301
2368/3458 [===================>..........] - ETA: 53s - loss: 2.1441 - acc: 0.3307
2400/3458 [===================>..........] - ETA: 52s - loss: 2.1346 - acc: 0.3329
2432/3458 [====================>.........] - ETA: 50s - loss: 2.1256 - acc: 0.3335
2464/3458 [====================>.........] - ETA: 49s - loss: 2.1170 - acc: 0.3348
2496/3458 [====================>.........] - ETA: 47s - loss: 2.1069 - acc: 0.3357
2528/3458 [====================>.........] - ETA: 45s - loss: 2.0973 - acc: 0.3382
2560/3458 [=====================>........] - ETA: 44s - loss: 2.0911 - acc: 0.3375
2592/3458 [=====================>........] - ETA: 42s - loss: 2.0828 - acc: 0.3399
2624/3458 [=====================>........] - ETA: 41s - loss: 2.0742 - acc: 0.3407
2656/3458 [======================>.......] - ETA: 39s - loss: 2.0654 - acc: 0.3415
2688/3458 [======================>.......] - ETA: 37s - loss: 2.0578 - acc: 0.3419
2720/3458 [======================>.......] - ETA: 36s - loss: 2.0497 - acc: 0.3426
2752/3458 [======================>.......] - ETA: 34s - loss: 2.0427 - acc: 0.3427
2784/3458 [=======================>......] - ETA: 33s - loss: 2.0361 - acc: 0.3416
2816/3458 [=======================>......] - ETA: 31s - loss: 2.0287 - acc: 0.3423
2848/3458 [=======================>......] - ETA: 30s - loss: 2.0210 - acc: 0.3448
2880/3458 [=======================>......] - ETA: 28s - loss: 2.0162 - acc: 0.3462
2912/3458 [========================>.....] - ETA: 26s - loss: 2.0116 - acc: 0.3462
2944/3458 [========================>.....] - ETA: 25s - loss: 2.0062 - acc: 0.3461
2976/3458 [========================>.....] - ETA: 23s - loss: 1.9987 - acc: 0.3464
3008/3458 [=========================>....] - ETA: 22s - loss: 1.9926 - acc: 0.3451
3040/3458 [=========================>....] - ETA: 20s - loss: 1.9860 - acc: 0.3454
3072/3458 [=========================>....] - ETA: 19s - loss: 1.9806 - acc: 0.3451
3104/3458 [=========================>....] - ETA: 17s - loss: 1.9743 - acc: 0.3463
3136/3458 [==========================>...] - ETA: 15s - loss: 1.9691 - acc: 0.3469
3168/3458 [==========================>...] - ETA: 14s - loss: 1.9636 - acc: 0.3463
3200/3458 [==========================>...] - ETA: 12s - loss: 1.9587 - acc: 0.3472
3232/3458 [===========================>..] - ETA: 11s - loss: 1.9534 - acc: 0.3465
3264/3458 [===========================>..] - ETA: 9s - loss: 1.9485 - acc: 0.3471 
3296/3458 [===========================>..] - ETA: 7s - loss: 1.9467 - acc: 0.3462
3328/3458 [===========================>..] - ETA: 6s - loss: 1.9418 - acc: 0.3459
3360/3458 [============================>.] - ETA: 4s - loss: 1.9367 - acc: 0.3455
3392/3458 [============================>.] - ETA: 3s - loss: 1.9314 - acc: 0.3458
3424/3458 [============================>.] - ETA: 1s - loss: 1.9272 - acc: 0.3461
3456/3458 [============================>.] - ETA: 0s - loss: 1.9220 - acc: 0.3475
3458/3458 [==============================] - 171s 49ms/sample - loss: 1.9219 - acc: 0.3473

 32/865 [>.............................] - ETA: 8s - loss: 1.3164 - acc: 0.4688
 64/865 [=>............................] - ETA: 7s - loss: 1.3232 - acc: 0.4375
 96/865 [==>...........................] - ETA: 6s - loss: 1.3525 - acc: 0.4062
128/865 [===>..........................] - ETA: 6s - loss: 1.3352 - acc: 0.4141
160/865 [====>.........................] - ETA: 6s - loss: 1.3348 - acc: 0.4437
192/865 [=====>........................] - ETA: 6s - loss: 1.3269 - acc: 0.4427
224/865 [======>.......................] - ETA: 5s - loss: 1.3435 - acc: 0.4375
256/865 [=======>......................] - ETA: 5s - loss: 1.3452 - acc: 0.4453
288/865 [========>.....................] - ETA: 5s - loss: 1.3374 - acc: 0.4375
320/865 [==========>...................] - ETA: 4s - loss: 1.3389 - acc: 0.4406
352/865 [===========>..................] - ETA: 4s - loss: 1.3599 - acc: 0.4318
384/865 [============>.................] - ETA: 4s - loss: 1.3615 - acc: 0.4349
416/865 [=============>................] - ETA: 4s - loss: 1.3666 - acc: 0.4279
448/865 [==============>...............] - ETA: 3s - loss: 1.3662 - acc: 0.4286
480/865 [===============>..............] - ETA: 3s - loss: 1.3974 - acc: 0.4208
512/865 [================>.............] - ETA: 3s - loss: 1.3920 - acc: 0.4297
544/865 [=================>............] - ETA: 2s - loss: 1.3910 - acc: 0.4283
576/865 [==================>...........] - ETA: 2s - loss: 1.3868 - acc: 0.4323
608/865 [====================>.........] - ETA: 2s - loss: 1.3972 - acc: 0.4276
640/865 [=====================>........] - ETA: 2s - loss: 1.3948 - acc: 0.4344
672/865 [======================>.......] - ETA: 1s - loss: 1.3898 - acc: 0.4375
704/865 [=======================>......] - ETA: 1s - loss: 1.3939 - acc: 0.4389
736/865 [========================>.....] - ETA: 1s - loss: 1.3879 - acc: 0.4402
768/865 [=========================>....] - ETA: 0s - loss: 1.3844 - acc: 0.4401
800/865 [==========================>...] - ETA: 0s - loss: 1.3912 - acc: 0.4375
832/865 [===========================>..] - ETA: 0s - loss: 1.3856 - acc: 0.4447
864/865 [============================>.] - ETA: 0s - loss: 1.3821 - acc: 0.4491
865/865 [==============================] - 8s 9ms/sample - loss: 1.3821 - acc: 0.4497

  32/3458 [..............................] - ETA: 2:49 - loss: 1.4881 - acc: 0.3438
  64/3458 [..............................] - ETA: 2:48 - loss: 1.4697 - acc: 0.4062
  96/3458 [..............................] - ETA: 2:46 - loss: 1.4592 - acc: 0.3750
 128/3458 [>.............................] - ETA: 2:44 - loss: 1.4200 - acc: 0.4219
 160/3458 [>.............................] - ETA: 2:42 - loss: 1.4069 - acc: 0.4000
 192/3458 [>.............................] - ETA: 2:40 - loss: 1.3995 - acc: 0.3906
 224/3458 [>.............................] - ETA: 2:39 - loss: 1.3978 - acc: 0.3973
 256/3458 [=>............................] - ETA: 2:37 - loss: 1.3975 - acc: 0.3906
 288/3458 [=>............................] - ETA: 2:35 - loss: 1.4081 - acc: 0.3750
 320/3458 [=>............................] - ETA: 2:34 - loss: 1.3914 - acc: 0.3906
 352/3458 [==>...........................] - ETA: 2:32 - loss: 1.3911 - acc: 0.3892
 384/3458 [==>...........................] - ETA: 2:30 - loss: 1.3975 - acc: 0.3828
 416/3458 [==>...........................] - ETA: 2:28 - loss: 1.3999 - acc: 0.3846
 448/3458 [==>...........................] - ETA: 2:27 - loss: 1.4018 - acc: 0.3862
 480/3458 [===>..........................] - ETA: 2:26 - loss: 1.3961 - acc: 0.3917
 512/3458 [===>..........................] - ETA: 2:24 - loss: 1.3904 - acc: 0.4043
 544/3458 [===>..........................] - ETA: 2:22 - loss: 1.3911 - acc: 0.4044
 576/3458 [===>..........................] - ETA: 2:21 - loss: 1.4167 - acc: 0.3993
 608/3458 [====>.........................] - ETA: 2:19 - loss: 1.4177 - acc: 0.4046
 640/3458 [====>.........................] - ETA: 2:18 - loss: 1.4118 - acc: 0.4062
 672/3458 [====>.........................] - ETA: 2:16 - loss: 1.4054 - acc: 0.4062
 704/3458 [=====>........................] - ETA: 2:14 - loss: 1.4030 - acc: 0.4077
 736/3458 [=====>........................] - ETA: 2:13 - loss: 1.4119 - acc: 0.4035
 768/3458 [=====>........................] - ETA: 2:11 - loss: 1.4108 - acc: 0.3984
 800/3458 [=====>........................] - ETA: 2:10 - loss: 1.4074 - acc: 0.4000
 832/3458 [======>.......................] - ETA: 2:08 - loss: 1.4049 - acc: 0.4002
 864/3458 [======>.......................] - ETA: 2:07 - loss: 1.4006 - acc: 0.4051
 896/3458 [======>.......................] - ETA: 2:05 - loss: 1.3963 - acc: 0.4074
 928/3458 [=======>......................] - ETA: 2:03 - loss: 1.4021 - acc: 0.4084
 960/3458 [=======>......................] - ETA: 2:02 - loss: 1.4048 - acc: 0.4062
 992/3458 [=======>......................] - ETA: 2:00 - loss: 1.4064 - acc: 0.4012
1024/3458 [=======>......................] - ETA: 1:59 - loss: 1.4074 - acc: 0.3984
1056/3458 [========>.....................] - ETA: 1:57 - loss: 1.4052 - acc: 0.3987
1088/3458 [========>.....................] - ETA: 1:56 - loss: 1.4068 - acc: 0.3971
1120/3458 [========>.....................] - ETA: 1:54 - loss: 1.4056 - acc: 0.4009
1152/3458 [========>.....................] - ETA: 1:53 - loss: 1.4048 - acc: 0.3993
1184/3458 [=========>....................] - ETA: 1:51 - loss: 1.4038 - acc: 0.3995
1216/3458 [=========>....................] - ETA: 1:49 - loss: 1.4130 - acc: 0.3988
1248/3458 [=========>....................] - ETA: 1:48 - loss: 1.4116 - acc: 0.3990
1280/3458 [==========>...................] - ETA: 1:46 - loss: 1.4095 - acc: 0.4000
1312/3458 [==========>...................] - ETA: 1:45 - loss: 1.4090 - acc: 0.4009
1344/3458 [==========>...................] - ETA: 1:43 - loss: 1.4064 - acc: 0.3996
1376/3458 [==========>...................] - ETA: 1:42 - loss: 1.4059 - acc: 0.4033
1408/3458 [===========>..................] - ETA: 1:40 - loss: 1.4070 - acc: 0.4006
1440/3458 [===========>..................] - ETA: 1:38 - loss: 1.4076 - acc: 0.3965
1472/3458 [===========>..................] - ETA: 1:37 - loss: 1.4069 - acc: 0.3933
1504/3458 [============>.................] - ETA: 1:35 - loss: 1.4073 - acc: 0.3916
1536/3458 [============>.................] - ETA: 1:34 - loss: 1.4064 - acc: 0.3913
1568/3458 [============>.................] - ETA: 1:32 - loss: 1.4063 - acc: 0.3909
1600/3458 [============>.................] - ETA: 1:31 - loss: 1.4087 - acc: 0.3931
1632/3458 [=============>................] - ETA: 1:29 - loss: 1.4063 - acc: 0.3934
1664/3458 [=============>................] - ETA: 1:28 - loss: 1.4023 - acc: 0.3930
1696/3458 [=============>................] - ETA: 1:26 - loss: 1.4031 - acc: 0.3939
1728/3458 [=============>................] - ETA: 1:24 - loss: 1.4032 - acc: 0.3918
1760/3458 [==============>...............] - ETA: 1:23 - loss: 1.4015 - acc: 0.3943
1792/3458 [==============>...............] - ETA: 1:21 - loss: 1.3975 - acc: 0.3962
1824/3458 [==============>...............] - ETA: 1:20 - loss: 1.3981 - acc: 0.3958
1856/3458 [===============>..............] - ETA: 1:18 - loss: 1.3973 - acc: 0.3949
1888/3458 [===============>..............] - ETA: 1:17 - loss: 1.3955 - acc: 0.3962
1920/3458 [===============>..............] - ETA: 1:15 - loss: 1.3957 - acc: 0.3974
1952/3458 [===============>..............] - ETA: 1:13 - loss: 1.3933 - acc: 0.3996
1984/3458 [================>.............] - ETA: 1:12 - loss: 1.3919 - acc: 0.3987
2016/3458 [================>.............] - ETA: 1:10 - loss: 1.3895 - acc: 0.3983
2048/3458 [================>.............] - ETA: 1:09 - loss: 1.3891 - acc: 0.3975
2080/3458 [=================>............] - ETA: 1:07 - loss: 1.3877 - acc: 0.3971
2112/3458 [=================>............] - ETA: 1:06 - loss: 1.3860 - acc: 0.3977
2144/3458 [=================>............] - ETA: 1:04 - loss: 1.3875 - acc: 0.3974
2176/3458 [=================>............] - ETA: 1:03 - loss: 1.3854 - acc: 0.3980
2208/3458 [==================>...........] - ETA: 1:01 - loss: 1.3858 - acc: 0.3972
2240/3458 [==================>...........] - ETA: 59s - loss: 1.3857 - acc: 0.3969 
2272/3458 [==================>...........] - ETA: 58s - loss: 1.3863 - acc: 0.3961
2304/3458 [==================>...........] - ETA: 56s - loss: 1.3847 - acc: 0.3950
2336/3458 [===================>..........] - ETA: 55s - loss: 1.3831 - acc: 0.3964
2368/3458 [===================>..........] - ETA: 53s - loss: 1.3842 - acc: 0.3953
2400/3458 [===================>..........] - ETA: 52s - loss: 1.3826 - acc: 0.3963
2432/3458 [====================>.........] - ETA: 50s - loss: 1.3804 - acc: 0.3976
2464/3458 [====================>.........] - ETA: 48s - loss: 1.3797 - acc: 0.3985
2496/3458 [====================>.........] - ETA: 47s - loss: 1.3785 - acc: 0.3982
2528/3458 [====================>.........] - ETA: 45s - loss: 1.3786 - acc: 0.3968
2560/3458 [=====================>........] - ETA: 44s - loss: 1.3760 - acc: 0.3984
2592/3458 [=====================>........] - ETA: 42s - loss: 1.3738 - acc: 0.3981
2624/3458 [=====================>........] - ETA: 41s - loss: 1.3722 - acc: 0.3967
2656/3458 [======================>.......] - ETA: 39s - loss: 1.3725 - acc: 0.3980
2688/3458 [======================>.......] - ETA: 37s - loss: 1.3717 - acc: 0.3999
2720/3458 [======================>.......] - ETA: 36s - loss: 1.3721 - acc: 0.3985
2752/3458 [======================>.......] - ETA: 34s - loss: 1.3725 - acc: 0.3983
2784/3458 [=======================>......] - ETA: 33s - loss: 1.3715 - acc: 0.3991
2816/3458 [=======================>......] - ETA: 31s - loss: 1.3707 - acc: 0.3991
2848/3458 [=======================>......] - ETA: 30s - loss: 1.3705 - acc: 0.3989
2880/3458 [=======================>......] - ETA: 28s - loss: 1.3700 - acc: 0.3990
2912/3458 [========================>.....] - ETA: 26s - loss: 1.3692 - acc: 0.4001
2944/3458 [========================>.....] - ETA: 25s - loss: 1.3690 - acc: 0.4005
2976/3458 [========================>.....] - ETA: 23s - loss: 1.3709 - acc: 0.3989
3008/3458 [=========================>....] - ETA: 22s - loss: 1.3685 - acc: 0.4003
3040/3458 [=========================>....] - ETA: 20s - loss: 1.3681 - acc: 0.4010
3072/3458 [=========================>....] - ETA: 19s - loss: 1.3701 - acc: 0.3991
3104/3458 [=========================>....] - ETA: 17s - loss: 1.3704 - acc: 0.3992
3136/3458 [==========================>...] - ETA: 15s - loss: 1.3703 - acc: 0.3986
3168/3458 [==========================>...] - ETA: 14s - loss: 1.3704 - acc: 0.3974
3200/3458 [==========================>...] - ETA: 12s - loss: 1.3712 - acc: 0.3963
3232/3458 [===========================>..] - ETA: 11s - loss: 1.3746 - acc: 0.3960
3264/3458 [===========================>..] - ETA: 9s - loss: 1.3752 - acc: 0.3971 
3296/3458 [===========================>..] - ETA: 7s - loss: 1.3751 - acc: 0.3971
3328/3458 [===========================>..] - ETA: 6s - loss: 1.3738 - acc: 0.3972
3360/3458 [============================>.] - ETA: 4s - loss: 1.3732 - acc: 0.3976
3392/3458 [============================>.] - ETA: 3s - loss: 1.3718 - acc: 0.3986
3424/3458 [============================>.] - ETA: 1s - loss: 1.3719 - acc: 0.3981
3456/3458 [============================>.] - ETA: 0s - loss: 1.3712 - acc: 0.3976
3458/3458 [==============================] - 171s 49ms/sample - loss: 1.3713 - acc: 0.3976

 32/865 [>.............................] - ETA: 7s - loss: 1.2638 - acc: 0.4688
 64/865 [=>............................] - ETA: 7s - loss: 1.2537 - acc: 0.4219
 96/865 [==>...........................] - ETA: 6s - loss: 1.3062 - acc: 0.3854
128/865 [===>..........................] - ETA: 6s - loss: 1.2938 - acc: 0.3906
160/865 [====>.........................] - ETA: 6s - loss: 1.2797 - acc: 0.4187
192/865 [=====>........................] - ETA: 6s - loss: 1.2728 - acc: 0.4271
224/865 [======>.......................] - ETA: 5s - loss: 1.2836 - acc: 0.4286
256/865 [=======>......................] - ETA: 5s - loss: 1.2853 - acc: 0.4414
288/865 [========>.....................] - ETA: 5s - loss: 1.2807 - acc: 0.4410
320/865 [==========>...................] - ETA: 4s - loss: 1.2840 - acc: 0.4469
352/865 [===========>..................] - ETA: 4s - loss: 1.3079 - acc: 0.4460
384/865 [============>.................] - ETA: 4s - loss: 1.3114 - acc: 0.4453
416/865 [=============>................] - ETA: 3s - loss: 1.3205 - acc: 0.4423
448/865 [==============>...............] - ETA: 3s - loss: 1.3165 - acc: 0.4442
480/865 [===============>..............] - ETA: 3s - loss: 1.3478 - acc: 0.4333
512/865 [================>.............] - ETA: 3s - loss: 1.3385 - acc: 0.4395
544/865 [=================>............] - ETA: 2s - loss: 1.3372 - acc: 0.4393
576/865 [==================>...........] - ETA: 2s - loss: 1.3328 - acc: 0.4410
608/865 [====================>.........] - ETA: 2s - loss: 1.3443 - acc: 0.4391
640/865 [=====================>........] - ETA: 2s - loss: 1.3374 - acc: 0.4437
672/865 [======================>.......] - ETA: 1s - loss: 1.3308 - acc: 0.4464
704/865 [=======================>......] - ETA: 1s - loss: 1.3368 - acc: 0.4474
736/865 [========================>.....] - ETA: 1s - loss: 1.3314 - acc: 0.4484
768/865 [=========================>....] - ETA: 0s - loss: 1.3272 - acc: 0.4492
800/865 [==========================>...] - ETA: 0s - loss: 1.3308 - acc: 0.4462
832/865 [===========================>..] - ETA: 0s - loss: 1.3250 - acc: 0.4519
864/865 [============================>.] - ETA: 0s - loss: 1.3202 - acc: 0.4560
865/865 [==============================] - 8s 9ms/sample - loss: 1.3199 - acc: 0.4566

  32/3458 [..............................] - ETA: 2:46 - loss: 1.2413 - acc: 0.5938
  64/3458 [..............................] - ETA: 2:47 - loss: 1.2902 - acc: 0.5000
  96/3458 [..............................] - ETA: 2:45 - loss: 1.3031 - acc: 0.5104
 128/3458 [>.............................] - ETA: 2:44 - loss: 1.3178 - acc: 0.4453
 160/3458 [>.............................] - ETA: 2:42 - loss: 1.3190 - acc: 0.4375
 192/3458 [>.............................] - ETA: 2:40 - loss: 1.2896 - acc: 0.4427
 224/3458 [>.............................] - ETA: 2:38 - loss: 1.3258 - acc: 0.4286
 256/3458 [=>............................] - ETA: 2:37 - loss: 1.3199 - acc: 0.4219
 288/3458 [=>............................] - ETA: 2:36 - loss: 1.3221 - acc: 0.4132
 320/3458 [=>............................] - ETA: 2:35 - loss: 1.3193 - acc: 0.4156
 352/3458 [==>...........................] - ETA: 2:33 - loss: 1.3100 - acc: 0.4290
 384/3458 [==>...........................] - ETA: 2:31 - loss: 1.3163 - acc: 0.4219
 416/3458 [==>...........................] - ETA: 2:30 - loss: 1.3204 - acc: 0.4207
 448/3458 [==>...........................] - ETA: 2:28 - loss: 1.3184 - acc: 0.4219
 480/3458 [===>..........................] - ETA: 2:26 - loss: 1.3260 - acc: 0.4146
 512/3458 [===>..........................] - ETA: 2:25 - loss: 1.3270 - acc: 0.4160
 544/3458 [===>..........................] - ETA: 2:23 - loss: 1.3210 - acc: 0.4191
 576/3458 [===>..........................] - ETA: 2:22 - loss: 1.3162 - acc: 0.4253
 608/3458 [====>.........................] - ETA: 2:20 - loss: 1.3101 - acc: 0.4293
 640/3458 [====>.........................] - ETA: 2:18 - loss: 1.3087 - acc: 0.4328
 672/3458 [====>.........................] - ETA: 2:17 - loss: 1.3184 - acc: 0.4330
 704/3458 [=====>........................] - ETA: 2:15 - loss: 1.3164 - acc: 0.4304
 736/3458 [=====>........................] - ETA: 2:13 - loss: 1.3045 - acc: 0.4389
 768/3458 [=====>........................] - ETA: 2:12 - loss: 1.2974 - acc: 0.4427
 800/3458 [=====>........................] - ETA: 2:10 - loss: 1.2985 - acc: 0.4412
 832/3458 [======>.......................] - ETA: 2:09 - loss: 1.3067 - acc: 0.4315
 864/3458 [======>.......................] - ETA: 2:07 - loss: 1.3102 - acc: 0.4271
 896/3458 [======>.......................] - ETA: 2:06 - loss: 1.3059 - acc: 0.4241
 928/3458 [=======>......................] - ETA: 2:04 - loss: 1.3065 - acc: 0.4213
 960/3458 [=======>......................] - ETA: 2:02 - loss: 1.3112 - acc: 0.4156
 992/3458 [=======>......................] - ETA: 2:01 - loss: 1.3171 - acc: 0.4183
1024/3458 [=======>......................] - ETA: 1:59 - loss: 1.3168 - acc: 0.4170
1056/3458 [========>.....................] - ETA: 1:58 - loss: 1.3133 - acc: 0.4186
1088/3458 [========>.....................] - ETA: 1:56 - loss: 1.3145 - acc: 0.4173
1120/3458 [========>.....................] - ETA: 1:55 - loss: 1.3127 - acc: 0.4170
1152/3458 [========>.....................] - ETA: 1:53 - loss: 1.3070 - acc: 0.4201
1184/3458 [=========>....................] - ETA: 1:51 - loss: 1.3062 - acc: 0.4189
1216/3458 [=========>....................] - ETA: 1:50 - loss: 1.3044 - acc: 0.4161
1248/3458 [=========>....................] - ETA: 1:48 - loss: 1.3021 - acc: 0.4183
1280/3458 [==========>...................] - ETA: 1:47 - loss: 1.2975 - acc: 0.4187
1312/3458 [==========>...................] - ETA: 1:45 - loss: 1.3017 - acc: 0.4184
1344/3458 [==========>...................] - ETA: 1:44 - loss: 1.3001 - acc: 0.4211
1376/3458 [==========>...................] - ETA: 1:42 - loss: 1.3032 - acc: 0.4179
1408/3458 [===========>..................] - ETA: 1:40 - loss: 1.2992 - acc: 0.4205
1440/3458 [===========>..................] - ETA: 1:39 - loss: 1.3006 - acc: 0.4174
1472/3458 [===========>..................] - ETA: 1:37 - loss: 1.3051 - acc: 0.4164
1504/3458 [============>.................] - ETA: 1:36 - loss: 1.3063 - acc: 0.4142
1536/3458 [============>.................] - ETA: 1:34 - loss: 1.3079 - acc: 0.4108
1568/3458 [============>.................] - ETA: 1:33 - loss: 1.3080 - acc: 0.4101
1600/3458 [============>.................] - ETA: 1:31 - loss: 1.3151 - acc: 0.4094
1632/3458 [=============>................] - ETA: 1:29 - loss: 1.3148 - acc: 0.4105
1664/3458 [=============>................] - ETA: 1:28 - loss: 1.3122 - acc: 0.4117
1696/3458 [=============>................] - ETA: 1:26 - loss: 1.3103 - acc: 0.4116
1728/3458 [=============>................] - ETA: 1:25 - loss: 1.3102 - acc: 0.4144
1760/3458 [==============>...............] - ETA: 1:23 - loss: 1.3104 - acc: 0.4165
1792/3458 [==============>...............] - ETA: 1:22 - loss: 1.3115 - acc: 0.4157
1824/3458 [==============>...............] - ETA: 1:20 - loss: 1.3117 - acc: 0.4167
1856/3458 [===============>..............] - ETA: 1:18 - loss: 1.3108 - acc: 0.4192
1888/3458 [===============>..............] - ETA: 1:17 - loss: 1.3085 - acc: 0.4190
1920/3458 [===============>..............] - ETA: 1:15 - loss: 1.3093 - acc: 0.4172
1952/3458 [===============>..............] - ETA: 1:14 - loss: 1.3156 - acc: 0.4170
1984/3458 [================>.............] - ETA: 1:12 - loss: 1.3150 - acc: 0.4168
2016/3458 [================>.............] - ETA: 1:11 - loss: 1.3148 - acc: 0.4182
2048/3458 [================>.............] - ETA: 1:09 - loss: 1.3159 - acc: 0.4175
2080/3458 [=================>............] - ETA: 1:07 - loss: 1.3156 - acc: 0.4192
2112/3458 [=================>............] - ETA: 1:06 - loss: 1.3132 - acc: 0.4214
2144/3458 [=================>............] - ETA: 1:04 - loss: 1.3109 - acc: 0.4216
2176/3458 [=================>............] - ETA: 1:03 - loss: 1.3115 - acc: 0.4223
2208/3458 [==================>...........] - ETA: 1:01 - loss: 1.3099 - acc: 0.4235
2240/3458 [==================>...........] - ETA: 59s - loss: 1.3077 - acc: 0.4254 
2272/3458 [==================>...........] - ETA: 58s - loss: 1.3066 - acc: 0.4252
2304/3458 [==================>...........] - ETA: 56s - loss: 1.3077 - acc: 0.4266
2336/3458 [===================>..........] - ETA: 55s - loss: 1.3098 - acc: 0.4255
2368/3458 [===================>..........] - ETA: 53s - loss: 1.3082 - acc: 0.4265
2400/3458 [===================>..........] - ETA: 52s - loss: 1.3085 - acc: 0.4263
2432/3458 [====================>.........] - ETA: 50s - loss: 1.3109 - acc: 0.4256
2464/3458 [====================>.........] - ETA: 48s - loss: 1.3093 - acc: 0.4261
2496/3458 [====================>.........] - ETA: 47s - loss: 1.3093 - acc: 0.4259
2528/3458 [====================>.........] - ETA: 45s - loss: 1.3102 - acc: 0.4252
2560/3458 [=====================>........] - ETA: 44s - loss: 1.3112 - acc: 0.4246
2592/3458 [=====================>........] - ETA: 42s - loss: 1.3105 - acc: 0.4259
2624/3458 [=====================>........] - ETA: 41s - loss: 1.3096 - acc: 0.4272
2656/3458 [======================>.......] - ETA: 39s - loss: 1.3087 - acc: 0.4288
2688/3458 [======================>.......] - ETA: 37s - loss: 1.3089 - acc: 0.4278
2720/3458 [======================>.......] - ETA: 36s - loss: 1.3077 - acc: 0.4279
2752/3458 [======================>.......] - ETA: 34s - loss: 1.3090 - acc: 0.4299
2784/3458 [=======================>......] - ETA: 33s - loss: 1.3095 - acc: 0.4303
2816/3458 [=======================>......] - ETA: 31s - loss: 1.3094 - acc: 0.4297
2848/3458 [=======================>......] - ETA: 30s - loss: 1.3077 - acc: 0.4312
2880/3458 [=======================>......] - ETA: 28s - loss: 1.3077 - acc: 0.4309
2912/3458 [========================>.....] - ETA: 26s - loss: 1.3087 - acc: 0.4303
2944/3458 [========================>.....] - ETA: 25s - loss: 1.3091 - acc: 0.4280
2976/3458 [========================>.....] - ETA: 23s - loss: 1.3080 - acc: 0.4271
3008/3458 [=========================>....] - ETA: 22s - loss: 1.3084 - acc: 0.4282
3040/3458 [=========================>....] - ETA: 20s - loss: 1.3065 - acc: 0.4283
3072/3458 [=========================>....] - ETA: 19s - loss: 1.3067 - acc: 0.4281
3104/3458 [=========================>....] - ETA: 17s - loss: 1.3058 - acc: 0.4278
3136/3458 [==========================>...] - ETA: 15s - loss: 1.3066 - acc: 0.4273
3168/3458 [==========================>...] - ETA: 14s - loss: 1.3073 - acc: 0.4277
3200/3458 [==========================>...] - ETA: 12s - loss: 1.3076 - acc: 0.4284
3232/3458 [===========================>..] - ETA: 11s - loss: 1.3094 - acc: 0.4276
3264/3458 [===========================>..] - ETA: 9s - loss: 1.3080 - acc: 0.4292 
3296/3458 [===========================>..] - ETA: 7s - loss: 1.3079 - acc: 0.4284
3328/3458 [===========================>..] - ETA: 6s - loss: 1.3077 - acc: 0.4285
3360/3458 [============================>.] - ETA: 4s - loss: 1.3085 - acc: 0.4283
3392/3458 [============================>.] - ETA: 3s - loss: 1.3113 - acc: 0.4275
3424/3458 [============================>.] - ETA: 1s - loss: 1.3135 - acc: 0.4267
3456/3458 [============================>.] - ETA: 0s - loss: 1.3136 - acc: 0.4262
3458/3458 [==============================] - 171s 49ms/sample - loss: 1.3137 - acc: 0.4263

 32/865 [>.............................] - ETA: 7s - loss: 1.2977 - acc: 0.4688
 64/865 [=>............................] - ETA: 7s - loss: 1.2673 - acc: 0.4531
 96/865 [==>...........................] - ETA: 7s - loss: 1.3234 - acc: 0.4167
128/865 [===>..........................] - ETA: 6s - loss: 1.3215 - acc: 0.4062
160/865 [====>.........................] - ETA: 6s - loss: 1.3032 - acc: 0.4250
192/865 [=====>........................] - ETA: 6s - loss: 1.3041 - acc: 0.4219
224/865 [======>.......................] - ETA: 5s - loss: 1.3081 - acc: 0.4196
256/865 [=======>......................] - ETA: 5s - loss: 1.3124 - acc: 0.4180
288/865 [========>.....................] - ETA: 5s - loss: 1.3086 - acc: 0.4167
320/865 [==========>...................] - ETA: 4s - loss: 1.3115 - acc: 0.4219
352/865 [===========>..................] - ETA: 4s - loss: 1.3261 - acc: 0.4176
384/865 [============>.................] - ETA: 4s - loss: 1.3318 - acc: 0.4167
416/865 [=============>................] - ETA: 4s - loss: 1.3436 - acc: 0.4111
448/865 [==============>...............] - ETA: 3s - loss: 1.3390 - acc: 0.4107
480/865 [===============>..............] - ETA: 3s - loss: 1.3595 - acc: 0.4021
512/865 [================>.............] - ETA: 3s - loss: 1.3480 - acc: 0.4102
544/865 [=================>............] - ETA: 2s - loss: 1.3489 - acc: 0.4081
576/865 [==================>...........] - ETA: 2s - loss: 1.3390 - acc: 0.4115
608/865 [====================>.........] - ETA: 2s - loss: 1.3436 - acc: 0.4128
640/865 [=====================>........] - ETA: 2s - loss: 1.3335 - acc: 0.4172
672/865 [======================>.......] - ETA: 1s - loss: 1.3295 - acc: 0.4196
704/865 [=======================>......] - ETA: 1s - loss: 1.3301 - acc: 0.4219
736/865 [========================>.....] - ETA: 1s - loss: 1.3277 - acc: 0.4212
768/865 [=========================>....] - ETA: 0s - loss: 1.3237 - acc: 0.4232
800/865 [==========================>...] - ETA: 0s - loss: 1.3250 - acc: 0.4187
832/865 [===========================>..] - ETA: 0s - loss: 1.3233 - acc: 0.4231
864/865 [============================>.] - ETA: 0s - loss: 1.3168 - acc: 0.4271
865/865 [==============================] - 8s 9ms/sample - loss: 1.3164 - acc: 0.4277

  32/3458 [..............................] - ETA: 2:45 - loss: 1.4586 - acc: 0.2812
  64/3458 [..............................] - ETA: 2:46 - loss: 1.3662 - acc: 0.3750
  96/3458 [..............................] - ETA: 2:45 - loss: 1.3560 - acc: 0.3542
 128/3458 [>.............................] - ETA: 2:43 - loss: 1.3604 - acc: 0.3750
 160/3458 [>.............................] - ETA: 2:42 - loss: 1.3336 - acc: 0.3938
 192/3458 [>.............................] - ETA: 2:40 - loss: 1.3046 - acc: 0.4219
 224/3458 [>.............................] - ETA: 2:38 - loss: 1.2911 - acc: 0.4286
 256/3458 [=>............................] - ETA: 2:37 - loss: 1.3096 - acc: 0.4336
 288/3458 [=>............................] - ETA: 2:35 - loss: 1.3209 - acc: 0.4167
 320/3458 [=>............................] - ETA: 2:33 - loss: 1.3097 - acc: 0.4156
 352/3458 [==>...........................] - ETA: 2:32 - loss: 1.2973 - acc: 0.4290
 384/3458 [==>...........................] - ETA: 2:31 - loss: 1.2873 - acc: 0.4323
 416/3458 [==>...........................] - ETA: 2:29 - loss: 1.2872 - acc: 0.4303
 448/3458 [==>...........................] - ETA: 2:27 - loss: 1.2827 - acc: 0.4375
 480/3458 [===>..........................] - ETA: 2:26 - loss: 1.2731 - acc: 0.4375
 512/3458 [===>..........................] - ETA: 2:24 - loss: 1.2629 - acc: 0.4434
 544/3458 [===>..........................] - ETA: 2:22 - loss: 1.2667 - acc: 0.4375
 576/3458 [===>..........................] - ETA: 2:21 - loss: 1.2751 - acc: 0.4323
 608/3458 [====>.........................] - ETA: 2:20 - loss: 1.2723 - acc: 0.4326
 640/3458 [====>.........................] - ETA: 2:18 - loss: 1.2694 - acc: 0.4328
 672/3458 [====>.........................] - ETA: 2:17 - loss: 1.2698 - acc: 0.4315
 704/3458 [=====>........................] - ETA: 2:15 - loss: 1.2629 - acc: 0.4347
 736/3458 [=====>........................] - ETA: 2:13 - loss: 1.2556 - acc: 0.4389
 768/3458 [=====>........................] - ETA: 2:12 - loss: 1.2492 - acc: 0.4440
 800/3458 [=====>........................] - ETA: 2:10 - loss: 1.2551 - acc: 0.4437
 832/3458 [======>.......................] - ETA: 2:09 - loss: 1.2550 - acc: 0.4471
 864/3458 [======>.......................] - ETA: 2:07 - loss: 1.2528 - acc: 0.4514
 896/3458 [======>.......................] - ETA: 2:06 - loss: 1.2554 - acc: 0.4531
 928/3458 [=======>......................] - ETA: 2:04 - loss: 1.2581 - acc: 0.4504
 960/3458 [=======>......................] - ETA: 2:03 - loss: 1.2548 - acc: 0.4531
 992/3458 [=======>......................] - ETA: 2:01 - loss: 1.2552 - acc: 0.4486
1024/3458 [=======>......................] - ETA: 1:59 - loss: 1.2570 - acc: 0.4482
1056/3458 [========>.....................] - ETA: 1:58 - loss: 1.2567 - acc: 0.4451
1088/3458 [========>.....................] - ETA: 1:56 - loss: 1.2597 - acc: 0.4439
1120/3458 [========>.....................] - ETA: 1:55 - loss: 1.2596 - acc: 0.4429
1152/3458 [========>.....................] - ETA: 1:53 - loss: 1.2627 - acc: 0.4427
1184/3458 [=========>....................] - ETA: 1:52 - loss: 1.2648 - acc: 0.4409
1216/3458 [=========>....................] - ETA: 1:50 - loss: 1.2618 - acc: 0.4408
1248/3458 [=========>....................] - ETA: 1:48 - loss: 1.2625 - acc: 0.4407
1280/3458 [==========>...................] - ETA: 1:47 - loss: 1.2616 - acc: 0.4398
1312/3458 [==========>...................] - ETA: 1:45 - loss: 1.2597 - acc: 0.4413
1344/3458 [==========>...................] - ETA: 1:44 - loss: 1.2601 - acc: 0.4420
1376/3458 [==========>...................] - ETA: 1:42 - loss: 1.2595 - acc: 0.4411
1408/3458 [===========>..................] - ETA: 1:40 - loss: 1.2582 - acc: 0.4411
1440/3458 [===========>..................] - ETA: 1:39 - loss: 1.2588 - acc: 0.4375
1472/3458 [===========>..................] - ETA: 1:37 - loss: 1.2583 - acc: 0.4375
1504/3458 [============>.................] - ETA: 1:36 - loss: 1.2561 - acc: 0.4375
1536/3458 [============>.................] - ETA: 1:34 - loss: 1.2599 - acc: 0.4382
1568/3458 [============>.................] - ETA: 1:33 - loss: 1.2599 - acc: 0.4369
1600/3458 [============>.................] - ETA: 1:31 - loss: 1.2623 - acc: 0.4356
1632/3458 [=============>................] - ETA: 1:29 - loss: 1.2627 - acc: 0.4363
1664/3458 [=============>................] - ETA: 1:28 - loss: 1.2604 - acc: 0.4387
1696/3458 [=============>................] - ETA: 1:26 - loss: 1.2568 - acc: 0.4399
1728/3458 [=============>................] - ETA: 1:25 - loss: 1.2564 - acc: 0.4416
1760/3458 [==============>...............] - ETA: 1:23 - loss: 1.2535 - acc: 0.4420
1792/3458 [==============>...............] - ETA: 1:22 - loss: 1.2539 - acc: 0.4408
1824/3458 [==============>...............] - ETA: 1:20 - loss: 1.2507 - acc: 0.4441
1856/3458 [===============>..............] - ETA: 1:18 - loss: 1.2567 - acc: 0.4434
1888/3458 [===============>..............] - ETA: 1:17 - loss: 1.2567 - acc: 0.4444
1920/3458 [===============>..............] - ETA: 1:15 - loss: 1.2545 - acc: 0.4458
1952/3458 [===============>..............] - ETA: 1:14 - loss: 1.2555 - acc: 0.4462
1984/3458 [================>.............] - ETA: 1:12 - loss: 1.2550 - acc: 0.4461
2016/3458 [================>.............] - ETA: 1:11 - loss: 1.2553 - acc: 0.4459
2048/3458 [================>.............] - ETA: 1:09 - loss: 1.2568 - acc: 0.4463
2080/3458 [=================>............] - ETA: 1:07 - loss: 1.2533 - acc: 0.4490
2112/3458 [=================>............] - ETA: 1:06 - loss: 1.2522 - acc: 0.4503
2144/3458 [=================>............] - ETA: 1:04 - loss: 1.2498 - acc: 0.4515
2176/3458 [=================>............] - ETA: 1:03 - loss: 1.2527 - acc: 0.4522
2208/3458 [==================>...........] - ETA: 1:01 - loss: 1.2536 - acc: 0.4538
2240/3458 [==================>...........] - ETA: 1:00 - loss: 1.2568 - acc: 0.4536
2272/3458 [==================>...........] - ETA: 58s - loss: 1.2533 - acc: 0.4573 
2304/3458 [==================>...........] - ETA: 56s - loss: 1.2519 - acc: 0.4596
2336/3458 [===================>..........] - ETA: 55s - loss: 1.2515 - acc: 0.4585
2368/3458 [===================>..........] - ETA: 53s - loss: 1.2526 - acc: 0.4586
2400/3458 [===================>..........] - ETA: 52s - loss: 1.2518 - acc: 0.4592
2432/3458 [====================>.........] - ETA: 50s - loss: 1.2501 - acc: 0.4613
2464/3458 [====================>.........] - ETA: 48s - loss: 1.2475 - acc: 0.4627
2496/3458 [====================>.........] - ETA: 47s - loss: 1.2441 - acc: 0.4643
2528/3458 [====================>.........] - ETA: 45s - loss: 1.2461 - acc: 0.4632
2560/3458 [=====================>........] - ETA: 44s - loss: 1.2450 - acc: 0.4648
2592/3458 [=====================>........] - ETA: 42s - loss: 1.2495 - acc: 0.4630
2624/3458 [=====================>........] - ETA: 41s - loss: 1.2503 - acc: 0.4623
2656/3458 [======================>.......] - ETA: 39s - loss: 1.2538 - acc: 0.4616
2688/3458 [======================>.......] - ETA: 37s - loss: 1.2575 - acc: 0.4621
2720/3458 [======================>.......] - ETA: 36s - loss: 1.2562 - acc: 0.4629
2752/3458 [======================>.......] - ETA: 34s - loss: 1.2588 - acc: 0.4629
2784/3458 [=======================>......] - ETA: 33s - loss: 1.2602 - acc: 0.4623
2816/3458 [=======================>......] - ETA: 31s - loss: 1.2610 - acc: 0.4638
2848/3458 [=======================>......] - ETA: 30s - loss: 1.2606 - acc: 0.4652
2880/3458 [=======================>......] - ETA: 28s - loss: 1.2641 - acc: 0.4635
2912/3458 [========================>.....] - ETA: 26s - loss: 1.2652 - acc: 0.4615
2944/3458 [========================>.....] - ETA: 25s - loss: 1.2647 - acc: 0.4620
2976/3458 [========================>.....] - ETA: 23s - loss: 1.2647 - acc: 0.4607
3008/3458 [=========================>....] - ETA: 22s - loss: 1.2667 - acc: 0.4604
3040/3458 [=========================>....] - ETA: 20s - loss: 1.2663 - acc: 0.4599
3072/3458 [=========================>....] - ETA: 19s - loss: 1.2655 - acc: 0.4603
3104/3458 [=========================>....] - ETA: 17s - loss: 1.2647 - acc: 0.4604
3136/3458 [==========================>...] - ETA: 15s - loss: 1.2643 - acc: 0.4605
3168/3458 [==========================>...] - ETA: 14s - loss: 1.2657 - acc: 0.4602
3200/3458 [==========================>...] - ETA: 12s - loss: 1.2653 - acc: 0.4600
3232/3458 [===========================>..] - ETA: 11s - loss: 1.2667 - acc: 0.4607
3264/3458 [===========================>..] - ETA: 9s - loss: 1.2663 - acc: 0.4605 
3296/3458 [===========================>..] - ETA: 7s - loss: 1.2670 - acc: 0.4603
3328/3458 [===========================>..] - ETA: 6s - loss: 1.2688 - acc: 0.4588
3360/3458 [============================>.] - ETA: 4s - loss: 1.2672 - acc: 0.4589
3392/3458 [============================>.] - ETA: 3s - loss: 1.2658 - acc: 0.4599
3424/3458 [============================>.] - ETA: 1s - loss: 1.2666 - acc: 0.4600
3456/3458 [============================>.] - ETA: 0s - loss: 1.2671 - acc: 0.4598
3458/3458 [==============================] - 171s 49ms/sample - loss: 1.2669 - acc: 0.4598

 32/865 [>.............................] - ETA: 7s - loss: 1.2308 - acc: 0.4062
 64/865 [=>............................] - ETA: 7s - loss: 1.1965 - acc: 0.4219
 96/865 [==>...........................] - ETA: 6s - loss: 1.2946 - acc: 0.3854
128/865 [===>..........................] - ETA: 6s - loss: 1.2709 - acc: 0.3984
160/865 [====>.........................] - ETA: 6s - loss: 1.2445 - acc: 0.4250
192/865 [=====>........................] - ETA: 6s - loss: 1.2448 - acc: 0.4271
224/865 [======>.......................] - ETA: 5s - loss: 1.2391 - acc: 0.4375
256/865 [=======>......................] - ETA: 5s - loss: 1.2231 - acc: 0.4609
288/865 [========>.....................] - ETA: 5s - loss: 1.2401 - acc: 0.4514
320/865 [==========>...................] - ETA: 4s - loss: 1.2395 - acc: 0.4656
352/865 [===========>..................] - ETA: 4s - loss: 1.2614 - acc: 0.4602
384/865 [============>.................] - ETA: 4s - loss: 1.2706 - acc: 0.4531
416/865 [=============>................] - ETA: 3s - loss: 1.2782 - acc: 0.4567
448/865 [==============>...............] - ETA: 3s - loss: 1.2736 - acc: 0.4554
480/865 [===============>..............] - ETA: 3s - loss: 1.3067 - acc: 0.4479
512/865 [================>.............] - ETA: 3s - loss: 1.2948 - acc: 0.4629
544/865 [=================>............] - ETA: 2s - loss: 1.2893 - acc: 0.4577
576/865 [==================>...........] - ETA: 2s - loss: 1.2874 - acc: 0.4601
608/865 [====================>.........] - ETA: 2s - loss: 1.2909 - acc: 0.4671
640/865 [=====================>........] - ETA: 2s - loss: 1.2765 - acc: 0.4734
672/865 [======================>.......] - ETA: 1s - loss: 1.2684 - acc: 0.4792
704/865 [=======================>......] - ETA: 1s - loss: 1.2710 - acc: 0.4773
736/865 [========================>.....] - ETA: 1s - loss: 1.2696 - acc: 0.4742
768/865 [=========================>....] - ETA: 0s - loss: 1.2682 - acc: 0.4688
800/865 [==========================>...] - ETA: 0s - loss: 1.2684 - acc: 0.4688
832/865 [===========================>..] - ETA: 0s - loss: 1.2662 - acc: 0.4712
864/865 [============================>.] - ETA: 0s - loss: 1.2656 - acc: 0.4676
865/865 [==============================] - 8s 9ms/sample - loss: 1.2650 - acc: 0.4682

  32/3458 [..............................] - ETA: 2:47 - loss: 1.1809 - acc: 0.3750
  64/3458 [..............................] - ETA: 2:45 - loss: 1.1136 - acc: 0.4844
  96/3458 [..............................] - ETA: 2:44 - loss: 1.1478 - acc: 0.4896
 128/3458 [>.............................] - ETA: 2:42 - loss: 1.1947 - acc: 0.4844
 160/3458 [>.............................] - ETA: 2:41 - loss: 1.1746 - acc: 0.5063
 192/3458 [>.............................] - ETA: 2:40 - loss: 1.2215 - acc: 0.4740
 224/3458 [>.............................] - ETA: 2:38 - loss: 1.1993 - acc: 0.4732
 256/3458 [=>............................] - ETA: 2:36 - loss: 1.1914 - acc: 0.4766
 288/3458 [=>............................] - ETA: 2:35 - loss: 1.2104 - acc: 0.4826
 320/3458 [=>............................] - ETA: 2:33 - loss: 1.2037 - acc: 0.4812
 352/3458 [==>...........................] - ETA: 2:32 - loss: 1.1851 - acc: 0.4886
 384/3458 [==>...........................] - ETA: 2:30 - loss: 1.2018 - acc: 0.4818
 416/3458 [==>...........................] - ETA: 2:29 - loss: 1.1924 - acc: 0.4952
 448/3458 [==>...........................] - ETA: 2:27 - loss: 1.1844 - acc: 0.5000
 480/3458 [===>..........................] - ETA: 2:25 - loss: 1.1796 - acc: 0.4958
 512/3458 [===>..........................] - ETA: 2:24 - loss: 1.1886 - acc: 0.4941
 544/3458 [===>..........................] - ETA: 2:22 - loss: 1.1895 - acc: 0.5037
 576/3458 [===>..........................] - ETA: 2:21 - loss: 1.1848 - acc: 0.5087
 608/3458 [====>.........................] - ETA: 2:19 - loss: 1.1835 - acc: 0.5082
 640/3458 [====>.........................] - ETA: 2:18 - loss: 1.1702 - acc: 0.5188
 672/3458 [====>.........................] - ETA: 2:16 - loss: 1.1669 - acc: 0.5179
 704/3458 [=====>........................] - ETA: 2:15 - loss: 1.1712 - acc: 0.5156
 736/3458 [=====>........................] - ETA: 2:13 - loss: 1.1704 - acc: 0.5136
 768/3458 [=====>........................] - ETA: 2:12 - loss: 1.1794 - acc: 0.5065
 800/3458 [=====>........................] - ETA: 2:10 - loss: 1.1751 - acc: 0.5125
 832/3458 [======>.......................] - ETA: 2:09 - loss: 1.1787 - acc: 0.5156
 864/3458 [======>.......................] - ETA: 2:07 - loss: 1.1842 - acc: 0.5139
 896/3458 [======>.......................] - ETA: 2:06 - loss: 1.1738 - acc: 0.5156
 928/3458 [=======>......................] - ETA: 2:04 - loss: 1.1792 - acc: 0.5162
 960/3458 [=======>......................] - ETA: 2:02 - loss: 1.1754 - acc: 0.5156
 992/3458 [=======>......................] - ETA: 2:01 - loss: 1.1702 - acc: 0.5192
1024/3458 [=======>......................] - ETA: 1:59 - loss: 1.1653 - acc: 0.5205
1056/3458 [========>.....................] - ETA: 1:58 - loss: 1.1649 - acc: 0.5227
1088/3458 [========>.....................] - ETA: 1:56 - loss: 1.1664 - acc: 0.5193
1120/3458 [========>.....................] - ETA: 1:55 - loss: 1.1679 - acc: 0.5214
1152/3458 [========>.....................] - ETA: 1:53 - loss: 1.1729 - acc: 0.5174
1184/3458 [=========>....................] - ETA: 1:51 - loss: 1.1720 - acc: 0.5194
1216/3458 [=========>....................] - ETA: 1:50 - loss: 1.1732 - acc: 0.5214
1248/3458 [=========>....................] - ETA: 1:48 - loss: 1.1649 - acc: 0.5264
1280/3458 [==========>...................] - ETA: 1:47 - loss: 1.1671 - acc: 0.5266
1312/3458 [==========>...................] - ETA: 1:45 - loss: 1.1656 - acc: 0.5259
1344/3458 [==========>...................] - ETA: 1:44 - loss: 1.1680 - acc: 0.5260
1376/3458 [==========>...................] - ETA: 1:42 - loss: 1.1701 - acc: 0.5247
1408/3458 [===========>..................] - ETA: 1:40 - loss: 1.1673 - acc: 0.5241
1440/3458 [===========>..................] - ETA: 1:39 - loss: 1.1687 - acc: 0.5229
1472/3458 [===========>..................] - ETA: 1:37 - loss: 1.1692 - acc: 0.5204
1504/3458 [============>.................] - ETA: 1:36 - loss: 1.1662 - acc: 0.5233
1536/3458 [============>.................] - ETA: 1:34 - loss: 1.1661 - acc: 0.5228
1568/3458 [============>.................] - ETA: 1:32 - loss: 1.1641 - acc: 0.5255
1600/3458 [============>.................] - ETA: 1:31 - loss: 1.1625 - acc: 0.5238
1632/3458 [=============>................] - ETA: 1:29 - loss: 1.1627 - acc: 0.5221
1664/3458 [=============>................] - ETA: 1:28 - loss: 1.1655 - acc: 0.5186
1696/3458 [=============>................] - ETA: 1:26 - loss: 1.1662 - acc: 0.5206
1728/3458 [=============>................] - ETA: 1:25 - loss: 1.1675 - acc: 0.5226
1760/3458 [==============>...............] - ETA: 1:23 - loss: 1.1679 - acc: 0.5233
1792/3458 [==============>...............] - ETA: 1:21 - loss: 1.1704 - acc: 0.5240
1824/3458 [==============>...............] - ETA: 1:20 - loss: 1.1760 - acc: 0.5208
1856/3458 [===============>..............] - ETA: 1:18 - loss: 1.1777 - acc: 0.5199
1888/3458 [===============>..............] - ETA: 1:17 - loss: 1.1768 - acc: 0.5207
1920/3458 [===============>..............] - ETA: 1:15 - loss: 1.1756 - acc: 0.5219
1952/3458 [===============>..............] - ETA: 1:14 - loss: 1.1773 - acc: 0.5215
1984/3458 [================>.............] - ETA: 1:12 - loss: 1.1784 - acc: 0.5197
2016/3458 [================>.............] - ETA: 1:10 - loss: 1.1767 - acc: 0.5208
2048/3458 [================>.............] - ETA: 1:09 - loss: 1.1779 - acc: 0.5195
2080/3458 [=================>............] - ETA: 1:07 - loss: 1.1748 - acc: 0.5197
2112/3458 [=================>............] - ETA: 1:06 - loss: 1.1745 - acc: 0.5189
2144/3458 [=================>............] - ETA: 1:04 - loss: 1.1763 - acc: 0.5177
2176/3458 [=================>............] - ETA: 1:03 - loss: 1.1768 - acc: 0.5170
2208/3458 [==================>...........] - ETA: 1:01 - loss: 1.1764 - acc: 0.5186
2240/3458 [==================>...........] - ETA: 59s - loss: 1.1764 - acc: 0.5170 
2272/3458 [==================>...........] - ETA: 58s - loss: 1.1774 - acc: 0.5154
2304/3458 [==================>...........] - ETA: 56s - loss: 1.1779 - acc: 0.5148
2336/3458 [===================>..........] - ETA: 55s - loss: 1.1770 - acc: 0.5154
2368/3458 [===================>..........] - ETA: 53s - loss: 1.1769 - acc: 0.5148
2400/3458 [===================>..........] - ETA: 52s - loss: 1.1766 - acc: 0.5146
2432/3458 [====================>.........] - ETA: 50s - loss: 1.1741 - acc: 0.5160
2464/3458 [====================>.........] - ETA: 48s - loss: 1.1761 - acc: 0.5158
2496/3458 [====================>.........] - ETA: 47s - loss: 1.1756 - acc: 0.5160
2528/3458 [====================>.........] - ETA: 45s - loss: 1.1755 - acc: 0.5142
2560/3458 [=====================>........] - ETA: 44s - loss: 1.1794 - acc: 0.5133
2592/3458 [=====================>........] - ETA: 42s - loss: 1.1766 - acc: 0.5154
2624/3458 [=====================>........] - ETA: 41s - loss: 1.1766 - acc: 0.5164
2656/3458 [======================>.......] - ETA: 39s - loss: 1.1745 - acc: 0.5184
2688/3458 [======================>.......] - ETA: 37s - loss: 1.1719 - acc: 0.5201
2720/3458 [======================>.......] - ETA: 36s - loss: 1.1708 - acc: 0.5191
2752/3458 [======================>.......] - ETA: 34s - loss: 1.1730 - acc: 0.5185
2784/3458 [=======================>......] - ETA: 33s - loss: 1.1732 - acc: 0.5176
2816/3458 [=======================>......] - ETA: 31s - loss: 1.1741 - acc: 0.5170
2848/3458 [=======================>......] - ETA: 30s - loss: 1.1736 - acc: 0.5183
2880/3458 [=======================>......] - ETA: 28s - loss: 1.1724 - acc: 0.5188
2912/3458 [========================>.....] - ETA: 26s - loss: 1.1742 - acc: 0.5192
2944/3458 [========================>.....] - ETA: 25s - loss: 1.1742 - acc: 0.5194
2976/3458 [========================>.....] - ETA: 23s - loss: 1.1725 - acc: 0.5205
3008/3458 [=========================>....] - ETA: 22s - loss: 1.1730 - acc: 0.5199
3040/3458 [=========================>....] - ETA: 20s - loss: 1.1704 - acc: 0.5227
3072/3458 [=========================>....] - ETA: 18s - loss: 1.1684 - acc: 0.5234
3104/3458 [=========================>....] - ETA: 17s - loss: 1.1675 - acc: 0.5238
3136/3458 [==========================>...] - ETA: 15s - loss: 1.1658 - acc: 0.5230
3168/3458 [==========================>...] - ETA: 14s - loss: 1.1664 - acc: 0.5230
3200/3458 [==========================>...] - ETA: 12s - loss: 1.1663 - acc: 0.5219
3232/3458 [===========================>..] - ETA: 11s - loss: 1.1660 - acc: 0.5210
3264/3458 [===========================>..] - ETA: 9s - loss: 1.1643 - acc: 0.5224 
3296/3458 [===========================>..] - ETA: 7s - loss: 1.1635 - acc: 0.5231
3328/3458 [===========================>..] - ETA: 6s - loss: 1.1620 - acc: 0.5237
3360/3458 [============================>.] - ETA: 4s - loss: 1.1603 - acc: 0.5253
3392/3458 [============================>.] - ETA: 3s - loss: 1.1598 - acc: 0.5251
3424/3458 [============================>.] - ETA: 1s - loss: 1.1595 - acc: 0.5251
3456/3458 [============================>.] - ETA: 0s - loss: 1.1570 - acc: 0.5260
3458/3458 [==============================] - 171s 49ms/sample - loss: 1.1566 - acc: 0.5263

 32/865 [>.............................] - ETA: 7s - loss: 1.2034 - acc: 0.5938
 64/865 [=>............................] - ETA: 7s - loss: 1.2420 - acc: 0.4531
 96/865 [==>...........................] - ETA: 7s - loss: 1.3100 - acc: 0.4062
128/865 [===>..........................] - ETA: 6s - loss: 1.2426 - acc: 0.4297
160/865 [====>.........................] - ETA: 6s - loss: 1.2261 - acc: 0.4500
192/865 [=====>........................] - ETA: 6s - loss: 1.2047 - acc: 0.4531
224/865 [======>.......................] - ETA: 5s - loss: 1.2006 - acc: 0.4732
256/865 [=======>......................] - ETA: 5s - loss: 1.1760 - acc: 0.4844
288/865 [========>.....................] - ETA: 5s - loss: 1.1989 - acc: 0.4757
320/865 [==========>...................] - ETA: 4s - loss: 1.2085 - acc: 0.4781
352/865 [===========>..................] - ETA: 4s - loss: 1.2504 - acc: 0.4716
384/865 [============>.................] - ETA: 4s - loss: 1.2741 - acc: 0.4661
416/865 [=============>................] - ETA: 4s - loss: 1.2907 - acc: 0.4688
448/865 [==============>...............] - ETA: 3s - loss: 1.2898 - acc: 0.4665
480/865 [===============>..............] - ETA: 3s - loss: 1.3265 - acc: 0.4542
512/865 [================>.............] - ETA: 3s - loss: 1.3147 - acc: 0.4609
544/865 [=================>............] - ETA: 2s - loss: 1.3073 - acc: 0.4577
576/865 [==================>...........] - ETA: 2s - loss: 1.3157 - acc: 0.4531
608/865 [====================>.........] - ETA: 2s - loss: 1.3255 - acc: 0.4490
640/865 [=====================>........] - ETA: 2s - loss: 1.3173 - acc: 0.4500
672/865 [======================>.......] - ETA: 1s - loss: 1.3107 - acc: 0.4568
704/865 [=======================>......] - ETA: 1s - loss: 1.3225 - acc: 0.4616
736/865 [========================>.....] - ETA: 1s - loss: 1.3127 - acc: 0.4688
768/865 [=========================>....] - ETA: 0s - loss: 1.3116 - acc: 0.4661
800/865 [==========================>...] - ETA: 0s - loss: 1.3098 - acc: 0.4688
832/865 [===========================>..] - ETA: 0s - loss: 1.3055 - acc: 0.4712
864/865 [============================>.] - ETA: 0s - loss: 1.3085 - acc: 0.4688
865/865 [==============================] - 8s 9ms/sample - loss: 1.3078 - acc: 0.4694
