For Dropout_1=0.8 Dropout_2=0.8
daisy loaded
dandelion loaded
rose loaded
sunflower loaded
tulip loaded

  32/3458 [..............................] - ETA: 3:06 - loss: 1.6999 - acc: 0.1250
  64/3458 [..............................] - ETA: 2:56 - loss: 4.4304 - acc: 0.1562
  96/3458 [..............................] - ETA: 2:51 - loss: 3.9781 - acc: 0.1875
 128/3458 [>.............................] - ETA: 2:49 - loss: 3.6759 - acc: 0.1875
 160/3458 [>.............................] - ETA: 2:46 - loss: 3.2598 - acc: 0.1937
 192/3458 [>.............................] - ETA: 2:44 - loss: 2.9818 - acc: 0.2135
 224/3458 [>.............................] - ETA: 2:41 - loss: 2.7847 - acc: 0.2188
 256/3458 [=>............................] - ETA: 2:39 - loss: 2.6377 - acc: 0.2109
 288/3458 [=>............................] - ETA: 2:38 - loss: 2.5230 - acc: 0.2188
 320/3458 [=>............................] - ETA: 2:35 - loss: 2.4303 - acc: 0.2219
 352/3458 [==>...........................] - ETA: 2:34 - loss: 2.3544 - acc: 0.2188
 384/3458 [==>...........................] - ETA: 2:32 - loss: 2.2879 - acc: 0.2266
 416/3458 [==>...........................] - ETA: 2:31 - loss: 2.2281 - acc: 0.2332
 448/3458 [==>...........................] - ETA: 2:29 - loss: 2.1755 - acc: 0.2455
 480/3458 [===>..........................] - ETA: 2:27 - loss: 2.1417 - acc: 0.2458
 512/3458 [===>..........................] - ETA: 2:26 - loss: 2.1124 - acc: 0.2383
 544/3458 [===>..........................] - ETA: 2:24 - loss: 2.0799 - acc: 0.2353
 576/3458 [===>..........................] - ETA: 2:23 - loss: 2.0476 - acc: 0.2413
 608/3458 [====>.........................] - ETA: 2:21 - loss: 2.0177 - acc: 0.2451
 640/3458 [====>.........................] - ETA: 2:19 - loss: 1.9901 - acc: 0.2484
 672/3458 [====>.........................] - ETA: 2:18 - loss: 1.9629 - acc: 0.2500
 704/3458 [=====>........................] - ETA: 2:16 - loss: 1.9415 - acc: 0.2514
 736/3458 [=====>........................] - ETA: 2:14 - loss: 1.9154 - acc: 0.2582
 768/3458 [=====>........................] - ETA: 2:13 - loss: 1.9030 - acc: 0.2539
 800/3458 [=====>........................] - ETA: 2:11 - loss: 1.8806 - acc: 0.2575
 832/3458 [======>.......................] - ETA: 2:10 - loss: 1.8607 - acc: 0.2620
 864/3458 [======>.......................] - ETA: 2:08 - loss: 1.8460 - acc: 0.2639
 896/3458 [======>.......................] - ETA: 2:06 - loss: 1.8310 - acc: 0.2634
 928/3458 [=======>......................] - ETA: 2:05 - loss: 1.8183 - acc: 0.2672
 960/3458 [=======>......................] - ETA: 2:03 - loss: 1.8016 - acc: 0.2750
 992/3458 [=======>......................] - ETA: 2:02 - loss: 1.7901 - acc: 0.2792
1024/3458 [=======>......................] - ETA: 2:00 - loss: 1.7734 - acc: 0.2881
1056/3458 [========>.....................] - ETA: 1:58 - loss: 1.7638 - acc: 0.2898
1088/3458 [========>.....................] - ETA: 1:57 - loss: 1.7511 - acc: 0.2950
1120/3458 [========>.....................] - ETA: 1:55 - loss: 1.7436 - acc: 0.2964
1152/3458 [========>.....................] - ETA: 1:54 - loss: 1.7283 - acc: 0.3047
1184/3458 [=========>....................] - ETA: 1:52 - loss: 1.7186 - acc: 0.3091
1216/3458 [=========>....................] - ETA: 1:50 - loss: 1.7078 - acc: 0.3117
1248/3458 [=========>....................] - ETA: 1:49 - loss: 1.6984 - acc: 0.3141
1280/3458 [==========>...................] - ETA: 1:47 - loss: 1.6859 - acc: 0.3180
1312/3458 [==========>...................] - ETA: 1:46 - loss: 1.6761 - acc: 0.3232
1344/3458 [==========>...................] - ETA: 1:44 - loss: 1.6720 - acc: 0.3207
1376/3458 [==========>...................] - ETA: 1:42 - loss: 1.6637 - acc: 0.3227
1408/3458 [===========>..................] - ETA: 1:41 - loss: 1.6548 - acc: 0.3267
1440/3458 [===========>..................] - ETA: 1:39 - loss: 1.6498 - acc: 0.3306
1472/3458 [===========>..................] - ETA: 1:38 - loss: 1.6429 - acc: 0.3315
1504/3458 [============>.................] - ETA: 1:36 - loss: 1.6387 - acc: 0.3324
1536/3458 [============>.................] - ETA: 1:34 - loss: 1.6299 - acc: 0.3346
1568/3458 [============>.................] - ETA: 1:33 - loss: 1.6249 - acc: 0.3355
1600/3458 [============>.................] - ETA: 1:31 - loss: 1.6188 - acc: 0.3375
1632/3458 [=============>................] - ETA: 1:30 - loss: 1.6111 - acc: 0.3401
1664/3458 [=============>................] - ETA: 1:28 - loss: 1.6082 - acc: 0.3438
1696/3458 [=============>................] - ETA: 1:27 - loss: 1.6020 - acc: 0.3461
1728/3458 [=============>................] - ETA: 1:25 - loss: 1.5953 - acc: 0.3501
1760/3458 [==============>...............] - ETA: 1:23 - loss: 1.5943 - acc: 0.3506
1792/3458 [==============>...............] - ETA: 1:22 - loss: 1.5882 - acc: 0.3549
1824/3458 [==============>...............] - ETA: 1:20 - loss: 1.5891 - acc: 0.3558
1856/3458 [===============>..............] - ETA: 1:19 - loss: 1.5848 - acc: 0.3605
1888/3458 [===============>..............] - ETA: 1:17 - loss: 1.5820 - acc: 0.3586
1920/3458 [===============>..............] - ETA: 1:15 - loss: 1.5817 - acc: 0.3583
1952/3458 [===============>..............] - ETA: 1:14 - loss: 1.5779 - acc: 0.3571
1984/3458 [================>.............] - ETA: 1:12 - loss: 1.5747 - acc: 0.3579
2016/3458 [================>.............] - ETA: 1:11 - loss: 1.5710 - acc: 0.3571
2048/3458 [================>.............] - ETA: 1:09 - loss: 1.5671 - acc: 0.3589
2080/3458 [=================>............] - ETA: 1:08 - loss: 1.5629 - acc: 0.3601
2112/3458 [=================>............] - ETA: 1:06 - loss: 1.5594 - acc: 0.3613
2144/3458 [=================>............] - ETA: 1:04 - loss: 1.5535 - acc: 0.3638
2176/3458 [=================>............] - ETA: 1:03 - loss: 1.5568 - acc: 0.3663
2208/3458 [==================>...........] - ETA: 1:01 - loss: 1.5583 - acc: 0.3682
2240/3458 [==================>...........] - ETA: 1:00 - loss: 1.5565 - acc: 0.3683
2272/3458 [==================>...........] - ETA: 58s - loss: 1.5573 - acc: 0.3671 
2304/3458 [==================>...........] - ETA: 57s - loss: 1.5563 - acc: 0.3676
2336/3458 [===================>..........] - ETA: 55s - loss: 1.5508 - acc: 0.3682
2368/3458 [===================>..........] - ETA: 53s - loss: 1.5479 - acc: 0.3687
2400/3458 [===================>..........] - ETA: 52s - loss: 1.5465 - acc: 0.3671
2432/3458 [====================>.........] - ETA: 50s - loss: 1.5424 - acc: 0.3680
2464/3458 [====================>.........] - ETA: 49s - loss: 1.5381 - acc: 0.3681
2496/3458 [====================>.........] - ETA: 47s - loss: 1.5358 - acc: 0.3686
2528/3458 [====================>.........] - ETA: 45s - loss: 1.5339 - acc: 0.3706
2560/3458 [=====================>........] - ETA: 44s - loss: 1.5309 - acc: 0.3703
2592/3458 [=====================>........] - ETA: 42s - loss: 1.5264 - acc: 0.3727
2624/3458 [=====================>........] - ETA: 41s - loss: 1.5249 - acc: 0.3727
2656/3458 [======================>.......] - ETA: 39s - loss: 1.5240 - acc: 0.3727
2688/3458 [======================>.......] - ETA: 38s - loss: 1.5227 - acc: 0.3717
2720/3458 [======================>.......] - ETA: 36s - loss: 1.5189 - acc: 0.3732
2752/3458 [======================>.......] - ETA: 34s - loss: 1.5188 - acc: 0.3721
2784/3458 [=======================>......] - ETA: 33s - loss: 1.5154 - acc: 0.3746
2816/3458 [=======================>......] - ETA: 31s - loss: 1.5108 - acc: 0.3768
2848/3458 [=======================>......] - ETA: 30s - loss: 1.5090 - acc: 0.3771
2880/3458 [=======================>......] - ETA: 28s - loss: 1.5084 - acc: 0.3767
2912/3458 [========================>.....] - ETA: 26s - loss: 1.5072 - acc: 0.3777
2944/3458 [========================>.....] - ETA: 25s - loss: 1.5037 - acc: 0.3801
2976/3458 [========================>.....] - ETA: 23s - loss: 1.5019 - acc: 0.3810
3008/3458 [=========================>....] - ETA: 22s - loss: 1.4981 - acc: 0.3830
3040/3458 [=========================>....] - ETA: 20s - loss: 1.4958 - acc: 0.3829
3072/3458 [=========================>....] - ETA: 19s - loss: 1.4981 - acc: 0.3831
3104/3458 [=========================>....] - ETA: 17s - loss: 1.4955 - acc: 0.3840
3136/3458 [==========================>...] - ETA: 15s - loss: 1.4950 - acc: 0.3846
3168/3458 [==========================>...] - ETA: 14s - loss: 1.4931 - acc: 0.3842
3200/3458 [==========================>...] - ETA: 12s - loss: 1.4896 - acc: 0.3850
3232/3458 [===========================>..] - ETA: 11s - loss: 1.4877 - acc: 0.3837
3264/3458 [===========================>..] - ETA: 9s - loss: 1.4865 - acc: 0.3836 
3296/3458 [===========================>..] - ETA: 7s - loss: 1.4888 - acc: 0.3829
3328/3458 [===========================>..] - ETA: 6s - loss: 1.4885 - acc: 0.3825
3360/3458 [============================>.] - ETA: 4s - loss: 1.4868 - acc: 0.3836
3392/3458 [============================>.] - ETA: 3s - loss: 1.4853 - acc: 0.3853
3424/3458 [============================>.] - ETA: 1s - loss: 1.4830 - acc: 0.3867
3456/3458 [============================>.] - ETA: 0s - loss: 1.4826 - acc: 0.3872
3458/3458 [==============================] - 171s 50ms/sample - loss: 1.4824 - acc: 0.3872

 32/865 [>.............................] - ETA: 7s - loss: 1.2077 - acc: 0.4688
 64/865 [=>............................] - ETA: 7s - loss: 1.2683 - acc: 0.4375
 96/865 [==>...........................] - ETA: 7s - loss: 1.2941 - acc: 0.4062
128/865 [===>..........................] - ETA: 6s - loss: 1.2809 - acc: 0.4453
160/865 [====>.........................] - ETA: 6s - loss: 1.2751 - acc: 0.4750
192/865 [=====>........................] - ETA: 6s - loss: 1.2814 - acc: 0.4844
224/865 [======>.......................] - ETA: 5s - loss: 1.2890 - acc: 0.4732
256/865 [=======>......................] - ETA: 5s - loss: 1.2900 - acc: 0.4688
288/865 [========>.....................] - ETA: 5s - loss: 1.2782 - acc: 0.4653
320/865 [==========>...................] - ETA: 4s - loss: 1.2889 - acc: 0.4531
352/865 [===========>..................] - ETA: 4s - loss: 1.2746 - acc: 0.4773
384/865 [============>.................] - ETA: 4s - loss: 1.2725 - acc: 0.4844
416/865 [=============>................] - ETA: 4s - loss: 1.2825 - acc: 0.4832
448/865 [==============>...............] - ETA: 3s - loss: 1.2854 - acc: 0.4866
480/865 [===============>..............] - ETA: 3s - loss: 1.2929 - acc: 0.4750
512/865 [================>.............] - ETA: 3s - loss: 1.2967 - acc: 0.4785
544/865 [=================>............] - ETA: 2s - loss: 1.2905 - acc: 0.4779
576/865 [==================>...........] - ETA: 2s - loss: 1.3030 - acc: 0.4774
608/865 [====================>.........] - ETA: 2s - loss: 1.3215 - acc: 0.4720
640/865 [=====================>........] - ETA: 2s - loss: 1.3145 - acc: 0.4781
672/865 [======================>.......] - ETA: 1s - loss: 1.3171 - acc: 0.4777
704/865 [=======================>......] - ETA: 1s - loss: 1.3133 - acc: 0.4815
736/865 [========================>.....] - ETA: 1s - loss: 1.3123 - acc: 0.4796
768/865 [=========================>....] - ETA: 0s - loss: 1.3094 - acc: 0.4779
800/865 [==========================>...] - ETA: 0s - loss: 1.3124 - acc: 0.4812
832/865 [===========================>..] - ETA: 0s - loss: 1.3113 - acc: 0.4832
864/865 [============================>.] - ETA: 0s - loss: 1.3143 - acc: 0.4780
865/865 [==============================] - 8s 9ms/sample - loss: 1.3145 - acc: 0.4775

  32/3458 [..............................] - ETA: 2:43 - loss: 1.2425 - acc: 0.5938
  64/3458 [..............................] - ETA: 2:46 - loss: 1.3558 - acc: 0.5156
  96/3458 [..............................] - ETA: 2:45 - loss: 1.3100 - acc: 0.5521
 128/3458 [>.............................] - ETA: 2:43 - loss: 1.2623 - acc: 0.5391
 160/3458 [>.............................] - ETA: 2:41 - loss: 1.2741 - acc: 0.5625
 192/3458 [>.............................] - ETA: 2:40 - loss: 1.2909 - acc: 0.5521
 224/3458 [>.............................] - ETA: 2:38 - loss: 1.2822 - acc: 0.5223
 256/3458 [=>............................] - ETA: 2:37 - loss: 1.2608 - acc: 0.5352
 288/3458 [=>............................] - ETA: 2:35 - loss: 1.2593 - acc: 0.5312
 320/3458 [=>............................] - ETA: 2:34 - loss: 1.3423 - acc: 0.5156
 352/3458 [==>...........................] - ETA: 2:32 - loss: 1.3472 - acc: 0.4972
 384/3458 [==>...........................] - ETA: 2:31 - loss: 1.3349 - acc: 0.4896
 416/3458 [==>...........................] - ETA: 2:29 - loss: 1.3146 - acc: 0.4952
 448/3458 [==>...........................] - ETA: 2:27 - loss: 1.3074 - acc: 0.4866
 480/3458 [===>..........................] - ETA: 2:26 - loss: 1.3169 - acc: 0.4771
 512/3458 [===>..........................] - ETA: 2:24 - loss: 1.3167 - acc: 0.4746
 544/3458 [===>..........................] - ETA: 2:23 - loss: 1.3117 - acc: 0.4743
 576/3458 [===>..........................] - ETA: 2:21 - loss: 1.3130 - acc: 0.4688
 608/3458 [====>.........................] - ETA: 2:20 - loss: 1.3055 - acc: 0.4720
 640/3458 [====>.........................] - ETA: 2:18 - loss: 1.3058 - acc: 0.4656
 672/3458 [====>.........................] - ETA: 2:16 - loss: 1.3010 - acc: 0.4702
 704/3458 [=====>........................] - ETA: 2:15 - loss: 1.3130 - acc: 0.4645
 736/3458 [=====>........................] - ETA: 2:13 - loss: 1.3106 - acc: 0.4592
 768/3458 [=====>........................] - ETA: 2:12 - loss: 1.3092 - acc: 0.4557
 800/3458 [=====>........................] - ETA: 2:10 - loss: 1.3076 - acc: 0.4600
 832/3458 [======>.......................] - ETA: 2:09 - loss: 1.2999 - acc: 0.4663
 864/3458 [======>.......................] - ETA: 2:07 - loss: 1.2937 - acc: 0.4664
 896/3458 [======>.......................] - ETA: 2:06 - loss: 1.2898 - acc: 0.4688
 928/3458 [=======>......................] - ETA: 2:04 - loss: 1.2930 - acc: 0.4644
 960/3458 [=======>......................] - ETA: 2:02 - loss: 1.2852 - acc: 0.4677
 992/3458 [=======>......................] - ETA: 2:01 - loss: 1.2865 - acc: 0.4667
1024/3458 [=======>......................] - ETA: 1:59 - loss: 1.2883 - acc: 0.4629
1056/3458 [========>.....................] - ETA: 1:58 - loss: 1.2890 - acc: 0.4631
1088/3458 [========>.....................] - ETA: 1:56 - loss: 1.2847 - acc: 0.4651
1120/3458 [========>.....................] - ETA: 1:55 - loss: 1.2835 - acc: 0.4661
1152/3458 [========>.....................] - ETA: 1:53 - loss: 1.2850 - acc: 0.4661
1184/3458 [=========>....................] - ETA: 1:51 - loss: 1.2829 - acc: 0.4730
1216/3458 [=========>....................] - ETA: 1:50 - loss: 1.2862 - acc: 0.4696
1248/3458 [=========>....................] - ETA: 1:48 - loss: 1.2825 - acc: 0.4696
1280/3458 [==========>...................] - ETA: 1:47 - loss: 1.2887 - acc: 0.4727
1312/3458 [==========>...................] - ETA: 1:45 - loss: 1.2858 - acc: 0.4733
1344/3458 [==========>...................] - ETA: 1:43 - loss: 1.2824 - acc: 0.4732
1376/3458 [==========>...................] - ETA: 1:42 - loss: 1.2834 - acc: 0.4709
1408/3458 [===========>..................] - ETA: 1:40 - loss: 1.2833 - acc: 0.4666
1440/3458 [===========>..................] - ETA: 1:39 - loss: 1.2806 - acc: 0.4681
1472/3458 [===========>..................] - ETA: 1:37 - loss: 1.2794 - acc: 0.4701
1504/3458 [============>.................] - ETA: 1:36 - loss: 1.2767 - acc: 0.4734
1536/3458 [============>.................] - ETA: 1:34 - loss: 1.2791 - acc: 0.4740
1568/3458 [============>.................] - ETA: 1:32 - loss: 1.2814 - acc: 0.4713
1600/3458 [============>.................] - ETA: 1:31 - loss: 1.2819 - acc: 0.4725
1632/3458 [=============>................] - ETA: 1:29 - loss: 1.2817 - acc: 0.4730
1664/3458 [=============>................] - ETA: 1:28 - loss: 1.2803 - acc: 0.4730
1696/3458 [=============>................] - ETA: 1:26 - loss: 1.2796 - acc: 0.4752
1728/3458 [=============>................] - ETA: 1:25 - loss: 1.2852 - acc: 0.4757
1760/3458 [==============>...............] - ETA: 1:23 - loss: 1.2826 - acc: 0.4767
1792/3458 [==============>...............] - ETA: 1:22 - loss: 1.2848 - acc: 0.4754
1824/3458 [==============>...............] - ETA: 1:20 - loss: 1.2838 - acc: 0.4770
1856/3458 [===============>..............] - ETA: 1:18 - loss: 1.2846 - acc: 0.4758
1888/3458 [===============>..............] - ETA: 1:17 - loss: 1.2825 - acc: 0.4756
1920/3458 [===============>..............] - ETA: 1:15 - loss: 1.2802 - acc: 0.4760
1952/3458 [===============>..............] - ETA: 1:14 - loss: 1.2779 - acc: 0.4754
1984/3458 [================>.............] - ETA: 1:12 - loss: 1.2787 - acc: 0.4733
2016/3458 [================>.............] - ETA: 1:10 - loss: 1.2763 - acc: 0.4752
2048/3458 [================>.............] - ETA: 1:09 - loss: 1.2767 - acc: 0.4736
2080/3458 [=================>............] - ETA: 1:07 - loss: 1.2780 - acc: 0.4716
2112/3458 [=================>............] - ETA: 1:06 - loss: 1.2748 - acc: 0.4740
2144/3458 [=================>............] - ETA: 1:04 - loss: 1.2733 - acc: 0.4743
2176/3458 [=================>............] - ETA: 1:03 - loss: 1.2705 - acc: 0.4743
2208/3458 [==================>...........] - ETA: 1:01 - loss: 1.2705 - acc: 0.4742
2240/3458 [==================>...........] - ETA: 1:00 - loss: 1.2666 - acc: 0.4746
2272/3458 [==================>...........] - ETA: 58s - loss: 1.2653 - acc: 0.4749 
2304/3458 [==================>...........] - ETA: 56s - loss: 1.2643 - acc: 0.4774
2336/3458 [===================>..........] - ETA: 55s - loss: 1.2619 - acc: 0.4782
2368/3458 [===================>..........] - ETA: 53s - loss: 1.2590 - acc: 0.4772
2400/3458 [===================>..........] - ETA: 52s - loss: 1.2603 - acc: 0.4775
2432/3458 [====================>.........] - ETA: 50s - loss: 1.2594 - acc: 0.4790
2464/3458 [====================>.........] - ETA: 48s - loss: 1.2612 - acc: 0.4797
2496/3458 [====================>.........] - ETA: 47s - loss: 1.2632 - acc: 0.4788
2528/3458 [====================>.........] - ETA: 45s - loss: 1.2689 - acc: 0.4778
2560/3458 [=====================>........] - ETA: 44s - loss: 1.2725 - acc: 0.4770
2592/3458 [=====================>........] - ETA: 42s - loss: 1.2721 - acc: 0.4761
2624/3458 [=====================>........] - ETA: 41s - loss: 1.2728 - acc: 0.4760
2656/3458 [======================>.......] - ETA: 39s - loss: 1.2753 - acc: 0.4759
2688/3458 [======================>.......] - ETA: 37s - loss: 1.2781 - acc: 0.4758
2720/3458 [======================>.......] - ETA: 36s - loss: 1.2783 - acc: 0.4761
2752/3458 [======================>.......] - ETA: 34s - loss: 1.2799 - acc: 0.4742
2784/3458 [=======================>......] - ETA: 33s - loss: 1.2814 - acc: 0.4738
2816/3458 [=======================>......] - ETA: 31s - loss: 1.2825 - acc: 0.4741
2848/3458 [=======================>......] - ETA: 30s - loss: 1.2835 - acc: 0.4744
2880/3458 [=======================>......] - ETA: 28s - loss: 1.2845 - acc: 0.4747
2912/3458 [========================>.....] - ETA: 26s - loss: 1.2859 - acc: 0.4736
2944/3458 [========================>.....] - ETA: 25s - loss: 1.2845 - acc: 0.4749
2976/3458 [========================>.....] - ETA: 23s - loss: 1.2830 - acc: 0.4751
3008/3458 [=========================>....] - ETA: 22s - loss: 1.2815 - acc: 0.4761
3040/3458 [=========================>....] - ETA: 20s - loss: 1.2818 - acc: 0.4770
3072/3458 [=========================>....] - ETA: 19s - loss: 1.2830 - acc: 0.4766
3104/3458 [=========================>....] - ETA: 17s - loss: 1.2817 - acc: 0.4771
3136/3458 [==========================>...] - ETA: 15s - loss: 1.2791 - acc: 0.4783
3168/3458 [==========================>...] - ETA: 14s - loss: 1.2794 - acc: 0.4770
3200/3458 [==========================>...] - ETA: 12s - loss: 1.2806 - acc: 0.4772
3232/3458 [===========================>..] - ETA: 11s - loss: 1.2817 - acc: 0.4771
3264/3458 [===========================>..] - ETA: 9s - loss: 1.2806 - acc: 0.4786 
3296/3458 [===========================>..] - ETA: 7s - loss: 1.2811 - acc: 0.4772
3328/3458 [===========================>..] - ETA: 6s - loss: 1.2805 - acc: 0.4778
3360/3458 [============================>.] - ETA: 4s - loss: 1.2813 - acc: 0.4780
3392/3458 [============================>.] - ETA: 3s - loss: 1.2805 - acc: 0.4779
3424/3458 [============================>.] - ETA: 1s - loss: 1.2821 - acc: 0.4758
3456/3458 [============================>.] - ETA: 0s - loss: 1.2839 - acc: 0.4757
3458/3458 [==============================] - 171s 49ms/sample - loss: 1.2842 - acc: 0.4754

 32/865 [>.............................] - ETA: 7s - loss: 1.2109 - acc: 0.4688
 64/865 [=>............................] - ETA: 6s - loss: 1.1728 - acc: 0.5156
 96/865 [==>...........................] - ETA: 6s - loss: 1.1565 - acc: 0.5312
128/865 [===>..........................] - ETA: 6s - loss: 1.1597 - acc: 0.5859
160/865 [====>.........................] - ETA: 6s - loss: 1.1681 - acc: 0.6125
192/865 [=====>........................] - ETA: 6s - loss: 1.1809 - acc: 0.5990
224/865 [======>.......................] - ETA: 5s - loss: 1.1798 - acc: 0.5938
256/865 [=======>......................] - ETA: 5s - loss: 1.1831 - acc: 0.5859
288/865 [========>.....................] - ETA: 5s - loss: 1.1847 - acc: 0.5764
320/865 [==========>...................] - ETA: 4s - loss: 1.1781 - acc: 0.5625
352/865 [===========>..................] - ETA: 4s - loss: 1.1695 - acc: 0.5653
384/865 [============>.................] - ETA: 4s - loss: 1.1602 - acc: 0.5755
416/865 [=============>................] - ETA: 4s - loss: 1.1656 - acc: 0.5673
448/865 [==============>...............] - ETA: 3s - loss: 1.1602 - acc: 0.5625
480/865 [===============>..............] - ETA: 3s - loss: 1.1703 - acc: 0.5625
512/865 [================>.............] - ETA: 3s - loss: 1.1725 - acc: 0.5625
544/865 [=================>............] - ETA: 2s - loss: 1.1657 - acc: 0.5607
576/865 [==================>...........] - ETA: 2s - loss: 1.1830 - acc: 0.5625
608/865 [====================>.........] - ETA: 2s - loss: 1.1941 - acc: 0.5592
640/865 [=====================>........] - ETA: 2s - loss: 1.1865 - acc: 0.5672
672/865 [======================>.......] - ETA: 1s - loss: 1.1835 - acc: 0.5610
704/865 [=======================>......] - ETA: 1s - loss: 1.1827 - acc: 0.5597
736/865 [========================>.....] - ETA: 1s - loss: 1.1848 - acc: 0.5571
768/865 [=========================>....] - ETA: 0s - loss: 1.1799 - acc: 0.5612
800/865 [==========================>...] - ETA: 0s - loss: 1.1866 - acc: 0.5575
832/865 [===========================>..] - ETA: 0s - loss: 1.1826 - acc: 0.5625
864/865 [============================>.] - ETA: 0s - loss: 1.1854 - acc: 0.5613
865/865 [==============================] - 8s 9ms/sample - loss: 1.1853 - acc: 0.5607

  32/3458 [..............................] - ETA: 2:46 - loss: 1.3080 - acc: 0.4375
  64/3458 [..............................] - ETA: 2:45 - loss: 1.2773 - acc: 0.5156
  96/3458 [..............................] - ETA: 2:45 - loss: 1.2123 - acc: 0.5208
 128/3458 [>.............................] - ETA: 2:43 - loss: 1.3144 - acc: 0.4922
 160/3458 [>.............................] - ETA: 2:40 - loss: 1.2839 - acc: 0.5125
 192/3458 [>.............................] - ETA: 2:40 - loss: 1.2809 - acc: 0.4844
 224/3458 [>.............................] - ETA: 2:38 - loss: 1.2736 - acc: 0.5089
 256/3458 [=>............................] - ETA: 2:37 - loss: 1.2437 - acc: 0.5234
 288/3458 [=>............................] - ETA: 2:36 - loss: 1.2198 - acc: 0.5417
 320/3458 [=>............................] - ETA: 2:34 - loss: 1.2341 - acc: 0.5250
 352/3458 [==>...........................] - ETA: 2:32 - loss: 1.2459 - acc: 0.5170
 384/3458 [==>...........................] - ETA: 2:31 - loss: 1.2534 - acc: 0.5156
 416/3458 [==>...........................] - ETA: 2:29 - loss: 1.2355 - acc: 0.5216
 448/3458 [==>...........................] - ETA: 2:28 - loss: 1.2322 - acc: 0.5246
 480/3458 [===>..........................] - ETA: 2:26 - loss: 1.2276 - acc: 0.5208
 512/3458 [===>..........................] - ETA: 2:24 - loss: 1.2286 - acc: 0.5156
 544/3458 [===>..........................] - ETA: 2:23 - loss: 1.2192 - acc: 0.5221
 576/3458 [===>..........................] - ETA: 2:21 - loss: 1.2157 - acc: 0.5243
 608/3458 [====>.........................] - ETA: 2:20 - loss: 1.2126 - acc: 0.5181
 640/3458 [====>.........................] - ETA: 2:18 - loss: 1.2101 - acc: 0.5188
 672/3458 [====>.........................] - ETA: 2:17 - loss: 1.2036 - acc: 0.5149
 704/3458 [=====>........................] - ETA: 2:15 - loss: 1.1958 - acc: 0.5199
 736/3458 [=====>........................] - ETA: 2:13 - loss: 1.1920 - acc: 0.5231
 768/3458 [=====>........................] - ETA: 2:12 - loss: 1.1772 - acc: 0.5273
 800/3458 [=====>........................] - ETA: 2:10 - loss: 1.1624 - acc: 0.5362
 832/3458 [======>.......................] - ETA: 2:09 - loss: 1.1473 - acc: 0.5421
 864/3458 [======>.......................] - ETA: 2:07 - loss: 1.1350 - acc: 0.5486
 896/3458 [======>.......................] - ETA: 2:06 - loss: 1.1369 - acc: 0.5458
 928/3458 [=======>......................] - ETA: 2:04 - loss: 1.1373 - acc: 0.5442
 960/3458 [=======>......................] - ETA: 2:03 - loss: 1.1231 - acc: 0.5500
 992/3458 [=======>......................] - ETA: 2:01 - loss: 1.1217 - acc: 0.5514
1024/3458 [=======>......................] - ETA: 1:59 - loss: 1.1171 - acc: 0.5508
1056/3458 [========>.....................] - ETA: 1:58 - loss: 1.1178 - acc: 0.5511
1088/3458 [========>.....................] - ETA: 1:56 - loss: 1.1222 - acc: 0.5478
1120/3458 [========>.....................] - ETA: 1:55 - loss: 1.1224 - acc: 0.5509
1152/3458 [========>.....................] - ETA: 1:53 - loss: 1.1292 - acc: 0.5486
1184/3458 [=========>....................] - ETA: 1:52 - loss: 1.1363 - acc: 0.5465
1216/3458 [=========>....................] - ETA: 1:50 - loss: 1.1396 - acc: 0.5469
1248/3458 [=========>....................] - ETA: 1:48 - loss: 1.1477 - acc: 0.5449
1280/3458 [==========>...................] - ETA: 1:47 - loss: 1.1472 - acc: 0.5469
1312/3458 [==========>...................] - ETA: 1:45 - loss: 1.1413 - acc: 0.5511
1344/3458 [==========>...................] - ETA: 1:44 - loss: 1.1412 - acc: 0.5506
1376/3458 [==========>...................] - ETA: 1:42 - loss: 1.1448 - acc: 0.5516
1408/3458 [===========>..................] - ETA: 1:41 - loss: 1.1429 - acc: 0.5526
1440/3458 [===========>..................] - ETA: 1:39 - loss: 1.1427 - acc: 0.5556
1472/3458 [===========>..................] - ETA: 1:37 - loss: 1.1429 - acc: 0.5543
1504/3458 [============>.................] - ETA: 1:36 - loss: 1.1438 - acc: 0.5519
1536/3458 [============>.................] - ETA: 1:34 - loss: 1.1455 - acc: 0.5501
1568/3458 [============>.................] - ETA: 1:33 - loss: 1.1460 - acc: 0.5491
1600/3458 [============>.................] - ETA: 1:31 - loss: 1.1459 - acc: 0.5500
1632/3458 [=============>................] - ETA: 1:29 - loss: 1.1465 - acc: 0.5502
1664/3458 [=============>................] - ETA: 1:28 - loss: 1.1484 - acc: 0.5499
1696/3458 [=============>................] - ETA: 1:26 - loss: 1.1515 - acc: 0.5466
1728/3458 [=============>................] - ETA: 1:25 - loss: 1.1556 - acc: 0.5451
1760/3458 [==============>...............] - ETA: 1:23 - loss: 1.1529 - acc: 0.5472
1792/3458 [==============>...............] - ETA: 1:22 - loss: 1.1545 - acc: 0.5469
1824/3458 [==============>...............] - ETA: 1:20 - loss: 1.1503 - acc: 0.5488
1856/3458 [===============>..............] - ETA: 1:18 - loss: 1.1503 - acc: 0.5496
1888/3458 [===============>..............] - ETA: 1:17 - loss: 1.1521 - acc: 0.5493
1920/3458 [===============>..............] - ETA: 1:15 - loss: 1.1519 - acc: 0.5495
1952/3458 [===============>..............] - ETA: 1:14 - loss: 1.1508 - acc: 0.5507
1984/3458 [================>.............] - ETA: 1:12 - loss: 1.1512 - acc: 0.5509
2016/3458 [================>.............] - ETA: 1:11 - loss: 1.1506 - acc: 0.5511
2048/3458 [================>.............] - ETA: 1:09 - loss: 1.1530 - acc: 0.5498
2080/3458 [=================>............] - ETA: 1:07 - loss: 1.1539 - acc: 0.5495
2112/3458 [=================>............] - ETA: 1:06 - loss: 1.1542 - acc: 0.5492
2144/3458 [=================>............] - ETA: 1:04 - loss: 1.1584 - acc: 0.5494
2176/3458 [=================>............] - ETA: 1:03 - loss: 1.1578 - acc: 0.5496
2208/3458 [==================>...........] - ETA: 1:01 - loss: 1.1570 - acc: 0.5507
2240/3458 [==================>...........] - ETA: 1:00 - loss: 1.1575 - acc: 0.5513
2272/3458 [==================>...........] - ETA: 58s - loss: 1.1576 - acc: 0.5502 
2304/3458 [==================>...........] - ETA: 56s - loss: 1.1563 - acc: 0.5512
2336/3458 [===================>..........] - ETA: 55s - loss: 1.1529 - acc: 0.5527
2368/3458 [===================>..........] - ETA: 53s - loss: 1.1537 - acc: 0.5515
2400/3458 [===================>..........] - ETA: 52s - loss: 1.1549 - acc: 0.5500
2432/3458 [====================>.........] - ETA: 50s - loss: 1.1614 - acc: 0.5477
2464/3458 [====================>.........] - ETA: 48s - loss: 1.1625 - acc: 0.5450
2496/3458 [====================>.........] - ETA: 47s - loss: 1.1605 - acc: 0.5465
2528/3458 [====================>.........] - ETA: 45s - loss: 1.1629 - acc: 0.5451
2560/3458 [=====================>........] - ETA: 44s - loss: 1.1633 - acc: 0.5465
2592/3458 [=====================>........] - ETA: 42s - loss: 1.1621 - acc: 0.5475
2624/3458 [=====================>........] - ETA: 41s - loss: 1.1604 - acc: 0.5473
2656/3458 [======================>.......] - ETA: 39s - loss: 1.1606 - acc: 0.5471
2688/3458 [======================>.......] - ETA: 37s - loss: 1.1646 - acc: 0.5458
2720/3458 [======================>.......] - ETA: 36s - loss: 1.1642 - acc: 0.5456
2752/3458 [======================>.......] - ETA: 34s - loss: 1.1637 - acc: 0.5458
2784/3458 [=======================>......] - ETA: 33s - loss: 1.1632 - acc: 0.5460
2816/3458 [=======================>......] - ETA: 31s - loss: 1.1648 - acc: 0.5462
2848/3458 [=======================>......] - ETA: 30s - loss: 1.1630 - acc: 0.5471
2880/3458 [=======================>......] - ETA: 28s - loss: 1.1611 - acc: 0.5472
2912/3458 [========================>.....] - ETA: 26s - loss: 1.1607 - acc: 0.5474
2944/3458 [========================>.....] - ETA: 25s - loss: 1.1584 - acc: 0.5479
2976/3458 [========================>.....] - ETA: 23s - loss: 1.1571 - acc: 0.5474
3008/3458 [=========================>....] - ETA: 22s - loss: 1.1549 - acc: 0.5495
3040/3458 [=========================>....] - ETA: 20s - loss: 1.1535 - acc: 0.5513
3072/3458 [=========================>....] - ETA: 19s - loss: 1.1535 - acc: 0.5498
3104/3458 [=========================>....] - ETA: 17s - loss: 1.1506 - acc: 0.5515
3136/3458 [==========================>...] - ETA: 15s - loss: 1.1530 - acc: 0.5497
3168/3458 [==========================>...] - ETA: 14s - loss: 1.1518 - acc: 0.5508
3200/3458 [==========================>...] - ETA: 12s - loss: 1.1511 - acc: 0.5512
3232/3458 [===========================>..] - ETA: 11s - loss: 1.1521 - acc: 0.5520
3264/3458 [===========================>..] - ETA: 9s - loss: 1.1513 - acc: 0.5515 
3296/3458 [===========================>..] - ETA: 7s - loss: 1.1484 - acc: 0.5531
3328/3458 [===========================>..] - ETA: 6s - loss: 1.1487 - acc: 0.5529
3360/3458 [============================>.] - ETA: 4s - loss: 1.1479 - acc: 0.5539
3392/3458 [============================>.] - ETA: 3s - loss: 1.1485 - acc: 0.5537
3424/3458 [============================>.] - ETA: 1s - loss: 1.1486 - acc: 0.5537
3456/3458 [============================>.] - ETA: 0s - loss: 1.1474 - acc: 0.5541
3458/3458 [==============================] - 171s 49ms/sample - loss: 1.1471 - acc: 0.5544

 32/865 [>.............................] - ETA: 7s - loss: 1.3068 - acc: 0.5938
 64/865 [=>............................] - ETA: 7s - loss: 1.1800 - acc: 0.6094
 96/865 [==>...........................] - ETA: 7s - loss: 1.1363 - acc: 0.6042
128/865 [===>..........................] - ETA: 6s - loss: 1.1270 - acc: 0.6094
160/865 [====>.........................] - ETA: 6s - loss: 1.1349 - acc: 0.5875
192/865 [=====>........................] - ETA: 6s - loss: 1.1368 - acc: 0.5781
224/865 [======>.......................] - ETA: 5s - loss: 1.1288 - acc: 0.5938
256/865 [=======>......................] - ETA: 5s - loss: 1.1483 - acc: 0.5898
288/865 [========>.....................] - ETA: 5s - loss: 1.1685 - acc: 0.5833
320/865 [==========>...................] - ETA: 4s - loss: 1.1486 - acc: 0.5750
352/865 [===========>..................] - ETA: 4s - loss: 1.1343 - acc: 0.5852
384/865 [============>.................] - ETA: 4s - loss: 1.1110 - acc: 0.5885
416/865 [=============>................] - ETA: 4s - loss: 1.1160 - acc: 0.5769
448/865 [==============>...............] - ETA: 3s - loss: 1.1086 - acc: 0.5781
480/865 [===============>..............] - ETA: 3s - loss: 1.1153 - acc: 0.5792
512/865 [================>.............] - ETA: 3s - loss: 1.1182 - acc: 0.5840
544/865 [=================>............] - ETA: 2s - loss: 1.1088 - acc: 0.5809
576/865 [==================>...........] - ETA: 2s - loss: 1.1265 - acc: 0.5816
608/865 [====================>.........] - ETA: 2s - loss: 1.1337 - acc: 0.5740
640/865 [=====================>........] - ETA: 1s - loss: 1.1244 - acc: 0.5797
672/865 [======================>.......] - ETA: 1s - loss: 1.1175 - acc: 0.5789
704/865 [=======================>......] - ETA: 1s - loss: 1.1161 - acc: 0.5824
736/865 [========================>.....] - ETA: 1s - loss: 1.1243 - acc: 0.5815
768/865 [=========================>....] - ETA: 0s - loss: 1.1201 - acc: 0.5859
800/865 [==========================>...] - ETA: 0s - loss: 1.1212 - acc: 0.5875
832/865 [===========================>..] - ETA: 0s - loss: 1.1162 - acc: 0.5865
864/865 [============================>.] - ETA: 0s - loss: 1.1177 - acc: 0.5845
865/865 [==============================] - 8s 9ms/sample - loss: 1.1171 - acc: 0.5850

  32/3458 [..............................] - ETA: 2:46 - loss: 1.2061 - acc: 0.4688
  64/3458 [..............................] - ETA: 2:47 - loss: 1.0434 - acc: 0.5469
  96/3458 [..............................] - ETA: 2:44 - loss: 1.2658 - acc: 0.4792
 128/3458 [>.............................] - ETA: 2:43 - loss: 1.1921 - acc: 0.5156
 160/3458 [>.............................] - ETA: 2:42 - loss: 1.2046 - acc: 0.5250
 192/3458 [>.............................] - ETA: 2:40 - loss: 1.1785 - acc: 0.5208
 224/3458 [>.............................] - ETA: 2:39 - loss: 1.1618 - acc: 0.5223
 256/3458 [=>............................] - ETA: 2:37 - loss: 1.1615 - acc: 0.5312
 288/3458 [=>............................] - ETA: 2:35 - loss: 1.1552 - acc: 0.5312
 320/3458 [=>............................] - ETA: 2:34 - loss: 1.1355 - acc: 0.5437
 352/3458 [==>...........................] - ETA: 2:32 - loss: 1.1188 - acc: 0.5455
 384/3458 [==>...........................] - ETA: 2:31 - loss: 1.1164 - acc: 0.5417
 416/3458 [==>...........................] - ETA: 2:29 - loss: 1.0989 - acc: 0.5457
 448/3458 [==>...........................] - ETA: 2:27 - loss: 1.0935 - acc: 0.5558
 480/3458 [===>..........................] - ETA: 2:26 - loss: 1.0842 - acc: 0.5604
 512/3458 [===>..........................] - ETA: 2:25 - loss: 1.0823 - acc: 0.5527
 544/3458 [===>..........................] - ETA: 2:23 - loss: 1.0694 - acc: 0.5588
 576/3458 [===>..........................] - ETA: 2:22 - loss: 1.0681 - acc: 0.5625
 608/3458 [====>.........................] - ETA: 2:20 - loss: 1.0607 - acc: 0.5625
 640/3458 [====>.........................] - ETA: 2:19 - loss: 1.0602 - acc: 0.5688
 672/3458 [====>.........................] - ETA: 2:17 - loss: 1.0667 - acc: 0.5625
 704/3458 [=====>........................] - ETA: 2:15 - loss: 1.0768 - acc: 0.5653
 736/3458 [=====>........................] - ETA: 2:14 - loss: 1.0819 - acc: 0.5639
 768/3458 [=====>........................] - ETA: 2:12 - loss: 1.0859 - acc: 0.5599
 800/3458 [=====>........................] - ETA: 2:11 - loss: 1.0798 - acc: 0.5650
 832/3458 [======>.......................] - ETA: 2:09 - loss: 1.0758 - acc: 0.5709
 864/3458 [======>.......................] - ETA: 2:07 - loss: 1.0677 - acc: 0.5775
 896/3458 [======>.......................] - ETA: 2:06 - loss: 1.0692 - acc: 0.5815
 928/3458 [=======>......................] - ETA: 2:04 - loss: 1.0768 - acc: 0.5787
 960/3458 [=======>......................] - ETA: 2:03 - loss: 1.0759 - acc: 0.5813
 992/3458 [=======>......................] - ETA: 2:01 - loss: 1.0760 - acc: 0.5776
1024/3458 [=======>......................] - ETA: 2:00 - loss: 1.0730 - acc: 0.5811
1056/3458 [========>.....................] - ETA: 1:58 - loss: 1.0785 - acc: 0.5833
1088/3458 [========>.....................] - ETA: 1:57 - loss: 1.0736 - acc: 0.5882
1120/3458 [========>.....................] - ETA: 1:55 - loss: 1.0803 - acc: 0.5884
1152/3458 [========>.....................] - ETA: 1:53 - loss: 1.0786 - acc: 0.5885
1184/3458 [=========>....................] - ETA: 1:52 - loss: 1.0764 - acc: 0.5870
1216/3458 [=========>....................] - ETA: 1:50 - loss: 1.0750 - acc: 0.5888
1248/3458 [=========>....................] - ETA: 1:49 - loss: 1.0727 - acc: 0.5897
1280/3458 [==========>...................] - ETA: 1:47 - loss: 1.0724 - acc: 0.5906
1312/3458 [==========>...................] - ETA: 1:46 - loss: 1.0672 - acc: 0.5930
1344/3458 [==========>...................] - ETA: 1:44 - loss: 1.0633 - acc: 0.5960
1376/3458 [==========>...................] - ETA: 1:42 - loss: 1.0613 - acc: 0.5981
1408/3458 [===========>..................] - ETA: 1:41 - loss: 1.0644 - acc: 0.5945
1440/3458 [===========>..................] - ETA: 1:39 - loss: 1.0628 - acc: 0.5938
1472/3458 [===========>..................] - ETA: 1:38 - loss: 1.0669 - acc: 0.5938
1504/3458 [============>.................] - ETA: 1:36 - loss: 1.0759 - acc: 0.5944
1536/3458 [============>.................] - ETA: 1:35 - loss: 1.0760 - acc: 0.5964
1568/3458 [============>.................] - ETA: 1:33 - loss: 1.0751 - acc: 0.5969
1600/3458 [============>.................] - ETA: 1:31 - loss: 1.0711 - acc: 0.5981
1632/3458 [=============>................] - ETA: 1:30 - loss: 1.0690 - acc: 0.5987
1664/3458 [=============>................] - ETA: 1:28 - loss: 1.0659 - acc: 0.6010
1696/3458 [=============>................] - ETA: 1:27 - loss: 1.0738 - acc: 0.5985
1728/3458 [=============>................] - ETA: 1:25 - loss: 1.0714 - acc: 0.5990
1760/3458 [==============>...............] - ETA: 1:23 - loss: 1.0762 - acc: 0.5994
1792/3458 [==============>...............] - ETA: 1:22 - loss: 1.0721 - acc: 0.6027
1824/3458 [==============>...............] - ETA: 1:20 - loss: 1.0687 - acc: 0.6042
1856/3458 [===============>..............] - ETA: 1:19 - loss: 1.0627 - acc: 0.6072
1888/3458 [===============>..............] - ETA: 1:17 - loss: 1.0681 - acc: 0.6059
1920/3458 [===============>..............] - ETA: 1:16 - loss: 1.0694 - acc: 0.6062
1952/3458 [===============>..............] - ETA: 1:14 - loss: 1.0714 - acc: 0.6060
1984/3458 [================>.............] - ETA: 1:12 - loss: 1.0688 - acc: 0.6074
2016/3458 [================>.............] - ETA: 1:11 - loss: 1.0684 - acc: 0.6062
2048/3458 [================>.............] - ETA: 1:09 - loss: 1.0676 - acc: 0.6050
2080/3458 [=================>............] - ETA: 1:08 - loss: 1.0644 - acc: 0.6062
2112/3458 [=================>............] - ETA: 1:06 - loss: 1.0608 - acc: 0.6080
2144/3458 [=================>............] - ETA: 1:04 - loss: 1.0589 - acc: 0.6087
2176/3458 [=================>............] - ETA: 1:03 - loss: 1.0572 - acc: 0.6085
2208/3458 [==================>...........] - ETA: 1:01 - loss: 1.0611 - acc: 0.6091
2240/3458 [==================>...........] - ETA: 1:00 - loss: 1.0594 - acc: 0.6098
2272/3458 [==================>...........] - ETA: 58s - loss: 1.0621 - acc: 0.6087 
2304/3458 [==================>...........] - ETA: 57s - loss: 1.0623 - acc: 0.6089
2336/3458 [===================>..........] - ETA: 55s - loss: 1.0626 - acc: 0.6074
2368/3458 [===================>..........] - ETA: 53s - loss: 1.0604 - acc: 0.6085
2400/3458 [===================>..........] - ETA: 52s - loss: 1.0591 - acc: 0.6083
2432/3458 [====================>.........] - ETA: 50s - loss: 1.0603 - acc: 0.6081
2464/3458 [====================>.........] - ETA: 49s - loss: 1.0580 - acc: 0.6100
2496/3458 [====================>.........] - ETA: 47s - loss: 1.0577 - acc: 0.6102
2528/3458 [====================>.........] - ETA: 45s - loss: 1.0546 - acc: 0.6119
2560/3458 [=====================>........] - ETA: 44s - loss: 1.0520 - acc: 0.6133
2592/3458 [=====================>........] - ETA: 42s - loss: 1.0513 - acc: 0.6123
2624/3458 [=====================>........] - ETA: 41s - loss: 1.0512 - acc: 0.6113
2656/3458 [======================>.......] - ETA: 39s - loss: 1.0519 - acc: 0.6111
2688/3458 [======================>.......] - ETA: 38s - loss: 1.0494 - acc: 0.6116
2720/3458 [======================>.......] - ETA: 36s - loss: 1.0499 - acc: 0.6103
2752/3458 [======================>.......] - ETA: 34s - loss: 1.0499 - acc: 0.6105
2784/3458 [=======================>......] - ETA: 33s - loss: 1.0481 - acc: 0.6099
2816/3458 [=======================>......] - ETA: 31s - loss: 1.0457 - acc: 0.6112
2848/3458 [=======================>......] - ETA: 30s - loss: 1.0442 - acc: 0.6113
2880/3458 [=======================>......] - ETA: 28s - loss: 1.0393 - acc: 0.6142
2912/3458 [========================>.....] - ETA: 26s - loss: 1.0411 - acc: 0.6147
2944/3458 [========================>.....] - ETA: 25s - loss: 1.0431 - acc: 0.6138
2976/3458 [========================>.....] - ETA: 23s - loss: 1.0417 - acc: 0.6136
3008/3458 [=========================>....] - ETA: 22s - loss: 1.0388 - acc: 0.6147
3040/3458 [=========================>....] - ETA: 20s - loss: 1.0398 - acc: 0.6145
3072/3458 [=========================>....] - ETA: 19s - loss: 1.0432 - acc: 0.6126
3104/3458 [=========================>....] - ETA: 17s - loss: 1.0438 - acc: 0.6121
3136/3458 [==========================>...] - ETA: 15s - loss: 1.0459 - acc: 0.6116
3168/3458 [==========================>...] - ETA: 14s - loss: 1.0461 - acc: 0.6114
3200/3458 [==========================>...] - ETA: 12s - loss: 1.0470 - acc: 0.6106
3232/3458 [===========================>..] - ETA: 11s - loss: 1.0460 - acc: 0.6108
3264/3458 [===========================>..] - ETA: 9s - loss: 1.0465 - acc: 0.6103 
3296/3458 [===========================>..] - ETA: 7s - loss: 1.0476 - acc: 0.6101
3328/3458 [===========================>..] - ETA: 6s - loss: 1.0509 - acc: 0.6091
3360/3458 [============================>.] - ETA: 4s - loss: 1.0516 - acc: 0.6083
3392/3458 [============================>.] - ETA: 3s - loss: 1.0514 - acc: 0.6076
3424/3458 [============================>.] - ETA: 1s - loss: 1.0491 - acc: 0.6086
3456/3458 [============================>.] - ETA: 0s - loss: 1.0482 - acc: 0.6091
3458/3458 [==============================] - 171s 50ms/sample - loss: 1.0481 - acc: 0.6090

 32/865 [>.............................] - ETA: 7s - loss: 1.0271 - acc: 0.5312
 64/865 [=>............................] - ETA: 7s - loss: 0.9887 - acc: 0.5625
 96/865 [==>...........................] - ETA: 6s - loss: 0.9748 - acc: 0.5833
128/865 [===>..........................] - ETA: 6s - loss: 0.9832 - acc: 0.6094
160/865 [====>.........................] - ETA: 6s - loss: 0.9868 - acc: 0.6250
192/865 [=====>........................] - ETA: 6s - loss: 0.9980 - acc: 0.6302
224/865 [======>.......................] - ETA: 5s - loss: 0.9906 - acc: 0.6339
256/865 [=======>......................] - ETA: 5s - loss: 1.0397 - acc: 0.6133
288/865 [========>.....................] - ETA: 5s - loss: 1.0476 - acc: 0.6007
320/865 [==========>...................] - ETA: 4s - loss: 1.0484 - acc: 0.5938
352/865 [===========>..................] - ETA: 4s - loss: 1.0304 - acc: 0.6051
384/865 [============>.................] - ETA: 4s - loss: 1.0147 - acc: 0.6172
416/865 [=============>................] - ETA: 4s - loss: 1.0202 - acc: 0.6106
448/865 [==============>...............] - ETA: 3s - loss: 1.0188 - acc: 0.6138
480/865 [===============>..............] - ETA: 3s - loss: 1.0231 - acc: 0.6146
512/865 [================>.............] - ETA: 3s - loss: 1.0252 - acc: 0.6152
544/865 [=================>............] - ETA: 2s - loss: 1.0186 - acc: 0.6176
576/865 [==================>...........] - ETA: 2s - loss: 1.0315 - acc: 0.6233
608/865 [====================>.........] - ETA: 2s - loss: 1.0456 - acc: 0.6184
640/865 [=====================>........] - ETA: 2s - loss: 1.0389 - acc: 0.6203
672/865 [======================>.......] - ETA: 1s - loss: 1.0425 - acc: 0.6146
704/865 [=======================>......] - ETA: 1s - loss: 1.0374 - acc: 0.6136
736/865 [========================>.....] - ETA: 1s - loss: 1.0440 - acc: 0.6101
768/865 [=========================>....] - ETA: 0s - loss: 1.0392 - acc: 0.6107
800/865 [==========================>...] - ETA: 0s - loss: 1.0374 - acc: 0.6112
832/865 [===========================>..] - ETA: 0s - loss: 1.0420 - acc: 0.6142
864/865 [============================>.] - ETA: 0s - loss: 1.0467 - acc: 0.6076
865/865 [==============================] - 8s 9ms/sample - loss: 1.0469 - acc: 0.6069

  32/3458 [..............................] - ETA: 2:44 - loss: 0.6793 - acc: 0.7812
  64/3458 [..............................] - ETA: 2:46 - loss: 0.7794 - acc: 0.7500
  96/3458 [..............................] - ETA: 2:45 - loss: 0.9655 - acc: 0.7083
 128/3458 [>.............................] - ETA: 2:43 - loss: 0.9473 - acc: 0.6875
 160/3458 [>.............................] - ETA: 2:41 - loss: 0.9352 - acc: 0.6812
 192/3458 [>.............................] - ETA: 2:40 - loss: 0.9127 - acc: 0.6823
 224/3458 [>.............................] - ETA: 2:39 - loss: 0.9038 - acc: 0.6830
 256/3458 [=>............................] - ETA: 2:38 - loss: 0.9098 - acc: 0.6719
 288/3458 [=>............................] - ETA: 2:36 - loss: 0.8879 - acc: 0.6736
 320/3458 [=>............................] - ETA: 2:34 - loss: 0.9131 - acc: 0.6656
 352/3458 [==>...........................] - ETA: 2:33 - loss: 0.9011 - acc: 0.6648
 384/3458 [==>...........................] - ETA: 2:31 - loss: 0.9069 - acc: 0.6667
 416/3458 [==>...........................] - ETA: 2:30 - loss: 0.9114 - acc: 0.6635
 448/3458 [==>...........................] - ETA: 2:28 - loss: 0.9376 - acc: 0.6451
 480/3458 [===>..........................] - ETA: 2:27 - loss: 0.9470 - acc: 0.6396
 512/3458 [===>..........................] - ETA: 2:25 - loss: 0.9511 - acc: 0.6367
 544/3458 [===>..........................] - ETA: 2:23 - loss: 0.9492 - acc: 0.6324
 576/3458 [===>..........................] - ETA: 2:22 - loss: 0.9593 - acc: 0.6319
 608/3458 [====>.........................] - ETA: 2:20 - loss: 0.9550 - acc: 0.6365
 640/3458 [====>.........................] - ETA: 2:19 - loss: 0.9650 - acc: 0.6328
 672/3458 [====>.........................] - ETA: 2:17 - loss: 0.9629 - acc: 0.6339
 704/3458 [=====>........................] - ETA: 2:16 - loss: 0.9558 - acc: 0.6349
 736/3458 [=====>........................] - ETA: 2:14 - loss: 0.9499 - acc: 0.6386
 768/3458 [=====>........................] - ETA: 2:12 - loss: 0.9434 - acc: 0.6458
 800/3458 [=====>........................] - ETA: 2:11 - loss: 0.9502 - acc: 0.6438
 832/3458 [======>.......................] - ETA: 2:09 - loss: 0.9469 - acc: 0.6418
 864/3458 [======>.......................] - ETA: 2:08 - loss: 0.9445 - acc: 0.6424
 896/3458 [======>.......................] - ETA: 2:06 - loss: 0.9605 - acc: 0.6362
 928/3458 [=======>......................] - ETA: 2:04 - loss: 0.9507 - acc: 0.6369
 960/3458 [=======>......................] - ETA: 2:03 - loss: 0.9500 - acc: 0.6365
 992/3458 [=======>......................] - ETA: 2:01 - loss: 0.9525 - acc: 0.6371
1024/3458 [=======>......................] - ETA: 2:00 - loss: 0.9503 - acc: 0.6396
1056/3458 [========>.....................] - ETA: 1:58 - loss: 0.9481 - acc: 0.6383
1088/3458 [========>.....................] - ETA: 1:56 - loss: 0.9414 - acc: 0.6443
1120/3458 [========>.....................] - ETA: 1:55 - loss: 0.9401 - acc: 0.6464
1152/3458 [========>.....................] - ETA: 1:53 - loss: 0.9451 - acc: 0.6476
1184/3458 [=========>....................] - ETA: 1:52 - loss: 0.9491 - acc: 0.6453
1216/3458 [=========>....................] - ETA: 1:50 - loss: 0.9403 - acc: 0.6505
1248/3458 [=========>....................] - ETA: 1:49 - loss: 0.9397 - acc: 0.6490
1280/3458 [==========>...................] - ETA: 1:47 - loss: 0.9387 - acc: 0.6477
1312/3458 [==========>...................] - ETA: 1:45 - loss: 0.9359 - acc: 0.6509
1344/3458 [==========>...................] - ETA: 1:44 - loss: 0.9355 - acc: 0.6518
1376/3458 [==========>...................] - ETA: 1:42 - loss: 0.9378 - acc: 0.6519
1408/3458 [===========>..................] - ETA: 1:41 - loss: 0.9312 - acc: 0.6555
1440/3458 [===========>..................] - ETA: 1:39 - loss: 0.9326 - acc: 0.6528
1472/3458 [===========>..................] - ETA: 1:37 - loss: 0.9366 - acc: 0.6522
1504/3458 [============>.................] - ETA: 1:36 - loss: 0.9354 - acc: 0.6529
1536/3458 [============>.................] - ETA: 1:34 - loss: 0.9357 - acc: 0.6523
1568/3458 [============>.................] - ETA: 1:33 - loss: 0.9345 - acc: 0.6518
1600/3458 [============>.................] - ETA: 1:31 - loss: 0.9331 - acc: 0.6538
1632/3458 [=============>................] - ETA: 1:30 - loss: 0.9298 - acc: 0.6544
1664/3458 [=============>................] - ETA: 1:28 - loss: 0.9269 - acc: 0.6556
1696/3458 [=============>................] - ETA: 1:27 - loss: 0.9283 - acc: 0.6568
1728/3458 [=============>................] - ETA: 1:25 - loss: 0.9288 - acc: 0.6562
1760/3458 [==============>...............] - ETA: 1:23 - loss: 0.9322 - acc: 0.6540
1792/3458 [==============>...............] - ETA: 1:22 - loss: 0.9376 - acc: 0.6512
1824/3458 [==============>...............] - ETA: 1:20 - loss: 0.9373 - acc: 0.6524
1856/3458 [===============>..............] - ETA: 1:19 - loss: 0.9372 - acc: 0.6514
1888/3458 [===============>..............] - ETA: 1:17 - loss: 0.9356 - acc: 0.6504
1920/3458 [===============>..............] - ETA: 1:15 - loss: 0.9366 - acc: 0.6490
1952/3458 [===============>..............] - ETA: 1:14 - loss: 0.9382 - acc: 0.6481
1984/3458 [================>.............] - ETA: 1:12 - loss: 0.9380 - acc: 0.6467
2016/3458 [================>.............] - ETA: 1:11 - loss: 0.9369 - acc: 0.6478
2048/3458 [================>.............] - ETA: 1:09 - loss: 0.9353 - acc: 0.6484
2080/3458 [=================>............] - ETA: 1:08 - loss: 0.9348 - acc: 0.6486
2112/3458 [=================>............] - ETA: 1:06 - loss: 0.9319 - acc: 0.6487
2144/3458 [=================>............] - ETA: 1:04 - loss: 0.9315 - acc: 0.6483
2176/3458 [=================>............] - ETA: 1:03 - loss: 0.9319 - acc: 0.6471
2208/3458 [==================>...........] - ETA: 1:01 - loss: 0.9268 - acc: 0.6486
2240/3458 [==================>...........] - ETA: 1:00 - loss: 0.9239 - acc: 0.6487
2272/3458 [==================>...........] - ETA: 58s - loss: 0.9315 - acc: 0.6488 
2304/3458 [==================>...........] - ETA: 56s - loss: 0.9352 - acc: 0.6476
2336/3458 [===================>..........] - ETA: 55s - loss: 0.9336 - acc: 0.6485
2368/3458 [===================>..........] - ETA: 53s - loss: 0.9359 - acc: 0.6478
2400/3458 [===================>..........] - ETA: 52s - loss: 0.9349 - acc: 0.6479
2432/3458 [====================>.........] - ETA: 50s - loss: 0.9357 - acc: 0.6484
2464/3458 [====================>.........] - ETA: 49s - loss: 0.9359 - acc: 0.6489
2496/3458 [====================>.........] - ETA: 47s - loss: 0.9364 - acc: 0.6482
2528/3458 [====================>.........] - ETA: 45s - loss: 0.9383 - acc: 0.6479
2560/3458 [=====================>........] - ETA: 44s - loss: 0.9405 - acc: 0.6469
2592/3458 [=====================>........] - ETA: 42s - loss: 0.9464 - acc: 0.6451
2624/3458 [=====================>........] - ETA: 41s - loss: 0.9456 - acc: 0.6456
2656/3458 [======================>.......] - ETA: 39s - loss: 0.9464 - acc: 0.6442
2688/3458 [======================>.......] - ETA: 38s - loss: 0.9483 - acc: 0.6447
2720/3458 [======================>.......] - ETA: 36s - loss: 0.9508 - acc: 0.6445
2752/3458 [======================>.......] - ETA: 34s - loss: 0.9526 - acc: 0.6443
2784/3458 [=======================>......] - ETA: 33s - loss: 0.9510 - acc: 0.6444
2816/3458 [=======================>......] - ETA: 31s - loss: 0.9482 - acc: 0.6456
2848/3458 [=======================>......] - ETA: 30s - loss: 0.9474 - acc: 0.6461
2880/3458 [=======================>......] - ETA: 28s - loss: 0.9442 - acc: 0.6476
2912/3458 [========================>.....] - ETA: 26s - loss: 0.9481 - acc: 0.6470
2944/3458 [========================>.....] - ETA: 25s - loss: 0.9454 - acc: 0.6481
2976/3458 [========================>.....] - ETA: 23s - loss: 0.9433 - acc: 0.6489
3008/3458 [=========================>....] - ETA: 22s - loss: 0.9437 - acc: 0.6489
3040/3458 [=========================>....] - ETA: 20s - loss: 0.9443 - acc: 0.6487
3072/3458 [=========================>....] - ETA: 19s - loss: 0.9464 - acc: 0.6484
3104/3458 [=========================>....] - ETA: 17s - loss: 0.9457 - acc: 0.6485
3136/3458 [==========================>...] - ETA: 15s - loss: 0.9456 - acc: 0.6473
3168/3458 [==========================>...] - ETA: 14s - loss: 0.9482 - acc: 0.6471
3200/3458 [==========================>...] - ETA: 12s - loss: 0.9469 - acc: 0.6478
3232/3458 [===========================>..] - ETA: 11s - loss: 0.9463 - acc: 0.6476
3264/3458 [===========================>..] - ETA: 9s - loss: 0.9461 - acc: 0.6486 
3296/3458 [===========================>..] - ETA: 7s - loss: 0.9466 - acc: 0.6487
3328/3458 [===========================>..] - ETA: 6s - loss: 0.9456 - acc: 0.6484
3360/3458 [============================>.] - ETA: 4s - loss: 0.9426 - acc: 0.6500
3392/3458 [============================>.] - ETA: 3s - loss: 0.9407 - acc: 0.6504
3424/3458 [============================>.] - ETA: 1s - loss: 0.9414 - acc: 0.6498
3456/3458 [============================>.] - ETA: 0s - loss: 0.9422 - acc: 0.6484
3458/3458 [==============================] - 171s 49ms/sample - loss: 0.9418 - acc: 0.6486

 32/865 [>.............................] - ETA: 7s - loss: 0.9544 - acc: 0.6250
 64/865 [=>............................] - ETA: 6s - loss: 0.9011 - acc: 0.6406
 96/865 [==>...........................] - ETA: 7s - loss: 0.8781 - acc: 0.6667
128/865 [===>..........................] - ETA: 6s - loss: 0.8949 - acc: 0.6719
160/865 [====>.........................] - ETA: 6s - loss: 0.9111 - acc: 0.6812
192/865 [=====>........................] - ETA: 6s - loss: 0.9435 - acc: 0.6823
224/865 [======>.......................] - ETA: 5s - loss: 0.9131 - acc: 0.6920
256/865 [=======>......................] - ETA: 5s - loss: 0.9792 - acc: 0.6680
288/865 [========>.....................] - ETA: 5s - loss: 1.0041 - acc: 0.6528
320/865 [==========>...................] - ETA: 4s - loss: 1.0002 - acc: 0.6500
352/865 [===========>..................] - ETA: 4s - loss: 0.9879 - acc: 0.6619
384/865 [============>.................] - ETA: 4s - loss: 0.9649 - acc: 0.6719
416/865 [=============>................] - ETA: 4s - loss: 0.9708 - acc: 0.6659
448/865 [==============>...............] - ETA: 3s - loss: 0.9782 - acc: 0.6652
480/865 [===============>..............] - ETA: 3s - loss: 0.9866 - acc: 0.6604
512/865 [================>.............] - ETA: 3s - loss: 0.9806 - acc: 0.6562
544/865 [=================>............] - ETA: 2s - loss: 0.9684 - acc: 0.6581
576/865 [==================>...........] - ETA: 2s - loss: 0.9867 - acc: 0.6545
608/865 [====================>.........] - ETA: 2s - loss: 1.0044 - acc: 0.6480
640/865 [=====================>........] - ETA: 2s - loss: 0.9948 - acc: 0.6500
672/865 [======================>.......] - ETA: 1s - loss: 0.9931 - acc: 0.6473
704/865 [=======================>......] - ETA: 1s - loss: 0.9865 - acc: 0.6449
736/865 [========================>.....] - ETA: 1s - loss: 1.0000 - acc: 0.6427
768/865 [=========================>....] - ETA: 0s - loss: 0.9903 - acc: 0.6432
800/865 [==========================>...] - ETA: 0s - loss: 0.9859 - acc: 0.6438
832/865 [===========================>..] - ETA: 0s - loss: 0.9941 - acc: 0.6466
864/865 [============================>.] - ETA: 0s - loss: 0.9967 - acc: 0.6435
865/865 [==============================] - 8s 9ms/sample - loss: 0.9968 - acc: 0.6428
