For Dropout_1=0.3 Dropout_2=0.7
daisy loaded
dandelion loaded
rose loaded
sunflower loaded
tulip loaded

  32/3458 [..............................] - ETA: 3:08 - loss: 1.6054 - acc: 0.2500
  64/3458 [..............................] - ETA: 2:57 - loss: 9.4766 - acc: 0.2344
  96/3458 [..............................] - ETA: 2:50 - loss: 11.8634 - acc: 0.1875
 128/3458 [>.............................] - ETA: 2:46 - loss: 11.3719 - acc: 0.2031
 160/3458 [>.............................] - ETA: 2:44 - loss: 9.4746 - acc: 0.2000 
 192/3458 [>.............................] - ETA: 2:42 - loss: 8.1633 - acc: 0.2135
 224/3458 [>.............................] - ETA: 2:40 - loss: 7.2238 - acc: 0.2277
 256/3458 [=>............................] - ETA: 2:38 - loss: 6.5206 - acc: 0.2539
 288/3458 [=>............................] - ETA: 2:37 - loss: 5.9734 - acc: 0.2500
 320/3458 [=>............................] - ETA: 2:35 - loss: 5.5326 - acc: 0.2500
 352/3458 [==>...........................] - ETA: 2:33 - loss: 5.1709 - acc: 0.2500
 384/3458 [==>...........................] - ETA: 2:31 - loss: 4.8747 - acc: 0.2396
 416/3458 [==>...........................] - ETA: 2:30 - loss: 4.6171 - acc: 0.2332
 448/3458 [==>...........................] - ETA: 2:28 - loss: 4.3973 - acc: 0.2388
 480/3458 [===>..........................] - ETA: 2:26 - loss: 4.2108 - acc: 0.2417
 512/3458 [===>..........................] - ETA: 2:24 - loss: 4.0445 - acc: 0.2441
 544/3458 [===>..........................] - ETA: 2:23 - loss: 3.8923 - acc: 0.2482
 576/3458 [===>..........................] - ETA: 2:21 - loss: 3.7672 - acc: 0.2431
 608/3458 [====>.........................] - ETA: 2:20 - loss: 3.6488 - acc: 0.2467
 640/3458 [====>.........................] - ETA: 2:18 - loss: 3.5464 - acc: 0.2453
 672/3458 [====>.........................] - ETA: 2:16 - loss: 3.4471 - acc: 0.2440
 704/3458 [=====>........................] - ETA: 2:15 - loss: 3.3696 - acc: 0.2457
 736/3458 [=====>........................] - ETA: 2:13 - loss: 3.2883 - acc: 0.2500
 768/3458 [=====>........................] - ETA: 2:12 - loss: 3.2117 - acc: 0.2591
 800/3458 [=====>........................] - ETA: 2:10 - loss: 3.1482 - acc: 0.2625
 832/3458 [======>.......................] - ETA: 2:08 - loss: 3.0873 - acc: 0.2632
 864/3458 [======>.......................] - ETA: 2:07 - loss: 3.0238 - acc: 0.2720
 896/3458 [======>.......................] - ETA: 2:05 - loss: 2.9691 - acc: 0.2746
 928/3458 [=======>......................] - ETA: 2:04 - loss: 2.9179 - acc: 0.2812
 960/3458 [=======>......................] - ETA: 2:02 - loss: 2.8718 - acc: 0.2844
 992/3458 [=======>......................] - ETA: 2:00 - loss: 2.8226 - acc: 0.2893
1024/3458 [=======>......................] - ETA: 1:59 - loss: 2.7777 - acc: 0.2910
1056/3458 [========>.....................] - ETA: 1:57 - loss: 2.7335 - acc: 0.2973
1088/3458 [========>.....................] - ETA: 1:56 - loss: 2.6931 - acc: 0.3006
1120/3458 [========>.....................] - ETA: 1:54 - loss: 2.6608 - acc: 0.3009
1152/3458 [========>.....................] - ETA: 1:52 - loss: 2.6248 - acc: 0.3056
1184/3458 [=========>....................] - ETA: 1:51 - loss: 2.5990 - acc: 0.3091
1216/3458 [=========>....................] - ETA: 1:49 - loss: 2.5703 - acc: 0.3133
1248/3458 [=========>....................] - ETA: 1:48 - loss: 2.5416 - acc: 0.3125
1280/3458 [==========>...................] - ETA: 1:46 - loss: 2.5150 - acc: 0.3117
1312/3458 [==========>...................] - ETA: 1:45 - loss: 2.4893 - acc: 0.3140
1344/3458 [==========>...................] - ETA: 1:43 - loss: 2.4631 - acc: 0.3147
1376/3458 [==========>...................] - ETA: 1:42 - loss: 2.4452 - acc: 0.3147
1408/3458 [===========>..................] - ETA: 1:40 - loss: 2.4219 - acc: 0.3175
1440/3458 [===========>..................] - ETA: 1:38 - loss: 2.4005 - acc: 0.3174
1472/3458 [===========>..................] - ETA: 1:37 - loss: 2.3817 - acc: 0.3179
1504/3458 [============>.................] - ETA: 1:35 - loss: 2.3612 - acc: 0.3198
1536/3458 [============>.................] - ETA: 1:34 - loss: 2.3426 - acc: 0.3203
1568/3458 [============>.................] - ETA: 1:32 - loss: 2.3219 - acc: 0.3233
1600/3458 [============>.................] - ETA: 1:31 - loss: 2.3053 - acc: 0.3288
1632/3458 [=============>................] - ETA: 1:29 - loss: 2.2933 - acc: 0.3260
1664/3458 [=============>................] - ETA: 1:27 - loss: 2.2777 - acc: 0.3239
1696/3458 [=============>................] - ETA: 1:26 - loss: 2.2633 - acc: 0.3249
1728/3458 [=============>................] - ETA: 1:24 - loss: 2.2461 - acc: 0.3264
1760/3458 [==============>...............] - ETA: 1:23 - loss: 2.2315 - acc: 0.3284
1792/3458 [==============>...............] - ETA: 1:21 - loss: 2.2173 - acc: 0.3315
1824/3458 [==============>...............] - ETA: 1:20 - loss: 2.2032 - acc: 0.3355
1856/3458 [===============>..............] - ETA: 1:18 - loss: 2.1912 - acc: 0.3362
1888/3458 [===============>..............] - ETA: 1:16 - loss: 2.1780 - acc: 0.3379
1920/3458 [===============>..............] - ETA: 1:15 - loss: 2.1649 - acc: 0.3385
1952/3458 [===============>..............] - ETA: 1:13 - loss: 2.1512 - acc: 0.3397
1984/3458 [================>.............] - ETA: 1:12 - loss: 2.1397 - acc: 0.3412
2016/3458 [================>.............] - ETA: 1:10 - loss: 2.1319 - acc: 0.3398
2048/3458 [================>.............] - ETA: 1:09 - loss: 2.1197 - acc: 0.3418
2080/3458 [=================>............] - ETA: 1:07 - loss: 2.1062 - acc: 0.3438
2112/3458 [=================>............] - ETA: 1:05 - loss: 2.0941 - acc: 0.3452
2144/3458 [=================>............] - ETA: 1:04 - loss: 2.0828 - acc: 0.3479
2176/3458 [=================>............] - ETA: 1:02 - loss: 2.0730 - acc: 0.3488
2208/3458 [==================>...........] - ETA: 1:01 - loss: 2.0657 - acc: 0.3474
2240/3458 [==================>...........] - ETA: 59s - loss: 2.0576 - acc: 0.3464 
2272/3458 [==================>...........] - ETA: 58s - loss: 2.0482 - acc: 0.3490
2304/3458 [==================>...........] - ETA: 56s - loss: 2.0415 - acc: 0.3477
2336/3458 [===================>..........] - ETA: 54s - loss: 2.0336 - acc: 0.3472
2368/3458 [===================>..........] - ETA: 53s - loss: 2.0265 - acc: 0.3484
2400/3458 [===================>..........] - ETA: 51s - loss: 2.0201 - acc: 0.3462
2432/3458 [====================>.........] - ETA: 50s - loss: 2.0136 - acc: 0.3442
2464/3458 [====================>.........] - ETA: 48s - loss: 2.0060 - acc: 0.3433
2496/3458 [====================>.........] - ETA: 47s - loss: 1.9980 - acc: 0.3425
2528/3458 [====================>.........] - ETA: 45s - loss: 1.9909 - acc: 0.3426
2560/3458 [=====================>........] - ETA: 43s - loss: 1.9831 - acc: 0.3453
2592/3458 [=====================>........] - ETA: 42s - loss: 1.9765 - acc: 0.3465
2624/3458 [=====================>........] - ETA: 40s - loss: 1.9696 - acc: 0.3479
2656/3458 [======================>.......] - ETA: 39s - loss: 1.9625 - acc: 0.3490
2688/3458 [======================>.......] - ETA: 37s - loss: 1.9547 - acc: 0.3512
2720/3458 [======================>.......] - ETA: 36s - loss: 1.9485 - acc: 0.3529
2752/3458 [======================>.......] - ETA: 34s - loss: 1.9426 - acc: 0.3543
2784/3458 [=======================>......] - ETA: 32s - loss: 1.9365 - acc: 0.3538
2816/3458 [=======================>......] - ETA: 31s - loss: 1.9293 - acc: 0.3558
2848/3458 [=======================>......] - ETA: 29s - loss: 1.9242 - acc: 0.3557
2880/3458 [=======================>......] - ETA: 28s - loss: 1.9176 - acc: 0.3566
2912/3458 [========================>.....] - ETA: 26s - loss: 1.9098 - acc: 0.3578
2944/3458 [========================>.....] - ETA: 25s - loss: 1.9023 - acc: 0.3580
2976/3458 [========================>.....] - ETA: 23s - loss: 1.8977 - acc: 0.3585
3008/3458 [=========================>....] - ETA: 22s - loss: 1.8913 - acc: 0.3584
3040/3458 [=========================>....] - ETA: 20s - loss: 1.8870 - acc: 0.3582
3072/3458 [=========================>....] - ETA: 18s - loss: 1.8815 - acc: 0.3597
3104/3458 [=========================>....] - ETA: 17s - loss: 1.8750 - acc: 0.3605
3136/3458 [==========================>...] - ETA: 15s - loss: 1.8739 - acc: 0.3591
3168/3458 [==========================>...] - ETA: 14s - loss: 1.8711 - acc: 0.3576
3200/3458 [==========================>...] - ETA: 12s - loss: 1.8671 - acc: 0.3572
3232/3458 [===========================>..] - ETA: 11s - loss: 1.8616 - acc: 0.3589
3264/3458 [===========================>..] - ETA: 9s - loss: 1.8560 - acc: 0.3591 
3296/3458 [===========================>..] - ETA: 7s - loss: 1.8556 - acc: 0.3580
3328/3458 [===========================>..] - ETA: 6s - loss: 1.8532 - acc: 0.3591
3360/3458 [============================>.] - ETA: 4s - loss: 1.8482 - acc: 0.3601
3392/3458 [============================>.] - ETA: 3s - loss: 1.8456 - acc: 0.3608
3424/3458 [============================>.] - ETA: 1s - loss: 1.8426 - acc: 0.3592
3456/3458 [============================>.] - ETA: 0s - loss: 1.8388 - acc: 0.3588
3458/3458 [==============================] - 170s 49ms/sample - loss: 1.8387 - acc: 0.3586

 32/865 [>.............................] - ETA: 7s - loss: 1.3677 - acc: 0.4688
 64/865 [=>............................] - ETA: 7s - loss: 1.4486 - acc: 0.3750
 96/865 [==>...........................] - ETA: 7s - loss: 1.4237 - acc: 0.3750
128/865 [===>..........................] - ETA: 6s - loss: 1.4249 - acc: 0.3750
160/865 [====>.........................] - ETA: 6s - loss: 1.4173 - acc: 0.3812
192/865 [=====>........................] - ETA: 6s - loss: 1.4286 - acc: 0.3802
224/865 [======>.......................] - ETA: 5s - loss: 1.4251 - acc: 0.3973
256/865 [=======>......................] - ETA: 5s - loss: 1.4178 - acc: 0.4062
288/865 [========>.....................] - ETA: 5s - loss: 1.4173 - acc: 0.4097
320/865 [==========>...................] - ETA: 4s - loss: 1.4134 - acc: 0.4094
352/865 [===========>..................] - ETA: 4s - loss: 1.4129 - acc: 0.4062
384/865 [============>.................] - ETA: 4s - loss: 1.4173 - acc: 0.3932
416/865 [=============>................] - ETA: 4s - loss: 1.4163 - acc: 0.3942
448/865 [==============>...............] - ETA: 3s - loss: 1.4166 - acc: 0.3906
480/865 [===============>..............] - ETA: 3s - loss: 1.4183 - acc: 0.3896
512/865 [================>.............] - ETA: 3s - loss: 1.4232 - acc: 0.3887
544/865 [=================>............] - ETA: 2s - loss: 1.4264 - acc: 0.3824
576/865 [==================>...........] - ETA: 2s - loss: 1.4260 - acc: 0.3767
608/865 [====================>.........] - ETA: 2s - loss: 1.4183 - acc: 0.3865
640/865 [=====================>........] - ETA: 2s - loss: 1.4213 - acc: 0.3844
672/865 [======================>.......] - ETA: 1s - loss: 1.4230 - acc: 0.3899
704/865 [=======================>......] - ETA: 1s - loss: 1.4264 - acc: 0.3906
736/865 [========================>.....] - ETA: 1s - loss: 1.4261 - acc: 0.3967
768/865 [=========================>....] - ETA: 0s - loss: 1.4263 - acc: 0.3971
800/865 [==========================>...] - ETA: 0s - loss: 1.4220 - acc: 0.3938
832/865 [===========================>..] - ETA: 0s - loss: 1.4281 - acc: 0.3918
864/865 [============================>.] - ETA: 0s - loss: 1.4264 - acc: 0.3958
865/865 [==============================] - 8s 9ms/sample - loss: 1.4263 - acc: 0.3965

  32/3458 [..............................] - ETA: 2:45 - loss: 1.4177 - acc: 0.2500
  64/3458 [..............................] - ETA: 2:45 - loss: 1.4507 - acc: 0.3125
  96/3458 [..............................] - ETA: 2:43 - loss: 1.4313 - acc: 0.3229
 128/3458 [>.............................] - ETA: 2:41 - loss: 1.4165 - acc: 0.3750
 160/3458 [>.............................] - ETA: 2:40 - loss: 1.3729 - acc: 0.4062
 192/3458 [>.............................] - ETA: 2:39 - loss: 1.3890 - acc: 0.3854
 224/3458 [>.............................] - ETA: 2:37 - loss: 1.3665 - acc: 0.3973
 256/3458 [=>............................] - ETA: 2:36 - loss: 1.3742 - acc: 0.3867
 288/3458 [=>............................] - ETA: 2:34 - loss: 1.3756 - acc: 0.3889
 320/3458 [=>............................] - ETA: 2:33 - loss: 1.3741 - acc: 0.3969
 352/3458 [==>...........................] - ETA: 2:31 - loss: 1.3774 - acc: 0.4006
 384/3458 [==>...........................] - ETA: 2:30 - loss: 1.4079 - acc: 0.3958
 416/3458 [==>...........................] - ETA: 2:28 - loss: 1.4015 - acc: 0.4038
 448/3458 [==>...........................] - ETA: 2:26 - loss: 1.4055 - acc: 0.4040
 480/3458 [===>..........................] - ETA: 2:25 - loss: 1.4038 - acc: 0.4000
 512/3458 [===>..........................] - ETA: 2:23 - loss: 1.4104 - acc: 0.3887
 544/3458 [===>..........................] - ETA: 2:22 - loss: 1.4177 - acc: 0.3879
 576/3458 [===>..........................] - ETA: 2:20 - loss: 1.4167 - acc: 0.3906
 608/3458 [====>.........................] - ETA: 2:19 - loss: 1.4131 - acc: 0.3947
 640/3458 [====>.........................] - ETA: 2:17 - loss: 1.4133 - acc: 0.3953
 672/3458 [====>.........................] - ETA: 2:16 - loss: 1.4081 - acc: 0.3973
 704/3458 [=====>........................] - ETA: 2:14 - loss: 1.4224 - acc: 0.3963
 736/3458 [=====>........................] - ETA: 2:13 - loss: 1.4200 - acc: 0.3940
 768/3458 [=====>........................] - ETA: 2:11 - loss: 1.4205 - acc: 0.3932
 800/3458 [=====>........................] - ETA: 2:09 - loss: 1.4179 - acc: 0.3938
 832/3458 [======>.......................] - ETA: 2:08 - loss: 1.4197 - acc: 0.3930
 864/3458 [======>.......................] - ETA: 2:06 - loss: 1.4163 - acc: 0.3970
 896/3458 [======>.......................] - ETA: 2:05 - loss: 1.4222 - acc: 0.3940
 928/3458 [=======>......................] - ETA: 2:03 - loss: 1.4215 - acc: 0.3955
 960/3458 [=======>......................] - ETA: 2:02 - loss: 1.4189 - acc: 0.3969
 992/3458 [=======>......................] - ETA: 2:00 - loss: 1.4179 - acc: 0.3962
1024/3458 [=======>......................] - ETA: 1:58 - loss: 1.4171 - acc: 0.3955
1056/3458 [========>.....................] - ETA: 1:57 - loss: 1.4171 - acc: 0.3977
1088/3458 [========>.....................] - ETA: 1:55 - loss: 1.4210 - acc: 0.3971
1120/3458 [========>.....................] - ETA: 1:54 - loss: 1.4209 - acc: 0.3973
1152/3458 [========>.....................] - ETA: 1:52 - loss: 1.4206 - acc: 0.3967
1184/3458 [=========>....................] - ETA: 1:51 - loss: 1.4161 - acc: 0.3953
1216/3458 [=========>....................] - ETA: 1:49 - loss: 1.4135 - acc: 0.3956
1248/3458 [=========>....................] - ETA: 1:47 - loss: 1.4134 - acc: 0.3966
1280/3458 [==========>...................] - ETA: 1:46 - loss: 1.4097 - acc: 0.4039
1312/3458 [==========>...................] - ETA: 1:44 - loss: 1.4103 - acc: 0.4002
1344/3458 [==========>...................] - ETA: 1:43 - loss: 1.4074 - acc: 0.4010
1376/3458 [==========>...................] - ETA: 1:41 - loss: 1.4053 - acc: 0.4041
1408/3458 [===========>..................] - ETA: 1:40 - loss: 1.4055 - acc: 0.4041
1440/3458 [===========>..................] - ETA: 1:38 - loss: 1.3982 - acc: 0.4076
1472/3458 [===========>..................] - ETA: 1:37 - loss: 1.3955 - acc: 0.4076
1504/3458 [============>.................] - ETA: 1:35 - loss: 1.3963 - acc: 0.4069
1536/3458 [============>.................] - ETA: 1:33 - loss: 1.3926 - acc: 0.4082
1568/3458 [============>.................] - ETA: 1:32 - loss: 1.3952 - acc: 0.4062
1600/3458 [============>.................] - ETA: 1:30 - loss: 1.3956 - acc: 0.4050
1632/3458 [=============>................] - ETA: 1:29 - loss: 1.3967 - acc: 0.4044
1664/3458 [=============>................] - ETA: 1:27 - loss: 1.3989 - acc: 0.4044
1696/3458 [=============>................] - ETA: 1:26 - loss: 1.3987 - acc: 0.4051
1728/3458 [=============>................] - ETA: 1:24 - loss: 1.4013 - acc: 0.4039
1760/3458 [==============>...............] - ETA: 1:22 - loss: 1.4007 - acc: 0.4011
1792/3458 [==============>...............] - ETA: 1:21 - loss: 1.4018 - acc: 0.4001
1824/3458 [==============>...............] - ETA: 1:19 - loss: 1.4006 - acc: 0.4024
1856/3458 [===============>..............] - ETA: 1:18 - loss: 1.3979 - acc: 0.4041
1888/3458 [===============>..............] - ETA: 1:16 - loss: 1.3974 - acc: 0.4052
1920/3458 [===============>..............] - ETA: 1:15 - loss: 1.3964 - acc: 0.4068
1952/3458 [===============>..............] - ETA: 1:13 - loss: 1.3948 - acc: 0.4083
1984/3458 [================>.............] - ETA: 1:12 - loss: 1.3960 - acc: 0.4068
2016/3458 [================>.............] - ETA: 1:10 - loss: 1.3975 - acc: 0.4048
2048/3458 [================>.............] - ETA: 1:08 - loss: 1.3967 - acc: 0.4053
2080/3458 [=================>............] - ETA: 1:07 - loss: 1.3953 - acc: 0.4058
2112/3458 [=================>............] - ETA: 1:05 - loss: 1.3940 - acc: 0.4053
2144/3458 [=================>............] - ETA: 1:04 - loss: 1.3938 - acc: 0.4049
2176/3458 [=================>............] - ETA: 1:02 - loss: 1.4060 - acc: 0.4026
2208/3458 [==================>...........] - ETA: 1:01 - loss: 1.4049 - acc: 0.4040
2240/3458 [==================>...........] - ETA: 59s - loss: 1.4045 - acc: 0.4049 
2272/3458 [==================>...........] - ETA: 57s - loss: 1.4034 - acc: 0.4040
2304/3458 [==================>...........] - ETA: 56s - loss: 1.4028 - acc: 0.4045
2336/3458 [===================>..........] - ETA: 54s - loss: 1.4026 - acc: 0.4037
2368/3458 [===================>..........] - ETA: 53s - loss: 1.4039 - acc: 0.4050
2400/3458 [===================>..........] - ETA: 51s - loss: 1.4013 - acc: 0.4058
2432/3458 [====================>.........] - ETA: 50s - loss: 1.3995 - acc: 0.4071
2464/3458 [====================>.........] - ETA: 48s - loss: 1.4006 - acc: 0.4071
2496/3458 [====================>.........] - ETA: 47s - loss: 1.3985 - acc: 0.4079
2528/3458 [====================>.........] - ETA: 45s - loss: 1.3987 - acc: 0.4070
2560/3458 [=====================>........] - ETA: 43s - loss: 1.3964 - acc: 0.4078
2592/3458 [=====================>........] - ETA: 42s - loss: 1.3941 - acc: 0.4086
2624/3458 [=====================>........] - ETA: 40s - loss: 1.3925 - acc: 0.4082
2656/3458 [======================>.......] - ETA: 39s - loss: 1.3908 - acc: 0.4078
2688/3458 [======================>.......] - ETA: 37s - loss: 1.3903 - acc: 0.4081
2720/3458 [======================>.......] - ETA: 36s - loss: 1.3893 - acc: 0.4096
2752/3458 [======================>.......] - ETA: 34s - loss: 1.3884 - acc: 0.4092
2784/3458 [=======================>......] - ETA: 32s - loss: 1.3881 - acc: 0.4088
2816/3458 [=======================>......] - ETA: 31s - loss: 1.3880 - acc: 0.4080
2848/3458 [=======================>......] - ETA: 29s - loss: 1.3884 - acc: 0.4084
2880/3458 [=======================>......] - ETA: 28s - loss: 1.3890 - acc: 0.4083
2912/3458 [========================>.....] - ETA: 26s - loss: 1.3911 - acc: 0.4066
2944/3458 [========================>.....] - ETA: 25s - loss: 1.3912 - acc: 0.4066
2976/3458 [========================>.....] - ETA: 23s - loss: 1.3905 - acc: 0.4073
3008/3458 [=========================>....] - ETA: 22s - loss: 1.3894 - acc: 0.4076
3040/3458 [=========================>....] - ETA: 20s - loss: 1.3874 - acc: 0.4089
3072/3458 [=========================>....] - ETA: 18s - loss: 1.3873 - acc: 0.4085
3104/3458 [=========================>....] - ETA: 17s - loss: 1.3892 - acc: 0.4075
3136/3458 [==========================>...] - ETA: 15s - loss: 1.3886 - acc: 0.4078
3168/3458 [==========================>...] - ETA: 14s - loss: 1.3882 - acc: 0.4094
3200/3458 [==========================>...] - ETA: 12s - loss: 1.3872 - acc: 0.4103
3232/3458 [===========================>..] - ETA: 11s - loss: 1.3861 - acc: 0.4087
3264/3458 [===========================>..] - ETA: 9s - loss: 1.3840 - acc: 0.4096 
3296/3458 [===========================>..] - ETA: 7s - loss: 1.3831 - acc: 0.4108
3328/3458 [===========================>..] - ETA: 6s - loss: 1.3832 - acc: 0.4108
3360/3458 [============================>.] - ETA: 4s - loss: 1.3820 - acc: 0.4122
3392/3458 [============================>.] - ETA: 3s - loss: 1.3812 - acc: 0.4121
3424/3458 [============================>.] - ETA: 1s - loss: 1.3795 - acc: 0.4138
3456/3458 [============================>.] - ETA: 0s - loss: 1.3788 - acc: 0.4132
3458/3458 [==============================] - 170s 49ms/sample - loss: 1.3785 - acc: 0.4132

 32/865 [>.............................] - ETA: 7s - loss: 2.3822 - acc: 0.4062
 64/865 [=>............................] - ETA: 7s - loss: 1.8590 - acc: 0.4062
 96/865 [==>...........................] - ETA: 6s - loss: 1.6929 - acc: 0.4062
128/865 [===>..........................] - ETA: 6s - loss: 1.6705 - acc: 0.3906
160/865 [====>.........................] - ETA: 6s - loss: 1.5695 - acc: 0.3812
192/865 [=====>........................] - ETA: 6s - loss: 1.5937 - acc: 0.3698
224/865 [======>.......................] - ETA: 5s - loss: 1.5828 - acc: 0.4062
256/865 [=======>......................] - ETA: 5s - loss: 1.5245 - acc: 0.4219
288/865 [========>.....................] - ETA: 5s - loss: 1.5330 - acc: 0.4167
320/865 [==========>...................] - ETA: 4s - loss: 1.5035 - acc: 0.4156
352/865 [===========>..................] - ETA: 4s - loss: 1.5144 - acc: 0.4148
384/865 [============>.................] - ETA: 4s - loss: 1.5108 - acc: 0.4062
416/865 [=============>................] - ETA: 4s - loss: 1.4930 - acc: 0.4111
448/865 [==============>...............] - ETA: 3s - loss: 1.4880 - acc: 0.4040
480/865 [===============>..............] - ETA: 3s - loss: 1.4742 - acc: 0.4062
512/865 [================>.............] - ETA: 3s - loss: 1.4719 - acc: 0.4043
544/865 [=================>............] - ETA: 2s - loss: 1.4673 - acc: 0.4007
576/865 [==================>...........] - ETA: 2s - loss: 1.4852 - acc: 0.3958
608/865 [====================>.........] - ETA: 2s - loss: 1.4800 - acc: 0.3914
640/865 [=====================>........] - ETA: 2s - loss: 1.4785 - acc: 0.3891
672/865 [======================>.......] - ETA: 1s - loss: 1.4956 - acc: 0.3899
704/865 [=======================>......] - ETA: 1s - loss: 1.4897 - acc: 0.3920
736/865 [========================>.....] - ETA: 1s - loss: 1.5510 - acc: 0.3995
768/865 [=========================>....] - ETA: 0s - loss: 1.5487 - acc: 0.3958
800/865 [==========================>...] - ETA: 0s - loss: 1.5443 - acc: 0.3913
832/865 [===========================>..] - ETA: 0s - loss: 1.5406 - acc: 0.3906
864/865 [============================>.] - ETA: 0s - loss: 1.5292 - acc: 0.3970
865/865 [==============================] - 8s 9ms/sample - loss: 1.5290 - acc: 0.3965

  32/3458 [..............................] - ETA: 2:47 - loss: 1.0464 - acc: 0.6250
  64/3458 [..............................] - ETA: 2:45 - loss: 1.3124 - acc: 0.5312
  96/3458 [..............................] - ETA: 2:44 - loss: 1.9438 - acc: 0.4792
 128/3458 [>.............................] - ETA: 2:42 - loss: 1.7705 - acc: 0.4766
 160/3458 [>.............................] - ETA: 2:41 - loss: 1.7566 - acc: 0.4437
 192/3458 [>.............................] - ETA: 2:39 - loss: 1.7150 - acc: 0.4375
 224/3458 [>.............................] - ETA: 2:37 - loss: 1.6738 - acc: 0.4196
 256/3458 [=>............................] - ETA: 2:35 - loss: 1.6401 - acc: 0.4141
 288/3458 [=>............................] - ETA: 2:34 - loss: 1.6159 - acc: 0.4097
 320/3458 [=>............................] - ETA: 2:33 - loss: 1.5952 - acc: 0.4031
 352/3458 [==>...........................] - ETA: 2:32 - loss: 1.5817 - acc: 0.4034
 384/3458 [==>...........................] - ETA: 2:30 - loss: 1.5595 - acc: 0.4036
 416/3458 [==>...........................] - ETA: 2:28 - loss: 1.5394 - acc: 0.4062
 448/3458 [==>...........................] - ETA: 2:26 - loss: 1.5230 - acc: 0.4107
 480/3458 [===>..........................] - ETA: 2:25 - loss: 1.5111 - acc: 0.4062
 512/3458 [===>..........................] - ETA: 2:24 - loss: 1.5018 - acc: 0.4062
 544/3458 [===>..........................] - ETA: 2:22 - loss: 1.4967 - acc: 0.4026
 576/3458 [===>..........................] - ETA: 2:20 - loss: 1.4805 - acc: 0.4097
 608/3458 [====>.........................] - ETA: 2:19 - loss: 1.4749 - acc: 0.4161
 640/3458 [====>.........................] - ETA: 2:17 - loss: 1.4695 - acc: 0.4203
 672/3458 [====>.........................] - ETA: 2:16 - loss: 1.4696 - acc: 0.4182
 704/3458 [=====>........................] - ETA: 2:14 - loss: 1.4542 - acc: 0.4261
 736/3458 [=====>........................] - ETA: 2:12 - loss: 1.4606 - acc: 0.4185
 768/3458 [=====>........................] - ETA: 2:11 - loss: 1.4536 - acc: 0.4180
 800/3458 [=====>........................] - ETA: 2:09 - loss: 1.4429 - acc: 0.4212
 832/3458 [======>.......................] - ETA: 2:08 - loss: 1.4331 - acc: 0.4219
 864/3458 [======>.......................] - ETA: 2:06 - loss: 1.4268 - acc: 0.4271
 896/3458 [======>.......................] - ETA: 2:05 - loss: 1.4197 - acc: 0.4275
 928/3458 [=======>......................] - ETA: 2:03 - loss: 1.4204 - acc: 0.4289
 960/3458 [=======>......................] - ETA: 2:01 - loss: 1.4203 - acc: 0.4260
 992/3458 [=======>......................] - ETA: 2:00 - loss: 1.4264 - acc: 0.4274
1024/3458 [=======>......................] - ETA: 1:58 - loss: 1.4242 - acc: 0.4277
1056/3458 [========>.....................] - ETA: 1:57 - loss: 1.4232 - acc: 0.4223
1088/3458 [========>.....................] - ETA: 1:55 - loss: 1.4232 - acc: 0.4200
1120/3458 [========>.....................] - ETA: 1:54 - loss: 1.4250 - acc: 0.4205
1152/3458 [========>.....................] - ETA: 1:52 - loss: 1.4236 - acc: 0.4167
1184/3458 [=========>....................] - ETA: 1:50 - loss: 1.4233 - acc: 0.4105
1216/3458 [=========>....................] - ETA: 1:49 - loss: 1.4201 - acc: 0.4112
1248/3458 [=========>....................] - ETA: 1:47 - loss: 1.4175 - acc: 0.4111
1280/3458 [==========>...................] - ETA: 1:46 - loss: 1.4169 - acc: 0.4133
1312/3458 [==========>...................] - ETA: 1:44 - loss: 1.4153 - acc: 0.4146
1344/3458 [==========>...................] - ETA: 1:43 - loss: 1.4101 - acc: 0.4152
1376/3458 [==========>...................] - ETA: 1:41 - loss: 1.4120 - acc: 0.4142
1408/3458 [===========>..................] - ETA: 1:39 - loss: 1.4152 - acc: 0.4112
1440/3458 [===========>..................] - ETA: 1:38 - loss: 1.4130 - acc: 0.4111
1472/3458 [===========>..................] - ETA: 1:36 - loss: 1.4104 - acc: 0.4130
1504/3458 [============>.................] - ETA: 1:35 - loss: 1.4069 - acc: 0.4162
1536/3458 [============>.................] - ETA: 1:33 - loss: 1.4093 - acc: 0.4128
1568/3458 [============>.................] - ETA: 1:32 - loss: 1.4110 - acc: 0.4101
1600/3458 [============>.................] - ETA: 1:30 - loss: 1.4111 - acc: 0.4106
1632/3458 [=============>................] - ETA: 1:29 - loss: 1.4093 - acc: 0.4087
1664/3458 [=============>................] - ETA: 1:27 - loss: 1.4057 - acc: 0.4117
1696/3458 [=============>................] - ETA: 1:26 - loss: 1.4023 - acc: 0.4116
1728/3458 [=============>................] - ETA: 1:24 - loss: 1.4027 - acc: 0.4115
1760/3458 [==============>...............] - ETA: 1:22 - loss: 1.4003 - acc: 0.4131
1792/3458 [==============>...............] - ETA: 1:21 - loss: 1.3961 - acc: 0.4163
1824/3458 [==============>...............] - ETA: 1:19 - loss: 1.3926 - acc: 0.4183
1856/3458 [===============>..............] - ETA: 1:18 - loss: 1.3925 - acc: 0.4165
1888/3458 [===============>..............] - ETA: 1:16 - loss: 1.3916 - acc: 0.4153
1920/3458 [===============>..............] - ETA: 1:15 - loss: 1.3900 - acc: 0.4151
1952/3458 [===============>..............] - ETA: 1:13 - loss: 1.3894 - acc: 0.4144
1984/3458 [================>.............] - ETA: 1:11 - loss: 1.3884 - acc: 0.4138
2016/3458 [================>.............] - ETA: 1:10 - loss: 1.3872 - acc: 0.4152
2048/3458 [================>.............] - ETA: 1:08 - loss: 1.3860 - acc: 0.4150
2080/3458 [=================>............] - ETA: 1:07 - loss: 1.3867 - acc: 0.4149
2112/3458 [=================>............] - ETA: 1:05 - loss: 1.3842 - acc: 0.4167
2144/3458 [=================>............] - ETA: 1:04 - loss: 1.3835 - acc: 0.4174
2176/3458 [=================>............] - ETA: 1:02 - loss: 1.3843 - acc: 0.4159
2208/3458 [==================>...........] - ETA: 1:01 - loss: 1.3827 - acc: 0.4144
2240/3458 [==================>...........] - ETA: 59s - loss: 1.3817 - acc: 0.4125 
2272/3458 [==================>...........] - ETA: 57s - loss: 1.3801 - acc: 0.4115
2304/3458 [==================>...........] - ETA: 56s - loss: 1.3787 - acc: 0.4123
2336/3458 [===================>..........] - ETA: 54s - loss: 1.3791 - acc: 0.4127
2368/3458 [===================>..........] - ETA: 53s - loss: 1.3794 - acc: 0.4122
2400/3458 [===================>..........] - ETA: 51s - loss: 1.3773 - acc: 0.4133
2432/3458 [====================>.........] - ETA: 50s - loss: 1.3813 - acc: 0.4128
2464/3458 [====================>.........] - ETA: 48s - loss: 1.3814 - acc: 0.4123
2496/3458 [====================>.........] - ETA: 46s - loss: 1.3831 - acc: 0.4127
2528/3458 [====================>.........] - ETA: 45s - loss: 1.3814 - acc: 0.4126
2560/3458 [=====================>........] - ETA: 43s - loss: 1.3795 - acc: 0.4145
2592/3458 [=====================>........] - ETA: 42s - loss: 1.3776 - acc: 0.4151
2624/3458 [=====================>........] - ETA: 40s - loss: 1.3779 - acc: 0.4143
2656/3458 [======================>.......] - ETA: 39s - loss: 1.3776 - acc: 0.4134
2688/3458 [======================>.......] - ETA: 37s - loss: 1.3768 - acc: 0.4133
2720/3458 [======================>.......] - ETA: 36s - loss: 1.3757 - acc: 0.4143
2752/3458 [======================>.......] - ETA: 34s - loss: 1.3764 - acc: 0.4135
2784/3458 [=======================>......] - ETA: 32s - loss: 1.3752 - acc: 0.4138
2816/3458 [=======================>......] - ETA: 31s - loss: 1.3718 - acc: 0.4165
2848/3458 [=======================>......] - ETA: 29s - loss: 1.3701 - acc: 0.4175
2880/3458 [=======================>......] - ETA: 28s - loss: 1.3682 - acc: 0.4191
2912/3458 [========================>.....] - ETA: 26s - loss: 1.3675 - acc: 0.4203
2944/3458 [========================>.....] - ETA: 25s - loss: 1.3680 - acc: 0.4198
2976/3458 [========================>.....] - ETA: 23s - loss: 1.3673 - acc: 0.4207
3008/3458 [=========================>....] - ETA: 21s - loss: 1.3668 - acc: 0.4202
3040/3458 [=========================>....] - ETA: 20s - loss: 1.3654 - acc: 0.4220
3072/3458 [=========================>....] - ETA: 18s - loss: 1.3641 - acc: 0.4212
3104/3458 [=========================>....] - ETA: 17s - loss: 1.3635 - acc: 0.4217
3136/3458 [==========================>...] - ETA: 15s - loss: 1.3632 - acc: 0.4228
3168/3458 [==========================>...] - ETA: 14s - loss: 1.3608 - acc: 0.4230
3200/3458 [==========================>...] - ETA: 12s - loss: 1.3613 - acc: 0.4234
3232/3458 [===========================>..] - ETA: 11s - loss: 1.3609 - acc: 0.4239
3264/3458 [===========================>..] - ETA: 9s - loss: 1.3607 - acc: 0.4234 
3296/3458 [===========================>..] - ETA: 7s - loss: 1.3618 - acc: 0.4229
3328/3458 [===========================>..] - ETA: 6s - loss: 1.3605 - acc: 0.4231
3360/3458 [============================>.] - ETA: 4s - loss: 1.3586 - acc: 0.4238
3392/3458 [============================>.] - ETA: 3s - loss: 1.3572 - acc: 0.4245
3424/3458 [============================>.] - ETA: 1s - loss: 1.3572 - acc: 0.4241
3456/3458 [============================>.] - ETA: 0s - loss: 1.3552 - acc: 0.4251
3458/3458 [==============================] - 169s 49ms/sample - loss: 1.3552 - acc: 0.4251

 32/865 [>.............................] - ETA: 7s - loss: 1.3373 - acc: 0.4688
 64/865 [=>............................] - ETA: 7s - loss: 1.3835 - acc: 0.3750
 96/865 [==>...........................] - ETA: 6s - loss: 1.3794 - acc: 0.3750
128/865 [===>..........................] - ETA: 6s - loss: 1.3835 - acc: 0.3828
160/865 [====>.........................] - ETA: 6s - loss: 1.3732 - acc: 0.3750
192/865 [=====>........................] - ETA: 5s - loss: 1.4264 - acc: 0.3646
224/865 [======>.......................] - ETA: 5s - loss: 1.3880 - acc: 0.3929
256/865 [=======>......................] - ETA: 5s - loss: 1.3714 - acc: 0.4023
288/865 [========>.....................] - ETA: 5s - loss: 1.3777 - acc: 0.3993
320/865 [==========>...................] - ETA: 4s - loss: 1.3759 - acc: 0.3875
352/865 [===========>..................] - ETA: 4s - loss: 1.3681 - acc: 0.3892
384/865 [============>.................] - ETA: 4s - loss: 1.3682 - acc: 0.3854
416/865 [=============>................] - ETA: 4s - loss: 1.3711 - acc: 0.3846
448/865 [==============>...............] - ETA: 3s - loss: 1.3637 - acc: 0.3795
480/865 [===============>..............] - ETA: 3s - loss: 1.3676 - acc: 0.3750
512/865 [================>.............] - ETA: 3s - loss: 1.3748 - acc: 0.3750
544/865 [=================>............] - ETA: 2s - loss: 1.3706 - acc: 0.3787
576/865 [==================>...........] - ETA: 2s - loss: 1.3636 - acc: 0.3733
608/865 [====================>.........] - ETA: 2s - loss: 1.3746 - acc: 0.3701
640/865 [=====================>........] - ETA: 2s - loss: 1.3730 - acc: 0.3703
672/865 [======================>.......] - ETA: 1s - loss: 1.3705 - acc: 0.3735
704/865 [=======================>......] - ETA: 1s - loss: 1.3731 - acc: 0.3736
736/865 [========================>.....] - ETA: 1s - loss: 1.3635 - acc: 0.3818
768/865 [=========================>....] - ETA: 0s - loss: 1.3657 - acc: 0.3802
800/865 [==========================>...] - ETA: 0s - loss: 1.3673 - acc: 0.3775
832/865 [===========================>..] - ETA: 0s - loss: 1.3719 - acc: 0.3798
864/865 [============================>.] - ETA: 0s - loss: 1.3619 - acc: 0.3866
865/865 [==============================] - 8s 9ms/sample - loss: 1.3620 - acc: 0.3861

  32/3458 [..............................] - ETA: 2:46 - loss: 1.4319 - acc: 0.2500
  64/3458 [..............................] - ETA: 2:44 - loss: 1.4705 - acc: 0.2500
  96/3458 [..............................] - ETA: 2:42 - loss: 1.4116 - acc: 0.2917
 128/3458 [>.............................] - ETA: 2:42 - loss: 1.3736 - acc: 0.3438
 160/3458 [>.............................] - ETA: 2:40 - loss: 1.3858 - acc: 0.3500
 192/3458 [>.............................] - ETA: 2:38 - loss: 1.3806 - acc: 0.3802
 224/3458 [>.............................] - ETA: 2:37 - loss: 1.3903 - acc: 0.3884
 256/3458 [=>............................] - ETA: 2:35 - loss: 1.4099 - acc: 0.3789
 288/3458 [=>............................] - ETA: 2:34 - loss: 1.4050 - acc: 0.3750
 320/3458 [=>............................] - ETA: 2:32 - loss: 1.3880 - acc: 0.3875
 352/3458 [==>...........................] - ETA: 2:30 - loss: 1.3859 - acc: 0.3864
 384/3458 [==>...........................] - ETA: 2:29 - loss: 1.3947 - acc: 0.3906
 416/3458 [==>...........................] - ETA: 2:27 - loss: 1.3815 - acc: 0.3918
 448/3458 [==>...........................] - ETA: 2:26 - loss: 1.3952 - acc: 0.3929
 480/3458 [===>..........................] - ETA: 2:24 - loss: 1.3850 - acc: 0.4000
 512/3458 [===>..........................] - ETA: 2:23 - loss: 1.3929 - acc: 0.3926
 544/3458 [===>..........................] - ETA: 2:21 - loss: 1.3880 - acc: 0.3934
 576/3458 [===>..........................] - ETA: 2:20 - loss: 1.3830 - acc: 0.3924
 608/3458 [====>.........................] - ETA: 2:18 - loss: 1.3822 - acc: 0.3980
 640/3458 [====>.........................] - ETA: 2:17 - loss: 1.3757 - acc: 0.4000
 672/3458 [====>.........................] - ETA: 2:15 - loss: 1.3699 - acc: 0.4048
 704/3458 [=====>........................] - ETA: 2:14 - loss: 1.3675 - acc: 0.4077
 736/3458 [=====>........................] - ETA: 2:12 - loss: 1.3668 - acc: 0.4062
 768/3458 [=====>........................] - ETA: 2:11 - loss: 1.3573 - acc: 0.4089
 800/3458 [=====>........................] - ETA: 2:09 - loss: 1.3555 - acc: 0.4125
 832/3458 [======>.......................] - ETA: 2:08 - loss: 1.3529 - acc: 0.4135
 864/3458 [======>.......................] - ETA: 2:06 - loss: 1.3538 - acc: 0.4155
 896/3458 [======>.......................] - ETA: 2:04 - loss: 1.3591 - acc: 0.4163
 928/3458 [=======>......................] - ETA: 2:03 - loss: 1.3531 - acc: 0.4181
 960/3458 [=======>......................] - ETA: 2:01 - loss: 1.3698 - acc: 0.4146
 992/3458 [=======>......................] - ETA: 2:00 - loss: 1.3654 - acc: 0.4173
1024/3458 [=======>......................] - ETA: 1:58 - loss: 1.3639 - acc: 0.4199
1056/3458 [========>.....................] - ETA: 1:57 - loss: 1.3606 - acc: 0.4233
1088/3458 [========>.....................] - ETA: 1:56 - loss: 1.3547 - acc: 0.4265
1120/3458 [========>.....................] - ETA: 1:54 - loss: 1.3463 - acc: 0.4304
1152/3458 [========>.....................] - ETA: 1:53 - loss: 1.3445 - acc: 0.4280
1184/3458 [=========>....................] - ETA: 1:52 - loss: 1.3419 - acc: 0.4265
1216/3458 [=========>....................] - ETA: 1:50 - loss: 1.3378 - acc: 0.4276
1248/3458 [=========>....................] - ETA: 1:49 - loss: 1.3360 - acc: 0.4287
1280/3458 [==========>...................] - ETA: 1:47 - loss: 1.3352 - acc: 0.4297
1312/3458 [==========>...................] - ETA: 1:46 - loss: 1.3320 - acc: 0.4299
1344/3458 [==========>...................] - ETA: 1:44 - loss: 1.3311 - acc: 0.4323
1376/3458 [==========>...................] - ETA: 1:42 - loss: 1.3281 - acc: 0.4331
1408/3458 [===========>..................] - ETA: 1:41 - loss: 1.3256 - acc: 0.4332
1440/3458 [===========>..................] - ETA: 1:39 - loss: 1.3324 - acc: 0.4319
1472/3458 [===========>..................] - ETA: 1:38 - loss: 1.3303 - acc: 0.4307
1504/3458 [============>.................] - ETA: 1:36 - loss: 1.3276 - acc: 0.4315
1536/3458 [============>.................] - ETA: 1:34 - loss: 1.3305 - acc: 0.4310
1568/3458 [============>.................] - ETA: 1:33 - loss: 1.3274 - acc: 0.4337
1600/3458 [============>.................] - ETA: 1:31 - loss: 1.3262 - acc: 0.4325
1632/3458 [=============>................] - ETA: 1:30 - loss: 1.3251 - acc: 0.4314
1664/3458 [=============>................] - ETA: 1:28 - loss: 1.3227 - acc: 0.4303
1696/3458 [=============>................] - ETA: 1:26 - loss: 1.3244 - acc: 0.4304
1728/3458 [=============>................] - ETA: 1:25 - loss: 1.3269 - acc: 0.4288
1760/3458 [==============>...............] - ETA: 1:23 - loss: 1.3265 - acc: 0.4278
1792/3458 [==============>...............] - ETA: 1:22 - loss: 1.3278 - acc: 0.4275
1824/3458 [==============>...............] - ETA: 1:20 - loss: 1.3311 - acc: 0.4254
1856/3458 [===============>..............] - ETA: 1:18 - loss: 1.3280 - acc: 0.4283
1888/3458 [===============>..............] - ETA: 1:17 - loss: 1.3251 - acc: 0.4306
1920/3458 [===============>..............] - ETA: 1:15 - loss: 1.3255 - acc: 0.4297
1952/3458 [===============>..............] - ETA: 1:14 - loss: 1.3231 - acc: 0.4314
1984/3458 [================>.............] - ETA: 1:12 - loss: 1.3206 - acc: 0.4335
2016/3458 [================>.............] - ETA: 1:10 - loss: 1.3189 - acc: 0.4325
2048/3458 [================>.............] - ETA: 1:09 - loss: 1.3203 - acc: 0.4341
2080/3458 [=================>............] - ETA: 1:07 - loss: 1.3204 - acc: 0.4346
2112/3458 [=================>............] - ETA: 1:06 - loss: 1.3182 - acc: 0.4347
2144/3458 [=================>............] - ETA: 1:04 - loss: 1.3180 - acc: 0.4347
2176/3458 [=================>............] - ETA: 1:03 - loss: 1.3170 - acc: 0.4357
2208/3458 [==================>...........] - ETA: 1:01 - loss: 1.3156 - acc: 0.4366
2240/3458 [==================>...........] - ETA: 59s - loss: 1.3143 - acc: 0.4379 
2272/3458 [==================>...........] - ETA: 58s - loss: 1.3119 - acc: 0.4397
2304/3458 [==================>...........] - ETA: 56s - loss: 1.3113 - acc: 0.4392
2336/3458 [===================>..........] - ETA: 55s - loss: 1.3107 - acc: 0.4388
2368/3458 [===================>..........] - ETA: 53s - loss: 1.3080 - acc: 0.4405
2400/3458 [===================>..........] - ETA: 52s - loss: 1.3065 - acc: 0.4404
2432/3458 [====================>.........] - ETA: 50s - loss: 1.3066 - acc: 0.4424
2464/3458 [====================>.........] - ETA: 48s - loss: 1.3057 - acc: 0.4432
2496/3458 [====================>.........] - ETA: 47s - loss: 1.3042 - acc: 0.4451
2528/3458 [====================>.........] - ETA: 45s - loss: 1.3021 - acc: 0.4458
2560/3458 [=====================>........] - ETA: 44s - loss: 1.3020 - acc: 0.4461
2592/3458 [=====================>........] - ETA: 42s - loss: 1.2996 - acc: 0.4464
2624/3458 [=====================>........] - ETA: 40s - loss: 1.2970 - acc: 0.4474
2656/3458 [======================>.......] - ETA: 39s - loss: 1.2940 - acc: 0.4492
2688/3458 [======================>.......] - ETA: 37s - loss: 1.2919 - acc: 0.4498
2720/3458 [======================>.......] - ETA: 36s - loss: 1.2918 - acc: 0.4511
2752/3458 [======================>.......] - ETA: 34s - loss: 1.2899 - acc: 0.4520
2784/3458 [=======================>......] - ETA: 33s - loss: 1.2879 - acc: 0.4522
2816/3458 [=======================>......] - ETA: 31s - loss: 1.2864 - acc: 0.4535
2848/3458 [=======================>......] - ETA: 29s - loss: 1.2841 - acc: 0.4533
2880/3458 [=======================>......] - ETA: 28s - loss: 1.2827 - acc: 0.4538
2912/3458 [========================>.....] - ETA: 26s - loss: 1.2825 - acc: 0.4536
2944/3458 [========================>.....] - ETA: 25s - loss: 1.2800 - acc: 0.4552
2976/3458 [========================>.....] - ETA: 23s - loss: 1.2763 - acc: 0.4567
3008/3458 [=========================>....] - ETA: 22s - loss: 1.2768 - acc: 0.4574
3040/3458 [=========================>....] - ETA: 20s - loss: 1.2741 - acc: 0.4595
3072/3458 [=========================>....] - ETA: 18s - loss: 1.2736 - acc: 0.4600
3104/3458 [=========================>....] - ETA: 17s - loss: 1.2729 - acc: 0.4591
3136/3458 [==========================>...] - ETA: 15s - loss: 1.2746 - acc: 0.4595
3168/3458 [==========================>...] - ETA: 14s - loss: 1.2710 - acc: 0.4615
3200/3458 [==========================>...] - ETA: 12s - loss: 1.2695 - acc: 0.4619
3232/3458 [===========================>..] - ETA: 11s - loss: 1.2694 - acc: 0.4626
3264/3458 [===========================>..] - ETA: 9s - loss: 1.2686 - acc: 0.4629 
3296/3458 [===========================>..] - ETA: 7s - loss: 1.2667 - acc: 0.4642
3328/3458 [===========================>..] - ETA: 6s - loss: 1.2661 - acc: 0.4636
3360/3458 [============================>.] - ETA: 4s - loss: 1.2661 - acc: 0.4634
3392/3458 [============================>.] - ETA: 3s - loss: 1.2643 - acc: 0.4646
3424/3458 [============================>.] - ETA: 1s - loss: 1.2629 - acc: 0.4650
3456/3458 [============================>.] - ETA: 0s - loss: 1.2612 - acc: 0.4653
3458/3458 [==============================] - 170s 49ms/sample - loss: 1.2612 - acc: 0.4653

 32/865 [>.............................] - ETA: 7s - loss: 1.3821 - acc: 0.4375
 64/865 [=>............................] - ETA: 7s - loss: 1.3040 - acc: 0.5312
 96/865 [==>...........................] - ETA: 6s - loss: 1.2836 - acc: 0.5417
128/865 [===>..........................] - ETA: 6s - loss: 1.2572 - acc: 0.5547
160/865 [====>.........................] - ETA: 6s - loss: 1.2173 - acc: 0.5437
192/865 [=====>........................] - ETA: 5s - loss: 1.2689 - acc: 0.5312
224/865 [======>.......................] - ETA: 5s - loss: 1.2310 - acc: 0.5580
256/865 [=======>......................] - ETA: 5s - loss: 1.2061 - acc: 0.5625
288/865 [========>.....................] - ETA: 5s - loss: 1.2212 - acc: 0.5486
320/865 [==========>...................] - ETA: 4s - loss: 1.2191 - acc: 0.5437
352/865 [===========>..................] - ETA: 4s - loss: 1.2263 - acc: 0.5256
384/865 [============>.................] - ETA: 4s - loss: 1.2339 - acc: 0.5156
416/865 [=============>................] - ETA: 3s - loss: 1.2143 - acc: 0.5240
448/865 [==============>...............] - ETA: 3s - loss: 1.2153 - acc: 0.5179
480/865 [===============>..............] - ETA: 3s - loss: 1.2192 - acc: 0.5167
512/865 [================>.............] - ETA: 3s - loss: 1.2319 - acc: 0.5059
544/865 [=================>............] - ETA: 2s - loss: 1.2260 - acc: 0.5147
576/865 [==================>...........] - ETA: 2s - loss: 1.2247 - acc: 0.5069
608/865 [====================>.........] - ETA: 2s - loss: 1.2273 - acc: 0.5000
640/865 [=====================>........] - ETA: 2s - loss: 1.2261 - acc: 0.4953
672/865 [======================>.......] - ETA: 1s - loss: 1.2207 - acc: 0.4911
704/865 [=======================>......] - ETA: 1s - loss: 1.2213 - acc: 0.4901
736/865 [========================>.....] - ETA: 1s - loss: 1.2163 - acc: 0.4905
768/865 [=========================>....] - ETA: 0s - loss: 1.2236 - acc: 0.4857
800/865 [==========================>...] - ETA: 0s - loss: 1.2160 - acc: 0.4888
832/865 [===========================>..] - ETA: 0s - loss: 1.2274 - acc: 0.4916
864/865 [============================>.] - ETA: 0s - loss: 1.2175 - acc: 0.4965
865/865 [==============================] - 8s 9ms/sample - loss: 1.2174 - acc: 0.4960

  32/3458 [..............................] - ETA: 2:42 - loss: 0.9394 - acc: 0.7500
  64/3458 [..............................] - ETA: 2:43 - loss: 1.0073 - acc: 0.7031
  96/3458 [..............................] - ETA: 2:42 - loss: 1.0074 - acc: 0.6667
 128/3458 [>.............................] - ETA: 2:41 - loss: 1.0228 - acc: 0.6328
 160/3458 [>.............................] - ETA: 2:39 - loss: 0.9849 - acc: 0.6438
 192/3458 [>.............................] - ETA: 2:38 - loss: 0.9447 - acc: 0.6667
 224/3458 [>.............................] - ETA: 2:36 - loss: 0.9730 - acc: 0.6429
 256/3458 [=>............................] - ETA: 2:35 - loss: 0.9797 - acc: 0.6406
 288/3458 [=>............................] - ETA: 2:33 - loss: 1.0605 - acc: 0.6285
 320/3458 [=>............................] - ETA: 2:32 - loss: 1.0705 - acc: 0.6344
 352/3458 [==>...........................] - ETA: 2:30 - loss: 1.1072 - acc: 0.6108
 384/3458 [==>...........................] - ETA: 2:29 - loss: 1.1161 - acc: 0.5964
 416/3458 [==>...........................] - ETA: 2:27 - loss: 1.1409 - acc: 0.5769
 448/3458 [==>...........................] - ETA: 2:26 - loss: 1.1374 - acc: 0.5714
 480/3458 [===>..........................] - ETA: 2:24 - loss: 1.1348 - acc: 0.5688
 512/3458 [===>..........................] - ETA: 2:23 - loss: 1.1531 - acc: 0.5684
 544/3458 [===>..........................] - ETA: 2:21 - loss: 1.1740 - acc: 0.5551
 576/3458 [===>..........................] - ETA: 2:20 - loss: 1.1644 - acc: 0.5625
 608/3458 [====>.........................] - ETA: 2:19 - loss: 1.1666 - acc: 0.5658
 640/3458 [====>.........................] - ETA: 2:17 - loss: 1.1641 - acc: 0.5641
 672/3458 [====>.........................] - ETA: 2:16 - loss: 1.1695 - acc: 0.5610
 704/3458 [=====>........................] - ETA: 2:14 - loss: 1.1784 - acc: 0.5511
 736/3458 [=====>........................] - ETA: 2:12 - loss: 1.1724 - acc: 0.5476
 768/3458 [=====>........................] - ETA: 2:11 - loss: 1.1721 - acc: 0.5508
 800/3458 [=====>........................] - ETA: 2:09 - loss: 1.1703 - acc: 0.5500
 832/3458 [======>.......................] - ETA: 2:08 - loss: 1.1685 - acc: 0.5469
 864/3458 [======>.......................] - ETA: 2:06 - loss: 1.1744 - acc: 0.5417
 896/3458 [======>.......................] - ETA: 2:05 - loss: 1.1729 - acc: 0.5424
 928/3458 [=======>......................] - ETA: 2:03 - loss: 1.1687 - acc: 0.5377
 960/3458 [=======>......................] - ETA: 2:02 - loss: 1.1644 - acc: 0.5417
 992/3458 [=======>......................] - ETA: 2:00 - loss: 1.1623 - acc: 0.5433
1024/3458 [=======>......................] - ETA: 1:58 - loss: 1.1621 - acc: 0.5430
1056/3458 [========>.....................] - ETA: 1:57 - loss: 1.1588 - acc: 0.5464
1088/3458 [========>.....................] - ETA: 1:55 - loss: 1.1582 - acc: 0.5469
1120/3458 [========>.....................] - ETA: 1:54 - loss: 1.1542 - acc: 0.5491
1152/3458 [========>.....................] - ETA: 1:52 - loss: 1.1515 - acc: 0.5486
1184/3458 [=========>....................] - ETA: 1:50 - loss: 1.1528 - acc: 0.5448
1216/3458 [=========>....................] - ETA: 1:49 - loss: 1.1535 - acc: 0.5444
1248/3458 [=========>....................] - ETA: 1:47 - loss: 1.1612 - acc: 0.5425
1280/3458 [==========>...................] - ETA: 1:46 - loss: 1.1626 - acc: 0.5430
1312/3458 [==========>...................] - ETA: 1:44 - loss: 1.1590 - acc: 0.5457
1344/3458 [==========>...................] - ETA: 1:43 - loss: 1.1602 - acc: 0.5446
1376/3458 [==========>...................] - ETA: 1:41 - loss: 1.1589 - acc: 0.5422
1408/3458 [===========>..................] - ETA: 1:39 - loss: 1.1595 - acc: 0.5405
1440/3458 [===========>..................] - ETA: 1:38 - loss: 1.1600 - acc: 0.5389
1472/3458 [===========>..................] - ETA: 1:36 - loss: 1.1582 - acc: 0.5394
1504/3458 [============>.................] - ETA: 1:35 - loss: 1.1644 - acc: 0.5326
1536/3458 [============>.................] - ETA: 1:33 - loss: 1.1616 - acc: 0.5339
1568/3458 [============>.................] - ETA: 1:32 - loss: 1.1590 - acc: 0.5357
1600/3458 [============>.................] - ETA: 1:30 - loss: 1.1605 - acc: 0.5369
1632/3458 [=============>................] - ETA: 1:29 - loss: 1.1627 - acc: 0.5343
1664/3458 [=============>................] - ETA: 1:27 - loss: 1.1594 - acc: 0.5379
1696/3458 [=============>................] - ETA: 1:25 - loss: 1.1619 - acc: 0.5342
1728/3458 [=============>................] - ETA: 1:24 - loss: 1.1618 - acc: 0.5341
1760/3458 [==============>...............] - ETA: 1:22 - loss: 1.1588 - acc: 0.5341
1792/3458 [==============>...............] - ETA: 1:21 - loss: 1.1555 - acc: 0.5346
1824/3458 [==============>...............] - ETA: 1:19 - loss: 1.1529 - acc: 0.5362
1856/3458 [===============>..............] - ETA: 1:18 - loss: 1.1505 - acc: 0.5383
1888/3458 [===============>..............] - ETA: 1:16 - loss: 1.1628 - acc: 0.5360
1920/3458 [===============>..............] - ETA: 1:15 - loss: 1.1598 - acc: 0.5359
1952/3458 [===============>..............] - ETA: 1:13 - loss: 1.1619 - acc: 0.5353
1984/3458 [================>.............] - ETA: 1:11 - loss: 1.1568 - acc: 0.5378
2016/3458 [================>.............] - ETA: 1:10 - loss: 1.1563 - acc: 0.5387
2048/3458 [================>.............] - ETA: 1:08 - loss: 1.1590 - acc: 0.5371
2080/3458 [=================>............] - ETA: 1:07 - loss: 1.1563 - acc: 0.5385
2112/3458 [=================>............] - ETA: 1:05 - loss: 1.1551 - acc: 0.5384
2144/3458 [=================>............] - ETA: 1:04 - loss: 1.1546 - acc: 0.5387
2176/3458 [=================>............] - ETA: 1:02 - loss: 1.1528 - acc: 0.5400
2208/3458 [==================>...........] - ETA: 1:00 - loss: 1.1513 - acc: 0.5403
2240/3458 [==================>...........] - ETA: 59s - loss: 1.1518 - acc: 0.5393 
2272/3458 [==================>...........] - ETA: 57s - loss: 1.1496 - acc: 0.5409
2304/3458 [==================>...........] - ETA: 56s - loss: 1.1529 - acc: 0.5395
2336/3458 [===================>..........] - ETA: 54s - loss: 1.1557 - acc: 0.5402
2368/3458 [===================>..........] - ETA: 53s - loss: 1.1527 - acc: 0.5410
2400/3458 [===================>..........] - ETA: 51s - loss: 1.1505 - acc: 0.5425
2432/3458 [====================>.........] - ETA: 50s - loss: 1.1510 - acc: 0.5415
2464/3458 [====================>.........] - ETA: 48s - loss: 1.1579 - acc: 0.5406
2496/3458 [====================>.........] - ETA: 46s - loss: 1.1566 - acc: 0.5405
2528/3458 [====================>.........] - ETA: 45s - loss: 1.1606 - acc: 0.5392
2560/3458 [=====================>........] - ETA: 43s - loss: 1.1587 - acc: 0.5398
2592/3458 [=====================>........] - ETA: 42s - loss: 1.1564 - acc: 0.5397
2624/3458 [=====================>........] - ETA: 40s - loss: 1.1532 - acc: 0.5412
2656/3458 [======================>.......] - ETA: 39s - loss: 1.1530 - acc: 0.5410
2688/3458 [======================>.......] - ETA: 37s - loss: 1.1509 - acc: 0.5409
2720/3458 [======================>.......] - ETA: 35s - loss: 1.1481 - acc: 0.5401
2752/3458 [======================>.......] - ETA: 34s - loss: 1.1486 - acc: 0.5403
2784/3458 [=======================>......] - ETA: 32s - loss: 1.1478 - acc: 0.5413
2816/3458 [=======================>......] - ETA: 31s - loss: 1.1448 - acc: 0.5419
2848/3458 [=======================>......] - ETA: 29s - loss: 1.1440 - acc: 0.5418
2880/3458 [=======================>......] - ETA: 28s - loss: 1.1447 - acc: 0.5427
2912/3458 [========================>.....] - ETA: 26s - loss: 1.1426 - acc: 0.5436
2944/3458 [========================>.....] - ETA: 25s - loss: 1.1391 - acc: 0.5452
2976/3458 [========================>.....] - ETA: 23s - loss: 1.1382 - acc: 0.5454
3008/3458 [=========================>....] - ETA: 21s - loss: 1.1365 - acc: 0.5455
3040/3458 [=========================>....] - ETA: 20s - loss: 1.1359 - acc: 0.5454
3072/3458 [=========================>....] - ETA: 18s - loss: 1.1343 - acc: 0.5462
3104/3458 [=========================>....] - ETA: 17s - loss: 1.1310 - acc: 0.5480
3136/3458 [==========================>...] - ETA: 15s - loss: 1.1311 - acc: 0.5469
3168/3458 [==========================>...] - ETA: 14s - loss: 1.1258 - acc: 0.5496
3200/3458 [==========================>...] - ETA: 12s - loss: 1.1259 - acc: 0.5506
3232/3458 [===========================>..] - ETA: 11s - loss: 1.1294 - acc: 0.5507
3264/3458 [===========================>..] - ETA: 9s - loss: 1.1295 - acc: 0.5515 
3296/3458 [===========================>..] - ETA: 7s - loss: 1.1317 - acc: 0.5510
3328/3458 [===========================>..] - ETA: 6s - loss: 1.1309 - acc: 0.5514
3360/3458 [============================>.] - ETA: 4s - loss: 1.1301 - acc: 0.5518
3392/3458 [============================>.] - ETA: 3s - loss: 1.1292 - acc: 0.5525
3424/3458 [============================>.] - ETA: 1s - loss: 1.1287 - acc: 0.5540
3456/3458 [============================>.] - ETA: 0s - loss: 1.1284 - acc: 0.5541
3458/3458 [==============================] - 169s 49ms/sample - loss: 1.1280 - acc: 0.5544

 32/865 [>.............................] - ETA: 7s - loss: 1.3634 - acc: 0.4375
 64/865 [=>............................] - ETA: 7s - loss: 1.2393 - acc: 0.4844
 96/865 [==>...........................] - ETA: 6s - loss: 1.2222 - acc: 0.5000
128/865 [===>..........................] - ETA: 6s - loss: 1.1666 - acc: 0.5469
160/865 [====>.........................] - ETA: 6s - loss: 1.1819 - acc: 0.5437
192/865 [=====>........................] - ETA: 6s - loss: 1.2518 - acc: 0.5365
224/865 [======>.......................] - ETA: 5s - loss: 1.2287 - acc: 0.5446
256/865 [=======>......................] - ETA: 5s - loss: 1.2062 - acc: 0.5469
288/865 [========>.....................] - ETA: 5s - loss: 1.2253 - acc: 0.5312
320/865 [==========>...................] - ETA: 4s - loss: 1.2220 - acc: 0.5312
352/865 [===========>..................] - ETA: 4s - loss: 1.2483 - acc: 0.5199
384/865 [============>.................] - ETA: 4s - loss: 1.2589 - acc: 0.5026
416/865 [=============>................] - ETA: 4s - loss: 1.2286 - acc: 0.5120
448/865 [==============>...............] - ETA: 3s - loss: 1.2370 - acc: 0.5067
480/865 [===============>..............] - ETA: 3s - loss: 1.2517 - acc: 0.5000
512/865 [================>.............] - ETA: 3s - loss: 1.2667 - acc: 0.4902
544/865 [=================>............] - ETA: 2s - loss: 1.2579 - acc: 0.4963
576/865 [==================>...........] - ETA: 2s - loss: 1.2559 - acc: 0.4913
608/865 [====================>.........] - ETA: 2s - loss: 1.2564 - acc: 0.4934
640/865 [=====================>........] - ETA: 2s - loss: 1.2617 - acc: 0.4875
672/865 [======================>.......] - ETA: 1s - loss: 1.2551 - acc: 0.4896
704/865 [=======================>......] - ETA: 1s - loss: 1.2514 - acc: 0.4901
736/865 [========================>.....] - ETA: 1s - loss: 1.2512 - acc: 0.4905
768/865 [=========================>....] - ETA: 0s - loss: 1.2531 - acc: 0.4870
800/865 [==========================>...] - ETA: 0s - loss: 1.2370 - acc: 0.4938
832/865 [===========================>..] - ETA: 0s - loss: 1.2357 - acc: 0.5000
864/865 [============================>.] - ETA: 0s - loss: 1.2366 - acc: 0.4988
865/865 [==============================] - 8s 9ms/sample - loss: 1.2368 - acc: 0.4983
