For Dropout_1=0.9 Dropout_2=0.5
daisy loaded
dandelion loaded
rose loaded
sunflower loaded
tulip loaded

  32/3458 [..............................] - ETA: 3:12 - loss: 1.6160 - acc: 0.1875
  64/3458 [..............................] - ETA: 2:59 - loss: 3.9591 - acc: 0.1875
  96/3458 [..............................] - ETA: 2:53 - loss: 4.2921 - acc: 0.1771
 128/3458 [>.............................] - ETA: 2:49 - loss: 3.7490 - acc: 0.2266
 160/3458 [>.............................] - ETA: 2:46 - loss: 3.3238 - acc: 0.2250
 192/3458 [>.............................] - ETA: 2:44 - loss: 3.0326 - acc: 0.2344
 224/3458 [>.............................] - ETA: 2:42 - loss: 2.8255 - acc: 0.2277
 256/3458 [=>............................] - ETA: 2:40 - loss: 2.6794 - acc: 0.2344
 288/3458 [=>............................] - ETA: 2:38 - loss: 2.5659 - acc: 0.2326
 320/3458 [=>............................] - ETA: 2:36 - loss: 2.4624 - acc: 0.2406
 352/3458 [==>...........................] - ETA: 2:34 - loss: 2.3920 - acc: 0.2273
 384/3458 [==>...........................] - ETA: 2:32 - loss: 2.3294 - acc: 0.2240
 416/3458 [==>...........................] - ETA: 2:31 - loss: 2.2749 - acc: 0.2236
 448/3458 [==>...........................] - ETA: 2:29 - loss: 2.2253 - acc: 0.2232
 480/3458 [===>..........................] - ETA: 2:27 - loss: 2.1827 - acc: 0.2271
 512/3458 [===>..........................] - ETA: 2:26 - loss: 2.1421 - acc: 0.2363
 544/3458 [===>..........................] - ETA: 2:24 - loss: 2.1100 - acc: 0.2316
 576/3458 [===>..........................] - ETA: 2:23 - loss: 2.0762 - acc: 0.2344
 608/3458 [====>.........................] - ETA: 2:21 - loss: 2.0532 - acc: 0.2286
 640/3458 [====>.........................] - ETA: 2:19 - loss: 2.0306 - acc: 0.2297
 672/3458 [====>.........................] - ETA: 2:18 - loss: 2.0064 - acc: 0.2292
 704/3458 [=====>........................] - ETA: 2:16 - loss: 1.9842 - acc: 0.2287
 736/3458 [=====>........................] - ETA: 2:14 - loss: 1.9656 - acc: 0.2364
 768/3458 [=====>........................] - ETA: 2:13 - loss: 1.9495 - acc: 0.2370
 800/3458 [=====>........................] - ETA: 2:11 - loss: 1.9346 - acc: 0.2387
 832/3458 [======>.......................] - ETA: 2:10 - loss: 1.9215 - acc: 0.2416
 864/3458 [======>.......................] - ETA: 2:08 - loss: 1.9094 - acc: 0.2407
 896/3458 [======>.......................] - ETA: 2:06 - loss: 1.8983 - acc: 0.2444
 928/3458 [=======>......................] - ETA: 2:05 - loss: 1.8858 - acc: 0.2468
 960/3458 [=======>......................] - ETA: 2:03 - loss: 1.8745 - acc: 0.2479
 992/3458 [=======>......................] - ETA: 2:02 - loss: 1.8634 - acc: 0.2500
1024/3458 [=======>......................] - ETA: 2:00 - loss: 1.8537 - acc: 0.2529
1056/3458 [========>.....................] - ETA: 1:58 - loss: 1.8453 - acc: 0.2519
1088/3458 [========>.....................] - ETA: 1:57 - loss: 1.8355 - acc: 0.2518
1120/3458 [========>.....................] - ETA: 1:55 - loss: 1.8274 - acc: 0.2527
1152/3458 [========>.....................] - ETA: 1:54 - loss: 1.8146 - acc: 0.2569
1184/3458 [=========>....................] - ETA: 1:52 - loss: 1.8033 - acc: 0.2601
1216/3458 [=========>....................] - ETA: 1:50 - loss: 1.7938 - acc: 0.2599
1248/3458 [=========>....................] - ETA: 1:49 - loss: 1.7909 - acc: 0.2588
1280/3458 [==========>...................] - ETA: 1:47 - loss: 1.7903 - acc: 0.2555
1312/3458 [==========>...................] - ETA: 1:46 - loss: 1.7842 - acc: 0.2584
1344/3458 [==========>...................] - ETA: 1:44 - loss: 1.7770 - acc: 0.2604
1376/3458 [==========>...................] - ETA: 1:42 - loss: 1.7716 - acc: 0.2616
1408/3458 [===========>..................] - ETA: 1:41 - loss: 1.7672 - acc: 0.2592
1440/3458 [===========>..................] - ETA: 1:39 - loss: 1.7623 - acc: 0.2639
1472/3458 [===========>..................] - ETA: 1:38 - loss: 1.7574 - acc: 0.2636
1504/3458 [============>.................] - ETA: 1:36 - loss: 1.7534 - acc: 0.2626
1536/3458 [============>.................] - ETA: 1:35 - loss: 1.7492 - acc: 0.2611
1568/3458 [============>.................] - ETA: 1:33 - loss: 1.7440 - acc: 0.2615
1600/3458 [============>.................] - ETA: 1:31 - loss: 1.7394 - acc: 0.2625
1632/3458 [=============>................] - ETA: 1:30 - loss: 1.7328 - acc: 0.2659
1664/3458 [=============>................] - ETA: 1:28 - loss: 1.7329 - acc: 0.2638
1696/3458 [=============>................] - ETA: 1:27 - loss: 1.7270 - acc: 0.2671
1728/3458 [=============>................] - ETA: 1:25 - loss: 1.7245 - acc: 0.2650
1760/3458 [==============>...............] - ETA: 1:23 - loss: 1.7220 - acc: 0.2659
1792/3458 [==============>...............] - ETA: 1:22 - loss: 1.7169 - acc: 0.2701
1824/3458 [==============>...............] - ETA: 1:20 - loss: 1.7146 - acc: 0.2697
1856/3458 [===============>..............] - ETA: 1:19 - loss: 1.7116 - acc: 0.2710
1888/3458 [===============>..............] - ETA: 1:17 - loss: 1.7080 - acc: 0.2717
1920/3458 [===============>..............] - ETA: 1:15 - loss: 1.7048 - acc: 0.2729
1952/3458 [===============>..............] - ETA: 1:14 - loss: 1.7029 - acc: 0.2720
1984/3458 [================>.............] - ETA: 1:12 - loss: 1.7025 - acc: 0.2712
2016/3458 [================>.............] - ETA: 1:11 - loss: 1.6985 - acc: 0.2723
2048/3458 [================>.............] - ETA: 1:09 - loss: 1.6969 - acc: 0.2705
2080/3458 [=================>............] - ETA: 1:08 - loss: 1.6942 - acc: 0.2716
2112/3458 [=================>............] - ETA: 1:06 - loss: 1.6915 - acc: 0.2718
2144/3458 [=================>............] - ETA: 1:04 - loss: 1.6893 - acc: 0.2719
2176/3458 [=================>............] - ETA: 1:03 - loss: 1.6873 - acc: 0.2716
2208/3458 [==================>...........] - ETA: 1:01 - loss: 1.6841 - acc: 0.2722
2240/3458 [==================>...........] - ETA: 1:00 - loss: 1.6821 - acc: 0.2741
2272/3458 [==================>...........] - ETA: 58s - loss: 1.6798 - acc: 0.2742 
2304/3458 [==================>...........] - ETA: 57s - loss: 1.6755 - acc: 0.2756
2336/3458 [===================>..........] - ETA: 55s - loss: 1.6743 - acc: 0.2744
2368/3458 [===================>..........] - ETA: 53s - loss: 1.6743 - acc: 0.2732
2400/3458 [===================>..........] - ETA: 52s - loss: 1.6719 - acc: 0.2754
2432/3458 [====================>.........] - ETA: 50s - loss: 1.6708 - acc: 0.2743
2464/3458 [====================>.........] - ETA: 49s - loss: 1.6687 - acc: 0.2752
2496/3458 [====================>.........] - ETA: 47s - loss: 1.6672 - acc: 0.2736
2528/3458 [====================>.........] - ETA: 45s - loss: 1.6653 - acc: 0.2761
2560/3458 [=====================>........] - ETA: 44s - loss: 1.6636 - acc: 0.2754
2592/3458 [=====================>........] - ETA: 42s - loss: 1.6615 - acc: 0.2762
2624/3458 [=====================>........] - ETA: 41s - loss: 1.6600 - acc: 0.2763
2656/3458 [======================>.......] - ETA: 39s - loss: 1.6582 - acc: 0.2767
2688/3458 [======================>.......] - ETA: 38s - loss: 1.6565 - acc: 0.2772
2720/3458 [======================>.......] - ETA: 36s - loss: 1.6540 - acc: 0.2783
2752/3458 [======================>.......] - ETA: 34s - loss: 1.6511 - acc: 0.2794
2784/3458 [=======================>......] - ETA: 33s - loss: 1.6508 - acc: 0.2784
2816/3458 [=======================>......] - ETA: 31s - loss: 1.6495 - acc: 0.2784
2848/3458 [=======================>......] - ETA: 30s - loss: 1.6491 - acc: 0.2777
2880/3458 [=======================>......] - ETA: 28s - loss: 1.6482 - acc: 0.2778
2912/3458 [========================>.....] - ETA: 26s - loss: 1.6474 - acc: 0.2778
2944/3458 [========================>.....] - ETA: 25s - loss: 1.6454 - acc: 0.2789
2976/3458 [========================>.....] - ETA: 23s - loss: 1.6429 - acc: 0.2799
3008/3458 [=========================>....] - ETA: 22s - loss: 1.6414 - acc: 0.2796
3040/3458 [=========================>....] - ETA: 20s - loss: 1.6402 - acc: 0.2799
3072/3458 [=========================>....] - ETA: 19s - loss: 1.6378 - acc: 0.2803
3104/3458 [=========================>....] - ETA: 17s - loss: 1.6348 - acc: 0.2822
3136/3458 [==========================>...] - ETA: 15s - loss: 1.6328 - acc: 0.2822
3168/3458 [==========================>...] - ETA: 14s - loss: 1.6328 - acc: 0.2819
3200/3458 [==========================>...] - ETA: 12s - loss: 1.6319 - acc: 0.2819
3232/3458 [===========================>..] - ETA: 11s - loss: 1.6300 - acc: 0.2828
3264/3458 [===========================>..] - ETA: 9s - loss: 1.6284 - acc: 0.2825 
3296/3458 [===========================>..] - ETA: 7s - loss: 1.6272 - acc: 0.2816
3328/3458 [===========================>..] - ETA: 6s - loss: 1.6247 - acc: 0.2822
3360/3458 [============================>.] - ETA: 4s - loss: 1.6223 - acc: 0.2833
3392/3458 [============================>.] - ETA: 3s - loss: 1.6208 - acc: 0.2845
3424/3458 [============================>.] - ETA: 1s - loss: 1.6193 - acc: 0.2859
3456/3458 [============================>.] - ETA: 0s - loss: 1.6184 - acc: 0.2870
3458/3458 [==============================] - 171s 50ms/sample - loss: 1.6183 - acc: 0.2869

 32/865 [>.............................] - ETA: 8s - loss: 1.3521 - acc: 0.3750
 64/865 [=>............................] - ETA: 7s - loss: 1.3639 - acc: 0.3594
 96/865 [==>...........................] - ETA: 7s - loss: 1.3825 - acc: 0.3750
128/865 [===>..........................] - ETA: 6s - loss: 1.3919 - acc: 0.3984
160/865 [====>.........................] - ETA: 6s - loss: 1.4086 - acc: 0.3938
192/865 [=====>........................] - ETA: 6s - loss: 1.4029 - acc: 0.4167
224/865 [======>.......................] - ETA: 5s - loss: 1.3962 - acc: 0.4107
256/865 [=======>......................] - ETA: 5s - loss: 1.3893 - acc: 0.4141
288/865 [========>.....................] - ETA: 5s - loss: 1.3723 - acc: 0.4236
320/865 [==========>...................] - ETA: 4s - loss: 1.3683 - acc: 0.4281
352/865 [===========>..................] - ETA: 4s - loss: 1.3641 - acc: 0.4205
384/865 [============>.................] - ETA: 4s - loss: 1.3722 - acc: 0.4219
416/865 [=============>................] - ETA: 4s - loss: 1.3670 - acc: 0.4231
448/865 [==============>...............] - ETA: 3s - loss: 1.3711 - acc: 0.4174
480/865 [===============>..............] - ETA: 3s - loss: 1.3719 - acc: 0.4146
512/865 [================>.............] - ETA: 3s - loss: 1.3742 - acc: 0.4199
544/865 [=================>............] - ETA: 2s - loss: 1.3854 - acc: 0.4099
576/865 [==================>...........] - ETA: 2s - loss: 1.3833 - acc: 0.4080
608/865 [====================>.........] - ETA: 2s - loss: 1.3840 - acc: 0.4079
640/865 [=====================>........] - ETA: 2s - loss: 1.3801 - acc: 0.4078
672/865 [======================>.......] - ETA: 1s - loss: 1.3817 - acc: 0.4077
704/865 [=======================>......] - ETA: 1s - loss: 1.3763 - acc: 0.4162
736/865 [========================>.....] - ETA: 1s - loss: 1.3807 - acc: 0.4144
768/865 [=========================>....] - ETA: 0s - loss: 1.3827 - acc: 0.4076
800/865 [==========================>...] - ETA: 0s - loss: 1.3895 - acc: 0.4025
832/865 [===========================>..] - ETA: 0s - loss: 1.3873 - acc: 0.4038
864/865 [============================>.] - ETA: 0s - loss: 1.3850 - acc: 0.4028
865/865 [==============================] - 8s 9ms/sample - loss: 1.3852 - acc: 0.4023

  32/3458 [..............................] - ETA: 2:46 - loss: 1.4886 - acc: 0.3750
  64/3458 [..............................] - ETA: 2:47 - loss: 1.4979 - acc: 0.4062
  96/3458 [..............................] - ETA: 2:45 - loss: 1.4484 - acc: 0.4167
 128/3458 [>.............................] - ETA: 2:44 - loss: 1.4426 - acc: 0.3984
 160/3458 [>.............................] - ETA: 2:41 - loss: 1.4498 - acc: 0.3875
 192/3458 [>.............................] - ETA: 2:40 - loss: 1.4384 - acc: 0.4010
 224/3458 [>.............................] - ETA: 2:38 - loss: 1.4213 - acc: 0.3973
 256/3458 [=>............................] - ETA: 2:37 - loss: 1.4168 - acc: 0.3906
 288/3458 [=>............................] - ETA: 2:35 - loss: 1.4172 - acc: 0.3819
 320/3458 [=>............................] - ETA: 2:34 - loss: 1.3986 - acc: 0.4031
 352/3458 [==>...........................] - ETA: 2:32 - loss: 1.3791 - acc: 0.4176
 384/3458 [==>...........................] - ETA: 2:31 - loss: 1.3879 - acc: 0.4010
 416/3458 [==>...........................] - ETA: 2:29 - loss: 1.3721 - acc: 0.4087
 448/3458 [==>...........................] - ETA: 2:27 - loss: 1.3527 - acc: 0.4129
 480/3458 [===>..........................] - ETA: 2:26 - loss: 1.3498 - acc: 0.4167
 512/3458 [===>..........................] - ETA: 2:24 - loss: 1.3456 - acc: 0.4160
 544/3458 [===>..........................] - ETA: 2:23 - loss: 1.3370 - acc: 0.4191
 576/3458 [===>..........................] - ETA: 2:21 - loss: 1.3348 - acc: 0.4115
 608/3458 [====>.........................] - ETA: 2:20 - loss: 1.3299 - acc: 0.4161
 640/3458 [====>.........................] - ETA: 2:18 - loss: 1.3352 - acc: 0.4125
 672/3458 [====>.........................] - ETA: 2:16 - loss: 1.3311 - acc: 0.4167
 704/3458 [=====>........................] - ETA: 2:15 - loss: 1.3295 - acc: 0.4162
 736/3458 [=====>........................] - ETA: 2:13 - loss: 1.3307 - acc: 0.4158
 768/3458 [=====>........................] - ETA: 2:11 - loss: 1.3385 - acc: 0.4076
 800/3458 [=====>........................] - ETA: 2:10 - loss: 1.3346 - acc: 0.4062
 832/3458 [======>.......................] - ETA: 2:08 - loss: 1.3271 - acc: 0.4099
 864/3458 [======>.......................] - ETA: 2:07 - loss: 1.3212 - acc: 0.4109
 896/3458 [======>.......................] - ETA: 2:05 - loss: 1.3156 - acc: 0.4107
 928/3458 [=======>......................] - ETA: 2:04 - loss: 1.3117 - acc: 0.4159
 960/3458 [=======>......................] - ETA: 2:02 - loss: 1.3047 - acc: 0.4208
 992/3458 [=======>......................] - ETA: 2:01 - loss: 1.2995 - acc: 0.4244
1024/3458 [=======>......................] - ETA: 1:59 - loss: 1.2984 - acc: 0.4248
1056/3458 [========>.....................] - ETA: 1:57 - loss: 1.3056 - acc: 0.4261
1088/3458 [========>.....................] - ETA: 1:56 - loss: 1.3125 - acc: 0.4301
1120/3458 [========>.....................] - ETA: 1:54 - loss: 1.3109 - acc: 0.4321
1152/3458 [========>.....................] - ETA: 1:53 - loss: 1.3138 - acc: 0.4306
1184/3458 [=========>....................] - ETA: 1:51 - loss: 1.3122 - acc: 0.4350
1216/3458 [=========>....................] - ETA: 1:50 - loss: 1.3107 - acc: 0.4359
1248/3458 [=========>....................] - ETA: 1:48 - loss: 1.3067 - acc: 0.4383
1280/3458 [==========>...................] - ETA: 1:47 - loss: 1.3096 - acc: 0.4398
1312/3458 [==========>...................] - ETA: 1:45 - loss: 1.3054 - acc: 0.4444
1344/3458 [==========>...................] - ETA: 1:44 - loss: 1.3050 - acc: 0.4435
1376/3458 [==========>...................] - ETA: 1:42 - loss: 1.3003 - acc: 0.4469
1408/3458 [===========>..................] - ETA: 1:40 - loss: 1.2981 - acc: 0.4482
1440/3458 [===========>..................] - ETA: 1:39 - loss: 1.2968 - acc: 0.4465
1472/3458 [===========>..................] - ETA: 1:37 - loss: 1.2980 - acc: 0.4457
1504/3458 [============>.................] - ETA: 1:36 - loss: 1.2971 - acc: 0.4455
1536/3458 [============>.................] - ETA: 1:34 - loss: 1.3004 - acc: 0.4460
1568/3458 [============>.................] - ETA: 1:33 - loss: 1.2997 - acc: 0.4471
1600/3458 [============>.................] - ETA: 1:31 - loss: 1.2984 - acc: 0.4481
1632/3458 [=============>................] - ETA: 1:29 - loss: 1.2967 - acc: 0.4473
1664/3458 [=============>................] - ETA: 1:28 - loss: 1.2994 - acc: 0.4465
1696/3458 [=============>................] - ETA: 1:26 - loss: 1.2999 - acc: 0.4469
1728/3458 [=============>................] - ETA: 1:25 - loss: 1.3012 - acc: 0.4456
1760/3458 [==============>...............] - ETA: 1:23 - loss: 1.3004 - acc: 0.4472
1792/3458 [==============>...............] - ETA: 1:22 - loss: 1.2997 - acc: 0.4453
1824/3458 [==============>...............] - ETA: 1:20 - loss: 1.3021 - acc: 0.4424
1856/3458 [===============>..............] - ETA: 1:18 - loss: 1.3018 - acc: 0.4413
1888/3458 [===============>..............] - ETA: 1:17 - loss: 1.3002 - acc: 0.4407
1920/3458 [===============>..............] - ETA: 1:15 - loss: 1.2974 - acc: 0.4401
1952/3458 [===============>..............] - ETA: 1:14 - loss: 1.2963 - acc: 0.4421
1984/3458 [================>.............] - ETA: 1:12 - loss: 1.2992 - acc: 0.4410
2016/3458 [================>.............] - ETA: 1:11 - loss: 1.2973 - acc: 0.4420
2048/3458 [================>.............] - ETA: 1:09 - loss: 1.2970 - acc: 0.4419
2080/3458 [=================>............] - ETA: 1:07 - loss: 1.2947 - acc: 0.4423
2112/3458 [=================>............] - ETA: 1:06 - loss: 1.2895 - acc: 0.4455
2144/3458 [=================>............] - ETA: 1:04 - loss: 1.2879 - acc: 0.4454
2176/3458 [=================>............] - ETA: 1:03 - loss: 1.2864 - acc: 0.4458
2208/3458 [==================>...........] - ETA: 1:01 - loss: 1.2851 - acc: 0.4484
2240/3458 [==================>...........] - ETA: 59s - loss: 1.2868 - acc: 0.4455 
2272/3458 [==================>...........] - ETA: 58s - loss: 1.2852 - acc: 0.4463
2304/3458 [==================>...........] - ETA: 56s - loss: 1.2845 - acc: 0.4475
2336/3458 [===================>..........] - ETA: 55s - loss: 1.2845 - acc: 0.4473
2368/3458 [===================>..........] - ETA: 53s - loss: 1.2855 - acc: 0.4489
2400/3458 [===================>..........] - ETA: 52s - loss: 1.2864 - acc: 0.4496
2432/3458 [====================>.........] - ETA: 50s - loss: 1.2855 - acc: 0.4515
2464/3458 [====================>.........] - ETA: 48s - loss: 1.2847 - acc: 0.4525
2496/3458 [====================>.........] - ETA: 47s - loss: 1.2824 - acc: 0.4535
2528/3458 [====================>.........] - ETA: 45s - loss: 1.2822 - acc: 0.4537
2560/3458 [=====================>........] - ETA: 44s - loss: 1.2826 - acc: 0.4531
2592/3458 [=====================>........] - ETA: 42s - loss: 1.2824 - acc: 0.4537
2624/3458 [=====================>........] - ETA: 41s - loss: 1.2855 - acc: 0.4524
2656/3458 [======================>.......] - ETA: 39s - loss: 1.2868 - acc: 0.4511
2688/3458 [======================>.......] - ETA: 37s - loss: 1.2878 - acc: 0.4509
2720/3458 [======================>.......] - ETA: 36s - loss: 1.2867 - acc: 0.4518
2752/3458 [======================>.......] - ETA: 34s - loss: 1.2875 - acc: 0.4524
2784/3458 [=======================>......] - ETA: 33s - loss: 1.2849 - acc: 0.4547
2816/3458 [=======================>......] - ETA: 31s - loss: 1.2848 - acc: 0.4560
2848/3458 [=======================>......] - ETA: 30s - loss: 1.2845 - acc: 0.4554
2880/3458 [=======================>......] - ETA: 28s - loss: 1.2815 - acc: 0.4573
2912/3458 [========================>.....] - ETA: 26s - loss: 1.2804 - acc: 0.4578
2944/3458 [========================>.....] - ETA: 25s - loss: 1.2838 - acc: 0.4582
2976/3458 [========================>.....] - ETA: 23s - loss: 1.2849 - acc: 0.4583
3008/3458 [=========================>....] - ETA: 22s - loss: 1.2817 - acc: 0.4591
3040/3458 [=========================>....] - ETA: 20s - loss: 1.2814 - acc: 0.4586
3072/3458 [=========================>....] - ETA: 18s - loss: 1.2801 - acc: 0.4603
3104/3458 [=========================>....] - ETA: 17s - loss: 1.2803 - acc: 0.4607
3136/3458 [==========================>...] - ETA: 15s - loss: 1.2801 - acc: 0.4595
3168/3458 [==========================>...] - ETA: 14s - loss: 1.2818 - acc: 0.4593
3200/3458 [==========================>...] - ETA: 12s - loss: 1.2802 - acc: 0.4600
3232/3458 [===========================>..] - ETA: 11s - loss: 1.2795 - acc: 0.4598
3264/3458 [===========================>..] - ETA: 9s - loss: 1.2800 - acc: 0.4605 
3296/3458 [===========================>..] - ETA: 7s - loss: 1.2812 - acc: 0.4612
3328/3458 [===========================>..] - ETA: 6s - loss: 1.2792 - acc: 0.4618
3360/3458 [============================>.] - ETA: 4s - loss: 1.2782 - acc: 0.4613
3392/3458 [============================>.] - ETA: 3s - loss: 1.2757 - acc: 0.4626
3424/3458 [============================>.] - ETA: 1s - loss: 1.2756 - acc: 0.4626
3456/3458 [============================>.] - ETA: 0s - loss: 1.2751 - acc: 0.4630
3458/3458 [==============================] - 171s 49ms/sample - loss: 1.2748 - acc: 0.4630

 32/865 [>.............................] - ETA: 7s - loss: 1.1687 - acc: 0.5000
 64/865 [=>............................] - ETA: 7s - loss: 1.1173 - acc: 0.5312
 96/865 [==>...........................] - ETA: 7s - loss: 1.0773 - acc: 0.5521
128/865 [===>..........................] - ETA: 6s - loss: 1.1400 - acc: 0.5469
160/865 [====>.........................] - ETA: 6s - loss: 1.1408 - acc: 0.5250
192/865 [=====>........................] - ETA: 6s - loss: 1.1447 - acc: 0.5156
224/865 [======>.......................] - ETA: 5s - loss: 1.1495 - acc: 0.5179
256/865 [=======>......................] - ETA: 5s - loss: 1.1339 - acc: 0.5078
288/865 [========>.....................] - ETA: 5s - loss: 1.1246 - acc: 0.5243
320/865 [==========>...................] - ETA: 4s - loss: 1.0995 - acc: 0.5375
352/865 [===========>..................] - ETA: 4s - loss: 1.0933 - acc: 0.5341
384/865 [============>.................] - ETA: 4s - loss: 1.1134 - acc: 0.5260
416/865 [=============>................] - ETA: 4s - loss: 1.1167 - acc: 0.5216
448/865 [==============>...............] - ETA: 3s - loss: 1.1282 - acc: 0.5312
480/865 [===============>..............] - ETA: 3s - loss: 1.1350 - acc: 0.5292
512/865 [================>.............] - ETA: 3s - loss: 1.1261 - acc: 0.5312
544/865 [=================>............] - ETA: 2s - loss: 1.1457 - acc: 0.5221
576/865 [==================>...........] - ETA: 2s - loss: 1.1505 - acc: 0.5208
608/865 [====================>.........] - ETA: 2s - loss: 1.1474 - acc: 0.5230
640/865 [=====================>........] - ETA: 2s - loss: 1.1440 - acc: 0.5266
672/865 [======================>.......] - ETA: 1s - loss: 1.1355 - acc: 0.5342
704/865 [=======================>......] - ETA: 1s - loss: 1.1326 - acc: 0.5312
736/865 [========================>.....] - ETA: 1s - loss: 1.1330 - acc: 0.5285
768/865 [=========================>....] - ETA: 0s - loss: 1.1354 - acc: 0.5273
800/865 [==========================>...] - ETA: 0s - loss: 1.1383 - acc: 0.5238
832/865 [===========================>..] - ETA: 0s - loss: 1.1441 - acc: 0.5240
864/865 [============================>.] - ETA: 0s - loss: 1.1515 - acc: 0.5255
865/865 [==============================] - 8s 9ms/sample - loss: 1.1522 - acc: 0.5249

  32/3458 [..............................] - ETA: 2:44 - loss: 1.3381 - acc: 0.3750
  64/3458 [..............................] - ETA: 2:45 - loss: 1.3923 - acc: 0.3281
  96/3458 [..............................] - ETA: 2:45 - loss: 1.5263 - acc: 0.3542
 128/3458 [>.............................] - ETA: 2:44 - loss: 1.4099 - acc: 0.4219
 160/3458 [>.............................] - ETA: 2:42 - loss: 1.3562 - acc: 0.4500
 192/3458 [>.............................] - ETA: 2:40 - loss: 1.3353 - acc: 0.4792
 224/3458 [>.............................] - ETA: 2:38 - loss: 1.3268 - acc: 0.5000
 256/3458 [=>............................] - ETA: 2:37 - loss: 1.3289 - acc: 0.4844
 288/3458 [=>............................] - ETA: 2:36 - loss: 1.3371 - acc: 0.4861
 320/3458 [=>............................] - ETA: 2:34 - loss: 1.3262 - acc: 0.4875
 352/3458 [==>...........................] - ETA: 2:32 - loss: 1.3168 - acc: 0.4858
 384/3458 [==>...........................] - ETA: 2:31 - loss: 1.3181 - acc: 0.4948
 416/3458 [==>...........................] - ETA: 2:29 - loss: 1.3005 - acc: 0.5000
 448/3458 [==>...........................] - ETA: 2:28 - loss: 1.2844 - acc: 0.5112
 480/3458 [===>..........................] - ETA: 2:26 - loss: 1.2751 - acc: 0.5104
 512/3458 [===>..........................] - ETA: 2:24 - loss: 1.2707 - acc: 0.5098
 544/3458 [===>..........................] - ETA: 2:23 - loss: 1.2558 - acc: 0.5147
 576/3458 [===>..........................] - ETA: 2:21 - loss: 1.2462 - acc: 0.5191
 608/3458 [====>.........................] - ETA: 2:20 - loss: 1.2467 - acc: 0.5115
 640/3458 [====>.........................] - ETA: 2:18 - loss: 1.2549 - acc: 0.5172
 672/3458 [====>.........................] - ETA: 2:17 - loss: 1.2502 - acc: 0.5179
 704/3458 [=====>........................] - ETA: 2:15 - loss: 1.2443 - acc: 0.5241
 736/3458 [=====>........................] - ETA: 2:14 - loss: 1.2314 - acc: 0.5285
 768/3458 [=====>........................] - ETA: 2:12 - loss: 1.2265 - acc: 0.5286
 800/3458 [=====>........................] - ETA: 2:10 - loss: 1.2217 - acc: 0.5325
 832/3458 [======>.......................] - ETA: 2:09 - loss: 1.2232 - acc: 0.5276
 864/3458 [======>.......................] - ETA: 2:07 - loss: 1.2210 - acc: 0.5278
 896/3458 [======>.......................] - ETA: 2:06 - loss: 1.2116 - acc: 0.5312
 928/3458 [=======>......................] - ETA: 2:04 - loss: 1.2073 - acc: 0.5356
 960/3458 [=======>......................] - ETA: 2:02 - loss: 1.2081 - acc: 0.5333
 992/3458 [=======>......................] - ETA: 2:01 - loss: 1.2025 - acc: 0.5383
1024/3458 [=======>......................] - ETA: 1:59 - loss: 1.2067 - acc: 0.5371
1056/3458 [========>.....................] - ETA: 1:58 - loss: 1.2075 - acc: 0.5322
1088/3458 [========>.....................] - ETA: 1:56 - loss: 1.2071 - acc: 0.5312
1120/3458 [========>.....................] - ETA: 1:55 - loss: 1.1982 - acc: 0.5375
1152/3458 [========>.....................] - ETA: 1:53 - loss: 1.1969 - acc: 0.5347
1184/3458 [=========>....................] - ETA: 1:51 - loss: 1.1878 - acc: 0.5363
1216/3458 [=========>....................] - ETA: 1:50 - loss: 1.1855 - acc: 0.5395
1248/3458 [=========>....................] - ETA: 1:48 - loss: 1.1838 - acc: 0.5369
1280/3458 [==========>...................] - ETA: 1:47 - loss: 1.1788 - acc: 0.5398
1312/3458 [==========>...................] - ETA: 1:45 - loss: 1.1817 - acc: 0.5381
1344/3458 [==========>...................] - ETA: 1:44 - loss: 1.1781 - acc: 0.5394
1376/3458 [==========>...................] - ETA: 1:42 - loss: 1.1788 - acc: 0.5378
1408/3458 [===========>..................] - ETA: 1:40 - loss: 1.1841 - acc: 0.5362
1440/3458 [===========>..................] - ETA: 1:39 - loss: 1.1820 - acc: 0.5347
1472/3458 [===========>..................] - ETA: 1:37 - loss: 1.1829 - acc: 0.5326
1504/3458 [============>.................] - ETA: 1:36 - loss: 1.1790 - acc: 0.5339
1536/3458 [============>.................] - ETA: 1:34 - loss: 1.1787 - acc: 0.5352
1568/3458 [============>.................] - ETA: 1:33 - loss: 1.1780 - acc: 0.5344
1600/3458 [============>.................] - ETA: 1:31 - loss: 1.1756 - acc: 0.5356
1632/3458 [=============>................] - ETA: 1:30 - loss: 1.1762 - acc: 0.5343
1664/3458 [=============>................] - ETA: 1:28 - loss: 1.1782 - acc: 0.5325
1696/3458 [=============>................] - ETA: 1:26 - loss: 1.1790 - acc: 0.5312
1728/3458 [=============>................] - ETA: 1:25 - loss: 1.1749 - acc: 0.5324
1760/3458 [==============>...............] - ETA: 1:23 - loss: 1.1773 - acc: 0.5324
1792/3458 [==============>...............] - ETA: 1:22 - loss: 1.1744 - acc: 0.5329
1824/3458 [==============>...............] - ETA: 1:20 - loss: 1.1709 - acc: 0.5340
1856/3458 [===============>..............] - ETA: 1:18 - loss: 1.1712 - acc: 0.5356
1888/3458 [===============>..............] - ETA: 1:17 - loss: 1.1691 - acc: 0.5355
1920/3458 [===============>..............] - ETA: 1:15 - loss: 1.1684 - acc: 0.5349
1952/3458 [===============>..............] - ETA: 1:14 - loss: 1.1709 - acc: 0.5343
1984/3458 [================>.............] - ETA: 1:12 - loss: 1.1704 - acc: 0.5338
2016/3458 [================>.............] - ETA: 1:11 - loss: 1.1733 - acc: 0.5308
2048/3458 [================>.............] - ETA: 1:09 - loss: 1.1721 - acc: 0.5317
2080/3458 [=================>............] - ETA: 1:07 - loss: 1.1729 - acc: 0.5322
2112/3458 [=================>............] - ETA: 1:06 - loss: 1.1721 - acc: 0.5317
2144/3458 [=================>............] - ETA: 1:04 - loss: 1.1709 - acc: 0.5303
2176/3458 [=================>............] - ETA: 1:03 - loss: 1.1698 - acc: 0.5299
2208/3458 [==================>...........] - ETA: 1:01 - loss: 1.1678 - acc: 0.5290
2240/3458 [==================>...........] - ETA: 1:00 - loss: 1.1668 - acc: 0.5286
2272/3458 [==================>...........] - ETA: 58s - loss: 1.1673 - acc: 0.5290 
2304/3458 [==================>...........] - ETA: 56s - loss: 1.1663 - acc: 0.5295
2336/3458 [===================>..........] - ETA: 55s - loss: 1.1651 - acc: 0.5291
2368/3458 [===================>..........] - ETA: 53s - loss: 1.1622 - acc: 0.5308
2400/3458 [===================>..........] - ETA: 52s - loss: 1.1650 - acc: 0.5308
2432/3458 [====================>.........] - ETA: 50s - loss: 1.1664 - acc: 0.5296
2464/3458 [====================>.........] - ETA: 48s - loss: 1.1659 - acc: 0.5296
2496/3458 [====================>.........] - ETA: 47s - loss: 1.1641 - acc: 0.5308
2528/3458 [====================>.........] - ETA: 45s - loss: 1.1666 - acc: 0.5293
2560/3458 [=====================>........] - ETA: 44s - loss: 1.1669 - acc: 0.5297
2592/3458 [=====================>........] - ETA: 42s - loss: 1.1645 - acc: 0.5312
2624/3458 [=====================>........] - ETA: 41s - loss: 1.1624 - acc: 0.5328
2656/3458 [======================>.......] - ETA: 39s - loss: 1.1626 - acc: 0.5328
2688/3458 [======================>.......] - ETA: 37s - loss: 1.1660 - acc: 0.5312
2720/3458 [======================>.......] - ETA: 36s - loss: 1.1651 - acc: 0.5324
2752/3458 [======================>.......] - ETA: 34s - loss: 1.1623 - acc: 0.5342
2784/3458 [=======================>......] - ETA: 33s - loss: 1.1628 - acc: 0.5345
2816/3458 [=======================>......] - ETA: 31s - loss: 1.1636 - acc: 0.5344
2848/3458 [=======================>......] - ETA: 30s - loss: 1.1622 - acc: 0.5348
2880/3458 [=======================>......] - ETA: 28s - loss: 1.1600 - acc: 0.5344
2912/3458 [========================>.....] - ETA: 26s - loss: 1.1566 - acc: 0.5357
2944/3458 [========================>.....] - ETA: 25s - loss: 1.1561 - acc: 0.5360
2976/3458 [========================>.....] - ETA: 23s - loss: 1.1557 - acc: 0.5356
3008/3458 [=========================>....] - ETA: 22s - loss: 1.1583 - acc: 0.5346
3040/3458 [=========================>....] - ETA: 20s - loss: 1.1552 - acc: 0.5359
3072/3458 [=========================>....] - ETA: 19s - loss: 1.1571 - acc: 0.5352
3104/3458 [=========================>....] - ETA: 17s - loss: 1.1543 - acc: 0.5358
3136/3458 [==========================>...] - ETA: 15s - loss: 1.1574 - acc: 0.5348
3168/3458 [==========================>...] - ETA: 14s - loss: 1.1576 - acc: 0.5354
3200/3458 [==========================>...] - ETA: 12s - loss: 1.1580 - acc: 0.5359
3232/3458 [===========================>..] - ETA: 11s - loss: 1.1571 - acc: 0.5371
3264/3458 [===========================>..] - ETA: 9s - loss: 1.1551 - acc: 0.5380 
3296/3458 [===========================>..] - ETA: 7s - loss: 1.1538 - acc: 0.5382
3328/3458 [===========================>..] - ETA: 6s - loss: 1.1518 - acc: 0.5388
3360/3458 [============================>.] - ETA: 4s - loss: 1.1520 - acc: 0.5384
3392/3458 [============================>.] - ETA: 3s - loss: 1.1516 - acc: 0.5386
3424/3458 [============================>.] - ETA: 1s - loss: 1.1494 - acc: 0.5394
3456/3458 [============================>.] - ETA: 0s - loss: 1.1494 - acc: 0.5396
3458/3458 [==============================] - 171s 49ms/sample - loss: 1.1499 - acc: 0.5393

 32/865 [>.............................] - ETA: 7s - loss: 1.0712 - acc: 0.5312
 64/865 [=>............................] - ETA: 7s - loss: 1.0140 - acc: 0.6406
 96/865 [==>...........................] - ETA: 6s - loss: 1.0055 - acc: 0.6354
128/865 [===>..........................] - ETA: 6s - loss: 1.0150 - acc: 0.6484
160/865 [====>.........................] - ETA: 6s - loss: 1.0558 - acc: 0.6125
192/865 [=====>........................] - ETA: 6s - loss: 1.0386 - acc: 0.6146
224/865 [======>.......................] - ETA: 5s - loss: 1.0398 - acc: 0.6161
256/865 [=======>......................] - ETA: 5s - loss: 1.0215 - acc: 0.6133
288/865 [========>.....................] - ETA: 5s - loss: 1.0185 - acc: 0.6181
320/865 [==========>...................] - ETA: 4s - loss: 0.9898 - acc: 0.6313
352/865 [===========>..................] - ETA: 4s - loss: 0.9926 - acc: 0.6136
384/865 [============>.................] - ETA: 4s - loss: 1.0089 - acc: 0.6016
416/865 [=============>................] - ETA: 4s - loss: 1.0026 - acc: 0.5986
448/865 [==============>...............] - ETA: 3s - loss: 1.0053 - acc: 0.6004
480/865 [===============>..............] - ETA: 3s - loss: 1.0047 - acc: 0.5979
512/865 [================>.............] - ETA: 3s - loss: 1.0068 - acc: 0.5898
544/865 [=================>............] - ETA: 2s - loss: 1.0194 - acc: 0.5827
576/865 [==================>...........] - ETA: 2s - loss: 1.0185 - acc: 0.5816
608/865 [====================>.........] - ETA: 2s - loss: 1.0201 - acc: 0.5789
640/865 [=====================>........] - ETA: 2s - loss: 1.0165 - acc: 0.5844
672/865 [======================>.......] - ETA: 1s - loss: 1.0121 - acc: 0.5908
704/865 [=======================>......] - ETA: 1s - loss: 1.0101 - acc: 0.5852
736/865 [========================>.....] - ETA: 1s - loss: 1.0098 - acc: 0.5870
768/865 [=========================>....] - ETA: 0s - loss: 1.0119 - acc: 0.5833
800/865 [==========================>...] - ETA: 0s - loss: 1.0141 - acc: 0.5825
832/865 [===========================>..] - ETA: 0s - loss: 1.0207 - acc: 0.5817
864/865 [============================>.] - ETA: 0s - loss: 1.0246 - acc: 0.5822
865/865 [==============================] - 8s 9ms/sample - loss: 1.0259 - acc: 0.5815

  32/3458 [..............................] - ETA: 2:49 - loss: 1.1639 - acc: 0.5312
  64/3458 [..............................] - ETA: 2:48 - loss: 1.1495 - acc: 0.4688
  96/3458 [..............................] - ETA: 2:45 - loss: 1.0961 - acc: 0.4792
 128/3458 [>.............................] - ETA: 2:44 - loss: 1.1281 - acc: 0.5000
 160/3458 [>.............................] - ETA: 2:42 - loss: 1.1927 - acc: 0.4938
 192/3458 [>.............................] - ETA: 2:40 - loss: 1.2361 - acc: 0.4792
 224/3458 [>.............................] - ETA: 2:39 - loss: 1.2196 - acc: 0.4821
 256/3458 [=>............................] - ETA: 2:37 - loss: 1.2229 - acc: 0.4805
 288/3458 [=>............................] - ETA: 2:35 - loss: 1.2044 - acc: 0.4931
 320/3458 [=>............................] - ETA: 2:34 - loss: 1.2090 - acc: 0.4875
 352/3458 [==>...........................] - ETA: 2:33 - loss: 1.1983 - acc: 0.5085
 384/3458 [==>...........................] - ETA: 2:31 - loss: 1.1878 - acc: 0.5130
 416/3458 [==>...........................] - ETA: 2:30 - loss: 1.1891 - acc: 0.5120
 448/3458 [==>...........................] - ETA: 2:28 - loss: 1.1839 - acc: 0.5134
 480/3458 [===>..........................] - ETA: 2:26 - loss: 1.1729 - acc: 0.5146
 512/3458 [===>..........................] - ETA: 2:25 - loss: 1.1560 - acc: 0.5215
 544/3458 [===>..........................] - ETA: 2:23 - loss: 1.1549 - acc: 0.5221
 576/3458 [===>..........................] - ETA: 2:22 - loss: 1.1538 - acc: 0.5226
 608/3458 [====>.........................] - ETA: 2:20 - loss: 1.1486 - acc: 0.5230
 640/3458 [====>.........................] - ETA: 2:18 - loss: 1.1565 - acc: 0.5250
 672/3458 [====>.........................] - ETA: 2:17 - loss: 1.1557 - acc: 0.5253
 704/3458 [=====>........................] - ETA: 2:15 - loss: 1.1593 - acc: 0.5227
 736/3458 [=====>........................] - ETA: 2:14 - loss: 1.1546 - acc: 0.5204
 768/3458 [=====>........................] - ETA: 2:12 - loss: 1.1497 - acc: 0.5182
 800/3458 [=====>........................] - ETA: 2:11 - loss: 1.1500 - acc: 0.5150
 832/3458 [======>.......................] - ETA: 2:09 - loss: 1.1426 - acc: 0.5192
 864/3458 [======>.......................] - ETA: 2:07 - loss: 1.1354 - acc: 0.5266
 896/3458 [======>.......................] - ETA: 2:06 - loss: 1.1260 - acc: 0.5290
 928/3458 [=======>......................] - ETA: 2:04 - loss: 1.1218 - acc: 0.5323
 960/3458 [=======>......................] - ETA: 2:03 - loss: 1.1181 - acc: 0.5333
 992/3458 [=======>......................] - ETA: 2:01 - loss: 1.1194 - acc: 0.5323
1024/3458 [=======>......................] - ETA: 2:00 - loss: 1.1205 - acc: 0.5342
1056/3458 [========>.....................] - ETA: 1:58 - loss: 1.1208 - acc: 0.5350
1088/3458 [========>.....................] - ETA: 1:57 - loss: 1.1221 - acc: 0.5368
1120/3458 [========>.....................] - ETA: 1:55 - loss: 1.1263 - acc: 0.5366
1152/3458 [========>.....................] - ETA: 1:53 - loss: 1.1381 - acc: 0.5312
1184/3458 [=========>....................] - ETA: 1:52 - loss: 1.1383 - acc: 0.5321
1216/3458 [=========>....................] - ETA: 1:50 - loss: 1.1391 - acc: 0.5312
1248/3458 [=========>....................] - ETA: 1:49 - loss: 1.1453 - acc: 0.5296
1280/3458 [==========>...................] - ETA: 1:47 - loss: 1.1344 - acc: 0.5367
1312/3458 [==========>...................] - ETA: 1:45 - loss: 1.1294 - acc: 0.5404
1344/3458 [==========>...................] - ETA: 1:44 - loss: 1.1211 - acc: 0.5461
1376/3458 [==========>...................] - ETA: 1:42 - loss: 1.1163 - acc: 0.5465
1408/3458 [===========>..................] - ETA: 1:41 - loss: 1.1161 - acc: 0.5476
1440/3458 [===========>..................] - ETA: 1:39 - loss: 1.1118 - acc: 0.5486
1472/3458 [===========>..................] - ETA: 1:38 - loss: 1.1096 - acc: 0.5503
1504/3458 [============>.................] - ETA: 1:36 - loss: 1.1055 - acc: 0.5505
1536/3458 [============>.................] - ETA: 1:34 - loss: 1.1014 - acc: 0.5508
1568/3458 [============>.................] - ETA: 1:33 - loss: 1.0974 - acc: 0.5529
1600/3458 [============>.................] - ETA: 1:31 - loss: 1.0953 - acc: 0.5550
1632/3458 [=============>................] - ETA: 1:30 - loss: 1.0876 - acc: 0.5582
1664/3458 [=============>................] - ETA: 1:28 - loss: 1.0872 - acc: 0.5583
1696/3458 [=============>................] - ETA: 1:26 - loss: 1.0842 - acc: 0.5572
1728/3458 [=============>................] - ETA: 1:25 - loss: 1.0894 - acc: 0.5538
1760/3458 [==============>...............] - ETA: 1:23 - loss: 1.0863 - acc: 0.5540
1792/3458 [==============>...............] - ETA: 1:22 - loss: 1.0854 - acc: 0.5547
1824/3458 [==============>...............] - ETA: 1:20 - loss: 1.0842 - acc: 0.5565
1856/3458 [===============>..............] - ETA: 1:19 - loss: 1.0889 - acc: 0.5555
1888/3458 [===============>..............] - ETA: 1:17 - loss: 1.0942 - acc: 0.5514
1920/3458 [===============>..............] - ETA: 1:15 - loss: 1.0955 - acc: 0.5495
1952/3458 [===============>..............] - ETA: 1:14 - loss: 1.0984 - acc: 0.5507
1984/3458 [================>.............] - ETA: 1:12 - loss: 1.0993 - acc: 0.5504
2016/3458 [================>.............] - ETA: 1:11 - loss: 1.1030 - acc: 0.5486
2048/3458 [================>.............] - ETA: 1:09 - loss: 1.1031 - acc: 0.5479
2080/3458 [=================>............] - ETA: 1:07 - loss: 1.0995 - acc: 0.5500
2112/3458 [=================>............] - ETA: 1:06 - loss: 1.0994 - acc: 0.5502
2144/3458 [=================>............] - ETA: 1:04 - loss: 1.0998 - acc: 0.5499
2176/3458 [=================>............] - ETA: 1:03 - loss: 1.1035 - acc: 0.5478
2208/3458 [==================>...........] - ETA: 1:01 - loss: 1.1016 - acc: 0.5489
2240/3458 [==================>...........] - ETA: 1:00 - loss: 1.1015 - acc: 0.5487
2272/3458 [==================>...........] - ETA: 58s - loss: 1.0997 - acc: 0.5515 
2304/3458 [==================>...........] - ETA: 56s - loss: 1.0964 - acc: 0.5525
2336/3458 [===================>..........] - ETA: 55s - loss: 1.0979 - acc: 0.5518
2368/3458 [===================>..........] - ETA: 53s - loss: 1.0989 - acc: 0.5507
2400/3458 [===================>..........] - ETA: 52s - loss: 1.0975 - acc: 0.5504
2432/3458 [====================>.........] - ETA: 50s - loss: 1.0938 - acc: 0.5526
2464/3458 [====================>.........] - ETA: 49s - loss: 1.0923 - acc: 0.5524
2496/3458 [====================>.........] - ETA: 47s - loss: 1.0976 - acc: 0.5513
2528/3458 [====================>.........] - ETA: 45s - loss: 1.0975 - acc: 0.5506
2560/3458 [=====================>........] - ETA: 44s - loss: 1.0964 - acc: 0.5520
2592/3458 [=====================>........] - ETA: 42s - loss: 1.0963 - acc: 0.5513
2624/3458 [=====================>........] - ETA: 41s - loss: 1.0973 - acc: 0.5518
2656/3458 [======================>.......] - ETA: 39s - loss: 1.0965 - acc: 0.5516
2688/3458 [======================>.......] - ETA: 37s - loss: 1.0962 - acc: 0.5513
2720/3458 [======================>.......] - ETA: 36s - loss: 1.0923 - acc: 0.5526
2752/3458 [======================>.......] - ETA: 34s - loss: 1.0905 - acc: 0.5527
2784/3458 [=======================>......] - ETA: 33s - loss: 1.0876 - acc: 0.5535
2816/3458 [=======================>......] - ETA: 31s - loss: 1.0887 - acc: 0.5529
2848/3458 [=======================>......] - ETA: 30s - loss: 1.0908 - acc: 0.5520
2880/3458 [=======================>......] - ETA: 28s - loss: 1.0905 - acc: 0.5507
2912/3458 [========================>.....] - ETA: 26s - loss: 1.0943 - acc: 0.5501
2944/3458 [========================>.....] - ETA: 25s - loss: 1.0950 - acc: 0.5510
2976/3458 [========================>.....] - ETA: 23s - loss: 1.0963 - acc: 0.5517
3008/3458 [=========================>....] - ETA: 22s - loss: 1.0953 - acc: 0.5519
3040/3458 [=========================>....] - ETA: 20s - loss: 1.0949 - acc: 0.5516
3072/3458 [=========================>....] - ETA: 19s - loss: 1.0948 - acc: 0.5524
3104/3458 [=========================>....] - ETA: 17s - loss: 1.0938 - acc: 0.5535
3136/3458 [==========================>...] - ETA: 15s - loss: 1.0922 - acc: 0.5552
3168/3458 [==========================>...] - ETA: 14s - loss: 1.0911 - acc: 0.5559
3200/3458 [==========================>...] - ETA: 12s - loss: 1.0893 - acc: 0.5581
3232/3458 [===========================>..] - ETA: 11s - loss: 1.0915 - acc: 0.5563
3264/3458 [===========================>..] - ETA: 9s - loss: 1.0905 - acc: 0.5570 
3296/3458 [===========================>..] - ETA: 7s - loss: 1.0874 - acc: 0.5583
3328/3458 [===========================>..] - ETA: 6s - loss: 1.0859 - acc: 0.5589
3360/3458 [============================>.] - ETA: 4s - loss: 1.0829 - acc: 0.5610
3392/3458 [============================>.] - ETA: 3s - loss: 1.0819 - acc: 0.5616
3424/3458 [============================>.] - ETA: 1s - loss: 1.0818 - acc: 0.5616
3456/3458 [============================>.] - ETA: 0s - loss: 1.0809 - acc: 0.5608
3458/3458 [==============================] - 171s 49ms/sample - loss: 1.0815 - acc: 0.5604

 32/865 [>.............................] - ETA: 7s - loss: 1.0958 - acc: 0.5000
 64/865 [=>............................] - ETA: 7s - loss: 1.0647 - acc: 0.5625
 96/865 [==>...........................] - ETA: 6s - loss: 1.0080 - acc: 0.6042
128/865 [===>..........................] - ETA: 6s - loss: 1.0415 - acc: 0.6328
160/865 [====>.........................] - ETA: 6s - loss: 1.0835 - acc: 0.6187
192/865 [=====>........................] - ETA: 5s - loss: 1.0547 - acc: 0.6094
224/865 [======>.......................] - ETA: 5s - loss: 1.0563 - acc: 0.5938
256/865 [=======>......................] - ETA: 5s - loss: 1.0240 - acc: 0.5977
288/865 [========>.....................] - ETA: 5s - loss: 1.0139 - acc: 0.5972
320/865 [==========>...................] - ETA: 4s - loss: 0.9773 - acc: 0.6094
352/865 [===========>..................] - ETA: 4s - loss: 0.9802 - acc: 0.6023
384/865 [============>.................] - ETA: 4s - loss: 1.0024 - acc: 0.5964
416/865 [=============>................] - ETA: 4s - loss: 0.9951 - acc: 0.5986
448/865 [==============>...............] - ETA: 3s - loss: 0.9935 - acc: 0.6094
480/865 [===============>..............] - ETA: 3s - loss: 0.9897 - acc: 0.6083
512/865 [================>.............] - ETA: 3s - loss: 0.9858 - acc: 0.6133
544/865 [=================>............] - ETA: 2s - loss: 1.0177 - acc: 0.6029
576/865 [==================>...........] - ETA: 2s - loss: 1.0147 - acc: 0.6024
608/865 [====================>.........] - ETA: 2s - loss: 1.0122 - acc: 0.5987
640/865 [=====================>........] - ETA: 2s - loss: 1.0089 - acc: 0.6016
672/865 [======================>.......] - ETA: 1s - loss: 0.9964 - acc: 0.6086
704/865 [=======================>......] - ETA: 1s - loss: 0.9878 - acc: 0.6122
736/865 [========================>.....] - ETA: 1s - loss: 0.9865 - acc: 0.6114
768/865 [=========================>....] - ETA: 0s - loss: 0.9860 - acc: 0.6107
800/865 [==========================>...] - ETA: 0s - loss: 0.9873 - acc: 0.6062
832/865 [===========================>..] - ETA: 0s - loss: 0.9915 - acc: 0.6070
864/865 [============================>.] - ETA: 0s - loss: 0.9945 - acc: 0.6088
865/865 [==============================] - 8s 9ms/sample - loss: 0.9963 - acc: 0.6081

  32/3458 [..............................] - ETA: 2:45 - loss: 0.8299 - acc: 0.6875
  64/3458 [..............................] - ETA: 2:45 - loss: 0.9414 - acc: 0.6562
  96/3458 [..............................] - ETA: 2:45 - loss: 1.0064 - acc: 0.6250
 128/3458 [>.............................] - ETA: 2:42 - loss: 1.0045 - acc: 0.6172
 160/3458 [>.............................] - ETA: 2:42 - loss: 0.9903 - acc: 0.6187
 192/3458 [>.............................] - ETA: 2:41 - loss: 0.9872 - acc: 0.6146
 224/3458 [>.............................] - ETA: 2:40 - loss: 0.9486 - acc: 0.6384
 256/3458 [=>............................] - ETA: 2:38 - loss: 0.9502 - acc: 0.6406
 288/3458 [=>............................] - ETA: 2:36 - loss: 0.9567 - acc: 0.6181
 320/3458 [=>............................] - ETA: 2:34 - loss: 0.9795 - acc: 0.6094
 352/3458 [==>...........................] - ETA: 2:33 - loss: 0.9772 - acc: 0.6023
 384/3458 [==>...........................] - ETA: 2:31 - loss: 0.9785 - acc: 0.6068
 416/3458 [==>...........................] - ETA: 2:30 - loss: 0.9871 - acc: 0.6058
 448/3458 [==>...........................] - ETA: 2:28 - loss: 0.9825 - acc: 0.6094
 480/3458 [===>..........................] - ETA: 2:26 - loss: 0.9861 - acc: 0.6062
 512/3458 [===>..........................] - ETA: 2:25 - loss: 0.9928 - acc: 0.6016
 544/3458 [===>..........................] - ETA: 2:23 - loss: 0.9898 - acc: 0.6011
 576/3458 [===>..........................] - ETA: 2:22 - loss: 1.0056 - acc: 0.5972
 608/3458 [====>.........................] - ETA: 2:20 - loss: 1.0192 - acc: 0.5921
 640/3458 [====>.........................] - ETA: 2:19 - loss: 1.0025 - acc: 0.6016
 672/3458 [====>.........................] - ETA: 2:17 - loss: 1.0054 - acc: 0.6012
 704/3458 [=====>........................] - ETA: 2:15 - loss: 1.0199 - acc: 0.5966
 736/3458 [=====>........................] - ETA: 2:14 - loss: 1.0071 - acc: 0.6033
 768/3458 [=====>........................] - ETA: 2:12 - loss: 1.0037 - acc: 0.6029
 800/3458 [=====>........................] - ETA: 2:11 - loss: 1.0116 - acc: 0.6037
 832/3458 [======>.......................] - ETA: 2:09 - loss: 1.0061 - acc: 0.6058
 864/3458 [======>.......................] - ETA: 2:07 - loss: 1.0062 - acc: 0.6042
 896/3458 [======>.......................] - ETA: 2:06 - loss: 1.0001 - acc: 0.6060
 928/3458 [=======>......................] - ETA: 2:04 - loss: 0.9985 - acc: 0.6034
 960/3458 [=======>......................] - ETA: 2:03 - loss: 1.0033 - acc: 0.6021
 992/3458 [=======>......................] - ETA: 2:01 - loss: 0.9934 - acc: 0.6079
1024/3458 [=======>......................] - ETA: 2:00 - loss: 1.0015 - acc: 0.6055
1056/3458 [========>.....................] - ETA: 1:58 - loss: 1.0017 - acc: 0.6061
1088/3458 [========>.....................] - ETA: 1:56 - loss: 0.9992 - acc: 0.6039
1120/3458 [========>.....................] - ETA: 1:55 - loss: 0.9937 - acc: 0.6045
1152/3458 [========>.....................] - ETA: 1:53 - loss: 0.9917 - acc: 0.6050
1184/3458 [=========>....................] - ETA: 1:52 - loss: 0.9930 - acc: 0.6056
1216/3458 [=========>....................] - ETA: 1:50 - loss: 0.9936 - acc: 0.6044
1248/3458 [=========>....................] - ETA: 1:49 - loss: 0.9937 - acc: 0.6050
1280/3458 [==========>...................] - ETA: 1:47 - loss: 0.9920 - acc: 0.6047
1312/3458 [==========>...................] - ETA: 1:46 - loss: 0.9943 - acc: 0.6059
1344/3458 [==========>...................] - ETA: 1:44 - loss: 0.9903 - acc: 0.6079
1376/3458 [==========>...................] - ETA: 1:43 - loss: 0.9967 - acc: 0.6047
1408/3458 [===========>..................] - ETA: 1:41 - loss: 0.9986 - acc: 0.6030
1440/3458 [===========>..................] - ETA: 1:39 - loss: 0.9937 - acc: 0.6056
1472/3458 [===========>..................] - ETA: 1:38 - loss: 0.9921 - acc: 0.6060
1504/3458 [============>.................] - ETA: 1:36 - loss: 0.9890 - acc: 0.6064
1536/3458 [============>.................] - ETA: 1:35 - loss: 0.9872 - acc: 0.6068
1568/3458 [============>.................] - ETA: 1:33 - loss: 0.9830 - acc: 0.6084
1600/3458 [============>.................] - ETA: 1:31 - loss: 0.9941 - acc: 0.6069
1632/3458 [=============>................] - ETA: 1:30 - loss: 0.9959 - acc: 0.6042
1664/3458 [=============>................] - ETA: 1:28 - loss: 0.9989 - acc: 0.6058
1696/3458 [=============>................] - ETA: 1:27 - loss: 0.9993 - acc: 0.6055
1728/3458 [=============>................] - ETA: 1:25 - loss: 1.0002 - acc: 0.6053
1760/3458 [==============>...............] - ETA: 1:23 - loss: 1.0016 - acc: 0.6040
1792/3458 [==============>...............] - ETA: 1:22 - loss: 1.0064 - acc: 0.6016
1824/3458 [==============>...............] - ETA: 1:20 - loss: 1.0081 - acc: 0.5981
1856/3458 [===============>..............] - ETA: 1:19 - loss: 1.0105 - acc: 0.5975
1888/3458 [===============>..............] - ETA: 1:17 - loss: 1.0113 - acc: 0.5959
1920/3458 [===============>..............] - ETA: 1:15 - loss: 1.0103 - acc: 0.5958
1952/3458 [===============>..............] - ETA: 1:14 - loss: 1.0064 - acc: 0.5973
1984/3458 [================>.............] - ETA: 1:12 - loss: 1.0086 - acc: 0.5958
2016/3458 [================>.............] - ETA: 1:11 - loss: 1.0073 - acc: 0.5977
2048/3458 [================>.............] - ETA: 1:09 - loss: 1.0105 - acc: 0.5962
2080/3458 [=================>............] - ETA: 1:08 - loss: 1.0092 - acc: 0.5962
2112/3458 [=================>............] - ETA: 1:06 - loss: 1.0096 - acc: 0.5956
2144/3458 [=================>............] - ETA: 1:04 - loss: 1.0071 - acc: 0.5965
2176/3458 [=================>............] - ETA: 1:03 - loss: 1.0049 - acc: 0.5974
2208/3458 [==================>...........] - ETA: 1:01 - loss: 1.0045 - acc: 0.5969
2240/3458 [==================>...........] - ETA: 1:00 - loss: 1.0071 - acc: 0.5960
2272/3458 [==================>...........] - ETA: 58s - loss: 1.0108 - acc: 0.5938 
2304/3458 [==================>...........] - ETA: 57s - loss: 1.0122 - acc: 0.5929
2336/3458 [===================>..........] - ETA: 55s - loss: 1.0088 - acc: 0.5942
2368/3458 [===================>..........] - ETA: 53s - loss: 1.0085 - acc: 0.5933
2400/3458 [===================>..........] - ETA: 52s - loss: 1.0058 - acc: 0.5946
2432/3458 [====================>.........] - ETA: 50s - loss: 1.0024 - acc: 0.5958
2464/3458 [====================>.........] - ETA: 49s - loss: 1.0067 - acc: 0.5933
2496/3458 [====================>.........] - ETA: 47s - loss: 1.0119 - acc: 0.5921
2528/3458 [====================>.........] - ETA: 45s - loss: 1.0111 - acc: 0.5930
2560/3458 [=====================>........] - ETA: 44s - loss: 1.0123 - acc: 0.5941
2592/3458 [=====================>........] - ETA: 42s - loss: 1.0126 - acc: 0.5930
2624/3458 [=====================>........] - ETA: 41s - loss: 1.0132 - acc: 0.5926
2656/3458 [======================>.......] - ETA: 39s - loss: 1.0114 - acc: 0.5922
2688/3458 [======================>.......] - ETA: 38s - loss: 1.0099 - acc: 0.5926
2720/3458 [======================>.......] - ETA: 36s - loss: 1.0119 - acc: 0.5915
2752/3458 [======================>.......] - ETA: 34s - loss: 1.0097 - acc: 0.5923
2784/3458 [=======================>......] - ETA: 33s - loss: 1.0081 - acc: 0.5934
2816/3458 [=======================>......] - ETA: 31s - loss: 1.0060 - acc: 0.5941
2848/3458 [=======================>......] - ETA: 30s - loss: 1.0066 - acc: 0.5948
2880/3458 [=======================>......] - ETA: 28s - loss: 1.0051 - acc: 0.5955
2912/3458 [========================>.....] - ETA: 26s - loss: 1.0053 - acc: 0.5948
2944/3458 [========================>.....] - ETA: 25s - loss: 1.0073 - acc: 0.5941
2976/3458 [========================>.....] - ETA: 23s - loss: 1.0061 - acc: 0.5944
3008/3458 [=========================>....] - ETA: 22s - loss: 1.0068 - acc: 0.5941
3040/3458 [=========================>....] - ETA: 20s - loss: 1.0068 - acc: 0.5944
3072/3458 [=========================>....] - ETA: 19s - loss: 1.0046 - acc: 0.5951
3104/3458 [=========================>....] - ETA: 17s - loss: 1.0071 - acc: 0.5947
3136/3458 [==========================>...] - ETA: 15s - loss: 1.0069 - acc: 0.5934
3168/3458 [==========================>...] - ETA: 14s - loss: 1.0067 - acc: 0.5941
3200/3458 [==========================>...] - ETA: 12s - loss: 1.0043 - acc: 0.5947
3232/3458 [===========================>..] - ETA: 11s - loss: 1.0066 - acc: 0.5931
3264/3458 [===========================>..] - ETA: 9s - loss: 1.0093 - acc: 0.5922 
3296/3458 [===========================>..] - ETA: 7s - loss: 1.0101 - acc: 0.5916
3328/3458 [===========================>..] - ETA: 6s - loss: 1.0111 - acc: 0.5925
3360/3458 [============================>.] - ETA: 4s - loss: 1.0126 - acc: 0.5923
3392/3458 [============================>.] - ETA: 3s - loss: 1.0122 - acc: 0.5929
3424/3458 [============================>.] - ETA: 1s - loss: 1.0110 - acc: 0.5932
3456/3458 [============================>.] - ETA: 0s - loss: 1.0097 - acc: 0.5926
3458/3458 [==============================] - 171s 50ms/sample - loss: 1.0096 - acc: 0.5925

 32/865 [>.............................] - ETA: 8s - loss: 0.9543 - acc: 0.5625
 64/865 [=>............................] - ETA: 7s - loss: 0.8980 - acc: 0.6562
 96/865 [==>...........................] - ETA: 7s - loss: 0.8962 - acc: 0.6458
128/865 [===>..........................] - ETA: 6s - loss: 0.9401 - acc: 0.6641
160/865 [====>.........................] - ETA: 6s - loss: 0.9725 - acc: 0.6438
192/865 [=====>........................] - ETA: 6s - loss: 0.9674 - acc: 0.6406
224/865 [======>.......................] - ETA: 5s - loss: 0.9799 - acc: 0.6250
256/865 [=======>......................] - ETA: 5s - loss: 0.9584 - acc: 0.6328
288/865 [========>.....................] - ETA: 5s - loss: 0.9388 - acc: 0.6493
320/865 [==========>...................] - ETA: 4s - loss: 0.9006 - acc: 0.6625
352/865 [===========>..................] - ETA: 4s - loss: 0.9080 - acc: 0.6534
384/865 [============>.................] - ETA: 4s - loss: 0.9383 - acc: 0.6432
416/865 [=============>................] - ETA: 4s - loss: 0.9376 - acc: 0.6370
448/865 [==============>...............] - ETA: 3s - loss: 0.9320 - acc: 0.6429
480/865 [===============>..............] - ETA: 3s - loss: 0.9275 - acc: 0.6500
512/865 [================>.............] - ETA: 3s - loss: 0.9275 - acc: 0.6523
544/865 [=================>............] - ETA: 2s - loss: 0.9508 - acc: 0.6415
576/865 [==================>...........] - ETA: 2s - loss: 0.9500 - acc: 0.6389
608/865 [====================>.........] - ETA: 2s - loss: 0.9452 - acc: 0.6414
640/865 [=====================>........] - ETA: 2s - loss: 0.9498 - acc: 0.6391
672/865 [======================>.......] - ETA: 1s - loss: 0.9389 - acc: 0.6473
704/865 [=======================>......] - ETA: 1s - loss: 0.9303 - acc: 0.6506
736/865 [========================>.....] - ETA: 1s - loss: 0.9262 - acc: 0.6508
768/865 [=========================>....] - ETA: 0s - loss: 0.9254 - acc: 0.6510
800/865 [==========================>...] - ETA: 0s - loss: 0.9222 - acc: 0.6500
832/865 [===========================>..] - ETA: 0s - loss: 0.9290 - acc: 0.6466
864/865 [============================>.] - ETA: 0s - loss: 0.9270 - acc: 0.6458
865/865 [==============================] - 8s 9ms/sample - loss: 0.9285 - acc: 0.6451
