For Dropout_1=0.2 Dropout_2=0.2
daisy loaded
dandelion loaded
rose loaded
sunflower loaded
tulip loaded

  32/3458 [..............................] - ETA: 3:07 - loss: 1.6179 - acc: 0.2500
  64/3458 [..............................] - ETA: 2:56 - loss: 31.8973 - acc: 0.1875
  96/3458 [..............................] - ETA: 2:51 - loss: 32.4378 - acc: 0.1771
 128/3458 [>.............................] - ETA: 2:48 - loss: 26.0270 - acc: 0.2031
 160/3458 [>.............................] - ETA: 2:45 - loss: 21.3709 - acc: 0.2062
 192/3458 [>.............................] - ETA: 2:43 - loss: 18.1101 - acc: 0.1979
 224/3458 [>.............................] - ETA: 2:41 - loss: 15.7552 - acc: 0.1964
 256/3458 [=>............................] - ETA: 2:40 - loss: 13.9853 - acc: 0.1953
 288/3458 [=>............................] - ETA: 2:38 - loss: 12.6090 - acc: 0.2014
 320/3458 [=>............................] - ETA: 2:36 - loss: 11.5048 - acc: 0.2000
 352/3458 [==>...........................] - ETA: 2:34 - loss: 10.6050 - acc: 0.1960
 384/3458 [==>...........................] - ETA: 2:32 - loss: 9.8468 - acc: 0.2057 
 416/3458 [==>...........................] - ETA: 2:30 - loss: 9.2084 - acc: 0.2139
 448/3458 [==>...........................] - ETA: 2:28 - loss: 8.6565 - acc: 0.2232
 480/3458 [===>..........................] - ETA: 2:27 - loss: 8.1719 - acc: 0.2417
 512/3458 [===>..........................] - ETA: 2:25 - loss: 7.7536 - acc: 0.2480
 544/3458 [===>..........................] - ETA: 2:23 - loss: 7.3775 - acc: 0.2537
 576/3458 [===>..........................] - ETA: 2:22 - loss: 7.0375 - acc: 0.2708
 608/3458 [====>.........................] - ETA: 2:20 - loss: 6.7384 - acc: 0.2763
 640/3458 [====>.........................] - ETA: 2:18 - loss: 6.4742 - acc: 0.2812
 672/3458 [====>.........................] - ETA: 2:17 - loss: 6.2374 - acc: 0.2827
 704/3458 [=====>........................] - ETA: 2:15 - loss: 6.0212 - acc: 0.2898
 736/3458 [=====>........................] - ETA: 2:14 - loss: 5.8287 - acc: 0.2853
 768/3458 [=====>........................] - ETA: 2:12 - loss: 5.6458 - acc: 0.2917
 800/3458 [=====>........................] - ETA: 2:10 - loss: 5.4742 - acc: 0.2988
 832/3458 [======>.......................] - ETA: 2:09 - loss: 5.3163 - acc: 0.3029
 864/3458 [======>.......................] - ETA: 2:07 - loss: 5.1736 - acc: 0.3021
 896/3458 [======>.......................] - ETA: 2:06 - loss: 5.0411 - acc: 0.3092
 928/3458 [=======>......................] - ETA: 2:04 - loss: 4.9114 - acc: 0.3200
 960/3458 [=======>......................] - ETA: 2:02 - loss: 4.7972 - acc: 0.3187
 992/3458 [=======>......................] - ETA: 2:01 - loss: 4.6870 - acc: 0.3155
1024/3458 [=======>......................] - ETA: 1:59 - loss: 4.5850 - acc: 0.3174
1056/3458 [========>.....................] - ETA: 1:58 - loss: 4.4884 - acc: 0.3144
1088/3458 [========>.....................] - ETA: 1:56 - loss: 4.3971 - acc: 0.3171
1120/3458 [========>.....................] - ETA: 1:54 - loss: 4.3088 - acc: 0.3187
1152/3458 [========>.....................] - ETA: 1:53 - loss: 4.2364 - acc: 0.3160
1184/3458 [=========>....................] - ETA: 1:51 - loss: 4.1588 - acc: 0.3193
1216/3458 [=========>....................] - ETA: 1:50 - loss: 4.0838 - acc: 0.3248
1248/3458 [=========>....................] - ETA: 1:48 - loss: 4.0155 - acc: 0.3261
1280/3458 [==========>...................] - ETA: 1:46 - loss: 3.9482 - acc: 0.3297
1312/3458 [==========>...................] - ETA: 1:45 - loss: 3.8836 - acc: 0.3308
1344/3458 [==========>...................] - ETA: 1:43 - loss: 3.8267 - acc: 0.3289
1376/3458 [==========>...................] - ETA: 1:42 - loss: 3.7696 - acc: 0.3307
1408/3458 [===========>..................] - ETA: 1:40 - loss: 3.7177 - acc: 0.3324
1440/3458 [===========>..................] - ETA: 1:39 - loss: 3.6651 - acc: 0.3333
1472/3458 [===========>..................] - ETA: 1:37 - loss: 3.6129 - acc: 0.3363
1504/3458 [============>.................] - ETA: 1:35 - loss: 3.5638 - acc: 0.3371
1536/3458 [============>.................] - ETA: 1:34 - loss: 3.5164 - acc: 0.3372
1568/3458 [============>.................] - ETA: 1:32 - loss: 3.4694 - acc: 0.3399
1600/3458 [============>.................] - ETA: 1:31 - loss: 3.4263 - acc: 0.3413
1632/3458 [=============>................] - ETA: 1:29 - loss: 3.3832 - acc: 0.3450
1664/3458 [=============>................] - ETA: 1:28 - loss: 3.3559 - acc: 0.3462
1696/3458 [=============>................] - ETA: 1:26 - loss: 3.3165 - acc: 0.3473
1728/3458 [=============>................] - ETA: 1:24 - loss: 3.2807 - acc: 0.3478
1760/3458 [==============>...............] - ETA: 1:23 - loss: 3.2428 - acc: 0.3506
1792/3458 [==============>...............] - ETA: 1:21 - loss: 3.2131 - acc: 0.3477
1824/3458 [==============>...............] - ETA: 1:20 - loss: 3.1780 - acc: 0.3498
1856/3458 [===============>..............] - ETA: 1:18 - loss: 3.1451 - acc: 0.3534
1888/3458 [===============>..............] - ETA: 1:17 - loss: 3.1131 - acc: 0.3570
1920/3458 [===============>..............] - ETA: 1:15 - loss: 3.0839 - acc: 0.3589
1952/3458 [===============>..............] - ETA: 1:13 - loss: 3.0561 - acc: 0.3591
1984/3458 [================>.............] - ETA: 1:12 - loss: 3.0277 - acc: 0.3589
2016/3458 [================>.............] - ETA: 1:10 - loss: 3.0017 - acc: 0.3591
2048/3458 [================>.............] - ETA: 1:09 - loss: 2.9751 - acc: 0.3599
2080/3458 [=================>............] - ETA: 1:07 - loss: 2.9481 - acc: 0.3635
2112/3458 [=================>............] - ETA: 1:05 - loss: 2.9222 - acc: 0.3641
2144/3458 [=================>............] - ETA: 1:04 - loss: 2.8969 - acc: 0.3671
2176/3458 [=================>............] - ETA: 1:02 - loss: 2.8731 - acc: 0.3695
2208/3458 [==================>...........] - ETA: 1:01 - loss: 2.8458 - acc: 0.3741
2240/3458 [==================>...........] - ETA: 59s - loss: 2.8295 - acc: 0.3737 
2272/3458 [==================>...........] - ETA: 58s - loss: 2.8090 - acc: 0.3746
2304/3458 [==================>...........] - ETA: 56s - loss: 2.7896 - acc: 0.3737
2336/3458 [===================>..........] - ETA: 55s - loss: 2.7694 - acc: 0.3750
2368/3458 [===================>..........] - ETA: 53s - loss: 2.7543 - acc: 0.3754
2400/3458 [===================>..........] - ETA: 51s - loss: 2.7375 - acc: 0.3767
2432/3458 [====================>.........] - ETA: 50s - loss: 2.7193 - acc: 0.3754
2464/3458 [====================>.........] - ETA: 48s - loss: 2.7035 - acc: 0.3750
2496/3458 [====================>.........] - ETA: 47s - loss: 2.6864 - acc: 0.3758
2528/3458 [====================>.........] - ETA: 45s - loss: 2.6704 - acc: 0.3754
2560/3458 [=====================>........] - ETA: 44s - loss: 2.6560 - acc: 0.3738
2592/3458 [=====================>........] - ETA: 42s - loss: 2.6410 - acc: 0.3746
2624/3458 [=====================>........] - ETA: 40s - loss: 2.6261 - acc: 0.3742
2656/3458 [======================>.......] - ETA: 39s - loss: 2.6123 - acc: 0.3742
2688/3458 [======================>.......] - ETA: 37s - loss: 2.5990 - acc: 0.3735
2720/3458 [======================>.......] - ETA: 36s - loss: 2.5846 - acc: 0.3746
2752/3458 [======================>.......] - ETA: 34s - loss: 2.5722 - acc: 0.3735
2784/3458 [=======================>......] - ETA: 33s - loss: 2.5619 - acc: 0.3739
2816/3458 [=======================>......] - ETA: 31s - loss: 2.5476 - acc: 0.3743
2848/3458 [=======================>......] - ETA: 29s - loss: 2.5364 - acc: 0.3729
2880/3458 [=======================>......] - ETA: 28s - loss: 2.5234 - acc: 0.3740
2912/3458 [========================>.....] - ETA: 26s - loss: 2.5097 - acc: 0.3764
2944/3458 [========================>.....] - ETA: 25s - loss: 2.4979 - acc: 0.3764
2976/3458 [========================>.....] - ETA: 23s - loss: 2.4906 - acc: 0.3750
3008/3458 [=========================>....] - ETA: 22s - loss: 2.4798 - acc: 0.3743
3040/3458 [=========================>....] - ETA: 20s - loss: 2.4687 - acc: 0.3753
3072/3458 [=========================>....] - ETA: 18s - loss: 2.4573 - acc: 0.3757
3104/3458 [=========================>....] - ETA: 17s - loss: 2.4467 - acc: 0.3753
3136/3458 [==========================>...] - ETA: 15s - loss: 2.4366 - acc: 0.3756
3168/3458 [==========================>...] - ETA: 14s - loss: 2.4271 - acc: 0.3763
3200/3458 [==========================>...] - ETA: 12s - loss: 2.4174 - acc: 0.3759
3232/3458 [===========================>..] - ETA: 11s - loss: 2.4071 - acc: 0.3772
3264/3458 [===========================>..] - ETA: 9s - loss: 2.3975 - acc: 0.3775 
3296/3458 [===========================>..] - ETA: 7s - loss: 2.3885 - acc: 0.3771
3328/3458 [===========================>..] - ETA: 6s - loss: 2.3795 - acc: 0.3783
3360/3458 [============================>.] - ETA: 4s - loss: 2.3707 - acc: 0.3780
3392/3458 [============================>.] - ETA: 3s - loss: 2.3613 - acc: 0.3782
3424/3458 [============================>.] - ETA: 1s - loss: 2.3524 - acc: 0.3785
3456/3458 [============================>.] - ETA: 0s - loss: 2.3427 - acc: 0.3791
3458/3458 [==============================] - 170s 49ms/sample - loss: 2.3416 - acc: 0.3794

 32/865 [>.............................] - ETA: 7s - loss: 1.6739 - acc: 0.5000
 64/865 [=>............................] - ETA: 7s - loss: 1.4398 - acc: 0.5000
 96/865 [==>...........................] - ETA: 6s - loss: 1.4192 - acc: 0.4271
128/865 [===>..........................] - ETA: 6s - loss: 1.4140 - acc: 0.4062
160/865 [====>.........................] - ETA: 6s - loss: 1.4025 - acc: 0.4125
192/865 [=====>........................] - ETA: 6s - loss: 1.3698 - acc: 0.4479
224/865 [======>.......................] - ETA: 5s - loss: 1.3691 - acc: 0.4643
256/865 [=======>......................] - ETA: 5s - loss: 1.3593 - acc: 0.4570
288/865 [========>.....................] - ETA: 5s - loss: 1.3800 - acc: 0.4688
320/865 [==========>...................] - ETA: 4s - loss: 1.4098 - acc: 0.4563
352/865 [===========>..................] - ETA: 4s - loss: 1.4043 - acc: 0.4659
384/865 [============>.................] - ETA: 4s - loss: 1.4025 - acc: 0.4609
416/865 [=============>................] - ETA: 3s - loss: 1.3888 - acc: 0.4639
448/865 [==============>...............] - ETA: 3s - loss: 1.3802 - acc: 0.4621
480/865 [===============>..............] - ETA: 3s - loss: 1.3730 - acc: 0.4646
512/865 [================>.............] - ETA: 3s - loss: 1.3809 - acc: 0.4668
544/865 [=================>............] - ETA: 2s - loss: 1.3721 - acc: 0.4724
576/865 [==================>...........] - ETA: 2s - loss: 1.3829 - acc: 0.4670
608/865 [====================>.........] - ETA: 2s - loss: 1.3823 - acc: 0.4671
640/865 [=====================>........] - ETA: 1s - loss: 1.3847 - acc: 0.4656
672/865 [======================>.......] - ETA: 1s - loss: 1.3982 - acc: 0.4628
704/865 [=======================>......] - ETA: 1s - loss: 1.3951 - acc: 0.4588
736/865 [========================>.....] - ETA: 1s - loss: 1.3916 - acc: 0.4538
768/865 [=========================>....] - ETA: 0s - loss: 1.3843 - acc: 0.4544
800/865 [==========================>...] - ETA: 0s - loss: 1.3849 - acc: 0.4512
832/865 [===========================>..] - ETA: 0s - loss: 1.3769 - acc: 0.4555
864/865 [============================>.] - ETA: 0s - loss: 1.3706 - acc: 0.4595
865/865 [==============================] - 8s 9ms/sample - loss: 1.3709 - acc: 0.4590

  32/3458 [..............................] - ETA: 2:46 - loss: 1.3678 - acc: 0.6562
  64/3458 [..............................] - ETA: 2:45 - loss: 1.4270 - acc: 0.5156
  96/3458 [..............................] - ETA: 2:43 - loss: 1.3342 - acc: 0.5312
 128/3458 [>.............................] - ETA: 2:42 - loss: 1.3254 - acc: 0.5000
 160/3458 [>.............................] - ETA: 2:40 - loss: 1.3446 - acc: 0.4812
 192/3458 [>.............................] - ETA: 2:39 - loss: 1.3608 - acc: 0.4688
 224/3458 [>.............................] - ETA: 2:38 - loss: 1.3555 - acc: 0.4598
 256/3458 [=>............................] - ETA: 2:36 - loss: 1.3807 - acc: 0.4688
 288/3458 [=>............................] - ETA: 2:35 - loss: 1.3638 - acc: 0.4688
 320/3458 [=>............................] - ETA: 2:33 - loss: 1.3881 - acc: 0.4656
 352/3458 [==>...........................] - ETA: 2:32 - loss: 1.3831 - acc: 0.4602
 384/3458 [==>...........................] - ETA: 2:30 - loss: 1.3800 - acc: 0.4583
 416/3458 [==>...........................] - ETA: 2:29 - loss: 1.3734 - acc: 0.4543
 448/3458 [==>...........................] - ETA: 2:27 - loss: 1.3732 - acc: 0.4598
 480/3458 [===>..........................] - ETA: 2:26 - loss: 1.3769 - acc: 0.4667
 512/3458 [===>..........................] - ETA: 2:24 - loss: 1.3699 - acc: 0.4629
 544/3458 [===>..........................] - ETA: 2:23 - loss: 1.3707 - acc: 0.4614
 576/3458 [===>..........................] - ETA: 2:21 - loss: 1.3641 - acc: 0.4635
 608/3458 [====>.........................] - ETA: 2:19 - loss: 1.3598 - acc: 0.4605
 640/3458 [====>.........................] - ETA: 2:17 - loss: 1.3734 - acc: 0.4578
 672/3458 [====>.........................] - ETA: 2:16 - loss: 1.3642 - acc: 0.4658
 704/3458 [=====>........................] - ETA: 2:14 - loss: 1.3749 - acc: 0.4616
 736/3458 [=====>........................] - ETA: 2:13 - loss: 1.3715 - acc: 0.4592
 768/3458 [=====>........................] - ETA: 2:11 - loss: 1.3705 - acc: 0.4609
 800/3458 [=====>........................] - ETA: 2:10 - loss: 1.3727 - acc: 0.4575
 832/3458 [======>.......................] - ETA: 2:08 - loss: 1.3687 - acc: 0.4603
 864/3458 [======>.......................] - ETA: 2:06 - loss: 1.3690 - acc: 0.4560
 896/3458 [======>.......................] - ETA: 2:05 - loss: 1.3721 - acc: 0.4509
 928/3458 [=======>......................] - ETA: 2:03 - loss: 1.3717 - acc: 0.4504
 960/3458 [=======>......................] - ETA: 2:02 - loss: 1.3727 - acc: 0.4500
 992/3458 [=======>......................] - ETA: 2:00 - loss: 1.3710 - acc: 0.4486
1024/3458 [=======>......................] - ETA: 1:59 - loss: 1.3660 - acc: 0.4551
1056/3458 [========>.....................] - ETA: 1:57 - loss: 1.3676 - acc: 0.4527
1088/3458 [========>.....................] - ETA: 1:55 - loss: 1.3671 - acc: 0.4494
1120/3458 [========>.....................] - ETA: 1:54 - loss: 1.3639 - acc: 0.4473
1152/3458 [========>.....................] - ETA: 1:52 - loss: 1.3582 - acc: 0.4488
1184/3458 [=========>....................] - ETA: 1:51 - loss: 1.3532 - acc: 0.4485
1216/3458 [=========>....................] - ETA: 1:49 - loss: 1.3466 - acc: 0.4490
1248/3458 [=========>....................] - ETA: 1:48 - loss: 1.3554 - acc: 0.4503
1280/3458 [==========>...................] - ETA: 1:46 - loss: 1.3560 - acc: 0.4484
1312/3458 [==========>...................] - ETA: 1:45 - loss: 1.3534 - acc: 0.4512
1344/3458 [==========>...................] - ETA: 1:43 - loss: 1.3552 - acc: 0.4494
1376/3458 [==========>...................] - ETA: 1:41 - loss: 1.3545 - acc: 0.4499
1408/3458 [===========>..................] - ETA: 1:40 - loss: 1.3503 - acc: 0.4538
1440/3458 [===========>..................] - ETA: 1:38 - loss: 1.3489 - acc: 0.4549
1472/3458 [===========>..................] - ETA: 1:37 - loss: 1.3477 - acc: 0.4538
1504/3458 [============>.................] - ETA: 1:35 - loss: 1.3471 - acc: 0.4541
1536/3458 [============>.................] - ETA: 1:34 - loss: 1.3447 - acc: 0.4544
1568/3458 [============>.................] - ETA: 1:32 - loss: 1.3438 - acc: 0.4541
1600/3458 [============>.................] - ETA: 1:31 - loss: 1.3396 - acc: 0.4538
1632/3458 [=============>................] - ETA: 1:29 - loss: 1.3379 - acc: 0.4553
1664/3458 [=============>................] - ETA: 1:27 - loss: 1.3351 - acc: 0.4555
1696/3458 [=============>................] - ETA: 1:26 - loss: 1.3326 - acc: 0.4570
1728/3458 [=============>................] - ETA: 1:24 - loss: 1.3323 - acc: 0.4589
1760/3458 [==============>...............] - ETA: 1:23 - loss: 1.3323 - acc: 0.4568
1792/3458 [==============>...............] - ETA: 1:21 - loss: 1.3326 - acc: 0.4542
1824/3458 [==============>...............] - ETA: 1:20 - loss: 1.3322 - acc: 0.4534
1856/3458 [===============>..............] - ETA: 1:18 - loss: 1.3323 - acc: 0.4574
1888/3458 [===============>..............] - ETA: 1:16 - loss: 1.3320 - acc: 0.4571
1920/3458 [===============>..............] - ETA: 1:15 - loss: 1.3312 - acc: 0.4578
1952/3458 [===============>..............] - ETA: 1:13 - loss: 1.3279 - acc: 0.4595
1984/3458 [================>.............] - ETA: 1:12 - loss: 1.3333 - acc: 0.4582
2016/3458 [================>.............] - ETA: 1:10 - loss: 1.3291 - acc: 0.4578
2048/3458 [================>.............] - ETA: 1:09 - loss: 1.3247 - acc: 0.4595
2080/3458 [=================>............] - ETA: 1:07 - loss: 1.3233 - acc: 0.4591
2112/3458 [=================>............] - ETA: 1:05 - loss: 1.3205 - acc: 0.4607
2144/3458 [=================>............] - ETA: 1:04 - loss: 1.3201 - acc: 0.4604
2176/3458 [=================>............] - ETA: 1:02 - loss: 1.3174 - acc: 0.4605
2208/3458 [==================>...........] - ETA: 1:01 - loss: 1.3179 - acc: 0.4597
2240/3458 [==================>...........] - ETA: 59s - loss: 1.3169 - acc: 0.4603 
2272/3458 [==================>...........] - ETA: 58s - loss: 1.3180 - acc: 0.4617
2304/3458 [==================>...........] - ETA: 56s - loss: 1.3176 - acc: 0.4609
2336/3458 [===================>..........] - ETA: 55s - loss: 1.3179 - acc: 0.4619
2368/3458 [===================>..........] - ETA: 53s - loss: 1.3154 - acc: 0.4616
2400/3458 [===================>..........] - ETA: 51s - loss: 1.3106 - acc: 0.4629
2432/3458 [====================>.........] - ETA: 50s - loss: 1.3076 - acc: 0.4650
2464/3458 [====================>.........] - ETA: 48s - loss: 1.3051 - acc: 0.4647
2496/3458 [====================>.........] - ETA: 47s - loss: 1.3073 - acc: 0.4623
2528/3458 [====================>.........] - ETA: 45s - loss: 1.3053 - acc: 0.4640
2560/3458 [=====================>........] - ETA: 44s - loss: 1.3040 - acc: 0.4648
2592/3458 [=====================>........] - ETA: 42s - loss: 1.3013 - acc: 0.4660
2624/3458 [=====================>........] - ETA: 40s - loss: 1.2996 - acc: 0.4668
2656/3458 [======================>.......] - ETA: 39s - loss: 1.2971 - acc: 0.4676
2688/3458 [======================>.......] - ETA: 37s - loss: 1.2932 - acc: 0.4691
2720/3458 [======================>.......] - ETA: 36s - loss: 1.2915 - acc: 0.4691
2752/3458 [======================>.......] - ETA: 34s - loss: 1.2904 - acc: 0.4691
2784/3458 [=======================>......] - ETA: 33s - loss: 1.2940 - acc: 0.4680
2816/3458 [=======================>......] - ETA: 31s - loss: 1.2979 - acc: 0.4677
2848/3458 [=======================>......] - ETA: 29s - loss: 1.2956 - acc: 0.4677
2880/3458 [=======================>......] - ETA: 28s - loss: 1.2937 - acc: 0.4694
2912/3458 [========================>.....] - ETA: 26s - loss: 1.2922 - acc: 0.4715
2944/3458 [========================>.....] - ETA: 25s - loss: 1.2900 - acc: 0.4718
2976/3458 [========================>.....] - ETA: 23s - loss: 1.2916 - acc: 0.4698
3008/3458 [=========================>....] - ETA: 22s - loss: 1.2916 - acc: 0.4691
3040/3458 [=========================>....] - ETA: 20s - loss: 1.2914 - acc: 0.4684
3072/3458 [=========================>....] - ETA: 18s - loss: 1.2920 - acc: 0.4674
3104/3458 [=========================>....] - ETA: 17s - loss: 1.2910 - acc: 0.4678
3136/3458 [==========================>...] - ETA: 15s - loss: 1.2905 - acc: 0.4665
3168/3458 [==========================>...] - ETA: 14s - loss: 1.2899 - acc: 0.4656
3200/3458 [==========================>...] - ETA: 12s - loss: 1.2884 - acc: 0.4669
3232/3458 [===========================>..] - ETA: 11s - loss: 1.2867 - acc: 0.4678
3264/3458 [===========================>..] - ETA: 9s - loss: 1.2880 - acc: 0.4684 
3296/3458 [===========================>..] - ETA: 7s - loss: 1.2858 - acc: 0.4700
3328/3458 [===========================>..] - ETA: 6s - loss: 1.2854 - acc: 0.4709
3360/3458 [============================>.] - ETA: 4s - loss: 1.2825 - acc: 0.4720
3392/3458 [============================>.] - ETA: 3s - loss: 1.2818 - acc: 0.4717
3424/3458 [============================>.] - ETA: 1s - loss: 1.2828 - acc: 0.4708
3456/3458 [============================>.] - ETA: 0s - loss: 1.2827 - acc: 0.4705
3458/3458 [==============================] - 170s 49ms/sample - loss: 1.2827 - acc: 0.4708

 32/865 [>.............................] - ETA: 7s - loss: 1.5095 - acc: 0.4688
 64/865 [=>............................] - ETA: 7s - loss: 1.2848 - acc: 0.5625
 96/865 [==>...........................] - ETA: 6s - loss: 1.2795 - acc: 0.4896
128/865 [===>..........................] - ETA: 6s - loss: 1.2785 - acc: 0.4688
160/865 [====>.........................] - ETA: 6s - loss: 1.2735 - acc: 0.4812
192/865 [=====>........................] - ETA: 5s - loss: 1.2582 - acc: 0.4896
224/865 [======>.......................] - ETA: 5s - loss: 1.2589 - acc: 0.5134
256/865 [=======>......................] - ETA: 5s - loss: 1.2425 - acc: 0.5078
288/865 [========>.....................] - ETA: 5s - loss: 1.2461 - acc: 0.5243
320/865 [==========>...................] - ETA: 4s - loss: 1.2626 - acc: 0.5188
352/865 [===========>..................] - ETA: 4s - loss: 1.2506 - acc: 0.5227
384/865 [============>.................] - ETA: 4s - loss: 1.2447 - acc: 0.5182
416/865 [=============>................] - ETA: 4s - loss: 1.2365 - acc: 0.5168
448/865 [==============>...............] - ETA: 3s - loss: 1.2336 - acc: 0.5134
480/865 [===============>..............] - ETA: 3s - loss: 1.2223 - acc: 0.5208
512/865 [================>.............] - ETA: 3s - loss: 1.2300 - acc: 0.5156
544/865 [=================>............] - ETA: 2s - loss: 1.2259 - acc: 0.5165
576/865 [==================>...........] - ETA: 2s - loss: 1.2318 - acc: 0.5139
608/865 [====================>.........] - ETA: 2s - loss: 1.2300 - acc: 0.5099
640/865 [=====================>........] - ETA: 2s - loss: 1.2323 - acc: 0.5078
672/865 [======================>.......] - ETA: 1s - loss: 1.2532 - acc: 0.5060
704/865 [=======================>......] - ETA: 1s - loss: 1.2547 - acc: 0.5014
736/865 [========================>.....] - ETA: 1s - loss: 1.2538 - acc: 0.4946
768/865 [=========================>....] - ETA: 0s - loss: 1.2517 - acc: 0.4935
800/865 [==========================>...] - ETA: 0s - loss: 1.2511 - acc: 0.4900
832/865 [===========================>..] - ETA: 0s - loss: 1.2422 - acc: 0.4940
864/865 [============================>.] - ETA: 0s - loss: 1.2399 - acc: 0.4896
865/865 [==============================] - 8s 9ms/sample - loss: 1.2400 - acc: 0.4890

  32/3458 [..............................] - ETA: 2:47 - loss: 1.0961 - acc: 0.5000
  64/3458 [..............................] - ETA: 2:47 - loss: 1.1871 - acc: 0.5156
  96/3458 [..............................] - ETA: 2:45 - loss: 1.2051 - acc: 0.5208
 128/3458 [>.............................] - ETA: 2:44 - loss: 1.1954 - acc: 0.5078
 160/3458 [>.............................] - ETA: 2:41 - loss: 1.2270 - acc: 0.5000
 192/3458 [>.............................] - ETA: 2:40 - loss: 1.2138 - acc: 0.5052
 224/3458 [>.............................] - ETA: 2:38 - loss: 1.1916 - acc: 0.5179
 256/3458 [=>............................] - ETA: 2:36 - loss: 1.1720 - acc: 0.5391
 288/3458 [=>............................] - ETA: 2:35 - loss: 1.1812 - acc: 0.5174
 320/3458 [=>............................] - ETA: 2:33 - loss: 1.1625 - acc: 0.5219
 352/3458 [==>...........................] - ETA: 2:32 - loss: 1.1503 - acc: 0.5284
 384/3458 [==>...........................] - ETA: 2:30 - loss: 1.1464 - acc: 0.5286
 416/3458 [==>...........................] - ETA: 2:29 - loss: 1.1684 - acc: 0.5361
 448/3458 [==>...........................] - ETA: 2:27 - loss: 1.1642 - acc: 0.5335
 480/3458 [===>..........................] - ETA: 2:26 - loss: 1.1616 - acc: 0.5312
 512/3458 [===>..........................] - ETA: 2:24 - loss: 1.1483 - acc: 0.5430
 544/3458 [===>..........................] - ETA: 2:22 - loss: 1.1543 - acc: 0.5368
 576/3458 [===>..........................] - ETA: 2:21 - loss: 1.1494 - acc: 0.5417
 608/3458 [====>.........................] - ETA: 2:19 - loss: 1.1413 - acc: 0.5428
 640/3458 [====>.........................] - ETA: 2:17 - loss: 1.1598 - acc: 0.5391
 672/3458 [====>.........................] - ETA: 2:16 - loss: 1.1557 - acc: 0.5432
 704/3458 [=====>........................] - ETA: 2:14 - loss: 1.1502 - acc: 0.5469
 736/3458 [=====>........................] - ETA: 2:13 - loss: 1.1492 - acc: 0.5530
 768/3458 [=====>........................] - ETA: 2:11 - loss: 1.1470 - acc: 0.5508
 800/3458 [=====>........................] - ETA: 2:10 - loss: 1.1401 - acc: 0.5550
 832/3458 [======>.......................] - ETA: 2:08 - loss: 1.1460 - acc: 0.5553
 864/3458 [======>.......................] - ETA: 2:07 - loss: 1.1431 - acc: 0.5556
 896/3458 [======>.......................] - ETA: 2:05 - loss: 1.1459 - acc: 0.5558
 928/3458 [=======>......................] - ETA: 2:03 - loss: 1.1429 - acc: 0.5550
 960/3458 [=======>......................] - ETA: 2:02 - loss: 1.1332 - acc: 0.5594
 992/3458 [=======>......................] - ETA: 2:00 - loss: 1.1263 - acc: 0.5605
1024/3458 [=======>......................] - ETA: 1:59 - loss: 1.1342 - acc: 0.5586
1056/3458 [========>.....................] - ETA: 1:57 - loss: 1.1310 - acc: 0.5587
1088/3458 [========>.....................] - ETA: 1:55 - loss: 1.1272 - acc: 0.5625
1120/3458 [========>.....................] - ETA: 1:54 - loss: 1.1249 - acc: 0.5616
1152/3458 [========>.....................] - ETA: 1:52 - loss: 1.1184 - acc: 0.5642
1184/3458 [=========>....................] - ETA: 1:51 - loss: 1.1186 - acc: 0.5633
1216/3458 [=========>....................] - ETA: 1:49 - loss: 1.1171 - acc: 0.5633
1248/3458 [=========>....................] - ETA: 1:48 - loss: 1.1145 - acc: 0.5633
1280/3458 [==========>...................] - ETA: 1:46 - loss: 1.1120 - acc: 0.5664
1312/3458 [==========>...................] - ETA: 1:45 - loss: 1.1144 - acc: 0.5648
1344/3458 [==========>...................] - ETA: 1:43 - loss: 1.1153 - acc: 0.5640
1376/3458 [==========>...................] - ETA: 1:41 - loss: 1.1186 - acc: 0.5625
1408/3458 [===========>..................] - ETA: 1:40 - loss: 1.1173 - acc: 0.5632
1440/3458 [===========>..................] - ETA: 1:38 - loss: 1.1168 - acc: 0.5639
1472/3458 [===========>..................] - ETA: 1:37 - loss: 1.1127 - acc: 0.5625
1504/3458 [============>.................] - ETA: 1:35 - loss: 1.1172 - acc: 0.5585
1536/3458 [============>.................] - ETA: 1:33 - loss: 1.1160 - acc: 0.5599
1568/3458 [============>.................] - ETA: 1:32 - loss: 1.1112 - acc: 0.5606
1600/3458 [============>.................] - ETA: 1:30 - loss: 1.1185 - acc: 0.5606
1632/3458 [=============>................] - ETA: 1:29 - loss: 1.1182 - acc: 0.5613
1664/3458 [=============>................] - ETA: 1:27 - loss: 1.1198 - acc: 0.5595
1696/3458 [=============>................] - ETA: 1:26 - loss: 1.1196 - acc: 0.5578
1728/3458 [=============>................] - ETA: 1:24 - loss: 1.1196 - acc: 0.5550
1760/3458 [==============>...............] - ETA: 1:23 - loss: 1.1204 - acc: 0.5511
1792/3458 [==============>...............] - ETA: 1:21 - loss: 1.1195 - acc: 0.5497
1824/3458 [==============>...............] - ETA: 1:19 - loss: 1.1167 - acc: 0.5510
1856/3458 [===============>..............] - ETA: 1:18 - loss: 1.1170 - acc: 0.5496
1888/3458 [===============>..............] - ETA: 1:16 - loss: 1.1153 - acc: 0.5508
1920/3458 [===============>..............] - ETA: 1:15 - loss: 1.1155 - acc: 0.5495
1952/3458 [===============>..............] - ETA: 1:13 - loss: 1.1197 - acc: 0.5487
1984/3458 [================>.............] - ETA: 1:12 - loss: 1.1140 - acc: 0.5514
2016/3458 [================>.............] - ETA: 1:10 - loss: 1.1107 - acc: 0.5531
2048/3458 [================>.............] - ETA: 1:09 - loss: 1.1081 - acc: 0.5542
2080/3458 [=================>............] - ETA: 1:07 - loss: 1.1094 - acc: 0.5558
2112/3458 [=================>............] - ETA: 1:05 - loss: 1.1103 - acc: 0.5568
2144/3458 [=================>............] - ETA: 1:04 - loss: 1.1159 - acc: 0.5546
2176/3458 [=================>............] - ETA: 1:02 - loss: 1.1156 - acc: 0.5556
2208/3458 [==================>...........] - ETA: 1:01 - loss: 1.1177 - acc: 0.5534
2240/3458 [==================>...........] - ETA: 59s - loss: 1.1184 - acc: 0.5518 
2272/3458 [==================>...........] - ETA: 58s - loss: 1.1164 - acc: 0.5537
2304/3458 [==================>...........] - ETA: 56s - loss: 1.1177 - acc: 0.5538
2336/3458 [===================>..........] - ETA: 54s - loss: 1.1190 - acc: 0.5535
2368/3458 [===================>..........] - ETA: 53s - loss: 1.1210 - acc: 0.5528
2400/3458 [===================>..........] - ETA: 51s - loss: 1.1203 - acc: 0.5517
2432/3458 [====================>.........] - ETA: 50s - loss: 1.1218 - acc: 0.5502
2464/3458 [====================>.........] - ETA: 48s - loss: 1.1225 - acc: 0.5499
2496/3458 [====================>.........] - ETA: 47s - loss: 1.1222 - acc: 0.5481
2528/3458 [====================>.........] - ETA: 45s - loss: 1.1232 - acc: 0.5463
2560/3458 [=====================>........] - ETA: 44s - loss: 1.1212 - acc: 0.5465
2592/3458 [=====================>........] - ETA: 42s - loss: 1.1222 - acc: 0.5451
2624/3458 [=====================>........] - ETA: 40s - loss: 1.1217 - acc: 0.5473
2656/3458 [======================>.......] - ETA: 39s - loss: 1.1206 - acc: 0.5471
2688/3458 [======================>.......] - ETA: 37s - loss: 1.1194 - acc: 0.5465
2720/3458 [======================>.......] - ETA: 36s - loss: 1.1167 - acc: 0.5478
2752/3458 [======================>.......] - ETA: 34s - loss: 1.1142 - acc: 0.5483
2784/3458 [=======================>......] - ETA: 33s - loss: 1.1165 - acc: 0.5481
2816/3458 [=======================>......] - ETA: 31s - loss: 1.1174 - acc: 0.5469
2848/3458 [=======================>......] - ETA: 29s - loss: 1.1163 - acc: 0.5467
2880/3458 [=======================>......] - ETA: 28s - loss: 1.1167 - acc: 0.5451
2912/3458 [========================>.....] - ETA: 26s - loss: 1.1148 - acc: 0.5470
2944/3458 [========================>.....] - ETA: 25s - loss: 1.1117 - acc: 0.5482
2976/3458 [========================>.....] - ETA: 23s - loss: 1.1106 - acc: 0.5494
3008/3458 [=========================>....] - ETA: 22s - loss: 1.1099 - acc: 0.5499
3040/3458 [=========================>....] - ETA: 20s - loss: 1.1104 - acc: 0.5497
3072/3458 [=========================>....] - ETA: 18s - loss: 1.1103 - acc: 0.5505
3104/3458 [=========================>....] - ETA: 17s - loss: 1.1078 - acc: 0.5509
3136/3458 [==========================>...] - ETA: 15s - loss: 1.1082 - acc: 0.5513
3168/3458 [==========================>...] - ETA: 14s - loss: 1.1096 - acc: 0.5508
3200/3458 [==========================>...] - ETA: 12s - loss: 1.1085 - acc: 0.5512
3232/3458 [===========================>..] - ETA: 11s - loss: 1.1081 - acc: 0.5498
3264/3458 [===========================>..] - ETA: 9s - loss: 1.1089 - acc: 0.5478 
3296/3458 [===========================>..] - ETA: 7s - loss: 1.1089 - acc: 0.5479
3328/3458 [===========================>..] - ETA: 6s - loss: 1.1090 - acc: 0.5478
3360/3458 [============================>.] - ETA: 4s - loss: 1.1089 - acc: 0.5482
3392/3458 [============================>.] - ETA: 3s - loss: 1.1096 - acc: 0.5475
3424/3458 [============================>.] - ETA: 1s - loss: 1.1098 - acc: 0.5467
3456/3458 [============================>.] - ETA: 0s - loss: 1.1093 - acc: 0.5472
3458/3458 [==============================] - 170s 49ms/sample - loss: 1.1090 - acc: 0.5474

 32/865 [>.............................] - ETA: 7s - loss: 1.5915 - acc: 0.6562
 64/865 [=>............................] - ETA: 7s - loss: 1.4872 - acc: 0.5469
 96/865 [==>...........................] - ETA: 6s - loss: 1.4582 - acc: 0.4896
128/865 [===>..........................] - ETA: 6s - loss: 1.5031 - acc: 0.4766
160/865 [====>.........................] - ETA: 6s - loss: 1.5433 - acc: 0.4812
192/865 [=====>........................] - ETA: 6s - loss: 1.4780 - acc: 0.5208
224/865 [======>.......................] - ETA: 5s - loss: 1.4890 - acc: 0.5223
256/865 [=======>......................] - ETA: 5s - loss: 1.4725 - acc: 0.5195
288/865 [========>.....................] - ETA: 5s - loss: 1.4747 - acc: 0.5312
320/865 [==========>...................] - ETA: 4s - loss: 1.5013 - acc: 0.5281
352/865 [===========>..................] - ETA: 4s - loss: 1.4892 - acc: 0.5284
384/865 [============>.................] - ETA: 4s - loss: 1.5122 - acc: 0.5156
416/865 [=============>................] - ETA: 4s - loss: 1.5071 - acc: 0.5192
448/865 [==============>...............] - ETA: 3s - loss: 1.4839 - acc: 0.5246
480/865 [===============>..............] - ETA: 3s - loss: 1.5103 - acc: 0.5188
512/865 [================>.............] - ETA: 3s - loss: 1.5088 - acc: 0.5195
544/865 [=================>............] - ETA: 2s - loss: 1.4951 - acc: 0.5257
576/865 [==================>...........] - ETA: 2s - loss: 1.4928 - acc: 0.5226
608/865 [====================>.........] - ETA: 2s - loss: 1.4878 - acc: 0.5181
640/865 [=====================>........] - ETA: 2s - loss: 1.4984 - acc: 0.5141
672/865 [======================>.......] - ETA: 1s - loss: 1.5103 - acc: 0.5134
704/865 [=======================>......] - ETA: 1s - loss: 1.5160 - acc: 0.5099
736/865 [========================>.....] - ETA: 1s - loss: 1.5137 - acc: 0.5041
768/865 [=========================>....] - ETA: 0s - loss: 1.5040 - acc: 0.5026
800/865 [==========================>...] - ETA: 0s - loss: 1.5128 - acc: 0.5025
832/865 [===========================>..] - ETA: 0s - loss: 1.5012 - acc: 0.5048
864/865 [============================>.] - ETA: 0s - loss: 1.4993 - acc: 0.5046
865/865 [==============================] - 8s 9ms/sample - loss: 1.5024 - acc: 0.5040

  32/3458 [..............................] - ETA: 2:45 - loss: 1.1750 - acc: 0.4688
  64/3458 [..............................] - ETA: 2:44 - loss: 1.0662 - acc: 0.6094
  96/3458 [..............................] - ETA: 2:43 - loss: 1.0672 - acc: 0.6042
 128/3458 [>.............................] - ETA: 2:40 - loss: 1.0770 - acc: 0.6172
 160/3458 [>.............................] - ETA: 2:40 - loss: 1.0336 - acc: 0.6313
 192/3458 [>.............................] - ETA: 2:38 - loss: 1.0611 - acc: 0.6094
 224/3458 [>.............................] - ETA: 2:37 - loss: 1.0549 - acc: 0.6071
 256/3458 [=>............................] - ETA: 2:36 - loss: 1.0380 - acc: 0.6055
 288/3458 [=>............................] - ETA: 2:34 - loss: 1.0249 - acc: 0.6146
 320/3458 [=>............................] - ETA: 2:33 - loss: 1.0485 - acc: 0.6062
 352/3458 [==>...........................] - ETA: 2:31 - loss: 1.0342 - acc: 0.5994
 384/3458 [==>...........................] - ETA: 2:30 - loss: 1.0341 - acc: 0.5885
 416/3458 [==>...........................] - ETA: 2:28 - loss: 1.0529 - acc: 0.5697
 448/3458 [==>...........................] - ETA: 2:27 - loss: 1.0600 - acc: 0.5670
 480/3458 [===>..........................] - ETA: 2:25 - loss: 1.0588 - acc: 0.5646
 512/3458 [===>..........................] - ETA: 2:24 - loss: 1.0575 - acc: 0.5625
 544/3458 [===>..........................] - ETA: 2:22 - loss: 1.0513 - acc: 0.5607
 576/3458 [===>..........................] - ETA: 2:21 - loss: 1.0399 - acc: 0.5660
 608/3458 [====>.........................] - ETA: 2:19 - loss: 1.0258 - acc: 0.5740
 640/3458 [====>.........................] - ETA: 2:17 - loss: 1.0245 - acc: 0.5797
 672/3458 [====>.........................] - ETA: 2:16 - loss: 1.0197 - acc: 0.5804
 704/3458 [=====>........................] - ETA: 2:14 - loss: 1.0115 - acc: 0.5852
 736/3458 [=====>........................] - ETA: 2:13 - loss: 1.0131 - acc: 0.5842
 768/3458 [=====>........................] - ETA: 2:11 - loss: 1.0029 - acc: 0.5872
 800/3458 [=====>........................] - ETA: 2:10 - loss: 0.9989 - acc: 0.5900
 832/3458 [======>.......................] - ETA: 2:08 - loss: 0.9902 - acc: 0.5974
 864/3458 [======>.......................] - ETA: 2:06 - loss: 0.9914 - acc: 0.5961
 896/3458 [======>.......................] - ETA: 2:05 - loss: 0.9890 - acc: 0.5993
 928/3458 [=======>......................] - ETA: 2:03 - loss: 0.9810 - acc: 0.6024
 960/3458 [=======>......................] - ETA: 2:02 - loss: 0.9802 - acc: 0.6062
 992/3458 [=======>......................] - ETA: 2:00 - loss: 0.9781 - acc: 0.6069
1024/3458 [=======>......................] - ETA: 1:59 - loss: 0.9768 - acc: 0.6055
1056/3458 [========>.....................] - ETA: 1:57 - loss: 0.9729 - acc: 0.6070
1088/3458 [========>.....................] - ETA: 1:56 - loss: 0.9695 - acc: 0.6094
1120/3458 [========>.....................] - ETA: 1:54 - loss: 0.9828 - acc: 0.6089
1152/3458 [========>.....................] - ETA: 1:53 - loss: 0.9797 - acc: 0.6068
1184/3458 [=========>....................] - ETA: 1:51 - loss: 0.9735 - acc: 0.6115
1216/3458 [=========>....................] - ETA: 1:49 - loss: 0.9834 - acc: 0.6061
1248/3458 [=========>....................] - ETA: 1:48 - loss: 0.9845 - acc: 0.6042
1280/3458 [==========>...................] - ETA: 1:46 - loss: 0.9837 - acc: 0.6039
1312/3458 [==========>...................] - ETA: 1:45 - loss: 0.9813 - acc: 0.6059
1344/3458 [==========>...................] - ETA: 1:43 - loss: 0.9770 - acc: 0.6079
1376/3458 [==========>...................] - ETA: 1:41 - loss: 0.9789 - acc: 0.6076
1408/3458 [===========>..................] - ETA: 1:40 - loss: 0.9806 - acc: 0.6051
1440/3458 [===========>..................] - ETA: 1:38 - loss: 0.9826 - acc: 0.6035
1472/3458 [===========>..................] - ETA: 1:37 - loss: 0.9825 - acc: 0.6039
1504/3458 [============>.................] - ETA: 1:35 - loss: 0.9843 - acc: 0.6051
1536/3458 [============>.................] - ETA: 1:34 - loss: 0.9821 - acc: 0.6042
1568/3458 [============>.................] - ETA: 1:32 - loss: 0.9773 - acc: 0.6065
1600/3458 [============>.................] - ETA: 1:30 - loss: 0.9730 - acc: 0.6094
1632/3458 [=============>................] - ETA: 1:29 - loss: 0.9671 - acc: 0.6134
1664/3458 [=============>................] - ETA: 1:27 - loss: 0.9709 - acc: 0.6148
1696/3458 [=============>................] - ETA: 1:26 - loss: 0.9659 - acc: 0.6173
1728/3458 [=============>................] - ETA: 1:24 - loss: 0.9656 - acc: 0.6169
1760/3458 [==============>...............] - ETA: 1:23 - loss: 0.9760 - acc: 0.6142
1792/3458 [==============>...............] - ETA: 1:21 - loss: 0.9754 - acc: 0.6116
1824/3458 [==============>...............] - ETA: 1:20 - loss: 0.9747 - acc: 0.6113
1856/3458 [===============>..............] - ETA: 1:18 - loss: 0.9736 - acc: 0.6115
1888/3458 [===============>..............] - ETA: 1:16 - loss: 0.9728 - acc: 0.6128
1920/3458 [===============>..............] - ETA: 1:15 - loss: 0.9721 - acc: 0.6125
1952/3458 [===============>..............] - ETA: 1:13 - loss: 0.9748 - acc: 0.6112
1984/3458 [================>.............] - ETA: 1:12 - loss: 0.9761 - acc: 0.6099
2016/3458 [================>.............] - ETA: 1:10 - loss: 0.9771 - acc: 0.6076
2048/3458 [================>.............] - ETA: 1:09 - loss: 0.9741 - acc: 0.6094
2080/3458 [=================>............] - ETA: 1:07 - loss: 0.9749 - acc: 0.6101
2112/3458 [=================>............] - ETA: 1:05 - loss: 0.9715 - acc: 0.6098
2144/3458 [=================>............] - ETA: 1:04 - loss: 0.9705 - acc: 0.6096
2176/3458 [=================>............] - ETA: 1:02 - loss: 0.9687 - acc: 0.6103
2208/3458 [==================>...........] - ETA: 1:01 - loss: 0.9678 - acc: 0.6096
2240/3458 [==================>...........] - ETA: 59s - loss: 0.9650 - acc: 0.6112 
2272/3458 [==================>...........] - ETA: 58s - loss: 0.9665 - acc: 0.6109
2304/3458 [==================>...........] - ETA: 56s - loss: 0.9652 - acc: 0.6120
2336/3458 [===================>..........] - ETA: 54s - loss: 0.9632 - acc: 0.6130
2368/3458 [===================>..........] - ETA: 53s - loss: 0.9603 - acc: 0.6157
2400/3458 [===================>..........] - ETA: 51s - loss: 0.9572 - acc: 0.6175
2432/3458 [====================>.........] - ETA: 50s - loss: 0.9595 - acc: 0.6151
2464/3458 [====================>.........] - ETA: 48s - loss: 0.9603 - acc: 0.6140
2496/3458 [====================>.........] - ETA: 47s - loss: 0.9595 - acc: 0.6130
2528/3458 [====================>.........] - ETA: 45s - loss: 0.9579 - acc: 0.6147
2560/3458 [=====================>........] - ETA: 43s - loss: 0.9576 - acc: 0.6148
2592/3458 [=====================>........] - ETA: 42s - loss: 0.9564 - acc: 0.6154
2624/3458 [=====================>........] - ETA: 40s - loss: 0.9565 - acc: 0.6159
2656/3458 [======================>.......] - ETA: 39s - loss: 0.9555 - acc: 0.6156
2688/3458 [======================>.......] - ETA: 37s - loss: 0.9575 - acc: 0.6138
2720/3458 [======================>.......] - ETA: 36s - loss: 0.9553 - acc: 0.6165
2752/3458 [======================>.......] - ETA: 34s - loss: 0.9533 - acc: 0.6181
2784/3458 [=======================>......] - ETA: 33s - loss: 0.9560 - acc: 0.6171
2816/3458 [=======================>......] - ETA: 31s - loss: 0.9527 - acc: 0.6197
2848/3458 [=======================>......] - ETA: 29s - loss: 0.9513 - acc: 0.6201
2880/3458 [=======================>......] - ETA: 28s - loss: 0.9505 - acc: 0.6205
2912/3458 [========================>.....] - ETA: 26s - loss: 0.9512 - acc: 0.6202
2944/3458 [========================>.....] - ETA: 25s - loss: 0.9511 - acc: 0.6196
2976/3458 [========================>.....] - ETA: 23s - loss: 0.9488 - acc: 0.6210
3008/3458 [=========================>....] - ETA: 22s - loss: 0.9494 - acc: 0.6203
3040/3458 [=========================>....] - ETA: 20s - loss: 0.9515 - acc: 0.6197
3072/3458 [=========================>....] - ETA: 18s - loss: 0.9501 - acc: 0.6204
3104/3458 [=========================>....] - ETA: 17s - loss: 0.9494 - acc: 0.6208
3136/3458 [==========================>...] - ETA: 15s - loss: 0.9493 - acc: 0.6199
3168/3458 [==========================>...] - ETA: 14s - loss: 0.9470 - acc: 0.6215
3200/3458 [==========================>...] - ETA: 12s - loss: 0.9482 - acc: 0.6216
3232/3458 [===========================>..] - ETA: 11s - loss: 0.9466 - acc: 0.6216
3264/3458 [===========================>..] - ETA: 9s - loss: 0.9486 - acc: 0.6213 
3296/3458 [===========================>..] - ETA: 7s - loss: 0.9470 - acc: 0.6235
3328/3458 [===========================>..] - ETA: 6s - loss: 0.9483 - acc: 0.6229
3360/3458 [============================>.] - ETA: 4s - loss: 0.9467 - acc: 0.6226
3392/3458 [============================>.] - ETA: 3s - loss: 0.9460 - acc: 0.6238
3424/3458 [============================>.] - ETA: 1s - loss: 0.9441 - acc: 0.6244
3456/3458 [============================>.] - ETA: 0s - loss: 0.9417 - acc: 0.6256
3458/3458 [==============================] - 170s 49ms/sample - loss: 0.9411 - acc: 0.6258

 32/865 [>.............................] - ETA: 7s - loss: 1.2458 - acc: 0.5312
 64/865 [=>............................] - ETA: 7s - loss: 1.1804 - acc: 0.5469
 96/865 [==>...........................] - ETA: 6s - loss: 1.2847 - acc: 0.5000
128/865 [===>..........................] - ETA: 6s - loss: 1.3184 - acc: 0.4688
160/865 [====>.........................] - ETA: 6s - loss: 1.3094 - acc: 0.4750
192/865 [=====>........................] - ETA: 6s - loss: 1.2984 - acc: 0.4844
224/865 [======>.......................] - ETA: 5s - loss: 1.3144 - acc: 0.4732
256/865 [=======>......................] - ETA: 5s - loss: 1.2926 - acc: 0.4766
288/865 [========>.....................] - ETA: 5s - loss: 1.3159 - acc: 0.4688
320/865 [==========>...................] - ETA: 4s - loss: 1.3566 - acc: 0.4688
352/865 [===========>..................] - ETA: 4s - loss: 1.3276 - acc: 0.4886
384/865 [============>.................] - ETA: 4s - loss: 1.3163 - acc: 0.4948
416/865 [=============>................] - ETA: 4s - loss: 1.3047 - acc: 0.4928
448/865 [==============>...............] - ETA: 3s - loss: 1.3104 - acc: 0.4911
480/865 [===============>..............] - ETA: 3s - loss: 1.3092 - acc: 0.4958
512/865 [================>.............] - ETA: 3s - loss: 1.3120 - acc: 0.4863
544/865 [=================>............] - ETA: 2s - loss: 1.3066 - acc: 0.4926
576/865 [==================>...........] - ETA: 2s - loss: 1.3327 - acc: 0.4931
608/865 [====================>.........] - ETA: 2s - loss: 1.3211 - acc: 0.4934
640/865 [=====================>........] - ETA: 2s - loss: 1.3253 - acc: 0.4984
672/865 [======================>.......] - ETA: 1s - loss: 1.3447 - acc: 0.4926
704/865 [=======================>......] - ETA: 1s - loss: 1.3408 - acc: 0.4929
736/865 [========================>.....] - ETA: 1s - loss: 1.3557 - acc: 0.4932
768/865 [=========================>....] - ETA: 0s - loss: 1.3491 - acc: 0.4935
800/865 [==========================>...] - ETA: 0s - loss: 1.3492 - acc: 0.4963
832/865 [===========================>..] - ETA: 0s - loss: 1.3451 - acc: 0.4964
864/865 [============================>.] - ETA: 0s - loss: 1.3369 - acc: 0.4965
865/865 [==============================] - 8s 9ms/sample - loss: 1.3371 - acc: 0.4960

  32/3458 [..............................] - ETA: 2:45 - loss: 0.8151 - acc: 0.5938
  64/3458 [..............................] - ETA: 2:44 - loss: 0.8933 - acc: 0.6562
  96/3458 [..............................] - ETA: 2:42 - loss: 0.7893 - acc: 0.7396
 128/3458 [>.............................] - ETA: 2:41 - loss: 0.7986 - acc: 0.7109
 160/3458 [>.............................] - ETA: 2:40 - loss: 0.7998 - acc: 0.7250
 192/3458 [>.............................] - ETA: 2:38 - loss: 0.8135 - acc: 0.7135
 224/3458 [>.............................] - ETA: 2:37 - loss: 0.8127 - acc: 0.7098
 256/3458 [=>............................] - ETA: 2:36 - loss: 0.8086 - acc: 0.7031
 288/3458 [=>............................] - ETA: 2:34 - loss: 0.7762 - acc: 0.7188
 320/3458 [=>............................] - ETA: 2:33 - loss: 0.7610 - acc: 0.7281
 352/3458 [==>...........................] - ETA: 2:31 - loss: 0.7437 - acc: 0.7386
 384/3458 [==>...........................] - ETA: 2:29 - loss: 0.7530 - acc: 0.7292
 416/3458 [==>...........................] - ETA: 2:28 - loss: 0.7512 - acc: 0.7284
 448/3458 [==>...........................] - ETA: 2:26 - loss: 0.7451 - acc: 0.7344
 480/3458 [===>..........................] - ETA: 2:25 - loss: 0.7447 - acc: 0.7292
 512/3458 [===>..........................] - ETA: 2:24 - loss: 0.7494 - acc: 0.7266
 544/3458 [===>..........................] - ETA: 2:22 - loss: 0.7525 - acc: 0.7261
 576/3458 [===>..........................] - ETA: 2:20 - loss: 0.7516 - acc: 0.7257
 608/3458 [====>.........................] - ETA: 2:19 - loss: 0.7438 - acc: 0.7220
 640/3458 [====>.........................] - ETA: 2:17 - loss: 0.7463 - acc: 0.7219
 672/3458 [====>.........................] - ETA: 2:16 - loss: 0.7493 - acc: 0.7188
 704/3458 [=====>........................] - ETA: 2:14 - loss: 0.7376 - acc: 0.7259
 736/3458 [=====>........................] - ETA: 2:13 - loss: 0.7285 - acc: 0.7310
 768/3458 [=====>........................] - ETA: 2:11 - loss: 0.7284 - acc: 0.7318
 800/3458 [=====>........................] - ETA: 2:09 - loss: 0.7274 - acc: 0.7300
 832/3458 [======>.......................] - ETA: 2:08 - loss: 0.7243 - acc: 0.7308
 864/3458 [======>.......................] - ETA: 2:06 - loss: 0.7284 - acc: 0.7269
 896/3458 [======>.......................] - ETA: 2:05 - loss: 0.7348 - acc: 0.7232
 928/3458 [=======>......................] - ETA: 2:03 - loss: 0.7402 - acc: 0.7177
 960/3458 [=======>......................] - ETA: 2:02 - loss: 0.7386 - acc: 0.7177
 992/3458 [=======>......................] - ETA: 2:00 - loss: 0.7397 - acc: 0.7167
1024/3458 [=======>......................] - ETA: 1:59 - loss: 0.7369 - acc: 0.7158
1056/3458 [========>.....................] - ETA: 1:57 - loss: 0.7329 - acc: 0.7178
1088/3458 [========>.....................] - ETA: 1:55 - loss: 0.7380 - acc: 0.7151
1120/3458 [========>.....................] - ETA: 1:54 - loss: 0.7448 - acc: 0.7107
1152/3458 [========>.....................] - ETA: 1:52 - loss: 0.7395 - acc: 0.7127
1184/3458 [=========>....................] - ETA: 1:51 - loss: 0.7376 - acc: 0.7145
1216/3458 [=========>....................] - ETA: 1:49 - loss: 0.7401 - acc: 0.7146
1248/3458 [=========>....................] - ETA: 1:48 - loss: 0.7385 - acc: 0.7123
1280/3458 [==========>...................] - ETA: 1:46 - loss: 0.7375 - acc: 0.7125
1312/3458 [==========>...................] - ETA: 1:45 - loss: 0.7396 - acc: 0.7096
1344/3458 [==========>...................] - ETA: 1:43 - loss: 0.7395 - acc: 0.7083
1376/3458 [==========>...................] - ETA: 1:41 - loss: 0.7358 - acc: 0.7108
1408/3458 [===========>..................] - ETA: 1:40 - loss: 0.7390 - acc: 0.7088
1440/3458 [===========>..................] - ETA: 1:38 - loss: 0.7469 - acc: 0.7076
1472/3458 [===========>..................] - ETA: 1:37 - loss: 0.7483 - acc: 0.7086
1504/3458 [============>.................] - ETA: 1:35 - loss: 0.7524 - acc: 0.7074
1536/3458 [============>.................] - ETA: 1:34 - loss: 0.7537 - acc: 0.7064
1568/3458 [============>.................] - ETA: 1:32 - loss: 0.7611 - acc: 0.7034
1600/3458 [============>.................] - ETA: 1:30 - loss: 0.7597 - acc: 0.7031
1632/3458 [=============>................] - ETA: 1:29 - loss: 0.7663 - acc: 0.6985
1664/3458 [=============>................] - ETA: 1:27 - loss: 0.7706 - acc: 0.6971
1696/3458 [=============>................] - ETA: 1:26 - loss: 0.7758 - acc: 0.6934
1728/3458 [=============>................] - ETA: 1:24 - loss: 0.7768 - acc: 0.6916
1760/3458 [==============>...............] - ETA: 1:23 - loss: 0.7777 - acc: 0.6915
1792/3458 [==============>...............] - ETA: 1:21 - loss: 0.7777 - acc: 0.6897
1824/3458 [==============>...............] - ETA: 1:20 - loss: 0.7796 - acc: 0.6880
1856/3458 [===============>..............] - ETA: 1:18 - loss: 0.7790 - acc: 0.6880
1888/3458 [===============>..............] - ETA: 1:16 - loss: 0.7789 - acc: 0.6886
1920/3458 [===============>..............] - ETA: 1:15 - loss: 0.7747 - acc: 0.6906
1952/3458 [===============>..............] - ETA: 1:13 - loss: 0.7732 - acc: 0.6901
1984/3458 [================>.............] - ETA: 1:12 - loss: 0.7751 - acc: 0.6885
2016/3458 [================>.............] - ETA: 1:10 - loss: 0.7760 - acc: 0.6875
2048/3458 [================>.............] - ETA: 1:09 - loss: 0.7794 - acc: 0.6865
2080/3458 [=================>............] - ETA: 1:07 - loss: 0.7802 - acc: 0.6870
2112/3458 [=================>............] - ETA: 1:05 - loss: 0.7820 - acc: 0.6861
2144/3458 [=================>............] - ETA: 1:04 - loss: 0.7814 - acc: 0.6861
2176/3458 [=================>............] - ETA: 1:02 - loss: 0.7800 - acc: 0.6866
2208/3458 [==================>...........] - ETA: 1:01 - loss: 0.7803 - acc: 0.6857
2240/3458 [==================>...........] - ETA: 59s - loss: 0.7814 - acc: 0.6862 
2272/3458 [==================>...........] - ETA: 58s - loss: 0.7855 - acc: 0.6853
2304/3458 [==================>...........] - ETA: 56s - loss: 0.7863 - acc: 0.6862
2336/3458 [===================>..........] - ETA: 54s - loss: 0.7880 - acc: 0.6845
2368/3458 [===================>..........] - ETA: 53s - loss: 0.7869 - acc: 0.6850
2400/3458 [===================>..........] - ETA: 51s - loss: 0.7866 - acc: 0.6846
2432/3458 [====================>.........] - ETA: 50s - loss: 0.7845 - acc: 0.6871
2464/3458 [====================>.........] - ETA: 48s - loss: 0.7856 - acc: 0.6863
2496/3458 [====================>.........] - ETA: 47s - loss: 0.7846 - acc: 0.6859
2528/3458 [====================>.........] - ETA: 45s - loss: 0.7842 - acc: 0.6855
2560/3458 [=====================>........] - ETA: 44s - loss: 0.7840 - acc: 0.6840
2592/3458 [=====================>........] - ETA: 42s - loss: 0.7852 - acc: 0.6825
2624/3458 [=====================>........] - ETA: 40s - loss: 0.7856 - acc: 0.6822
2656/3458 [======================>.......] - ETA: 39s - loss: 0.7866 - acc: 0.6822
2688/3458 [======================>.......] - ETA: 37s - loss: 0.7867 - acc: 0.6819
2720/3458 [======================>.......] - ETA: 36s - loss: 0.7870 - acc: 0.6812
2752/3458 [======================>.......] - ETA: 34s - loss: 0.7865 - acc: 0.6810
2784/3458 [=======================>......] - ETA: 33s - loss: 0.7851 - acc: 0.6807
2816/3458 [=======================>......] - ETA: 31s - loss: 0.7835 - acc: 0.6811
2848/3458 [=======================>......] - ETA: 29s - loss: 0.7807 - acc: 0.6826
2880/3458 [=======================>......] - ETA: 28s - loss: 0.7813 - acc: 0.6830
2912/3458 [========================>.....] - ETA: 26s - loss: 0.7834 - acc: 0.6817
2944/3458 [========================>.....] - ETA: 25s - loss: 0.7824 - acc: 0.6834
2976/3458 [========================>.....] - ETA: 23s - loss: 0.7835 - acc: 0.6831
3008/3458 [=========================>....] - ETA: 22s - loss: 0.7837 - acc: 0.6828
3040/3458 [=========================>....] - ETA: 20s - loss: 0.7851 - acc: 0.6819
3072/3458 [=========================>....] - ETA: 18s - loss: 0.7837 - acc: 0.6836
3104/3458 [=========================>....] - ETA: 17s - loss: 0.7837 - acc: 0.6843
3136/3458 [==========================>...] - ETA: 15s - loss: 0.7823 - acc: 0.6846
3168/3458 [==========================>...] - ETA: 14s - loss: 0.7849 - acc: 0.6843
3200/3458 [==========================>...] - ETA: 12s - loss: 0.7820 - acc: 0.6859
3232/3458 [===========================>..] - ETA: 11s - loss: 0.7825 - acc: 0.6863
3264/3458 [===========================>..] - ETA: 9s - loss: 0.7826 - acc: 0.6863 
3296/3458 [===========================>..] - ETA: 7s - loss: 0.7839 - acc: 0.6863
3328/3458 [===========================>..] - ETA: 6s - loss: 0.7827 - acc: 0.6869
3360/3458 [============================>.] - ETA: 4s - loss: 0.7819 - acc: 0.6866
3392/3458 [============================>.] - ETA: 3s - loss: 0.7825 - acc: 0.6857
3424/3458 [============================>.] - ETA: 1s - loss: 0.7832 - acc: 0.6840
3456/3458 [============================>.] - ETA: 0s - loss: 0.7836 - acc: 0.6840
3458/3458 [==============================] - 170s 49ms/sample - loss: 0.7839 - acc: 0.6836

 32/865 [>.............................] - ETA: 7s - loss: 1.3205 - acc: 0.5312
 64/865 [=>............................] - ETA: 6s - loss: 1.1041 - acc: 0.6094
 96/865 [==>...........................] - ETA: 6s - loss: 1.2182 - acc: 0.5104
128/865 [===>..........................] - ETA: 6s - loss: 1.2620 - acc: 0.5078
160/865 [====>.........................] - ETA: 6s - loss: 1.2344 - acc: 0.5312
192/865 [=====>........................] - ETA: 6s - loss: 1.2162 - acc: 0.5365
224/865 [======>.......................] - ETA: 5s - loss: 1.2415 - acc: 0.5312
256/865 [=======>......................] - ETA: 5s - loss: 1.2110 - acc: 0.5312
288/865 [========>.....................] - ETA: 5s - loss: 1.2187 - acc: 0.5382
320/865 [==========>...................] - ETA: 4s - loss: 1.2541 - acc: 0.5344
352/865 [===========>..................] - ETA: 4s - loss: 1.2345 - acc: 0.5341
384/865 [============>.................] - ETA: 4s - loss: 1.2193 - acc: 0.5391
416/865 [=============>................] - ETA: 4s - loss: 1.2145 - acc: 0.5457
448/865 [==============>...............] - ETA: 3s - loss: 1.2222 - acc: 0.5379
480/865 [===============>..............] - ETA: 3s - loss: 1.2332 - acc: 0.5396
512/865 [================>.............] - ETA: 3s - loss: 1.2391 - acc: 0.5293
544/865 [=================>............] - ETA: 2s - loss: 1.2346 - acc: 0.5276
576/865 [==================>...........] - ETA: 2s - loss: 1.2333 - acc: 0.5278
608/865 [====================>.........] - ETA: 2s - loss: 1.2244 - acc: 0.5296
640/865 [=====================>........] - ETA: 1s - loss: 1.2245 - acc: 0.5328
672/865 [======================>.......] - ETA: 1s - loss: 1.2288 - acc: 0.5327
704/865 [=======================>......] - ETA: 1s - loss: 1.2252 - acc: 0.5341
736/865 [========================>.....] - ETA: 1s - loss: 1.2360 - acc: 0.5312
768/865 [=========================>....] - ETA: 0s - loss: 1.2364 - acc: 0.5273
800/865 [==========================>...] - ETA: 0s - loss: 1.2359 - acc: 0.5300
832/865 [===========================>..] - ETA: 0s - loss: 1.2206 - acc: 0.5337
864/865 [============================>.] - ETA: 0s - loss: 1.2160 - acc: 0.5359
865/865 [==============================] - 8s 9ms/sample - loss: 1.2161 - acc: 0.5353
