For Dropout_1=0.1 Dropout_2=0.7
daisy loaded
dandelion loaded
rose loaded
sunflower loaded
tulip loaded

  32/3458 [..............................] - ETA: 3:06 - loss: 1.6369 - acc: 0.1875
  64/3458 [..............................] - ETA: 2:55 - loss: 7.4096 - acc: 0.2031
  96/3458 [..............................] - ETA: 2:50 - loss: 9.3846 - acc: 0.1979
 128/3458 [>.............................] - ETA: 2:46 - loss: 8.2567 - acc: 0.1875
 160/3458 [>.............................] - ETA: 2:43 - loss: 6.9222 - acc: 0.2250
 192/3458 [>.............................] - ETA: 2:42 - loss: 6.0586 - acc: 0.2135
 224/3458 [>.............................] - ETA: 2:39 - loss: 5.4331 - acc: 0.2143
 256/3458 [=>............................] - ETA: 2:38 - loss: 4.9558 - acc: 0.2031
 288/3458 [=>............................] - ETA: 2:36 - loss: 4.5777 - acc: 0.2049
 320/3458 [=>............................] - ETA: 2:34 - loss: 4.2709 - acc: 0.2156
 352/3458 [==>...........................] - ETA: 2:32 - loss: 4.0181 - acc: 0.2301
 384/3458 [==>...........................] - ETA: 2:31 - loss: 3.7954 - acc: 0.2422
 416/3458 [==>...........................] - ETA: 2:29 - loss: 3.6164 - acc: 0.2452
 448/3458 [==>...........................] - ETA: 2:27 - loss: 3.4621 - acc: 0.2522
 480/3458 [===>..........................] - ETA: 2:26 - loss: 3.3391 - acc: 0.2458
 512/3458 [===>..........................] - ETA: 2:24 - loss: 3.2171 - acc: 0.2559
 544/3458 [===>..........................] - ETA: 2:23 - loss: 3.1097 - acc: 0.2592
 576/3458 [===>..........................] - ETA: 2:21 - loss: 3.0137 - acc: 0.2639
 608/3458 [====>.........................] - ETA: 2:20 - loss: 2.9284 - acc: 0.2615
 640/3458 [====>.........................] - ETA: 2:18 - loss: 2.8601 - acc: 0.2656
 672/3458 [====>.........................] - ETA: 2:16 - loss: 2.7943 - acc: 0.2679
 704/3458 [=====>........................] - ETA: 2:15 - loss: 2.7351 - acc: 0.2727
 736/3458 [=====>........................] - ETA: 2:13 - loss: 2.6801 - acc: 0.2853
 768/3458 [=====>........................] - ETA: 2:12 - loss: 2.6295 - acc: 0.2865
 800/3458 [=====>........................] - ETA: 2:10 - loss: 2.5840 - acc: 0.2912
 832/3458 [======>.......................] - ETA: 2:08 - loss: 2.5429 - acc: 0.2933
 864/3458 [======>.......................] - ETA: 2:07 - loss: 2.5073 - acc: 0.2917
 896/3458 [======>.......................] - ETA: 2:05 - loss: 2.4691 - acc: 0.2935
 928/3458 [=======>......................] - ETA: 2:04 - loss: 2.4338 - acc: 0.2942
 960/3458 [=======>......................] - ETA: 2:02 - loss: 2.4005 - acc: 0.2948
 992/3458 [=======>......................] - ETA: 2:01 - loss: 2.3649 - acc: 0.2964
1024/3458 [=======>......................] - ETA: 1:59 - loss: 2.3393 - acc: 0.3018
1056/3458 [========>.....................] - ETA: 1:57 - loss: 2.3120 - acc: 0.3049
1088/3458 [========>.....................] - ETA: 1:56 - loss: 2.2856 - acc: 0.3079
1120/3458 [========>.....................] - ETA: 1:54 - loss: 2.2630 - acc: 0.3125
1152/3458 [========>.....................] - ETA: 1:53 - loss: 2.2384 - acc: 0.3160
1184/3458 [=========>....................] - ETA: 1:51 - loss: 2.2174 - acc: 0.3193
1216/3458 [=========>....................] - ETA: 1:50 - loss: 2.1999 - acc: 0.3215
1248/3458 [=========>....................] - ETA: 1:48 - loss: 2.1894 - acc: 0.3237
1280/3458 [==========>...................] - ETA: 1:46 - loss: 2.1701 - acc: 0.3242
1312/3458 [==========>...................] - ETA: 1:45 - loss: 2.1508 - acc: 0.3255
1344/3458 [==========>...................] - ETA: 1:43 - loss: 2.1350 - acc: 0.3259
1376/3458 [==========>...................] - ETA: 1:42 - loss: 2.1194 - acc: 0.3299
1408/3458 [===========>..................] - ETA: 1:40 - loss: 2.1025 - acc: 0.3324
1440/3458 [===========>..................] - ETA: 1:38 - loss: 2.0868 - acc: 0.3361
1472/3458 [===========>..................] - ETA: 1:37 - loss: 2.0725 - acc: 0.3397
1504/3458 [============>.................] - ETA: 1:35 - loss: 2.0705 - acc: 0.3384
1536/3458 [============>.................] - ETA: 1:34 - loss: 2.0563 - acc: 0.3411
1568/3458 [============>.................] - ETA: 1:33 - loss: 2.0438 - acc: 0.3418
1600/3458 [============>.................] - ETA: 1:31 - loss: 2.0333 - acc: 0.3413
1632/3458 [=============>................] - ETA: 1:29 - loss: 2.0194 - acc: 0.3425
1664/3458 [=============>................] - ETA: 1:28 - loss: 2.0093 - acc: 0.3431
1696/3458 [=============>................] - ETA: 1:26 - loss: 1.9998 - acc: 0.3438
1728/3458 [=============>................] - ETA: 1:25 - loss: 1.9900 - acc: 0.3443
1760/3458 [==============>...............] - ETA: 1:23 - loss: 1.9798 - acc: 0.3432
1792/3458 [==============>...............] - ETA: 1:22 - loss: 1.9734 - acc: 0.3449
1824/3458 [==============>...............] - ETA: 1:20 - loss: 1.9646 - acc: 0.3476
1856/3458 [===============>..............] - ETA: 1:18 - loss: 1.9552 - acc: 0.3481
1888/3458 [===============>..............] - ETA: 1:17 - loss: 1.9453 - acc: 0.3517
1920/3458 [===============>..............] - ETA: 1:15 - loss: 1.9362 - acc: 0.3521
1952/3458 [===============>..............] - ETA: 1:14 - loss: 1.9284 - acc: 0.3514
1984/3458 [================>.............] - ETA: 1:12 - loss: 1.9206 - acc: 0.3538
2016/3458 [================>.............] - ETA: 1:10 - loss: 1.9126 - acc: 0.3537
2048/3458 [================>.............] - ETA: 1:09 - loss: 1.9035 - acc: 0.3564
2080/3458 [=================>............] - ETA: 1:07 - loss: 1.8963 - acc: 0.3572
2112/3458 [=================>............] - ETA: 1:06 - loss: 1.8887 - acc: 0.3584
2144/3458 [=================>............] - ETA: 1:04 - loss: 1.8821 - acc: 0.3596
2176/3458 [=================>............] - ETA: 1:03 - loss: 1.8734 - acc: 0.3626
2208/3458 [==================>...........] - ETA: 1:01 - loss: 1.8659 - acc: 0.3628
2240/3458 [==================>...........] - ETA: 59s - loss: 1.8568 - acc: 0.3647 
2272/3458 [==================>...........] - ETA: 58s - loss: 1.8507 - acc: 0.3662
2304/3458 [==================>...........] - ETA: 56s - loss: 1.8437 - acc: 0.3672
2336/3458 [===================>..........] - ETA: 55s - loss: 1.8361 - acc: 0.3677
2368/3458 [===================>..........] - ETA: 53s - loss: 1.8317 - acc: 0.3691
2400/3458 [===================>..........] - ETA: 52s - loss: 1.8256 - acc: 0.3704
2432/3458 [====================>.........] - ETA: 50s - loss: 1.8217 - acc: 0.3721
2464/3458 [====================>.........] - ETA: 48s - loss: 1.8206 - acc: 0.3726
2496/3458 [====================>.........] - ETA: 47s - loss: 1.8140 - acc: 0.3730
2528/3458 [====================>.........] - ETA: 45s - loss: 1.8073 - acc: 0.3738
2560/3458 [=====================>........] - ETA: 44s - loss: 1.8021 - acc: 0.3750
2592/3458 [=====================>........] - ETA: 42s - loss: 1.7982 - acc: 0.3742
2624/3458 [=====================>........] - ETA: 41s - loss: 1.7952 - acc: 0.3739
2656/3458 [======================>.......] - ETA: 39s - loss: 1.7918 - acc: 0.3716
2688/3458 [======================>.......] - ETA: 37s - loss: 1.7869 - acc: 0.3705
2720/3458 [======================>.......] - ETA: 36s - loss: 1.7833 - acc: 0.3699
2752/3458 [======================>.......] - ETA: 34s - loss: 1.7815 - acc: 0.3695
2784/3458 [=======================>......] - ETA: 33s - loss: 1.7774 - acc: 0.3693
2816/3458 [=======================>......] - ETA: 31s - loss: 1.7720 - acc: 0.3707
2848/3458 [=======================>......] - ETA: 29s - loss: 1.7693 - acc: 0.3697
2880/3458 [=======================>......] - ETA: 28s - loss: 1.7653 - acc: 0.3694
2912/3458 [========================>.....] - ETA: 26s - loss: 1.7622 - acc: 0.3698
2944/3458 [========================>.....] - ETA: 25s - loss: 1.7570 - acc: 0.3702
2976/3458 [========================>.....] - ETA: 23s - loss: 1.7533 - acc: 0.3696
3008/3458 [=========================>....] - ETA: 22s - loss: 1.7488 - acc: 0.3693
3040/3458 [=========================>....] - ETA: 20s - loss: 1.7439 - acc: 0.3701
3072/3458 [=========================>....] - ETA: 18s - loss: 1.7399 - acc: 0.3695
3104/3458 [=========================>....] - ETA: 17s - loss: 1.7345 - acc: 0.3698
3136/3458 [==========================>...] - ETA: 15s - loss: 1.7321 - acc: 0.3696
3168/3458 [==========================>...] - ETA: 14s - loss: 1.7283 - acc: 0.3706
3200/3458 [==========================>...] - ETA: 12s - loss: 1.7245 - acc: 0.3709
3232/3458 [===========================>..] - ETA: 11s - loss: 1.7216 - acc: 0.3704
3264/3458 [===========================>..] - ETA: 9s - loss: 1.7170 - acc: 0.3719 
3296/3458 [===========================>..] - ETA: 7s - loss: 1.7147 - acc: 0.3717
3328/3458 [===========================>..] - ETA: 6s - loss: 1.7086 - acc: 0.3726
3360/3458 [============================>.] - ETA: 4s - loss: 1.7058 - acc: 0.3723
3392/3458 [============================>.] - ETA: 3s - loss: 1.7026 - acc: 0.3729
3424/3458 [============================>.] - ETA: 1s - loss: 1.7002 - acc: 0.3721
3456/3458 [============================>.] - ETA: 0s - loss: 1.6990 - acc: 0.3721
3458/3458 [==============================] - 170s 49ms/sample - loss: 1.6986 - acc: 0.3722

 32/865 [>.............................] - ETA: 7s - loss: 1.2125 - acc: 0.5000
 64/865 [=>............................] - ETA: 7s - loss: 1.2805 - acc: 0.5000
 96/865 [==>...........................] - ETA: 7s - loss: 1.3055 - acc: 0.4479
128/865 [===>..........................] - ETA: 6s - loss: 1.3024 - acc: 0.4531
160/865 [====>.........................] - ETA: 6s - loss: 1.2859 - acc: 0.4437
192/865 [=====>........................] - ETA: 6s - loss: 1.2943 - acc: 0.4271
224/865 [======>.......................] - ETA: 5s - loss: 1.2775 - acc: 0.4375
256/865 [=======>......................] - ETA: 5s - loss: 1.2873 - acc: 0.4336
288/865 [========>.....................] - ETA: 5s - loss: 1.3105 - acc: 0.4097
320/865 [==========>...................] - ETA: 4s - loss: 1.3126 - acc: 0.4156
352/865 [===========>..................] - ETA: 4s - loss: 1.3410 - acc: 0.4233
384/865 [============>.................] - ETA: 4s - loss: 1.3496 - acc: 0.4167
416/865 [=============>................] - ETA: 4s - loss: 1.3670 - acc: 0.4087
448/865 [==============>...............] - ETA: 3s - loss: 1.3610 - acc: 0.4129
480/865 [===============>..............] - ETA: 3s - loss: 1.3547 - acc: 0.4167
512/865 [================>.............] - ETA: 3s - loss: 1.3543 - acc: 0.4199
544/865 [=================>............] - ETA: 2s - loss: 1.3619 - acc: 0.4173
576/865 [==================>...........] - ETA: 2s - loss: 1.3668 - acc: 0.4149
608/865 [====================>.........] - ETA: 2s - loss: 1.3631 - acc: 0.4161
640/865 [=====================>........] - ETA: 2s - loss: 1.3603 - acc: 0.4187
672/865 [======================>.......] - ETA: 1s - loss: 1.3616 - acc: 0.4182
704/865 [=======================>......] - ETA: 1s - loss: 1.3578 - acc: 0.4205
736/865 [========================>.....] - ETA: 1s - loss: 1.3527 - acc: 0.4280
768/865 [=========================>....] - ETA: 0s - loss: 1.3567 - acc: 0.4284
800/865 [==========================>...] - ETA: 0s - loss: 1.3573 - acc: 0.4275
832/865 [===========================>..] - ETA: 0s - loss: 1.3591 - acc: 0.4231
864/865 [============================>.] - ETA: 0s - loss: 1.3624 - acc: 0.4190
865/865 [==============================] - 8s 9ms/sample - loss: 1.3626 - acc: 0.4185

  32/3458 [..............................] - ETA: 2:43 - loss: 1.2312 - acc: 0.4688
  64/3458 [..............................] - ETA: 2:44 - loss: 1.4826 - acc: 0.4062
  96/3458 [..............................] - ETA: 2:42 - loss: 1.4049 - acc: 0.4375
 128/3458 [>.............................] - ETA: 2:41 - loss: 1.3859 - acc: 0.4688
 160/3458 [>.............................] - ETA: 2:40 - loss: 1.3951 - acc: 0.4250
 192/3458 [>.............................] - ETA: 2:38 - loss: 1.3865 - acc: 0.4323
 224/3458 [>.............................] - ETA: 2:37 - loss: 1.3759 - acc: 0.4330
 256/3458 [=>............................] - ETA: 2:36 - loss: 1.3812 - acc: 0.4219
 288/3458 [=>............................] - ETA: 2:34 - loss: 1.3769 - acc: 0.4236
 320/3458 [=>............................] - ETA: 2:32 - loss: 1.3648 - acc: 0.4406
 352/3458 [==>...........................] - ETA: 2:31 - loss: 1.3643 - acc: 0.4347
 384/3458 [==>...........................] - ETA: 2:29 - loss: 1.3918 - acc: 0.4193
 416/3458 [==>...........................] - ETA: 2:28 - loss: 1.3885 - acc: 0.4255
 448/3458 [==>...........................] - ETA: 2:26 - loss: 1.3842 - acc: 0.4286
 480/3458 [===>..........................] - ETA: 2:25 - loss: 1.3820 - acc: 0.4354
 512/3458 [===>..........................] - ETA: 2:23 - loss: 1.3859 - acc: 0.4336
 544/3458 [===>..........................] - ETA: 2:22 - loss: 1.3900 - acc: 0.4301
 576/3458 [===>..........................] - ETA: 2:20 - loss: 1.3968 - acc: 0.4358
 608/3458 [====>.........................] - ETA: 2:19 - loss: 1.3820 - acc: 0.4457
 640/3458 [====>.........................] - ETA: 2:17 - loss: 1.3764 - acc: 0.4500
 672/3458 [====>.........................] - ETA: 2:16 - loss: 1.3709 - acc: 0.4509
 704/3458 [=====>........................] - ETA: 2:14 - loss: 1.3554 - acc: 0.4631
 736/3458 [=====>........................] - ETA: 2:12 - loss: 1.3765 - acc: 0.4538
 768/3458 [=====>........................] - ETA: 2:11 - loss: 1.3776 - acc: 0.4557
 800/3458 [=====>........................] - ETA: 2:09 - loss: 1.3718 - acc: 0.4600
 832/3458 [======>.......................] - ETA: 2:08 - loss: 1.3610 - acc: 0.4675
 864/3458 [======>.......................] - ETA: 2:06 - loss: 1.3640 - acc: 0.4676
 896/3458 [======>.......................] - ETA: 2:05 - loss: 1.3605 - acc: 0.4688
 928/3458 [=======>......................] - ETA: 2:03 - loss: 1.3581 - acc: 0.4731
 960/3458 [=======>......................] - ETA: 2:02 - loss: 1.3607 - acc: 0.4698
 992/3458 [=======>......................] - ETA: 2:00 - loss: 1.3621 - acc: 0.4667
1024/3458 [=======>......................] - ETA: 1:58 - loss: 1.3621 - acc: 0.4648
1056/3458 [========>.....................] - ETA: 1:57 - loss: 1.3554 - acc: 0.4669
1088/3458 [========>.....................] - ETA: 1:55 - loss: 1.3544 - acc: 0.4660
1120/3458 [========>.....................] - ETA: 1:54 - loss: 1.3491 - acc: 0.4723
1152/3458 [========>.....................] - ETA: 1:52 - loss: 1.3527 - acc: 0.4661
1184/3458 [=========>....................] - ETA: 1:51 - loss: 1.3501 - acc: 0.4671
1216/3458 [=========>....................] - ETA: 1:49 - loss: 1.3477 - acc: 0.4704
1248/3458 [=========>....................] - ETA: 1:47 - loss: 1.3456 - acc: 0.4696
1280/3458 [==========>...................] - ETA: 1:46 - loss: 1.3463 - acc: 0.4672
1312/3458 [==========>...................] - ETA: 1:44 - loss: 1.3430 - acc: 0.4680
1344/3458 [==========>...................] - ETA: 1:43 - loss: 1.3393 - acc: 0.4673
1376/3458 [==========>...................] - ETA: 1:41 - loss: 1.3384 - acc: 0.4680
1408/3458 [===========>..................] - ETA: 1:40 - loss: 1.3398 - acc: 0.4659
1440/3458 [===========>..................] - ETA: 1:38 - loss: 1.3436 - acc: 0.4632
1472/3458 [===========>..................] - ETA: 1:37 - loss: 1.3420 - acc: 0.4620
1504/3458 [============>.................] - ETA: 1:35 - loss: 1.3404 - acc: 0.4641
1536/3458 [============>.................] - ETA: 1:33 - loss: 1.3369 - acc: 0.4648
1568/3458 [============>.................] - ETA: 1:32 - loss: 1.3336 - acc: 0.4675
1600/3458 [============>.................] - ETA: 1:30 - loss: 1.3343 - acc: 0.4669
1632/3458 [=============>................] - ETA: 1:29 - loss: 1.3408 - acc: 0.4688
1664/3458 [=============>................] - ETA: 1:27 - loss: 1.3379 - acc: 0.4688
1696/3458 [=============>................] - ETA: 1:26 - loss: 1.3377 - acc: 0.4676
1728/3458 [=============>................] - ETA: 1:24 - loss: 1.3383 - acc: 0.4659
1760/3458 [==============>...............] - ETA: 1:22 - loss: 1.3358 - acc: 0.4682
1792/3458 [==============>...............] - ETA: 1:21 - loss: 1.3378 - acc: 0.4676
1824/3458 [==============>...............] - ETA: 1:19 - loss: 1.3381 - acc: 0.4644
1856/3458 [===============>..............] - ETA: 1:18 - loss: 1.3398 - acc: 0.4612
1888/3458 [===============>..............] - ETA: 1:16 - loss: 1.3374 - acc: 0.4629
1920/3458 [===============>..............] - ETA: 1:15 - loss: 1.3393 - acc: 0.4620
1952/3458 [===============>..............] - ETA: 1:13 - loss: 1.3395 - acc: 0.4626
1984/3458 [================>.............] - ETA: 1:12 - loss: 1.3379 - acc: 0.4632
2016/3458 [================>.............] - ETA: 1:10 - loss: 1.3381 - acc: 0.4623
2048/3458 [================>.............] - ETA: 1:08 - loss: 1.3350 - acc: 0.4644
2080/3458 [=================>............] - ETA: 1:07 - loss: 1.3325 - acc: 0.4668
2112/3458 [=================>............] - ETA: 1:05 - loss: 1.3321 - acc: 0.4654
2144/3458 [=================>............] - ETA: 1:04 - loss: 1.3286 - acc: 0.4674
2176/3458 [=================>............] - ETA: 1:02 - loss: 1.3302 - acc: 0.4674
2208/3458 [==================>...........] - ETA: 1:01 - loss: 1.3285 - acc: 0.4683
2240/3458 [==================>...........] - ETA: 59s - loss: 1.3293 - acc: 0.4688 
2272/3458 [==================>...........] - ETA: 57s - loss: 1.3336 - acc: 0.4692
2304/3458 [==================>...........] - ETA: 56s - loss: 1.3332 - acc: 0.4692
2336/3458 [===================>..........] - ETA: 54s - loss: 1.3312 - acc: 0.4713
2368/3458 [===================>..........] - ETA: 53s - loss: 1.3312 - acc: 0.4717
2400/3458 [===================>..........] - ETA: 51s - loss: 1.3302 - acc: 0.4717
2432/3458 [====================>.........] - ETA: 50s - loss: 1.3305 - acc: 0.4712
2464/3458 [====================>.........] - ETA: 48s - loss: 1.3311 - acc: 0.4720
2496/3458 [====================>.........] - ETA: 46s - loss: 1.3325 - acc: 0.4692
2528/3458 [====================>.........] - ETA: 45s - loss: 1.3332 - acc: 0.4684
2560/3458 [=====================>........] - ETA: 43s - loss: 1.3322 - acc: 0.4691
2592/3458 [=====================>........] - ETA: 42s - loss: 1.3310 - acc: 0.4703
2624/3458 [=====================>........] - ETA: 40s - loss: 1.3278 - acc: 0.4714
2656/3458 [======================>.......] - ETA: 39s - loss: 1.3281 - acc: 0.4710
2688/3458 [======================>.......] - ETA: 37s - loss: 1.3270 - acc: 0.4706
2720/3458 [======================>.......] - ETA: 36s - loss: 1.3260 - acc: 0.4710
2752/3458 [======================>.......] - ETA: 34s - loss: 1.3255 - acc: 0.4709
2784/3458 [=======================>......] - ETA: 32s - loss: 1.3238 - acc: 0.4709
2816/3458 [=======================>......] - ETA: 31s - loss: 1.3210 - acc: 0.4716
2848/3458 [=======================>......] - ETA: 29s - loss: 1.3186 - acc: 0.4719
2880/3458 [=======================>......] - ETA: 28s - loss: 1.3176 - acc: 0.4712
2912/3458 [========================>.....] - ETA: 26s - loss: 1.3158 - acc: 0.4701
2944/3458 [========================>.....] - ETA: 25s - loss: 1.3131 - acc: 0.4715
2976/3458 [========================>.....] - ETA: 23s - loss: 1.3136 - acc: 0.4714
3008/3458 [=========================>....] - ETA: 21s - loss: 1.3115 - acc: 0.4727
3040/3458 [=========================>....] - ETA: 20s - loss: 1.3106 - acc: 0.4730
3072/3458 [=========================>....] - ETA: 18s - loss: 1.3100 - acc: 0.4743
3104/3458 [=========================>....] - ETA: 17s - loss: 1.3088 - acc: 0.4739
3136/3458 [==========================>...] - ETA: 15s - loss: 1.3056 - acc: 0.4758
3168/3458 [==========================>...] - ETA: 14s - loss: 1.3095 - acc: 0.4770
3200/3458 [==========================>...] - ETA: 12s - loss: 1.3056 - acc: 0.4797
3232/3458 [===========================>..] - ETA: 11s - loss: 1.3052 - acc: 0.4796
3264/3458 [===========================>..] - ETA: 9s - loss: 1.3046 - acc: 0.4804 
3296/3458 [===========================>..] - ETA: 7s - loss: 1.3016 - acc: 0.4818
3328/3458 [===========================>..] - ETA: 6s - loss: 1.2993 - acc: 0.4829
3360/3458 [============================>.] - ETA: 4s - loss: 1.2999 - acc: 0.4830
3392/3458 [============================>.] - ETA: 3s - loss: 1.2975 - acc: 0.4835
3424/3458 [============================>.] - ETA: 1s - loss: 1.2973 - acc: 0.4831
3456/3458 [============================>.] - ETA: 0s - loss: 1.2946 - acc: 0.4838
3458/3458 [==============================] - 170s 49ms/sample - loss: 1.2949 - acc: 0.4835

 32/865 [>.............................] - ETA: 7s - loss: 1.1291 - acc: 0.4688
 64/865 [=>............................] - ETA: 7s - loss: 1.0925 - acc: 0.5469
 96/865 [==>...........................] - ETA: 6s - loss: 1.1130 - acc: 0.5208
128/865 [===>..........................] - ETA: 6s - loss: 1.1129 - acc: 0.5078
160/865 [====>.........................] - ETA: 6s - loss: 1.0907 - acc: 0.5125
192/865 [=====>........................] - ETA: 5s - loss: 1.0912 - acc: 0.5000
224/865 [======>.......................] - ETA: 5s - loss: 1.0746 - acc: 0.5134
256/865 [=======>......................] - ETA: 5s - loss: 1.0879 - acc: 0.5234
288/865 [========>.....................] - ETA: 5s - loss: 1.1049 - acc: 0.5243
320/865 [==========>...................] - ETA: 4s - loss: 1.1043 - acc: 0.5250
352/865 [===========>..................] - ETA: 4s - loss: 1.1240 - acc: 0.5312
384/865 [============>.................] - ETA: 4s - loss: 1.1419 - acc: 0.5234
416/865 [=============>................] - ETA: 3s - loss: 1.1514 - acc: 0.5216
448/865 [==============>...............] - ETA: 3s - loss: 1.1444 - acc: 0.5290
480/865 [===============>..............] - ETA: 3s - loss: 1.1395 - acc: 0.5292
512/865 [================>.............] - ETA: 3s - loss: 1.1467 - acc: 0.5234
544/865 [=================>............] - ETA: 2s - loss: 1.1650 - acc: 0.5147
576/865 [==================>...........] - ETA: 2s - loss: 1.1676 - acc: 0.5191
608/865 [====================>.........] - ETA: 2s - loss: 1.1627 - acc: 0.5230
640/865 [=====================>........] - ETA: 1s - loss: 1.1567 - acc: 0.5312
672/865 [======================>.......] - ETA: 1s - loss: 1.1515 - acc: 0.5357
704/865 [=======================>......] - ETA: 1s - loss: 1.1586 - acc: 0.5355
736/865 [========================>.....] - ETA: 1s - loss: 1.1616 - acc: 0.5353
768/865 [=========================>....] - ETA: 0s - loss: 1.1704 - acc: 0.5312
800/865 [==========================>...] - ETA: 0s - loss: 1.1755 - acc: 0.5312
832/865 [===========================>..] - ETA: 0s - loss: 1.1800 - acc: 0.5240
864/865 [============================>.] - ETA: 0s - loss: 1.1814 - acc: 0.5255
865/865 [==============================] - 8s 9ms/sample - loss: 1.1818 - acc: 0.5249

  32/3458 [..............................] - ETA: 2:44 - loss: 1.2967 - acc: 0.5938
  64/3458 [..............................] - ETA: 2:45 - loss: 1.2526 - acc: 0.5938
  96/3458 [..............................] - ETA: 2:42 - loss: 1.1530 - acc: 0.6146
 128/3458 [>.............................] - ETA: 2:41 - loss: 1.0918 - acc: 0.6641
 160/3458 [>.............................] - ETA: 2:39 - loss: 1.1045 - acc: 0.6562
 192/3458 [>.............................] - ETA: 2:38 - loss: 1.0806 - acc: 0.6354
 224/3458 [>.............................] - ETA: 2:36 - loss: 1.0686 - acc: 0.6250
 256/3458 [=>............................] - ETA: 2:35 - loss: 1.0607 - acc: 0.6250
 288/3458 [=>............................] - ETA: 2:34 - loss: 1.0441 - acc: 0.6285
 320/3458 [=>............................] - ETA: 2:33 - loss: 1.0712 - acc: 0.6250
 352/3458 [==>...........................] - ETA: 2:31 - loss: 1.0625 - acc: 0.6193
 384/3458 [==>...........................] - ETA: 2:29 - loss: 1.0909 - acc: 0.6094
 416/3458 [==>...........................] - ETA: 2:28 - loss: 1.0550 - acc: 0.6274
 448/3458 [==>...........................] - ETA: 2:26 - loss: 1.0423 - acc: 0.6339
 480/3458 [===>..........................] - ETA: 2:25 - loss: 1.0432 - acc: 0.6250
 512/3458 [===>..........................] - ETA: 2:23 - loss: 1.0330 - acc: 0.6270
 544/3458 [===>..........................] - ETA: 2:22 - loss: 1.0318 - acc: 0.6268
 576/3458 [===>..........................] - ETA: 2:20 - loss: 1.0230 - acc: 0.6302
 608/3458 [====>.........................] - ETA: 2:19 - loss: 1.0308 - acc: 0.6266
 640/3458 [====>.........................] - ETA: 2:17 - loss: 1.0348 - acc: 0.6203
 672/3458 [====>.........................] - ETA: 2:15 - loss: 1.0500 - acc: 0.6205
 704/3458 [=====>........................] - ETA: 2:14 - loss: 1.0503 - acc: 0.6165
 736/3458 [=====>........................] - ETA: 2:12 - loss: 1.0477 - acc: 0.6141
 768/3458 [=====>........................] - ETA: 2:11 - loss: 1.0433 - acc: 0.6146
 800/3458 [=====>........................] - ETA: 2:09 - loss: 1.0508 - acc: 0.6062
 832/3458 [======>.......................] - ETA: 2:08 - loss: 1.0573 - acc: 0.6058
 864/3458 [======>.......................] - ETA: 2:06 - loss: 1.0534 - acc: 0.6088
 896/3458 [======>.......................] - ETA: 2:05 - loss: 1.0469 - acc: 0.6105
 928/3458 [=======>......................] - ETA: 2:03 - loss: 1.0654 - acc: 0.6088
 960/3458 [=======>......................] - ETA: 2:02 - loss: 1.0707 - acc: 0.6052
 992/3458 [=======>......................] - ETA: 2:00 - loss: 1.0717 - acc: 0.6028
1024/3458 [=======>......................] - ETA: 1:58 - loss: 1.0768 - acc: 0.6006
1056/3458 [========>.....................] - ETA: 1:57 - loss: 1.0705 - acc: 0.6032
1088/3458 [========>.....................] - ETA: 1:55 - loss: 1.0690 - acc: 0.6002
1120/3458 [========>.....................] - ETA: 1:54 - loss: 1.0683 - acc: 0.6018
1152/3458 [========>.....................] - ETA: 1:52 - loss: 1.0669 - acc: 0.6016
1184/3458 [=========>....................] - ETA: 1:51 - loss: 1.0636 - acc: 0.6014
1216/3458 [=========>....................] - ETA: 1:49 - loss: 1.0550 - acc: 0.6053
1248/3458 [=========>....................] - ETA: 1:48 - loss: 1.0574 - acc: 0.6034
1280/3458 [==========>...................] - ETA: 1:46 - loss: 1.0554 - acc: 0.6039
1312/3458 [==========>...................] - ETA: 1:44 - loss: 1.0492 - acc: 0.6082
1344/3458 [==========>...................] - ETA: 1:43 - loss: 1.0514 - acc: 0.6064
1376/3458 [==========>...................] - ETA: 1:41 - loss: 1.0473 - acc: 0.6083
1408/3458 [===========>..................] - ETA: 1:40 - loss: 1.0514 - acc: 0.6065
1440/3458 [===========>..................] - ETA: 1:38 - loss: 1.0499 - acc: 0.6021
1472/3458 [===========>..................] - ETA: 1:37 - loss: 1.0491 - acc: 0.6026
1504/3458 [============>.................] - ETA: 1:35 - loss: 1.0478 - acc: 0.6031
1536/3458 [============>.................] - ETA: 1:34 - loss: 1.0470 - acc: 0.6055
1568/3458 [============>.................] - ETA: 1:32 - loss: 1.0427 - acc: 0.6084
1600/3458 [============>.................] - ETA: 1:30 - loss: 1.0381 - acc: 0.6131
1632/3458 [=============>................] - ETA: 1:29 - loss: 1.0368 - acc: 0.6146
1664/3458 [=============>................] - ETA: 1:27 - loss: 1.0343 - acc: 0.6160
1696/3458 [=============>................] - ETA: 1:26 - loss: 1.0331 - acc: 0.6167
1728/3458 [=============>................] - ETA: 1:24 - loss: 1.0277 - acc: 0.6192
1760/3458 [==============>...............] - ETA: 1:23 - loss: 1.0279 - acc: 0.6199
1792/3458 [==============>...............] - ETA: 1:21 - loss: 1.0284 - acc: 0.6194
1824/3458 [==============>...............] - ETA: 1:20 - loss: 1.0280 - acc: 0.6201
1856/3458 [===============>..............] - ETA: 1:18 - loss: 1.0240 - acc: 0.6223
1888/3458 [===============>..............] - ETA: 1:16 - loss: 1.0236 - acc: 0.6234
1920/3458 [===============>..............] - ETA: 1:15 - loss: 1.0264 - acc: 0.6229
1952/3458 [===============>..............] - ETA: 1:13 - loss: 1.0244 - acc: 0.6224
1984/3458 [================>.............] - ETA: 1:12 - loss: 1.0260 - acc: 0.6215
2016/3458 [================>.............] - ETA: 1:10 - loss: 1.0245 - acc: 0.6215
2048/3458 [================>.............] - ETA: 1:09 - loss: 1.0272 - acc: 0.6191
2080/3458 [=================>............] - ETA: 1:07 - loss: 1.0278 - acc: 0.6192
2112/3458 [=================>............] - ETA: 1:05 - loss: 1.0274 - acc: 0.6184
2144/3458 [=================>............] - ETA: 1:04 - loss: 1.0246 - acc: 0.6194
2176/3458 [=================>............] - ETA: 1:02 - loss: 1.0237 - acc: 0.6181
2208/3458 [==================>...........] - ETA: 1:01 - loss: 1.0243 - acc: 0.6191
2240/3458 [==================>...........] - ETA: 59s - loss: 1.0238 - acc: 0.6196 
2272/3458 [==================>...........] - ETA: 58s - loss: 1.0236 - acc: 0.6175
2304/3458 [==================>...........] - ETA: 56s - loss: 1.0232 - acc: 0.6176
2336/3458 [===================>..........] - ETA: 54s - loss: 1.0214 - acc: 0.6186
2368/3458 [===================>..........] - ETA: 53s - loss: 1.0224 - acc: 0.6174
2400/3458 [===================>..........] - ETA: 51s - loss: 1.0257 - acc: 0.6154
2432/3458 [====================>.........] - ETA: 50s - loss: 1.0231 - acc: 0.6176
2464/3458 [====================>.........] - ETA: 48s - loss: 1.0212 - acc: 0.6185
2496/3458 [====================>.........] - ETA: 47s - loss: 1.0219 - acc: 0.6178
2528/3458 [====================>.........] - ETA: 45s - loss: 1.0202 - acc: 0.6203
2560/3458 [=====================>........] - ETA: 43s - loss: 1.0157 - acc: 0.6234
2592/3458 [=====================>........] - ETA: 42s - loss: 1.0123 - acc: 0.6246
2624/3458 [=====================>........] - ETA: 40s - loss: 1.0079 - acc: 0.6269
2656/3458 [======================>.......] - ETA: 39s - loss: 1.0097 - acc: 0.6265
2688/3458 [======================>.......] - ETA: 37s - loss: 1.0082 - acc: 0.6265
2720/3458 [======================>.......] - ETA: 36s - loss: 1.0076 - acc: 0.6261
2752/3458 [======================>.......] - ETA: 34s - loss: 1.0063 - acc: 0.6257
2784/3458 [=======================>......] - ETA: 33s - loss: 1.0049 - acc: 0.6264
2816/3458 [=======================>......] - ETA: 31s - loss: 1.0042 - acc: 0.6278
2848/3458 [=======================>......] - ETA: 29s - loss: 1.0042 - acc: 0.6278
2880/3458 [=======================>......] - ETA: 28s - loss: 1.0041 - acc: 0.6274
2912/3458 [========================>.....] - ETA: 26s - loss: 1.0032 - acc: 0.6274
2944/3458 [========================>.....] - ETA: 25s - loss: 1.0052 - acc: 0.6277
2976/3458 [========================>.....] - ETA: 23s - loss: 1.0043 - acc: 0.6277
3008/3458 [=========================>....] - ETA: 22s - loss: 1.0029 - acc: 0.6280
3040/3458 [=========================>....] - ETA: 20s - loss: 1.0037 - acc: 0.6270
3072/3458 [=========================>....] - ETA: 18s - loss: 1.0047 - acc: 0.6260
3104/3458 [=========================>....] - ETA: 17s - loss: 1.0045 - acc: 0.6263
3136/3458 [==========================>...] - ETA: 15s - loss: 1.0011 - acc: 0.6282
3168/3458 [==========================>...] - ETA: 14s - loss: 1.0016 - acc: 0.6282
3200/3458 [==========================>...] - ETA: 12s - loss: 1.0014 - acc: 0.6284
3232/3458 [===========================>..] - ETA: 11s - loss: 0.9993 - acc: 0.6293
3264/3458 [===========================>..] - ETA: 9s - loss: 0.9988 - acc: 0.6296 
3296/3458 [===========================>..] - ETA: 7s - loss: 1.0004 - acc: 0.6296
3328/3458 [===========================>..] - ETA: 6s - loss: 0.9977 - acc: 0.6310
3360/3458 [============================>.] - ETA: 4s - loss: 1.0002 - acc: 0.6292
3392/3458 [============================>.] - ETA: 3s - loss: 0.9993 - acc: 0.6291
3424/3458 [============================>.] - ETA: 1s - loss: 0.9985 - acc: 0.6285
3456/3458 [============================>.] - ETA: 0s - loss: 0.9977 - acc: 0.6291
3458/3458 [==============================] - 170s 49ms/sample - loss: 0.9978 - acc: 0.6290

 32/865 [>.............................] - ETA: 7s - loss: 1.0699 - acc: 0.7500
 64/865 [=>............................] - ETA: 7s - loss: 1.0480 - acc: 0.7031
 96/865 [==>...........................] - ETA: 6s - loss: 1.0508 - acc: 0.6771
128/865 [===>..........................] - ETA: 6s - loss: 1.0312 - acc: 0.6484
160/865 [====>.........................] - ETA: 6s - loss: 0.9956 - acc: 0.6562
192/865 [=====>........................] - ETA: 5s - loss: 1.0099 - acc: 0.6354
224/865 [======>.......................] - ETA: 5s - loss: 0.9831 - acc: 0.6473
256/865 [=======>......................] - ETA: 5s - loss: 1.0102 - acc: 0.6445
288/865 [========>.....................] - ETA: 5s - loss: 1.0328 - acc: 0.6354
320/865 [==========>...................] - ETA: 4s - loss: 1.0201 - acc: 0.6219
352/865 [===========>..................] - ETA: 4s - loss: 1.0255 - acc: 0.6335
384/865 [============>.................] - ETA: 4s - loss: 1.0459 - acc: 0.6276
416/865 [=============>................] - ETA: 4s - loss: 1.0420 - acc: 0.6274
448/865 [==============>...............] - ETA: 3s - loss: 1.0428 - acc: 0.6295
480/865 [===============>..............] - ETA: 3s - loss: 1.0328 - acc: 0.6292
512/865 [================>.............] - ETA: 3s - loss: 1.0406 - acc: 0.6270
544/865 [=================>............] - ETA: 2s - loss: 1.0722 - acc: 0.6176
576/865 [==================>...........] - ETA: 2s - loss: 1.0718 - acc: 0.6128
608/865 [====================>.........] - ETA: 2s - loss: 1.0644 - acc: 0.6135
640/865 [=====================>........] - ETA: 2s - loss: 1.0621 - acc: 0.6125
672/865 [======================>.......] - ETA: 1s - loss: 1.0575 - acc: 0.6161
704/865 [=======================>......] - ETA: 1s - loss: 1.0580 - acc: 0.6222
736/865 [========================>.....] - ETA: 1s - loss: 1.0777 - acc: 0.6155
768/865 [=========================>....] - ETA: 0s - loss: 1.0927 - acc: 0.6133
800/865 [==========================>...] - ETA: 0s - loss: 1.0979 - acc: 0.6112
832/865 [===========================>..] - ETA: 0s - loss: 1.1007 - acc: 0.6034
864/865 [============================>.] - ETA: 0s - loss: 1.1010 - acc: 0.6030
865/865 [==============================] - 8s 9ms/sample - loss: 1.1014 - acc: 0.6023

  32/3458 [..............................] - ETA: 2:43 - loss: 0.6572 - acc: 0.8125
  64/3458 [..............................] - ETA: 2:42 - loss: 0.7518 - acc: 0.7500
  96/3458 [..............................] - ETA: 2:42 - loss: 0.8572 - acc: 0.7292
 128/3458 [>.............................] - ETA: 2:41 - loss: 0.9352 - acc: 0.6953
 160/3458 [>.............................] - ETA: 2:39 - loss: 0.8915 - acc: 0.7188
 192/3458 [>.............................] - ETA: 2:39 - loss: 0.8591 - acc: 0.7240
 224/3458 [>.............................] - ETA: 2:37 - loss: 0.8283 - acc: 0.7277
 256/3458 [=>............................] - ETA: 2:35 - loss: 0.8217 - acc: 0.7227
 288/3458 [=>............................] - ETA: 2:34 - loss: 0.7900 - acc: 0.7361
 320/3458 [=>............................] - ETA: 2:32 - loss: 0.7755 - acc: 0.7437
 352/3458 [==>...........................] - ETA: 2:31 - loss: 0.7576 - acc: 0.7500
 384/3458 [==>...........................] - ETA: 2:29 - loss: 0.7459 - acc: 0.7526
 416/3458 [==>...........................] - ETA: 2:28 - loss: 0.7437 - acc: 0.7476
 448/3458 [==>...........................] - ETA: 2:27 - loss: 0.7317 - acc: 0.7589
 480/3458 [===>..........................] - ETA: 2:25 - loss: 0.7488 - acc: 0.7500
 512/3458 [===>..........................] - ETA: 2:23 - loss: 0.7374 - acc: 0.7520
 544/3458 [===>..........................] - ETA: 2:22 - loss: 0.7369 - acc: 0.7500
 576/3458 [===>..........................] - ETA: 2:20 - loss: 0.7355 - acc: 0.7465
 608/3458 [====>.........................] - ETA: 2:19 - loss: 0.7375 - acc: 0.7434
 640/3458 [====>.........................] - ETA: 2:17 - loss: 0.7426 - acc: 0.7375
 672/3458 [====>.........................] - ETA: 2:16 - loss: 0.7561 - acc: 0.7336
 704/3458 [=====>........................] - ETA: 2:14 - loss: 0.7602 - acc: 0.7287
 736/3458 [=====>........................] - ETA: 2:13 - loss: 0.7534 - acc: 0.7323
 768/3458 [=====>........................] - ETA: 2:11 - loss: 0.7461 - acc: 0.7357
 800/3458 [=====>........................] - ETA: 2:09 - loss: 0.7469 - acc: 0.7350
 832/3458 [======>.......................] - ETA: 2:08 - loss: 0.7464 - acc: 0.7344
 864/3458 [======>.......................] - ETA: 2:06 - loss: 0.7402 - acc: 0.7361
 896/3458 [======>.......................] - ETA: 2:05 - loss: 0.7460 - acc: 0.7344
 928/3458 [=======>......................] - ETA: 2:03 - loss: 0.7463 - acc: 0.7328
 960/3458 [=======>......................] - ETA: 2:02 - loss: 0.7413 - acc: 0.7333
 992/3458 [=======>......................] - ETA: 2:00 - loss: 0.7339 - acc: 0.7349
1024/3458 [=======>......................] - ETA: 1:59 - loss: 0.7425 - acc: 0.7324
1056/3458 [========>.....................] - ETA: 1:57 - loss: 0.7390 - acc: 0.7348
1088/3458 [========>.....................] - ETA: 1:56 - loss: 0.7405 - acc: 0.7344
1120/3458 [========>.....................] - ETA: 1:54 - loss: 0.7389 - acc: 0.7357
1152/3458 [========>.....................] - ETA: 1:52 - loss: 0.7314 - acc: 0.7396
1184/3458 [=========>....................] - ETA: 1:51 - loss: 0.7400 - acc: 0.7356
1216/3458 [=========>....................] - ETA: 1:49 - loss: 0.7394 - acc: 0.7368
1248/3458 [=========>....................] - ETA: 1:48 - loss: 0.7423 - acc: 0.7372
1280/3458 [==========>...................] - ETA: 1:46 - loss: 0.7412 - acc: 0.7375
1312/3458 [==========>...................] - ETA: 1:45 - loss: 0.7435 - acc: 0.7370
1344/3458 [==========>...................] - ETA: 1:43 - loss: 0.7416 - acc: 0.7388
1376/3458 [==========>...................] - ETA: 1:42 - loss: 0.7400 - acc: 0.7376
1408/3458 [===========>..................] - ETA: 1:40 - loss: 0.7401 - acc: 0.7379
1440/3458 [===========>..................] - ETA: 1:38 - loss: 0.7434 - acc: 0.7361
1472/3458 [===========>..................] - ETA: 1:37 - loss: 0.7396 - acc: 0.7385
1504/3458 [============>.................] - ETA: 1:35 - loss: 0.7448 - acc: 0.7380
1536/3458 [============>.................] - ETA: 1:34 - loss: 0.7459 - acc: 0.7376
1568/3458 [============>.................] - ETA: 1:32 - loss: 0.7462 - acc: 0.7353
1600/3458 [============>.................] - ETA: 1:31 - loss: 0.7432 - acc: 0.7394
1632/3458 [=============>................] - ETA: 1:29 - loss: 0.7388 - acc: 0.7402
1664/3458 [=============>................] - ETA: 1:27 - loss: 0.7372 - acc: 0.7416
1696/3458 [=============>................] - ETA: 1:26 - loss: 0.7409 - acc: 0.7412
1728/3458 [=============>................] - ETA: 1:24 - loss: 0.7416 - acc: 0.7402
1760/3458 [==============>...............] - ETA: 1:23 - loss: 0.7380 - acc: 0.7420
1792/3458 [==============>...............] - ETA: 1:21 - loss: 0.7370 - acc: 0.7427
1824/3458 [==============>...............] - ETA: 1:20 - loss: 0.7378 - acc: 0.7423
1856/3458 [===============>..............] - ETA: 1:18 - loss: 0.7372 - acc: 0.7419
1888/3458 [===============>..............] - ETA: 1:17 - loss: 0.7374 - acc: 0.7415
1920/3458 [===============>..............] - ETA: 1:15 - loss: 0.7354 - acc: 0.7411
1952/3458 [===============>..............] - ETA: 1:13 - loss: 0.7350 - acc: 0.7418
1984/3458 [================>.............] - ETA: 1:12 - loss: 0.7327 - acc: 0.7419
2016/3458 [================>.............] - ETA: 1:10 - loss: 0.7400 - acc: 0.7406
2048/3458 [================>.............] - ETA: 1:09 - loss: 0.7372 - acc: 0.7422
2080/3458 [=================>............] - ETA: 1:07 - loss: 0.7367 - acc: 0.7423
2112/3458 [=================>............] - ETA: 1:06 - loss: 0.7386 - acc: 0.7410
2144/3458 [=================>............] - ETA: 1:04 - loss: 0.7398 - acc: 0.7397
2176/3458 [=================>............] - ETA: 1:02 - loss: 0.7393 - acc: 0.7385
2208/3458 [==================>...........] - ETA: 1:01 - loss: 0.7390 - acc: 0.7382
2240/3458 [==================>...........] - ETA: 59s - loss: 0.7415 - acc: 0.7357 
2272/3458 [==================>...........] - ETA: 58s - loss: 0.7433 - acc: 0.7346
2304/3458 [==================>...........] - ETA: 56s - loss: 0.7412 - acc: 0.7352
2336/3458 [===================>..........] - ETA: 55s - loss: 0.7436 - acc: 0.7342
2368/3458 [===================>..........] - ETA: 53s - loss: 0.7433 - acc: 0.7348
2400/3458 [===================>..........] - ETA: 51s - loss: 0.7419 - acc: 0.7346
2432/3458 [====================>.........] - ETA: 50s - loss: 0.7407 - acc: 0.7344
2464/3458 [====================>.........] - ETA: 48s - loss: 0.7415 - acc: 0.7342
2496/3458 [====================>.........] - ETA: 47s - loss: 0.7434 - acc: 0.7336
2528/3458 [====================>.........] - ETA: 45s - loss: 0.7409 - acc: 0.7342
2560/3458 [=====================>........] - ETA: 44s - loss: 0.7402 - acc: 0.7348
2592/3458 [=====================>........] - ETA: 42s - loss: 0.7411 - acc: 0.7334
2624/3458 [=====================>........] - ETA: 40s - loss: 0.7389 - acc: 0.7344
2656/3458 [======================>.......] - ETA: 39s - loss: 0.7360 - acc: 0.7357
2688/3458 [======================>.......] - ETA: 37s - loss: 0.7372 - acc: 0.7351
2720/3458 [======================>.......] - ETA: 36s - loss: 0.7370 - acc: 0.7357
2752/3458 [======================>.......] - ETA: 34s - loss: 0.7398 - acc: 0.7351
2784/3458 [=======================>......] - ETA: 33s - loss: 0.7429 - acc: 0.7342
2816/3458 [=======================>......] - ETA: 31s - loss: 0.7433 - acc: 0.7337
2848/3458 [=======================>......] - ETA: 29s - loss: 0.7424 - acc: 0.7342
2880/3458 [=======================>......] - ETA: 28s - loss: 0.7434 - acc: 0.7340
2912/3458 [========================>.....] - ETA: 26s - loss: 0.7430 - acc: 0.7345
2944/3458 [========================>.....] - ETA: 25s - loss: 0.7414 - acc: 0.7354
2976/3458 [========================>.....] - ETA: 23s - loss: 0.7398 - acc: 0.7359
3008/3458 [=========================>....] - ETA: 22s - loss: 0.7403 - acc: 0.7354
3040/3458 [=========================>....] - ETA: 20s - loss: 0.7391 - acc: 0.7355
3072/3458 [=========================>....] - ETA: 18s - loss: 0.7380 - acc: 0.7360
3104/3458 [=========================>....] - ETA: 17s - loss: 0.7364 - acc: 0.7368
3136/3458 [==========================>...] - ETA: 15s - loss: 0.7360 - acc: 0.7369
3168/3458 [==========================>...] - ETA: 14s - loss: 0.7345 - acc: 0.7380
3200/3458 [==========================>...] - ETA: 12s - loss: 0.7350 - acc: 0.7362
3232/3458 [===========================>..] - ETA: 11s - loss: 0.7341 - acc: 0.7370
3264/3458 [===========================>..] - ETA: 9s - loss: 0.7334 - acc: 0.7374 
3296/3458 [===========================>..] - ETA: 7s - loss: 0.7323 - acc: 0.7373
3328/3458 [===========================>..] - ETA: 6s - loss: 0.7309 - acc: 0.7374
3360/3458 [============================>.] - ETA: 4s - loss: 0.7294 - acc: 0.7381
3392/3458 [============================>.] - ETA: 3s - loss: 0.7277 - acc: 0.7391
3424/3458 [============================>.] - ETA: 1s - loss: 0.7298 - acc: 0.7386
3456/3458 [============================>.] - ETA: 0s - loss: 0.7292 - acc: 0.7384
3458/3458 [==============================] - 170s 49ms/sample - loss: 0.7290 - acc: 0.7386

 32/865 [>.............................] - ETA: 7s - loss: 1.1427 - acc: 0.5625
 64/865 [=>............................] - ETA: 7s - loss: 1.1996 - acc: 0.5469
 96/865 [==>...........................] - ETA: 6s - loss: 1.2742 - acc: 0.5417
128/865 [===>..........................] - ETA: 6s - loss: 1.2065 - acc: 0.5625
160/865 [====>.........................] - ETA: 6s - loss: 1.1310 - acc: 0.5750
192/865 [=====>........................] - ETA: 6s - loss: 1.1542 - acc: 0.5677
224/865 [======>.......................] - ETA: 5s - loss: 1.1187 - acc: 0.5893
256/865 [=======>......................] - ETA: 5s - loss: 1.1357 - acc: 0.5938
288/865 [========>.....................] - ETA: 5s - loss: 1.1811 - acc: 0.5903
320/865 [==========>...................] - ETA: 4s - loss: 1.1687 - acc: 0.5906
352/865 [===========>..................] - ETA: 4s - loss: 1.1653 - acc: 0.6023
384/865 [============>.................] - ETA: 4s - loss: 1.1887 - acc: 0.6016
416/865 [=============>................] - ETA: 3s - loss: 1.1779 - acc: 0.6058
448/865 [==============>...............] - ETA: 3s - loss: 1.1768 - acc: 0.6027
480/865 [===============>..............] - ETA: 3s - loss: 1.1528 - acc: 0.6042
512/865 [================>.............] - ETA: 3s - loss: 1.1623 - acc: 0.6016
544/865 [=================>............] - ETA: 2s - loss: 1.1991 - acc: 0.5919
576/865 [==================>...........] - ETA: 2s - loss: 1.1921 - acc: 0.5885
608/865 [====================>.........] - ETA: 2s - loss: 1.1755 - acc: 0.5855
640/865 [=====================>........] - ETA: 2s - loss: 1.1740 - acc: 0.5891
672/865 [======================>.......] - ETA: 1s - loss: 1.1716 - acc: 0.5908
704/865 [=======================>......] - ETA: 1s - loss: 1.1642 - acc: 0.5966
736/865 [========================>.....] - ETA: 1s - loss: 1.1856 - acc: 0.5924
768/865 [=========================>....] - ETA: 0s - loss: 1.2173 - acc: 0.5911
800/865 [==========================>...] - ETA: 0s - loss: 1.2253 - acc: 0.5875
832/865 [===========================>..] - ETA: 0s - loss: 1.2361 - acc: 0.5793
864/865 [============================>.] - ETA: 0s - loss: 1.2359 - acc: 0.5822
865/865 [==============================] - 8s 9ms/sample - loss: 1.2355 - acc: 0.5815

  32/3458 [..............................] - ETA: 2:41 - loss: 0.3178 - acc: 0.9688
  64/3458 [..............................] - ETA: 2:42 - loss: 0.4593 - acc: 0.9062
  96/3458 [..............................] - ETA: 2:43 - loss: 0.6316 - acc: 0.8125
 128/3458 [>.............................] - ETA: 2:42 - loss: 0.5964 - acc: 0.8047
 160/3458 [>.............................] - ETA: 2:41 - loss: 0.6090 - acc: 0.7937
 192/3458 [>.............................] - ETA: 2:39 - loss: 0.6190 - acc: 0.7760
 224/3458 [>.............................] - ETA: 2:38 - loss: 0.6031 - acc: 0.7857
 256/3458 [=>............................] - ETA: 2:36 - loss: 0.5621 - acc: 0.8086
 288/3458 [=>............................] - ETA: 2:34 - loss: 0.5473 - acc: 0.8021
 320/3458 [=>............................] - ETA: 2:33 - loss: 0.5267 - acc: 0.8156
 352/3458 [==>...........................] - ETA: 2:31 - loss: 0.5488 - acc: 0.8040
 384/3458 [==>...........................] - ETA: 2:30 - loss: 0.5359 - acc: 0.8125
 416/3458 [==>...........................] - ETA: 2:28 - loss: 0.5310 - acc: 0.8173
 448/3458 [==>...........................] - ETA: 2:27 - loss: 0.5235 - acc: 0.8237
 480/3458 [===>..........................] - ETA: 2:25 - loss: 0.5055 - acc: 0.8292
 512/3458 [===>..........................] - ETA: 2:23 - loss: 0.5091 - acc: 0.8281
 544/3458 [===>..........................] - ETA: 2:22 - loss: 0.5028 - acc: 0.8309
 576/3458 [===>..........................] - ETA: 2:20 - loss: 0.5087 - acc: 0.8299
 608/3458 [====>.........................] - ETA: 2:19 - loss: 0.5253 - acc: 0.8240
 640/3458 [====>.........................] - ETA: 2:17 - loss: 0.5324 - acc: 0.8219
 672/3458 [====>.........................] - ETA: 2:16 - loss: 0.5365 - acc: 0.8155
 704/3458 [=====>........................] - ETA: 2:14 - loss: 0.5368 - acc: 0.8153
 736/3458 [=====>........................] - ETA: 2:12 - loss: 0.5418 - acc: 0.8166
 768/3458 [=====>........................] - ETA: 2:11 - loss: 0.5442 - acc: 0.8151
 800/3458 [=====>........................] - ETA: 2:09 - loss: 0.5478 - acc: 0.8188
 832/3458 [======>.......................] - ETA: 2:08 - loss: 0.5461 - acc: 0.8173
 864/3458 [======>.......................] - ETA: 2:06 - loss: 0.5519 - acc: 0.8137
 896/3458 [======>.......................] - ETA: 2:05 - loss: 0.5519 - acc: 0.8147
 928/3458 [=======>......................] - ETA: 2:03 - loss: 0.5495 - acc: 0.8157
 960/3458 [=======>......................] - ETA: 2:02 - loss: 0.5578 - acc: 0.8104
 992/3458 [=======>......................] - ETA: 2:00 - loss: 0.5536 - acc: 0.8135
1024/3458 [=======>......................] - ETA: 1:59 - loss: 0.5488 - acc: 0.8145
1056/3458 [========>.....................] - ETA: 1:57 - loss: 0.5461 - acc: 0.8153
1088/3458 [========>.....................] - ETA: 1:55 - loss: 0.5415 - acc: 0.8171
1120/3458 [========>.....................] - ETA: 1:54 - loss: 0.5359 - acc: 0.8196
1152/3458 [========>.....................] - ETA: 1:52 - loss: 0.5314 - acc: 0.8212
1184/3458 [=========>....................] - ETA: 1:51 - loss: 0.5301 - acc: 0.8226
1216/3458 [=========>....................] - ETA: 1:49 - loss: 0.5264 - acc: 0.8224
1248/3458 [=========>....................] - ETA: 1:48 - loss: 0.5299 - acc: 0.8197
1280/3458 [==========>...................] - ETA: 1:46 - loss: 0.5285 - acc: 0.8203
1312/3458 [==========>...................] - ETA: 1:45 - loss: 0.5241 - acc: 0.8216
1344/3458 [==========>...................] - ETA: 1:43 - loss: 0.5231 - acc: 0.8199
1376/3458 [==========>...................] - ETA: 1:41 - loss: 0.5236 - acc: 0.8212
1408/3458 [===========>..................] - ETA: 1:40 - loss: 0.5230 - acc: 0.8217
1440/3458 [===========>..................] - ETA: 1:38 - loss: 0.5219 - acc: 0.8215
1472/3458 [===========>..................] - ETA: 1:37 - loss: 0.5206 - acc: 0.8220
1504/3458 [============>.................] - ETA: 1:35 - loss: 0.5193 - acc: 0.8211
1536/3458 [============>.................] - ETA: 1:34 - loss: 0.5151 - acc: 0.8236
1568/3458 [============>.................] - ETA: 1:32 - loss: 0.5152 - acc: 0.8227
1600/3458 [============>.................] - ETA: 1:30 - loss: 0.5110 - acc: 0.8244
1632/3458 [=============>................] - ETA: 1:29 - loss: 0.5098 - acc: 0.8266
1664/3458 [=============>................] - ETA: 1:27 - loss: 0.5107 - acc: 0.8245
1696/3458 [=============>................] - ETA: 1:26 - loss: 0.5072 - acc: 0.8267
1728/3458 [=============>................] - ETA: 1:24 - loss: 0.5079 - acc: 0.8270
1760/3458 [==============>...............] - ETA: 1:23 - loss: 0.5060 - acc: 0.8273
1792/3458 [==============>...............] - ETA: 1:21 - loss: 0.5059 - acc: 0.8270
1824/3458 [==============>...............] - ETA: 1:19 - loss: 0.5046 - acc: 0.8273
1856/3458 [===============>..............] - ETA: 1:18 - loss: 0.5057 - acc: 0.8249
1888/3458 [===============>..............] - ETA: 1:16 - loss: 0.5059 - acc: 0.8247
1920/3458 [===============>..............] - ETA: 1:15 - loss: 0.5025 - acc: 0.8260
1952/3458 [===============>..............] - ETA: 1:13 - loss: 0.5034 - acc: 0.8258
1984/3458 [================>.............] - ETA: 1:12 - loss: 0.5012 - acc: 0.8261
2016/3458 [================>.............] - ETA: 1:10 - loss: 0.5052 - acc: 0.8264
2048/3458 [================>.............] - ETA: 1:09 - loss: 0.5065 - acc: 0.8262
2080/3458 [=================>............] - ETA: 1:07 - loss: 0.5040 - acc: 0.8274
2112/3458 [=================>............] - ETA: 1:05 - loss: 0.4998 - acc: 0.8295
2144/3458 [=================>............] - ETA: 1:04 - loss: 0.5019 - acc: 0.8284
2176/3458 [=================>............] - ETA: 1:02 - loss: 0.5026 - acc: 0.8290
2208/3458 [==================>...........] - ETA: 1:01 - loss: 0.5014 - acc: 0.8297
2240/3458 [==================>...........] - ETA: 59s - loss: 0.4986 - acc: 0.8295 
2272/3458 [==================>...........] - ETA: 58s - loss: 0.5001 - acc: 0.8279
2304/3458 [==================>...........] - ETA: 56s - loss: 0.5009 - acc: 0.8273
2336/3458 [===================>..........] - ETA: 54s - loss: 0.4979 - acc: 0.8283
2368/3458 [===================>..........] - ETA: 53s - loss: 0.4965 - acc: 0.8281
2400/3458 [===================>..........] - ETA: 51s - loss: 0.4959 - acc: 0.8292
2432/3458 [====================>.........] - ETA: 50s - loss: 0.4970 - acc: 0.8294
2464/3458 [====================>.........] - ETA: 48s - loss: 0.4933 - acc: 0.8304
2496/3458 [====================>.........] - ETA: 47s - loss: 0.4906 - acc: 0.8313
2528/3458 [====================>.........] - ETA: 45s - loss: 0.4894 - acc: 0.8323
2560/3458 [=====================>........] - ETA: 43s - loss: 0.4871 - acc: 0.8328
2592/3458 [=====================>........] - ETA: 42s - loss: 0.4857 - acc: 0.8329
2624/3458 [=====================>........] - ETA: 40s - loss: 0.4874 - acc: 0.8323
2656/3458 [======================>.......] - ETA: 39s - loss: 0.4892 - acc: 0.8317
2688/3458 [======================>.......] - ETA: 37s - loss: 0.4893 - acc: 0.8318
2720/3458 [======================>.......] - ETA: 36s - loss: 0.4898 - acc: 0.8324
2752/3458 [======================>.......] - ETA: 34s - loss: 0.4888 - acc: 0.8328
2784/3458 [=======================>......] - ETA: 32s - loss: 0.4854 - acc: 0.8344
2816/3458 [=======================>......] - ETA: 31s - loss: 0.4837 - acc: 0.8352
2848/3458 [=======================>......] - ETA: 29s - loss: 0.4826 - acc: 0.8357
2880/3458 [=======================>......] - ETA: 28s - loss: 0.4837 - acc: 0.8358
2912/3458 [========================>.....] - ETA: 26s - loss: 0.4824 - acc: 0.8362
2944/3458 [========================>.....] - ETA: 25s - loss: 0.4834 - acc: 0.8359
2976/3458 [========================>.....] - ETA: 23s - loss: 0.4834 - acc: 0.8360
3008/3458 [=========================>....] - ETA: 22s - loss: 0.4833 - acc: 0.8354
3040/3458 [=========================>....] - ETA: 20s - loss: 0.4858 - acc: 0.8352
3072/3458 [=========================>....] - ETA: 18s - loss: 0.4852 - acc: 0.8350
3104/3458 [=========================>....] - ETA: 17s - loss: 0.4851 - acc: 0.8347
3136/3458 [==========================>...] - ETA: 15s - loss: 0.4834 - acc: 0.8345
3168/3458 [==========================>...] - ETA: 14s - loss: 0.4822 - acc: 0.8349
3200/3458 [==========================>...] - ETA: 12s - loss: 0.4828 - acc: 0.8350
3232/3458 [===========================>..] - ETA: 11s - loss: 0.4813 - acc: 0.8357
3264/3458 [===========================>..] - ETA: 9s - loss: 0.4855 - acc: 0.8339 
3296/3458 [===========================>..] - ETA: 7s - loss: 0.4852 - acc: 0.8337
3328/3458 [===========================>..] - ETA: 6s - loss: 0.4839 - acc: 0.8338
3360/3458 [============================>.] - ETA: 4s - loss: 0.4844 - acc: 0.8336
3392/3458 [============================>.] - ETA: 3s - loss: 0.4844 - acc: 0.8337
3424/3458 [============================>.] - ETA: 1s - loss: 0.4839 - acc: 0.8338
3456/3458 [============================>.] - ETA: 0s - loss: 0.4833 - acc: 0.8336
3458/3458 [==============================] - 170s 49ms/sample - loss: 0.4831 - acc: 0.8337

 32/865 [>.............................] - ETA: 8s - loss: 1.1119 - acc: 0.6875
 64/865 [=>............................] - ETA: 7s - loss: 1.2521 - acc: 0.6250
 96/865 [==>...........................] - ETA: 7s - loss: 1.2823 - acc: 0.5938
128/865 [===>..........................] - ETA: 6s - loss: 1.2342 - acc: 0.5938
160/865 [====>.........................] - ETA: 6s - loss: 1.2147 - acc: 0.5688
192/865 [=====>........................] - ETA: 6s - loss: 1.2544 - acc: 0.5677
224/865 [======>.......................] - ETA: 5s - loss: 1.2113 - acc: 0.5893
256/865 [=======>......................] - ETA: 5s - loss: 1.2359 - acc: 0.5898
288/865 [========>.....................] - ETA: 5s - loss: 1.3162 - acc: 0.5799
320/865 [==========>...................] - ETA: 4s - loss: 1.3170 - acc: 0.5781
352/865 [===========>..................] - ETA: 4s - loss: 1.3164 - acc: 0.5852
384/865 [============>.................] - ETA: 4s - loss: 1.3323 - acc: 0.5885
416/865 [=============>................] - ETA: 4s - loss: 1.3163 - acc: 0.5913
448/865 [==============>...............] - ETA: 3s - loss: 1.3173 - acc: 0.5893
480/865 [===============>..............] - ETA: 3s - loss: 1.2924 - acc: 0.5917
512/865 [================>.............] - ETA: 3s - loss: 1.3076 - acc: 0.5879
544/865 [=================>............] - ETA: 2s - loss: 1.3704 - acc: 0.5735
576/865 [==================>...........] - ETA: 2s - loss: 1.3676 - acc: 0.5712
608/865 [====================>.........] - ETA: 2s - loss: 1.3476 - acc: 0.5691
640/865 [=====================>........] - ETA: 2s - loss: 1.3529 - acc: 0.5688
672/865 [======================>.......] - ETA: 1s - loss: 1.3557 - acc: 0.5714
704/865 [=======================>......] - ETA: 1s - loss: 1.3417 - acc: 0.5767
736/865 [========================>.....] - ETA: 1s - loss: 1.3647 - acc: 0.5734
768/865 [=========================>....] - ETA: 0s - loss: 1.3807 - acc: 0.5703
800/865 [==========================>...] - ETA: 0s - loss: 1.3856 - acc: 0.5675
832/865 [===========================>..] - ETA: 0s - loss: 1.3930 - acc: 0.5649
864/865 [============================>.] - ETA: 0s - loss: 1.3843 - acc: 0.5683
865/865 [==============================] - 8s 9ms/sample - loss: 1.3839 - acc: 0.5676
