For Dropout_1=0.8 Dropout_2=0.4
daisy loaded
dandelion loaded
rose loaded
sunflower loaded
tulip loaded

  32/3458 [..............................] - ETA: 3:10 - loss: 1.6213 - acc: 0.2812
  64/3458 [..............................] - ETA: 2:59 - loss: 4.9270 - acc: 0.2969
  96/3458 [..............................] - ETA: 2:53 - loss: 7.1284 - acc: 0.3125
 128/3458 [>.............................] - ETA: 2:49 - loss: 7.2543 - acc: 0.2734
 160/3458 [>.............................] - ETA: 2:47 - loss: 6.2182 - acc: 0.2812
 192/3458 [>.............................] - ETA: 2:44 - loss: 5.4567 - acc: 0.2604
 224/3458 [>.............................] - ETA: 2:42 - loss: 4.9043 - acc: 0.2634
 256/3458 [=>............................] - ETA: 2:39 - loss: 4.4905 - acc: 0.2461
 288/3458 [=>............................] - ETA: 2:38 - loss: 4.1648 - acc: 0.2465
 320/3458 [=>............................] - ETA: 2:36 - loss: 3.9060 - acc: 0.2375
 352/3458 [==>...........................] - ETA: 2:35 - loss: 3.6900 - acc: 0.2386
 384/3458 [==>...........................] - ETA: 2:33 - loss: 3.4989 - acc: 0.2448
 416/3458 [==>...........................] - ETA: 2:31 - loss: 3.3544 - acc: 0.2452
 448/3458 [==>...........................] - ETA: 2:29 - loss: 3.2246 - acc: 0.2388
 480/3458 [===>..........................] - ETA: 2:28 - loss: 3.1081 - acc: 0.2396
 512/3458 [===>..........................] - ETA: 2:26 - loss: 3.0102 - acc: 0.2461
 544/3458 [===>..........................] - ETA: 2:24 - loss: 2.9202 - acc: 0.2500
 576/3458 [===>..........................] - ETA: 2:23 - loss: 2.8424 - acc: 0.2587
 608/3458 [====>.........................] - ETA: 2:21 - loss: 2.7817 - acc: 0.2632
 640/3458 [====>.........................] - ETA: 2:19 - loss: 2.7201 - acc: 0.2703
 672/3458 [====>.........................] - ETA: 2:18 - loss: 2.6619 - acc: 0.2738
 704/3458 [=====>........................] - ETA: 2:16 - loss: 2.6073 - acc: 0.2827
 736/3458 [=====>........................] - ETA: 2:15 - loss: 2.5594 - acc: 0.2799
 768/3458 [=====>........................] - ETA: 2:13 - loss: 2.5150 - acc: 0.2852
 800/3458 [=====>........................] - ETA: 2:11 - loss: 2.4716 - acc: 0.2900
 832/3458 [======>.......................] - ETA: 2:10 - loss: 2.4318 - acc: 0.2933
 864/3458 [======>.......................] - ETA: 2:08 - loss: 2.4005 - acc: 0.2894
 896/3458 [======>.......................] - ETA: 2:06 - loss: 2.3644 - acc: 0.2913
 928/3458 [=======>......................] - ETA: 2:05 - loss: 2.3333 - acc: 0.2909
 960/3458 [=======>......................] - ETA: 2:03 - loss: 2.3054 - acc: 0.2937
 992/3458 [=======>......................] - ETA: 2:02 - loss: 2.2782 - acc: 0.3004
1024/3458 [=======>......................] - ETA: 2:00 - loss: 2.2564 - acc: 0.2998
1056/3458 [========>.....................] - ETA: 1:58 - loss: 2.2325 - acc: 0.2992
1088/3458 [========>.....................] - ETA: 1:57 - loss: 2.2112 - acc: 0.3006
1120/3458 [========>.....................] - ETA: 1:55 - loss: 2.1936 - acc: 0.3009
1152/3458 [========>.....................] - ETA: 1:53 - loss: 2.1737 - acc: 0.3021
1184/3458 [=========>....................] - ETA: 1:52 - loss: 2.1530 - acc: 0.3024
1216/3458 [=========>....................] - ETA: 1:50 - loss: 2.1340 - acc: 0.3051
1248/3458 [=========>....................] - ETA: 1:49 - loss: 2.1153 - acc: 0.3069
1280/3458 [==========>...................] - ETA: 1:47 - loss: 2.0985 - acc: 0.3055
1312/3458 [==========>...................] - ETA: 1:46 - loss: 2.0789 - acc: 0.3049
1344/3458 [==========>...................] - ETA: 1:44 - loss: 2.0585 - acc: 0.3073
1376/3458 [==========>...................] - ETA: 1:42 - loss: 2.0454 - acc: 0.3067
1408/3458 [===========>..................] - ETA: 1:41 - loss: 2.0314 - acc: 0.3125
1440/3458 [===========>..................] - ETA: 1:39 - loss: 2.0179 - acc: 0.3160
1472/3458 [===========>..................] - ETA: 1:38 - loss: 2.0183 - acc: 0.3173
1504/3458 [============>.................] - ETA: 1:36 - loss: 2.0067 - acc: 0.3178
1536/3458 [============>.................] - ETA: 1:34 - loss: 1.9956 - acc: 0.3210
1568/3458 [============>.................] - ETA: 1:33 - loss: 1.9840 - acc: 0.3208
1600/3458 [============>.................] - ETA: 1:31 - loss: 1.9729 - acc: 0.3219
1632/3458 [=============>................] - ETA: 1:30 - loss: 1.9636 - acc: 0.3205
1664/3458 [=============>................] - ETA: 1:28 - loss: 1.9549 - acc: 0.3209
1696/3458 [=============>................] - ETA: 1:26 - loss: 1.9470 - acc: 0.3202
1728/3458 [=============>................] - ETA: 1:25 - loss: 1.9378 - acc: 0.3218
1760/3458 [==============>...............] - ETA: 1:23 - loss: 1.9303 - acc: 0.3244
1792/3458 [==============>...............] - ETA: 1:22 - loss: 1.9212 - acc: 0.3248
1824/3458 [==============>...............] - ETA: 1:20 - loss: 1.9105 - acc: 0.3262
1856/3458 [===============>..............] - ETA: 1:19 - loss: 1.9019 - acc: 0.3265
1888/3458 [===============>..............] - ETA: 1:17 - loss: 1.8919 - acc: 0.3284
1920/3458 [===============>..............] - ETA: 1:15 - loss: 1.8847 - acc: 0.3271
1952/3458 [===============>..............] - ETA: 1:14 - loss: 1.8759 - acc: 0.3289
1984/3458 [================>.............] - ETA: 1:12 - loss: 1.8704 - acc: 0.3311
2016/3458 [================>.............] - ETA: 1:11 - loss: 1.8620 - acc: 0.3318
2048/3458 [================>.............] - ETA: 1:09 - loss: 1.8558 - acc: 0.3335
2080/3458 [=================>............] - ETA: 1:07 - loss: 1.8483 - acc: 0.3351
2112/3458 [=================>............] - ETA: 1:06 - loss: 1.8444 - acc: 0.3366
2144/3458 [=================>............] - ETA: 1:04 - loss: 1.8376 - acc: 0.3396
2176/3458 [=================>............] - ETA: 1:03 - loss: 1.8294 - acc: 0.3410
2208/3458 [==================>...........] - ETA: 1:01 - loss: 1.8262 - acc: 0.3410
2240/3458 [==================>...........] - ETA: 1:00 - loss: 1.8188 - acc: 0.3402
2272/3458 [==================>...........] - ETA: 58s - loss: 1.8113 - acc: 0.3402 
2304/3458 [==================>...........] - ETA: 56s - loss: 1.8029 - acc: 0.3438
2336/3458 [===================>..........] - ETA: 55s - loss: 1.7972 - acc: 0.3455
2368/3458 [===================>..........] - ETA: 53s - loss: 1.7924 - acc: 0.3467
2400/3458 [===================>..........] - ETA: 52s - loss: 1.7852 - acc: 0.3492
2432/3458 [====================>.........] - ETA: 50s - loss: 1.7804 - acc: 0.3491
2464/3458 [====================>.........] - ETA: 49s - loss: 1.7751 - acc: 0.3490
2496/3458 [====================>.........] - ETA: 47s - loss: 1.7683 - acc: 0.3506
2528/3458 [====================>.........] - ETA: 45s - loss: 1.7636 - acc: 0.3536
2560/3458 [=====================>........] - ETA: 44s - loss: 1.7596 - acc: 0.3535
2592/3458 [=====================>........] - ETA: 42s - loss: 1.7546 - acc: 0.3553
2624/3458 [=====================>........] - ETA: 41s - loss: 1.7490 - acc: 0.3559
2656/3458 [======================>.......] - ETA: 39s - loss: 1.7452 - acc: 0.3584
2688/3458 [======================>.......] - ETA: 37s - loss: 1.7397 - acc: 0.3590
2720/3458 [======================>.......] - ETA: 36s - loss: 1.7350 - acc: 0.3592
2752/3458 [======================>.......] - ETA: 34s - loss: 1.7363 - acc: 0.3594
2784/3458 [=======================>......] - ETA: 33s - loss: 1.7372 - acc: 0.3606
2816/3458 [=======================>......] - ETA: 31s - loss: 1.7324 - acc: 0.3604
2848/3458 [=======================>......] - ETA: 30s - loss: 1.7289 - acc: 0.3610
2880/3458 [=======================>......] - ETA: 28s - loss: 1.7252 - acc: 0.3597
2912/3458 [========================>.....] - ETA: 26s - loss: 1.7215 - acc: 0.3606
2944/3458 [========================>.....] - ETA: 25s - loss: 1.7187 - acc: 0.3594
2976/3458 [========================>.....] - ETA: 23s - loss: 1.7154 - acc: 0.3602
3008/3458 [=========================>....] - ETA: 22s - loss: 1.7131 - acc: 0.3590
3040/3458 [=========================>....] - ETA: 20s - loss: 1.7101 - acc: 0.3589
3072/3458 [=========================>....] - ETA: 19s - loss: 1.7056 - acc: 0.3594
3104/3458 [=========================>....] - ETA: 17s - loss: 1.7020 - acc: 0.3595
3136/3458 [==========================>...] - ETA: 15s - loss: 1.6979 - acc: 0.3607
3168/3458 [==========================>...] - ETA: 14s - loss: 1.6936 - acc: 0.3608
3200/3458 [==========================>...] - ETA: 12s - loss: 1.6915 - acc: 0.3600
3232/3458 [===========================>..] - ETA: 11s - loss: 1.6875 - acc: 0.3605
3264/3458 [===========================>..] - ETA: 9s - loss: 1.6884 - acc: 0.3618 
3296/3458 [===========================>..] - ETA: 7s - loss: 1.6843 - acc: 0.3638
3328/3458 [===========================>..] - ETA: 6s - loss: 1.6801 - acc: 0.3648
3360/3458 [============================>.] - ETA: 4s - loss: 1.6810 - acc: 0.3646
3392/3458 [============================>.] - ETA: 3s - loss: 1.6778 - acc: 0.3650
3424/3458 [============================>.] - ETA: 1s - loss: 1.6763 - acc: 0.3648
3456/3458 [============================>.] - ETA: 0s - loss: 1.6731 - acc: 0.3655
3458/3458 [==============================] - 171s 49ms/sample - loss: 1.6729 - acc: 0.3652

 32/865 [>.............................] - ETA: 8s - loss: 1.4409 - acc: 0.3438
 64/865 [=>............................] - ETA: 7s - loss: 1.4653 - acc: 0.3594
 96/865 [==>...........................] - ETA: 7s - loss: 1.4837 - acc: 0.3333
128/865 [===>..........................] - ETA: 6s - loss: 1.4751 - acc: 0.3594
160/865 [====>.........................] - ETA: 6s - loss: 1.4694 - acc: 0.3500
192/865 [=====>........................] - ETA: 6s - loss: 1.4649 - acc: 0.3438
224/865 [======>.......................] - ETA: 5s - loss: 1.4651 - acc: 0.3348
256/865 [=======>......................] - ETA: 5s - loss: 1.4545 - acc: 0.3438
288/865 [========>.....................] - ETA: 5s - loss: 1.4523 - acc: 0.3299
320/865 [==========>...................] - ETA: 4s - loss: 1.4447 - acc: 0.3438
352/865 [===========>..................] - ETA: 4s - loss: 1.4445 - acc: 0.3381
384/865 [============>.................] - ETA: 4s - loss: 1.4396 - acc: 0.3490
416/865 [=============>................] - ETA: 4s - loss: 1.4643 - acc: 0.3462
448/865 [==============>...............] - ETA: 3s - loss: 1.4614 - acc: 0.3393
480/865 [===============>..............] - ETA: 3s - loss: 1.4555 - acc: 0.3417
512/865 [================>.............] - ETA: 3s - loss: 1.4527 - acc: 0.3418
544/865 [=================>............] - ETA: 2s - loss: 1.4498 - acc: 0.3438
576/865 [==================>...........] - ETA: 2s - loss: 1.4490 - acc: 0.3403
608/865 [====================>.........] - ETA: 2s - loss: 1.4472 - acc: 0.3372
640/865 [=====================>........] - ETA: 2s - loss: 1.4413 - acc: 0.3453
672/865 [======================>.......] - ETA: 1s - loss: 1.4369 - acc: 0.3497
704/865 [=======================>......] - ETA: 1s - loss: 1.4384 - acc: 0.3480
736/865 [========================>.....] - ETA: 1s - loss: 1.4370 - acc: 0.3478
768/865 [=========================>....] - ETA: 0s - loss: 1.4348 - acc: 0.3529
800/865 [==========================>...] - ETA: 0s - loss: 1.4262 - acc: 0.3587
832/865 [===========================>..] - ETA: 0s - loss: 1.4253 - acc: 0.3570
864/865 [============================>.] - ETA: 0s - loss: 1.4296 - acc: 0.3530
865/865 [==============================] - 8s 9ms/sample - loss: 1.4297 - acc: 0.3526

  32/3458 [..............................] - ETA: 2:47 - loss: 1.4835 - acc: 0.2500
  64/3458 [..............................] - ETA: 2:47 - loss: 1.4453 - acc: 0.3281
  96/3458 [..............................] - ETA: 2:45 - loss: 1.4618 - acc: 0.3125
 128/3458 [>.............................] - ETA: 2:44 - loss: 1.4591 - acc: 0.3281
 160/3458 [>.............................] - ETA: 2:42 - loss: 1.4576 - acc: 0.3250
 192/3458 [>.............................] - ETA: 2:40 - loss: 1.4555 - acc: 0.3385
 224/3458 [>.............................] - ETA: 2:39 - loss: 1.4529 - acc: 0.3438
 256/3458 [=>............................] - ETA: 2:38 - loss: 1.4517 - acc: 0.3555
 288/3458 [=>............................] - ETA: 2:36 - loss: 1.4537 - acc: 0.3576
 320/3458 [=>............................] - ETA: 2:35 - loss: 1.4611 - acc: 0.3750
 352/3458 [==>...........................] - ETA: 2:33 - loss: 1.4457 - acc: 0.3778
 384/3458 [==>...........................] - ETA: 2:31 - loss: 1.4397 - acc: 0.3724
 416/3458 [==>...........................] - ETA: 2:30 - loss: 1.4277 - acc: 0.3774
 448/3458 [==>...........................] - ETA: 2:28 - loss: 1.4344 - acc: 0.3795
 480/3458 [===>..........................] - ETA: 2:26 - loss: 1.4266 - acc: 0.3854
 512/3458 [===>..........................] - ETA: 2:25 - loss: 1.4198 - acc: 0.3887
 544/3458 [===>..........................] - ETA: 2:23 - loss: 1.4258 - acc: 0.3824
 576/3458 [===>..........................] - ETA: 2:22 - loss: 1.4238 - acc: 0.3889
 608/3458 [====>.........................] - ETA: 2:20 - loss: 1.4144 - acc: 0.3980
 640/3458 [====>.........................] - ETA: 2:19 - loss: 1.4107 - acc: 0.4016
 672/3458 [====>.........................] - ETA: 2:17 - loss: 1.4076 - acc: 0.4062
 704/3458 [=====>........................] - ETA: 2:15 - loss: 1.4087 - acc: 0.4048
 736/3458 [=====>........................] - ETA: 2:14 - loss: 1.3962 - acc: 0.4130
 768/3458 [=====>........................] - ETA: 2:13 - loss: 1.3873 - acc: 0.4206
 800/3458 [=====>........................] - ETA: 2:11 - loss: 1.3829 - acc: 0.4263
 832/3458 [======>.......................] - ETA: 2:09 - loss: 1.4013 - acc: 0.4231
 864/3458 [======>.......................] - ETA: 2:08 - loss: 1.3943 - acc: 0.4236
 896/3458 [======>.......................] - ETA: 2:06 - loss: 1.3899 - acc: 0.4230
 928/3458 [=======>......................] - ETA: 2:05 - loss: 1.3883 - acc: 0.4213
 960/3458 [=======>......................] - ETA: 2:03 - loss: 1.3852 - acc: 0.4250
 992/3458 [=======>......................] - ETA: 2:01 - loss: 1.3838 - acc: 0.4234
1024/3458 [=======>......................] - ETA: 2:00 - loss: 1.3828 - acc: 0.4219
1056/3458 [========>.....................] - ETA: 1:58 - loss: 1.3857 - acc: 0.4186
1088/3458 [========>.....................] - ETA: 1:57 - loss: 1.3853 - acc: 0.4200
1120/3458 [========>.....................] - ETA: 1:55 - loss: 1.3824 - acc: 0.4196
1152/3458 [========>.....................] - ETA: 1:54 - loss: 1.3777 - acc: 0.4193
1184/3458 [=========>....................] - ETA: 1:52 - loss: 1.3731 - acc: 0.4198
1216/3458 [=========>....................] - ETA: 1:50 - loss: 1.3749 - acc: 0.4235
1248/3458 [=========>....................] - ETA: 1:49 - loss: 1.3725 - acc: 0.4239
1280/3458 [==========>...................] - ETA: 1:47 - loss: 1.3696 - acc: 0.4250
1312/3458 [==========>...................] - ETA: 1:46 - loss: 1.3765 - acc: 0.4268
1344/3458 [==========>...................] - ETA: 1:44 - loss: 1.3771 - acc: 0.4271
1376/3458 [==========>...................] - ETA: 1:42 - loss: 1.3751 - acc: 0.4281
1408/3458 [===========>..................] - ETA: 1:41 - loss: 1.3745 - acc: 0.4254
1440/3458 [===========>..................] - ETA: 1:39 - loss: 1.3715 - acc: 0.4264
1472/3458 [===========>..................] - ETA: 1:38 - loss: 1.3709 - acc: 0.4266
1504/3458 [============>.................] - ETA: 1:36 - loss: 1.3708 - acc: 0.4249
1536/3458 [============>.................] - ETA: 1:34 - loss: 1.3698 - acc: 0.4238
1568/3458 [============>.................] - ETA: 1:33 - loss: 1.3659 - acc: 0.4254
1600/3458 [============>.................] - ETA: 1:31 - loss: 1.3671 - acc: 0.4212
1632/3458 [=============>................] - ETA: 1:30 - loss: 1.3628 - acc: 0.4216
1664/3458 [=============>................] - ETA: 1:28 - loss: 1.3648 - acc: 0.4213
1696/3458 [=============>................] - ETA: 1:26 - loss: 1.3604 - acc: 0.4245
1728/3458 [=============>................] - ETA: 1:25 - loss: 1.3579 - acc: 0.4265
1760/3458 [==============>...............] - ETA: 1:23 - loss: 1.3583 - acc: 0.4284
1792/3458 [==============>...............] - ETA: 1:22 - loss: 1.3588 - acc: 0.4291
1824/3458 [==============>...............] - ETA: 1:20 - loss: 1.3578 - acc: 0.4287
1856/3458 [===============>..............] - ETA: 1:19 - loss: 1.3573 - acc: 0.4267
1888/3458 [===============>..............] - ETA: 1:17 - loss: 1.3566 - acc: 0.4264
1920/3458 [===============>..............] - ETA: 1:15 - loss: 1.3573 - acc: 0.4255
1952/3458 [===============>..............] - ETA: 1:14 - loss: 1.3567 - acc: 0.4262
1984/3458 [================>.............] - ETA: 1:12 - loss: 1.3619 - acc: 0.4244
2016/3458 [================>.............] - ETA: 1:11 - loss: 1.3590 - acc: 0.4261
2048/3458 [================>.............] - ETA: 1:09 - loss: 1.3557 - acc: 0.4287
2080/3458 [=================>............] - ETA: 1:08 - loss: 1.3547 - acc: 0.4284
2112/3458 [=================>............] - ETA: 1:06 - loss: 1.3582 - acc: 0.4266
2144/3458 [=================>............] - ETA: 1:04 - loss: 1.3601 - acc: 0.4268
2176/3458 [=================>............] - ETA: 1:03 - loss: 1.3608 - acc: 0.4269
2208/3458 [==================>...........] - ETA: 1:01 - loss: 1.3593 - acc: 0.4280
2240/3458 [==================>...........] - ETA: 1:00 - loss: 1.3559 - acc: 0.4295
2272/3458 [==================>...........] - ETA: 58s - loss: 1.3561 - acc: 0.4296 
2304/3458 [==================>...........] - ETA: 56s - loss: 1.3553 - acc: 0.4306
2336/3458 [===================>..........] - ETA: 55s - loss: 1.3547 - acc: 0.4294
2368/3458 [===================>..........] - ETA: 53s - loss: 1.3529 - acc: 0.4295
2400/3458 [===================>..........] - ETA: 52s - loss: 1.3526 - acc: 0.4300
2432/3458 [====================>.........] - ETA: 50s - loss: 1.3510 - acc: 0.4309
2464/3458 [====================>.........] - ETA: 49s - loss: 1.3507 - acc: 0.4314
2496/3458 [====================>.........] - ETA: 47s - loss: 1.3495 - acc: 0.4311
2528/3458 [====================>.........] - ETA: 45s - loss: 1.3507 - acc: 0.4304
2560/3458 [=====================>........] - ETA: 44s - loss: 1.3476 - acc: 0.4324
2592/3458 [=====================>........] - ETA: 42s - loss: 1.3464 - acc: 0.4336
2624/3458 [=====================>........] - ETA: 41s - loss: 1.3438 - acc: 0.4337
2656/3458 [======================>.......] - ETA: 39s - loss: 1.3464 - acc: 0.4337
2688/3458 [======================>.......] - ETA: 38s - loss: 1.3455 - acc: 0.4338
2720/3458 [======================>.......] - ETA: 36s - loss: 1.3450 - acc: 0.4338
2752/3458 [======================>.......] - ETA: 34s - loss: 1.3425 - acc: 0.4353
2784/3458 [=======================>......] - ETA: 33s - loss: 1.3416 - acc: 0.4364
2816/3458 [=======================>......] - ETA: 31s - loss: 1.3430 - acc: 0.4357
2848/3458 [=======================>......] - ETA: 30s - loss: 1.3415 - acc: 0.4357
2880/3458 [=======================>......] - ETA: 28s - loss: 1.3416 - acc: 0.4344
2912/3458 [========================>.....] - ETA: 26s - loss: 1.3395 - acc: 0.4348
2944/3458 [========================>.....] - ETA: 25s - loss: 1.3399 - acc: 0.4334
2976/3458 [========================>.....] - ETA: 23s - loss: 1.3413 - acc: 0.4328
3008/3458 [=========================>....] - ETA: 22s - loss: 1.3400 - acc: 0.4335
3040/3458 [=========================>....] - ETA: 20s - loss: 1.3403 - acc: 0.4326
3072/3458 [=========================>....] - ETA: 19s - loss: 1.3395 - acc: 0.4329
3104/3458 [=========================>....] - ETA: 17s - loss: 1.3398 - acc: 0.4327
3136/3458 [==========================>...] - ETA: 15s - loss: 1.3391 - acc: 0.4327
3168/3458 [==========================>...] - ETA: 14s - loss: 1.3396 - acc: 0.4321
3200/3458 [==========================>...] - ETA: 12s - loss: 1.3376 - acc: 0.4334
3232/3458 [===========================>..] - ETA: 11s - loss: 1.3383 - acc: 0.4322
3264/3458 [===========================>..] - ETA: 9s - loss: 1.3401 - acc: 0.4311 
3296/3458 [===========================>..] - ETA: 7s - loss: 1.3384 - acc: 0.4326
3328/3458 [===========================>..] - ETA: 6s - loss: 1.3357 - acc: 0.4345
3360/3458 [============================>.] - ETA: 4s - loss: 1.3353 - acc: 0.4339
3392/3458 [============================>.] - ETA: 3s - loss: 1.3350 - acc: 0.4337
3424/3458 [============================>.] - ETA: 1s - loss: 1.3345 - acc: 0.4331
3456/3458 [============================>.] - ETA: 0s - loss: 1.3336 - acc: 0.4320
3458/3458 [==============================] - 171s 50ms/sample - loss: 1.3338 - acc: 0.4318

 32/865 [>.............................] - ETA: 7s - loss: 1.2268 - acc: 0.5000
 64/865 [=>............................] - ETA: 7s - loss: 1.3190 - acc: 0.5312
 96/865 [==>...........................] - ETA: 6s - loss: 1.2822 - acc: 0.5208
128/865 [===>..........................] - ETA: 6s - loss: 1.3044 - acc: 0.5078
160/865 [====>.........................] - ETA: 6s - loss: 1.2916 - acc: 0.4812
192/865 [=====>........................] - ETA: 6s - loss: 1.3035 - acc: 0.4635
224/865 [======>.......................] - ETA: 5s - loss: 1.3093 - acc: 0.4375
256/865 [=======>......................] - ETA: 5s - loss: 1.3120 - acc: 0.4336
288/865 [========>.....................] - ETA: 5s - loss: 1.3056 - acc: 0.4306
320/865 [==========>...................] - ETA: 4s - loss: 1.2935 - acc: 0.4437
352/865 [===========>..................] - ETA: 4s - loss: 1.2894 - acc: 0.4403
384/865 [============>.................] - ETA: 4s - loss: 1.2848 - acc: 0.4427
416/865 [=============>................] - ETA: 4s - loss: 1.3292 - acc: 0.4375
448/865 [==============>...............] - ETA: 3s - loss: 1.3357 - acc: 0.4263
480/865 [===============>..............] - ETA: 3s - loss: 1.3226 - acc: 0.4229
512/865 [================>.............] - ETA: 3s - loss: 1.3116 - acc: 0.4219
544/865 [=================>............] - ETA: 2s - loss: 1.3101 - acc: 0.4228
576/865 [==================>...........] - ETA: 2s - loss: 1.3055 - acc: 0.4219
608/865 [====================>.........] - ETA: 2s - loss: 1.3026 - acc: 0.4211
640/865 [=====================>........] - ETA: 2s - loss: 1.2980 - acc: 0.4219
672/865 [======================>.......] - ETA: 1s - loss: 1.2933 - acc: 0.4196
704/865 [=======================>......] - ETA: 1s - loss: 1.2961 - acc: 0.4176
736/865 [========================>.....] - ETA: 1s - loss: 1.2937 - acc: 0.4171
768/865 [=========================>....] - ETA: 0s - loss: 1.2931 - acc: 0.4206
800/865 [==========================>...] - ETA: 0s - loss: 1.2799 - acc: 0.4238
832/865 [===========================>..] - ETA: 0s - loss: 1.2818 - acc: 0.4231
864/865 [============================>.] - ETA: 0s - loss: 1.2901 - acc: 0.4178
865/865 [==============================] - 8s 9ms/sample - loss: 1.2902 - acc: 0.4173

  32/3458 [..............................] - ETA: 2:47 - loss: 1.1268 - acc: 0.4375
  64/3458 [..............................] - ETA: 2:47 - loss: 1.1792 - acc: 0.4375
  96/3458 [..............................] - ETA: 2:45 - loss: 1.2064 - acc: 0.4688
 128/3458 [>.............................] - ETA: 2:44 - loss: 1.1985 - acc: 0.4688
 160/3458 [>.............................] - ETA: 2:42 - loss: 1.2318 - acc: 0.4625
 192/3458 [>.............................] - ETA: 2:41 - loss: 1.2203 - acc: 0.4688
 224/3458 [>.............................] - ETA: 2:39 - loss: 1.2171 - acc: 0.4821
 256/3458 [=>............................] - ETA: 2:37 - loss: 1.2243 - acc: 0.4648
 288/3458 [=>............................] - ETA: 2:35 - loss: 1.2695 - acc: 0.4549
 320/3458 [=>............................] - ETA: 2:34 - loss: 1.2579 - acc: 0.4688
 352/3458 [==>...........................] - ETA: 2:33 - loss: 1.2612 - acc: 0.4602
 384/3458 [==>...........................] - ETA: 2:31 - loss: 1.2678 - acc: 0.4531
 416/3458 [==>...........................] - ETA: 2:30 - loss: 1.2977 - acc: 0.4375
 448/3458 [==>...........................] - ETA: 2:28 - loss: 1.2967 - acc: 0.4420
 480/3458 [===>..........................] - ETA: 2:26 - loss: 1.2876 - acc: 0.4458
 512/3458 [===>..........................] - ETA: 2:25 - loss: 1.2828 - acc: 0.4434
 544/3458 [===>..........................] - ETA: 2:23 - loss: 1.2788 - acc: 0.4430
 576/3458 [===>..........................] - ETA: 2:22 - loss: 1.2780 - acc: 0.4410
 608/3458 [====>.........................] - ETA: 2:20 - loss: 1.2783 - acc: 0.4375
 640/3458 [====>.........................] - ETA: 2:19 - loss: 1.2743 - acc: 0.4406
 672/3458 [====>.........................] - ETA: 2:17 - loss: 1.2693 - acc: 0.4449
 704/3458 [=====>........................] - ETA: 2:16 - loss: 1.2733 - acc: 0.4446
 736/3458 [=====>........................] - ETA: 2:14 - loss: 1.2755 - acc: 0.4484
 768/3458 [=====>........................] - ETA: 2:12 - loss: 1.2799 - acc: 0.4466
 800/3458 [=====>........................] - ETA: 2:11 - loss: 1.2838 - acc: 0.4475
 832/3458 [======>.......................] - ETA: 2:09 - loss: 1.2885 - acc: 0.4459
 864/3458 [======>.......................] - ETA: 2:08 - loss: 1.2806 - acc: 0.4537
 896/3458 [======>.......................] - ETA: 2:06 - loss: 1.2743 - acc: 0.4621
 928/3458 [=======>......................] - ETA: 2:04 - loss: 1.2680 - acc: 0.4677
 960/3458 [=======>......................] - ETA: 2:03 - loss: 1.2702 - acc: 0.4635
 992/3458 [=======>......................] - ETA: 2:01 - loss: 1.2729 - acc: 0.4597
1024/3458 [=======>......................] - ETA: 2:00 - loss: 1.2721 - acc: 0.4600
1056/3458 [========>.....................] - ETA: 1:58 - loss: 1.2670 - acc: 0.4640
1088/3458 [========>.....................] - ETA: 1:57 - loss: 1.2680 - acc: 0.4632
1120/3458 [========>.....................] - ETA: 1:55 - loss: 1.2699 - acc: 0.4616
1152/3458 [========>.....................] - ETA: 1:53 - loss: 1.2664 - acc: 0.4601
1184/3458 [=========>....................] - ETA: 1:52 - loss: 1.2612 - acc: 0.4637
1216/3458 [=========>....................] - ETA: 1:50 - loss: 1.2634 - acc: 0.4597
1248/3458 [=========>....................] - ETA: 1:49 - loss: 1.2632 - acc: 0.4559
1280/3458 [==========>...................] - ETA: 1:47 - loss: 1.2646 - acc: 0.4539
1312/3458 [==========>...................] - ETA: 1:45 - loss: 1.2693 - acc: 0.4512
1344/3458 [==========>...................] - ETA: 1:44 - loss: 1.2680 - acc: 0.4524
1376/3458 [==========>...................] - ETA: 1:42 - loss: 1.2657 - acc: 0.4528
1408/3458 [===========>..................] - ETA: 1:41 - loss: 1.2613 - acc: 0.4567
1440/3458 [===========>..................] - ETA: 1:39 - loss: 1.2621 - acc: 0.4569
1472/3458 [===========>..................] - ETA: 1:37 - loss: 1.2624 - acc: 0.4586
1504/3458 [============>.................] - ETA: 1:36 - loss: 1.2593 - acc: 0.4608
1536/3458 [============>.................] - ETA: 1:34 - loss: 1.2576 - acc: 0.4603
1568/3458 [============>.................] - ETA: 1:33 - loss: 1.2599 - acc: 0.4592
1600/3458 [============>.................] - ETA: 1:31 - loss: 1.2523 - acc: 0.4638
1632/3458 [=============>................] - ETA: 1:30 - loss: 1.2510 - acc: 0.4638
1664/3458 [=============>................] - ETA: 1:28 - loss: 1.2527 - acc: 0.4633
1696/3458 [=============>................] - ETA: 1:26 - loss: 1.2479 - acc: 0.4634
1728/3458 [=============>................] - ETA: 1:25 - loss: 1.2473 - acc: 0.4630
1760/3458 [==============>...............] - ETA: 1:23 - loss: 1.2513 - acc: 0.4597
1792/3458 [==============>...............] - ETA: 1:22 - loss: 1.2479 - acc: 0.4621
1824/3458 [==============>...............] - ETA: 1:20 - loss: 1.2545 - acc: 0.4600
1856/3458 [===============>..............] - ETA: 1:18 - loss: 1.2532 - acc: 0.4596
1888/3458 [===============>..............] - ETA: 1:17 - loss: 1.2496 - acc: 0.4619
1920/3458 [===============>..............] - ETA: 1:15 - loss: 1.2501 - acc: 0.4615
1952/3458 [===============>..............] - ETA: 1:14 - loss: 1.2481 - acc: 0.4631
1984/3458 [================>.............] - ETA: 1:12 - loss: 1.2490 - acc: 0.4632
2016/3458 [================>.............] - ETA: 1:11 - loss: 1.2534 - acc: 0.4608
2048/3458 [================>.............] - ETA: 1:09 - loss: 1.2525 - acc: 0.4614
2080/3458 [=================>............] - ETA: 1:07 - loss: 1.2502 - acc: 0.4625
2112/3458 [=================>............] - ETA: 1:06 - loss: 1.2463 - acc: 0.4631
2144/3458 [=================>............] - ETA: 1:04 - loss: 1.2459 - acc: 0.4632
2176/3458 [=================>............] - ETA: 1:03 - loss: 1.2452 - acc: 0.4632
2208/3458 [==================>...........] - ETA: 1:01 - loss: 1.2459 - acc: 0.4633
2240/3458 [==================>...........] - ETA: 1:00 - loss: 1.2439 - acc: 0.4638
2272/3458 [==================>...........] - ETA: 58s - loss: 1.2480 - acc: 0.4648 
2304/3458 [==================>...........] - ETA: 56s - loss: 1.2430 - acc: 0.4666
2336/3458 [===================>..........] - ETA: 55s - loss: 1.2418 - acc: 0.4683
2368/3458 [===================>..........] - ETA: 53s - loss: 1.2388 - acc: 0.4704
2400/3458 [===================>..........] - ETA: 52s - loss: 1.2411 - acc: 0.4700
2432/3458 [====================>.........] - ETA: 50s - loss: 1.2404 - acc: 0.4708
2464/3458 [====================>.........] - ETA: 48s - loss: 1.2386 - acc: 0.4716
2496/3458 [====================>.........] - ETA: 47s - loss: 1.2372 - acc: 0.4720
2528/3458 [====================>.........] - ETA: 45s - loss: 1.2353 - acc: 0.4723
2560/3458 [=====================>........] - ETA: 44s - loss: 1.2367 - acc: 0.4707
2592/3458 [=====================>........] - ETA: 42s - loss: 1.2331 - acc: 0.4734
2624/3458 [=====================>........] - ETA: 41s - loss: 1.2328 - acc: 0.4733
2656/3458 [======================>.......] - ETA: 39s - loss: 1.2311 - acc: 0.4752
2688/3458 [======================>.......] - ETA: 37s - loss: 1.2291 - acc: 0.4751
2720/3458 [======================>.......] - ETA: 36s - loss: 1.2264 - acc: 0.4765
2752/3458 [======================>.......] - ETA: 34s - loss: 1.2247 - acc: 0.4786
2784/3458 [=======================>......] - ETA: 33s - loss: 1.2233 - acc: 0.4784
2816/3458 [=======================>......] - ETA: 31s - loss: 1.2230 - acc: 0.4794
2848/3458 [=======================>......] - ETA: 30s - loss: 1.2188 - acc: 0.4817
2880/3458 [=======================>......] - ETA: 28s - loss: 1.2199 - acc: 0.4819
2912/3458 [========================>.....] - ETA: 26s - loss: 1.2217 - acc: 0.4804
2944/3458 [========================>.....] - ETA: 25s - loss: 1.2211 - acc: 0.4813
2976/3458 [========================>.....] - ETA: 23s - loss: 1.2233 - acc: 0.4802
3008/3458 [=========================>....] - ETA: 22s - loss: 1.2210 - acc: 0.4811
3040/3458 [=========================>....] - ETA: 20s - loss: 1.2201 - acc: 0.4812
3072/3458 [=========================>....] - ETA: 19s - loss: 1.2188 - acc: 0.4811
3104/3458 [=========================>....] - ETA: 17s - loss: 1.2218 - acc: 0.4791
3136/3458 [==========================>...] - ETA: 15s - loss: 1.2219 - acc: 0.4790
3168/3458 [==========================>...] - ETA: 14s - loss: 1.2230 - acc: 0.4779
3200/3458 [==========================>...] - ETA: 12s - loss: 1.2214 - acc: 0.4797
3232/3458 [===========================>..] - ETA: 11s - loss: 1.2222 - acc: 0.4787
3264/3458 [===========================>..] - ETA: 9s - loss: 1.2233 - acc: 0.4779 
3296/3458 [===========================>..] - ETA: 7s - loss: 1.2227 - acc: 0.4772
3328/3458 [===========================>..] - ETA: 6s - loss: 1.2237 - acc: 0.4763
3360/3458 [============================>.] - ETA: 4s - loss: 1.2244 - acc: 0.4756
3392/3458 [============================>.] - ETA: 3s - loss: 1.2257 - acc: 0.4746
3424/3458 [============================>.] - ETA: 1s - loss: 1.2242 - acc: 0.4746
3456/3458 [============================>.] - ETA: 0s - loss: 1.2227 - acc: 0.4751
3458/3458 [==============================] - 171s 49ms/sample - loss: 1.2230 - acc: 0.4748

 32/865 [>.............................] - ETA: 7s - loss: 1.3211 - acc: 0.5000
 64/865 [=>............................] - ETA: 7s - loss: 1.4008 - acc: 0.5469
 96/865 [==>...........................] - ETA: 6s - loss: 1.2548 - acc: 0.5938
128/865 [===>..........................] - ETA: 6s - loss: 1.2952 - acc: 0.5625
160/865 [====>.........................] - ETA: 6s - loss: 1.2466 - acc: 0.5562
192/865 [=====>........................] - ETA: 6s - loss: 1.2615 - acc: 0.5312
224/865 [======>.......................] - ETA: 5s - loss: 1.2600 - acc: 0.5179
256/865 [=======>......................] - ETA: 5s - loss: 1.2641 - acc: 0.5234
288/865 [========>.....................] - ETA: 5s - loss: 1.2423 - acc: 0.5208
320/865 [==========>...................] - ETA: 4s - loss: 1.2418 - acc: 0.5125
352/865 [===========>..................] - ETA: 4s - loss: 1.2495 - acc: 0.5028
384/865 [============>.................] - ETA: 4s - loss: 1.2374 - acc: 0.5026
416/865 [=============>................] - ETA: 4s - loss: 1.2763 - acc: 0.5024
448/865 [==============>...............] - ETA: 3s - loss: 1.2753 - acc: 0.5000
480/865 [===============>..............] - ETA: 3s - loss: 1.2625 - acc: 0.5063
512/865 [================>.............] - ETA: 3s - loss: 1.2496 - acc: 0.5137
544/865 [=================>............] - ETA: 2s - loss: 1.2479 - acc: 0.5129
576/865 [==================>...........] - ETA: 2s - loss: 1.2488 - acc: 0.5017
608/865 [====================>.........] - ETA: 2s - loss: 1.2449 - acc: 0.4967
640/865 [=====================>........] - ETA: 2s - loss: 1.2478 - acc: 0.4984
672/865 [======================>.......] - ETA: 1s - loss: 1.2433 - acc: 0.4985
704/865 [=======================>......] - ETA: 1s - loss: 1.2431 - acc: 0.5000
736/865 [========================>.....] - ETA: 1s - loss: 1.2375 - acc: 0.5027
768/865 [=========================>....] - ETA: 0s - loss: 1.2360 - acc: 0.5013
800/865 [==========================>...] - ETA: 0s - loss: 1.2217 - acc: 0.5075
832/865 [===========================>..] - ETA: 0s - loss: 1.2242 - acc: 0.5036
864/865 [============================>.] - ETA: 0s - loss: 1.2369 - acc: 0.4954
865/865 [==============================] - 8s 9ms/sample - loss: 1.2369 - acc: 0.4948

  32/3458 [..............................] - ETA: 2:44 - loss: 1.2688 - acc: 0.5312
  64/3458 [..............................] - ETA: 2:44 - loss: 1.2087 - acc: 0.4531
  96/3458 [..............................] - ETA: 2:43 - loss: 1.0938 - acc: 0.5521
 128/3458 [>.............................] - ETA: 2:42 - loss: 1.1089 - acc: 0.5781
 160/3458 [>.............................] - ETA: 2:41 - loss: 1.1032 - acc: 0.5688
 192/3458 [>.............................] - ETA: 2:39 - loss: 1.1000 - acc: 0.5469
 224/3458 [>.............................] - ETA: 2:39 - loss: 1.1113 - acc: 0.5357
 256/3458 [=>............................] - ETA: 2:37 - loss: 1.0821 - acc: 0.5508
 288/3458 [=>............................] - ETA: 2:35 - loss: 1.0979 - acc: 0.5521
 320/3458 [=>............................] - ETA: 2:33 - loss: 1.0791 - acc: 0.5594
 352/3458 [==>...........................] - ETA: 2:32 - loss: 1.1103 - acc: 0.5625
 384/3458 [==>...........................] - ETA: 2:30 - loss: 1.1256 - acc: 0.5573
 416/3458 [==>...........................] - ETA: 2:29 - loss: 1.1242 - acc: 0.5601
 448/3458 [==>...........................] - ETA: 2:28 - loss: 1.1308 - acc: 0.5536
 480/3458 [===>..........................] - ETA: 2:26 - loss: 1.1301 - acc: 0.5583
 512/3458 [===>..........................] - ETA: 2:24 - loss: 1.1282 - acc: 0.5605
 544/3458 [===>..........................] - ETA: 2:23 - loss: 1.1225 - acc: 0.5607
 576/3458 [===>..........................] - ETA: 2:22 - loss: 1.1393 - acc: 0.5538
 608/3458 [====>.........................] - ETA: 2:20 - loss: 1.1492 - acc: 0.5461
 640/3458 [====>.........................] - ETA: 2:19 - loss: 1.1566 - acc: 0.5437
 672/3458 [====>.........................] - ETA: 2:17 - loss: 1.1637 - acc: 0.5357
 704/3458 [=====>........................] - ETA: 2:15 - loss: 1.1564 - acc: 0.5412
 736/3458 [=====>........................] - ETA: 2:14 - loss: 1.1555 - acc: 0.5421
 768/3458 [=====>........................] - ETA: 2:12 - loss: 1.1478 - acc: 0.5469
 800/3458 [=====>........................] - ETA: 2:11 - loss: 1.1489 - acc: 0.5450
 832/3458 [======>.......................] - ETA: 2:09 - loss: 1.1451 - acc: 0.5457
 864/3458 [======>.......................] - ETA: 2:07 - loss: 1.1426 - acc: 0.5463
 896/3458 [======>.......................] - ETA: 2:06 - loss: 1.1325 - acc: 0.5491
 928/3458 [=======>......................] - ETA: 2:04 - loss: 1.1356 - acc: 0.5506
 960/3458 [=======>......................] - ETA: 2:03 - loss: 1.1389 - acc: 0.5510
 992/3458 [=======>......................] - ETA: 2:01 - loss: 1.1374 - acc: 0.5494
1024/3458 [=======>......................] - ETA: 2:00 - loss: 1.1337 - acc: 0.5508
1056/3458 [========>.....................] - ETA: 1:58 - loss: 1.1303 - acc: 0.5511
1088/3458 [========>.....................] - ETA: 1:56 - loss: 1.1251 - acc: 0.5561
1120/3458 [========>.....................] - ETA: 1:55 - loss: 1.1207 - acc: 0.5580
1152/3458 [========>.....................] - ETA: 1:53 - loss: 1.1255 - acc: 0.5547
1184/3458 [=========>....................] - ETA: 1:52 - loss: 1.1262 - acc: 0.5524
1216/3458 [=========>....................] - ETA: 1:50 - loss: 1.1268 - acc: 0.5518
1248/3458 [=========>....................] - ETA: 1:48 - loss: 1.1308 - acc: 0.5505
1280/3458 [==========>...................] - ETA: 1:47 - loss: 1.1283 - acc: 0.5516
1312/3458 [==========>...................] - ETA: 1:45 - loss: 1.1236 - acc: 0.5564
1344/3458 [==========>...................] - ETA: 1:44 - loss: 1.1200 - acc: 0.5573
1376/3458 [==========>...................] - ETA: 1:42 - loss: 1.1169 - acc: 0.5589
1408/3458 [===========>..................] - ETA: 1:41 - loss: 1.1161 - acc: 0.5589
1440/3458 [===========>..................] - ETA: 1:39 - loss: 1.1188 - acc: 0.5604
1472/3458 [===========>..................] - ETA: 1:37 - loss: 1.1164 - acc: 0.5605
1504/3458 [============>.................] - ETA: 1:36 - loss: 1.1146 - acc: 0.5625
1536/3458 [============>.................] - ETA: 1:34 - loss: 1.1165 - acc: 0.5638
1568/3458 [============>.................] - ETA: 1:33 - loss: 1.1174 - acc: 0.5651
1600/3458 [============>.................] - ETA: 1:31 - loss: 1.1209 - acc: 0.5644
1632/3458 [=============>................] - ETA: 1:30 - loss: 1.1203 - acc: 0.5650
1664/3458 [=============>................] - ETA: 1:28 - loss: 1.1168 - acc: 0.5649
1696/3458 [=============>................] - ETA: 1:26 - loss: 1.1202 - acc: 0.5643
1728/3458 [=============>................] - ETA: 1:25 - loss: 1.1197 - acc: 0.5642
1760/3458 [==============>...............] - ETA: 1:23 - loss: 1.1170 - acc: 0.5653
1792/3458 [==============>...............] - ETA: 1:22 - loss: 1.1183 - acc: 0.5642
1824/3458 [==============>...............] - ETA: 1:20 - loss: 1.1168 - acc: 0.5641
1856/3458 [===============>..............] - ETA: 1:18 - loss: 1.1235 - acc: 0.5620
1888/3458 [===============>..............] - ETA: 1:17 - loss: 1.1239 - acc: 0.5599
1920/3458 [===============>..............] - ETA: 1:15 - loss: 1.1242 - acc: 0.5578
1952/3458 [===============>..............] - ETA: 1:14 - loss: 1.1244 - acc: 0.5589
1984/3458 [================>.............] - ETA: 1:12 - loss: 1.1246 - acc: 0.5595
2016/3458 [================>.............] - ETA: 1:11 - loss: 1.1215 - acc: 0.5600
2048/3458 [================>.............] - ETA: 1:09 - loss: 1.1207 - acc: 0.5591
2080/3458 [=================>............] - ETA: 1:07 - loss: 1.1221 - acc: 0.5587
2112/3458 [=================>............] - ETA: 1:06 - loss: 1.1233 - acc: 0.5573
2144/3458 [=================>............] - ETA: 1:04 - loss: 1.1283 - acc: 0.5546
2176/3458 [=================>............] - ETA: 1:03 - loss: 1.1304 - acc: 0.5533
2208/3458 [==================>...........] - ETA: 1:01 - loss: 1.1313 - acc: 0.5534
2240/3458 [==================>...........] - ETA: 1:00 - loss: 1.1277 - acc: 0.5540
2272/3458 [==================>...........] - ETA: 58s - loss: 1.1257 - acc: 0.5555 
2304/3458 [==================>...........] - ETA: 56s - loss: 1.1259 - acc: 0.5556
2336/3458 [===================>..........] - ETA: 55s - loss: 1.1264 - acc: 0.5565
2368/3458 [===================>..........] - ETA: 53s - loss: 1.1230 - acc: 0.5579
2400/3458 [===================>..........] - ETA: 52s - loss: 1.1258 - acc: 0.5558
2432/3458 [====================>.........] - ETA: 50s - loss: 1.1264 - acc: 0.5555
2464/3458 [====================>.........] - ETA: 48s - loss: 1.1262 - acc: 0.5548
2496/3458 [====================>.........] - ETA: 47s - loss: 1.1266 - acc: 0.5553
2528/3458 [====================>.........] - ETA: 45s - loss: 1.1230 - acc: 0.5562
2560/3458 [=====================>........] - ETA: 44s - loss: 1.1242 - acc: 0.5555
2592/3458 [=====================>........] - ETA: 42s - loss: 1.1253 - acc: 0.5556
2624/3458 [=====================>........] - ETA: 41s - loss: 1.1271 - acc: 0.5549
2656/3458 [======================>.......] - ETA: 39s - loss: 1.1270 - acc: 0.5542
2688/3458 [======================>.......] - ETA: 37s - loss: 1.1260 - acc: 0.5558
2720/3458 [======================>.......] - ETA: 36s - loss: 1.1278 - acc: 0.5555
2752/3458 [======================>.......] - ETA: 34s - loss: 1.1299 - acc: 0.5556
2784/3458 [=======================>......] - ETA: 33s - loss: 1.1278 - acc: 0.5575
2816/3458 [=======================>......] - ETA: 31s - loss: 1.1268 - acc: 0.5575
2848/3458 [=======================>......] - ETA: 30s - loss: 1.1263 - acc: 0.5572
2880/3458 [=======================>......] - ETA: 28s - loss: 1.1240 - acc: 0.5587
2912/3458 [========================>.....] - ETA: 26s - loss: 1.1241 - acc: 0.5591
2944/3458 [========================>.....] - ETA: 25s - loss: 1.1201 - acc: 0.5605
2976/3458 [========================>.....] - ETA: 23s - loss: 1.1182 - acc: 0.5612
3008/3458 [=========================>....] - ETA: 22s - loss: 1.1172 - acc: 0.5622
3040/3458 [=========================>....] - ETA: 20s - loss: 1.1175 - acc: 0.5615
3072/3458 [=========================>....] - ETA: 19s - loss: 1.1184 - acc: 0.5622
3104/3458 [=========================>....] - ETA: 17s - loss: 1.1203 - acc: 0.5622
3136/3458 [==========================>...] - ETA: 15s - loss: 1.1195 - acc: 0.5635
3168/3458 [==========================>...] - ETA: 14s - loss: 1.1174 - acc: 0.5644
3200/3458 [==========================>...] - ETA: 12s - loss: 1.1162 - acc: 0.5644
3232/3458 [===========================>..] - ETA: 11s - loss: 1.1139 - acc: 0.5653
3264/3458 [===========================>..] - ETA: 9s - loss: 1.1184 - acc: 0.5646 
3296/3458 [===========================>..] - ETA: 7s - loss: 1.1176 - acc: 0.5652
3328/3458 [===========================>..] - ETA: 6s - loss: 1.1162 - acc: 0.5655
3360/3458 [============================>.] - ETA: 4s - loss: 1.1176 - acc: 0.5637
3392/3458 [============================>.] - ETA: 3s - loss: 1.1196 - acc: 0.5616
3424/3458 [============================>.] - ETA: 1s - loss: 1.1221 - acc: 0.5602
3456/3458 [============================>.] - ETA: 0s - loss: 1.1206 - acc: 0.5608
3458/3458 [==============================] - 171s 49ms/sample - loss: 1.1207 - acc: 0.5607

 32/865 [>.............................] - ETA: 7s - loss: 1.2829 - acc: 0.4688
 64/865 [=>............................] - ETA: 7s - loss: 1.3042 - acc: 0.5000
 96/865 [==>...........................] - ETA: 6s - loss: 1.2607 - acc: 0.4896
128/865 [===>..........................] - ETA: 6s - loss: 1.2643 - acc: 0.4844
160/865 [====>.........................] - ETA: 6s - loss: 1.2375 - acc: 0.4812
192/865 [=====>........................] - ETA: 5s - loss: 1.2454 - acc: 0.4635
224/865 [======>.......................] - ETA: 5s - loss: 1.2484 - acc: 0.4554
256/865 [=======>......................] - ETA: 5s - loss: 1.2741 - acc: 0.4414
288/865 [========>.....................] - ETA: 5s - loss: 1.2655 - acc: 0.4479
320/865 [==========>...................] - ETA: 4s - loss: 1.2630 - acc: 0.4531
352/865 [===========>..................] - ETA: 4s - loss: 1.2715 - acc: 0.4602
384/865 [============>.................] - ETA: 4s - loss: 1.2656 - acc: 0.4688
416/865 [=============>................] - ETA: 4s - loss: 1.2955 - acc: 0.4639
448/865 [==============>...............] - ETA: 3s - loss: 1.3043 - acc: 0.4576
480/865 [===============>..............] - ETA: 3s - loss: 1.2972 - acc: 0.4563
512/865 [================>.............] - ETA: 3s - loss: 1.2870 - acc: 0.4629
544/865 [=================>............] - ETA: 2s - loss: 1.2840 - acc: 0.4651
576/865 [==================>...........] - ETA: 2s - loss: 1.2799 - acc: 0.4601
608/865 [====================>.........] - ETA: 2s - loss: 1.2730 - acc: 0.4589
640/865 [=====================>........] - ETA: 2s - loss: 1.2681 - acc: 0.4625
672/865 [======================>.......] - ETA: 1s - loss: 1.2637 - acc: 0.4598
704/865 [=======================>......] - ETA: 1s - loss: 1.2639 - acc: 0.4574
736/865 [========================>.....] - ETA: 1s - loss: 1.2587 - acc: 0.4620
768/865 [=========================>....] - ETA: 0s - loss: 1.2556 - acc: 0.4648
800/865 [==========================>...] - ETA: 0s - loss: 1.2478 - acc: 0.4675
832/865 [===========================>..] - ETA: 0s - loss: 1.2475 - acc: 0.4663
864/865 [============================>.] - ETA: 0s - loss: 1.2551 - acc: 0.4583
865/865 [==============================] - 8s 9ms/sample - loss: 1.2550 - acc: 0.4578

  32/3458 [..............................] - ETA: 2:46 - loss: 0.9640 - acc: 0.5625
  64/3458 [..............................] - ETA: 2:46 - loss: 1.0675 - acc: 0.5469
  96/3458 [..............................] - ETA: 2:45 - loss: 1.0424 - acc: 0.5521
 128/3458 [>.............................] - ETA: 2:42 - loss: 1.0308 - acc: 0.5391
 160/3458 [>.............................] - ETA: 2:41 - loss: 1.0380 - acc: 0.5500
 192/3458 [>.............................] - ETA: 2:40 - loss: 0.9920 - acc: 0.5990
 224/3458 [>.............................] - ETA: 2:39 - loss: 0.9794 - acc: 0.6205
 256/3458 [=>............................] - ETA: 2:37 - loss: 1.0052 - acc: 0.6016
 288/3458 [=>............................] - ETA: 2:36 - loss: 1.0182 - acc: 0.5833
 320/3458 [=>............................] - ETA: 2:34 - loss: 1.0073 - acc: 0.5813
 352/3458 [==>...........................] - ETA: 2:32 - loss: 0.9982 - acc: 0.5824
 384/3458 [==>...........................] - ETA: 2:31 - loss: 0.9974 - acc: 0.5859
 416/3458 [==>...........................] - ETA: 2:29 - loss: 1.0175 - acc: 0.5793
 448/3458 [==>...........................] - ETA: 2:28 - loss: 1.0176 - acc: 0.5848
 480/3458 [===>..........................] - ETA: 2:26 - loss: 1.0083 - acc: 0.5896
 512/3458 [===>..........................] - ETA: 2:25 - loss: 1.0267 - acc: 0.5840
 544/3458 [===>..........................] - ETA: 2:23 - loss: 1.0195 - acc: 0.5919
 576/3458 [===>..........................] - ETA: 2:21 - loss: 1.0166 - acc: 0.5990
 608/3458 [====>.........................] - ETA: 2:20 - loss: 1.0202 - acc: 0.6036
 640/3458 [====>.........................] - ETA: 2:18 - loss: 1.0123 - acc: 0.6078
 672/3458 [====>.........................] - ETA: 2:17 - loss: 1.0004 - acc: 0.6086
 704/3458 [=====>........................] - ETA: 2:15 - loss: 0.9998 - acc: 0.6051
 736/3458 [=====>........................] - ETA: 2:13 - loss: 0.9966 - acc: 0.6060
 768/3458 [=====>........................] - ETA: 2:12 - loss: 0.9963 - acc: 0.6042
 800/3458 [=====>........................] - ETA: 2:10 - loss: 0.9977 - acc: 0.6025
 832/3458 [======>.......................] - ETA: 2:09 - loss: 1.0035 - acc: 0.6058
 864/3458 [======>.......................] - ETA: 2:07 - loss: 1.0056 - acc: 0.6076
 896/3458 [======>.......................] - ETA: 2:06 - loss: 1.0057 - acc: 0.6094
 928/3458 [=======>......................] - ETA: 2:04 - loss: 0.9980 - acc: 0.6121
 960/3458 [=======>......................] - ETA: 2:03 - loss: 0.9952 - acc: 0.6146
 992/3458 [=======>......................] - ETA: 2:01 - loss: 0.9925 - acc: 0.6179
1024/3458 [=======>......................] - ETA: 1:59 - loss: 0.9877 - acc: 0.6182
1056/3458 [========>.....................] - ETA: 1:58 - loss: 0.9849 - acc: 0.6203
1088/3458 [========>.....................] - ETA: 1:56 - loss: 0.9859 - acc: 0.6204
1120/3458 [========>.....................] - ETA: 1:55 - loss: 0.9930 - acc: 0.6152
1152/3458 [========>.....................] - ETA: 1:53 - loss: 0.9866 - acc: 0.6181
1184/3458 [=========>....................] - ETA: 1:52 - loss: 0.9906 - acc: 0.6191
1216/3458 [=========>....................] - ETA: 1:50 - loss: 0.9874 - acc: 0.6209
1248/3458 [=========>....................] - ETA: 1:48 - loss: 0.9935 - acc: 0.6186
1280/3458 [==========>...................] - ETA: 1:47 - loss: 0.9932 - acc: 0.6211
1312/3458 [==========>...................] - ETA: 1:45 - loss: 0.9995 - acc: 0.6189
1344/3458 [==========>...................] - ETA: 1:44 - loss: 0.9970 - acc: 0.6176
1376/3458 [==========>...................] - ETA: 1:42 - loss: 1.0005 - acc: 0.6163
1408/3458 [===========>..................] - ETA: 1:40 - loss: 1.0002 - acc: 0.6165
1440/3458 [===========>..................] - ETA: 1:39 - loss: 0.9981 - acc: 0.6194
1472/3458 [===========>..................] - ETA: 1:37 - loss: 1.0001 - acc: 0.6196
1504/3458 [============>.................] - ETA: 1:36 - loss: 0.9937 - acc: 0.6223
1536/3458 [============>.................] - ETA: 1:34 - loss: 0.9952 - acc: 0.6191
1568/3458 [============>.................] - ETA: 1:33 - loss: 0.9968 - acc: 0.6180
1600/3458 [============>.................] - ETA: 1:31 - loss: 0.9992 - acc: 0.6194
1632/3458 [=============>................] - ETA: 1:29 - loss: 0.9953 - acc: 0.6195
1664/3458 [=============>................] - ETA: 1:28 - loss: 0.9993 - acc: 0.6184
1696/3458 [=============>................] - ETA: 1:26 - loss: 0.9942 - acc: 0.6221
1728/3458 [=============>................] - ETA: 1:25 - loss: 0.9948 - acc: 0.6221
1760/3458 [==============>...............] - ETA: 1:23 - loss: 0.9968 - acc: 0.6210
1792/3458 [==============>...............] - ETA: 1:22 - loss: 0.9946 - acc: 0.6205
1824/3458 [==============>...............] - ETA: 1:20 - loss: 0.9970 - acc: 0.6195
1856/3458 [===============>..............] - ETA: 1:18 - loss: 0.9992 - acc: 0.6175
1888/3458 [===============>..............] - ETA: 1:17 - loss: 0.9997 - acc: 0.6144
1920/3458 [===============>..............] - ETA: 1:15 - loss: 0.9952 - acc: 0.6161
1952/3458 [===============>..............] - ETA: 1:14 - loss: 0.9955 - acc: 0.6168
1984/3458 [================>.............] - ETA: 1:12 - loss: 0.9916 - acc: 0.6205
2016/3458 [================>.............] - ETA: 1:11 - loss: 0.9924 - acc: 0.6186
2048/3458 [================>.............] - ETA: 1:09 - loss: 0.9897 - acc: 0.6196
2080/3458 [=================>............] - ETA: 1:08 - loss: 0.9901 - acc: 0.6207
2112/3458 [=================>............] - ETA: 1:06 - loss: 0.9894 - acc: 0.6217
2144/3458 [=================>............] - ETA: 1:04 - loss: 0.9902 - acc: 0.6199
2176/3458 [=================>............] - ETA: 1:03 - loss: 0.9892 - acc: 0.6209
2208/3458 [==================>...........] - ETA: 1:01 - loss: 0.9905 - acc: 0.6214
2240/3458 [==================>...........] - ETA: 1:00 - loss: 0.9873 - acc: 0.6223
2272/3458 [==================>...........] - ETA: 58s - loss: 0.9890 - acc: 0.6224 
2304/3458 [==================>...........] - ETA: 56s - loss: 0.9880 - acc: 0.6237
2336/3458 [===================>..........] - ETA: 55s - loss: 0.9908 - acc: 0.6233
2368/3458 [===================>..........] - ETA: 53s - loss: 0.9886 - acc: 0.6242
2400/3458 [===================>..........] - ETA: 52s - loss: 0.9871 - acc: 0.6250
2432/3458 [====================>.........] - ETA: 50s - loss: 0.9911 - acc: 0.6258
2464/3458 [====================>.........] - ETA: 49s - loss: 0.9907 - acc: 0.6262
2496/3458 [====================>.........] - ETA: 47s - loss: 0.9917 - acc: 0.6246
2528/3458 [====================>.........] - ETA: 45s - loss: 0.9907 - acc: 0.6254
2560/3458 [=====================>........] - ETA: 44s - loss: 0.9877 - acc: 0.6266
2592/3458 [=====================>........] - ETA: 42s - loss: 0.9914 - acc: 0.6250
2624/3458 [=====================>........] - ETA: 41s - loss: 0.9921 - acc: 0.6235
2656/3458 [======================>.......] - ETA: 39s - loss: 0.9906 - acc: 0.6239
2688/3458 [======================>.......] - ETA: 37s - loss: 0.9930 - acc: 0.6228
2720/3458 [======================>.......] - ETA: 36s - loss: 0.9919 - acc: 0.6232
2752/3458 [======================>.......] - ETA: 34s - loss: 0.9937 - acc: 0.6221
2784/3458 [=======================>......] - ETA: 33s - loss: 0.9904 - acc: 0.6236
2816/3458 [=======================>......] - ETA: 31s - loss: 0.9889 - acc: 0.6243
2848/3458 [=======================>......] - ETA: 30s - loss: 0.9878 - acc: 0.6257
2880/3458 [=======================>......] - ETA: 28s - loss: 0.9871 - acc: 0.6260
2912/3458 [========================>.....] - ETA: 26s - loss: 0.9880 - acc: 0.6253
2944/3458 [========================>.....] - ETA: 25s - loss: 0.9848 - acc: 0.6267
2976/3458 [========================>.....] - ETA: 23s - loss: 0.9849 - acc: 0.6267
3008/3458 [=========================>....] - ETA: 22s - loss: 0.9837 - acc: 0.6277
3040/3458 [=========================>....] - ETA: 20s - loss: 0.9858 - acc: 0.6263
3072/3458 [=========================>....] - ETA: 19s - loss: 0.9869 - acc: 0.6260
3104/3458 [=========================>....] - ETA: 17s - loss: 0.9865 - acc: 0.6253
3136/3458 [==========================>...] - ETA: 15s - loss: 0.9831 - acc: 0.6269
3168/3458 [==========================>...] - ETA: 14s - loss: 0.9836 - acc: 0.6263
3200/3458 [==========================>...] - ETA: 12s - loss: 0.9837 - acc: 0.6263
3232/3458 [===========================>..] - ETA: 11s - loss: 0.9854 - acc: 0.6253
3264/3458 [===========================>..] - ETA: 9s - loss: 0.9899 - acc: 0.6235 
3296/3458 [===========================>..] - ETA: 7s - loss: 0.9896 - acc: 0.6238
3328/3458 [===========================>..] - ETA: 6s - loss: 0.9884 - acc: 0.6238
3360/3458 [============================>.] - ETA: 4s - loss: 0.9874 - acc: 0.6235
3392/3458 [============================>.] - ETA: 3s - loss: 0.9893 - acc: 0.6221
3424/3458 [============================>.] - ETA: 1s - loss: 0.9884 - acc: 0.6227
3456/3458 [============================>.] - ETA: 0s - loss: 0.9887 - acc: 0.6227
3458/3458 [==============================] - 171s 49ms/sample - loss: 0.9884 - acc: 0.6229

 32/865 [>.............................] - ETA: 7s - loss: 1.3841 - acc: 0.4062
 64/865 [=>............................] - ETA: 7s - loss: 1.4003 - acc: 0.4688
 96/865 [==>...........................] - ETA: 7s - loss: 1.2124 - acc: 0.5625
128/865 [===>..........................] - ETA: 6s - loss: 1.2542 - acc: 0.5391
160/865 [====>.........................] - ETA: 6s - loss: 1.2214 - acc: 0.5562
192/865 [=====>........................] - ETA: 6s - loss: 1.2263 - acc: 0.5521
224/865 [======>.......................] - ETA: 5s - loss: 1.2420 - acc: 0.5536
256/865 [=======>......................] - ETA: 5s - loss: 1.2489 - acc: 0.5469
288/865 [========>.....................] - ETA: 5s - loss: 1.2068 - acc: 0.5556
320/865 [==========>...................] - ETA: 4s - loss: 1.1948 - acc: 0.5594
352/865 [===========>..................] - ETA: 4s - loss: 1.2057 - acc: 0.5511
384/865 [============>.................] - ETA: 4s - loss: 1.1765 - acc: 0.5651
416/865 [=============>................] - ETA: 4s - loss: 1.2041 - acc: 0.5577
448/865 [==============>...............] - ETA: 3s - loss: 1.2052 - acc: 0.5536
480/865 [===============>..............] - ETA: 3s - loss: 1.1874 - acc: 0.5521
512/865 [================>.............] - ETA: 3s - loss: 1.1706 - acc: 0.5586
544/865 [=================>............] - ETA: 2s - loss: 1.1680 - acc: 0.5570
576/865 [==================>...........] - ETA: 2s - loss: 1.1693 - acc: 0.5486
608/865 [====================>.........] - ETA: 2s - loss: 1.1619 - acc: 0.5461
640/865 [=====================>........] - ETA: 2s - loss: 1.1608 - acc: 0.5391
672/865 [======================>.......] - ETA: 1s - loss: 1.1654 - acc: 0.5283
704/865 [=======================>......] - ETA: 1s - loss: 1.1628 - acc: 0.5270
736/865 [========================>.....] - ETA: 1s - loss: 1.1558 - acc: 0.5312
768/865 [=========================>....] - ETA: 0s - loss: 1.1542 - acc: 0.5326
800/865 [==========================>...] - ETA: 0s - loss: 1.1424 - acc: 0.5375
832/865 [===========================>..] - ETA: 0s - loss: 1.1424 - acc: 0.5349
864/865 [============================>.] - ETA: 0s - loss: 1.1714 - acc: 0.5266
865/865 [==============================] - 8s 9ms/sample - loss: 1.1720 - acc: 0.5260
