For Dropout_1=0.2 Dropout_2=0.9
daisy loaded
dandelion loaded
rose loaded
sunflower loaded
tulip loaded

  32/3458 [..............................] - ETA: 3:19 - loss: 1.5333 - acc: 0.2812
  64/3458 [..............................] - ETA: 3:12 - loss: 14.8690 - acc: 0.2344
  96/3458 [..............................] - ETA: 3:07 - loss: 14.6041 - acc: 0.2396
 128/3458 [>.............................] - ETA: 3:02 - loss: 12.7349 - acc: 0.2500
 160/3458 [>.............................] - ETA: 2:59 - loss: 10.6029 - acc: 0.2750
 192/3458 [>.............................] - ETA: 2:57 - loss: 9.1162 - acc: 0.2448 
 224/3458 [>.............................] - ETA: 2:55 - loss: 8.0556 - acc: 0.2188
 256/3458 [=>............................] - ETA: 2:52 - loss: 7.2489 - acc: 0.2109
 288/3458 [=>............................] - ETA: 2:50 - loss: 6.6207 - acc: 0.2257
 320/3458 [=>............................] - ETA: 2:49 - loss: 6.1225 - acc: 0.2281
 352/3458 [==>...........................] - ETA: 2:48 - loss: 5.7133 - acc: 0.2301
 384/3458 [==>...........................] - ETA: 2:45 - loss: 5.3677 - acc: 0.2344
 416/3458 [==>...........................] - ETA: 2:43 - loss: 5.0770 - acc: 0.2332
 448/3458 [==>...........................] - ETA: 2:40 - loss: 4.8220 - acc: 0.2455
 480/3458 [===>..........................] - ETA: 2:38 - loss: 4.6075 - acc: 0.2375
 512/3458 [===>..........................] - ETA: 2:35 - loss: 4.4159 - acc: 0.2324
 544/3458 [===>..........................] - ETA: 2:33 - loss: 4.2533 - acc: 0.2316
 576/3458 [===>..........................] - ETA: 2:31 - loss: 4.1033 - acc: 0.2257
 608/3458 [====>.........................] - ETA: 2:29 - loss: 3.9683 - acc: 0.2336
 640/3458 [====>.........................] - ETA: 2:27 - loss: 3.8442 - acc: 0.2453
 672/3458 [====>.........................] - ETA: 2:25 - loss: 3.7356 - acc: 0.2426
 704/3458 [=====>........................] - ETA: 2:23 - loss: 3.6331 - acc: 0.2486
 736/3458 [=====>........................] - ETA: 2:21 - loss: 3.5487 - acc: 0.2432
 768/3458 [=====>........................] - ETA: 2:19 - loss: 3.4667 - acc: 0.2409
 800/3458 [=====>........................] - ETA: 2:17 - loss: 3.3961 - acc: 0.2375
 832/3458 [======>.......................] - ETA: 2:15 - loss: 3.3236 - acc: 0.2404
 864/3458 [======>.......................] - ETA: 2:13 - loss: 3.2639 - acc: 0.2384
 896/3458 [======>.......................] - ETA: 2:11 - loss: 3.2013 - acc: 0.2411
 928/3458 [=======>......................] - ETA: 2:10 - loss: 3.1449 - acc: 0.2468
 960/3458 [=======>......................] - ETA: 2:08 - loss: 3.0899 - acc: 0.2490
 992/3458 [=======>......................] - ETA: 2:06 - loss: 3.0388 - acc: 0.2540
1024/3458 [=======>......................] - ETA: 2:04 - loss: 2.9935 - acc: 0.2559
1056/3458 [========>.....................] - ETA: 2:03 - loss: 2.9450 - acc: 0.2623
1088/3458 [========>.....................] - ETA: 2:01 - loss: 2.9054 - acc: 0.2619
1120/3458 [========>.....................] - ETA: 1:59 - loss: 2.8666 - acc: 0.2652
1152/3458 [========>.....................] - ETA: 1:57 - loss: 2.8296 - acc: 0.2700
1184/3458 [=========>....................] - ETA: 1:56 - loss: 2.7940 - acc: 0.2720
1216/3458 [=========>....................] - ETA: 1:54 - loss: 2.7617 - acc: 0.2730
1248/3458 [=========>....................] - ETA: 1:52 - loss: 2.7301 - acc: 0.2748
1280/3458 [==========>...................] - ETA: 1:51 - loss: 2.7003 - acc: 0.2766
1312/3458 [==========>...................] - ETA: 1:49 - loss: 2.6703 - acc: 0.2812
1344/3458 [==========>...................] - ETA: 1:47 - loss: 2.6422 - acc: 0.2820
1376/3458 [==========>...................] - ETA: 1:45 - loss: 2.6164 - acc: 0.2827
1408/3458 [===========>..................] - ETA: 1:44 - loss: 2.5905 - acc: 0.2876
1440/3458 [===========>..................] - ETA: 1:42 - loss: 2.5656 - acc: 0.2910
1472/3458 [===========>..................] - ETA: 1:40 - loss: 2.5386 - acc: 0.2969
1504/3458 [============>.................] - ETA: 1:39 - loss: 2.5156 - acc: 0.2985
1536/3458 [============>.................] - ETA: 1:37 - loss: 2.4889 - acc: 0.3027
1568/3458 [============>.................] - ETA: 1:35 - loss: 2.4763 - acc: 0.3036
1600/3458 [============>.................] - ETA: 1:34 - loss: 2.4587 - acc: 0.3031
1632/3458 [=============>................] - ETA: 1:32 - loss: 2.4409 - acc: 0.3009
1664/3458 [=============>................] - ETA: 1:30 - loss: 2.4220 - acc: 0.2999
1696/3458 [=============>................] - ETA: 1:29 - loss: 2.4057 - acc: 0.3019
1728/3458 [=============>................] - ETA: 1:27 - loss: 2.3882 - acc: 0.3044
1760/3458 [==============>...............] - ETA: 1:25 - loss: 2.3712 - acc: 0.3057
1792/3458 [==============>...............] - ETA: 1:24 - loss: 2.3514 - acc: 0.3114
1824/3458 [==============>...............] - ETA: 1:22 - loss: 2.3364 - acc: 0.3114
1856/3458 [===============>..............] - ETA: 1:20 - loss: 2.3191 - acc: 0.3136
1888/3458 [===============>..............] - ETA: 1:19 - loss: 2.3047 - acc: 0.3130
1920/3458 [===============>..............] - ETA: 1:17 - loss: 2.2892 - acc: 0.3156
1952/3458 [===============>..............] - ETA: 1:15 - loss: 2.2748 - acc: 0.3197
1984/3458 [================>.............] - ETA: 1:14 - loss: 2.2655 - acc: 0.3196
2016/3458 [================>.............] - ETA: 1:12 - loss: 2.2507 - acc: 0.3219
2048/3458 [================>.............] - ETA: 1:11 - loss: 2.2350 - acc: 0.3257
2080/3458 [=================>............] - ETA: 1:09 - loss: 2.2210 - acc: 0.3279
2112/3458 [=================>............] - ETA: 1:07 - loss: 2.2090 - acc: 0.3281
2144/3458 [=================>............] - ETA: 1:06 - loss: 2.1971 - acc: 0.3298
2176/3458 [=================>............] - ETA: 1:04 - loss: 2.1857 - acc: 0.3318
2208/3458 [==================>...........] - ETA: 1:02 - loss: 2.1792 - acc: 0.3329
2240/3458 [==================>...........] - ETA: 1:01 - loss: 2.1706 - acc: 0.3335
2272/3458 [==================>...........] - ETA: 59s - loss: 2.1611 - acc: 0.3332 
2304/3458 [==================>...........] - ETA: 58s - loss: 2.1507 - acc: 0.3346
2336/3458 [===================>..........] - ETA: 56s - loss: 2.1426 - acc: 0.3352
2368/3458 [===================>..........] - ETA: 54s - loss: 2.1313 - acc: 0.3357
2400/3458 [===================>..........] - ETA: 53s - loss: 2.1223 - acc: 0.3354
2432/3458 [====================>.........] - ETA: 51s - loss: 2.1135 - acc: 0.3359
2464/3458 [====================>.........] - ETA: 49s - loss: 2.1039 - acc: 0.3360
2496/3458 [====================>.........] - ETA: 48s - loss: 2.1002 - acc: 0.3365
2528/3458 [====================>.........] - ETA: 46s - loss: 2.0933 - acc: 0.3378
2560/3458 [=====================>........] - ETA: 45s - loss: 2.0868 - acc: 0.3402
2592/3458 [=====================>........] - ETA: 43s - loss: 2.0829 - acc: 0.3403
2624/3458 [=====================>........] - ETA: 41s - loss: 2.0768 - acc: 0.3396
2656/3458 [======================>.......] - ETA: 40s - loss: 2.0709 - acc: 0.3392
2688/3458 [======================>.......] - ETA: 38s - loss: 2.0649 - acc: 0.3397
2720/3458 [======================>.......] - ETA: 37s - loss: 2.0598 - acc: 0.3382
2752/3458 [======================>.......] - ETA: 35s - loss: 2.0547 - acc: 0.3372
2784/3458 [=======================>......] - ETA: 33s - loss: 2.0493 - acc: 0.3369
2816/3458 [=======================>......] - ETA: 32s - loss: 2.0438 - acc: 0.3366
2848/3458 [=======================>......] - ETA: 30s - loss: 2.0391 - acc: 0.3360
2880/3458 [=======================>......] - ETA: 28s - loss: 2.0349 - acc: 0.3340
2912/3458 [========================>.....] - ETA: 27s - loss: 2.0304 - acc: 0.3328
2944/3458 [========================>.....] - ETA: 25s - loss: 2.0254 - acc: 0.3322
2976/3458 [========================>.....] - ETA: 24s - loss: 2.0207 - acc: 0.3313
3008/3458 [=========================>....] - ETA: 22s - loss: 2.0164 - acc: 0.3288
3040/3458 [=========================>....] - ETA: 20s - loss: 2.0119 - acc: 0.3280
3072/3458 [=========================>....] - ETA: 19s - loss: 2.0076 - acc: 0.3262
3104/3458 [=========================>....] - ETA: 17s - loss: 2.0032 - acc: 0.3254
3136/3458 [==========================>...] - ETA: 16s - loss: 1.9989 - acc: 0.3246
3168/3458 [==========================>...] - ETA: 14s - loss: 1.9949 - acc: 0.3239
3200/3458 [==========================>...] - ETA: 12s - loss: 1.9906 - acc: 0.3247
3232/3458 [===========================>..] - ETA: 11s - loss: 1.9871 - acc: 0.3236
3264/3458 [===========================>..] - ETA: 9s - loss: 1.9832 - acc: 0.3235 
3296/3458 [===========================>..] - ETA: 8s - loss: 1.9798 - acc: 0.3228
3328/3458 [===========================>..] - ETA: 6s - loss: 1.9763 - acc: 0.3215
3360/3458 [============================>.] - ETA: 4s - loss: 1.9733 - acc: 0.3199
3392/3458 [============================>.] - ETA: 3s - loss: 1.9694 - acc: 0.3193
3424/3458 [============================>.] - ETA: 1s - loss: 1.9659 - acc: 0.3186
3456/3458 [============================>.] - ETA: 0s - loss: 1.9623 - acc: 0.3183
3458/3458 [==============================] - 174s 50ms/sample - loss: 1.9622 - acc: 0.3181

 32/865 [>.............................] - ETA: 8s - loss: 1.6036 - acc: 0.2188
 64/865 [=>............................] - ETA: 7s - loss: 1.5994 - acc: 0.2500
 96/865 [==>...........................] - ETA: 7s - loss: 1.5965 - acc: 0.2917
128/865 [===>..........................] - ETA: 6s - loss: 1.5963 - acc: 0.2891
160/865 [====>.........................] - ETA: 6s - loss: 1.5929 - acc: 0.3000
192/865 [=====>........................] - ETA: 6s - loss: 1.5898 - acc: 0.3021
224/865 [======>.......................] - ETA: 5s - loss: 1.5955 - acc: 0.2812
256/865 [=======>......................] - ETA: 5s - loss: 1.5979 - acc: 0.2734
288/865 [========>.....................] - ETA: 5s - loss: 1.5945 - acc: 0.2847
320/865 [==========>...................] - ETA: 4s - loss: 1.5956 - acc: 0.2875
352/865 [===========>..................] - ETA: 4s - loss: 1.5964 - acc: 0.2898
384/865 [============>.................] - ETA: 4s - loss: 1.5927 - acc: 0.3047
416/865 [=============>................] - ETA: 4s - loss: 1.5946 - acc: 0.2981
448/865 [==============>...............] - ETA: 3s - loss: 1.5945 - acc: 0.2969
480/865 [===============>..............] - ETA: 3s - loss: 1.5952 - acc: 0.2958
512/865 [================>.............] - ETA: 3s - loss: 1.5937 - acc: 0.3008
544/865 [=================>............] - ETA: 2s - loss: 1.5927 - acc: 0.2960
576/865 [==================>...........] - ETA: 2s - loss: 1.5911 - acc: 0.3003
608/865 [====================>.........] - ETA: 2s - loss: 1.5915 - acc: 0.2928
640/865 [=====================>........] - ETA: 2s - loss: 1.5897 - acc: 0.2922
672/865 [======================>.......] - ETA: 1s - loss: 1.5894 - acc: 0.2932
704/865 [=======================>......] - ETA: 1s - loss: 1.5898 - acc: 0.2926
736/865 [========================>.....] - ETA: 1s - loss: 1.5876 - acc: 0.2976
768/865 [=========================>....] - ETA: 0s - loss: 1.5861 - acc: 0.2995
800/865 [==========================>...] - ETA: 0s - loss: 1.5859 - acc: 0.3038
832/865 [===========================>..] - ETA: 0s - loss: 1.5855 - acc: 0.3029
864/865 [============================>.] - ETA: 0s - loss: 1.5856 - acc: 0.3044
865/865 [==============================] - 8s 9ms/sample - loss: 1.5854 - acc: 0.3052

  32/3458 [..............................] - ETA: 2:52 - loss: 1.6062 - acc: 0.1562
  64/3458 [..............................] - ETA: 2:47 - loss: 1.5925 - acc: 0.2188
  96/3458 [..............................] - ETA: 2:46 - loss: 1.5915 - acc: 0.2500
 128/3458 [>.............................] - ETA: 2:44 - loss: 1.5920 - acc: 0.2500
 160/3458 [>.............................] - ETA: 2:43 - loss: 1.5876 - acc: 0.2625
 192/3458 [>.............................] - ETA: 2:41 - loss: 1.5832 - acc: 0.2760
 224/3458 [>.............................] - ETA: 2:40 - loss: 1.5778 - acc: 0.2946
 256/3458 [=>............................] - ETA: 2:38 - loss: 1.5787 - acc: 0.2852
 288/3458 [=>............................] - ETA: 2:36 - loss: 1.5815 - acc: 0.2847
 320/3458 [=>............................] - ETA: 2:35 - loss: 1.5787 - acc: 0.2875
 352/3458 [==>...........................] - ETA: 2:33 - loss: 1.5824 - acc: 0.2841
 384/3458 [==>...........................] - ETA: 2:31 - loss: 1.5841 - acc: 0.2786
 416/3458 [==>...........................] - ETA: 2:30 - loss: 1.5831 - acc: 0.2837
 448/3458 [==>...........................] - ETA: 2:28 - loss: 1.5841 - acc: 0.2768
 480/3458 [===>..........................] - ETA: 2:27 - loss: 1.5831 - acc: 0.2771
 512/3458 [===>..........................] - ETA: 2:25 - loss: 1.5820 - acc: 0.2812
 544/3458 [===>..........................] - ETA: 2:24 - loss: 1.5823 - acc: 0.2812
 576/3458 [===>..........................] - ETA: 2:22 - loss: 1.5815 - acc: 0.2830
 608/3458 [====>.........................] - ETA: 2:21 - loss: 1.5813 - acc: 0.2878
 640/3458 [====>.........................] - ETA: 2:19 - loss: 1.5797 - acc: 0.2937
 672/3458 [====>.........................] - ETA: 2:18 - loss: 1.5767 - acc: 0.3006
 704/3458 [=====>........................] - ETA: 2:16 - loss: 1.5767 - acc: 0.2969
 736/3458 [=====>........................] - ETA: 2:14 - loss: 1.5749 - acc: 0.3003
 768/3458 [=====>........................] - ETA: 2:13 - loss: 1.5707 - acc: 0.3034
 800/3458 [=====>........................] - ETA: 2:11 - loss: 1.5707 - acc: 0.3038
 832/3458 [======>.......................] - ETA: 2:10 - loss: 1.5679 - acc: 0.3041
 864/3458 [======>.......................] - ETA: 2:08 - loss: 1.5684 - acc: 0.3032
 896/3458 [======>.......................] - ETA: 2:06 - loss: 1.5693 - acc: 0.3013
 928/3458 [=======>......................] - ETA: 2:05 - loss: 1.5681 - acc: 0.3028
 960/3458 [=======>......................] - ETA: 2:03 - loss: 1.5680 - acc: 0.3063
 992/3458 [=======>......................] - ETA: 2:02 - loss: 1.5643 - acc: 0.3085
1024/3458 [=======>......................] - ETA: 2:00 - loss: 1.5623 - acc: 0.3086
1056/3458 [========>.....................] - ETA: 1:58 - loss: 1.5597 - acc: 0.3106
1088/3458 [========>.....................] - ETA: 1:57 - loss: 1.5587 - acc: 0.3088
1120/3458 [========>.....................] - ETA: 1:55 - loss: 1.5567 - acc: 0.3107
1152/3458 [========>.....................] - ETA: 1:54 - loss: 1.5593 - acc: 0.3099
1184/3458 [=========>....................] - ETA: 1:52 - loss: 1.5600 - acc: 0.3091
1216/3458 [=========>....................] - ETA: 1:50 - loss: 1.5594 - acc: 0.3067
1248/3458 [=========>....................] - ETA: 1:49 - loss: 1.5564 - acc: 0.3101
1280/3458 [==========>...................] - ETA: 1:47 - loss: 1.5546 - acc: 0.3133
1312/3458 [==========>...................] - ETA: 1:46 - loss: 1.5524 - acc: 0.3163
1344/3458 [==========>...................] - ETA: 1:44 - loss: 1.5524 - acc: 0.3132
1376/3458 [==========>...................] - ETA: 1:43 - loss: 1.5518 - acc: 0.3140
1408/3458 [===========>..................] - ETA: 1:41 - loss: 1.5523 - acc: 0.3118
1440/3458 [===========>..................] - ETA: 1:40 - loss: 1.5506 - acc: 0.3132
1472/3458 [===========>..................] - ETA: 1:38 - loss: 1.5504 - acc: 0.3098
1504/3458 [============>.................] - ETA: 1:37 - loss: 1.5523 - acc: 0.3092
1536/3458 [============>.................] - ETA: 1:35 - loss: 1.5503 - acc: 0.3086
1568/3458 [============>.................] - ETA: 1:33 - loss: 1.5513 - acc: 0.3093
1600/3458 [============>.................] - ETA: 1:32 - loss: 1.5502 - acc: 0.3113
1632/3458 [=============>................] - ETA: 1:30 - loss: 1.5502 - acc: 0.3094
1664/3458 [=============>................] - ETA: 1:29 - loss: 1.5510 - acc: 0.3095
1696/3458 [=============>................] - ETA: 1:27 - loss: 1.5518 - acc: 0.3078
1728/3458 [=============>................] - ETA: 1:25 - loss: 1.5523 - acc: 0.3056
1760/3458 [==============>...............] - ETA: 1:24 - loss: 1.5528 - acc: 0.3057
1792/3458 [==============>...............] - ETA: 1:22 - loss: 1.5527 - acc: 0.3080
1824/3458 [==============>...............] - ETA: 1:21 - loss: 1.5529 - acc: 0.3070
1856/3458 [===============>..............] - ETA: 1:19 - loss: 1.5540 - acc: 0.3033
1888/3458 [===============>..............] - ETA: 1:17 - loss: 1.5547 - acc: 0.3014
1920/3458 [===============>..............] - ETA: 1:16 - loss: 1.5566 - acc: 0.2979
1952/3458 [===============>..............] - ETA: 1:14 - loss: 1.5566 - acc: 0.3002
1984/3458 [================>.............] - ETA: 1:13 - loss: 1.5565 - acc: 0.2984
2016/3458 [================>.............] - ETA: 1:11 - loss: 1.5564 - acc: 0.2986
2048/3458 [================>.............] - ETA: 1:09 - loss: 1.5564 - acc: 0.3008
2080/3458 [=================>............] - ETA: 1:08 - loss: 1.5567 - acc: 0.3000
2112/3458 [=================>............] - ETA: 1:06 - loss: 1.5569 - acc: 0.2997
2144/3458 [=================>............] - ETA: 1:05 - loss: 1.5568 - acc: 0.2990
2176/3458 [=================>............] - ETA: 1:03 - loss: 1.5558 - acc: 0.3019
2208/3458 [==================>...........] - ETA: 1:02 - loss: 1.5577 - acc: 0.3021
2240/3458 [==================>...........] - ETA: 1:00 - loss: 1.5586 - acc: 0.3009
2272/3458 [==================>...........] - ETA: 58s - loss: 1.5584 - acc: 0.3019 
2304/3458 [==================>...........] - ETA: 57s - loss: 1.5566 - acc: 0.3034
2336/3458 [===================>..........] - ETA: 55s - loss: 1.5562 - acc: 0.3052
2368/3458 [===================>..........] - ETA: 54s - loss: 1.5542 - acc: 0.3062
2400/3458 [===================>..........] - ETA: 52s - loss: 1.5535 - acc: 0.3046
2432/3458 [====================>.........] - ETA: 50s - loss: 1.5512 - acc: 0.3059
2464/3458 [====================>.........] - ETA: 49s - loss: 1.5507 - acc: 0.3068
2496/3458 [====================>.........] - ETA: 47s - loss: 1.5508 - acc: 0.3081
2528/3458 [====================>.........] - ETA: 46s - loss: 1.5523 - acc: 0.3074
2560/3458 [=====================>........] - ETA: 44s - loss: 1.5523 - acc: 0.3070
2592/3458 [=====================>........] - ETA: 42s - loss: 1.5517 - acc: 0.3059
2624/3458 [=====================>........] - ETA: 41s - loss: 1.5519 - acc: 0.3056
2656/3458 [======================>.......] - ETA: 39s - loss: 1.5522 - acc: 0.3061
2688/3458 [======================>.......] - ETA: 38s - loss: 1.5521 - acc: 0.3054
2720/3458 [======================>.......] - ETA: 36s - loss: 1.5521 - acc: 0.3040
2752/3458 [======================>.......] - ETA: 35s - loss: 1.5523 - acc: 0.3034
2784/3458 [=======================>......] - ETA: 33s - loss: 1.5513 - acc: 0.3042
2816/3458 [=======================>......] - ETA: 31s - loss: 1.5517 - acc: 0.3033
2848/3458 [=======================>......] - ETA: 30s - loss: 1.5511 - acc: 0.3023
2880/3458 [=======================>......] - ETA: 28s - loss: 1.5510 - acc: 0.3024
2912/3458 [========================>.....] - ETA: 27s - loss: 1.5508 - acc: 0.3019
2944/3458 [========================>.....] - ETA: 25s - loss: 1.5506 - acc: 0.3013
2976/3458 [========================>.....] - ETA: 23s - loss: 1.5481 - acc: 0.3031
3008/3458 [=========================>....] - ETA: 22s - loss: 1.5473 - acc: 0.3032
3040/3458 [=========================>....] - ETA: 20s - loss: 1.5509 - acc: 0.3039
3072/3458 [=========================>....] - ETA: 19s - loss: 1.5518 - acc: 0.3037
3104/3458 [=========================>....] - ETA: 17s - loss: 1.5517 - acc: 0.3041
3136/3458 [==========================>...] - ETA: 15s - loss: 1.5514 - acc: 0.3039
3168/3458 [==========================>...] - ETA: 14s - loss: 1.5516 - acc: 0.3033
3200/3458 [==========================>...] - ETA: 12s - loss: 1.5512 - acc: 0.3031
3232/3458 [===========================>..] - ETA: 11s - loss: 1.5504 - acc: 0.3041
3264/3458 [===========================>..] - ETA: 9s - loss: 1.5500 - acc: 0.3058 
3296/3458 [===========================>..] - ETA: 8s - loss: 1.5501 - acc: 0.3052
3328/3458 [===========================>..] - ETA: 6s - loss: 1.5503 - acc: 0.3041
3360/3458 [============================>.] - ETA: 4s - loss: 1.5505 - acc: 0.3027
3392/3458 [============================>.] - ETA: 3s - loss: 1.5512 - acc: 0.3028
3424/3458 [============================>.] - ETA: 1s - loss: 1.5517 - acc: 0.3023
3456/3458 [============================>.] - ETA: 0s - loss: 1.5528 - acc: 0.3018
3458/3458 [==============================] - 172s 50ms/sample - loss: 1.5529 - acc: 0.3019

 32/865 [>.............................] - ETA: 7s - loss: 1.5548 - acc: 0.2188
 64/865 [=>............................] - ETA: 7s - loss: 1.5744 - acc: 0.2031
 96/865 [==>...........................] - ETA: 6s - loss: 1.5600 - acc: 0.2604
128/865 [===>..........................] - ETA: 6s - loss: 1.5648 - acc: 0.2422
160/865 [====>.........................] - ETA: 6s - loss: 1.5604 - acc: 0.2375
192/865 [=====>........................] - ETA: 6s - loss: 1.5606 - acc: 0.2344
224/865 [======>.......................] - ETA: 5s - loss: 1.5661 - acc: 0.2366
256/865 [=======>......................] - ETA: 5s - loss: 1.5704 - acc: 0.2305
288/865 [========>.....................] - ETA: 5s - loss: 1.5681 - acc: 0.2465
320/865 [==========>...................] - ETA: 4s - loss: 1.5781 - acc: 0.2406
352/865 [===========>..................] - ETA: 4s - loss: 1.5764 - acc: 0.2386
384/865 [============>.................] - ETA: 4s - loss: 1.5711 - acc: 0.2526
416/865 [=============>................] - ETA: 4s - loss: 1.5723 - acc: 0.2476
448/865 [==============>...............] - ETA: 3s - loss: 1.5789 - acc: 0.2455
480/865 [===============>..............] - ETA: 3s - loss: 1.5759 - acc: 0.2479
512/865 [================>.............] - ETA: 3s - loss: 1.5720 - acc: 0.2539
544/865 [=================>............] - ETA: 2s - loss: 1.5705 - acc: 0.2537
576/865 [==================>...........] - ETA: 2s - loss: 1.5695 - acc: 0.2552
608/865 [====================>.........] - ETA: 2s - loss: 1.5748 - acc: 0.2500
640/865 [=====================>........] - ETA: 2s - loss: 1.5723 - acc: 0.2484
672/865 [======================>.......] - ETA: 1s - loss: 1.5732 - acc: 0.2470
704/865 [=======================>......] - ETA: 1s - loss: 1.5738 - acc: 0.2443
736/865 [========================>.....] - ETA: 1s - loss: 1.5713 - acc: 0.2459
768/865 [=========================>....] - ETA: 0s - loss: 1.5679 - acc: 0.2487
800/865 [==========================>...] - ETA: 0s - loss: 1.5667 - acc: 0.2500
832/865 [===========================>..] - ETA: 0s - loss: 1.5659 - acc: 0.2476
864/865 [============================>.] - ETA: 0s - loss: 1.5646 - acc: 0.2477
865/865 [==============================] - 8s 9ms/sample - loss: 1.5654 - acc: 0.2474

  32/3458 [..............................] - ETA: 2:49 - loss: 1.5580 - acc: 0.2812
  64/3458 [..............................] - ETA: 2:48 - loss: 1.5519 - acc: 0.2969
  96/3458 [..............................] - ETA: 2:46 - loss: 1.5605 - acc: 0.2812
 128/3458 [>.............................] - ETA: 2:44 - loss: 1.5550 - acc: 0.2656
 160/3458 [>.............................] - ETA: 2:42 - loss: 1.5559 - acc: 0.2688
 192/3458 [>.............................] - ETA: 2:41 - loss: 1.5501 - acc: 0.2760
 224/3458 [>.............................] - ETA: 2:39 - loss: 1.5438 - acc: 0.2768
 256/3458 [=>............................] - ETA: 2:38 - loss: 1.5445 - acc: 0.2656
 288/3458 [=>............................] - ETA: 2:36 - loss: 1.5418 - acc: 0.2847
 320/3458 [=>............................] - ETA: 2:35 - loss: 1.5264 - acc: 0.2906
 352/3458 [==>...........................] - ETA: 2:34 - loss: 1.5236 - acc: 0.2898
 384/3458 [==>...........................] - ETA: 2:32 - loss: 1.5420 - acc: 0.2760
 416/3458 [==>...........................] - ETA: 2:31 - loss: 1.5362 - acc: 0.2861
 448/3458 [==>...........................] - ETA: 2:29 - loss: 1.5426 - acc: 0.2857
 480/3458 [===>..........................] - ETA: 2:27 - loss: 1.5374 - acc: 0.2854
 512/3458 [===>..........................] - ETA: 2:26 - loss: 1.5391 - acc: 0.2910
 544/3458 [===>..........................] - ETA: 2:24 - loss: 1.5381 - acc: 0.2941
 576/3458 [===>..........................] - ETA: 2:22 - loss: 1.5306 - acc: 0.3003
 608/3458 [====>.........................] - ETA: 2:21 - loss: 1.5236 - acc: 0.3059
 640/3458 [====>.........................] - ETA: 2:20 - loss: 1.5132 - acc: 0.3203
 672/3458 [====>.........................] - ETA: 2:18 - loss: 1.5186 - acc: 0.3199
 704/3458 [=====>........................] - ETA: 2:16 - loss: 1.5111 - acc: 0.3224
 736/3458 [=====>........................] - ETA: 2:14 - loss: 1.5002 - acc: 0.3234
 768/3458 [=====>........................] - ETA: 2:13 - loss: 1.4927 - acc: 0.3320
 800/3458 [=====>........................] - ETA: 2:11 - loss: 1.4854 - acc: 0.3388
 832/3458 [======>.......................] - ETA: 2:10 - loss: 1.4829 - acc: 0.3353
 864/3458 [======>.......................] - ETA: 2:08 - loss: 1.4731 - acc: 0.3438
 896/3458 [======>.......................] - ETA: 2:07 - loss: 1.4804 - acc: 0.3404
 928/3458 [=======>......................] - ETA: 2:05 - loss: 1.4696 - acc: 0.3459
 960/3458 [=======>......................] - ETA: 2:04 - loss: 1.4678 - acc: 0.3490
 992/3458 [=======>......................] - ETA: 2:02 - loss: 1.4578 - acc: 0.3538
1024/3458 [=======>......................] - ETA: 2:00 - loss: 1.4563 - acc: 0.3555
1056/3458 [========>.....................] - ETA: 1:59 - loss: 1.4518 - acc: 0.3570
1088/3458 [========>.....................] - ETA: 1:57 - loss: 1.4588 - acc: 0.3548
1120/3458 [========>.....................] - ETA: 1:56 - loss: 1.4609 - acc: 0.3554
1152/3458 [========>.....................] - ETA: 1:54 - loss: 1.4592 - acc: 0.3585
1184/3458 [=========>....................] - ETA: 1:52 - loss: 1.4563 - acc: 0.3640
1216/3458 [=========>....................] - ETA: 1:51 - loss: 1.4564 - acc: 0.3627
1248/3458 [=========>....................] - ETA: 1:49 - loss: 1.4529 - acc: 0.3678
1280/3458 [==========>...................] - ETA: 1:48 - loss: 1.4474 - acc: 0.3703
1312/3458 [==========>...................] - ETA: 1:46 - loss: 1.4505 - acc: 0.3704
1344/3458 [==========>...................] - ETA: 1:45 - loss: 1.4545 - acc: 0.3646
1376/3458 [==========>...................] - ETA: 1:43 - loss: 1.4543 - acc: 0.3641
1408/3458 [===========>..................] - ETA: 1:41 - loss: 1.4544 - acc: 0.3643
1440/3458 [===========>..................] - ETA: 1:40 - loss: 1.4538 - acc: 0.3667
1472/3458 [===========>..................] - ETA: 1:38 - loss: 1.4531 - acc: 0.3702
1504/3458 [============>.................] - ETA: 1:37 - loss: 1.4507 - acc: 0.3717
1536/3458 [============>.................] - ETA: 1:35 - loss: 1.4524 - acc: 0.3711
1568/3458 [============>.................] - ETA: 1:33 - loss: 1.4509 - acc: 0.3737
1600/3458 [============>.................] - ETA: 1:32 - loss: 1.4505 - acc: 0.3756
1632/3458 [=============>................] - ETA: 1:30 - loss: 1.4484 - acc: 0.3775
1664/3458 [=============>................] - ETA: 1:29 - loss: 1.4454 - acc: 0.3792
1696/3458 [=============>................] - ETA: 1:27 - loss: 1.4428 - acc: 0.3791
1728/3458 [=============>................] - ETA: 1:25 - loss: 1.4420 - acc: 0.3791
1760/3458 [==============>...............] - ETA: 1:24 - loss: 1.4412 - acc: 0.3795
1792/3458 [==============>...............] - ETA: 1:22 - loss: 1.4418 - acc: 0.3817
1824/3458 [==============>...............] - ETA: 1:21 - loss: 1.4411 - acc: 0.3821
1856/3458 [===============>..............] - ETA: 1:19 - loss: 1.4348 - acc: 0.3842
1888/3458 [===============>..............] - ETA: 1:17 - loss: 1.4298 - acc: 0.3872
1920/3458 [===============>..............] - ETA: 1:16 - loss: 1.4255 - acc: 0.3906
1952/3458 [===============>..............] - ETA: 1:14 - loss: 1.4275 - acc: 0.3914
1984/3458 [================>.............] - ETA: 1:13 - loss: 1.4234 - acc: 0.3942
2016/3458 [================>.............] - ETA: 1:11 - loss: 1.4405 - acc: 0.3914
2048/3458 [================>.............] - ETA: 1:10 - loss: 1.4474 - acc: 0.3911
2080/3458 [=================>............] - ETA: 1:08 - loss: 1.4448 - acc: 0.3909
2112/3458 [=================>............] - ETA: 1:06 - loss: 1.4496 - acc: 0.3925
2144/3458 [=================>............] - ETA: 1:05 - loss: 1.4516 - acc: 0.3923
2176/3458 [=================>............] - ETA: 1:03 - loss: 1.4502 - acc: 0.3920
2208/3458 [==================>...........] - ETA: 1:02 - loss: 1.4523 - acc: 0.3931
2240/3458 [==================>...........] - ETA: 1:00 - loss: 1.4511 - acc: 0.3955
2272/3458 [==================>...........] - ETA: 58s - loss: 1.4502 - acc: 0.3957 
2304/3458 [==================>...........] - ETA: 57s - loss: 1.4496 - acc: 0.3967
2336/3458 [===================>..........] - ETA: 55s - loss: 1.4488 - acc: 0.3960
2368/3458 [===================>..........] - ETA: 54s - loss: 1.4488 - acc: 0.3957
2400/3458 [===================>..........] - ETA: 52s - loss: 1.4507 - acc: 0.3954
2432/3458 [====================>.........] - ETA: 50s - loss: 1.4511 - acc: 0.3960
2464/3458 [====================>.........] - ETA: 49s - loss: 1.4516 - acc: 0.3953
2496/3458 [====================>.........] - ETA: 47s - loss: 1.4521 - acc: 0.3946
2528/3458 [====================>.........] - ETA: 46s - loss: 1.4510 - acc: 0.3956
2560/3458 [=====================>........] - ETA: 44s - loss: 1.4511 - acc: 0.3945
2592/3458 [=====================>........] - ETA: 43s - loss: 1.4494 - acc: 0.3958
2624/3458 [=====================>........] - ETA: 41s - loss: 1.4494 - acc: 0.3994
2656/3458 [======================>.......] - ETA: 39s - loss: 1.4478 - acc: 0.4006
2688/3458 [======================>.......] - ETA: 38s - loss: 1.4465 - acc: 0.4010
2720/3458 [======================>.......] - ETA: 36s - loss: 1.4470 - acc: 0.4000
2752/3458 [======================>.......] - ETA: 35s - loss: 1.4455 - acc: 0.4015
2784/3458 [=======================>......] - ETA: 33s - loss: 1.4449 - acc: 0.4023
2816/3458 [=======================>......] - ETA: 31s - loss: 1.4432 - acc: 0.4034
2848/3458 [=======================>......] - ETA: 30s - loss: 1.4459 - acc: 0.4017
2880/3458 [=======================>......] - ETA: 28s - loss: 1.4476 - acc: 0.3993
2912/3458 [========================>.....] - ETA: 27s - loss: 1.4476 - acc: 0.3990
2944/3458 [========================>.....] - ETA: 25s - loss: 1.4477 - acc: 0.3988
2976/3458 [========================>.....] - ETA: 23s - loss: 1.4475 - acc: 0.3992
3008/3458 [=========================>....] - ETA: 22s - loss: 1.4473 - acc: 0.3983
3040/3458 [=========================>....] - ETA: 20s - loss: 1.4478 - acc: 0.3984
3072/3458 [=========================>....] - ETA: 19s - loss: 1.4477 - acc: 0.3988
3104/3458 [=========================>....] - ETA: 17s - loss: 1.4458 - acc: 0.4005
3136/3458 [==========================>...] - ETA: 15s - loss: 1.4460 - acc: 0.4018
3168/3458 [==========================>...] - ETA: 14s - loss: 1.4455 - acc: 0.4021
3200/3458 [==========================>...] - ETA: 12s - loss: 1.4464 - acc: 0.4013
3232/3458 [===========================>..] - ETA: 11s - loss: 1.4449 - acc: 0.4025
3264/3458 [===========================>..] - ETA: 9s - loss: 1.4445 - acc: 0.4029 
3296/3458 [===========================>..] - ETA: 8s - loss: 1.4438 - acc: 0.4044
3328/3458 [===========================>..] - ETA: 6s - loss: 1.4457 - acc: 0.4044
3360/3458 [============================>.] - ETA: 4s - loss: 1.4455 - acc: 0.4051
3392/3458 [============================>.] - ETA: 3s - loss: 1.4466 - acc: 0.4048
3424/3458 [============================>.] - ETA: 1s - loss: 1.4462 - acc: 0.4042
3456/3458 [============================>.] - ETA: 0s - loss: 1.4459 - acc: 0.4039
3458/3458 [==============================] - 172s 50ms/sample - loss: 1.4459 - acc: 0.4040

 32/865 [>.............................] - ETA: 7s - loss: 1.4933 - acc: 0.2500
 64/865 [=>............................] - ETA: 7s - loss: 1.4238 - acc: 0.3125
 96/865 [==>...........................] - ETA: 7s - loss: 1.4127 - acc: 0.2917
128/865 [===>..........................] - ETA: 6s - loss: 1.4243 - acc: 0.3281
160/865 [====>.........................] - ETA: 6s - loss: 1.4277 - acc: 0.3500
192/865 [=====>........................] - ETA: 6s - loss: 1.4180 - acc: 0.3438
224/865 [======>.......................] - ETA: 5s - loss: 1.4325 - acc: 0.3348
256/865 [=======>......................] - ETA: 5s - loss: 1.4307 - acc: 0.3477
288/865 [========>.....................] - ETA: 5s - loss: 1.4221 - acc: 0.3611
320/865 [==========>...................] - ETA: 4s - loss: 1.4118 - acc: 0.3688
352/865 [===========>..................] - ETA: 4s - loss: 1.4101 - acc: 0.3807
384/865 [============>.................] - ETA: 4s - loss: 1.4137 - acc: 0.3854
416/865 [=============>................] - ETA: 4s - loss: 1.4204 - acc: 0.3726
448/865 [==============>...............] - ETA: 3s - loss: 1.4209 - acc: 0.3661
480/865 [===============>..............] - ETA: 3s - loss: 1.4409 - acc: 0.3625
512/865 [================>.............] - ETA: 3s - loss: 1.4428 - acc: 0.3652
544/865 [=================>............] - ETA: 2s - loss: 1.4431 - acc: 0.3713
576/865 [==================>...........] - ETA: 2s - loss: 1.4385 - acc: 0.3681
608/865 [====================>.........] - ETA: 2s - loss: 1.4360 - acc: 0.3668
640/865 [=====================>........] - ETA: 2s - loss: 1.4331 - acc: 0.3688
672/865 [======================>.......] - ETA: 1s - loss: 1.4269 - acc: 0.3705
704/865 [=======================>......] - ETA: 1s - loss: 1.4243 - acc: 0.3722
736/865 [========================>.....] - ETA: 1s - loss: 1.4169 - acc: 0.3818
768/865 [=========================>....] - ETA: 0s - loss: 1.4138 - acc: 0.3841
800/865 [==========================>...] - ETA: 0s - loss: 1.4101 - acc: 0.3887
832/865 [===========================>..] - ETA: 0s - loss: 1.4077 - acc: 0.3894
864/865 [============================>.] - ETA: 0s - loss: 1.4107 - acc: 0.3843
865/865 [==============================] - 8s 9ms/sample - loss: 1.4097 - acc: 0.3850

  32/3458 [..............................] - ETA: 2:46 - loss: 1.4971 - acc: 0.4688
  64/3458 [..............................] - ETA: 2:49 - loss: 1.4987 - acc: 0.3438
  96/3458 [..............................] - ETA: 2:47 - loss: 1.4213 - acc: 0.4167
 128/3458 [>.............................] - ETA: 2:46 - loss: 1.4089 - acc: 0.4219
 160/3458 [>.............................] - ETA: 2:44 - loss: 1.3802 - acc: 0.4250
 192/3458 [>.............................] - ETA: 2:43 - loss: 1.4017 - acc: 0.3854
 224/3458 [>.............................] - ETA: 2:41 - loss: 1.4138 - acc: 0.3839
 256/3458 [=>............................] - ETA: 2:40 - loss: 1.4051 - acc: 0.3945
 288/3458 [=>............................] - ETA: 2:38 - loss: 1.4028 - acc: 0.3924
 320/3458 [=>............................] - ETA: 2:36 - loss: 1.3882 - acc: 0.4000
 352/3458 [==>...........................] - ETA: 2:35 - loss: 1.3831 - acc: 0.4034
 384/3458 [==>...........................] - ETA: 2:33 - loss: 1.3892 - acc: 0.4036
 416/3458 [==>...........................] - ETA: 2:31 - loss: 1.3879 - acc: 0.4062
 448/3458 [==>...........................] - ETA: 2:30 - loss: 1.3926 - acc: 0.4040
 480/3458 [===>..........................] - ETA: 2:28 - loss: 1.3897 - acc: 0.4062
 512/3458 [===>..........................] - ETA: 2:27 - loss: 1.3985 - acc: 0.3945
 544/3458 [===>..........................] - ETA: 2:25 - loss: 1.3998 - acc: 0.3915
 576/3458 [===>..........................] - ETA: 2:24 - loss: 1.4010 - acc: 0.3854
 608/3458 [====>.........................] - ETA: 2:22 - loss: 1.3937 - acc: 0.3914
 640/3458 [====>.........................] - ETA: 2:20 - loss: 1.3938 - acc: 0.3859
 672/3458 [====>.........................] - ETA: 2:18 - loss: 1.3925 - acc: 0.3854
 704/3458 [=====>........................] - ETA: 2:17 - loss: 1.3818 - acc: 0.3935
 736/3458 [=====>........................] - ETA: 2:15 - loss: 1.3871 - acc: 0.3913
 768/3458 [=====>........................] - ETA: 2:14 - loss: 1.3896 - acc: 0.3893
 800/3458 [=====>........................] - ETA: 2:12 - loss: 1.3896 - acc: 0.3862
 832/3458 [======>.......................] - ETA: 2:11 - loss: 1.3938 - acc: 0.3822
 864/3458 [======>.......................] - ETA: 2:09 - loss: 1.3959 - acc: 0.3843
 896/3458 [======>.......................] - ETA: 2:07 - loss: 1.3990 - acc: 0.3772
 928/3458 [=======>......................] - ETA: 2:06 - loss: 1.3992 - acc: 0.3804
 960/3458 [=======>......................] - ETA: 2:04 - loss: 1.4045 - acc: 0.3844
 992/3458 [=======>......................] - ETA: 2:03 - loss: 1.4036 - acc: 0.3891
1024/3458 [=======>......................] - ETA: 2:01 - loss: 1.4072 - acc: 0.3867
1056/3458 [========>.....................] - ETA: 1:59 - loss: 1.4085 - acc: 0.3873
1088/3458 [========>.....................] - ETA: 1:58 - loss: 1.4102 - acc: 0.3860
1120/3458 [========>.....................] - ETA: 1:56 - loss: 1.4096 - acc: 0.3884
1152/3458 [========>.....................] - ETA: 1:55 - loss: 1.4068 - acc: 0.3898
1184/3458 [=========>....................] - ETA: 1:53 - loss: 1.4070 - acc: 0.3910
1216/3458 [=========>....................] - ETA: 1:51 - loss: 1.4057 - acc: 0.3931
1248/3458 [=========>....................] - ETA: 1:50 - loss: 1.4095 - acc: 0.3942
1280/3458 [==========>...................] - ETA: 1:48 - loss: 1.4093 - acc: 0.3953
1312/3458 [==========>...................] - ETA: 1:47 - loss: 1.4104 - acc: 0.3925
1344/3458 [==========>...................] - ETA: 1:45 - loss: 1.4049 - acc: 0.3958
1376/3458 [==========>...................] - ETA: 1:43 - loss: 1.4034 - acc: 0.3961
1408/3458 [===========>..................] - ETA: 1:42 - loss: 1.4017 - acc: 0.4006
1440/3458 [===========>..................] - ETA: 1:40 - loss: 1.3992 - acc: 0.4021
1472/3458 [===========>..................] - ETA: 1:39 - loss: 1.3961 - acc: 0.4042
1504/3458 [============>.................] - ETA: 1:37 - loss: 1.3962 - acc: 0.4056
1536/3458 [============>.................] - ETA: 1:35 - loss: 1.3944 - acc: 0.4043
1568/3458 [============>.................] - ETA: 1:34 - loss: 1.3978 - acc: 0.4011
1600/3458 [============>.................] - ETA: 1:32 - loss: 1.3956 - acc: 0.4019
1632/3458 [=============>................] - ETA: 1:31 - loss: 1.3948 - acc: 0.4020
1664/3458 [=============>................] - ETA: 1:29 - loss: 1.3907 - acc: 0.4044
1696/3458 [=============>................] - ETA: 1:27 - loss: 1.3930 - acc: 0.4021
1728/3458 [=============>................] - ETA: 1:26 - loss: 1.3899 - acc: 0.4057
1760/3458 [==============>...............] - ETA: 1:24 - loss: 1.3906 - acc: 0.4051
1792/3458 [==============>...............] - ETA: 1:23 - loss: 1.3913 - acc: 0.4046
1824/3458 [==============>...............] - ETA: 1:21 - loss: 1.3913 - acc: 0.4068
1856/3458 [===============>..............] - ETA: 1:19 - loss: 1.3924 - acc: 0.4046
1888/3458 [===============>..............] - ETA: 1:18 - loss: 1.3903 - acc: 0.4073
1920/3458 [===============>..............] - ETA: 1:16 - loss: 1.3916 - acc: 0.4073
1952/3458 [===============>..............] - ETA: 1:15 - loss: 1.3904 - acc: 0.4088
1984/3458 [================>.............] - ETA: 1:13 - loss: 1.3898 - acc: 0.4098
2016/3458 [================>.............] - ETA: 1:11 - loss: 1.3896 - acc: 0.4107
2048/3458 [================>.............] - ETA: 1:10 - loss: 1.3902 - acc: 0.4106
2080/3458 [=================>............] - ETA: 1:08 - loss: 1.3906 - acc: 0.4091
2112/3458 [=================>............] - ETA: 1:07 - loss: 1.3891 - acc: 0.4100
2144/3458 [=================>............] - ETA: 1:05 - loss: 1.3900 - acc: 0.4086
2176/3458 [=================>............] - ETA: 1:03 - loss: 1.3886 - acc: 0.4090
2208/3458 [==================>...........] - ETA: 1:02 - loss: 1.3883 - acc: 0.4090
2240/3458 [==================>...........] - ETA: 1:00 - loss: 1.3895 - acc: 0.4089
2272/3458 [==================>...........] - ETA: 59s - loss: 1.3894 - acc: 0.4089 
2304/3458 [==================>...........] - ETA: 57s - loss: 1.3952 - acc: 0.4080
2336/3458 [===================>..........] - ETA: 55s - loss: 1.3958 - acc: 0.4084
2368/3458 [===================>..........] - ETA: 54s - loss: 1.3932 - acc: 0.4105
2400/3458 [===================>..........] - ETA: 52s - loss: 1.3918 - acc: 0.4117
2432/3458 [====================>.........] - ETA: 51s - loss: 1.3910 - acc: 0.4124
2464/3458 [====================>.........] - ETA: 49s - loss: 1.3910 - acc: 0.4123
2496/3458 [====================>.........] - ETA: 47s - loss: 1.3897 - acc: 0.4127
2528/3458 [====================>.........] - ETA: 46s - loss: 1.3913 - acc: 0.4110
2560/3458 [=====================>........] - ETA: 44s - loss: 1.3926 - acc: 0.4090
2592/3458 [=====================>........] - ETA: 43s - loss: 1.3945 - acc: 0.4086
2624/3458 [=====================>........] - ETA: 41s - loss: 1.3943 - acc: 0.4085
2656/3458 [======================>.......] - ETA: 39s - loss: 1.3942 - acc: 0.4074
2688/3458 [======================>.......] - ETA: 38s - loss: 1.3933 - acc: 0.4074
2720/3458 [======================>.......] - ETA: 36s - loss: 1.3940 - acc: 0.4074
2752/3458 [======================>.......] - ETA: 35s - loss: 1.3934 - acc: 0.4066
2784/3458 [=======================>......] - ETA: 33s - loss: 1.3941 - acc: 0.4070
2816/3458 [=======================>......] - ETA: 32s - loss: 1.3932 - acc: 0.4094
2848/3458 [=======================>......] - ETA: 30s - loss: 1.3921 - acc: 0.4094
2880/3458 [=======================>......] - ETA: 28s - loss: 1.3914 - acc: 0.4104
2912/3458 [========================>.....] - ETA: 27s - loss: 1.3907 - acc: 0.4107
2944/3458 [========================>.....] - ETA: 25s - loss: 1.3925 - acc: 0.4086
2976/3458 [========================>.....] - ETA: 24s - loss: 1.3920 - acc: 0.4073
3008/3458 [=========================>....] - ETA: 22s - loss: 1.3926 - acc: 0.4072
3040/3458 [=========================>....] - ETA: 20s - loss: 1.3916 - acc: 0.4066
3072/3458 [=========================>....] - ETA: 19s - loss: 1.3930 - acc: 0.4059
3104/3458 [=========================>....] - ETA: 17s - loss: 1.3922 - acc: 0.4066
3136/3458 [==========================>...] - ETA: 16s - loss: 1.3927 - acc: 0.4062
3168/3458 [==========================>...] - ETA: 14s - loss: 1.3925 - acc: 0.4078
3200/3458 [==========================>...] - ETA: 12s - loss: 1.3911 - acc: 0.4081
3232/3458 [===========================>..] - ETA: 11s - loss: 1.3900 - acc: 0.4090
3264/3458 [===========================>..] - ETA: 9s - loss: 1.3903 - acc: 0.4099 
3296/3458 [===========================>..] - ETA: 8s - loss: 1.3889 - acc: 0.4090
3328/3458 [===========================>..] - ETA: 6s - loss: 1.3897 - acc: 0.4081
3360/3458 [============================>.] - ETA: 4s - loss: 1.3895 - acc: 0.4077
3392/3458 [============================>.] - ETA: 3s - loss: 1.3910 - acc: 0.4060
3424/3458 [============================>.] - ETA: 1s - loss: 1.3912 - acc: 0.4057
3456/3458 [============================>.] - ETA: 0s - loss: 1.3910 - acc: 0.4060
3458/3458 [==============================] - 173s 50ms/sample - loss: 1.3909 - acc: 0.4063

 32/865 [>.............................] - ETA: 8s - loss: 1.4641 - acc: 0.2812
 64/865 [=>............................] - ETA: 7s - loss: 1.4018 - acc: 0.3281
 96/865 [==>...........................] - ETA: 6s - loss: 1.3759 - acc: 0.3125
128/865 [===>..........................] - ETA: 6s - loss: 1.3722 - acc: 0.3359
160/865 [====>.........................] - ETA: 6s - loss: 1.3800 - acc: 0.3500
192/865 [=====>........................] - ETA: 6s - loss: 1.3762 - acc: 0.3542
224/865 [======>.......................] - ETA: 5s - loss: 1.3876 - acc: 0.3438
256/865 [=======>......................] - ETA: 5s - loss: 1.3812 - acc: 0.3516
288/865 [========>.....................] - ETA: 5s - loss: 1.3766 - acc: 0.3611
320/865 [==========>...................] - ETA: 4s - loss: 1.3675 - acc: 0.3688
352/865 [===========>..................] - ETA: 4s - loss: 1.3614 - acc: 0.3750
384/865 [============>.................] - ETA: 4s - loss: 1.3673 - acc: 0.3906
416/865 [=============>................] - ETA: 4s - loss: 1.3715 - acc: 0.3774
448/865 [==============>...............] - ETA: 3s - loss: 1.3757 - acc: 0.3772
480/865 [===============>..............] - ETA: 3s - loss: 1.3873 - acc: 0.3729
512/865 [================>.............] - ETA: 3s - loss: 1.3854 - acc: 0.3789
544/865 [=================>............] - ETA: 2s - loss: 1.3849 - acc: 0.3860
576/865 [==================>...........] - ETA: 2s - loss: 1.3831 - acc: 0.3785
608/865 [====================>.........] - ETA: 2s - loss: 1.3845 - acc: 0.3766
640/865 [=====================>........] - ETA: 2s - loss: 1.3828 - acc: 0.3766
672/865 [======================>.......] - ETA: 1s - loss: 1.3794 - acc: 0.3795
704/865 [=======================>......] - ETA: 1s - loss: 1.3754 - acc: 0.3821
736/865 [========================>.....] - ETA: 1s - loss: 1.3700 - acc: 0.3913
768/865 [=========================>....] - ETA: 0s - loss: 1.3652 - acc: 0.3945
800/865 [==========================>...] - ETA: 0s - loss: 1.3616 - acc: 0.4000
832/865 [===========================>..] - ETA: 0s - loss: 1.3556 - acc: 0.4014
864/865 [============================>.] - ETA: 0s - loss: 1.3558 - acc: 0.4028
865/865 [==============================] - 8s 9ms/sample - loss: 1.3555 - acc: 0.4035

  32/3458 [..............................] - ETA: 2:51 - loss: 1.3126 - acc: 0.4375
  64/3458 [..............................] - ETA: 2:49 - loss: 1.2742 - acc: 0.4688
  96/3458 [..............................] - ETA: 2:47 - loss: 1.2266 - acc: 0.4896
 128/3458 [>.............................] - ETA: 2:44 - loss: 1.2236 - acc: 0.4766
 160/3458 [>.............................] - ETA: 2:44 - loss: 1.2742 - acc: 0.4563
 192/3458 [>.............................] - ETA: 2:42 - loss: 1.3046 - acc: 0.4323
 224/3458 [>.............................] - ETA: 2:40 - loss: 1.3105 - acc: 0.4330
 256/3458 [=>............................] - ETA: 2:39 - loss: 1.3090 - acc: 0.4297
 288/3458 [=>............................] - ETA: 2:37 - loss: 1.3163 - acc: 0.4201
 320/3458 [=>............................] - ETA: 2:36 - loss: 1.3109 - acc: 0.4187
 352/3458 [==>...........................] - ETA: 2:34 - loss: 1.3184 - acc: 0.4119
 384/3458 [==>...........................] - ETA: 2:32 - loss: 1.3137 - acc: 0.4193
 416/3458 [==>...........................] - ETA: 2:31 - loss: 1.3270 - acc: 0.4135
 448/3458 [==>...........................] - ETA: 2:29 - loss: 1.3315 - acc: 0.4152
 480/3458 [===>..........................] - ETA: 2:28 - loss: 1.3233 - acc: 0.4167
 512/3458 [===>..........................] - ETA: 2:26 - loss: 1.3147 - acc: 0.4180
 544/3458 [===>..........................] - ETA: 2:24 - loss: 1.3194 - acc: 0.4154
 576/3458 [===>..........................] - ETA: 2:23 - loss: 1.3347 - acc: 0.4201
 608/3458 [====>.........................] - ETA: 2:22 - loss: 1.3316 - acc: 0.4276
 640/3458 [====>.........................] - ETA: 2:20 - loss: 1.3479 - acc: 0.4313
 672/3458 [====>.........................] - ETA: 2:18 - loss: 1.3491 - acc: 0.4315
 704/3458 [=====>........................] - ETA: 2:17 - loss: 1.3495 - acc: 0.4290
 736/3458 [=====>........................] - ETA: 2:15 - loss: 1.3602 - acc: 0.4280
 768/3458 [=====>........................] - ETA: 2:13 - loss: 1.3579 - acc: 0.4310
 800/3458 [=====>........................] - ETA: 2:12 - loss: 1.3627 - acc: 0.4250
 832/3458 [======>.......................] - ETA: 2:10 - loss: 1.3612 - acc: 0.4243
 864/3458 [======>.......................] - ETA: 2:08 - loss: 1.3625 - acc: 0.4201
 896/3458 [======>.......................] - ETA: 2:07 - loss: 1.3617 - acc: 0.4152
 928/3458 [=======>......................] - ETA: 2:05 - loss: 1.3621 - acc: 0.4138
 960/3458 [=======>......................] - ETA: 2:04 - loss: 1.3574 - acc: 0.4146
 992/3458 [=======>......................] - ETA: 2:02 - loss: 1.3615 - acc: 0.4133
1024/3458 [=======>......................] - ETA: 2:01 - loss: 1.3605 - acc: 0.4170
1056/3458 [========>.....................] - ETA: 1:59 - loss: 1.3548 - acc: 0.4167
1088/3458 [========>.....................] - ETA: 1:57 - loss: 1.3541 - acc: 0.4173
1120/3458 [========>.....................] - ETA: 1:56 - loss: 1.3612 - acc: 0.4143
1152/3458 [========>.....................] - ETA: 1:54 - loss: 1.3576 - acc: 0.4175
1184/3458 [=========>....................] - ETA: 1:53 - loss: 1.3506 - acc: 0.4240
1216/3458 [=========>....................] - ETA: 1:51 - loss: 1.3520 - acc: 0.4219
1248/3458 [=========>....................] - ETA: 1:50 - loss: 1.3475 - acc: 0.4247
1280/3458 [==========>...................] - ETA: 1:48 - loss: 1.3443 - acc: 0.4266
1312/3458 [==========>...................] - ETA: 1:46 - loss: 1.3411 - acc: 0.4268
1344/3458 [==========>...................] - ETA: 1:45 - loss: 1.3348 - acc: 0.4301
1376/3458 [==========>...................] - ETA: 1:43 - loss: 1.3345 - acc: 0.4302
1408/3458 [===========>..................] - ETA: 1:42 - loss: 1.3362 - acc: 0.4304
1440/3458 [===========>..................] - ETA: 1:40 - loss: 1.3378 - acc: 0.4306
1472/3458 [===========>..................] - ETA: 1:38 - loss: 1.3352 - acc: 0.4321
1504/3458 [============>.................] - ETA: 1:37 - loss: 1.3357 - acc: 0.4322
1536/3458 [============>.................] - ETA: 1:35 - loss: 1.3353 - acc: 0.4329
1568/3458 [============>.................] - ETA: 1:34 - loss: 1.3349 - acc: 0.4324
1600/3458 [============>.................] - ETA: 1:32 - loss: 1.3315 - acc: 0.4344
1632/3458 [=============>................] - ETA: 1:30 - loss: 1.3299 - acc: 0.4375
1664/3458 [=============>................] - ETA: 1:29 - loss: 1.3304 - acc: 0.4375
1696/3458 [=============>................] - ETA: 1:27 - loss: 1.3319 - acc: 0.4375
1728/3458 [=============>................] - ETA: 1:26 - loss: 1.3297 - acc: 0.4410
1760/3458 [==============>...............] - ETA: 1:24 - loss: 1.3284 - acc: 0.4449
1792/3458 [==============>...............] - ETA: 1:23 - loss: 1.3254 - acc: 0.4470
1824/3458 [==============>...............] - ETA: 1:21 - loss: 1.3227 - acc: 0.4490
1856/3458 [===============>..............] - ETA: 1:19 - loss: 1.3218 - acc: 0.4467
1888/3458 [===============>..............] - ETA: 1:18 - loss: 1.3216 - acc: 0.4481
1920/3458 [===============>..............] - ETA: 1:16 - loss: 1.3221 - acc: 0.4464
1952/3458 [===============>..............] - ETA: 1:15 - loss: 1.3210 - acc: 0.4472
1984/3458 [================>.............] - ETA: 1:13 - loss: 1.3218 - acc: 0.4476
2016/3458 [================>.............] - ETA: 1:11 - loss: 1.3231 - acc: 0.4454
2048/3458 [================>.............] - ETA: 1:10 - loss: 1.3245 - acc: 0.4458
2080/3458 [=================>............] - ETA: 1:08 - loss: 1.3246 - acc: 0.4457
2112/3458 [=================>............] - ETA: 1:07 - loss: 1.3251 - acc: 0.4470
2144/3458 [=================>............] - ETA: 1:05 - loss: 1.3244 - acc: 0.4482
2176/3458 [=================>............] - ETA: 1:03 - loss: 1.3232 - acc: 0.4494
2208/3458 [==================>...........] - ETA: 1:02 - loss: 1.3247 - acc: 0.4493
2240/3458 [==================>...........] - ETA: 1:00 - loss: 1.3220 - acc: 0.4504
2272/3458 [==================>...........] - ETA: 59s - loss: 1.3232 - acc: 0.4503 
2304/3458 [==================>...........] - ETA: 57s - loss: 1.3251 - acc: 0.4475
2336/3458 [===================>..........] - ETA: 55s - loss: 1.3243 - acc: 0.4473
2368/3458 [===================>..........] - ETA: 54s - loss: 1.3222 - acc: 0.4468
2400/3458 [===================>..........] - ETA: 52s - loss: 1.3202 - acc: 0.4483
2432/3458 [====================>.........] - ETA: 51s - loss: 1.3206 - acc: 0.4498
2464/3458 [====================>.........] - ETA: 49s - loss: 1.3223 - acc: 0.4493
2496/3458 [====================>.........] - ETA: 47s - loss: 1.3196 - acc: 0.4515
2528/3458 [====================>.........] - ETA: 46s - loss: 1.3193 - acc: 0.4525
2560/3458 [=====================>........] - ETA: 44s - loss: 1.3176 - acc: 0.4551
2592/3458 [=====================>........] - ETA: 43s - loss: 1.3177 - acc: 0.4549
2624/3458 [=====================>........] - ETA: 41s - loss: 1.3168 - acc: 0.4562
2656/3458 [======================>.......] - ETA: 39s - loss: 1.3173 - acc: 0.4544
2688/3458 [======================>.......] - ETA: 38s - loss: 1.3165 - acc: 0.4550
2720/3458 [======================>.......] - ETA: 36s - loss: 1.3160 - acc: 0.4563
2752/3458 [======================>.......] - ETA: 35s - loss: 1.3154 - acc: 0.4564
2784/3458 [=======================>......] - ETA: 33s - loss: 1.3143 - acc: 0.4562
2816/3458 [=======================>......] - ETA: 31s - loss: 1.3147 - acc: 0.4556
2848/3458 [=======================>......] - ETA: 30s - loss: 1.3136 - acc: 0.4561
2880/3458 [=======================>......] - ETA: 28s - loss: 1.3143 - acc: 0.4559
2912/3458 [========================>.....] - ETA: 27s - loss: 1.3134 - acc: 0.4560
2944/3458 [========================>.....] - ETA: 25s - loss: 1.3120 - acc: 0.4565
2976/3458 [========================>.....] - ETA: 23s - loss: 1.3134 - acc: 0.4563
3008/3458 [=========================>....] - ETA: 22s - loss: 1.3132 - acc: 0.4564
3040/3458 [=========================>....] - ETA: 20s - loss: 1.3127 - acc: 0.4566
3072/3458 [=========================>....] - ETA: 19s - loss: 1.3130 - acc: 0.4564
3104/3458 [=========================>....] - ETA: 17s - loss: 1.3132 - acc: 0.4565
3136/3458 [==========================>...] - ETA: 16s - loss: 1.3119 - acc: 0.4576
3168/3458 [==========================>...] - ETA: 14s - loss: 1.3122 - acc: 0.4574
3200/3458 [==========================>...] - ETA: 12s - loss: 1.3120 - acc: 0.4578
3232/3458 [===========================>..] - ETA: 11s - loss: 1.3116 - acc: 0.4582
3264/3458 [===========================>..] - ETA: 9s - loss: 1.3113 - acc: 0.4574 
3296/3458 [===========================>..] - ETA: 8s - loss: 1.3106 - acc: 0.4578
3328/3458 [===========================>..] - ETA: 6s - loss: 1.3113 - acc: 0.4579
3360/3458 [============================>.] - ETA: 4s - loss: 1.3133 - acc: 0.4568
3392/3458 [============================>.] - ETA: 3s - loss: 1.3134 - acc: 0.4558
3424/3458 [============================>.] - ETA: 1s - loss: 1.3118 - acc: 0.4574
3456/3458 [============================>.] - ETA: 0s - loss: 1.3114 - acc: 0.4569
3458/3458 [==============================] - 173s 50ms/sample - loss: 1.3110 - acc: 0.4572

 32/865 [>.............................] - ETA: 7s - loss: 1.3796 - acc: 0.3438
 64/865 [=>............................] - ETA: 7s - loss: 1.3574 - acc: 0.3750
 96/865 [==>...........................] - ETA: 6s - loss: 1.3325 - acc: 0.3646
128/865 [===>..........................] - ETA: 6s - loss: 1.3284 - acc: 0.3750
160/865 [====>.........................] - ETA: 6s - loss: 1.3400 - acc: 0.4000
192/865 [=====>........................] - ETA: 6s - loss: 1.3202 - acc: 0.4010
224/865 [======>.......................] - ETA: 5s - loss: 1.3418 - acc: 0.3884
256/865 [=======>......................] - ETA: 5s - loss: 1.3318 - acc: 0.3867
288/865 [========>.....................] - ETA: 5s - loss: 1.3332 - acc: 0.3889
320/865 [==========>...................] - ETA: 4s - loss: 1.3261 - acc: 0.3969
352/865 [===========>..................] - ETA: 4s - loss: 1.3171 - acc: 0.3949
384/865 [============>.................] - ETA: 4s - loss: 1.3282 - acc: 0.4115
416/865 [=============>................] - ETA: 4s - loss: 1.3380 - acc: 0.3966
448/865 [==============>...............] - ETA: 3s - loss: 1.3388 - acc: 0.3996
480/865 [===============>..............] - ETA: 3s - loss: 1.3581 - acc: 0.3958
512/865 [================>.............] - ETA: 3s - loss: 1.3605 - acc: 0.3984
544/865 [=================>............] - ETA: 2s - loss: 1.3624 - acc: 0.3971
576/865 [==================>...........] - ETA: 2s - loss: 1.3618 - acc: 0.3958
608/865 [====================>.........] - ETA: 2s - loss: 1.3604 - acc: 0.3997
640/865 [=====================>........] - ETA: 2s - loss: 1.3586 - acc: 0.4062
672/865 [======================>.......] - ETA: 1s - loss: 1.3499 - acc: 0.4092
704/865 [=======================>......] - ETA: 1s - loss: 1.3518 - acc: 0.4148
736/865 [========================>.....] - ETA: 1s - loss: 1.3440 - acc: 0.4185
768/865 [=========================>....] - ETA: 0s - loss: 1.3375 - acc: 0.4219
800/865 [==========================>...] - ETA: 0s - loss: 1.3332 - acc: 0.4275
832/865 [===========================>..] - ETA: 0s - loss: 1.3271 - acc: 0.4303
864/865 [============================>.] - ETA: 0s - loss: 1.3300 - acc: 0.4294
865/865 [==============================] - 8s 9ms/sample - loss: 1.3291 - acc: 0.4301
