For Dropout_1=0.6 Dropout_2=0.0
daisy loaded
dandelion loaded
rose loaded
sunflower loaded
tulip loaded

  32/3458 [..............................] - ETA: 3:06 - loss: 1.6100 - acc: 0.1562
  64/3458 [..............................] - ETA: 2:55 - loss: 8.2471 - acc: 0.1719
  96/3458 [..............................] - ETA: 2:51 - loss: 10.9210 - acc: 0.2292
 128/3458 [>.............................] - ETA: 2:48 - loss: 10.6677 - acc: 0.2344
 160/3458 [>.............................] - ETA: 2:46 - loss: 9.9079 - acc: 0.2125 
 192/3458 [>.............................] - ETA: 2:44 - loss: 8.5146 - acc: 0.2552
 224/3458 [>.............................] - ETA: 2:42 - loss: 7.5569 - acc: 0.2545
 256/3458 [=>............................] - ETA: 2:40 - loss: 6.7992 - acc: 0.2695
 288/3458 [=>............................] - ETA: 2:38 - loss: 6.2231 - acc: 0.2569
 320/3458 [=>............................] - ETA: 2:36 - loss: 5.7624 - acc: 0.2500
 352/3458 [==>...........................] - ETA: 2:34 - loss: 5.3789 - acc: 0.2443
 384/3458 [==>...........................] - ETA: 2:32 - loss: 5.0602 - acc: 0.2448
 416/3458 [==>...........................] - ETA: 2:30 - loss: 4.7891 - acc: 0.2452
 448/3458 [==>...........................] - ETA: 2:29 - loss: 4.5557 - acc: 0.2478
 480/3458 [===>..........................] - ETA: 2:27 - loss: 4.3595 - acc: 0.2417
 512/3458 [===>..........................] - ETA: 2:25 - loss: 4.1829 - acc: 0.2363
 544/3458 [===>..........................] - ETA: 2:24 - loss: 4.0311 - acc: 0.2261
 576/3458 [===>..........................] - ETA: 2:22 - loss: 3.8953 - acc: 0.2222
 608/3458 [====>.........................] - ETA: 2:20 - loss: 3.7710 - acc: 0.2286
 640/3458 [====>.........................] - ETA: 2:19 - loss: 3.6557 - acc: 0.2344
 672/3458 [====>.........................] - ETA: 2:17 - loss: 3.5473 - acc: 0.2396
 704/3458 [=====>........................] - ETA: 2:15 - loss: 3.4512 - acc: 0.2429
 736/3458 [=====>........................] - ETA: 2:14 - loss: 3.3537 - acc: 0.2418
 768/3458 [=====>........................] - ETA: 2:12 - loss: 3.2787 - acc: 0.2435
 800/3458 [=====>........................] - ETA: 2:11 - loss: 3.2075 - acc: 0.2488
 832/3458 [======>.......................] - ETA: 2:09 - loss: 3.1404 - acc: 0.2524
 864/3458 [======>.......................] - ETA: 2:07 - loss: 3.0823 - acc: 0.2535
 896/3458 [======>.......................] - ETA: 2:06 - loss: 3.0245 - acc: 0.2589
 928/3458 [=======>......................] - ETA: 2:04 - loss: 2.9708 - acc: 0.2629
 960/3458 [=======>......................] - ETA: 2:03 - loss: 2.9197 - acc: 0.2688
 992/3458 [=======>......................] - ETA: 2:01 - loss: 2.8742 - acc: 0.2722
1024/3458 [=======>......................] - ETA: 1:59 - loss: 2.8258 - acc: 0.2773
1056/3458 [========>.....................] - ETA: 1:58 - loss: 2.7857 - acc: 0.2775
1088/3458 [========>.....................] - ETA: 1:56 - loss: 2.7406 - acc: 0.2794
1120/3458 [========>.....................] - ETA: 1:55 - loss: 2.7036 - acc: 0.2839
1152/3458 [========>.....................] - ETA: 1:53 - loss: 2.6663 - acc: 0.2839
1184/3458 [=========>....................] - ETA: 1:51 - loss: 2.6343 - acc: 0.2889
1216/3458 [=========>....................] - ETA: 1:50 - loss: 2.5997 - acc: 0.2928
1248/3458 [=========>....................] - ETA: 1:48 - loss: 2.5701 - acc: 0.2941
1280/3458 [==========>...................] - ETA: 1:47 - loss: 2.5422 - acc: 0.2945
1312/3458 [==========>...................] - ETA: 1:45 - loss: 2.5141 - acc: 0.2980
1344/3458 [==========>...................] - ETA: 1:44 - loss: 2.4902 - acc: 0.3013
1376/3458 [==========>...................] - ETA: 1:42 - loss: 2.4666 - acc: 0.3052
1408/3458 [===========>..................] - ETA: 1:41 - loss: 2.4447 - acc: 0.3068
1440/3458 [===========>..................] - ETA: 1:39 - loss: 2.4224 - acc: 0.3056
1472/3458 [===========>..................] - ETA: 1:37 - loss: 2.4011 - acc: 0.3071
1504/3458 [============>.................] - ETA: 1:36 - loss: 2.3814 - acc: 0.3085
1536/3458 [============>.................] - ETA: 1:34 - loss: 2.3608 - acc: 0.3105
1568/3458 [============>.................] - ETA: 1:33 - loss: 2.3490 - acc: 0.3112
1600/3458 [============>.................] - ETA: 1:31 - loss: 2.3308 - acc: 0.3119
1632/3458 [=============>................] - ETA: 1:30 - loss: 2.3121 - acc: 0.3162
1664/3458 [=============>................] - ETA: 1:28 - loss: 2.2950 - acc: 0.3203
1696/3458 [=============>................] - ETA: 1:26 - loss: 2.2772 - acc: 0.3225
1728/3458 [=============>................] - ETA: 1:25 - loss: 2.2646 - acc: 0.3241
1760/3458 [==============>...............] - ETA: 1:23 - loss: 2.2498 - acc: 0.3273
1792/3458 [==============>...............] - ETA: 1:22 - loss: 2.2345 - acc: 0.3315
1824/3458 [==============>...............] - ETA: 1:20 - loss: 2.2186 - acc: 0.3333
1856/3458 [===============>..............] - ETA: 1:19 - loss: 2.2054 - acc: 0.3346
1888/3458 [===============>..............] - ETA: 1:17 - loss: 2.1933 - acc: 0.3363
1920/3458 [===============>..............] - ETA: 1:15 - loss: 2.1821 - acc: 0.3359
1952/3458 [===============>..............] - ETA: 1:14 - loss: 2.1701 - acc: 0.3361
1984/3458 [================>.............] - ETA: 1:12 - loss: 2.1581 - acc: 0.3362
2016/3458 [================>.............] - ETA: 1:11 - loss: 2.1480 - acc: 0.3388
2048/3458 [================>.............] - ETA: 1:09 - loss: 2.1345 - acc: 0.3418
2080/3458 [=================>............] - ETA: 1:07 - loss: 2.1237 - acc: 0.3433
2112/3458 [=================>............] - ETA: 1:06 - loss: 2.1112 - acc: 0.3438
2144/3458 [=================>............] - ETA: 1:04 - loss: 2.1003 - acc: 0.3456
2176/3458 [=================>............] - ETA: 1:03 - loss: 2.0903 - acc: 0.3474
2208/3458 [==================>...........] - ETA: 1:01 - loss: 2.0818 - acc: 0.3469
2240/3458 [==================>...........] - ETA: 1:00 - loss: 2.0705 - acc: 0.3487
2272/3458 [==================>...........] - ETA: 58s - loss: 2.0605 - acc: 0.3512 
2304/3458 [==================>...........] - ETA: 56s - loss: 2.0517 - acc: 0.3537
2336/3458 [===================>..........] - ETA: 55s - loss: 2.0413 - acc: 0.3545
2368/3458 [===================>..........] - ETA: 53s - loss: 2.0319 - acc: 0.3556
2400/3458 [===================>..........] - ETA: 52s - loss: 2.0226 - acc: 0.3567
2432/3458 [====================>.........] - ETA: 50s - loss: 2.0139 - acc: 0.3573
2464/3458 [====================>.........] - ETA: 49s - loss: 2.0059 - acc: 0.3600
2496/3458 [====================>.........] - ETA: 47s - loss: 2.0048 - acc: 0.3602
2528/3458 [====================>.........] - ETA: 45s - loss: 1.9972 - acc: 0.3604
2560/3458 [=====================>........] - ETA: 44s - loss: 1.9886 - acc: 0.3637
2592/3458 [=====================>........] - ETA: 42s - loss: 1.9801 - acc: 0.3654
2624/3458 [=====================>........] - ETA: 41s - loss: 1.9741 - acc: 0.3647
2656/3458 [======================>.......] - ETA: 39s - loss: 1.9670 - acc: 0.3633
2688/3458 [======================>.......] - ETA: 37s - loss: 1.9638 - acc: 0.3642
2720/3458 [======================>.......] - ETA: 36s - loss: 1.9578 - acc: 0.3654
2752/3458 [======================>.......] - ETA: 34s - loss: 1.9500 - acc: 0.3670
2784/3458 [=======================>......] - ETA: 33s - loss: 1.9438 - acc: 0.3678
2816/3458 [=======================>......] - ETA: 31s - loss: 1.9364 - acc: 0.3679
2848/3458 [=======================>......] - ETA: 30s - loss: 1.9326 - acc: 0.3659
2880/3458 [=======================>......] - ETA: 28s - loss: 1.9275 - acc: 0.3660
2912/3458 [========================>.....] - ETA: 26s - loss: 1.9219 - acc: 0.3674
2944/3458 [========================>.....] - ETA: 25s - loss: 1.9169 - acc: 0.3668
2976/3458 [========================>.....] - ETA: 23s - loss: 1.9121 - acc: 0.3673
3008/3458 [=========================>....] - ETA: 22s - loss: 1.9075 - acc: 0.3667
3040/3458 [=========================>....] - ETA: 20s - loss: 1.9038 - acc: 0.3668
3072/3458 [=========================>....] - ETA: 19s - loss: 1.8993 - acc: 0.3669
3104/3458 [=========================>....] - ETA: 17s - loss: 1.8944 - acc: 0.3679
3136/3458 [==========================>...] - ETA: 15s - loss: 1.8889 - acc: 0.3673
3168/3458 [==========================>...] - ETA: 14s - loss: 1.8842 - acc: 0.3668
3200/3458 [==========================>...] - ETA: 12s - loss: 1.8799 - acc: 0.3669
3232/3458 [===========================>..] - ETA: 11s - loss: 1.8749 - acc: 0.3685
3264/3458 [===========================>..] - ETA: 9s - loss: 1.8691 - acc: 0.3689 
3296/3458 [===========================>..] - ETA: 7s - loss: 1.8656 - acc: 0.3692
3328/3458 [===========================>..] - ETA: 6s - loss: 1.8608 - acc: 0.3687
3360/3458 [============================>.] - ETA: 4s - loss: 1.8559 - acc: 0.3685
3392/3458 [============================>.] - ETA: 3s - loss: 1.8499 - acc: 0.3697
3424/3458 [============================>.] - ETA: 1s - loss: 1.8452 - acc: 0.3697
3456/3458 [============================>.] - ETA: 0s - loss: 1.8416 - acc: 0.3707
3458/3458 [==============================] - 171s 49ms/sample - loss: 1.8413 - acc: 0.3704

 32/865 [>.............................] - ETA: 7s - loss: 1.4269 - acc: 0.3750
 64/865 [=>............................] - ETA: 7s - loss: 1.4130 - acc: 0.3594
 96/865 [==>...........................] - ETA: 7s - loss: 1.4507 - acc: 0.3229
128/865 [===>..........................] - ETA: 6s - loss: 1.4716 - acc: 0.3516
160/865 [====>.........................] - ETA: 6s - loss: 1.5152 - acc: 0.3625
192/865 [=====>........................] - ETA: 6s - loss: 1.4930 - acc: 0.3542
224/865 [======>.......................] - ETA: 5s - loss: 1.4915 - acc: 0.3482
256/865 [=======>......................] - ETA: 5s - loss: 1.4669 - acc: 0.3711
288/865 [========>.....................] - ETA: 5s - loss: 1.4539 - acc: 0.3681
320/865 [==========>...................] - ETA: 4s - loss: 1.4424 - acc: 0.3750
352/865 [===========>..................] - ETA: 4s - loss: 1.4320 - acc: 0.3807
384/865 [============>.................] - ETA: 4s - loss: 1.4204 - acc: 0.3854
416/865 [=============>................] - ETA: 4s - loss: 1.4250 - acc: 0.3774
448/865 [==============>...............] - ETA: 3s - loss: 1.4180 - acc: 0.3817
480/865 [===============>..............] - ETA: 3s - loss: 1.4045 - acc: 0.3917
512/865 [================>.............] - ETA: 3s - loss: 1.3983 - acc: 0.3965
544/865 [=================>............] - ETA: 2s - loss: 1.4008 - acc: 0.3989
576/865 [==================>...........] - ETA: 2s - loss: 1.4022 - acc: 0.3993
608/865 [====================>.........] - ETA: 2s - loss: 1.4054 - acc: 0.3947
640/865 [=====================>........] - ETA: 2s - loss: 1.4046 - acc: 0.3984
672/865 [======================>.......] - ETA: 1s - loss: 1.4108 - acc: 0.3929
704/865 [=======================>......] - ETA: 1s - loss: 1.4062 - acc: 0.3949
736/865 [========================>.....] - ETA: 1s - loss: 1.4013 - acc: 0.3954
768/865 [=========================>....] - ETA: 0s - loss: 1.4020 - acc: 0.4010
800/865 [==========================>...] - ETA: 0s - loss: 1.4003 - acc: 0.4087
832/865 [===========================>..] - ETA: 0s - loss: 1.3938 - acc: 0.4111
864/865 [============================>.] - ETA: 0s - loss: 1.3944 - acc: 0.4051
865/865 [==============================] - 8s 9ms/sample - loss: 1.3943 - acc: 0.4058

  32/3458 [..............................] - ETA: 2:43 - loss: 1.2684 - acc: 0.4688
  64/3458 [..............................] - ETA: 2:44 - loss: 1.2437 - acc: 0.5156
  96/3458 [..............................] - ETA: 2:43 - loss: 1.2389 - acc: 0.5417
 128/3458 [>.............................] - ETA: 2:41 - loss: 1.2563 - acc: 0.5000
 160/3458 [>.............................] - ETA: 2:40 - loss: 1.2673 - acc: 0.5125
 192/3458 [>.............................] - ETA: 2:38 - loss: 1.2873 - acc: 0.5104
 224/3458 [>.............................] - ETA: 2:37 - loss: 1.2852 - acc: 0.4911
 256/3458 [=>............................] - ETA: 2:36 - loss: 1.2802 - acc: 0.4961
 288/3458 [=>............................] - ETA: 2:34 - loss: 1.2811 - acc: 0.4896
 320/3458 [=>............................] - ETA: 2:33 - loss: 1.2933 - acc: 0.4844
 352/3458 [==>...........................] - ETA: 2:31 - loss: 1.3110 - acc: 0.4773
 384/3458 [==>...........................] - ETA: 2:30 - loss: 1.3185 - acc: 0.4609
 416/3458 [==>...........................] - ETA: 2:28 - loss: 1.3289 - acc: 0.4447
 448/3458 [==>...........................] - ETA: 2:26 - loss: 1.3249 - acc: 0.4509
 480/3458 [===>..........................] - ETA: 2:25 - loss: 1.3319 - acc: 0.4479
 512/3458 [===>..........................] - ETA: 2:24 - loss: 1.3372 - acc: 0.4395
 544/3458 [===>..........................] - ETA: 2:22 - loss: 1.3331 - acc: 0.4412
 576/3458 [===>..........................] - ETA: 2:20 - loss: 1.3363 - acc: 0.4375
 608/3458 [====>.........................] - ETA: 2:19 - loss: 1.3387 - acc: 0.4375
 640/3458 [====>.........................] - ETA: 2:17 - loss: 1.3418 - acc: 0.4281
 672/3458 [====>.........................] - ETA: 2:16 - loss: 1.3364 - acc: 0.4315
 704/3458 [=====>........................] - ETA: 2:14 - loss: 1.3323 - acc: 0.4361
 736/3458 [=====>........................] - ETA: 2:13 - loss: 1.3636 - acc: 0.4280
 768/3458 [=====>........................] - ETA: 2:11 - loss: 1.3569 - acc: 0.4323
 800/3458 [=====>........................] - ETA: 2:10 - loss: 1.3460 - acc: 0.4338
 832/3458 [======>.......................] - ETA: 2:08 - loss: 1.3497 - acc: 0.4267
 864/3458 [======>.......................] - ETA: 2:07 - loss: 1.3448 - acc: 0.4294
 896/3458 [======>.......................] - ETA: 2:05 - loss: 1.3377 - acc: 0.4308
 928/3458 [=======>......................] - ETA: 2:03 - loss: 1.3359 - acc: 0.4289
 960/3458 [=======>......................] - ETA: 2:02 - loss: 1.3354 - acc: 0.4302
 992/3458 [=======>......................] - ETA: 2:00 - loss: 1.3443 - acc: 0.4325
1024/3458 [=======>......................] - ETA: 1:59 - loss: 1.3452 - acc: 0.4297
1056/3458 [========>.....................] - ETA: 1:57 - loss: 1.3470 - acc: 0.4299
1088/3458 [========>.....................] - ETA: 1:56 - loss: 1.3471 - acc: 0.4320
1120/3458 [========>.....................] - ETA: 1:54 - loss: 1.3449 - acc: 0.4313
1152/3458 [========>.....................] - ETA: 1:52 - loss: 1.3443 - acc: 0.4332
1184/3458 [=========>....................] - ETA: 1:51 - loss: 1.3421 - acc: 0.4324
1216/3458 [=========>....................] - ETA: 1:49 - loss: 1.3419 - acc: 0.4342
1248/3458 [=========>....................] - ETA: 1:48 - loss: 1.3393 - acc: 0.4359
1280/3458 [==========>...................] - ETA: 1:46 - loss: 1.3402 - acc: 0.4328
1312/3458 [==========>...................] - ETA: 1:45 - loss: 1.3375 - acc: 0.4345
1344/3458 [==========>...................] - ETA: 1:43 - loss: 1.3381 - acc: 0.4353
1376/3458 [==========>...................] - ETA: 1:41 - loss: 1.3425 - acc: 0.4310
1408/3458 [===========>..................] - ETA: 1:40 - loss: 1.3430 - acc: 0.4297
1440/3458 [===========>..................] - ETA: 1:38 - loss: 1.3429 - acc: 0.4319
1472/3458 [===========>..................] - ETA: 1:37 - loss: 1.3424 - acc: 0.4307
1504/3458 [============>.................] - ETA: 1:35 - loss: 1.3410 - acc: 0.4309
1536/3458 [============>.................] - ETA: 1:34 - loss: 1.3447 - acc: 0.4303
1568/3458 [============>.................] - ETA: 1:32 - loss: 1.3434 - acc: 0.4292
1600/3458 [============>.................] - ETA: 1:30 - loss: 1.3445 - acc: 0.4256
1632/3458 [=============>................] - ETA: 1:29 - loss: 1.3412 - acc: 0.4271
1664/3458 [=============>................] - ETA: 1:27 - loss: 1.3448 - acc: 0.4243
1696/3458 [=============>................] - ETA: 1:26 - loss: 1.3435 - acc: 0.4233
1728/3458 [=============>................] - ETA: 1:24 - loss: 1.3413 - acc: 0.4236
1760/3458 [==============>...............] - ETA: 1:23 - loss: 1.3397 - acc: 0.4239
1792/3458 [==============>...............] - ETA: 1:21 - loss: 1.3378 - acc: 0.4241
1824/3458 [==============>...............] - ETA: 1:20 - loss: 1.3374 - acc: 0.4260
1856/3458 [===============>..............] - ETA: 1:18 - loss: 1.3358 - acc: 0.4256
1888/3458 [===============>..............] - ETA: 1:16 - loss: 1.3353 - acc: 0.4248
1920/3458 [===============>..............] - ETA: 1:15 - loss: 1.3344 - acc: 0.4245
1952/3458 [===============>..............] - ETA: 1:13 - loss: 1.3326 - acc: 0.4242
1984/3458 [================>.............] - ETA: 1:12 - loss: 1.3325 - acc: 0.4234
2016/3458 [================>.............] - ETA: 1:10 - loss: 1.3297 - acc: 0.4256
2048/3458 [================>.............] - ETA: 1:09 - loss: 1.3317 - acc: 0.4248
2080/3458 [=================>............] - ETA: 1:07 - loss: 1.3328 - acc: 0.4236
2112/3458 [=================>............] - ETA: 1:05 - loss: 1.3326 - acc: 0.4257
2144/3458 [=================>............] - ETA: 1:04 - loss: 1.3309 - acc: 0.4268
2176/3458 [=================>............] - ETA: 1:02 - loss: 1.3294 - acc: 0.4283
2208/3458 [==================>...........] - ETA: 1:01 - loss: 1.3295 - acc: 0.4266
2240/3458 [==================>...........] - ETA: 59s - loss: 1.3308 - acc: 0.4250 
2272/3458 [==================>...........] - ETA: 58s - loss: 1.3288 - acc: 0.4261
2304/3458 [==================>...........] - ETA: 56s - loss: 1.3310 - acc: 0.4249
2336/3458 [===================>..........] - ETA: 55s - loss: 1.3308 - acc: 0.4242
2368/3458 [===================>..........] - ETA: 53s - loss: 1.3315 - acc: 0.4236
2400/3458 [===================>..........] - ETA: 51s - loss: 1.3355 - acc: 0.4225
2432/3458 [====================>.........] - ETA: 50s - loss: 1.3354 - acc: 0.4219
2464/3458 [====================>.........] - ETA: 48s - loss: 1.3348 - acc: 0.4221
2496/3458 [====================>.........] - ETA: 47s - loss: 1.3365 - acc: 0.4199
2528/3458 [====================>.........] - ETA: 45s - loss: 1.3369 - acc: 0.4193
2560/3458 [=====================>........] - ETA: 44s - loss: 1.3384 - acc: 0.4187
2592/3458 [=====================>........] - ETA: 42s - loss: 1.3402 - acc: 0.4182
2624/3458 [=====================>........] - ETA: 40s - loss: 1.3394 - acc: 0.4188
2656/3458 [======================>.......] - ETA: 39s - loss: 1.3390 - acc: 0.4191
2688/3458 [======================>.......] - ETA: 37s - loss: 1.3398 - acc: 0.4170
2720/3458 [======================>.......] - ETA: 36s - loss: 1.3390 - acc: 0.4173
2752/3458 [======================>.......] - ETA: 34s - loss: 1.3387 - acc: 0.4190
2784/3458 [=======================>......] - ETA: 33s - loss: 1.3398 - acc: 0.4188
2816/3458 [=======================>......] - ETA: 31s - loss: 1.3391 - acc: 0.4197
2848/3458 [=======================>......] - ETA: 29s - loss: 1.3414 - acc: 0.4196
2880/3458 [=======================>......] - ETA: 28s - loss: 1.3439 - acc: 0.4201
2912/3458 [========================>.....] - ETA: 26s - loss: 1.3435 - acc: 0.4200
2944/3458 [========================>.....] - ETA: 25s - loss: 1.3428 - acc: 0.4198
2976/3458 [========================>.....] - ETA: 23s - loss: 1.3426 - acc: 0.4197
3008/3458 [=========================>....] - ETA: 22s - loss: 1.3425 - acc: 0.4202
3040/3458 [=========================>....] - ETA: 20s - loss: 1.3416 - acc: 0.4211
3072/3458 [=========================>....] - ETA: 18s - loss: 1.3416 - acc: 0.4202
3104/3458 [=========================>....] - ETA: 17s - loss: 1.3420 - acc: 0.4191
3136/3458 [==========================>...] - ETA: 15s - loss: 1.3423 - acc: 0.4196
3168/3458 [==========================>...] - ETA: 14s - loss: 1.3457 - acc: 0.4182
3200/3458 [==========================>...] - ETA: 12s - loss: 1.3452 - acc: 0.4194
3232/3458 [===========================>..] - ETA: 11s - loss: 1.3432 - acc: 0.4217
3264/3458 [===========================>..] - ETA: 9s - loss: 1.3424 - acc: 0.4231 
3296/3458 [===========================>..] - ETA: 7s - loss: 1.3431 - acc: 0.4229
3328/3458 [===========================>..] - ETA: 6s - loss: 1.3430 - acc: 0.4225
3360/3458 [============================>.] - ETA: 4s - loss: 1.3426 - acc: 0.4232
3392/3458 [============================>.] - ETA: 3s - loss: 1.3419 - acc: 0.4233
3424/3458 [============================>.] - ETA: 1s - loss: 1.3420 - acc: 0.4232
3456/3458 [============================>.] - ETA: 0s - loss: 1.3457 - acc: 0.4236
3458/3458 [==============================] - 170s 49ms/sample - loss: 1.3454 - acc: 0.4239

 32/865 [>.............................] - ETA: 7s - loss: 1.3428 - acc: 0.4688
 64/865 [=>............................] - ETA: 6s - loss: 1.3701 - acc: 0.4219
 96/865 [==>...........................] - ETA: 6s - loss: 1.4123 - acc: 0.3646
128/865 [===>..........................] - ETA: 6s - loss: 1.4470 - acc: 0.3750
160/865 [====>.........................] - ETA: 6s - loss: 1.4832 - acc: 0.3875
192/865 [=====>........................] - ETA: 6s - loss: 1.4756 - acc: 0.3698
224/865 [======>.......................] - ETA: 5s - loss: 1.4678 - acc: 0.3661
256/865 [=======>......................] - ETA: 5s - loss: 1.4288 - acc: 0.3906
288/865 [========>.....................] - ETA: 5s - loss: 1.4147 - acc: 0.3889
320/865 [==========>...................] - ETA: 4s - loss: 1.4094 - acc: 0.3906
352/865 [===========>..................] - ETA: 4s - loss: 1.3889 - acc: 0.3949
384/865 [============>.................] - ETA: 4s - loss: 1.3733 - acc: 0.3984
416/865 [=============>................] - ETA: 4s - loss: 1.3867 - acc: 0.3894
448/865 [==============>...............] - ETA: 3s - loss: 1.3770 - acc: 0.3906
480/865 [===============>..............] - ETA: 3s - loss: 1.3613 - acc: 0.4000
512/865 [================>.............] - ETA: 3s - loss: 1.3485 - acc: 0.4082
544/865 [=================>............] - ETA: 2s - loss: 1.3532 - acc: 0.4062
576/865 [==================>...........] - ETA: 2s - loss: 1.3504 - acc: 0.4080
608/865 [====================>.........] - ETA: 2s - loss: 1.3521 - acc: 0.4030
640/865 [=====================>........] - ETA: 2s - loss: 1.3477 - acc: 0.4062
672/865 [======================>.......] - ETA: 1s - loss: 1.3553 - acc: 0.4018
704/865 [=======================>......] - ETA: 1s - loss: 1.3489 - acc: 0.4048
736/865 [========================>.....] - ETA: 1s - loss: 1.3413 - acc: 0.4062
768/865 [=========================>....] - ETA: 0s - loss: 1.3392 - acc: 0.4115
800/865 [==========================>...] - ETA: 0s - loss: 1.3337 - acc: 0.4187
832/865 [===========================>..] - ETA: 0s - loss: 1.3277 - acc: 0.4219
864/865 [============================>.] - ETA: 0s - loss: 1.3313 - acc: 0.4155
865/865 [==============================] - 8s 9ms/sample - loss: 1.3311 - acc: 0.4162

  32/3458 [..............................] - ETA: 2:44 - loss: 1.3131 - acc: 0.5312
  64/3458 [..............................] - ETA: 2:46 - loss: 1.2812 - acc: 0.4844
  96/3458 [..............................] - ETA: 2:44 - loss: 1.2203 - acc: 0.5208
 128/3458 [>.............................] - ETA: 2:42 - loss: 1.3316 - acc: 0.4609
 160/3458 [>.............................] - ETA: 2:42 - loss: 1.3418 - acc: 0.4313
 192/3458 [>.............................] - ETA: 2:40 - loss: 1.3343 - acc: 0.4323
 224/3458 [>.............................] - ETA: 2:38 - loss: 1.3274 - acc: 0.4241
 256/3458 [=>............................] - ETA: 2:37 - loss: 1.3049 - acc: 0.4453
 288/3458 [=>............................] - ETA: 2:35 - loss: 1.3130 - acc: 0.4444
 320/3458 [=>............................] - ETA: 2:33 - loss: 1.3225 - acc: 0.4406
 352/3458 [==>...........................] - ETA: 2:32 - loss: 1.3279 - acc: 0.4460
 384/3458 [==>...........................] - ETA: 2:30 - loss: 1.3222 - acc: 0.4531
 416/3458 [==>...........................] - ETA: 2:29 - loss: 1.3278 - acc: 0.4447
 448/3458 [==>...........................] - ETA: 2:27 - loss: 1.3158 - acc: 0.4531
 480/3458 [===>..........................] - ETA: 2:25 - loss: 1.3049 - acc: 0.4583
 512/3458 [===>..........................] - ETA: 2:24 - loss: 1.3002 - acc: 0.4668
 544/3458 [===>..........................] - ETA: 2:22 - loss: 1.2938 - acc: 0.4706
 576/3458 [===>..........................] - ETA: 2:21 - loss: 1.2857 - acc: 0.4740
 608/3458 [====>.........................] - ETA: 2:19 - loss: 1.2850 - acc: 0.4720
 640/3458 [====>.........................] - ETA: 2:18 - loss: 1.2735 - acc: 0.4781
 672/3458 [====>.........................] - ETA: 2:16 - loss: 1.2750 - acc: 0.4732
 704/3458 [=====>........................] - ETA: 2:15 - loss: 1.2701 - acc: 0.4744
 736/3458 [=====>........................] - ETA: 2:13 - loss: 1.2701 - acc: 0.4728
 768/3458 [=====>........................] - ETA: 2:11 - loss: 1.2738 - acc: 0.4714
 800/3458 [=====>........................] - ETA: 2:10 - loss: 1.2660 - acc: 0.4750
 832/3458 [======>.......................] - ETA: 2:08 - loss: 1.2564 - acc: 0.4760
 864/3458 [======>.......................] - ETA: 2:07 - loss: 1.2657 - acc: 0.4745
 896/3458 [======>.......................] - ETA: 2:05 - loss: 1.2727 - acc: 0.4688
 928/3458 [=======>......................] - ETA: 2:03 - loss: 1.2688 - acc: 0.4709
 960/3458 [=======>......................] - ETA: 2:02 - loss: 1.2659 - acc: 0.4708
 992/3458 [=======>......................] - ETA: 2:00 - loss: 1.2625 - acc: 0.4758
1024/3458 [=======>......................] - ETA: 1:59 - loss: 1.2626 - acc: 0.4707
1056/3458 [========>.....................] - ETA: 1:57 - loss: 1.2604 - acc: 0.4716
1088/3458 [========>.....................] - ETA: 1:56 - loss: 1.2561 - acc: 0.4770
1120/3458 [========>.....................] - ETA: 1:54 - loss: 1.2567 - acc: 0.4759
1152/3458 [========>.....................] - ETA: 1:52 - loss: 1.2512 - acc: 0.4809
1184/3458 [=========>....................] - ETA: 1:51 - loss: 1.2481 - acc: 0.4840
1216/3458 [=========>....................] - ETA: 1:49 - loss: 1.2482 - acc: 0.4819
1248/3458 [=========>....................] - ETA: 1:48 - loss: 1.2486 - acc: 0.4792
1280/3458 [==========>...................] - ETA: 1:46 - loss: 1.2571 - acc: 0.4766
1312/3458 [==========>...................] - ETA: 1:45 - loss: 1.2535 - acc: 0.4741
1344/3458 [==========>...................] - ETA: 1:43 - loss: 1.2558 - acc: 0.4725
1376/3458 [==========>...................] - ETA: 1:42 - loss: 1.2526 - acc: 0.4724
1408/3458 [===========>..................] - ETA: 1:40 - loss: 1.2513 - acc: 0.4716
1440/3458 [===========>..................] - ETA: 1:39 - loss: 1.2533 - acc: 0.4701
1472/3458 [===========>..................] - ETA: 1:37 - loss: 1.2533 - acc: 0.4688
1504/3458 [============>.................] - ETA: 1:35 - loss: 1.2519 - acc: 0.4694
1536/3458 [============>.................] - ETA: 1:34 - loss: 1.2499 - acc: 0.4688
1568/3458 [============>.................] - ETA: 1:32 - loss: 1.2472 - acc: 0.4707
1600/3458 [============>.................] - ETA: 1:31 - loss: 1.2460 - acc: 0.4694
1632/3458 [=============>................] - ETA: 1:29 - loss: 1.2425 - acc: 0.4724
1664/3458 [=============>................] - ETA: 1:27 - loss: 1.2414 - acc: 0.4748
1696/3458 [=============>................] - ETA: 1:26 - loss: 1.2434 - acc: 0.4723
1728/3458 [=============>................] - ETA: 1:24 - loss: 1.2413 - acc: 0.4745
1760/3458 [==============>...............] - ETA: 1:23 - loss: 1.2391 - acc: 0.4756
1792/3458 [==============>...............] - ETA: 1:21 - loss: 1.2376 - acc: 0.4754
1824/3458 [==============>...............] - ETA: 1:20 - loss: 1.2358 - acc: 0.4742
1856/3458 [===============>..............] - ETA: 1:18 - loss: 1.2317 - acc: 0.4763
1888/3458 [===============>..............] - ETA: 1:17 - loss: 1.2301 - acc: 0.4788
1920/3458 [===============>..............] - ETA: 1:15 - loss: 1.2268 - acc: 0.4802
1952/3458 [===============>..............] - ETA: 1:13 - loss: 1.2261 - acc: 0.4800
1984/3458 [================>.............] - ETA: 1:12 - loss: 1.2275 - acc: 0.4798
2016/3458 [================>.............] - ETA: 1:10 - loss: 1.2258 - acc: 0.4797
2048/3458 [================>.............] - ETA: 1:09 - loss: 1.2262 - acc: 0.4795
2080/3458 [=================>............] - ETA: 1:07 - loss: 1.2243 - acc: 0.4803
2112/3458 [=================>............] - ETA: 1:06 - loss: 1.2261 - acc: 0.4796
2144/3458 [=================>............] - ETA: 1:04 - loss: 1.2267 - acc: 0.4785
2176/3458 [=================>............] - ETA: 1:02 - loss: 1.2246 - acc: 0.4789
2208/3458 [==================>...........] - ETA: 1:01 - loss: 1.2235 - acc: 0.4796
2240/3458 [==================>...........] - ETA: 59s - loss: 1.2234 - acc: 0.4795 
2272/3458 [==================>...........] - ETA: 58s - loss: 1.2229 - acc: 0.4802
2304/3458 [==================>...........] - ETA: 56s - loss: 1.2227 - acc: 0.4787
2336/3458 [===================>..........] - ETA: 55s - loss: 1.2188 - acc: 0.4803
2368/3458 [===================>..........] - ETA: 53s - loss: 1.2181 - acc: 0.4802
2400/3458 [===================>..........] - ETA: 51s - loss: 1.2182 - acc: 0.4796
2432/3458 [====================>.........] - ETA: 50s - loss: 1.2172 - acc: 0.4794
2464/3458 [====================>.........] - ETA: 48s - loss: 1.2145 - acc: 0.4809
2496/3458 [====================>.........] - ETA: 47s - loss: 1.2156 - acc: 0.4808
2528/3458 [====================>.........] - ETA: 45s - loss: 1.2149 - acc: 0.4830
2560/3458 [=====================>........] - ETA: 44s - loss: 1.2144 - acc: 0.4824
2592/3458 [=====================>........] - ETA: 42s - loss: 1.2136 - acc: 0.4826
2624/3458 [=====================>........] - ETA: 40s - loss: 1.2108 - acc: 0.4848
2656/3458 [======================>.......] - ETA: 39s - loss: 1.2139 - acc: 0.4838
2688/3458 [======================>.......] - ETA: 37s - loss: 1.2122 - acc: 0.4840
2720/3458 [======================>.......] - ETA: 36s - loss: 1.2130 - acc: 0.4846
2752/3458 [======================>.......] - ETA: 34s - loss: 1.2109 - acc: 0.4844
2784/3458 [=======================>......] - ETA: 33s - loss: 1.2113 - acc: 0.4853
2816/3458 [=======================>......] - ETA: 31s - loss: 1.2133 - acc: 0.4837
2848/3458 [=======================>......] - ETA: 29s - loss: 1.2122 - acc: 0.4846
2880/3458 [=======================>......] - ETA: 28s - loss: 1.2141 - acc: 0.4840
2912/3458 [========================>.....] - ETA: 26s - loss: 1.2151 - acc: 0.4832
2944/3458 [========================>.....] - ETA: 25s - loss: 1.2159 - acc: 0.4844
2976/3458 [========================>.....] - ETA: 23s - loss: 1.2147 - acc: 0.4852
3008/3458 [=========================>....] - ETA: 22s - loss: 1.2137 - acc: 0.4870
3040/3458 [=========================>....] - ETA: 20s - loss: 1.2131 - acc: 0.4868
3072/3458 [=========================>....] - ETA: 18s - loss: 1.2161 - acc: 0.4854
3104/3458 [=========================>....] - ETA: 17s - loss: 1.2188 - acc: 0.4849
3136/3458 [==========================>...] - ETA: 15s - loss: 1.2187 - acc: 0.4847
3168/3458 [==========================>...] - ETA: 14s - loss: 1.2165 - acc: 0.4867
3200/3458 [==========================>...] - ETA: 12s - loss: 1.2162 - acc: 0.4878
3232/3458 [===========================>..] - ETA: 11s - loss: 1.2150 - acc: 0.4879
3264/3458 [===========================>..] - ETA: 9s - loss: 1.2144 - acc: 0.4893 
3296/3458 [===========================>..] - ETA: 7s - loss: 1.2149 - acc: 0.4897
3328/3458 [===========================>..] - ETA: 6s - loss: 1.2151 - acc: 0.4889
3360/3458 [============================>.] - ETA: 4s - loss: 1.2142 - acc: 0.4890
3392/3458 [============================>.] - ETA: 3s - loss: 1.2134 - acc: 0.4897
3424/3458 [============================>.] - ETA: 1s - loss: 1.2141 - acc: 0.4895
3456/3458 [============================>.] - ETA: 0s - loss: 1.2150 - acc: 0.4890
3458/3458 [==============================] - 170s 49ms/sample - loss: 1.2146 - acc: 0.4893

 32/865 [>.............................] - ETA: 7s - loss: 1.0570 - acc: 0.6875
 64/865 [=>............................] - ETA: 6s - loss: 1.0655 - acc: 0.6719
 96/865 [==>...........................] - ETA: 6s - loss: 1.0901 - acc: 0.6042
128/865 [===>..........................] - ETA: 6s - loss: 1.1275 - acc: 0.6016
160/865 [====>.........................] - ETA: 6s - loss: 1.1696 - acc: 0.5750
192/865 [=====>........................] - ETA: 6s - loss: 1.2338 - acc: 0.5312
224/865 [======>.......................] - ETA: 5s - loss: 1.2416 - acc: 0.5179
256/865 [=======>......................] - ETA: 5s - loss: 1.2275 - acc: 0.5078
288/865 [========>.....................] - ETA: 5s - loss: 1.2294 - acc: 0.4965
320/865 [==========>...................] - ETA: 4s - loss: 1.2297 - acc: 0.4969
352/865 [===========>..................] - ETA: 4s - loss: 1.2091 - acc: 0.5114
384/865 [============>.................] - ETA: 4s - loss: 1.2114 - acc: 0.5052
416/865 [=============>................] - ETA: 4s - loss: 1.2255 - acc: 0.4952
448/865 [==============>...............] - ETA: 3s - loss: 1.2182 - acc: 0.4888
480/865 [===============>..............] - ETA: 3s - loss: 1.2083 - acc: 0.4917
512/865 [================>.............] - ETA: 3s - loss: 1.2003 - acc: 0.4883
544/865 [=================>............] - ETA: 2s - loss: 1.2064 - acc: 0.4908
576/865 [==================>...........] - ETA: 2s - loss: 1.2098 - acc: 0.4878
608/865 [====================>.........] - ETA: 2s - loss: 1.2137 - acc: 0.4868
640/865 [=====================>........] - ETA: 2s - loss: 1.1984 - acc: 0.5000
672/865 [======================>.......] - ETA: 1s - loss: 1.2067 - acc: 0.4955
704/865 [=======================>......] - ETA: 1s - loss: 1.2025 - acc: 0.4972
736/865 [========================>.....] - ETA: 1s - loss: 1.2001 - acc: 0.5041
768/865 [=========================>....] - ETA: 0s - loss: 1.1974 - acc: 0.5052
800/865 [==========================>...] - ETA: 0s - loss: 1.1905 - acc: 0.5100
832/865 [===========================>..] - ETA: 0s - loss: 1.1853 - acc: 0.5144
864/865 [============================>.] - ETA: 0s - loss: 1.1903 - acc: 0.5069
865/865 [==============================] - 8s 9ms/sample - loss: 1.1895 - acc: 0.5075

  32/3458 [..............................] - ETA: 2:49 - loss: 1.2414 - acc: 0.4688
  64/3458 [..............................] - ETA: 2:47 - loss: 1.2498 - acc: 0.4375
  96/3458 [..............................] - ETA: 2:45 - loss: 1.2025 - acc: 0.4688
 128/3458 [>.............................] - ETA: 2:44 - loss: 1.1621 - acc: 0.4844
 160/3458 [>.............................] - ETA: 2:43 - loss: 1.1418 - acc: 0.4875
 192/3458 [>.............................] - ETA: 2:41 - loss: 1.1204 - acc: 0.4948
 224/3458 [>.............................] - ETA: 2:39 - loss: 1.1179 - acc: 0.5134
 256/3458 [=>............................] - ETA: 2:37 - loss: 1.1024 - acc: 0.5234
 288/3458 [=>............................] - ETA: 2:36 - loss: 1.0912 - acc: 0.5312
 320/3458 [=>............................] - ETA: 2:34 - loss: 1.0792 - acc: 0.5406
 352/3458 [==>...........................] - ETA: 2:33 - loss: 1.0868 - acc: 0.5369
 384/3458 [==>...........................] - ETA: 2:31 - loss: 1.0727 - acc: 0.5417
 416/3458 [==>...........................] - ETA: 2:29 - loss: 1.0663 - acc: 0.5505
 448/3458 [==>...........................] - ETA: 2:28 - loss: 1.0775 - acc: 0.5491
 480/3458 [===>..........................] - ETA: 2:26 - loss: 1.0789 - acc: 0.5458
 512/3458 [===>..........................] - ETA: 2:24 - loss: 1.0774 - acc: 0.5449
 544/3458 [===>..........................] - ETA: 2:23 - loss: 1.0770 - acc: 0.5404
 576/3458 [===>..........................] - ETA: 2:21 - loss: 1.0720 - acc: 0.5434
 608/3458 [====>.........................] - ETA: 2:20 - loss: 1.0567 - acc: 0.5543
 640/3458 [====>.........................] - ETA: 2:18 - loss: 1.0708 - acc: 0.5531
 672/3458 [====>.........................] - ETA: 2:17 - loss: 1.0603 - acc: 0.5580
 704/3458 [=====>........................] - ETA: 2:15 - loss: 1.0586 - acc: 0.5568
 736/3458 [=====>........................] - ETA: 2:13 - loss: 1.0615 - acc: 0.5571
 768/3458 [=====>........................] - ETA: 2:12 - loss: 1.0589 - acc: 0.5612
 800/3458 [=====>........................] - ETA: 2:10 - loss: 1.0588 - acc: 0.5587
 832/3458 [======>.......................] - ETA: 2:09 - loss: 1.0624 - acc: 0.5613
 864/3458 [======>.......................] - ETA: 2:07 - loss: 1.0615 - acc: 0.5625
 896/3458 [======>.......................] - ETA: 2:05 - loss: 1.0623 - acc: 0.5636
 928/3458 [=======>......................] - ETA: 2:04 - loss: 1.0606 - acc: 0.5636
 960/3458 [=======>......................] - ETA: 2:02 - loss: 1.0645 - acc: 0.5625
 992/3458 [=======>......................] - ETA: 2:01 - loss: 1.0648 - acc: 0.5605
1024/3458 [=======>......................] - ETA: 1:59 - loss: 1.0704 - acc: 0.5566
1056/3458 [========>.....................] - ETA: 1:58 - loss: 1.0737 - acc: 0.5568
1088/3458 [========>.....................] - ETA: 1:56 - loss: 1.0705 - acc: 0.5616
1120/3458 [========>.....................] - ETA: 1:55 - loss: 1.0647 - acc: 0.5652
1152/3458 [========>.....................] - ETA: 1:53 - loss: 1.0626 - acc: 0.5668
1184/3458 [=========>....................] - ETA: 1:51 - loss: 1.0660 - acc: 0.5642
1216/3458 [=========>....................] - ETA: 1:50 - loss: 1.0661 - acc: 0.5633
1248/3458 [=========>....................] - ETA: 1:48 - loss: 1.0663 - acc: 0.5633
1280/3458 [==========>...................] - ETA: 1:47 - loss: 1.0564 - acc: 0.5664
1312/3458 [==========>...................] - ETA: 1:45 - loss: 1.0519 - acc: 0.5678
1344/3458 [==========>...................] - ETA: 1:44 - loss: 1.0542 - acc: 0.5662
1376/3458 [==========>...................] - ETA: 1:42 - loss: 1.0548 - acc: 0.5654
1408/3458 [===========>..................] - ETA: 1:40 - loss: 1.0588 - acc: 0.5625
1440/3458 [===========>..................] - ETA: 1:39 - loss: 1.0628 - acc: 0.5646
1472/3458 [===========>..................] - ETA: 1:37 - loss: 1.0592 - acc: 0.5632
1504/3458 [============>.................] - ETA: 1:36 - loss: 1.0557 - acc: 0.5652
1536/3458 [============>.................] - ETA: 1:34 - loss: 1.0512 - acc: 0.5671
1568/3458 [============>.................] - ETA: 1:32 - loss: 1.0464 - acc: 0.5702
1600/3458 [============>.................] - ETA: 1:31 - loss: 1.0474 - acc: 0.5688
1632/3458 [=============>................] - ETA: 1:29 - loss: 1.0487 - acc: 0.5674
1664/3458 [=============>................] - ETA: 1:28 - loss: 1.0483 - acc: 0.5697
1696/3458 [=============>................] - ETA: 1:26 - loss: 1.0433 - acc: 0.5702
1728/3458 [=============>................] - ETA: 1:25 - loss: 1.0429 - acc: 0.5718
1760/3458 [==============>...............] - ETA: 1:23 - loss: 1.0447 - acc: 0.5727
1792/3458 [==============>...............] - ETA: 1:21 - loss: 1.0456 - acc: 0.5725
1824/3458 [==============>...............] - ETA: 1:20 - loss: 1.0479 - acc: 0.5696
1856/3458 [===============>..............] - ETA: 1:18 - loss: 1.0479 - acc: 0.5711
1888/3458 [===============>..............] - ETA: 1:17 - loss: 1.0497 - acc: 0.5720
1920/3458 [===============>..............] - ETA: 1:15 - loss: 1.0522 - acc: 0.5719
1952/3458 [===============>..............] - ETA: 1:14 - loss: 1.0580 - acc: 0.5697
1984/3458 [================>.............] - ETA: 1:12 - loss: 1.0573 - acc: 0.5701
2016/3458 [================>.............] - ETA: 1:10 - loss: 1.0559 - acc: 0.5704
2048/3458 [================>.............] - ETA: 1:09 - loss: 1.0552 - acc: 0.5713
2080/3458 [=================>............] - ETA: 1:07 - loss: 1.0539 - acc: 0.5697
2112/3458 [=================>............] - ETA: 1:06 - loss: 1.0519 - acc: 0.5720
2144/3458 [=================>............] - ETA: 1:04 - loss: 1.0530 - acc: 0.5728
2176/3458 [=================>............] - ETA: 1:03 - loss: 1.0534 - acc: 0.5708
2208/3458 [==================>...........] - ETA: 1:01 - loss: 1.0515 - acc: 0.5729
2240/3458 [==================>...........] - ETA: 59s - loss: 1.0524 - acc: 0.5710 
2272/3458 [==================>...........] - ETA: 58s - loss: 1.0551 - acc: 0.5704
2304/3458 [==================>...........] - ETA: 56s - loss: 1.0546 - acc: 0.5712
2336/3458 [===================>..........] - ETA: 55s - loss: 1.0546 - acc: 0.5715
2368/3458 [===================>..........] - ETA: 53s - loss: 1.0527 - acc: 0.5722
2400/3458 [===================>..........] - ETA: 52s - loss: 1.0534 - acc: 0.5725
2432/3458 [====================>.........] - ETA: 50s - loss: 1.0538 - acc: 0.5736
2464/3458 [====================>.........] - ETA: 48s - loss: 1.0566 - acc: 0.5710
2496/3458 [====================>.........] - ETA: 47s - loss: 1.0560 - acc: 0.5717
2528/3458 [====================>.........] - ETA: 45s - loss: 1.0583 - acc: 0.5704
2560/3458 [=====================>........] - ETA: 44s - loss: 1.0575 - acc: 0.5719
2592/3458 [=====================>........] - ETA: 42s - loss: 1.0577 - acc: 0.5721
2624/3458 [=====================>........] - ETA: 41s - loss: 1.0583 - acc: 0.5709
2656/3458 [======================>.......] - ETA: 39s - loss: 1.0569 - acc: 0.5704
2688/3458 [======================>.......] - ETA: 37s - loss: 1.0551 - acc: 0.5711
2720/3458 [======================>.......] - ETA: 36s - loss: 1.0536 - acc: 0.5702
2752/3458 [======================>.......] - ETA: 34s - loss: 1.0545 - acc: 0.5705
2784/3458 [=======================>......] - ETA: 33s - loss: 1.0533 - acc: 0.5708
2816/3458 [=======================>......] - ETA: 31s - loss: 1.0522 - acc: 0.5717
2848/3458 [=======================>......] - ETA: 29s - loss: 1.0538 - acc: 0.5709
2880/3458 [=======================>......] - ETA: 28s - loss: 1.0547 - acc: 0.5691
2912/3458 [========================>.....] - ETA: 26s - loss: 1.0548 - acc: 0.5683
2944/3458 [========================>.....] - ETA: 25s - loss: 1.0572 - acc: 0.5676
2976/3458 [========================>.....] - ETA: 23s - loss: 1.0586 - acc: 0.5665
3008/3458 [=========================>....] - ETA: 22s - loss: 1.0596 - acc: 0.5672
3040/3458 [=========================>....] - ETA: 20s - loss: 1.0630 - acc: 0.5668
3072/3458 [=========================>....] - ETA: 18s - loss: 1.0631 - acc: 0.5671
3104/3458 [=========================>....] - ETA: 17s - loss: 1.0652 - acc: 0.5644
3136/3458 [==========================>...] - ETA: 15s - loss: 1.0661 - acc: 0.5660
3168/3458 [==========================>...] - ETA: 14s - loss: 1.0664 - acc: 0.5653
3200/3458 [==========================>...] - ETA: 12s - loss: 1.0655 - acc: 0.5656
3232/3458 [===========================>..] - ETA: 11s - loss: 1.0649 - acc: 0.5662
3264/3458 [===========================>..] - ETA: 9s - loss: 1.0647 - acc: 0.5671 
3296/3458 [===========================>..] - ETA: 7s - loss: 1.0641 - acc: 0.5680
3328/3458 [===========================>..] - ETA: 6s - loss: 1.0627 - acc: 0.5679
3360/3458 [============================>.] - ETA: 4s - loss: 1.0620 - acc: 0.5679
3392/3458 [============================>.] - ETA: 3s - loss: 1.0619 - acc: 0.5675
3424/3458 [============================>.] - ETA: 1s - loss: 1.0605 - acc: 0.5680
3456/3458 [============================>.] - ETA: 0s - loss: 1.0599 - acc: 0.5674
3458/3458 [==============================] - 171s 49ms/sample - loss: 1.0600 - acc: 0.5674

 32/865 [>.............................] - ETA: 7s - loss: 1.1071 - acc: 0.5625
 64/865 [=>............................] - ETA: 6s - loss: 1.0130 - acc: 0.5938
 96/865 [==>...........................] - ETA: 6s - loss: 1.0618 - acc: 0.5625
128/865 [===>..........................] - ETA: 6s - loss: 1.0901 - acc: 0.5625
160/865 [====>.........................] - ETA: 6s - loss: 1.1190 - acc: 0.5437
192/865 [=====>........................] - ETA: 6s - loss: 1.1945 - acc: 0.5156
224/865 [======>.......................] - ETA: 5s - loss: 1.1984 - acc: 0.5134
256/865 [=======>......................] - ETA: 5s - loss: 1.1772 - acc: 0.5039
288/865 [========>.....................] - ETA: 5s - loss: 1.1912 - acc: 0.4931
320/865 [==========>...................] - ETA: 4s - loss: 1.1928 - acc: 0.4844
352/865 [===========>..................] - ETA: 4s - loss: 1.1723 - acc: 0.4915
384/865 [============>.................] - ETA: 4s - loss: 1.1760 - acc: 0.4922
416/865 [=============>................] - ETA: 4s - loss: 1.2045 - acc: 0.4832
448/865 [==============>...............] - ETA: 3s - loss: 1.1936 - acc: 0.4777
480/865 [===============>..............] - ETA: 3s - loss: 1.1856 - acc: 0.4875
512/865 [================>.............] - ETA: 3s - loss: 1.1775 - acc: 0.4844
544/865 [=================>............] - ETA: 2s - loss: 1.1848 - acc: 0.4853
576/865 [==================>...........] - ETA: 2s - loss: 1.1851 - acc: 0.4826
608/865 [====================>.........] - ETA: 2s - loss: 1.1958 - acc: 0.4819
640/865 [=====================>........] - ETA: 2s - loss: 1.1823 - acc: 0.4906
672/865 [======================>.......] - ETA: 1s - loss: 1.1950 - acc: 0.4851
704/865 [=======================>......] - ETA: 1s - loss: 1.1922 - acc: 0.4901
736/865 [========================>.....] - ETA: 1s - loss: 1.1946 - acc: 0.4918
768/865 [=========================>....] - ETA: 0s - loss: 1.1939 - acc: 0.4922
800/865 [==========================>...] - ETA: 0s - loss: 1.1808 - acc: 0.5013
832/865 [===========================>..] - ETA: 0s - loss: 1.1744 - acc: 0.5036
864/865 [============================>.] - ETA: 0s - loss: 1.1840 - acc: 0.4977
865/865 [==============================] - 8s 9ms/sample - loss: 1.1831 - acc: 0.4983

  32/3458 [..............................] - ETA: 2:45 - loss: 1.0638 - acc: 0.6250
  64/3458 [..............................] - ETA: 2:45 - loss: 0.9460 - acc: 0.6719
  96/3458 [..............................] - ETA: 2:42 - loss: 0.9092 - acc: 0.6875
 128/3458 [>.............................] - ETA: 2:41 - loss: 0.9398 - acc: 0.6641
 160/3458 [>.............................] - ETA: 2:40 - loss: 0.9660 - acc: 0.6750
 192/3458 [>.............................] - ETA: 2:39 - loss: 0.9832 - acc: 0.6719
 224/3458 [>.............................] - ETA: 2:38 - loss: 1.0148 - acc: 0.6562
 256/3458 [=>............................] - ETA: 2:36 - loss: 0.9820 - acc: 0.6602
 288/3458 [=>............................] - ETA: 2:34 - loss: 0.9955 - acc: 0.6493
 320/3458 [=>............................] - ETA: 2:33 - loss: 0.9887 - acc: 0.6438
 352/3458 [==>...........................] - ETA: 2:31 - loss: 0.9881 - acc: 0.6307
 384/3458 [==>...........................] - ETA: 2:30 - loss: 0.9836 - acc: 0.6302
 416/3458 [==>...........................] - ETA: 2:28 - loss: 0.9748 - acc: 0.6322
 448/3458 [==>...........................] - ETA: 2:27 - loss: 0.9722 - acc: 0.6339
 480/3458 [===>..........................] - ETA: 2:25 - loss: 0.9780 - acc: 0.6292
 512/3458 [===>..........................] - ETA: 2:24 - loss: 0.9622 - acc: 0.6328
 544/3458 [===>..........................] - ETA: 2:22 - loss: 0.9652 - acc: 0.6342
 576/3458 [===>..........................] - ETA: 2:21 - loss: 0.9562 - acc: 0.6337
 608/3458 [====>.........................] - ETA: 2:19 - loss: 0.9474 - acc: 0.6316
 640/3458 [====>.........................] - ETA: 2:17 - loss: 0.9631 - acc: 0.6187
 672/3458 [====>.........................] - ETA: 2:16 - loss: 0.9547 - acc: 0.6220
 704/3458 [=====>........................] - ETA: 2:14 - loss: 0.9731 - acc: 0.6122
 736/3458 [=====>........................] - ETA: 2:13 - loss: 0.9658 - acc: 0.6141
 768/3458 [=====>........................] - ETA: 2:11 - loss: 0.9746 - acc: 0.6120
 800/3458 [=====>........................] - ETA: 2:10 - loss: 0.9760 - acc: 0.6087
 832/3458 [======>.......................] - ETA: 2:08 - loss: 0.9726 - acc: 0.6094
 864/3458 [======>.......................] - ETA: 2:07 - loss: 0.9798 - acc: 0.6076
 896/3458 [======>.......................] - ETA: 2:05 - loss: 0.9706 - acc: 0.6116
 928/3458 [=======>......................] - ETA: 2:03 - loss: 0.9659 - acc: 0.6131
 960/3458 [=======>......................] - ETA: 2:02 - loss: 0.9583 - acc: 0.6156
 992/3458 [=======>......................] - ETA: 2:00 - loss: 0.9536 - acc: 0.6169
1024/3458 [=======>......................] - ETA: 1:59 - loss: 0.9529 - acc: 0.6162
1056/3458 [========>.....................] - ETA: 1:57 - loss: 0.9535 - acc: 0.6146
1088/3458 [========>.....................] - ETA: 1:56 - loss: 0.9578 - acc: 0.6112
1120/3458 [========>.....................] - ETA: 1:54 - loss: 0.9590 - acc: 0.6107
1152/3458 [========>.....................] - ETA: 1:52 - loss: 0.9558 - acc: 0.6111
1184/3458 [=========>....................] - ETA: 1:51 - loss: 0.9508 - acc: 0.6140
1216/3458 [=========>....................] - ETA: 1:49 - loss: 0.9544 - acc: 0.6127
1248/3458 [=========>....................] - ETA: 1:48 - loss: 0.9546 - acc: 0.6138
1280/3458 [==========>...................] - ETA: 1:46 - loss: 0.9500 - acc: 0.6141
1312/3458 [==========>...................] - ETA: 1:45 - loss: 0.9476 - acc: 0.6159
1344/3458 [==========>...................] - ETA: 1:43 - loss: 0.9426 - acc: 0.6183
1376/3458 [==========>...................] - ETA: 1:41 - loss: 0.9447 - acc: 0.6185
1408/3458 [===========>..................] - ETA: 1:40 - loss: 0.9416 - acc: 0.6179
1440/3458 [===========>..................] - ETA: 1:38 - loss: 0.9449 - acc: 0.6174
1472/3458 [===========>..................] - ETA: 1:37 - loss: 0.9428 - acc: 0.6182
1504/3458 [============>.................] - ETA: 1:35 - loss: 0.9500 - acc: 0.6177
1536/3458 [============>.................] - ETA: 1:34 - loss: 0.9480 - acc: 0.6165
1568/3458 [============>.................] - ETA: 1:32 - loss: 0.9464 - acc: 0.6180
1600/3458 [============>.................] - ETA: 1:30 - loss: 0.9474 - acc: 0.6156
1632/3458 [=============>................] - ETA: 1:29 - loss: 0.9451 - acc: 0.6170
1664/3458 [=============>................] - ETA: 1:27 - loss: 0.9412 - acc: 0.6178
1696/3458 [=============>................] - ETA: 1:26 - loss: 0.9414 - acc: 0.6156
1728/3458 [=============>................] - ETA: 1:24 - loss: 0.9418 - acc: 0.6146
1760/3458 [==============>...............] - ETA: 1:23 - loss: 0.9383 - acc: 0.6176
1792/3458 [==============>...............] - ETA: 1:21 - loss: 0.9400 - acc: 0.6172
1824/3458 [==============>...............] - ETA: 1:20 - loss: 0.9396 - acc: 0.6168
1856/3458 [===============>..............] - ETA: 1:18 - loss: 0.9421 - acc: 0.6142
1888/3458 [===============>..............] - ETA: 1:16 - loss: 0.9393 - acc: 0.6171
1920/3458 [===============>..............] - ETA: 1:15 - loss: 0.9394 - acc: 0.6172
1952/3458 [===============>..............] - ETA: 1:13 - loss: 0.9405 - acc: 0.6158
1984/3458 [================>.............] - ETA: 1:12 - loss: 0.9419 - acc: 0.6139
2016/3458 [================>.............] - ETA: 1:10 - loss: 0.9389 - acc: 0.6166
2048/3458 [================>.............] - ETA: 1:09 - loss: 0.9422 - acc: 0.6133
2080/3458 [=================>............] - ETA: 1:07 - loss: 0.9450 - acc: 0.6120
2112/3458 [=================>............] - ETA: 1:06 - loss: 0.9463 - acc: 0.6108
2144/3458 [=================>............] - ETA: 1:04 - loss: 0.9453 - acc: 0.6115
2176/3458 [=================>............] - ETA: 1:02 - loss: 0.9455 - acc: 0.6121
2208/3458 [==================>...........] - ETA: 1:01 - loss: 0.9452 - acc: 0.6114
2240/3458 [==================>...........] - ETA: 59s - loss: 0.9481 - acc: 0.6107 
2272/3458 [==================>...........] - ETA: 58s - loss: 0.9478 - acc: 0.6087
2304/3458 [==================>...........] - ETA: 56s - loss: 0.9454 - acc: 0.6107
2336/3458 [===================>..........] - ETA: 55s - loss: 0.9429 - acc: 0.6117
2368/3458 [===================>..........] - ETA: 53s - loss: 0.9424 - acc: 0.6115
2400/3458 [===================>..........] - ETA: 51s - loss: 0.9432 - acc: 0.6104
2432/3458 [====================>.........] - ETA: 50s - loss: 0.9429 - acc: 0.6094
2464/3458 [====================>.........] - ETA: 48s - loss: 0.9421 - acc: 0.6096
2496/3458 [====================>.........] - ETA: 47s - loss: 0.9424 - acc: 0.6094
2528/3458 [====================>.........] - ETA: 45s - loss: 0.9422 - acc: 0.6108
2560/3458 [=====================>........] - ETA: 44s - loss: 0.9429 - acc: 0.6113
2592/3458 [=====================>........] - ETA: 42s - loss: 0.9413 - acc: 0.6115
2624/3458 [=====================>........] - ETA: 40s - loss: 0.9433 - acc: 0.6120
2656/3458 [======================>.......] - ETA: 39s - loss: 0.9444 - acc: 0.6122
2688/3458 [======================>.......] - ETA: 37s - loss: 0.9434 - acc: 0.6127
2720/3458 [======================>.......] - ETA: 36s - loss: 0.9439 - acc: 0.6136
2752/3458 [======================>.......] - ETA: 34s - loss: 0.9429 - acc: 0.6156
2784/3458 [=======================>......] - ETA: 33s - loss: 0.9425 - acc: 0.6160
2816/3458 [=======================>......] - ETA: 31s - loss: 0.9412 - acc: 0.6161
2848/3458 [=======================>......] - ETA: 29s - loss: 0.9422 - acc: 0.6155
2880/3458 [=======================>......] - ETA: 28s - loss: 0.9439 - acc: 0.6156
2912/3458 [========================>.....] - ETA: 26s - loss: 0.9455 - acc: 0.6147
2944/3458 [========================>.....] - ETA: 25s - loss: 0.9449 - acc: 0.6162
2976/3458 [========================>.....] - ETA: 23s - loss: 0.9450 - acc: 0.6159
3008/3458 [=========================>....] - ETA: 22s - loss: 0.9434 - acc: 0.6167
3040/3458 [=========================>....] - ETA: 20s - loss: 0.9455 - acc: 0.6164
3072/3458 [=========================>....] - ETA: 18s - loss: 0.9466 - acc: 0.6159
3104/3458 [=========================>....] - ETA: 17s - loss: 0.9492 - acc: 0.6144
3136/3458 [==========================>...] - ETA: 15s - loss: 0.9504 - acc: 0.6142
3168/3458 [==========================>...] - ETA: 14s - loss: 0.9497 - acc: 0.6146
3200/3458 [==========================>...] - ETA: 12s - loss: 0.9504 - acc: 0.6147
3232/3458 [===========================>..] - ETA: 11s - loss: 0.9505 - acc: 0.6154
3264/3458 [===========================>..] - ETA: 9s - loss: 0.9497 - acc: 0.6158 
3296/3458 [===========================>..] - ETA: 7s - loss: 0.9485 - acc: 0.6165
3328/3458 [===========================>..] - ETA: 6s - loss: 0.9505 - acc: 0.6154
3360/3458 [============================>.] - ETA: 4s - loss: 0.9515 - acc: 0.6152
3392/3458 [============================>.] - ETA: 3s - loss: 0.9518 - acc: 0.6147
3424/3458 [============================>.] - ETA: 1s - loss: 0.9510 - acc: 0.6157
3456/3458 [============================>.] - ETA: 0s - loss: 0.9497 - acc: 0.6166
3458/3458 [==============================] - 170s 49ms/sample - loss: 0.9498 - acc: 0.6165

 32/865 [>.............................] - ETA: 8s - loss: 1.2443 - acc: 0.5625
 64/865 [=>............................] - ETA: 8s - loss: 1.0837 - acc: 0.6094
 96/865 [==>...........................] - ETA: 7s - loss: 1.1180 - acc: 0.5521
128/865 [===>..........................] - ETA: 7s - loss: 1.1437 - acc: 0.5547
160/865 [====>.........................] - ETA: 6s - loss: 1.1799 - acc: 0.5562
192/865 [=====>........................] - ETA: 6s - loss: 1.2836 - acc: 0.5312
224/865 [======>.......................] - ETA: 6s - loss: 1.2751 - acc: 0.5357
256/865 [=======>......................] - ETA: 5s - loss: 1.2576 - acc: 0.5312
288/865 [========>.....................] - ETA: 5s - loss: 1.2655 - acc: 0.5174
320/865 [==========>...................] - ETA: 5s - loss: 1.2525 - acc: 0.5219
352/865 [===========>..................] - ETA: 4s - loss: 1.2242 - acc: 0.5341
384/865 [============>.................] - ETA: 4s - loss: 1.2252 - acc: 0.5312
416/865 [=============>................] - ETA: 4s - loss: 1.2444 - acc: 0.5264
448/865 [==============>...............] - ETA: 3s - loss: 1.2302 - acc: 0.5223
480/865 [===============>..............] - ETA: 3s - loss: 1.2229 - acc: 0.5271
512/865 [================>.............] - ETA: 3s - loss: 1.2075 - acc: 0.5273
544/865 [=================>............] - ETA: 2s - loss: 1.2194 - acc: 0.5202
576/865 [==================>...........] - ETA: 2s - loss: 1.2189 - acc: 0.5156
608/865 [====================>.........] - ETA: 2s - loss: 1.2226 - acc: 0.5148
640/865 [=====================>........] - ETA: 2s - loss: 1.2009 - acc: 0.5266
672/865 [======================>.......] - ETA: 1s - loss: 1.2140 - acc: 0.5208
704/865 [=======================>......] - ETA: 1s - loss: 1.2108 - acc: 0.5241
736/865 [========================>.....] - ETA: 1s - loss: 1.2206 - acc: 0.5245
768/865 [=========================>....] - ETA: 0s - loss: 1.2119 - acc: 0.5260
800/865 [==========================>...] - ETA: 0s - loss: 1.2008 - acc: 0.5300
832/865 [===========================>..] - ETA: 0s - loss: 1.2006 - acc: 0.5300
864/865 [============================>.] - ETA: 0s - loss: 1.2067 - acc: 0.5231
865/865 [==============================] - 8s 9ms/sample - loss: 1.2059 - acc: 0.5237
