For Dropout_1=0.7 Dropout_2=0.0
daisy loaded
dandelion loaded
rose loaded
sunflower loaded
tulip loaded

  32/3458 [..............................] - ETA: 3:10 - loss: 1.6262 - acc: 0.0625
  64/3458 [..............................] - ETA: 2:56 - loss: 14.0768 - acc: 0.1406
  96/3458 [..............................] - ETA: 2:51 - loss: 11.5325 - acc: 0.1667
 128/3458 [>.............................] - ETA: 2:47 - loss: 9.7532 - acc: 0.1641 
 160/3458 [>.............................] - ETA: 2:44 - loss: 8.2128 - acc: 0.1875
 192/3458 [>.............................] - ETA: 2:42 - loss: 7.0990 - acc: 0.2344
 224/3458 [>.............................] - ETA: 2:39 - loss: 6.3052 - acc: 0.2545
 256/3458 [=>............................] - ETA: 2:36 - loss: 5.7211 - acc: 0.2461
 288/3458 [=>............................] - ETA: 2:35 - loss: 5.2613 - acc: 0.2465
 320/3458 [=>............................] - ETA: 2:33 - loss: 4.8956 - acc: 0.2313
 352/3458 [==>...........................] - ETA: 2:31 - loss: 4.5957 - acc: 0.2216
 384/3458 [==>...........................] - ETA: 2:30 - loss: 4.3386 - acc: 0.2318
 416/3458 [==>...........................] - ETA: 2:28 - loss: 4.1216 - acc: 0.2284
 448/3458 [==>...........................] - ETA: 2:26 - loss: 3.9424 - acc: 0.2210
 480/3458 [===>..........................] - ETA: 2:25 - loss: 3.7784 - acc: 0.2229
 512/3458 [===>..........................] - ETA: 2:23 - loss: 3.6371 - acc: 0.2305
 544/3458 [===>..........................] - ETA: 2:22 - loss: 3.5100 - acc: 0.2371
 576/3458 [===>..........................] - ETA: 2:20 - loss: 3.3983 - acc: 0.2413
 608/3458 [====>.........................] - ETA: 2:18 - loss: 3.2982 - acc: 0.2418
 640/3458 [====>.........................] - ETA: 2:17 - loss: 3.2046 - acc: 0.2516
 672/3458 [====>.........................] - ETA: 2:15 - loss: 3.1188 - acc: 0.2679
 704/3458 [=====>........................] - ETA: 2:14 - loss: 3.0422 - acc: 0.2741
 736/3458 [=====>........................] - ETA: 2:12 - loss: 2.9695 - acc: 0.2785
 768/3458 [=====>........................] - ETA: 2:10 - loss: 2.9057 - acc: 0.2786
 800/3458 [=====>........................] - ETA: 2:09 - loss: 2.8443 - acc: 0.2763
 832/3458 [======>.......................] - ETA: 2:07 - loss: 2.7854 - acc: 0.2825
 864/3458 [======>.......................] - ETA: 2:06 - loss: 2.7329 - acc: 0.2882
 896/3458 [======>.......................] - ETA: 2:04 - loss: 2.7002 - acc: 0.2902
 928/3458 [=======>......................] - ETA: 2:03 - loss: 2.6575 - acc: 0.2920
 960/3458 [=======>......................] - ETA: 2:01 - loss: 2.6127 - acc: 0.2937
 992/3458 [=======>......................] - ETA: 2:00 - loss: 2.5763 - acc: 0.2954
1024/3458 [=======>......................] - ETA: 1:58 - loss: 2.5426 - acc: 0.2969
1056/3458 [========>.....................] - ETA: 1:56 - loss: 2.5080 - acc: 0.3030
1088/3458 [========>.....................] - ETA: 1:55 - loss: 2.4777 - acc: 0.3061
1120/3458 [========>.....................] - ETA: 1:53 - loss: 2.4466 - acc: 0.3107
1152/3458 [========>.....................] - ETA: 1:52 - loss: 2.4187 - acc: 0.3142
1184/3458 [=========>....................] - ETA: 1:50 - loss: 2.3907 - acc: 0.3176
1216/3458 [=========>....................] - ETA: 1:49 - loss: 2.3607 - acc: 0.3215
1248/3458 [=========>....................] - ETA: 1:47 - loss: 2.3339 - acc: 0.3229
1280/3458 [==========>...................] - ETA: 1:46 - loss: 2.3148 - acc: 0.3211
1312/3458 [==========>...................] - ETA: 1:44 - loss: 2.2920 - acc: 0.3232
1344/3458 [==========>...................] - ETA: 1:43 - loss: 2.2651 - acc: 0.3289
1376/3458 [==========>...................] - ETA: 1:41 - loss: 2.2553 - acc: 0.3285
1408/3458 [===========>..................] - ETA: 1:39 - loss: 2.2344 - acc: 0.3303
1440/3458 [===========>..................] - ETA: 1:38 - loss: 2.2143 - acc: 0.3326
1472/3458 [===========>..................] - ETA: 1:36 - loss: 2.1949 - acc: 0.3349
1504/3458 [============>.................] - ETA: 1:35 - loss: 2.1750 - acc: 0.3364
1536/3458 [============>.................] - ETA: 1:33 - loss: 2.1586 - acc: 0.3340
1568/3458 [============>.................] - ETA: 1:32 - loss: 2.1415 - acc: 0.3335
1600/3458 [============>.................] - ETA: 1:30 - loss: 2.1229 - acc: 0.3356
1632/3458 [=============>................] - ETA: 1:28 - loss: 2.1098 - acc: 0.3364
1664/3458 [=============>................] - ETA: 1:27 - loss: 2.0941 - acc: 0.3377
1696/3458 [=============>................] - ETA: 1:25 - loss: 2.0803 - acc: 0.3408
1728/3458 [=============>................] - ETA: 1:24 - loss: 2.0644 - acc: 0.3432
1760/3458 [==============>...............] - ETA: 1:22 - loss: 2.0469 - acc: 0.3477
1792/3458 [==============>...............] - ETA: 1:21 - loss: 2.0309 - acc: 0.3493
1824/3458 [==============>...............] - ETA: 1:19 - loss: 2.0165 - acc: 0.3514
1856/3458 [===============>..............] - ETA: 1:18 - loss: 2.0037 - acc: 0.3524
1888/3458 [===============>..............] - ETA: 1:16 - loss: 1.9963 - acc: 0.3496
1920/3458 [===============>..............] - ETA: 1:14 - loss: 1.9849 - acc: 0.3531
1952/3458 [===============>..............] - ETA: 1:13 - loss: 1.9715 - acc: 0.3545
1984/3458 [================>.............] - ETA: 1:11 - loss: 1.9607 - acc: 0.3553
2016/3458 [================>.............] - ETA: 1:10 - loss: 1.9573 - acc: 0.3566
2048/3458 [================>.............] - ETA: 1:08 - loss: 1.9477 - acc: 0.3574
2080/3458 [=================>............] - ETA: 1:07 - loss: 1.9443 - acc: 0.3558
2112/3458 [=================>............] - ETA: 1:05 - loss: 1.9366 - acc: 0.3570
2144/3458 [=================>............] - ETA: 1:03 - loss: 1.9329 - acc: 0.3587
2176/3458 [=================>............] - ETA: 1:02 - loss: 1.9258 - acc: 0.3603
2208/3458 [==================>...........] - ETA: 1:00 - loss: 1.9165 - acc: 0.3628
2240/3458 [==================>...........] - ETA: 59s - loss: 1.9073 - acc: 0.3638 
2272/3458 [==================>...........] - ETA: 57s - loss: 1.9008 - acc: 0.3658
2304/3458 [==================>...........] - ETA: 56s - loss: 1.8939 - acc: 0.3659
2336/3458 [===================>..........] - ETA: 54s - loss: 1.8863 - acc: 0.3669
2368/3458 [===================>..........] - ETA: 53s - loss: 1.8786 - acc: 0.3687
2400/3458 [===================>..........] - ETA: 51s - loss: 1.8735 - acc: 0.3700
2432/3458 [====================>.........] - ETA: 49s - loss: 1.8677 - acc: 0.3725
2464/3458 [====================>.........] - ETA: 48s - loss: 1.8616 - acc: 0.3730
2496/3458 [====================>.........] - ETA: 46s - loss: 1.8558 - acc: 0.3750
2528/3458 [====================>.........] - ETA: 45s - loss: 1.8489 - acc: 0.3750
2560/3458 [=====================>........] - ETA: 43s - loss: 1.8428 - acc: 0.3750
2592/3458 [=====================>........] - ETA: 42s - loss: 1.8366 - acc: 0.3746
2624/3458 [=====================>........] - ETA: 40s - loss: 1.8274 - acc: 0.3769
2656/3458 [======================>.......] - ETA: 39s - loss: 1.8290 - acc: 0.3761
2688/3458 [======================>.......] - ETA: 37s - loss: 1.8247 - acc: 0.3769
2720/3458 [======================>.......] - ETA: 35s - loss: 1.8178 - acc: 0.3776
2752/3458 [======================>.......] - ETA: 34s - loss: 1.8128 - acc: 0.3779
2784/3458 [=======================>......] - ETA: 32s - loss: 1.8075 - acc: 0.3790
2816/3458 [=======================>......] - ETA: 31s - loss: 1.8020 - acc: 0.3803
2848/3458 [=======================>......] - ETA: 29s - loss: 1.7969 - acc: 0.3813
2880/3458 [=======================>......] - ETA: 28s - loss: 1.7926 - acc: 0.3819
2912/3458 [========================>.....] - ETA: 26s - loss: 1.7884 - acc: 0.3826
2944/3458 [========================>.....] - ETA: 25s - loss: 1.7872 - acc: 0.3808
2976/3458 [========================>.....] - ETA: 23s - loss: 1.7837 - acc: 0.3821
3008/3458 [=========================>....] - ETA: 21s - loss: 1.7789 - acc: 0.3840
3040/3458 [=========================>....] - ETA: 20s - loss: 1.7735 - acc: 0.3849
3072/3458 [=========================>....] - ETA: 18s - loss: 1.7706 - acc: 0.3844
3104/3458 [=========================>....] - ETA: 17s - loss: 1.7671 - acc: 0.3856
3136/3458 [==========================>...] - ETA: 15s - loss: 1.7646 - acc: 0.3858
3168/3458 [==========================>...] - ETA: 14s - loss: 1.7609 - acc: 0.3870
3200/3458 [==========================>...] - ETA: 12s - loss: 1.7561 - acc: 0.3878
3232/3458 [===========================>..] - ETA: 11s - loss: 1.7510 - acc: 0.3889
3264/3458 [===========================>..] - ETA: 9s - loss: 1.7472 - acc: 0.3897 
3296/3458 [===========================>..] - ETA: 7s - loss: 1.7439 - acc: 0.3896
3328/3458 [===========================>..] - ETA: 6s - loss: 1.7400 - acc: 0.3897
3360/3458 [============================>.] - ETA: 4s - loss: 1.7341 - acc: 0.3914
3392/3458 [============================>.] - ETA: 3s - loss: 1.7285 - acc: 0.3930
3424/3458 [============================>.] - ETA: 1s - loss: 1.7232 - acc: 0.3949
3456/3458 [============================>.] - ETA: 0s - loss: 1.7201 - acc: 0.3955
3458/3458 [==============================] - 169s 49ms/sample - loss: 1.7196 - acc: 0.3959

 32/865 [>.............................] - ETA: 7s - loss: 1.6419 - acc: 0.5312
 64/865 [=>............................] - ETA: 7s - loss: 1.6951 - acc: 0.4375
 96/865 [==>...........................] - ETA: 6s - loss: 1.8420 - acc: 0.4479
128/865 [===>..........................] - ETA: 6s - loss: 1.7244 - acc: 0.4922
160/865 [====>.........................] - ETA: 6s - loss: 1.7367 - acc: 0.5000
192/865 [=====>........................] - ETA: 5s - loss: 1.5933 - acc: 0.5260
224/865 [======>.......................] - ETA: 5s - loss: 1.6181 - acc: 0.5134
256/865 [=======>......................] - ETA: 5s - loss: 1.6614 - acc: 0.5039
288/865 [========>.....................] - ETA: 5s - loss: 1.6574 - acc: 0.5104
320/865 [==========>...................] - ETA: 4s - loss: 1.6626 - acc: 0.5063
352/865 [===========>..................] - ETA: 4s - loss: 1.7199 - acc: 0.4972
384/865 [============>.................] - ETA: 4s - loss: 1.7579 - acc: 0.4818
416/865 [=============>................] - ETA: 3s - loss: 1.7458 - acc: 0.4736
448/865 [==============>...............] - ETA: 3s - loss: 1.7225 - acc: 0.4710
480/865 [===============>..............] - ETA: 3s - loss: 1.6780 - acc: 0.4792
512/865 [================>.............] - ETA: 3s - loss: 1.6773 - acc: 0.4785
544/865 [=================>............] - ETA: 2s - loss: 1.6864 - acc: 0.4706
576/865 [==================>...........] - ETA: 2s - loss: 1.6923 - acc: 0.4653
608/865 [====================>.........] - ETA: 2s - loss: 1.6981 - acc: 0.4638
640/865 [=====================>........] - ETA: 1s - loss: 1.7179 - acc: 0.4594
672/865 [======================>.......] - ETA: 1s - loss: 1.7282 - acc: 0.4628
704/865 [=======================>......] - ETA: 1s - loss: 1.7290 - acc: 0.4659
736/865 [========================>.....] - ETA: 1s - loss: 1.7244 - acc: 0.4674
768/865 [=========================>....] - ETA: 0s - loss: 1.7237 - acc: 0.4648
800/865 [==========================>...] - ETA: 0s - loss: 1.7108 - acc: 0.4663
832/865 [===========================>..] - ETA: 0s - loss: 1.7105 - acc: 0.4663
864/865 [============================>.] - ETA: 0s - loss: 1.6943 - acc: 0.4676
865/865 [==============================] - 8s 9ms/sample - loss: 1.6938 - acc: 0.4671

  32/3458 [..............................] - ETA: 2:43 - loss: 2.3492 - acc: 0.3438
  64/3458 [..............................] - ETA: 2:43 - loss: 2.0119 - acc: 0.4219
  96/3458 [..............................] - ETA: 2:42 - loss: 1.6890 - acc: 0.5000
 128/3458 [>.............................] - ETA: 2:40 - loss: 1.5172 - acc: 0.5156
 160/3458 [>.............................] - ETA: 2:39 - loss: 1.4663 - acc: 0.5125
 192/3458 [>.............................] - ETA: 2:38 - loss: 1.4603 - acc: 0.5052
 224/3458 [>.............................] - ETA: 2:37 - loss: 1.4356 - acc: 0.5045
 256/3458 [=>............................] - ETA: 2:35 - loss: 1.4150 - acc: 0.5000
 288/3458 [=>............................] - ETA: 2:34 - loss: 1.3985 - acc: 0.4896
 320/3458 [=>............................] - ETA: 2:32 - loss: 1.4122 - acc: 0.4656
 352/3458 [==>...........................] - ETA: 2:31 - loss: 1.3924 - acc: 0.4773
 384/3458 [==>...........................] - ETA: 2:29 - loss: 1.3910 - acc: 0.4766
 416/3458 [==>...........................] - ETA: 2:27 - loss: 1.3980 - acc: 0.4688
 448/3458 [==>...........................] - ETA: 2:26 - loss: 1.4029 - acc: 0.4576
 480/3458 [===>..........................] - ETA: 2:24 - loss: 1.4040 - acc: 0.4583
 512/3458 [===>..........................] - ETA: 2:23 - loss: 1.3967 - acc: 0.4570
 544/3458 [===>..........................] - ETA: 2:21 - loss: 1.3977 - acc: 0.4540
 576/3458 [===>..........................] - ETA: 2:20 - loss: 1.3867 - acc: 0.4583
 608/3458 [====>.........................] - ETA: 2:18 - loss: 1.3985 - acc: 0.4589
 640/3458 [====>.........................] - ETA: 2:17 - loss: 1.3932 - acc: 0.4563
 672/3458 [====>.........................] - ETA: 2:15 - loss: 1.3875 - acc: 0.4583
 704/3458 [=====>........................] - ETA: 2:13 - loss: 1.3856 - acc: 0.4531
 736/3458 [=====>........................] - ETA: 2:12 - loss: 1.3854 - acc: 0.4565
 768/3458 [=====>........................] - ETA: 2:10 - loss: 1.3869 - acc: 0.4518
 800/3458 [=====>........................] - ETA: 2:09 - loss: 1.3866 - acc: 0.4487
 832/3458 [======>.......................] - ETA: 2:07 - loss: 1.3799 - acc: 0.4483
 864/3458 [======>.......................] - ETA: 2:06 - loss: 1.3682 - acc: 0.4549
 896/3458 [======>.......................] - ETA: 2:04 - loss: 1.3617 - acc: 0.4598
 928/3458 [=======>......................] - ETA: 2:02 - loss: 1.3630 - acc: 0.4558
 960/3458 [=======>......................] - ETA: 2:01 - loss: 1.3661 - acc: 0.4542
 992/3458 [=======>......................] - ETA: 1:59 - loss: 1.3694 - acc: 0.4506
1024/3458 [=======>......................] - ETA: 1:58 - loss: 1.3646 - acc: 0.4502
1056/3458 [========>.....................] - ETA: 1:56 - loss: 1.3629 - acc: 0.4527
1088/3458 [========>.....................] - ETA: 1:55 - loss: 1.3622 - acc: 0.4522
1120/3458 [========>.....................] - ETA: 1:53 - loss: 1.3598 - acc: 0.4527
1152/3458 [========>.....................] - ETA: 1:52 - loss: 1.3553 - acc: 0.4566
1184/3458 [=========>....................] - ETA: 1:50 - loss: 1.3491 - acc: 0.4628
1216/3458 [=========>....................] - ETA: 1:49 - loss: 1.3513 - acc: 0.4622
1248/3458 [=========>....................] - ETA: 1:47 - loss: 1.3478 - acc: 0.4647
1280/3458 [==========>...................] - ETA: 1:46 - loss: 1.3465 - acc: 0.4656
1312/3458 [==========>...................] - ETA: 1:44 - loss: 1.3428 - acc: 0.4680
1344/3458 [==========>...................] - ETA: 1:42 - loss: 1.3394 - acc: 0.4688
1376/3458 [==========>...................] - ETA: 1:41 - loss: 1.3379 - acc: 0.4680
1408/3458 [===========>..................] - ETA: 1:39 - loss: 1.3304 - acc: 0.4709
1440/3458 [===========>..................] - ETA: 1:38 - loss: 1.3275 - acc: 0.4688
1472/3458 [===========>..................] - ETA: 1:36 - loss: 1.3229 - acc: 0.4715
1504/3458 [============>.................] - ETA: 1:35 - loss: 1.3198 - acc: 0.4701
1536/3458 [============>.................] - ETA: 1:33 - loss: 1.3116 - acc: 0.4740
1568/3458 [============>.................] - ETA: 1:32 - loss: 1.3157 - acc: 0.4751
1600/3458 [============>.................] - ETA: 1:30 - loss: 1.3136 - acc: 0.4769
1632/3458 [=============>................] - ETA: 1:28 - loss: 1.3142 - acc: 0.4767
1664/3458 [=============>................] - ETA: 1:27 - loss: 1.3059 - acc: 0.4820
1696/3458 [=============>................] - ETA: 1:25 - loss: 1.3007 - acc: 0.4823
1728/3458 [=============>................] - ETA: 1:24 - loss: 1.2975 - acc: 0.4815
1760/3458 [==============>...............] - ETA: 1:22 - loss: 1.2944 - acc: 0.4824
1792/3458 [==============>...............] - ETA: 1:21 - loss: 1.2938 - acc: 0.4827
1824/3458 [==============>...............] - ETA: 1:19 - loss: 1.2882 - acc: 0.4836
1856/3458 [===============>..............] - ETA: 1:18 - loss: 1.2839 - acc: 0.4855
1888/3458 [===============>..............] - ETA: 1:16 - loss: 1.2803 - acc: 0.4883
1920/3458 [===============>..............] - ETA: 1:14 - loss: 1.2768 - acc: 0.4891
1952/3458 [===============>..............] - ETA: 1:13 - loss: 1.2740 - acc: 0.4913
1984/3458 [================>.............] - ETA: 1:11 - loss: 1.2728 - acc: 0.4919
2016/3458 [================>.............] - ETA: 1:10 - loss: 1.2698 - acc: 0.4936
2048/3458 [================>.............] - ETA: 1:08 - loss: 1.2691 - acc: 0.4941
2080/3458 [=================>............] - ETA: 1:07 - loss: 1.2677 - acc: 0.4966
2112/3458 [=================>............] - ETA: 1:05 - loss: 1.2671 - acc: 0.4967
2144/3458 [=================>............] - ETA: 1:04 - loss: 1.2612 - acc: 0.5005
2176/3458 [=================>............] - ETA: 1:02 - loss: 1.2607 - acc: 0.5009
2208/3458 [==================>...........] - ETA: 1:00 - loss: 1.2586 - acc: 0.5000
2240/3458 [==================>...........] - ETA: 59s - loss: 1.2589 - acc: 0.4996 
2272/3458 [==================>...........] - ETA: 57s - loss: 1.2596 - acc: 0.4987
2304/3458 [==================>...........] - ETA: 56s - loss: 1.2583 - acc: 0.4991
2336/3458 [===================>..........] - ETA: 54s - loss: 1.2546 - acc: 0.5004
2368/3458 [===================>..........] - ETA: 53s - loss: 1.2535 - acc: 0.5000
2400/3458 [===================>..........] - ETA: 51s - loss: 1.2533 - acc: 0.4983
2432/3458 [====================>.........] - ETA: 50s - loss: 1.2530 - acc: 0.4988
2464/3458 [====================>.........] - ETA: 48s - loss: 1.2497 - acc: 0.5008
2496/3458 [====================>.........] - ETA: 46s - loss: 1.2472 - acc: 0.5020
2528/3458 [====================>.........] - ETA: 45s - loss: 1.2469 - acc: 0.5028
2560/3458 [=====================>........] - ETA: 43s - loss: 1.2475 - acc: 0.5023
2592/3458 [=====================>........] - ETA: 42s - loss: 1.2435 - acc: 0.5050
2624/3458 [=====================>........] - ETA: 40s - loss: 1.2453 - acc: 0.5038
2656/3458 [======================>.......] - ETA: 39s - loss: 1.2459 - acc: 0.5034
2688/3458 [======================>.......] - ETA: 37s - loss: 1.2448 - acc: 0.5048
2720/3458 [======================>.......] - ETA: 35s - loss: 1.2408 - acc: 0.5066
2752/3458 [======================>.......] - ETA: 34s - loss: 1.2400 - acc: 0.5065
2784/3458 [=======================>......] - ETA: 32s - loss: 1.2390 - acc: 0.5061
2816/3458 [=======================>......] - ETA: 31s - loss: 1.2387 - acc: 0.5078
2848/3458 [=======================>......] - ETA: 29s - loss: 1.2362 - acc: 0.5088
2880/3458 [=======================>......] - ETA: 28s - loss: 1.2343 - acc: 0.5097
2912/3458 [========================>.....] - ETA: 26s - loss: 1.2343 - acc: 0.5093
2944/3458 [========================>.....] - ETA: 25s - loss: 1.2324 - acc: 0.5109
2976/3458 [========================>.....] - ETA: 23s - loss: 1.2285 - acc: 0.5128
3008/3458 [=========================>....] - ETA: 21s - loss: 1.2278 - acc: 0.5130
3040/3458 [=========================>....] - ETA: 20s - loss: 1.2284 - acc: 0.5115
3072/3458 [=========================>....] - ETA: 18s - loss: 1.2292 - acc: 0.5117
3104/3458 [=========================>....] - ETA: 17s - loss: 1.2307 - acc: 0.5106
3136/3458 [==========================>...] - ETA: 15s - loss: 1.2294 - acc: 0.5099
3168/3458 [==========================>...] - ETA: 14s - loss: 1.2279 - acc: 0.5098
3200/3458 [==========================>...] - ETA: 12s - loss: 1.2261 - acc: 0.5103
3232/3458 [===========================>..] - ETA: 11s - loss: 1.2249 - acc: 0.5096
3264/3458 [===========================>..] - ETA: 9s - loss: 1.2221 - acc: 0.5104 
3296/3458 [===========================>..] - ETA: 7s - loss: 1.2215 - acc: 0.5109
3328/3458 [===========================>..] - ETA: 6s - loss: 1.2225 - acc: 0.5105
3360/3458 [============================>.] - ETA: 4s - loss: 1.2218 - acc: 0.5092
3392/3458 [============================>.] - ETA: 3s - loss: 1.2211 - acc: 0.5091
3424/3458 [============================>.] - ETA: 1s - loss: 1.2200 - acc: 0.5099
3456/3458 [============================>.] - ETA: 0s - loss: 1.2213 - acc: 0.5113
3458/3458 [==============================] - 169s 49ms/sample - loss: 1.2213 - acc: 0.5113

 32/865 [>.............................] - ETA: 7s - loss: 1.1156 - acc: 0.4688
 64/865 [=>............................] - ETA: 7s - loss: 1.1281 - acc: 0.5000
 96/865 [==>...........................] - ETA: 7s - loss: 1.1468 - acc: 0.5000
128/865 [===>..........................] - ETA: 6s - loss: 1.1732 - acc: 0.5234
160/865 [====>.........................] - ETA: 6s - loss: 1.1865 - acc: 0.5125
192/865 [=====>........................] - ETA: 5s - loss: 1.1352 - acc: 0.5417
224/865 [======>.......................] - ETA: 5s - loss: 1.1398 - acc: 0.5402
256/865 [=======>......................] - ETA: 5s - loss: 1.1587 - acc: 0.5273
288/865 [========>.....................] - ETA: 5s - loss: 1.1430 - acc: 0.5417
320/865 [==========>...................] - ETA: 4s - loss: 1.1505 - acc: 0.5344
352/865 [===========>..................] - ETA: 4s - loss: 1.1447 - acc: 0.5341
384/865 [============>.................] - ETA: 4s - loss: 1.1424 - acc: 0.5339
416/865 [=============>................] - ETA: 4s - loss: 1.1424 - acc: 0.5264
448/865 [==============>...............] - ETA: 3s - loss: 1.1353 - acc: 0.5246
480/865 [===============>..............] - ETA: 3s - loss: 1.1305 - acc: 0.5354
512/865 [================>.............] - ETA: 3s - loss: 1.1435 - acc: 0.5312
544/865 [=================>............] - ETA: 2s - loss: 1.1448 - acc: 0.5331
576/865 [==================>...........] - ETA: 2s - loss: 1.1459 - acc: 0.5330
608/865 [====================>.........] - ETA: 2s - loss: 1.1388 - acc: 0.5378
640/865 [=====================>........] - ETA: 1s - loss: 1.1611 - acc: 0.5250
672/865 [======================>.......] - ETA: 1s - loss: 1.1652 - acc: 0.5179
704/865 [=======================>......] - ETA: 1s - loss: 1.1667 - acc: 0.5170
736/865 [========================>.....] - ETA: 1s - loss: 1.1642 - acc: 0.5190
768/865 [=========================>....] - ETA: 0s - loss: 1.1668 - acc: 0.5234
800/865 [==========================>...] - ETA: 0s - loss: 1.1706 - acc: 0.5238
832/865 [===========================>..] - ETA: 0s - loss: 1.1671 - acc: 0.5216
864/865 [============================>.] - ETA: 0s - loss: 1.1674 - acc: 0.5185
865/865 [==============================] - 8s 9ms/sample - loss: 1.1668 - acc: 0.5191

  32/3458 [..............................] - ETA: 2:43 - loss: 1.1565 - acc: 0.4688
  64/3458 [..............................] - ETA: 2:42 - loss: 1.1151 - acc: 0.4844
  96/3458 [..............................] - ETA: 2:41 - loss: 1.0273 - acc: 0.5729
 128/3458 [>.............................] - ETA: 2:40 - loss: 1.0414 - acc: 0.5625
 160/3458 [>.............................] - ETA: 2:39 - loss: 1.1188 - acc: 0.5437
 192/3458 [>.............................] - ETA: 2:38 - loss: 1.1211 - acc: 0.5469
 224/3458 [>.............................] - ETA: 2:37 - loss: 1.1255 - acc: 0.5491
 256/3458 [=>............................] - ETA: 2:35 - loss: 1.0851 - acc: 0.5859
 288/3458 [=>............................] - ETA: 2:34 - loss: 1.0992 - acc: 0.5764
 320/3458 [=>............................] - ETA: 2:35 - loss: 1.0883 - acc: 0.5719
 352/3458 [==>...........................] - ETA: 2:34 - loss: 1.1086 - acc: 0.5653
 384/3458 [==>...........................] - ETA: 2:33 - loss: 1.1057 - acc: 0.5703
 416/3458 [==>...........................] - ETA: 2:32 - loss: 1.1110 - acc: 0.5649
 448/3458 [==>...........................] - ETA: 2:30 - loss: 1.1037 - acc: 0.5692
 480/3458 [===>..........................] - ETA: 2:28 - loss: 1.1021 - acc: 0.5750
 512/3458 [===>..........................] - ETA: 2:26 - loss: 1.1119 - acc: 0.5664
 544/3458 [===>..........................] - ETA: 2:24 - loss: 1.0894 - acc: 0.5790
 576/3458 [===>..........................] - ETA: 2:23 - loss: 1.0759 - acc: 0.5885
 608/3458 [====>.........................] - ETA: 2:21 - loss: 1.0729 - acc: 0.5872
 640/3458 [====>.........................] - ETA: 2:19 - loss: 1.0781 - acc: 0.5859
 672/3458 [====>.........................] - ETA: 2:18 - loss: 1.0877 - acc: 0.5848
 704/3458 [=====>........................] - ETA: 2:16 - loss: 1.0771 - acc: 0.5866
 736/3458 [=====>........................] - ETA: 2:14 - loss: 1.0691 - acc: 0.5897
 768/3458 [=====>........................] - ETA: 2:12 - loss: 1.0601 - acc: 0.5885
 800/3458 [=====>........................] - ETA: 2:11 - loss: 1.0548 - acc: 0.5875
 832/3458 [======>.......................] - ETA: 2:09 - loss: 1.0570 - acc: 0.5877
 864/3458 [======>.......................] - ETA: 2:07 - loss: 1.0671 - acc: 0.5868
 896/3458 [======>.......................] - ETA: 2:06 - loss: 1.0672 - acc: 0.5837
 928/3458 [=======>......................] - ETA: 2:04 - loss: 1.0618 - acc: 0.5851
 960/3458 [=======>......................] - ETA: 2:03 - loss: 1.0543 - acc: 0.5885
 992/3458 [=======>......................] - ETA: 2:01 - loss: 1.0573 - acc: 0.5877
1024/3458 [=======>......................] - ETA: 1:59 - loss: 1.0570 - acc: 0.5879
1056/3458 [========>.....................] - ETA: 1:58 - loss: 1.0510 - acc: 0.5928
1088/3458 [========>.....................] - ETA: 1:56 - loss: 1.0445 - acc: 0.5956
1120/3458 [========>.....................] - ETA: 1:55 - loss: 1.0471 - acc: 0.5920
1152/3458 [========>.....................] - ETA: 1:53 - loss: 1.0532 - acc: 0.5903
1184/3458 [=========>....................] - ETA: 1:51 - loss: 1.0587 - acc: 0.5853
1216/3458 [=========>....................] - ETA: 1:50 - loss: 1.0576 - acc: 0.5880
1248/3458 [=========>....................] - ETA: 1:48 - loss: 1.0593 - acc: 0.5865
1280/3458 [==========>...................] - ETA: 1:47 - loss: 1.0560 - acc: 0.5875
1312/3458 [==========>...................] - ETA: 1:45 - loss: 1.0598 - acc: 0.5846
1344/3458 [==========>...................] - ETA: 1:43 - loss: 1.0575 - acc: 0.5848
1376/3458 [==========>...................] - ETA: 1:42 - loss: 1.0553 - acc: 0.5865
1408/3458 [===========>..................] - ETA: 1:40 - loss: 1.0621 - acc: 0.5859
1440/3458 [===========>..................] - ETA: 1:39 - loss: 1.0624 - acc: 0.5861
1472/3458 [===========>..................] - ETA: 1:37 - loss: 1.0622 - acc: 0.5856
1504/3458 [============>.................] - ETA: 1:35 - loss: 1.0608 - acc: 0.5851
1536/3458 [============>.................] - ETA: 1:34 - loss: 1.0564 - acc: 0.5892
1568/3458 [============>.................] - ETA: 1:32 - loss: 1.0543 - acc: 0.5886
1600/3458 [============>.................] - ETA: 1:31 - loss: 1.0588 - acc: 0.5869
1632/3458 [=============>................] - ETA: 1:29 - loss: 1.0594 - acc: 0.5864
1664/3458 [=============>................] - ETA: 1:28 - loss: 1.0579 - acc: 0.5883
1696/3458 [=============>................] - ETA: 1:26 - loss: 1.0644 - acc: 0.5861
1728/3458 [=============>................] - ETA: 1:24 - loss: 1.0672 - acc: 0.5856
1760/3458 [==============>...............] - ETA: 1:23 - loss: 1.0689 - acc: 0.5858
1792/3458 [==============>...............] - ETA: 1:21 - loss: 1.0659 - acc: 0.5882
1824/3458 [==============>...............] - ETA: 1:20 - loss: 1.0676 - acc: 0.5877
1856/3458 [===============>..............] - ETA: 1:18 - loss: 1.0625 - acc: 0.5911
1888/3458 [===============>..............] - ETA: 1:16 - loss: 1.0657 - acc: 0.5900
1920/3458 [===============>..............] - ETA: 1:15 - loss: 1.0682 - acc: 0.5880
1952/3458 [===============>..............] - ETA: 1:13 - loss: 1.0661 - acc: 0.5897
1984/3458 [================>.............] - ETA: 1:12 - loss: 1.0660 - acc: 0.5897
2016/3458 [================>.............] - ETA: 1:10 - loss: 1.0622 - acc: 0.5918
2048/3458 [================>.............] - ETA: 1:09 - loss: 1.0599 - acc: 0.5928
2080/3458 [=================>............] - ETA: 1:07 - loss: 1.0580 - acc: 0.5942
2112/3458 [=================>............] - ETA: 1:05 - loss: 1.0577 - acc: 0.5938
2144/3458 [=================>............] - ETA: 1:04 - loss: 1.0587 - acc: 0.5924
2176/3458 [=================>............] - ETA: 1:02 - loss: 1.0580 - acc: 0.5928
2208/3458 [==================>...........] - ETA: 1:01 - loss: 1.0566 - acc: 0.5933
2240/3458 [==================>...........] - ETA: 59s - loss: 1.0542 - acc: 0.5938 
2272/3458 [==================>...........] - ETA: 58s - loss: 1.0549 - acc: 0.5929
2304/3458 [==================>...........] - ETA: 56s - loss: 1.0518 - acc: 0.5929
2336/3458 [===================>..........] - ETA: 54s - loss: 1.0513 - acc: 0.5933
2368/3458 [===================>..........] - ETA: 53s - loss: 1.0517 - acc: 0.5929
2400/3458 [===================>..........] - ETA: 51s - loss: 1.0501 - acc: 0.5946
2432/3458 [====================>.........] - ETA: 50s - loss: 1.0479 - acc: 0.5958
2464/3458 [====================>.........] - ETA: 48s - loss: 1.0469 - acc: 0.5950
2496/3458 [====================>.........] - ETA: 47s - loss: 1.0429 - acc: 0.5958
2528/3458 [====================>.........] - ETA: 45s - loss: 1.0423 - acc: 0.5945
2560/3458 [=====================>........] - ETA: 43s - loss: 1.0412 - acc: 0.5961
2592/3458 [=====================>........] - ETA: 42s - loss: 1.0389 - acc: 0.5968
2624/3458 [=====================>........] - ETA: 40s - loss: 1.0328 - acc: 0.5995
2656/3458 [======================>.......] - ETA: 39s - loss: 1.0311 - acc: 0.5990
2688/3458 [======================>.......] - ETA: 37s - loss: 1.0338 - acc: 0.5986
2720/3458 [======================>.......] - ETA: 36s - loss: 1.0325 - acc: 0.5993
2752/3458 [======================>.......] - ETA: 34s - loss: 1.0338 - acc: 0.5988
2784/3458 [=======================>......] - ETA: 32s - loss: 1.0355 - acc: 0.5988
2816/3458 [=======================>......] - ETA: 31s - loss: 1.0350 - acc: 0.5977
2848/3458 [=======================>......] - ETA: 29s - loss: 1.0345 - acc: 0.5980
2880/3458 [=======================>......] - ETA: 28s - loss: 1.0308 - acc: 0.6007
2912/3458 [========================>.....] - ETA: 26s - loss: 1.0333 - acc: 0.5992
2944/3458 [========================>.....] - ETA: 25s - loss: 1.0340 - acc: 0.5992
2976/3458 [========================>.....] - ETA: 23s - loss: 1.0335 - acc: 0.5981
3008/3458 [=========================>....] - ETA: 21s - loss: 1.0338 - acc: 0.5984
3040/3458 [=========================>....] - ETA: 20s - loss: 1.0343 - acc: 0.5980
3072/3458 [=========================>....] - ETA: 18s - loss: 1.0326 - acc: 0.5986
3104/3458 [=========================>....] - ETA: 17s - loss: 1.0317 - acc: 0.5992
3136/3458 [==========================>...] - ETA: 15s - loss: 1.0311 - acc: 0.5998
3168/3458 [==========================>...] - ETA: 14s - loss: 1.0306 - acc: 0.5997
3200/3458 [==========================>...] - ETA: 12s - loss: 1.0299 - acc: 0.6009
3232/3458 [===========================>..] - ETA: 11s - loss: 1.0313 - acc: 0.6006
3264/3458 [===========================>..] - ETA: 9s - loss: 1.0332 - acc: 0.5996 
3296/3458 [===========================>..] - ETA: 7s - loss: 1.0347 - acc: 0.5989
3328/3458 [===========================>..] - ETA: 6s - loss: 1.0344 - acc: 0.5986
3360/3458 [============================>.] - ETA: 4s - loss: 1.0345 - acc: 0.5997
3392/3458 [============================>.] - ETA: 3s - loss: 1.0349 - acc: 0.5994
3424/3458 [============================>.] - ETA: 1s - loss: 1.0338 - acc: 0.5999
3456/3458 [============================>.] - ETA: 0s - loss: 1.0347 - acc: 0.5992
3458/3458 [==============================] - 170s 49ms/sample - loss: 1.0342 - acc: 0.5995

 32/865 [>.............................] - ETA: 7s - loss: 1.0515 - acc: 0.6250
 64/865 [=>............................] - ETA: 6s - loss: 1.1461 - acc: 0.5938
 96/865 [==>...........................] - ETA: 6s - loss: 1.1309 - acc: 0.5833
128/865 [===>..........................] - ETA: 6s - loss: 1.1678 - acc: 0.5859
160/865 [====>.........................] - ETA: 6s - loss: 1.1762 - acc: 0.5750
192/865 [=====>........................] - ETA: 5s - loss: 1.1048 - acc: 0.5833
224/865 [======>.......................] - ETA: 5s - loss: 1.1190 - acc: 0.5804
256/865 [=======>......................] - ETA: 5s - loss: 1.1296 - acc: 0.5664
288/865 [========>.....................] - ETA: 5s - loss: 1.1025 - acc: 0.5868
320/865 [==========>...................] - ETA: 4s - loss: 1.1207 - acc: 0.5719
352/865 [===========>..................] - ETA: 4s - loss: 1.1187 - acc: 0.5625
384/865 [============>.................] - ETA: 4s - loss: 1.1235 - acc: 0.5547
416/865 [=============>................] - ETA: 3s - loss: 1.1328 - acc: 0.5481
448/865 [==============>...............] - ETA: 3s - loss: 1.1182 - acc: 0.5469
480/865 [===============>..............] - ETA: 3s - loss: 1.1061 - acc: 0.5562
512/865 [================>.............] - ETA: 3s - loss: 1.1225 - acc: 0.5508
544/865 [=================>............] - ETA: 2s - loss: 1.1317 - acc: 0.5533
576/865 [==================>...........] - ETA: 2s - loss: 1.1457 - acc: 0.5451
608/865 [====================>.........] - ETA: 2s - loss: 1.1406 - acc: 0.5493
640/865 [=====================>........] - ETA: 1s - loss: 1.1637 - acc: 0.5406
672/865 [======================>.......] - ETA: 1s - loss: 1.1648 - acc: 0.5372
704/865 [=======================>......] - ETA: 1s - loss: 1.1650 - acc: 0.5341
736/865 [========================>.....] - ETA: 1s - loss: 1.1600 - acc: 0.5353
768/865 [=========================>....] - ETA: 0s - loss: 1.1605 - acc: 0.5391
800/865 [==========================>...] - ETA: 0s - loss: 1.1645 - acc: 0.5375
832/865 [===========================>..] - ETA: 0s - loss: 1.1568 - acc: 0.5397
864/865 [============================>.] - ETA: 0s - loss: 1.1570 - acc: 0.5382
865/865 [==============================] - 8s 9ms/sample - loss: 1.1564 - acc: 0.5387

  32/3458 [..............................] - ETA: 2:43 - loss: 0.8138 - acc: 0.6875
  64/3458 [..............................] - ETA: 2:45 - loss: 0.8254 - acc: 0.7188
  96/3458 [..............................] - ETA: 2:42 - loss: 0.8422 - acc: 0.6979
 128/3458 [>.............................] - ETA: 2:42 - loss: 0.8361 - acc: 0.6797
 160/3458 [>.............................] - ETA: 2:40 - loss: 0.8325 - acc: 0.6812
 192/3458 [>.............................] - ETA: 2:38 - loss: 0.8605 - acc: 0.6771
 224/3458 [>.............................] - ETA: 2:37 - loss: 0.8591 - acc: 0.6741
 256/3458 [=>............................] - ETA: 2:35 - loss: 0.8546 - acc: 0.6875
 288/3458 [=>............................] - ETA: 2:34 - loss: 0.8454 - acc: 0.6910
 320/3458 [=>............................] - ETA: 2:32 - loss: 0.8469 - acc: 0.6906
 352/3458 [==>...........................] - ETA: 2:31 - loss: 0.8371 - acc: 0.6875
 384/3458 [==>...........................] - ETA: 2:31 - loss: 0.8175 - acc: 0.7005
 416/3458 [==>...........................] - ETA: 2:31 - loss: 0.7965 - acc: 0.7115
 448/3458 [==>...........................] - ETA: 2:30 - loss: 0.8053 - acc: 0.7031
 480/3458 [===>..........................] - ETA: 2:29 - loss: 0.7864 - acc: 0.7125
 512/3458 [===>..........................] - ETA: 2:28 - loss: 0.7990 - acc: 0.7090
 544/3458 [===>..........................] - ETA: 2:27 - loss: 0.7765 - acc: 0.7206
 576/3458 [===>..........................] - ETA: 2:25 - loss: 0.7848 - acc: 0.7135
 608/3458 [====>.........................] - ETA: 2:24 - loss: 0.7841 - acc: 0.7122
 640/3458 [====>.........................] - ETA: 2:22 - loss: 0.7807 - acc: 0.7156
 672/3458 [====>.........................] - ETA: 2:21 - loss: 0.7829 - acc: 0.7173
 704/3458 [=====>........................] - ETA: 2:19 - loss: 0.7836 - acc: 0.7116
 736/3458 [=====>........................] - ETA: 2:18 - loss: 0.7697 - acc: 0.7215
 768/3458 [=====>........................] - ETA: 2:16 - loss: 0.7707 - acc: 0.7188
 800/3458 [=====>........................] - ETA: 2:15 - loss: 0.7690 - acc: 0.7188
 832/3458 [======>.......................] - ETA: 2:13 - loss: 0.7646 - acc: 0.7188
 864/3458 [======>.......................] - ETA: 2:12 - loss: 0.7824 - acc: 0.7141
 896/3458 [======>.......................] - ETA: 2:10 - loss: 0.7781 - acc: 0.7154
 928/3458 [=======>......................] - ETA: 2:08 - loss: 0.7743 - acc: 0.7144
 960/3458 [=======>......................] - ETA: 2:07 - loss: 0.7813 - acc: 0.7125
 992/3458 [=======>......................] - ETA: 2:05 - loss: 0.7757 - acc: 0.7137
1024/3458 [=======>......................] - ETA: 2:04 - loss: 0.7730 - acc: 0.7139
1056/3458 [========>.....................] - ETA: 2:02 - loss: 0.7638 - acc: 0.7159
1088/3458 [========>.....................] - ETA: 2:01 - loss: 0.7573 - acc: 0.7178
1120/3458 [========>.....................] - ETA: 1:59 - loss: 0.7475 - acc: 0.7223
1152/3458 [========>.....................] - ETA: 1:57 - loss: 0.7407 - acc: 0.7240
1184/3458 [=========>....................] - ETA: 1:56 - loss: 0.7360 - acc: 0.7255
1216/3458 [=========>....................] - ETA: 1:54 - loss: 0.7315 - acc: 0.7286
1248/3458 [=========>....................] - ETA: 1:52 - loss: 0.7311 - acc: 0.7268
1280/3458 [==========>...................] - ETA: 1:51 - loss: 0.7289 - acc: 0.7281
1312/3458 [==========>...................] - ETA: 1:49 - loss: 0.7245 - acc: 0.7302
1344/3458 [==========>...................] - ETA: 1:48 - loss: 0.7252 - acc: 0.7314
1376/3458 [==========>...................] - ETA: 1:46 - loss: 0.7224 - acc: 0.7311
1408/3458 [===========>..................] - ETA: 1:44 - loss: 0.7204 - acc: 0.7337
1440/3458 [===========>..................] - ETA: 1:43 - loss: 0.7168 - acc: 0.7333
1472/3458 [===========>..................] - ETA: 1:41 - loss: 0.7215 - acc: 0.7310
1504/3458 [============>.................] - ETA: 1:40 - loss: 0.7200 - acc: 0.7301
1536/3458 [============>.................] - ETA: 1:38 - loss: 0.7258 - acc: 0.7272
1568/3458 [============>.................] - ETA: 1:37 - loss: 0.7280 - acc: 0.7270
1600/3458 [============>.................] - ETA: 1:35 - loss: 0.7315 - acc: 0.7256
1632/3458 [=============>................] - ETA: 1:33 - loss: 0.7302 - acc: 0.7249
1664/3458 [=============>................] - ETA: 1:32 - loss: 0.7292 - acc: 0.7242
1696/3458 [=============>................] - ETA: 1:30 - loss: 0.7293 - acc: 0.7264
1728/3458 [=============>................] - ETA: 1:28 - loss: 0.7301 - acc: 0.7257
1760/3458 [==============>...............] - ETA: 1:27 - loss: 0.7287 - acc: 0.7267
1792/3458 [==============>...............] - ETA: 1:25 - loss: 0.7270 - acc: 0.7271
1824/3458 [==============>...............] - ETA: 1:23 - loss: 0.7274 - acc: 0.7270
1856/3458 [===============>..............] - ETA: 1:22 - loss: 0.7285 - acc: 0.7268
1888/3458 [===============>..............] - ETA: 1:20 - loss: 0.7248 - acc: 0.7283
1920/3458 [===============>..............] - ETA: 1:18 - loss: 0.7267 - acc: 0.7271
1952/3458 [===============>..............] - ETA: 1:17 - loss: 0.7281 - acc: 0.7249
1984/3458 [================>.............] - ETA: 1:15 - loss: 0.7297 - acc: 0.7243
2016/3458 [================>.............] - ETA: 1:13 - loss: 0.7272 - acc: 0.7257
2048/3458 [================>.............] - ETA: 1:12 - loss: 0.7295 - acc: 0.7246
2080/3458 [=================>............] - ETA: 1:10 - loss: 0.7270 - acc: 0.7250
2112/3458 [=================>............] - ETA: 1:08 - loss: 0.7282 - acc: 0.7240
2144/3458 [=================>............] - ETA: 1:07 - loss: 0.7289 - acc: 0.7239
2176/3458 [=================>............] - ETA: 1:05 - loss: 0.7296 - acc: 0.7233
2208/3458 [==================>...........] - ETA: 1:03 - loss: 0.7314 - acc: 0.7233
2240/3458 [==================>...........] - ETA: 1:02 - loss: 0.7313 - acc: 0.7241
2272/3458 [==================>...........] - ETA: 1:00 - loss: 0.7331 - acc: 0.7240
2304/3458 [==================>...........] - ETA: 58s - loss: 0.7361 - acc: 0.7218 
2336/3458 [===================>..........] - ETA: 57s - loss: 0.7358 - acc: 0.7230
2368/3458 [===================>..........] - ETA: 55s - loss: 0.7355 - acc: 0.7221
2400/3458 [===================>..........] - ETA: 53s - loss: 0.7336 - acc: 0.7237
2432/3458 [====================>.........] - ETA: 52s - loss: 0.7353 - acc: 0.7229
2464/3458 [====================>.........] - ETA: 50s - loss: 0.7364 - acc: 0.7232
2496/3458 [====================>.........] - ETA: 48s - loss: 0.7383 - acc: 0.7220
2528/3458 [====================>.........] - ETA: 47s - loss: 0.7408 - acc: 0.7215
2560/3458 [=====================>........] - ETA: 45s - loss: 0.7403 - acc: 0.7207
2592/3458 [=====================>........] - ETA: 44s - loss: 0.7415 - acc: 0.7211
2624/3458 [=====================>........] - ETA: 42s - loss: 0.7416 - acc: 0.7222
2656/3458 [======================>.......] - ETA: 40s - loss: 0.7414 - acc: 0.7218
2688/3458 [======================>.......] - ETA: 39s - loss: 0.7414 - acc: 0.7217
2720/3458 [======================>.......] - ETA: 37s - loss: 0.7396 - acc: 0.7217
2752/3458 [======================>.......] - ETA: 35s - loss: 0.7394 - acc: 0.7217
2784/3458 [=======================>......] - ETA: 34s - loss: 0.7388 - acc: 0.7223
2816/3458 [=======================>......] - ETA: 32s - loss: 0.7428 - acc: 0.7195
2848/3458 [=======================>......] - ETA: 30s - loss: 0.7426 - acc: 0.7191
2880/3458 [=======================>......] - ETA: 29s - loss: 0.7426 - acc: 0.7191
2912/3458 [========================>.....] - ETA: 27s - loss: 0.7387 - acc: 0.7208
2944/3458 [========================>.....] - ETA: 26s - loss: 0.7390 - acc: 0.7204
2976/3458 [========================>.....] - ETA: 24s - loss: 0.7381 - acc: 0.7211
3008/3458 [=========================>....] - ETA: 22s - loss: 0.7426 - acc: 0.7201
3040/3458 [=========================>....] - ETA: 21s - loss: 0.7427 - acc: 0.7201
3072/3458 [=========================>....] - ETA: 19s - loss: 0.7435 - acc: 0.7191
3104/3458 [=========================>....] - ETA: 17s - loss: 0.7427 - acc: 0.7184
3136/3458 [==========================>...] - ETA: 16s - loss: 0.7439 - acc: 0.7188
3168/3458 [==========================>...] - ETA: 14s - loss: 0.7434 - acc: 0.7191
3200/3458 [==========================>...] - ETA: 13s - loss: 0.7419 - acc: 0.7194
3232/3458 [===========================>..] - ETA: 11s - loss: 0.7405 - acc: 0.7197
3264/3458 [===========================>..] - ETA: 9s - loss: 0.7397 - acc: 0.7203 
3296/3458 [===========================>..] - ETA: 8s - loss: 0.7398 - acc: 0.7203
3328/3458 [===========================>..] - ETA: 6s - loss: 0.7423 - acc: 0.7197
3360/3458 [============================>.] - ETA: 4s - loss: 0.7428 - acc: 0.7196
3392/3458 [============================>.] - ETA: 3s - loss: 0.7416 - acc: 0.7202
3424/3458 [============================>.] - ETA: 1s - loss: 0.7424 - acc: 0.7199
3456/3458 [============================>.] - ETA: 0s - loss: 0.7415 - acc: 0.7211
3458/3458 [==============================] - 176s 51ms/sample - loss: 0.7415 - acc: 0.7209

 32/865 [>.............................] - ETA: 8s - loss: 1.2866 - acc: 0.6875
 64/865 [=>............................] - ETA: 7s - loss: 1.3978 - acc: 0.6094
 96/865 [==>...........................] - ETA: 6s - loss: 1.3994 - acc: 0.5729
128/865 [===>..........................] - ETA: 6s - loss: 1.4144 - acc: 0.5547
160/865 [====>.........................] - ETA: 6s - loss: 1.3749 - acc: 0.5688
192/865 [=====>........................] - ETA: 6s - loss: 1.2697 - acc: 0.6042
224/865 [======>.......................] - ETA: 5s - loss: 1.2688 - acc: 0.6161
256/865 [=======>......................] - ETA: 5s - loss: 1.2497 - acc: 0.6211
288/865 [========>.....................] - ETA: 5s - loss: 1.2255 - acc: 0.6076
320/865 [==========>...................] - ETA: 4s - loss: 1.2170 - acc: 0.6094
352/865 [===========>..................] - ETA: 4s - loss: 1.2310 - acc: 0.5966
384/865 [============>.................] - ETA: 4s - loss: 1.2205 - acc: 0.5911
416/865 [=============>................] - ETA: 4s - loss: 1.2061 - acc: 0.5865
448/865 [==============>...............] - ETA: 3s - loss: 1.1938 - acc: 0.5938
480/865 [===============>..............] - ETA: 3s - loss: 1.1784 - acc: 0.6062
512/865 [================>.............] - ETA: 3s - loss: 1.1776 - acc: 0.6094
544/865 [=================>............] - ETA: 2s - loss: 1.2009 - acc: 0.6103
576/865 [==================>...........] - ETA: 2s - loss: 1.2276 - acc: 0.6076
608/865 [====================>.........] - ETA: 2s - loss: 1.2144 - acc: 0.6102
640/865 [=====================>........] - ETA: 2s - loss: 1.2242 - acc: 0.6094
672/865 [======================>.......] - ETA: 1s - loss: 1.2221 - acc: 0.6071
704/865 [=======================>......] - ETA: 1s - loss: 1.2313 - acc: 0.6051
736/865 [========================>.....] - ETA: 1s - loss: 1.2394 - acc: 0.6060
768/865 [=========================>....] - ETA: 0s - loss: 1.2449 - acc: 0.6055
800/865 [==========================>...] - ETA: 0s - loss: 1.2570 - acc: 0.6000
832/865 [===========================>..] - ETA: 0s - loss: 1.2426 - acc: 0.6034
864/865 [============================>.] - ETA: 0s - loss: 1.2394 - acc: 0.6007
865/865 [==============================] - 8s 9ms/sample - loss: 1.2380 - acc: 0.6012

  32/3458 [..............................] - ETA: 2:49 - loss: 0.4901 - acc: 0.7812
  64/3458 [..............................] - ETA: 2:48 - loss: 0.5023 - acc: 0.8125
  96/3458 [..............................] - ETA: 2:49 - loss: 0.5909 - acc: 0.7917
 128/3458 [>.............................] - ETA: 2:47 - loss: 0.5921 - acc: 0.7969
 160/3458 [>.............................] - ETA: 2:45 - loss: 0.5934 - acc: 0.7812
 192/3458 [>.............................] - ETA: 2:43 - loss: 0.6135 - acc: 0.7760
 224/3458 [>.............................] - ETA: 2:41 - loss: 0.6383 - acc: 0.7768
 256/3458 [=>............................] - ETA: 2:40 - loss: 0.6043 - acc: 0.7891
 288/3458 [=>............................] - ETA: 2:39 - loss: 0.5837 - acc: 0.7951
 320/3458 [=>............................] - ETA: 2:37 - loss: 0.5898 - acc: 0.7875
 352/3458 [==>...........................] - ETA: 2:35 - loss: 0.5907 - acc: 0.7869
 384/3458 [==>...........................] - ETA: 2:33 - loss: 0.5707 - acc: 0.7969
 416/3458 [==>...........................] - ETA: 2:32 - loss: 0.5609 - acc: 0.7981
 448/3458 [==>...........................] - ETA: 2:30 - loss: 0.5603 - acc: 0.7991
 480/3458 [===>..........................] - ETA: 2:28 - loss: 0.5629 - acc: 0.7937
 512/3458 [===>..........................] - ETA: 2:27 - loss: 0.5525 - acc: 0.8008
 544/3458 [===>..........................] - ETA: 2:25 - loss: 0.5586 - acc: 0.7941
 576/3458 [===>..........................] - ETA: 2:24 - loss: 0.5602 - acc: 0.7986
 608/3458 [====>.........................] - ETA: 2:22 - loss: 0.5608 - acc: 0.8026
 640/3458 [====>.........................] - ETA: 2:21 - loss: 0.5605 - acc: 0.8062
 672/3458 [====>.........................] - ETA: 2:19 - loss: 0.5665 - acc: 0.8051
 704/3458 [=====>........................] - ETA: 2:17 - loss: 0.5678 - acc: 0.8054
 736/3458 [=====>........................] - ETA: 2:16 - loss: 0.5671 - acc: 0.8098
 768/3458 [=====>........................] - ETA: 2:14 - loss: 0.5643 - acc: 0.8073
 800/3458 [=====>........................] - ETA: 2:12 - loss: 0.5600 - acc: 0.8075
 832/3458 [======>.......................] - ETA: 2:11 - loss: 0.5544 - acc: 0.8101
 864/3458 [======>.......................] - ETA: 2:09 - loss: 0.5512 - acc: 0.8113
 896/3458 [======>.......................] - ETA: 2:08 - loss: 0.5570 - acc: 0.8103
 928/3458 [=======>......................] - ETA: 2:06 - loss: 0.5742 - acc: 0.8103
 960/3458 [=======>......................] - ETA: 2:04 - loss: 0.5743 - acc: 0.8125
 992/3458 [=======>......................] - ETA: 2:03 - loss: 0.5768 - acc: 0.8095
1024/3458 [=======>......................] - ETA: 2:01 - loss: 0.5697 - acc: 0.8125
1056/3458 [========>.....................] - ETA: 1:59 - loss: 0.5678 - acc: 0.8106
1088/3458 [========>.....................] - ETA: 1:58 - loss: 0.5672 - acc: 0.8107
1120/3458 [========>.....................] - ETA: 1:56 - loss: 0.5677 - acc: 0.8098
1152/3458 [========>.....................] - ETA: 1:55 - loss: 0.5758 - acc: 0.8047
1184/3458 [=========>....................] - ETA: 1:53 - loss: 0.5744 - acc: 0.8066
1216/3458 [=========>....................] - ETA: 1:52 - loss: 0.5713 - acc: 0.8067
1248/3458 [=========>....................] - ETA: 1:50 - loss: 0.5761 - acc: 0.8037
1280/3458 [==========>...................] - ETA: 1:48 - loss: 0.5739 - acc: 0.8039
1312/3458 [==========>...................] - ETA: 1:47 - loss: 0.5690 - acc: 0.8056
1344/3458 [==========>...................] - ETA: 1:45 - loss: 0.5732 - acc: 0.8036
1376/3458 [==========>...................] - ETA: 1:43 - loss: 0.5770 - acc: 0.8031
1408/3458 [===========>..................] - ETA: 1:42 - loss: 0.5719 - acc: 0.8054
1440/3458 [===========>..................] - ETA: 1:40 - loss: 0.5682 - acc: 0.8069
1472/3458 [===========>..................] - ETA: 1:39 - loss: 0.5677 - acc: 0.8077
1504/3458 [============>.................] - ETA: 1:37 - loss: 0.5655 - acc: 0.8078
1536/3458 [============>.................] - ETA: 1:35 - loss: 0.5643 - acc: 0.8073
1568/3458 [============>.................] - ETA: 1:34 - loss: 0.5600 - acc: 0.8087
1600/3458 [============>.................] - ETA: 1:32 - loss: 0.5573 - acc: 0.8087
1632/3458 [=============>................] - ETA: 1:31 - loss: 0.5617 - acc: 0.8076
1664/3458 [=============>................] - ETA: 1:29 - loss: 0.5603 - acc: 0.8077
1696/3458 [=============>................] - ETA: 1:27 - loss: 0.5628 - acc: 0.8066
1728/3458 [=============>................] - ETA: 1:26 - loss: 0.5624 - acc: 0.8067
1760/3458 [==============>...............] - ETA: 1:24 - loss: 0.5596 - acc: 0.8074
1792/3458 [==============>...............] - ETA: 1:23 - loss: 0.5572 - acc: 0.8080
1824/3458 [==============>...............] - ETA: 1:21 - loss: 0.5561 - acc: 0.8087
1856/3458 [===============>..............] - ETA: 1:19 - loss: 0.5605 - acc: 0.8077
1888/3458 [===============>..............] - ETA: 1:18 - loss: 0.5586 - acc: 0.8088
1920/3458 [===============>..............] - ETA: 1:16 - loss: 0.5584 - acc: 0.8062
1952/3458 [===============>..............] - ETA: 1:15 - loss: 0.5583 - acc: 0.8064
1984/3458 [================>.............] - ETA: 1:13 - loss: 0.5571 - acc: 0.8070
2016/3458 [================>.............] - ETA: 1:11 - loss: 0.5577 - acc: 0.8061
2048/3458 [================>.............] - ETA: 1:10 - loss: 0.5581 - acc: 0.8052
2080/3458 [=================>............] - ETA: 1:08 - loss: 0.5595 - acc: 0.8043
2112/3458 [=================>............] - ETA: 1:07 - loss: 0.5615 - acc: 0.8026
2144/3458 [=================>............] - ETA: 1:05 - loss: 0.5668 - acc: 0.8022
2176/3458 [=================>............] - ETA: 1:03 - loss: 0.5668 - acc: 0.8019
2208/3458 [==================>...........] - ETA: 1:02 - loss: 0.5674 - acc: 0.8003
2240/3458 [==================>...........] - ETA: 1:00 - loss: 0.5685 - acc: 0.7991
2272/3458 [==================>...........] - ETA: 59s - loss: 0.5727 - acc: 0.7984 
2304/3458 [==================>...........] - ETA: 57s - loss: 0.5735 - acc: 0.7977
2336/3458 [===================>..........] - ETA: 55s - loss: 0.5727 - acc: 0.7992
2368/3458 [===================>..........] - ETA: 54s - loss: 0.5737 - acc: 0.7990
2400/3458 [===================>..........] - ETA: 52s - loss: 0.5746 - acc: 0.7987
2432/3458 [====================>.........] - ETA: 51s - loss: 0.5741 - acc: 0.7981
2464/3458 [====================>.........] - ETA: 49s - loss: 0.5736 - acc: 0.7979
2496/3458 [====================>.........] - ETA: 48s - loss: 0.5703 - acc: 0.7997
2528/3458 [====================>.........] - ETA: 46s - loss: 0.5725 - acc: 0.7987
2560/3458 [=====================>........] - ETA: 44s - loss: 0.5716 - acc: 0.7992
2592/3458 [=====================>........] - ETA: 43s - loss: 0.5721 - acc: 0.7986
2624/3458 [=====================>........] - ETA: 41s - loss: 0.5712 - acc: 0.7992
2656/3458 [======================>.......] - ETA: 40s - loss: 0.5723 - acc: 0.7982
2688/3458 [======================>.......] - ETA: 38s - loss: 0.5724 - acc: 0.7984
2720/3458 [======================>.......] - ETA: 36s - loss: 0.5732 - acc: 0.7982
2752/3458 [======================>.......] - ETA: 35s - loss: 0.5732 - acc: 0.7983
2784/3458 [=======================>......] - ETA: 33s - loss: 0.5743 - acc: 0.7978
2816/3458 [=======================>......] - ETA: 32s - loss: 0.5762 - acc: 0.7969
2848/3458 [=======================>......] - ETA: 30s - loss: 0.5766 - acc: 0.7960
2880/3458 [=======================>......] - ETA: 29s - loss: 0.5741 - acc: 0.7969
2912/3458 [========================>.....] - ETA: 27s - loss: 0.5769 - acc: 0.7960
2944/3458 [========================>.....] - ETA: 25s - loss: 0.5759 - acc: 0.7965
2976/3458 [========================>.....] - ETA: 24s - loss: 0.5777 - acc: 0.7960
3008/3458 [=========================>....] - ETA: 22s - loss: 0.5807 - acc: 0.7952
3040/3458 [=========================>....] - ETA: 21s - loss: 0.5805 - acc: 0.7937
3072/3458 [=========================>....] - ETA: 19s - loss: 0.5782 - acc: 0.7949
3104/3458 [=========================>....] - ETA: 17s - loss: 0.5780 - acc: 0.7951
3136/3458 [==========================>...] - ETA: 16s - loss: 0.5777 - acc: 0.7956
3168/3458 [==========================>...] - ETA: 14s - loss: 0.5755 - acc: 0.7961
3200/3458 [==========================>...] - ETA: 12s - loss: 0.5755 - acc: 0.7956
3232/3458 [===========================>..] - ETA: 11s - loss: 0.5752 - acc: 0.7955
3264/3458 [===========================>..] - ETA: 9s - loss: 0.5743 - acc: 0.7956 
3296/3458 [===========================>..] - ETA: 8s - loss: 0.5738 - acc: 0.7958
3328/3458 [===========================>..] - ETA: 6s - loss: 0.5750 - acc: 0.7948
3360/3458 [============================>.] - ETA: 4s - loss: 0.5736 - acc: 0.7952
3392/3458 [============================>.] - ETA: 3s - loss: 0.5718 - acc: 0.7954
3424/3458 [============================>.] - ETA: 1s - loss: 0.5730 - acc: 0.7947
3456/3458 [============================>.] - ETA: 0s - loss: 0.5742 - acc: 0.7946
3458/3458 [==============================] - 174s 50ms/sample - loss: 0.5740 - acc: 0.7947

 32/865 [>.............................] - ETA: 7s - loss: 1.2664 - acc: 0.6250
 64/865 [=>............................] - ETA: 7s - loss: 1.4409 - acc: 0.5938
 96/865 [==>...........................] - ETA: 6s - loss: 1.3849 - acc: 0.5729
128/865 [===>..........................] - ETA: 6s - loss: 1.4194 - acc: 0.5469
160/865 [====>.........................] - ETA: 6s - loss: 1.3639 - acc: 0.5750
192/865 [=====>........................] - ETA: 6s - loss: 1.2166 - acc: 0.5990
224/865 [======>.......................] - ETA: 5s - loss: 1.1957 - acc: 0.6027
256/865 [=======>......................] - ETA: 5s - loss: 1.1726 - acc: 0.6133
288/865 [========>.....................] - ETA: 5s - loss: 1.1342 - acc: 0.6181
320/865 [==========>...................] - ETA: 4s - loss: 1.1320 - acc: 0.6156
352/865 [===========>..................] - ETA: 4s - loss: 1.1716 - acc: 0.6051
384/865 [============>.................] - ETA: 4s - loss: 1.1650 - acc: 0.5990
416/865 [=============>................] - ETA: 4s - loss: 1.1507 - acc: 0.6010
448/865 [==============>...............] - ETA: 3s - loss: 1.1265 - acc: 0.6116
480/865 [===============>..............] - ETA: 3s - loss: 1.1202 - acc: 0.6167
512/865 [================>.............] - ETA: 3s - loss: 1.1299 - acc: 0.6133
544/865 [=================>............] - ETA: 2s - loss: 1.1542 - acc: 0.6121
576/865 [==================>...........] - ETA: 2s - loss: 1.1636 - acc: 0.6094
608/865 [====================>.........] - ETA: 2s - loss: 1.1379 - acc: 0.6168
640/865 [=====================>........] - ETA: 2s - loss: 1.1729 - acc: 0.6141
672/865 [======================>.......] - ETA: 1s - loss: 1.1777 - acc: 0.6146
704/865 [=======================>......] - ETA: 1s - loss: 1.1728 - acc: 0.6136
736/865 [========================>.....] - ETA: 1s - loss: 1.1665 - acc: 0.6141
768/865 [=========================>....] - ETA: 0s - loss: 1.1749 - acc: 0.6107
800/865 [==========================>...] - ETA: 0s - loss: 1.1916 - acc: 0.6087
832/865 [===========================>..] - ETA: 0s - loss: 1.1789 - acc: 0.6130
864/865 [============================>.] - ETA: 0s - loss: 1.1821 - acc: 0.6111
865/865 [==============================] - 8s 9ms/sample - loss: 1.1807 - acc: 0.6116
