For Dropout_1=0.0 Dropout_2=0.0
daisy loaded
dandelion loaded
rose loaded
sunflower loaded
tulip loaded

  32/3458 [..............................] - ETA: 3:00 - loss: 1.6101 - acc: 0.1875
  64/3458 [..............................] - ETA: 2:51 - loss: 21.4957 - acc: 0.2812
  96/3458 [..............................] - ETA: 2:45 - loss: 27.9562 - acc: 0.2604
 128/3458 [>.............................] - ETA: 2:44 - loss: 23.9475 - acc: 0.2578
 160/3458 [>.............................] - ETA: 2:40 - loss: 19.9848 - acc: 0.2562
 192/3458 [>.............................] - ETA: 2:38 - loss: 17.0170 - acc: 0.2500
 224/3458 [>.............................] - ETA: 2:36 - loss: 14.8391 - acc: 0.2455
 256/3458 [=>............................] - ETA: 2:33 - loss: 13.2083 - acc: 0.2344
 288/3458 [=>............................] - ETA: 2:31 - loss: 11.9164 - acc: 0.2500
 320/3458 [=>............................] - ETA: 2:29 - loss: 10.8839 - acc: 0.2469
 352/3458 [==>...........................] - ETA: 2:28 - loss: 10.0412 - acc: 0.2472
 384/3458 [==>...........................] - ETA: 2:26 - loss: 9.3415 - acc: 0.2422 
 416/3458 [==>...........................] - ETA: 2:24 - loss: 8.7443 - acc: 0.2500
 448/3458 [==>...........................] - ETA: 2:23 - loss: 8.2354 - acc: 0.2522
 480/3458 [===>..........................] - ETA: 2:21 - loss: 7.7915 - acc: 0.2562
 512/3458 [===>..........................] - ETA: 2:19 - loss: 7.4052 - acc: 0.2559
 544/3458 [===>..........................] - ETA: 2:18 - loss: 7.0617 - acc: 0.2629
 576/3458 [===>..........................] - ETA: 2:16 - loss: 6.7572 - acc: 0.2552
 608/3458 [====>.........................] - ETA: 2:14 - loss: 6.4822 - acc: 0.2566
 640/3458 [====>.........................] - ETA: 2:13 - loss: 6.2330 - acc: 0.2656
 672/3458 [====>.........................] - ETA: 2:11 - loss: 6.0086 - acc: 0.2664
 704/3458 [=====>........................] - ETA: 2:09 - loss: 5.7994 - acc: 0.2699
 736/3458 [=====>........................] - ETA: 2:08 - loss: 5.6104 - acc: 0.2690
 768/3458 [=====>........................] - ETA: 2:06 - loss: 5.4482 - acc: 0.2695
 800/3458 [=====>........................] - ETA: 2:05 - loss: 5.2823 - acc: 0.2788
 832/3458 [======>.......................] - ETA: 2:03 - loss: 5.1435 - acc: 0.2764
 864/3458 [======>.......................] - ETA: 2:02 - loss: 5.0030 - acc: 0.2824
 896/3458 [======>.......................] - ETA: 2:00 - loss: 4.8810 - acc: 0.2868
 928/3458 [=======>......................] - ETA: 1:59 - loss: 4.7609 - acc: 0.2899
 960/3458 [=======>......................] - ETA: 1:57 - loss: 4.6455 - acc: 0.2948
 992/3458 [=======>......................] - ETA: 1:56 - loss: 4.5384 - acc: 0.2944
1024/3458 [=======>......................] - ETA: 1:54 - loss: 4.4414 - acc: 0.3018
1056/3458 [========>.....................] - ETA: 1:53 - loss: 4.3503 - acc: 0.3049
1088/3458 [========>.....................] - ETA: 1:51 - loss: 4.2600 - acc: 0.3097
1120/3458 [========>.....................] - ETA: 1:50 - loss: 4.1724 - acc: 0.3187
1152/3458 [========>.....................] - ETA: 1:48 - loss: 4.0913 - acc: 0.3220
1184/3458 [=========>....................] - ETA: 1:47 - loss: 4.0186 - acc: 0.3209
1216/3458 [=========>....................] - ETA: 1:45 - loss: 3.9501 - acc: 0.3240
1248/3458 [=========>....................] - ETA: 1:43 - loss: 3.8877 - acc: 0.3237
1280/3458 [==========>...................] - ETA: 1:42 - loss: 3.8192 - acc: 0.3273
1312/3458 [==========>...................] - ETA: 1:40 - loss: 3.7648 - acc: 0.3270
1344/3458 [==========>...................] - ETA: 1:39 - loss: 3.7011 - acc: 0.3311
1376/3458 [==========>...................] - ETA: 1:37 - loss: 3.6458 - acc: 0.3343
1408/3458 [===========>..................] - ETA: 1:36 - loss: 3.5983 - acc: 0.3366
1440/3458 [===========>..................] - ETA: 1:34 - loss: 3.5448 - acc: 0.3403
1472/3458 [===========>..................] - ETA: 1:33 - loss: 3.4946 - acc: 0.3438
1504/3458 [============>.................] - ETA: 1:31 - loss: 3.4479 - acc: 0.3438
1536/3458 [============>.................] - ETA: 1:30 - loss: 3.4024 - acc: 0.3490
1568/3458 [============>.................] - ETA: 1:28 - loss: 3.3603 - acc: 0.3527
1600/3458 [============>.................] - ETA: 1:27 - loss: 3.3180 - acc: 0.3544
1632/3458 [=============>................] - ETA: 1:25 - loss: 3.2844 - acc: 0.3548
1664/3458 [=============>................] - ETA: 1:24 - loss: 3.2516 - acc: 0.3546
1696/3458 [=============>................] - ETA: 1:22 - loss: 3.2144 - acc: 0.3573
1728/3458 [=============>................] - ETA: 1:21 - loss: 3.1817 - acc: 0.3594
1760/3458 [==============>...............] - ETA: 1:19 - loss: 3.1469 - acc: 0.3642
1792/3458 [==============>...............] - ETA: 1:18 - loss: 3.1131 - acc: 0.3655
1824/3458 [==============>...............] - ETA: 1:16 - loss: 3.0779 - acc: 0.3690
1856/3458 [===============>..............] - ETA: 1:15 - loss: 3.0438 - acc: 0.3734
1888/3458 [===============>..............] - ETA: 1:13 - loss: 3.0117 - acc: 0.3761
1920/3458 [===============>..............] - ETA: 1:12 - loss: 2.9839 - acc: 0.3760
1952/3458 [===============>..............] - ETA: 1:10 - loss: 2.9552 - acc: 0.3760
1984/3458 [================>.............] - ETA: 1:09 - loss: 2.9285 - acc: 0.3775
2016/3458 [================>.............] - ETA: 1:07 - loss: 2.8978 - acc: 0.3795
2048/3458 [================>.............] - ETA: 1:06 - loss: 2.8734 - acc: 0.3804
2080/3458 [=================>............] - ETA: 1:04 - loss: 2.8495 - acc: 0.3808
2112/3458 [=================>............] - ETA: 1:03 - loss: 2.8223 - acc: 0.3845
2144/3458 [=================>............] - ETA: 1:01 - loss: 2.7993 - acc: 0.3881
2176/3458 [=================>............] - ETA: 1:00 - loss: 2.7715 - acc: 0.3920
2208/3458 [==================>...........] - ETA: 58s - loss: 2.7455 - acc: 0.3954 
2240/3458 [==================>...........] - ETA: 57s - loss: 2.7253 - acc: 0.3973
2272/3458 [==================>...........] - ETA: 55s - loss: 2.7037 - acc: 0.4001
2304/3458 [==================>...........] - ETA: 54s - loss: 2.6876 - acc: 0.4002
2336/3458 [===================>..........] - ETA: 52s - loss: 2.6704 - acc: 0.4020
2368/3458 [===================>..........] - ETA: 51s - loss: 2.6502 - acc: 0.4037
2400/3458 [===================>..........] - ETA: 49s - loss: 2.6307 - acc: 0.4038
2432/3458 [====================>.........] - ETA: 48s - loss: 2.6111 - acc: 0.4067
2464/3458 [====================>.........] - ETA: 46s - loss: 2.5964 - acc: 0.4067
2496/3458 [====================>.........] - ETA: 45s - loss: 2.5769 - acc: 0.4079
2528/3458 [====================>.........] - ETA: 43s - loss: 2.5586 - acc: 0.4094
2560/3458 [=====================>........] - ETA: 42s - loss: 2.5421 - acc: 0.4102
2592/3458 [=====================>........] - ETA: 40s - loss: 2.5281 - acc: 0.4093
2624/3458 [=====================>........] - ETA: 39s - loss: 2.5147 - acc: 0.4082
2656/3458 [======================>.......] - ETA: 37s - loss: 2.5023 - acc: 0.4081
2688/3458 [======================>.......] - ETA: 36s - loss: 2.4883 - acc: 0.4089
2720/3458 [======================>.......] - ETA: 34s - loss: 2.4791 - acc: 0.4092
2752/3458 [======================>.......] - ETA: 33s - loss: 2.4667 - acc: 0.4092
2784/3458 [=======================>......] - ETA: 31s - loss: 2.4520 - acc: 0.4102
2816/3458 [=======================>......] - ETA: 30s - loss: 2.4393 - acc: 0.4116
2848/3458 [=======================>......] - ETA: 28s - loss: 2.4262 - acc: 0.4119
2880/3458 [=======================>......] - ETA: 27s - loss: 2.4123 - acc: 0.4139
2912/3458 [========================>.....] - ETA: 25s - loss: 2.3982 - acc: 0.4155
2944/3458 [========================>.....] - ETA: 24s - loss: 2.3859 - acc: 0.4154
2976/3458 [========================>.....] - ETA: 22s - loss: 2.3754 - acc: 0.4150
3008/3458 [=========================>....] - ETA: 21s - loss: 2.3628 - acc: 0.4159
3040/3458 [=========================>....] - ETA: 19s - loss: 2.3533 - acc: 0.4171
3072/3458 [=========================>....] - ETA: 18s - loss: 2.3399 - acc: 0.4183
3104/3458 [=========================>....] - ETA: 16s - loss: 2.3294 - acc: 0.4195
3136/3458 [==========================>...] - ETA: 15s - loss: 2.3178 - acc: 0.4209
3168/3458 [==========================>...] - ETA: 13s - loss: 2.3080 - acc: 0.4201
3200/3458 [==========================>...] - ETA: 12s - loss: 2.2964 - acc: 0.4203
3232/3458 [===========================>..] - ETA: 10s - loss: 2.2859 - acc: 0.4208
3264/3458 [===========================>..] - ETA: 9s - loss: 2.2743 - acc: 0.4210 
3296/3458 [===========================>..] - ETA: 7s - loss: 2.2682 - acc: 0.4199
3328/3458 [===========================>..] - ETA: 6s - loss: 2.2600 - acc: 0.4192
3360/3458 [============================>.] - ETA: 4s - loss: 2.2510 - acc: 0.4196
3392/3458 [============================>.] - ETA: 3s - loss: 2.2425 - acc: 0.4192
3424/3458 [============================>.] - ETA: 1s - loss: 2.2337 - acc: 0.4203
3456/3458 [============================>.] - ETA: 0s - loss: 2.2262 - acc: 0.4201
3458/3458 [==============================] - 162s 47ms/sample - loss: 2.2255 - acc: 0.4205

 32/865 [>.............................] - ETA: 7s - loss: 1.3104 - acc: 0.3750
 64/865 [=>............................] - ETA: 7s - loss: 1.1239 - acc: 0.5000
 96/865 [==>...........................] - ETA: 7s - loss: 1.1221 - acc: 0.5417
128/865 [===>..........................] - ETA: 6s - loss: 1.1380 - acc: 0.5312
160/865 [====>.........................] - ETA: 6s - loss: 1.1268 - acc: 0.5562
192/865 [=====>........................] - ETA: 6s - loss: 1.1162 - acc: 0.5521
224/865 [======>.......................] - ETA: 5s - loss: 1.1208 - acc: 0.5536
256/865 [=======>......................] - ETA: 5s - loss: 1.1195 - acc: 0.5664
288/865 [========>.....................] - ETA: 5s - loss: 1.1232 - acc: 0.5660
320/865 [==========>...................] - ETA: 4s - loss: 1.1247 - acc: 0.5688
352/865 [===========>..................] - ETA: 4s - loss: 1.1381 - acc: 0.5597
384/865 [============>.................] - ETA: 4s - loss: 1.1410 - acc: 0.5573
416/865 [=============>................] - ETA: 4s - loss: 1.1282 - acc: 0.5625
448/865 [==============>...............] - ETA: 3s - loss: 1.1523 - acc: 0.5491
480/865 [===============>..............] - ETA: 3s - loss: 1.1618 - acc: 0.5458
512/865 [================>.............] - ETA: 3s - loss: 1.1973 - acc: 0.5332
544/865 [=================>............] - ETA: 2s - loss: 1.1741 - acc: 0.5515
576/865 [==================>...........] - ETA: 2s - loss: 1.1725 - acc: 0.5486
608/865 [====================>.........] - ETA: 2s - loss: 1.1776 - acc: 0.5411
640/865 [=====================>........] - ETA: 2s - loss: 1.1764 - acc: 0.5359
672/865 [======================>.......] - ETA: 1s - loss: 1.1773 - acc: 0.5298
704/865 [=======================>......] - ETA: 1s - loss: 1.1883 - acc: 0.5270
736/865 [========================>.....] - ETA: 1s - loss: 1.1908 - acc: 0.5217
768/865 [=========================>....] - ETA: 0s - loss: 1.1886 - acc: 0.5221
800/865 [==========================>...] - ETA: 0s - loss: 1.1935 - acc: 0.5200
832/865 [===========================>..] - ETA: 0s - loss: 1.1899 - acc: 0.5216
864/865 [============================>.] - ETA: 0s - loss: 1.1856 - acc: 0.5278
865/865 [==============================] - 8s 9ms/sample - loss: 1.1860 - acc: 0.5272

  32/3458 [..............................] - ETA: 2:36 - loss: 1.1602 - acc: 0.5625
  64/3458 [..............................] - ETA: 2:36 - loss: 1.2369 - acc: 0.5156
  96/3458 [..............................] - ETA: 2:35 - loss: 1.2401 - acc: 0.4896
 128/3458 [>.............................] - ETA: 2:34 - loss: 1.2288 - acc: 0.5078
 160/3458 [>.............................] - ETA: 2:33 - loss: 1.2193 - acc: 0.5000
 192/3458 [>.............................] - ETA: 2:32 - loss: 1.2078 - acc: 0.5000
 224/3458 [>.............................] - ETA: 2:31 - loss: 1.1922 - acc: 0.5268
 256/3458 [=>............................] - ETA: 2:30 - loss: 1.1919 - acc: 0.5391
 288/3458 [=>............................] - ETA: 2:29 - loss: 1.1877 - acc: 0.5417
 320/3458 [=>............................] - ETA: 2:28 - loss: 1.2076 - acc: 0.5375
 352/3458 [==>...........................] - ETA: 2:26 - loss: 1.2129 - acc: 0.5511
 384/3458 [==>...........................] - ETA: 2:24 - loss: 1.2157 - acc: 0.5469
 416/3458 [==>...........................] - ETA: 2:23 - loss: 1.2110 - acc: 0.5385
 448/3458 [==>...........................] - ETA: 2:21 - loss: 1.1953 - acc: 0.5469
 480/3458 [===>..........................] - ETA: 2:20 - loss: 1.1744 - acc: 0.5542
 512/3458 [===>..........................] - ETA: 2:18 - loss: 1.1566 - acc: 0.5586
 544/3458 [===>..........................] - ETA: 2:17 - loss: 1.1442 - acc: 0.5607
 576/3458 [===>..........................] - ETA: 2:15 - loss: 1.1514 - acc: 0.5642
 608/3458 [====>.........................] - ETA: 2:14 - loss: 1.1401 - acc: 0.5658
 640/3458 [====>.........................] - ETA: 2:12 - loss: 1.1435 - acc: 0.5672
 672/3458 [====>.........................] - ETA: 2:11 - loss: 1.1290 - acc: 0.5744
 704/3458 [=====>........................] - ETA: 2:10 - loss: 1.1353 - acc: 0.5682
 736/3458 [=====>........................] - ETA: 2:08 - loss: 1.1443 - acc: 0.5584
 768/3458 [=====>........................] - ETA: 2:06 - loss: 1.1414 - acc: 0.5534
 800/3458 [=====>........................] - ETA: 2:05 - loss: 1.1528 - acc: 0.5512
 832/3458 [======>.......................] - ETA: 2:03 - loss: 1.1527 - acc: 0.5541
 864/3458 [======>.......................] - ETA: 2:02 - loss: 1.1587 - acc: 0.5521
 896/3458 [======>.......................] - ETA: 2:00 - loss: 1.1573 - acc: 0.5536
 928/3458 [=======>......................] - ETA: 1:59 - loss: 1.1513 - acc: 0.5560
 960/3458 [=======>......................] - ETA: 1:57 - loss: 1.1542 - acc: 0.5583
 992/3458 [=======>......................] - ETA: 1:56 - loss: 1.1551 - acc: 0.5544
1024/3458 [=======>......................] - ETA: 1:54 - loss: 1.1521 - acc: 0.5566
1056/3458 [========>.....................] - ETA: 1:53 - loss: 1.1507 - acc: 0.5530
1088/3458 [========>.....................] - ETA: 1:51 - loss: 1.1452 - acc: 0.5551
1120/3458 [========>.....................] - ETA: 1:50 - loss: 1.1426 - acc: 0.5589
1152/3458 [========>.....................] - ETA: 1:48 - loss: 1.1405 - acc: 0.5625
1184/3458 [=========>....................] - ETA: 1:46 - loss: 1.1442 - acc: 0.5633
1216/3458 [=========>....................] - ETA: 1:45 - loss: 1.1396 - acc: 0.5658
1248/3458 [=========>....................] - ETA: 1:43 - loss: 1.1358 - acc: 0.5673
1280/3458 [==========>...................] - ETA: 1:42 - loss: 1.1340 - acc: 0.5648
1312/3458 [==========>...................] - ETA: 1:40 - loss: 1.1327 - acc: 0.5625
1344/3458 [==========>...................] - ETA: 1:39 - loss: 1.1351 - acc: 0.5610
1376/3458 [==========>...................] - ETA: 1:37 - loss: 1.1339 - acc: 0.5618
1408/3458 [===========>..................] - ETA: 1:36 - loss: 1.1333 - acc: 0.5597
1440/3458 [===========>..................] - ETA: 1:34 - loss: 1.1281 - acc: 0.5625
1472/3458 [===========>..................] - ETA: 1:33 - loss: 1.1234 - acc: 0.5659
1504/3458 [============>.................] - ETA: 1:31 - loss: 1.1218 - acc: 0.5685
1536/3458 [============>.................] - ETA: 1:30 - loss: 1.1211 - acc: 0.5697
1568/3458 [============>.................] - ETA: 1:28 - loss: 1.1175 - acc: 0.5702
1600/3458 [============>.................] - ETA: 1:27 - loss: 1.1176 - acc: 0.5694
1632/3458 [=============>................] - ETA: 1:25 - loss: 1.1204 - acc: 0.5680
1664/3458 [=============>................] - ETA: 1:24 - loss: 1.1212 - acc: 0.5691
1696/3458 [=============>................] - ETA: 1:22 - loss: 1.1174 - acc: 0.5690
1728/3458 [=============>................] - ETA: 1:21 - loss: 1.1178 - acc: 0.5694
1760/3458 [==============>...............] - ETA: 1:19 - loss: 1.1152 - acc: 0.5699
1792/3458 [==============>...............] - ETA: 1:18 - loss: 1.1127 - acc: 0.5709
1824/3458 [==============>...............] - ETA: 1:16 - loss: 1.1124 - acc: 0.5729
1856/3458 [===============>..............] - ETA: 1:15 - loss: 1.1113 - acc: 0.5717
1888/3458 [===============>..............] - ETA: 1:13 - loss: 1.1113 - acc: 0.5720
1920/3458 [===============>..............] - ETA: 1:12 - loss: 1.1165 - acc: 0.5708
1952/3458 [===============>..............] - ETA: 1:10 - loss: 1.1136 - acc: 0.5717
1984/3458 [================>.............] - ETA: 1:09 - loss: 1.1107 - acc: 0.5731
2016/3458 [================>.............] - ETA: 1:07 - loss: 1.1092 - acc: 0.5754
2048/3458 [================>.............] - ETA: 1:06 - loss: 1.1082 - acc: 0.5752
2080/3458 [=================>............] - ETA: 1:04 - loss: 1.1070 - acc: 0.5755
2112/3458 [=================>............] - ETA: 1:03 - loss: 1.1021 - acc: 0.5777
2144/3458 [=================>............] - ETA: 1:01 - loss: 1.0985 - acc: 0.5788
2176/3458 [=================>............] - ETA: 1:00 - loss: 1.0991 - acc: 0.5777
2208/3458 [==================>...........] - ETA: 58s - loss: 1.1015 - acc: 0.5779 
2240/3458 [==================>...........] - ETA: 57s - loss: 1.0961 - acc: 0.5804
2272/3458 [==================>...........] - ETA: 55s - loss: 1.0974 - acc: 0.5801
2304/3458 [==================>...........] - ETA: 54s - loss: 1.0947 - acc: 0.5812
2336/3458 [===================>..........] - ETA: 52s - loss: 1.0974 - acc: 0.5805
2368/3458 [===================>..........] - ETA: 51s - loss: 1.0998 - acc: 0.5785
2400/3458 [===================>..........] - ETA: 49s - loss: 1.0979 - acc: 0.5775
2432/3458 [====================>.........] - ETA: 48s - loss: 1.1006 - acc: 0.5765
2464/3458 [====================>.........] - ETA: 46s - loss: 1.0967 - acc: 0.5779
2496/3458 [====================>.........] - ETA: 45s - loss: 1.0929 - acc: 0.5789
2528/3458 [====================>.........] - ETA: 43s - loss: 1.0885 - acc: 0.5803
2560/3458 [=====================>........] - ETA: 42s - loss: 1.0866 - acc: 0.5809
2592/3458 [=====================>........] - ETA: 40s - loss: 1.0904 - acc: 0.5802
2624/3458 [=====================>........] - ETA: 39s - loss: 1.0909 - acc: 0.5804
2656/3458 [======================>.......] - ETA: 37s - loss: 1.0907 - acc: 0.5802
2688/3458 [======================>.......] - ETA: 36s - loss: 1.0877 - acc: 0.5804
2720/3458 [======================>.......] - ETA: 34s - loss: 1.0867 - acc: 0.5805
2752/3458 [======================>.......] - ETA: 33s - loss: 1.0890 - acc: 0.5785
2784/3458 [=======================>......] - ETA: 31s - loss: 1.0864 - acc: 0.5805
2816/3458 [=======================>......] - ETA: 30s - loss: 1.0867 - acc: 0.5806
2848/3458 [=======================>......] - ETA: 28s - loss: 1.0860 - acc: 0.5808
2880/3458 [=======================>......] - ETA: 27s - loss: 1.0862 - acc: 0.5802
2912/3458 [========================>.....] - ETA: 25s - loss: 1.0841 - acc: 0.5807
2944/3458 [========================>.....] - ETA: 24s - loss: 1.0827 - acc: 0.5812
2976/3458 [========================>.....] - ETA: 22s - loss: 1.0804 - acc: 0.5810
3008/3458 [=========================>....] - ETA: 21s - loss: 1.0782 - acc: 0.5821
3040/3458 [=========================>....] - ETA: 19s - loss: 1.0755 - acc: 0.5842
3072/3458 [=========================>....] - ETA: 18s - loss: 1.0757 - acc: 0.5840
3104/3458 [=========================>....] - ETA: 16s - loss: 1.0729 - acc: 0.5841
3136/3458 [==========================>...] - ETA: 15s - loss: 1.0720 - acc: 0.5835
3168/3458 [==========================>...] - ETA: 13s - loss: 1.0717 - acc: 0.5846
3200/3458 [==========================>...] - ETA: 12s - loss: 1.0695 - acc: 0.5853
3232/3458 [===========================>..] - ETA: 10s - loss: 1.0688 - acc: 0.5845
3264/3458 [===========================>..] - ETA: 9s - loss: 1.0715 - acc: 0.5830 
3296/3458 [===========================>..] - ETA: 7s - loss: 1.0729 - acc: 0.5831
3328/3458 [===========================>..] - ETA: 6s - loss: 1.0700 - acc: 0.5853
3360/3458 [============================>.] - ETA: 4s - loss: 1.0703 - acc: 0.5854
3392/3458 [============================>.] - ETA: 3s - loss: 1.0724 - acc: 0.5846
3424/3458 [============================>.] - ETA: 1s - loss: 1.0711 - acc: 0.5841
3456/3458 [============================>.] - ETA: 0s - loss: 1.0712 - acc: 0.5836
3458/3458 [==============================] - 163s 47ms/sample - loss: 1.0707 - acc: 0.5839

 32/865 [>.............................] - ETA: 7s - loss: 1.0609 - acc: 0.5625
 64/865 [=>............................] - ETA: 7s - loss: 1.0050 - acc: 0.6094
 96/865 [==>...........................] - ETA: 6s - loss: 1.0127 - acc: 0.6042
128/865 [===>..........................] - ETA: 6s - loss: 1.0106 - acc: 0.5938
160/865 [====>.........................] - ETA: 6s - loss: 0.9687 - acc: 0.6125
192/865 [=====>........................] - ETA: 6s - loss: 0.9841 - acc: 0.5938
224/865 [======>.......................] - ETA: 5s - loss: 1.0043 - acc: 0.5848
256/865 [=======>......................] - ETA: 5s - loss: 0.9899 - acc: 0.5938
288/865 [========>.....................] - ETA: 5s - loss: 1.0123 - acc: 0.5903
320/865 [==========>...................] - ETA: 4s - loss: 1.0240 - acc: 0.5844
352/865 [===========>..................] - ETA: 4s - loss: 1.0353 - acc: 0.5852
384/865 [============>.................] - ETA: 4s - loss: 1.0510 - acc: 0.5755
416/865 [=============>................] - ETA: 4s - loss: 1.0488 - acc: 0.5721
448/865 [==============>...............] - ETA: 3s - loss: 1.0652 - acc: 0.5714
480/865 [===============>..............] - ETA: 3s - loss: 1.0618 - acc: 0.5750
512/865 [================>.............] - ETA: 3s - loss: 1.0891 - acc: 0.5684
544/865 [=================>............] - ETA: 2s - loss: 1.0654 - acc: 0.5827
576/865 [==================>...........] - ETA: 2s - loss: 1.0633 - acc: 0.5851
608/865 [====================>.........] - ETA: 2s - loss: 1.0593 - acc: 0.5905
640/865 [=====================>........] - ETA: 2s - loss: 1.0583 - acc: 0.5922
672/865 [======================>.......] - ETA: 1s - loss: 1.0552 - acc: 0.5938
704/865 [=======================>......] - ETA: 1s - loss: 1.0804 - acc: 0.5866
736/865 [========================>.....] - ETA: 1s - loss: 1.0805 - acc: 0.5842
768/865 [=========================>....] - ETA: 0s - loss: 1.0763 - acc: 0.5859
800/865 [==========================>...] - ETA: 0s - loss: 1.0781 - acc: 0.5850
832/865 [===========================>..] - ETA: 0s - loss: 1.0679 - acc: 0.5901
864/865 [============================>.] - ETA: 0s - loss: 1.0630 - acc: 0.5914
865/865 [==============================] - 8s 9ms/sample - loss: 1.0630 - acc: 0.5919

  32/3458 [..............................] - ETA: 2:40 - loss: 0.6380 - acc: 0.8125
  64/3458 [..............................] - ETA: 2:38 - loss: 0.7048 - acc: 0.7344
  96/3458 [..............................] - ETA: 2:35 - loss: 0.7763 - acc: 0.7292
 128/3458 [>.............................] - ETA: 2:35 - loss: 0.8006 - acc: 0.7031
 160/3458 [>.............................] - ETA: 2:32 - loss: 0.8535 - acc: 0.7063
 192/3458 [>.............................] - ETA: 2:31 - loss: 0.8431 - acc: 0.7135
 224/3458 [>.............................] - ETA: 2:30 - loss: 0.8468 - acc: 0.7188
 256/3458 [=>............................] - ETA: 2:29 - loss: 0.8241 - acc: 0.7188
 288/3458 [=>............................] - ETA: 2:28 - loss: 0.8303 - acc: 0.7188
 320/3458 [=>............................] - ETA: 2:26 - loss: 0.8425 - acc: 0.7063
 352/3458 [==>...........................] - ETA: 2:25 - loss: 0.8198 - acc: 0.7131
 384/3458 [==>...........................] - ETA: 2:23 - loss: 0.8237 - acc: 0.7109
 416/3458 [==>...........................] - ETA: 2:22 - loss: 0.8059 - acc: 0.7115
 448/3458 [==>...........................] - ETA: 2:20 - loss: 0.8088 - acc: 0.7121
 480/3458 [===>..........................] - ETA: 2:19 - loss: 0.8206 - acc: 0.7063
 512/3458 [===>..........................] - ETA: 2:17 - loss: 0.8294 - acc: 0.7051
 544/3458 [===>..........................] - ETA: 2:16 - loss: 0.8113 - acc: 0.7132
 576/3458 [===>..........................] - ETA: 2:14 - loss: 0.8107 - acc: 0.7118
 608/3458 [====>.........................] - ETA: 2:13 - loss: 0.8165 - acc: 0.7155
 640/3458 [====>.........................] - ETA: 2:11 - loss: 0.8136 - acc: 0.7156
 672/3458 [====>.........................] - ETA: 2:10 - loss: 0.8050 - acc: 0.7188
 704/3458 [=====>........................] - ETA: 2:08 - loss: 0.8004 - acc: 0.7173
 736/3458 [=====>........................] - ETA: 2:07 - loss: 0.8016 - acc: 0.7147
 768/3458 [=====>........................] - ETA: 2:05 - loss: 0.8009 - acc: 0.7148
 800/3458 [=====>........................] - ETA: 2:04 - loss: 0.8006 - acc: 0.7125
 832/3458 [======>.......................] - ETA: 2:02 - loss: 0.8049 - acc: 0.7103
 864/3458 [======>.......................] - ETA: 2:01 - loss: 0.8029 - acc: 0.7095
 896/3458 [======>.......................] - ETA: 1:59 - loss: 0.8029 - acc: 0.7109
 928/3458 [=======>......................] - ETA: 1:58 - loss: 0.8061 - acc: 0.7101
 960/3458 [=======>......................] - ETA: 1:56 - loss: 0.8131 - acc: 0.7104
 992/3458 [=======>......................] - ETA: 1:55 - loss: 0.8078 - acc: 0.7157
1024/3458 [=======>......................] - ETA: 1:53 - loss: 0.8028 - acc: 0.7178
1056/3458 [========>.....................] - ETA: 1:52 - loss: 0.7978 - acc: 0.7197
1088/3458 [========>.....................] - ETA: 1:51 - loss: 0.8003 - acc: 0.7188
1120/3458 [========>.....................] - ETA: 1:49 - loss: 0.7994 - acc: 0.7196
1152/3458 [========>.....................] - ETA: 1:47 - loss: 0.7973 - acc: 0.7188
1184/3458 [=========>....................] - ETA: 1:46 - loss: 0.7925 - acc: 0.7196
1216/3458 [=========>....................] - ETA: 1:45 - loss: 0.7977 - acc: 0.7155
1248/3458 [=========>....................] - ETA: 1:43 - loss: 0.7931 - acc: 0.7171
1280/3458 [==========>...................] - ETA: 1:42 - loss: 0.7884 - acc: 0.7172
1312/3458 [==========>...................] - ETA: 1:40 - loss: 0.7918 - acc: 0.7165
1344/3458 [==========>...................] - ETA: 1:39 - loss: 0.7887 - acc: 0.7188
1376/3458 [==========>...................] - ETA: 1:37 - loss: 0.7933 - acc: 0.7188
1408/3458 [===========>..................] - ETA: 1:36 - loss: 0.8022 - acc: 0.7166
1440/3458 [===========>..................] - ETA: 1:34 - loss: 0.8004 - acc: 0.7188
1472/3458 [===========>..................] - ETA: 1:33 - loss: 0.8066 - acc: 0.7160
1504/3458 [============>.................] - ETA: 1:31 - loss: 0.8059 - acc: 0.7148
1536/3458 [============>.................] - ETA: 1:30 - loss: 0.8122 - acc: 0.7116
1568/3458 [============>.................] - ETA: 1:29 - loss: 0.8120 - acc: 0.7111
1600/3458 [============>.................] - ETA: 1:27 - loss: 0.8108 - acc: 0.7100
1632/3458 [=============>................] - ETA: 1:26 - loss: 0.8096 - acc: 0.7083
1664/3458 [=============>................] - ETA: 1:24 - loss: 0.8077 - acc: 0.7085
1696/3458 [=============>................] - ETA: 1:23 - loss: 0.8064 - acc: 0.7075
1728/3458 [=============>................] - ETA: 1:21 - loss: 0.8091 - acc: 0.7049
1760/3458 [==============>...............] - ETA: 1:20 - loss: 0.8144 - acc: 0.7040
1792/3458 [==============>...............] - ETA: 1:18 - loss: 0.8121 - acc: 0.7042
1824/3458 [==============>...............] - ETA: 1:17 - loss: 0.8106 - acc: 0.7061
1856/3458 [===============>..............] - ETA: 1:15 - loss: 0.8083 - acc: 0.7069
1888/3458 [===============>..............] - ETA: 1:14 - loss: 0.8081 - acc: 0.7066
1920/3458 [===============>..............] - ETA: 1:12 - loss: 0.8096 - acc: 0.7057
1952/3458 [===============>..............] - ETA: 1:11 - loss: 0.8150 - acc: 0.7049
1984/3458 [================>.............] - ETA: 1:09 - loss: 0.8112 - acc: 0.7072
2016/3458 [================>.............] - ETA: 1:08 - loss: 0.8091 - acc: 0.7073
2048/3458 [================>.............] - ETA: 1:06 - loss: 0.8099 - acc: 0.7041
2080/3458 [=================>............] - ETA: 1:05 - loss: 0.8078 - acc: 0.7043
2112/3458 [=================>............] - ETA: 1:03 - loss: 0.8059 - acc: 0.7036
2144/3458 [=================>............] - ETA: 1:02 - loss: 0.8048 - acc: 0.7043
2176/3458 [=================>............] - ETA: 1:00 - loss: 0.8011 - acc: 0.7059
2208/3458 [==================>...........] - ETA: 59s - loss: 0.7981 - acc: 0.7074 
2240/3458 [==================>...........] - ETA: 57s - loss: 0.7974 - acc: 0.7085
2272/3458 [==================>...........] - ETA: 56s - loss: 0.7995 - acc: 0.7073
2304/3458 [==================>...........] - ETA: 54s - loss: 0.7953 - acc: 0.7092
2336/3458 [===================>..........] - ETA: 52s - loss: 0.7971 - acc: 0.7085
2368/3458 [===================>..........] - ETA: 51s - loss: 0.7917 - acc: 0.7116
2400/3458 [===================>..........] - ETA: 49s - loss: 0.7915 - acc: 0.7117
2432/3458 [====================>.........] - ETA: 48s - loss: 0.7932 - acc: 0.7122
2464/3458 [====================>.........] - ETA: 46s - loss: 0.7882 - acc: 0.7143
2496/3458 [====================>.........] - ETA: 45s - loss: 0.7854 - acc: 0.7155
2528/3458 [====================>.........] - ETA: 43s - loss: 0.7866 - acc: 0.7148
2560/3458 [=====================>........] - ETA: 42s - loss: 0.7849 - acc: 0.7152
2592/3458 [=====================>........] - ETA: 40s - loss: 0.7840 - acc: 0.7153
2624/3458 [=====================>........] - ETA: 39s - loss: 0.7807 - acc: 0.7165
2656/3458 [======================>.......] - ETA: 37s - loss: 0.7795 - acc: 0.7165
2688/3458 [======================>.......] - ETA: 36s - loss: 0.7789 - acc: 0.7161
2720/3458 [======================>.......] - ETA: 34s - loss: 0.7833 - acc: 0.7136
2752/3458 [======================>.......] - ETA: 33s - loss: 0.7827 - acc: 0.7144
2784/3458 [=======================>......] - ETA: 31s - loss: 0.7820 - acc: 0.7152
2816/3458 [=======================>......] - ETA: 30s - loss: 0.7800 - acc: 0.7159
2848/3458 [=======================>......] - ETA: 28s - loss: 0.7812 - acc: 0.7149
2880/3458 [=======================>......] - ETA: 27s - loss: 0.7776 - acc: 0.7170
2912/3458 [========================>.....] - ETA: 25s - loss: 0.7773 - acc: 0.7167
2944/3458 [========================>.....] - ETA: 24s - loss: 0.7793 - acc: 0.7154
2976/3458 [========================>.....] - ETA: 22s - loss: 0.7809 - acc: 0.7147
3008/3458 [=========================>....] - ETA: 21s - loss: 0.7820 - acc: 0.7144
3040/3458 [=========================>....] - ETA: 19s - loss: 0.7820 - acc: 0.7148
3072/3458 [=========================>....] - ETA: 18s - loss: 0.7820 - acc: 0.7152
3104/3458 [=========================>....] - ETA: 16s - loss: 0.7839 - acc: 0.7149
3136/3458 [==========================>...] - ETA: 15s - loss: 0.7855 - acc: 0.7133
3168/3458 [==========================>...] - ETA: 13s - loss: 0.7859 - acc: 0.7134
3200/3458 [==========================>...] - ETA: 12s - loss: 0.7864 - acc: 0.7131
3232/3458 [===========================>..] - ETA: 10s - loss: 0.7836 - acc: 0.7144
3264/3458 [===========================>..] - ETA: 9s - loss: 0.7828 - acc: 0.7135 
3296/3458 [===========================>..] - ETA: 7s - loss: 0.7834 - acc: 0.7130
3328/3458 [===========================>..] - ETA: 6s - loss: 0.7842 - acc: 0.7127
3360/3458 [============================>.] - ETA: 4s - loss: 0.7844 - acc: 0.7122
3392/3458 [============================>.] - ETA: 3s - loss: 0.7840 - acc: 0.7114
3424/3458 [============================>.] - ETA: 1s - loss: 0.7821 - acc: 0.7120
3456/3458 [============================>.] - ETA: 0s - loss: 0.7801 - acc: 0.7127
3458/3458 [==============================] - 164s 47ms/sample - loss: 0.7799 - acc: 0.7128

 32/865 [>.............................] - ETA: 7s - loss: 1.3012 - acc: 0.4375
 64/865 [=>............................] - ETA: 7s - loss: 1.2021 - acc: 0.5000
 96/865 [==>...........................] - ETA: 6s - loss: 1.1527 - acc: 0.5417
128/865 [===>..........................] - ETA: 6s - loss: 1.1698 - acc: 0.5547
160/865 [====>.........................] - ETA: 6s - loss: 1.1006 - acc: 0.5938
192/865 [=====>........................] - ETA: 5s - loss: 1.0639 - acc: 0.5938
224/865 [======>.......................] - ETA: 5s - loss: 1.0959 - acc: 0.5982
256/865 [=======>......................] - ETA: 5s - loss: 1.0936 - acc: 0.6055
288/865 [========>.....................] - ETA: 5s - loss: 1.1274 - acc: 0.5938
320/865 [==========>...................] - ETA: 4s - loss: 1.0965 - acc: 0.6031
352/865 [===========>..................] - ETA: 4s - loss: 1.1224 - acc: 0.5938
384/865 [============>.................] - ETA: 4s - loss: 1.1227 - acc: 0.5964
416/865 [=============>................] - ETA: 4s - loss: 1.1175 - acc: 0.5962
448/865 [==============>...............] - ETA: 3s - loss: 1.1523 - acc: 0.5826
480/865 [===============>..............] - ETA: 3s - loss: 1.1443 - acc: 0.5854
512/865 [================>.............] - ETA: 3s - loss: 1.1555 - acc: 0.5879
544/865 [=================>............] - ETA: 2s - loss: 1.1158 - acc: 0.6011
576/865 [==================>...........] - ETA: 2s - loss: 1.1249 - acc: 0.6007
608/865 [====================>.........] - ETA: 2s - loss: 1.1275 - acc: 0.5970
640/865 [=====================>........] - ETA: 2s - loss: 1.1149 - acc: 0.6016
672/865 [======================>.......] - ETA: 1s - loss: 1.1170 - acc: 0.6042
704/865 [=======================>......] - ETA: 1s - loss: 1.1420 - acc: 0.5980
736/865 [========================>.....] - ETA: 1s - loss: 1.1402 - acc: 0.6005
768/865 [=========================>....] - ETA: 0s - loss: 1.1284 - acc: 0.6068
800/865 [==========================>...] - ETA: 0s - loss: 1.1342 - acc: 0.6050
832/865 [===========================>..] - ETA: 0s - loss: 1.1276 - acc: 0.6082
864/865 [============================>.] - ETA: 0s - loss: 1.1207 - acc: 0.6134
865/865 [==============================] - 8s 9ms/sample - loss: 1.1199 - acc: 0.6139

  32/3458 [..............................] - ETA: 2:37 - loss: 0.4677 - acc: 0.8125
  64/3458 [..............................] - ETA: 2:37 - loss: 0.4361 - acc: 0.8281
  96/3458 [..............................] - ETA: 2:36 - loss: 0.4794 - acc: 0.8125
 128/3458 [>.............................] - ETA: 2:36 - loss: 0.4386 - acc: 0.8438
 160/3458 [>.............................] - ETA: 2:36 - loss: 0.5249 - acc: 0.7937
 192/3458 [>.............................] - ETA: 2:34 - loss: 0.4969 - acc: 0.8073
 224/3458 [>.............................] - ETA: 2:33 - loss: 0.4849 - acc: 0.8036
 256/3458 [=>............................] - ETA: 2:32 - loss: 0.4614 - acc: 0.8086
 288/3458 [=>............................] - ETA: 2:30 - loss: 0.4368 - acc: 0.8229
 320/3458 [=>............................] - ETA: 2:28 - loss: 0.4320 - acc: 0.8250
 352/3458 [==>...........................] - ETA: 2:27 - loss: 0.4374 - acc: 0.8239
 384/3458 [==>...........................] - ETA: 2:25 - loss: 0.4288 - acc: 0.8307
 416/3458 [==>...........................] - ETA: 2:24 - loss: 0.4382 - acc: 0.8293
 448/3458 [==>...........................] - ETA: 2:22 - loss: 0.4456 - acc: 0.8237
 480/3458 [===>..........................] - ETA: 2:20 - loss: 0.4386 - acc: 0.8333
 512/3458 [===>..........................] - ETA: 2:19 - loss: 0.4331 - acc: 0.8379
 544/3458 [===>..........................] - ETA: 2:17 - loss: 0.4368 - acc: 0.8419
 576/3458 [===>..........................] - ETA: 2:15 - loss: 0.4462 - acc: 0.8472
 608/3458 [====>.........................] - ETA: 2:14 - loss: 0.4401 - acc: 0.8503
 640/3458 [====>.........................] - ETA: 2:13 - loss: 0.4417 - acc: 0.8500
 672/3458 [====>.........................] - ETA: 2:11 - loss: 0.4435 - acc: 0.8497
 704/3458 [=====>........................] - ETA: 2:09 - loss: 0.4360 - acc: 0.8509
 736/3458 [=====>........................] - ETA: 2:08 - loss: 0.4333 - acc: 0.8519
 768/3458 [=====>........................] - ETA: 2:06 - loss: 0.4293 - acc: 0.8516
 800/3458 [=====>........................] - ETA: 2:05 - loss: 0.4245 - acc: 0.8537
 832/3458 [======>.......................] - ETA: 2:03 - loss: 0.4140 - acc: 0.8582
 864/3458 [======>.......................] - ETA: 2:02 - loss: 0.4225 - acc: 0.8565
 896/3458 [======>.......................] - ETA: 2:00 - loss: 0.4133 - acc: 0.8605
 928/3458 [=======>......................] - ETA: 1:59 - loss: 0.4308 - acc: 0.8567
 960/3458 [=======>......................] - ETA: 1:57 - loss: 0.4258 - acc: 0.8604
 992/3458 [=======>......................] - ETA: 1:56 - loss: 0.4228 - acc: 0.8619
1024/3458 [=======>......................] - ETA: 1:54 - loss: 0.4238 - acc: 0.8594
1056/3458 [========>.....................] - ETA: 1:53 - loss: 0.4248 - acc: 0.8570
1088/3458 [========>.....................] - ETA: 1:51 - loss: 0.4211 - acc: 0.8575
1120/3458 [========>.....................] - ETA: 1:50 - loss: 0.4184 - acc: 0.8589
1152/3458 [========>.....................] - ETA: 1:48 - loss: 0.4194 - acc: 0.8594
1184/3458 [=========>....................] - ETA: 1:47 - loss: 0.4160 - acc: 0.8615
1216/3458 [=========>....................] - ETA: 1:45 - loss: 0.4195 - acc: 0.8602
1248/3458 [=========>....................] - ETA: 1:44 - loss: 0.4212 - acc: 0.8598
1280/3458 [==========>...................] - ETA: 1:42 - loss: 0.4256 - acc: 0.8594
1312/3458 [==========>...................] - ETA: 1:41 - loss: 0.4326 - acc: 0.8582
1344/3458 [==========>...................] - ETA: 1:39 - loss: 0.4313 - acc: 0.8586
1376/3458 [==========>...................] - ETA: 1:38 - loss: 0.4340 - acc: 0.8583
1408/3458 [===========>..................] - ETA: 1:36 - loss: 0.4343 - acc: 0.8580
1440/3458 [===========>..................] - ETA: 1:35 - loss: 0.4324 - acc: 0.8590
1472/3458 [===========>..................] - ETA: 1:33 - loss: 0.4301 - acc: 0.8594
1504/3458 [============>.................] - ETA: 1:32 - loss: 0.4339 - acc: 0.8564
1536/3458 [============>.................] - ETA: 1:30 - loss: 0.4341 - acc: 0.8561
1568/3458 [============>.................] - ETA: 1:29 - loss: 0.4339 - acc: 0.8559
1600/3458 [============>.................] - ETA: 1:27 - loss: 0.4332 - acc: 0.8569
1632/3458 [=============>................] - ETA: 1:26 - loss: 0.4318 - acc: 0.8572
1664/3458 [=============>................] - ETA: 1:24 - loss: 0.4303 - acc: 0.8564
1696/3458 [=============>................] - ETA: 1:23 - loss: 0.4294 - acc: 0.8573
1728/3458 [=============>................] - ETA: 1:21 - loss: 0.4330 - acc: 0.8559
1760/3458 [==============>...............] - ETA: 1:20 - loss: 0.4334 - acc: 0.8557
1792/3458 [==============>...............] - ETA: 1:18 - loss: 0.4303 - acc: 0.8577
1824/3458 [==============>...............] - ETA: 1:16 - loss: 0.4271 - acc: 0.8586
1856/3458 [===============>..............] - ETA: 1:15 - loss: 0.4252 - acc: 0.8588
1888/3458 [===============>..............] - ETA: 1:13 - loss: 0.4302 - acc: 0.8554
1920/3458 [===============>..............] - ETA: 1:12 - loss: 0.4310 - acc: 0.8552
1952/3458 [===============>..............] - ETA: 1:10 - loss: 0.4297 - acc: 0.8555
1984/3458 [================>.............] - ETA: 1:09 - loss: 0.4266 - acc: 0.8564
2016/3458 [================>.............] - ETA: 1:07 - loss: 0.4257 - acc: 0.8562
2048/3458 [================>.............] - ETA: 1:06 - loss: 0.4251 - acc: 0.8560
2080/3458 [=================>............] - ETA: 1:04 - loss: 0.4287 - acc: 0.8548
2112/3458 [=================>............] - ETA: 1:03 - loss: 0.4270 - acc: 0.8556
2144/3458 [=================>............] - ETA: 1:01 - loss: 0.4302 - acc: 0.8549
2176/3458 [=================>............] - ETA: 1:00 - loss: 0.4274 - acc: 0.8562
2208/3458 [==================>...........] - ETA: 58s - loss: 0.4367 - acc: 0.8546 
2240/3458 [==================>...........] - ETA: 57s - loss: 0.4362 - acc: 0.8549
2272/3458 [==================>...........] - ETA: 55s - loss: 0.4328 - acc: 0.8561
2304/3458 [==================>...........] - ETA: 54s - loss: 0.4351 - acc: 0.8546
2336/3458 [===================>..........] - ETA: 52s - loss: 0.4339 - acc: 0.8553
2368/3458 [===================>..........] - ETA: 51s - loss: 0.4313 - acc: 0.8556
2400/3458 [===================>..........] - ETA: 49s - loss: 0.4315 - acc: 0.8554
2432/3458 [====================>.........] - ETA: 48s - loss: 0.4308 - acc: 0.8553
2464/3458 [====================>.........] - ETA: 46s - loss: 0.4293 - acc: 0.8559
2496/3458 [====================>.........] - ETA: 45s - loss: 0.4288 - acc: 0.8558
2528/3458 [====================>.........] - ETA: 43s - loss: 0.4293 - acc: 0.8568
2560/3458 [=====================>........] - ETA: 42s - loss: 0.4284 - acc: 0.8574
2592/3458 [=====================>........] - ETA: 40s - loss: 0.4297 - acc: 0.8569
2624/3458 [=====================>........] - ETA: 39s - loss: 0.4277 - acc: 0.8579
2656/3458 [======================>.......] - ETA: 37s - loss: 0.4283 - acc: 0.8581
2688/3458 [======================>.......] - ETA: 36s - loss: 0.4291 - acc: 0.8571
2720/3458 [======================>.......] - ETA: 34s - loss: 0.4275 - acc: 0.8581
2752/3458 [======================>.......] - ETA: 33s - loss: 0.4286 - acc: 0.8583
2784/3458 [=======================>......] - ETA: 31s - loss: 0.4277 - acc: 0.8581
2816/3458 [=======================>......] - ETA: 30s - loss: 0.4269 - acc: 0.8590
2848/3458 [=======================>......] - ETA: 28s - loss: 0.4273 - acc: 0.8585
2880/3458 [=======================>......] - ETA: 27s - loss: 0.4284 - acc: 0.8580
2912/3458 [========================>.....] - ETA: 25s - loss: 0.4328 - acc: 0.8565
2944/3458 [========================>.....] - ETA: 24s - loss: 0.4325 - acc: 0.8567
2976/3458 [========================>.....] - ETA: 22s - loss: 0.4326 - acc: 0.8565
3008/3458 [=========================>....] - ETA: 21s - loss: 0.4326 - acc: 0.8564
3040/3458 [=========================>....] - ETA: 19s - loss: 0.4330 - acc: 0.8559
3072/3458 [=========================>....] - ETA: 18s - loss: 0.4341 - acc: 0.8558
3104/3458 [=========================>....] - ETA: 16s - loss: 0.4330 - acc: 0.8560
3136/3458 [==========================>...] - ETA: 15s - loss: 0.4352 - acc: 0.8559
3168/3458 [==========================>...] - ETA: 13s - loss: 0.4349 - acc: 0.8564
3200/3458 [==========================>...] - ETA: 12s - loss: 0.4343 - acc: 0.8566
3232/3458 [===========================>..] - ETA: 10s - loss: 0.4341 - acc: 0.8567
3264/3458 [===========================>..] - ETA: 9s - loss: 0.4406 - acc: 0.8545 
3296/3458 [===========================>..] - ETA: 7s - loss: 0.4420 - acc: 0.8532
3328/3458 [===========================>..] - ETA: 6s - loss: 0.4467 - acc: 0.8519
3360/3458 [============================>.] - ETA: 4s - loss: 0.4448 - acc: 0.8524
3392/3458 [============================>.] - ETA: 3s - loss: 0.4451 - acc: 0.8529
3424/3458 [============================>.] - ETA: 1s - loss: 0.4454 - acc: 0.8522
3456/3458 [============================>.] - ETA: 0s - loss: 0.4454 - acc: 0.8521
3458/3458 [==============================] - 163s 47ms/sample - loss: 0.4455 - acc: 0.8519

 32/865 [>.............................] - ETA: 7s - loss: 1.3167 - acc: 0.5000
 64/865 [=>............................] - ETA: 7s - loss: 1.3813 - acc: 0.5312
 96/865 [==>...........................] - ETA: 6s - loss: 1.2813 - acc: 0.5521
128/865 [===>..........................] - ETA: 6s - loss: 1.3618 - acc: 0.5312
160/865 [====>.........................] - ETA: 6s - loss: 1.3148 - acc: 0.5625
192/865 [=====>........................] - ETA: 6s - loss: 1.3011 - acc: 0.5521
224/865 [======>.......................] - ETA: 5s - loss: 1.3156 - acc: 0.5536
256/865 [=======>......................] - ETA: 5s - loss: 1.2922 - acc: 0.5586
288/865 [========>.....................] - ETA: 5s - loss: 1.3202 - acc: 0.5486
320/865 [==========>...................] - ETA: 4s - loss: 1.2999 - acc: 0.5500
352/865 [===========>..................] - ETA: 4s - loss: 1.2924 - acc: 0.5511
384/865 [============>.................] - ETA: 4s - loss: 1.3094 - acc: 0.5573
416/865 [=============>................] - ETA: 4s - loss: 1.2886 - acc: 0.5625
448/865 [==============>...............] - ETA: 3s - loss: 1.3347 - acc: 0.5647
480/865 [===============>..............] - ETA: 3s - loss: 1.3230 - acc: 0.5646
512/865 [================>.............] - ETA: 3s - loss: 1.3486 - acc: 0.5566
544/865 [=================>............] - ETA: 2s - loss: 1.3065 - acc: 0.5662
576/865 [==================>...........] - ETA: 2s - loss: 1.3176 - acc: 0.5625
608/865 [====================>.........] - ETA: 2s - loss: 1.3085 - acc: 0.5609
640/865 [=====================>........] - ETA: 2s - loss: 1.3145 - acc: 0.5547
672/865 [======================>.......] - ETA: 1s - loss: 1.3223 - acc: 0.5536
704/865 [=======================>......] - ETA: 1s - loss: 1.3359 - acc: 0.5511
736/865 [========================>.....] - ETA: 1s - loss: 1.3309 - acc: 0.5530
768/865 [=========================>....] - ETA: 0s - loss: 1.3082 - acc: 0.5599
800/865 [==========================>...] - ETA: 0s - loss: 1.3058 - acc: 0.5587
832/865 [===========================>..] - ETA: 0s - loss: 1.2850 - acc: 0.5649
864/865 [============================>.] - ETA: 0s - loss: 1.2790 - acc: 0.5718
865/865 [==============================] - 8s 9ms/sample - loss: 1.2781 - acc: 0.5723

  32/3458 [..............................] - ETA: 2:42 - loss: 0.2455 - acc: 0.9062
  64/3458 [..............................] - ETA: 2:39 - loss: 0.2502 - acc: 0.9375
  96/3458 [..............................] - ETA: 2:37 - loss: 0.2670 - acc: 0.9375
 128/3458 [>.............................] - ETA: 2:35 - loss: 0.2508 - acc: 0.9453
 160/3458 [>.............................] - ETA: 2:34 - loss: 0.2808 - acc: 0.9250
 192/3458 [>.............................] - ETA: 2:33 - loss: 0.3166 - acc: 0.9062
 224/3458 [>.............................] - ETA: 2:31 - loss: 0.3180 - acc: 0.9107
 256/3458 [=>............................] - ETA: 2:29 - loss: 0.3206 - acc: 0.9102
 288/3458 [=>............................] - ETA: 2:28 - loss: 0.3130 - acc: 0.9167
 320/3458 [=>............................] - ETA: 2:27 - loss: 0.3202 - acc: 0.9125
 352/3458 [==>...........................] - ETA: 2:25 - loss: 0.3177 - acc: 0.9176
 384/3458 [==>...........................] - ETA: 2:24 - loss: 0.3122 - acc: 0.9167
 416/3458 [==>...........................] - ETA: 2:22 - loss: 0.3110 - acc: 0.9159
 448/3458 [==>...........................] - ETA: 2:21 - loss: 0.2985 - acc: 0.9219
 480/3458 [===>..........................] - ETA: 2:20 - loss: 0.2864 - acc: 0.9250
 512/3458 [===>..........................] - ETA: 2:18 - loss: 0.2765 - acc: 0.9277
 544/3458 [===>..........................] - ETA: 2:17 - loss: 0.2697 - acc: 0.9301
 576/3458 [===>..........................] - ETA: 2:15 - loss: 0.2762 - acc: 0.9253
 608/3458 [====>.........................] - ETA: 2:13 - loss: 0.2661 - acc: 0.9276
 640/3458 [====>.........................] - ETA: 2:12 - loss: 0.2715 - acc: 0.9281
 672/3458 [====>.........................] - ETA: 2:10 - loss: 0.2664 - acc: 0.9271
 704/3458 [=====>........................] - ETA: 2:09 - loss: 0.2650 - acc: 0.9261
 736/3458 [=====>........................] - ETA: 2:07 - loss: 0.2625 - acc: 0.9280
 768/3458 [=====>........................] - ETA: 2:06 - loss: 0.2562 - acc: 0.9284
 800/3458 [=====>........................] - ETA: 2:04 - loss: 0.2542 - acc: 0.9275
 832/3458 [======>.......................] - ETA: 2:03 - loss: 0.2509 - acc: 0.9279
 864/3458 [======>.......................] - ETA: 2:01 - loss: 0.2472 - acc: 0.9282
 896/3458 [======>.......................] - ETA: 2:00 - loss: 0.2475 - acc: 0.9275
 928/3458 [=======>......................] - ETA: 1:58 - loss: 0.2501 - acc: 0.9256
 960/3458 [=======>......................] - ETA: 1:57 - loss: 0.2496 - acc: 0.9250
 992/3458 [=======>......................] - ETA: 1:56 - loss: 0.2563 - acc: 0.9214
1024/3458 [=======>......................] - ETA: 1:54 - loss: 0.2580 - acc: 0.9199
1056/3458 [========>.....................] - ETA: 1:52 - loss: 0.2529 - acc: 0.9223
1088/3458 [========>.....................] - ETA: 1:51 - loss: 0.2523 - acc: 0.9219
1120/3458 [========>.....................] - ETA: 1:49 - loss: 0.2489 - acc: 0.9241
1152/3458 [========>.....................] - ETA: 1:48 - loss: 0.2472 - acc: 0.9236
1184/3458 [=========>....................] - ETA: 1:46 - loss: 0.2506 - acc: 0.9223
1216/3458 [=========>....................] - ETA: 1:45 - loss: 0.2503 - acc: 0.9202
1248/3458 [=========>....................] - ETA: 1:43 - loss: 0.2509 - acc: 0.9191
1280/3458 [==========>...................] - ETA: 1:42 - loss: 0.2509 - acc: 0.9187
1312/3458 [==========>...................] - ETA: 1:40 - loss: 0.2551 - acc: 0.9162
1344/3458 [==========>...................] - ETA: 1:39 - loss: 0.2589 - acc: 0.9137
1376/3458 [==========>...................] - ETA: 1:37 - loss: 0.2608 - acc: 0.9121
1408/3458 [===========>..................] - ETA: 1:36 - loss: 0.2573 - acc: 0.9141
1440/3458 [===========>..................] - ETA: 1:34 - loss: 0.2570 - acc: 0.9139
1472/3458 [===========>..................] - ETA: 1:33 - loss: 0.2551 - acc: 0.9144
1504/3458 [============>.................] - ETA: 1:31 - loss: 0.2530 - acc: 0.9142
1536/3458 [============>.................] - ETA: 1:30 - loss: 0.2531 - acc: 0.9134
1568/3458 [============>.................] - ETA: 1:28 - loss: 0.2542 - acc: 0.9126
1600/3458 [============>.................] - ETA: 1:27 - loss: 0.2585 - acc: 0.9106
1632/3458 [=============>................] - ETA: 1:25 - loss: 0.2610 - acc: 0.9105
1664/3458 [=============>................] - ETA: 1:24 - loss: 0.2660 - acc: 0.9099
1696/3458 [=============>................] - ETA: 1:22 - loss: 0.2668 - acc: 0.9092
1728/3458 [=============>................] - ETA: 1:21 - loss: 0.2662 - acc: 0.9091
1760/3458 [==============>...............] - ETA: 1:19 - loss: 0.2678 - acc: 0.9085
1792/3458 [==============>...............] - ETA: 1:18 - loss: 0.2668 - acc: 0.9096
1824/3458 [==============>...............] - ETA: 1:16 - loss: 0.2671 - acc: 0.9106
1856/3458 [===============>..............] - ETA: 1:15 - loss: 0.2674 - acc: 0.9111
1888/3458 [===============>..............] - ETA: 1:13 - loss: 0.2681 - acc: 0.9110
1920/3458 [===============>..............] - ETA: 1:12 - loss: 0.2669 - acc: 0.9115
1952/3458 [===============>..............] - ETA: 1:10 - loss: 0.2680 - acc: 0.9109
1984/3458 [================>.............] - ETA: 1:09 - loss: 0.2664 - acc: 0.9118
2016/3458 [================>.............] - ETA: 1:07 - loss: 0.2651 - acc: 0.9122
2048/3458 [================>.............] - ETA: 1:06 - loss: 0.2637 - acc: 0.9126
2080/3458 [=================>............] - ETA: 1:04 - loss: 0.2610 - acc: 0.9139
2112/3458 [=================>............] - ETA: 1:03 - loss: 0.2602 - acc: 0.9148
2144/3458 [=================>............] - ETA: 1:01 - loss: 0.2597 - acc: 0.9146
2176/3458 [=================>............] - ETA: 1:00 - loss: 0.2586 - acc: 0.9154
2208/3458 [==================>...........] - ETA: 58s - loss: 0.2584 - acc: 0.9153 
2240/3458 [==================>...........] - ETA: 57s - loss: 0.2566 - acc: 0.9156
2272/3458 [==================>...........] - ETA: 55s - loss: 0.2559 - acc: 0.9159
2304/3458 [==================>...........] - ETA: 54s - loss: 0.2562 - acc: 0.9154
2336/3458 [===================>..........] - ETA: 52s - loss: 0.2540 - acc: 0.9165
2368/3458 [===================>..........] - ETA: 51s - loss: 0.2541 - acc: 0.9168
2400/3458 [===================>..........] - ETA: 49s - loss: 0.2530 - acc: 0.9171
2432/3458 [====================>.........] - ETA: 48s - loss: 0.2566 - acc: 0.9161
2464/3458 [====================>.........] - ETA: 46s - loss: 0.2555 - acc: 0.9168
2496/3458 [====================>.........] - ETA: 45s - loss: 0.2538 - acc: 0.9171
2528/3458 [====================>.........] - ETA: 43s - loss: 0.2565 - acc: 0.9153
2560/3458 [=====================>........] - ETA: 42s - loss: 0.2561 - acc: 0.9156
2592/3458 [=====================>........] - ETA: 40s - loss: 0.2571 - acc: 0.9155
2624/3458 [=====================>........] - ETA: 39s - loss: 0.2581 - acc: 0.9154
2656/3458 [======================>.......] - ETA: 37s - loss: 0.2577 - acc: 0.9157
2688/3458 [======================>.......] - ETA: 36s - loss: 0.2575 - acc: 0.9156
2720/3458 [======================>.......] - ETA: 34s - loss: 0.2588 - acc: 0.9151
2752/3458 [======================>.......] - ETA: 33s - loss: 0.2610 - acc: 0.9146
2784/3458 [=======================>......] - ETA: 31s - loss: 0.2628 - acc: 0.9142
2816/3458 [=======================>......] - ETA: 30s - loss: 0.2639 - acc: 0.9134
2848/3458 [=======================>......] - ETA: 28s - loss: 0.2636 - acc: 0.9133
2880/3458 [=======================>......] - ETA: 27s - loss: 0.2636 - acc: 0.9139
2912/3458 [========================>.....] - ETA: 25s - loss: 0.2624 - acc: 0.9141
2944/3458 [========================>.....] - ETA: 24s - loss: 0.2623 - acc: 0.9144
2976/3458 [========================>.....] - ETA: 22s - loss: 0.2617 - acc: 0.9147
3008/3458 [=========================>....] - ETA: 21s - loss: 0.2622 - acc: 0.9146
3040/3458 [=========================>....] - ETA: 19s - loss: 0.2620 - acc: 0.9141
3072/3458 [=========================>....] - ETA: 18s - loss: 0.2611 - acc: 0.9144
3104/3458 [=========================>....] - ETA: 16s - loss: 0.2616 - acc: 0.9146
3136/3458 [==========================>...] - ETA: 15s - loss: 0.2609 - acc: 0.9149
3168/3458 [==========================>...] - ETA: 13s - loss: 0.2617 - acc: 0.9148
3200/3458 [==========================>...] - ETA: 12s - loss: 0.2605 - acc: 0.9153
3232/3458 [===========================>..] - ETA: 10s - loss: 0.2594 - acc: 0.9158
3264/3458 [===========================>..] - ETA: 9s - loss: 0.2591 - acc: 0.9161 
3296/3458 [===========================>..] - ETA: 7s - loss: 0.2580 - acc: 0.9166
3328/3458 [===========================>..] - ETA: 6s - loss: 0.2573 - acc: 0.9171
3360/3458 [============================>.] - ETA: 4s - loss: 0.2571 - acc: 0.9167
3392/3458 [============================>.] - ETA: 3s - loss: 0.2567 - acc: 0.9169
3424/3458 [============================>.] - ETA: 1s - loss: 0.2588 - acc: 0.9165
3456/3458 [============================>.] - ETA: 0s - loss: 0.2581 - acc: 0.9164
3458/3458 [==============================] - 163s 47ms/sample - loss: 0.2581 - acc: 0.9164

 32/865 [>.............................] - ETA: 8s - loss: 2.1142 - acc: 0.4688
 64/865 [=>............................] - ETA: 7s - loss: 2.1934 - acc: 0.5000
 96/865 [==>...........................] - ETA: 6s - loss: 2.0983 - acc: 0.5312
128/865 [===>..........................] - ETA: 6s - loss: 2.3026 - acc: 0.5000
160/865 [====>.........................] - ETA: 6s - loss: 2.1869 - acc: 0.5125
192/865 [=====>........................] - ETA: 6s - loss: 2.1245 - acc: 0.5000
224/865 [======>.......................] - ETA: 5s - loss: 2.0735 - acc: 0.5134
256/865 [=======>......................] - ETA: 5s - loss: 2.0162 - acc: 0.5117
288/865 [========>.....................] - ETA: 5s - loss: 2.0318 - acc: 0.5000
320/865 [==========>...................] - ETA: 4s - loss: 2.0208 - acc: 0.5000
352/865 [===========>..................] - ETA: 4s - loss: 1.9933 - acc: 0.4972
384/865 [============>.................] - ETA: 4s - loss: 2.0263 - acc: 0.5026
416/865 [=============>................] - ETA: 4s - loss: 2.0189 - acc: 0.5072
448/865 [==============>...............] - ETA: 3s - loss: 2.0955 - acc: 0.5000
480/865 [===============>..............] - ETA: 3s - loss: 2.0991 - acc: 0.5000
512/865 [================>.............] - ETA: 3s - loss: 2.1561 - acc: 0.4922
544/865 [=================>............] - ETA: 2s - loss: 2.0966 - acc: 0.5037
576/865 [==================>...........] - ETA: 2s - loss: 2.1122 - acc: 0.5035
608/865 [====================>.........] - ETA: 2s - loss: 2.0782 - acc: 0.5066
640/865 [=====================>........] - ETA: 2s - loss: 2.0707 - acc: 0.5063
672/865 [======================>.......] - ETA: 1s - loss: 2.0840 - acc: 0.5060
704/865 [=======================>......] - ETA: 1s - loss: 2.1336 - acc: 0.5057
736/865 [========================>.....] - ETA: 1s - loss: 2.1066 - acc: 0.5109
768/865 [=========================>....] - ETA: 0s - loss: 2.0623 - acc: 0.5156
800/865 [==========================>...] - ETA: 0s - loss: 2.0736 - acc: 0.5138
832/865 [===========================>..] - ETA: 0s - loss: 2.0465 - acc: 0.5132
864/865 [============================>.] - ETA: 0s - loss: 2.0347 - acc: 0.5139
865/865 [==============================] - 8s 9ms/sample - loss: 2.0342 - acc: 0.5133
