For Dropout_1=0.4 Dropout_2=0.7
daisy loaded
dandelion loaded
rose loaded
sunflower loaded
tulip loaded

  32/3458 [..............................] - ETA: 3:07 - loss: 1.6229 - acc: 0.1562
  64/3458 [..............................] - ETA: 2:58 - loss: 7.3685 - acc: 0.2344
  96/3458 [..............................] - ETA: 2:53 - loss: 7.5491 - acc: 0.2292
 128/3458 [>.............................] - ETA: 2:49 - loss: 6.7210 - acc: 0.2109
 160/3458 [>.............................] - ETA: 2:46 - loss: 5.8007 - acc: 0.2313
 192/3458 [>.............................] - ETA: 2:44 - loss: 5.1086 - acc: 0.2396
 224/3458 [>.............................] - ETA: 2:42 - loss: 4.6030 - acc: 0.2589
 256/3458 [=>............................] - ETA: 2:40 - loss: 4.2307 - acc: 0.2422
 288/3458 [=>............................] - ETA: 2:38 - loss: 3.9349 - acc: 0.2431
 320/3458 [=>............................] - ETA: 2:36 - loss: 3.6932 - acc: 0.2500
 352/3458 [==>...........................] - ETA: 2:34 - loss: 3.5026 - acc: 0.2472
 384/3458 [==>...........................] - ETA: 2:33 - loss: 3.3430 - acc: 0.2526
 416/3458 [==>...........................] - ETA: 2:31 - loss: 3.1992 - acc: 0.2620
 448/3458 [==>...........................] - ETA: 2:29 - loss: 3.0843 - acc: 0.2545
 480/3458 [===>..........................] - ETA: 2:28 - loss: 2.9789 - acc: 0.2688
 512/3458 [===>..........................] - ETA: 2:26 - loss: 2.8918 - acc: 0.2734
 544/3458 [===>..........................] - ETA: 2:24 - loss: 2.8112 - acc: 0.2739
 576/3458 [===>..........................] - ETA: 2:22 - loss: 2.7409 - acc: 0.2847
 608/3458 [====>.........................] - ETA: 2:21 - loss: 2.6795 - acc: 0.2796
 640/3458 [====>.........................] - ETA: 2:19 - loss: 2.6258 - acc: 0.2766
 672/3458 [====>.........................] - ETA: 2:17 - loss: 2.5746 - acc: 0.2827
 704/3458 [=====>........................] - ETA: 2:16 - loss: 2.5269 - acc: 0.2912
 736/3458 [=====>........................] - ETA: 2:14 - loss: 2.4861 - acc: 0.2962
 768/3458 [=====>........................] - ETA: 2:12 - loss: 2.4448 - acc: 0.2982
 800/3458 [=====>........................] - ETA: 2:11 - loss: 2.4097 - acc: 0.3038
 832/3458 [======>.......................] - ETA: 2:09 - loss: 2.3742 - acc: 0.3101
 864/3458 [======>.......................] - ETA: 2:08 - loss: 2.3409 - acc: 0.3102
 896/3458 [======>.......................] - ETA: 2:06 - loss: 2.3073 - acc: 0.3136
 928/3458 [=======>......................] - ETA: 2:04 - loss: 2.2824 - acc: 0.3114
 960/3458 [=======>......................] - ETA: 2:03 - loss: 2.2572 - acc: 0.3135
 992/3458 [=======>......................] - ETA: 2:01 - loss: 2.2295 - acc: 0.3155
1024/3458 [=======>......................] - ETA: 2:00 - loss: 2.2037 - acc: 0.3154
1056/3458 [========>.....................] - ETA: 1:58 - loss: 2.1817 - acc: 0.3163
1088/3458 [========>.....................] - ETA: 1:56 - loss: 2.1584 - acc: 0.3199
1120/3458 [========>.....................] - ETA: 1:55 - loss: 2.1427 - acc: 0.3187
1152/3458 [========>.....................] - ETA: 1:53 - loss: 2.1267 - acc: 0.3212
1184/3458 [=========>....................] - ETA: 1:52 - loss: 2.1144 - acc: 0.3226
1216/3458 [=========>....................] - ETA: 1:50 - loss: 2.1035 - acc: 0.3224
1248/3458 [=========>....................] - ETA: 1:48 - loss: 2.0923 - acc: 0.3261
1280/3458 [==========>...................] - ETA: 1:47 - loss: 2.0800 - acc: 0.3250
1312/3458 [==========>...................] - ETA: 1:45 - loss: 2.0647 - acc: 0.3255
1344/3458 [==========>...................] - ETA: 1:44 - loss: 2.0490 - acc: 0.3274
1376/3458 [==========>...................] - ETA: 1:42 - loss: 2.0364 - acc: 0.3285
1408/3458 [===========>..................] - ETA: 1:40 - loss: 2.0231 - acc: 0.3260
1440/3458 [===========>..................] - ETA: 1:39 - loss: 2.0061 - acc: 0.3278
1472/3458 [===========>..................] - ETA: 1:37 - loss: 1.9973 - acc: 0.3274
1504/3458 [============>.................] - ETA: 1:36 - loss: 1.9839 - acc: 0.3285
1536/3458 [============>.................] - ETA: 1:34 - loss: 1.9700 - acc: 0.3314
1568/3458 [============>.................] - ETA: 1:33 - loss: 1.9584 - acc: 0.3355
1600/3458 [============>.................] - ETA: 1:31 - loss: 1.9446 - acc: 0.3381
1632/3458 [=============>................] - ETA: 1:29 - loss: 1.9345 - acc: 0.3358
1664/3458 [=============>................] - ETA: 1:28 - loss: 1.9243 - acc: 0.3353
1696/3458 [=============>................] - ETA: 1:26 - loss: 1.9148 - acc: 0.3367
1728/3458 [=============>................] - ETA: 1:25 - loss: 1.9061 - acc: 0.3380
1760/3458 [==============>...............] - ETA: 1:23 - loss: 1.8971 - acc: 0.3403
1792/3458 [==============>...............] - ETA: 1:22 - loss: 1.8876 - acc: 0.3415
1824/3458 [==============>...............] - ETA: 1:20 - loss: 1.8867 - acc: 0.3405
1856/3458 [===============>..............] - ETA: 1:18 - loss: 1.8777 - acc: 0.3427
1888/3458 [===============>..............] - ETA: 1:17 - loss: 1.8702 - acc: 0.3438
1920/3458 [===============>..............] - ETA: 1:15 - loss: 1.8656 - acc: 0.3448
1952/3458 [===============>..............] - ETA: 1:14 - loss: 1.8590 - acc: 0.3438
1984/3458 [================>.............] - ETA: 1:12 - loss: 1.8510 - acc: 0.3463
2016/3458 [================>.............] - ETA: 1:10 - loss: 1.8437 - acc: 0.3452
2048/3458 [================>.............] - ETA: 1:09 - loss: 1.8359 - acc: 0.3462
2080/3458 [=================>............] - ETA: 1:07 - loss: 1.8313 - acc: 0.3462
2112/3458 [=================>............] - ETA: 1:06 - loss: 1.8237 - acc: 0.3471
2144/3458 [=================>............] - ETA: 1:04 - loss: 1.8177 - acc: 0.3489
2176/3458 [=================>............] - ETA: 1:03 - loss: 1.8119 - acc: 0.3493
2208/3458 [==================>...........] - ETA: 1:01 - loss: 1.8070 - acc: 0.3487
2240/3458 [==================>...........] - ETA: 59s - loss: 1.7992 - acc: 0.3509 
2272/3458 [==================>...........] - ETA: 58s - loss: 1.7908 - acc: 0.3556
2304/3458 [==================>...........] - ETA: 56s - loss: 1.7861 - acc: 0.3568
2336/3458 [===================>..........] - ETA: 55s - loss: 1.7818 - acc: 0.3570
2368/3458 [===================>..........] - ETA: 53s - loss: 1.7767 - acc: 0.3568
2400/3458 [===================>..........] - ETA: 52s - loss: 1.7726 - acc: 0.3575
2432/3458 [====================>.........] - ETA: 50s - loss: 1.7681 - acc: 0.3577
2464/3458 [====================>.........] - ETA: 48s - loss: 1.7624 - acc: 0.3592
2496/3458 [====================>.........] - ETA: 47s - loss: 1.7585 - acc: 0.3602
2528/3458 [====================>.........] - ETA: 45s - loss: 1.7534 - acc: 0.3612
2560/3458 [=====================>........] - ETA: 44s - loss: 1.7505 - acc: 0.3586
2592/3458 [=====================>........] - ETA: 42s - loss: 1.7463 - acc: 0.3573
2624/3458 [=====================>........] - ETA: 41s - loss: 1.7422 - acc: 0.3598
2656/3458 [======================>.......] - ETA: 39s - loss: 1.7402 - acc: 0.3599
2688/3458 [======================>.......] - ETA: 37s - loss: 1.7347 - acc: 0.3624
2720/3458 [======================>.......] - ETA: 36s - loss: 1.7309 - acc: 0.3632
2752/3458 [======================>.......] - ETA: 34s - loss: 1.7264 - acc: 0.3641
2784/3458 [=======================>......] - ETA: 33s - loss: 1.7214 - acc: 0.3642
2816/3458 [=======================>......] - ETA: 31s - loss: 1.7175 - acc: 0.3654
2848/3458 [=======================>......] - ETA: 29s - loss: 1.7129 - acc: 0.3669
2880/3458 [=======================>......] - ETA: 28s - loss: 1.7093 - acc: 0.3681
2912/3458 [========================>.....] - ETA: 26s - loss: 1.7072 - acc: 0.3688
2944/3458 [========================>.....] - ETA: 25s - loss: 1.7027 - acc: 0.3709
2976/3458 [========================>.....] - ETA: 23s - loss: 1.6990 - acc: 0.3737
3008/3458 [=========================>....] - ETA: 22s - loss: 1.6959 - acc: 0.3743
3040/3458 [=========================>....] - ETA: 20s - loss: 1.6933 - acc: 0.3747
3072/3458 [=========================>....] - ETA: 18s - loss: 1.6905 - acc: 0.3747
3104/3458 [=========================>....] - ETA: 17s - loss: 1.6874 - acc: 0.3756
3136/3458 [==========================>...] - ETA: 15s - loss: 1.6854 - acc: 0.3750
3168/3458 [==========================>...] - ETA: 14s - loss: 1.6834 - acc: 0.3734
3200/3458 [==========================>...] - ETA: 12s - loss: 1.6807 - acc: 0.3734
3232/3458 [===========================>..] - ETA: 11s - loss: 1.6803 - acc: 0.3747
3264/3458 [===========================>..] - ETA: 9s - loss: 1.6815 - acc: 0.3744 
3296/3458 [===========================>..] - ETA: 7s - loss: 1.6791 - acc: 0.3744
3328/3458 [===========================>..] - ETA: 6s - loss: 1.6763 - acc: 0.3765
3360/3458 [============================>.] - ETA: 4s - loss: 1.6733 - acc: 0.3771
3392/3458 [============================>.] - ETA: 3s - loss: 1.6712 - acc: 0.3762
3424/3458 [============================>.] - ETA: 1s - loss: 1.6680 - acc: 0.3773
3456/3458 [============================>.] - ETA: 0s - loss: 1.6654 - acc: 0.3782
3458/3458 [==============================] - 171s 49ms/sample - loss: 1.6650 - acc: 0.3785

 32/865 [>.............................] - ETA: 7s - loss: 1.3385 - acc: 0.4375
 64/865 [=>............................] - ETA: 7s - loss: 1.3542 - acc: 0.5000
 96/865 [==>...........................] - ETA: 6s - loss: 1.3405 - acc: 0.5104
128/865 [===>..........................] - ETA: 6s - loss: 1.4436 - acc: 0.5000
160/865 [====>.........................] - ETA: 6s - loss: 1.4840 - acc: 0.4563
192/865 [=====>........................] - ETA: 6s - loss: 1.4717 - acc: 0.4427
224/865 [======>.......................] - ETA: 5s - loss: 1.4744 - acc: 0.4464
256/865 [=======>......................] - ETA: 5s - loss: 1.4791 - acc: 0.4375
288/865 [========>.....................] - ETA: 5s - loss: 1.4498 - acc: 0.4444
320/865 [==========>...................] - ETA: 4s - loss: 1.4248 - acc: 0.4594
352/865 [===========>..................] - ETA: 4s - loss: 1.4216 - acc: 0.4574
384/865 [============>.................] - ETA: 4s - loss: 1.4098 - acc: 0.4609
416/865 [=============>................] - ETA: 4s - loss: 1.4047 - acc: 0.4591
448/865 [==============>...............] - ETA: 3s - loss: 1.4045 - acc: 0.4598
480/865 [===============>..............] - ETA: 3s - loss: 1.3988 - acc: 0.4646
512/865 [================>.............] - ETA: 3s - loss: 1.4005 - acc: 0.4609
544/865 [=================>............] - ETA: 2s - loss: 1.3966 - acc: 0.4614
576/865 [==================>...........] - ETA: 2s - loss: 1.3878 - acc: 0.4618
608/865 [====================>.........] - ETA: 2s - loss: 1.3887 - acc: 0.4622
640/865 [=====================>........] - ETA: 2s - loss: 1.3853 - acc: 0.4609
672/865 [======================>.......] - ETA: 1s - loss: 1.3926 - acc: 0.4554
704/865 [=======================>......] - ETA: 1s - loss: 1.3881 - acc: 0.4574
736/865 [========================>.....] - ETA: 1s - loss: 1.3753 - acc: 0.4674
768/865 [=========================>....] - ETA: 0s - loss: 1.3741 - acc: 0.4648
800/865 [==========================>...] - ETA: 0s - loss: 1.3750 - acc: 0.4638
832/865 [===========================>..] - ETA: 0s - loss: 1.3828 - acc: 0.4675
864/865 [============================>.] - ETA: 0s - loss: 1.3800 - acc: 0.4688
865/865 [==============================] - 8s 9ms/sample - loss: 1.3800 - acc: 0.4682

  32/3458 [..............................] - ETA: 2:45 - loss: 1.4210 - acc: 0.4688
  64/3458 [..............................] - ETA: 2:44 - loss: 1.4352 - acc: 0.4062
  96/3458 [..............................] - ETA: 2:44 - loss: 1.4230 - acc: 0.3750
 128/3458 [>.............................] - ETA: 2:43 - loss: 1.5021 - acc: 0.3750
 160/3458 [>.............................] - ETA: 2:41 - loss: 1.4549 - acc: 0.4062
 192/3458 [>.............................] - ETA: 2:40 - loss: 1.4462 - acc: 0.4167
 224/3458 [>.............................] - ETA: 2:38 - loss: 1.4402 - acc: 0.4286
 256/3458 [=>............................] - ETA: 2:37 - loss: 1.4353 - acc: 0.4297
 288/3458 [=>............................] - ETA: 2:35 - loss: 1.4312 - acc: 0.4132
 320/3458 [=>............................] - ETA: 2:34 - loss: 1.4310 - acc: 0.4187
 352/3458 [==>...........................] - ETA: 2:32 - loss: 1.4170 - acc: 0.4403
 384/3458 [==>...........................] - ETA: 2:30 - loss: 1.4126 - acc: 0.4479
 416/3458 [==>...........................] - ETA: 2:29 - loss: 1.4142 - acc: 0.4375
 448/3458 [==>...........................] - ETA: 2:27 - loss: 1.4032 - acc: 0.4509
 480/3458 [===>..........................] - ETA: 2:26 - loss: 1.4045 - acc: 0.4521
 512/3458 [===>..........................] - ETA: 2:24 - loss: 1.3961 - acc: 0.4570
 544/3458 [===>..........................] - ETA: 2:23 - loss: 1.3858 - acc: 0.4614
 576/3458 [===>..........................] - ETA: 2:21 - loss: 1.3891 - acc: 0.4635
 608/3458 [====>.........................] - ETA: 2:20 - loss: 1.3890 - acc: 0.4638
 640/3458 [====>.........................] - ETA: 2:18 - loss: 1.3824 - acc: 0.4641
 672/3458 [====>.........................] - ETA: 2:17 - loss: 1.3778 - acc: 0.4688
 704/3458 [=====>........................] - ETA: 2:15 - loss: 1.3724 - acc: 0.4716
 736/3458 [=====>........................] - ETA: 2:13 - loss: 1.3690 - acc: 0.4647
 768/3458 [=====>........................] - ETA: 2:12 - loss: 1.3649 - acc: 0.4661
 800/3458 [=====>........................] - ETA: 2:10 - loss: 1.3591 - acc: 0.4700
 832/3458 [======>.......................] - ETA: 2:09 - loss: 1.3609 - acc: 0.4748
 864/3458 [======>.......................] - ETA: 2:07 - loss: 1.3544 - acc: 0.4803
 896/3458 [======>.......................] - ETA: 2:05 - loss: 1.3544 - acc: 0.4777
 928/3458 [=======>......................] - ETA: 2:04 - loss: 1.3515 - acc: 0.4731
 960/3458 [=======>......................] - ETA: 2:02 - loss: 1.3516 - acc: 0.4729
 992/3458 [=======>......................] - ETA: 2:01 - loss: 1.3487 - acc: 0.4728
1024/3458 [=======>......................] - ETA: 1:59 - loss: 1.3439 - acc: 0.4736
1056/3458 [========>.....................] - ETA: 1:58 - loss: 1.3404 - acc: 0.4735
1088/3458 [========>.....................] - ETA: 1:56 - loss: 1.3347 - acc: 0.4733
1120/3458 [========>.....................] - ETA: 1:55 - loss: 1.3360 - acc: 0.4705
1152/3458 [========>.....................] - ETA: 1:53 - loss: 1.3325 - acc: 0.4731
1184/3458 [=========>....................] - ETA: 1:52 - loss: 1.3279 - acc: 0.4747
1216/3458 [=========>....................] - ETA: 1:50 - loss: 1.3241 - acc: 0.4745
1248/3458 [=========>....................] - ETA: 1:48 - loss: 1.3207 - acc: 0.4744
1280/3458 [==========>...................] - ETA: 1:47 - loss: 1.3260 - acc: 0.4727
1312/3458 [==========>...................] - ETA: 1:45 - loss: 1.3258 - acc: 0.4733
1344/3458 [==========>...................] - ETA: 1:44 - loss: 1.3212 - acc: 0.4740
1376/3458 [==========>...................] - ETA: 1:42 - loss: 1.3218 - acc: 0.4753
1408/3458 [===========>..................] - ETA: 1:40 - loss: 1.3183 - acc: 0.4780
1440/3458 [===========>..................] - ETA: 1:39 - loss: 1.3180 - acc: 0.4757
1472/3458 [===========>..................] - ETA: 1:37 - loss: 1.3208 - acc: 0.4735
1504/3458 [============>.................] - ETA: 1:36 - loss: 1.3162 - acc: 0.4774
1536/3458 [============>.................] - ETA: 1:34 - loss: 1.3103 - acc: 0.4818
1568/3458 [============>.................] - ETA: 1:33 - loss: 1.3122 - acc: 0.4796
1600/3458 [============>.................] - ETA: 1:31 - loss: 1.3122 - acc: 0.4794
1632/3458 [=============>................] - ETA: 1:29 - loss: 1.3110 - acc: 0.4816
1664/3458 [=============>................] - ETA: 1:28 - loss: 1.3120 - acc: 0.4826
1696/3458 [=============>................] - ETA: 1:26 - loss: 1.3105 - acc: 0.4841
1728/3458 [=============>................] - ETA: 1:25 - loss: 1.3118 - acc: 0.4838
1760/3458 [==============>...............] - ETA: 1:23 - loss: 1.3098 - acc: 0.4852
1792/3458 [==============>...............] - ETA: 1:21 - loss: 1.3135 - acc: 0.4833
1824/3458 [==============>...............] - ETA: 1:20 - loss: 1.3141 - acc: 0.4825
1856/3458 [===============>..............] - ETA: 1:18 - loss: 1.3153 - acc: 0.4806
1888/3458 [===============>..............] - ETA: 1:17 - loss: 1.3159 - acc: 0.4815
1920/3458 [===============>..............] - ETA: 1:15 - loss: 1.3147 - acc: 0.4828
1952/3458 [===============>..............] - ETA: 1:14 - loss: 1.3125 - acc: 0.4862
1984/3458 [================>.............] - ETA: 1:12 - loss: 1.3082 - acc: 0.4884
2016/3458 [================>.............] - ETA: 1:10 - loss: 1.3086 - acc: 0.4861
2048/3458 [================>.............] - ETA: 1:09 - loss: 1.3072 - acc: 0.4873
2080/3458 [=================>............] - ETA: 1:07 - loss: 1.3066 - acc: 0.4861
2112/3458 [=================>............] - ETA: 1:06 - loss: 1.3036 - acc: 0.4872
2144/3458 [=================>............] - ETA: 1:04 - loss: 1.3058 - acc: 0.4874
2176/3458 [=================>............] - ETA: 1:03 - loss: 1.3047 - acc: 0.4871
2208/3458 [==================>...........] - ETA: 1:01 - loss: 1.3023 - acc: 0.4887
2240/3458 [==================>...........] - ETA: 59s - loss: 1.3032 - acc: 0.4879 
2272/3458 [==================>...........] - ETA: 58s - loss: 1.3049 - acc: 0.4868
2304/3458 [==================>...........] - ETA: 56s - loss: 1.3046 - acc: 0.4878
2336/3458 [===================>..........] - ETA: 55s - loss: 1.3057 - acc: 0.4854
2368/3458 [===================>..........] - ETA: 53s - loss: 1.3053 - acc: 0.4856
2400/3458 [===================>..........] - ETA: 52s - loss: 1.3053 - acc: 0.4846
2432/3458 [====================>.........] - ETA: 50s - loss: 1.3045 - acc: 0.4836
2464/3458 [====================>.........] - ETA: 48s - loss: 1.3084 - acc: 0.4838
2496/3458 [====================>.........] - ETA: 47s - loss: 1.3081 - acc: 0.4828
2528/3458 [====================>.........] - ETA: 45s - loss: 1.3071 - acc: 0.4834
2560/3458 [=====================>........] - ETA: 44s - loss: 1.3052 - acc: 0.4848
2592/3458 [=====================>........] - ETA: 42s - loss: 1.3055 - acc: 0.4846
2624/3458 [=====================>........] - ETA: 41s - loss: 1.3107 - acc: 0.4840
2656/3458 [======================>.......] - ETA: 39s - loss: 1.3109 - acc: 0.4827
2688/3458 [======================>.......] - ETA: 37s - loss: 1.3087 - acc: 0.4840
2720/3458 [======================>.......] - ETA: 36s - loss: 1.3072 - acc: 0.4857
2752/3458 [======================>.......] - ETA: 34s - loss: 1.3074 - acc: 0.4858
2784/3458 [=======================>......] - ETA: 33s - loss: 1.3100 - acc: 0.4871
2816/3458 [=======================>......] - ETA: 31s - loss: 1.3084 - acc: 0.4883
2848/3458 [=======================>......] - ETA: 29s - loss: 1.3079 - acc: 0.4888
2880/3458 [=======================>......] - ETA: 28s - loss: 1.3070 - acc: 0.4892
2912/3458 [========================>.....] - ETA: 26s - loss: 1.3081 - acc: 0.4897
2944/3458 [========================>.....] - ETA: 25s - loss: 1.3075 - acc: 0.4901
2976/3458 [========================>.....] - ETA: 23s - loss: 1.3090 - acc: 0.4892
3008/3458 [=========================>....] - ETA: 22s - loss: 1.3083 - acc: 0.4900
3040/3458 [=========================>....] - ETA: 20s - loss: 1.3077 - acc: 0.4905
3072/3458 [=========================>....] - ETA: 18s - loss: 1.3083 - acc: 0.4896
3104/3458 [=========================>....] - ETA: 17s - loss: 1.3058 - acc: 0.4900
3136/3458 [==========================>...] - ETA: 15s - loss: 1.3037 - acc: 0.4895
3168/3458 [==========================>...] - ETA: 14s - loss: 1.3020 - acc: 0.4902
3200/3458 [==========================>...] - ETA: 12s - loss: 1.3011 - acc: 0.4909
3232/3458 [===========================>..] - ETA: 11s - loss: 1.3026 - acc: 0.4904
3264/3458 [===========================>..] - ETA: 9s - loss: 1.3048 - acc: 0.4890 
3296/3458 [===========================>..] - ETA: 7s - loss: 1.3031 - acc: 0.4900
3328/3458 [===========================>..] - ETA: 6s - loss: 1.3025 - acc: 0.4898
3360/3458 [============================>.] - ETA: 4s - loss: 1.3014 - acc: 0.4896
3392/3458 [============================>.] - ETA: 3s - loss: 1.3005 - acc: 0.4894
3424/3458 [============================>.] - ETA: 1s - loss: 1.2994 - acc: 0.4904
3456/3458 [============================>.] - ETA: 0s - loss: 1.2984 - acc: 0.4910
3458/3458 [==============================] - 170s 49ms/sample - loss: 1.2988 - acc: 0.4907

 32/865 [>.............................] - ETA: 7s - loss: 1.1883 - acc: 0.6250
 64/865 [=>............................] - ETA: 7s - loss: 1.2352 - acc: 0.5781
 96/865 [==>...........................] - ETA: 6s - loss: 1.2246 - acc: 0.5521
128/865 [===>..........................] - ETA: 6s - loss: 1.2941 - acc: 0.5469
160/865 [====>.........................] - ETA: 6s - loss: 1.3263 - acc: 0.5125
192/865 [=====>........................] - ETA: 6s - loss: 1.3250 - acc: 0.4948
224/865 [======>.......................] - ETA: 5s - loss: 1.3295 - acc: 0.4866
256/865 [=======>......................] - ETA: 5s - loss: 1.3081 - acc: 0.4844
288/865 [========>.....................] - ETA: 5s - loss: 1.2816 - acc: 0.5069
320/865 [==========>...................] - ETA: 4s - loss: 1.2743 - acc: 0.5000
352/865 [===========>..................] - ETA: 4s - loss: 1.2709 - acc: 0.4972
384/865 [============>.................] - ETA: 4s - loss: 1.2627 - acc: 0.4948
416/865 [=============>................] - ETA: 4s - loss: 1.2616 - acc: 0.4928
448/865 [==============>...............] - ETA: 3s - loss: 1.2602 - acc: 0.4866
480/865 [===============>..............] - ETA: 3s - loss: 1.2537 - acc: 0.4938
512/865 [================>.............] - ETA: 3s - loss: 1.2599 - acc: 0.4824
544/865 [=================>............] - ETA: 2s - loss: 1.2565 - acc: 0.4890
576/865 [==================>...........] - ETA: 2s - loss: 1.2516 - acc: 0.4809
608/865 [====================>.........] - ETA: 2s - loss: 1.2494 - acc: 0.4836
640/865 [=====================>........] - ETA: 1s - loss: 1.2454 - acc: 0.4875
672/865 [======================>.......] - ETA: 1s - loss: 1.2528 - acc: 0.4866
704/865 [=======================>......] - ETA: 1s - loss: 1.2520 - acc: 0.4844
736/865 [========================>.....] - ETA: 1s - loss: 1.2392 - acc: 0.4946
768/865 [=========================>....] - ETA: 0s - loss: 1.2384 - acc: 0.4922
800/865 [==========================>...] - ETA: 0s - loss: 1.2378 - acc: 0.4938
832/865 [===========================>..] - ETA: 0s - loss: 1.2445 - acc: 0.4928
864/865 [============================>.] - ETA: 0s - loss: 1.2448 - acc: 0.4965
865/865 [==============================] - 8s 9ms/sample - loss: 1.2452 - acc: 0.4960

  32/3458 [..............................] - ETA: 2:48 - loss: 1.4448 - acc: 0.5938
  64/3458 [..............................] - ETA: 2:44 - loss: 1.2489 - acc: 0.5938
  96/3458 [..............................] - ETA: 2:43 - loss: 1.2793 - acc: 0.5312
 128/3458 [>.............................] - ETA: 2:42 - loss: 1.2911 - acc: 0.5000
 160/3458 [>.............................] - ETA: 2:41 - loss: 1.2417 - acc: 0.5125
 192/3458 [>.............................] - ETA: 2:39 - loss: 1.2044 - acc: 0.5208
 224/3458 [>.............................] - ETA: 2:38 - loss: 1.1907 - acc: 0.5268
 256/3458 [=>............................] - ETA: 2:36 - loss: 1.1824 - acc: 0.5352
 288/3458 [=>............................] - ETA: 2:35 - loss: 1.2028 - acc: 0.5312
 320/3458 [=>............................] - ETA: 2:33 - loss: 1.2037 - acc: 0.5312
 352/3458 [==>...........................] - ETA: 2:32 - loss: 1.2003 - acc: 0.5312
 384/3458 [==>...........................] - ETA: 2:30 - loss: 1.2066 - acc: 0.5365
 416/3458 [==>...........................] - ETA: 2:28 - loss: 1.2164 - acc: 0.5288
 448/3458 [==>...........................] - ETA: 2:27 - loss: 1.2080 - acc: 0.5335
 480/3458 [===>..........................] - ETA: 2:25 - loss: 1.2019 - acc: 0.5333
 512/3458 [===>..........................] - ETA: 2:24 - loss: 1.1999 - acc: 0.5293
 544/3458 [===>..........................] - ETA: 2:22 - loss: 1.2015 - acc: 0.5276
 576/3458 [===>..........................] - ETA: 2:21 - loss: 1.2074 - acc: 0.5243
 608/3458 [====>.........................] - ETA: 2:19 - loss: 1.1986 - acc: 0.5247
 640/3458 [====>.........................] - ETA: 2:18 - loss: 1.1990 - acc: 0.5219
 672/3458 [====>.........................] - ETA: 2:16 - loss: 1.1967 - acc: 0.5208
 704/3458 [=====>........................] - ETA: 2:15 - loss: 1.1938 - acc: 0.5199
 736/3458 [=====>........................] - ETA: 2:13 - loss: 1.1895 - acc: 0.5231
 768/3458 [=====>........................] - ETA: 2:12 - loss: 1.1771 - acc: 0.5312
 800/3458 [=====>........................] - ETA: 2:10 - loss: 1.1710 - acc: 0.5325
 832/3458 [======>.......................] - ETA: 2:09 - loss: 1.1734 - acc: 0.5349
 864/3458 [======>.......................] - ETA: 2:07 - loss: 1.1771 - acc: 0.5324
 896/3458 [======>.......................] - ETA: 2:05 - loss: 1.1642 - acc: 0.5435
 928/3458 [=======>......................] - ETA: 2:04 - loss: 1.1605 - acc: 0.5496
 960/3458 [=======>......................] - ETA: 2:02 - loss: 1.1509 - acc: 0.5531
 992/3458 [=======>......................] - ETA: 2:01 - loss: 1.1464 - acc: 0.5514
1024/3458 [=======>......................] - ETA: 1:59 - loss: 1.1431 - acc: 0.5508
1056/3458 [========>.....................] - ETA: 1:58 - loss: 1.1424 - acc: 0.5511
1088/3458 [========>.....................] - ETA: 1:56 - loss: 1.1418 - acc: 0.5570
1120/3458 [========>.....................] - ETA: 1:54 - loss: 1.1438 - acc: 0.5527
1152/3458 [========>.....................] - ETA: 1:53 - loss: 1.1361 - acc: 0.5582
1184/3458 [=========>....................] - ETA: 1:51 - loss: 1.1310 - acc: 0.5591
1216/3458 [=========>....................] - ETA: 1:50 - loss: 1.1265 - acc: 0.5617
1248/3458 [=========>....................] - ETA: 1:48 - loss: 1.1258 - acc: 0.5601
1280/3458 [==========>...................] - ETA: 1:47 - loss: 1.1198 - acc: 0.5602
1312/3458 [==========>...................] - ETA: 1:45 - loss: 1.1198 - acc: 0.5602
1344/3458 [==========>...................] - ETA: 1:43 - loss: 1.1212 - acc: 0.5603
1376/3458 [==========>...................] - ETA: 1:42 - loss: 1.1173 - acc: 0.5618
1408/3458 [===========>..................] - ETA: 1:40 - loss: 1.1232 - acc: 0.5611
1440/3458 [===========>..................] - ETA: 1:39 - loss: 1.1240 - acc: 0.5611
1472/3458 [===========>..................] - ETA: 1:37 - loss: 1.1245 - acc: 0.5598
1504/3458 [============>.................] - ETA: 1:36 - loss: 1.1222 - acc: 0.5592
1536/3458 [============>.................] - ETA: 1:34 - loss: 1.1229 - acc: 0.5599
1568/3458 [============>.................] - ETA: 1:32 - loss: 1.1238 - acc: 0.5599
1600/3458 [============>.................] - ETA: 1:31 - loss: 1.1260 - acc: 0.5569
1632/3458 [=============>................] - ETA: 1:29 - loss: 1.1253 - acc: 0.5570
1664/3458 [=============>................] - ETA: 1:28 - loss: 1.1257 - acc: 0.5559
1696/3458 [=============>................] - ETA: 1:26 - loss: 1.1238 - acc: 0.5548
1728/3458 [=============>................] - ETA: 1:25 - loss: 1.1214 - acc: 0.5561
1760/3458 [==============>...............] - ETA: 1:23 - loss: 1.1201 - acc: 0.5562
1792/3458 [==============>...............] - ETA: 1:21 - loss: 1.1233 - acc: 0.5580
1824/3458 [==============>...............] - ETA: 1:20 - loss: 1.1175 - acc: 0.5592
1856/3458 [===============>..............] - ETA: 1:18 - loss: 1.1145 - acc: 0.5609
1888/3458 [===============>..............] - ETA: 1:17 - loss: 1.1129 - acc: 0.5620
1920/3458 [===============>..............] - ETA: 1:15 - loss: 1.1123 - acc: 0.5625
1952/3458 [===============>..............] - ETA: 1:14 - loss: 1.1091 - acc: 0.5645
1984/3458 [================>.............] - ETA: 1:12 - loss: 1.1066 - acc: 0.5655
2016/3458 [================>.............] - ETA: 1:10 - loss: 1.1032 - acc: 0.5680
2048/3458 [================>.............] - ETA: 1:09 - loss: 1.1017 - acc: 0.5684
2080/3458 [=================>............] - ETA: 1:07 - loss: 1.0982 - acc: 0.5702
2112/3458 [=================>............] - ETA: 1:06 - loss: 1.0989 - acc: 0.5696
2144/3458 [=================>............] - ETA: 1:04 - loss: 1.1018 - acc: 0.5676
2176/3458 [=================>............] - ETA: 1:03 - loss: 1.0996 - acc: 0.5689
2208/3458 [==================>...........] - ETA: 1:01 - loss: 1.0986 - acc: 0.5702
2240/3458 [==================>...........] - ETA: 1:00 - loss: 1.0965 - acc: 0.5719
2272/3458 [==================>...........] - ETA: 58s - loss: 1.0963 - acc: 0.5713 
2304/3458 [==================>...........] - ETA: 56s - loss: 1.0952 - acc: 0.5720
2336/3458 [===================>..........] - ETA: 55s - loss: 1.0973 - acc: 0.5706
2368/3458 [===================>..........] - ETA: 53s - loss: 1.0953 - acc: 0.5714
2400/3458 [===================>..........] - ETA: 52s - loss: 1.0940 - acc: 0.5713
2432/3458 [====================>.........] - ETA: 50s - loss: 1.0949 - acc: 0.5715
2464/3458 [====================>.........] - ETA: 48s - loss: 1.0938 - acc: 0.5718
2496/3458 [====================>.........] - ETA: 47s - loss: 1.0918 - acc: 0.5729
2528/3458 [====================>.........] - ETA: 45s - loss: 1.0901 - acc: 0.5724
2560/3458 [=====================>........] - ETA: 44s - loss: 1.0864 - acc: 0.5742
2592/3458 [=====================>........] - ETA: 42s - loss: 1.0834 - acc: 0.5752
2624/3458 [=====================>........] - ETA: 41s - loss: 1.0849 - acc: 0.5751
2656/3458 [======================>.......] - ETA: 39s - loss: 1.0851 - acc: 0.5745
2688/3458 [======================>.......] - ETA: 37s - loss: 1.0832 - acc: 0.5751
2720/3458 [======================>.......] - ETA: 36s - loss: 1.0842 - acc: 0.5750
2752/3458 [======================>.......] - ETA: 34s - loss: 1.0851 - acc: 0.5745
2784/3458 [=======================>......] - ETA: 33s - loss: 1.0900 - acc: 0.5729
2816/3458 [=======================>......] - ETA: 31s - loss: 1.0890 - acc: 0.5739
2848/3458 [=======================>......] - ETA: 30s - loss: 1.0876 - acc: 0.5737
2880/3458 [=======================>......] - ETA: 28s - loss: 1.0873 - acc: 0.5729
2912/3458 [========================>.....] - ETA: 26s - loss: 1.0857 - acc: 0.5742
2944/3458 [========================>.....] - ETA: 25s - loss: 1.0876 - acc: 0.5744
2976/3458 [========================>.....] - ETA: 23s - loss: 1.0872 - acc: 0.5733
3008/3458 [=========================>....] - ETA: 22s - loss: 1.0860 - acc: 0.5748
3040/3458 [=========================>....] - ETA: 20s - loss: 1.0858 - acc: 0.5753
3072/3458 [=========================>....] - ETA: 19s - loss: 1.0847 - acc: 0.5755
3104/3458 [=========================>....] - ETA: 17s - loss: 1.0847 - acc: 0.5760
3136/3458 [==========================>...] - ETA: 15s - loss: 1.0829 - acc: 0.5759
3168/3458 [==========================>...] - ETA: 14s - loss: 1.0811 - acc: 0.5767
3200/3458 [==========================>...] - ETA: 12s - loss: 1.0790 - acc: 0.5775
3232/3458 [===========================>..] - ETA: 11s - loss: 1.0787 - acc: 0.5780
3264/3458 [===========================>..] - ETA: 9s - loss: 1.0793 - acc: 0.5775 
3296/3458 [===========================>..] - ETA: 7s - loss: 1.0786 - acc: 0.5768
3328/3458 [===========================>..] - ETA: 6s - loss: 1.0775 - acc: 0.5778
3360/3458 [============================>.] - ETA: 4s - loss: 1.0764 - acc: 0.5792
3392/3458 [============================>.] - ETA: 3s - loss: 1.0754 - acc: 0.5796
3424/3458 [============================>.] - ETA: 1s - loss: 1.0728 - acc: 0.5803
3456/3458 [============================>.] - ETA: 0s - loss: 1.0728 - acc: 0.5804
3458/3458 [==============================] - 171s 49ms/sample - loss: 1.0726 - acc: 0.5807

 32/865 [>.............................] - ETA: 7s - loss: 1.1027 - acc: 0.5625
 64/865 [=>............................] - ETA: 7s - loss: 1.1121 - acc: 0.5469
 96/865 [==>...........................] - ETA: 6s - loss: 1.1240 - acc: 0.5625
128/865 [===>..........................] - ETA: 6s - loss: 1.2726 - acc: 0.5312
160/865 [====>.........................] - ETA: 6s - loss: 1.2467 - acc: 0.5437
192/865 [=====>........................] - ETA: 6s - loss: 1.2031 - acc: 0.5625
224/865 [======>.......................] - ETA: 5s - loss: 1.2591 - acc: 0.5536
256/865 [=======>......................] - ETA: 5s - loss: 1.2617 - acc: 0.5586
288/865 [========>.....................] - ETA: 5s - loss: 1.2782 - acc: 0.5625
320/865 [==========>...................] - ETA: 4s - loss: 1.2638 - acc: 0.5625
352/865 [===========>..................] - ETA: 4s - loss: 1.2642 - acc: 0.5682
384/865 [============>.................] - ETA: 4s - loss: 1.2686 - acc: 0.5625
416/865 [=============>................] - ETA: 4s - loss: 1.2419 - acc: 0.5673
448/865 [==============>...............] - ETA: 3s - loss: 1.2360 - acc: 0.5580
480/865 [===============>..............] - ETA: 3s - loss: 1.2290 - acc: 0.5562
512/865 [================>.............] - ETA: 3s - loss: 1.2417 - acc: 0.5508
544/865 [=================>............] - ETA: 2s - loss: 1.2440 - acc: 0.5441
576/865 [==================>...........] - ETA: 2s - loss: 1.2298 - acc: 0.5451
608/865 [====================>.........] - ETA: 2s - loss: 1.2430 - acc: 0.5395
640/865 [=====================>........] - ETA: 2s - loss: 1.2301 - acc: 0.5437
672/865 [======================>.......] - ETA: 1s - loss: 1.2468 - acc: 0.5357
704/865 [=======================>......] - ETA: 1s - loss: 1.2544 - acc: 0.5327
736/865 [========================>.....] - ETA: 1s - loss: 1.2414 - acc: 0.5326
768/865 [=========================>....] - ETA: 0s - loss: 1.2436 - acc: 0.5312
800/865 [==========================>...] - ETA: 0s - loss: 1.2466 - acc: 0.5263
832/865 [===========================>..] - ETA: 0s - loss: 1.2755 - acc: 0.5228
864/865 [============================>.] - ETA: 0s - loss: 1.2695 - acc: 0.5220
865/865 [==============================] - 8s 9ms/sample - loss: 1.2687 - acc: 0.5225

  32/3458 [..............................] - ETA: 2:47 - loss: 0.9214 - acc: 0.6250
  64/3458 [..............................] - ETA: 2:46 - loss: 0.8842 - acc: 0.6250
  96/3458 [..............................] - ETA: 2:45 - loss: 0.9101 - acc: 0.6458
 128/3458 [>.............................] - ETA: 2:43 - loss: 0.9800 - acc: 0.6094
 160/3458 [>.............................] - ETA: 2:42 - loss: 0.9580 - acc: 0.6125
 192/3458 [>.............................] - ETA: 2:40 - loss: 0.9592 - acc: 0.6094
 224/3458 [>.............................] - ETA: 2:38 - loss: 0.9824 - acc: 0.6027
 256/3458 [=>............................] - ETA: 2:37 - loss: 0.9717 - acc: 0.6055
 288/3458 [=>............................] - ETA: 2:35 - loss: 1.0036 - acc: 0.5972
 320/3458 [=>............................] - ETA: 2:33 - loss: 1.0098 - acc: 0.5906
 352/3458 [==>...........................] - ETA: 2:32 - loss: 0.9931 - acc: 0.5881
 384/3458 [==>...........................] - ETA: 2:30 - loss: 0.9818 - acc: 0.5990
 416/3458 [==>...........................] - ETA: 2:28 - loss: 0.9582 - acc: 0.6106
 448/3458 [==>...........................] - ETA: 2:27 - loss: 0.9416 - acc: 0.6228
 480/3458 [===>..........................] - ETA: 2:25 - loss: 0.9422 - acc: 0.6229
 512/3458 [===>..........................] - ETA: 2:24 - loss: 0.9357 - acc: 0.6230
 544/3458 [===>..........................] - ETA: 2:22 - loss: 0.9315 - acc: 0.6232
 576/3458 [===>..........................] - ETA: 2:20 - loss: 0.9337 - acc: 0.6250
 608/3458 [====>.........................] - ETA: 2:19 - loss: 0.9336 - acc: 0.6250
 640/3458 [====>.........................] - ETA: 2:18 - loss: 0.9470 - acc: 0.6266
 672/3458 [====>.........................] - ETA: 2:16 - loss: 0.9366 - acc: 0.6324
 704/3458 [=====>........................] - ETA: 2:15 - loss: 0.9203 - acc: 0.6378
 736/3458 [=====>........................] - ETA: 2:13 - loss: 0.9153 - acc: 0.6413
 768/3458 [=====>........................] - ETA: 2:11 - loss: 0.9139 - acc: 0.6380
 800/3458 [=====>........................] - ETA: 2:10 - loss: 0.9065 - acc: 0.6438
 832/3458 [======>.......................] - ETA: 2:08 - loss: 0.9218 - acc: 0.6430
 864/3458 [======>.......................] - ETA: 2:07 - loss: 0.9159 - acc: 0.6458
 896/3458 [======>.......................] - ETA: 2:05 - loss: 0.9107 - acc: 0.6462
 928/3458 [=======>......................] - ETA: 2:04 - loss: 0.9079 - acc: 0.6476
 960/3458 [=======>......................] - ETA: 2:02 - loss: 0.9051 - acc: 0.6479
 992/3458 [=======>......................] - ETA: 2:01 - loss: 0.9023 - acc: 0.6522
1024/3458 [=======>......................] - ETA: 1:59 - loss: 0.9019 - acc: 0.6514
1056/3458 [========>.....................] - ETA: 1:57 - loss: 0.8993 - acc: 0.6562
1088/3458 [========>.....................] - ETA: 1:56 - loss: 0.8868 - acc: 0.6627
1120/3458 [========>.....................] - ETA: 1:54 - loss: 0.8846 - acc: 0.6643
1152/3458 [========>.....................] - ETA: 1:53 - loss: 0.8813 - acc: 0.6641
1184/3458 [=========>....................] - ETA: 1:51 - loss: 0.8912 - acc: 0.6613
1216/3458 [=========>....................] - ETA: 1:50 - loss: 0.8855 - acc: 0.6612
1248/3458 [=========>....................] - ETA: 1:48 - loss: 0.8789 - acc: 0.6643
1280/3458 [==========>...................] - ETA: 1:46 - loss: 0.8776 - acc: 0.6648
1312/3458 [==========>...................] - ETA: 1:45 - loss: 0.8810 - acc: 0.6662
1344/3458 [==========>...................] - ETA: 1:43 - loss: 0.8754 - acc: 0.6689
1376/3458 [==========>...................] - ETA: 1:42 - loss: 0.8771 - acc: 0.6693
1408/3458 [===========>..................] - ETA: 1:40 - loss: 0.8776 - acc: 0.6683
1440/3458 [===========>..................] - ETA: 1:39 - loss: 0.8749 - acc: 0.6708
1472/3458 [===========>..................] - ETA: 1:37 - loss: 0.8726 - acc: 0.6712
1504/3458 [============>.................] - ETA: 1:35 - loss: 0.8761 - acc: 0.6695
1536/3458 [============>.................] - ETA: 1:34 - loss: 0.8772 - acc: 0.6693
1568/3458 [============>.................] - ETA: 1:32 - loss: 0.8716 - acc: 0.6728
1600/3458 [============>.................] - ETA: 1:31 - loss: 0.8734 - acc: 0.6737
1632/3458 [=============>................] - ETA: 1:29 - loss: 0.8710 - acc: 0.6740
1664/3458 [=============>................] - ETA: 1:28 - loss: 0.8675 - acc: 0.6755
1696/3458 [=============>................] - ETA: 1:26 - loss: 0.8744 - acc: 0.6733
1728/3458 [=============>................] - ETA: 1:24 - loss: 0.8705 - acc: 0.6748
1760/3458 [==============>...............] - ETA: 1:23 - loss: 0.8747 - acc: 0.6739
1792/3458 [==============>...............] - ETA: 1:21 - loss: 0.8726 - acc: 0.6763
1824/3458 [==============>...............] - ETA: 1:20 - loss: 0.8715 - acc: 0.6754
1856/3458 [===============>..............] - ETA: 1:18 - loss: 0.8714 - acc: 0.6773
1888/3458 [===============>..............] - ETA: 1:17 - loss: 0.8701 - acc: 0.6785
1920/3458 [===============>..............] - ETA: 1:15 - loss: 0.8698 - acc: 0.6792
1952/3458 [===============>..............] - ETA: 1:13 - loss: 0.8661 - acc: 0.6814
1984/3458 [================>.............] - ETA: 1:12 - loss: 0.8643 - acc: 0.6820
2016/3458 [================>.............] - ETA: 1:10 - loss: 0.8666 - acc: 0.6801
2048/3458 [================>.............] - ETA: 1:09 - loss: 0.8671 - acc: 0.6797
2080/3458 [=================>............] - ETA: 1:07 - loss: 0.8707 - acc: 0.6793
2112/3458 [=================>............] - ETA: 1:06 - loss: 0.8709 - acc: 0.6790
2144/3458 [=================>............] - ETA: 1:04 - loss: 0.8712 - acc: 0.6782
2176/3458 [=================>............] - ETA: 1:02 - loss: 0.8719 - acc: 0.6778
2208/3458 [==================>...........] - ETA: 1:01 - loss: 0.8720 - acc: 0.6784
2240/3458 [==================>...........] - ETA: 59s - loss: 0.8703 - acc: 0.6781 
2272/3458 [==================>...........] - ETA: 58s - loss: 0.8709 - acc: 0.6787
2304/3458 [==================>...........] - ETA: 56s - loss: 0.8691 - acc: 0.6797
2336/3458 [===================>..........] - ETA: 55s - loss: 0.8707 - acc: 0.6794
2368/3458 [===================>..........] - ETA: 53s - loss: 0.8708 - acc: 0.6786
2400/3458 [===================>..........] - ETA: 52s - loss: 0.8683 - acc: 0.6792
2432/3458 [====================>.........] - ETA: 50s - loss: 0.8689 - acc: 0.6789
2464/3458 [====================>.........] - ETA: 48s - loss: 0.8674 - acc: 0.6778
2496/3458 [====================>.........] - ETA: 47s - loss: 0.8677 - acc: 0.6767
2528/3458 [====================>.........] - ETA: 45s - loss: 0.8653 - acc: 0.6784
2560/3458 [=====================>........] - ETA: 44s - loss: 0.8695 - acc: 0.6777
2592/3458 [=====================>........] - ETA: 42s - loss: 0.8680 - acc: 0.6790
2624/3458 [=====================>........] - ETA: 40s - loss: 0.8665 - acc: 0.6795
2656/3458 [======================>.......] - ETA: 39s - loss: 0.8635 - acc: 0.6807
2688/3458 [======================>.......] - ETA: 37s - loss: 0.8624 - acc: 0.6812
2720/3458 [======================>.......] - ETA: 36s - loss: 0.8603 - acc: 0.6820
2752/3458 [======================>.......] - ETA: 34s - loss: 0.8591 - acc: 0.6813
2784/3458 [=======================>......] - ETA: 33s - loss: 0.8594 - acc: 0.6800
2816/3458 [=======================>......] - ETA: 31s - loss: 0.8593 - acc: 0.6808
2848/3458 [=======================>......] - ETA: 29s - loss: 0.8601 - acc: 0.6787
2880/3458 [=======================>......] - ETA: 28s - loss: 0.8670 - acc: 0.6771
2912/3458 [========================>.....] - ETA: 26s - loss: 0.8649 - acc: 0.6775
2944/3458 [========================>.....] - ETA: 25s - loss: 0.8628 - acc: 0.6783
2976/3458 [========================>.....] - ETA: 23s - loss: 0.8649 - acc: 0.6757
3008/3458 [=========================>....] - ETA: 22s - loss: 0.8617 - acc: 0.6775
3040/3458 [=========================>....] - ETA: 20s - loss: 0.8623 - acc: 0.6770
3072/3458 [=========================>....] - ETA: 18s - loss: 0.8635 - acc: 0.6761
3104/3458 [=========================>....] - ETA: 17s - loss: 0.8617 - acc: 0.6769
3136/3458 [==========================>...] - ETA: 15s - loss: 0.8615 - acc: 0.6767
3168/3458 [==========================>...] - ETA: 14s - loss: 0.8625 - acc: 0.6755
3200/3458 [==========================>...] - ETA: 12s - loss: 0.8612 - acc: 0.6756
3232/3458 [===========================>..] - ETA: 11s - loss: 0.8603 - acc: 0.6757
3264/3458 [===========================>..] - ETA: 9s - loss: 0.8613 - acc: 0.6756 
3296/3458 [===========================>..] - ETA: 7s - loss: 0.8623 - acc: 0.6751
3328/3458 [===========================>..] - ETA: 6s - loss: 0.8594 - acc: 0.6764
3360/3458 [============================>.] - ETA: 4s - loss: 0.8592 - acc: 0.6756
3392/3458 [============================>.] - ETA: 3s - loss: 0.8583 - acc: 0.6757
3424/3458 [============================>.] - ETA: 1s - loss: 0.8569 - acc: 0.6761
3456/3458 [============================>.] - ETA: 0s - loss: 0.8552 - acc: 0.6765
3458/3458 [==============================] - 170s 49ms/sample - loss: 0.8551 - acc: 0.6767

 32/865 [>.............................] - ETA: 7s - loss: 0.8553 - acc: 0.6562
 64/865 [=>............................] - ETA: 7s - loss: 0.9595 - acc: 0.6406
 96/865 [==>...........................] - ETA: 6s - loss: 0.9397 - acc: 0.6667
128/865 [===>..........................] - ETA: 6s - loss: 1.0740 - acc: 0.6484
160/865 [====>.........................] - ETA: 6s - loss: 1.1195 - acc: 0.6313
192/865 [=====>........................] - ETA: 6s - loss: 1.1418 - acc: 0.5938
224/865 [======>.......................] - ETA: 5s - loss: 1.1597 - acc: 0.5848
256/865 [=======>......................] - ETA: 5s - loss: 1.1095 - acc: 0.6055
288/865 [========>.....................] - ETA: 5s - loss: 1.1166 - acc: 0.6146
320/865 [==========>...................] - ETA: 4s - loss: 1.0846 - acc: 0.6250
352/865 [===========>..................] - ETA: 4s - loss: 1.1189 - acc: 0.6108
384/865 [============>.................] - ETA: 4s - loss: 1.1093 - acc: 0.6146
416/865 [=============>................] - ETA: 4s - loss: 1.0960 - acc: 0.6154
448/865 [==============>...............] - ETA: 3s - loss: 1.0795 - acc: 0.6161
480/865 [===============>..............] - ETA: 3s - loss: 1.0680 - acc: 0.6146
512/865 [================>.............] - ETA: 3s - loss: 1.0709 - acc: 0.6152
544/865 [=================>............] - ETA: 2s - loss: 1.0652 - acc: 0.6140
576/865 [==================>...........] - ETA: 2s - loss: 1.0578 - acc: 0.6094
608/865 [====================>.........] - ETA: 2s - loss: 1.0628 - acc: 0.6086
640/865 [=====================>........] - ETA: 2s - loss: 1.0510 - acc: 0.6125
672/865 [======================>.......] - ETA: 1s - loss: 1.0691 - acc: 0.6116
704/865 [=======================>......] - ETA: 1s - loss: 1.0709 - acc: 0.6136
736/865 [========================>.....] - ETA: 1s - loss: 1.0496 - acc: 0.6209
768/865 [=========================>....] - ETA: 0s - loss: 1.0493 - acc: 0.6185
800/865 [==========================>...] - ETA: 0s - loss: 1.0568 - acc: 0.6162
832/865 [===========================>..] - ETA: 0s - loss: 1.0671 - acc: 0.6166
864/865 [============================>.] - ETA: 0s - loss: 1.0671 - acc: 0.6192
865/865 [==============================] - 8s 9ms/sample - loss: 1.0675 - acc: 0.6185

  32/3458 [..............................] - ETA: 2:46 - loss: 0.9113 - acc: 0.6562
  64/3458 [..............................] - ETA: 2:47 - loss: 0.7385 - acc: 0.7188
  96/3458 [..............................] - ETA: 2:45 - loss: 0.7700 - acc: 0.7188
 128/3458 [>.............................] - ETA: 2:43 - loss: 0.7706 - acc: 0.7188
 160/3458 [>.............................] - ETA: 2:43 - loss: 0.7950 - acc: 0.7125
 192/3458 [>.............................] - ETA: 2:41 - loss: 0.7563 - acc: 0.7292
 224/3458 [>.............................] - ETA: 2:39 - loss: 0.7369 - acc: 0.7277
 256/3458 [=>............................] - ETA: 2:38 - loss: 0.7076 - acc: 0.7383
 288/3458 [=>............................] - ETA: 2:36 - loss: 0.7528 - acc: 0.7222
 320/3458 [=>............................] - ETA: 2:34 - loss: 0.7385 - acc: 0.7312
 352/3458 [==>...........................] - ETA: 2:32 - loss: 0.7244 - acc: 0.7301
 384/3458 [==>...........................] - ETA: 2:30 - loss: 0.7285 - acc: 0.7292
 416/3458 [==>...........................] - ETA: 2:29 - loss: 0.7322 - acc: 0.7236
 448/3458 [==>...........................] - ETA: 2:27 - loss: 0.7413 - acc: 0.7165
 480/3458 [===>..........................] - ETA: 2:26 - loss: 0.7513 - acc: 0.7208
 512/3458 [===>..........................] - ETA: 2:24 - loss: 0.7443 - acc: 0.7246
 544/3458 [===>..........................] - ETA: 2:23 - loss: 0.7331 - acc: 0.7298
 576/3458 [===>..........................] - ETA: 2:21 - loss: 0.7529 - acc: 0.7274
 608/3458 [====>.........................] - ETA: 2:19 - loss: 0.7613 - acc: 0.7220
 640/3458 [====>.........................] - ETA: 2:18 - loss: 0.7662 - acc: 0.7156
 672/3458 [====>.........................] - ETA: 2:16 - loss: 0.7544 - acc: 0.7217
 704/3458 [=====>........................] - ETA: 2:15 - loss: 0.7456 - acc: 0.7230
 736/3458 [=====>........................] - ETA: 2:13 - loss: 0.7586 - acc: 0.7174
 768/3458 [=====>........................] - ETA: 2:12 - loss: 0.7520 - acc: 0.7201
 800/3458 [=====>........................] - ETA: 2:10 - loss: 0.7542 - acc: 0.7200
 832/3458 [======>.......................] - ETA: 2:08 - loss: 0.7481 - acc: 0.7212
 864/3458 [======>.......................] - ETA: 2:07 - loss: 0.7452 - acc: 0.7269
 896/3458 [======>.......................] - ETA: 2:05 - loss: 0.7430 - acc: 0.7299
 928/3458 [=======>......................] - ETA: 2:04 - loss: 0.7382 - acc: 0.7295
 960/3458 [=======>......................] - ETA: 2:02 - loss: 0.7293 - acc: 0.7354
 992/3458 [=======>......................] - ETA: 2:01 - loss: 0.7231 - acc: 0.7379
1024/3458 [=======>......................] - ETA: 1:59 - loss: 0.7255 - acc: 0.7383
1056/3458 [========>.....................] - ETA: 1:58 - loss: 0.7268 - acc: 0.7358
1088/3458 [========>.....................] - ETA: 1:56 - loss: 0.7209 - acc: 0.7399
1120/3458 [========>.....................] - ETA: 1:54 - loss: 0.7153 - acc: 0.7420
1152/3458 [========>.....................] - ETA: 1:53 - loss: 0.7096 - acc: 0.7465
1184/3458 [=========>....................] - ETA: 1:51 - loss: 0.7092 - acc: 0.7432
1216/3458 [=========>....................] - ETA: 1:50 - loss: 0.7124 - acc: 0.7410
1248/3458 [=========>....................] - ETA: 1:48 - loss: 0.7031 - acc: 0.7436
1280/3458 [==========>...................] - ETA: 1:47 - loss: 0.6995 - acc: 0.7437
1312/3458 [==========>...................] - ETA: 1:45 - loss: 0.6934 - acc: 0.7454
1344/3458 [==========>...................] - ETA: 1:43 - loss: 0.6943 - acc: 0.7440
1376/3458 [==========>...................] - ETA: 1:42 - loss: 0.6942 - acc: 0.7435
1408/3458 [===========>..................] - ETA: 1:40 - loss: 0.6973 - acc: 0.7429
1440/3458 [===========>..................] - ETA: 1:39 - loss: 0.6974 - acc: 0.7437
1472/3458 [===========>..................] - ETA: 1:37 - loss: 0.6972 - acc: 0.7446
1504/3458 [============>.................] - ETA: 1:36 - loss: 0.6939 - acc: 0.7460
1536/3458 [============>.................] - ETA: 1:34 - loss: 0.6882 - acc: 0.7461
1568/3458 [============>.................] - ETA: 1:32 - loss: 0.6868 - acc: 0.7468
1600/3458 [============>.................] - ETA: 1:31 - loss: 0.6860 - acc: 0.7456
1632/3458 [=============>................] - ETA: 1:29 - loss: 0.6835 - acc: 0.7463
1664/3458 [=============>................] - ETA: 1:28 - loss: 0.6803 - acc: 0.7476
1696/3458 [=============>................] - ETA: 1:26 - loss: 0.6798 - acc: 0.7482
1728/3458 [=============>................] - ETA: 1:25 - loss: 0.6781 - acc: 0.7500
1760/3458 [==============>...............] - ETA: 1:23 - loss: 0.6757 - acc: 0.7517
1792/3458 [==============>...............] - ETA: 1:21 - loss: 0.6748 - acc: 0.7506
1824/3458 [==============>...............] - ETA: 1:20 - loss: 0.6763 - acc: 0.7516
1856/3458 [===============>..............] - ETA: 1:18 - loss: 0.6710 - acc: 0.7543
1888/3458 [===============>..............] - ETA: 1:17 - loss: 0.6720 - acc: 0.7532
1920/3458 [===============>..............] - ETA: 1:15 - loss: 0.6720 - acc: 0.7526
1952/3458 [===============>..............] - ETA: 1:14 - loss: 0.6711 - acc: 0.7551
1984/3458 [================>.............] - ETA: 1:12 - loss: 0.6717 - acc: 0.7545
2016/3458 [================>.............] - ETA: 1:10 - loss: 0.6695 - acc: 0.7550
2048/3458 [================>.............] - ETA: 1:09 - loss: 0.6660 - acc: 0.7578
2080/3458 [=================>............] - ETA: 1:07 - loss: 0.6622 - acc: 0.7601
2112/3458 [=================>............] - ETA: 1:06 - loss: 0.6608 - acc: 0.7595
2144/3458 [=================>............] - ETA: 1:04 - loss: 0.6613 - acc: 0.7593
2176/3458 [=================>............] - ETA: 1:03 - loss: 0.6597 - acc: 0.7601
2208/3458 [==================>...........] - ETA: 1:01 - loss: 0.6592 - acc: 0.7613
2240/3458 [==================>...........] - ETA: 59s - loss: 0.6627 - acc: 0.7594 
2272/3458 [==================>...........] - ETA: 58s - loss: 0.6647 - acc: 0.7592
2304/3458 [==================>...........] - ETA: 56s - loss: 0.6622 - acc: 0.7600
2336/3458 [===================>..........] - ETA: 55s - loss: 0.6606 - acc: 0.7603
2368/3458 [===================>..........] - ETA: 53s - loss: 0.6647 - acc: 0.7589
2400/3458 [===================>..........] - ETA: 51s - loss: 0.6627 - acc: 0.7596
2432/3458 [====================>.........] - ETA: 50s - loss: 0.6603 - acc: 0.7611
2464/3458 [====================>.........] - ETA: 48s - loss: 0.6621 - acc: 0.7606
2496/3458 [====================>.........] - ETA: 47s - loss: 0.6625 - acc: 0.7600
2528/3458 [====================>.........] - ETA: 45s - loss: 0.6625 - acc: 0.7603
2560/3458 [=====================>........] - ETA: 44s - loss: 0.6600 - acc: 0.7613
2592/3458 [=====================>........] - ETA: 42s - loss: 0.6629 - acc: 0.7600
2624/3458 [=====================>........] - ETA: 40s - loss: 0.6612 - acc: 0.7611
2656/3458 [======================>.......] - ETA: 39s - loss: 0.6586 - acc: 0.7617
2688/3458 [======================>.......] - ETA: 37s - loss: 0.6577 - acc: 0.7615
2720/3458 [======================>.......] - ETA: 36s - loss: 0.6587 - acc: 0.7618
2752/3458 [======================>.......] - ETA: 34s - loss: 0.6592 - acc: 0.7609
2784/3458 [=======================>......] - ETA: 33s - loss: 0.6598 - acc: 0.7608
2816/3458 [=======================>......] - ETA: 31s - loss: 0.6617 - acc: 0.7603
2848/3458 [=======================>......] - ETA: 29s - loss: 0.6613 - acc: 0.7605
2880/3458 [=======================>......] - ETA: 28s - loss: 0.6615 - acc: 0.7601
2912/3458 [========================>.....] - ETA: 26s - loss: 0.6649 - acc: 0.7600
2944/3458 [========================>.....] - ETA: 25s - loss: 0.6650 - acc: 0.7599
2976/3458 [========================>.....] - ETA: 23s - loss: 0.6634 - acc: 0.7614
3008/3458 [=========================>....] - ETA: 22s - loss: 0.6672 - acc: 0.7590
3040/3458 [=========================>....] - ETA: 20s - loss: 0.6697 - acc: 0.7569
3072/3458 [=========================>....] - ETA: 18s - loss: 0.6703 - acc: 0.7568
3104/3458 [=========================>....] - ETA: 17s - loss: 0.6685 - acc: 0.7574
3136/3458 [==========================>...] - ETA: 15s - loss: 0.6705 - acc: 0.7554
3168/3458 [==========================>...] - ETA: 14s - loss: 0.6731 - acc: 0.7544
3200/3458 [==========================>...] - ETA: 12s - loss: 0.6714 - acc: 0.7541
3232/3458 [===========================>..] - ETA: 11s - loss: 0.6739 - acc: 0.7534
3264/3458 [===========================>..] - ETA: 9s - loss: 0.6762 - acc: 0.7525 
3296/3458 [===========================>..] - ETA: 7s - loss: 0.6792 - acc: 0.7521
3328/3458 [===========================>..] - ETA: 6s - loss: 0.6777 - acc: 0.7527
3360/3458 [============================>.] - ETA: 4s - loss: 0.6769 - acc: 0.7530
3392/3458 [============================>.] - ETA: 3s - loss: 0.6776 - acc: 0.7529
3424/3458 [============================>.] - ETA: 1s - loss: 0.6772 - acc: 0.7535
3456/3458 [============================>.] - ETA: 0s - loss: 0.6772 - acc: 0.7538
3458/3458 [==============================] - 171s 49ms/sample - loss: 0.6782 - acc: 0.7533

 32/865 [>.............................] - ETA: 8s - loss: 1.0838 - acc: 0.5938
 64/865 [=>............................] - ETA: 7s - loss: 1.1937 - acc: 0.6094
 96/865 [==>...........................] - ETA: 7s - loss: 1.1847 - acc: 0.6250
128/865 [===>..........................] - ETA: 6s - loss: 1.3146 - acc: 0.5859
160/865 [====>.........................] - ETA: 6s - loss: 1.3055 - acc: 0.5938
192/865 [=====>........................] - ETA: 5s - loss: 1.3923 - acc: 0.5729
224/865 [======>.......................] - ETA: 5s - loss: 1.3759 - acc: 0.5580
256/865 [=======>......................] - ETA: 5s - loss: 1.3194 - acc: 0.5742
288/865 [========>.....................] - ETA: 5s - loss: 1.3296 - acc: 0.5903
320/865 [==========>...................] - ETA: 4s - loss: 1.3320 - acc: 0.5844
352/865 [===========>..................] - ETA: 4s - loss: 1.3617 - acc: 0.5682
384/865 [============>.................] - ETA: 4s - loss: 1.3349 - acc: 0.5703
416/865 [=============>................] - ETA: 3s - loss: 1.3190 - acc: 0.5721
448/865 [==============>...............] - ETA: 3s - loss: 1.3050 - acc: 0.5781
480/865 [===============>..............] - ETA: 3s - loss: 1.2757 - acc: 0.5813
512/865 [================>.............] - ETA: 3s - loss: 1.2670 - acc: 0.5820
544/865 [=================>............] - ETA: 2s - loss: 1.2704 - acc: 0.5809
576/865 [==================>...........] - ETA: 2s - loss: 1.2840 - acc: 0.5694
608/865 [====================>.........] - ETA: 2s - loss: 1.2777 - acc: 0.5691
640/865 [=====================>........] - ETA: 2s - loss: 1.2698 - acc: 0.5734
672/865 [======================>.......] - ETA: 1s - loss: 1.2873 - acc: 0.5744
704/865 [=======================>......] - ETA: 1s - loss: 1.2937 - acc: 0.5739
736/865 [========================>.....] - ETA: 1s - loss: 1.2744 - acc: 0.5815
768/865 [=========================>....] - ETA: 0s - loss: 1.2726 - acc: 0.5755
800/865 [==========================>...] - ETA: 0s - loss: 1.2807 - acc: 0.5750
832/865 [===========================>..] - ETA: 0s - loss: 1.2862 - acc: 0.5685
864/865 [============================>.] - ETA: 0s - loss: 1.2842 - acc: 0.5718
865/865 [==============================] - 8s 9ms/sample - loss: 1.2849 - acc: 0.5711
