For Dropout_1=0.6 Dropout_2=0.6
daisy loaded
dandelion loaded
rose loaded
sunflower loaded
tulip loaded

  32/3458 [..............................] - ETA: 3:12 - loss: 1.6742 - acc: 0.1250
  64/3458 [..............................] - ETA: 2:57 - loss: 21.2359 - acc: 0.2344
  96/3458 [..............................] - ETA: 2:53 - loss: 16.1030 - acc: 0.2500
 128/3458 [>.............................] - ETA: 2:49 - loss: 13.0988 - acc: 0.2422
 160/3458 [>.............................] - ETA: 2:46 - loss: 10.8337 - acc: 0.2438
 192/3458 [>.............................] - ETA: 2:44 - loss: 9.2794 - acc: 0.2396 
 224/3458 [>.............................] - ETA: 2:41 - loss: 8.1873 - acc: 0.2500
 256/3458 [=>............................] - ETA: 2:40 - loss: 7.3678 - acc: 0.2422
 288/3458 [=>............................] - ETA: 2:38 - loss: 6.7236 - acc: 0.2396
 320/3458 [=>............................] - ETA: 2:36 - loss: 6.2036 - acc: 0.2531
 352/3458 [==>...........................] - ETA: 2:35 - loss: 5.7812 - acc: 0.2472
 384/3458 [==>...........................] - ETA: 2:33 - loss: 5.4304 - acc: 0.2396
 416/3458 [==>...........................] - ETA: 2:31 - loss: 5.1281 - acc: 0.2428
 448/3458 [==>...........................] - ETA: 2:29 - loss: 4.8650 - acc: 0.2455
 480/3458 [===>..........................] - ETA: 2:27 - loss: 4.6382 - acc: 0.2438
 512/3458 [===>..........................] - ETA: 2:26 - loss: 4.4465 - acc: 0.2402
 544/3458 [===>..........................] - ETA: 2:24 - loss: 4.2710 - acc: 0.2426
 576/3458 [===>..........................] - ETA: 2:22 - loss: 4.1112 - acc: 0.2465
 608/3458 [====>.........................] - ETA: 2:21 - loss: 3.9866 - acc: 0.2500
 640/3458 [====>.........................] - ETA: 2:19 - loss: 3.8605 - acc: 0.2641
 672/3458 [====>.........................] - ETA: 2:17 - loss: 3.7501 - acc: 0.2753
 704/3458 [=====>........................] - ETA: 2:16 - loss: 3.6454 - acc: 0.2727
 736/3458 [=====>........................] - ETA: 2:14 - loss: 3.5505 - acc: 0.2799
 768/3458 [=====>........................] - ETA: 2:13 - loss: 3.4605 - acc: 0.2839
 800/3458 [=====>........................] - ETA: 2:11 - loss: 3.3831 - acc: 0.2875
 832/3458 [======>.......................] - ETA: 2:09 - loss: 3.3024 - acc: 0.2873
 864/3458 [======>.......................] - ETA: 2:08 - loss: 3.2428 - acc: 0.2882
 896/3458 [======>.......................] - ETA: 2:06 - loss: 3.1792 - acc: 0.2891
 928/3458 [=======>......................] - ETA: 2:05 - loss: 3.1214 - acc: 0.2942
 960/3458 [=======>......................] - ETA: 2:03 - loss: 3.0643 - acc: 0.3000
 992/3458 [=======>......................] - ETA: 2:02 - loss: 3.0130 - acc: 0.2994
1024/3458 [=======>......................] - ETA: 2:00 - loss: 2.9638 - acc: 0.3037
1056/3458 [========>.....................] - ETA: 1:58 - loss: 2.9173 - acc: 0.3021
1088/3458 [========>.....................] - ETA: 1:57 - loss: 2.8729 - acc: 0.3051
1120/3458 [========>.....................] - ETA: 1:55 - loss: 2.8317 - acc: 0.3027
1152/3458 [========>.....................] - ETA: 1:54 - loss: 2.7934 - acc: 0.3073
1184/3458 [=========>....................] - ETA: 1:52 - loss: 2.7593 - acc: 0.3100
1216/3458 [=========>....................] - ETA: 1:50 - loss: 2.7206 - acc: 0.3150
1248/3458 [=========>....................] - ETA: 1:49 - loss: 2.6935 - acc: 0.3133
1280/3458 [==========>...................] - ETA: 1:47 - loss: 2.6609 - acc: 0.3141
1312/3458 [==========>...................] - ETA: 1:46 - loss: 2.6299 - acc: 0.3171
1344/3458 [==========>...................] - ETA: 1:44 - loss: 2.5947 - acc: 0.3244
1376/3458 [==========>...................] - ETA: 1:42 - loss: 2.5661 - acc: 0.3270
1408/3458 [===========>..................] - ETA: 1:41 - loss: 2.5439 - acc: 0.3324
1440/3458 [===========>..................] - ETA: 1:39 - loss: 2.5210 - acc: 0.3333
1472/3458 [===========>..................] - ETA: 1:38 - loss: 2.4952 - acc: 0.3349
1504/3458 [============>.................] - ETA: 1:36 - loss: 2.4674 - acc: 0.3411
1536/3458 [============>.................] - ETA: 1:34 - loss: 2.4459 - acc: 0.3438
1568/3458 [============>.................] - ETA: 1:33 - loss: 2.4238 - acc: 0.3457
1600/3458 [============>.................] - ETA: 1:31 - loss: 2.4020 - acc: 0.3462
1632/3458 [=============>................] - ETA: 1:30 - loss: 2.3797 - acc: 0.3505
1664/3458 [=============>................] - ETA: 1:28 - loss: 2.3581 - acc: 0.3534
1696/3458 [=============>................] - ETA: 1:27 - loss: 2.3371 - acc: 0.3561
1728/3458 [=============>................] - ETA: 1:25 - loss: 2.3175 - acc: 0.3559
1760/3458 [==============>...............] - ETA: 1:23 - loss: 2.2983 - acc: 0.3562
1792/3458 [==============>...............] - ETA: 1:22 - loss: 2.2787 - acc: 0.3588
1824/3458 [==============>...............] - ETA: 1:20 - loss: 2.2630 - acc: 0.3602
1856/3458 [===============>..............] - ETA: 1:19 - loss: 2.2543 - acc: 0.3626
1888/3458 [===============>..............] - ETA: 1:17 - loss: 2.2370 - acc: 0.3671
1920/3458 [===============>..............] - ETA: 1:15 - loss: 2.2194 - acc: 0.3693
1952/3458 [===============>..............] - ETA: 1:14 - loss: 2.2034 - acc: 0.3709
1984/3458 [================>.............] - ETA: 1:12 - loss: 2.1853 - acc: 0.3730
2016/3458 [================>.............] - ETA: 1:11 - loss: 2.1684 - acc: 0.3740
2048/3458 [================>.............] - ETA: 1:09 - loss: 2.1555 - acc: 0.3765
2080/3458 [=================>............] - ETA: 1:08 - loss: 2.1426 - acc: 0.3764
2112/3458 [=================>............] - ETA: 1:06 - loss: 2.1292 - acc: 0.3769
2144/3458 [=================>............] - ETA: 1:04 - loss: 2.1154 - acc: 0.3797
2176/3458 [=================>............] - ETA: 1:03 - loss: 2.1048 - acc: 0.3787
2208/3458 [==================>...........] - ETA: 1:01 - loss: 2.0951 - acc: 0.3768
2240/3458 [==================>...........] - ETA: 1:00 - loss: 2.0839 - acc: 0.3795
2272/3458 [==================>...........] - ETA: 58s - loss: 2.0727 - acc: 0.3816 
2304/3458 [==================>...........] - ETA: 56s - loss: 2.0626 - acc: 0.3811
2336/3458 [===================>..........] - ETA: 55s - loss: 2.0509 - acc: 0.3857
2368/3458 [===================>..........] - ETA: 53s - loss: 2.0412 - acc: 0.3868
2400/3458 [===================>..........] - ETA: 52s - loss: 2.0323 - acc: 0.3896
2432/3458 [====================>.........] - ETA: 50s - loss: 2.0193 - acc: 0.3935
2464/3458 [====================>.........] - ETA: 49s - loss: 2.0169 - acc: 0.3957
2496/3458 [====================>.........] - ETA: 47s - loss: 2.0081 - acc: 0.3958
2528/3458 [====================>.........] - ETA: 45s - loss: 1.9971 - acc: 0.3975
2560/3458 [=====================>........] - ETA: 44s - loss: 1.9873 - acc: 0.3973
2592/3458 [=====================>........] - ETA: 42s - loss: 1.9820 - acc: 0.3974
2624/3458 [=====================>........] - ETA: 41s - loss: 1.9718 - acc: 0.3979
2656/3458 [======================>.......] - ETA: 39s - loss: 1.9643 - acc: 0.3983
2688/3458 [======================>.......] - ETA: 37s - loss: 1.9562 - acc: 0.3996
2720/3458 [======================>.......] - ETA: 36s - loss: 1.9484 - acc: 0.3996
2752/3458 [======================>.......] - ETA: 34s - loss: 1.9379 - acc: 0.4019
2784/3458 [=======================>......] - ETA: 33s - loss: 1.9257 - acc: 0.4059
2816/3458 [=======================>......] - ETA: 31s - loss: 1.9186 - acc: 0.4045
2848/3458 [=======================>......] - ETA: 30s - loss: 1.9166 - acc: 0.4034
2880/3458 [=======================>......] - ETA: 28s - loss: 1.9092 - acc: 0.4045
2912/3458 [========================>.....] - ETA: 26s - loss: 1.9061 - acc: 0.4056
2944/3458 [========================>.....] - ETA: 25s - loss: 1.8990 - acc: 0.4042
2976/3458 [========================>.....] - ETA: 23s - loss: 1.8897 - acc: 0.4056
3008/3458 [=========================>....] - ETA: 22s - loss: 1.8854 - acc: 0.4059
3040/3458 [=========================>....] - ETA: 20s - loss: 1.8808 - acc: 0.4056
3072/3458 [=========================>....] - ETA: 19s - loss: 1.8748 - acc: 0.4076
3104/3458 [=========================>....] - ETA: 17s - loss: 1.8673 - acc: 0.4085
3136/3458 [==========================>...] - ETA: 15s - loss: 1.8628 - acc: 0.4082
3168/3458 [==========================>...] - ETA: 14s - loss: 1.8585 - acc: 0.4075
3200/3458 [==========================>...] - ETA: 12s - loss: 1.8523 - acc: 0.4091
3232/3458 [===========================>..] - ETA: 11s - loss: 1.8454 - acc: 0.4103
3264/3458 [===========================>..] - ETA: 9s - loss: 1.8404 - acc: 0.4108 
3296/3458 [===========================>..] - ETA: 7s - loss: 1.8356 - acc: 0.4111
3328/3458 [===========================>..] - ETA: 6s - loss: 1.8285 - acc: 0.4120
3360/3458 [============================>.] - ETA: 4s - loss: 1.8226 - acc: 0.4131
3392/3458 [============================>.] - ETA: 3s - loss: 1.8186 - acc: 0.4133
3424/3458 [============================>.] - ETA: 1s - loss: 1.8143 - acc: 0.4136
3456/3458 [============================>.] - ETA: 0s - loss: 1.8137 - acc: 0.4138
3458/3458 [==============================] - 171s 49ms/sample - loss: 1.8131 - acc: 0.4141

 32/865 [>.............................] - ETA: 8s - loss: 1.3738 - acc: 0.4375
 64/865 [=>............................] - ETA: 7s - loss: 1.3926 - acc: 0.4219
 96/865 [==>...........................] - ETA: 7s - loss: 1.2713 - acc: 0.4375
128/865 [===>..........................] - ETA: 6s - loss: 1.2426 - acc: 0.4688
160/865 [====>.........................] - ETA: 6s - loss: 1.2796 - acc: 0.4500
192/865 [=====>........................] - ETA: 6s - loss: 1.2795 - acc: 0.4740
224/865 [======>.......................] - ETA: 5s - loss: 1.2528 - acc: 0.4777
256/865 [=======>......................] - ETA: 5s - loss: 1.2601 - acc: 0.4883
288/865 [========>.....................] - ETA: 5s - loss: 1.2614 - acc: 0.4826
320/865 [==========>...................] - ETA: 4s - loss: 1.2943 - acc: 0.4750
352/865 [===========>..................] - ETA: 4s - loss: 1.2632 - acc: 0.4773
384/865 [============>.................] - ETA: 4s - loss: 1.2485 - acc: 0.4896
416/865 [=============>................] - ETA: 4s - loss: 1.2436 - acc: 0.4952
448/865 [==============>...............] - ETA: 3s - loss: 1.2457 - acc: 0.4955
480/865 [===============>..............] - ETA: 3s - loss: 1.2802 - acc: 0.4854
512/865 [================>.............] - ETA: 3s - loss: 1.2867 - acc: 0.4766
544/865 [=================>............] - ETA: 2s - loss: 1.2741 - acc: 0.4706
576/865 [==================>...........] - ETA: 2s - loss: 1.2680 - acc: 0.4670
608/865 [====================>.........] - ETA: 2s - loss: 1.2848 - acc: 0.4622
640/865 [=====================>........] - ETA: 2s - loss: 1.2899 - acc: 0.4547
672/865 [======================>.......] - ETA: 1s - loss: 1.2860 - acc: 0.4554
704/865 [=======================>......] - ETA: 1s - loss: 1.2837 - acc: 0.4531
736/865 [========================>.....] - ETA: 1s - loss: 1.3006 - acc: 0.4484
768/865 [=========================>....] - ETA: 0s - loss: 1.3034 - acc: 0.4453
800/865 [==========================>...] - ETA: 0s - loss: 1.2950 - acc: 0.4450
832/865 [===========================>..] - ETA: 0s - loss: 1.2934 - acc: 0.4411
864/865 [============================>.] - ETA: 0s - loss: 1.2914 - acc: 0.4456
865/865 [==============================] - 8s 9ms/sample - loss: 1.2913 - acc: 0.4451

  32/3458 [..............................] - ETA: 2:44 - loss: 1.3067 - acc: 0.4688
  64/3458 [..............................] - ETA: 2:44 - loss: 1.1684 - acc: 0.5156
  96/3458 [..............................] - ETA: 2:44 - loss: 1.1794 - acc: 0.5104
 128/3458 [>.............................] - ETA: 2:43 - loss: 1.2468 - acc: 0.5000
 160/3458 [>.............................] - ETA: 2:41 - loss: 1.2299 - acc: 0.5125
 192/3458 [>.............................] - ETA: 2:40 - loss: 1.1895 - acc: 0.5365
 224/3458 [>.............................] - ETA: 2:38 - loss: 1.1653 - acc: 0.5402
 256/3458 [=>............................] - ETA: 2:36 - loss: 1.1631 - acc: 0.5273
 288/3458 [=>............................] - ETA: 2:35 - loss: 1.1687 - acc: 0.5243
 320/3458 [=>............................] - ETA: 2:33 - loss: 1.1767 - acc: 0.5219
 352/3458 [==>...........................] - ETA: 2:32 - loss: 1.1702 - acc: 0.5227
 384/3458 [==>...........................] - ETA: 2:30 - loss: 1.1927 - acc: 0.5156
 416/3458 [==>...........................] - ETA: 2:29 - loss: 1.1860 - acc: 0.5240
 448/3458 [==>...........................] - ETA: 2:27 - loss: 1.1784 - acc: 0.5201
 480/3458 [===>..........................] - ETA: 2:26 - loss: 1.1687 - acc: 0.5250
 512/3458 [===>..........................] - ETA: 2:24 - loss: 1.1808 - acc: 0.5156
 544/3458 [===>..........................] - ETA: 2:23 - loss: 1.1929 - acc: 0.5165
 576/3458 [===>..........................] - ETA: 2:21 - loss: 1.1847 - acc: 0.5191
 608/3458 [====>.........................] - ETA: 2:19 - loss: 1.1856 - acc: 0.5230
 640/3458 [====>.........................] - ETA: 2:18 - loss: 1.1898 - acc: 0.5203
 672/3458 [====>.........................] - ETA: 2:16 - loss: 1.1958 - acc: 0.5164
 704/3458 [=====>........................] - ETA: 2:15 - loss: 1.1979 - acc: 0.5185
 736/3458 [=====>........................] - ETA: 2:13 - loss: 1.1983 - acc: 0.5149
 768/3458 [=====>........................] - ETA: 2:11 - loss: 1.2074 - acc: 0.5052
 800/3458 [=====>........................] - ETA: 2:10 - loss: 1.2061 - acc: 0.5063
 832/3458 [======>.......................] - ETA: 2:08 - loss: 1.2045 - acc: 0.5084
 864/3458 [======>.......................] - ETA: 2:07 - loss: 1.1970 - acc: 0.5208
 896/3458 [======>.......................] - ETA: 2:05 - loss: 1.1957 - acc: 0.5246
 928/3458 [=======>......................] - ETA: 2:04 - loss: 1.1996 - acc: 0.5237
 960/3458 [=======>......................] - ETA: 2:02 - loss: 1.1970 - acc: 0.5219
 992/3458 [=======>......................] - ETA: 2:01 - loss: 1.1856 - acc: 0.5262
1024/3458 [=======>......................] - ETA: 1:59 - loss: 1.1900 - acc: 0.5283
1056/3458 [========>.....................] - ETA: 1:57 - loss: 1.1997 - acc: 0.5275
1088/3458 [========>.....................] - ETA: 1:56 - loss: 1.2263 - acc: 0.5285
1120/3458 [========>.....................] - ETA: 1:54 - loss: 1.2235 - acc: 0.5304
1152/3458 [========>.....................] - ETA: 1:53 - loss: 1.2292 - acc: 0.5295
1184/3458 [=========>....................] - ETA: 1:51 - loss: 1.2284 - acc: 0.5321
1216/3458 [=========>....................] - ETA: 1:50 - loss: 1.2330 - acc: 0.5296
1248/3458 [=========>....................] - ETA: 1:48 - loss: 1.2354 - acc: 0.5264
1280/3458 [==========>...................] - ETA: 1:47 - loss: 1.2368 - acc: 0.5250
1312/3458 [==========>...................] - ETA: 1:45 - loss: 1.2393 - acc: 0.5229
1344/3458 [==========>...................] - ETA: 1:43 - loss: 1.2381 - acc: 0.5246
1376/3458 [==========>...................] - ETA: 1:42 - loss: 1.2390 - acc: 0.5262
1408/3458 [===========>..................] - ETA: 1:40 - loss: 1.2382 - acc: 0.5241
1440/3458 [===========>..................] - ETA: 1:39 - loss: 1.2420 - acc: 0.5229
1472/3458 [===========>..................] - ETA: 1:37 - loss: 1.2422 - acc: 0.5245
1504/3458 [============>.................] - ETA: 1:36 - loss: 1.2418 - acc: 0.5226
1536/3458 [============>.................] - ETA: 1:34 - loss: 1.2445 - acc: 0.5208
1568/3458 [============>.................] - ETA: 1:32 - loss: 1.2527 - acc: 0.5191
1600/3458 [============>.................] - ETA: 1:31 - loss: 1.2473 - acc: 0.5219
1632/3458 [=============>................] - ETA: 1:29 - loss: 1.2431 - acc: 0.5221
1664/3458 [=============>................] - ETA: 1:28 - loss: 1.2453 - acc: 0.5210
1696/3458 [=============>................] - ETA: 1:26 - loss: 1.2374 - acc: 0.5248
1728/3458 [=============>................] - ETA: 1:25 - loss: 1.2352 - acc: 0.5243
1760/3458 [==============>...............] - ETA: 1:23 - loss: 1.2310 - acc: 0.5256
1792/3458 [==============>...............] - ETA: 1:21 - loss: 1.2293 - acc: 0.5251
1824/3458 [==============>...............] - ETA: 1:20 - loss: 1.2244 - acc: 0.5258
1856/3458 [===============>..............] - ETA: 1:18 - loss: 1.2222 - acc: 0.5253
1888/3458 [===============>..............] - ETA: 1:17 - loss: 1.2216 - acc: 0.5244
1920/3458 [===============>..............] - ETA: 1:15 - loss: 1.2158 - acc: 0.5276
1952/3458 [===============>..............] - ETA: 1:14 - loss: 1.2131 - acc: 0.5287
1984/3458 [================>.............] - ETA: 1:12 - loss: 1.2170 - acc: 0.5272
2016/3458 [================>.............] - ETA: 1:10 - loss: 1.2172 - acc: 0.5273
2048/3458 [================>.............] - ETA: 1:09 - loss: 1.2150 - acc: 0.5278
2080/3458 [=================>............] - ETA: 1:07 - loss: 1.2114 - acc: 0.5288
2112/3458 [=================>............] - ETA: 1:06 - loss: 1.2114 - acc: 0.5275
2144/3458 [=================>............] - ETA: 1:04 - loss: 1.2101 - acc: 0.5275
2176/3458 [=================>............] - ETA: 1:03 - loss: 1.2121 - acc: 0.5280
2208/3458 [==================>...........] - ETA: 1:01 - loss: 1.2111 - acc: 0.5281
2240/3458 [==================>...........] - ETA: 59s - loss: 1.2129 - acc: 0.5259 
2272/3458 [==================>...........] - ETA: 58s - loss: 1.2137 - acc: 0.5255
2304/3458 [==================>...........] - ETA: 56s - loss: 1.2122 - acc: 0.5265
2336/3458 [===================>..........] - ETA: 55s - loss: 1.2141 - acc: 0.5265
2368/3458 [===================>..........] - ETA: 53s - loss: 1.2147 - acc: 0.5262
2400/3458 [===================>..........] - ETA: 52s - loss: 1.2141 - acc: 0.5288
2432/3458 [====================>.........] - ETA: 50s - loss: 1.2109 - acc: 0.5317
2464/3458 [====================>.........] - ETA: 48s - loss: 1.2104 - acc: 0.5329
2496/3458 [====================>.........] - ETA: 47s - loss: 1.2099 - acc: 0.5317
2528/3458 [====================>.........] - ETA: 45s - loss: 1.2107 - acc: 0.5316
2560/3458 [=====================>........] - ETA: 44s - loss: 1.2096 - acc: 0.5309
2592/3458 [=====================>........] - ETA: 42s - loss: 1.2099 - acc: 0.5305
2624/3458 [=====================>........] - ETA: 41s - loss: 1.2097 - acc: 0.5316
2656/3458 [======================>.......] - ETA: 39s - loss: 1.2082 - acc: 0.5316
2688/3458 [======================>.......] - ETA: 37s - loss: 1.2052 - acc: 0.5335
2720/3458 [======================>.......] - ETA: 36s - loss: 1.2024 - acc: 0.5357
2752/3458 [======================>.......] - ETA: 34s - loss: 1.1990 - acc: 0.5374
2784/3458 [=======================>......] - ETA: 33s - loss: 1.1963 - acc: 0.5392
2816/3458 [=======================>......] - ETA: 31s - loss: 1.1968 - acc: 0.5394
2848/3458 [=======================>......] - ETA: 30s - loss: 1.2015 - acc: 0.5365
2880/3458 [=======================>......] - ETA: 28s - loss: 1.1977 - acc: 0.5389
2912/3458 [========================>.....] - ETA: 26s - loss: 1.1953 - acc: 0.5405
2944/3458 [========================>.....] - ETA: 25s - loss: 1.1925 - acc: 0.5418
2976/3458 [========================>.....] - ETA: 23s - loss: 1.1911 - acc: 0.5407
3008/3458 [=========================>....] - ETA: 22s - loss: 1.1920 - acc: 0.5396
3040/3458 [=========================>....] - ETA: 20s - loss: 1.1908 - acc: 0.5385
3072/3458 [=========================>....] - ETA: 18s - loss: 1.1875 - acc: 0.5404
3104/3458 [=========================>....] - ETA: 17s - loss: 1.1874 - acc: 0.5403
3136/3458 [==========================>...] - ETA: 15s - loss: 1.1893 - acc: 0.5421
3168/3458 [==========================>...] - ETA: 14s - loss: 1.1880 - acc: 0.5426
3200/3458 [==========================>...] - ETA: 12s - loss: 1.1850 - acc: 0.5441
3232/3458 [===========================>..] - ETA: 11s - loss: 1.1852 - acc: 0.5430
3264/3458 [===========================>..] - ETA: 9s - loss: 1.1864 - acc: 0.5423 
3296/3458 [===========================>..] - ETA: 7s - loss: 1.1877 - acc: 0.5413
3328/3458 [===========================>..] - ETA: 6s - loss: 1.1856 - acc: 0.5424
3360/3458 [============================>.] - ETA: 4s - loss: 1.1863 - acc: 0.5429
3392/3458 [============================>.] - ETA: 3s - loss: 1.1866 - acc: 0.5427
3424/3458 [============================>.] - ETA: 1s - loss: 1.1855 - acc: 0.5423
3456/3458 [============================>.] - ETA: 0s - loss: 1.1852 - acc: 0.5422
3458/3458 [==============================] - 171s 49ms/sample - loss: 1.1856 - acc: 0.5422

 32/865 [>.............................] - ETA: 7s - loss: 1.1013 - acc: 0.4688
 64/865 [=>............................] - ETA: 7s - loss: 1.0849 - acc: 0.5469
 96/865 [==>...........................] - ETA: 7s - loss: 1.1031 - acc: 0.5312
128/865 [===>..........................] - ETA: 6s - loss: 1.1223 - acc: 0.5469
160/865 [====>.........................] - ETA: 6s - loss: 1.1339 - acc: 0.5125
192/865 [=====>........................] - ETA: 6s - loss: 1.1503 - acc: 0.5260
224/865 [======>.......................] - ETA: 5s - loss: 1.1306 - acc: 0.5491
256/865 [=======>......................] - ETA: 5s - loss: 1.1152 - acc: 0.5625
288/865 [========>.....................] - ETA: 5s - loss: 1.1060 - acc: 0.5729
320/865 [==========>...................] - ETA: 4s - loss: 1.1017 - acc: 0.5813
352/865 [===========>..................] - ETA: 4s - loss: 1.0923 - acc: 0.5909
384/865 [============>.................] - ETA: 4s - loss: 1.0948 - acc: 0.5885
416/865 [=============>................] - ETA: 4s - loss: 1.0908 - acc: 0.5889
448/865 [==============>...............] - ETA: 3s - loss: 1.0925 - acc: 0.5781
480/865 [===============>..............] - ETA: 3s - loss: 1.1234 - acc: 0.5688
512/865 [================>.............] - ETA: 3s - loss: 1.1257 - acc: 0.5645
544/865 [=================>............] - ETA: 2s - loss: 1.1233 - acc: 0.5699
576/865 [==================>...........] - ETA: 2s - loss: 1.1209 - acc: 0.5712
608/865 [====================>.........] - ETA: 2s - loss: 1.1238 - acc: 0.5674
640/865 [=====================>........] - ETA: 2s - loss: 1.1209 - acc: 0.5688
672/865 [======================>.......] - ETA: 1s - loss: 1.1219 - acc: 0.5610
704/865 [=======================>......] - ETA: 1s - loss: 1.1222 - acc: 0.5611
736/865 [========================>.....] - ETA: 1s - loss: 1.1306 - acc: 0.5571
768/865 [=========================>....] - ETA: 0s - loss: 1.1385 - acc: 0.5469
800/865 [==========================>...] - ETA: 0s - loss: 1.1315 - acc: 0.5500
832/865 [===========================>..] - ETA: 0s - loss: 1.1328 - acc: 0.5457
864/865 [============================>.] - ETA: 0s - loss: 1.1322 - acc: 0.5440
865/865 [==============================] - 8s 9ms/sample - loss: 1.1322 - acc: 0.5434

  32/3458 [..............................] - ETA: 2:45 - loss: 1.0389 - acc: 0.7188
  64/3458 [..............................] - ETA: 2:46 - loss: 1.0335 - acc: 0.6562
  96/3458 [..............................] - ETA: 2:44 - loss: 1.0025 - acc: 0.6250
 128/3458 [>.............................] - ETA: 2:43 - loss: 1.0078 - acc: 0.6094
 160/3458 [>.............................] - ETA: 2:41 - loss: 1.0407 - acc: 0.6125
 192/3458 [>.............................] - ETA: 2:39 - loss: 1.0549 - acc: 0.5938
 224/3458 [>.............................] - ETA: 2:38 - loss: 1.0411 - acc: 0.6339
 256/3458 [=>............................] - ETA: 2:36 - loss: 1.0577 - acc: 0.6250
 288/3458 [=>............................] - ETA: 2:35 - loss: 1.0624 - acc: 0.6319
 320/3458 [=>............................] - ETA: 2:33 - loss: 1.0417 - acc: 0.6344
 352/3458 [==>...........................] - ETA: 2:32 - loss: 1.0374 - acc: 0.6335
 384/3458 [==>...........................] - ETA: 2:30 - loss: 1.0242 - acc: 0.6406
 416/3458 [==>...........................] - ETA: 2:29 - loss: 1.0206 - acc: 0.6394
 448/3458 [==>...........................] - ETA: 2:27 - loss: 1.0136 - acc: 0.6406
 480/3458 [===>..........................] - ETA: 2:26 - loss: 0.9990 - acc: 0.6500
 512/3458 [===>..........................] - ETA: 2:24 - loss: 0.9964 - acc: 0.6504
 544/3458 [===>..........................] - ETA: 2:23 - loss: 0.9862 - acc: 0.6526
 576/3458 [===>..........................] - ETA: 2:21 - loss: 0.9833 - acc: 0.6528
 608/3458 [====>.........................] - ETA: 2:20 - loss: 0.9747 - acc: 0.6497
 640/3458 [====>.........................] - ETA: 2:18 - loss: 0.9859 - acc: 0.6469
 672/3458 [====>.........................] - ETA: 2:16 - loss: 0.9953 - acc: 0.6429
 704/3458 [=====>........................] - ETA: 2:15 - loss: 0.9954 - acc: 0.6378
 736/3458 [=====>........................] - ETA: 2:13 - loss: 0.9838 - acc: 0.6372
 768/3458 [=====>........................] - ETA: 2:12 - loss: 0.9801 - acc: 0.6406
 800/3458 [=====>........................] - ETA: 2:10 - loss: 0.9805 - acc: 0.6363
 832/3458 [======>.......................] - ETA: 2:09 - loss: 0.9797 - acc: 0.6358
 864/3458 [======>.......................] - ETA: 2:07 - loss: 0.9847 - acc: 0.6343
 896/3458 [======>.......................] - ETA: 2:05 - loss: 0.9807 - acc: 0.6373
 928/3458 [=======>......................] - ETA: 2:04 - loss: 0.9869 - acc: 0.6358
 960/3458 [=======>......................] - ETA: 2:02 - loss: 0.9964 - acc: 0.6344
 992/3458 [=======>......................] - ETA: 2:01 - loss: 0.9940 - acc: 0.6310
1024/3458 [=======>......................] - ETA: 1:59 - loss: 0.9941 - acc: 0.6338
1056/3458 [========>.....................] - ETA: 1:58 - loss: 0.9942 - acc: 0.6335
1088/3458 [========>.....................] - ETA: 1:56 - loss: 0.9983 - acc: 0.6333
1120/3458 [========>.....................] - ETA: 1:54 - loss: 0.9992 - acc: 0.6304
1152/3458 [========>.....................] - ETA: 1:53 - loss: 0.9945 - acc: 0.6319
1184/3458 [=========>....................] - ETA: 1:51 - loss: 0.9944 - acc: 0.6292
1216/3458 [=========>....................] - ETA: 1:50 - loss: 0.9903 - acc: 0.6308
1248/3458 [=========>....................] - ETA: 1:48 - loss: 0.9893 - acc: 0.6306
1280/3458 [==========>...................] - ETA: 1:47 - loss: 0.9899 - acc: 0.6297
1312/3458 [==========>...................] - ETA: 1:45 - loss: 0.9880 - acc: 0.6303
1344/3458 [==========>...................] - ETA: 1:44 - loss: 0.9836 - acc: 0.6317
1376/3458 [==========>...................] - ETA: 1:42 - loss: 0.9833 - acc: 0.6323
1408/3458 [===========>..................] - ETA: 1:40 - loss: 0.9812 - acc: 0.6357
1440/3458 [===========>..................] - ETA: 1:39 - loss: 0.9763 - acc: 0.6340
1472/3458 [===========>..................] - ETA: 1:37 - loss: 0.9686 - acc: 0.6365
1504/3458 [============>.................] - ETA: 1:36 - loss: 0.9664 - acc: 0.6363
1536/3458 [============>.................] - ETA: 1:34 - loss: 0.9612 - acc: 0.6367
1568/3458 [============>.................] - ETA: 1:32 - loss: 0.9626 - acc: 0.6358
1600/3458 [============>.................] - ETA: 1:31 - loss: 0.9627 - acc: 0.6363
1632/3458 [=============>................] - ETA: 1:29 - loss: 0.9609 - acc: 0.6354
1664/3458 [=============>................] - ETA: 1:28 - loss: 0.9590 - acc: 0.6346
1696/3458 [=============>................] - ETA: 1:26 - loss: 0.9590 - acc: 0.6327
1728/3458 [=============>................] - ETA: 1:25 - loss: 0.9575 - acc: 0.6343
1760/3458 [==============>...............] - ETA: 1:23 - loss: 0.9588 - acc: 0.6335
1792/3458 [==============>...............] - ETA: 1:22 - loss: 0.9608 - acc: 0.6328
1824/3458 [==============>...............] - ETA: 1:20 - loss: 0.9616 - acc: 0.6321
1856/3458 [===============>..............] - ETA: 1:18 - loss: 0.9626 - acc: 0.6315
1888/3458 [===============>..............] - ETA: 1:17 - loss: 0.9621 - acc: 0.6319
1920/3458 [===============>..............] - ETA: 1:15 - loss: 0.9613 - acc: 0.6333
1952/3458 [===============>..............] - ETA: 1:14 - loss: 0.9631 - acc: 0.6347
1984/3458 [================>.............] - ETA: 1:12 - loss: 0.9650 - acc: 0.6341
2016/3458 [================>.............] - ETA: 1:10 - loss: 0.9643 - acc: 0.6334
2048/3458 [================>.............] - ETA: 1:09 - loss: 0.9637 - acc: 0.6328
2080/3458 [=================>............] - ETA: 1:07 - loss: 0.9620 - acc: 0.6341
2112/3458 [=================>............] - ETA: 1:06 - loss: 0.9645 - acc: 0.6330
2144/3458 [=================>............] - ETA: 1:04 - loss: 0.9665 - acc: 0.6320
2176/3458 [=================>............] - ETA: 1:03 - loss: 0.9686 - acc: 0.6310
2208/3458 [==================>...........] - ETA: 1:01 - loss: 0.9692 - acc: 0.6291
2240/3458 [==================>...........] - ETA: 59s - loss: 0.9702 - acc: 0.6277 
2272/3458 [==================>...........] - ETA: 58s - loss: 0.9685 - acc: 0.6276
2304/3458 [==================>...........] - ETA: 56s - loss: 0.9672 - acc: 0.6289
2336/3458 [===================>..........] - ETA: 55s - loss: 0.9668 - acc: 0.6301
2368/3458 [===================>..........] - ETA: 53s - loss: 0.9660 - acc: 0.6301
2400/3458 [===================>..........] - ETA: 52s - loss: 0.9678 - acc: 0.6300
2432/3458 [====================>.........] - ETA: 50s - loss: 0.9689 - acc: 0.6308
2464/3458 [====================>.........] - ETA: 48s - loss: 0.9685 - acc: 0.6303
2496/3458 [====================>.........] - ETA: 47s - loss: 0.9648 - acc: 0.6322
2528/3458 [====================>.........] - ETA: 45s - loss: 0.9621 - acc: 0.6329
2560/3458 [=====================>........] - ETA: 44s - loss: 0.9652 - acc: 0.6313
2592/3458 [=====================>........] - ETA: 42s - loss: 0.9696 - acc: 0.6292
2624/3458 [=====================>........] - ETA: 41s - loss: 0.9711 - acc: 0.6284
2656/3458 [======================>.......] - ETA: 39s - loss: 0.9685 - acc: 0.6284
2688/3458 [======================>.......] - ETA: 37s - loss: 0.9674 - acc: 0.6287
2720/3458 [======================>.......] - ETA: 36s - loss: 0.9684 - acc: 0.6272
2752/3458 [======================>.......] - ETA: 34s - loss: 0.9694 - acc: 0.6257
2784/3458 [=======================>......] - ETA: 33s - loss: 0.9685 - acc: 0.6261
2816/3458 [=======================>......] - ETA: 31s - loss: 0.9672 - acc: 0.6275
2848/3458 [=======================>......] - ETA: 29s - loss: 0.9667 - acc: 0.6275
2880/3458 [=======================>......] - ETA: 28s - loss: 0.9652 - acc: 0.6278
2912/3458 [========================>.....] - ETA: 26s - loss: 0.9643 - acc: 0.6277
2944/3458 [========================>.....] - ETA: 25s - loss: 0.9637 - acc: 0.6284
2976/3458 [========================>.....] - ETA: 23s - loss: 0.9664 - acc: 0.6297
3008/3458 [=========================>....] - ETA: 22s - loss: 0.9655 - acc: 0.6293
3040/3458 [=========================>....] - ETA: 20s - loss: 0.9650 - acc: 0.6293
3072/3458 [=========================>....] - ETA: 18s - loss: 0.9667 - acc: 0.6299
3104/3458 [=========================>....] - ETA: 17s - loss: 0.9673 - acc: 0.6289
3136/3458 [==========================>...] - ETA: 15s - loss: 0.9684 - acc: 0.6282
3168/3458 [==========================>...] - ETA: 14s - loss: 0.9699 - acc: 0.6266
3200/3458 [==========================>...] - ETA: 12s - loss: 0.9714 - acc: 0.6263
3232/3458 [===========================>..] - ETA: 11s - loss: 0.9697 - acc: 0.6272
3264/3458 [===========================>..] - ETA: 9s - loss: 0.9696 - acc: 0.6278 
3296/3458 [===========================>..] - ETA: 7s - loss: 0.9685 - acc: 0.6277
3328/3458 [===========================>..] - ETA: 6s - loss: 0.9664 - acc: 0.6286
3360/3458 [============================>.] - ETA: 4s - loss: 0.9666 - acc: 0.6289
3392/3458 [============================>.] - ETA: 3s - loss: 0.9668 - acc: 0.6282
3424/3458 [============================>.] - ETA: 1s - loss: 0.9663 - acc: 0.6282
3456/3458 [============================>.] - ETA: 0s - loss: 0.9646 - acc: 0.6296
3458/3458 [==============================] - 171s 49ms/sample - loss: 0.9644 - acc: 0.6296

 32/865 [>.............................] - ETA: 7s - loss: 1.5189 - acc: 0.5000
 64/865 [=>............................] - ETA: 7s - loss: 1.4093 - acc: 0.5000
 96/865 [==>...........................] - ETA: 6s - loss: 1.3768 - acc: 0.4896
128/865 [===>..........................] - ETA: 6s - loss: 1.3634 - acc: 0.5000
160/865 [====>.........................] - ETA: 6s - loss: 1.3604 - acc: 0.5000
192/865 [=====>........................] - ETA: 5s - loss: 1.3649 - acc: 0.5208
224/865 [======>.......................] - ETA: 5s - loss: 1.3061 - acc: 0.5312
256/865 [=======>......................] - ETA: 5s - loss: 1.2916 - acc: 0.5547
288/865 [========>.....................] - ETA: 5s - loss: 1.2931 - acc: 0.5694
320/865 [==========>...................] - ETA: 4s - loss: 1.2868 - acc: 0.5688
352/865 [===========>..................] - ETA: 4s - loss: 1.2721 - acc: 0.5597
384/865 [============>.................] - ETA: 4s - loss: 1.2708 - acc: 0.5625
416/865 [=============>................] - ETA: 3s - loss: 1.2465 - acc: 0.5649
448/865 [==============>...............] - ETA: 3s - loss: 1.2249 - acc: 0.5670
480/865 [===============>..............] - ETA: 3s - loss: 1.2742 - acc: 0.5646
512/865 [================>.............] - ETA: 3s - loss: 1.2722 - acc: 0.5586
544/865 [=================>............] - ETA: 2s - loss: 1.2432 - acc: 0.5699
576/865 [==================>...........] - ETA: 2s - loss: 1.2395 - acc: 0.5694
608/865 [====================>.........] - ETA: 2s - loss: 1.2556 - acc: 0.5625
640/865 [=====================>........] - ETA: 1s - loss: 1.2527 - acc: 0.5609
672/865 [======================>.......] - ETA: 1s - loss: 1.2461 - acc: 0.5580
704/865 [=======================>......] - ETA: 1s - loss: 1.2369 - acc: 0.5540
736/865 [========================>.....] - ETA: 1s - loss: 1.2557 - acc: 0.5530
768/865 [=========================>....] - ETA: 0s - loss: 1.2580 - acc: 0.5508
800/865 [==========================>...] - ETA: 0s - loss: 1.2484 - acc: 0.5525
832/865 [===========================>..] - ETA: 0s - loss: 1.2590 - acc: 0.5505
864/865 [============================>.] - ETA: 0s - loss: 1.2623 - acc: 0.5521
865/865 [==============================] - 8s 9ms/sample - loss: 1.2618 - acc: 0.5514

  32/3458 [..............................] - ETA: 2:46 - loss: 1.0739 - acc: 0.5625
  64/3458 [..............................] - ETA: 2:44 - loss: 0.8868 - acc: 0.6719
  96/3458 [..............................] - ETA: 2:43 - loss: 0.8194 - acc: 0.6562
 128/3458 [>.............................] - ETA: 2:42 - loss: 0.7645 - acc: 0.6953
 160/3458 [>.............................] - ETA: 2:41 - loss: 0.8002 - acc: 0.6687
 192/3458 [>.............................] - ETA: 2:40 - loss: 0.8897 - acc: 0.6719
 224/3458 [>.............................] - ETA: 2:38 - loss: 0.8984 - acc: 0.6652
 256/3458 [=>............................] - ETA: 2:36 - loss: 0.9101 - acc: 0.6523
 288/3458 [=>............................] - ETA: 2:35 - loss: 0.8732 - acc: 0.6667
 320/3458 [=>............................] - ETA: 2:33 - loss: 0.8579 - acc: 0.6719
 352/3458 [==>...........................] - ETA: 2:31 - loss: 0.8722 - acc: 0.6733
 384/3458 [==>...........................] - ETA: 2:30 - loss: 0.8821 - acc: 0.6797
 416/3458 [==>...........................] - ETA: 2:28 - loss: 0.8716 - acc: 0.6851
 448/3458 [==>...........................] - ETA: 2:27 - loss: 0.8624 - acc: 0.6897
 480/3458 [===>..........................] - ETA: 2:25 - loss: 0.8491 - acc: 0.6958
 512/3458 [===>..........................] - ETA: 2:24 - loss: 0.8446 - acc: 0.6992
 544/3458 [===>..........................] - ETA: 2:22 - loss: 0.8398 - acc: 0.7040
 576/3458 [===>..........................] - ETA: 2:21 - loss: 0.8298 - acc: 0.7083
 608/3458 [====>.........................] - ETA: 2:19 - loss: 0.8240 - acc: 0.7056
 640/3458 [====>.........................] - ETA: 2:17 - loss: 0.8226 - acc: 0.7031
 672/3458 [====>.........................] - ETA: 2:16 - loss: 0.8169 - acc: 0.7039
 704/3458 [=====>........................] - ETA: 2:14 - loss: 0.8068 - acc: 0.7074
 736/3458 [=====>........................] - ETA: 2:13 - loss: 0.8048 - acc: 0.7092
 768/3458 [=====>........................] - ETA: 2:11 - loss: 0.8065 - acc: 0.7096
 800/3458 [=====>........................] - ETA: 2:10 - loss: 0.7909 - acc: 0.7150
 832/3458 [======>.......................] - ETA: 2:08 - loss: 0.7970 - acc: 0.7103
 864/3458 [======>.......................] - ETA: 2:07 - loss: 0.7964 - acc: 0.7130
 896/3458 [======>.......................] - ETA: 2:05 - loss: 0.7929 - acc: 0.7154
 928/3458 [=======>......................] - ETA: 2:04 - loss: 0.7915 - acc: 0.7134
 960/3458 [=======>......................] - ETA: 2:02 - loss: 0.7919 - acc: 0.7125
 992/3458 [=======>......................] - ETA: 2:00 - loss: 0.7866 - acc: 0.7157
1024/3458 [=======>......................] - ETA: 1:59 - loss: 0.7868 - acc: 0.7158
1056/3458 [========>.....................] - ETA: 1:57 - loss: 0.7860 - acc: 0.7150
1088/3458 [========>.....................] - ETA: 1:56 - loss: 0.7850 - acc: 0.7142
1120/3458 [========>.....................] - ETA: 1:54 - loss: 0.7849 - acc: 0.7134
1152/3458 [========>.....................] - ETA: 1:53 - loss: 0.7791 - acc: 0.7161
1184/3458 [=========>....................] - ETA: 1:51 - loss: 0.7803 - acc: 0.7145
1216/3458 [=========>....................] - ETA: 1:50 - loss: 0.7870 - acc: 0.7113
1248/3458 [=========>....................] - ETA: 1:48 - loss: 0.7793 - acc: 0.7139
1280/3458 [==========>...................] - ETA: 1:46 - loss: 0.7777 - acc: 0.7125
1312/3458 [==========>...................] - ETA: 1:45 - loss: 0.7781 - acc: 0.7134
1344/3458 [==========>...................] - ETA: 1:43 - loss: 0.7780 - acc: 0.7150
1376/3458 [==========>...................] - ETA: 1:42 - loss: 0.7798 - acc: 0.7158
1408/3458 [===========>..................] - ETA: 1:40 - loss: 0.7764 - acc: 0.7159
1440/3458 [===========>..................] - ETA: 1:39 - loss: 0.7760 - acc: 0.7160
1472/3458 [===========>..................] - ETA: 1:37 - loss: 0.7694 - acc: 0.7188
1504/3458 [============>.................] - ETA: 1:36 - loss: 0.7665 - acc: 0.7201
1536/3458 [============>.................] - ETA: 1:34 - loss: 0.7662 - acc: 0.7201
1568/3458 [============>.................] - ETA: 1:32 - loss: 0.7648 - acc: 0.7207
1600/3458 [============>.................] - ETA: 1:31 - loss: 0.7614 - acc: 0.7212
1632/3458 [=============>................] - ETA: 1:29 - loss: 0.7621 - acc: 0.7206
1664/3458 [=============>................] - ETA: 1:28 - loss: 0.7623 - acc: 0.7200
1696/3458 [=============>................] - ETA: 1:26 - loss: 0.7633 - acc: 0.7176
1728/3458 [=============>................] - ETA: 1:25 - loss: 0.7588 - acc: 0.7211
1760/3458 [==============>...............] - ETA: 1:23 - loss: 0.7551 - acc: 0.7227
1792/3458 [==============>...............] - ETA: 1:21 - loss: 0.7576 - acc: 0.7199
1824/3458 [==============>...............] - ETA: 1:20 - loss: 0.7552 - acc: 0.7209
1856/3458 [===============>..............] - ETA: 1:18 - loss: 0.7543 - acc: 0.7214
1888/3458 [===============>..............] - ETA: 1:17 - loss: 0.7545 - acc: 0.7198
1920/3458 [===============>..............] - ETA: 1:15 - loss: 0.7519 - acc: 0.7198
1952/3458 [===============>..............] - ETA: 1:14 - loss: 0.7500 - acc: 0.7203
1984/3458 [================>.............] - ETA: 1:12 - loss: 0.7512 - acc: 0.7203
2016/3458 [================>.............] - ETA: 1:10 - loss: 0.7502 - acc: 0.7207
2048/3458 [================>.............] - ETA: 1:09 - loss: 0.7524 - acc: 0.7192
2080/3458 [=================>............] - ETA: 1:07 - loss: 0.7516 - acc: 0.7188
2112/3458 [=================>............] - ETA: 1:06 - loss: 0.7575 - acc: 0.7183
2144/3458 [=================>............] - ETA: 1:04 - loss: 0.7602 - acc: 0.7174
2176/3458 [=================>............] - ETA: 1:03 - loss: 0.7614 - acc: 0.7165
2208/3458 [==================>...........] - ETA: 1:01 - loss: 0.7607 - acc: 0.7169
2240/3458 [==================>...........] - ETA: 59s - loss: 0.7579 - acc: 0.7179 
2272/3458 [==================>...........] - ETA: 58s - loss: 0.7576 - acc: 0.7170
2304/3458 [==================>...........] - ETA: 56s - loss: 0.7566 - acc: 0.7174
2336/3458 [===================>..........] - ETA: 55s - loss: 0.7557 - acc: 0.7183
2368/3458 [===================>..........] - ETA: 53s - loss: 0.7535 - acc: 0.7192
2400/3458 [===================>..........] - ETA: 52s - loss: 0.7532 - acc: 0.7196
2432/3458 [====================>.........] - ETA: 50s - loss: 0.7533 - acc: 0.7200
2464/3458 [====================>.........] - ETA: 48s - loss: 0.7545 - acc: 0.7196
2496/3458 [====================>.........] - ETA: 47s - loss: 0.7573 - acc: 0.7175
2528/3458 [====================>.........] - ETA: 45s - loss: 0.7571 - acc: 0.7180
2560/3458 [=====================>........] - ETA: 44s - loss: 0.7557 - acc: 0.7191
2592/3458 [=====================>........] - ETA: 42s - loss: 0.7549 - acc: 0.7195
2624/3458 [=====================>........] - ETA: 41s - loss: 0.7573 - acc: 0.7191
2656/3458 [======================>.......] - ETA: 39s - loss: 0.7539 - acc: 0.7206
2688/3458 [======================>.......] - ETA: 37s - loss: 0.7559 - acc: 0.7206
2720/3458 [======================>.......] - ETA: 36s - loss: 0.7618 - acc: 0.7195
2752/3458 [======================>.......] - ETA: 34s - loss: 0.7611 - acc: 0.7198
2784/3458 [=======================>......] - ETA: 33s - loss: 0.7619 - acc: 0.7202
2816/3458 [=======================>......] - ETA: 31s - loss: 0.7652 - acc: 0.7188
2848/3458 [=======================>......] - ETA: 30s - loss: 0.7633 - acc: 0.7198
2880/3458 [=======================>......] - ETA: 28s - loss: 0.7623 - acc: 0.7198
2912/3458 [========================>.....] - ETA: 26s - loss: 0.7637 - acc: 0.7191
2944/3458 [========================>.....] - ETA: 25s - loss: 0.7634 - acc: 0.7191
2976/3458 [========================>.....] - ETA: 23s - loss: 0.7616 - acc: 0.7198
3008/3458 [=========================>....] - ETA: 22s - loss: 0.7601 - acc: 0.7197
3040/3458 [=========================>....] - ETA: 20s - loss: 0.7621 - acc: 0.7188
3072/3458 [=========================>....] - ETA: 18s - loss: 0.7640 - acc: 0.7178
3104/3458 [=========================>....] - ETA: 17s - loss: 0.7623 - acc: 0.7175
3136/3458 [==========================>...] - ETA: 15s - loss: 0.7663 - acc: 0.7162
3168/3458 [==========================>...] - ETA: 14s - loss: 0.7638 - acc: 0.7172
3200/3458 [==========================>...] - ETA: 12s - loss: 0.7639 - acc: 0.7175
3232/3458 [===========================>..] - ETA: 11s - loss: 0.7656 - acc: 0.7160
3264/3458 [===========================>..] - ETA: 9s - loss: 0.7640 - acc: 0.7169 
3296/3458 [===========================>..] - ETA: 7s - loss: 0.7658 - acc: 0.7154
3328/3458 [===========================>..] - ETA: 6s - loss: 0.7693 - acc: 0.7154
3360/3458 [============================>.] - ETA: 4s - loss: 0.7689 - acc: 0.7155
3392/3458 [============================>.] - ETA: 3s - loss: 0.7679 - acc: 0.7158
3424/3458 [============================>.] - ETA: 1s - loss: 0.7680 - acc: 0.7150
3456/3458 [============================>.] - ETA: 0s - loss: 0.7700 - acc: 0.7127
3458/3458 [==============================] - 171s 49ms/sample - loss: 0.7701 - acc: 0.7126

 32/865 [>.............................] - ETA: 7s - loss: 1.0670 - acc: 0.5312
 64/865 [=>............................] - ETA: 6s - loss: 1.0207 - acc: 0.5625
 96/865 [==>...........................] - ETA: 6s - loss: 1.0793 - acc: 0.5417
128/865 [===>..........................] - ETA: 6s - loss: 1.0751 - acc: 0.5469
160/865 [====>.........................] - ETA: 6s - loss: 1.0847 - acc: 0.5250
192/865 [=====>........................] - ETA: 5s - loss: 1.1277 - acc: 0.5260
224/865 [======>.......................] - ETA: 5s - loss: 1.1013 - acc: 0.5446
256/865 [=======>......................] - ETA: 5s - loss: 1.0702 - acc: 0.5703
288/865 [========>.....................] - ETA: 5s - loss: 1.0598 - acc: 0.5868
320/865 [==========>...................] - ETA: 4s - loss: 1.0386 - acc: 0.6000
352/865 [===========>..................] - ETA: 4s - loss: 1.0319 - acc: 0.5966
384/865 [============>.................] - ETA: 4s - loss: 1.0343 - acc: 0.5990
416/865 [=============>................] - ETA: 4s - loss: 1.0314 - acc: 0.5962
448/865 [==============>...............] - ETA: 3s - loss: 1.0287 - acc: 0.5938
480/865 [===============>..............] - ETA: 3s - loss: 1.0758 - acc: 0.5854
512/865 [================>.............] - ETA: 3s - loss: 1.0790 - acc: 0.5840
544/865 [=================>............] - ETA: 2s - loss: 1.0616 - acc: 0.5938
576/865 [==================>...........] - ETA: 2s - loss: 1.0518 - acc: 0.5972
608/865 [====================>.........] - ETA: 2s - loss: 1.0566 - acc: 0.5938
640/865 [=====================>........] - ETA: 2s - loss: 1.0617 - acc: 0.5953
672/865 [======================>.......] - ETA: 1s - loss: 1.0685 - acc: 0.5893
704/865 [=======================>......] - ETA: 1s - loss: 1.0683 - acc: 0.5852
736/865 [========================>.....] - ETA: 1s - loss: 1.0836 - acc: 0.5815
768/865 [=========================>....] - ETA: 0s - loss: 1.0943 - acc: 0.5768
800/865 [==========================>...] - ETA: 0s - loss: 1.0829 - acc: 0.5850
832/865 [===========================>..] - ETA: 0s - loss: 1.0834 - acc: 0.5817
864/865 [============================>.] - ETA: 0s - loss: 1.0823 - acc: 0.5810
865/865 [==============================] - 8s 9ms/sample - loss: 1.0825 - acc: 0.5803

  32/3458 [..............................] - ETA: 2:49 - loss: 0.7255 - acc: 0.7500
  64/3458 [..............................] - ETA: 2:45 - loss: 0.7786 - acc: 0.7031
  96/3458 [..............................] - ETA: 2:44 - loss: 0.8597 - acc: 0.6875
 128/3458 [>.............................] - ETA: 2:42 - loss: 0.7987 - acc: 0.7266
 160/3458 [>.............................] - ETA: 2:40 - loss: 0.7941 - acc: 0.7188
 192/3458 [>.............................] - ETA: 2:39 - loss: 0.8078 - acc: 0.7188
 224/3458 [>.............................] - ETA: 2:38 - loss: 0.7800 - acc: 0.7232
 256/3458 [=>............................] - ETA: 2:36 - loss: 0.7590 - acc: 0.7422
 288/3458 [=>............................] - ETA: 2:35 - loss: 0.7449 - acc: 0.7465
 320/3458 [=>............................] - ETA: 2:33 - loss: 0.7317 - acc: 0.7469
 352/3458 [==>...........................] - ETA: 2:32 - loss: 0.7377 - acc: 0.7386
 384/3458 [==>...........................] - ETA: 2:30 - loss: 0.7184 - acc: 0.7422
 416/3458 [==>...........................] - ETA: 2:29 - loss: 0.7071 - acc: 0.7380
 448/3458 [==>...........................] - ETA: 2:27 - loss: 0.6956 - acc: 0.7455
 480/3458 [===>..........................] - ETA: 2:26 - loss: 0.7021 - acc: 0.7437
 512/3458 [===>..........................] - ETA: 2:24 - loss: 0.6965 - acc: 0.7441
 544/3458 [===>..........................] - ETA: 2:23 - loss: 0.6982 - acc: 0.7426
 576/3458 [===>..........................] - ETA: 2:21 - loss: 0.6907 - acc: 0.7448
 608/3458 [====>.........................] - ETA: 2:19 - loss: 0.6761 - acc: 0.7533
 640/3458 [====>.........................] - ETA: 2:18 - loss: 0.6730 - acc: 0.7516
 672/3458 [====>.........................] - ETA: 2:16 - loss: 0.6686 - acc: 0.7530
 704/3458 [=====>........................] - ETA: 2:15 - loss: 0.6596 - acc: 0.7571
 736/3458 [=====>........................] - ETA: 2:13 - loss: 0.6599 - acc: 0.7582
 768/3458 [=====>........................] - ETA: 2:12 - loss: 0.6646 - acc: 0.7565
 800/3458 [=====>........................] - ETA: 2:10 - loss: 0.6672 - acc: 0.7563
 832/3458 [======>.......................] - ETA: 2:09 - loss: 0.6641 - acc: 0.7584
 864/3458 [======>.......................] - ETA: 2:07 - loss: 0.6574 - acc: 0.7604
 896/3458 [======>.......................] - ETA: 2:05 - loss: 0.6550 - acc: 0.7578
 928/3458 [=======>......................] - ETA: 2:04 - loss: 0.6492 - acc: 0.7608
 960/3458 [=======>......................] - ETA: 2:02 - loss: 0.6610 - acc: 0.7542
 992/3458 [=======>......................] - ETA: 2:01 - loss: 0.6561 - acc: 0.7571
1024/3458 [=======>......................] - ETA: 1:59 - loss: 0.6502 - acc: 0.7588
1056/3458 [========>.....................] - ETA: 1:58 - loss: 0.6444 - acc: 0.7614
1088/3458 [========>.....................] - ETA: 1:56 - loss: 0.6447 - acc: 0.7629
1120/3458 [========>.....................] - ETA: 1:54 - loss: 0.6371 - acc: 0.7661
1152/3458 [========>.....................] - ETA: 1:53 - loss: 0.6360 - acc: 0.7665
1184/3458 [=========>....................] - ETA: 1:51 - loss: 0.6315 - acc: 0.7694
1216/3458 [=========>....................] - ETA: 1:50 - loss: 0.6301 - acc: 0.7673
1248/3458 [=========>....................] - ETA: 1:48 - loss: 0.6294 - acc: 0.7692
1280/3458 [==========>...................] - ETA: 1:46 - loss: 0.6239 - acc: 0.7719
1312/3458 [==========>...................] - ETA: 1:45 - loss: 0.6219 - acc: 0.7706
1344/3458 [==========>...................] - ETA: 1:43 - loss: 0.6194 - acc: 0.7708
1376/3458 [==========>...................] - ETA: 1:42 - loss: 0.6221 - acc: 0.7703
1408/3458 [===========>..................] - ETA: 1:40 - loss: 0.6208 - acc: 0.7713
1440/3458 [===========>..................] - ETA: 1:39 - loss: 0.6134 - acc: 0.7736
1472/3458 [===========>..................] - ETA: 1:37 - loss: 0.6133 - acc: 0.7731
1504/3458 [============>.................] - ETA: 1:36 - loss: 0.6089 - acc: 0.7739
1536/3458 [============>.................] - ETA: 1:34 - loss: 0.6060 - acc: 0.7754
1568/3458 [============>.................] - ETA: 1:32 - loss: 0.6067 - acc: 0.7749
1600/3458 [============>.................] - ETA: 1:31 - loss: 0.6028 - acc: 0.7763
1632/3458 [=============>................] - ETA: 1:29 - loss: 0.5976 - acc: 0.7788
1664/3458 [=============>................] - ETA: 1:28 - loss: 0.5985 - acc: 0.7782
1696/3458 [=============>................] - ETA: 1:26 - loss: 0.6011 - acc: 0.7765
1728/3458 [=============>................] - ETA: 1:25 - loss: 0.6038 - acc: 0.7749
1760/3458 [==============>...............] - ETA: 1:23 - loss: 0.6058 - acc: 0.7750
1792/3458 [==============>...............] - ETA: 1:21 - loss: 0.6088 - acc: 0.7718
1824/3458 [==============>...............] - ETA: 1:20 - loss: 0.6021 - acc: 0.7747
1856/3458 [===============>..............] - ETA: 1:18 - loss: 0.6058 - acc: 0.7737
1888/3458 [===============>..............] - ETA: 1:17 - loss: 0.6058 - acc: 0.7749
1920/3458 [===============>..............] - ETA: 1:15 - loss: 0.6090 - acc: 0.7745
1952/3458 [===============>..............] - ETA: 1:14 - loss: 0.6136 - acc: 0.7736
1984/3458 [================>.............] - ETA: 1:12 - loss: 0.6181 - acc: 0.7717
2016/3458 [================>.............] - ETA: 1:10 - loss: 0.6172 - acc: 0.7718
2048/3458 [================>.............] - ETA: 1:09 - loss: 0.6143 - acc: 0.7739
2080/3458 [=================>............] - ETA: 1:07 - loss: 0.6154 - acc: 0.7726
2112/3458 [=================>............] - ETA: 1:06 - loss: 0.6175 - acc: 0.7727
2144/3458 [=================>............] - ETA: 1:04 - loss: 0.6203 - acc: 0.7729
2176/3458 [=================>............] - ETA: 1:03 - loss: 0.6249 - acc: 0.7707
2208/3458 [==================>...........] - ETA: 1:01 - loss: 0.6258 - acc: 0.7717
2240/3458 [==================>...........] - ETA: 59s - loss: 0.6254 - acc: 0.7723 
2272/3458 [==================>...........] - ETA: 58s - loss: 0.6277 - acc: 0.7707
2304/3458 [==================>...........] - ETA: 56s - loss: 0.6243 - acc: 0.7726
2336/3458 [===================>..........] - ETA: 55s - loss: 0.6229 - acc: 0.7735
2368/3458 [===================>..........] - ETA: 53s - loss: 0.6253 - acc: 0.7715
2400/3458 [===================>..........] - ETA: 52s - loss: 0.6249 - acc: 0.7713
2432/3458 [====================>.........] - ETA: 50s - loss: 0.6234 - acc: 0.7714
2464/3458 [====================>.........] - ETA: 48s - loss: 0.6235 - acc: 0.7711
2496/3458 [====================>.........] - ETA: 47s - loss: 0.6314 - acc: 0.7664
2528/3458 [====================>.........] - ETA: 45s - loss: 0.6295 - acc: 0.7678
2560/3458 [=====================>........] - ETA: 44s - loss: 0.6299 - acc: 0.7680
2592/3458 [=====================>........] - ETA: 42s - loss: 0.6272 - acc: 0.7693
2624/3458 [=====================>........] - ETA: 41s - loss: 0.6286 - acc: 0.7683
2656/3458 [======================>.......] - ETA: 39s - loss: 0.6278 - acc: 0.7684
2688/3458 [======================>.......] - ETA: 37s - loss: 0.6253 - acc: 0.7693
2720/3458 [======================>.......] - ETA: 36s - loss: 0.6283 - acc: 0.7691
2752/3458 [======================>.......] - ETA: 34s - loss: 0.6282 - acc: 0.7696
2784/3458 [=======================>......] - ETA: 33s - loss: 0.6257 - acc: 0.7712
2816/3458 [=======================>......] - ETA: 31s - loss: 0.6251 - acc: 0.7717
2848/3458 [=======================>......] - ETA: 30s - loss: 0.6258 - acc: 0.7704
2880/3458 [=======================>......] - ETA: 28s - loss: 0.6243 - acc: 0.7705
2912/3458 [========================>.....] - ETA: 26s - loss: 0.6261 - acc: 0.7696
2944/3458 [========================>.....] - ETA: 25s - loss: 0.6256 - acc: 0.7707
2976/3458 [========================>.....] - ETA: 23s - loss: 0.6235 - acc: 0.7705
3008/3458 [=========================>....] - ETA: 22s - loss: 0.6251 - acc: 0.7699
3040/3458 [=========================>....] - ETA: 20s - loss: 0.6276 - acc: 0.7688
3072/3458 [=========================>....] - ETA: 18s - loss: 0.6253 - acc: 0.7699
3104/3458 [=========================>....] - ETA: 17s - loss: 0.6246 - acc: 0.7687
3136/3458 [==========================>...] - ETA: 15s - loss: 0.6239 - acc: 0.7691
3168/3458 [==========================>...] - ETA: 14s - loss: 0.6230 - acc: 0.7689
3200/3458 [==========================>...] - ETA: 12s - loss: 0.6215 - acc: 0.7697
3232/3458 [===========================>..] - ETA: 11s - loss: 0.6229 - acc: 0.7695
3264/3458 [===========================>..] - ETA: 9s - loss: 0.6267 - acc: 0.7687 
3296/3458 [===========================>..] - ETA: 7s - loss: 0.6265 - acc: 0.7691
3328/3458 [===========================>..] - ETA: 6s - loss: 0.6273 - acc: 0.7683
3360/3458 [============================>.] - ETA: 4s - loss: 0.6252 - acc: 0.7699
3392/3458 [============================>.] - ETA: 3s - loss: 0.6234 - acc: 0.7706
3424/3458 [============================>.] - ETA: 1s - loss: 0.6225 - acc: 0.7719
3456/3458 [============================>.] - ETA: 0s - loss: 0.6224 - acc: 0.7711
3458/3458 [==============================] - 171s 49ms/sample - loss: 0.6221 - acc: 0.7713

 32/865 [>.............................] - ETA: 7s - loss: 1.2110 - acc: 0.5312
 64/865 [=>............................] - ETA: 7s - loss: 1.0336 - acc: 0.5938
 96/865 [==>...........................] - ETA: 6s - loss: 1.1710 - acc: 0.5833
128/865 [===>..........................] - ETA: 6s - loss: 1.1689 - acc: 0.6016
160/865 [====>.........................] - ETA: 6s - loss: 1.1746 - acc: 0.6000
192/865 [=====>........................] - ETA: 6s - loss: 1.2582 - acc: 0.5781
224/865 [======>.......................] - ETA: 5s - loss: 1.2284 - acc: 0.5804
256/865 [=======>......................] - ETA: 5s - loss: 1.1825 - acc: 0.6016
288/865 [========>.....................] - ETA: 5s - loss: 1.1928 - acc: 0.6111
320/865 [==========>...................] - ETA: 4s - loss: 1.1463 - acc: 0.6219
352/865 [===========>..................] - ETA: 4s - loss: 1.1539 - acc: 0.6165
384/865 [============>.................] - ETA: 4s - loss: 1.1373 - acc: 0.6120
416/865 [=============>................] - ETA: 4s - loss: 1.1423 - acc: 0.6106
448/865 [==============>...............] - ETA: 3s - loss: 1.1346 - acc: 0.6138
480/865 [===============>..............] - ETA: 3s - loss: 1.1957 - acc: 0.6083
512/865 [================>.............] - ETA: 3s - loss: 1.2207 - acc: 0.5996
544/865 [=================>............] - ETA: 2s - loss: 1.1917 - acc: 0.6066
576/865 [==================>...........] - ETA: 2s - loss: 1.1751 - acc: 0.6094
608/865 [====================>.........] - ETA: 2s - loss: 1.1892 - acc: 0.6053
640/865 [=====================>........] - ETA: 2s - loss: 1.2012 - acc: 0.6016
672/865 [======================>.......] - ETA: 1s - loss: 1.2188 - acc: 0.5967
704/865 [=======================>......] - ETA: 1s - loss: 1.2155 - acc: 0.5980
736/865 [========================>.....] - ETA: 1s - loss: 1.2446 - acc: 0.5951
768/865 [=========================>....] - ETA: 0s - loss: 1.2624 - acc: 0.5898
800/865 [==========================>...] - ETA: 0s - loss: 1.2490 - acc: 0.5913
832/865 [===========================>..] - ETA: 0s - loss: 1.2456 - acc: 0.5901
864/865 [============================>.] - ETA: 0s - loss: 1.2412 - acc: 0.5914
865/865 [==============================] - 8s 9ms/sample - loss: 1.2415 - acc: 0.5908
