For Dropout_1=0.4 Dropout_2=0.2
daisy loaded
dandelion loaded
rose loaded
sunflower loaded
tulip loaded

  32/3458 [..............................] - ETA: 3:10 - loss: 1.5966 - acc: 0.3125
  64/3458 [..............................] - ETA: 2:55 - loss: 20.6953 - acc: 0.2500
  96/3458 [..............................] - ETA: 2:51 - loss: 21.2220 - acc: 0.1979
 128/3458 [>.............................] - ETA: 2:48 - loss: 18.4620 - acc: 0.1953
 160/3458 [>.............................] - ETA: 2:46 - loss: 15.6137 - acc: 0.2062
 192/3458 [>.............................] - ETA: 2:44 - loss: 13.3612 - acc: 0.2031
 224/3458 [>.............................] - ETA: 2:42 - loss: 11.6822 - acc: 0.2009
 256/3458 [=>............................] - ETA: 2:40 - loss: 10.4228 - acc: 0.2031
 288/3458 [=>............................] - ETA: 2:38 - loss: 9.4462 - acc: 0.1910 
 320/3458 [=>............................] - ETA: 2:36 - loss: 8.6615 - acc: 0.1875
 352/3458 [==>...........................] - ETA: 2:34 - loss: 8.0190 - acc: 0.1847
 384/3458 [==>...........................] - ETA: 2:33 - loss: 7.4865 - acc: 0.1875
 416/3458 [==>...........................] - ETA: 2:31 - loss: 7.0325 - acc: 0.1803
 448/3458 [==>...........................] - ETA: 2:29 - loss: 6.6436 - acc: 0.1808
 480/3458 [===>..........................] - ETA: 2:27 - loss: 6.3049 - acc: 0.1875
 512/3458 [===>..........................] - ETA: 2:26 - loss: 6.0104 - acc: 0.1816
 544/3458 [===>..........................] - ETA: 2:24 - loss: 5.7418 - acc: 0.1912
 576/3458 [===>..........................] - ETA: 2:22 - loss: 5.5099 - acc: 0.1892
 608/3458 [====>.........................] - ETA: 2:21 - loss: 5.3039 - acc: 0.1941
 640/3458 [====>.........................] - ETA: 2:19 - loss: 5.1170 - acc: 0.1969
 672/3458 [====>.........................] - ETA: 2:17 - loss: 4.9517 - acc: 0.1964
 704/3458 [=====>........................] - ETA: 2:15 - loss: 4.7962 - acc: 0.1974
 736/3458 [=====>........................] - ETA: 2:14 - loss: 4.6636 - acc: 0.1943
 768/3458 [=====>........................] - ETA: 2:12 - loss: 4.5373 - acc: 0.1927
 800/3458 [=====>........................] - ETA: 2:11 - loss: 4.4203 - acc: 0.1937
 832/3458 [======>.......................] - ETA: 2:09 - loss: 4.3119 - acc: 0.1959
 864/3458 [======>.......................] - ETA: 2:07 - loss: 4.2116 - acc: 0.1944
 896/3458 [======>.......................] - ETA: 2:06 - loss: 4.1186 - acc: 0.1920
 928/3458 [=======>......................] - ETA: 2:04 - loss: 4.0319 - acc: 0.1907
 960/3458 [=======>......................] - ETA: 2:02 - loss: 3.9513 - acc: 0.1958
 992/3458 [=======>......................] - ETA: 2:01 - loss: 3.8756 - acc: 0.1966
1024/3458 [=======>......................] - ETA: 1:59 - loss: 3.8049 - acc: 0.1924
1056/3458 [========>.....................] - ETA: 1:58 - loss: 3.7382 - acc: 0.1922
1088/3458 [========>.....................] - ETA: 1:56 - loss: 3.6756 - acc: 0.1921
1120/3458 [========>.....................] - ETA: 1:55 - loss: 3.6165 - acc: 0.1937
1152/3458 [========>.....................] - ETA: 1:53 - loss: 3.5607 - acc: 0.1936
1184/3458 [=========>....................] - ETA: 1:51 - loss: 3.5080 - acc: 0.1926
1216/3458 [=========>....................] - ETA: 1:50 - loss: 3.4579 - acc: 0.1949
1248/3458 [=========>....................] - ETA: 1:48 - loss: 3.4102 - acc: 0.1979
1280/3458 [==========>...................] - ETA: 1:47 - loss: 3.3651 - acc: 0.1984
1312/3458 [==========>...................] - ETA: 1:45 - loss: 3.3221 - acc: 0.2012
1344/3458 [==========>...................] - ETA: 1:44 - loss: 3.2810 - acc: 0.2039
1376/3458 [==========>...................] - ETA: 1:42 - loss: 3.2424 - acc: 0.2013
1408/3458 [===========>..................] - ETA: 1:40 - loss: 3.2052 - acc: 0.2017
1440/3458 [===========>..................] - ETA: 1:39 - loss: 3.1697 - acc: 0.2021
1472/3458 [===========>..................] - ETA: 1:37 - loss: 3.1356 - acc: 0.2024
1504/3458 [============>.................] - ETA: 1:36 - loss: 3.1031 - acc: 0.2035
1536/3458 [============>.................] - ETA: 1:34 - loss: 3.0719 - acc: 0.2064
1568/3458 [============>.................] - ETA: 1:32 - loss: 3.0421 - acc: 0.2066
1600/3458 [============>.................] - ETA: 1:31 - loss: 3.0133 - acc: 0.2081
1632/3458 [=============>................] - ETA: 1:29 - loss: 2.9854 - acc: 0.2096
1664/3458 [=============>................] - ETA: 1:28 - loss: 2.9588 - acc: 0.2121
1696/3458 [=============>................] - ETA: 1:26 - loss: 2.9333 - acc: 0.2146
1728/3458 [=============>................] - ETA: 1:25 - loss: 2.9086 - acc: 0.2159
1760/3458 [==============>...............] - ETA: 1:23 - loss: 2.8852 - acc: 0.2165
1792/3458 [==============>...............] - ETA: 1:21 - loss: 2.8624 - acc: 0.2154
1824/3458 [==============>...............] - ETA: 1:20 - loss: 2.8403 - acc: 0.2171
1856/3458 [===============>..............] - ETA: 1:18 - loss: 2.8190 - acc: 0.2182
1888/3458 [===============>..............] - ETA: 1:17 - loss: 2.7984 - acc: 0.2161
1920/3458 [===============>..............] - ETA: 1:15 - loss: 2.7781 - acc: 0.2172
1952/3458 [===============>..............] - ETA: 1:14 - loss: 2.7589 - acc: 0.2177
1984/3458 [================>.............] - ETA: 1:12 - loss: 2.7404 - acc: 0.2177
2016/3458 [================>.............] - ETA: 1:10 - loss: 2.7223 - acc: 0.2192
2048/3458 [================>.............] - ETA: 1:09 - loss: 2.7050 - acc: 0.2183
2080/3458 [=================>............] - ETA: 1:07 - loss: 2.6879 - acc: 0.2188
2112/3458 [=================>............] - ETA: 1:06 - loss: 2.6719 - acc: 0.2197
2144/3458 [=================>............] - ETA: 1:04 - loss: 2.6559 - acc: 0.2211
2176/3458 [=================>............] - ETA: 1:03 - loss: 2.6403 - acc: 0.2224
2208/3458 [==================>...........] - ETA: 1:01 - loss: 2.6252 - acc: 0.2224
2240/3458 [==================>...........] - ETA: 59s - loss: 2.6109 - acc: 0.2219 
2272/3458 [==================>...........] - ETA: 58s - loss: 2.5968 - acc: 0.2218
2304/3458 [==================>...........] - ETA: 56s - loss: 2.5830 - acc: 0.2214
2336/3458 [===================>..........] - ETA: 55s - loss: 2.5696 - acc: 0.2226
2368/3458 [===================>..........] - ETA: 53s - loss: 2.5570 - acc: 0.2230
2400/3458 [===================>..........] - ETA: 51s - loss: 2.5441 - acc: 0.2237
2432/3458 [====================>.........] - ETA: 50s - loss: 2.5315 - acc: 0.2233
2464/3458 [====================>.........] - ETA: 48s - loss: 2.5194 - acc: 0.2220
2496/3458 [====================>.........] - ETA: 47s - loss: 2.5074 - acc: 0.2224
2528/3458 [====================>.........] - ETA: 45s - loss: 2.4958 - acc: 0.2243
2560/3458 [=====================>........] - ETA: 44s - loss: 2.4845 - acc: 0.2242
2592/3458 [=====================>........] - ETA: 42s - loss: 2.4734 - acc: 0.2242
2624/3458 [=====================>........] - ETA: 40s - loss: 2.4627 - acc: 0.2237
2656/3458 [======================>.......] - ETA: 39s - loss: 2.4520 - acc: 0.2244
2688/3458 [======================>.......] - ETA: 37s - loss: 2.4418 - acc: 0.2232
2720/3458 [======================>.......] - ETA: 36s - loss: 2.4314 - acc: 0.2235
2752/3458 [======================>.......] - ETA: 34s - loss: 2.4213 - acc: 0.2260
2784/3458 [=======================>......] - ETA: 33s - loss: 2.4121 - acc: 0.2252
2816/3458 [=======================>......] - ETA: 31s - loss: 2.4027 - acc: 0.2255
2848/3458 [=======================>......] - ETA: 29s - loss: 2.3935 - acc: 0.2265
2880/3458 [=======================>......] - ETA: 28s - loss: 2.3840 - acc: 0.2264
2912/3458 [========================>.....] - ETA: 26s - loss: 2.3756 - acc: 0.2249
2944/3458 [========================>.....] - ETA: 25s - loss: 2.3669 - acc: 0.2245
2976/3458 [========================>.....] - ETA: 23s - loss: 2.3586 - acc: 0.2238
3008/3458 [=========================>....] - ETA: 22s - loss: 2.3498 - acc: 0.2241
3040/3458 [=========================>....] - ETA: 20s - loss: 2.3431 - acc: 0.2237
3072/3458 [=========================>....] - ETA: 18s - loss: 2.3347 - acc: 0.2249
3104/3458 [=========================>....] - ETA: 17s - loss: 2.3267 - acc: 0.2262
3136/3458 [==========================>...] - ETA: 15s - loss: 2.3186 - acc: 0.2267
3168/3458 [==========================>...] - ETA: 14s - loss: 2.3118 - acc: 0.2276
3200/3458 [==========================>...] - ETA: 12s - loss: 2.3052 - acc: 0.2278
3232/3458 [===========================>..] - ETA: 11s - loss: 2.2981 - acc: 0.2271
3264/3458 [===========================>..] - ETA: 9s - loss: 2.2908 - acc: 0.2276 
3296/3458 [===========================>..] - ETA: 7s - loss: 2.2839 - acc: 0.2291
3328/3458 [===========================>..] - ETA: 6s - loss: 2.2770 - acc: 0.2308
3360/3458 [============================>.] - ETA: 4s - loss: 2.2703 - acc: 0.2313
3392/3458 [============================>.] - ETA: 3s - loss: 2.2643 - acc: 0.2311
3424/3458 [============================>.] - ETA: 1s - loss: 2.2577 - acc: 0.2307
3456/3458 [============================>.] - ETA: 0s - loss: 2.2522 - acc: 0.2297
3458/3458 [==============================] - 170s 49ms/sample - loss: 2.2518 - acc: 0.2299

 32/865 [>.............................] - ETA: 8s - loss: 1.5902 - acc: 0.1875
 64/865 [=>............................] - ETA: 7s - loss: 1.6069 - acc: 0.1875
 96/865 [==>...........................] - ETA: 7s - loss: 1.5942 - acc: 0.2083
128/865 [===>..........................] - ETA: 6s - loss: 1.5888 - acc: 0.2031
160/865 [====>.........................] - ETA: 6s - loss: 1.5938 - acc: 0.2000
192/865 [=====>........................] - ETA: 6s - loss: 1.5856 - acc: 0.2344
224/865 [======>.......................] - ETA: 5s - loss: 1.5827 - acc: 0.2366
256/865 [=======>......................] - ETA: 5s - loss: 1.5832 - acc: 0.2344
288/865 [========>.....................] - ETA: 5s - loss: 1.5823 - acc: 0.2361
320/865 [==========>...................] - ETA: 4s - loss: 1.5806 - acc: 0.2375
352/865 [===========>..................] - ETA: 4s - loss: 1.5839 - acc: 0.2358
384/865 [============>.................] - ETA: 4s - loss: 1.5795 - acc: 0.2474
416/865 [=============>................] - ETA: 4s - loss: 1.5798 - acc: 0.2452
448/865 [==============>...............] - ETA: 3s - loss: 1.5823 - acc: 0.2455
480/865 [===============>..............] - ETA: 3s - loss: 1.5833 - acc: 0.2479
512/865 [================>.............] - ETA: 3s - loss: 1.5841 - acc: 0.2461
544/865 [=================>............] - ETA: 2s - loss: 1.5832 - acc: 0.2500
576/865 [==================>...........] - ETA: 2s - loss: 1.5812 - acc: 0.2569
608/865 [====================>.........] - ETA: 2s - loss: 1.5813 - acc: 0.2549
640/865 [=====================>........] - ETA: 2s - loss: 1.5820 - acc: 0.2531
672/865 [======================>.......] - ETA: 1s - loss: 1.5832 - acc: 0.2515
704/865 [=======================>......] - ETA: 1s - loss: 1.5831 - acc: 0.2486
736/865 [========================>.....] - ETA: 1s - loss: 1.5832 - acc: 0.2486
768/865 [=========================>....] - ETA: 0s - loss: 1.5846 - acc: 0.2474
800/865 [==========================>...] - ETA: 0s - loss: 1.5855 - acc: 0.2450
832/865 [===========================>..] - ETA: 0s - loss: 1.5860 - acc: 0.2452
864/865 [============================>.] - ETA: 0s - loss: 1.5869 - acc: 0.2454
865/865 [==============================] - 8s 9ms/sample - loss: 1.5866 - acc: 0.2462

  32/3458 [..............................] - ETA: 2:48 - loss: 1.5646 - acc: 0.3125
  64/3458 [..............................] - ETA: 2:46 - loss: 1.5721 - acc: 0.2969
  96/3458 [..............................] - ETA: 2:44 - loss: 1.5802 - acc: 0.2500
 128/3458 [>.............................] - ETA: 2:42 - loss: 1.5828 - acc: 0.2500
 160/3458 [>.............................] - ETA: 2:41 - loss: 1.5845 - acc: 0.2250
 192/3458 [>.............................] - ETA: 2:41 - loss: 1.5758 - acc: 0.2500
 224/3458 [>.............................] - ETA: 2:39 - loss: 1.5874 - acc: 0.2321
 256/3458 [=>............................] - ETA: 2:38 - loss: 1.5926 - acc: 0.2461
 288/3458 [=>............................] - ETA: 2:36 - loss: 1.5898 - acc: 0.2604
 320/3458 [=>............................] - ETA: 2:34 - loss: 1.5857 - acc: 0.2688
 352/3458 [==>...........................] - ETA: 2:32 - loss: 1.5805 - acc: 0.2869
 384/3458 [==>...........................] - ETA: 2:31 - loss: 1.5738 - acc: 0.2995
 416/3458 [==>...........................] - ETA: 2:29 - loss: 1.5701 - acc: 0.3077
 448/3458 [==>...........................] - ETA: 2:28 - loss: 1.5628 - acc: 0.3170
 480/3458 [===>..........................] - ETA: 2:26 - loss: 1.5643 - acc: 0.3021
 512/3458 [===>..........................] - ETA: 2:25 - loss: 1.5639 - acc: 0.3086
 544/3458 [===>..........................] - ETA: 2:23 - loss: 1.5805 - acc: 0.3033
 576/3458 [===>..........................] - ETA: 2:21 - loss: 1.5684 - acc: 0.3108
 608/3458 [====>.........................] - ETA: 2:20 - loss: 1.5717 - acc: 0.3076
 640/3458 [====>.........................] - ETA: 2:18 - loss: 1.5719 - acc: 0.3047
 672/3458 [====>.........................] - ETA: 2:17 - loss: 1.5780 - acc: 0.2976
 704/3458 [=====>........................] - ETA: 2:15 - loss: 1.5738 - acc: 0.3054
 736/3458 [=====>........................] - ETA: 2:14 - loss: 1.5719 - acc: 0.3111
 768/3458 [=====>........................] - ETA: 2:12 - loss: 1.5706 - acc: 0.3086
 800/3458 [=====>........................] - ETA: 2:10 - loss: 1.5704 - acc: 0.3075
 832/3458 [======>.......................] - ETA: 2:09 - loss: 1.5675 - acc: 0.3113
 864/3458 [======>.......................] - ETA: 2:07 - loss: 1.5634 - acc: 0.3137
 896/3458 [======>.......................] - ETA: 2:05 - loss: 1.5625 - acc: 0.3125
 928/3458 [=======>......................] - ETA: 2:04 - loss: 1.5616 - acc: 0.3157
 960/3458 [=======>......................] - ETA: 2:02 - loss: 1.5578 - acc: 0.3198
 992/3458 [=======>......................] - ETA: 2:01 - loss: 1.5529 - acc: 0.3206
1024/3458 [=======>......................] - ETA: 1:59 - loss: 1.5476 - acc: 0.3213
1056/3458 [========>.....................] - ETA: 1:58 - loss: 1.5499 - acc: 0.3220
1088/3458 [========>.....................] - ETA: 1:56 - loss: 1.5441 - acc: 0.3217
1120/3458 [========>.....................] - ETA: 1:54 - loss: 1.5399 - acc: 0.3250
1152/3458 [========>.....................] - ETA: 1:53 - loss: 1.5366 - acc: 0.3247
1184/3458 [=========>....................] - ETA: 1:51 - loss: 1.5327 - acc: 0.3243
1216/3458 [=========>....................] - ETA: 1:50 - loss: 1.5279 - acc: 0.3289
1248/3458 [=========>....................] - ETA: 1:48 - loss: 1.5266 - acc: 0.3309
1280/3458 [==========>...................] - ETA: 1:47 - loss: 1.5236 - acc: 0.3313
1312/3458 [==========>...................] - ETA: 1:45 - loss: 1.5201 - acc: 0.3331
1344/3458 [==========>...................] - ETA: 1:43 - loss: 1.5189 - acc: 0.3341
1376/3458 [==========>...................] - ETA: 1:42 - loss: 1.5154 - acc: 0.3336
1408/3458 [===========>..................] - ETA: 1:40 - loss: 1.5102 - acc: 0.3345
1440/3458 [===========>..................] - ETA: 1:39 - loss: 1.5053 - acc: 0.3368
1472/3458 [===========>..................] - ETA: 1:37 - loss: 1.5131 - acc: 0.3390
1504/3458 [============>.................] - ETA: 1:36 - loss: 1.5166 - acc: 0.3358
1536/3458 [============>.................] - ETA: 1:34 - loss: 1.5121 - acc: 0.3385
1568/3458 [============>.................] - ETA: 1:32 - loss: 1.5074 - acc: 0.3386
1600/3458 [============>.................] - ETA: 1:31 - loss: 1.5042 - acc: 0.3406
1632/3458 [=============>................] - ETA: 1:29 - loss: 1.4987 - acc: 0.3444
1664/3458 [=============>................] - ETA: 1:28 - loss: 1.4959 - acc: 0.3468
1696/3458 [=============>................] - ETA: 1:26 - loss: 1.4960 - acc: 0.3485
1728/3458 [=============>................] - ETA: 1:24 - loss: 1.4922 - acc: 0.3530
1760/3458 [==============>...............] - ETA: 1:23 - loss: 1.5001 - acc: 0.3528
1792/3458 [==============>...............] - ETA: 1:21 - loss: 1.4969 - acc: 0.3538
1824/3458 [==============>...............] - ETA: 1:20 - loss: 1.4959 - acc: 0.3542
1856/3458 [===============>..............] - ETA: 1:18 - loss: 1.4947 - acc: 0.3561
1888/3458 [===============>..............] - ETA: 1:17 - loss: 1.4893 - acc: 0.3607
1920/3458 [===============>..............] - ETA: 1:15 - loss: 1.4855 - acc: 0.3625
1952/3458 [===============>..............] - ETA: 1:13 - loss: 1.4864 - acc: 0.3632
1984/3458 [================>.............] - ETA: 1:12 - loss: 1.4816 - acc: 0.3644
2016/3458 [================>.............] - ETA: 1:10 - loss: 1.4775 - acc: 0.3661
2048/3458 [================>.............] - ETA: 1:09 - loss: 1.4794 - acc: 0.3667
2080/3458 [=================>............] - ETA: 1:07 - loss: 1.4761 - acc: 0.3692
2112/3458 [=================>............] - ETA: 1:06 - loss: 1.4734 - acc: 0.3703
2144/3458 [=================>............] - ETA: 1:04 - loss: 1.4704 - acc: 0.3708
2176/3458 [=================>............] - ETA: 1:02 - loss: 1.4659 - acc: 0.3722
2208/3458 [==================>...........] - ETA: 1:01 - loss: 1.4606 - acc: 0.3755
2240/3458 [==================>...........] - ETA: 59s - loss: 1.4603 - acc: 0.3759 
2272/3458 [==================>...........] - ETA: 58s - loss: 1.4584 - acc: 0.3759
2304/3458 [==================>...........] - ETA: 56s - loss: 1.4560 - acc: 0.3759
2336/3458 [===================>..........] - ETA: 55s - loss: 1.4556 - acc: 0.3759
2368/3458 [===================>..........] - ETA: 53s - loss: 1.4565 - acc: 0.3754
2400/3458 [===================>..........] - ETA: 51s - loss: 1.4529 - acc: 0.3767
2432/3458 [====================>.........] - ETA: 50s - loss: 1.4498 - acc: 0.3766
2464/3458 [====================>.........] - ETA: 48s - loss: 1.4489 - acc: 0.3778
2496/3458 [====================>.........] - ETA: 47s - loss: 1.4480 - acc: 0.3782
2528/3458 [====================>.........] - ETA: 45s - loss: 1.4476 - acc: 0.3786
2560/3458 [=====================>........] - ETA: 44s - loss: 1.4474 - acc: 0.3785
2592/3458 [=====================>........] - ETA: 42s - loss: 1.4468 - acc: 0.3785
2624/3458 [=====================>........] - ETA: 40s - loss: 1.4454 - acc: 0.3800
2656/3458 [======================>.......] - ETA: 39s - loss: 1.4455 - acc: 0.3799
2688/3458 [======================>.......] - ETA: 37s - loss: 1.4443 - acc: 0.3813
2720/3458 [======================>.......] - ETA: 36s - loss: 1.4425 - acc: 0.3812
2752/3458 [======================>.......] - ETA: 34s - loss: 1.4443 - acc: 0.3805
2784/3458 [=======================>......] - ETA: 33s - loss: 1.4430 - acc: 0.3815
2816/3458 [=======================>......] - ETA: 31s - loss: 1.4387 - acc: 0.3842
2848/3458 [=======================>......] - ETA: 29s - loss: 1.4360 - acc: 0.3869
2880/3458 [=======================>......] - ETA: 28s - loss: 1.4359 - acc: 0.3878
2912/3458 [========================>.....] - ETA: 26s - loss: 1.4349 - acc: 0.3894
2944/3458 [========================>.....] - ETA: 25s - loss: 1.4361 - acc: 0.3886
2976/3458 [========================>.....] - ETA: 23s - loss: 1.4332 - acc: 0.3894
3008/3458 [=========================>....] - ETA: 22s - loss: 1.4373 - acc: 0.3893
3040/3458 [=========================>....] - ETA: 20s - loss: 1.4362 - acc: 0.3891
3072/3458 [=========================>....] - ETA: 18s - loss: 1.4355 - acc: 0.3906
3104/3458 [=========================>....] - ETA: 17s - loss: 1.4380 - acc: 0.3908
3136/3458 [==========================>...] - ETA: 15s - loss: 1.4361 - acc: 0.3922
3168/3458 [==========================>...] - ETA: 14s - loss: 1.4361 - acc: 0.3930
3200/3458 [==========================>...] - ETA: 12s - loss: 1.4354 - acc: 0.3916
3232/3458 [===========================>..] - ETA: 11s - loss: 1.4338 - acc: 0.3929
3264/3458 [===========================>..] - ETA: 9s - loss: 1.4315 - acc: 0.3946 
3296/3458 [===========================>..] - ETA: 7s - loss: 1.4297 - acc: 0.3959
3328/3458 [===========================>..] - ETA: 6s - loss: 1.4298 - acc: 0.3960
3360/3458 [============================>.] - ETA: 4s - loss: 1.4308 - acc: 0.3973
3392/3458 [============================>.] - ETA: 3s - loss: 1.4299 - acc: 0.3977
3424/3458 [============================>.] - ETA: 1s - loss: 1.4280 - acc: 0.3987
3456/3458 [============================>.] - ETA: 0s - loss: 1.4271 - acc: 0.3993
3458/3458 [==============================] - 170s 49ms/sample - loss: 1.4267 - acc: 0.3994

 32/865 [>.............................] - ETA: 7s - loss: 1.2709 - acc: 0.4375
 64/865 [=>............................] - ETA: 7s - loss: 1.2079 - acc: 0.5312
 96/865 [==>...........................] - ETA: 6s - loss: 1.2762 - acc: 0.4062
128/865 [===>..........................] - ETA: 6s - loss: 1.2769 - acc: 0.3984
160/865 [====>.........................] - ETA: 6s - loss: 1.2976 - acc: 0.3938
192/865 [=====>........................] - ETA: 5s - loss: 1.3174 - acc: 0.3802
224/865 [======>.......................] - ETA: 5s - loss: 1.3088 - acc: 0.3884
256/865 [=======>......................] - ETA: 5s - loss: 1.2857 - acc: 0.4141
288/865 [========>.....................] - ETA: 5s - loss: 1.3159 - acc: 0.4062
320/865 [==========>...................] - ETA: 4s - loss: 1.3134 - acc: 0.4125
352/865 [===========>..................] - ETA: 4s - loss: 1.3248 - acc: 0.4119
384/865 [============>.................] - ETA: 4s - loss: 1.3283 - acc: 0.4115
416/865 [=============>................] - ETA: 4s - loss: 1.3390 - acc: 0.4014
448/865 [==============>...............] - ETA: 3s - loss: 1.3601 - acc: 0.3951
480/865 [===============>..............] - ETA: 3s - loss: 1.3773 - acc: 0.3896
512/865 [================>.............] - ETA: 3s - loss: 1.3775 - acc: 0.3926
544/865 [=================>............] - ETA: 2s - loss: 1.3739 - acc: 0.3934
576/865 [==================>...........] - ETA: 2s - loss: 1.3681 - acc: 0.4010
608/865 [====================>.........] - ETA: 2s - loss: 1.3883 - acc: 0.3947
640/865 [=====================>........] - ETA: 2s - loss: 1.3817 - acc: 0.4000
672/865 [======================>.......] - ETA: 1s - loss: 1.3738 - acc: 0.4033
704/865 [=======================>......] - ETA: 1s - loss: 1.3697 - acc: 0.4077
736/865 [========================>.....] - ETA: 1s - loss: 1.3745 - acc: 0.4049
768/865 [=========================>....] - ETA: 0s - loss: 1.3722 - acc: 0.4023
800/865 [==========================>...] - ETA: 0s - loss: 1.3745 - acc: 0.4013
832/865 [===========================>..] - ETA: 0s - loss: 1.3623 - acc: 0.4099
864/865 [============================>.] - ETA: 0s - loss: 1.3671 - acc: 0.4097
865/865 [==============================] - 8s 9ms/sample - loss: 1.3665 - acc: 0.4104

  32/3458 [..............................] - ETA: 2:45 - loss: 1.2826 - acc: 0.4062
  64/3458 [..............................] - ETA: 2:46 - loss: 1.3113 - acc: 0.3750
  96/3458 [..............................] - ETA: 2:45 - loss: 1.3104 - acc: 0.4062
 128/3458 [>.............................] - ETA: 2:43 - loss: 1.2864 - acc: 0.4375
 160/3458 [>.............................] - ETA: 2:41 - loss: 1.2767 - acc: 0.4500
 192/3458 [>.............................] - ETA: 2:39 - loss: 1.2639 - acc: 0.4740
 224/3458 [>.............................] - ETA: 2:38 - loss: 1.2451 - acc: 0.4821
 256/3458 [=>............................] - ETA: 2:37 - loss: 1.2329 - acc: 0.4922
 288/3458 [=>............................] - ETA: 2:35 - loss: 1.2490 - acc: 0.4896
 320/3458 [=>............................] - ETA: 2:34 - loss: 1.2552 - acc: 0.4969
 352/3458 [==>...........................] - ETA: 2:32 - loss: 1.2516 - acc: 0.4972
 384/3458 [==>...........................] - ETA: 2:31 - loss: 1.2525 - acc: 0.4896
 416/3458 [==>...........................] - ETA: 2:29 - loss: 1.2577 - acc: 0.4880
 448/3458 [==>...........................] - ETA: 2:27 - loss: 1.2592 - acc: 0.4911
 480/3458 [===>..........................] - ETA: 2:26 - loss: 1.2426 - acc: 0.5000
 512/3458 [===>..........................] - ETA: 2:24 - loss: 1.2283 - acc: 0.5098
 544/3458 [===>..........................] - ETA: 2:23 - loss: 1.2337 - acc: 0.5129
 576/3458 [===>..........................] - ETA: 2:21 - loss: 1.2344 - acc: 0.5104
 608/3458 [====>.........................] - ETA: 2:20 - loss: 1.2175 - acc: 0.5197
 640/3458 [====>.........................] - ETA: 2:18 - loss: 1.2161 - acc: 0.5172
 672/3458 [====>.........................] - ETA: 2:16 - loss: 1.2245 - acc: 0.5149
 704/3458 [=====>........................] - ETA: 2:15 - loss: 1.2258 - acc: 0.5142
 736/3458 [=====>........................] - ETA: 2:13 - loss: 1.2223 - acc: 0.5122
 768/3458 [=====>........................] - ETA: 2:12 - loss: 1.2198 - acc: 0.5130
 800/3458 [=====>........................] - ETA: 2:10 - loss: 1.2177 - acc: 0.5163
 832/3458 [======>.......................] - ETA: 2:08 - loss: 1.2100 - acc: 0.5204
 864/3458 [======>.......................] - ETA: 2:07 - loss: 1.2106 - acc: 0.5185
 896/3458 [======>.......................] - ETA: 2:05 - loss: 1.2229 - acc: 0.5145
 928/3458 [=======>......................] - ETA: 2:04 - loss: 1.2173 - acc: 0.5172
 960/3458 [=======>......................] - ETA: 2:02 - loss: 1.2179 - acc: 0.5156
 992/3458 [=======>......................] - ETA: 2:01 - loss: 1.2097 - acc: 0.5181
1024/3458 [=======>......................] - ETA: 1:59 - loss: 1.2039 - acc: 0.5186
1056/3458 [========>.....................] - ETA: 1:57 - loss: 1.2091 - acc: 0.5152
1088/3458 [========>.....................] - ETA: 1:56 - loss: 1.2117 - acc: 0.5129
1120/3458 [========>.....................] - ETA: 1:54 - loss: 1.2073 - acc: 0.5125
1152/3458 [========>.....................] - ETA: 1:53 - loss: 1.2026 - acc: 0.5122
1184/3458 [=========>....................] - ETA: 1:51 - loss: 1.1957 - acc: 0.5160
1216/3458 [=========>....................] - ETA: 1:50 - loss: 1.1909 - acc: 0.5189
1248/3458 [=========>....................] - ETA: 1:48 - loss: 1.1901 - acc: 0.5176
1280/3458 [==========>...................] - ETA: 1:46 - loss: 1.1980 - acc: 0.5117
1312/3458 [==========>...................] - ETA: 1:45 - loss: 1.2008 - acc: 0.5122
1344/3458 [==========>...................] - ETA: 1:43 - loss: 1.1941 - acc: 0.5156
1376/3458 [==========>...................] - ETA: 1:42 - loss: 1.1930 - acc: 0.5131
1408/3458 [===========>..................] - ETA: 1:40 - loss: 1.1910 - acc: 0.5135
1440/3458 [===========>..................] - ETA: 1:39 - loss: 1.1878 - acc: 0.5146
1472/3458 [===========>..................] - ETA: 1:37 - loss: 1.1839 - acc: 0.5170
1504/3458 [============>.................] - ETA: 1:35 - loss: 1.1885 - acc: 0.5146
1536/3458 [============>.................] - ETA: 1:34 - loss: 1.1873 - acc: 0.5150
1568/3458 [============>.................] - ETA: 1:32 - loss: 1.1851 - acc: 0.5159
1600/3458 [============>.................] - ETA: 1:31 - loss: 1.1873 - acc: 0.5156
1632/3458 [=============>................] - ETA: 1:29 - loss: 1.1871 - acc: 0.5184
1664/3458 [=============>................] - ETA: 1:28 - loss: 1.1830 - acc: 0.5204
1696/3458 [=============>................] - ETA: 1:26 - loss: 1.1774 - acc: 0.5236
1728/3458 [=============>................] - ETA: 1:24 - loss: 1.1759 - acc: 0.5237
1760/3458 [==============>...............] - ETA: 1:23 - loss: 1.1754 - acc: 0.5250
1792/3458 [==============>...............] - ETA: 1:21 - loss: 1.1704 - acc: 0.5285
1824/3458 [==============>...............] - ETA: 1:20 - loss: 1.1705 - acc: 0.5274
1856/3458 [===============>..............] - ETA: 1:18 - loss: 1.1743 - acc: 0.5253
1888/3458 [===============>..............] - ETA: 1:17 - loss: 1.1801 - acc: 0.5265
1920/3458 [===============>..............] - ETA: 1:15 - loss: 1.1795 - acc: 0.5276
1952/3458 [===============>..............] - ETA: 1:13 - loss: 1.1784 - acc: 0.5287
1984/3458 [================>.............] - ETA: 1:12 - loss: 1.1813 - acc: 0.5272
2016/3458 [================>.............] - ETA: 1:10 - loss: 1.1834 - acc: 0.5268
2048/3458 [================>.............] - ETA: 1:09 - loss: 1.1842 - acc: 0.5259
2080/3458 [=================>............] - ETA: 1:07 - loss: 1.1865 - acc: 0.5231
2112/3458 [=================>............] - ETA: 1:06 - loss: 1.1865 - acc: 0.5227
2144/3458 [=================>............] - ETA: 1:04 - loss: 1.1880 - acc: 0.5219
2176/3458 [=================>............] - ETA: 1:02 - loss: 1.1900 - acc: 0.5207
2208/3458 [==================>...........] - ETA: 1:01 - loss: 1.1930 - acc: 0.5172
2240/3458 [==================>...........] - ETA: 59s - loss: 1.1949 - acc: 0.5183 
2272/3458 [==================>...........] - ETA: 58s - loss: 1.1927 - acc: 0.5202
2304/3458 [==================>...........] - ETA: 56s - loss: 1.1946 - acc: 0.5187
2336/3458 [===================>..........] - ETA: 55s - loss: 1.1972 - acc: 0.5180
2368/3458 [===================>..........] - ETA: 53s - loss: 1.1948 - acc: 0.5190
2400/3458 [===================>..........] - ETA: 51s - loss: 1.1936 - acc: 0.5188
2432/3458 [====================>.........] - ETA: 50s - loss: 1.1908 - acc: 0.5201
2464/3458 [====================>.........] - ETA: 48s - loss: 1.1937 - acc: 0.5191
2496/3458 [====================>.........] - ETA: 47s - loss: 1.1927 - acc: 0.5176
2528/3458 [====================>.........] - ETA: 45s - loss: 1.1925 - acc: 0.5178
2560/3458 [=====================>........] - ETA: 44s - loss: 1.1929 - acc: 0.5180
2592/3458 [=====================>........] - ETA: 42s - loss: 1.1929 - acc: 0.5181
2624/3458 [=====================>........] - ETA: 40s - loss: 1.1944 - acc: 0.5187
2656/3458 [======================>.......] - ETA: 39s - loss: 1.1939 - acc: 0.5184
2688/3458 [======================>.......] - ETA: 37s - loss: 1.1912 - acc: 0.5193
2720/3458 [======================>.......] - ETA: 36s - loss: 1.1929 - acc: 0.5188
2752/3458 [======================>.......] - ETA: 34s - loss: 1.1949 - acc: 0.5178
2784/3458 [=======================>......] - ETA: 33s - loss: 1.1929 - acc: 0.5183
2816/3458 [=======================>......] - ETA: 31s - loss: 1.1934 - acc: 0.5178
2848/3458 [=======================>......] - ETA: 29s - loss: 1.1938 - acc: 0.5176
2880/3458 [=======================>......] - ETA: 28s - loss: 1.1937 - acc: 0.5170
2912/3458 [========================>.....] - ETA: 26s - loss: 1.1955 - acc: 0.5168
2944/3458 [========================>.....] - ETA: 25s - loss: 1.1959 - acc: 0.5173
2976/3458 [========================>.....] - ETA: 23s - loss: 1.1974 - acc: 0.5165
3008/3458 [=========================>....] - ETA: 22s - loss: 1.1983 - acc: 0.5163
3040/3458 [=========================>....] - ETA: 20s - loss: 1.1970 - acc: 0.5171
3072/3458 [=========================>....] - ETA: 18s - loss: 1.1983 - acc: 0.5160
3104/3458 [=========================>....] - ETA: 17s - loss: 1.1970 - acc: 0.5164
3136/3458 [==========================>...] - ETA: 15s - loss: 1.1971 - acc: 0.5159
3168/3458 [==========================>...] - ETA: 14s - loss: 1.1969 - acc: 0.5161
3200/3458 [==========================>...] - ETA: 12s - loss: 1.1975 - acc: 0.5159
3232/3458 [===========================>..] - ETA: 11s - loss: 1.1966 - acc: 0.5164
3264/3458 [===========================>..] - ETA: 9s - loss: 1.1973 - acc: 0.5162 
3296/3458 [===========================>..] - ETA: 7s - loss: 1.1954 - acc: 0.5161
3328/3458 [===========================>..] - ETA: 6s - loss: 1.1938 - acc: 0.5174
3360/3458 [============================>.] - ETA: 4s - loss: 1.1952 - acc: 0.5185
3392/3458 [============================>.] - ETA: 3s - loss: 1.1958 - acc: 0.5171
3424/3458 [============================>.] - ETA: 1s - loss: 1.1977 - acc: 0.5164
3456/3458 [============================>.] - ETA: 0s - loss: 1.1977 - acc: 0.5159
3458/3458 [==============================] - 171s 49ms/sample - loss: 1.1976 - acc: 0.5159

 32/865 [>.............................] - ETA: 7s - loss: 1.0437 - acc: 0.5000
 64/865 [=>............................] - ETA: 7s - loss: 1.0411 - acc: 0.5312
 96/865 [==>...........................] - ETA: 7s - loss: 1.1530 - acc: 0.5000
128/865 [===>..........................] - ETA: 6s - loss: 1.1244 - acc: 0.5078
160/865 [====>.........................] - ETA: 6s - loss: 1.1328 - acc: 0.5312
192/865 [=====>........................] - ETA: 6s - loss: 1.2020 - acc: 0.5104
224/865 [======>.......................] - ETA: 5s - loss: 1.1765 - acc: 0.5312
256/865 [=======>......................] - ETA: 5s - loss: 1.1378 - acc: 0.5508
288/865 [========>.....................] - ETA: 5s - loss: 1.1538 - acc: 0.5382
320/865 [==========>...................] - ETA: 4s - loss: 1.1316 - acc: 0.5437
352/865 [===========>..................] - ETA: 4s - loss: 1.1526 - acc: 0.5369
384/865 [============>.................] - ETA: 4s - loss: 1.1516 - acc: 0.5469
416/865 [=============>................] - ETA: 4s - loss: 1.1602 - acc: 0.5457
448/865 [==============>...............] - ETA: 3s - loss: 1.1641 - acc: 0.5491
480/865 [===============>..............] - ETA: 3s - loss: 1.1775 - acc: 0.5396
512/865 [================>.............] - ETA: 3s - loss: 1.1854 - acc: 0.5371
544/865 [=================>............] - ETA: 2s - loss: 1.1676 - acc: 0.5441
576/865 [==================>...........] - ETA: 2s - loss: 1.1725 - acc: 0.5451
608/865 [====================>.........] - ETA: 2s - loss: 1.1915 - acc: 0.5395
640/865 [=====================>........] - ETA: 2s - loss: 1.1791 - acc: 0.5422
672/865 [======================>.......] - ETA: 1s - loss: 1.1812 - acc: 0.5357
704/865 [=======================>......] - ETA: 1s - loss: 1.1830 - acc: 0.5327
736/865 [========================>.....] - ETA: 1s - loss: 1.1928 - acc: 0.5272
768/865 [=========================>....] - ETA: 0s - loss: 1.1914 - acc: 0.5299
800/865 [==========================>...] - ETA: 0s - loss: 1.1952 - acc: 0.5288
832/865 [===========================>..] - ETA: 0s - loss: 1.1871 - acc: 0.5325
864/865 [============================>.] - ETA: 0s - loss: 1.1932 - acc: 0.5301
865/865 [==============================] - 8s 9ms/sample - loss: 1.1926 - acc: 0.5306

  32/3458 [..............................] - ETA: 2:47 - loss: 1.0499 - acc: 0.6875
  64/3458 [..............................] - ETA: 2:46 - loss: 0.9902 - acc: 0.6875
  96/3458 [..............................] - ETA: 2:45 - loss: 1.0825 - acc: 0.5938
 128/3458 [>.............................] - ETA: 2:43 - loss: 1.0732 - acc: 0.5859
 160/3458 [>.............................] - ETA: 2:41 - loss: 1.0448 - acc: 0.6062
 192/3458 [>.............................] - ETA: 2:40 - loss: 1.0787 - acc: 0.5625
 224/3458 [>.............................] - ETA: 2:39 - loss: 1.0399 - acc: 0.5848
 256/3458 [=>............................] - ETA: 2:38 - loss: 1.0341 - acc: 0.5898
 288/3458 [=>............................] - ETA: 2:36 - loss: 1.0224 - acc: 0.6007
 320/3458 [=>............................] - ETA: 2:35 - loss: 0.9993 - acc: 0.6125
 352/3458 [==>...........................] - ETA: 2:33 - loss: 0.9942 - acc: 0.6080
 384/3458 [==>...........................] - ETA: 2:31 - loss: 1.0006 - acc: 0.6042
 416/3458 [==>...........................] - ETA: 2:30 - loss: 0.9863 - acc: 0.6130
 448/3458 [==>...........................] - ETA: 2:28 - loss: 0.9814 - acc: 0.6116
 480/3458 [===>..........................] - ETA: 2:26 - loss: 0.9887 - acc: 0.6083
 512/3458 [===>..........................] - ETA: 2:25 - loss: 0.9766 - acc: 0.6133
 544/3458 [===>..........................] - ETA: 2:23 - loss: 0.9798 - acc: 0.6140
 576/3458 [===>..........................] - ETA: 2:21 - loss: 0.9912 - acc: 0.6076
 608/3458 [====>.........................] - ETA: 2:20 - loss: 1.0014 - acc: 0.6069
 640/3458 [====>.........................] - ETA: 2:18 - loss: 1.0038 - acc: 0.6062
 672/3458 [====>.........................] - ETA: 2:16 - loss: 1.0053 - acc: 0.6071
 704/3458 [=====>........................] - ETA: 2:15 - loss: 1.0103 - acc: 0.6051
 736/3458 [=====>........................] - ETA: 2:13 - loss: 1.0122 - acc: 0.6060
 768/3458 [=====>........................] - ETA: 2:12 - loss: 1.0073 - acc: 0.6120
 800/3458 [=====>........................] - ETA: 2:10 - loss: 1.0171 - acc: 0.6037
 832/3458 [======>.......................] - ETA: 2:09 - loss: 1.0209 - acc: 0.5998
 864/3458 [======>.......................] - ETA: 2:07 - loss: 1.0165 - acc: 0.6019
 896/3458 [======>.......................] - ETA: 2:06 - loss: 1.0208 - acc: 0.5993
 928/3458 [=======>......................] - ETA: 2:04 - loss: 1.0246 - acc: 0.5959
 960/3458 [=======>......................] - ETA: 2:03 - loss: 1.0351 - acc: 0.5938
 992/3458 [=======>......................] - ETA: 2:01 - loss: 1.0371 - acc: 0.5958
1024/3458 [=======>......................] - ETA: 2:00 - loss: 1.0350 - acc: 0.5967
1056/3458 [========>.....................] - ETA: 1:58 - loss: 1.0339 - acc: 0.5975
1088/3458 [========>.....................] - ETA: 1:56 - loss: 1.0277 - acc: 0.6048
1120/3458 [========>.....................] - ETA: 1:55 - loss: 1.0256 - acc: 0.6045
1152/3458 [========>.....................] - ETA: 1:53 - loss: 1.0252 - acc: 0.6042
1184/3458 [=========>....................] - ETA: 1:51 - loss: 1.0255 - acc: 0.6047
1216/3458 [=========>....................] - ETA: 1:50 - loss: 1.0281 - acc: 0.6036
1248/3458 [=========>....................] - ETA: 1:48 - loss: 1.0307 - acc: 0.6026
1280/3458 [==========>...................] - ETA: 1:47 - loss: 1.0302 - acc: 0.6047
1312/3458 [==========>...................] - ETA: 1:45 - loss: 1.0313 - acc: 0.6044
1344/3458 [==========>...................] - ETA: 1:44 - loss: 1.0331 - acc: 0.6049
1376/3458 [==========>...................] - ETA: 1:42 - loss: 1.0369 - acc: 0.6032
1408/3458 [===========>..................] - ETA: 1:40 - loss: 1.0376 - acc: 0.6044
1440/3458 [===========>..................] - ETA: 1:39 - loss: 1.0351 - acc: 0.6035
1472/3458 [===========>..................] - ETA: 1:37 - loss: 1.0364 - acc: 0.6060
1504/3458 [============>.................] - ETA: 1:36 - loss: 1.0321 - acc: 0.6077
1536/3458 [============>.................] - ETA: 1:34 - loss: 1.0300 - acc: 0.6081
1568/3458 [============>.................] - ETA: 1:33 - loss: 1.0305 - acc: 0.6071
1600/3458 [============>.................] - ETA: 1:31 - loss: 1.0270 - acc: 0.6087
1632/3458 [=============>................] - ETA: 1:29 - loss: 1.0273 - acc: 0.6072
1664/3458 [=============>................] - ETA: 1:28 - loss: 1.0296 - acc: 0.6058
1696/3458 [=============>................] - ETA: 1:26 - loss: 1.0249 - acc: 0.6079
1728/3458 [=============>................] - ETA: 1:25 - loss: 1.0195 - acc: 0.6105
1760/3458 [==============>...............] - ETA: 1:23 - loss: 1.0199 - acc: 0.6102
1792/3458 [==============>...............] - ETA: 1:21 - loss: 1.0177 - acc: 0.6110
1824/3458 [==============>...............] - ETA: 1:20 - loss: 1.0197 - acc: 0.6086
1856/3458 [===============>..............] - ETA: 1:18 - loss: 1.0225 - acc: 0.6067
1888/3458 [===============>..............] - ETA: 1:17 - loss: 1.0253 - acc: 0.6065
1920/3458 [===============>..............] - ETA: 1:15 - loss: 1.0210 - acc: 0.6083
1952/3458 [===============>..............] - ETA: 1:14 - loss: 1.0202 - acc: 0.6071
1984/3458 [================>.............] - ETA: 1:12 - loss: 1.0166 - acc: 0.6089
2016/3458 [================>.............] - ETA: 1:10 - loss: 1.0164 - acc: 0.6086
2048/3458 [================>.............] - ETA: 1:09 - loss: 1.0146 - acc: 0.6099
2080/3458 [=================>............] - ETA: 1:07 - loss: 1.0167 - acc: 0.6087
2112/3458 [=================>............] - ETA: 1:06 - loss: 1.0159 - acc: 0.6094
2144/3458 [=================>............] - ETA: 1:04 - loss: 1.0208 - acc: 0.6101
2176/3458 [=================>............] - ETA: 1:03 - loss: 1.0217 - acc: 0.6103
2208/3458 [==================>...........] - ETA: 1:01 - loss: 1.0250 - acc: 0.6101
2240/3458 [==================>...........] - ETA: 59s - loss: 1.0251 - acc: 0.6107 
2272/3458 [==================>...........] - ETA: 58s - loss: 1.0247 - acc: 0.6105
2304/3458 [==================>...........] - ETA: 56s - loss: 1.0222 - acc: 0.6102
2336/3458 [===================>..........] - ETA: 55s - loss: 1.0198 - acc: 0.6117
2368/3458 [===================>..........] - ETA: 53s - loss: 1.0191 - acc: 0.6128
2400/3458 [===================>..........] - ETA: 52s - loss: 1.0180 - acc: 0.6129
2432/3458 [====================>.........] - ETA: 50s - loss: 1.0192 - acc: 0.6114
2464/3458 [====================>.........] - ETA: 48s - loss: 1.0200 - acc: 0.6096
2496/3458 [====================>.........] - ETA: 47s - loss: 1.0182 - acc: 0.6106
2528/3458 [====================>.........] - ETA: 45s - loss: 1.0171 - acc: 0.6112
2560/3458 [=====================>........] - ETA: 44s - loss: 1.0160 - acc: 0.6121
2592/3458 [=====================>........] - ETA: 42s - loss: 1.0180 - acc: 0.6096
2624/3458 [=====================>........] - ETA: 41s - loss: 1.0150 - acc: 0.6101
2656/3458 [======================>.......] - ETA: 39s - loss: 1.0176 - acc: 0.6096
2688/3458 [======================>.......] - ETA: 37s - loss: 1.0189 - acc: 0.6097
2720/3458 [======================>.......] - ETA: 36s - loss: 1.0184 - acc: 0.6096
2752/3458 [======================>.......] - ETA: 34s - loss: 1.0169 - acc: 0.6101
2784/3458 [=======================>......] - ETA: 33s - loss: 1.0156 - acc: 0.6110
2816/3458 [=======================>......] - ETA: 31s - loss: 1.0150 - acc: 0.6112
2848/3458 [=======================>......] - ETA: 29s - loss: 1.0130 - acc: 0.6120
2880/3458 [=======================>......] - ETA: 28s - loss: 1.0124 - acc: 0.6122
2912/3458 [========================>.....] - ETA: 26s - loss: 1.0123 - acc: 0.6120
2944/3458 [========================>.....] - ETA: 25s - loss: 1.0114 - acc: 0.6121
2976/3458 [========================>.....] - ETA: 23s - loss: 1.0129 - acc: 0.6116
3008/3458 [=========================>....] - ETA: 22s - loss: 1.0130 - acc: 0.6120
3040/3458 [=========================>....] - ETA: 20s - loss: 1.0130 - acc: 0.6122
3072/3458 [=========================>....] - ETA: 18s - loss: 1.0120 - acc: 0.6120
3104/3458 [=========================>....] - ETA: 17s - loss: 1.0107 - acc: 0.6115
3136/3458 [==========================>...] - ETA: 15s - loss: 1.0094 - acc: 0.6119
3168/3458 [==========================>...] - ETA: 14s - loss: 1.0096 - acc: 0.6121
3200/3458 [==========================>...] - ETA: 12s - loss: 1.0079 - acc: 0.6128
3232/3458 [===========================>..] - ETA: 11s - loss: 1.0083 - acc: 0.6126
3264/3458 [===========================>..] - ETA: 9s - loss: 1.0056 - acc: 0.6146 
3296/3458 [===========================>..] - ETA: 7s - loss: 1.0051 - acc: 0.6147
3328/3458 [===========================>..] - ETA: 6s - loss: 1.0040 - acc: 0.6154
3360/3458 [============================>.] - ETA: 4s - loss: 1.0053 - acc: 0.6143
3392/3458 [============================>.] - ETA: 3s - loss: 1.0047 - acc: 0.6156
3424/3458 [============================>.] - ETA: 1s - loss: 1.0043 - acc: 0.6154
3456/3458 [============================>.] - ETA: 0s - loss: 1.0003 - acc: 0.6175
3458/3458 [==============================] - 171s 49ms/sample - loss: 1.0005 - acc: 0.6174

 32/865 [>.............................] - ETA: 7s - loss: 1.1303 - acc: 0.5000
 64/865 [=>............................] - ETA: 7s - loss: 1.2054 - acc: 0.5312
 96/865 [==>...........................] - ETA: 6s - loss: 1.2410 - acc: 0.5000
128/865 [===>..........................] - ETA: 6s - loss: 1.2182 - acc: 0.5078
160/865 [====>.........................] - ETA: 6s - loss: 1.1824 - acc: 0.5375
192/865 [=====>........................] - ETA: 6s - loss: 1.2257 - acc: 0.5104
224/865 [======>.......................] - ETA: 5s - loss: 1.1953 - acc: 0.5312
256/865 [=======>......................] - ETA: 5s - loss: 1.1598 - acc: 0.5508
288/865 [========>.....................] - ETA: 5s - loss: 1.1838 - acc: 0.5243
320/865 [==========>...................] - ETA: 4s - loss: 1.1537 - acc: 0.5375
352/865 [===========>..................] - ETA: 4s - loss: 1.1652 - acc: 0.5369
384/865 [============>.................] - ETA: 4s - loss: 1.1647 - acc: 0.5365
416/865 [=============>................] - ETA: 4s - loss: 1.1737 - acc: 0.5337
448/865 [==============>...............] - ETA: 3s - loss: 1.1910 - acc: 0.5290
480/865 [===============>..............] - ETA: 3s - loss: 1.2193 - acc: 0.5208
512/865 [================>.............] - ETA: 3s - loss: 1.2222 - acc: 0.5176
544/865 [=================>............] - ETA: 2s - loss: 1.2167 - acc: 0.5184
576/865 [==================>...........] - ETA: 2s - loss: 1.2155 - acc: 0.5191
608/865 [====================>.........] - ETA: 2s - loss: 1.2362 - acc: 0.5132
640/865 [=====================>........] - ETA: 2s - loss: 1.2224 - acc: 0.5188
672/865 [======================>.......] - ETA: 1s - loss: 1.2238 - acc: 0.5149
704/865 [=======================>......] - ETA: 1s - loss: 1.2245 - acc: 0.5128
736/865 [========================>.....] - ETA: 1s - loss: 1.2373 - acc: 0.5122
768/865 [=========================>....] - ETA: 0s - loss: 1.2412 - acc: 0.5104
800/865 [==========================>...] - ETA: 0s - loss: 1.2515 - acc: 0.5100
832/865 [===========================>..] - ETA: 0s - loss: 1.2460 - acc: 0.5132
864/865 [============================>.] - ETA: 0s - loss: 1.2487 - acc: 0.5150
865/865 [==============================] - 8s 9ms/sample - loss: 1.2476 - acc: 0.5156

  32/3458 [..............................] - ETA: 2:48 - loss: 0.8818 - acc: 0.7188
  64/3458 [..............................] - ETA: 2:45 - loss: 0.8229 - acc: 0.7031
  96/3458 [..............................] - ETA: 2:44 - loss: 0.7367 - acc: 0.7292
 128/3458 [>.............................] - ETA: 2:42 - loss: 0.7975 - acc: 0.6797
 160/3458 [>.............................] - ETA: 2:41 - loss: 0.8153 - acc: 0.6687
 192/3458 [>.............................] - ETA: 2:40 - loss: 0.7823 - acc: 0.6771
 224/3458 [>.............................] - ETA: 2:39 - loss: 0.7912 - acc: 0.6741
 256/3458 [=>............................] - ETA: 2:38 - loss: 0.7821 - acc: 0.6797
 288/3458 [=>............................] - ETA: 2:36 - loss: 0.8293 - acc: 0.6736
 320/3458 [=>............................] - ETA: 2:34 - loss: 0.8531 - acc: 0.6656
 352/3458 [==>...........................] - ETA: 2:32 - loss: 0.8377 - acc: 0.6818
 384/3458 [==>...........................] - ETA: 2:30 - loss: 0.8315 - acc: 0.6849
 416/3458 [==>...........................] - ETA: 2:29 - loss: 0.8180 - acc: 0.6923
 448/3458 [==>...........................] - ETA: 2:27 - loss: 0.8311 - acc: 0.6853
 480/3458 [===>..........................] - ETA: 2:26 - loss: 0.8308 - acc: 0.6854
 512/3458 [===>..........................] - ETA: 2:24 - loss: 0.8262 - acc: 0.6855
 544/3458 [===>..........................] - ETA: 2:22 - loss: 0.8260 - acc: 0.6875
 576/3458 [===>..........................] - ETA: 2:21 - loss: 0.8260 - acc: 0.6875
 608/3458 [====>.........................] - ETA: 2:19 - loss: 0.8248 - acc: 0.6859
 640/3458 [====>.........................] - ETA: 2:18 - loss: 0.8231 - acc: 0.6859
 672/3458 [====>.........................] - ETA: 2:16 - loss: 0.8259 - acc: 0.6845
 704/3458 [=====>........................] - ETA: 2:14 - loss: 0.8235 - acc: 0.6847
 736/3458 [=====>........................] - ETA: 2:13 - loss: 0.8170 - acc: 0.6889
 768/3458 [=====>........................] - ETA: 2:11 - loss: 0.8149 - acc: 0.6914
 800/3458 [=====>........................] - ETA: 2:10 - loss: 0.8166 - acc: 0.6888
 832/3458 [======>.......................] - ETA: 2:08 - loss: 0.8147 - acc: 0.6887
 864/3458 [======>.......................] - ETA: 2:07 - loss: 0.8111 - acc: 0.6863
 896/3458 [======>.......................] - ETA: 2:05 - loss: 0.8231 - acc: 0.6775
 928/3458 [=======>......................] - ETA: 2:04 - loss: 0.8226 - acc: 0.6789
 960/3458 [=======>......................] - ETA: 2:02 - loss: 0.8253 - acc: 0.6771
 992/3458 [=======>......................] - ETA: 2:00 - loss: 0.8228 - acc: 0.6815
1024/3458 [=======>......................] - ETA: 1:59 - loss: 0.8200 - acc: 0.6826
1056/3458 [========>.....................] - ETA: 1:57 - loss: 0.8161 - acc: 0.6837
1088/3458 [========>.....................] - ETA: 1:56 - loss: 0.8047 - acc: 0.6884
1120/3458 [========>.....................] - ETA: 1:54 - loss: 0.7991 - acc: 0.6911
1152/3458 [========>.....................] - ETA: 1:52 - loss: 0.7929 - acc: 0.6953
1184/3458 [=========>....................] - ETA: 1:51 - loss: 0.7948 - acc: 0.6951
1216/3458 [=========>....................] - ETA: 1:49 - loss: 0.7909 - acc: 0.6965
1248/3458 [=========>....................] - ETA: 1:48 - loss: 0.7910 - acc: 0.6971
1280/3458 [==========>...................] - ETA: 1:46 - loss: 0.7858 - acc: 0.6992
1312/3458 [==========>...................] - ETA: 1:45 - loss: 0.7877 - acc: 0.6982
1344/3458 [==========>...................] - ETA: 1:43 - loss: 0.7831 - acc: 0.7016
1376/3458 [==========>...................] - ETA: 1:42 - loss: 0.7797 - acc: 0.7049
1408/3458 [===========>..................] - ETA: 1:40 - loss: 0.7797 - acc: 0.7053
1440/3458 [===========>..................] - ETA: 1:38 - loss: 0.7816 - acc: 0.7056
1472/3458 [===========>..................] - ETA: 1:37 - loss: 0.7787 - acc: 0.7058
1504/3458 [============>.................] - ETA: 1:35 - loss: 0.7756 - acc: 0.7081
1536/3458 [============>.................] - ETA: 1:34 - loss: 0.7754 - acc: 0.7077
1568/3458 [============>.................] - ETA: 1:32 - loss: 0.7729 - acc: 0.7085
1600/3458 [============>.................] - ETA: 1:31 - loss: 0.7779 - acc: 0.7069
1632/3458 [=============>................] - ETA: 1:29 - loss: 0.7780 - acc: 0.7059
1664/3458 [=============>................] - ETA: 1:28 - loss: 0.7767 - acc: 0.7073
1696/3458 [=============>................] - ETA: 1:26 - loss: 0.7783 - acc: 0.7070
1728/3458 [=============>................] - ETA: 1:24 - loss: 0.7758 - acc: 0.7095
1760/3458 [==============>...............] - ETA: 1:23 - loss: 0.7741 - acc: 0.7097
1792/3458 [==============>...............] - ETA: 1:21 - loss: 0.7753 - acc: 0.7098
1824/3458 [==============>...............] - ETA: 1:20 - loss: 0.7750 - acc: 0.7094
1856/3458 [===============>..............] - ETA: 1:18 - loss: 0.7710 - acc: 0.7112
1888/3458 [===============>..............] - ETA: 1:17 - loss: 0.7749 - acc: 0.7113
1920/3458 [===============>..............] - ETA: 1:15 - loss: 0.7758 - acc: 0.7094
1952/3458 [===============>..............] - ETA: 1:13 - loss: 0.7737 - acc: 0.7100
1984/3458 [================>.............] - ETA: 1:12 - loss: 0.7745 - acc: 0.7097
2016/3458 [================>.............] - ETA: 1:10 - loss: 0.7721 - acc: 0.7108
2048/3458 [================>.............] - ETA: 1:09 - loss: 0.7742 - acc: 0.7100
2080/3458 [=================>............] - ETA: 1:07 - loss: 0.7723 - acc: 0.7120
2112/3458 [=================>............] - ETA: 1:06 - loss: 0.7746 - acc: 0.7112
2144/3458 [=================>............] - ETA: 1:04 - loss: 0.7720 - acc: 0.7113
2176/3458 [=================>............] - ETA: 1:02 - loss: 0.7697 - acc: 0.7100
2208/3458 [==================>...........] - ETA: 1:01 - loss: 0.7713 - acc: 0.7092
2240/3458 [==================>...........] - ETA: 59s - loss: 0.7778 - acc: 0.7071 
2272/3458 [==================>...........] - ETA: 58s - loss: 0.7820 - acc: 0.7051
2304/3458 [==================>...........] - ETA: 56s - loss: 0.7832 - acc: 0.7057
2336/3458 [===================>..........] - ETA: 55s - loss: 0.7857 - acc: 0.7046
2368/3458 [===================>..........] - ETA: 53s - loss: 0.7851 - acc: 0.7061
2400/3458 [===================>..........] - ETA: 51s - loss: 0.7846 - acc: 0.7067
2432/3458 [====================>.........] - ETA: 50s - loss: 0.7829 - acc: 0.7060
2464/3458 [====================>.........] - ETA: 48s - loss: 0.7833 - acc: 0.7062
2496/3458 [====================>.........] - ETA: 47s - loss: 0.7846 - acc: 0.7063
2528/3458 [====================>.........] - ETA: 45s - loss: 0.7861 - acc: 0.7049
2560/3458 [=====================>........] - ETA: 44s - loss: 0.7855 - acc: 0.7051
2592/3458 [=====================>........] - ETA: 42s - loss: 0.7841 - acc: 0.7064
2624/3458 [=====================>........] - ETA: 40s - loss: 0.7833 - acc: 0.7077
2656/3458 [======================>.......] - ETA: 39s - loss: 0.7830 - acc: 0.7075
2688/3458 [======================>.......] - ETA: 37s - loss: 0.7845 - acc: 0.7061
2720/3458 [======================>.......] - ETA: 36s - loss: 0.7852 - acc: 0.7059
2752/3458 [======================>.......] - ETA: 34s - loss: 0.7827 - acc: 0.7071
2784/3458 [=======================>......] - ETA: 33s - loss: 0.7802 - acc: 0.7080
2816/3458 [=======================>......] - ETA: 31s - loss: 0.7829 - acc: 0.7063
2848/3458 [=======================>......] - ETA: 29s - loss: 0.7806 - acc: 0.7079
2880/3458 [=======================>......] - ETA: 28s - loss: 0.7795 - acc: 0.7080
2912/3458 [========================>.....] - ETA: 26s - loss: 0.7791 - acc: 0.7074
2944/3458 [========================>.....] - ETA: 25s - loss: 0.7786 - acc: 0.7082
2976/3458 [========================>.....] - ETA: 23s - loss: 0.7798 - acc: 0.7080
3008/3458 [=========================>....] - ETA: 22s - loss: 0.7788 - acc: 0.7084
3040/3458 [=========================>....] - ETA: 20s - loss: 0.7785 - acc: 0.7079
3072/3458 [=========================>....] - ETA: 18s - loss: 0.7759 - acc: 0.7080
3104/3458 [=========================>....] - ETA: 17s - loss: 0.7783 - acc: 0.7068
3136/3458 [==========================>...] - ETA: 15s - loss: 0.7792 - acc: 0.7070
3168/3458 [==========================>...] - ETA: 14s - loss: 0.7810 - acc: 0.7061
3200/3458 [==========================>...] - ETA: 12s - loss: 0.7854 - acc: 0.7044
3232/3458 [===========================>..] - ETA: 11s - loss: 0.7845 - acc: 0.7054
3264/3458 [===========================>..] - ETA: 9s - loss: 0.7849 - acc: 0.7050 
3296/3458 [===========================>..] - ETA: 7s - loss: 0.7849 - acc: 0.7042
3328/3458 [===========================>..] - ETA: 6s - loss: 0.7856 - acc: 0.7037
3360/3458 [============================>.] - ETA: 4s - loss: 0.7848 - acc: 0.7048
3392/3458 [============================>.] - ETA: 3s - loss: 0.7838 - acc: 0.7049
3424/3458 [============================>.] - ETA: 1s - loss: 0.7836 - acc: 0.7050
3456/3458 [============================>.] - ETA: 0s - loss: 0.7827 - acc: 0.7057
3458/3458 [==============================] - 171s 49ms/sample - loss: 0.7834 - acc: 0.7053

 32/865 [>.............................] - ETA: 7s - loss: 1.1878 - acc: 0.5312
 64/865 [=>............................] - ETA: 7s - loss: 1.3159 - acc: 0.4531
 96/865 [==>...........................] - ETA: 6s - loss: 1.3158 - acc: 0.5000
128/865 [===>..........................] - ETA: 6s - loss: 1.3118 - acc: 0.5000
160/865 [====>.........................] - ETA: 6s - loss: 1.3259 - acc: 0.4688
192/865 [=====>........................] - ETA: 6s - loss: 1.3469 - acc: 0.4635
224/865 [======>.......................] - ETA: 5s - loss: 1.2950 - acc: 0.4955
256/865 [=======>......................] - ETA: 5s - loss: 1.2624 - acc: 0.5117
288/865 [========>.....................] - ETA: 5s - loss: 1.3223 - acc: 0.4931
320/865 [==========>...................] - ETA: 4s - loss: 1.2829 - acc: 0.5094
352/865 [===========>..................] - ETA: 4s - loss: 1.2776 - acc: 0.5057
384/865 [============>.................] - ETA: 4s - loss: 1.2666 - acc: 0.5130
416/865 [=============>................] - ETA: 4s - loss: 1.2820 - acc: 0.5096
448/865 [==============>...............] - ETA: 3s - loss: 1.2977 - acc: 0.5067
480/865 [===============>..............] - ETA: 3s - loss: 1.3174 - acc: 0.5042
512/865 [================>.............] - ETA: 3s - loss: 1.3184 - acc: 0.5020
544/865 [=================>............] - ETA: 2s - loss: 1.3089 - acc: 0.5055
576/865 [==================>...........] - ETA: 2s - loss: 1.3216 - acc: 0.5035
608/865 [====================>.........] - ETA: 2s - loss: 1.3493 - acc: 0.4934
640/865 [=====================>........] - ETA: 2s - loss: 1.3440 - acc: 0.4953
672/865 [======================>.......] - ETA: 1s - loss: 1.3485 - acc: 0.4926
704/865 [=======================>......] - ETA: 1s - loss: 1.3500 - acc: 0.4929
736/865 [========================>.....] - ETA: 1s - loss: 1.3667 - acc: 0.4918
768/865 [=========================>....] - ETA: 0s - loss: 1.3689 - acc: 0.4935
800/865 [==========================>...] - ETA: 0s - loss: 1.3715 - acc: 0.4925
832/865 [===========================>..] - ETA: 0s - loss: 1.3717 - acc: 0.4952
864/865 [============================>.] - ETA: 0s - loss: 1.3634 - acc: 0.4988
865/865 [==============================] - 8s 9ms/sample - loss: 1.3626 - acc: 0.4994
