For Dropout_1=0.7 Dropout_2=0.1
daisy loaded
dandelion loaded
rose loaded
sunflower loaded
tulip loaded

  32/3458 [..............................] - ETA: 3:12 - loss: 1.5758 - acc: 0.2812
  64/3458 [..............................] - ETA: 2:59 - loss: 7.4532 - acc: 0.2656
  96/3458 [..............................] - ETA: 2:52 - loss: 10.7401 - acc: 0.3229
 128/3458 [>.............................] - ETA: 2:50 - loss: 11.0691 - acc: 0.2969
 160/3458 [>.............................] - ETA: 2:48 - loss: 9.6433 - acc: 0.2625 
 192/3458 [>.............................] - ETA: 2:45 - loss: 8.3093 - acc: 0.2812
 224/3458 [>.............................] - ETA: 2:43 - loss: 7.3607 - acc: 0.2589
 256/3458 [=>............................] - ETA: 2:41 - loss: 6.6310 - acc: 0.2539
 288/3458 [=>............................] - ETA: 2:39 - loss: 6.0637 - acc: 0.2535
 320/3458 [=>............................] - ETA: 2:37 - loss: 5.6076 - acc: 0.2625
 352/3458 [==>...........................] - ETA: 2:35 - loss: 5.2281 - acc: 0.2642
 384/3458 [==>...........................] - ETA: 2:33 - loss: 4.9201 - acc: 0.2630
 416/3458 [==>...........................] - ETA: 2:31 - loss: 4.6537 - acc: 0.2740
 448/3458 [==>...........................] - ETA: 2:30 - loss: 4.4135 - acc: 0.2879
 480/3458 [===>..........................] - ETA: 2:28 - loss: 4.2179 - acc: 0.2833
 512/3458 [===>..........................] - ETA: 2:26 - loss: 4.0447 - acc: 0.2910
 544/3458 [===>..........................] - ETA: 2:25 - loss: 3.8836 - acc: 0.2941
 576/3458 [===>..........................] - ETA: 2:23 - loss: 3.7426 - acc: 0.3038
 608/3458 [====>.........................] - ETA: 2:21 - loss: 3.6160 - acc: 0.3109
 640/3458 [====>.........................] - ETA: 2:20 - loss: 3.5071 - acc: 0.3078
 672/3458 [====>.........................] - ETA: 2:18 - loss: 3.4084 - acc: 0.3065
 704/3458 [=====>........................] - ETA: 2:16 - loss: 3.3123 - acc: 0.3111
 736/3458 [=====>........................] - ETA: 2:15 - loss: 3.2334 - acc: 0.3111
 768/3458 [=====>........................] - ETA: 2:13 - loss: 3.1539 - acc: 0.3151
 800/3458 [=====>........................] - ETA: 2:12 - loss: 3.0770 - acc: 0.3200
 832/3458 [======>.......................] - ETA: 2:10 - loss: 3.0125 - acc: 0.3197
 864/3458 [======>.......................] - ETA: 2:08 - loss: 2.9513 - acc: 0.3218
 896/3458 [======>.......................] - ETA: 2:07 - loss: 2.9064 - acc: 0.3192
 928/3458 [=======>......................] - ETA: 2:06 - loss: 2.8613 - acc: 0.3211
 960/3458 [=======>......................] - ETA: 2:05 - loss: 2.8080 - acc: 0.3260
 992/3458 [=======>......................] - ETA: 2:03 - loss: 2.7586 - acc: 0.3296
1024/3458 [=======>......................] - ETA: 2:02 - loss: 2.7165 - acc: 0.3340
1056/3458 [========>.....................] - ETA: 2:00 - loss: 2.6737 - acc: 0.3286
1088/3458 [========>.....................] - ETA: 1:58 - loss: 2.6374 - acc: 0.3281
1120/3458 [========>.....................] - ETA: 1:57 - loss: 2.6000 - acc: 0.3313
1152/3458 [========>.....................] - ETA: 1:55 - loss: 2.5624 - acc: 0.3342
1184/3458 [=========>....................] - ETA: 1:53 - loss: 2.5254 - acc: 0.3395
1216/3458 [=========>....................] - ETA: 1:52 - loss: 2.4946 - acc: 0.3405
1248/3458 [=========>....................] - ETA: 1:50 - loss: 2.4716 - acc: 0.3478
1280/3458 [==========>...................] - ETA: 1:48 - loss: 2.4440 - acc: 0.3492
1312/3458 [==========>...................] - ETA: 1:47 - loss: 2.4153 - acc: 0.3514
1344/3458 [==========>...................] - ETA: 1:45 - loss: 2.3882 - acc: 0.3519
1376/3458 [==========>...................] - ETA: 1:43 - loss: 2.3633 - acc: 0.3539
1408/3458 [===========>..................] - ETA: 1:42 - loss: 2.3365 - acc: 0.3587
1440/3458 [===========>..................] - ETA: 1:40 - loss: 2.3140 - acc: 0.3618
1472/3458 [===========>..................] - ETA: 1:39 - loss: 2.2919 - acc: 0.3621
1504/3458 [============>.................] - ETA: 1:37 - loss: 2.2676 - acc: 0.3650
1536/3458 [============>.................] - ETA: 1:35 - loss: 2.2439 - acc: 0.3698
1568/3458 [============>.................] - ETA: 1:34 - loss: 2.2240 - acc: 0.3699
1600/3458 [============>.................] - ETA: 1:32 - loss: 2.2019 - acc: 0.3738
1632/3458 [=============>................] - ETA: 1:31 - loss: 2.1848 - acc: 0.3750
1664/3458 [=============>................] - ETA: 1:29 - loss: 2.1700 - acc: 0.3738
1696/3458 [=============>................] - ETA: 1:27 - loss: 2.1489 - acc: 0.3768
1728/3458 [=============>................] - ETA: 1:26 - loss: 2.1360 - acc: 0.3785
1760/3458 [==============>...............] - ETA: 1:24 - loss: 2.1196 - acc: 0.3790
1792/3458 [==============>...............] - ETA: 1:23 - loss: 2.1022 - acc: 0.3811
1824/3458 [==============>...............] - ETA: 1:21 - loss: 2.0941 - acc: 0.3799
1856/3458 [===============>..............] - ETA: 1:19 - loss: 2.0799 - acc: 0.3820
1888/3458 [===============>..............] - ETA: 1:18 - loss: 2.0688 - acc: 0.3835
1920/3458 [===============>..............] - ETA: 1:16 - loss: 2.0567 - acc: 0.3844
1952/3458 [===============>..............] - ETA: 1:14 - loss: 2.0438 - acc: 0.3868
1984/3458 [================>.............] - ETA: 1:13 - loss: 2.0317 - acc: 0.3881
2016/3458 [================>.............] - ETA: 1:11 - loss: 2.0182 - acc: 0.3899
2048/3458 [================>.............] - ETA: 1:10 - loss: 2.0039 - acc: 0.3931
2080/3458 [=================>............] - ETA: 1:08 - loss: 1.9904 - acc: 0.3957
2112/3458 [=================>............] - ETA: 1:06 - loss: 1.9829 - acc: 0.3954
2144/3458 [=================>............] - ETA: 1:05 - loss: 1.9696 - acc: 0.3951
2176/3458 [=================>............] - ETA: 1:03 - loss: 1.9643 - acc: 0.3948
2208/3458 [==================>...........] - ETA: 1:02 - loss: 1.9570 - acc: 0.3963
2240/3458 [==================>...........] - ETA: 1:00 - loss: 1.9468 - acc: 0.3978
2272/3458 [==================>...........] - ETA: 58s - loss: 1.9369 - acc: 0.3983 
2304/3458 [==================>...........] - ETA: 57s - loss: 1.9259 - acc: 0.3980
2336/3458 [===================>..........] - ETA: 55s - loss: 1.9139 - acc: 0.4007
2368/3458 [===================>..........] - ETA: 54s - loss: 1.9066 - acc: 0.4020
2400/3458 [===================>..........] - ETA: 52s - loss: 1.8936 - acc: 0.4054
2432/3458 [====================>.........] - ETA: 50s - loss: 1.8858 - acc: 0.4067
2464/3458 [====================>.........] - ETA: 49s - loss: 1.8772 - acc: 0.4071
2496/3458 [====================>.........] - ETA: 47s - loss: 1.8693 - acc: 0.4075
2528/3458 [====================>.........] - ETA: 46s - loss: 1.8589 - acc: 0.4094
2560/3458 [=====================>........] - ETA: 44s - loss: 1.8560 - acc: 0.4098
2592/3458 [=====================>........] - ETA: 43s - loss: 1.8498 - acc: 0.4090
2624/3458 [=====================>........] - ETA: 41s - loss: 1.8420 - acc: 0.4104
2656/3458 [======================>.......] - ETA: 39s - loss: 1.8335 - acc: 0.4100
2688/3458 [======================>.......] - ETA: 38s - loss: 1.8268 - acc: 0.4107
2720/3458 [======================>.......] - ETA: 36s - loss: 1.8203 - acc: 0.4125
2752/3458 [======================>.......] - ETA: 35s - loss: 1.8141 - acc: 0.4121
2784/3458 [=======================>......] - ETA: 33s - loss: 1.8051 - acc: 0.4138
2816/3458 [=======================>......] - ETA: 31s - loss: 1.7984 - acc: 0.4148
2848/3458 [=======================>......] - ETA: 30s - loss: 1.7908 - acc: 0.4175
2880/3458 [=======================>......] - ETA: 28s - loss: 1.7885 - acc: 0.4177
2912/3458 [========================>.....] - ETA: 27s - loss: 1.7820 - acc: 0.4193
2944/3458 [========================>.....] - ETA: 25s - loss: 1.7757 - acc: 0.4209
2976/3458 [========================>.....] - ETA: 23s - loss: 1.7705 - acc: 0.4210
3008/3458 [=========================>....] - ETA: 22s - loss: 1.7634 - acc: 0.4219
3040/3458 [=========================>....] - ETA: 20s - loss: 1.7566 - acc: 0.4220
3072/3458 [=========================>....] - ETA: 19s - loss: 1.7492 - acc: 0.4245
3104/3458 [=========================>....] - ETA: 17s - loss: 1.7407 - acc: 0.4272
3136/3458 [==========================>...] - ETA: 15s - loss: 1.7336 - acc: 0.4295
3168/3458 [==========================>...] - ETA: 14s - loss: 1.7289 - acc: 0.4312
3200/3458 [==========================>...] - ETA: 12s - loss: 1.7199 - acc: 0.4344
3232/3458 [===========================>..] - ETA: 11s - loss: 1.7162 - acc: 0.4338
3264/3458 [===========================>..] - ETA: 9s - loss: 1.7102 - acc: 0.4344 
3296/3458 [===========================>..] - ETA: 8s - loss: 1.7053 - acc: 0.4348
3328/3458 [===========================>..] - ETA: 6s - loss: 1.6992 - acc: 0.4360
3360/3458 [============================>.] - ETA: 4s - loss: 1.6977 - acc: 0.4348
3392/3458 [============================>.] - ETA: 3s - loss: 1.6923 - acc: 0.4360
3424/3458 [============================>.] - ETA: 1s - loss: 1.6860 - acc: 0.4372
3456/3458 [============================>.] - ETA: 0s - loss: 1.6803 - acc: 0.4384
3458/3458 [==============================] - 172s 50ms/sample - loss: 1.6806 - acc: 0.4381

 32/865 [>.............................] - ETA: 8s - loss: 1.1757 - acc: 0.5938
 64/865 [=>............................] - ETA: 7s - loss: 1.2326 - acc: 0.5469
 96/865 [==>...........................] - ETA: 7s - loss: 1.2285 - acc: 0.4896
128/865 [===>..........................] - ETA: 6s - loss: 1.1920 - acc: 0.5156
160/865 [====>.........................] - ETA: 6s - loss: 1.2389 - acc: 0.4875
192/865 [=====>........................] - ETA: 6s - loss: 1.2387 - acc: 0.4688
224/865 [======>.......................] - ETA: 5s - loss: 1.2466 - acc: 0.4688
256/865 [=======>......................] - ETA: 5s - loss: 1.2455 - acc: 0.4648
288/865 [========>.....................] - ETA: 5s - loss: 1.2705 - acc: 0.4618
320/865 [==========>...................] - ETA: 4s - loss: 1.2922 - acc: 0.4594
352/865 [===========>..................] - ETA: 4s - loss: 1.2828 - acc: 0.4659
384/865 [============>.................] - ETA: 4s - loss: 1.2729 - acc: 0.4766
416/865 [=============>................] - ETA: 4s - loss: 1.2826 - acc: 0.4784
448/865 [==============>...............] - ETA: 3s - loss: 1.2847 - acc: 0.4710
480/865 [===============>..............] - ETA: 3s - loss: 1.2789 - acc: 0.4771
512/865 [================>.............] - ETA: 3s - loss: 1.2782 - acc: 0.4746
544/865 [=================>............] - ETA: 2s - loss: 1.2660 - acc: 0.4798
576/865 [==================>...........] - ETA: 2s - loss: 1.2511 - acc: 0.4878
608/865 [====================>.........] - ETA: 2s - loss: 1.2602 - acc: 0.4868
640/865 [=====================>........] - ETA: 2s - loss: 1.2601 - acc: 0.4891
672/865 [======================>.......] - ETA: 1s - loss: 1.2566 - acc: 0.4866
704/865 [=======================>......] - ETA: 1s - loss: 1.2558 - acc: 0.4815
736/865 [========================>.....] - ETA: 1s - loss: 1.2507 - acc: 0.4837
768/865 [=========================>....] - ETA: 0s - loss: 1.2513 - acc: 0.4805
800/865 [==========================>...] - ETA: 0s - loss: 1.2484 - acc: 0.4762
832/865 [===========================>..] - ETA: 0s - loss: 1.2467 - acc: 0.4796
864/865 [============================>.] - ETA: 0s - loss: 1.2505 - acc: 0.4803
865/865 [==============================] - 8s 9ms/sample - loss: 1.2516 - acc: 0.4798

  32/3458 [..............................] - ETA: 2:45 - loss: 1.2078 - acc: 0.5312
  64/3458 [..............................] - ETA: 2:47 - loss: 1.2260 - acc: 0.4844
  96/3458 [..............................] - ETA: 2:45 - loss: 1.4681 - acc: 0.4167
 128/3458 [>.............................] - ETA: 2:44 - loss: 1.4549 - acc: 0.4531
 160/3458 [>.............................] - ETA: 2:43 - loss: 1.4049 - acc: 0.4500
 192/3458 [>.............................] - ETA: 2:41 - loss: 1.3735 - acc: 0.4688
 224/3458 [>.............................] - ETA: 2:39 - loss: 1.3489 - acc: 0.4732
 256/3458 [=>............................] - ETA: 2:38 - loss: 1.3115 - acc: 0.4844
 288/3458 [=>............................] - ETA: 2:37 - loss: 1.3037 - acc: 0.4722
 320/3458 [=>............................] - ETA: 2:35 - loss: 1.2917 - acc: 0.4719
 352/3458 [==>...........................] - ETA: 2:33 - loss: 1.2993 - acc: 0.4631
 384/3458 [==>...........................] - ETA: 2:31 - loss: 1.2995 - acc: 0.4714
 416/3458 [==>...........................] - ETA: 2:30 - loss: 1.2987 - acc: 0.4615
 448/3458 [==>...........................] - ETA: 2:28 - loss: 1.2969 - acc: 0.4643
 480/3458 [===>..........................] - ETA: 2:26 - loss: 1.2813 - acc: 0.4750
 512/3458 [===>..........................] - ETA: 2:25 - loss: 1.2652 - acc: 0.4863
 544/3458 [===>..........................] - ETA: 2:23 - loss: 1.2593 - acc: 0.4835
 576/3458 [===>..........................] - ETA: 2:22 - loss: 1.2476 - acc: 0.4861
 608/3458 [====>.........................] - ETA: 2:20 - loss: 1.2529 - acc: 0.4836
 640/3458 [====>.........................] - ETA: 2:19 - loss: 1.2558 - acc: 0.4797
 672/3458 [====>.........................] - ETA: 2:17 - loss: 1.2525 - acc: 0.4807
 704/3458 [=====>........................] - ETA: 2:15 - loss: 1.2565 - acc: 0.4815
 736/3458 [=====>........................] - ETA: 2:14 - loss: 1.2478 - acc: 0.4851
 768/3458 [=====>........................] - ETA: 2:12 - loss: 1.2425 - acc: 0.4857
 800/3458 [=====>........................] - ETA: 2:11 - loss: 1.2427 - acc: 0.4863
 832/3458 [======>.......................] - ETA: 2:09 - loss: 1.2454 - acc: 0.4892
 864/3458 [======>.......................] - ETA: 2:07 - loss: 1.2388 - acc: 0.4896
 896/3458 [======>.......................] - ETA: 2:06 - loss: 1.2378 - acc: 0.4877
 928/3458 [=======>......................] - ETA: 2:04 - loss: 1.2421 - acc: 0.4860
 960/3458 [=======>......................] - ETA: 2:03 - loss: 1.2338 - acc: 0.4938
 992/3458 [=======>......................] - ETA: 2:01 - loss: 1.2287 - acc: 0.4990
1024/3458 [=======>......................] - ETA: 1:59 - loss: 1.2311 - acc: 0.4990
1056/3458 [========>.....................] - ETA: 1:58 - loss: 1.2162 - acc: 0.5066
1088/3458 [========>.....................] - ETA: 1:56 - loss: 1.2116 - acc: 0.5092
1120/3458 [========>.....................] - ETA: 1:55 - loss: 1.2080 - acc: 0.5152
1152/3458 [========>.....................] - ETA: 1:53 - loss: 1.2027 - acc: 0.5165
1184/3458 [=========>....................] - ETA: 1:52 - loss: 1.1996 - acc: 0.5169
1216/3458 [=========>....................] - ETA: 1:50 - loss: 1.1912 - acc: 0.5214
1248/3458 [=========>....................] - ETA: 1:48 - loss: 1.1880 - acc: 0.5232
1280/3458 [==========>...................] - ETA: 1:47 - loss: 1.1928 - acc: 0.5227
1312/3458 [==========>...................] - ETA: 1:45 - loss: 1.1868 - acc: 0.5244
1344/3458 [==========>...................] - ETA: 1:44 - loss: 1.1858 - acc: 0.5253
1376/3458 [==========>...................] - ETA: 1:42 - loss: 1.1820 - acc: 0.5262
1408/3458 [===========>..................] - ETA: 1:41 - loss: 1.1762 - acc: 0.5263
1440/3458 [===========>..................] - ETA: 1:39 - loss: 1.1742 - acc: 0.5271
1472/3458 [===========>..................] - ETA: 1:37 - loss: 1.1732 - acc: 0.5285
1504/3458 [============>.................] - ETA: 1:36 - loss: 1.1677 - acc: 0.5312
1536/3458 [============>.................] - ETA: 1:34 - loss: 1.1730 - acc: 0.5299
1568/3458 [============>.................] - ETA: 1:33 - loss: 1.1715 - acc: 0.5287
1600/3458 [============>.................] - ETA: 1:31 - loss: 1.1679 - acc: 0.5300
1632/3458 [=============>................] - ETA: 1:29 - loss: 1.1679 - acc: 0.5282
1664/3458 [=============>................] - ETA: 1:28 - loss: 1.1657 - acc: 0.5312
1696/3458 [=============>................] - ETA: 1:26 - loss: 1.1627 - acc: 0.5330
1728/3458 [=============>................] - ETA: 1:25 - loss: 1.1636 - acc: 0.5312
1760/3458 [==============>...............] - ETA: 1:23 - loss: 1.1686 - acc: 0.5273
1792/3458 [==============>...............] - ETA: 1:22 - loss: 1.1657 - acc: 0.5285
1824/3458 [==============>...............] - ETA: 1:20 - loss: 1.1636 - acc: 0.5296
1856/3458 [===============>..............] - ETA: 1:18 - loss: 1.1605 - acc: 0.5339
1888/3458 [===============>..............] - ETA: 1:17 - loss: 1.1611 - acc: 0.5339
1920/3458 [===============>..............] - ETA: 1:15 - loss: 1.1598 - acc: 0.5354
1952/3458 [===============>..............] - ETA: 1:14 - loss: 1.1551 - acc: 0.5364
1984/3458 [================>.............] - ETA: 1:12 - loss: 1.1541 - acc: 0.5353
2016/3458 [================>.............] - ETA: 1:10 - loss: 1.1536 - acc: 0.5347
2048/3458 [================>.............] - ETA: 1:09 - loss: 1.1502 - acc: 0.5361
2080/3458 [=================>............] - ETA: 1:07 - loss: 1.1481 - acc: 0.5375
2112/3458 [=================>............] - ETA: 1:06 - loss: 1.1462 - acc: 0.5369
2144/3458 [=================>............] - ETA: 1:04 - loss: 1.1420 - acc: 0.5382
2176/3458 [=================>............] - ETA: 1:03 - loss: 1.1418 - acc: 0.5381
2208/3458 [==================>...........] - ETA: 1:01 - loss: 1.1413 - acc: 0.5367
2240/3458 [==================>...........] - ETA: 1:00 - loss: 1.1382 - acc: 0.5384
2272/3458 [==================>...........] - ETA: 58s - loss: 1.1328 - acc: 0.5418 
2304/3458 [==================>...........] - ETA: 56s - loss: 1.1302 - acc: 0.5425
2336/3458 [===================>..........] - ETA: 55s - loss: 1.1279 - acc: 0.5441
2368/3458 [===================>..........] - ETA: 53s - loss: 1.1263 - acc: 0.5452
2400/3458 [===================>..........] - ETA: 52s - loss: 1.1232 - acc: 0.5467
2432/3458 [====================>.........] - ETA: 50s - loss: 1.1207 - acc: 0.5481
2464/3458 [====================>.........] - ETA: 48s - loss: 1.1207 - acc: 0.5483
2496/3458 [====================>.........] - ETA: 47s - loss: 1.1243 - acc: 0.5469
2528/3458 [====================>.........] - ETA: 45s - loss: 1.1269 - acc: 0.5455
2560/3458 [=====================>........] - ETA: 44s - loss: 1.1284 - acc: 0.5453
2592/3458 [=====================>........] - ETA: 42s - loss: 1.1267 - acc: 0.5455
2624/3458 [=====================>........] - ETA: 41s - loss: 1.1267 - acc: 0.5461
2656/3458 [======================>.......] - ETA: 39s - loss: 1.1250 - acc: 0.5463
2688/3458 [======================>.......] - ETA: 37s - loss: 1.1259 - acc: 0.5461
2720/3458 [======================>.......] - ETA: 36s - loss: 1.1252 - acc: 0.5463
2752/3458 [======================>.......] - ETA: 34s - loss: 1.1240 - acc: 0.5469
2784/3458 [=======================>......] - ETA: 33s - loss: 1.1215 - acc: 0.5481
2816/3458 [=======================>......] - ETA: 31s - loss: 1.1204 - acc: 0.5479
2848/3458 [=======================>......] - ETA: 30s - loss: 1.1221 - acc: 0.5467
2880/3458 [=======================>......] - ETA: 28s - loss: 1.1209 - acc: 0.5458
2912/3458 [========================>.....] - ETA: 26s - loss: 1.1179 - acc: 0.5474
2944/3458 [========================>.....] - ETA: 25s - loss: 1.1149 - acc: 0.5482
2976/3458 [========================>.....] - ETA: 23s - loss: 1.1148 - acc: 0.5477
3008/3458 [=========================>....] - ETA: 22s - loss: 1.1115 - acc: 0.5495
3040/3458 [=========================>....] - ETA: 20s - loss: 1.1095 - acc: 0.5507
3072/3458 [=========================>....] - ETA: 19s - loss: 1.1110 - acc: 0.5508
3104/3458 [=========================>....] - ETA: 17s - loss: 1.1077 - acc: 0.5532
3136/3458 [==========================>...] - ETA: 15s - loss: 1.1078 - acc: 0.5526
3168/3458 [==========================>...] - ETA: 14s - loss: 1.1070 - acc: 0.5524
3200/3458 [==========================>...] - ETA: 12s - loss: 1.1089 - acc: 0.5531
3232/3458 [===========================>..] - ETA: 11s - loss: 1.1085 - acc: 0.5529
3264/3458 [===========================>..] - ETA: 9s - loss: 1.1062 - acc: 0.5527 
3296/3458 [===========================>..] - ETA: 7s - loss: 1.1092 - acc: 0.5513
3328/3458 [===========================>..] - ETA: 6s - loss: 1.1082 - acc: 0.5517
3360/3458 [============================>.] - ETA: 4s - loss: 1.1062 - acc: 0.5521
3392/3458 [============================>.] - ETA: 3s - loss: 1.1073 - acc: 0.5516
3424/3458 [============================>.] - ETA: 1s - loss: 1.1074 - acc: 0.5517
3456/3458 [============================>.] - ETA: 0s - loss: 1.1073 - acc: 0.5532
3458/3458 [==============================] - 171s 49ms/sample - loss: 1.1071 - acc: 0.5532

 32/865 [>.............................] - ETA: 7s - loss: 1.0389 - acc: 0.6250
 64/865 [=>............................] - ETA: 7s - loss: 0.9892 - acc: 0.6406
 96/865 [==>...........................] - ETA: 6s - loss: 1.0203 - acc: 0.6042
128/865 [===>..........................] - ETA: 6s - loss: 1.0004 - acc: 0.6094
160/865 [====>.........................] - ETA: 6s - loss: 1.0614 - acc: 0.5875
192/865 [=====>........................] - ETA: 6s - loss: 1.0360 - acc: 0.6042
224/865 [======>.......................] - ETA: 5s - loss: 1.0309 - acc: 0.6027
256/865 [=======>......................] - ETA: 5s - loss: 1.0436 - acc: 0.5859
288/865 [========>.....................] - ETA: 5s - loss: 1.0654 - acc: 0.5764
320/865 [==========>...................] - ETA: 4s - loss: 1.0670 - acc: 0.5813
352/865 [===========>..................] - ETA: 4s - loss: 1.0446 - acc: 0.5881
384/865 [============>.................] - ETA: 4s - loss: 1.0405 - acc: 0.5911
416/865 [=============>................] - ETA: 4s - loss: 1.0451 - acc: 0.5913
448/865 [==============>...............] - ETA: 3s - loss: 1.0533 - acc: 0.5826
480/865 [===============>..............] - ETA: 3s - loss: 1.0576 - acc: 0.5729
512/865 [================>.............] - ETA: 3s - loss: 1.0662 - acc: 0.5684
544/865 [=================>............] - ETA: 2s - loss: 1.0444 - acc: 0.5827
576/865 [==================>...........] - ETA: 2s - loss: 1.0431 - acc: 0.5816
608/865 [====================>.........] - ETA: 2s - loss: 1.0505 - acc: 0.5806
640/865 [=====================>........] - ETA: 2s - loss: 1.0590 - acc: 0.5750
672/865 [======================>.......] - ETA: 1s - loss: 1.0611 - acc: 0.5729
704/865 [=======================>......] - ETA: 1s - loss: 1.0700 - acc: 0.5710
736/865 [========================>.....] - ETA: 1s - loss: 1.0718 - acc: 0.5707
768/865 [=========================>....] - ETA: 0s - loss: 1.0693 - acc: 0.5768
800/865 [==========================>...] - ETA: 0s - loss: 1.0650 - acc: 0.5800
832/865 [===========================>..] - ETA: 0s - loss: 1.0622 - acc: 0.5781
864/865 [============================>.] - ETA: 0s - loss: 1.0631 - acc: 0.5764
865/865 [==============================] - 8s 9ms/sample - loss: 1.0639 - acc: 0.5757

  32/3458 [..............................] - ETA: 2:45 - loss: 0.9309 - acc: 0.5938
  64/3458 [..............................] - ETA: 2:45 - loss: 0.9939 - acc: 0.5312
  96/3458 [..............................] - ETA: 2:44 - loss: 1.0339 - acc: 0.5312
 128/3458 [>.............................] - ETA: 2:43 - loss: 0.9780 - acc: 0.5781
 160/3458 [>.............................] - ETA: 2:41 - loss: 0.9689 - acc: 0.5938
 192/3458 [>.............................] - ETA: 2:39 - loss: 0.9367 - acc: 0.6146
 224/3458 [>.............................] - ETA: 2:38 - loss: 0.9335 - acc: 0.6295
 256/3458 [=>............................] - ETA: 2:36 - loss: 0.9210 - acc: 0.6289
 288/3458 [=>............................] - ETA: 2:35 - loss: 0.9142 - acc: 0.6285
 320/3458 [=>............................] - ETA: 2:34 - loss: 0.9269 - acc: 0.6281
 352/3458 [==>...........................] - ETA: 2:32 - loss: 0.9038 - acc: 0.6392
 384/3458 [==>...........................] - ETA: 2:30 - loss: 0.9224 - acc: 0.6328
 416/3458 [==>...........................] - ETA: 2:29 - loss: 0.9237 - acc: 0.6322
 448/3458 [==>...........................] - ETA: 2:27 - loss: 0.9186 - acc: 0.6339
 480/3458 [===>..........................] - ETA: 2:26 - loss: 0.9251 - acc: 0.6375
 512/3458 [===>..........................] - ETA: 2:24 - loss: 0.9185 - acc: 0.6387
 544/3458 [===>..........................] - ETA: 2:23 - loss: 0.9167 - acc: 0.6415
 576/3458 [===>..........................] - ETA: 2:21 - loss: 0.9128 - acc: 0.6476
 608/3458 [====>.........................] - ETA: 2:19 - loss: 0.9110 - acc: 0.6497
 640/3458 [====>.........................] - ETA: 2:18 - loss: 0.9136 - acc: 0.6469
 672/3458 [====>.........................] - ETA: 2:16 - loss: 0.9272 - acc: 0.6429
 704/3458 [=====>........................] - ETA: 2:15 - loss: 0.9317 - acc: 0.6420
 736/3458 [=====>........................] - ETA: 2:13 - loss: 0.9326 - acc: 0.6399
 768/3458 [=====>........................] - ETA: 2:12 - loss: 0.9252 - acc: 0.6445
 800/3458 [=====>........................] - ETA: 2:10 - loss: 0.9199 - acc: 0.6475
 832/3458 [======>.......................] - ETA: 2:08 - loss: 0.9149 - acc: 0.6526
 864/3458 [======>.......................] - ETA: 2:07 - loss: 0.9299 - acc: 0.6481
 896/3458 [======>.......................] - ETA: 2:05 - loss: 0.9366 - acc: 0.6440
 928/3458 [=======>......................] - ETA: 2:04 - loss: 0.9335 - acc: 0.6444
 960/3458 [=======>......................] - ETA: 2:02 - loss: 0.9308 - acc: 0.6469
 992/3458 [=======>......................] - ETA: 2:01 - loss: 0.9255 - acc: 0.6512
1024/3458 [=======>......................] - ETA: 1:59 - loss: 0.9269 - acc: 0.6494
1056/3458 [========>.....................] - ETA: 1:58 - loss: 0.9315 - acc: 0.6458
1088/3458 [========>.....................] - ETA: 1:56 - loss: 0.9280 - acc: 0.6461
1120/3458 [========>.....................] - ETA: 1:55 - loss: 0.9200 - acc: 0.6491
1152/3458 [========>.....................] - ETA: 1:53 - loss: 0.9223 - acc: 0.6476
1184/3458 [=========>....................] - ETA: 1:51 - loss: 0.9188 - acc: 0.6495
1216/3458 [=========>....................] - ETA: 1:50 - loss: 0.9214 - acc: 0.6447
1248/3458 [=========>....................] - ETA: 1:48 - loss: 0.9201 - acc: 0.6474
1280/3458 [==========>...................] - ETA: 1:47 - loss: 0.9216 - acc: 0.6461
1312/3458 [==========>...................] - ETA: 1:45 - loss: 0.9238 - acc: 0.6471
1344/3458 [==========>...................] - ETA: 1:43 - loss: 0.9228 - acc: 0.6488
1376/3458 [==========>...................] - ETA: 1:42 - loss: 0.9299 - acc: 0.6453
1408/3458 [===========>..................] - ETA: 1:40 - loss: 0.9316 - acc: 0.6442
1440/3458 [===========>..................] - ETA: 1:39 - loss: 0.9328 - acc: 0.6438
1472/3458 [===========>..................] - ETA: 1:37 - loss: 0.9341 - acc: 0.6447
1504/3458 [============>.................] - ETA: 1:36 - loss: 0.9296 - acc: 0.6476
1536/3458 [============>.................] - ETA: 1:34 - loss: 0.9295 - acc: 0.6465
1568/3458 [============>.................] - ETA: 1:32 - loss: 0.9321 - acc: 0.6429
1600/3458 [============>.................] - ETA: 1:31 - loss: 0.9344 - acc: 0.6413
1632/3458 [=============>................] - ETA: 1:29 - loss: 0.9354 - acc: 0.6409
1664/3458 [=============>................] - ETA: 1:28 - loss: 0.9278 - acc: 0.6442
1696/3458 [=============>................] - ETA: 1:26 - loss: 0.9355 - acc: 0.6445
1728/3458 [=============>................] - ETA: 1:25 - loss: 0.9377 - acc: 0.6435
1760/3458 [==============>...............] - ETA: 1:23 - loss: 0.9385 - acc: 0.6432
1792/3458 [==============>...............] - ETA: 1:21 - loss: 0.9355 - acc: 0.6440
1824/3458 [==============>...............] - ETA: 1:20 - loss: 0.9326 - acc: 0.6458
1856/3458 [===============>..............] - ETA: 1:18 - loss: 0.9330 - acc: 0.6455
1888/3458 [===============>..............] - ETA: 1:17 - loss: 0.9372 - acc: 0.6409
1920/3458 [===============>..............] - ETA: 1:15 - loss: 0.9417 - acc: 0.6380
1952/3458 [===============>..............] - ETA: 1:14 - loss: 0.9410 - acc: 0.6373
1984/3458 [================>.............] - ETA: 1:12 - loss: 0.9398 - acc: 0.6391
2016/3458 [================>.............] - ETA: 1:10 - loss: 0.9396 - acc: 0.6389
2048/3458 [================>.............] - ETA: 1:09 - loss: 0.9354 - acc: 0.6411
2080/3458 [=================>............] - ETA: 1:07 - loss: 0.9379 - acc: 0.6404
2112/3458 [=================>............] - ETA: 1:06 - loss: 0.9347 - acc: 0.6425
2144/3458 [=================>............] - ETA: 1:04 - loss: 0.9319 - acc: 0.6432
2176/3458 [=================>............] - ETA: 1:03 - loss: 0.9295 - acc: 0.6452
2208/3458 [==================>...........] - ETA: 1:01 - loss: 0.9282 - acc: 0.6454
2240/3458 [==================>...........] - ETA: 59s - loss: 0.9265 - acc: 0.6469 
2272/3458 [==================>...........] - ETA: 58s - loss: 0.9238 - acc: 0.6479
2304/3458 [==================>...........] - ETA: 56s - loss: 0.9233 - acc: 0.6480
2336/3458 [===================>..........] - ETA: 55s - loss: 0.9223 - acc: 0.6485
2368/3458 [===================>..........] - ETA: 53s - loss: 0.9223 - acc: 0.6482
2400/3458 [===================>..........] - ETA: 52s - loss: 0.9213 - acc: 0.6492
2432/3458 [====================>.........] - ETA: 50s - loss: 0.9191 - acc: 0.6497
2464/3458 [====================>.........] - ETA: 48s - loss: 0.9170 - acc: 0.6518
2496/3458 [====================>.........] - ETA: 47s - loss: 0.9155 - acc: 0.6514
2528/3458 [====================>.........] - ETA: 45s - loss: 0.9157 - acc: 0.6503
2560/3458 [=====================>........] - ETA: 44s - loss: 0.9138 - acc: 0.6520
2592/3458 [=====================>........] - ETA: 42s - loss: 0.9112 - acc: 0.6520
2624/3458 [=====================>........] - ETA: 41s - loss: 0.9085 - acc: 0.6521
2656/3458 [======================>.......] - ETA: 39s - loss: 0.9123 - acc: 0.6491
2688/3458 [======================>.......] - ETA: 37s - loss: 0.9108 - acc: 0.6496
2720/3458 [======================>.......] - ETA: 36s - loss: 0.9133 - acc: 0.6496
2752/3458 [======================>.......] - ETA: 34s - loss: 0.9150 - acc: 0.6483
2784/3458 [=======================>......] - ETA: 33s - loss: 0.9154 - acc: 0.6487
2816/3458 [=======================>......] - ETA: 31s - loss: 0.9167 - acc: 0.6484
2848/3458 [=======================>......] - ETA: 30s - loss: 0.9177 - acc: 0.6475
2880/3458 [=======================>......] - ETA: 28s - loss: 0.9172 - acc: 0.6486
2912/3458 [========================>.....] - ETA: 26s - loss: 0.9185 - acc: 0.6473
2944/3458 [========================>.....] - ETA: 25s - loss: 0.9180 - acc: 0.6478
2976/3458 [========================>.....] - ETA: 23s - loss: 0.9199 - acc: 0.6472
3008/3458 [=========================>....] - ETA: 22s - loss: 0.9175 - acc: 0.6489
3040/3458 [=========================>....] - ETA: 20s - loss: 0.9155 - acc: 0.6497
3072/3458 [=========================>....] - ETA: 18s - loss: 0.9135 - acc: 0.6504
3104/3458 [=========================>....] - ETA: 17s - loss: 0.9109 - acc: 0.6508
3136/3458 [==========================>...] - ETA: 15s - loss: 0.9084 - acc: 0.6518
3168/3458 [==========================>...] - ETA: 14s - loss: 0.9087 - acc: 0.6518
3200/3458 [==========================>...] - ETA: 12s - loss: 0.9084 - acc: 0.6513
3232/3458 [===========================>..] - ETA: 11s - loss: 0.9101 - acc: 0.6516
3264/3458 [===========================>..] - ETA: 9s - loss: 0.9098 - acc: 0.6510 
3296/3458 [===========================>..] - ETA: 7s - loss: 0.9106 - acc: 0.6508
3328/3458 [===========================>..] - ETA: 6s - loss: 0.9101 - acc: 0.6502
3360/3458 [============================>.] - ETA: 4s - loss: 0.9094 - acc: 0.6512
3392/3458 [============================>.] - ETA: 3s - loss: 0.9119 - acc: 0.6501
3424/3458 [============================>.] - ETA: 1s - loss: 0.9115 - acc: 0.6498
3456/3458 [============================>.] - ETA: 0s - loss: 0.9144 - acc: 0.6487
3458/3458 [==============================] - 171s 49ms/sample - loss: 0.9147 - acc: 0.6486

 32/865 [>.............................] - ETA: 7s - loss: 0.8913 - acc: 0.6875
 64/865 [=>............................] - ETA: 7s - loss: 0.8637 - acc: 0.6719
 96/865 [==>...........................] - ETA: 6s - loss: 0.8749 - acc: 0.6562
128/865 [===>..........................] - ETA: 6s - loss: 0.8362 - acc: 0.6641
160/865 [====>.........................] - ETA: 6s - loss: 0.9100 - acc: 0.6375
192/865 [=====>........................] - ETA: 6s - loss: 0.9092 - acc: 0.6458
224/865 [======>.......................] - ETA: 5s - loss: 0.8917 - acc: 0.6518
256/865 [=======>......................] - ETA: 5s - loss: 0.9084 - acc: 0.6523
288/865 [========>.....................] - ETA: 5s - loss: 0.9400 - acc: 0.6424
320/865 [==========>...................] - ETA: 4s - loss: 0.9503 - acc: 0.6406
352/865 [===========>..................] - ETA: 4s - loss: 0.9199 - acc: 0.6591
384/865 [============>.................] - ETA: 4s - loss: 0.9118 - acc: 0.6589
416/865 [=============>................] - ETA: 3s - loss: 0.9258 - acc: 0.6514
448/865 [==============>...............] - ETA: 3s - loss: 0.9434 - acc: 0.6473
480/865 [===============>..............] - ETA: 3s - loss: 0.9462 - acc: 0.6396
512/865 [================>.............] - ETA: 3s - loss: 0.9490 - acc: 0.6387
544/865 [=================>............] - ETA: 2s - loss: 0.9247 - acc: 0.6489
576/865 [==================>...........] - ETA: 2s - loss: 0.9158 - acc: 0.6493
608/865 [====================>.........] - ETA: 2s - loss: 0.9330 - acc: 0.6480
640/865 [=====================>........] - ETA: 2s - loss: 0.9472 - acc: 0.6469
672/865 [======================>.......] - ETA: 1s - loss: 0.9491 - acc: 0.6443
704/865 [=======================>......] - ETA: 1s - loss: 0.9599 - acc: 0.6406
736/865 [========================>.....] - ETA: 1s - loss: 0.9649 - acc: 0.6399
768/865 [=========================>....] - ETA: 0s - loss: 0.9673 - acc: 0.6419
800/865 [==========================>...] - ETA: 0s - loss: 0.9639 - acc: 0.6413
832/865 [===========================>..] - ETA: 0s - loss: 0.9626 - acc: 0.6394
864/865 [============================>.] - ETA: 0s - loss: 0.9666 - acc: 0.6354
865/865 [==============================] - 8s 9ms/sample - loss: 0.9695 - acc: 0.6347

  32/3458 [..............................] - ETA: 2:45 - loss: 0.7097 - acc: 0.7188
  64/3458 [..............................] - ETA: 2:43 - loss: 0.6514 - acc: 0.7656
  96/3458 [..............................] - ETA: 2:43 - loss: 0.6423 - acc: 0.7708
 128/3458 [>.............................] - ETA: 2:43 - loss: 0.6046 - acc: 0.7891
 160/3458 [>.............................] - ETA: 2:42 - loss: 0.6276 - acc: 0.7625
 192/3458 [>.............................] - ETA: 2:39 - loss: 0.6401 - acc: 0.7656
 224/3458 [>.............................] - ETA: 2:38 - loss: 0.6358 - acc: 0.7679
 256/3458 [=>............................] - ETA: 2:36 - loss: 0.6564 - acc: 0.7578
 288/3458 [=>............................] - ETA: 2:35 - loss: 0.6721 - acc: 0.7431
 320/3458 [=>............................] - ETA: 2:34 - loss: 0.6716 - acc: 0.7375
 352/3458 [==>...........................] - ETA: 2:32 - loss: 0.6794 - acc: 0.7358
 384/3458 [==>...........................] - ETA: 2:31 - loss: 0.7042 - acc: 0.7292
 416/3458 [==>...........................] - ETA: 2:29 - loss: 0.7080 - acc: 0.7308
 448/3458 [==>...........................] - ETA: 2:28 - loss: 0.6948 - acc: 0.7321
 480/3458 [===>..........................] - ETA: 2:26 - loss: 0.6973 - acc: 0.7312
 512/3458 [===>..........................] - ETA: 2:24 - loss: 0.7010 - acc: 0.7324
 544/3458 [===>..........................] - ETA: 2:23 - loss: 0.7002 - acc: 0.7316
 576/3458 [===>..........................] - ETA: 2:21 - loss: 0.6920 - acc: 0.7326
 608/3458 [====>.........................] - ETA: 2:19 - loss: 0.7008 - acc: 0.7303
 640/3458 [====>.........................] - ETA: 2:18 - loss: 0.7131 - acc: 0.7250
 672/3458 [====>.........................] - ETA: 2:16 - loss: 0.7080 - acc: 0.7262
 704/3458 [=====>........................] - ETA: 2:15 - loss: 0.7092 - acc: 0.7188
 736/3458 [=====>........................] - ETA: 2:13 - loss: 0.7126 - acc: 0.7201
 768/3458 [=====>........................] - ETA: 2:12 - loss: 0.7111 - acc: 0.7227
 800/3458 [=====>........................] - ETA: 2:10 - loss: 0.7049 - acc: 0.7237
 832/3458 [======>.......................] - ETA: 2:08 - loss: 0.6983 - acc: 0.7284
 864/3458 [======>.......................] - ETA: 2:07 - loss: 0.7184 - acc: 0.7222
 896/3458 [======>.......................] - ETA: 2:05 - loss: 0.7202 - acc: 0.7188
 928/3458 [=======>......................] - ETA: 2:04 - loss: 0.7197 - acc: 0.7198
 960/3458 [=======>......................] - ETA: 2:02 - loss: 0.7154 - acc: 0.7198
 992/3458 [=======>......................] - ETA: 2:01 - loss: 0.7182 - acc: 0.7188
1024/3458 [=======>......................] - ETA: 1:59 - loss: 0.7194 - acc: 0.7188
1056/3458 [========>.....................] - ETA: 1:58 - loss: 0.7141 - acc: 0.7225
1088/3458 [========>.....................] - ETA: 1:56 - loss: 0.7112 - acc: 0.7233
1120/3458 [========>.....................] - ETA: 1:54 - loss: 0.7037 - acc: 0.7268
1152/3458 [========>.....................] - ETA: 1:53 - loss: 0.6981 - acc: 0.7283
1184/3458 [=========>....................] - ETA: 1:51 - loss: 0.6939 - acc: 0.7289
1216/3458 [=========>....................] - ETA: 1:50 - loss: 0.6933 - acc: 0.7303
1248/3458 [=========>....................] - ETA: 1:48 - loss: 0.6989 - acc: 0.7268
1280/3458 [==========>...................] - ETA: 1:47 - loss: 0.6972 - acc: 0.7281
1312/3458 [==========>...................] - ETA: 1:45 - loss: 0.7007 - acc: 0.7271
1344/3458 [==========>...................] - ETA: 1:43 - loss: 0.6994 - acc: 0.7284
1376/3458 [==========>...................] - ETA: 1:42 - loss: 0.6996 - acc: 0.7304
1408/3458 [===========>..................] - ETA: 1:40 - loss: 0.6995 - acc: 0.7315
1440/3458 [===========>..................] - ETA: 1:39 - loss: 0.7044 - acc: 0.7292
1472/3458 [===========>..................] - ETA: 1:37 - loss: 0.7000 - acc: 0.7323
1504/3458 [============>.................] - ETA: 1:36 - loss: 0.7073 - acc: 0.7307
1536/3458 [============>.................] - ETA: 1:34 - loss: 0.7091 - acc: 0.7285
1568/3458 [============>.................] - ETA: 1:32 - loss: 0.7085 - acc: 0.7302
1600/3458 [============>.................] - ETA: 1:31 - loss: 0.7131 - acc: 0.7287
1632/3458 [=============>................] - ETA: 1:29 - loss: 0.7121 - acc: 0.7298
1664/3458 [=============>................] - ETA: 1:28 - loss: 0.7168 - acc: 0.7290
1696/3458 [=============>................] - ETA: 1:26 - loss: 0.7158 - acc: 0.7300
1728/3458 [=============>................] - ETA: 1:25 - loss: 0.7160 - acc: 0.7297
1760/3458 [==============>...............] - ETA: 1:23 - loss: 0.7218 - acc: 0.7278
1792/3458 [==============>...............] - ETA: 1:22 - loss: 0.7187 - acc: 0.7277
1824/3458 [==============>...............] - ETA: 1:20 - loss: 0.7175 - acc: 0.7281
1856/3458 [===============>..............] - ETA: 1:18 - loss: 0.7203 - acc: 0.7274
1888/3458 [===============>..............] - ETA: 1:17 - loss: 0.7208 - acc: 0.7272
1920/3458 [===============>..............] - ETA: 1:15 - loss: 0.7182 - acc: 0.7281
1952/3458 [===============>..............] - ETA: 1:14 - loss: 0.7213 - acc: 0.7259
1984/3458 [================>.............] - ETA: 1:12 - loss: 0.7173 - acc: 0.7288
2016/3458 [================>.............] - ETA: 1:10 - loss: 0.7177 - acc: 0.7292
2048/3458 [================>.............] - ETA: 1:09 - loss: 0.7234 - acc: 0.7275
2080/3458 [=================>............] - ETA: 1:07 - loss: 0.7257 - acc: 0.7255
2112/3458 [=================>............] - ETA: 1:06 - loss: 0.7266 - acc: 0.7259
2144/3458 [=================>............] - ETA: 1:04 - loss: 0.7293 - acc: 0.7239
2176/3458 [=================>............] - ETA: 1:03 - loss: 0.7297 - acc: 0.7247
2208/3458 [==================>...........] - ETA: 1:01 - loss: 0.7305 - acc: 0.7242
2240/3458 [==================>...........] - ETA: 59s - loss: 0.7309 - acc: 0.7241 
2272/3458 [==================>...........] - ETA: 58s - loss: 0.7334 - acc: 0.7218
2304/3458 [==================>...........] - ETA: 56s - loss: 0.7342 - acc: 0.7222
2336/3458 [===================>..........] - ETA: 55s - loss: 0.7352 - acc: 0.7213
2368/3458 [===================>..........] - ETA: 53s - loss: 0.7358 - acc: 0.7209
2400/3458 [===================>..........] - ETA: 52s - loss: 0.7334 - acc: 0.7212
2432/3458 [====================>.........] - ETA: 50s - loss: 0.7314 - acc: 0.7220
2464/3458 [====================>.........] - ETA: 48s - loss: 0.7319 - acc: 0.7220
2496/3458 [====================>.........] - ETA: 47s - loss: 0.7296 - acc: 0.7236
2528/3458 [====================>.........] - ETA: 45s - loss: 0.7292 - acc: 0.7227
2560/3458 [=====================>........] - ETA: 44s - loss: 0.7307 - acc: 0.7215
2592/3458 [=====================>........] - ETA: 42s - loss: 0.7327 - acc: 0.7207
2624/3458 [=====================>........] - ETA: 41s - loss: 0.7351 - acc: 0.7195
2656/3458 [======================>.......] - ETA: 39s - loss: 0.7337 - acc: 0.7210
2688/3458 [======================>.......] - ETA: 37s - loss: 0.7337 - acc: 0.7214
2720/3458 [======================>.......] - ETA: 36s - loss: 0.7358 - acc: 0.7202
2752/3458 [======================>.......] - ETA: 34s - loss: 0.7362 - acc: 0.7206
2784/3458 [=======================>......] - ETA: 33s - loss: 0.7363 - acc: 0.7209
2816/3458 [=======================>......] - ETA: 31s - loss: 0.7377 - acc: 0.7205
2848/3458 [=======================>......] - ETA: 30s - loss: 0.7387 - acc: 0.7205
2880/3458 [=======================>......] - ETA: 28s - loss: 0.7358 - acc: 0.7226
2912/3458 [========================>.....] - ETA: 26s - loss: 0.7363 - acc: 0.7229
2944/3458 [========================>.....] - ETA: 25s - loss: 0.7361 - acc: 0.7221
2976/3458 [========================>.....] - ETA: 23s - loss: 0.7340 - acc: 0.7224
3008/3458 [=========================>....] - ETA: 22s - loss: 0.7379 - acc: 0.7214
3040/3458 [=========================>....] - ETA: 20s - loss: 0.7351 - acc: 0.7220
3072/3458 [=========================>....] - ETA: 19s - loss: 0.7335 - acc: 0.7233
3104/3458 [=========================>....] - ETA: 17s - loss: 0.7352 - acc: 0.7226
3136/3458 [==========================>...] - ETA: 15s - loss: 0.7344 - acc: 0.7229
3168/3458 [==========================>...] - ETA: 14s - loss: 0.7342 - acc: 0.7232
3200/3458 [==========================>...] - ETA: 12s - loss: 0.7351 - acc: 0.7231
3232/3458 [===========================>..] - ETA: 11s - loss: 0.7366 - acc: 0.7234
3264/3458 [===========================>..] - ETA: 9s - loss: 0.7367 - acc: 0.7237 
3296/3458 [===========================>..] - ETA: 7s - loss: 0.7340 - acc: 0.7242
3328/3458 [===========================>..] - ETA: 6s - loss: 0.7330 - acc: 0.7245
3360/3458 [============================>.] - ETA: 4s - loss: 0.7331 - acc: 0.7250
3392/3458 [============================>.] - ETA: 3s - loss: 0.7328 - acc: 0.7249
3424/3458 [============================>.] - ETA: 1s - loss: 0.7317 - acc: 0.7255
3456/3458 [============================>.] - ETA: 0s - loss: 0.7299 - acc: 0.7260
3458/3458 [==============================] - 171s 49ms/sample - loss: 0.7302 - acc: 0.7259

 32/865 [>.............................] - ETA: 7s - loss: 0.9957 - acc: 0.5938
 64/865 [=>............................] - ETA: 7s - loss: 0.9703 - acc: 0.6094
 96/865 [==>...........................] - ETA: 6s - loss: 0.9149 - acc: 0.6146
128/865 [===>..........................] - ETA: 6s - loss: 0.8724 - acc: 0.6641
160/865 [====>.........................] - ETA: 6s - loss: 0.9183 - acc: 0.6375
192/865 [=====>........................] - ETA: 6s - loss: 0.9403 - acc: 0.6250
224/865 [======>.......................] - ETA: 5s - loss: 0.9207 - acc: 0.6339
256/865 [=======>......................] - ETA: 5s - loss: 0.9124 - acc: 0.6328
288/865 [========>.....................] - ETA: 5s - loss: 0.9831 - acc: 0.6146
320/865 [==========>...................] - ETA: 4s - loss: 0.9942 - acc: 0.6125
352/865 [===========>..................] - ETA: 4s - loss: 0.9581 - acc: 0.6335
384/865 [============>.................] - ETA: 4s - loss: 0.9533 - acc: 0.6354
416/865 [=============>................] - ETA: 4s - loss: 0.9676 - acc: 0.6322
448/865 [==============>...............] - ETA: 3s - loss: 0.9898 - acc: 0.6317
480/865 [===============>..............] - ETA: 3s - loss: 0.9982 - acc: 0.6292
512/865 [================>.............] - ETA: 3s - loss: 1.0013 - acc: 0.6250
544/865 [=================>............] - ETA: 2s - loss: 0.9763 - acc: 0.6360
576/865 [==================>...........] - ETA: 2s - loss: 0.9673 - acc: 0.6406
608/865 [====================>.........] - ETA: 2s - loss: 0.9805 - acc: 0.6414
640/865 [=====================>........] - ETA: 2s - loss: 0.9923 - acc: 0.6406
672/865 [======================>.......] - ETA: 1s - loss: 0.9849 - acc: 0.6399
704/865 [=======================>......] - ETA: 1s - loss: 0.9981 - acc: 0.6335
736/865 [========================>.....] - ETA: 1s - loss: 0.9929 - acc: 0.6372
768/865 [=========================>....] - ETA: 0s - loss: 1.0195 - acc: 0.6328
800/865 [==========================>...] - ETA: 0s - loss: 1.0132 - acc: 0.6350
832/865 [===========================>..] - ETA: 0s - loss: 1.0087 - acc: 0.6358
864/865 [============================>.] - ETA: 0s - loss: 1.0356 - acc: 0.6319
865/865 [==============================] - 8s 9ms/sample - loss: 1.0371 - acc: 0.6312

  32/3458 [..............................] - ETA: 2:50 - loss: 0.5440 - acc: 0.8438
  64/3458 [..............................] - ETA: 2:49 - loss: 0.4161 - acc: 0.9219
  96/3458 [..............................] - ETA: 2:46 - loss: 0.5091 - acc: 0.8438
 128/3458 [>.............................] - ETA: 2:43 - loss: 0.4945 - acc: 0.8359
 160/3458 [>.............................] - ETA: 2:42 - loss: 0.5229 - acc: 0.8313
 192/3458 [>.............................] - ETA: 2:41 - loss: 0.5646 - acc: 0.8125
 224/3458 [>.............................] - ETA: 2:39 - loss: 0.5818 - acc: 0.8036
 256/3458 [=>............................] - ETA: 2:37 - loss: 0.5890 - acc: 0.8008
 288/3458 [=>............................] - ETA: 2:36 - loss: 0.5771 - acc: 0.7986
 320/3458 [=>............................] - ETA: 2:34 - loss: 0.5546 - acc: 0.8094
 352/3458 [==>...........................] - ETA: 2:32 - loss: 0.5608 - acc: 0.8068
 384/3458 [==>...........................] - ETA: 2:31 - loss: 0.5701 - acc: 0.8047
 416/3458 [==>...........................] - ETA: 2:29 - loss: 0.5660 - acc: 0.8053
 448/3458 [==>...........................] - ETA: 2:28 - loss: 0.5979 - acc: 0.7924
 480/3458 [===>..........................] - ETA: 2:26 - loss: 0.6020 - acc: 0.7917
 512/3458 [===>..........................] - ETA: 2:24 - loss: 0.6002 - acc: 0.7930
 544/3458 [===>..........................] - ETA: 2:23 - loss: 0.5887 - acc: 0.7996
 576/3458 [===>..........................] - ETA: 2:21 - loss: 0.5873 - acc: 0.8003
 608/3458 [====>.........................] - ETA: 2:20 - loss: 0.5873 - acc: 0.7993
 640/3458 [====>.........................] - ETA: 2:18 - loss: 0.5855 - acc: 0.8000
 672/3458 [====>.........................] - ETA: 2:16 - loss: 0.5894 - acc: 0.7946
 704/3458 [=====>........................] - ETA: 2:15 - loss: 0.5896 - acc: 0.7926
 736/3458 [=====>........................] - ETA: 2:13 - loss: 0.5968 - acc: 0.7908
 768/3458 [=====>........................] - ETA: 2:12 - loss: 0.5900 - acc: 0.7904
 800/3458 [=====>........................] - ETA: 2:10 - loss: 0.5861 - acc: 0.7912
 832/3458 [======>.......................] - ETA: 2:09 - loss: 0.5858 - acc: 0.7945
 864/3458 [======>.......................] - ETA: 2:07 - loss: 0.5855 - acc: 0.7940
 896/3458 [======>.......................] - ETA: 2:05 - loss: 0.5815 - acc: 0.7946
 928/3458 [=======>......................] - ETA: 2:04 - loss: 0.5831 - acc: 0.7920
 960/3458 [=======>......................] - ETA: 2:02 - loss: 0.5836 - acc: 0.7927
 992/3458 [=======>......................] - ETA: 2:01 - loss: 0.5796 - acc: 0.7964
1024/3458 [=======>......................] - ETA: 1:59 - loss: 0.5782 - acc: 0.7959
1056/3458 [========>.....................] - ETA: 1:58 - loss: 0.5734 - acc: 0.7973
1088/3458 [========>.....................] - ETA: 1:56 - loss: 0.5691 - acc: 0.7969
1120/3458 [========>.....................] - ETA: 1:54 - loss: 0.5666 - acc: 0.7991
1152/3458 [========>.....................] - ETA: 1:53 - loss: 0.5690 - acc: 0.7977
1184/3458 [=========>....................] - ETA: 1:51 - loss: 0.5669 - acc: 0.8007
1216/3458 [=========>....................] - ETA: 1:50 - loss: 0.5599 - acc: 0.8043
1248/3458 [=========>....................] - ETA: 1:48 - loss: 0.5656 - acc: 0.7997
1280/3458 [==========>...................] - ETA: 1:47 - loss: 0.5725 - acc: 0.7945
1312/3458 [==========>...................] - ETA: 1:45 - loss: 0.5712 - acc: 0.7957
1344/3458 [==========>...................] - ETA: 1:44 - loss: 0.5686 - acc: 0.7984
1376/3458 [==========>...................] - ETA: 1:42 - loss: 0.5680 - acc: 0.7994
1408/3458 [===========>..................] - ETA: 1:40 - loss: 0.5649 - acc: 0.8004
1440/3458 [===========>..................] - ETA: 1:39 - loss: 0.5631 - acc: 0.8000
1472/3458 [===========>..................] - ETA: 1:37 - loss: 0.5619 - acc: 0.8016
1504/3458 [============>.................] - ETA: 1:36 - loss: 0.5639 - acc: 0.8005
1536/3458 [============>.................] - ETA: 1:34 - loss: 0.5631 - acc: 0.8014
1568/3458 [============>.................] - ETA: 1:33 - loss: 0.5641 - acc: 0.8010
1600/3458 [============>.................] - ETA: 1:31 - loss: 0.5639 - acc: 0.7994
1632/3458 [=============>................] - ETA: 1:29 - loss: 0.5627 - acc: 0.7990
1664/3458 [=============>................] - ETA: 1:28 - loss: 0.5683 - acc: 0.7969
1696/3458 [=============>................] - ETA: 1:26 - loss: 0.5670 - acc: 0.7978
1728/3458 [=============>................] - ETA: 1:25 - loss: 0.5710 - acc: 0.7957
1760/3458 [==============>...............] - ETA: 1:23 - loss: 0.5731 - acc: 0.7949
1792/3458 [==============>...............] - ETA: 1:21 - loss: 0.5765 - acc: 0.7941
1824/3458 [==============>...............] - ETA: 1:20 - loss: 0.5772 - acc: 0.7944
1856/3458 [===============>..............] - ETA: 1:18 - loss: 0.5765 - acc: 0.7942
1888/3458 [===============>..............] - ETA: 1:17 - loss: 0.5840 - acc: 0.7929
1920/3458 [===============>..............] - ETA: 1:15 - loss: 0.5832 - acc: 0.7922
1952/3458 [===============>..............] - ETA: 1:14 - loss: 0.5801 - acc: 0.7925
1984/3458 [================>.............] - ETA: 1:12 - loss: 0.5802 - acc: 0.7918
2016/3458 [================>.............] - ETA: 1:10 - loss: 0.5809 - acc: 0.7927
2048/3458 [================>.............] - ETA: 1:09 - loss: 0.5796 - acc: 0.7930
2080/3458 [=================>............] - ETA: 1:07 - loss: 0.5774 - acc: 0.7937
2112/3458 [=================>............] - ETA: 1:06 - loss: 0.5766 - acc: 0.7945
2144/3458 [=================>............] - ETA: 1:04 - loss: 0.5763 - acc: 0.7938
2176/3458 [=================>............] - ETA: 1:03 - loss: 0.5765 - acc: 0.7932
2208/3458 [==================>...........] - ETA: 1:01 - loss: 0.5761 - acc: 0.7917
2240/3458 [==================>...........] - ETA: 59s - loss: 0.5758 - acc: 0.7915 
2272/3458 [==================>...........] - ETA: 58s - loss: 0.5763 - acc: 0.7892
2304/3458 [==================>...........] - ETA: 56s - loss: 0.5743 - acc: 0.7895
2336/3458 [===================>..........] - ETA: 55s - loss: 0.5718 - acc: 0.7902
2368/3458 [===================>..........] - ETA: 53s - loss: 0.5713 - acc: 0.7893
2400/3458 [===================>..........] - ETA: 52s - loss: 0.5768 - acc: 0.7858
2432/3458 [====================>.........] - ETA: 50s - loss: 0.5763 - acc: 0.7862
2464/3458 [====================>.........] - ETA: 48s - loss: 0.5751 - acc: 0.7865
2496/3458 [====================>.........] - ETA: 47s - loss: 0.5756 - acc: 0.7865
2528/3458 [====================>.........] - ETA: 45s - loss: 0.5746 - acc: 0.7872
2560/3458 [=====================>........] - ETA: 44s - loss: 0.5762 - acc: 0.7867
2592/3458 [=====================>........] - ETA: 42s - loss: 0.5757 - acc: 0.7874
2624/3458 [=====================>........] - ETA: 41s - loss: 0.5751 - acc: 0.7870
2656/3458 [======================>.......] - ETA: 39s - loss: 0.5767 - acc: 0.7865
2688/3458 [======================>.......] - ETA: 37s - loss: 0.5736 - acc: 0.7876
2720/3458 [======================>.......] - ETA: 36s - loss: 0.5719 - acc: 0.7886
2752/3458 [======================>.......] - ETA: 34s - loss: 0.5731 - acc: 0.7882
2784/3458 [=======================>......] - ETA: 33s - loss: 0.5696 - acc: 0.7899
2816/3458 [=======================>......] - ETA: 31s - loss: 0.5673 - acc: 0.7908
2848/3458 [=======================>......] - ETA: 30s - loss: 0.5660 - acc: 0.7907
2880/3458 [=======================>......] - ETA: 28s - loss: 0.5638 - acc: 0.7917
2912/3458 [========================>.....] - ETA: 26s - loss: 0.5613 - acc: 0.7922
2944/3458 [========================>.....] - ETA: 25s - loss: 0.5611 - acc: 0.7921
2976/3458 [========================>.....] - ETA: 23s - loss: 0.5666 - acc: 0.7890
3008/3458 [=========================>....] - ETA: 22s - loss: 0.5663 - acc: 0.7896
3040/3458 [=========================>....] - ETA: 20s - loss: 0.5669 - acc: 0.7888
3072/3458 [=========================>....] - ETA: 18s - loss: 0.5679 - acc: 0.7881
3104/3458 [=========================>....] - ETA: 17s - loss: 0.5673 - acc: 0.7880
3136/3458 [==========================>...] - ETA: 15s - loss: 0.5690 - acc: 0.7876
3168/3458 [==========================>...] - ETA: 14s - loss: 0.5691 - acc: 0.7876
3200/3458 [==========================>...] - ETA: 12s - loss: 0.5695 - acc: 0.7875
3232/3458 [===========================>..] - ETA: 11s - loss: 0.5678 - acc: 0.7881
3264/3458 [===========================>..] - ETA: 9s - loss: 0.5670 - acc: 0.7886 
3296/3458 [===========================>..] - ETA: 7s - loss: 0.5676 - acc: 0.7897
3328/3458 [===========================>..] - ETA: 6s - loss: 0.5658 - acc: 0.7903
3360/3458 [============================>.] - ETA: 4s - loss: 0.5639 - acc: 0.7914
3392/3458 [============================>.] - ETA: 3s - loss: 0.5669 - acc: 0.7901
3424/3458 [============================>.] - ETA: 1s - loss: 0.5679 - acc: 0.7900
3456/3458 [============================>.] - ETA: 0s - loss: 0.5657 - acc: 0.7911
3458/3458 [==============================] - 171s 49ms/sample - loss: 0.5667 - acc: 0.7909

 32/865 [>.............................] - ETA: 7s - loss: 1.1640 - acc: 0.5312
 64/865 [=>............................] - ETA: 7s - loss: 1.0792 - acc: 0.6406
 96/865 [==>...........................] - ETA: 6s - loss: 1.1043 - acc: 0.6354
128/865 [===>..........................] - ETA: 6s - loss: 1.0545 - acc: 0.6641
160/865 [====>.........................] - ETA: 6s - loss: 1.0804 - acc: 0.6562
192/865 [=====>........................] - ETA: 5s - loss: 1.1344 - acc: 0.6250
224/865 [======>.......................] - ETA: 5s - loss: 1.1124 - acc: 0.6250
256/865 [=======>......................] - ETA: 5s - loss: 1.1013 - acc: 0.6250
288/865 [========>.....................] - ETA: 5s - loss: 1.1635 - acc: 0.6007
320/865 [==========>...................] - ETA: 4s - loss: 1.1472 - acc: 0.6031
352/865 [===========>..................] - ETA: 4s - loss: 1.1043 - acc: 0.6278
384/865 [============>.................] - ETA: 4s - loss: 1.0947 - acc: 0.6328
416/865 [=============>................] - ETA: 3s - loss: 1.1088 - acc: 0.6298
448/865 [==============>...............] - ETA: 3s - loss: 1.1150 - acc: 0.6228
480/865 [===============>..............] - ETA: 3s - loss: 1.1360 - acc: 0.6229
512/865 [================>.............] - ETA: 3s - loss: 1.1323 - acc: 0.6191
544/865 [=================>............] - ETA: 2s - loss: 1.1069 - acc: 0.6287
576/865 [==================>...........] - ETA: 2s - loss: 1.1055 - acc: 0.6302
608/865 [====================>.........] - ETA: 2s - loss: 1.1491 - acc: 0.6168
640/865 [=====================>........] - ETA: 2s - loss: 1.1625 - acc: 0.6203
672/865 [======================>.......] - ETA: 1s - loss: 1.1704 - acc: 0.6161
704/865 [=======================>......] - ETA: 1s - loss: 1.1796 - acc: 0.6108
736/865 [========================>.....] - ETA: 1s - loss: 1.1808 - acc: 0.6073
768/865 [=========================>....] - ETA: 0s - loss: 1.2108 - acc: 0.6016
800/865 [==========================>...] - ETA: 0s - loss: 1.1967 - acc: 0.6025
832/865 [===========================>..] - ETA: 0s - loss: 1.1913 - acc: 0.6046
864/865 [============================>.] - ETA: 0s - loss: 1.2078 - acc: 0.5995
865/865 [==============================] - 8s 9ms/sample - loss: 1.2096 - acc: 0.5988
