For Dropout_1=0.6 Dropout_2=0.7
daisy loaded
dandelion loaded
rose loaded
sunflower loaded
tulip loaded

  32/3458 [..............................] - ETA: 3:10 - loss: 1.6630 - acc: 0.1875
  64/3458 [..............................] - ETA: 3:03 - loss: 9.6858 - acc: 0.1719
  96/3458 [..............................] - ETA: 2:56 - loss: 10.4253 - acc: 0.1875
 128/3458 [>.............................] - ETA: 2:51 - loss: 8.8416 - acc: 0.1875 
 160/3458 [>.............................] - ETA: 2:48 - loss: 7.6968 - acc: 0.1813
 192/3458 [>.............................] - ETA: 2:45 - loss: 6.7006 - acc: 0.1771
 224/3458 [>.............................] - ETA: 2:43 - loss: 5.9831 - acc: 0.1741
 256/3458 [=>............................] - ETA: 2:41 - loss: 5.4355 - acc: 0.1836
 288/3458 [=>............................] - ETA: 2:39 - loss: 5.0064 - acc: 0.1910
 320/3458 [=>............................] - ETA: 2:37 - loss: 4.6601 - acc: 0.1906
 352/3458 [==>...........................] - ETA: 2:35 - loss: 4.3829 - acc: 0.1903
 384/3458 [==>...........................] - ETA: 2:33 - loss: 4.1603 - acc: 0.1901
 416/3458 [==>...........................] - ETA: 2:31 - loss: 3.9583 - acc: 0.1899
 448/3458 [==>...........................] - ETA: 2:30 - loss: 3.7877 - acc: 0.1875
 480/3458 [===>..........................] - ETA: 2:28 - loss: 3.6373 - acc: 0.1937
 512/3458 [===>..........................] - ETA: 2:26 - loss: 3.5058 - acc: 0.1934
 544/3458 [===>..........................] - ETA: 2:25 - loss: 3.3916 - acc: 0.1930
 576/3458 [===>..........................] - ETA: 2:23 - loss: 3.2911 - acc: 0.1997
 608/3458 [====>.........................] - ETA: 2:21 - loss: 3.2003 - acc: 0.2072
 640/3458 [====>.........................] - ETA: 2:20 - loss: 3.1186 - acc: 0.2141
 672/3458 [====>.........................] - ETA: 2:18 - loss: 3.0458 - acc: 0.2113
 704/3458 [=====>........................] - ETA: 2:16 - loss: 2.9757 - acc: 0.2131
 736/3458 [=====>........................] - ETA: 2:15 - loss: 2.9135 - acc: 0.2147
 768/3458 [=====>........................] - ETA: 2:13 - loss: 2.8525 - acc: 0.2214
 800/3458 [=====>........................] - ETA: 2:11 - loss: 2.7973 - acc: 0.2237
 832/3458 [======>.......................] - ETA: 2:10 - loss: 2.7490 - acc: 0.2224
 864/3458 [======>.......................] - ETA: 2:08 - loss: 2.6983 - acc: 0.2338
 896/3458 [======>.......................] - ETA: 2:06 - loss: 2.6560 - acc: 0.2411
 928/3458 [=======>......................] - ETA: 2:05 - loss: 2.6130 - acc: 0.2457
 960/3458 [=======>......................] - ETA: 2:03 - loss: 2.5774 - acc: 0.2490
 992/3458 [=======>......................] - ETA: 2:02 - loss: 2.5409 - acc: 0.2540
1024/3458 [=======>......................] - ETA: 2:00 - loss: 2.5146 - acc: 0.2529
1056/3458 [========>.....................] - ETA: 1:58 - loss: 2.4836 - acc: 0.2547
1088/3458 [========>.....................] - ETA: 1:57 - loss: 2.4546 - acc: 0.2592
1120/3458 [========>.....................] - ETA: 1:55 - loss: 2.4263 - acc: 0.2616
1152/3458 [========>.....................] - ETA: 1:54 - loss: 2.3995 - acc: 0.2648
1184/3458 [=========>....................] - ETA: 1:52 - loss: 2.3726 - acc: 0.2703
1216/3458 [=========>....................] - ETA: 1:50 - loss: 2.3516 - acc: 0.2706
1248/3458 [=========>....................] - ETA: 1:49 - loss: 2.3304 - acc: 0.2716
1280/3458 [==========>...................] - ETA: 1:47 - loss: 2.3067 - acc: 0.2727
1312/3458 [==========>...................] - ETA: 1:46 - loss: 2.2861 - acc: 0.2752
1344/3458 [==========>...................] - ETA: 1:44 - loss: 2.2782 - acc: 0.2820
1376/3458 [==========>...................] - ETA: 1:42 - loss: 2.2569 - acc: 0.2849
1408/3458 [===========>..................] - ETA: 1:41 - loss: 2.2422 - acc: 0.2841
1440/3458 [===========>..................] - ETA: 1:39 - loss: 2.2259 - acc: 0.2847
1472/3458 [===========>..................] - ETA: 1:38 - loss: 2.2108 - acc: 0.2874
1504/3458 [============>.................] - ETA: 1:36 - loss: 2.1915 - acc: 0.2919
1536/3458 [============>.................] - ETA: 1:34 - loss: 2.1771 - acc: 0.2949
1568/3458 [============>.................] - ETA: 1:33 - loss: 2.1587 - acc: 0.2997
1600/3458 [============>.................] - ETA: 1:31 - loss: 2.1475 - acc: 0.2994
1632/3458 [=============>................] - ETA: 1:30 - loss: 2.1343 - acc: 0.3015
1664/3458 [=============>................] - ETA: 1:28 - loss: 2.1188 - acc: 0.3035
1696/3458 [=============>................] - ETA: 1:26 - loss: 2.1048 - acc: 0.3060
1728/3458 [=============>................] - ETA: 1:25 - loss: 2.0933 - acc: 0.3061
1760/3458 [==============>...............] - ETA: 1:23 - loss: 2.0780 - acc: 0.3085
1792/3458 [==============>...............] - ETA: 1:22 - loss: 2.0659 - acc: 0.3092
1824/3458 [==============>...............] - ETA: 1:20 - loss: 2.0564 - acc: 0.3076
1856/3458 [===============>..............] - ETA: 1:19 - loss: 2.0450 - acc: 0.3077
1888/3458 [===============>..............] - ETA: 1:17 - loss: 2.0323 - acc: 0.3120
1920/3458 [===============>..............] - ETA: 1:15 - loss: 2.0215 - acc: 0.3141
1952/3458 [===============>..............] - ETA: 1:14 - loss: 2.0131 - acc: 0.3181
1984/3458 [================>.............] - ETA: 1:12 - loss: 2.0049 - acc: 0.3196
2016/3458 [================>.............] - ETA: 1:11 - loss: 1.9948 - acc: 0.3209
2048/3458 [================>.............] - ETA: 1:09 - loss: 1.9860 - acc: 0.3232
2080/3458 [=================>............] - ETA: 1:07 - loss: 1.9775 - acc: 0.3260
2112/3458 [=================>............] - ETA: 1:06 - loss: 1.9688 - acc: 0.3262
2144/3458 [=================>............] - ETA: 1:04 - loss: 1.9607 - acc: 0.3265
2176/3458 [=================>............] - ETA: 1:03 - loss: 1.9536 - acc: 0.3267
2208/3458 [==================>...........] - ETA: 1:01 - loss: 1.9443 - acc: 0.3274
2240/3458 [==================>...........] - ETA: 1:00 - loss: 1.9381 - acc: 0.3272
2272/3458 [==================>...........] - ETA: 58s - loss: 1.9317 - acc: 0.3283 
2304/3458 [==================>...........] - ETA: 56s - loss: 1.9240 - acc: 0.3299
2336/3458 [===================>..........] - ETA: 55s - loss: 1.9142 - acc: 0.3326
2368/3458 [===================>..........] - ETA: 53s - loss: 1.9098 - acc: 0.3328
2400/3458 [===================>..........] - ETA: 52s - loss: 1.9031 - acc: 0.3333
2432/3458 [====================>.........] - ETA: 50s - loss: 1.8962 - acc: 0.3343
2464/3458 [====================>.........] - ETA: 49s - loss: 1.8898 - acc: 0.3360
2496/3458 [====================>.........] - ETA: 47s - loss: 1.8833 - acc: 0.3369
2528/3458 [====================>.........] - ETA: 45s - loss: 1.8794 - acc: 0.3358
2560/3458 [=====================>........] - ETA: 44s - loss: 1.8751 - acc: 0.3363
2592/3458 [=====================>........] - ETA: 42s - loss: 1.8688 - acc: 0.3395
2624/3458 [=====================>........] - ETA: 41s - loss: 1.8645 - acc: 0.3399
2656/3458 [======================>.......] - ETA: 39s - loss: 1.8591 - acc: 0.3419
2688/3458 [======================>.......] - ETA: 37s - loss: 1.8550 - acc: 0.3415
2720/3458 [======================>.......] - ETA: 36s - loss: 1.8520 - acc: 0.3419
2752/3458 [======================>.......] - ETA: 34s - loss: 1.8463 - acc: 0.3441
2784/3458 [=======================>......] - ETA: 33s - loss: 1.8414 - acc: 0.3438
2816/3458 [=======================>......] - ETA: 31s - loss: 1.8348 - acc: 0.3452
2848/3458 [=======================>......] - ETA: 30s - loss: 1.8298 - acc: 0.3462
2880/3458 [=======================>......] - ETA: 28s - loss: 1.8262 - acc: 0.3465
2912/3458 [========================>.....] - ETA: 26s - loss: 1.8220 - acc: 0.3468
2944/3458 [========================>.....] - ETA: 25s - loss: 1.8171 - acc: 0.3454
2976/3458 [========================>.....] - ETA: 23s - loss: 1.8121 - acc: 0.3458
3008/3458 [=========================>....] - ETA: 22s - loss: 1.8072 - acc: 0.3467
3040/3458 [=========================>....] - ETA: 20s - loss: 1.8001 - acc: 0.3484
3072/3458 [=========================>....] - ETA: 19s - loss: 1.7963 - acc: 0.3493
3104/3458 [=========================>....] - ETA: 17s - loss: 1.7921 - acc: 0.3502
3136/3458 [==========================>...] - ETA: 15s - loss: 1.7890 - acc: 0.3530
3168/3458 [==========================>...] - ETA: 14s - loss: 1.7851 - acc: 0.3545
3200/3458 [==========================>...] - ETA: 12s - loss: 1.7813 - acc: 0.3550
3232/3458 [===========================>..] - ETA: 11s - loss: 1.7781 - acc: 0.3555
3264/3458 [===========================>..] - ETA: 9s - loss: 1.7732 - acc: 0.3551 
3296/3458 [===========================>..] - ETA: 7s - loss: 1.7696 - acc: 0.3553
3328/3458 [===========================>..] - ETA: 6s - loss: 1.7667 - acc: 0.3561
3360/3458 [============================>.] - ETA: 4s - loss: 1.7638 - acc: 0.3574
3392/3458 [============================>.] - ETA: 3s - loss: 1.7596 - acc: 0.3594
3424/3458 [============================>.] - ETA: 1s - loss: 1.7555 - acc: 0.3604
3456/3458 [============================>.] - ETA: 0s - loss: 1.7524 - acc: 0.3602
3458/3458 [==============================] - 171s 49ms/sample - loss: 1.7522 - acc: 0.3603

 32/865 [>.............................] - ETA: 7s - loss: 1.3437 - acc: 0.4375
 64/865 [=>............................] - ETA: 7s - loss: 1.2426 - acc: 0.5312
 96/865 [==>...........................] - ETA: 7s - loss: 1.2717 - acc: 0.5208
128/865 [===>..........................] - ETA: 6s - loss: 1.2786 - acc: 0.5078
160/865 [====>.........................] - ETA: 6s - loss: 1.3077 - acc: 0.5250
192/865 [=====>........................] - ETA: 6s - loss: 1.3216 - acc: 0.5104
224/865 [======>.......................] - ETA: 5s - loss: 1.3300 - acc: 0.5000
256/865 [=======>......................] - ETA: 5s - loss: 1.3420 - acc: 0.4922
288/865 [========>.....................] - ETA: 5s - loss: 1.3378 - acc: 0.5000
320/865 [==========>...................] - ETA: 4s - loss: 1.3360 - acc: 0.4938
352/865 [===========>..................] - ETA: 4s - loss: 1.3662 - acc: 0.4886
384/865 [============>.................] - ETA: 4s - loss: 1.3507 - acc: 0.4974
416/865 [=============>................] - ETA: 4s - loss: 1.3510 - acc: 0.4976
448/865 [==============>...............] - ETA: 3s - loss: 1.3503 - acc: 0.4955
480/865 [===============>..............] - ETA: 3s - loss: 1.3543 - acc: 0.4854
512/865 [================>.............] - ETA: 3s - loss: 1.3569 - acc: 0.4766
544/865 [=================>............] - ETA: 2s - loss: 1.3555 - acc: 0.4871
576/865 [==================>...........] - ETA: 2s - loss: 1.3529 - acc: 0.4826
608/865 [====================>.........] - ETA: 2s - loss: 1.3525 - acc: 0.4803
640/865 [=====================>........] - ETA: 2s - loss: 1.3518 - acc: 0.4812
672/865 [======================>.......] - ETA: 1s - loss: 1.3523 - acc: 0.4717
704/865 [=======================>......] - ETA: 1s - loss: 1.3464 - acc: 0.4730
736/865 [========================>.....] - ETA: 1s - loss: 1.3473 - acc: 0.4742
768/865 [=========================>....] - ETA: 0s - loss: 1.3459 - acc: 0.4701
800/865 [==========================>...] - ETA: 0s - loss: 1.3572 - acc: 0.4700
832/865 [===========================>..] - ETA: 0s - loss: 1.3623 - acc: 0.4651
864/865 [============================>.] - ETA: 0s - loss: 1.3634 - acc: 0.4676
865/865 [==============================] - 8s 9ms/sample - loss: 1.3634 - acc: 0.4682

  32/3458 [..............................] - ETA: 2:46 - loss: 1.3583 - acc: 0.4375
  64/3458 [..............................] - ETA: 2:45 - loss: 1.3218 - acc: 0.4688
  96/3458 [..............................] - ETA: 2:43 - loss: 1.3042 - acc: 0.4896
 128/3458 [>.............................] - ETA: 2:42 - loss: 1.3589 - acc: 0.4531
 160/3458 [>.............................] - ETA: 2:40 - loss: 1.4139 - acc: 0.4187
 192/3458 [>.............................] - ETA: 2:38 - loss: 1.4096 - acc: 0.4062
 224/3458 [>.............................] - ETA: 2:37 - loss: 1.4024 - acc: 0.4152
 256/3458 [=>............................] - ETA: 2:36 - loss: 1.3874 - acc: 0.4180
 288/3458 [=>............................] - ETA: 2:34 - loss: 1.3902 - acc: 0.4306
 320/3458 [=>............................] - ETA: 2:33 - loss: 1.3976 - acc: 0.4250
 352/3458 [==>...........................] - ETA: 2:31 - loss: 1.4011 - acc: 0.4403
 384/3458 [==>...........................] - ETA: 2:30 - loss: 1.3970 - acc: 0.4297
 416/3458 [==>...........................] - ETA: 2:29 - loss: 1.3930 - acc: 0.4423
 448/3458 [==>...........................] - ETA: 2:27 - loss: 1.3847 - acc: 0.4442
 480/3458 [===>..........................] - ETA: 2:25 - loss: 1.3803 - acc: 0.4417
 512/3458 [===>..........................] - ETA: 2:24 - loss: 1.3683 - acc: 0.4492
 544/3458 [===>..........................] - ETA: 2:23 - loss: 1.3708 - acc: 0.4375
 576/3458 [===>..........................] - ETA: 2:21 - loss: 1.3766 - acc: 0.4375
 608/3458 [====>.........................] - ETA: 2:19 - loss: 1.3780 - acc: 0.4375
 640/3458 [====>.........................] - ETA: 2:18 - loss: 1.3697 - acc: 0.4375
 672/3458 [====>.........................] - ETA: 2:16 - loss: 1.3653 - acc: 0.4405
 704/3458 [=====>........................] - ETA: 2:15 - loss: 1.3607 - acc: 0.4403
 736/3458 [=====>........................] - ETA: 2:13 - loss: 1.3599 - acc: 0.4348
 768/3458 [=====>........................] - ETA: 2:12 - loss: 1.3619 - acc: 0.4297
 800/3458 [=====>........................] - ETA: 2:10 - loss: 1.3662 - acc: 0.4225
 832/3458 [======>.......................] - ETA: 2:09 - loss: 1.3631 - acc: 0.4231
 864/3458 [======>.......................] - ETA: 2:07 - loss: 1.3669 - acc: 0.4213
 896/3458 [======>.......................] - ETA: 2:05 - loss: 1.3681 - acc: 0.4196
 928/3458 [=======>......................] - ETA: 2:04 - loss: 1.3766 - acc: 0.4170
 960/3458 [=======>......................] - ETA: 2:02 - loss: 1.3836 - acc: 0.4187
 992/3458 [=======>......................] - ETA: 2:01 - loss: 1.3801 - acc: 0.4234
1024/3458 [=======>......................] - ETA: 1:59 - loss: 1.3740 - acc: 0.4258
1056/3458 [========>.....................] - ETA: 1:58 - loss: 1.3728 - acc: 0.4205
1088/3458 [========>.....................] - ETA: 1:56 - loss: 1.3730 - acc: 0.4210
1120/3458 [========>.....................] - ETA: 1:54 - loss: 1.3697 - acc: 0.4223
1152/3458 [========>.....................] - ETA: 1:53 - loss: 1.3695 - acc: 0.4227
1184/3458 [=========>....................] - ETA: 1:51 - loss: 1.3696 - acc: 0.4223
1216/3458 [=========>....................] - ETA: 1:50 - loss: 1.3709 - acc: 0.4186
1248/3458 [=========>....................] - ETA: 1:48 - loss: 1.3720 - acc: 0.4191
1280/3458 [==========>...................] - ETA: 1:47 - loss: 1.3693 - acc: 0.4187
1312/3458 [==========>...................] - ETA: 1:45 - loss: 1.3687 - acc: 0.4200
1344/3458 [==========>...................] - ETA: 1:43 - loss: 1.3636 - acc: 0.4226
1376/3458 [==========>...................] - ETA: 1:42 - loss: 1.3692 - acc: 0.4222
1408/3458 [===========>..................] - ETA: 1:40 - loss: 1.3699 - acc: 0.4197
1440/3458 [===========>..................] - ETA: 1:39 - loss: 1.3641 - acc: 0.4229
1472/3458 [===========>..................] - ETA: 1:37 - loss: 1.3744 - acc: 0.4266
1504/3458 [============>.................] - ETA: 1:36 - loss: 1.3736 - acc: 0.4275
1536/3458 [============>.................] - ETA: 1:34 - loss: 1.3699 - acc: 0.4303
1568/3458 [============>.................] - ETA: 1:32 - loss: 1.3682 - acc: 0.4324
1600/3458 [============>.................] - ETA: 1:31 - loss: 1.3652 - acc: 0.4338
1632/3458 [=============>................] - ETA: 1:29 - loss: 1.3649 - acc: 0.4338
1664/3458 [=============>................] - ETA: 1:28 - loss: 1.3580 - acc: 0.4387
1696/3458 [=============>................] - ETA: 1:26 - loss: 1.3550 - acc: 0.4404
1728/3458 [=============>................] - ETA: 1:25 - loss: 1.3538 - acc: 0.4439
1760/3458 [==============>...............] - ETA: 1:23 - loss: 1.3580 - acc: 0.4443
1792/3458 [==============>...............] - ETA: 1:21 - loss: 1.3590 - acc: 0.4436
1824/3458 [==============>...............] - ETA: 1:20 - loss: 1.3576 - acc: 0.4435
1856/3458 [===============>..............] - ETA: 1:18 - loss: 1.3553 - acc: 0.4456
1888/3458 [===============>..............] - ETA: 1:17 - loss: 1.3592 - acc: 0.4439
1920/3458 [===============>..............] - ETA: 1:15 - loss: 1.3556 - acc: 0.4453
1952/3458 [===============>..............] - ETA: 1:14 - loss: 1.3549 - acc: 0.4462
1984/3458 [================>.............] - ETA: 1:12 - loss: 1.3560 - acc: 0.4466
2016/3458 [================>.............] - ETA: 1:10 - loss: 1.3531 - acc: 0.4489
2048/3458 [================>.............] - ETA: 1:09 - loss: 1.3555 - acc: 0.4463
2080/3458 [=================>............] - ETA: 1:07 - loss: 1.3520 - acc: 0.4481
2112/3458 [=================>............] - ETA: 1:06 - loss: 1.3499 - acc: 0.4484
2144/3458 [=================>............] - ETA: 1:04 - loss: 1.3494 - acc: 0.4473
2176/3458 [=================>............] - ETA: 1:03 - loss: 1.3451 - acc: 0.4504
2208/3458 [==================>...........] - ETA: 1:01 - loss: 1.3429 - acc: 0.4524
2240/3458 [==================>...........] - ETA: 59s - loss: 1.3423 - acc: 0.4527 
2272/3458 [==================>...........] - ETA: 58s - loss: 1.3424 - acc: 0.4547
2304/3458 [==================>...........] - ETA: 56s - loss: 1.3413 - acc: 0.4557
2336/3458 [===================>..........] - ETA: 55s - loss: 1.3404 - acc: 0.4555
2368/3458 [===================>..........] - ETA: 53s - loss: 1.3479 - acc: 0.4535
2400/3458 [===================>..........] - ETA: 51s - loss: 1.3437 - acc: 0.4563
2432/3458 [====================>.........] - ETA: 50s - loss: 1.3469 - acc: 0.4556
2464/3458 [====================>.........] - ETA: 48s - loss: 1.3451 - acc: 0.4566
2496/3458 [====================>.........] - ETA: 47s - loss: 1.3467 - acc: 0.4559
2528/3458 [====================>.........] - ETA: 45s - loss: 1.3482 - acc: 0.4533
2560/3458 [=====================>........] - ETA: 44s - loss: 1.3488 - acc: 0.4539
2592/3458 [=====================>........] - ETA: 42s - loss: 1.3507 - acc: 0.4537
2624/3458 [=====================>........] - ETA: 40s - loss: 1.3524 - acc: 0.4531
2656/3458 [======================>.......] - ETA: 39s - loss: 1.3562 - acc: 0.4514
2688/3458 [======================>.......] - ETA: 37s - loss: 1.3582 - acc: 0.4498
2720/3458 [======================>.......] - ETA: 36s - loss: 1.3583 - acc: 0.4511
2752/3458 [======================>.......] - ETA: 34s - loss: 1.3592 - acc: 0.4513
2784/3458 [=======================>......] - ETA: 33s - loss: 1.3601 - acc: 0.4508
2816/3458 [=======================>......] - ETA: 31s - loss: 1.3603 - acc: 0.4503
2848/3458 [=======================>......] - ETA: 29s - loss: 1.3587 - acc: 0.4512
2880/3458 [=======================>......] - ETA: 28s - loss: 1.3603 - acc: 0.4503
2912/3458 [========================>.....] - ETA: 26s - loss: 1.3595 - acc: 0.4499
2944/3458 [========================>.....] - ETA: 25s - loss: 1.3585 - acc: 0.4507
2976/3458 [========================>.....] - ETA: 23s - loss: 1.3576 - acc: 0.4513
3008/3458 [=========================>....] - ETA: 22s - loss: 1.3579 - acc: 0.4511
3040/3458 [=========================>....] - ETA: 20s - loss: 1.3581 - acc: 0.4503
3072/3458 [=========================>....] - ETA: 19s - loss: 1.3572 - acc: 0.4505
3104/3458 [=========================>....] - ETA: 17s - loss: 1.3546 - acc: 0.4520
3136/3458 [==========================>...] - ETA: 15s - loss: 1.3543 - acc: 0.4509
3168/3458 [==========================>...] - ETA: 14s - loss: 1.3521 - acc: 0.4504
3200/3458 [==========================>...] - ETA: 12s - loss: 1.3521 - acc: 0.4512
3232/3458 [===========================>..] - ETA: 11s - loss: 1.3569 - acc: 0.4511
3264/3458 [===========================>..] - ETA: 9s - loss: 1.3547 - acc: 0.4519 
3296/3458 [===========================>..] - ETA: 7s - loss: 1.3507 - acc: 0.4542
3328/3458 [===========================>..] - ETA: 6s - loss: 1.3497 - acc: 0.4540
3360/3458 [============================>.] - ETA: 4s - loss: 1.3491 - acc: 0.4545
3392/3458 [============================>.] - ETA: 3s - loss: 1.3467 - acc: 0.4552
3424/3458 [============================>.] - ETA: 1s - loss: 1.3438 - acc: 0.4565
3456/3458 [============================>.] - ETA: 0s - loss: 1.3434 - acc: 0.4569
3458/3458 [==============================] - 171s 49ms/sample - loss: 1.3434 - acc: 0.4566

 32/865 [>.............................] - ETA: 7s - loss: 1.1901 - acc: 0.4062
 64/865 [=>............................] - ETA: 7s - loss: 1.1042 - acc: 0.5156
 96/865 [==>...........................] - ETA: 6s - loss: 1.1115 - acc: 0.5833
128/865 [===>..........................] - ETA: 6s - loss: 1.1155 - acc: 0.5547
160/865 [====>.........................] - ETA: 6s - loss: 1.1279 - acc: 0.5625
192/865 [=====>........................] - ETA: 6s - loss: 1.1582 - acc: 0.5469
224/865 [======>.......................] - ETA: 5s - loss: 1.1533 - acc: 0.5491
256/865 [=======>......................] - ETA: 5s - loss: 1.1526 - acc: 0.5625
288/865 [========>.....................] - ETA: 5s - loss: 1.1477 - acc: 0.5764
320/865 [==========>...................] - ETA: 4s - loss: 1.1471 - acc: 0.5656
352/865 [===========>..................] - ETA: 4s - loss: 1.1821 - acc: 0.5739
384/865 [============>.................] - ETA: 4s - loss: 1.1670 - acc: 0.5781
416/865 [=============>................] - ETA: 4s - loss: 1.1708 - acc: 0.5793
448/865 [==============>...............] - ETA: 3s - loss: 1.1697 - acc: 0.5781
480/865 [===============>..............] - ETA: 3s - loss: 1.1674 - acc: 0.5729
512/865 [================>.............] - ETA: 3s - loss: 1.1712 - acc: 0.5586
544/865 [=================>............] - ETA: 2s - loss: 1.1645 - acc: 0.5662
576/865 [==================>...........] - ETA: 2s - loss: 1.1603 - acc: 0.5660
608/865 [====================>.........] - ETA: 2s - loss: 1.1603 - acc: 0.5592
640/865 [=====================>........] - ETA: 2s - loss: 1.1639 - acc: 0.5594
672/865 [======================>.......] - ETA: 1s - loss: 1.1661 - acc: 0.5610
704/865 [=======================>......] - ETA: 1s - loss: 1.1584 - acc: 0.5653
736/865 [========================>.....] - ETA: 1s - loss: 1.1597 - acc: 0.5666
768/865 [=========================>....] - ETA: 0s - loss: 1.1565 - acc: 0.5651
800/865 [==========================>...] - ETA: 0s - loss: 1.1706 - acc: 0.5638
832/865 [===========================>..] - ETA: 0s - loss: 1.1775 - acc: 0.5589
864/865 [============================>.] - ETA: 0s - loss: 1.1792 - acc: 0.5556
865/865 [==============================] - 8s 9ms/sample - loss: 1.1790 - acc: 0.5561

  32/3458 [..............................] - ETA: 2:46 - loss: 1.2446 - acc: 0.4688
  64/3458 [..............................] - ETA: 2:46 - loss: 1.1209 - acc: 0.6094
  96/3458 [..............................] - ETA: 2:44 - loss: 1.0968 - acc: 0.6146
 128/3458 [>.............................] - ETA: 2:43 - loss: 1.1416 - acc: 0.5703
 160/3458 [>.............................] - ETA: 2:41 - loss: 1.1405 - acc: 0.5688
 192/3458 [>.............................] - ETA: 2:39 - loss: 1.1885 - acc: 0.5521
 224/3458 [>.............................] - ETA: 2:38 - loss: 1.2209 - acc: 0.5491
 256/3458 [=>............................] - ETA: 2:36 - loss: 1.2414 - acc: 0.5352
 288/3458 [=>............................] - ETA: 2:35 - loss: 1.2269 - acc: 0.5382
 320/3458 [=>............................] - ETA: 2:34 - loss: 1.2029 - acc: 0.5500
 352/3458 [==>...........................] - ETA: 2:32 - loss: 1.1822 - acc: 0.5568
 384/3458 [==>...........................] - ETA: 2:30 - loss: 1.1938 - acc: 0.5469
 416/3458 [==>...........................] - ETA: 2:29 - loss: 1.1977 - acc: 0.5481
 448/3458 [==>...........................] - ETA: 2:27 - loss: 1.1891 - acc: 0.5469
 480/3458 [===>..........................] - ETA: 2:26 - loss: 1.1889 - acc: 0.5437
 512/3458 [===>..........................] - ETA: 2:24 - loss: 1.1742 - acc: 0.5547
 544/3458 [===>..........................] - ETA: 2:23 - loss: 1.1905 - acc: 0.5441
 576/3458 [===>..........................] - ETA: 2:21 - loss: 1.1824 - acc: 0.5486
 608/3458 [====>.........................] - ETA: 2:20 - loss: 1.1831 - acc: 0.5477
 640/3458 [====>.........................] - ETA: 2:18 - loss: 1.1856 - acc: 0.5437
 672/3458 [====>.........................] - ETA: 2:16 - loss: 1.1928 - acc: 0.5387
 704/3458 [=====>........................] - ETA: 2:15 - loss: 1.1862 - acc: 0.5398
 736/3458 [=====>........................] - ETA: 2:13 - loss: 1.1830 - acc: 0.5380
 768/3458 [=====>........................] - ETA: 2:12 - loss: 1.1866 - acc: 0.5391
 800/3458 [=====>........................] - ETA: 2:10 - loss: 1.1760 - acc: 0.5462
 832/3458 [======>.......................] - ETA: 2:09 - loss: 1.1828 - acc: 0.5433
 864/3458 [======>.......................] - ETA: 2:07 - loss: 1.1824 - acc: 0.5428
 896/3458 [======>.......................] - ETA: 2:06 - loss: 1.1857 - acc: 0.5379
 928/3458 [=======>......................] - ETA: 2:04 - loss: 1.1880 - acc: 0.5377
 960/3458 [=======>......................] - ETA: 2:03 - loss: 1.1895 - acc: 0.5385
 992/3458 [=======>......................] - ETA: 2:01 - loss: 1.1882 - acc: 0.5393
1024/3458 [=======>......................] - ETA: 1:59 - loss: 1.1801 - acc: 0.5439
1056/3458 [========>.....................] - ETA: 1:58 - loss: 1.1730 - acc: 0.5502
1088/3458 [========>.....................] - ETA: 1:56 - loss: 1.1674 - acc: 0.5533
1120/3458 [========>.....................] - ETA: 1:54 - loss: 1.1664 - acc: 0.5554
1152/3458 [========>.....................] - ETA: 1:53 - loss: 1.1686 - acc: 0.5556
1184/3458 [=========>....................] - ETA: 1:51 - loss: 1.1638 - acc: 0.5574
1216/3458 [=========>....................] - ETA: 1:50 - loss: 1.1622 - acc: 0.5559
1248/3458 [=========>....................] - ETA: 1:48 - loss: 1.1653 - acc: 0.5529
1280/3458 [==========>...................] - ETA: 1:47 - loss: 1.1625 - acc: 0.5500
1312/3458 [==========>...................] - ETA: 1:45 - loss: 1.1624 - acc: 0.5473
1344/3458 [==========>...................] - ETA: 1:44 - loss: 1.1559 - acc: 0.5506
1376/3458 [==========>...................] - ETA: 1:42 - loss: 1.1584 - acc: 0.5501
1408/3458 [===========>..................] - ETA: 1:40 - loss: 1.1590 - acc: 0.5511
1440/3458 [===========>..................] - ETA: 1:39 - loss: 1.1528 - acc: 0.5542
1472/3458 [===========>..................] - ETA: 1:37 - loss: 1.1536 - acc: 0.5530
1504/3458 [============>.................] - ETA: 1:36 - loss: 1.1589 - acc: 0.5485
1536/3458 [============>.................] - ETA: 1:34 - loss: 1.1617 - acc: 0.5488
1568/3458 [============>.................] - ETA: 1:33 - loss: 1.1604 - acc: 0.5491
1600/3458 [============>.................] - ETA: 1:31 - loss: 1.1624 - acc: 0.5475
1632/3458 [=============>................] - ETA: 1:29 - loss: 1.1599 - acc: 0.5472
1664/3458 [=============>................] - ETA: 1:28 - loss: 1.1670 - acc: 0.5457
1696/3458 [=============>................] - ETA: 1:26 - loss: 1.1626 - acc: 0.5489
1728/3458 [=============>................] - ETA: 1:25 - loss: 1.1602 - acc: 0.5515
1760/3458 [==============>...............] - ETA: 1:23 - loss: 1.1591 - acc: 0.5506
1792/3458 [==============>...............] - ETA: 1:21 - loss: 1.1580 - acc: 0.5513
1824/3458 [==============>...............] - ETA: 1:20 - loss: 1.1577 - acc: 0.5510
1856/3458 [===============>..............] - ETA: 1:18 - loss: 1.1569 - acc: 0.5523
1888/3458 [===============>..............] - ETA: 1:17 - loss: 1.1588 - acc: 0.5524
1920/3458 [===============>..............] - ETA: 1:15 - loss: 1.1573 - acc: 0.5531
1952/3458 [===============>..............] - ETA: 1:14 - loss: 1.1568 - acc: 0.5528
1984/3458 [================>.............] - ETA: 1:12 - loss: 1.1526 - acc: 0.5549
2016/3458 [================>.............] - ETA: 1:10 - loss: 1.1508 - acc: 0.5536
2048/3458 [================>.............] - ETA: 1:09 - loss: 1.1523 - acc: 0.5527
2080/3458 [=================>............] - ETA: 1:07 - loss: 1.1490 - acc: 0.5553
2112/3458 [=================>............] - ETA: 1:06 - loss: 1.1527 - acc: 0.5549
2144/3458 [=================>............] - ETA: 1:04 - loss: 1.1520 - acc: 0.5560
2176/3458 [=================>............] - ETA: 1:03 - loss: 1.1499 - acc: 0.5570
2208/3458 [==================>...........] - ETA: 1:01 - loss: 1.1489 - acc: 0.5562
2240/3458 [==================>...........] - ETA: 59s - loss: 1.1461 - acc: 0.5571 
2272/3458 [==================>...........] - ETA: 58s - loss: 1.1472 - acc: 0.5563
2304/3458 [==================>...........] - ETA: 56s - loss: 1.1461 - acc: 0.5577
2336/3458 [===================>..........] - ETA: 55s - loss: 1.1433 - acc: 0.5586
2368/3458 [===================>..........] - ETA: 53s - loss: 1.1414 - acc: 0.5591
2400/3458 [===================>..........] - ETA: 52s - loss: 1.1358 - acc: 0.5608
2432/3458 [====================>.........] - ETA: 50s - loss: 1.1357 - acc: 0.5604
2464/3458 [====================>.........] - ETA: 48s - loss: 1.1357 - acc: 0.5621
2496/3458 [====================>.........] - ETA: 47s - loss: 1.1339 - acc: 0.5625
2528/3458 [====================>.........] - ETA: 45s - loss: 1.1337 - acc: 0.5625
2560/3458 [=====================>........] - ETA: 44s - loss: 1.1338 - acc: 0.5633
2592/3458 [=====================>........] - ETA: 42s - loss: 1.1396 - acc: 0.5633
2624/3458 [=====================>........] - ETA: 40s - loss: 1.1358 - acc: 0.5648
2656/3458 [======================>.......] - ETA: 39s - loss: 1.1320 - acc: 0.5663
2688/3458 [======================>.......] - ETA: 37s - loss: 1.1300 - acc: 0.5670
2720/3458 [======================>.......] - ETA: 36s - loss: 1.1295 - acc: 0.5676
2752/3458 [======================>.......] - ETA: 34s - loss: 1.1294 - acc: 0.5690
2784/3458 [=======================>......] - ETA: 33s - loss: 1.1257 - acc: 0.5700
2816/3458 [=======================>......] - ETA: 31s - loss: 1.1272 - acc: 0.5692
2848/3458 [=======================>......] - ETA: 29s - loss: 1.1309 - acc: 0.5674
2880/3458 [=======================>......] - ETA: 28s - loss: 1.1290 - acc: 0.5663
2912/3458 [========================>.....] - ETA: 26s - loss: 1.1266 - acc: 0.5673
2944/3458 [========================>.....] - ETA: 25s - loss: 1.1308 - acc: 0.5683
2976/3458 [========================>.....] - ETA: 23s - loss: 1.1291 - acc: 0.5689
3008/3458 [=========================>....] - ETA: 22s - loss: 1.1315 - acc: 0.5672
3040/3458 [=========================>....] - ETA: 20s - loss: 1.1294 - acc: 0.5674
3072/3458 [=========================>....] - ETA: 18s - loss: 1.1314 - acc: 0.5667
3104/3458 [=========================>....] - ETA: 17s - loss: 1.1315 - acc: 0.5677
3136/3458 [==========================>...] - ETA: 15s - loss: 1.1299 - acc: 0.5679
3168/3458 [==========================>...] - ETA: 14s - loss: 1.1276 - acc: 0.5682
3200/3458 [==========================>...] - ETA: 12s - loss: 1.1278 - acc: 0.5688
3232/3458 [===========================>..] - ETA: 11s - loss: 1.1277 - acc: 0.5687
3264/3458 [===========================>..] - ETA: 9s - loss: 1.1269 - acc: 0.5689 
3296/3458 [===========================>..] - ETA: 7s - loss: 1.1290 - acc: 0.5674
3328/3458 [===========================>..] - ETA: 6s - loss: 1.1277 - acc: 0.5676
3360/3458 [============================>.] - ETA: 4s - loss: 1.1272 - acc: 0.5673
3392/3458 [============================>.] - ETA: 3s - loss: 1.1276 - acc: 0.5666
3424/3458 [============================>.] - ETA: 1s - loss: 1.1288 - acc: 0.5663
3456/3458 [============================>.] - ETA: 0s - loss: 1.1297 - acc: 0.5660
3458/3458 [==============================] - 171s 49ms/sample - loss: 1.1300 - acc: 0.5659

 32/865 [>.............................] - ETA: 7s - loss: 1.1008 - acc: 0.5938
 64/865 [=>............................] - ETA: 7s - loss: 1.0302 - acc: 0.6250
 96/865 [==>...........................] - ETA: 6s - loss: 1.0057 - acc: 0.6562
128/865 [===>..........................] - ETA: 6s - loss: 1.0116 - acc: 0.6328
160/865 [====>.........................] - ETA: 6s - loss: 1.0274 - acc: 0.6187
192/865 [=====>........................] - ETA: 6s - loss: 1.0626 - acc: 0.5938
224/865 [======>.......................] - ETA: 5s - loss: 1.0684 - acc: 0.5848
256/865 [=======>......................] - ETA: 5s - loss: 1.0630 - acc: 0.5898
288/865 [========>.....................] - ETA: 5s - loss: 1.0531 - acc: 0.5903
320/865 [==========>...................] - ETA: 4s - loss: 1.0537 - acc: 0.5813
352/865 [===========>..................] - ETA: 4s - loss: 1.0837 - acc: 0.5852
384/865 [============>.................] - ETA: 4s - loss: 1.0750 - acc: 0.5938
416/865 [=============>................] - ETA: 4s - loss: 1.0683 - acc: 0.5962
448/865 [==============>...............] - ETA: 3s - loss: 1.0683 - acc: 0.5893
480/865 [===============>..............] - ETA: 3s - loss: 1.0662 - acc: 0.5875
512/865 [================>.............] - ETA: 3s - loss: 1.0727 - acc: 0.5742
544/865 [=================>............] - ETA: 2s - loss: 1.0666 - acc: 0.5790
576/865 [==================>...........] - ETA: 2s - loss: 1.0623 - acc: 0.5747
608/865 [====================>.........] - ETA: 2s - loss: 1.0652 - acc: 0.5691
640/865 [=====================>........] - ETA: 2s - loss: 1.0808 - acc: 0.5672
672/865 [======================>.......] - ETA: 1s - loss: 1.0893 - acc: 0.5625
704/865 [=======================>......] - ETA: 1s - loss: 1.0852 - acc: 0.5625
736/865 [========================>.....] - ETA: 1s - loss: 1.0882 - acc: 0.5598
768/865 [=========================>....] - ETA: 0s - loss: 1.0840 - acc: 0.5625
800/865 [==========================>...] - ETA: 0s - loss: 1.0971 - acc: 0.5612
832/865 [===========================>..] - ETA: 0s - loss: 1.1094 - acc: 0.5565
864/865 [============================>.] - ETA: 0s - loss: 1.1114 - acc: 0.5579
865/865 [==============================] - 8s 9ms/sample - loss: 1.1109 - acc: 0.5584

  32/3458 [..............................] - ETA: 2:49 - loss: 0.9209 - acc: 0.6562
  64/3458 [..............................] - ETA: 2:50 - loss: 0.9525 - acc: 0.6406
  96/3458 [..............................] - ETA: 2:47 - loss: 0.9377 - acc: 0.6667
 128/3458 [>.............................] - ETA: 2:45 - loss: 0.9637 - acc: 0.6562
 160/3458 [>.............................] - ETA: 2:42 - loss: 0.9408 - acc: 0.6625
 192/3458 [>.............................] - ETA: 2:41 - loss: 0.9609 - acc: 0.6458
 224/3458 [>.............................] - ETA: 2:39 - loss: 0.9526 - acc: 0.6339
 256/3458 [=>............................] - ETA: 2:37 - loss: 0.9368 - acc: 0.6484
 288/3458 [=>............................] - ETA: 2:35 - loss: 0.9336 - acc: 0.6528
 320/3458 [=>............................] - ETA: 2:34 - loss: 0.9132 - acc: 0.6656
 352/3458 [==>...........................] - ETA: 2:33 - loss: 0.9273 - acc: 0.6705
 384/3458 [==>...........................] - ETA: 2:31 - loss: 0.9564 - acc: 0.6667
 416/3458 [==>...........................] - ETA: 2:29 - loss: 0.9634 - acc: 0.6587
 448/3458 [==>...........................] - ETA: 2:27 - loss: 0.9511 - acc: 0.6629
 480/3458 [===>..........................] - ETA: 2:26 - loss: 0.9760 - acc: 0.6479
 512/3458 [===>..........................] - ETA: 2:24 - loss: 0.9741 - acc: 0.6465
 544/3458 [===>..........................] - ETA: 2:23 - loss: 0.9822 - acc: 0.6452
 576/3458 [===>..........................] - ETA: 2:21 - loss: 0.9788 - acc: 0.6493
 608/3458 [====>.........................] - ETA: 2:20 - loss: 0.9843 - acc: 0.6431
 640/3458 [====>.........................] - ETA: 2:18 - loss: 0.9970 - acc: 0.6406
 672/3458 [====>.........................] - ETA: 2:17 - loss: 0.9956 - acc: 0.6399
 704/3458 [=====>........................] - ETA: 2:15 - loss: 0.9927 - acc: 0.6449
 736/3458 [=====>........................] - ETA: 2:13 - loss: 0.9863 - acc: 0.6467
 768/3458 [=====>........................] - ETA: 2:12 - loss: 0.9933 - acc: 0.6419
 800/3458 [=====>........................] - ETA: 2:10 - loss: 0.9921 - acc: 0.6438
 832/3458 [======>.......................] - ETA: 2:09 - loss: 0.9865 - acc: 0.6430
 864/3458 [======>.......................] - ETA: 2:07 - loss: 0.9852 - acc: 0.6435
 896/3458 [======>.......................] - ETA: 2:05 - loss: 0.9867 - acc: 0.6429
 928/3458 [=======>......................] - ETA: 2:04 - loss: 0.9839 - acc: 0.6455
 960/3458 [=======>......................] - ETA: 2:02 - loss: 0.9940 - acc: 0.6396
 992/3458 [=======>......................] - ETA: 2:01 - loss: 1.0015 - acc: 0.6341
1024/3458 [=======>......................] - ETA: 1:59 - loss: 1.0014 - acc: 0.6328
1056/3458 [========>.....................] - ETA: 1:58 - loss: 0.9980 - acc: 0.6326
1088/3458 [========>.....................] - ETA: 1:56 - loss: 0.9905 - acc: 0.6360
1120/3458 [========>.....................] - ETA: 1:55 - loss: 0.9874 - acc: 0.6357
1152/3458 [========>.....................] - ETA: 1:53 - loss: 0.9841 - acc: 0.6363
1184/3458 [=========>....................] - ETA: 1:51 - loss: 0.9784 - acc: 0.6402
1216/3458 [=========>....................] - ETA: 1:50 - loss: 0.9754 - acc: 0.6414
1248/3458 [=========>....................] - ETA: 1:48 - loss: 0.9748 - acc: 0.6410
1280/3458 [==========>...................] - ETA: 1:47 - loss: 0.9778 - acc: 0.6398
1312/3458 [==========>...................] - ETA: 1:45 - loss: 0.9791 - acc: 0.6380
1344/3458 [==========>...................] - ETA: 1:44 - loss: 0.9716 - acc: 0.6414
1376/3458 [==========>...................] - ETA: 1:42 - loss: 0.9795 - acc: 0.6374
1408/3458 [===========>..................] - ETA: 1:40 - loss: 0.9848 - acc: 0.6357
1440/3458 [===========>..................] - ETA: 1:39 - loss: 0.9829 - acc: 0.6347
1472/3458 [===========>..................] - ETA: 1:37 - loss: 0.9867 - acc: 0.6277
1504/3458 [============>.................] - ETA: 1:36 - loss: 0.9874 - acc: 0.6277
1536/3458 [============>.................] - ETA: 1:34 - loss: 0.9821 - acc: 0.6289
1568/3458 [============>.................] - ETA: 1:33 - loss: 0.9850 - acc: 0.6276
1600/3458 [============>.................] - ETA: 1:31 - loss: 0.9896 - acc: 0.6250
1632/3458 [=============>................] - ETA: 1:29 - loss: 0.9886 - acc: 0.6238
1664/3458 [=============>................] - ETA: 1:28 - loss: 0.9858 - acc: 0.6244
1696/3458 [=============>................] - ETA: 1:26 - loss: 0.9854 - acc: 0.6232
1728/3458 [=============>................] - ETA: 1:25 - loss: 0.9861 - acc: 0.6238
1760/3458 [==============>...............] - ETA: 1:23 - loss: 0.9846 - acc: 0.6250
1792/3458 [==============>...............] - ETA: 1:21 - loss: 0.9849 - acc: 0.6239
1824/3458 [==============>...............] - ETA: 1:20 - loss: 0.9820 - acc: 0.6250
1856/3458 [===============>..............] - ETA: 1:18 - loss: 0.9807 - acc: 0.6261
1888/3458 [===============>..............] - ETA: 1:17 - loss: 0.9760 - acc: 0.6287
1920/3458 [===============>..............] - ETA: 1:15 - loss: 0.9751 - acc: 0.6260
1952/3458 [===============>..............] - ETA: 1:14 - loss: 0.9752 - acc: 0.6260
1984/3458 [================>.............] - ETA: 1:12 - loss: 0.9742 - acc: 0.6265
2016/3458 [================>.............] - ETA: 1:11 - loss: 0.9757 - acc: 0.6280
2048/3458 [================>.............] - ETA: 1:09 - loss: 0.9752 - acc: 0.6289
2080/3458 [=================>............] - ETA: 1:07 - loss: 0.9758 - acc: 0.6293
2112/3458 [=================>............] - ETA: 1:06 - loss: 0.9757 - acc: 0.6293
2144/3458 [=================>............] - ETA: 1:04 - loss: 0.9715 - acc: 0.6315
2176/3458 [=================>............] - ETA: 1:03 - loss: 0.9712 - acc: 0.6319
2208/3458 [==================>...........] - ETA: 1:01 - loss: 0.9697 - acc: 0.6313
2240/3458 [==================>...........] - ETA: 59s - loss: 0.9704 - acc: 0.6326 
2272/3458 [==================>...........] - ETA: 58s - loss: 0.9699 - acc: 0.6320
2304/3458 [==================>...........] - ETA: 56s - loss: 0.9694 - acc: 0.6315
2336/3458 [===================>..........] - ETA: 55s - loss: 0.9662 - acc: 0.6327
2368/3458 [===================>..........] - ETA: 53s - loss: 0.9637 - acc: 0.6318
2400/3458 [===================>..........] - ETA: 52s - loss: 0.9655 - acc: 0.6325
2432/3458 [====================>.........] - ETA: 50s - loss: 0.9649 - acc: 0.6299
2464/3458 [====================>.........] - ETA: 48s - loss: 0.9616 - acc: 0.6311
2496/3458 [====================>.........] - ETA: 47s - loss: 0.9594 - acc: 0.6326
2528/3458 [====================>.........] - ETA: 45s - loss: 0.9572 - acc: 0.6329
2560/3458 [=====================>........] - ETA: 44s - loss: 0.9589 - acc: 0.6324
2592/3458 [=====================>........] - ETA: 42s - loss: 0.9590 - acc: 0.6319
2624/3458 [=====================>........] - ETA: 41s - loss: 0.9612 - acc: 0.6311
2656/3458 [======================>.......] - ETA: 39s - loss: 0.9639 - acc: 0.6303
2688/3458 [======================>.......] - ETA: 37s - loss: 0.9609 - acc: 0.6328
2720/3458 [======================>.......] - ETA: 36s - loss: 0.9613 - acc: 0.6316
2752/3458 [======================>.......] - ETA: 34s - loss: 0.9610 - acc: 0.6319
2784/3458 [=======================>......] - ETA: 33s - loss: 0.9602 - acc: 0.6315
2816/3458 [=======================>......] - ETA: 31s - loss: 0.9593 - acc: 0.6321
2848/3458 [=======================>......] - ETA: 30s - loss: 0.9590 - acc: 0.6320
2880/3458 [=======================>......] - ETA: 28s - loss: 0.9627 - acc: 0.6306
2912/3458 [========================>.....] - ETA: 26s - loss: 0.9615 - acc: 0.6308
2944/3458 [========================>.....] - ETA: 25s - loss: 0.9612 - acc: 0.6311
2976/3458 [========================>.....] - ETA: 23s - loss: 0.9618 - acc: 0.6310
3008/3458 [=========================>....] - ETA: 22s - loss: 0.9621 - acc: 0.6307
3040/3458 [=========================>....] - ETA: 20s - loss: 0.9598 - acc: 0.6319
3072/3458 [=========================>....] - ETA: 19s - loss: 0.9590 - acc: 0.6328
3104/3458 [=========================>....] - ETA: 17s - loss: 0.9603 - acc: 0.6318
3136/3458 [==========================>...] - ETA: 15s - loss: 0.9607 - acc: 0.6320
3168/3458 [==========================>...] - ETA: 14s - loss: 0.9612 - acc: 0.6323
3200/3458 [==========================>...] - ETA: 12s - loss: 0.9628 - acc: 0.6316
3232/3458 [===========================>..] - ETA: 11s - loss: 0.9600 - acc: 0.6330
3264/3458 [===========================>..] - ETA: 9s - loss: 0.9589 - acc: 0.6333 
3296/3458 [===========================>..] - ETA: 7s - loss: 0.9592 - acc: 0.6332
3328/3458 [===========================>..] - ETA: 6s - loss: 0.9588 - acc: 0.6334
3360/3458 [============================>.] - ETA: 4s - loss: 0.9590 - acc: 0.6330
3392/3458 [============================>.] - ETA: 3s - loss: 0.9587 - acc: 0.6330
3424/3458 [============================>.] - ETA: 1s - loss: 0.9585 - acc: 0.6329
3456/3458 [============================>.] - ETA: 0s - loss: 0.9613 - acc: 0.6319
3458/3458 [==============================] - 171s 49ms/sample - loss: 0.9611 - acc: 0.6319

 32/865 [>.............................] - ETA: 7s - loss: 1.0688 - acc: 0.5625
 64/865 [=>............................] - ETA: 7s - loss: 1.0213 - acc: 0.5938
 96/865 [==>...........................] - ETA: 7s - loss: 0.9598 - acc: 0.6042
128/865 [===>..........................] - ETA: 6s - loss: 0.9333 - acc: 0.6172
160/865 [====>.........................] - ETA: 6s - loss: 0.9062 - acc: 0.6187
192/865 [=====>........................] - ETA: 6s - loss: 0.9644 - acc: 0.5990
224/865 [======>.......................] - ETA: 5s - loss: 0.9983 - acc: 0.5982
256/865 [=======>......................] - ETA: 5s - loss: 0.9995 - acc: 0.6016
288/865 [========>.....................] - ETA: 5s - loss: 0.9690 - acc: 0.6181
320/865 [==========>...................] - ETA: 4s - loss: 0.9796 - acc: 0.6281
352/865 [===========>..................] - ETA: 4s - loss: 1.0034 - acc: 0.6364
384/865 [============>.................] - ETA: 4s - loss: 0.9848 - acc: 0.6406
416/865 [=============>................] - ETA: 4s - loss: 0.9983 - acc: 0.6370
448/865 [==============>...............] - ETA: 3s - loss: 0.9976 - acc: 0.6317
480/865 [===============>..............] - ETA: 3s - loss: 0.9882 - acc: 0.6333
512/865 [================>.............] - ETA: 3s - loss: 1.0015 - acc: 0.6191
544/865 [=================>............] - ETA: 2s - loss: 0.9937 - acc: 0.6213
576/865 [==================>...........] - ETA: 2s - loss: 0.9906 - acc: 0.6233
608/865 [====================>.........] - ETA: 2s - loss: 0.9989 - acc: 0.6151
640/865 [=====================>........] - ETA: 2s - loss: 1.0023 - acc: 0.6141
672/865 [======================>.......] - ETA: 1s - loss: 1.0084 - acc: 0.6086
704/865 [=======================>......] - ETA: 1s - loss: 1.0035 - acc: 0.6094
736/865 [========================>.....] - ETA: 1s - loss: 1.0127 - acc: 0.6060
768/865 [=========================>....] - ETA: 0s - loss: 1.0058 - acc: 0.6042
800/865 [==========================>...] - ETA: 0s - loss: 1.0104 - acc: 0.6037
832/865 [===========================>..] - ETA: 0s - loss: 1.0175 - acc: 0.6022
864/865 [============================>.] - ETA: 0s - loss: 1.0204 - acc: 0.6007
865/865 [==============================] - 8s 9ms/sample - loss: 1.0195 - acc: 0.6012

  32/3458 [..............................] - ETA: 2:44 - loss: 0.8181 - acc: 0.7812
  64/3458 [..............................] - ETA: 2:44 - loss: 0.6853 - acc: 0.7969
  96/3458 [..............................] - ETA: 2:44 - loss: 0.7159 - acc: 0.7812
 128/3458 [>.............................] - ETA: 2:43 - loss: 0.7468 - acc: 0.7500
 160/3458 [>.............................] - ETA: 2:42 - loss: 0.7356 - acc: 0.7500
 192/3458 [>.............................] - ETA: 2:40 - loss: 0.7395 - acc: 0.7500
 224/3458 [>.............................] - ETA: 2:39 - loss: 0.7588 - acc: 0.7455
 256/3458 [=>............................] - ETA: 2:37 - loss: 0.7416 - acc: 0.7461
 288/3458 [=>............................] - ETA: 2:35 - loss: 0.7539 - acc: 0.7292
 320/3458 [=>............................] - ETA: 2:34 - loss: 0.7609 - acc: 0.7312
 352/3458 [==>...........................] - ETA: 2:33 - loss: 0.7650 - acc: 0.7244
 384/3458 [==>...........................] - ETA: 2:31 - loss: 0.7578 - acc: 0.7266
 416/3458 [==>...........................] - ETA: 2:29 - loss: 0.7464 - acc: 0.7308
 448/3458 [==>...........................] - ETA: 2:28 - loss: 0.7419 - acc: 0.7299
 480/3458 [===>..........................] - ETA: 2:26 - loss: 0.7492 - acc: 0.7271
 512/3458 [===>..........................] - ETA: 2:25 - loss: 0.7642 - acc: 0.7188
 544/3458 [===>..........................] - ETA: 2:23 - loss: 0.7601 - acc: 0.7169
 576/3458 [===>..........................] - ETA: 2:21 - loss: 0.7607 - acc: 0.7153
 608/3458 [====>.........................] - ETA: 2:20 - loss: 0.7585 - acc: 0.7138
 640/3458 [====>.........................] - ETA: 2:18 - loss: 0.7675 - acc: 0.7109
 672/3458 [====>.........................] - ETA: 2:17 - loss: 0.7628 - acc: 0.7143
 704/3458 [=====>........................] - ETA: 2:16 - loss: 0.7644 - acc: 0.7102
 736/3458 [=====>........................] - ETA: 2:14 - loss: 0.7698 - acc: 0.7065
 768/3458 [=====>........................] - ETA: 2:13 - loss: 0.7648 - acc: 0.7083
 800/3458 [=====>........................] - ETA: 2:11 - loss: 0.7632 - acc: 0.7063
 832/3458 [======>.......................] - ETA: 2:09 - loss: 0.7631 - acc: 0.7079
 864/3458 [======>.......................] - ETA: 2:08 - loss: 0.7638 - acc: 0.7049
 896/3458 [======>.......................] - ETA: 2:06 - loss: 0.7604 - acc: 0.7065
 928/3458 [=======>......................] - ETA: 2:05 - loss: 0.7731 - acc: 0.7015
 960/3458 [=======>......................] - ETA: 2:03 - loss: 0.7694 - acc: 0.7031
 992/3458 [=======>......................] - ETA: 2:01 - loss: 0.7618 - acc: 0.7077
1024/3458 [=======>......................] - ETA: 2:00 - loss: 0.7674 - acc: 0.7051
1056/3458 [========>.....................] - ETA: 1:58 - loss: 0.7685 - acc: 0.7027
1088/3458 [========>.....................] - ETA: 1:57 - loss: 0.7663 - acc: 0.7031
1120/3458 [========>.....................] - ETA: 1:55 - loss: 0.7689 - acc: 0.7009
1152/3458 [========>.....................] - ETA: 1:53 - loss: 0.7620 - acc: 0.7023
1184/3458 [=========>....................] - ETA: 1:52 - loss: 0.7561 - acc: 0.7052
1216/3458 [=========>....................] - ETA: 1:50 - loss: 0.7524 - acc: 0.7081
1248/3458 [=========>....................] - ETA: 1:49 - loss: 0.7456 - acc: 0.7115
1280/3458 [==========>...................] - ETA: 1:47 - loss: 0.7409 - acc: 0.7133
1312/3458 [==========>...................] - ETA: 1:45 - loss: 0.7436 - acc: 0.7149
1344/3458 [==========>...................] - ETA: 1:44 - loss: 0.7442 - acc: 0.7158
1376/3458 [==========>...................] - ETA: 1:42 - loss: 0.7479 - acc: 0.7144
1408/3458 [===========>..................] - ETA: 1:41 - loss: 0.7491 - acc: 0.7138
1440/3458 [===========>..................] - ETA: 1:39 - loss: 0.7493 - acc: 0.7139
1472/3458 [===========>..................] - ETA: 1:38 - loss: 0.7456 - acc: 0.7154
1504/3458 [============>.................] - ETA: 1:36 - loss: 0.7413 - acc: 0.7161
1536/3458 [============>.................] - ETA: 1:34 - loss: 0.7431 - acc: 0.7148
1568/3458 [============>.................] - ETA: 1:33 - loss: 0.7405 - acc: 0.7175
1600/3458 [============>.................] - ETA: 1:31 - loss: 0.7462 - acc: 0.7144
1632/3458 [=============>................] - ETA: 1:30 - loss: 0.7457 - acc: 0.7151
1664/3458 [=============>................] - ETA: 1:28 - loss: 0.7506 - acc: 0.7115
1696/3458 [=============>................] - ETA: 1:26 - loss: 0.7544 - acc: 0.7093
1728/3458 [=============>................] - ETA: 1:25 - loss: 0.7525 - acc: 0.7101
1760/3458 [==============>...............] - ETA: 1:23 - loss: 0.7502 - acc: 0.7114
1792/3458 [==============>...............] - ETA: 1:22 - loss: 0.7571 - acc: 0.7087
1824/3458 [==============>...............] - ETA: 1:20 - loss: 0.7563 - acc: 0.7094
1856/3458 [===============>..............] - ETA: 1:19 - loss: 0.7557 - acc: 0.7096
1888/3458 [===============>..............] - ETA: 1:17 - loss: 0.7587 - acc: 0.7076
1920/3458 [===============>..............] - ETA: 1:15 - loss: 0.7572 - acc: 0.7099
1952/3458 [===============>..............] - ETA: 1:14 - loss: 0.7562 - acc: 0.7111
1984/3458 [================>.............] - ETA: 1:12 - loss: 0.7560 - acc: 0.7102
2016/3458 [================>.............] - ETA: 1:11 - loss: 0.7567 - acc: 0.7093
2048/3458 [================>.............] - ETA: 1:09 - loss: 0.7535 - acc: 0.7095
2080/3458 [=================>............] - ETA: 1:07 - loss: 0.7518 - acc: 0.7106
2112/3458 [=================>............] - ETA: 1:06 - loss: 0.7525 - acc: 0.7098
2144/3458 [=================>............] - ETA: 1:04 - loss: 0.7525 - acc: 0.7104
2176/3458 [=================>............] - ETA: 1:03 - loss: 0.7535 - acc: 0.7086
2208/3458 [==================>...........] - ETA: 1:01 - loss: 0.7538 - acc: 0.7097
2240/3458 [==================>...........] - ETA: 1:00 - loss: 0.7569 - acc: 0.7085
2272/3458 [==================>...........] - ETA: 58s - loss: 0.7608 - acc: 0.7077 
2304/3458 [==================>...........] - ETA: 56s - loss: 0.7607 - acc: 0.7083
2336/3458 [===================>..........] - ETA: 55s - loss: 0.7651 - acc: 0.7068
2368/3458 [===================>..........] - ETA: 53s - loss: 0.7659 - acc: 0.7061
2400/3458 [===================>..........] - ETA: 52s - loss: 0.7661 - acc: 0.7071
2432/3458 [====================>.........] - ETA: 50s - loss: 0.7685 - acc: 0.7056
2464/3458 [====================>.........] - ETA: 48s - loss: 0.7695 - acc: 0.7041
2496/3458 [====================>.........] - ETA: 47s - loss: 0.7697 - acc: 0.7039
2528/3458 [====================>.........] - ETA: 45s - loss: 0.7703 - acc: 0.7029
2560/3458 [=====================>........] - ETA: 44s - loss: 0.7699 - acc: 0.7031
2592/3458 [=====================>........] - ETA: 42s - loss: 0.7720 - acc: 0.7018
2624/3458 [=====================>........] - ETA: 41s - loss: 0.7762 - acc: 0.7001
2656/3458 [======================>.......] - ETA: 39s - loss: 0.7756 - acc: 0.6995
2688/3458 [======================>.......] - ETA: 37s - loss: 0.7773 - acc: 0.6990
2720/3458 [======================>.......] - ETA: 36s - loss: 0.7763 - acc: 0.7004
2752/3458 [======================>.......] - ETA: 34s - loss: 0.7790 - acc: 0.6995
2784/3458 [=======================>......] - ETA: 33s - loss: 0.7789 - acc: 0.7004
2816/3458 [=======================>......] - ETA: 31s - loss: 0.7783 - acc: 0.7013
2848/3458 [=======================>......] - ETA: 30s - loss: 0.7804 - acc: 0.6998
2880/3458 [=======================>......] - ETA: 28s - loss: 0.7798 - acc: 0.7000
2912/3458 [========================>.....] - ETA: 26s - loss: 0.7802 - acc: 0.6995
2944/3458 [========================>.....] - ETA: 25s - loss: 0.7824 - acc: 0.6980
2976/3458 [========================>.....] - ETA: 23s - loss: 0.7815 - acc: 0.6989
3008/3458 [=========================>....] - ETA: 22s - loss: 0.7808 - acc: 0.7001
3040/3458 [=========================>....] - ETA: 20s - loss: 0.7821 - acc: 0.7003
3072/3458 [=========================>....] - ETA: 19s - loss: 0.7888 - acc: 0.6986
3104/3458 [=========================>....] - ETA: 17s - loss: 0.7891 - acc: 0.6981
3136/3458 [==========================>...] - ETA: 15s - loss: 0.7888 - acc: 0.6990
3168/3458 [==========================>...] - ETA: 14s - loss: 0.7870 - acc: 0.7004
3200/3458 [==========================>...] - ETA: 12s - loss: 0.7857 - acc: 0.7000
3232/3458 [===========================>..] - ETA: 11s - loss: 0.7853 - acc: 0.7002
3264/3458 [===========================>..] - ETA: 9s - loss: 0.7853 - acc: 0.6998 
3296/3458 [===========================>..] - ETA: 7s - loss: 0.7848 - acc: 0.7002
3328/3458 [===========================>..] - ETA: 6s - loss: 0.7844 - acc: 0.7004
3360/3458 [============================>.] - ETA: 4s - loss: 0.7860 - acc: 0.7003
3392/3458 [============================>.] - ETA: 3s - loss: 0.7845 - acc: 0.7011
3424/3458 [============================>.] - ETA: 1s - loss: 0.7843 - acc: 0.7009
3456/3458 [============================>.] - ETA: 0s - loss: 0.7832 - acc: 0.7017
3458/3458 [==============================] - 171s 49ms/sample - loss: 0.7832 - acc: 0.7016

 32/865 [>.............................] - ETA: 7s - loss: 1.0801 - acc: 0.5000
 64/865 [=>............................] - ETA: 7s - loss: 1.1819 - acc: 0.5469
 96/865 [==>...........................] - ETA: 7s - loss: 1.0699 - acc: 0.6146
128/865 [===>..........................] - ETA: 6s - loss: 1.0197 - acc: 0.6328
160/865 [====>.........................] - ETA: 6s - loss: 0.9926 - acc: 0.6500
192/865 [=====>........................] - ETA: 6s - loss: 1.0013 - acc: 0.6354
224/865 [======>.......................] - ETA: 5s - loss: 1.0197 - acc: 0.6384
256/865 [=======>......................] - ETA: 5s - loss: 1.0046 - acc: 0.6367
288/865 [========>.....................] - ETA: 5s - loss: 0.9776 - acc: 0.6493
320/865 [==========>...................] - ETA: 4s - loss: 0.9730 - acc: 0.6406
352/865 [===========>..................] - ETA: 4s - loss: 1.0156 - acc: 0.6364
384/865 [============>.................] - ETA: 4s - loss: 1.0035 - acc: 0.6406
416/865 [=============>................] - ETA: 4s - loss: 0.9910 - acc: 0.6346
448/865 [==============>...............] - ETA: 3s - loss: 0.9950 - acc: 0.6295
480/865 [===============>..............] - ETA: 3s - loss: 0.9991 - acc: 0.6229
512/865 [================>.............] - ETA: 3s - loss: 1.0072 - acc: 0.6152
544/865 [=================>............] - ETA: 2s - loss: 0.9976 - acc: 0.6158
576/865 [==================>...........] - ETA: 2s - loss: 0.9997 - acc: 0.6059
608/865 [====================>.........] - ETA: 2s - loss: 1.0109 - acc: 0.6036
640/865 [=====================>........] - ETA: 2s - loss: 1.0319 - acc: 0.6016
672/865 [======================>.......] - ETA: 1s - loss: 1.0439 - acc: 0.5952
704/865 [=======================>......] - ETA: 1s - loss: 1.0479 - acc: 0.5966
736/865 [========================>.....] - ETA: 1s - loss: 1.0413 - acc: 0.5951
768/865 [=========================>....] - ETA: 0s - loss: 1.0366 - acc: 0.5951
800/865 [==========================>...] - ETA: 0s - loss: 1.0442 - acc: 0.5925
832/865 [===========================>..] - ETA: 0s - loss: 1.0629 - acc: 0.5889
864/865 [============================>.] - ETA: 0s - loss: 1.0727 - acc: 0.5856
865/865 [==============================] - 8s 9ms/sample - loss: 1.0717 - acc: 0.5861
