For Dropout_1=0.0 Dropout_2=0.5
daisy loaded
dandelion loaded
rose loaded
sunflower loaded
tulip loaded

  32/3458 [..............................] - ETA: 3:00 - loss: 1.6426 - acc: 0.0938
  64/3458 [..............................] - ETA: 2:49 - loss: 18.0639 - acc: 0.1719
  96/3458 [..............................] - ETA: 2:45 - loss: 16.3524 - acc: 0.1875
 128/3458 [>.............................] - ETA: 2:42 - loss: 14.3233 - acc: 0.1953
 160/3458 [>.............................] - ETA: 2:40 - loss: 11.9304 - acc: 0.2062
 192/3458 [>.............................] - ETA: 2:38 - loss: 10.2011 - acc: 0.2083
 224/3458 [>.............................] - ETA: 2:35 - loss: 8.9693 - acc: 0.2188 
 256/3458 [=>............................] - ETA: 2:33 - loss: 8.0499 - acc: 0.2188
 288/3458 [=>............................] - ETA: 2:31 - loss: 7.3347 - acc: 0.2222
 320/3458 [=>............................] - ETA: 2:29 - loss: 6.7609 - acc: 0.2281
 352/3458 [==>...........................] - ETA: 2:28 - loss: 6.2897 - acc: 0.2216
 384/3458 [==>...........................] - ETA: 2:26 - loss: 5.8929 - acc: 0.2240
 416/3458 [==>...........................] - ETA: 2:25 - loss: 5.5619 - acc: 0.2212
 448/3458 [==>...........................] - ETA: 2:23 - loss: 5.2892 - acc: 0.2121
 480/3458 [===>..........................] - ETA: 2:21 - loss: 5.0429 - acc: 0.2104
 512/3458 [===>..........................] - ETA: 2:19 - loss: 4.8272 - acc: 0.2168
 544/3458 [===>..........................] - ETA: 2:18 - loss: 4.6376 - acc: 0.2151
 576/3458 [===>..........................] - ETA: 2:16 - loss: 4.4684 - acc: 0.2153
 608/3458 [====>.........................] - ETA: 2:15 - loss: 4.3176 - acc: 0.2188
 640/3458 [====>.........................] - ETA: 2:13 - loss: 4.1813 - acc: 0.2219
 672/3458 [====>.........................] - ETA: 2:12 - loss: 4.0558 - acc: 0.2262
 704/3458 [=====>........................] - ETA: 2:10 - loss: 3.9392 - acc: 0.2386
 736/3458 [=====>........................] - ETA: 2:09 - loss: 3.8354 - acc: 0.2432
 768/3458 [=====>........................] - ETA: 2:07 - loss: 3.7469 - acc: 0.2422
 800/3458 [=====>........................] - ETA: 2:06 - loss: 3.6549 - acc: 0.2488
 832/3458 [======>.......................] - ETA: 2:04 - loss: 3.5729 - acc: 0.2572
 864/3458 [======>.......................] - ETA: 2:03 - loss: 3.4978 - acc: 0.2616
 896/3458 [======>.......................] - ETA: 2:01 - loss: 3.4234 - acc: 0.2679
 928/3458 [=======>......................] - ETA: 2:00 - loss: 3.3536 - acc: 0.2748
 960/3458 [=======>......................] - ETA: 1:58 - loss: 3.2880 - acc: 0.2792
 992/3458 [=======>......................] - ETA: 1:57 - loss: 3.2340 - acc: 0.2802
1024/3458 [=======>......................] - ETA: 1:55 - loss: 3.1837 - acc: 0.2822
1056/3458 [========>.....................] - ETA: 1:53 - loss: 3.1320 - acc: 0.2803
1088/3458 [========>.....................] - ETA: 1:52 - loss: 3.0839 - acc: 0.2840
1120/3458 [========>.....................] - ETA: 1:50 - loss: 3.0386 - acc: 0.2848
1152/3458 [========>.....................] - ETA: 1:49 - loss: 2.9966 - acc: 0.2847
1184/3458 [=========>....................] - ETA: 1:47 - loss: 2.9572 - acc: 0.2821
1216/3458 [=========>....................] - ETA: 1:46 - loss: 2.9185 - acc: 0.2829
1248/3458 [=========>....................] - ETA: 1:44 - loss: 2.8823 - acc: 0.2837
1280/3458 [==========>...................] - ETA: 1:43 - loss: 2.8481 - acc: 0.2836
1312/3458 [==========>...................] - ETA: 1:41 - loss: 2.8151 - acc: 0.2843
1344/3458 [==========>...................] - ETA: 1:40 - loss: 2.7850 - acc: 0.2835
1376/3458 [==========>...................] - ETA: 1:38 - loss: 2.7571 - acc: 0.2842
1408/3458 [===========>..................] - ETA: 1:37 - loss: 2.7277 - acc: 0.2862
1440/3458 [===========>..................] - ETA: 1:35 - loss: 2.6987 - acc: 0.2854
1472/3458 [===========>..................] - ETA: 1:33 - loss: 2.6755 - acc: 0.2846
1504/3458 [============>.................] - ETA: 1:32 - loss: 2.6493 - acc: 0.2852
1536/3458 [============>.................] - ETA: 1:30 - loss: 2.6261 - acc: 0.2852
1568/3458 [============>.................] - ETA: 1:29 - loss: 2.6035 - acc: 0.2864
1600/3458 [============>.................] - ETA: 1:27 - loss: 2.5811 - acc: 0.2875
1632/3458 [=============>................] - ETA: 1:26 - loss: 2.5594 - acc: 0.2880
1664/3458 [=============>................] - ETA: 1:24 - loss: 2.5423 - acc: 0.2861
1696/3458 [=============>................] - ETA: 1:23 - loss: 2.5220 - acc: 0.2860
1728/3458 [=============>................] - ETA: 1:21 - loss: 2.5046 - acc: 0.2853
1760/3458 [==============>...............] - ETA: 1:20 - loss: 2.4861 - acc: 0.2847
1792/3458 [==============>...............] - ETA: 1:18 - loss: 2.4680 - acc: 0.2863
1824/3458 [==============>...............] - ETA: 1:17 - loss: 2.4536 - acc: 0.2845
1856/3458 [===============>..............] - ETA: 1:15 - loss: 2.4398 - acc: 0.2829
1888/3458 [===============>..............] - ETA: 1:14 - loss: 2.4252 - acc: 0.2807
1920/3458 [===============>..............] - ETA: 1:12 - loss: 2.4117 - acc: 0.2797
1952/3458 [===============>..............] - ETA: 1:11 - loss: 2.3976 - acc: 0.2802
1984/3458 [================>.............] - ETA: 1:09 - loss: 2.3833 - acc: 0.2807
2016/3458 [================>.............] - ETA: 1:08 - loss: 2.3697 - acc: 0.2793
2048/3458 [================>.............] - ETA: 1:06 - loss: 2.3555 - acc: 0.2778
2080/3458 [=================>............] - ETA: 1:05 - loss: 2.3415 - acc: 0.2774
2112/3458 [=================>............] - ETA: 1:03 - loss: 2.3283 - acc: 0.2770
2144/3458 [=================>............] - ETA: 1:02 - loss: 2.3180 - acc: 0.2761
2176/3458 [=================>............] - ETA: 1:00 - loss: 2.3059 - acc: 0.2753
2208/3458 [==================>...........] - ETA: 58s - loss: 2.2958 - acc: 0.2749 
2240/3458 [==================>...........] - ETA: 57s - loss: 2.2856 - acc: 0.2737
2272/3458 [==================>...........] - ETA: 55s - loss: 2.2738 - acc: 0.2738
2304/3458 [==================>...........] - ETA: 54s - loss: 2.2645 - acc: 0.2726
2336/3458 [===================>..........] - ETA: 52s - loss: 2.2547 - acc: 0.2757
2368/3458 [===================>..........] - ETA: 51s - loss: 2.2446 - acc: 0.2741
2400/3458 [===================>..........] - ETA: 49s - loss: 2.2350 - acc: 0.2742
2432/3458 [====================>.........] - ETA: 48s - loss: 2.2254 - acc: 0.2743
2464/3458 [====================>.........] - ETA: 46s - loss: 2.2161 - acc: 0.2744
2496/3458 [====================>.........] - ETA: 45s - loss: 2.2083 - acc: 0.2744
2528/3458 [====================>.........] - ETA: 43s - loss: 2.1984 - acc: 0.2757
2560/3458 [=====================>........] - ETA: 42s - loss: 2.1894 - acc: 0.2762
2592/3458 [=====================>........] - ETA: 40s - loss: 2.1824 - acc: 0.2770
2624/3458 [=====================>........] - ETA: 39s - loss: 2.1751 - acc: 0.2767
2656/3458 [======================>.......] - ETA: 37s - loss: 2.1659 - acc: 0.2794
2688/3458 [======================>.......] - ETA: 36s - loss: 2.1589 - acc: 0.2786
2720/3458 [======================>.......] - ETA: 34s - loss: 2.1503 - acc: 0.2790
2752/3458 [======================>.......] - ETA: 33s - loss: 2.1417 - acc: 0.2787
2784/3458 [=======================>......] - ETA: 31s - loss: 2.1347 - acc: 0.2798
2816/3458 [=======================>......] - ETA: 30s - loss: 2.1309 - acc: 0.2809
2848/3458 [=======================>......] - ETA: 28s - loss: 2.1233 - acc: 0.2820
2880/3458 [=======================>......] - ETA: 27s - loss: 2.1165 - acc: 0.2819
2912/3458 [========================>.....] - ETA: 25s - loss: 2.1096 - acc: 0.2816
2944/3458 [========================>.....] - ETA: 24s - loss: 2.1032 - acc: 0.2812
2976/3458 [========================>.....] - ETA: 22s - loss: 2.0959 - acc: 0.2826
3008/3458 [=========================>....] - ETA: 21s - loss: 2.0888 - acc: 0.2836
3040/3458 [=========================>....] - ETA: 19s - loss: 2.0827 - acc: 0.2852
3072/3458 [=========================>....] - ETA: 18s - loss: 2.0772 - acc: 0.2855
3104/3458 [=========================>....] - ETA: 16s - loss: 2.0721 - acc: 0.2845
3136/3458 [==========================>...] - ETA: 15s - loss: 2.0668 - acc: 0.2841
3168/3458 [==========================>...] - ETA: 13s - loss: 2.0609 - acc: 0.2854
3200/3458 [==========================>...] - ETA: 12s - loss: 2.0553 - acc: 0.2844
3232/3458 [===========================>..] - ETA: 10s - loss: 2.0486 - acc: 0.2862
3264/3458 [===========================>..] - ETA: 9s - loss: 2.0437 - acc: 0.2871 
3296/3458 [===========================>..] - ETA: 7s - loss: 2.0380 - acc: 0.2885
3328/3458 [===========================>..] - ETA: 6s - loss: 2.0332 - acc: 0.2888
3360/3458 [============================>.] - ETA: 4s - loss: 2.0278 - acc: 0.2890
3392/3458 [============================>.] - ETA: 3s - loss: 2.0225 - acc: 0.2898
3424/3458 [============================>.] - ETA: 1s - loss: 2.0173 - acc: 0.2903
3456/3458 [============================>.] - ETA: 0s - loss: 2.0131 - acc: 0.2902
3458/3458 [==============================] - 164s 47ms/sample - loss: 2.0128 - acc: 0.2901

 32/865 [>.............................] - ETA: 8s - loss: 1.5125 - acc: 0.1562
 64/865 [=>............................] - ETA: 7s - loss: 1.4944 - acc: 0.2500
 96/865 [==>...........................] - ETA: 7s - loss: 1.4859 - acc: 0.2708
128/865 [===>..........................] - ETA: 6s - loss: 1.4644 - acc: 0.2969
160/865 [====>.........................] - ETA: 6s - loss: 1.4487 - acc: 0.3313
192/865 [=====>........................] - ETA: 6s - loss: 1.4712 - acc: 0.3125
224/865 [======>.......................] - ETA: 5s - loss: 1.4654 - acc: 0.3259
256/865 [=======>......................] - ETA: 5s - loss: 1.4603 - acc: 0.3164
288/865 [========>.....................] - ETA: 5s - loss: 1.4556 - acc: 0.3229
320/865 [==========>...................] - ETA: 4s - loss: 1.4431 - acc: 0.3469
352/865 [===========>..................] - ETA: 4s - loss: 1.4465 - acc: 0.3409
384/865 [============>.................] - ETA: 4s - loss: 1.4392 - acc: 0.3490
416/865 [=============>................] - ETA: 4s - loss: 1.4436 - acc: 0.3462
448/865 [==============>...............] - ETA: 3s - loss: 1.4511 - acc: 0.3415
480/865 [===============>..............] - ETA: 3s - loss: 1.4461 - acc: 0.3375
512/865 [================>.............] - ETA: 3s - loss: 1.4481 - acc: 0.3340
544/865 [=================>............] - ETA: 2s - loss: 1.4474 - acc: 0.3217
576/865 [==================>...........] - ETA: 2s - loss: 1.4525 - acc: 0.3229
608/865 [====================>.........] - ETA: 2s - loss: 1.4549 - acc: 0.3158
640/865 [=====================>........] - ETA: 2s - loss: 1.4566 - acc: 0.3063
672/865 [======================>.......] - ETA: 1s - loss: 1.4590 - acc: 0.3021
704/865 [=======================>......] - ETA: 1s - loss: 1.4563 - acc: 0.3026
736/865 [========================>.....] - ETA: 1s - loss: 1.4532 - acc: 0.3030
768/865 [=========================>....] - ETA: 0s - loss: 1.4536 - acc: 0.3060
800/865 [==========================>...] - ETA: 0s - loss: 1.4528 - acc: 0.3100
832/865 [===========================>..] - ETA: 0s - loss: 1.4518 - acc: 0.3077
864/865 [============================>.] - ETA: 0s - loss: 1.4508 - acc: 0.3090
865/865 [==============================] - 8s 9ms/sample - loss: 1.4501 - acc: 0.3098

  32/3458 [..............................] - ETA: 2:39 - loss: 1.3930 - acc: 0.2812
  64/3458 [..............................] - ETA: 2:37 - loss: 1.4399 - acc: 0.2812
  96/3458 [..............................] - ETA: 2:36 - loss: 1.4264 - acc: 0.2812
 128/3458 [>.............................] - ETA: 2:34 - loss: 1.4416 - acc: 0.2734
 160/3458 [>.............................] - ETA: 2:33 - loss: 1.4336 - acc: 0.2812
 192/3458 [>.............................] - ETA: 2:32 - loss: 1.4422 - acc: 0.2812
 224/3458 [>.............................] - ETA: 2:30 - loss: 1.4365 - acc: 0.2679
 256/3458 [=>............................] - ETA: 2:29 - loss: 1.4431 - acc: 0.2773
 288/3458 [=>............................] - ETA: 2:28 - loss: 1.4605 - acc: 0.2778
 320/3458 [=>............................] - ETA: 2:27 - loss: 1.4490 - acc: 0.2906
 352/3458 [==>...........................] - ETA: 2:25 - loss: 1.4641 - acc: 0.2955
 384/3458 [==>...........................] - ETA: 2:24 - loss: 1.4578 - acc: 0.3021
 416/3458 [==>...........................] - ETA: 2:22 - loss: 1.4574 - acc: 0.3077
 448/3458 [==>...........................] - ETA: 2:20 - loss: 1.4500 - acc: 0.3147
 480/3458 [===>..........................] - ETA: 2:19 - loss: 1.4452 - acc: 0.3167
 512/3458 [===>..........................] - ETA: 2:18 - loss: 1.4530 - acc: 0.3184
 544/3458 [===>..........................] - ETA: 2:16 - loss: 1.4430 - acc: 0.3382
 576/3458 [===>..........................] - ETA: 2:15 - loss: 1.4438 - acc: 0.3420
 608/3458 [====>.........................] - ETA: 2:13 - loss: 1.4449 - acc: 0.3421
 640/3458 [====>.........................] - ETA: 2:12 - loss: 1.4366 - acc: 0.3500
 672/3458 [====>.........................] - ETA: 2:10 - loss: 1.4433 - acc: 0.3542
 704/3458 [=====>........................] - ETA: 2:09 - loss: 1.4452 - acc: 0.3494
 736/3458 [=====>........................] - ETA: 2:07 - loss: 1.4424 - acc: 0.3546
 768/3458 [=====>........................] - ETA: 2:06 - loss: 1.4395 - acc: 0.3555
 800/3458 [=====>........................] - ETA: 2:04 - loss: 1.4369 - acc: 0.3600
 832/3458 [======>.......................] - ETA: 2:03 - loss: 1.4350 - acc: 0.3606
 864/3458 [======>.......................] - ETA: 2:01 - loss: 1.4410 - acc: 0.3588
 896/3458 [======>.......................] - ETA: 2:00 - loss: 1.4392 - acc: 0.3616
 928/3458 [=======>......................] - ETA: 1:58 - loss: 1.4389 - acc: 0.3653
 960/3458 [=======>......................] - ETA: 1:57 - loss: 1.4394 - acc: 0.3604
 992/3458 [=======>......................] - ETA: 1:55 - loss: 1.4363 - acc: 0.3609
1024/3458 [=======>......................] - ETA: 1:54 - loss: 1.4355 - acc: 0.3623
1056/3458 [========>.....................] - ETA: 1:52 - loss: 1.4317 - acc: 0.3655
1088/3458 [========>.....................] - ETA: 1:51 - loss: 1.4288 - acc: 0.3658
1120/3458 [========>.....................] - ETA: 1:49 - loss: 1.4257 - acc: 0.3679
1152/3458 [========>.....................] - ETA: 1:48 - loss: 1.4238 - acc: 0.3655
1184/3458 [=========>....................] - ETA: 1:46 - loss: 1.4227 - acc: 0.3682
1216/3458 [=========>....................] - ETA: 1:45 - loss: 1.4219 - acc: 0.3692
1248/3458 [=========>....................] - ETA: 1:43 - loss: 1.4300 - acc: 0.3694
1280/3458 [==========>...................] - ETA: 1:42 - loss: 1.4299 - acc: 0.3711
1312/3458 [==========>...................] - ETA: 1:40 - loss: 1.4305 - acc: 0.3712
1344/3458 [==========>...................] - ETA: 1:39 - loss: 1.4282 - acc: 0.3750
1376/3458 [==========>...................] - ETA: 1:37 - loss: 1.4272 - acc: 0.3735
1408/3458 [===========>..................] - ETA: 1:36 - loss: 1.4279 - acc: 0.3757
1440/3458 [===========>..................] - ETA: 1:34 - loss: 1.4268 - acc: 0.3750
1472/3458 [===========>..................] - ETA: 1:33 - loss: 1.4212 - acc: 0.3770
1504/3458 [============>.................] - ETA: 1:31 - loss: 1.4190 - acc: 0.3777
1536/3458 [============>.................] - ETA: 1:30 - loss: 1.4242 - acc: 0.3783
1568/3458 [============>.................] - ETA: 1:28 - loss: 1.4235 - acc: 0.3782
1600/3458 [============>.................] - ETA: 1:27 - loss: 1.4231 - acc: 0.3794
1632/3458 [=============>................] - ETA: 1:25 - loss: 1.4219 - acc: 0.3817
1664/3458 [=============>................] - ETA: 1:24 - loss: 1.4201 - acc: 0.3834
1696/3458 [=============>................] - ETA: 1:22 - loss: 1.4185 - acc: 0.3838
1728/3458 [=============>................] - ETA: 1:21 - loss: 1.4186 - acc: 0.3819
1760/3458 [==============>...............] - ETA: 1:19 - loss: 1.4174 - acc: 0.3812
1792/3458 [==============>...............] - ETA: 1:18 - loss: 1.4222 - acc: 0.3789
1824/3458 [==============>...............] - ETA: 1:16 - loss: 1.4203 - acc: 0.3810
1856/3458 [===============>..............] - ETA: 1:15 - loss: 1.4220 - acc: 0.3788
1888/3458 [===============>..............] - ETA: 1:13 - loss: 1.4197 - acc: 0.3798
1920/3458 [===============>..............] - ETA: 1:12 - loss: 1.4191 - acc: 0.3807
1952/3458 [===============>..............] - ETA: 1:10 - loss: 1.4156 - acc: 0.3837
1984/3458 [================>.............] - ETA: 1:09 - loss: 1.4153 - acc: 0.3821
2016/3458 [================>.............] - ETA: 1:07 - loss: 1.4147 - acc: 0.3824
2048/3458 [================>.............] - ETA: 1:06 - loss: 1.4173 - acc: 0.3828
2080/3458 [=================>............] - ETA: 1:04 - loss: 1.4183 - acc: 0.3832
2112/3458 [=================>............] - ETA: 1:03 - loss: 1.4177 - acc: 0.3830
2144/3458 [=================>............] - ETA: 1:01 - loss: 1.4182 - acc: 0.3829
2176/3458 [=================>............] - ETA: 1:00 - loss: 1.4167 - acc: 0.3842
2208/3458 [==================>...........] - ETA: 58s - loss: 1.4153 - acc: 0.3841 
2240/3458 [==================>...........] - ETA: 57s - loss: 1.4140 - acc: 0.3835
2272/3458 [==================>...........] - ETA: 55s - loss: 1.4119 - acc: 0.3847
2304/3458 [==================>...........] - ETA: 54s - loss: 1.4099 - acc: 0.3854
2336/3458 [===================>..........] - ETA: 52s - loss: 1.4105 - acc: 0.3848
2368/3458 [===================>..........] - ETA: 51s - loss: 1.4095 - acc: 0.3843
2400/3458 [===================>..........] - ETA: 49s - loss: 1.4099 - acc: 0.3833
2432/3458 [====================>.........] - ETA: 48s - loss: 1.4090 - acc: 0.3836
2464/3458 [====================>.........] - ETA: 46s - loss: 1.4095 - acc: 0.3827
2496/3458 [====================>.........] - ETA: 45s - loss: 1.4106 - acc: 0.3822
2528/3458 [====================>.........] - ETA: 43s - loss: 1.4123 - acc: 0.3825
2560/3458 [=====================>........] - ETA: 42s - loss: 1.4109 - acc: 0.3848
2592/3458 [=====================>........] - ETA: 40s - loss: 1.4110 - acc: 0.3839
2624/3458 [=====================>........] - ETA: 39s - loss: 1.4113 - acc: 0.3841
2656/3458 [======================>.......] - ETA: 37s - loss: 1.4096 - acc: 0.3878
2688/3458 [======================>.......] - ETA: 36s - loss: 1.4106 - acc: 0.3880
2720/3458 [======================>.......] - ETA: 34s - loss: 1.4120 - acc: 0.3871
2752/3458 [======================>.......] - ETA: 33s - loss: 1.4098 - acc: 0.3877
2784/3458 [=======================>......] - ETA: 31s - loss: 1.4063 - acc: 0.3901
2816/3458 [=======================>......] - ETA: 30s - loss: 1.4033 - acc: 0.3913
2848/3458 [=======================>......] - ETA: 28s - loss: 1.4022 - acc: 0.3929
2880/3458 [=======================>......] - ETA: 27s - loss: 1.4026 - acc: 0.3924
2912/3458 [========================>.....] - ETA: 25s - loss: 1.4004 - acc: 0.3942
2944/3458 [========================>.....] - ETA: 24s - loss: 1.4037 - acc: 0.3923
2976/3458 [========================>.....] - ETA: 22s - loss: 1.4030 - acc: 0.3928
3008/3458 [=========================>....] - ETA: 21s - loss: 1.4035 - acc: 0.3916
3040/3458 [=========================>....] - ETA: 19s - loss: 1.4020 - acc: 0.3928
3072/3458 [=========================>....] - ETA: 18s - loss: 1.4020 - acc: 0.3926
3104/3458 [=========================>....] - ETA: 16s - loss: 1.4019 - acc: 0.3911
3136/3458 [==========================>...] - ETA: 15s - loss: 1.4031 - acc: 0.3903
3168/3458 [==========================>...] - ETA: 13s - loss: 1.4020 - acc: 0.3911
3200/3458 [==========================>...] - ETA: 12s - loss: 1.4027 - acc: 0.3909
3232/3458 [===========================>..] - ETA: 10s - loss: 1.4013 - acc: 0.3917
3264/3458 [===========================>..] - ETA: 9s - loss: 1.4005 - acc: 0.3925 
3296/3458 [===========================>..] - ETA: 7s - loss: 1.3989 - acc: 0.3932
3328/3458 [===========================>..] - ETA: 6s - loss: 1.3989 - acc: 0.3933
3360/3458 [============================>.] - ETA: 4s - loss: 1.3986 - acc: 0.3929
3392/3458 [============================>.] - ETA: 3s - loss: 1.3983 - acc: 0.3924
3424/3458 [============================>.] - ETA: 1s - loss: 1.3982 - acc: 0.3922
3456/3458 [============================>.] - ETA: 0s - loss: 1.3978 - acc: 0.3921
3458/3458 [==============================] - 163s 47ms/sample - loss: 1.3978 - acc: 0.3921

 32/865 [>.............................] - ETA: 7s - loss: 1.2869 - acc: 0.5625
 64/865 [=>............................] - ETA: 6s - loss: 1.3192 - acc: 0.4844
 96/865 [==>...........................] - ETA: 6s - loss: 1.3274 - acc: 0.4792
128/865 [===>..........................] - ETA: 6s - loss: 1.3026 - acc: 0.4844
160/865 [====>.........................] - ETA: 6s - loss: 1.2764 - acc: 0.4750
192/865 [=====>........................] - ETA: 6s - loss: 1.3211 - acc: 0.4479
224/865 [======>.......................] - ETA: 5s - loss: 1.3152 - acc: 0.4688
256/865 [=======>......................] - ETA: 5s - loss: 1.3339 - acc: 0.4531
288/865 [========>.....................] - ETA: 5s - loss: 1.3253 - acc: 0.4583
320/865 [==========>...................] - ETA: 4s - loss: 1.3148 - acc: 0.4656
352/865 [===========>..................] - ETA: 4s - loss: 1.3269 - acc: 0.4659
384/865 [============>.................] - ETA: 4s - loss: 1.3115 - acc: 0.4714
416/865 [=============>................] - ETA: 4s - loss: 1.3251 - acc: 0.4591
448/865 [==============>...............] - ETA: 3s - loss: 1.3362 - acc: 0.4554
480/865 [===============>..............] - ETA: 3s - loss: 1.3302 - acc: 0.4479
512/865 [================>.............] - ETA: 3s - loss: 1.3437 - acc: 0.4375
544/865 [=================>............] - ETA: 2s - loss: 1.3462 - acc: 0.4338
576/865 [==================>...........] - ETA: 2s - loss: 1.3475 - acc: 0.4340
608/865 [====================>.........] - ETA: 2s - loss: 1.3539 - acc: 0.4243
640/865 [=====================>........] - ETA: 2s - loss: 1.3631 - acc: 0.4109
672/865 [======================>.......] - ETA: 1s - loss: 1.3631 - acc: 0.4077
704/865 [=======================>......] - ETA: 1s - loss: 1.3569 - acc: 0.4105
736/865 [========================>.....] - ETA: 1s - loss: 1.3534 - acc: 0.4103
768/865 [=========================>....] - ETA: 0s - loss: 1.3518 - acc: 0.4089
800/865 [==========================>...] - ETA: 0s - loss: 1.3537 - acc: 0.4025
832/865 [===========================>..] - ETA: 0s - loss: 1.3499 - acc: 0.4075
864/865 [============================>.] - ETA: 0s - loss: 1.3458 - acc: 0.4074
865/865 [==============================] - 8s 9ms/sample - loss: 1.3446 - acc: 0.4081

  32/3458 [..............................] - ETA: 2:38 - loss: 1.3252 - acc: 0.3438
  64/3458 [..............................] - ETA: 2:38 - loss: 1.4105 - acc: 0.3281
  96/3458 [..............................] - ETA: 2:36 - loss: 1.3039 - acc: 0.4375
 128/3458 [>.............................] - ETA: 2:36 - loss: 1.2713 - acc: 0.4453
 160/3458 [>.............................] - ETA: 2:34 - loss: 1.2653 - acc: 0.4313
 192/3458 [>.............................] - ETA: 2:32 - loss: 1.2705 - acc: 0.4531
 224/3458 [>.............................] - ETA: 2:30 - loss: 1.2363 - acc: 0.4955
 256/3458 [=>............................] - ETA: 2:29 - loss: 1.2429 - acc: 0.5000
 288/3458 [=>............................] - ETA: 2:28 - loss: 1.2395 - acc: 0.5035
 320/3458 [=>............................] - ETA: 2:27 - loss: 1.2320 - acc: 0.5125
 352/3458 [==>...........................] - ETA: 2:25 - loss: 1.2207 - acc: 0.5085
 384/3458 [==>...........................] - ETA: 2:24 - loss: 1.2477 - acc: 0.5104
 416/3458 [==>...........................] - ETA: 2:22 - loss: 1.2424 - acc: 0.5048
 448/3458 [==>...........................] - ETA: 2:21 - loss: 1.2144 - acc: 0.5156
 480/3458 [===>..........................] - ETA: 2:19 - loss: 1.2182 - acc: 0.5250
 512/3458 [===>..........................] - ETA: 2:18 - loss: 1.2055 - acc: 0.5293
 544/3458 [===>..........................] - ETA: 2:16 - loss: 1.1935 - acc: 0.5312
 576/3458 [===>..........................] - ETA: 2:15 - loss: 1.1925 - acc: 0.5312
 608/3458 [====>.........................] - ETA: 2:13 - loss: 1.1908 - acc: 0.5362
 640/3458 [====>.........................] - ETA: 2:12 - loss: 1.1904 - acc: 0.5344
 672/3458 [====>.........................] - ETA: 2:10 - loss: 1.1946 - acc: 0.5342
 704/3458 [=====>........................] - ETA: 2:09 - loss: 1.1887 - acc: 0.5384
 736/3458 [=====>........................] - ETA: 2:08 - loss: 1.1927 - acc: 0.5367
 768/3458 [=====>........................] - ETA: 2:06 - loss: 1.1957 - acc: 0.5339
 800/3458 [=====>........................] - ETA: 2:04 - loss: 1.1905 - acc: 0.5362
 832/3458 [======>.......................] - ETA: 2:03 - loss: 1.1969 - acc: 0.5337
 864/3458 [======>.......................] - ETA: 2:01 - loss: 1.1982 - acc: 0.5324
 896/3458 [======>.......................] - ETA: 2:00 - loss: 1.1940 - acc: 0.5335
 928/3458 [=======>......................] - ETA: 1:58 - loss: 1.1992 - acc: 0.5269
 960/3458 [=======>......................] - ETA: 1:57 - loss: 1.1999 - acc: 0.5260
 992/3458 [=======>......................] - ETA: 1:55 - loss: 1.1996 - acc: 0.5252
1024/3458 [=======>......................] - ETA: 1:54 - loss: 1.1975 - acc: 0.5264
1056/3458 [========>.....................] - ETA: 1:52 - loss: 1.2020 - acc: 0.5256
1088/3458 [========>.....................] - ETA: 1:51 - loss: 1.2038 - acc: 0.5239
1120/3458 [========>.....................] - ETA: 1:49 - loss: 1.1988 - acc: 0.5241
1152/3458 [========>.....................] - ETA: 1:48 - loss: 1.1989 - acc: 0.5243
1184/3458 [=========>....................] - ETA: 1:47 - loss: 1.1981 - acc: 0.5228
1216/3458 [=========>....................] - ETA: 1:45 - loss: 1.1971 - acc: 0.5230
1248/3458 [=========>....................] - ETA: 1:44 - loss: 1.1976 - acc: 0.5240
1280/3458 [==========>...................] - ETA: 1:42 - loss: 1.1990 - acc: 0.5258
1312/3458 [==========>...................] - ETA: 1:40 - loss: 1.1961 - acc: 0.5290
1344/3458 [==========>...................] - ETA: 1:39 - loss: 1.1908 - acc: 0.5283
1376/3458 [==========>...................] - ETA: 1:38 - loss: 1.1887 - acc: 0.5298
1408/3458 [===========>..................] - ETA: 1:36 - loss: 1.1926 - acc: 0.5284
1440/3458 [===========>..................] - ETA: 1:35 - loss: 1.1924 - acc: 0.5264
1472/3458 [===========>..................] - ETA: 1:33 - loss: 1.1865 - acc: 0.5292
1504/3458 [============>.................] - ETA: 1:31 - loss: 1.1890 - acc: 0.5299
1536/3458 [============>.................] - ETA: 1:30 - loss: 1.1817 - acc: 0.5358
1568/3458 [============>.................] - ETA: 1:28 - loss: 1.1838 - acc: 0.5344
1600/3458 [============>.................] - ETA: 1:27 - loss: 1.1781 - acc: 0.5356
1632/3458 [=============>................] - ETA: 1:25 - loss: 1.1724 - acc: 0.5392
1664/3458 [=============>................] - ETA: 1:24 - loss: 1.1731 - acc: 0.5397
1696/3458 [=============>................] - ETA: 1:22 - loss: 1.1726 - acc: 0.5395
1728/3458 [=============>................] - ETA: 1:21 - loss: 1.1724 - acc: 0.5399
1760/3458 [==============>...............] - ETA: 1:19 - loss: 1.1685 - acc: 0.5432
1792/3458 [==============>...............] - ETA: 1:18 - loss: 1.1679 - acc: 0.5435
1824/3458 [==============>...............] - ETA: 1:16 - loss: 1.1666 - acc: 0.5450
1856/3458 [===============>..............] - ETA: 1:15 - loss: 1.1680 - acc: 0.5463
1888/3458 [===============>..............] - ETA: 1:13 - loss: 1.1681 - acc: 0.5461
1920/3458 [===============>..............] - ETA: 1:12 - loss: 1.1686 - acc: 0.5453
1952/3458 [===============>..............] - ETA: 1:10 - loss: 1.1691 - acc: 0.5466
1984/3458 [================>.............] - ETA: 1:09 - loss: 1.1686 - acc: 0.5484
2016/3458 [================>.............] - ETA: 1:07 - loss: 1.1691 - acc: 0.5481
2048/3458 [================>.............] - ETA: 1:06 - loss: 1.1681 - acc: 0.5493
2080/3458 [=================>............] - ETA: 1:04 - loss: 1.1669 - acc: 0.5510
2112/3458 [=================>............] - ETA: 1:03 - loss: 1.1679 - acc: 0.5492
2144/3458 [=================>............] - ETA: 1:01 - loss: 1.1667 - acc: 0.5499
2176/3458 [=================>............] - ETA: 1:00 - loss: 1.1667 - acc: 0.5478
2208/3458 [==================>...........] - ETA: 58s - loss: 1.1646 - acc: 0.5503 
2240/3458 [==================>...........] - ETA: 57s - loss: 1.1606 - acc: 0.5518
2272/3458 [==================>...........] - ETA: 55s - loss: 1.1587 - acc: 0.5524
2304/3458 [==================>...........] - ETA: 54s - loss: 1.1569 - acc: 0.5521
2336/3458 [===================>..........] - ETA: 52s - loss: 1.1556 - acc: 0.5518
2368/3458 [===================>..........] - ETA: 51s - loss: 1.1543 - acc: 0.5528
2400/3458 [===================>..........] - ETA: 49s - loss: 1.1534 - acc: 0.5529
2432/3458 [====================>.........] - ETA: 48s - loss: 1.1546 - acc: 0.5530
2464/3458 [====================>.........] - ETA: 46s - loss: 1.1547 - acc: 0.5536
2496/3458 [====================>.........] - ETA: 45s - loss: 1.1519 - acc: 0.5545
2528/3458 [====================>.........] - ETA: 43s - loss: 1.1511 - acc: 0.5554
2560/3458 [=====================>........] - ETA: 42s - loss: 1.1472 - acc: 0.5574
2592/3458 [=====================>........] - ETA: 40s - loss: 1.1451 - acc: 0.5583
2624/3458 [=====================>........] - ETA: 39s - loss: 1.1455 - acc: 0.5575
2656/3458 [======================>.......] - ETA: 37s - loss: 1.1454 - acc: 0.5572
2688/3458 [======================>.......] - ETA: 36s - loss: 1.1439 - acc: 0.5588
2720/3458 [======================>.......] - ETA: 34s - loss: 1.1419 - acc: 0.5603
2752/3458 [======================>.......] - ETA: 33s - loss: 1.1416 - acc: 0.5607
2784/3458 [=======================>......] - ETA: 31s - loss: 1.1409 - acc: 0.5614
2816/3458 [=======================>......] - ETA: 30s - loss: 1.1382 - acc: 0.5611
2848/3458 [=======================>......] - ETA: 28s - loss: 1.1387 - acc: 0.5611
2880/3458 [=======================>......] - ETA: 27s - loss: 1.1388 - acc: 0.5628
2912/3458 [========================>.....] - ETA: 25s - loss: 1.1391 - acc: 0.5625
2944/3458 [========================>.....] - ETA: 24s - loss: 1.1361 - acc: 0.5645
2976/3458 [========================>.....] - ETA: 22s - loss: 1.1340 - acc: 0.5652
3008/3458 [=========================>....] - ETA: 21s - loss: 1.1322 - acc: 0.5658
3040/3458 [=========================>....] - ETA: 19s - loss: 1.1300 - acc: 0.5658
3072/3458 [=========================>....] - ETA: 18s - loss: 1.1309 - acc: 0.5654
3104/3458 [=========================>....] - ETA: 16s - loss: 1.1282 - acc: 0.5664
3136/3458 [==========================>...] - ETA: 15s - loss: 1.1286 - acc: 0.5663
3168/3458 [==========================>...] - ETA: 13s - loss: 1.1307 - acc: 0.5660
3200/3458 [==========================>...] - ETA: 12s - loss: 1.1315 - acc: 0.5647
3232/3458 [===========================>..] - ETA: 10s - loss: 1.1307 - acc: 0.5647
3264/3458 [===========================>..] - ETA: 9s - loss: 1.1285 - acc: 0.5662 
3296/3458 [===========================>..] - ETA: 7s - loss: 1.1291 - acc: 0.5667
3328/3458 [===========================>..] - ETA: 6s - loss: 1.1259 - acc: 0.5685
3360/3458 [============================>.] - ETA: 4s - loss: 1.1253 - acc: 0.5685
3392/3458 [============================>.] - ETA: 3s - loss: 1.1273 - acc: 0.5669
3424/3458 [============================>.] - ETA: 1s - loss: 1.1286 - acc: 0.5672
3456/3458 [============================>.] - ETA: 0s - loss: 1.1283 - acc: 0.5668
3458/3458 [==============================] - 163s 47ms/sample - loss: 1.1284 - acc: 0.5665

 32/865 [>.............................] - ETA: 7s - loss: 1.0786 - acc: 0.6250
 64/865 [=>............................] - ETA: 7s - loss: 1.0667 - acc: 0.5938
 96/865 [==>...........................] - ETA: 7s - loss: 1.1323 - acc: 0.5521
128/865 [===>..........................] - ETA: 6s - loss: 1.1448 - acc: 0.5938
160/865 [====>.........................] - ETA: 6s - loss: 1.1575 - acc: 0.5625
192/865 [=====>........................] - ETA: 6s - loss: 1.1848 - acc: 0.5469
224/865 [======>.......................] - ETA: 5s - loss: 1.1914 - acc: 0.5446
256/865 [=======>......................] - ETA: 5s - loss: 1.1892 - acc: 0.5430
288/865 [========>.....................] - ETA: 5s - loss: 1.1929 - acc: 0.5347
320/865 [==========>...................] - ETA: 4s - loss: 1.1727 - acc: 0.5469
352/865 [===========>..................] - ETA: 4s - loss: 1.1803 - acc: 0.5426
384/865 [============>.................] - ETA: 4s - loss: 1.1560 - acc: 0.5547
416/865 [=============>................] - ETA: 4s - loss: 1.1796 - acc: 0.5409
448/865 [==============>...............] - ETA: 3s - loss: 1.1754 - acc: 0.5357
480/865 [===============>..............] - ETA: 3s - loss: 1.1663 - acc: 0.5333
512/865 [================>.............] - ETA: 3s - loss: 1.1776 - acc: 0.5254
544/865 [=================>............] - ETA: 2s - loss: 1.1770 - acc: 0.5184
576/865 [==================>...........] - ETA: 2s - loss: 1.1835 - acc: 0.5139
608/865 [====================>.........] - ETA: 2s - loss: 1.1849 - acc: 0.5066
640/865 [=====================>........] - ETA: 2s - loss: 1.1850 - acc: 0.5047
672/865 [======================>.......] - ETA: 1s - loss: 1.1937 - acc: 0.4970
704/865 [=======================>......] - ETA: 1s - loss: 1.1882 - acc: 0.4986
736/865 [========================>.....] - ETA: 1s - loss: 1.1748 - acc: 0.5068
768/865 [=========================>....] - ETA: 0s - loss: 1.1650 - acc: 0.5117
800/865 [==========================>...] - ETA: 0s - loss: 1.1656 - acc: 0.5125
832/865 [===========================>..] - ETA: 0s - loss: 1.1603 - acc: 0.5180
864/865 [============================>.] - ETA: 0s - loss: 1.1553 - acc: 0.5197
865/865 [==============================] - 8s 9ms/sample - loss: 1.1548 - acc: 0.5202

  32/3458 [..............................] - ETA: 2:37 - loss: 0.7514 - acc: 0.7188
  64/3458 [..............................] - ETA: 2:38 - loss: 1.0494 - acc: 0.7031
  96/3458 [..............................] - ETA: 2:37 - loss: 0.9646 - acc: 0.7292
 128/3458 [>.............................] - ETA: 2:36 - loss: 0.9730 - acc: 0.7188
 160/3458 [>.............................] - ETA: 2:35 - loss: 0.9581 - acc: 0.7188
 192/3458 [>.............................] - ETA: 2:33 - loss: 0.9671 - acc: 0.7031
 224/3458 [>.............................] - ETA: 2:32 - loss: 0.9290 - acc: 0.7188
 256/3458 [=>............................] - ETA: 2:31 - loss: 0.9280 - acc: 0.7109
 288/3458 [=>............................] - ETA: 2:30 - loss: 0.9429 - acc: 0.6979
 320/3458 [=>............................] - ETA: 2:28 - loss: 0.9315 - acc: 0.6969
 352/3458 [==>...........................] - ETA: 2:26 - loss: 0.9220 - acc: 0.6932
 384/3458 [==>...........................] - ETA: 2:25 - loss: 0.9111 - acc: 0.6979
 416/3458 [==>...........................] - ETA: 2:23 - loss: 0.8869 - acc: 0.7091
 448/3458 [==>...........................] - ETA: 2:21 - loss: 0.8753 - acc: 0.7165
 480/3458 [===>..........................] - ETA: 2:20 - loss: 0.8630 - acc: 0.7229
 512/3458 [===>..........................] - ETA: 2:18 - loss: 0.8477 - acc: 0.7246
 544/3458 [===>..........................] - ETA: 2:17 - loss: 0.8389 - acc: 0.7243
 576/3458 [===>..........................] - ETA: 2:15 - loss: 0.8228 - acc: 0.7292
 608/3458 [====>.........................] - ETA: 2:14 - loss: 0.8061 - acc: 0.7385
 640/3458 [====>.........................] - ETA: 2:12 - loss: 0.8136 - acc: 0.7312
 672/3458 [====>.........................] - ETA: 2:11 - loss: 0.8176 - acc: 0.7277
 704/3458 [=====>........................] - ETA: 2:09 - loss: 0.8199 - acc: 0.7301
 736/3458 [=====>........................] - ETA: 2:08 - loss: 0.8184 - acc: 0.7310
 768/3458 [=====>........................] - ETA: 2:06 - loss: 0.8114 - acc: 0.7331
 800/3458 [=====>........................] - ETA: 2:05 - loss: 0.8313 - acc: 0.7237
 832/3458 [======>.......................] - ETA: 2:03 - loss: 0.8263 - acc: 0.7248
 864/3458 [======>.......................] - ETA: 2:02 - loss: 0.8286 - acc: 0.7245
 896/3458 [======>.......................] - ETA: 2:00 - loss: 0.8197 - acc: 0.7277
 928/3458 [=======>......................] - ETA: 1:59 - loss: 0.8113 - acc: 0.7295
 960/3458 [=======>......................] - ETA: 1:57 - loss: 0.8046 - acc: 0.7333
 992/3458 [=======>......................] - ETA: 1:56 - loss: 0.8099 - acc: 0.7329
1024/3458 [=======>......................] - ETA: 1:54 - loss: 0.8103 - acc: 0.7324
1056/3458 [========>.....................] - ETA: 1:52 - loss: 0.8128 - acc: 0.7273
1088/3458 [========>.....................] - ETA: 1:51 - loss: 0.8083 - acc: 0.7289
1120/3458 [========>.....................] - ETA: 1:49 - loss: 0.8069 - acc: 0.7286
1152/3458 [========>.....................] - ETA: 1:48 - loss: 0.8064 - acc: 0.7266
1184/3458 [=========>....................] - ETA: 1:47 - loss: 0.8101 - acc: 0.7264
1216/3458 [=========>....................] - ETA: 1:45 - loss: 0.8131 - acc: 0.7229
1248/3458 [=========>....................] - ETA: 1:43 - loss: 0.8071 - acc: 0.7268
1280/3458 [==========>...................] - ETA: 1:42 - loss: 0.8075 - acc: 0.7258
1312/3458 [==========>...................] - ETA: 1:40 - loss: 0.8049 - acc: 0.7256
1344/3458 [==========>...................] - ETA: 1:39 - loss: 0.8077 - acc: 0.7232
1376/3458 [==========>...................] - ETA: 1:37 - loss: 0.8036 - acc: 0.7238
1408/3458 [===========>..................] - ETA: 1:36 - loss: 0.8020 - acc: 0.7244
1440/3458 [===========>..................] - ETA: 1:34 - loss: 0.8048 - acc: 0.7229
1472/3458 [===========>..................] - ETA: 1:33 - loss: 0.8079 - acc: 0.7194
1504/3458 [============>.................] - ETA: 1:31 - loss: 0.8037 - acc: 0.7221
1536/3458 [============>.................] - ETA: 1:30 - loss: 0.8178 - acc: 0.7161
1568/3458 [============>.................] - ETA: 1:28 - loss: 0.8168 - acc: 0.7175
1600/3458 [============>.................] - ETA: 1:27 - loss: 0.8181 - acc: 0.7156
1632/3458 [=============>................] - ETA: 1:25 - loss: 0.8193 - acc: 0.7157
1664/3458 [=============>................] - ETA: 1:24 - loss: 0.8152 - acc: 0.7169
1696/3458 [=============>................] - ETA: 1:22 - loss: 0.8124 - acc: 0.7176
1728/3458 [=============>................] - ETA: 1:21 - loss: 0.8164 - acc: 0.7188
1760/3458 [==============>...............] - ETA: 1:19 - loss: 0.8149 - acc: 0.7193
1792/3458 [==============>...............] - ETA: 1:18 - loss: 0.8154 - acc: 0.7176
1824/3458 [==============>...............] - ETA: 1:16 - loss: 0.8145 - acc: 0.7182
1856/3458 [===============>..............] - ETA: 1:15 - loss: 0.8152 - acc: 0.7188
1888/3458 [===============>..............] - ETA: 1:13 - loss: 0.8165 - acc: 0.7166
1920/3458 [===============>..............] - ETA: 1:12 - loss: 0.8165 - acc: 0.7172
1952/3458 [===============>..............] - ETA: 1:10 - loss: 0.8195 - acc: 0.7162
1984/3458 [================>.............] - ETA: 1:09 - loss: 0.8175 - acc: 0.7167
2016/3458 [================>.............] - ETA: 1:07 - loss: 0.8165 - acc: 0.7173
2048/3458 [================>.............] - ETA: 1:06 - loss: 0.8156 - acc: 0.7168
2080/3458 [=================>............] - ETA: 1:04 - loss: 0.8132 - acc: 0.7188
2112/3458 [=================>............] - ETA: 1:03 - loss: 0.8103 - acc: 0.7188
2144/3458 [=================>............] - ETA: 1:01 - loss: 0.8102 - acc: 0.7192
2176/3458 [=================>............] - ETA: 1:00 - loss: 0.8062 - acc: 0.7201
2208/3458 [==================>...........] - ETA: 58s - loss: 0.8077 - acc: 0.7183 
2240/3458 [==================>...........] - ETA: 57s - loss: 0.8047 - acc: 0.7188
2272/3458 [==================>...........] - ETA: 55s - loss: 0.8045 - acc: 0.7196
2304/3458 [==================>...........] - ETA: 54s - loss: 0.8034 - acc: 0.7209
2336/3458 [===================>..........] - ETA: 52s - loss: 0.8011 - acc: 0.7209
2368/3458 [===================>..........] - ETA: 51s - loss: 0.8044 - acc: 0.7192
2400/3458 [===================>..........] - ETA: 49s - loss: 0.8024 - acc: 0.7196
2432/3458 [====================>.........] - ETA: 48s - loss: 0.8031 - acc: 0.7183
2464/3458 [====================>.........] - ETA: 46s - loss: 0.8011 - acc: 0.7192
2496/3458 [====================>.........] - ETA: 45s - loss: 0.7990 - acc: 0.7200
2528/3458 [====================>.........] - ETA: 43s - loss: 0.7990 - acc: 0.7188
2560/3458 [=====================>........] - ETA: 42s - loss: 0.8025 - acc: 0.7172
2592/3458 [=====================>........] - ETA: 40s - loss: 0.8010 - acc: 0.7172
2624/3458 [=====================>........] - ETA: 39s - loss: 0.8000 - acc: 0.7180
2656/3458 [======================>.......] - ETA: 37s - loss: 0.7997 - acc: 0.7180
2688/3458 [======================>.......] - ETA: 36s - loss: 0.7983 - acc: 0.7191
2720/3458 [======================>.......] - ETA: 34s - loss: 0.7964 - acc: 0.7191
2752/3458 [======================>.......] - ETA: 33s - loss: 0.7941 - acc: 0.7206
2784/3458 [=======================>......] - ETA: 31s - loss: 0.7943 - acc: 0.7205
2816/3458 [=======================>......] - ETA: 30s - loss: 0.7962 - acc: 0.7195
2848/3458 [=======================>......] - ETA: 28s - loss: 0.7973 - acc: 0.7188
2880/3458 [=======================>......] - ETA: 27s - loss: 0.7963 - acc: 0.7194
2912/3458 [========================>.....] - ETA: 25s - loss: 0.7970 - acc: 0.7181
2944/3458 [========================>.....] - ETA: 24s - loss: 0.7951 - acc: 0.7188
2976/3458 [========================>.....] - ETA: 22s - loss: 0.7990 - acc: 0.7177
3008/3458 [=========================>....] - ETA: 21s - loss: 0.8005 - acc: 0.7168
3040/3458 [=========================>....] - ETA: 19s - loss: 0.8004 - acc: 0.7168
3072/3458 [=========================>....] - ETA: 18s - loss: 0.8004 - acc: 0.7165
3104/3458 [=========================>....] - ETA: 16s - loss: 0.7992 - acc: 0.7168
3136/3458 [==========================>...] - ETA: 15s - loss: 0.7993 - acc: 0.7162
3168/3458 [==========================>...] - ETA: 13s - loss: 0.8019 - acc: 0.7169
3200/3458 [==========================>...] - ETA: 12s - loss: 0.8014 - acc: 0.7163
3232/3458 [===========================>..] - ETA: 10s - loss: 0.8010 - acc: 0.7163
3264/3458 [===========================>..] - ETA: 9s - loss: 0.8015 - acc: 0.7160 
3296/3458 [===========================>..] - ETA: 7s - loss: 0.8035 - acc: 0.7148
3328/3458 [===========================>..] - ETA: 6s - loss: 0.8053 - acc: 0.7142
3360/3458 [============================>.] - ETA: 4s - loss: 0.8047 - acc: 0.7146
3392/3458 [============================>.] - ETA: 3s - loss: 0.8056 - acc: 0.7140
3424/3458 [============================>.] - ETA: 1s - loss: 0.8035 - acc: 0.7147
3456/3458 [============================>.] - ETA: 0s - loss: 0.8048 - acc: 0.7130
3458/3458 [==============================] - 164s 47ms/sample - loss: 0.8046 - acc: 0.7131

 32/865 [>.............................] - ETA: 7s - loss: 1.3100 - acc: 0.5000
 64/865 [=>............................] - ETA: 7s - loss: 1.1876 - acc: 0.5312
 96/865 [==>...........................] - ETA: 7s - loss: 1.1999 - acc: 0.5312
128/865 [===>..........................] - ETA: 7s - loss: 1.2090 - acc: 0.5469
160/865 [====>.........................] - ETA: 6s - loss: 1.2153 - acc: 0.5250
192/865 [=====>........................] - ETA: 6s - loss: 1.2608 - acc: 0.5000
224/865 [======>.......................] - ETA: 6s - loss: 1.2886 - acc: 0.5000
256/865 [=======>......................] - ETA: 5s - loss: 1.2817 - acc: 0.5156
288/865 [========>.....................] - ETA: 5s - loss: 1.2849 - acc: 0.5139
320/865 [==========>...................] - ETA: 5s - loss: 1.2760 - acc: 0.5250
352/865 [===========>..................] - ETA: 4s - loss: 1.2638 - acc: 0.5256
384/865 [============>.................] - ETA: 4s - loss: 1.2402 - acc: 0.5391
416/865 [=============>................] - ETA: 4s - loss: 1.2549 - acc: 0.5240
448/865 [==============>...............] - ETA: 3s - loss: 1.2499 - acc: 0.5156
480/865 [===============>..............] - ETA: 3s - loss: 1.2430 - acc: 0.5125
512/865 [================>.............] - ETA: 3s - loss: 1.2610 - acc: 0.5039
544/865 [=================>............] - ETA: 2s - loss: 1.2649 - acc: 0.4982
576/865 [==================>...........] - ETA: 2s - loss: 1.2715 - acc: 0.4931
608/865 [====================>.........] - ETA: 2s - loss: 1.2750 - acc: 0.4901
640/865 [=====================>........] - ETA: 2s - loss: 1.2729 - acc: 0.4922
672/865 [======================>.......] - ETA: 1s - loss: 1.2775 - acc: 0.4881
704/865 [=======================>......] - ETA: 1s - loss: 1.2770 - acc: 0.4844
736/865 [========================>.....] - ETA: 1s - loss: 1.2659 - acc: 0.4851
768/865 [=========================>....] - ETA: 0s - loss: 1.2552 - acc: 0.4922
800/865 [==========================>...] - ETA: 0s - loss: 1.2554 - acc: 0.4938
832/865 [===========================>..] - ETA: 0s - loss: 1.2515 - acc: 0.4964
864/865 [============================>.] - ETA: 0s - loss: 1.2389 - acc: 0.5000
865/865 [==============================] - 8s 9ms/sample - loss: 1.2387 - acc: 0.5006

  32/3458 [..............................] - ETA: 2:42 - loss: 0.6457 - acc: 0.8125
  64/3458 [..............................] - ETA: 2:43 - loss: 0.5403 - acc: 0.8906
  96/3458 [..............................] - ETA: 2:41 - loss: 0.5571 - acc: 0.8646
 128/3458 [>.............................] - ETA: 2:38 - loss: 0.6021 - acc: 0.8359
 160/3458 [>.............................] - ETA: 2:38 - loss: 0.6263 - acc: 0.8313
 192/3458 [>.............................] - ETA: 2:37 - loss: 0.6126 - acc: 0.8229
 224/3458 [>.............................] - ETA: 2:35 - loss: 0.5722 - acc: 0.8304
 256/3458 [=>............................] - ETA: 2:33 - loss: 0.5795 - acc: 0.8281
 288/3458 [=>............................] - ETA: 2:31 - loss: 0.5759 - acc: 0.8229
 320/3458 [=>............................] - ETA: 2:30 - loss: 0.5779 - acc: 0.8156
 352/3458 [==>...........................] - ETA: 2:29 - loss: 0.5645 - acc: 0.8182
 384/3458 [==>...........................] - ETA: 2:27 - loss: 0.5533 - acc: 0.8229
 416/3458 [==>...........................] - ETA: 2:25 - loss: 0.5484 - acc: 0.8245
 448/3458 [==>...........................] - ETA: 2:24 - loss: 0.5438 - acc: 0.8281
 480/3458 [===>..........................] - ETA: 2:23 - loss: 0.5305 - acc: 0.8354
 512/3458 [===>..........................] - ETA: 2:21 - loss: 0.5464 - acc: 0.8320
 544/3458 [===>..........................] - ETA: 2:20 - loss: 0.5375 - acc: 0.8309
 576/3458 [===>..........................] - ETA: 2:19 - loss: 0.5385 - acc: 0.8281
 608/3458 [====>.........................] - ETA: 2:17 - loss: 0.5405 - acc: 0.8273
 640/3458 [====>.........................] - ETA: 2:15 - loss: 0.5300 - acc: 0.8313
 672/3458 [====>.........................] - ETA: 2:13 - loss: 0.5293 - acc: 0.8274
 704/3458 [=====>........................] - ETA: 2:12 - loss: 0.5247 - acc: 0.8295
 736/3458 [=====>........................] - ETA: 2:10 - loss: 0.5220 - acc: 0.8288
 768/3458 [=====>........................] - ETA: 2:08 - loss: 0.5171 - acc: 0.8333
 800/3458 [=====>........................] - ETA: 2:07 - loss: 0.5126 - acc: 0.8363
 832/3458 [======>.......................] - ETA: 2:05 - loss: 0.5092 - acc: 0.8389
 864/3458 [======>.......................] - ETA: 2:04 - loss: 0.5077 - acc: 0.8368
 896/3458 [======>.......................] - ETA: 2:02 - loss: 0.5062 - acc: 0.8382
 928/3458 [=======>......................] - ETA: 2:00 - loss: 0.5071 - acc: 0.8373
 960/3458 [=======>......................] - ETA: 1:59 - loss: 0.5016 - acc: 0.8396
 992/3458 [=======>......................] - ETA: 1:57 - loss: 0.5035 - acc: 0.8407
1024/3458 [=======>......................] - ETA: 1:56 - loss: 0.5042 - acc: 0.8389
1056/3458 [========>.....................] - ETA: 1:54 - loss: 0.5052 - acc: 0.8381
1088/3458 [========>.....................] - ETA: 1:52 - loss: 0.5007 - acc: 0.8410
1120/3458 [========>.....................] - ETA: 1:51 - loss: 0.5044 - acc: 0.8402
1152/3458 [========>.....................] - ETA: 1:49 - loss: 0.5055 - acc: 0.8385
1184/3458 [=========>....................] - ETA: 1:48 - loss: 0.5022 - acc: 0.8395
1216/3458 [=========>....................] - ETA: 1:46 - loss: 0.5019 - acc: 0.8380
1248/3458 [=========>....................] - ETA: 1:45 - loss: 0.5089 - acc: 0.8341
1280/3458 [==========>...................] - ETA: 1:44 - loss: 0.5059 - acc: 0.8344
1312/3458 [==========>...................] - ETA: 1:42 - loss: 0.5049 - acc: 0.8346
1344/3458 [==========>...................] - ETA: 1:41 - loss: 0.5004 - acc: 0.8363
1376/3458 [==========>...................] - ETA: 1:39 - loss: 0.5014 - acc: 0.8358
1408/3458 [===========>..................] - ETA: 1:38 - loss: 0.4974 - acc: 0.8366
1440/3458 [===========>..................] - ETA: 1:36 - loss: 0.4922 - acc: 0.8389
1472/3458 [===========>..................] - ETA: 1:35 - loss: 0.4924 - acc: 0.8376
1504/3458 [============>.................] - ETA: 1:33 - loss: 0.4971 - acc: 0.8384
1536/3458 [============>.................] - ETA: 1:32 - loss: 0.4968 - acc: 0.8398
1568/3458 [============>.................] - ETA: 1:30 - loss: 0.4928 - acc: 0.8406
1600/3458 [============>.................] - ETA: 1:28 - loss: 0.4989 - acc: 0.8375
1632/3458 [=============>................] - ETA: 1:27 - loss: 0.4952 - acc: 0.8382
1664/3458 [=============>................] - ETA: 1:25 - loss: 0.4956 - acc: 0.8389
1696/3458 [=============>................] - ETA: 1:24 - loss: 0.4932 - acc: 0.8396
1728/3458 [=============>................] - ETA: 1:22 - loss: 0.4932 - acc: 0.8385
1760/3458 [==============>...............] - ETA: 1:21 - loss: 0.4962 - acc: 0.8364
1792/3458 [==============>...............] - ETA: 1:19 - loss: 0.4972 - acc: 0.8359
1824/3458 [==============>...............] - ETA: 1:18 - loss: 0.4964 - acc: 0.8355
1856/3458 [===============>..............] - ETA: 1:16 - loss: 0.4966 - acc: 0.8357
1888/3458 [===============>..............] - ETA: 1:14 - loss: 0.4979 - acc: 0.8337
1920/3458 [===============>..............] - ETA: 1:13 - loss: 0.4964 - acc: 0.8354
1952/3458 [===============>..............] - ETA: 1:11 - loss: 0.4986 - acc: 0.8340
1984/3458 [================>.............] - ETA: 1:10 - loss: 0.4985 - acc: 0.8337
2016/3458 [================>.............] - ETA: 1:08 - loss: 0.4956 - acc: 0.8348
2048/3458 [================>.............] - ETA: 1:07 - loss: 0.4987 - acc: 0.8345
2080/3458 [=================>............] - ETA: 1:05 - loss: 0.4976 - acc: 0.8351
2112/3458 [=================>............] - ETA: 1:04 - loss: 0.4974 - acc: 0.8352
2144/3458 [=================>............] - ETA: 1:02 - loss: 0.4950 - acc: 0.8358
2176/3458 [=================>............] - ETA: 1:01 - loss: 0.4920 - acc: 0.8364
2208/3458 [==================>...........] - ETA: 59s - loss: 0.4920 - acc: 0.8365 
2240/3458 [==================>...........] - ETA: 57s - loss: 0.4953 - acc: 0.8366
2272/3458 [==================>...........] - ETA: 56s - loss: 0.4923 - acc: 0.8380
2304/3458 [==================>...........] - ETA: 54s - loss: 0.4903 - acc: 0.8385
2336/3458 [===================>..........] - ETA: 53s - loss: 0.4914 - acc: 0.8378
2368/3458 [===================>..........] - ETA: 51s - loss: 0.4932 - acc: 0.8361
2400/3458 [===================>..........] - ETA: 50s - loss: 0.4946 - acc: 0.8354
2432/3458 [====================>.........] - ETA: 48s - loss: 0.4957 - acc: 0.8351
2464/3458 [====================>.........] - ETA: 47s - loss: 0.4929 - acc: 0.8360
2496/3458 [====================>.........] - ETA: 45s - loss: 0.4917 - acc: 0.8365
2528/3458 [====================>.........] - ETA: 44s - loss: 0.4906 - acc: 0.8362
2560/3458 [=====================>........] - ETA: 42s - loss: 0.4901 - acc: 0.8363
2592/3458 [=====================>........] - ETA: 41s - loss: 0.4901 - acc: 0.8364
2624/3458 [=====================>........] - ETA: 39s - loss: 0.4894 - acc: 0.8361
2656/3458 [======================>.......] - ETA: 38s - loss: 0.4876 - acc: 0.8370
2688/3458 [======================>.......] - ETA: 36s - loss: 0.4869 - acc: 0.8367
2720/3458 [======================>.......] - ETA: 35s - loss: 0.4861 - acc: 0.8364
2752/3458 [======================>.......] - ETA: 33s - loss: 0.4875 - acc: 0.8358
2784/3458 [=======================>......] - ETA: 32s - loss: 0.4910 - acc: 0.8333
2816/3458 [=======================>......] - ETA: 30s - loss: 0.4935 - acc: 0.8324
2848/3458 [=======================>......] - ETA: 28s - loss: 0.4959 - acc: 0.8308
2880/3458 [=======================>......] - ETA: 27s - loss: 0.4963 - acc: 0.8306
2912/3458 [========================>.....] - ETA: 25s - loss: 0.4973 - acc: 0.8286
2944/3458 [========================>.....] - ETA: 24s - loss: 0.4978 - acc: 0.8285
2976/3458 [========================>.....] - ETA: 22s - loss: 0.4975 - acc: 0.8280
3008/3458 [=========================>....] - ETA: 21s - loss: 0.4966 - acc: 0.8281
3040/3458 [=========================>....] - ETA: 19s - loss: 0.4970 - acc: 0.8280
3072/3458 [=========================>....] - ETA: 18s - loss: 0.4976 - acc: 0.8281
3104/3458 [=========================>....] - ETA: 16s - loss: 0.4966 - acc: 0.8286
3136/3458 [==========================>...] - ETA: 15s - loss: 0.4952 - acc: 0.8288
3168/3458 [==========================>...] - ETA: 13s - loss: 0.4955 - acc: 0.8289
3200/3458 [==========================>...] - ETA: 12s - loss: 0.4962 - acc: 0.8281
3232/3458 [===========================>..] - ETA: 10s - loss: 0.4981 - acc: 0.8277
3264/3458 [===========================>..] - ETA: 9s - loss: 0.4986 - acc: 0.8278 
3296/3458 [===========================>..] - ETA: 7s - loss: 0.4976 - acc: 0.8286
3328/3458 [===========================>..] - ETA: 6s - loss: 0.4997 - acc: 0.8278
3360/3458 [============================>.] - ETA: 4s - loss: 0.5010 - acc: 0.8274
3392/3458 [============================>.] - ETA: 3s - loss: 0.5016 - acc: 0.8269
3424/3458 [============================>.] - ETA: 1s - loss: 0.5002 - acc: 0.8274
3456/3458 [============================>.] - ETA: 0s - loss: 0.5017 - acc: 0.8267
3458/3458 [==============================] - 165s 48ms/sample - loss: 0.5014 - acc: 0.8268

 32/865 [>.............................] - ETA: 7s - loss: 1.3442 - acc: 0.6875
 64/865 [=>............................] - ETA: 7s - loss: 1.2595 - acc: 0.6406
 96/865 [==>...........................] - ETA: 6s - loss: 1.4474 - acc: 0.5312
128/865 [===>..........................] - ETA: 6s - loss: 1.4827 - acc: 0.5469
160/865 [====>.........................] - ETA: 6s - loss: 1.5216 - acc: 0.5312
192/865 [=====>........................] - ETA: 6s - loss: 1.5967 - acc: 0.5156
224/865 [======>.......................] - ETA: 5s - loss: 1.6271 - acc: 0.5223
256/865 [=======>......................] - ETA: 5s - loss: 1.6567 - acc: 0.5273
288/865 [========>.....................] - ETA: 5s - loss: 1.6339 - acc: 0.5208
320/865 [==========>...................] - ETA: 4s - loss: 1.6309 - acc: 0.5156
352/865 [===========>..................] - ETA: 4s - loss: 1.6070 - acc: 0.5199
384/865 [============>.................] - ETA: 4s - loss: 1.5359 - acc: 0.5286
416/865 [=============>................] - ETA: 4s - loss: 1.6050 - acc: 0.5144
448/865 [==============>...............] - ETA: 3s - loss: 1.5781 - acc: 0.5179
480/865 [===============>..............] - ETA: 3s - loss: 1.5606 - acc: 0.5229
512/865 [================>.............] - ETA: 3s - loss: 1.5864 - acc: 0.5215
544/865 [=================>............] - ETA: 2s - loss: 1.5945 - acc: 0.5184
576/865 [==================>...........] - ETA: 2s - loss: 1.6107 - acc: 0.5174
608/865 [====================>.........] - ETA: 2s - loss: 1.6119 - acc: 0.5115
640/865 [=====================>........] - ETA: 2s - loss: 1.6319 - acc: 0.5109
672/865 [======================>.......] - ETA: 1s - loss: 1.6388 - acc: 0.5104
704/865 [=======================>......] - ETA: 1s - loss: 1.6549 - acc: 0.5114
736/865 [========================>.....] - ETA: 1s - loss: 1.6297 - acc: 0.5163
768/865 [=========================>....] - ETA: 0s - loss: 1.6116 - acc: 0.5195
800/865 [==========================>...] - ETA: 0s - loss: 1.6105 - acc: 0.5175
832/865 [===========================>..] - ETA: 0s - loss: 1.5964 - acc: 0.5228
864/865 [============================>.] - ETA: 0s - loss: 1.5801 - acc: 0.5278
865/865 [==============================] - 8s 9ms/sample - loss: 1.5784 - acc: 0.5283
