For Dropout_1=0.1 Dropout_2=0.4
daisy loaded
dandelion loaded
rose loaded
sunflower loaded
tulip loaded

  32/3458 [..............................] - ETA: 3:07 - loss: 1.6017 - acc: 0.2500
  64/3458 [..............................] - ETA: 2:56 - loss: 19.2604 - acc: 0.2500
  96/3458 [..............................] - ETA: 2:52 - loss: 20.6002 - acc: 0.3229
 128/3458 [>.............................] - ETA: 2:48 - loss: 18.8632 - acc: 0.2578
 160/3458 [>.............................] - ETA: 2:45 - loss: 16.1095 - acc: 0.2313
 192/3458 [>.............................] - ETA: 2:42 - loss: 13.7204 - acc: 0.2292
 224/3458 [>.............................] - ETA: 2:41 - loss: 11.9939 - acc: 0.2054
 256/3458 [=>............................] - ETA: 2:38 - loss: 10.6915 - acc: 0.2188
 288/3458 [=>............................] - ETA: 2:37 - loss: 9.6812 - acc: 0.2153 
 320/3458 [=>............................] - ETA: 2:35 - loss: 8.8721 - acc: 0.2156
 352/3458 [==>...........................] - ETA: 2:33 - loss: 8.2117 - acc: 0.2159
 384/3458 [==>...........................] - ETA: 2:31 - loss: 7.6588 - acc: 0.2161
 416/3458 [==>...........................] - ETA: 2:30 - loss: 7.1934 - acc: 0.2043
 448/3458 [==>...........................] - ETA: 2:28 - loss: 6.7927 - acc: 0.2009
 480/3458 [===>..........................] - ETA: 2:26 - loss: 6.4468 - acc: 0.2042
 512/3458 [===>..........................] - ETA: 2:25 - loss: 6.1438 - acc: 0.2051
 544/3458 [===>..........................] - ETA: 2:23 - loss: 5.8766 - acc: 0.2077
 576/3458 [===>..........................] - ETA: 2:21 - loss: 5.6389 - acc: 0.2153
 608/3458 [====>.........................] - ETA: 2:20 - loss: 5.4265 - acc: 0.2237
 640/3458 [====>.........................] - ETA: 2:18 - loss: 5.2351 - acc: 0.2266
 672/3458 [====>.........................] - ETA: 2:16 - loss: 5.0612 - acc: 0.2277
 704/3458 [=====>........................] - ETA: 2:15 - loss: 4.9021 - acc: 0.2372
 736/3458 [=====>........................] - ETA: 2:13 - loss: 4.7563 - acc: 0.2405
 768/3458 [=====>........................] - ETA: 2:12 - loss: 4.6302 - acc: 0.2383
 800/3458 [=====>........................] - ETA: 2:10 - loss: 4.5030 - acc: 0.2375
 832/3458 [======>.......................] - ETA: 2:08 - loss: 4.3917 - acc: 0.2404
 864/3458 [======>.......................] - ETA: 2:07 - loss: 4.2876 - acc: 0.2384
 896/3458 [======>.......................] - ETA: 2:05 - loss: 4.1908 - acc: 0.2400
 928/3458 [=======>......................] - ETA: 2:04 - loss: 4.0992 - acc: 0.2457
 960/3458 [=======>......................] - ETA: 2:02 - loss: 4.0146 - acc: 0.2531
 992/3458 [=======>......................] - ETA: 2:01 - loss: 3.9360 - acc: 0.2540
1024/3458 [=======>......................] - ETA: 1:59 - loss: 3.8596 - acc: 0.2578
1056/3458 [========>.....................] - ETA: 1:57 - loss: 3.7901 - acc: 0.2595
1088/3458 [========>.....................] - ETA: 1:56 - loss: 3.7226 - acc: 0.2601
1120/3458 [========>.....................] - ETA: 1:54 - loss: 3.6631 - acc: 0.2598
1152/3458 [========>.....................] - ETA: 1:53 - loss: 3.6036 - acc: 0.2604
1184/3458 [=========>....................] - ETA: 1:51 - loss: 3.5470 - acc: 0.2652
1216/3458 [=========>....................] - ETA: 1:50 - loss: 3.4940 - acc: 0.2632
1248/3458 [=========>....................] - ETA: 1:48 - loss: 3.4464 - acc: 0.2604
1280/3458 [==========>...................] - ETA: 1:46 - loss: 3.3994 - acc: 0.2641
1312/3458 [==========>...................] - ETA: 1:45 - loss: 3.3547 - acc: 0.2645
1344/3458 [==========>...................] - ETA: 1:43 - loss: 3.3130 - acc: 0.2649
1376/3458 [==========>...................] - ETA: 1:42 - loss: 3.2704 - acc: 0.2674
1408/3458 [===========>..................] - ETA: 1:40 - loss: 3.2312 - acc: 0.2649
1440/3458 [===========>..................] - ETA: 1:38 - loss: 3.1918 - acc: 0.2694
1472/3458 [===========>..................] - ETA: 1:37 - loss: 3.1574 - acc: 0.2724
1504/3458 [============>.................] - ETA: 1:35 - loss: 3.1186 - acc: 0.2766
1536/3458 [============>.................] - ETA: 1:34 - loss: 3.0834 - acc: 0.2786
1568/3458 [============>.................] - ETA: 1:32 - loss: 3.0490 - acc: 0.2800
1600/3458 [============>.................] - ETA: 1:31 - loss: 3.0189 - acc: 0.2844
1632/3458 [=============>................] - ETA: 1:29 - loss: 2.9874 - acc: 0.2874
1664/3458 [=============>................] - ETA: 1:27 - loss: 2.9562 - acc: 0.2903
1696/3458 [=============>................] - ETA: 1:26 - loss: 2.9279 - acc: 0.2907
1728/3458 [=============>................] - ETA: 1:24 - loss: 2.9007 - acc: 0.2934
1760/3458 [==============>...............] - ETA: 1:23 - loss: 2.8733 - acc: 0.2955
1792/3458 [==============>...............] - ETA: 1:21 - loss: 2.8456 - acc: 0.2974
1824/3458 [==============>...............] - ETA: 1:20 - loss: 2.8189 - acc: 0.2982
1856/3458 [===============>..............] - ETA: 1:18 - loss: 2.7934 - acc: 0.3012
1888/3458 [===============>..............] - ETA: 1:16 - loss: 2.7669 - acc: 0.3030
1920/3458 [===============>..............] - ETA: 1:15 - loss: 2.7434 - acc: 0.3063
1952/3458 [===============>..............] - ETA: 1:13 - loss: 2.7177 - acc: 0.3084
1984/3458 [================>.............] - ETA: 1:12 - loss: 2.6962 - acc: 0.3110
2016/3458 [================>.............] - ETA: 1:10 - loss: 2.6740 - acc: 0.3130
2048/3458 [================>.............] - ETA: 1:09 - loss: 2.6539 - acc: 0.3159
2080/3458 [=================>............] - ETA: 1:07 - loss: 2.6352 - acc: 0.3187
2112/3458 [=================>............] - ETA: 1:05 - loss: 2.6204 - acc: 0.3196
2144/3458 [=================>............] - ETA: 1:04 - loss: 2.6009 - acc: 0.3223
2176/3458 [=================>............] - ETA: 1:02 - loss: 2.5828 - acc: 0.3226
2208/3458 [==================>...........] - ETA: 1:01 - loss: 2.5645 - acc: 0.3243
2240/3458 [==================>...........] - ETA: 59s - loss: 2.5471 - acc: 0.3232 
2272/3458 [==================>...........] - ETA: 58s - loss: 2.5299 - acc: 0.3257
2304/3458 [==================>...........] - ETA: 56s - loss: 2.5130 - acc: 0.3260
2336/3458 [===================>..........] - ETA: 55s - loss: 2.4983 - acc: 0.3266
2368/3458 [===================>..........] - ETA: 53s - loss: 2.4823 - acc: 0.3273
2400/3458 [===================>..........] - ETA: 51s - loss: 2.4676 - acc: 0.3271
2432/3458 [====================>.........] - ETA: 50s - loss: 2.4542 - acc: 0.3298
2464/3458 [====================>.........] - ETA: 48s - loss: 2.4407 - acc: 0.3304
2496/3458 [====================>.........] - ETA: 47s - loss: 2.4272 - acc: 0.3325
2528/3458 [====================>.........] - ETA: 45s - loss: 2.4126 - acc: 0.3354
2560/3458 [=====================>........] - ETA: 43s - loss: 2.3995 - acc: 0.3387
2592/3458 [=====================>........] - ETA: 42s - loss: 2.3875 - acc: 0.3410
2624/3458 [=====================>........] - ETA: 40s - loss: 2.3752 - acc: 0.3415
2656/3458 [======================>.......] - ETA: 39s - loss: 2.3632 - acc: 0.3441
2688/3458 [======================>.......] - ETA: 37s - loss: 2.3542 - acc: 0.3445
2720/3458 [======================>.......] - ETA: 36s - loss: 2.3424 - acc: 0.3456
2752/3458 [======================>.......] - ETA: 34s - loss: 2.3319 - acc: 0.3485
2784/3458 [=======================>......] - ETA: 33s - loss: 2.3203 - acc: 0.3506
2816/3458 [=======================>......] - ETA: 31s - loss: 2.3146 - acc: 0.3519
2848/3458 [=======================>......] - ETA: 29s - loss: 2.3035 - acc: 0.3543
2880/3458 [=======================>......] - ETA: 28s - loss: 2.2923 - acc: 0.3559
2912/3458 [========================>.....] - ETA: 26s - loss: 2.2817 - acc: 0.3554
2944/3458 [========================>.....] - ETA: 25s - loss: 2.2735 - acc: 0.3563
2976/3458 [========================>.....] - ETA: 23s - loss: 2.2646 - acc: 0.3545
3008/3458 [=========================>....] - ETA: 22s - loss: 2.2548 - acc: 0.3554
3040/3458 [=========================>....] - ETA: 20s - loss: 2.2451 - acc: 0.3559
3072/3458 [=========================>....] - ETA: 18s - loss: 2.2378 - acc: 0.3542
3104/3458 [=========================>....] - ETA: 17s - loss: 2.2300 - acc: 0.3534
3136/3458 [==========================>...] - ETA: 15s - loss: 2.2195 - acc: 0.3562
3168/3458 [==========================>...] - ETA: 14s - loss: 2.2123 - acc: 0.3567
3200/3458 [==========================>...] - ETA: 12s - loss: 2.2032 - acc: 0.3581
3232/3458 [===========================>..] - ETA: 11s - loss: 2.1951 - acc: 0.3586
3264/3458 [===========================>..] - ETA: 9s - loss: 2.1853 - acc: 0.3612 
3296/3458 [===========================>..] - ETA: 7s - loss: 2.1791 - acc: 0.3623
3328/3458 [===========================>..] - ETA: 6s - loss: 2.1701 - acc: 0.3636
3360/3458 [============================>.] - ETA: 4s - loss: 2.1610 - acc: 0.3655
3392/3458 [============================>.] - ETA: 3s - loss: 2.1538 - acc: 0.3667
3424/3458 [============================>.] - ETA: 1s - loss: 2.1444 - acc: 0.3686
3456/3458 [============================>.] - ETA: 0s - loss: 2.1353 - acc: 0.3698
3458/3458 [==============================] - 170s 49ms/sample - loss: 2.1353 - acc: 0.3699

 32/865 [>.............................] - ETA: 8s - loss: 1.1785 - acc: 0.5938
 64/865 [=>............................] - ETA: 7s - loss: 1.1294 - acc: 0.6094
 96/865 [==>...........................] - ETA: 7s - loss: 1.1433 - acc: 0.6146
128/865 [===>..........................] - ETA: 6s - loss: 1.2667 - acc: 0.5625
160/865 [====>.........................] - ETA: 6s - loss: 1.2983 - acc: 0.5437
192/865 [=====>........................] - ETA: 6s - loss: 1.2715 - acc: 0.5417
224/865 [======>.......................] - ETA: 5s - loss: 1.2726 - acc: 0.5312
256/865 [=======>......................] - ETA: 5s - loss: 1.2935 - acc: 0.5078
288/865 [========>.....................] - ETA: 5s - loss: 1.2849 - acc: 0.5069
320/865 [==========>...................] - ETA: 4s - loss: 1.2839 - acc: 0.5063
352/865 [===========>..................] - ETA: 4s - loss: 1.2778 - acc: 0.5085
384/865 [============>.................] - ETA: 4s - loss: 1.2682 - acc: 0.5130
416/865 [=============>................] - ETA: 4s - loss: 1.2685 - acc: 0.5072
448/865 [==============>...............] - ETA: 3s - loss: 1.2737 - acc: 0.5112
480/865 [===============>..............] - ETA: 3s - loss: 1.2694 - acc: 0.5125
512/865 [================>.............] - ETA: 3s - loss: 1.2778 - acc: 0.5117
544/865 [=================>............] - ETA: 2s - loss: 1.2909 - acc: 0.5165
576/865 [==================>...........] - ETA: 2s - loss: 1.3005 - acc: 0.5174
608/865 [====================>.........] - ETA: 2s - loss: 1.2985 - acc: 0.5115
640/865 [=====================>........] - ETA: 2s - loss: 1.2902 - acc: 0.5094
672/865 [======================>.......] - ETA: 1s - loss: 1.2841 - acc: 0.5074
704/865 [=======================>......] - ETA: 1s - loss: 1.2747 - acc: 0.5114
736/865 [========================>.....] - ETA: 1s - loss: 1.2658 - acc: 0.5177
768/865 [=========================>....] - ETA: 0s - loss: 1.2715 - acc: 0.5169
800/865 [==========================>...] - ETA: 0s - loss: 1.2665 - acc: 0.5150
832/865 [===========================>..] - ETA: 0s - loss: 1.2603 - acc: 0.5144
864/865 [============================>.] - ETA: 0s - loss: 1.2564 - acc: 0.5150
865/865 [==============================] - 8s 9ms/sample - loss: 1.2569 - acc: 0.5145

  32/3458 [..............................] - ETA: 2:43 - loss: 1.2032 - acc: 0.6562
  64/3458 [..............................] - ETA: 2:45 - loss: 1.2647 - acc: 0.6094
  96/3458 [..............................] - ETA: 2:44 - loss: 1.3791 - acc: 0.5208
 128/3458 [>.............................] - ETA: 2:42 - loss: 1.3760 - acc: 0.4766
 160/3458 [>.............................] - ETA: 2:41 - loss: 1.3850 - acc: 0.5000
 192/3458 [>.............................] - ETA: 2:39 - loss: 1.4166 - acc: 0.4896
 224/3458 [>.............................] - ETA: 2:37 - loss: 1.4144 - acc: 0.4866
 256/3458 [=>............................] - ETA: 2:36 - loss: 1.4104 - acc: 0.4844
 288/3458 [=>............................] - ETA: 2:34 - loss: 1.4117 - acc: 0.4826
 320/3458 [=>............................] - ETA: 2:33 - loss: 1.4212 - acc: 0.4688
 352/3458 [==>...........................] - ETA: 2:31 - loss: 1.4008 - acc: 0.4801
 384/3458 [==>...........................] - ETA: 2:30 - loss: 1.3946 - acc: 0.4870
 416/3458 [==>...........................] - ETA: 2:28 - loss: 1.4000 - acc: 0.4784
 448/3458 [==>...........................] - ETA: 2:26 - loss: 1.3959 - acc: 0.4777
 480/3458 [===>..........................] - ETA: 2:25 - loss: 1.4039 - acc: 0.4729
 512/3458 [===>..........................] - ETA: 2:23 - loss: 1.4050 - acc: 0.4688
 544/3458 [===>..........................] - ETA: 2:22 - loss: 1.3969 - acc: 0.4724
 576/3458 [===>..........................] - ETA: 2:20 - loss: 1.4050 - acc: 0.4688
 608/3458 [====>.........................] - ETA: 2:19 - loss: 1.4039 - acc: 0.4688
 640/3458 [====>.........................] - ETA: 2:17 - loss: 1.4039 - acc: 0.4703
 672/3458 [====>.........................] - ETA: 2:15 - loss: 1.4146 - acc: 0.4628
 704/3458 [=====>........................] - ETA: 2:14 - loss: 1.4099 - acc: 0.4645
 736/3458 [=====>........................] - ETA: 2:12 - loss: 1.4114 - acc: 0.4620
 768/3458 [=====>........................] - ETA: 2:11 - loss: 1.4053 - acc: 0.4635
 800/3458 [=====>........................] - ETA: 2:09 - loss: 1.4007 - acc: 0.4600
 832/3458 [======>.......................] - ETA: 2:08 - loss: 1.4007 - acc: 0.4591
 864/3458 [======>.......................] - ETA: 2:06 - loss: 1.3954 - acc: 0.4595
 896/3458 [======>.......................] - ETA: 2:05 - loss: 1.3990 - acc: 0.4531
 928/3458 [=======>......................] - ETA: 2:03 - loss: 1.3990 - acc: 0.4461
 960/3458 [=======>......................] - ETA: 2:01 - loss: 1.3994 - acc: 0.4448
 992/3458 [=======>......................] - ETA: 2:00 - loss: 1.4007 - acc: 0.4385
1024/3458 [=======>......................] - ETA: 1:58 - loss: 1.4018 - acc: 0.4336
1056/3458 [========>.....................] - ETA: 1:57 - loss: 1.4025 - acc: 0.4280
1088/3458 [========>.....................] - ETA: 1:55 - loss: 1.4029 - acc: 0.4274
1120/3458 [========>.....................] - ETA: 1:54 - loss: 1.3941 - acc: 0.4295
1152/3458 [========>.....................] - ETA: 1:52 - loss: 1.3960 - acc: 0.4288
1184/3458 [=========>....................] - ETA: 1:51 - loss: 1.3895 - acc: 0.4341
1216/3458 [=========>....................] - ETA: 1:49 - loss: 1.3898 - acc: 0.4342
1248/3458 [=========>....................] - ETA: 1:47 - loss: 1.3914 - acc: 0.4303
1280/3458 [==========>...................] - ETA: 1:46 - loss: 1.3913 - acc: 0.4297
1312/3458 [==========>...................] - ETA: 1:44 - loss: 1.3921 - acc: 0.4276
1344/3458 [==========>...................] - ETA: 1:43 - loss: 1.3903 - acc: 0.4293
1376/3458 [==========>...................] - ETA: 1:41 - loss: 1.3872 - acc: 0.4324
1408/3458 [===========>..................] - ETA: 1:40 - loss: 1.3850 - acc: 0.4347
1440/3458 [===========>..................] - ETA: 1:38 - loss: 1.3801 - acc: 0.4382
1472/3458 [===========>..................] - ETA: 1:37 - loss: 1.3798 - acc: 0.4382
1504/3458 [============>.................] - ETA: 1:35 - loss: 1.3818 - acc: 0.4375
1536/3458 [============>.................] - ETA: 1:33 - loss: 1.3800 - acc: 0.4395
1568/3458 [============>.................] - ETA: 1:32 - loss: 1.3783 - acc: 0.4394
1600/3458 [============>.................] - ETA: 1:30 - loss: 1.3750 - acc: 0.4412
1632/3458 [=============>................] - ETA: 1:29 - loss: 1.3692 - acc: 0.4436
1664/3458 [=============>................] - ETA: 1:27 - loss: 1.3644 - acc: 0.4447
1696/3458 [=============>................] - ETA: 1:26 - loss: 1.3639 - acc: 0.4434
1728/3458 [=============>................] - ETA: 1:24 - loss: 1.3613 - acc: 0.4462
1760/3458 [==============>...............] - ETA: 1:23 - loss: 1.3548 - acc: 0.4477
1792/3458 [==============>...............] - ETA: 1:21 - loss: 1.3528 - acc: 0.4470
1824/3458 [==============>...............] - ETA: 1:19 - loss: 1.3481 - acc: 0.4485
1856/3458 [===============>..............] - ETA: 1:18 - loss: 1.3413 - acc: 0.4531
1888/3458 [===============>..............] - ETA: 1:16 - loss: 1.3426 - acc: 0.4544
1920/3458 [===============>..............] - ETA: 1:15 - loss: 1.3387 - acc: 0.4563
1952/3458 [===============>..............] - ETA: 1:13 - loss: 1.3374 - acc: 0.4570
1984/3458 [================>.............] - ETA: 1:12 - loss: 1.3376 - acc: 0.4577
2016/3458 [================>.............] - ETA: 1:10 - loss: 1.3467 - acc: 0.4573
2048/3458 [================>.............] - ETA: 1:08 - loss: 1.3437 - acc: 0.4590
2080/3458 [=================>............] - ETA: 1:07 - loss: 1.3394 - acc: 0.4620
2112/3458 [=================>............] - ETA: 1:05 - loss: 1.3385 - acc: 0.4602
2144/3458 [=================>............] - ETA: 1:04 - loss: 1.3346 - acc: 0.4613
2176/3458 [=================>............] - ETA: 1:02 - loss: 1.3328 - acc: 0.4623
2208/3458 [==================>...........] - ETA: 1:01 - loss: 1.3298 - acc: 0.4638
2240/3458 [==================>...........] - ETA: 59s - loss: 1.3300 - acc: 0.4616 
2272/3458 [==================>...........] - ETA: 58s - loss: 1.3264 - acc: 0.4639
2304/3458 [==================>...........] - ETA: 56s - loss: 1.3226 - acc: 0.4661
2336/3458 [===================>..........] - ETA: 54s - loss: 1.3217 - acc: 0.4666
2368/3458 [===================>..........] - ETA: 53s - loss: 1.3172 - acc: 0.4675
2400/3458 [===================>..........] - ETA: 51s - loss: 1.3162 - acc: 0.4679
2432/3458 [====================>.........] - ETA: 50s - loss: 1.3129 - acc: 0.4696
2464/3458 [====================>.........] - ETA: 48s - loss: 1.3109 - acc: 0.4700
2496/3458 [====================>.........] - ETA: 47s - loss: 1.3086 - acc: 0.4704
2528/3458 [====================>.........] - ETA: 45s - loss: 1.3060 - acc: 0.4727
2560/3458 [=====================>........] - ETA: 43s - loss: 1.3061 - acc: 0.4730
2592/3458 [=====================>........] - ETA: 42s - loss: 1.3067 - acc: 0.4715
2624/3458 [=====================>........] - ETA: 40s - loss: 1.3059 - acc: 0.4722
2656/3458 [======================>.......] - ETA: 39s - loss: 1.3048 - acc: 0.4736
2688/3458 [======================>.......] - ETA: 37s - loss: 1.3018 - acc: 0.4758
2720/3458 [======================>.......] - ETA: 36s - loss: 1.2998 - acc: 0.4772
2752/3458 [======================>.......] - ETA: 34s - loss: 1.2985 - acc: 0.4789
2784/3458 [=======================>......] - ETA: 32s - loss: 1.2956 - acc: 0.4799
2816/3458 [=======================>......] - ETA: 31s - loss: 1.2957 - acc: 0.4801
2848/3458 [=======================>......] - ETA: 29s - loss: 1.2953 - acc: 0.4793
2880/3458 [=======================>......] - ETA: 28s - loss: 1.2943 - acc: 0.4795
2912/3458 [========================>.....] - ETA: 26s - loss: 1.2927 - acc: 0.4787
2944/3458 [========================>.....] - ETA: 25s - loss: 1.2928 - acc: 0.4786
2976/3458 [========================>.....] - ETA: 23s - loss: 1.2912 - acc: 0.4792
3008/3458 [=========================>....] - ETA: 21s - loss: 1.2913 - acc: 0.4784
3040/3458 [=========================>....] - ETA: 20s - loss: 1.2898 - acc: 0.4789
3072/3458 [=========================>....] - ETA: 18s - loss: 1.2883 - acc: 0.4798
3104/3458 [=========================>....] - ETA: 17s - loss: 1.2883 - acc: 0.4787
3136/3458 [==========================>...] - ETA: 15s - loss: 1.2887 - acc: 0.4780
3168/3458 [==========================>...] - ETA: 14s - loss: 1.2864 - acc: 0.4792
3200/3458 [==========================>...] - ETA: 12s - loss: 1.2836 - acc: 0.4806
3232/3458 [===========================>..] - ETA: 11s - loss: 1.2841 - acc: 0.4805
3264/3458 [===========================>..] - ETA: 9s - loss: 1.2818 - acc: 0.4819 
3296/3458 [===========================>..] - ETA: 7s - loss: 1.2862 - acc: 0.4827
3328/3458 [===========================>..] - ETA: 6s - loss: 1.2859 - acc: 0.4820
3360/3458 [============================>.] - ETA: 4s - loss: 1.2854 - acc: 0.4821
3392/3458 [============================>.] - ETA: 3s - loss: 1.2836 - acc: 0.4829
3424/3458 [============================>.] - ETA: 1s - loss: 1.2808 - acc: 0.4839
3456/3458 [============================>.] - ETA: 0s - loss: 1.2800 - acc: 0.4847
3458/3458 [==============================] - 170s 49ms/sample - loss: 1.2803 - acc: 0.4847

 32/865 [>.............................] - ETA: 8s - loss: 1.0057 - acc: 0.6562
 64/865 [=>............................] - ETA: 7s - loss: 1.0167 - acc: 0.6562
 96/865 [==>...........................] - ETA: 7s - loss: 1.0498 - acc: 0.6562
128/865 [===>..........................] - ETA: 6s - loss: 1.1559 - acc: 0.6250
160/865 [====>.........................] - ETA: 6s - loss: 1.2218 - acc: 0.6000
192/865 [=====>........................] - ETA: 6s - loss: 1.2122 - acc: 0.5885
224/865 [======>.......................] - ETA: 5s - loss: 1.2023 - acc: 0.5714
256/865 [=======>......................] - ETA: 5s - loss: 1.2225 - acc: 0.5703
288/865 [========>.....................] - ETA: 5s - loss: 1.2045 - acc: 0.5694
320/865 [==========>...................] - ETA: 4s - loss: 1.1980 - acc: 0.5719
352/865 [===========>..................] - ETA: 4s - loss: 1.1971 - acc: 0.5597
384/865 [============>.................] - ETA: 4s - loss: 1.1815 - acc: 0.5547
416/865 [=============>................] - ETA: 4s - loss: 1.1694 - acc: 0.5577
448/865 [==============>...............] - ETA: 3s - loss: 1.1848 - acc: 0.5580
480/865 [===============>..............] - ETA: 3s - loss: 1.1886 - acc: 0.5521
512/865 [================>.............] - ETA: 3s - loss: 1.1888 - acc: 0.5527
544/865 [=================>............] - ETA: 2s - loss: 1.1972 - acc: 0.5496
576/865 [==================>...........] - ETA: 2s - loss: 1.2101 - acc: 0.5451
608/865 [====================>.........] - ETA: 2s - loss: 1.2108 - acc: 0.5428
640/865 [=====================>........] - ETA: 2s - loss: 1.2009 - acc: 0.5453
672/865 [======================>.......] - ETA: 1s - loss: 1.1975 - acc: 0.5476
704/865 [=======================>......] - ETA: 1s - loss: 1.1897 - acc: 0.5511
736/865 [========================>.....] - ETA: 1s - loss: 1.1834 - acc: 0.5503
768/865 [=========================>....] - ETA: 0s - loss: 1.1868 - acc: 0.5547
800/865 [==========================>...] - ETA: 0s - loss: 1.1846 - acc: 0.5587
832/865 [===========================>..] - ETA: 0s - loss: 1.1732 - acc: 0.5661
864/865 [============================>.] - ETA: 0s - loss: 1.1763 - acc: 0.5637
865/865 [==============================] - 8s 9ms/sample - loss: 1.1769 - acc: 0.5630

  32/3458 [..............................] - ETA: 2:45 - loss: 1.3133 - acc: 0.5625
  64/3458 [..............................] - ETA: 2:44 - loss: 1.2451 - acc: 0.6094
  96/3458 [..............................] - ETA: 2:44 - loss: 1.2201 - acc: 0.5417
 128/3458 [>.............................] - ETA: 2:42 - loss: 1.2314 - acc: 0.4844
 160/3458 [>.............................] - ETA: 2:40 - loss: 1.1891 - acc: 0.5063
 192/3458 [>.............................] - ETA: 2:38 - loss: 1.1874 - acc: 0.5208
 224/3458 [>.............................] - ETA: 2:37 - loss: 1.1796 - acc: 0.5223
 256/3458 [=>............................] - ETA: 2:35 - loss: 1.1913 - acc: 0.5156
 288/3458 [=>............................] - ETA: 2:34 - loss: 1.1798 - acc: 0.5243
 320/3458 [=>............................] - ETA: 2:33 - loss: 1.1921 - acc: 0.5188
 352/3458 [==>...........................] - ETA: 2:31 - loss: 1.1851 - acc: 0.5170
 384/3458 [==>...........................] - ETA: 2:30 - loss: 1.1900 - acc: 0.5078
 416/3458 [==>...........................] - ETA: 2:28 - loss: 1.1845 - acc: 0.5168
 448/3458 [==>...........................] - ETA: 2:26 - loss: 1.1741 - acc: 0.5134
 480/3458 [===>..........................] - ETA: 2:25 - loss: 1.1743 - acc: 0.5167
 512/3458 [===>..........................] - ETA: 2:23 - loss: 1.1553 - acc: 0.5273
 544/3458 [===>..........................] - ETA: 2:22 - loss: 1.1542 - acc: 0.5257
 576/3458 [===>..........................] - ETA: 2:20 - loss: 1.1535 - acc: 0.5191
 608/3458 [====>.........................] - ETA: 2:19 - loss: 1.1452 - acc: 0.5263
 640/3458 [====>.........................] - ETA: 2:17 - loss: 1.1383 - acc: 0.5328
 672/3458 [====>.........................] - ETA: 2:16 - loss: 1.1382 - acc: 0.5342
 704/3458 [=====>........................] - ETA: 2:14 - loss: 1.1337 - acc: 0.5369
 736/3458 [=====>........................] - ETA: 2:13 - loss: 1.1361 - acc: 0.5340
 768/3458 [=====>........................] - ETA: 2:11 - loss: 1.1321 - acc: 0.5378
 800/3458 [=====>........................] - ETA: 2:10 - loss: 1.1377 - acc: 0.5337
 832/3458 [======>.......................] - ETA: 2:08 - loss: 1.1389 - acc: 0.5325
 864/3458 [======>.......................] - ETA: 2:06 - loss: 1.1359 - acc: 0.5336
 896/3458 [======>.......................] - ETA: 2:05 - loss: 1.1366 - acc: 0.5391
 928/3458 [=======>......................] - ETA: 2:03 - loss: 1.1490 - acc: 0.5312
 960/3458 [=======>......................] - ETA: 2:02 - loss: 1.1484 - acc: 0.5302
 992/3458 [=======>......................] - ETA: 2:00 - loss: 1.1429 - acc: 0.5343
1024/3458 [=======>......................] - ETA: 1:59 - loss: 1.1439 - acc: 0.5322
1056/3458 [========>.....................] - ETA: 1:57 - loss: 1.1396 - acc: 0.5294
1088/3458 [========>.....................] - ETA: 1:55 - loss: 1.1385 - acc: 0.5285
1120/3458 [========>.....................] - ETA: 1:54 - loss: 1.1305 - acc: 0.5357
1152/3458 [========>.....................] - ETA: 1:52 - loss: 1.1336 - acc: 0.5312
1184/3458 [=========>....................] - ETA: 1:51 - loss: 1.1351 - acc: 0.5321
1216/3458 [=========>....................] - ETA: 1:49 - loss: 1.1289 - acc: 0.5329
1248/3458 [=========>....................] - ETA: 1:48 - loss: 1.1309 - acc: 0.5329
1280/3458 [==========>...................] - ETA: 1:46 - loss: 1.1322 - acc: 0.5328
1312/3458 [==========>...................] - ETA: 1:45 - loss: 1.1269 - acc: 0.5351
1344/3458 [==========>...................] - ETA: 1:43 - loss: 1.1225 - acc: 0.5379
1376/3458 [==========>...................] - ETA: 1:41 - loss: 1.1358 - acc: 0.5356
1408/3458 [===========>..................] - ETA: 1:40 - loss: 1.1324 - acc: 0.5355
1440/3458 [===========>..................] - ETA: 1:38 - loss: 1.1309 - acc: 0.5389
1472/3458 [===========>..................] - ETA: 1:37 - loss: 1.1320 - acc: 0.5394
1504/3458 [============>.................] - ETA: 1:35 - loss: 1.1301 - acc: 0.5392
1536/3458 [============>.................] - ETA: 1:34 - loss: 1.1276 - acc: 0.5410
1568/3458 [============>.................] - ETA: 1:32 - loss: 1.1261 - acc: 0.5415
1600/3458 [============>.................] - ETA: 1:30 - loss: 1.1255 - acc: 0.5406
1632/3458 [=============>................] - ETA: 1:29 - loss: 1.1319 - acc: 0.5374
1664/3458 [=============>................] - ETA: 1:27 - loss: 1.1307 - acc: 0.5373
1696/3458 [=============>................] - ETA: 1:26 - loss: 1.1263 - acc: 0.5395
1728/3458 [=============>................] - ETA: 1:24 - loss: 1.1186 - acc: 0.5446
1760/3458 [==============>...............] - ETA: 1:23 - loss: 1.1332 - acc: 0.5432
1792/3458 [==============>...............] - ETA: 1:21 - loss: 1.1342 - acc: 0.5419
1824/3458 [==============>...............] - ETA: 1:19 - loss: 1.1316 - acc: 0.5428
1856/3458 [===============>..............] - ETA: 1:18 - loss: 1.1280 - acc: 0.5447
1888/3458 [===============>..............] - ETA: 1:16 - loss: 1.1257 - acc: 0.5445
1920/3458 [===============>..............] - ETA: 1:15 - loss: 1.1249 - acc: 0.5464
1952/3458 [===============>..............] - ETA: 1:13 - loss: 1.1299 - acc: 0.5441
1984/3458 [================>.............] - ETA: 1:12 - loss: 1.1291 - acc: 0.5444
2016/3458 [================>.............] - ETA: 1:10 - loss: 1.1294 - acc: 0.5437
2048/3458 [================>.............] - ETA: 1:08 - loss: 1.1281 - acc: 0.5449
2080/3458 [=================>............] - ETA: 1:07 - loss: 1.1265 - acc: 0.5462
2112/3458 [=================>............] - ETA: 1:05 - loss: 1.1240 - acc: 0.5478
2144/3458 [=================>............] - ETA: 1:04 - loss: 1.1225 - acc: 0.5466
2176/3458 [=================>............] - ETA: 1:02 - loss: 1.1246 - acc: 0.5469
2208/3458 [==================>...........] - ETA: 1:01 - loss: 1.1238 - acc: 0.5480
2240/3458 [==================>...........] - ETA: 59s - loss: 1.1208 - acc: 0.5491 
2272/3458 [==================>...........] - ETA: 58s - loss: 1.1190 - acc: 0.5502
2304/3458 [==================>...........] - ETA: 56s - loss: 1.1186 - acc: 0.5512
2336/3458 [===================>..........] - ETA: 54s - loss: 1.1164 - acc: 0.5518
2368/3458 [===================>..........] - ETA: 53s - loss: 1.1145 - acc: 0.5541
2400/3458 [===================>..........] - ETA: 51s - loss: 1.1138 - acc: 0.5537
2432/3458 [====================>.........] - ETA: 50s - loss: 1.1111 - acc: 0.5539
2464/3458 [====================>.........] - ETA: 48s - loss: 1.1069 - acc: 0.5548
2496/3458 [====================>.........] - ETA: 47s - loss: 1.1055 - acc: 0.5561
2528/3458 [====================>.........] - ETA: 45s - loss: 1.1046 - acc: 0.5566
2560/3458 [=====================>........] - ETA: 43s - loss: 1.1019 - acc: 0.5578
2592/3458 [=====================>........] - ETA: 42s - loss: 1.1012 - acc: 0.5583
2624/3458 [=====================>........] - ETA: 40s - loss: 1.1027 - acc: 0.5575
2656/3458 [======================>.......] - ETA: 39s - loss: 1.1074 - acc: 0.5553
2688/3458 [======================>.......] - ETA: 37s - loss: 1.1047 - acc: 0.5573
2720/3458 [======================>.......] - ETA: 36s - loss: 1.1037 - acc: 0.5588
2752/3458 [======================>.......] - ETA: 34s - loss: 1.1008 - acc: 0.5603
2784/3458 [=======================>......] - ETA: 32s - loss: 1.0991 - acc: 0.5614
2816/3458 [=======================>......] - ETA: 31s - loss: 1.0981 - acc: 0.5621
2848/3458 [=======================>......] - ETA: 29s - loss: 1.0974 - acc: 0.5629
2880/3458 [=======================>......] - ETA: 28s - loss: 1.0934 - acc: 0.5653
2912/3458 [========================>.....] - ETA: 26s - loss: 1.0912 - acc: 0.5663
2944/3458 [========================>.....] - ETA: 25s - loss: 1.0888 - acc: 0.5673
2976/3458 [========================>.....] - ETA: 23s - loss: 1.0881 - acc: 0.5679
3008/3458 [=========================>....] - ETA: 22s - loss: 1.0894 - acc: 0.5682
3040/3458 [=========================>....] - ETA: 20s - loss: 1.0892 - acc: 0.5697
3072/3458 [=========================>....] - ETA: 18s - loss: 1.0881 - acc: 0.5706
3104/3458 [=========================>....] - ETA: 17s - loss: 1.0882 - acc: 0.5706
3136/3458 [==========================>...] - ETA: 15s - loss: 1.0852 - acc: 0.5727
3168/3458 [==========================>...] - ETA: 14s - loss: 1.0834 - acc: 0.5735
3200/3458 [==========================>...] - ETA: 12s - loss: 1.0826 - acc: 0.5734
3232/3458 [===========================>..] - ETA: 11s - loss: 1.0823 - acc: 0.5733
3264/3458 [===========================>..] - ETA: 9s - loss: 1.0822 - acc: 0.5732 
3296/3458 [===========================>..] - ETA: 7s - loss: 1.0804 - acc: 0.5743
3328/3458 [===========================>..] - ETA: 6s - loss: 1.0806 - acc: 0.5745
3360/3458 [============================>.] - ETA: 4s - loss: 1.0778 - acc: 0.5756
3392/3458 [============================>.] - ETA: 3s - loss: 1.0760 - acc: 0.5761
3424/3458 [============================>.] - ETA: 1s - loss: 1.0740 - acc: 0.5771
3456/3458 [============================>.] - ETA: 0s - loss: 1.0725 - acc: 0.5764
3458/3458 [==============================] - 170s 49ms/sample - loss: 1.0721 - acc: 0.5766

 32/865 [>.............................] - ETA: 7s - loss: 0.6960 - acc: 0.6875
 64/865 [=>............................] - ETA: 7s - loss: 0.8876 - acc: 0.6875
 96/865 [==>...........................] - ETA: 7s - loss: 0.9033 - acc: 0.6562
128/865 [===>..........................] - ETA: 6s - loss: 1.0323 - acc: 0.6172
160/865 [====>.........................] - ETA: 6s - loss: 1.0804 - acc: 0.6062
192/865 [=====>........................] - ETA: 6s - loss: 1.0721 - acc: 0.5938
224/865 [======>.......................] - ETA: 5s - loss: 1.0728 - acc: 0.5893
256/865 [=======>......................] - ETA: 5s - loss: 1.0817 - acc: 0.5742
288/865 [========>.....................] - ETA: 5s - loss: 1.0496 - acc: 0.5833
320/865 [==========>...................] - ETA: 4s - loss: 1.0341 - acc: 0.5844
352/865 [===========>..................] - ETA: 4s - loss: 1.0356 - acc: 0.5739
384/865 [============>.................] - ETA: 4s - loss: 1.0288 - acc: 0.5859
416/865 [=============>................] - ETA: 4s - loss: 1.0334 - acc: 0.5889
448/865 [==============>...............] - ETA: 3s - loss: 1.0276 - acc: 0.5982
480/865 [===============>..............] - ETA: 3s - loss: 1.0377 - acc: 0.5938
512/865 [================>.............] - ETA: 3s - loss: 1.0618 - acc: 0.5957
544/865 [=================>............] - ETA: 2s - loss: 1.0736 - acc: 0.5901
576/865 [==================>...........] - ETA: 2s - loss: 1.0843 - acc: 0.5885
608/865 [====================>.........] - ETA: 2s - loss: 1.0909 - acc: 0.5839
640/865 [=====================>........] - ETA: 2s - loss: 1.0856 - acc: 0.5875
672/865 [======================>.......] - ETA: 1s - loss: 1.0837 - acc: 0.5893
704/865 [=======================>......] - ETA: 1s - loss: 1.0689 - acc: 0.5952
736/865 [========================>.....] - ETA: 1s - loss: 1.0663 - acc: 0.5951
768/865 [=========================>....] - ETA: 0s - loss: 1.0716 - acc: 0.5964
800/865 [==========================>...] - ETA: 0s - loss: 1.0704 - acc: 0.5975
832/865 [===========================>..] - ETA: 0s - loss: 1.0573 - acc: 0.5998
864/865 [============================>.] - ETA: 0s - loss: 1.0618 - acc: 0.5972
865/865 [==============================] - 8s 9ms/sample - loss: 1.0626 - acc: 0.5965

  32/3458 [..............................] - ETA: 2:43 - loss: 1.1962 - acc: 0.5312
  64/3458 [..............................] - ETA: 2:45 - loss: 1.0713 - acc: 0.6562
  96/3458 [..............................] - ETA: 2:43 - loss: 1.0122 - acc: 0.6875
 128/3458 [>.............................] - ETA: 2:42 - loss: 0.9307 - acc: 0.7031
 160/3458 [>.............................] - ETA: 2:40 - loss: 0.8980 - acc: 0.7188
 192/3458 [>.............................] - ETA: 2:39 - loss: 0.9025 - acc: 0.6979
 224/3458 [>.............................] - ETA: 2:37 - loss: 0.8864 - acc: 0.7054
 256/3458 [=>............................] - ETA: 2:36 - loss: 0.8951 - acc: 0.6992
 288/3458 [=>............................] - ETA: 2:34 - loss: 0.8818 - acc: 0.6979
 320/3458 [=>............................] - ETA: 2:32 - loss: 0.8739 - acc: 0.6938
 352/3458 [==>...........................] - ETA: 2:31 - loss: 0.8836 - acc: 0.6989
 384/3458 [==>...........................] - ETA: 2:29 - loss: 0.8915 - acc: 0.6927
 416/3458 [==>...........................] - ETA: 2:28 - loss: 0.8819 - acc: 0.6947
 448/3458 [==>...........................] - ETA: 2:26 - loss: 0.8765 - acc: 0.6942
 480/3458 [===>..........................] - ETA: 2:25 - loss: 0.8798 - acc: 0.6938
 512/3458 [===>..........................] - ETA: 2:23 - loss: 0.8835 - acc: 0.6797
 544/3458 [===>..........................] - ETA: 2:22 - loss: 0.8849 - acc: 0.6820
 576/3458 [===>..........................] - ETA: 2:20 - loss: 0.8912 - acc: 0.6771
 608/3458 [====>.........................] - ETA: 2:19 - loss: 0.8903 - acc: 0.6760
 640/3458 [====>.........................] - ETA: 2:17 - loss: 0.8887 - acc: 0.6750
 672/3458 [====>.........................] - ETA: 2:16 - loss: 0.8895 - acc: 0.6726
 704/3458 [=====>........................] - ETA: 2:14 - loss: 0.8887 - acc: 0.6676
 736/3458 [=====>........................] - ETA: 2:13 - loss: 0.8823 - acc: 0.6685
 768/3458 [=====>........................] - ETA: 2:11 - loss: 0.8816 - acc: 0.6667
 800/3458 [=====>........................] - ETA: 2:09 - loss: 0.8803 - acc: 0.6662
 832/3458 [======>.......................] - ETA: 2:08 - loss: 0.8887 - acc: 0.6647
 864/3458 [======>.......................] - ETA: 2:06 - loss: 0.8827 - acc: 0.6678
 896/3458 [======>.......................] - ETA: 2:05 - loss: 0.8934 - acc: 0.6618
 928/3458 [=======>......................] - ETA: 2:03 - loss: 0.8864 - acc: 0.6649
 960/3458 [=======>......................] - ETA: 2:02 - loss: 0.8761 - acc: 0.6677
 992/3458 [=======>......................] - ETA: 2:00 - loss: 0.8765 - acc: 0.6683
1024/3458 [=======>......................] - ETA: 1:58 - loss: 0.8787 - acc: 0.6670
1056/3458 [========>.....................] - ETA: 1:57 - loss: 0.8803 - acc: 0.6657
1088/3458 [========>.....................] - ETA: 1:55 - loss: 0.8757 - acc: 0.6691
1120/3458 [========>.....................] - ETA: 1:54 - loss: 0.8700 - acc: 0.6714
1152/3458 [========>.....................] - ETA: 1:52 - loss: 0.8708 - acc: 0.6693
1184/3458 [=========>....................] - ETA: 1:51 - loss: 0.8669 - acc: 0.6706
1216/3458 [=========>....................] - ETA: 1:49 - loss: 0.8644 - acc: 0.6735
1248/3458 [=========>....................] - ETA: 1:48 - loss: 0.8587 - acc: 0.6755
1280/3458 [==========>...................] - ETA: 1:46 - loss: 0.8677 - acc: 0.6727
1312/3458 [==========>...................] - ETA: 1:44 - loss: 0.8683 - acc: 0.6723
1344/3458 [==========>...................] - ETA: 1:43 - loss: 0.8696 - acc: 0.6711
1376/3458 [==========>...................] - ETA: 1:41 - loss: 0.8683 - acc: 0.6708
1408/3458 [===========>..................] - ETA: 1:40 - loss: 0.8671 - acc: 0.6705
1440/3458 [===========>..................] - ETA: 1:38 - loss: 0.8659 - acc: 0.6729
1472/3458 [===========>..................] - ETA: 1:37 - loss: 0.8644 - acc: 0.6746
1504/3458 [============>.................] - ETA: 1:35 - loss: 0.8663 - acc: 0.6729
1536/3458 [============>.................] - ETA: 1:33 - loss: 0.8692 - acc: 0.6706
1568/3458 [============>.................] - ETA: 1:32 - loss: 0.8682 - acc: 0.6716
1600/3458 [============>.................] - ETA: 1:30 - loss: 0.8686 - acc: 0.6706
1632/3458 [=============>................] - ETA: 1:29 - loss: 0.8690 - acc: 0.6710
1664/3458 [=============>................] - ETA: 1:27 - loss: 0.8704 - acc: 0.6677
1696/3458 [=============>................] - ETA: 1:26 - loss: 0.8714 - acc: 0.6675
1728/3458 [=============>................] - ETA: 1:24 - loss: 0.8713 - acc: 0.6661
1760/3458 [==============>...............] - ETA: 1:22 - loss: 0.8696 - acc: 0.6670
1792/3458 [==============>...............] - ETA: 1:21 - loss: 0.8745 - acc: 0.6652
1824/3458 [==============>...............] - ETA: 1:19 - loss: 0.8784 - acc: 0.6628
1856/3458 [===============>..............] - ETA: 1:18 - loss: 0.8756 - acc: 0.6654
1888/3458 [===============>..............] - ETA: 1:16 - loss: 0.8744 - acc: 0.6679
1920/3458 [===============>..............] - ETA: 1:15 - loss: 0.8757 - acc: 0.6667
1952/3458 [===============>..............] - ETA: 1:13 - loss: 0.8767 - acc: 0.6680
1984/3458 [================>.............] - ETA: 1:12 - loss: 0.8789 - acc: 0.6673
2016/3458 [================>.............] - ETA: 1:10 - loss: 0.8821 - acc: 0.6637
2048/3458 [================>.............] - ETA: 1:09 - loss: 0.8813 - acc: 0.6631
2080/3458 [=================>............] - ETA: 1:07 - loss: 0.8834 - acc: 0.6635
2112/3458 [=================>............] - ETA: 1:05 - loss: 0.8791 - acc: 0.6657
2144/3458 [=================>............] - ETA: 1:04 - loss: 0.8790 - acc: 0.6646
2176/3458 [=================>............] - ETA: 1:02 - loss: 0.8823 - acc: 0.6627
2208/3458 [==================>...........] - ETA: 1:01 - loss: 0.8831 - acc: 0.6626
2240/3458 [==================>...........] - ETA: 59s - loss: 0.8868 - acc: 0.6616 
2272/3458 [==================>...........] - ETA: 58s - loss: 0.8877 - acc: 0.6611
2304/3458 [==================>...........] - ETA: 56s - loss: 0.8872 - acc: 0.6606
2336/3458 [===================>..........] - ETA: 54s - loss: 0.8864 - acc: 0.6618
2368/3458 [===================>..........] - ETA: 53s - loss: 0.8858 - acc: 0.6630
2400/3458 [===================>..........] - ETA: 51s - loss: 0.8847 - acc: 0.6642
2432/3458 [====================>.........] - ETA: 50s - loss: 0.8831 - acc: 0.6653
2464/3458 [====================>.........] - ETA: 48s - loss: 0.8815 - acc: 0.6656
2496/3458 [====================>.........] - ETA: 47s - loss: 0.8804 - acc: 0.6655
2528/3458 [====================>.........] - ETA: 45s - loss: 0.8790 - acc: 0.6650
2560/3458 [=====================>........] - ETA: 43s - loss: 0.8795 - acc: 0.6641
2592/3458 [=====================>........] - ETA: 42s - loss: 0.8777 - acc: 0.6651
2624/3458 [=====================>........] - ETA: 40s - loss: 0.8811 - acc: 0.6650
2656/3458 [======================>.......] - ETA: 39s - loss: 0.8807 - acc: 0.6645
2688/3458 [======================>.......] - ETA: 37s - loss: 0.8816 - acc: 0.6637
2720/3458 [======================>.......] - ETA: 36s - loss: 0.8800 - acc: 0.6647
2752/3458 [======================>.......] - ETA: 34s - loss: 0.8787 - acc: 0.6650
2784/3458 [=======================>......] - ETA: 32s - loss: 0.8801 - acc: 0.6649
2816/3458 [=======================>......] - ETA: 31s - loss: 0.8837 - acc: 0.6626
2848/3458 [=======================>......] - ETA: 29s - loss: 0.8835 - acc: 0.6622
2880/3458 [=======================>......] - ETA: 28s - loss: 0.8873 - acc: 0.6608
2912/3458 [========================>.....] - ETA: 26s - loss: 0.8872 - acc: 0.6611
2944/3458 [========================>.....] - ETA: 25s - loss: 0.8886 - acc: 0.6600
2976/3458 [========================>.....] - ETA: 23s - loss: 0.8892 - acc: 0.6606
3008/3458 [=========================>....] - ETA: 22s - loss: 0.8882 - acc: 0.6612
3040/3458 [=========================>....] - ETA: 20s - loss: 0.8878 - acc: 0.6618
3072/3458 [=========================>....] - ETA: 18s - loss: 0.8864 - acc: 0.6624
3104/3458 [=========================>....] - ETA: 17s - loss: 0.8829 - acc: 0.6640
3136/3458 [==========================>...] - ETA: 15s - loss: 0.8822 - acc: 0.6645
3168/3458 [==========================>...] - ETA: 14s - loss: 0.8840 - acc: 0.6629
3200/3458 [==========================>...] - ETA: 12s - loss: 0.8849 - acc: 0.6628
3232/3458 [===========================>..] - ETA: 11s - loss: 0.8835 - acc: 0.6631
3264/3458 [===========================>..] - ETA: 9s - loss: 0.8821 - acc: 0.6633 
3296/3458 [===========================>..] - ETA: 7s - loss: 0.8801 - acc: 0.6641
3328/3458 [===========================>..] - ETA: 6s - loss: 0.8803 - acc: 0.6641
3360/3458 [============================>.] - ETA: 4s - loss: 0.8811 - acc: 0.6637
3392/3458 [============================>.] - ETA: 3s - loss: 0.8820 - acc: 0.6630
3424/3458 [============================>.] - ETA: 1s - loss: 0.8833 - acc: 0.6621
3456/3458 [============================>.] - ETA: 0s - loss: 0.8843 - acc: 0.6609
3458/3458 [==============================] - 170s 49ms/sample - loss: 0.8845 - acc: 0.6608

 32/865 [>.............................] - ETA: 7s - loss: 0.8026 - acc: 0.6250
 64/865 [=>............................] - ETA: 7s - loss: 0.9620 - acc: 0.5312
 96/865 [==>...........................] - ETA: 6s - loss: 1.0401 - acc: 0.5417
128/865 [===>..........................] - ETA: 6s - loss: 1.1233 - acc: 0.5469
160/865 [====>.........................] - ETA: 6s - loss: 1.2162 - acc: 0.5437
192/865 [=====>........................] - ETA: 6s - loss: 1.2194 - acc: 0.5365
224/865 [======>.......................] - ETA: 5s - loss: 1.2227 - acc: 0.5446
256/865 [=======>......................] - ETA: 5s - loss: 1.2103 - acc: 0.5391
288/865 [========>.....................] - ETA: 5s - loss: 1.1945 - acc: 0.5382
320/865 [==========>...................] - ETA: 4s - loss: 1.1892 - acc: 0.5406
352/865 [===========>..................] - ETA: 4s - loss: 1.1792 - acc: 0.5426
384/865 [============>.................] - ETA: 4s - loss: 1.1607 - acc: 0.5443
416/865 [=============>................] - ETA: 3s - loss: 1.1548 - acc: 0.5457
448/865 [==============>...............] - ETA: 3s - loss: 1.1554 - acc: 0.5424
480/865 [===============>..............] - ETA: 3s - loss: 1.1539 - acc: 0.5521
512/865 [================>.............] - ETA: 3s - loss: 1.1477 - acc: 0.5488
544/865 [=================>............] - ETA: 2s - loss: 1.1506 - acc: 0.5496
576/865 [==================>...........] - ETA: 2s - loss: 1.1555 - acc: 0.5469
608/865 [====================>.........] - ETA: 2s - loss: 1.1610 - acc: 0.5444
640/865 [=====================>........] - ETA: 1s - loss: 1.1560 - acc: 0.5500
672/865 [======================>.......] - ETA: 1s - loss: 1.1498 - acc: 0.5506
704/865 [=======================>......] - ETA: 1s - loss: 1.1361 - acc: 0.5540
736/865 [========================>.....] - ETA: 1s - loss: 1.1308 - acc: 0.5557
768/865 [=========================>....] - ETA: 0s - loss: 1.1361 - acc: 0.5560
800/865 [==========================>...] - ETA: 0s - loss: 1.1354 - acc: 0.5537
832/865 [===========================>..] - ETA: 0s - loss: 1.1269 - acc: 0.5553
864/865 [============================>.] - ETA: 0s - loss: 1.1295 - acc: 0.5544
865/865 [==============================] - 8s 9ms/sample - loss: 1.1304 - acc: 0.5538

  32/3458 [..............................] - ETA: 2:45 - loss: 0.7538 - acc: 0.7812
  64/3458 [..............................] - ETA: 2:45 - loss: 0.7717 - acc: 0.7812
  96/3458 [..............................] - ETA: 2:42 - loss: 0.7355 - acc: 0.7812
 128/3458 [>.............................] - ETA: 2:41 - loss: 0.7806 - acc: 0.7656
 160/3458 [>.............................] - ETA: 2:40 - loss: 0.7937 - acc: 0.7812
 192/3458 [>.............................] - ETA: 2:39 - loss: 0.7972 - acc: 0.7656
 224/3458 [>.............................] - ETA: 2:37 - loss: 0.8000 - acc: 0.7545
 256/3458 [=>............................] - ETA: 2:36 - loss: 0.7967 - acc: 0.7578
 288/3458 [=>............................] - ETA: 2:35 - loss: 0.8007 - acc: 0.7500
 320/3458 [=>............................] - ETA: 2:33 - loss: 0.7948 - acc: 0.7469
 352/3458 [==>...........................] - ETA: 2:32 - loss: 0.7950 - acc: 0.7386
 384/3458 [==>...........................] - ETA: 2:30 - loss: 0.7963 - acc: 0.7318
 416/3458 [==>...........................] - ETA: 2:29 - loss: 0.7876 - acc: 0.7356
 448/3458 [==>...........................] - ETA: 2:27 - loss: 0.7761 - acc: 0.7344
 480/3458 [===>..........................] - ETA: 2:26 - loss: 0.7624 - acc: 0.7333
 512/3458 [===>..........................] - ETA: 2:24 - loss: 0.7594 - acc: 0.7305
 544/3458 [===>..........................] - ETA: 2:22 - loss: 0.7513 - acc: 0.7261
 576/3458 [===>..........................] - ETA: 2:21 - loss: 0.7478 - acc: 0.7292
 608/3458 [====>.........................] - ETA: 2:19 - loss: 0.7376 - acc: 0.7352
 640/3458 [====>.........................] - ETA: 2:18 - loss: 0.7257 - acc: 0.7391
 672/3458 [====>.........................] - ETA: 2:16 - loss: 0.7150 - acc: 0.7455
 704/3458 [=====>........................] - ETA: 2:14 - loss: 0.7120 - acc: 0.7443
 736/3458 [=====>........................] - ETA: 2:13 - loss: 0.7105 - acc: 0.7418
 768/3458 [=====>........................] - ETA: 2:11 - loss: 0.7093 - acc: 0.7435
 800/3458 [=====>........................] - ETA: 2:10 - loss: 0.7052 - acc: 0.7437
 832/3458 [======>.......................] - ETA: 2:08 - loss: 0.7071 - acc: 0.7416
 864/3458 [======>.......................] - ETA: 2:07 - loss: 0.7050 - acc: 0.7396
 896/3458 [======>.......................] - ETA: 2:05 - loss: 0.7006 - acc: 0.7422
 928/3458 [=======>......................] - ETA: 2:03 - loss: 0.6920 - acc: 0.7457
 960/3458 [=======>......................] - ETA: 2:02 - loss: 0.6880 - acc: 0.7490
 992/3458 [=======>......................] - ETA: 2:00 - loss: 0.6856 - acc: 0.7500
1024/3458 [=======>......................] - ETA: 1:59 - loss: 0.6806 - acc: 0.7529
1056/3458 [========>.....................] - ETA: 1:57 - loss: 0.6810 - acc: 0.7509
1088/3458 [========>.....................] - ETA: 1:56 - loss: 0.6767 - acc: 0.7546
1120/3458 [========>.....................] - ETA: 1:54 - loss: 0.6724 - acc: 0.7589
1152/3458 [========>.....................] - ETA: 1:52 - loss: 0.6692 - acc: 0.7604
1184/3458 [=========>....................] - ETA: 1:51 - loss: 0.6653 - acc: 0.7618
1216/3458 [=========>....................] - ETA: 1:49 - loss: 0.6653 - acc: 0.7623
1248/3458 [=========>....................] - ETA: 1:48 - loss: 0.6671 - acc: 0.7636
1280/3458 [==========>...................] - ETA: 1:46 - loss: 0.6646 - acc: 0.7625
1312/3458 [==========>...................] - ETA: 1:45 - loss: 0.6658 - acc: 0.7591
1344/3458 [==========>...................] - ETA: 1:43 - loss: 0.6673 - acc: 0.7574
1376/3458 [==========>...................] - ETA: 1:42 - loss: 0.6708 - acc: 0.7544
1408/3458 [===========>..................] - ETA: 1:40 - loss: 0.6676 - acc: 0.7550
1440/3458 [===========>..................] - ETA: 1:38 - loss: 0.6725 - acc: 0.7535
1472/3458 [===========>..................] - ETA: 1:37 - loss: 0.6652 - acc: 0.7568
1504/3458 [============>.................] - ETA: 1:35 - loss: 0.6624 - acc: 0.7580
1536/3458 [============>.................] - ETA: 1:34 - loss: 0.6623 - acc: 0.7578
1568/3458 [============>.................] - ETA: 1:32 - loss: 0.6629 - acc: 0.7577
1600/3458 [============>.................] - ETA: 1:31 - loss: 0.6592 - acc: 0.7594
1632/3458 [=============>................] - ETA: 1:29 - loss: 0.6567 - acc: 0.7610
1664/3458 [=============>................] - ETA: 1:27 - loss: 0.6559 - acc: 0.7626
1696/3458 [=============>................] - ETA: 1:26 - loss: 0.6568 - acc: 0.7612
1728/3458 [=============>................] - ETA: 1:24 - loss: 0.6550 - acc: 0.7622
1760/3458 [==============>...............] - ETA: 1:23 - loss: 0.6535 - acc: 0.7631
1792/3458 [==============>...............] - ETA: 1:21 - loss: 0.6525 - acc: 0.7640
1824/3458 [==============>...............] - ETA: 1:20 - loss: 0.6487 - acc: 0.7664
1856/3458 [===============>..............] - ETA: 1:18 - loss: 0.6453 - acc: 0.7667
1888/3458 [===============>..............] - ETA: 1:16 - loss: 0.6461 - acc: 0.7654
1920/3458 [===============>..............] - ETA: 1:15 - loss: 0.6469 - acc: 0.7646
1952/3458 [===============>..............] - ETA: 1:13 - loss: 0.6426 - acc: 0.7669
1984/3458 [================>.............] - ETA: 1:12 - loss: 0.6398 - acc: 0.7681
2016/3458 [================>.............] - ETA: 1:10 - loss: 0.6392 - acc: 0.7688
2048/3458 [================>.............] - ETA: 1:09 - loss: 0.6356 - acc: 0.7695
2080/3458 [=================>............] - ETA: 1:07 - loss: 0.6354 - acc: 0.7697
2112/3458 [=================>............] - ETA: 1:05 - loss: 0.6401 - acc: 0.7689
2144/3458 [=================>............] - ETA: 1:04 - loss: 0.6400 - acc: 0.7687
2176/3458 [=================>............] - ETA: 1:02 - loss: 0.6366 - acc: 0.7698
2208/3458 [==================>...........] - ETA: 1:01 - loss: 0.6358 - acc: 0.7686
2240/3458 [==================>...........] - ETA: 59s - loss: 0.6344 - acc: 0.7696 
2272/3458 [==================>...........] - ETA: 58s - loss: 0.6350 - acc: 0.7685
2304/3458 [==================>...........] - ETA: 56s - loss: 0.6378 - acc: 0.7661
2336/3458 [===================>..........] - ETA: 54s - loss: 0.6385 - acc: 0.7641
2368/3458 [===================>..........] - ETA: 53s - loss: 0.6389 - acc: 0.7644
2400/3458 [===================>..........] - ETA: 51s - loss: 0.6380 - acc: 0.7650
2432/3458 [====================>.........] - ETA: 50s - loss: 0.6379 - acc: 0.7648
2464/3458 [====================>.........] - ETA: 48s - loss: 0.6362 - acc: 0.7658
2496/3458 [====================>.........] - ETA: 47s - loss: 0.6384 - acc: 0.7656
2528/3458 [====================>.........] - ETA: 45s - loss: 0.6401 - acc: 0.7638
2560/3458 [=====================>........] - ETA: 43s - loss: 0.6402 - acc: 0.7629
2592/3458 [=====================>........] - ETA: 42s - loss: 0.6397 - acc: 0.7620
2624/3458 [=====================>........] - ETA: 40s - loss: 0.6401 - acc: 0.7630
2656/3458 [======================>.......] - ETA: 39s - loss: 0.6393 - acc: 0.7636
2688/3458 [======================>.......] - ETA: 37s - loss: 0.6382 - acc: 0.7641
2720/3458 [======================>.......] - ETA: 36s - loss: 0.6376 - acc: 0.7647
2752/3458 [======================>.......] - ETA: 34s - loss: 0.6363 - acc: 0.7645
2784/3458 [=======================>......] - ETA: 33s - loss: 0.6369 - acc: 0.7647
2816/3458 [=======================>......] - ETA: 31s - loss: 0.6360 - acc: 0.7653
2848/3458 [=======================>......] - ETA: 29s - loss: 0.6335 - acc: 0.7665
2880/3458 [=======================>......] - ETA: 28s - loss: 0.6372 - acc: 0.7642
2912/3458 [========================>.....] - ETA: 26s - loss: 0.6371 - acc: 0.7630
2944/3458 [========================>.....] - ETA: 25s - loss: 0.6372 - acc: 0.7632
2976/3458 [========================>.....] - ETA: 23s - loss: 0.6378 - acc: 0.7628
3008/3458 [=========================>....] - ETA: 22s - loss: 0.6414 - acc: 0.7606
3040/3458 [=========================>....] - ETA: 20s - loss: 0.6413 - acc: 0.7609
3072/3458 [=========================>....] - ETA: 18s - loss: 0.6424 - acc: 0.7611
3104/3458 [=========================>....] - ETA: 17s - loss: 0.6414 - acc: 0.7613
3136/3458 [==========================>...] - ETA: 15s - loss: 0.6406 - acc: 0.7621
3168/3458 [==========================>...] - ETA: 14s - loss: 0.6409 - acc: 0.7626
3200/3458 [==========================>...] - ETA: 12s - loss: 0.6414 - acc: 0.7622
3232/3458 [===========================>..] - ETA: 11s - loss: 0.6414 - acc: 0.7618
3264/3458 [===========================>..] - ETA: 9s - loss: 0.6416 - acc: 0.7616 
3296/3458 [===========================>..] - ETA: 7s - loss: 0.6443 - acc: 0.7606
3328/3458 [===========================>..] - ETA: 6s - loss: 0.6441 - acc: 0.7605
3360/3458 [============================>.] - ETA: 4s - loss: 0.6459 - acc: 0.7604
3392/3458 [============================>.] - ETA: 3s - loss: 0.6455 - acc: 0.7603
3424/3458 [============================>.] - ETA: 1s - loss: 0.6427 - acc: 0.7620
3456/3458 [============================>.] - ETA: 0s - loss: 0.6433 - acc: 0.7610
3458/3458 [==============================] - 170s 49ms/sample - loss: 0.6430 - acc: 0.7611

 32/865 [>.............................] - ETA: 7s - loss: 0.7729 - acc: 0.6875
 64/865 [=>............................] - ETA: 7s - loss: 0.9264 - acc: 0.6250
 96/865 [==>...........................] - ETA: 7s - loss: 1.0235 - acc: 0.6146
128/865 [===>..........................] - ETA: 6s - loss: 1.1417 - acc: 0.6250
160/865 [====>.........................] - ETA: 6s - loss: 1.1918 - acc: 0.6125
192/865 [=====>........................] - ETA: 6s - loss: 1.1888 - acc: 0.5990
224/865 [======>.......................] - ETA: 5s - loss: 1.1845 - acc: 0.5982
256/865 [=======>......................] - ETA: 5s - loss: 1.1854 - acc: 0.5898
288/865 [========>.....................] - ETA: 5s - loss: 1.1627 - acc: 0.5868
320/865 [==========>...................] - ETA: 4s - loss: 1.1403 - acc: 0.5938
352/865 [===========>..................] - ETA: 4s - loss: 1.1333 - acc: 0.5881
384/865 [============>.................] - ETA: 4s - loss: 1.1122 - acc: 0.5938
416/865 [=============>................] - ETA: 4s - loss: 1.1098 - acc: 0.5938
448/865 [==============>...............] - ETA: 3s - loss: 1.1054 - acc: 0.5938
480/865 [===============>..............] - ETA: 3s - loss: 1.1133 - acc: 0.5958
512/865 [================>.............] - ETA: 3s - loss: 1.1102 - acc: 0.5957
544/865 [=================>............] - ETA: 2s - loss: 1.1273 - acc: 0.5882
576/865 [==================>...........] - ETA: 2s - loss: 1.1385 - acc: 0.5938
608/865 [====================>.........] - ETA: 2s - loss: 1.1426 - acc: 0.5905
640/865 [=====================>........] - ETA: 2s - loss: 1.1334 - acc: 0.5938
672/865 [======================>.......] - ETA: 1s - loss: 1.1234 - acc: 0.5967
704/865 [=======================>......] - ETA: 1s - loss: 1.1081 - acc: 0.5980
736/865 [========================>.....] - ETA: 1s - loss: 1.1021 - acc: 0.5992
768/865 [=========================>....] - ETA: 0s - loss: 1.1153 - acc: 0.6016
800/865 [==========================>...] - ETA: 0s - loss: 1.1168 - acc: 0.5962
832/865 [===========================>..] - ETA: 0s - loss: 1.1065 - acc: 0.5986
864/865 [============================>.] - ETA: 0s - loss: 1.1117 - acc: 0.5995
865/865 [==============================] - 8s 9ms/sample - loss: 1.1126 - acc: 0.5988
