For Dropout_1=0.8 Dropout_2=0.2
daisy loaded
dandelion loaded
rose loaded
sunflower loaded
tulip loaded

  32/3458 [..............................] - ETA: 3:13 - loss: 1.5711 - acc: 0.2500
  64/3458 [..............................] - ETA: 2:59 - loss: 6.4791 - acc: 0.2500
  96/3458 [..............................] - ETA: 2:54 - loss: 10.8409 - acc: 0.2500
 128/3458 [>.............................] - ETA: 2:50 - loss: 11.7634 - acc: 0.2578
 160/3458 [>.............................] - ETA: 2:47 - loss: 10.2934 - acc: 0.2375
 192/3458 [>.............................] - ETA: 2:45 - loss: 8.8756 - acc: 0.2448 
 224/3458 [>.............................] - ETA: 2:43 - loss: 7.8321 - acc: 0.2589
 256/3458 [=>............................] - ETA: 2:41 - loss: 7.0465 - acc: 0.2500
 288/3458 [=>............................] - ETA: 2:38 - loss: 6.4446 - acc: 0.2396
 320/3458 [=>............................] - ETA: 2:37 - loss: 5.9517 - acc: 0.2375
 352/3458 [==>...........................] - ETA: 2:35 - loss: 5.5490 - acc: 0.2585
 384/3458 [==>...........................] - ETA: 2:33 - loss: 5.2113 - acc: 0.2682
 416/3458 [==>...........................] - ETA: 2:31 - loss: 4.9200 - acc: 0.2788
 448/3458 [==>...........................] - ETA: 2:30 - loss: 4.7035 - acc: 0.2812
 480/3458 [===>..........................] - ETA: 2:29 - loss: 4.4903 - acc: 0.2854
 512/3458 [===>..........................] - ETA: 2:27 - loss: 4.3031 - acc: 0.2852
 544/3458 [===>..........................] - ETA: 2:25 - loss: 4.1345 - acc: 0.2886
 576/3458 [===>..........................] - ETA: 2:23 - loss: 3.9938 - acc: 0.2795
 608/3458 [====>.........................] - ETA: 2:22 - loss: 3.8627 - acc: 0.2796
 640/3458 [====>.........................] - ETA: 2:20 - loss: 3.7414 - acc: 0.2875
 672/3458 [====>.........................] - ETA: 2:18 - loss: 3.6308 - acc: 0.2917
 704/3458 [=====>........................] - ETA: 2:17 - loss: 3.5284 - acc: 0.2940
 736/3458 [=====>........................] - ETA: 2:15 - loss: 3.4326 - acc: 0.2962
 768/3458 [=====>........................] - ETA: 2:13 - loss: 3.3442 - acc: 0.3047
 800/3458 [=====>........................] - ETA: 2:12 - loss: 3.2662 - acc: 0.3063
 832/3458 [======>.......................] - ETA: 2:10 - loss: 3.1860 - acc: 0.3161
 864/3458 [======>.......................] - ETA: 2:08 - loss: 3.1166 - acc: 0.3194
 896/3458 [======>.......................] - ETA: 2:07 - loss: 3.0531 - acc: 0.3203
 928/3458 [=======>......................] - ETA: 2:05 - loss: 2.9999 - acc: 0.3200
 960/3458 [=======>......................] - ETA: 2:04 - loss: 2.9456 - acc: 0.3240
 992/3458 [=======>......................] - ETA: 2:02 - loss: 2.8854 - acc: 0.3266
1024/3458 [=======>......................] - ETA: 2:00 - loss: 2.8445 - acc: 0.3262
1056/3458 [========>.....................] - ETA: 1:59 - loss: 2.7957 - acc: 0.3295
1088/3458 [========>.....................] - ETA: 1:57 - loss: 2.7515 - acc: 0.3327
1120/3458 [========>.....................] - ETA: 1:55 - loss: 2.7155 - acc: 0.3366
1152/3458 [========>.....................] - ETA: 1:54 - loss: 2.6795 - acc: 0.3377
1184/3458 [=========>....................] - ETA: 1:52 - loss: 2.6433 - acc: 0.3404
1216/3458 [=========>....................] - ETA: 1:51 - loss: 2.6049 - acc: 0.3429
1248/3458 [=========>....................] - ETA: 1:49 - loss: 2.5739 - acc: 0.3438
1280/3458 [==========>...................] - ETA: 1:48 - loss: 2.5459 - acc: 0.3453
1312/3458 [==========>...................] - ETA: 1:46 - loss: 2.5203 - acc: 0.3445
1344/3458 [==========>...................] - ETA: 1:44 - loss: 2.4900 - acc: 0.3430
1376/3458 [==========>...................] - ETA: 1:43 - loss: 2.4616 - acc: 0.3467
1408/3458 [===========>..................] - ETA: 1:41 - loss: 2.4341 - acc: 0.3501
1440/3458 [===========>..................] - ETA: 1:39 - loss: 2.4087 - acc: 0.3514
1472/3458 [===========>..................] - ETA: 1:38 - loss: 2.3853 - acc: 0.3533
1504/3458 [============>.................] - ETA: 1:36 - loss: 2.3700 - acc: 0.3517
1536/3458 [============>.................] - ETA: 1:35 - loss: 2.3549 - acc: 0.3529
1568/3458 [============>.................] - ETA: 1:33 - loss: 2.3322 - acc: 0.3546
1600/3458 [============>.................] - ETA: 1:32 - loss: 2.3169 - acc: 0.3525
1632/3458 [=============>................] - ETA: 1:30 - loss: 2.3009 - acc: 0.3548
1664/3458 [=============>................] - ETA: 1:28 - loss: 2.2826 - acc: 0.3558
1696/3458 [=============>................] - ETA: 1:27 - loss: 2.2661 - acc: 0.3567
1728/3458 [=============>................] - ETA: 1:25 - loss: 2.2502 - acc: 0.3559
1760/3458 [==============>...............] - ETA: 1:24 - loss: 2.2340 - acc: 0.3602
1792/3458 [==============>...............] - ETA: 1:22 - loss: 2.2172 - acc: 0.3661
1824/3458 [==============>...............] - ETA: 1:20 - loss: 2.2036 - acc: 0.3662
1856/3458 [===============>..............] - ETA: 1:19 - loss: 2.1879 - acc: 0.3680
1888/3458 [===============>..............] - ETA: 1:17 - loss: 2.1815 - acc: 0.3686
1920/3458 [===============>..............] - ETA: 1:16 - loss: 2.1652 - acc: 0.3693
1952/3458 [===============>..............] - ETA: 1:14 - loss: 2.1527 - acc: 0.3683
1984/3458 [================>.............] - ETA: 1:12 - loss: 2.1412 - acc: 0.3690
2016/3458 [================>.............] - ETA: 1:11 - loss: 2.1295 - acc: 0.3700
2048/3458 [================>.............] - ETA: 1:09 - loss: 2.1186 - acc: 0.3706
2080/3458 [=================>............] - ETA: 1:08 - loss: 2.1119 - acc: 0.3726
2112/3458 [=================>............] - ETA: 1:06 - loss: 2.0972 - acc: 0.3755
2144/3458 [=================>............] - ETA: 1:05 - loss: 2.0886 - acc: 0.3769
2176/3458 [=================>............] - ETA: 1:03 - loss: 2.0768 - acc: 0.3773
2208/3458 [==================>...........] - ETA: 1:01 - loss: 2.0652 - acc: 0.3804
2240/3458 [==================>...........] - ETA: 1:00 - loss: 2.0535 - acc: 0.3808
2272/3458 [==================>...........] - ETA: 58s - loss: 2.0421 - acc: 0.3816 
2304/3458 [==================>...........] - ETA: 57s - loss: 2.0307 - acc: 0.3824
2336/3458 [===================>..........] - ETA: 55s - loss: 2.0209 - acc: 0.3827
2368/3458 [===================>..........] - ETA: 53s - loss: 2.0117 - acc: 0.3839
2400/3458 [===================>..........] - ETA: 52s - loss: 1.9993 - acc: 0.3854
2432/3458 [====================>.........] - ETA: 50s - loss: 1.9871 - acc: 0.3877
2464/3458 [====================>.........] - ETA: 49s - loss: 1.9754 - acc: 0.3900
2496/3458 [====================>.........] - ETA: 47s - loss: 1.9664 - acc: 0.3914
2528/3458 [====================>.........] - ETA: 45s - loss: 1.9534 - acc: 0.3940
2560/3458 [=====================>........] - ETA: 44s - loss: 1.9441 - acc: 0.3957
2592/3458 [=====================>........] - ETA: 42s - loss: 1.9359 - acc: 0.3970
2624/3458 [=====================>........] - ETA: 41s - loss: 1.9305 - acc: 0.3967
2656/3458 [======================>.......] - ETA: 39s - loss: 1.9228 - acc: 0.3965
2688/3458 [======================>.......] - ETA: 38s - loss: 1.9140 - acc: 0.3984
2720/3458 [======================>.......] - ETA: 36s - loss: 1.9054 - acc: 0.3993
2752/3458 [======================>.......] - ETA: 34s - loss: 1.8967 - acc: 0.4015
2784/3458 [=======================>......] - ETA: 33s - loss: 1.8887 - acc: 0.4034
2816/3458 [=======================>......] - ETA: 31s - loss: 1.8807 - acc: 0.4055
2848/3458 [=======================>......] - ETA: 30s - loss: 1.8738 - acc: 0.4066
2880/3458 [=======================>......] - ETA: 28s - loss: 1.8677 - acc: 0.4069
2912/3458 [========================>.....] - ETA: 26s - loss: 1.8609 - acc: 0.4080
2944/3458 [========================>.....] - ETA: 25s - loss: 1.8542 - acc: 0.4079
2976/3458 [========================>.....] - ETA: 23s - loss: 1.8483 - acc: 0.4089
3008/3458 [=========================>....] - ETA: 22s - loss: 1.8409 - acc: 0.4102
3040/3458 [=========================>....] - ETA: 20s - loss: 1.8350 - acc: 0.4122
3072/3458 [=========================>....] - ETA: 19s - loss: 1.8304 - acc: 0.4108
3104/3458 [=========================>....] - ETA: 17s - loss: 1.8238 - acc: 0.4111
3136/3458 [==========================>...] - ETA: 15s - loss: 1.8191 - acc: 0.4107
3168/3458 [==========================>...] - ETA: 14s - loss: 1.8113 - acc: 0.4116
3200/3458 [==========================>...] - ETA: 12s - loss: 1.8054 - acc: 0.4116
3232/3458 [===========================>..] - ETA: 11s - loss: 1.8030 - acc: 0.4121
3264/3458 [===========================>..] - ETA: 9s - loss: 1.7965 - acc: 0.4130 
3296/3458 [===========================>..] - ETA: 8s - loss: 1.7909 - acc: 0.4135
3328/3458 [===========================>..] - ETA: 6s - loss: 1.7876 - acc: 0.4147
3360/3458 [============================>.] - ETA: 4s - loss: 1.7800 - acc: 0.4170
3392/3458 [============================>.] - ETA: 3s - loss: 1.7730 - acc: 0.4186
3424/3458 [============================>.] - ETA: 1s - loss: 1.7683 - acc: 0.4200
3456/3458 [============================>.] - ETA: 0s - loss: 1.7614 - acc: 0.4219
3458/3458 [==============================] - 172s 50ms/sample - loss: 1.7607 - acc: 0.4222

 32/865 [>.............................] - ETA: 7s - loss: 1.5143 - acc: 0.4062
 64/865 [=>............................] - ETA: 7s - loss: 1.4439 - acc: 0.4531
 96/865 [==>...........................] - ETA: 7s - loss: 1.3749 - acc: 0.4583
128/865 [===>..........................] - ETA: 6s - loss: 1.3317 - acc: 0.4922
160/865 [====>.........................] - ETA: 6s - loss: 1.2980 - acc: 0.5000
192/865 [=====>........................] - ETA: 6s - loss: 1.3529 - acc: 0.4688
224/865 [======>.......................] - ETA: 5s - loss: 1.3817 - acc: 0.4643
256/865 [=======>......................] - ETA: 5s - loss: 1.3857 - acc: 0.4727
288/865 [========>.....................] - ETA: 5s - loss: 1.3984 - acc: 0.4618
320/865 [==========>...................] - ETA: 4s - loss: 1.3568 - acc: 0.4719
352/865 [===========>..................] - ETA: 4s - loss: 1.3998 - acc: 0.4631
384/865 [============>.................] - ETA: 4s - loss: 1.3865 - acc: 0.4766
416/865 [=============>................] - ETA: 4s - loss: 1.3614 - acc: 0.4784
448/865 [==============>...............] - ETA: 3s - loss: 1.3557 - acc: 0.4866
480/865 [===============>..............] - ETA: 3s - loss: 1.3782 - acc: 0.4958
512/865 [================>.............] - ETA: 3s - loss: 1.3636 - acc: 0.4980
544/865 [=================>............] - ETA: 2s - loss: 1.3413 - acc: 0.5018
576/865 [==================>...........] - ETA: 2s - loss: 1.3317 - acc: 0.5017
608/865 [====================>.........] - ETA: 2s - loss: 1.3264 - acc: 0.4951
640/865 [=====================>........] - ETA: 2s - loss: 1.3187 - acc: 0.4906
672/865 [======================>.......] - ETA: 1s - loss: 1.3278 - acc: 0.4881
704/865 [=======================>......] - ETA: 1s - loss: 1.3271 - acc: 0.4872
736/865 [========================>.....] - ETA: 1s - loss: 1.3211 - acc: 0.4905
768/865 [=========================>....] - ETA: 0s - loss: 1.3061 - acc: 0.4974
800/865 [==========================>...] - ETA: 0s - loss: 1.2949 - acc: 0.4988
832/865 [===========================>..] - ETA: 0s - loss: 1.3040 - acc: 0.5000
864/865 [============================>.] - ETA: 0s - loss: 1.2967 - acc: 0.5035
865/865 [==============================] - 8s 9ms/sample - loss: 1.2956 - acc: 0.5040

  32/3458 [..............................] - ETA: 2:47 - loss: 1.2067 - acc: 0.5312
  64/3458 [..............................] - ETA: 2:46 - loss: 1.3218 - acc: 0.4375
  96/3458 [..............................] - ETA: 2:44 - loss: 1.2822 - acc: 0.4688
 128/3458 [>.............................] - ETA: 2:42 - loss: 1.2959 - acc: 0.4609
 160/3458 [>.............................] - ETA: 2:41 - loss: 1.3283 - acc: 0.4688
 192/3458 [>.............................] - ETA: 2:40 - loss: 1.3153 - acc: 0.4635
 224/3458 [>.............................] - ETA: 2:38 - loss: 1.2882 - acc: 0.4821
 256/3458 [=>............................] - ETA: 2:37 - loss: 1.2839 - acc: 0.4727
 288/3458 [=>............................] - ETA: 2:36 - loss: 1.2519 - acc: 0.4688
 320/3458 [=>............................] - ETA: 2:34 - loss: 1.2520 - acc: 0.4719
 352/3458 [==>...........................] - ETA: 2:33 - loss: 1.2488 - acc: 0.4773
 384/3458 [==>...........................] - ETA: 2:31 - loss: 1.2206 - acc: 0.4922
 416/3458 [==>...........................] - ETA: 2:29 - loss: 1.2395 - acc: 0.4832
 448/3458 [==>...........................] - ETA: 2:28 - loss: 1.2284 - acc: 0.4955
 480/3458 [===>..........................] - ETA: 2:26 - loss: 1.2265 - acc: 0.4917
 512/3458 [===>..........................] - ETA: 2:25 - loss: 1.2256 - acc: 0.4922
 544/3458 [===>..........................] - ETA: 2:23 - loss: 1.2331 - acc: 0.4871
 576/3458 [===>..........................] - ETA: 2:22 - loss: 1.2263 - acc: 0.4878
 608/3458 [====>.........................] - ETA: 2:20 - loss: 1.2311 - acc: 0.4704
 640/3458 [====>.........................] - ETA: 2:18 - loss: 1.2346 - acc: 0.4703
 672/3458 [====>.........................] - ETA: 2:17 - loss: 1.2234 - acc: 0.4777
 704/3458 [=====>........................] - ETA: 2:15 - loss: 1.2168 - acc: 0.4801
 736/3458 [=====>........................] - ETA: 2:13 - loss: 1.2176 - acc: 0.4755
 768/3458 [=====>........................] - ETA: 2:12 - loss: 1.2160 - acc: 0.4701
 800/3458 [=====>........................] - ETA: 2:10 - loss: 1.2060 - acc: 0.4787
 832/3458 [======>.......................] - ETA: 2:09 - loss: 1.2021 - acc: 0.4820
 864/3458 [======>.......................] - ETA: 2:07 - loss: 1.2284 - acc: 0.4792
 896/3458 [======>.......................] - ETA: 2:05 - loss: 1.2209 - acc: 0.4810
 928/3458 [=======>......................] - ETA: 2:04 - loss: 1.2124 - acc: 0.4860
 960/3458 [=======>......................] - ETA: 2:02 - loss: 1.2046 - acc: 0.4906
 992/3458 [=======>......................] - ETA: 2:01 - loss: 1.2011 - acc: 0.4909
1024/3458 [=======>......................] - ETA: 1:59 - loss: 1.2026 - acc: 0.4912
1056/3458 [========>.....................] - ETA: 1:58 - loss: 1.2032 - acc: 0.4896
1088/3458 [========>.....................] - ETA: 1:56 - loss: 1.1967 - acc: 0.4908
1120/3458 [========>.....................] - ETA: 1:55 - loss: 1.1975 - acc: 0.4884
1152/3458 [========>.....................] - ETA: 1:53 - loss: 1.1983 - acc: 0.4878
1184/3458 [=========>....................] - ETA: 1:51 - loss: 1.1888 - acc: 0.4941
1216/3458 [=========>....................] - ETA: 1:50 - loss: 1.1851 - acc: 0.4951
1248/3458 [=========>....................] - ETA: 1:48 - loss: 1.1845 - acc: 0.4944
1280/3458 [==========>...................] - ETA: 1:47 - loss: 1.1853 - acc: 0.4961
1312/3458 [==========>...................] - ETA: 1:45 - loss: 1.1887 - acc: 0.4992
1344/3458 [==========>...................] - ETA: 1:44 - loss: 1.1880 - acc: 0.4963
1376/3458 [==========>...................] - ETA: 1:42 - loss: 1.1827 - acc: 0.4985
1408/3458 [===========>..................] - ETA: 1:40 - loss: 1.1809 - acc: 0.5007
1440/3458 [===========>..................] - ETA: 1:39 - loss: 1.1751 - acc: 0.5063
1472/3458 [===========>..................] - ETA: 1:37 - loss: 1.1732 - acc: 0.5088
1504/3458 [============>.................] - ETA: 1:36 - loss: 1.1784 - acc: 0.5053
1536/3458 [============>.................] - ETA: 1:34 - loss: 1.1739 - acc: 0.5104
1568/3458 [============>.................] - ETA: 1:32 - loss: 1.1753 - acc: 0.5128
1600/3458 [============>.................] - ETA: 1:31 - loss: 1.1724 - acc: 0.5150
1632/3458 [=============>................] - ETA: 1:29 - loss: 1.1694 - acc: 0.5165
1664/3458 [=============>................] - ETA: 1:28 - loss: 1.1658 - acc: 0.5192
1696/3458 [=============>................] - ETA: 1:26 - loss: 1.1560 - acc: 0.5242
1728/3458 [=============>................] - ETA: 1:25 - loss: 1.1599 - acc: 0.5231
1760/3458 [==============>...............] - ETA: 1:23 - loss: 1.1587 - acc: 0.5239
1792/3458 [==============>...............] - ETA: 1:21 - loss: 1.1613 - acc: 0.5223
1824/3458 [==============>...............] - ETA: 1:20 - loss: 1.1642 - acc: 0.5208
1856/3458 [===============>..............] - ETA: 1:18 - loss: 1.1613 - acc: 0.5232
1888/3458 [===============>..............] - ETA: 1:17 - loss: 1.1621 - acc: 0.5212
1920/3458 [===============>..............] - ETA: 1:15 - loss: 1.1647 - acc: 0.5203
1952/3458 [===============>..............] - ETA: 1:14 - loss: 1.1608 - acc: 0.5215
1984/3458 [================>.............] - ETA: 1:12 - loss: 1.1567 - acc: 0.5237
2016/3458 [================>.............] - ETA: 1:10 - loss: 1.1535 - acc: 0.5248
2048/3458 [================>.............] - ETA: 1:09 - loss: 1.1561 - acc: 0.5254
2080/3458 [=================>............] - ETA: 1:07 - loss: 1.1580 - acc: 0.5245
2112/3458 [=================>............] - ETA: 1:06 - loss: 1.1591 - acc: 0.5260
2144/3458 [=================>............] - ETA: 1:04 - loss: 1.1605 - acc: 0.5247
2176/3458 [=================>............] - ETA: 1:03 - loss: 1.1600 - acc: 0.5248
2208/3458 [==================>...........] - ETA: 1:01 - loss: 1.1613 - acc: 0.5249
2240/3458 [==================>...........] - ETA: 59s - loss: 1.1609 - acc: 0.5259 
2272/3458 [==================>...........] - ETA: 58s - loss: 1.1648 - acc: 0.5242
2304/3458 [==================>...........] - ETA: 56s - loss: 1.1618 - acc: 0.5247
2336/3458 [===================>..........] - ETA: 55s - loss: 1.1646 - acc: 0.5223
2368/3458 [===================>..........] - ETA: 53s - loss: 1.1623 - acc: 0.5224
2400/3458 [===================>..........] - ETA: 52s - loss: 1.1610 - acc: 0.5221
2432/3458 [====================>.........] - ETA: 50s - loss: 1.1590 - acc: 0.5230
2464/3458 [====================>.........] - ETA: 48s - loss: 1.1557 - acc: 0.5256
2496/3458 [====================>.........] - ETA: 47s - loss: 1.1549 - acc: 0.5264
2528/3458 [====================>.........] - ETA: 45s - loss: 1.1543 - acc: 0.5265
2560/3458 [=====================>........] - ETA: 44s - loss: 1.1545 - acc: 0.5277
2592/3458 [=====================>........] - ETA: 42s - loss: 1.1550 - acc: 0.5274
2624/3458 [=====================>........] - ETA: 41s - loss: 1.1543 - acc: 0.5274
2656/3458 [======================>.......] - ETA: 39s - loss: 1.1568 - acc: 0.5279
2688/3458 [======================>.......] - ETA: 37s - loss: 1.1551 - acc: 0.5279
2720/3458 [======================>.......] - ETA: 36s - loss: 1.1568 - acc: 0.5268
2752/3458 [======================>.......] - ETA: 34s - loss: 1.1530 - acc: 0.5291
2784/3458 [=======================>......] - ETA: 33s - loss: 1.1512 - acc: 0.5287
2816/3458 [=======================>......] - ETA: 31s - loss: 1.1506 - acc: 0.5288
2848/3458 [=======================>......] - ETA: 30s - loss: 1.1499 - acc: 0.5291
2880/3458 [=======================>......] - ETA: 28s - loss: 1.1525 - acc: 0.5274
2912/3458 [========================>.....] - ETA: 26s - loss: 1.1519 - acc: 0.5292
2944/3458 [========================>.....] - ETA: 25s - loss: 1.1513 - acc: 0.5292
2976/3458 [========================>.....] - ETA: 23s - loss: 1.1500 - acc: 0.5306
3008/3458 [=========================>....] - ETA: 22s - loss: 1.1533 - acc: 0.5289
3040/3458 [=========================>....] - ETA: 20s - loss: 1.1533 - acc: 0.5293
3072/3458 [=========================>....] - ETA: 18s - loss: 1.1554 - acc: 0.5283
3104/3458 [=========================>....] - ETA: 17s - loss: 1.1581 - acc: 0.5274
3136/3458 [==========================>...] - ETA: 15s - loss: 1.1604 - acc: 0.5265
3168/3458 [==========================>...] - ETA: 14s - loss: 1.1615 - acc: 0.5262
3200/3458 [==========================>...] - ETA: 12s - loss: 1.1625 - acc: 0.5253
3232/3458 [===========================>..] - ETA: 11s - loss: 1.1631 - acc: 0.5257
3264/3458 [===========================>..] - ETA: 9s - loss: 1.1637 - acc: 0.5254 
3296/3458 [===========================>..] - ETA: 7s - loss: 1.1621 - acc: 0.5258
3328/3458 [===========================>..] - ETA: 6s - loss: 1.1599 - acc: 0.5270
3360/3458 [============================>.] - ETA: 4s - loss: 1.1578 - acc: 0.5277
3392/3458 [============================>.] - ETA: 3s - loss: 1.1589 - acc: 0.5274
3424/3458 [============================>.] - ETA: 1s - loss: 1.1609 - acc: 0.5260
3456/3458 [============================>.] - ETA: 0s - loss: 1.1585 - acc: 0.5266
3458/3458 [==============================] - 171s 49ms/sample - loss: 1.1587 - acc: 0.5263

 32/865 [>.............................] - ETA: 7s - loss: 1.2315 - acc: 0.4688
 64/865 [=>............................] - ETA: 7s - loss: 1.2045 - acc: 0.5156
 96/865 [==>...........................] - ETA: 6s - loss: 1.1254 - acc: 0.5312
128/865 [===>..........................] - ETA: 6s - loss: 1.0975 - acc: 0.5625
160/865 [====>.........................] - ETA: 6s - loss: 1.0799 - acc: 0.5813
192/865 [=====>........................] - ETA: 6s - loss: 1.1013 - acc: 0.5833
224/865 [======>.......................] - ETA: 5s - loss: 1.1259 - acc: 0.5491
256/865 [=======>......................] - ETA: 5s - loss: 1.1399 - acc: 0.5391
288/865 [========>.....................] - ETA: 5s - loss: 1.1494 - acc: 0.5278
320/865 [==========>...................] - ETA: 4s - loss: 1.1239 - acc: 0.5312
352/865 [===========>..................] - ETA: 4s - loss: 1.1465 - acc: 0.5256
384/865 [============>.................] - ETA: 4s - loss: 1.1236 - acc: 0.5443
416/865 [=============>................] - ETA: 4s - loss: 1.1106 - acc: 0.5457
448/865 [==============>...............] - ETA: 3s - loss: 1.1151 - acc: 0.5491
480/865 [===============>..............] - ETA: 3s - loss: 1.1193 - acc: 0.5583
512/865 [================>.............] - ETA: 3s - loss: 1.1156 - acc: 0.5586
544/865 [=================>............] - ETA: 2s - loss: 1.1103 - acc: 0.5551
576/865 [==================>...........] - ETA: 2s - loss: 1.1074 - acc: 0.5590
608/865 [====================>.........] - ETA: 2s - loss: 1.1056 - acc: 0.5559
640/865 [=====================>........] - ETA: 2s - loss: 1.1045 - acc: 0.5547
672/865 [======================>.......] - ETA: 1s - loss: 1.1155 - acc: 0.5521
704/865 [=======================>......] - ETA: 1s - loss: 1.1146 - acc: 0.5497
736/865 [========================>.....] - ETA: 1s - loss: 1.1116 - acc: 0.5543
768/865 [=========================>....] - ETA: 0s - loss: 1.1035 - acc: 0.5560
800/865 [==========================>...] - ETA: 0s - loss: 1.0991 - acc: 0.5575
832/865 [===========================>..] - ETA: 0s - loss: 1.1015 - acc: 0.5553
864/865 [============================>.] - ETA: 0s - loss: 1.1023 - acc: 0.5556
865/865 [==============================] - 8s 9ms/sample - loss: 1.1014 - acc: 0.5561

  32/3458 [..............................] - ETA: 2:48 - loss: 0.7769 - acc: 0.6875
  64/3458 [..............................] - ETA: 2:47 - loss: 0.9346 - acc: 0.6406
  96/3458 [..............................] - ETA: 2:45 - loss: 1.0234 - acc: 0.5938
 128/3458 [>.............................] - ETA: 2:44 - loss: 1.0852 - acc: 0.5547
 160/3458 [>.............................] - ETA: 2:42 - loss: 1.1621 - acc: 0.5188
 192/3458 [>.............................] - ETA: 2:40 - loss: 1.1392 - acc: 0.5365
 224/3458 [>.............................] - ETA: 2:39 - loss: 1.1261 - acc: 0.5402
 256/3458 [=>............................] - ETA: 2:37 - loss: 1.1143 - acc: 0.5430
 288/3458 [=>............................] - ETA: 2:36 - loss: 1.1189 - acc: 0.5417
 320/3458 [=>............................] - ETA: 2:35 - loss: 1.1165 - acc: 0.5344
 352/3458 [==>...........................] - ETA: 2:33 - loss: 1.1235 - acc: 0.5341
 384/3458 [==>...........................] - ETA: 2:31 - loss: 1.1442 - acc: 0.5260
 416/3458 [==>...........................] - ETA: 2:30 - loss: 1.1376 - acc: 0.5361
 448/3458 [==>...........................] - ETA: 2:28 - loss: 1.1295 - acc: 0.5312
 480/3458 [===>..........................] - ETA: 2:26 - loss: 1.1296 - acc: 0.5250
 512/3458 [===>..........................] - ETA: 2:25 - loss: 1.1220 - acc: 0.5254
 544/3458 [===>..........................] - ETA: 2:23 - loss: 1.1102 - acc: 0.5257
 576/3458 [===>..........................] - ETA: 2:22 - loss: 1.1107 - acc: 0.5208
 608/3458 [====>.........................] - ETA: 2:20 - loss: 1.1064 - acc: 0.5214
 640/3458 [====>.........................] - ETA: 2:19 - loss: 1.1194 - acc: 0.5188
 672/3458 [====>.........................] - ETA: 2:17 - loss: 1.1162 - acc: 0.5193
 704/3458 [=====>........................] - ETA: 2:15 - loss: 1.1177 - acc: 0.5241
 736/3458 [=====>........................] - ETA: 2:14 - loss: 1.1316 - acc: 0.5231
 768/3458 [=====>........................] - ETA: 2:12 - loss: 1.1355 - acc: 0.5208
 800/3458 [=====>........................] - ETA: 2:11 - loss: 1.1357 - acc: 0.5213
 832/3458 [======>.......................] - ETA: 2:09 - loss: 1.1278 - acc: 0.5264
 864/3458 [======>.......................] - ETA: 2:08 - loss: 1.1229 - acc: 0.5347
 896/3458 [======>.......................] - ETA: 2:06 - loss: 1.1190 - acc: 0.5368
 928/3458 [=======>......................] - ETA: 2:04 - loss: 1.1099 - acc: 0.5431
 960/3458 [=======>......................] - ETA: 2:03 - loss: 1.1021 - acc: 0.5458
 992/3458 [=======>......................] - ETA: 2:01 - loss: 1.0988 - acc: 0.5464
1024/3458 [=======>......................] - ETA: 2:00 - loss: 1.0994 - acc: 0.5488
1056/3458 [========>.....................] - ETA: 1:58 - loss: 1.1017 - acc: 0.5511
1088/3458 [========>.....................] - ETA: 1:57 - loss: 1.1013 - acc: 0.5487
1120/3458 [========>.....................] - ETA: 1:55 - loss: 1.1027 - acc: 0.5500
1152/3458 [========>.....................] - ETA: 1:53 - loss: 1.0988 - acc: 0.5556
1184/3458 [=========>....................] - ETA: 1:52 - loss: 1.0929 - acc: 0.5574
1216/3458 [=========>....................] - ETA: 1:50 - loss: 1.0956 - acc: 0.5609
1248/3458 [=========>....................] - ETA: 1:49 - loss: 1.0944 - acc: 0.5617
1280/3458 [==========>...................] - ETA: 1:47 - loss: 1.0947 - acc: 0.5633
1312/3458 [==========>...................] - ETA: 1:45 - loss: 1.0943 - acc: 0.5640
1344/3458 [==========>...................] - ETA: 1:44 - loss: 1.0941 - acc: 0.5640
1376/3458 [==========>...................] - ETA: 1:42 - loss: 1.0950 - acc: 0.5654
1408/3458 [===========>..................] - ETA: 1:41 - loss: 1.0973 - acc: 0.5639
1440/3458 [===========>..................] - ETA: 1:39 - loss: 1.0927 - acc: 0.5653
1472/3458 [===========>..................] - ETA: 1:37 - loss: 1.0986 - acc: 0.5618
1504/3458 [============>.................] - ETA: 1:36 - loss: 1.0954 - acc: 0.5638
1536/3458 [============>.................] - ETA: 1:34 - loss: 1.0950 - acc: 0.5625
1568/3458 [============>.................] - ETA: 1:33 - loss: 1.0915 - acc: 0.5638
1600/3458 [============>.................] - ETA: 1:31 - loss: 1.0913 - acc: 0.5638
1632/3458 [=============>................] - ETA: 1:29 - loss: 1.0883 - acc: 0.5637
1664/3458 [=============>................] - ETA: 1:28 - loss: 1.0848 - acc: 0.5655
1696/3458 [=============>................] - ETA: 1:26 - loss: 1.0772 - acc: 0.5684
1728/3458 [=============>................] - ETA: 1:25 - loss: 1.0732 - acc: 0.5700
1760/3458 [==============>...............] - ETA: 1:23 - loss: 1.0759 - acc: 0.5705
1792/3458 [==============>...............] - ETA: 1:22 - loss: 1.0696 - acc: 0.5731
1824/3458 [==============>...............] - ETA: 1:20 - loss: 1.0687 - acc: 0.5740
1856/3458 [===============>..............] - ETA: 1:18 - loss: 1.0666 - acc: 0.5744
1888/3458 [===============>..............] - ETA: 1:17 - loss: 1.0642 - acc: 0.5742
1920/3458 [===============>..............] - ETA: 1:15 - loss: 1.0654 - acc: 0.5714
1952/3458 [===============>..............] - ETA: 1:14 - loss: 1.0705 - acc: 0.5717
1984/3458 [================>.............] - ETA: 1:12 - loss: 1.0676 - acc: 0.5731
2016/3458 [================>.............] - ETA: 1:10 - loss: 1.0689 - acc: 0.5724
2048/3458 [================>.............] - ETA: 1:09 - loss: 1.0704 - acc: 0.5728
2080/3458 [=================>............] - ETA: 1:07 - loss: 1.0702 - acc: 0.5721
2112/3458 [=================>............] - ETA: 1:06 - loss: 1.0679 - acc: 0.5734
2144/3458 [=================>............] - ETA: 1:04 - loss: 1.0637 - acc: 0.5756
2176/3458 [=================>............] - ETA: 1:03 - loss: 1.0630 - acc: 0.5740
2208/3458 [==================>...........] - ETA: 1:01 - loss: 1.0657 - acc: 0.5747
2240/3458 [==================>...........] - ETA: 59s - loss: 1.0643 - acc: 0.5750 
2272/3458 [==================>...........] - ETA: 58s - loss: 1.0631 - acc: 0.5753
2304/3458 [==================>...........] - ETA: 56s - loss: 1.0627 - acc: 0.5742
2336/3458 [===================>..........] - ETA: 55s - loss: 1.0613 - acc: 0.5741
2368/3458 [===================>..........] - ETA: 53s - loss: 1.0595 - acc: 0.5743
2400/3458 [===================>..........] - ETA: 52s - loss: 1.0572 - acc: 0.5754
2432/3458 [====================>.........] - ETA: 50s - loss: 1.0589 - acc: 0.5748
2464/3458 [====================>.........] - ETA: 48s - loss: 1.0551 - acc: 0.5771
2496/3458 [====================>.........] - ETA: 47s - loss: 1.0586 - acc: 0.5765
2528/3458 [====================>.........] - ETA: 45s - loss: 1.0597 - acc: 0.5763
2560/3458 [=====================>........] - ETA: 44s - loss: 1.0606 - acc: 0.5762
2592/3458 [=====================>........] - ETA: 42s - loss: 1.0596 - acc: 0.5764
2624/3458 [=====================>........] - ETA: 41s - loss: 1.0598 - acc: 0.5762
2656/3458 [======================>.......] - ETA: 39s - loss: 1.0603 - acc: 0.5753
2688/3458 [======================>.......] - ETA: 37s - loss: 1.0600 - acc: 0.5755
2720/3458 [======================>.......] - ETA: 36s - loss: 1.0578 - acc: 0.5768
2752/3458 [======================>.......] - ETA: 34s - loss: 1.0584 - acc: 0.5752
2784/3458 [=======================>......] - ETA: 33s - loss: 1.0579 - acc: 0.5754
2816/3458 [=======================>......] - ETA: 31s - loss: 1.0560 - acc: 0.5767
2848/3458 [=======================>......] - ETA: 30s - loss: 1.0545 - acc: 0.5769
2880/3458 [=======================>......] - ETA: 28s - loss: 1.0545 - acc: 0.5771
2912/3458 [========================>.....] - ETA: 26s - loss: 1.0515 - acc: 0.5793
2944/3458 [========================>.....] - ETA: 25s - loss: 1.0518 - acc: 0.5798
2976/3458 [========================>.....] - ETA: 23s - loss: 1.0475 - acc: 0.5820
3008/3458 [=========================>....] - ETA: 22s - loss: 1.0472 - acc: 0.5814
3040/3458 [=========================>....] - ETA: 20s - loss: 1.0466 - acc: 0.5809
3072/3458 [=========================>....] - ETA: 19s - loss: 1.0505 - acc: 0.5798
3104/3458 [=========================>....] - ETA: 17s - loss: 1.0499 - acc: 0.5789
3136/3458 [==========================>...] - ETA: 15s - loss: 1.0510 - acc: 0.5778
3168/3458 [==========================>...] - ETA: 14s - loss: 1.0515 - acc: 0.5777
3200/3458 [==========================>...] - ETA: 12s - loss: 1.0500 - acc: 0.5791
3232/3458 [===========================>..] - ETA: 11s - loss: 1.0473 - acc: 0.5804
3264/3458 [===========================>..] - ETA: 9s - loss: 1.0509 - acc: 0.5800 
3296/3458 [===========================>..] - ETA: 7s - loss: 1.0513 - acc: 0.5798
3328/3458 [===========================>..] - ETA: 6s - loss: 1.0555 - acc: 0.5781
3360/3458 [============================>.] - ETA: 4s - loss: 1.0565 - acc: 0.5783
3392/3458 [============================>.] - ETA: 3s - loss: 1.0544 - acc: 0.5796
3424/3458 [============================>.] - ETA: 1s - loss: 1.0538 - acc: 0.5800
3456/3458 [============================>.] - ETA: 0s - loss: 1.0522 - acc: 0.5807
3458/3458 [==============================] - 171s 49ms/sample - loss: 1.0523 - acc: 0.5807

 32/865 [>.............................] - ETA: 7s - loss: 1.0118 - acc: 0.6562
 64/865 [=>............................] - ETA: 7s - loss: 1.0631 - acc: 0.6406
 96/865 [==>...........................] - ETA: 6s - loss: 1.0631 - acc: 0.6250
128/865 [===>..........................] - ETA: 6s - loss: 1.0235 - acc: 0.6328
160/865 [====>.........................] - ETA: 6s - loss: 1.0026 - acc: 0.6625
192/865 [=====>........................] - ETA: 5s - loss: 1.0107 - acc: 0.6458
224/865 [======>.......................] - ETA: 5s - loss: 1.0380 - acc: 0.6384
256/865 [=======>......................] - ETA: 5s - loss: 1.0421 - acc: 0.6289
288/865 [========>.....................] - ETA: 5s - loss: 1.0469 - acc: 0.6319
320/865 [==========>...................] - ETA: 4s - loss: 1.0220 - acc: 0.6406
352/865 [===========>..................] - ETA: 4s - loss: 1.0459 - acc: 0.6278
384/865 [============>.................] - ETA: 4s - loss: 1.0375 - acc: 0.6302
416/865 [=============>................] - ETA: 3s - loss: 1.0246 - acc: 0.6322
448/865 [==============>...............] - ETA: 3s - loss: 1.0230 - acc: 0.6362
480/865 [===============>..............] - ETA: 3s - loss: 1.0247 - acc: 0.6292
512/865 [================>.............] - ETA: 3s - loss: 1.0242 - acc: 0.6270
544/865 [=================>............] - ETA: 2s - loss: 1.0193 - acc: 0.6268
576/865 [==================>...........] - ETA: 2s - loss: 1.0264 - acc: 0.6198
608/865 [====================>.........] - ETA: 2s - loss: 1.0202 - acc: 0.6234
640/865 [=====================>........] - ETA: 2s - loss: 1.0226 - acc: 0.6219
672/865 [======================>.......] - ETA: 1s - loss: 1.0234 - acc: 0.6220
704/865 [=======================>......] - ETA: 1s - loss: 1.0257 - acc: 0.6236
736/865 [========================>.....] - ETA: 1s - loss: 1.0248 - acc: 0.6236
768/865 [=========================>....] - ETA: 0s - loss: 1.0179 - acc: 0.6263
800/865 [==========================>...] - ETA: 0s - loss: 1.0149 - acc: 0.6300
832/865 [===========================>..] - ETA: 0s - loss: 1.0154 - acc: 0.6310
864/865 [============================>.] - ETA: 0s - loss: 1.0154 - acc: 0.6319
865/865 [==============================] - 8s 9ms/sample - loss: 1.0159 - acc: 0.6312

  32/3458 [..............................] - ETA: 2:45 - loss: 0.8598 - acc: 0.6875
  64/3458 [..............................] - ETA: 2:44 - loss: 0.8537 - acc: 0.6719
  96/3458 [..............................] - ETA: 2:44 - loss: 0.9456 - acc: 0.6458
 128/3458 [>.............................] - ETA: 2:43 - loss: 0.9664 - acc: 0.6250
 160/3458 [>.............................] - ETA: 2:41 - loss: 0.9427 - acc: 0.6438
 192/3458 [>.............................] - ETA: 2:39 - loss: 0.9376 - acc: 0.6354
 224/3458 [>.............................] - ETA: 2:38 - loss: 0.9494 - acc: 0.6250
 256/3458 [=>............................] - ETA: 2:37 - loss: 0.9638 - acc: 0.6055
 288/3458 [=>............................] - ETA: 2:35 - loss: 1.0026 - acc: 0.5972
 320/3458 [=>............................] - ETA: 2:34 - loss: 0.9988 - acc: 0.6031
 352/3458 [==>...........................] - ETA: 2:32 - loss: 1.0041 - acc: 0.6023
 384/3458 [==>...........................] - ETA: 2:30 - loss: 1.0102 - acc: 0.6016
 416/3458 [==>...........................] - ETA: 2:29 - loss: 0.9996 - acc: 0.6034
 448/3458 [==>...........................] - ETA: 2:28 - loss: 1.0058 - acc: 0.5960
 480/3458 [===>..........................] - ETA: 2:26 - loss: 1.0114 - acc: 0.5875
 512/3458 [===>..........................] - ETA: 2:24 - loss: 1.0178 - acc: 0.5879
 544/3458 [===>..........................] - ETA: 2:23 - loss: 1.0216 - acc: 0.5882
 576/3458 [===>..........................] - ETA: 2:21 - loss: 1.0293 - acc: 0.5868
 608/3458 [====>.........................] - ETA: 2:19 - loss: 1.0254 - acc: 0.5905
 640/3458 [====>.........................] - ETA: 2:18 - loss: 1.0353 - acc: 0.5844
 672/3458 [====>.........................] - ETA: 2:16 - loss: 1.0439 - acc: 0.5804
 704/3458 [=====>........................] - ETA: 2:15 - loss: 1.0401 - acc: 0.5852
 736/3458 [=====>........................] - ETA: 2:13 - loss: 1.0291 - acc: 0.5924
 768/3458 [=====>........................] - ETA: 2:12 - loss: 1.0292 - acc: 0.5924
 800/3458 [=====>........................] - ETA: 2:10 - loss: 1.0315 - acc: 0.5938
 832/3458 [======>.......................] - ETA: 2:09 - loss: 1.0234 - acc: 0.6010
 864/3458 [======>.......................] - ETA: 2:07 - loss: 1.0219 - acc: 0.6030
 896/3458 [======>.......................] - ETA: 2:06 - loss: 1.0229 - acc: 0.6049
 928/3458 [=======>......................] - ETA: 2:04 - loss: 1.0189 - acc: 0.6067
 960/3458 [=======>......................] - ETA: 2:02 - loss: 1.0131 - acc: 0.6094
 992/3458 [=======>......................] - ETA: 2:01 - loss: 1.0140 - acc: 0.6109
1024/3458 [=======>......................] - ETA: 1:59 - loss: 1.0093 - acc: 0.6104
1056/3458 [========>.....................] - ETA: 1:58 - loss: 1.0033 - acc: 0.6108
1088/3458 [========>.....................] - ETA: 1:56 - loss: 1.0056 - acc: 0.6094
1120/3458 [========>.....................] - ETA: 1:55 - loss: 1.0000 - acc: 0.6125
1152/3458 [========>.....................] - ETA: 1:53 - loss: 0.9951 - acc: 0.6128
1184/3458 [=========>....................] - ETA: 1:52 - loss: 0.9936 - acc: 0.6106
1216/3458 [=========>....................] - ETA: 1:50 - loss: 0.9935 - acc: 0.6110
1248/3458 [=========>....................] - ETA: 1:48 - loss: 0.9874 - acc: 0.6146
1280/3458 [==========>...................] - ETA: 1:47 - loss: 0.9812 - acc: 0.6148
1312/3458 [==========>...................] - ETA: 1:45 - loss: 0.9771 - acc: 0.6159
1344/3458 [==========>...................] - ETA: 1:44 - loss: 0.9812 - acc: 0.6176
1376/3458 [==========>...................] - ETA: 1:42 - loss: 0.9747 - acc: 0.6206
1408/3458 [===========>..................] - ETA: 1:41 - loss: 0.9707 - acc: 0.6222
1440/3458 [===========>..................] - ETA: 1:39 - loss: 0.9652 - acc: 0.6250
1472/3458 [===========>..................] - ETA: 1:37 - loss: 0.9633 - acc: 0.6243
1504/3458 [============>.................] - ETA: 1:36 - loss: 0.9594 - acc: 0.6270
1536/3458 [============>.................] - ETA: 1:34 - loss: 0.9558 - acc: 0.6276
1568/3458 [============>.................] - ETA: 1:33 - loss: 0.9499 - acc: 0.6307
1600/3458 [============>.................] - ETA: 1:31 - loss: 0.9488 - acc: 0.6288
1632/3458 [=============>................] - ETA: 1:30 - loss: 0.9459 - acc: 0.6317
1664/3458 [=============>................] - ETA: 1:28 - loss: 0.9534 - acc: 0.6298
1696/3458 [=============>................] - ETA: 1:26 - loss: 0.9535 - acc: 0.6297
1728/3458 [=============>................] - ETA: 1:25 - loss: 0.9454 - acc: 0.6331
1760/3458 [==============>...............] - ETA: 1:23 - loss: 0.9432 - acc: 0.6330
1792/3458 [==============>...............] - ETA: 1:22 - loss: 0.9412 - acc: 0.6339
1824/3458 [==============>...............] - ETA: 1:20 - loss: 0.9374 - acc: 0.6338
1856/3458 [===============>..............] - ETA: 1:18 - loss: 0.9411 - acc: 0.6309
1888/3458 [===============>..............] - ETA: 1:17 - loss: 0.9418 - acc: 0.6308
1920/3458 [===============>..............] - ETA: 1:15 - loss: 0.9434 - acc: 0.6313
1952/3458 [===============>..............] - ETA: 1:14 - loss: 0.9431 - acc: 0.6311
1984/3458 [================>.............] - ETA: 1:12 - loss: 0.9434 - acc: 0.6305
2016/3458 [================>.............] - ETA: 1:11 - loss: 0.9393 - acc: 0.6319
2048/3458 [================>.............] - ETA: 1:09 - loss: 0.9382 - acc: 0.6318
2080/3458 [=================>............] - ETA: 1:07 - loss: 0.9378 - acc: 0.6322
2112/3458 [=================>............] - ETA: 1:06 - loss: 0.9420 - acc: 0.6302
2144/3458 [=================>............] - ETA: 1:04 - loss: 0.9440 - acc: 0.6301
2176/3458 [=================>............] - ETA: 1:03 - loss: 0.9455 - acc: 0.6305
2208/3458 [==================>...........] - ETA: 1:01 - loss: 0.9445 - acc: 0.6300
2240/3458 [==================>...........] - ETA: 1:00 - loss: 0.9466 - acc: 0.6299
2272/3458 [==================>...........] - ETA: 58s - loss: 0.9456 - acc: 0.6294 
2304/3458 [==================>...........] - ETA: 56s - loss: 0.9464 - acc: 0.6285
2336/3458 [===================>..........] - ETA: 55s - loss: 0.9458 - acc: 0.6297
2368/3458 [===================>..........] - ETA: 53s - loss: 0.9465 - acc: 0.6305
2400/3458 [===================>..........] - ETA: 52s - loss: 0.9438 - acc: 0.6325
2432/3458 [====================>.........] - ETA: 50s - loss: 0.9451 - acc: 0.6320
2464/3458 [====================>.........] - ETA: 48s - loss: 0.9484 - acc: 0.6307
2496/3458 [====================>.........] - ETA: 47s - loss: 0.9486 - acc: 0.6298
2528/3458 [====================>.........] - ETA: 45s - loss: 0.9464 - acc: 0.6309
2560/3458 [=====================>........] - ETA: 44s - loss: 0.9496 - acc: 0.6301
2592/3458 [=====================>........] - ETA: 42s - loss: 0.9478 - acc: 0.6316
2624/3458 [=====================>........] - ETA: 41s - loss: 0.9453 - acc: 0.6322
2656/3458 [======================>.......] - ETA: 39s - loss: 0.9459 - acc: 0.6318
2688/3458 [======================>.......] - ETA: 37s - loss: 0.9468 - acc: 0.6310
2720/3458 [======================>.......] - ETA: 36s - loss: 0.9471 - acc: 0.6305
2752/3458 [======================>.......] - ETA: 34s - loss: 0.9465 - acc: 0.6308
2784/3458 [=======================>......] - ETA: 33s - loss: 0.9465 - acc: 0.6304
2816/3458 [=======================>......] - ETA: 31s - loss: 0.9449 - acc: 0.6317
2848/3458 [=======================>......] - ETA: 30s - loss: 0.9454 - acc: 0.6320
2880/3458 [=======================>......] - ETA: 28s - loss: 0.9479 - acc: 0.6299
2912/3458 [========================>.....] - ETA: 26s - loss: 0.9488 - acc: 0.6295
2944/3458 [========================>.....] - ETA: 25s - loss: 0.9499 - acc: 0.6284
2976/3458 [========================>.....] - ETA: 23s - loss: 0.9521 - acc: 0.6270
3008/3458 [=========================>....] - ETA: 22s - loss: 0.9523 - acc: 0.6267
3040/3458 [=========================>....] - ETA: 20s - loss: 0.9544 - acc: 0.6253
3072/3458 [=========================>....] - ETA: 19s - loss: 0.9535 - acc: 0.6253
3104/3458 [=========================>....] - ETA: 17s - loss: 0.9536 - acc: 0.6250
3136/3458 [==========================>...] - ETA: 15s - loss: 0.9567 - acc: 0.6237
3168/3458 [==========================>...] - ETA: 14s - loss: 0.9550 - acc: 0.6237
3200/3458 [==========================>...] - ETA: 12s - loss: 0.9541 - acc: 0.6241
3232/3458 [===========================>..] - ETA: 11s - loss: 0.9580 - acc: 0.6228
3264/3458 [===========================>..] - ETA: 9s - loss: 0.9592 - acc: 0.6219 
3296/3458 [===========================>..] - ETA: 7s - loss: 0.9632 - acc: 0.6208
3328/3458 [===========================>..] - ETA: 6s - loss: 0.9627 - acc: 0.6208
3360/3458 [============================>.] - ETA: 4s - loss: 0.9632 - acc: 0.6214
3392/3458 [============================>.] - ETA: 3s - loss: 0.9633 - acc: 0.6215
3424/3458 [============================>.] - ETA: 1s - loss: 0.9648 - acc: 0.6221
3456/3458 [============================>.] - ETA: 0s - loss: 0.9632 - acc: 0.6218
3458/3458 [==============================] - 171s 49ms/sample - loss: 0.9641 - acc: 0.6215

 32/865 [>.............................] - ETA: 7s - loss: 1.0053 - acc: 0.6562
 64/865 [=>............................] - ETA: 7s - loss: 1.0852 - acc: 0.6250
 96/865 [==>...........................] - ETA: 6s - loss: 1.0538 - acc: 0.6146
128/865 [===>..........................] - ETA: 6s - loss: 0.9946 - acc: 0.6484
160/865 [====>.........................] - ETA: 6s - loss: 0.9710 - acc: 0.6500
192/865 [=====>........................] - ETA: 6s - loss: 1.0108 - acc: 0.6458
224/865 [======>.......................] - ETA: 5s - loss: 1.0413 - acc: 0.6295
256/865 [=======>......................] - ETA: 5s - loss: 1.0445 - acc: 0.6289
288/865 [========>.....................] - ETA: 5s - loss: 1.0706 - acc: 0.6250
320/865 [==========>...................] - ETA: 4s - loss: 1.0483 - acc: 0.6219
352/865 [===========>..................] - ETA: 4s - loss: 1.0591 - acc: 0.6193
384/865 [============>.................] - ETA: 4s - loss: 1.0443 - acc: 0.6224
416/865 [=============>................] - ETA: 4s - loss: 1.0270 - acc: 0.6274
448/865 [==============>...............] - ETA: 3s - loss: 1.0213 - acc: 0.6295
480/865 [===============>..............] - ETA: 3s - loss: 1.0286 - acc: 0.6229
512/865 [================>.............] - ETA: 3s - loss: 1.0310 - acc: 0.6211
544/865 [=================>............] - ETA: 2s - loss: 1.0284 - acc: 0.6176
576/865 [==================>...........] - ETA: 2s - loss: 1.0389 - acc: 0.6128
608/865 [====================>.........] - ETA: 2s - loss: 1.0326 - acc: 0.6135
640/865 [=====================>........] - ETA: 2s - loss: 1.0340 - acc: 0.6125
672/865 [======================>.......] - ETA: 1s - loss: 1.0345 - acc: 0.6086
704/865 [=======================>......] - ETA: 1s - loss: 1.0333 - acc: 0.6080
736/865 [========================>.....] - ETA: 1s - loss: 1.0349 - acc: 0.6101
768/865 [=========================>....] - ETA: 0s - loss: 1.0248 - acc: 0.6133
800/865 [==========================>...] - ETA: 0s - loss: 1.0253 - acc: 0.6075
832/865 [===========================>..] - ETA: 0s - loss: 1.0263 - acc: 0.6094
864/865 [============================>.] - ETA: 0s - loss: 1.0225 - acc: 0.6111
865/865 [==============================] - 8s 9ms/sample - loss: 1.0223 - acc: 0.6104

  32/3458 [..............................] - ETA: 2:46 - loss: 0.6792 - acc: 0.7500
  64/3458 [..............................] - ETA: 2:46 - loss: 0.7808 - acc: 0.7031
  96/3458 [..............................] - ETA: 2:43 - loss: 0.8772 - acc: 0.6146
 128/3458 [>.............................] - ETA: 2:43 - loss: 0.8809 - acc: 0.6328
 160/3458 [>.............................] - ETA: 2:42 - loss: 0.8885 - acc: 0.6438
 192/3458 [>.............................] - ETA: 2:41 - loss: 0.8746 - acc: 0.6458
 224/3458 [>.............................] - ETA: 2:40 - loss: 0.9158 - acc: 0.6250
 256/3458 [=>............................] - ETA: 2:37 - loss: 0.9233 - acc: 0.6328
 288/3458 [=>............................] - ETA: 2:36 - loss: 0.9286 - acc: 0.6250
 320/3458 [=>............................] - ETA: 2:34 - loss: 0.9203 - acc: 0.6219
 352/3458 [==>...........................] - ETA: 2:33 - loss: 0.9153 - acc: 0.6165
 384/3458 [==>...........................] - ETA: 2:31 - loss: 0.9342 - acc: 0.6094
 416/3458 [==>...........................] - ETA: 2:29 - loss: 0.9498 - acc: 0.6010
 448/3458 [==>...........................] - ETA: 2:28 - loss: 0.9322 - acc: 0.6116
 480/3458 [===>..........................] - ETA: 2:26 - loss: 0.9311 - acc: 0.6104
 512/3458 [===>..........................] - ETA: 2:25 - loss: 0.9263 - acc: 0.6191
 544/3458 [===>..........................] - ETA: 2:23 - loss: 0.9175 - acc: 0.6176
 576/3458 [===>..........................] - ETA: 2:21 - loss: 0.9078 - acc: 0.6233
 608/3458 [====>.........................] - ETA: 2:20 - loss: 0.9162 - acc: 0.6201
 640/3458 [====>.........................] - ETA: 2:18 - loss: 0.9051 - acc: 0.6281
 672/3458 [====>.........................] - ETA: 2:17 - loss: 0.8902 - acc: 0.6339
 704/3458 [=====>........................] - ETA: 2:15 - loss: 0.8865 - acc: 0.6392
 736/3458 [=====>........................] - ETA: 2:13 - loss: 0.8887 - acc: 0.6359
 768/3458 [=====>........................] - ETA: 2:12 - loss: 0.8942 - acc: 0.6367
 800/3458 [=====>........................] - ETA: 2:10 - loss: 0.8899 - acc: 0.6363
 832/3458 [======>.......................] - ETA: 2:09 - loss: 0.8885 - acc: 0.6382
 864/3458 [======>.......................] - ETA: 2:07 - loss: 0.8799 - acc: 0.6435
 896/3458 [======>.......................] - ETA: 2:06 - loss: 0.8744 - acc: 0.6484
 928/3458 [=======>......................] - ETA: 2:04 - loss: 0.8690 - acc: 0.6487
 960/3458 [=======>......................] - ETA: 2:02 - loss: 0.8671 - acc: 0.6510
 992/3458 [=======>......................] - ETA: 2:01 - loss: 0.8696 - acc: 0.6502
1024/3458 [=======>......................] - ETA: 1:59 - loss: 0.8737 - acc: 0.6484
1056/3458 [========>.....................] - ETA: 1:58 - loss: 0.8642 - acc: 0.6534
1088/3458 [========>.....................] - ETA: 1:56 - loss: 0.8548 - acc: 0.6590
1120/3458 [========>.....................] - ETA: 1:55 - loss: 0.8593 - acc: 0.6571
1152/3458 [========>.....................] - ETA: 1:53 - loss: 0.8529 - acc: 0.6597
1184/3458 [=========>....................] - ETA: 1:51 - loss: 0.8574 - acc: 0.6579
1216/3458 [=========>....................] - ETA: 1:50 - loss: 0.8608 - acc: 0.6562
1248/3458 [=========>....................] - ETA: 1:48 - loss: 0.8593 - acc: 0.6579
1280/3458 [==========>...................] - ETA: 1:47 - loss: 0.8519 - acc: 0.6625
1312/3458 [==========>...................] - ETA: 1:45 - loss: 0.8519 - acc: 0.6623
1344/3458 [==========>...................] - ETA: 1:43 - loss: 0.8523 - acc: 0.6644
1376/3458 [==========>...................] - ETA: 1:42 - loss: 0.8477 - acc: 0.6664
1408/3458 [===========>..................] - ETA: 1:40 - loss: 0.8458 - acc: 0.6683
1440/3458 [===========>..................] - ETA: 1:39 - loss: 0.8415 - acc: 0.6694
1472/3458 [===========>..................] - ETA: 1:37 - loss: 0.8441 - acc: 0.6712
1504/3458 [============>.................] - ETA: 1:36 - loss: 0.8470 - acc: 0.6715
1536/3458 [============>.................] - ETA: 1:34 - loss: 0.8436 - acc: 0.6738
1568/3458 [============>.................] - ETA: 1:32 - loss: 0.8393 - acc: 0.6754
1600/3458 [============>.................] - ETA: 1:31 - loss: 0.8383 - acc: 0.6744
1632/3458 [=============>................] - ETA: 1:29 - loss: 0.8373 - acc: 0.6734
1664/3458 [=============>................] - ETA: 1:28 - loss: 0.8363 - acc: 0.6737
1696/3458 [=============>................] - ETA: 1:26 - loss: 0.8327 - acc: 0.6757
1728/3458 [=============>................] - ETA: 1:25 - loss: 0.8334 - acc: 0.6777
1760/3458 [==============>...............] - ETA: 1:23 - loss: 0.8309 - acc: 0.6801
1792/3458 [==============>...............] - ETA: 1:21 - loss: 0.8260 - acc: 0.6825
1824/3458 [==============>...............] - ETA: 1:20 - loss: 0.8240 - acc: 0.6826
1856/3458 [===============>..............] - ETA: 1:18 - loss: 0.8238 - acc: 0.6832
1888/3458 [===============>..............] - ETA: 1:17 - loss: 0.8267 - acc: 0.6817
1920/3458 [===============>..............] - ETA: 1:15 - loss: 0.8236 - acc: 0.6833
1952/3458 [===============>..............] - ETA: 1:14 - loss: 0.8218 - acc: 0.6829
1984/3458 [================>.............] - ETA: 1:12 - loss: 0.8220 - acc: 0.6820
2016/3458 [================>.............] - ETA: 1:10 - loss: 0.8284 - acc: 0.6801
2048/3458 [================>.............] - ETA: 1:09 - loss: 0.8281 - acc: 0.6787
2080/3458 [=================>............] - ETA: 1:07 - loss: 0.8293 - acc: 0.6793
2112/3458 [=================>............] - ETA: 1:06 - loss: 0.8259 - acc: 0.6804
2144/3458 [=================>............] - ETA: 1:04 - loss: 0.8236 - acc: 0.6819
2176/3458 [=================>............] - ETA: 1:03 - loss: 0.8236 - acc: 0.6829
2208/3458 [==================>...........] - ETA: 1:01 - loss: 0.8244 - acc: 0.6816
2240/3458 [==================>...........] - ETA: 59s - loss: 0.8244 - acc: 0.6808 
2272/3458 [==================>...........] - ETA: 58s - loss: 0.8245 - acc: 0.6809
2304/3458 [==================>...........] - ETA: 56s - loss: 0.8237 - acc: 0.6806
2336/3458 [===================>..........] - ETA: 55s - loss: 0.8248 - acc: 0.6807
2368/3458 [===================>..........] - ETA: 53s - loss: 0.8275 - acc: 0.6799
2400/3458 [===================>..........] - ETA: 52s - loss: 0.8275 - acc: 0.6804
2432/3458 [====================>.........] - ETA: 50s - loss: 0.8299 - acc: 0.6801
2464/3458 [====================>.........] - ETA: 48s - loss: 0.8324 - acc: 0.6794
2496/3458 [====================>.........] - ETA: 47s - loss: 0.8283 - acc: 0.6807
2528/3458 [====================>.........] - ETA: 45s - loss: 0.8317 - acc: 0.6800
2560/3458 [=====================>........] - ETA: 44s - loss: 0.8317 - acc: 0.6781
2592/3458 [=====================>........] - ETA: 42s - loss: 0.8328 - acc: 0.6779
2624/3458 [=====================>........] - ETA: 41s - loss: 0.8308 - acc: 0.6780
2656/3458 [======================>.......] - ETA: 39s - loss: 0.8375 - acc: 0.6751
2688/3458 [======================>.......] - ETA: 37s - loss: 0.8354 - acc: 0.6749
2720/3458 [======================>.......] - ETA: 36s - loss: 0.8355 - acc: 0.6750
2752/3458 [======================>.......] - ETA: 34s - loss: 0.8336 - acc: 0.6770
2784/3458 [=======================>......] - ETA: 33s - loss: 0.8363 - acc: 0.6749
2816/3458 [=======================>......] - ETA: 31s - loss: 0.8398 - acc: 0.6740
2848/3458 [=======================>......] - ETA: 30s - loss: 0.8383 - acc: 0.6752
2880/3458 [=======================>......] - ETA: 28s - loss: 0.8365 - acc: 0.6750
2912/3458 [========================>.....] - ETA: 26s - loss: 0.8369 - acc: 0.6758
2944/3458 [========================>.....] - ETA: 25s - loss: 0.8355 - acc: 0.6766
2976/3458 [========================>.....] - ETA: 23s - loss: 0.8324 - acc: 0.6784
3008/3458 [=========================>....] - ETA: 22s - loss: 0.8314 - acc: 0.6782
3040/3458 [=========================>....] - ETA: 20s - loss: 0.8299 - acc: 0.6783
3072/3458 [=========================>....] - ETA: 19s - loss: 0.8315 - acc: 0.6777
3104/3458 [=========================>....] - ETA: 17s - loss: 0.8305 - acc: 0.6788
3136/3458 [==========================>...] - ETA: 15s - loss: 0.8310 - acc: 0.6783
3168/3458 [==========================>...] - ETA: 14s - loss: 0.8280 - acc: 0.6796
3200/3458 [==========================>...] - ETA: 12s - loss: 0.8284 - acc: 0.6787
3232/3458 [===========================>..] - ETA: 11s - loss: 0.8285 - acc: 0.6791
3264/3458 [===========================>..] - ETA: 9s - loss: 0.8283 - acc: 0.6789 
3296/3458 [===========================>..] - ETA: 7s - loss: 0.8302 - acc: 0.6778
3328/3458 [===========================>..] - ETA: 6s - loss: 0.8289 - acc: 0.6788
3360/3458 [============================>.] - ETA: 4s - loss: 0.8296 - acc: 0.6777
3392/3458 [============================>.] - ETA: 3s - loss: 0.8300 - acc: 0.6772
3424/3458 [============================>.] - ETA: 1s - loss: 0.8270 - acc: 0.6793
3456/3458 [============================>.] - ETA: 0s - loss: 0.8263 - acc: 0.6797
3458/3458 [==============================] - 171s 49ms/sample - loss: 0.8259 - acc: 0.6799

 32/865 [>.............................] - ETA: 8s - loss: 1.0644 - acc: 0.7188
 64/865 [=>............................] - ETA: 7s - loss: 1.0217 - acc: 0.6719
 96/865 [==>...........................] - ETA: 7s - loss: 0.9369 - acc: 0.6771
128/865 [===>..........................] - ETA: 6s - loss: 0.8687 - acc: 0.7031
160/865 [====>.........................] - ETA: 6s - loss: 0.8627 - acc: 0.6875
192/865 [=====>........................] - ETA: 6s - loss: 0.9319 - acc: 0.6771
224/865 [======>.......................] - ETA: 5s - loss: 0.9764 - acc: 0.6607
256/865 [=======>......................] - ETA: 5s - loss: 0.9831 - acc: 0.6484
288/865 [========>.....................] - ETA: 5s - loss: 1.0203 - acc: 0.6389
320/865 [==========>...................] - ETA: 4s - loss: 0.9930 - acc: 0.6469
352/865 [===========>..................] - ETA: 4s - loss: 1.0192 - acc: 0.6364
384/865 [============>.................] - ETA: 4s - loss: 0.9966 - acc: 0.6458
416/865 [=============>................] - ETA: 4s - loss: 0.9774 - acc: 0.6514
448/865 [==============>...............] - ETA: 3s - loss: 0.9674 - acc: 0.6562
480/865 [===============>..............] - ETA: 3s - loss: 0.9789 - acc: 0.6521
512/865 [================>.............] - ETA: 3s - loss: 0.9811 - acc: 0.6465
544/865 [=================>............] - ETA: 2s - loss: 0.9712 - acc: 0.6489
576/865 [==================>...........] - ETA: 2s - loss: 0.9815 - acc: 0.6476
608/865 [====================>.........] - ETA: 2s - loss: 0.9690 - acc: 0.6497
640/865 [=====================>........] - ETA: 2s - loss: 0.9749 - acc: 0.6484
672/865 [======================>.......] - ETA: 1s - loss: 0.9733 - acc: 0.6503
704/865 [=======================>......] - ETA: 1s - loss: 0.9696 - acc: 0.6534
736/865 [========================>.....] - ETA: 1s - loss: 0.9700 - acc: 0.6549
768/865 [=========================>....] - ETA: 0s - loss: 0.9630 - acc: 0.6576
800/865 [==========================>...] - ETA: 0s - loss: 0.9605 - acc: 0.6562
832/865 [===========================>..] - ETA: 0s - loss: 0.9577 - acc: 0.6562
864/865 [============================>.] - ETA: 0s - loss: 0.9556 - acc: 0.6574
865/865 [==============================] - 8s 9ms/sample - loss: 0.9556 - acc: 0.6566
