For Dropout_1=0.9 Dropout_2=0.7
daisy loaded
dandelion loaded
rose loaded
sunflower loaded
tulip loaded

  32/3458 [..............................] - ETA: 3:08 - loss: 1.7139 - acc: 0.1875
  64/3458 [..............................] - ETA: 2:57 - loss: 3.9536 - acc: 0.2188
  96/3458 [..............................] - ETA: 2:51 - loss: 4.2315 - acc: 0.2188
 128/3458 [>.............................] - ETA: 2:49 - loss: 4.0127 - acc: 0.1953
 160/3458 [>.............................] - ETA: 2:46 - loss: 3.5274 - acc: 0.1875
 192/3458 [>.............................] - ETA: 2:44 - loss: 3.2074 - acc: 0.1823
 224/3458 [>.............................] - ETA: 2:42 - loss: 2.9799 - acc: 0.1786
 256/3458 [=>............................] - ETA: 2:40 - loss: 2.8064 - acc: 0.1875
 288/3458 [=>............................] - ETA: 2:38 - loss: 2.6693 - acc: 0.2014
 320/3458 [=>............................] - ETA: 2:36 - loss: 2.5576 - acc: 0.2062
 352/3458 [==>...........................] - ETA: 2:34 - loss: 2.4563 - acc: 0.2159
 384/3458 [==>...........................] - ETA: 2:33 - loss: 2.3893 - acc: 0.2214
 416/3458 [==>...........................] - ETA: 2:31 - loss: 2.3397 - acc: 0.2188
 448/3458 [==>...........................] - ETA: 2:29 - loss: 2.2830 - acc: 0.2254
 480/3458 [===>..........................] - ETA: 2:27 - loss: 2.2391 - acc: 0.2188
 512/3458 [===>..........................] - ETA: 2:26 - loss: 2.2002 - acc: 0.2168
 544/3458 [===>..........................] - ETA: 2:24 - loss: 2.1638 - acc: 0.2206
 576/3458 [===>..........................] - ETA: 2:23 - loss: 2.1317 - acc: 0.2205
 608/3458 [====>.........................] - ETA: 2:21 - loss: 2.1029 - acc: 0.2237
 640/3458 [====>.........................] - ETA: 2:19 - loss: 2.0767 - acc: 0.2281
 672/3458 [====>.........................] - ETA: 2:18 - loss: 2.0575 - acc: 0.2217
 704/3458 [=====>........................] - ETA: 2:16 - loss: 2.0362 - acc: 0.2244
 736/3458 [=====>........................] - ETA: 2:14 - loss: 2.0162 - acc: 0.2242
 768/3458 [=====>........................] - ETA: 2:13 - loss: 1.9969 - acc: 0.2279
 800/3458 [=====>........................] - ETA: 2:11 - loss: 1.9794 - acc: 0.2300
 832/3458 [======>.......................] - ETA: 2:10 - loss: 1.9718 - acc: 0.2260
 864/3458 [======>.......................] - ETA: 2:08 - loss: 1.9547 - acc: 0.2303
 896/3458 [======>.......................] - ETA: 2:06 - loss: 1.9403 - acc: 0.2288
 928/3458 [=======>......................] - ETA: 2:05 - loss: 1.9271 - acc: 0.2338
 960/3458 [=======>......................] - ETA: 2:03 - loss: 1.9148 - acc: 0.2313
 992/3458 [=======>......................] - ETA: 2:02 - loss: 1.9025 - acc: 0.2349
1024/3458 [=======>......................] - ETA: 2:00 - loss: 1.8899 - acc: 0.2432
1056/3458 [========>.....................] - ETA: 1:58 - loss: 1.8838 - acc: 0.2500
1088/3458 [========>.....................] - ETA: 1:57 - loss: 1.8696 - acc: 0.2555
1120/3458 [========>.....................] - ETA: 1:55 - loss: 1.8595 - acc: 0.2589
1152/3458 [========>.....................] - ETA: 1:54 - loss: 1.8486 - acc: 0.2630
1184/3458 [=========>....................] - ETA: 1:52 - loss: 1.8382 - acc: 0.2652
1216/3458 [=========>....................] - ETA: 1:50 - loss: 1.8347 - acc: 0.2632
1248/3458 [=========>....................] - ETA: 1:49 - loss: 1.8273 - acc: 0.2620
1280/3458 [==========>...................] - ETA: 1:47 - loss: 1.8183 - acc: 0.2625
1312/3458 [==========>...................] - ETA: 1:46 - loss: 1.8118 - acc: 0.2645
1344/3458 [==========>...................] - ETA: 1:44 - loss: 1.8033 - acc: 0.2679
1376/3458 [==========>...................] - ETA: 1:42 - loss: 1.7968 - acc: 0.2696
1408/3458 [===========>..................] - ETA: 1:41 - loss: 1.7875 - acc: 0.2720
1440/3458 [===========>..................] - ETA: 1:39 - loss: 1.7802 - acc: 0.2743
1472/3458 [===========>..................] - ETA: 1:38 - loss: 1.7734 - acc: 0.2765
1504/3458 [============>.................] - ETA: 1:36 - loss: 1.7640 - acc: 0.2812
1536/3458 [============>.................] - ETA: 1:35 - loss: 1.7585 - acc: 0.2819
1568/3458 [============>.................] - ETA: 1:33 - loss: 1.7488 - acc: 0.2864
1600/3458 [============>.................] - ETA: 1:31 - loss: 1.7407 - acc: 0.2887
1632/3458 [=============>................] - ETA: 1:30 - loss: 1.7341 - acc: 0.2923
1664/3458 [=============>................] - ETA: 1:28 - loss: 1.7250 - acc: 0.2963
1696/3458 [=============>................] - ETA: 1:27 - loss: 1.7148 - acc: 0.2995
1728/3458 [=============>................] - ETA: 1:25 - loss: 1.7055 - acc: 0.3027
1760/3458 [==============>...............] - ETA: 1:23 - loss: 1.6985 - acc: 0.3040
1792/3458 [==============>...............] - ETA: 1:22 - loss: 1.6908 - acc: 0.3058
1824/3458 [==============>...............] - ETA: 1:20 - loss: 1.6842 - acc: 0.3081
1856/3458 [===============>..............] - ETA: 1:19 - loss: 1.6825 - acc: 0.3087
1888/3458 [===============>..............] - ETA: 1:17 - loss: 1.6794 - acc: 0.3093
1920/3458 [===============>..............] - ETA: 1:15 - loss: 1.6683 - acc: 0.3141
1952/3458 [===============>..............] - ETA: 1:14 - loss: 1.6678 - acc: 0.3151
1984/3458 [================>.............] - ETA: 1:12 - loss: 1.6630 - acc: 0.3165
2016/3458 [================>.............] - ETA: 1:11 - loss: 1.6605 - acc: 0.3180
2048/3458 [================>.............] - ETA: 1:09 - loss: 1.6578 - acc: 0.3164
2080/3458 [=================>............] - ETA: 1:08 - loss: 1.6539 - acc: 0.3159
2112/3458 [=================>............] - ETA: 1:06 - loss: 1.6477 - acc: 0.3191
2144/3458 [=================>............] - ETA: 1:04 - loss: 1.6432 - acc: 0.3209
2176/3458 [=================>............] - ETA: 1:03 - loss: 1.6364 - acc: 0.3249
2208/3458 [==================>...........] - ETA: 1:01 - loss: 1.6328 - acc: 0.3256
2240/3458 [==================>...........] - ETA: 1:00 - loss: 1.6281 - acc: 0.3263
2272/3458 [==================>...........] - ETA: 58s - loss: 1.6225 - acc: 0.3297 
2304/3458 [==================>...........] - ETA: 57s - loss: 1.6178 - acc: 0.3312
2336/3458 [===================>..........] - ETA: 55s - loss: 1.6144 - acc: 0.3309
2368/3458 [===================>..........] - ETA: 53s - loss: 1.6095 - acc: 0.3336
2400/3458 [===================>..........] - ETA: 52s - loss: 1.6056 - acc: 0.3354
2432/3458 [====================>.........] - ETA: 50s - loss: 1.6100 - acc: 0.3347
2464/3458 [====================>.........] - ETA: 49s - loss: 1.6073 - acc: 0.3373
2496/3458 [====================>.........] - ETA: 47s - loss: 1.6034 - acc: 0.3381
2528/3458 [====================>.........] - ETA: 45s - loss: 1.6012 - acc: 0.3386
2560/3458 [=====================>........] - ETA: 44s - loss: 1.5964 - acc: 0.3387
2592/3458 [=====================>........] - ETA: 42s - loss: 1.5945 - acc: 0.3391
2624/3458 [=====================>........] - ETA: 41s - loss: 1.5916 - acc: 0.3422
2656/3458 [======================>.......] - ETA: 39s - loss: 1.5893 - acc: 0.3434
2688/3458 [======================>.......] - ETA: 38s - loss: 1.5888 - acc: 0.3438
2720/3458 [======================>.......] - ETA: 36s - loss: 1.5870 - acc: 0.3426
2752/3458 [======================>.......] - ETA: 34s - loss: 1.5853 - acc: 0.3423
2784/3458 [=======================>......] - ETA: 33s - loss: 1.5817 - acc: 0.3445
2816/3458 [=======================>......] - ETA: 31s - loss: 1.5783 - acc: 0.3459
2848/3458 [=======================>......] - ETA: 30s - loss: 1.5761 - acc: 0.3480
2880/3458 [=======================>......] - ETA: 28s - loss: 1.5735 - acc: 0.3490
2912/3458 [========================>.....] - ETA: 26s - loss: 1.5714 - acc: 0.3489
2944/3458 [========================>.....] - ETA: 25s - loss: 1.5691 - acc: 0.3488
2976/3458 [========================>.....] - ETA: 23s - loss: 1.5672 - acc: 0.3505
3008/3458 [=========================>....] - ETA: 22s - loss: 1.5677 - acc: 0.3521
3040/3458 [=========================>....] - ETA: 20s - loss: 1.5654 - acc: 0.3526
3072/3458 [=========================>....] - ETA: 19s - loss: 1.5645 - acc: 0.3519
3104/3458 [=========================>....] - ETA: 17s - loss: 1.5623 - acc: 0.3528
3136/3458 [==========================>...] - ETA: 15s - loss: 1.5599 - acc: 0.3533
3168/3458 [==========================>...] - ETA: 14s - loss: 1.5577 - acc: 0.3545
3200/3458 [==========================>...] - ETA: 12s - loss: 1.5551 - acc: 0.3556
3232/3458 [===========================>..] - ETA: 11s - loss: 1.5503 - acc: 0.3574
3264/3458 [===========================>..] - ETA: 9s - loss: 1.5473 - acc: 0.3594 
3296/3458 [===========================>..] - ETA: 7s - loss: 1.5440 - acc: 0.3604
3328/3458 [===========================>..] - ETA: 6s - loss: 1.5406 - acc: 0.3612
3360/3458 [============================>.] - ETA: 4s - loss: 1.5376 - acc: 0.3634
3392/3458 [============================>.] - ETA: 3s - loss: 1.5365 - acc: 0.3617
3424/3458 [============================>.] - ETA: 1s - loss: 1.5347 - acc: 0.3616
3456/3458 [============================>.] - ETA: 0s - loss: 1.5326 - acc: 0.3614
3458/3458 [==============================] - 171s 50ms/sample - loss: 1.5325 - acc: 0.3618

 32/865 [>.............................] - ETA: 7s - loss: 1.0804 - acc: 0.5000
 64/865 [=>............................] - ETA: 7s - loss: 1.0066 - acc: 0.5312
 96/865 [==>...........................] - ETA: 7s - loss: 1.1316 - acc: 0.5104
128/865 [===>..........................] - ETA: 6s - loss: 1.1490 - acc: 0.4844
160/865 [====>.........................] - ETA: 6s - loss: 1.1520 - acc: 0.4938
192/865 [=====>........................] - ETA: 6s - loss: 1.1350 - acc: 0.5000
224/865 [======>.......................] - ETA: 5s - loss: 1.1497 - acc: 0.5000
256/865 [=======>......................] - ETA: 5s - loss: 1.1513 - acc: 0.5117
288/865 [========>.....................] - ETA: 5s - loss: 1.1577 - acc: 0.4965
320/865 [==========>...................] - ETA: 4s - loss: 1.1625 - acc: 0.5063
352/865 [===========>..................] - ETA: 4s - loss: 1.1674 - acc: 0.5000
384/865 [============>.................] - ETA: 4s - loss: 1.1643 - acc: 0.5026
416/865 [=============>................] - ETA: 4s - loss: 1.1675 - acc: 0.5024
448/865 [==============>...............] - ETA: 3s - loss: 1.1824 - acc: 0.4978
480/865 [===============>..............] - ETA: 3s - loss: 1.1818 - acc: 0.4875
512/865 [================>.............] - ETA: 3s - loss: 1.1904 - acc: 0.4844
544/865 [=================>............] - ETA: 2s - loss: 1.2170 - acc: 0.4835
576/865 [==================>...........] - ETA: 2s - loss: 1.2293 - acc: 0.4844
608/865 [====================>.........] - ETA: 2s - loss: 1.2276 - acc: 0.4868
640/865 [=====================>........] - ETA: 2s - loss: 1.2312 - acc: 0.4906
672/865 [======================>.......] - ETA: 1s - loss: 1.2369 - acc: 0.4940
704/865 [=======================>......] - ETA: 1s - loss: 1.2376 - acc: 0.4929
736/865 [========================>.....] - ETA: 1s - loss: 1.2418 - acc: 0.4959
768/865 [=========================>....] - ETA: 0s - loss: 1.2344 - acc: 0.4987
800/865 [==========================>...] - ETA: 0s - loss: 1.2382 - acc: 0.4975
832/865 [===========================>..] - ETA: 0s - loss: 1.2383 - acc: 0.4964
864/865 [============================>.] - ETA: 0s - loss: 1.2350 - acc: 0.4942
865/865 [==============================] - 8s 9ms/sample - loss: 1.2337 - acc: 0.4948

  32/3458 [..............................] - ETA: 2:48 - loss: 1.1816 - acc: 0.4375
  64/3458 [..............................] - ETA: 2:45 - loss: 1.1501 - acc: 0.5000
  96/3458 [..............................] - ETA: 2:43 - loss: 1.2281 - acc: 0.4583
 128/3458 [>.............................] - ETA: 2:42 - loss: 1.1636 - acc: 0.5156
 160/3458 [>.............................] - ETA: 2:41 - loss: 1.1626 - acc: 0.5125
 192/3458 [>.............................] - ETA: 2:40 - loss: 1.1733 - acc: 0.4792
 224/3458 [>.............................] - ETA: 2:38 - loss: 1.1750 - acc: 0.4688
 256/3458 [=>............................] - ETA: 2:37 - loss: 1.1877 - acc: 0.4688
 288/3458 [=>............................] - ETA: 2:35 - loss: 1.1878 - acc: 0.4722
 320/3458 [=>............................] - ETA: 2:34 - loss: 1.2121 - acc: 0.4719
 352/3458 [==>...........................] - ETA: 2:32 - loss: 1.2152 - acc: 0.4744
 384/3458 [==>...........................] - ETA: 2:30 - loss: 1.1994 - acc: 0.4870
 416/3458 [==>...........................] - ETA: 2:29 - loss: 1.2181 - acc: 0.4904
 448/3458 [==>...........................] - ETA: 2:27 - loss: 1.2628 - acc: 0.4844
 480/3458 [===>..........................] - ETA: 2:26 - loss: 1.2944 - acc: 0.4750
 512/3458 [===>..........................] - ETA: 2:24 - loss: 1.2917 - acc: 0.4766
 544/3458 [===>..........................] - ETA: 2:23 - loss: 1.2954 - acc: 0.4724
 576/3458 [===>..........................] - ETA: 2:21 - loss: 1.3021 - acc: 0.4705
 608/3458 [====>.........................] - ETA: 2:19 - loss: 1.3061 - acc: 0.4753
 640/3458 [====>.........................] - ETA: 2:18 - loss: 1.3073 - acc: 0.4750
 672/3458 [====>.........................] - ETA: 2:16 - loss: 1.3036 - acc: 0.4658
 704/3458 [=====>........................] - ETA: 2:15 - loss: 1.3017 - acc: 0.4659
 736/3458 [=====>........................] - ETA: 2:13 - loss: 1.3099 - acc: 0.4565
 768/3458 [=====>........................] - ETA: 2:12 - loss: 1.3127 - acc: 0.4596
 800/3458 [=====>........................] - ETA: 2:10 - loss: 1.3109 - acc: 0.4613
 832/3458 [======>.......................] - ETA: 2:09 - loss: 1.3087 - acc: 0.4627
 864/3458 [======>.......................] - ETA: 2:07 - loss: 1.3208 - acc: 0.4572
 896/3458 [======>.......................] - ETA: 2:06 - loss: 1.3171 - acc: 0.4576
 928/3458 [=======>......................] - ETA: 2:04 - loss: 1.3168 - acc: 0.4601
 960/3458 [=======>......................] - ETA: 2:02 - loss: 1.3142 - acc: 0.4573
 992/3458 [=======>......................] - ETA: 2:01 - loss: 1.3235 - acc: 0.4526
1024/3458 [=======>......................] - ETA: 1:59 - loss: 1.3253 - acc: 0.4521
1056/3458 [========>.....................] - ETA: 1:58 - loss: 1.3274 - acc: 0.4508
1088/3458 [========>.....................] - ETA: 1:56 - loss: 1.3292 - acc: 0.4494
1120/3458 [========>.....................] - ETA: 1:55 - loss: 1.3284 - acc: 0.4491
1152/3458 [========>.....................] - ETA: 1:53 - loss: 1.3348 - acc: 0.4462
1184/3458 [=========>....................] - ETA: 1:51 - loss: 1.3362 - acc: 0.4502
1216/3458 [=========>....................] - ETA: 1:50 - loss: 1.3366 - acc: 0.4482
1248/3458 [=========>....................] - ETA: 1:48 - loss: 1.3331 - acc: 0.4479
1280/3458 [==========>...................] - ETA: 1:47 - loss: 1.3325 - acc: 0.4492
1312/3458 [==========>...................] - ETA: 1:45 - loss: 1.3340 - acc: 0.4497
1344/3458 [==========>...................] - ETA: 1:44 - loss: 1.3290 - acc: 0.4494
1376/3458 [==========>...................] - ETA: 1:42 - loss: 1.3293 - acc: 0.4513
1408/3458 [===========>..................] - ETA: 1:40 - loss: 1.3307 - acc: 0.4510
1440/3458 [===========>..................] - ETA: 1:39 - loss: 1.3316 - acc: 0.4528
1472/3458 [===========>..................] - ETA: 1:37 - loss: 1.3310 - acc: 0.4518
1504/3458 [============>.................] - ETA: 1:36 - loss: 1.3331 - acc: 0.4528
1536/3458 [============>.................] - ETA: 1:34 - loss: 1.3333 - acc: 0.4544
1568/3458 [============>.................] - ETA: 1:32 - loss: 1.3304 - acc: 0.4573
1600/3458 [============>.................] - ETA: 1:31 - loss: 1.3277 - acc: 0.4588
1632/3458 [=============>................] - ETA: 1:29 - loss: 1.3300 - acc: 0.4614
1664/3458 [=============>................] - ETA: 1:28 - loss: 1.3284 - acc: 0.4621
1696/3458 [=============>................] - ETA: 1:26 - loss: 1.3269 - acc: 0.4617
1728/3458 [=============>................] - ETA: 1:25 - loss: 1.3259 - acc: 0.4612
1760/3458 [==============>...............] - ETA: 1:23 - loss: 1.3267 - acc: 0.4631
1792/3458 [==============>...............] - ETA: 1:21 - loss: 1.3262 - acc: 0.4621
1824/3458 [==============>...............] - ETA: 1:20 - loss: 1.3226 - acc: 0.4633
1856/3458 [===============>..............] - ETA: 1:18 - loss: 1.3169 - acc: 0.4661
1888/3458 [===============>..............] - ETA: 1:17 - loss: 1.3160 - acc: 0.4650
1920/3458 [===============>..............] - ETA: 1:15 - loss: 1.3105 - acc: 0.4682
1952/3458 [===============>..............] - ETA: 1:14 - loss: 1.3126 - acc: 0.4667
1984/3458 [================>.............] - ETA: 1:12 - loss: 1.3105 - acc: 0.4667
2016/3458 [================>.............] - ETA: 1:10 - loss: 1.3158 - acc: 0.4663
2048/3458 [================>.............] - ETA: 1:09 - loss: 1.3147 - acc: 0.4648
2080/3458 [=================>............] - ETA: 1:07 - loss: 1.3114 - acc: 0.4649
2112/3458 [=================>............] - ETA: 1:06 - loss: 1.3066 - acc: 0.4683
2144/3458 [=================>............] - ETA: 1:04 - loss: 1.3104 - acc: 0.4669
2176/3458 [=================>............] - ETA: 1:03 - loss: 1.3081 - acc: 0.4674
2208/3458 [==================>...........] - ETA: 1:01 - loss: 1.3095 - acc: 0.4651
2240/3458 [==================>...........] - ETA: 59s - loss: 1.3108 - acc: 0.4652 
2272/3458 [==================>...........] - ETA: 58s - loss: 1.3106 - acc: 0.4652
2304/3458 [==================>...........] - ETA: 56s - loss: 1.3099 - acc: 0.4635
2336/3458 [===================>..........] - ETA: 55s - loss: 1.3093 - acc: 0.4623
2368/3458 [===================>..........] - ETA: 53s - loss: 1.3085 - acc: 0.4628
2400/3458 [===================>..........] - ETA: 52s - loss: 1.3090 - acc: 0.4608
2432/3458 [====================>.........] - ETA: 50s - loss: 1.3078 - acc: 0.4613
2464/3458 [====================>.........] - ETA: 48s - loss: 1.3068 - acc: 0.4627
2496/3458 [====================>.........] - ETA: 47s - loss: 1.3079 - acc: 0.4623
2528/3458 [====================>.........] - ETA: 45s - loss: 1.3101 - acc: 0.4628
2560/3458 [=====================>........] - ETA: 44s - loss: 1.3110 - acc: 0.4641
2592/3458 [=====================>........] - ETA: 42s - loss: 1.3092 - acc: 0.4649
2624/3458 [=====================>........] - ETA: 41s - loss: 1.3073 - acc: 0.4646
2656/3458 [======================>.......] - ETA: 39s - loss: 1.3079 - acc: 0.4635
2688/3458 [======================>.......] - ETA: 37s - loss: 1.3076 - acc: 0.4643
2720/3458 [======================>.......] - ETA: 36s - loss: 1.3078 - acc: 0.4636
2752/3458 [======================>.......] - ETA: 34s - loss: 1.3070 - acc: 0.4637
2784/3458 [=======================>......] - ETA: 33s - loss: 1.3051 - acc: 0.4648
2816/3458 [=======================>......] - ETA: 31s - loss: 1.3033 - acc: 0.4645
2848/3458 [=======================>......] - ETA: 29s - loss: 1.3051 - acc: 0.4635
2880/3458 [=======================>......] - ETA: 28s - loss: 1.3032 - acc: 0.4639
2912/3458 [========================>.....] - ETA: 26s - loss: 1.3029 - acc: 0.4650
2944/3458 [========================>.....] - ETA: 25s - loss: 1.3025 - acc: 0.4647
2976/3458 [========================>.....] - ETA: 23s - loss: 1.3018 - acc: 0.4644
3008/3458 [=========================>....] - ETA: 22s - loss: 1.2998 - acc: 0.4648
3040/3458 [=========================>....] - ETA: 20s - loss: 1.3021 - acc: 0.4655
3072/3458 [=========================>....] - ETA: 18s - loss: 1.2988 - acc: 0.4658
3104/3458 [=========================>....] - ETA: 17s - loss: 1.3000 - acc: 0.4649
3136/3458 [==========================>...] - ETA: 15s - loss: 1.2983 - acc: 0.4662
3168/3458 [==========================>...] - ETA: 14s - loss: 1.2989 - acc: 0.4650
3200/3458 [==========================>...] - ETA: 12s - loss: 1.3008 - acc: 0.4641
3232/3458 [===========================>..] - ETA: 11s - loss: 1.2993 - acc: 0.4657
3264/3458 [===========================>..] - ETA: 9s - loss: 1.2971 - acc: 0.4672 
3296/3458 [===========================>..] - ETA: 7s - loss: 1.3015 - acc: 0.4666
3328/3458 [===========================>..] - ETA: 6s - loss: 1.2986 - acc: 0.4691
3360/3458 [============================>.] - ETA: 4s - loss: 1.2994 - acc: 0.4702
3392/3458 [============================>.] - ETA: 3s - loss: 1.3006 - acc: 0.4699
3424/3458 [============================>.] - ETA: 1s - loss: 1.2986 - acc: 0.4705
3456/3458 [============================>.] - ETA: 0s - loss: 1.2961 - acc: 0.4719
3458/3458 [==============================] - 171s 49ms/sample - loss: 1.2962 - acc: 0.4717

 32/865 [>.............................] - ETA: 7s - loss: 1.1537 - acc: 0.3750
 64/865 [=>............................] - ETA: 7s - loss: 1.1473 - acc: 0.4531
 96/865 [==>...........................] - ETA: 7s - loss: 1.2465 - acc: 0.5104
128/865 [===>..........................] - ETA: 6s - loss: 1.2370 - acc: 0.4922
160/865 [====>.........................] - ETA: 6s - loss: 1.2168 - acc: 0.5250
192/865 [=====>........................] - ETA: 6s - loss: 1.1896 - acc: 0.5365
224/865 [======>.......................] - ETA: 5s - loss: 1.1885 - acc: 0.5223
256/865 [=======>......................] - ETA: 5s - loss: 1.1983 - acc: 0.5117
288/865 [========>.....................] - ETA: 5s - loss: 1.1921 - acc: 0.5035
320/865 [==========>...................] - ETA: 4s - loss: 1.1864 - acc: 0.5156
352/865 [===========>..................] - ETA: 4s - loss: 1.1890 - acc: 0.5142
384/865 [============>.................] - ETA: 4s - loss: 1.1904 - acc: 0.5130
416/865 [=============>................] - ETA: 4s - loss: 1.1862 - acc: 0.5072
448/865 [==============>...............] - ETA: 3s - loss: 1.1907 - acc: 0.5089
480/865 [===============>..............] - ETA: 3s - loss: 1.1886 - acc: 0.5042
512/865 [================>.............] - ETA: 3s - loss: 1.1894 - acc: 0.5000
544/865 [=================>............] - ETA: 2s - loss: 1.1938 - acc: 0.5037
576/865 [==================>...........] - ETA: 2s - loss: 1.1991 - acc: 0.4983
608/865 [====================>.........] - ETA: 2s - loss: 1.2050 - acc: 0.4934
640/865 [=====================>........] - ETA: 2s - loss: 1.2091 - acc: 0.4984
672/865 [======================>.......] - ETA: 1s - loss: 1.2163 - acc: 0.4940
704/865 [=======================>......] - ETA: 1s - loss: 1.2240 - acc: 0.4858
736/865 [========================>.....] - ETA: 1s - loss: 1.2259 - acc: 0.4837
768/865 [=========================>....] - ETA: 0s - loss: 1.2193 - acc: 0.4883
800/865 [==========================>...] - ETA: 0s - loss: 1.2157 - acc: 0.4900
832/865 [===========================>..] - ETA: 0s - loss: 1.2161 - acc: 0.4904
864/865 [============================>.] - ETA: 0s - loss: 1.2163 - acc: 0.4861
865/865 [==============================] - 8s 9ms/sample - loss: 1.2164 - acc: 0.4867

  32/3458 [..............................] - ETA: 2:46 - loss: 1.2412 - acc: 0.5625
  64/3458 [..............................] - ETA: 2:46 - loss: 1.1682 - acc: 0.5469
  96/3458 [..............................] - ETA: 2:44 - loss: 1.2114 - acc: 0.5208
 128/3458 [>.............................] - ETA: 2:43 - loss: 1.2487 - acc: 0.4844
 160/3458 [>.............................] - ETA: 2:42 - loss: 1.2495 - acc: 0.4750
 192/3458 [>.............................] - ETA: 2:41 - loss: 1.2341 - acc: 0.4583
 224/3458 [>.............................] - ETA: 2:39 - loss: 1.2435 - acc: 0.4688
 256/3458 [=>............................] - ETA: 2:37 - loss: 1.2500 - acc: 0.4531
 288/3458 [=>............................] - ETA: 2:36 - loss: 1.2188 - acc: 0.4688
 320/3458 [=>............................] - ETA: 2:34 - loss: 1.2275 - acc: 0.4625
 352/3458 [==>...........................] - ETA: 2:32 - loss: 1.2417 - acc: 0.4489
 384/3458 [==>...........................] - ETA: 2:31 - loss: 1.2432 - acc: 0.4531
 416/3458 [==>...........................] - ETA: 2:29 - loss: 1.2445 - acc: 0.4543
 448/3458 [==>...........................] - ETA: 2:28 - loss: 1.2522 - acc: 0.4576
 480/3458 [===>..........................] - ETA: 2:26 - loss: 1.2623 - acc: 0.4604
 512/3458 [===>..........................] - ETA: 2:25 - loss: 1.2544 - acc: 0.4648
 544/3458 [===>..........................] - ETA: 2:23 - loss: 1.2550 - acc: 0.4724
 576/3458 [===>..........................] - ETA: 2:21 - loss: 1.2465 - acc: 0.4792
 608/3458 [====>.........................] - ETA: 2:20 - loss: 1.2422 - acc: 0.4819
 640/3458 [====>.........................] - ETA: 2:18 - loss: 1.2359 - acc: 0.4859
 672/3458 [====>.........................] - ETA: 2:17 - loss: 1.2480 - acc: 0.4821
 704/3458 [=====>........................] - ETA: 2:15 - loss: 1.2446 - acc: 0.4844
 736/3458 [=====>........................] - ETA: 2:13 - loss: 1.2417 - acc: 0.4918
 768/3458 [=====>........................] - ETA: 2:12 - loss: 1.2491 - acc: 0.4857
 800/3458 [=====>........................] - ETA: 2:10 - loss: 1.2512 - acc: 0.4888
 832/3458 [======>.......................] - ETA: 2:09 - loss: 1.2722 - acc: 0.4916
 864/3458 [======>.......................] - ETA: 2:07 - loss: 1.2645 - acc: 0.4977
 896/3458 [======>.......................] - ETA: 2:05 - loss: 1.2627 - acc: 0.4955
 928/3458 [=======>......................] - ETA: 2:04 - loss: 1.2647 - acc: 0.4978
 960/3458 [=======>......................] - ETA: 2:02 - loss: 1.2681 - acc: 0.4958
 992/3458 [=======>......................] - ETA: 2:01 - loss: 1.2721 - acc: 0.4919
1024/3458 [=======>......................] - ETA: 1:59 - loss: 1.2705 - acc: 0.4932
1056/3458 [========>.....................] - ETA: 1:58 - loss: 1.2695 - acc: 0.4943
1088/3458 [========>.....................] - ETA: 1:56 - loss: 1.2688 - acc: 0.4963
1120/3458 [========>.....................] - ETA: 1:54 - loss: 1.2592 - acc: 0.5036
1152/3458 [========>.....................] - ETA: 1:53 - loss: 1.2589 - acc: 0.5017
1184/3458 [=========>....................] - ETA: 1:51 - loss: 1.2551 - acc: 0.5008
1216/3458 [=========>....................] - ETA: 1:50 - loss: 1.2609 - acc: 0.4951
1248/3458 [=========>....................] - ETA: 1:48 - loss: 1.2554 - acc: 0.4968
1280/3458 [==========>...................] - ETA: 1:47 - loss: 1.2445 - acc: 0.4992
1312/3458 [==========>...................] - ETA: 1:45 - loss: 1.2446 - acc: 0.4992
1344/3458 [==========>...................] - ETA: 1:43 - loss: 1.2408 - acc: 0.4993
1376/3458 [==========>...................] - ETA: 1:42 - loss: 1.2377 - acc: 0.5000
1408/3458 [===========>..................] - ETA: 1:40 - loss: 1.2368 - acc: 0.5021
1440/3458 [===========>..................] - ETA: 1:39 - loss: 1.2341 - acc: 0.5042
1472/3458 [===========>..................] - ETA: 1:37 - loss: 1.2351 - acc: 0.5034
1504/3458 [============>.................] - ETA: 1:36 - loss: 1.2339 - acc: 0.5053
1536/3458 [============>.................] - ETA: 1:34 - loss: 1.2313 - acc: 0.5052
1568/3458 [============>.................] - ETA: 1:32 - loss: 1.2290 - acc: 0.5057
1600/3458 [============>.................] - ETA: 1:31 - loss: 1.2280 - acc: 0.5069
1632/3458 [=============>................] - ETA: 1:29 - loss: 1.2260 - acc: 0.5055
1664/3458 [=============>................] - ETA: 1:28 - loss: 1.2292 - acc: 0.5048
1696/3458 [=============>................] - ETA: 1:26 - loss: 1.2260 - acc: 0.5053
1728/3458 [=============>................] - ETA: 1:25 - loss: 1.2229 - acc: 0.5081
1760/3458 [==============>...............] - ETA: 1:23 - loss: 1.2211 - acc: 0.5097
1792/3458 [==============>...............] - ETA: 1:21 - loss: 1.2215 - acc: 0.5089
1824/3458 [==============>...............] - ETA: 1:20 - loss: 1.2245 - acc: 0.5082
1856/3458 [===============>..............] - ETA: 1:18 - loss: 1.2237 - acc: 0.5086
1888/3458 [===============>..............] - ETA: 1:17 - loss: 1.2197 - acc: 0.5101
1920/3458 [===============>..............] - ETA: 1:15 - loss: 1.2186 - acc: 0.5104
1952/3458 [===============>..............] - ETA: 1:13 - loss: 1.2203 - acc: 0.5082
1984/3458 [================>.............] - ETA: 1:12 - loss: 1.2191 - acc: 0.5066
2016/3458 [================>.............] - ETA: 1:10 - loss: 1.2180 - acc: 0.5064
2048/3458 [================>.............] - ETA: 1:09 - loss: 1.2156 - acc: 0.5078
2080/3458 [=================>............] - ETA: 1:07 - loss: 1.2129 - acc: 0.5101
2112/3458 [=================>............] - ETA: 1:06 - loss: 1.2178 - acc: 0.5090
2144/3458 [=================>............] - ETA: 1:04 - loss: 1.2204 - acc: 0.5098
2176/3458 [=================>............] - ETA: 1:03 - loss: 1.2174 - acc: 0.5129
2208/3458 [==================>...........] - ETA: 1:01 - loss: 1.2148 - acc: 0.5149
2240/3458 [==================>...........] - ETA: 59s - loss: 1.2151 - acc: 0.5147 
2272/3458 [==================>...........] - ETA: 58s - loss: 1.2130 - acc: 0.5158
2304/3458 [==================>...........] - ETA: 56s - loss: 1.2079 - acc: 0.5182
2336/3458 [===================>..........] - ETA: 55s - loss: 1.2048 - acc: 0.5180
2368/3458 [===================>..........] - ETA: 53s - loss: 1.2020 - acc: 0.5190
2400/3458 [===================>..........] - ETA: 52s - loss: 1.2067 - acc: 0.5196
2432/3458 [====================>.........] - ETA: 50s - loss: 1.2097 - acc: 0.5206
2464/3458 [====================>.........] - ETA: 48s - loss: 1.2070 - acc: 0.5211
2496/3458 [====================>.........] - ETA: 47s - loss: 1.2046 - acc: 0.5224
2528/3458 [====================>.........] - ETA: 45s - loss: 1.2020 - acc: 0.5241
2560/3458 [=====================>........] - ETA: 44s - loss: 1.1997 - acc: 0.5242
2592/3458 [=====================>........] - ETA: 42s - loss: 1.1953 - acc: 0.5255
2624/3458 [=====================>........] - ETA: 41s - loss: 1.1931 - acc: 0.5255
2656/3458 [======================>.......] - ETA: 39s - loss: 1.1918 - acc: 0.5260
2688/3458 [======================>.......] - ETA: 37s - loss: 1.1912 - acc: 0.5260
2720/3458 [======================>.......] - ETA: 36s - loss: 1.1935 - acc: 0.5254
2752/3458 [======================>.......] - ETA: 34s - loss: 1.1931 - acc: 0.5240
2784/3458 [=======================>......] - ETA: 33s - loss: 1.1925 - acc: 0.5237
2816/3458 [=======================>......] - ETA: 31s - loss: 1.1897 - acc: 0.5249
2848/3458 [=======================>......] - ETA: 29s - loss: 1.1882 - acc: 0.5256
2880/3458 [=======================>......] - ETA: 28s - loss: 1.1882 - acc: 0.5264
2912/3458 [========================>.....] - ETA: 26s - loss: 1.1906 - acc: 0.5247
2944/3458 [========================>.....] - ETA: 25s - loss: 1.1882 - acc: 0.5255
2976/3458 [========================>.....] - ETA: 23s - loss: 1.1897 - acc: 0.5255
3008/3458 [=========================>....] - ETA: 22s - loss: 1.1866 - acc: 0.5263
3040/3458 [=========================>....] - ETA: 20s - loss: 1.1890 - acc: 0.5250
3072/3458 [=========================>....] - ETA: 18s - loss: 1.1886 - acc: 0.5238
3104/3458 [=========================>....] - ETA: 17s - loss: 1.1871 - acc: 0.5248
3136/3458 [==========================>...] - ETA: 15s - loss: 1.1859 - acc: 0.5236
3168/3458 [==========================>...] - ETA: 14s - loss: 1.1849 - acc: 0.5237
3200/3458 [==========================>...] - ETA: 12s - loss: 1.1856 - acc: 0.5244
3232/3458 [===========================>..] - ETA: 11s - loss: 1.1862 - acc: 0.5254
3264/3458 [===========================>..] - ETA: 9s - loss: 1.1849 - acc: 0.5251 
3296/3458 [===========================>..] - ETA: 7s - loss: 1.1859 - acc: 0.5249
3328/3458 [===========================>..] - ETA: 6s - loss: 1.1836 - acc: 0.5267
3360/3458 [============================>.] - ETA: 4s - loss: 1.1821 - acc: 0.5274
3392/3458 [============================>.] - ETA: 3s - loss: 1.1798 - acc: 0.5286
3424/3458 [============================>.] - ETA: 1s - loss: 1.1785 - acc: 0.5280
3456/3458 [============================>.] - ETA: 0s - loss: 1.1836 - acc: 0.5260
3458/3458 [==============================] - 171s 49ms/sample - loss: 1.1834 - acc: 0.5263

 32/865 [>.............................] - ETA: 7s - loss: 0.9259 - acc: 0.5625
 64/865 [=>............................] - ETA: 7s - loss: 0.8691 - acc: 0.6719
 96/865 [==>...........................] - ETA: 7s - loss: 0.9399 - acc: 0.6875
128/865 [===>..........................] - ETA: 6s - loss: 0.9595 - acc: 0.6797
160/865 [====>.........................] - ETA: 6s - loss: 0.9597 - acc: 0.6687
192/865 [=====>........................] - ETA: 6s - loss: 0.9389 - acc: 0.6719
224/865 [======>.......................] - ETA: 5s - loss: 0.9474 - acc: 0.6607
256/865 [=======>......................] - ETA: 5s - loss: 0.9456 - acc: 0.6562
288/865 [========>.....................] - ETA: 5s - loss: 0.9419 - acc: 0.6632
320/865 [==========>...................] - ETA: 4s - loss: 0.9404 - acc: 0.6687
352/865 [===========>..................] - ETA: 4s - loss: 0.9483 - acc: 0.6619
384/865 [============>.................] - ETA: 4s - loss: 0.9492 - acc: 0.6589
416/865 [=============>................] - ETA: 4s - loss: 0.9479 - acc: 0.6562
448/865 [==============>...............] - ETA: 3s - loss: 0.9509 - acc: 0.6607
480/865 [===============>..............] - ETA: 3s - loss: 0.9476 - acc: 0.6604
512/865 [================>.............] - ETA: 3s - loss: 0.9479 - acc: 0.6543
544/865 [=================>............] - ETA: 2s - loss: 0.9702 - acc: 0.6507
576/865 [==================>...........] - ETA: 2s - loss: 0.9799 - acc: 0.6406
608/865 [====================>.........] - ETA: 2s - loss: 0.9860 - acc: 0.6349
640/865 [=====================>........] - ETA: 2s - loss: 0.9875 - acc: 0.6328
672/865 [======================>.......] - ETA: 1s - loss: 0.9948 - acc: 0.6280
704/865 [=======================>......] - ETA: 1s - loss: 1.0021 - acc: 0.6179
736/865 [========================>.....] - ETA: 1s - loss: 0.9992 - acc: 0.6209
768/865 [=========================>....] - ETA: 0s - loss: 0.9924 - acc: 0.6237
800/865 [==========================>...] - ETA: 0s - loss: 0.9936 - acc: 0.6225
832/865 [===========================>..] - ETA: 0s - loss: 0.9979 - acc: 0.6202
864/865 [============================>.] - ETA: 0s - loss: 0.9953 - acc: 0.6181
865/865 [==============================] - 8s 9ms/sample - loss: 0.9944 - acc: 0.6185

  32/3458 [..............................] - ETA: 2:44 - loss: 1.0986 - acc: 0.4688
  64/3458 [..............................] - ETA: 2:43 - loss: 1.1454 - acc: 0.4844
  96/3458 [..............................] - ETA: 2:41 - loss: 1.1372 - acc: 0.5000
 128/3458 [>.............................] - ETA: 2:41 - loss: 1.1521 - acc: 0.5000
 160/3458 [>.............................] - ETA: 2:40 - loss: 1.1648 - acc: 0.5125
 192/3458 [>.............................] - ETA: 2:39 - loss: 1.1086 - acc: 0.5469
 224/3458 [>.............................] - ETA: 2:37 - loss: 1.1003 - acc: 0.5536
 256/3458 [=>............................] - ETA: 2:36 - loss: 1.0735 - acc: 0.5703
 288/3458 [=>............................] - ETA: 2:34 - loss: 1.0759 - acc: 0.5694
 320/3458 [=>............................] - ETA: 2:33 - loss: 1.0725 - acc: 0.5594
 352/3458 [==>...........................] - ETA: 2:31 - loss: 1.0724 - acc: 0.5597
 384/3458 [==>...........................] - ETA: 2:30 - loss: 1.0516 - acc: 0.5651
 416/3458 [==>...........................] - ETA: 2:28 - loss: 1.0536 - acc: 0.5625
 448/3458 [==>...........................] - ETA: 2:27 - loss: 1.0507 - acc: 0.5647
 480/3458 [===>..........................] - ETA: 2:25 - loss: 1.0647 - acc: 0.5688
 512/3458 [===>..........................] - ETA: 2:24 - loss: 1.0437 - acc: 0.5723
 544/3458 [===>..........................] - ETA: 2:23 - loss: 1.0451 - acc: 0.5662
 576/3458 [===>..........................] - ETA: 2:21 - loss: 1.0377 - acc: 0.5729
 608/3458 [====>.........................] - ETA: 2:19 - loss: 1.0527 - acc: 0.5674
 640/3458 [====>.........................] - ETA: 2:18 - loss: 1.0657 - acc: 0.5641
 672/3458 [====>.........................] - ETA: 2:16 - loss: 1.0800 - acc: 0.5610
 704/3458 [=====>........................] - ETA: 2:15 - loss: 1.0829 - acc: 0.5554
 736/3458 [=====>........................] - ETA: 2:13 - loss: 1.0899 - acc: 0.5543
 768/3458 [=====>........................] - ETA: 2:12 - loss: 1.0869 - acc: 0.5560
 800/3458 [=====>........................] - ETA: 2:10 - loss: 1.1057 - acc: 0.5487
 832/3458 [======>.......................] - ETA: 2:08 - loss: 1.1035 - acc: 0.5529
 864/3458 [======>.......................] - ETA: 2:07 - loss: 1.1006 - acc: 0.5532
 896/3458 [======>.......................] - ETA: 2:05 - loss: 1.1047 - acc: 0.5536
 928/3458 [=======>......................] - ETA: 2:04 - loss: 1.1054 - acc: 0.5517
 960/3458 [=======>......................] - ETA: 2:02 - loss: 1.1126 - acc: 0.5479
 992/3458 [=======>......................] - ETA: 2:01 - loss: 1.1174 - acc: 0.5484
1024/3458 [=======>......................] - ETA: 1:59 - loss: 1.1220 - acc: 0.5449
1056/3458 [========>.....................] - ETA: 1:58 - loss: 1.1155 - acc: 0.5473
1088/3458 [========>.....................] - ETA: 1:56 - loss: 1.1193 - acc: 0.5441
1120/3458 [========>.....................] - ETA: 1:55 - loss: 1.1185 - acc: 0.5473
1152/3458 [========>.....................] - ETA: 1:53 - loss: 1.1290 - acc: 0.5469
1184/3458 [=========>....................] - ETA: 1:51 - loss: 1.1280 - acc: 0.5448
1216/3458 [=========>....................] - ETA: 1:50 - loss: 1.1321 - acc: 0.5436
1248/3458 [=========>....................] - ETA: 1:48 - loss: 1.1286 - acc: 0.5433
1280/3458 [==========>...................] - ETA: 1:47 - loss: 1.1245 - acc: 0.5453
1312/3458 [==========>...................] - ETA: 1:45 - loss: 1.1240 - acc: 0.5480
1344/3458 [==========>...................] - ETA: 1:43 - loss: 1.1271 - acc: 0.5484
1376/3458 [==========>...................] - ETA: 1:42 - loss: 1.1289 - acc: 0.5480
1408/3458 [===========>..................] - ETA: 1:40 - loss: 1.1285 - acc: 0.5490
1440/3458 [===========>..................] - ETA: 1:39 - loss: 1.1227 - acc: 0.5507
1472/3458 [===========>..................] - ETA: 1:37 - loss: 1.1263 - acc: 0.5523
1504/3458 [============>.................] - ETA: 1:36 - loss: 1.1208 - acc: 0.5552
1536/3458 [============>.................] - ETA: 1:34 - loss: 1.1217 - acc: 0.5560
1568/3458 [============>.................] - ETA: 1:32 - loss: 1.1252 - acc: 0.5561
1600/3458 [============>.................] - ETA: 1:31 - loss: 1.1301 - acc: 0.5537
1632/3458 [=============>................] - ETA: 1:29 - loss: 1.1258 - acc: 0.5558
1664/3458 [=============>................] - ETA: 1:28 - loss: 1.1281 - acc: 0.5535
1696/3458 [=============>................] - ETA: 1:26 - loss: 1.1274 - acc: 0.5519
1728/3458 [=============>................] - ETA: 1:25 - loss: 1.1264 - acc: 0.5509
1760/3458 [==============>...............] - ETA: 1:23 - loss: 1.1249 - acc: 0.5517
1792/3458 [==============>...............] - ETA: 1:21 - loss: 1.1244 - acc: 0.5508
1824/3458 [==============>...............] - ETA: 1:20 - loss: 1.1267 - acc: 0.5515
1856/3458 [===============>..............] - ETA: 1:18 - loss: 1.1250 - acc: 0.5523
1888/3458 [===============>..............] - ETA: 1:17 - loss: 1.1231 - acc: 0.5530
1920/3458 [===============>..............] - ETA: 1:15 - loss: 1.1200 - acc: 0.5542
1952/3458 [===============>..............] - ETA: 1:14 - loss: 1.1187 - acc: 0.5543
1984/3458 [================>.............] - ETA: 1:12 - loss: 1.1228 - acc: 0.5534
2016/3458 [================>.............] - ETA: 1:11 - loss: 1.1219 - acc: 0.5536
2048/3458 [================>.............] - ETA: 1:09 - loss: 1.1214 - acc: 0.5527
2080/3458 [=================>............] - ETA: 1:07 - loss: 1.1192 - acc: 0.5543
2112/3458 [=================>............] - ETA: 1:06 - loss: 1.1163 - acc: 0.5563
2144/3458 [=================>............] - ETA: 1:04 - loss: 1.1127 - acc: 0.5564
2176/3458 [=================>............] - ETA: 1:03 - loss: 1.1129 - acc: 0.5565
2208/3458 [==================>...........] - ETA: 1:01 - loss: 1.1092 - acc: 0.5584
2240/3458 [==================>...........] - ETA: 59s - loss: 1.1069 - acc: 0.5598 
2272/3458 [==================>...........] - ETA: 58s - loss: 1.1056 - acc: 0.5612
2304/3458 [==================>...........] - ETA: 56s - loss: 1.1082 - acc: 0.5603
2336/3458 [===================>..........] - ETA: 55s - loss: 1.1068 - acc: 0.5595
2368/3458 [===================>..........] - ETA: 53s - loss: 1.1053 - acc: 0.5595
2400/3458 [===================>..........] - ETA: 52s - loss: 1.1084 - acc: 0.5608
2432/3458 [====================>.........] - ETA: 50s - loss: 1.1078 - acc: 0.5609
2464/3458 [====================>.........] - ETA: 48s - loss: 1.1026 - acc: 0.5637
2496/3458 [====================>.........] - ETA: 47s - loss: 1.1053 - acc: 0.5641
2528/3458 [====================>.........] - ETA: 45s - loss: 1.1060 - acc: 0.5621
2560/3458 [=====================>........] - ETA: 44s - loss: 1.1100 - acc: 0.5602
2592/3458 [=====================>........] - ETA: 42s - loss: 1.1094 - acc: 0.5598
2624/3458 [=====================>........] - ETA: 41s - loss: 1.1120 - acc: 0.5587
2656/3458 [======================>.......] - ETA: 39s - loss: 1.1133 - acc: 0.5587
2688/3458 [======================>.......] - ETA: 37s - loss: 1.1117 - acc: 0.5592
2720/3458 [======================>.......] - ETA: 36s - loss: 1.1142 - acc: 0.5585
2752/3458 [======================>.......] - ETA: 34s - loss: 1.1160 - acc: 0.5567
2784/3458 [=======================>......] - ETA: 33s - loss: 1.1147 - acc: 0.5575
2816/3458 [=======================>......] - ETA: 31s - loss: 1.1139 - acc: 0.5586
2848/3458 [=======================>......] - ETA: 30s - loss: 1.1156 - acc: 0.5579
2880/3458 [=======================>......] - ETA: 28s - loss: 1.1196 - acc: 0.5576
2912/3458 [========================>.....] - ETA: 26s - loss: 1.1194 - acc: 0.5584
2944/3458 [========================>.....] - ETA: 25s - loss: 1.1195 - acc: 0.5581
2976/3458 [========================>.....] - ETA: 23s - loss: 1.1197 - acc: 0.5591
3008/3458 [=========================>....] - ETA: 22s - loss: 1.1200 - acc: 0.5592
3040/3458 [=========================>....] - ETA: 20s - loss: 1.1205 - acc: 0.5595
3072/3458 [=========================>....] - ETA: 18s - loss: 1.1228 - acc: 0.5576
3104/3458 [=========================>....] - ETA: 17s - loss: 1.1229 - acc: 0.5570
3136/3458 [==========================>...] - ETA: 15s - loss: 1.1206 - acc: 0.5580
3168/3458 [==========================>...] - ETA: 14s - loss: 1.1230 - acc: 0.5578
3200/3458 [==========================>...] - ETA: 12s - loss: 1.1218 - acc: 0.5575
3232/3458 [===========================>..] - ETA: 11s - loss: 1.1218 - acc: 0.5572
3264/3458 [===========================>..] - ETA: 9s - loss: 1.1178 - acc: 0.5591 
3296/3458 [===========================>..] - ETA: 7s - loss: 1.1187 - acc: 0.5589
3328/3458 [===========================>..] - ETA: 6s - loss: 1.1182 - acc: 0.5589
3360/3458 [============================>.] - ETA: 4s - loss: 1.1204 - acc: 0.5583
3392/3458 [============================>.] - ETA: 3s - loss: 1.1206 - acc: 0.5578
3424/3458 [============================>.] - ETA: 1s - loss: 1.1203 - acc: 0.5581
3456/3458 [============================>.] - ETA: 0s - loss: 1.1217 - acc: 0.5573
3458/3458 [==============================] - 171s 49ms/sample - loss: 1.1215 - acc: 0.5573

 32/865 [>.............................] - ETA: 7s - loss: 0.9271 - acc: 0.6250
 64/865 [=>............................] - ETA: 7s - loss: 0.8230 - acc: 0.6875
 96/865 [==>...........................] - ETA: 6s - loss: 0.9348 - acc: 0.6875
128/865 [===>..........................] - ETA: 6s - loss: 0.9213 - acc: 0.6719
160/865 [====>.........................] - ETA: 6s - loss: 0.9619 - acc: 0.6500
192/865 [=====>........................] - ETA: 6s - loss: 0.9572 - acc: 0.6354
224/865 [======>.......................] - ETA: 5s - loss: 0.9780 - acc: 0.6250
256/865 [=======>......................] - ETA: 5s - loss: 0.9973 - acc: 0.6172
288/865 [========>.....................] - ETA: 5s - loss: 0.9825 - acc: 0.6181
320/865 [==========>...................] - ETA: 4s - loss: 0.9892 - acc: 0.6219
352/865 [===========>..................] - ETA: 4s - loss: 1.0052 - acc: 0.6165
384/865 [============>.................] - ETA: 4s - loss: 1.0057 - acc: 0.6068
416/865 [=============>................] - ETA: 4s - loss: 1.0044 - acc: 0.6058
448/865 [==============>...............] - ETA: 3s - loss: 0.9996 - acc: 0.6094
480/865 [===============>..............] - ETA: 3s - loss: 0.9948 - acc: 0.6104
512/865 [================>.............] - ETA: 3s - loss: 0.9994 - acc: 0.6074
544/865 [=================>............] - ETA: 2s - loss: 1.0152 - acc: 0.6048
576/865 [==================>...........] - ETA: 2s - loss: 1.0300 - acc: 0.5972
608/865 [====================>.........] - ETA: 2s - loss: 1.0307 - acc: 0.5954
640/865 [=====================>........] - ETA: 2s - loss: 1.0324 - acc: 0.5984
672/865 [======================>.......] - ETA: 1s - loss: 1.0398 - acc: 0.5982
704/865 [=======================>......] - ETA: 1s - loss: 1.0460 - acc: 0.5952
736/865 [========================>.....] - ETA: 1s - loss: 1.0478 - acc: 0.5910
768/865 [=========================>....] - ETA: 0s - loss: 1.0419 - acc: 0.5911
800/865 [==========================>...] - ETA: 0s - loss: 1.0452 - acc: 0.5925
832/865 [===========================>..] - ETA: 0s - loss: 1.0542 - acc: 0.5889
864/865 [============================>.] - ETA: 0s - loss: 1.0444 - acc: 0.5949
865/865 [==============================] - 8s 9ms/sample - loss: 1.0435 - acc: 0.5954

  32/3458 [..............................] - ETA: 2:45 - loss: 1.2918 - acc: 0.4062
  64/3458 [..............................] - ETA: 2:45 - loss: 1.2157 - acc: 0.4844
  96/3458 [..............................] - ETA: 2:44 - loss: 1.0888 - acc: 0.5312
 128/3458 [>.............................] - ETA: 2:42 - loss: 1.0804 - acc: 0.5391
 160/3458 [>.............................] - ETA: 2:41 - loss: 1.0809 - acc: 0.5375
 192/3458 [>.............................] - ETA: 2:39 - loss: 1.0893 - acc: 0.5312
 224/3458 [>.............................] - ETA: 2:38 - loss: 1.1121 - acc: 0.5312
 256/3458 [=>............................] - ETA: 2:37 - loss: 1.1231 - acc: 0.5312
 288/3458 [=>............................] - ETA: 2:35 - loss: 1.0991 - acc: 0.5382
 320/3458 [=>............................] - ETA: 2:34 - loss: 1.0956 - acc: 0.5437
 352/3458 [==>...........................] - ETA: 2:32 - loss: 1.0825 - acc: 0.5568
 384/3458 [==>...........................] - ETA: 2:30 - loss: 1.0787 - acc: 0.5651
 416/3458 [==>...........................] - ETA: 2:29 - loss: 1.0872 - acc: 0.5745
 448/3458 [==>...........................] - ETA: 2:28 - loss: 1.0923 - acc: 0.5670
 480/3458 [===>..........................] - ETA: 2:26 - loss: 1.0856 - acc: 0.5667
 512/3458 [===>..........................] - ETA: 2:25 - loss: 1.0853 - acc: 0.5645
 544/3458 [===>..........................] - ETA: 2:23 - loss: 1.0771 - acc: 0.5680
 576/3458 [===>..........................] - ETA: 2:21 - loss: 1.0632 - acc: 0.5799
 608/3458 [====>.........................] - ETA: 2:20 - loss: 1.0572 - acc: 0.5806
 640/3458 [====>.........................] - ETA: 2:18 - loss: 1.0657 - acc: 0.5750
 672/3458 [====>.........................] - ETA: 2:17 - loss: 1.0733 - acc: 0.5670
 704/3458 [=====>........................] - ETA: 2:15 - loss: 1.0570 - acc: 0.5739
 736/3458 [=====>........................] - ETA: 2:14 - loss: 1.0477 - acc: 0.5802
 768/3458 [=====>........................] - ETA: 2:12 - loss: 1.0486 - acc: 0.5807
 800/3458 [=====>........................] - ETA: 2:11 - loss: 1.0605 - acc: 0.5788
 832/3458 [======>.......................] - ETA: 2:09 - loss: 1.0544 - acc: 0.5793
 864/3458 [======>.......................] - ETA: 2:07 - loss: 1.0560 - acc: 0.5799
 896/3458 [======>.......................] - ETA: 2:06 - loss: 1.0486 - acc: 0.5859
 928/3458 [=======>......................] - ETA: 2:04 - loss: 1.0459 - acc: 0.5884
 960/3458 [=======>......................] - ETA: 2:03 - loss: 1.0458 - acc: 0.5875
 992/3458 [=======>......................] - ETA: 2:01 - loss: 1.0487 - acc: 0.5907
1024/3458 [=======>......................] - ETA: 1:59 - loss: 1.0622 - acc: 0.5898
1056/3458 [========>.....................] - ETA: 1:58 - loss: 1.0608 - acc: 0.5881
1088/3458 [========>.....................] - ETA: 1:56 - loss: 1.0608 - acc: 0.5873
1120/3458 [========>.....................] - ETA: 1:55 - loss: 1.0638 - acc: 0.5866
1152/3458 [========>.....................] - ETA: 1:53 - loss: 1.0540 - acc: 0.5894
1184/3458 [=========>....................] - ETA: 1:52 - loss: 1.0512 - acc: 0.5895
1216/3458 [=========>....................] - ETA: 1:50 - loss: 1.0437 - acc: 0.5929
1248/3458 [=========>....................] - ETA: 1:48 - loss: 1.0523 - acc: 0.5889
1280/3458 [==========>...................] - ETA: 1:47 - loss: 1.0489 - acc: 0.5922
1312/3458 [==========>...................] - ETA: 1:45 - loss: 1.0494 - acc: 0.5922
1344/3458 [==========>...................] - ETA: 1:44 - loss: 1.0514 - acc: 0.5900
1376/3458 [==========>...................] - ETA: 1:42 - loss: 1.0499 - acc: 0.5901
1408/3458 [===========>..................] - ETA: 1:40 - loss: 1.0557 - acc: 0.5881
1440/3458 [===========>..................] - ETA: 1:39 - loss: 1.0560 - acc: 0.5910
1472/3458 [===========>..................] - ETA: 1:37 - loss: 1.0531 - acc: 0.5904
1504/3458 [============>.................] - ETA: 1:36 - loss: 1.0549 - acc: 0.5891
1536/3458 [============>.................] - ETA: 1:34 - loss: 1.0565 - acc: 0.5898
1568/3458 [============>.................] - ETA: 1:33 - loss: 1.0556 - acc: 0.5899
1600/3458 [============>.................] - ETA: 1:31 - loss: 1.0491 - acc: 0.5931
1632/3458 [=============>................] - ETA: 1:29 - loss: 1.0520 - acc: 0.5907
1664/3458 [=============>................] - ETA: 1:28 - loss: 1.0534 - acc: 0.5889
1696/3458 [=============>................] - ETA: 1:26 - loss: 1.0495 - acc: 0.5908
1728/3458 [=============>................] - ETA: 1:25 - loss: 1.0443 - acc: 0.5943
1760/3458 [==============>...............] - ETA: 1:23 - loss: 1.0448 - acc: 0.5932
1792/3458 [==============>...............] - ETA: 1:22 - loss: 1.0543 - acc: 0.5921
1824/3458 [==============>...............] - ETA: 1:20 - loss: 1.0525 - acc: 0.5938
1856/3458 [===============>..............] - ETA: 1:18 - loss: 1.0540 - acc: 0.5916
1888/3458 [===============>..............] - ETA: 1:17 - loss: 1.0479 - acc: 0.5953
1920/3458 [===============>..............] - ETA: 1:15 - loss: 1.0473 - acc: 0.5958
1952/3458 [===============>..............] - ETA: 1:14 - loss: 1.0472 - acc: 0.5958
1984/3458 [================>.............] - ETA: 1:12 - loss: 1.0469 - acc: 0.5958
2016/3458 [================>.............] - ETA: 1:11 - loss: 1.0551 - acc: 0.5933
2048/3458 [================>.............] - ETA: 1:09 - loss: 1.0568 - acc: 0.5908
2080/3458 [=================>............] - ETA: 1:07 - loss: 1.0548 - acc: 0.5913
2112/3458 [=================>............] - ETA: 1:06 - loss: 1.0537 - acc: 0.5909
2144/3458 [=================>............] - ETA: 1:04 - loss: 1.0565 - acc: 0.5886
2176/3458 [=================>............] - ETA: 1:03 - loss: 1.0556 - acc: 0.5896
2208/3458 [==================>...........] - ETA: 1:01 - loss: 1.0500 - acc: 0.5919
2240/3458 [==================>...........] - ETA: 1:00 - loss: 1.0535 - acc: 0.5897
2272/3458 [==================>...........] - ETA: 58s - loss: 1.0555 - acc: 0.5893 
2304/3458 [==================>...........] - ETA: 56s - loss: 1.0571 - acc: 0.5872
2336/3458 [===================>..........] - ETA: 55s - loss: 1.0541 - acc: 0.5890
2368/3458 [===================>..........] - ETA: 53s - loss: 1.0522 - acc: 0.5891
2400/3458 [===================>..........] - ETA: 52s - loss: 1.0510 - acc: 0.5896
2432/3458 [====================>.........] - ETA: 50s - loss: 1.0501 - acc: 0.5884
2464/3458 [====================>.........] - ETA: 49s - loss: 1.0489 - acc: 0.5897
2496/3458 [====================>.........] - ETA: 47s - loss: 1.0472 - acc: 0.5909
2528/3458 [====================>.........] - ETA: 45s - loss: 1.0476 - acc: 0.5910
2560/3458 [=====================>........] - ETA: 44s - loss: 1.0449 - acc: 0.5914
2592/3458 [=====================>........] - ETA: 42s - loss: 1.0438 - acc: 0.5934
2624/3458 [=====================>........] - ETA: 41s - loss: 1.0447 - acc: 0.5941
2656/3458 [======================>.......] - ETA: 39s - loss: 1.0417 - acc: 0.5949
2688/3458 [======================>.......] - ETA: 37s - loss: 1.0424 - acc: 0.5945
2720/3458 [======================>.......] - ETA: 36s - loss: 1.0412 - acc: 0.5949
2752/3458 [======================>.......] - ETA: 34s - loss: 1.0392 - acc: 0.5956
2784/3458 [=======================>......] - ETA: 33s - loss: 1.0395 - acc: 0.5963
2816/3458 [=======================>......] - ETA: 31s - loss: 1.0431 - acc: 0.5952
2848/3458 [=======================>......] - ETA: 30s - loss: 1.0402 - acc: 0.5966
2880/3458 [=======================>......] - ETA: 28s - loss: 1.0362 - acc: 0.5979
2912/3458 [========================>.....] - ETA: 26s - loss: 1.0363 - acc: 0.5972
2944/3458 [========================>.....] - ETA: 25s - loss: 1.0342 - acc: 0.5975
2976/3458 [========================>.....] - ETA: 23s - loss: 1.0319 - acc: 0.5985
3008/3458 [=========================>....] - ETA: 22s - loss: 1.0286 - acc: 0.6001
3040/3458 [=========================>....] - ETA: 20s - loss: 1.0307 - acc: 0.5990
3072/3458 [=========================>....] - ETA: 19s - loss: 1.0296 - acc: 0.5990
3104/3458 [=========================>....] - ETA: 17s - loss: 1.0322 - acc: 0.5979
3136/3458 [==========================>...] - ETA: 15s - loss: 1.0302 - acc: 0.5982
3168/3458 [==========================>...] - ETA: 14s - loss: 1.0341 - acc: 0.5985
3200/3458 [==========================>...] - ETA: 12s - loss: 1.0356 - acc: 0.5984
3232/3458 [===========================>..] - ETA: 11s - loss: 1.0359 - acc: 0.5975
3264/3458 [===========================>..] - ETA: 9s - loss: 1.0357 - acc: 0.5971 
3296/3458 [===========================>..] - ETA: 7s - loss: 1.0338 - acc: 0.5986
3328/3458 [===========================>..] - ETA: 6s - loss: 1.0343 - acc: 0.5992
3360/3458 [============================>.] - ETA: 4s - loss: 1.0344 - acc: 0.5982
3392/3458 [============================>.] - ETA: 3s - loss: 1.0336 - acc: 0.5988
3424/3458 [============================>.] - ETA: 1s - loss: 1.0338 - acc: 0.5996
3456/3458 [============================>.] - ETA: 0s - loss: 1.0347 - acc: 0.5998
3458/3458 [==============================] - 171s 49ms/sample - loss: 1.0345 - acc: 0.5998

 32/865 [>.............................] - ETA: 8s - loss: 1.1066 - acc: 0.6875
 64/865 [=>............................] - ETA: 7s - loss: 1.0329 - acc: 0.6406
 96/865 [==>...........................] - ETA: 6s - loss: 1.0054 - acc: 0.6667
128/865 [===>..........................] - ETA: 6s - loss: 1.0503 - acc: 0.6562
160/865 [====>.........................] - ETA: 6s - loss: 1.0349 - acc: 0.6438
192/865 [=====>........................] - ETA: 6s - loss: 1.0430 - acc: 0.6302
224/865 [======>.......................] - ETA: 5s - loss: 1.0390 - acc: 0.6339
256/865 [=======>......................] - ETA: 5s - loss: 0.9972 - acc: 0.6445
288/865 [========>.....................] - ETA: 5s - loss: 1.0017 - acc: 0.6354
320/865 [==========>...................] - ETA: 4s - loss: 1.0085 - acc: 0.6344
352/865 [===========>..................] - ETA: 4s - loss: 1.0070 - acc: 0.6250
384/865 [============>.................] - ETA: 4s - loss: 1.0117 - acc: 0.6120
416/865 [=============>................] - ETA: 4s - loss: 1.0214 - acc: 0.6058
448/865 [==============>...............] - ETA: 3s - loss: 1.0204 - acc: 0.6116
480/865 [===============>..............] - ETA: 3s - loss: 1.0283 - acc: 0.6083
512/865 [================>.............] - ETA: 3s - loss: 1.0329 - acc: 0.6094
544/865 [=================>............] - ETA: 2s - loss: 1.0644 - acc: 0.6011
576/865 [==================>...........] - ETA: 2s - loss: 1.0773 - acc: 0.5938
608/865 [====================>.........] - ETA: 2s - loss: 1.0749 - acc: 0.5970
640/865 [=====================>........] - ETA: 2s - loss: 1.0842 - acc: 0.5938
672/865 [======================>.......] - ETA: 1s - loss: 1.0879 - acc: 0.5923
704/865 [=======================>......] - ETA: 1s - loss: 1.0955 - acc: 0.5866
736/865 [========================>.....] - ETA: 1s - loss: 1.0997 - acc: 0.5842
768/865 [=========================>....] - ETA: 0s - loss: 1.0912 - acc: 0.5859
800/865 [==========================>...] - ETA: 0s - loss: 1.0964 - acc: 0.5813
832/865 [===========================>..] - ETA: 0s - loss: 1.1053 - acc: 0.5805
864/865 [============================>.] - ETA: 0s - loss: 1.0939 - acc: 0.5833
865/865 [==============================] - 8s 9ms/sample - loss: 1.0928 - acc: 0.5838
