For Dropout_1=0.6 Dropout_2=0.9
daisy loaded
dandelion loaded
rose loaded
sunflower loaded
tulip loaded

  32/3458 [..............................] - ETA: 3:08 - loss: 1.6432 - acc: 0.1562
  64/3458 [..............................] - ETA: 2:57 - loss: 8.7029 - acc: 0.1406
  96/3458 [..............................] - ETA: 2:52 - loss: 9.7525 - acc: 0.1458
 128/3458 [>.............................] - ETA: 2:49 - loss: 9.1207 - acc: 0.1172
 160/3458 [>.............................] - ETA: 2:46 - loss: 7.9141 - acc: 0.1250
 192/3458 [>.............................] - ETA: 2:44 - loss: 6.8597 - acc: 0.1406
 224/3458 [>.............................] - ETA: 2:42 - loss: 6.1127 - acc: 0.1295
 256/3458 [=>............................] - ETA: 2:40 - loss: 5.5488 - acc: 0.1484
 288/3458 [=>............................] - ETA: 2:38 - loss: 5.1122 - acc: 0.1562
 320/3458 [=>............................] - ETA: 2:36 - loss: 4.7597 - acc: 0.1813
 352/3458 [==>...........................] - ETA: 2:34 - loss: 4.4686 - acc: 0.1960
 384/3458 [==>...........................] - ETA: 2:32 - loss: 4.2278 - acc: 0.2005
 416/3458 [==>...........................] - ETA: 2:31 - loss: 4.0262 - acc: 0.1995
 448/3458 [==>...........................] - ETA: 2:29 - loss: 3.8528 - acc: 0.1987
 480/3458 [===>..........................] - ETA: 2:27 - loss: 3.7023 - acc: 0.2000
 512/3458 [===>..........................] - ETA: 2:26 - loss: 3.5661 - acc: 0.2109
 544/3458 [===>..........................] - ETA: 2:24 - loss: 3.4493 - acc: 0.2169
 576/3458 [===>..........................] - ETA: 2:22 - loss: 3.3473 - acc: 0.2222
 608/3458 [====>.........................] - ETA: 2:20 - loss: 3.2531 - acc: 0.2270
 640/3458 [====>.........................] - ETA: 2:19 - loss: 3.1691 - acc: 0.2313
 672/3458 [====>.........................] - ETA: 2:18 - loss: 3.0900 - acc: 0.2351
 704/3458 [=====>........................] - ETA: 2:16 - loss: 3.0190 - acc: 0.2443
 736/3458 [=====>........................] - ETA: 2:14 - loss: 2.9535 - acc: 0.2486
 768/3458 [=====>........................] - ETA: 2:13 - loss: 2.8974 - acc: 0.2474
 800/3458 [=====>........................] - ETA: 2:11 - loss: 2.8453 - acc: 0.2500
 832/3458 [======>.......................] - ETA: 2:09 - loss: 2.7919 - acc: 0.2560
 864/3458 [======>.......................] - ETA: 2:08 - loss: 2.7429 - acc: 0.2616
 896/3458 [======>.......................] - ETA: 2:06 - loss: 2.6991 - acc: 0.2656
 928/3458 [=======>......................] - ETA: 2:04 - loss: 2.6605 - acc: 0.2640
 960/3458 [=======>......................] - ETA: 2:03 - loss: 2.6231 - acc: 0.2708
 992/3458 [=======>......................] - ETA: 2:01 - loss: 2.5880 - acc: 0.2712
1024/3458 [=======>......................] - ETA: 2:00 - loss: 2.5565 - acc: 0.2695
1056/3458 [========>.....................] - ETA: 1:58 - loss: 2.5264 - acc: 0.2708
1088/3458 [========>.....................] - ETA: 1:56 - loss: 2.4978 - acc: 0.2711
1120/3458 [========>.....................] - ETA: 1:55 - loss: 2.4705 - acc: 0.2777
1152/3458 [========>.....................] - ETA: 1:53 - loss: 2.4391 - acc: 0.2830
1184/3458 [=========>....................] - ETA: 1:52 - loss: 2.4132 - acc: 0.2880
1216/3458 [=========>....................] - ETA: 1:50 - loss: 2.3866 - acc: 0.2878
1248/3458 [=========>....................] - ETA: 1:48 - loss: 2.3631 - acc: 0.2861
1280/3458 [==========>...................] - ETA: 1:47 - loss: 2.3367 - acc: 0.2891
1312/3458 [==========>...................] - ETA: 1:45 - loss: 2.3172 - acc: 0.2896
1344/3458 [==========>...................] - ETA: 1:44 - loss: 2.2975 - acc: 0.2902
1376/3458 [==========>...................] - ETA: 1:42 - loss: 2.2863 - acc: 0.2892
1408/3458 [===========>..................] - ETA: 1:40 - loss: 2.2648 - acc: 0.2940
1440/3458 [===========>..................] - ETA: 1:39 - loss: 2.2457 - acc: 0.2965
1472/3458 [===========>..................] - ETA: 1:37 - loss: 2.2292 - acc: 0.2989
1504/3458 [============>.................] - ETA: 1:36 - loss: 2.2114 - acc: 0.3032
1536/3458 [============>.................] - ETA: 1:34 - loss: 2.1978 - acc: 0.3066
1568/3458 [============>.................] - ETA: 1:33 - loss: 2.1781 - acc: 0.3099
1600/3458 [============>.................] - ETA: 1:31 - loss: 2.1643 - acc: 0.3137
1632/3458 [=============>................] - ETA: 1:29 - loss: 2.1533 - acc: 0.3137
1664/3458 [=============>................] - ETA: 1:28 - loss: 2.1389 - acc: 0.3143
1696/3458 [=============>................] - ETA: 1:26 - loss: 2.1253 - acc: 0.3160
1728/3458 [=============>................] - ETA: 1:25 - loss: 2.1210 - acc: 0.3148
1760/3458 [==============>...............] - ETA: 1:23 - loss: 2.1084 - acc: 0.3159
1792/3458 [==============>...............] - ETA: 1:21 - loss: 2.0965 - acc: 0.3142
1824/3458 [==============>...............] - ETA: 1:20 - loss: 2.0859 - acc: 0.3147
1856/3458 [===============>..............] - ETA: 1:18 - loss: 2.0748 - acc: 0.3141
1888/3458 [===============>..............] - ETA: 1:17 - loss: 2.0651 - acc: 0.3162
1920/3458 [===============>..............] - ETA: 1:15 - loss: 2.0557 - acc: 0.3182
1952/3458 [===============>..............] - ETA: 1:14 - loss: 2.0459 - acc: 0.3186
1984/3458 [================>.............] - ETA: 1:12 - loss: 2.0375 - acc: 0.3175
2016/3458 [================>.............] - ETA: 1:10 - loss: 2.0296 - acc: 0.3160
2048/3458 [================>.............] - ETA: 1:09 - loss: 2.0220 - acc: 0.3184
2080/3458 [=================>............] - ETA: 1:07 - loss: 2.0145 - acc: 0.3183
2112/3458 [=================>............] - ETA: 1:06 - loss: 2.0079 - acc: 0.3172
2144/3458 [=================>............] - ETA: 1:04 - loss: 2.0010 - acc: 0.3190
2176/3458 [=================>............] - ETA: 1:03 - loss: 1.9945 - acc: 0.3166
2208/3458 [==================>...........] - ETA: 1:01 - loss: 1.9881 - acc: 0.3179
2240/3458 [==================>...........] - ETA: 59s - loss: 1.9807 - acc: 0.3201 
2272/3458 [==================>...........] - ETA: 58s - loss: 1.9748 - acc: 0.3204
2304/3458 [==================>...........] - ETA: 56s - loss: 1.9692 - acc: 0.3203
2336/3458 [===================>..........] - ETA: 55s - loss: 1.9628 - acc: 0.3206
2368/3458 [===================>..........] - ETA: 53s - loss: 1.9572 - acc: 0.3197
2400/3458 [===================>..........] - ETA: 52s - loss: 1.9530 - acc: 0.3204
2432/3458 [====================>.........] - ETA: 50s - loss: 1.9471 - acc: 0.3211
2464/3458 [====================>.........] - ETA: 48s - loss: 1.9435 - acc: 0.3214
2496/3458 [====================>.........] - ETA: 47s - loss: 1.9380 - acc: 0.3213
2528/3458 [====================>.........] - ETA: 45s - loss: 1.9327 - acc: 0.3216
2560/3458 [=====================>........] - ETA: 44s - loss: 1.9238 - acc: 0.3246
2592/3458 [=====================>........] - ETA: 42s - loss: 1.9173 - acc: 0.3275
2624/3458 [=====================>........] - ETA: 41s - loss: 1.9111 - acc: 0.3270
2656/3458 [======================>.......] - ETA: 39s - loss: 1.9051 - acc: 0.3287
2688/3458 [======================>.......] - ETA: 38s - loss: 1.8984 - acc: 0.3296
2720/3458 [======================>.......] - ETA: 36s - loss: 1.8916 - acc: 0.3301
2752/3458 [======================>.......] - ETA: 34s - loss: 1.8887 - acc: 0.3307
2784/3458 [=======================>......] - ETA: 33s - loss: 1.8824 - acc: 0.3319
2816/3458 [=======================>......] - ETA: 31s - loss: 1.8777 - acc: 0.3310
2848/3458 [=======================>......] - ETA: 30s - loss: 1.8730 - acc: 0.3308
2880/3458 [=======================>......] - ETA: 28s - loss: 1.8717 - acc: 0.3302
2912/3458 [========================>.....] - ETA: 26s - loss: 1.8673 - acc: 0.3310
2944/3458 [========================>.....] - ETA: 25s - loss: 1.8619 - acc: 0.3339
2976/3458 [========================>.....] - ETA: 23s - loss: 1.8571 - acc: 0.3350
3008/3458 [=========================>....] - ETA: 22s - loss: 1.8543 - acc: 0.3351
3040/3458 [=========================>....] - ETA: 20s - loss: 1.8500 - acc: 0.3352
3072/3458 [=========================>....] - ETA: 19s - loss: 1.8460 - acc: 0.3363
3104/3458 [=========================>....] - ETA: 17s - loss: 1.8432 - acc: 0.3373
3136/3458 [==========================>...] - ETA: 15s - loss: 1.8399 - acc: 0.3374
3168/3458 [==========================>...] - ETA: 14s - loss: 1.8352 - acc: 0.3381
3200/3458 [==========================>...] - ETA: 12s - loss: 1.8319 - acc: 0.3375
3232/3458 [===========================>..] - ETA: 11s - loss: 1.8270 - acc: 0.3385
3264/3458 [===========================>..] - ETA: 9s - loss: 1.8238 - acc: 0.3376 
3296/3458 [===========================>..] - ETA: 8s - loss: 1.8190 - acc: 0.3383
3328/3458 [===========================>..] - ETA: 6s - loss: 1.8164 - acc: 0.3377
3360/3458 [============================>.] - ETA: 4s - loss: 1.8128 - acc: 0.3390
3392/3458 [============================>.] - ETA: 3s - loss: 1.8083 - acc: 0.3408
3424/3458 [============================>.] - ETA: 1s - loss: 1.8047 - acc: 0.3417
3456/3458 [============================>.] - ETA: 0s - loss: 1.8036 - acc: 0.3438
3458/3458 [==============================] - 172s 50ms/sample - loss: 1.8034 - acc: 0.3441

 32/865 [>.............................] - ETA: 8s - loss: 1.5019 - acc: 0.3125
 64/865 [=>............................] - ETA: 7s - loss: 1.4081 - acc: 0.3750
 96/865 [==>...........................] - ETA: 7s - loss: 1.4179 - acc: 0.3542
128/865 [===>..........................] - ETA: 6s - loss: 1.5349 - acc: 0.3672
160/865 [====>.........................] - ETA: 6s - loss: 1.5041 - acc: 0.3938
192/865 [=====>........................] - ETA: 6s - loss: 1.5592 - acc: 0.4010
224/865 [======>.......................] - ETA: 6s - loss: 1.5268 - acc: 0.4107
256/865 [=======>......................] - ETA: 5s - loss: 1.5046 - acc: 0.4141
288/865 [========>.....................] - ETA: 5s - loss: 1.4916 - acc: 0.4132
320/865 [==========>...................] - ETA: 5s - loss: 1.4860 - acc: 0.4281
352/865 [===========>..................] - ETA: 4s - loss: 1.4813 - acc: 0.4233
384/865 [============>.................] - ETA: 4s - loss: 1.4757 - acc: 0.4349
416/865 [=============>................] - ETA: 4s - loss: 1.4637 - acc: 0.4375
448/865 [==============>...............] - ETA: 3s - loss: 1.4578 - acc: 0.4420
480/865 [===============>..............] - ETA: 3s - loss: 1.4554 - acc: 0.4396
512/865 [================>.............] - ETA: 3s - loss: 1.4479 - acc: 0.4473
544/865 [=================>............] - ETA: 3s - loss: 1.4458 - acc: 0.4430
576/865 [==================>...........] - ETA: 2s - loss: 1.4574 - acc: 0.4340
608/865 [====================>.........] - ETA: 2s - loss: 1.4568 - acc: 0.4342
640/865 [=====================>........] - ETA: 2s - loss: 1.4518 - acc: 0.4375
672/865 [======================>.......] - ETA: 1s - loss: 1.4534 - acc: 0.4256
704/865 [=======================>......] - ETA: 1s - loss: 1.4569 - acc: 0.4190
736/865 [========================>.....] - ETA: 1s - loss: 1.4536 - acc: 0.4198
768/865 [=========================>....] - ETA: 0s - loss: 1.4494 - acc: 0.4154
800/865 [==========================>...] - ETA: 0s - loss: 1.4430 - acc: 0.4200
832/865 [===========================>..] - ETA: 0s - loss: 1.4430 - acc: 0.4183
864/865 [============================>.] - ETA: 0s - loss: 1.4526 - acc: 0.4190
865/865 [==============================] - 8s 10ms/sample - loss: 1.4525 - acc: 0.4185

  32/3458 [..............................] - ETA: 3:00 - loss: 1.4947 - acc: 0.3438
  64/3458 [..............................] - ETA: 3:00 - loss: 1.5188 - acc: 0.3281
  96/3458 [..............................] - ETA: 2:56 - loss: 1.4750 - acc: 0.3750
 128/3458 [>.............................] - ETA: 2:55 - loss: 1.4600 - acc: 0.4141
 160/3458 [>.............................] - ETA: 2:51 - loss: 1.4324 - acc: 0.4062
 192/3458 [>.............................] - ETA: 2:48 - loss: 1.3867 - acc: 0.4167
 224/3458 [>.............................] - ETA: 2:46 - loss: 1.3728 - acc: 0.4330
 256/3458 [=>............................] - ETA: 2:43 - loss: 1.4005 - acc: 0.4570
 288/3458 [=>............................] - ETA: 2:40 - loss: 1.3888 - acc: 0.4549
 320/3458 [=>............................] - ETA: 2:38 - loss: 1.3798 - acc: 0.4625
 352/3458 [==>...........................] - ETA: 2:36 - loss: 1.3725 - acc: 0.4602
 384/3458 [==>...........................] - ETA: 2:34 - loss: 1.4247 - acc: 0.4583
 416/3458 [==>...........................] - ETA: 2:32 - loss: 1.4120 - acc: 0.4615
 448/3458 [==>...........................] - ETA: 2:30 - loss: 1.4040 - acc: 0.4665
 480/3458 [===>..........................] - ETA: 2:28 - loss: 1.4004 - acc: 0.4604
 512/3458 [===>..........................] - ETA: 2:26 - loss: 1.3952 - acc: 0.4609
 544/3458 [===>..........................] - ETA: 2:24 - loss: 1.3924 - acc: 0.4614
 576/3458 [===>..........................] - ETA: 2:23 - loss: 1.3969 - acc: 0.4549
 608/3458 [====>.........................] - ETA: 2:21 - loss: 1.3921 - acc: 0.4589
 640/3458 [====>.........................] - ETA: 2:19 - loss: 1.3942 - acc: 0.4594
 672/3458 [====>.........................] - ETA: 2:17 - loss: 1.3906 - acc: 0.4613
 704/3458 [=====>........................] - ETA: 2:16 - loss: 1.3910 - acc: 0.4588
 736/3458 [=====>........................] - ETA: 2:14 - loss: 1.3892 - acc: 0.4565
 768/3458 [=====>........................] - ETA: 2:13 - loss: 1.3918 - acc: 0.4531
 800/3458 [=====>........................] - ETA: 2:11 - loss: 1.3857 - acc: 0.4563
 832/3458 [======>.......................] - ETA: 2:09 - loss: 1.3845 - acc: 0.4531
 864/3458 [======>.......................] - ETA: 2:08 - loss: 1.3843 - acc: 0.4537
 896/3458 [======>.......................] - ETA: 2:06 - loss: 1.3842 - acc: 0.4475
 928/3458 [=======>......................] - ETA: 2:04 - loss: 1.3836 - acc: 0.4494
 960/3458 [=======>......................] - ETA: 2:03 - loss: 1.3813 - acc: 0.4490
 992/3458 [=======>......................] - ETA: 2:01 - loss: 1.3821 - acc: 0.4456
1024/3458 [=======>......................] - ETA: 2:00 - loss: 1.3789 - acc: 0.4443
1056/3458 [========>.....................] - ETA: 1:58 - loss: 1.3777 - acc: 0.4479
1088/3458 [========>.....................] - ETA: 1:56 - loss: 1.3763 - acc: 0.4513
1120/3458 [========>.....................] - ETA: 1:55 - loss: 1.3798 - acc: 0.4545
1152/3458 [========>.....................] - ETA: 1:53 - loss: 1.3847 - acc: 0.4470
1184/3458 [=========>....................] - ETA: 1:52 - loss: 1.3856 - acc: 0.4468
1216/3458 [=========>....................] - ETA: 1:50 - loss: 1.3900 - acc: 0.4433
1248/3458 [=========>....................] - ETA: 1:48 - loss: 1.3927 - acc: 0.4407
1280/3458 [==========>...................] - ETA: 1:47 - loss: 1.3950 - acc: 0.4383
1312/3458 [==========>...................] - ETA: 1:45 - loss: 1.3956 - acc: 0.4352
1344/3458 [==========>...................] - ETA: 1:44 - loss: 1.3961 - acc: 0.4345
1376/3458 [==========>...................] - ETA: 1:42 - loss: 1.3973 - acc: 0.4346
1408/3458 [===========>..................] - ETA: 1:40 - loss: 1.3981 - acc: 0.4347
1440/3458 [===========>..................] - ETA: 1:39 - loss: 1.4011 - acc: 0.4326
1472/3458 [===========>..................] - ETA: 1:37 - loss: 1.4018 - acc: 0.4327
1504/3458 [============>.................] - ETA: 1:36 - loss: 1.4004 - acc: 0.4342
1536/3458 [============>.................] - ETA: 1:34 - loss: 1.3991 - acc: 0.4329
1568/3458 [============>.................] - ETA: 1:32 - loss: 1.4008 - acc: 0.4318
1600/3458 [============>.................] - ETA: 1:31 - loss: 1.4050 - acc: 0.4288
1632/3458 [=============>................] - ETA: 1:29 - loss: 1.4080 - acc: 0.4301
1664/3458 [=============>................] - ETA: 1:28 - loss: 1.4096 - acc: 0.4261
1696/3458 [=============>................] - ETA: 1:26 - loss: 1.4114 - acc: 0.4257
1728/3458 [=============>................] - ETA: 1:25 - loss: 1.4136 - acc: 0.4236
1760/3458 [==============>...............] - ETA: 1:23 - loss: 1.4147 - acc: 0.4256
1792/3458 [==============>...............] - ETA: 1:21 - loss: 1.4163 - acc: 0.4230
1824/3458 [==============>...............] - ETA: 1:20 - loss: 1.4161 - acc: 0.4232
1856/3458 [===============>..............] - ETA: 1:18 - loss: 1.4186 - acc: 0.4208
1888/3458 [===============>..............] - ETA: 1:17 - loss: 1.4200 - acc: 0.4190
1920/3458 [===============>..............] - ETA: 1:15 - loss: 1.4217 - acc: 0.4161
1952/3458 [===============>..............] - ETA: 1:13 - loss: 1.4228 - acc: 0.4160
1984/3458 [================>.............] - ETA: 1:12 - loss: 1.4211 - acc: 0.4158
2016/3458 [================>.............] - ETA: 1:10 - loss: 1.4215 - acc: 0.4152
2048/3458 [================>.............] - ETA: 1:09 - loss: 1.4231 - acc: 0.4141
2080/3458 [=================>............] - ETA: 1:07 - loss: 1.4231 - acc: 0.4154
2112/3458 [=================>............] - ETA: 1:06 - loss: 1.4222 - acc: 0.4148
2144/3458 [=================>............] - ETA: 1:04 - loss: 1.4203 - acc: 0.4156
2176/3458 [=================>............] - ETA: 1:02 - loss: 1.4227 - acc: 0.4164
2208/3458 [==================>...........] - ETA: 1:01 - loss: 1.4239 - acc: 0.4162
2240/3458 [==================>...........] - ETA: 59s - loss: 1.4253 - acc: 0.4156 
2272/3458 [==================>...........] - ETA: 58s - loss: 1.4243 - acc: 0.4151
2304/3458 [==================>...........] - ETA: 56s - loss: 1.4264 - acc: 0.4132
2336/3458 [===================>..........] - ETA: 55s - loss: 1.4276 - acc: 0.4114
2368/3458 [===================>..........] - ETA: 53s - loss: 1.4280 - acc: 0.4105
2400/3458 [===================>..........] - ETA: 51s - loss: 1.4269 - acc: 0.4112
2432/3458 [====================>.........] - ETA: 50s - loss: 1.4254 - acc: 0.4116
2464/3458 [====================>.........] - ETA: 48s - loss: 1.4260 - acc: 0.4111
2496/3458 [====================>.........] - ETA: 47s - loss: 1.4258 - acc: 0.4107
2528/3458 [====================>.........] - ETA: 45s - loss: 1.4263 - acc: 0.4102
2560/3458 [=====================>........] - ETA: 44s - loss: 1.4273 - acc: 0.4086
2592/3458 [=====================>........] - ETA: 42s - loss: 1.4303 - acc: 0.4074
2624/3458 [=====================>........] - ETA: 40s - loss: 1.4300 - acc: 0.4066
2656/3458 [======================>.......] - ETA: 39s - loss: 1.4324 - acc: 0.4059
2688/3458 [======================>.......] - ETA: 37s - loss: 1.4336 - acc: 0.4059
2720/3458 [======================>.......] - ETA: 36s - loss: 1.4333 - acc: 0.4070
2752/3458 [======================>.......] - ETA: 34s - loss: 1.4332 - acc: 0.4059
2784/3458 [=======================>......] - ETA: 33s - loss: 1.4330 - acc: 0.4045
2816/3458 [=======================>......] - ETA: 31s - loss: 1.4321 - acc: 0.4048
2848/3458 [=======================>......] - ETA: 29s - loss: 1.4311 - acc: 0.4066
2880/3458 [=======================>......] - ETA: 28s - loss: 1.4307 - acc: 0.4062
2912/3458 [========================>.....] - ETA: 26s - loss: 1.4314 - acc: 0.4059
2944/3458 [========================>.....] - ETA: 25s - loss: 1.4318 - acc: 0.4049
2976/3458 [========================>.....] - ETA: 23s - loss: 1.4314 - acc: 0.4046
3008/3458 [=========================>....] - ETA: 22s - loss: 1.4385 - acc: 0.4036
3040/3458 [=========================>....] - ETA: 20s - loss: 1.4380 - acc: 0.4036
3072/3458 [=========================>....] - ETA: 18s - loss: 1.4376 - acc: 0.4036
3104/3458 [=========================>....] - ETA: 17s - loss: 1.4380 - acc: 0.4037
3136/3458 [==========================>...] - ETA: 15s - loss: 1.4383 - acc: 0.4027
3168/3458 [==========================>...] - ETA: 14s - loss: 1.4377 - acc: 0.4021
3200/3458 [==========================>...] - ETA: 12s - loss: 1.4373 - acc: 0.4044
3232/3458 [===========================>..] - ETA: 11s - loss: 1.4374 - acc: 0.4041
3264/3458 [===========================>..] - ETA: 9s - loss: 1.4378 - acc: 0.4044 
3296/3458 [===========================>..] - ETA: 7s - loss: 1.4381 - acc: 0.4032
3328/3458 [===========================>..] - ETA: 6s - loss: 1.4376 - acc: 0.4038
3360/3458 [============================>.] - ETA: 4s - loss: 1.4374 - acc: 0.4045
3392/3458 [============================>.] - ETA: 3s - loss: 1.4375 - acc: 0.4039
3424/3458 [============================>.] - ETA: 1s - loss: 1.4369 - acc: 0.4045
3456/3458 [============================>.] - ETA: 0s - loss: 1.4358 - acc: 0.4051
3458/3458 [==============================] - 170s 49ms/sample - loss: 1.4360 - acc: 0.4051

 32/865 [>.............................] - ETA: 7s - loss: 1.4232 - acc: 0.3438
 64/865 [=>............................] - ETA: 7s - loss: 1.3672 - acc: 0.3594
 96/865 [==>...........................] - ETA: 6s - loss: 1.3779 - acc: 0.3646
128/865 [===>..........................] - ETA: 6s - loss: 1.4611 - acc: 0.3750
160/865 [====>.........................] - ETA: 6s - loss: 1.4510 - acc: 0.4000
192/865 [=====>........................] - ETA: 5s - loss: 1.5251 - acc: 0.4167
224/865 [======>.......................] - ETA: 5s - loss: 1.4833 - acc: 0.4330
256/865 [=======>......................] - ETA: 5s - loss: 1.4518 - acc: 0.4414
288/865 [========>.....................] - ETA: 5s - loss: 1.4402 - acc: 0.4271
320/865 [==========>...................] - ETA: 4s - loss: 1.4298 - acc: 0.4437
352/865 [===========>..................] - ETA: 4s - loss: 1.4239 - acc: 0.4403
384/865 [============>.................] - ETA: 4s - loss: 1.4157 - acc: 0.4427
416/865 [=============>................] - ETA: 4s - loss: 1.4030 - acc: 0.4447
448/865 [==============>...............] - ETA: 3s - loss: 1.3955 - acc: 0.4509
480/865 [===============>..............] - ETA: 3s - loss: 1.3963 - acc: 0.4479
512/865 [================>.............] - ETA: 3s - loss: 1.3862 - acc: 0.4551
544/865 [=================>............] - ETA: 2s - loss: 1.3850 - acc: 0.4485
576/865 [==================>...........] - ETA: 2s - loss: 1.4063 - acc: 0.4392
608/865 [====================>.........] - ETA: 2s - loss: 1.4076 - acc: 0.4391
640/865 [=====================>........] - ETA: 2s - loss: 1.4034 - acc: 0.4406
672/865 [======================>.......] - ETA: 1s - loss: 1.4081 - acc: 0.4301
704/865 [=======================>......] - ETA: 1s - loss: 1.4105 - acc: 0.4247
736/865 [========================>.....] - ETA: 1s - loss: 1.4061 - acc: 0.4266
768/865 [=========================>....] - ETA: 0s - loss: 1.4014 - acc: 0.4245
800/865 [==========================>...] - ETA: 0s - loss: 1.3949 - acc: 0.4288
832/865 [===========================>..] - ETA: 0s - loss: 1.3958 - acc: 0.4243
864/865 [============================>.] - ETA: 0s - loss: 1.4059 - acc: 0.4248
865/865 [==============================] - 8s 9ms/sample - loss: 1.4055 - acc: 0.4243

  32/3458 [..............................] - ETA: 2:40 - loss: 1.4294 - acc: 0.5000
  64/3458 [..............................] - ETA: 2:43 - loss: 1.3271 - acc: 0.5781
  96/3458 [..............................] - ETA: 2:41 - loss: 1.3835 - acc: 0.4792
 128/3458 [>.............................] - ETA: 2:40 - loss: 1.3851 - acc: 0.4688
 160/3458 [>.............................] - ETA: 2:39 - loss: 1.3855 - acc: 0.4563
 192/3458 [>.............................] - ETA: 2:37 - loss: 1.4024 - acc: 0.4427
 224/3458 [>.............................] - ETA: 2:36 - loss: 1.4221 - acc: 0.4152
 256/3458 [=>............................] - ETA: 2:35 - loss: 1.4335 - acc: 0.4023
 288/3458 [=>............................] - ETA: 2:34 - loss: 1.4276 - acc: 0.4028
 320/3458 [=>............................] - ETA: 2:32 - loss: 1.4316 - acc: 0.3875
 352/3458 [==>...........................] - ETA: 2:30 - loss: 1.4247 - acc: 0.3920
 384/3458 [==>...........................] - ETA: 2:29 - loss: 1.4609 - acc: 0.3932
 416/3458 [==>...........................] - ETA: 2:28 - loss: 1.4578 - acc: 0.3870
 448/3458 [==>...........................] - ETA: 2:26 - loss: 1.4442 - acc: 0.3884
 480/3458 [===>..........................] - ETA: 2:25 - loss: 1.4434 - acc: 0.3875
 512/3458 [===>..........................] - ETA: 2:23 - loss: 1.4281 - acc: 0.3984
 544/3458 [===>..........................] - ETA: 2:21 - loss: 1.4444 - acc: 0.4062
 576/3458 [===>..........................] - ETA: 2:20 - loss: 1.4504 - acc: 0.4010
 608/3458 [====>.........................] - ETA: 2:18 - loss: 1.4562 - acc: 0.3914
 640/3458 [====>.........................] - ETA: 2:17 - loss: 1.4476 - acc: 0.4000
 672/3458 [====>.........................] - ETA: 2:15 - loss: 1.4394 - acc: 0.4018
 704/3458 [=====>........................] - ETA: 2:14 - loss: 1.4376 - acc: 0.4034
 736/3458 [=====>........................] - ETA: 2:12 - loss: 1.4305 - acc: 0.4076
 768/3458 [=====>........................] - ETA: 2:11 - loss: 1.4318 - acc: 0.4062
 800/3458 [=====>........................] - ETA: 2:09 - loss: 1.4244 - acc: 0.4050
 832/3458 [======>.......................] - ETA: 2:07 - loss: 1.4177 - acc: 0.4087
 864/3458 [======>.......................] - ETA: 2:06 - loss: 1.4180 - acc: 0.4062
 896/3458 [======>.......................] - ETA: 2:04 - loss: 1.4143 - acc: 0.4062
 928/3458 [=======>......................] - ETA: 2:03 - loss: 1.4162 - acc: 0.4062
 960/3458 [=======>......................] - ETA: 2:01 - loss: 1.4161 - acc: 0.4073
 992/3458 [=======>......................] - ETA: 2:00 - loss: 1.4135 - acc: 0.4083
1024/3458 [=======>......................] - ETA: 1:58 - loss: 1.4135 - acc: 0.4043
1056/3458 [========>.....................] - ETA: 1:56 - loss: 1.4101 - acc: 0.4044
1088/3458 [========>.....................] - ETA: 1:55 - loss: 1.4130 - acc: 0.4026
1120/3458 [========>.....................] - ETA: 1:53 - loss: 1.4172 - acc: 0.4009
1152/3458 [========>.....................] - ETA: 1:52 - loss: 1.4171 - acc: 0.4036
1184/3458 [=========>....................] - ETA: 1:50 - loss: 1.4135 - acc: 0.4062
1216/3458 [=========>....................] - ETA: 1:49 - loss: 1.4150 - acc: 0.4046
1248/3458 [=========>....................] - ETA: 1:47 - loss: 1.4169 - acc: 0.4046
1280/3458 [==========>...................] - ETA: 1:46 - loss: 1.4150 - acc: 0.4031
1312/3458 [==========>...................] - ETA: 1:44 - loss: 1.4090 - acc: 0.4062
1344/3458 [==========>...................] - ETA: 1:42 - loss: 1.4079 - acc: 0.4077
1376/3458 [==========>...................] - ETA: 1:41 - loss: 1.4032 - acc: 0.4099
1408/3458 [===========>..................] - ETA: 1:39 - loss: 1.4082 - acc: 0.4055
1440/3458 [===========>..................] - ETA: 1:38 - loss: 1.4081 - acc: 0.4035
1472/3458 [===========>..................] - ETA: 1:36 - loss: 1.4033 - acc: 0.4076
1504/3458 [============>.................] - ETA: 1:35 - loss: 1.4099 - acc: 0.4049
1536/3458 [============>.................] - ETA: 1:33 - loss: 1.4094 - acc: 0.4062
1568/3458 [============>.................] - ETA: 1:31 - loss: 1.4074 - acc: 0.4088
1600/3458 [============>.................] - ETA: 1:30 - loss: 1.4053 - acc: 0.4106
1632/3458 [=============>................] - ETA: 1:28 - loss: 1.4032 - acc: 0.4118
1664/3458 [=============>................] - ETA: 1:27 - loss: 1.4021 - acc: 0.4135
1696/3458 [=============>................] - ETA: 1:25 - loss: 1.4022 - acc: 0.4116
1728/3458 [=============>................] - ETA: 1:24 - loss: 1.4020 - acc: 0.4103
1760/3458 [==============>...............] - ETA: 1:22 - loss: 1.4034 - acc: 0.4102
1792/3458 [==============>...............] - ETA: 1:21 - loss: 1.4038 - acc: 0.4096
1824/3458 [==============>...............] - ETA: 1:19 - loss: 1.4051 - acc: 0.4090
1856/3458 [===============>..............] - ETA: 1:17 - loss: 1.4082 - acc: 0.4089
1888/3458 [===============>..............] - ETA: 1:16 - loss: 1.4091 - acc: 0.4057
1920/3458 [===============>..............] - ETA: 1:14 - loss: 1.4095 - acc: 0.4052
1952/3458 [===============>..............] - ETA: 1:13 - loss: 1.4132 - acc: 0.4047
1984/3458 [================>.............] - ETA: 1:11 - loss: 1.4120 - acc: 0.4042
2016/3458 [================>.............] - ETA: 1:10 - loss: 1.4137 - acc: 0.4028
2048/3458 [================>.............] - ETA: 1:08 - loss: 1.4134 - acc: 0.4004
2080/3458 [=================>............] - ETA: 1:07 - loss: 1.4151 - acc: 0.3990
2112/3458 [=================>............] - ETA: 1:05 - loss: 1.4141 - acc: 0.4001
2144/3458 [=================>............] - ETA: 1:03 - loss: 1.4134 - acc: 0.3997
2176/3458 [=================>............] - ETA: 1:02 - loss: 1.4124 - acc: 0.3984
2208/3458 [==================>...........] - ETA: 1:00 - loss: 1.4116 - acc: 0.3986
2240/3458 [==================>...........] - ETA: 59s - loss: 1.4105 - acc: 0.4009 
2272/3458 [==================>...........] - ETA: 57s - loss: 1.4103 - acc: 0.3996
2304/3458 [==================>...........] - ETA: 56s - loss: 1.4098 - acc: 0.3997
2336/3458 [===================>..........] - ETA: 54s - loss: 1.4095 - acc: 0.3998
2368/3458 [===================>..........] - ETA: 53s - loss: 1.4100 - acc: 0.3986
2400/3458 [===================>..........] - ETA: 51s - loss: 1.4099 - acc: 0.3971
2432/3458 [====================>.........] - ETA: 50s - loss: 1.4088 - acc: 0.3976
2464/3458 [====================>.........] - ETA: 48s - loss: 1.4124 - acc: 0.3977
2496/3458 [====================>.........] - ETA: 46s - loss: 1.4119 - acc: 0.3974
2528/3458 [====================>.........] - ETA: 45s - loss: 1.4116 - acc: 0.3972
2560/3458 [=====================>........] - ETA: 43s - loss: 1.4109 - acc: 0.3965
2592/3458 [=====================>........] - ETA: 42s - loss: 1.4107 - acc: 0.3966
2624/3458 [=====================>........] - ETA: 40s - loss: 1.4133 - acc: 0.3967
2656/3458 [======================>.......] - ETA: 39s - loss: 1.4116 - acc: 0.3976
2688/3458 [======================>.......] - ETA: 37s - loss: 1.4114 - acc: 0.3973
2720/3458 [======================>.......] - ETA: 35s - loss: 1.4096 - acc: 0.3978
2752/3458 [======================>.......] - ETA: 34s - loss: 1.4084 - acc: 0.3979
2784/3458 [=======================>......] - ETA: 32s - loss: 1.4069 - acc: 0.3983
2816/3458 [=======================>......] - ETA: 31s - loss: 1.4065 - acc: 0.3988
2848/3458 [=======================>......] - ETA: 29s - loss: 1.4035 - acc: 0.4010
2880/3458 [=======================>......] - ETA: 28s - loss: 1.4028 - acc: 0.4024
2912/3458 [========================>.....] - ETA: 26s - loss: 1.4038 - acc: 0.4018
2944/3458 [========================>.....] - ETA: 25s - loss: 1.4040 - acc: 0.4012
2976/3458 [========================>.....] - ETA: 23s - loss: 1.4019 - acc: 0.4032
3008/3458 [=========================>....] - ETA: 21s - loss: 1.4001 - acc: 0.4033
3040/3458 [=========================>....] - ETA: 20s - loss: 1.3995 - acc: 0.4043
3072/3458 [=========================>....] - ETA: 18s - loss: 1.3981 - acc: 0.4053
3104/3458 [=========================>....] - ETA: 17s - loss: 1.3970 - acc: 0.4069
3136/3458 [==========================>...] - ETA: 15s - loss: 1.3969 - acc: 0.4075
3168/3458 [==========================>...] - ETA: 14s - loss: 1.3955 - acc: 0.4085
3200/3458 [==========================>...] - ETA: 12s - loss: 1.3941 - acc: 0.4097
3232/3458 [===========================>..] - ETA: 11s - loss: 1.3936 - acc: 0.4100
3264/3458 [===========================>..] - ETA: 9s - loss: 1.3930 - acc: 0.4099 
3296/3458 [===========================>..] - ETA: 7s - loss: 1.3942 - acc: 0.4096
3328/3458 [===========================>..] - ETA: 6s - loss: 1.3969 - acc: 0.4099
3360/3458 [============================>.] - ETA: 4s - loss: 1.3970 - acc: 0.4092
3392/3458 [============================>.] - ETA: 3s - loss: 1.3984 - acc: 0.4077
3424/3458 [============================>.] - ETA: 1s - loss: 1.3986 - acc: 0.4060
3456/3458 [============================>.] - ETA: 0s - loss: 1.3998 - acc: 0.4039
3458/3458 [==============================] - 169s 49ms/sample - loss: 1.3999 - acc: 0.4037

 32/865 [>.............................] - ETA: 7s - loss: 1.5586 - acc: 0.2500
 64/865 [=>............................] - ETA: 7s - loss: 1.5165 - acc: 0.3438
 96/865 [==>...........................] - ETA: 7s - loss: 1.5228 - acc: 0.3438
128/865 [===>..........................] - ETA: 6s - loss: 1.5310 - acc: 0.3438
160/865 [====>.........................] - ETA: 6s - loss: 1.5091 - acc: 0.3625
192/865 [=====>........................] - ETA: 6s - loss: 1.5332 - acc: 0.3646
224/865 [======>.......................] - ETA: 5s - loss: 1.5215 - acc: 0.3705
256/865 [=======>......................] - ETA: 5s - loss: 1.5207 - acc: 0.3672
288/865 [========>.....................] - ETA: 5s - loss: 1.5271 - acc: 0.3472
320/865 [==========>...................] - ETA: 4s - loss: 1.5129 - acc: 0.3688
352/865 [===========>..................] - ETA: 4s - loss: 1.5205 - acc: 0.3608
384/865 [============>.................] - ETA: 4s - loss: 1.5204 - acc: 0.3568
416/865 [=============>................] - ETA: 4s - loss: 1.5169 - acc: 0.3606
448/865 [==============>...............] - ETA: 3s - loss: 1.5109 - acc: 0.3661
480/865 [===============>..............] - ETA: 3s - loss: 1.5077 - acc: 0.3667
512/865 [================>.............] - ETA: 3s - loss: 1.5034 - acc: 0.3730
544/865 [=================>............] - ETA: 2s - loss: 1.5046 - acc: 0.3640
576/865 [==================>...........] - ETA: 2s - loss: 1.5062 - acc: 0.3594
608/865 [====================>.........] - ETA: 2s - loss: 1.5053 - acc: 0.3586
640/865 [=====================>........] - ETA: 2s - loss: 1.5041 - acc: 0.3578
672/865 [======================>.......] - ETA: 1s - loss: 1.5086 - acc: 0.3497
704/865 [=======================>......] - ETA: 1s - loss: 1.5089 - acc: 0.3480
736/865 [========================>.....] - ETA: 1s - loss: 1.5057 - acc: 0.3519
768/865 [=========================>....] - ETA: 0s - loss: 1.5042 - acc: 0.3503
800/865 [==========================>...] - ETA: 0s - loss: 1.4979 - acc: 0.3537
832/865 [===========================>..] - ETA: 0s - loss: 1.4984 - acc: 0.3534
864/865 [============================>.] - ETA: 0s - loss: 1.5042 - acc: 0.3530
865/865 [==============================] - 8s 9ms/sample - loss: 1.5047 - acc: 0.3526

  32/3458 [..............................] - ETA: 2:45 - loss: 1.5097 - acc: 0.2188
  64/3458 [..............................] - ETA: 2:42 - loss: 1.5220 - acc: 0.2969
  96/3458 [..............................] - ETA: 2:42 - loss: 1.5378 - acc: 0.2917
 128/3458 [>.............................] - ETA: 2:41 - loss: 1.5059 - acc: 0.3438
 160/3458 [>.............................] - ETA: 2:39 - loss: 1.4786 - acc: 0.3438
 192/3458 [>.............................] - ETA: 2:38 - loss: 1.4818 - acc: 0.3438
 224/3458 [>.............................] - ETA: 2:37 - loss: 1.4880 - acc: 0.3571
 256/3458 [=>............................] - ETA: 2:36 - loss: 1.4864 - acc: 0.3555
 288/3458 [=>............................] - ETA: 2:34 - loss: 1.4778 - acc: 0.3576
 320/3458 [=>............................] - ETA: 2:32 - loss: 1.4552 - acc: 0.3688
 352/3458 [==>...........................] - ETA: 2:31 - loss: 1.4464 - acc: 0.3778
 384/3458 [==>...........................] - ETA: 2:29 - loss: 1.4509 - acc: 0.3776
 416/3458 [==>...........................] - ETA: 2:28 - loss: 1.4455 - acc: 0.3822
 448/3458 [==>...........................] - ETA: 2:26 - loss: 1.4424 - acc: 0.3951
 480/3458 [===>..........................] - ETA: 2:25 - loss: 1.4563 - acc: 0.3917
 512/3458 [===>..........................] - ETA: 2:23 - loss: 1.4547 - acc: 0.3906
 544/3458 [===>..........................] - ETA: 2:22 - loss: 1.4517 - acc: 0.3915
 576/3458 [===>..........................] - ETA: 2:20 - loss: 1.4469 - acc: 0.3872
 608/3458 [====>.........................] - ETA: 2:18 - loss: 1.4383 - acc: 0.3865
 640/3458 [====>.........................] - ETA: 2:17 - loss: 1.4386 - acc: 0.3859
 672/3458 [====>.........................] - ETA: 2:15 - loss: 1.4315 - acc: 0.3958
 704/3458 [=====>........................] - ETA: 2:14 - loss: 1.4187 - acc: 0.4006
 736/3458 [=====>........................] - ETA: 2:12 - loss: 1.4107 - acc: 0.4049
 768/3458 [=====>........................] - ETA: 2:11 - loss: 1.4008 - acc: 0.4076
 800/3458 [=====>........................] - ETA: 2:09 - loss: 1.3926 - acc: 0.4162
 832/3458 [======>.......................] - ETA: 2:07 - loss: 1.3912 - acc: 0.4159
 864/3458 [======>.......................] - ETA: 2:06 - loss: 1.3863 - acc: 0.4155
 896/3458 [======>.......................] - ETA: 2:04 - loss: 1.3852 - acc: 0.4141
 928/3458 [=======>......................] - ETA: 2:03 - loss: 1.3791 - acc: 0.4159
 960/3458 [=======>......................] - ETA: 2:01 - loss: 1.3755 - acc: 0.4177
 992/3458 [=======>......................] - ETA: 2:00 - loss: 1.3711 - acc: 0.4204
1024/3458 [=======>......................] - ETA: 1:58 - loss: 1.3730 - acc: 0.4238
1056/3458 [========>.....................] - ETA: 1:56 - loss: 1.3713 - acc: 0.4233
1088/3458 [========>.....................] - ETA: 1:55 - loss: 1.3654 - acc: 0.4265
1120/3458 [========>.....................] - ETA: 1:53 - loss: 1.3612 - acc: 0.4286
1152/3458 [========>.....................] - ETA: 1:52 - loss: 1.3611 - acc: 0.4297
1184/3458 [=========>....................] - ETA: 1:50 - loss: 1.3545 - acc: 0.4333
1216/3458 [=========>....................] - ETA: 1:49 - loss: 1.3582 - acc: 0.4293
1248/3458 [=========>....................] - ETA: 1:47 - loss: 1.3565 - acc: 0.4303
1280/3458 [==========>...................] - ETA: 1:45 - loss: 1.3570 - acc: 0.4305
1312/3458 [==========>...................] - ETA: 1:44 - loss: 1.3511 - acc: 0.4360
1344/3458 [==========>...................] - ETA: 1:42 - loss: 1.3512 - acc: 0.4375
1376/3458 [==========>...................] - ETA: 1:41 - loss: 1.3488 - acc: 0.4411
1408/3458 [===========>..................] - ETA: 1:39 - loss: 1.3466 - acc: 0.4446
1440/3458 [===========>..................] - ETA: 1:38 - loss: 1.3438 - acc: 0.4437
1472/3458 [===========>..................] - ETA: 1:36 - loss: 1.3396 - acc: 0.4470
1504/3458 [============>.................] - ETA: 1:35 - loss: 1.3408 - acc: 0.4488
1536/3458 [============>.................] - ETA: 1:33 - loss: 1.3400 - acc: 0.4486
1568/3458 [============>.................] - ETA: 1:32 - loss: 1.3436 - acc: 0.4477
1600/3458 [============>.................] - ETA: 1:30 - loss: 1.3436 - acc: 0.4481
1632/3458 [=============>................] - ETA: 1:28 - loss: 1.3511 - acc: 0.4504
1664/3458 [=============>................] - ETA: 1:27 - loss: 1.3656 - acc: 0.4501
1696/3458 [=============>................] - ETA: 1:25 - loss: 1.3632 - acc: 0.4505
1728/3458 [=============>................] - ETA: 1:24 - loss: 1.3649 - acc: 0.4508
1760/3458 [==============>...............] - ETA: 1:22 - loss: 1.3659 - acc: 0.4517
1792/3458 [==============>...............] - ETA: 1:21 - loss: 1.3690 - acc: 0.4498
1824/3458 [==============>...............] - ETA: 1:19 - loss: 1.3719 - acc: 0.4468
1856/3458 [===============>..............] - ETA: 1:18 - loss: 1.3752 - acc: 0.4456
1888/3458 [===============>..............] - ETA: 1:16 - loss: 1.3804 - acc: 0.4433
1920/3458 [===============>..............] - ETA: 1:14 - loss: 1.3855 - acc: 0.4406
1952/3458 [===============>..............] - ETA: 1:13 - loss: 1.3892 - acc: 0.4375
1984/3458 [================>.............] - ETA: 1:11 - loss: 1.3926 - acc: 0.4350
2016/3458 [================>.............] - ETA: 1:10 - loss: 1.3958 - acc: 0.4330
2048/3458 [================>.............] - ETA: 1:08 - loss: 1.3947 - acc: 0.4336
2080/3458 [=================>............] - ETA: 1:07 - loss: 1.3949 - acc: 0.4322
2112/3458 [=================>............] - ETA: 1:05 - loss: 1.3945 - acc: 0.4328
2144/3458 [=================>............] - ETA: 1:04 - loss: 1.3923 - acc: 0.4342
2176/3458 [=================>............] - ETA: 1:02 - loss: 1.3901 - acc: 0.4357
2208/3458 [==================>...........] - ETA: 1:00 - loss: 1.3907 - acc: 0.4366
2240/3458 [==================>...........] - ETA: 59s - loss: 1.3904 - acc: 0.4379 
2272/3458 [==================>...........] - ETA: 57s - loss: 1.3958 - acc: 0.4375
2304/3458 [==================>...........] - ETA: 56s - loss: 1.3995 - acc: 0.4366
2336/3458 [===================>..........] - ETA: 54s - loss: 1.4026 - acc: 0.4354
2368/3458 [===================>..........] - ETA: 53s - loss: 1.4024 - acc: 0.4354
2400/3458 [===================>..........] - ETA: 51s - loss: 1.4007 - acc: 0.4358
2432/3458 [====================>.........] - ETA: 50s - loss: 1.3976 - acc: 0.4375
2464/3458 [====================>.........] - ETA: 48s - loss: 1.3963 - acc: 0.4383
2496/3458 [====================>.........] - ETA: 46s - loss: 1.3942 - acc: 0.4403
2528/3458 [====================>.........] - ETA: 45s - loss: 1.3924 - acc: 0.4403
2560/3458 [=====================>........] - ETA: 43s - loss: 1.3937 - acc: 0.4387
2592/3458 [=====================>........] - ETA: 42s - loss: 1.3920 - acc: 0.4394
2624/3458 [=====================>........] - ETA: 40s - loss: 1.3930 - acc: 0.4383
2656/3458 [======================>.......] - ETA: 39s - loss: 1.3923 - acc: 0.4394
2688/3458 [======================>.......] - ETA: 37s - loss: 1.3914 - acc: 0.4408
2720/3458 [======================>.......] - ETA: 35s - loss: 1.3930 - acc: 0.4393
2752/3458 [======================>.......] - ETA: 34s - loss: 1.3931 - acc: 0.4393
2784/3458 [=======================>......] - ETA: 32s - loss: 1.3915 - acc: 0.4389
2816/3458 [=======================>......] - ETA: 31s - loss: 1.3896 - acc: 0.4400
2848/3458 [=======================>......] - ETA: 29s - loss: 1.3883 - acc: 0.4407
2880/3458 [=======================>......] - ETA: 28s - loss: 1.3885 - acc: 0.4403
2912/3458 [========================>.....] - ETA: 26s - loss: 1.3884 - acc: 0.4396
2944/3458 [========================>.....] - ETA: 25s - loss: 1.3872 - acc: 0.4406
2976/3458 [========================>.....] - ETA: 23s - loss: 1.3843 - acc: 0.4419
3008/3458 [=========================>....] - ETA: 21s - loss: 1.3842 - acc: 0.4418
3040/3458 [=========================>....] - ETA: 20s - loss: 1.3821 - acc: 0.4431
3072/3458 [=========================>....] - ETA: 18s - loss: 1.3803 - acc: 0.4447
3104/3458 [=========================>....] - ETA: 17s - loss: 1.3796 - acc: 0.4439
3136/3458 [==========================>...] - ETA: 15s - loss: 1.3780 - acc: 0.4455
3168/3458 [==========================>...] - ETA: 14s - loss: 1.3765 - acc: 0.4457
3200/3458 [==========================>...] - ETA: 12s - loss: 1.3749 - acc: 0.4472
3232/3458 [===========================>..] - ETA: 11s - loss: 1.3736 - acc: 0.4486
3264/3458 [===========================>..] - ETA: 9s - loss: 1.3730 - acc: 0.4501 
3296/3458 [===========================>..] - ETA: 7s - loss: 1.3748 - acc: 0.4496
3328/3458 [===========================>..] - ETA: 6s - loss: 1.3727 - acc: 0.4495
3360/3458 [============================>.] - ETA: 4s - loss: 1.3732 - acc: 0.4512
3392/3458 [============================>.] - ETA: 3s - loss: 1.3729 - acc: 0.4508
3424/3458 [============================>.] - ETA: 1s - loss: 1.3718 - acc: 0.4512
3456/3458 [============================>.] - ETA: 0s - loss: 1.3721 - acc: 0.4497
3458/3458 [==============================] - 169s 49ms/sample - loss: 1.3722 - acc: 0.4497

 32/865 [>.............................] - ETA: 7s - loss: 1.4017 - acc: 0.3438
 64/865 [=>............................] - ETA: 6s - loss: 1.3273 - acc: 0.4062
 96/865 [==>...........................] - ETA: 6s - loss: 1.3050 - acc: 0.4271
128/865 [===>..........................] - ETA: 6s - loss: 1.3610 - acc: 0.4375
160/865 [====>.........................] - ETA: 6s - loss: 1.3427 - acc: 0.4437
192/865 [=====>........................] - ETA: 5s - loss: 1.3762 - acc: 0.4479
224/865 [======>.......................] - ETA: 5s - loss: 1.3488 - acc: 0.4598
256/865 [=======>......................] - ETA: 5s - loss: 1.3465 - acc: 0.4609
288/865 [========>.....................] - ETA: 5s - loss: 1.3475 - acc: 0.4514
320/865 [==========>...................] - ETA: 4s - loss: 1.3382 - acc: 0.4688
352/865 [===========>..................] - ETA: 4s - loss: 1.3442 - acc: 0.4631
384/865 [============>.................] - ETA: 4s - loss: 1.3363 - acc: 0.4714
416/865 [=============>................] - ETA: 3s - loss: 1.3213 - acc: 0.4784
448/865 [==============>...............] - ETA: 3s - loss: 1.3118 - acc: 0.4911
480/865 [===============>..............] - ETA: 3s - loss: 1.3094 - acc: 0.4917
512/865 [================>.............] - ETA: 3s - loss: 1.3040 - acc: 0.4941
544/865 [=================>............] - ETA: 2s - loss: 1.3077 - acc: 0.4890
576/865 [==================>...........] - ETA: 2s - loss: 1.3240 - acc: 0.4792
608/865 [====================>.........] - ETA: 2s - loss: 1.3228 - acc: 0.4786
640/865 [=====================>........] - ETA: 1s - loss: 1.3200 - acc: 0.4781
672/865 [======================>.......] - ETA: 1s - loss: 1.3327 - acc: 0.4643
704/865 [=======================>......] - ETA: 1s - loss: 1.3372 - acc: 0.4602
736/865 [========================>.....] - ETA: 1s - loss: 1.3310 - acc: 0.4620
768/865 [=========================>....] - ETA: 0s - loss: 1.3278 - acc: 0.4596
800/865 [==========================>...] - ETA: 0s - loss: 1.3207 - acc: 0.4613
832/865 [===========================>..] - ETA: 0s - loss: 1.3212 - acc: 0.4579
864/865 [============================>.] - ETA: 0s - loss: 1.3326 - acc: 0.4583
865/865 [==============================] - 8s 9ms/sample - loss: 1.3333 - acc: 0.4578

  32/3458 [..............................] - ETA: 2:44 - loss: 1.4193 - acc: 0.4375
  64/3458 [..............................] - ETA: 2:42 - loss: 1.4663 - acc: 0.4062
  96/3458 [..............................] - ETA: 2:42 - loss: 1.3934 - acc: 0.4271
 128/3458 [>.............................] - ETA: 2:42 - loss: 1.3572 - acc: 0.4453
 160/3458 [>.............................] - ETA: 2:40 - loss: 1.3377 - acc: 0.4750
 192/3458 [>.............................] - ETA: 2:39 - loss: 1.3125 - acc: 0.4740
 224/3458 [>.............................] - ETA: 2:37 - loss: 1.3064 - acc: 0.4643
 256/3458 [=>............................] - ETA: 2:36 - loss: 1.3273 - acc: 0.4531
 288/3458 [=>............................] - ETA: 2:34 - loss: 1.4072 - acc: 0.4479
 320/3458 [=>............................] - ETA: 2:33 - loss: 1.3820 - acc: 0.4594
 352/3458 [==>...........................] - ETA: 2:32 - loss: 1.3737 - acc: 0.4489
 384/3458 [==>...........................] - ETA: 2:31 - loss: 1.3690 - acc: 0.4531
 416/3458 [==>...........................] - ETA: 2:29 - loss: 1.3636 - acc: 0.4519
 448/3458 [==>...........................] - ETA: 2:28 - loss: 1.3521 - acc: 0.4598
 480/3458 [===>..........................] - ETA: 2:26 - loss: 1.3560 - acc: 0.4500
 512/3458 [===>..........................] - ETA: 2:24 - loss: 1.3525 - acc: 0.4609
 544/3458 [===>..........................] - ETA: 2:23 - loss: 1.3460 - acc: 0.4651
 576/3458 [===>..........................] - ETA: 2:21 - loss: 1.3428 - acc: 0.4653
 608/3458 [====>.........................] - ETA: 2:20 - loss: 1.3402 - acc: 0.4720
 640/3458 [====>.........................] - ETA: 2:18 - loss: 1.3411 - acc: 0.4688
 672/3458 [====>.........................] - ETA: 2:16 - loss: 1.3411 - acc: 0.4643
 704/3458 [=====>........................] - ETA: 2:15 - loss: 1.3449 - acc: 0.4688
 736/3458 [=====>........................] - ETA: 2:13 - loss: 1.3375 - acc: 0.4660
 768/3458 [=====>........................] - ETA: 2:12 - loss: 1.3349 - acc: 0.4648
 800/3458 [=====>........................] - ETA: 2:10 - loss: 1.3278 - acc: 0.4650
 832/3458 [======>.......................] - ETA: 2:08 - loss: 1.3201 - acc: 0.4724
 864/3458 [======>.......................] - ETA: 2:07 - loss: 1.3126 - acc: 0.4780
 896/3458 [======>.......................] - ETA: 2:05 - loss: 1.3122 - acc: 0.4788
 928/3458 [=======>......................] - ETA: 2:04 - loss: 1.3084 - acc: 0.4752
 960/3458 [=======>......................] - ETA: 2:02 - loss: 1.3091 - acc: 0.4760
 992/3458 [=======>......................] - ETA: 2:00 - loss: 1.3013 - acc: 0.4778
1024/3458 [=======>......................] - ETA: 1:59 - loss: 1.2977 - acc: 0.4785
1056/3458 [========>.....................] - ETA: 1:57 - loss: 1.2920 - acc: 0.4830
1088/3458 [========>.....................] - ETA: 1:56 - loss: 1.2917 - acc: 0.4871
1120/3458 [========>.....................] - ETA: 1:54 - loss: 1.2894 - acc: 0.4875
1152/3458 [========>.....................] - ETA: 1:52 - loss: 1.2840 - acc: 0.4905
1184/3458 [=========>....................] - ETA: 1:51 - loss: 1.2817 - acc: 0.4932
1216/3458 [=========>....................] - ETA: 1:49 - loss: 1.2810 - acc: 0.4975
1248/3458 [=========>....................] - ETA: 1:48 - loss: 1.2849 - acc: 0.4936
1280/3458 [==========>...................] - ETA: 1:46 - loss: 1.2871 - acc: 0.4922
1312/3458 [==========>...................] - ETA: 1:45 - loss: 1.2901 - acc: 0.4924
1344/3458 [==========>...................] - ETA: 1:43 - loss: 1.2902 - acc: 0.4911
1376/3458 [==========>...................] - ETA: 1:42 - loss: 1.2881 - acc: 0.4891
1408/3458 [===========>..................] - ETA: 1:40 - loss: 1.2820 - acc: 0.4922
1440/3458 [===========>..................] - ETA: 1:38 - loss: 1.2803 - acc: 0.4938
1472/3458 [===========>..................] - ETA: 1:37 - loss: 1.2824 - acc: 0.4898
1504/3458 [============>.................] - ETA: 1:35 - loss: 1.2825 - acc: 0.4887
1536/3458 [============>.................] - ETA: 1:34 - loss: 1.2851 - acc: 0.4870
1568/3458 [============>.................] - ETA: 1:32 - loss: 1.2843 - acc: 0.4860
1600/3458 [============>.................] - ETA: 1:30 - loss: 1.2850 - acc: 0.4869
1632/3458 [=============>................] - ETA: 1:29 - loss: 1.2831 - acc: 0.4865
1664/3458 [=============>................] - ETA: 1:27 - loss: 1.2820 - acc: 0.4868
1696/3458 [=============>................] - ETA: 1:26 - loss: 1.2825 - acc: 0.4864
1728/3458 [=============>................] - ETA: 1:24 - loss: 1.2781 - acc: 0.4867
1760/3458 [==============>...............] - ETA: 1:22 - loss: 1.2723 - acc: 0.4875
1792/3458 [==============>...............] - ETA: 1:21 - loss: 1.2717 - acc: 0.4883
1824/3458 [==============>...............] - ETA: 1:19 - loss: 1.2678 - acc: 0.4907
1856/3458 [===============>..............] - ETA: 1:18 - loss: 1.2639 - acc: 0.4925
1888/3458 [===============>..............] - ETA: 1:16 - loss: 1.2633 - acc: 0.4947
1920/3458 [===============>..............] - ETA: 1:15 - loss: 1.2622 - acc: 0.4953
1952/3458 [===============>..............] - ETA: 1:13 - loss: 1.2619 - acc: 0.4964
1984/3458 [================>.............] - ETA: 1:12 - loss: 1.2575 - acc: 0.4995
2016/3458 [================>.............] - ETA: 1:10 - loss: 1.2594 - acc: 0.4990
2048/3458 [================>.............] - ETA: 1:08 - loss: 1.2577 - acc: 0.4966
2080/3458 [=================>............] - ETA: 1:07 - loss: 1.2555 - acc: 0.4990
2112/3458 [=================>............] - ETA: 1:05 - loss: 1.2545 - acc: 0.4981
2144/3458 [=================>............] - ETA: 1:04 - loss: 1.2517 - acc: 0.4991
2176/3458 [=================>............] - ETA: 1:02 - loss: 1.2477 - acc: 0.5009
2208/3458 [==================>...........] - ETA: 1:01 - loss: 1.2540 - acc: 0.4991
2240/3458 [==================>...........] - ETA: 59s - loss: 1.2504 - acc: 0.5000 
2272/3458 [==================>...........] - ETA: 57s - loss: 1.2531 - acc: 0.4991
2304/3458 [==================>...........] - ETA: 56s - loss: 1.2499 - acc: 0.5017
2336/3458 [===================>..........] - ETA: 54s - loss: 1.2509 - acc: 0.5013
2368/3458 [===================>..........] - ETA: 53s - loss: 1.2473 - acc: 0.5042
2400/3458 [===================>..........] - ETA: 51s - loss: 1.2505 - acc: 0.5008
2432/3458 [====================>.........] - ETA: 50s - loss: 1.2508 - acc: 0.4996
2464/3458 [====================>.........] - ETA: 48s - loss: 1.2495 - acc: 0.5016
2496/3458 [====================>.........] - ETA: 46s - loss: 1.2466 - acc: 0.5040
2528/3458 [====================>.........] - ETA: 45s - loss: 1.2479 - acc: 0.5028
2560/3458 [=====================>........] - ETA: 43s - loss: 1.2464 - acc: 0.5027
2592/3458 [=====================>........] - ETA: 42s - loss: 1.2467 - acc: 0.5012
2624/3458 [=====================>........] - ETA: 40s - loss: 1.2455 - acc: 0.5027
2656/3458 [======================>.......] - ETA: 39s - loss: 1.2461 - acc: 0.5004
2688/3458 [======================>.......] - ETA: 37s - loss: 1.2449 - acc: 0.5007
2720/3458 [======================>.......] - ETA: 36s - loss: 1.2463 - acc: 0.4989
2752/3458 [======================>.......] - ETA: 34s - loss: 1.2449 - acc: 0.5007
2784/3458 [=======================>......] - ETA: 32s - loss: 1.2451 - acc: 0.4996
2816/3458 [=======================>......] - ETA: 31s - loss: 1.2439 - acc: 0.5004
2848/3458 [=======================>......] - ETA: 29s - loss: 1.2428 - acc: 0.4996
2880/3458 [=======================>......] - ETA: 28s - loss: 1.2477 - acc: 0.4993
2912/3458 [========================>.....] - ETA: 26s - loss: 1.2483 - acc: 0.4979
2944/3458 [========================>.....] - ETA: 25s - loss: 1.2494 - acc: 0.4973
2976/3458 [========================>.....] - ETA: 23s - loss: 1.2496 - acc: 0.4973
3008/3458 [=========================>....] - ETA: 21s - loss: 1.2490 - acc: 0.4977
3040/3458 [=========================>....] - ETA: 20s - loss: 1.2524 - acc: 0.4984
3072/3458 [=========================>....] - ETA: 18s - loss: 1.2510 - acc: 0.4993
3104/3458 [=========================>....] - ETA: 17s - loss: 1.2490 - acc: 0.5003
3136/3458 [==========================>...] - ETA: 15s - loss: 1.2515 - acc: 0.4990
3168/3458 [==========================>...] - ETA: 14s - loss: 1.2501 - acc: 0.4991
3200/3458 [==========================>...] - ETA: 12s - loss: 1.2492 - acc: 0.5000
3232/3458 [===========================>..] - ETA: 11s - loss: 1.2481 - acc: 0.5000
3264/3458 [===========================>..] - ETA: 9s - loss: 1.2510 - acc: 0.4988 
3296/3458 [===========================>..] - ETA: 7s - loss: 1.2493 - acc: 0.5000
3328/3458 [===========================>..] - ETA: 6s - loss: 1.2490 - acc: 0.4991
3360/3458 [============================>.] - ETA: 4s - loss: 1.2468 - acc: 0.4997
3392/3458 [============================>.] - ETA: 3s - loss: 1.2452 - acc: 0.5006
3424/3458 [============================>.] - ETA: 1s - loss: 1.2445 - acc: 0.5015
3456/3458 [============================>.] - ETA: 0s - loss: 1.2445 - acc: 0.5006
3458/3458 [==============================] - 169s 49ms/sample - loss: 1.2446 - acc: 0.5006

 32/865 [>.............................] - ETA: 7s - loss: 1.1845 - acc: 0.4062
 64/865 [=>............................] - ETA: 7s - loss: 1.1691 - acc: 0.5000
 96/865 [==>...........................] - ETA: 6s - loss: 1.1398 - acc: 0.5312
128/865 [===>..........................] - ETA: 6s - loss: 1.2076 - acc: 0.5391
160/865 [====>.........................] - ETA: 6s - loss: 1.2109 - acc: 0.5250
192/865 [=====>........................] - ETA: 6s - loss: 1.2383 - acc: 0.5156
224/865 [======>.......................] - ETA: 5s - loss: 1.2071 - acc: 0.5357
256/865 [=======>......................] - ETA: 5s - loss: 1.1963 - acc: 0.5469
288/865 [========>.....................] - ETA: 5s - loss: 1.1935 - acc: 0.5278
320/865 [==========>...................] - ETA: 4s - loss: 1.1836 - acc: 0.5469
352/865 [===========>..................] - ETA: 4s - loss: 1.1860 - acc: 0.5398
384/865 [============>.................] - ETA: 4s - loss: 1.1936 - acc: 0.5286
416/865 [=============>................] - ETA: 4s - loss: 1.1743 - acc: 0.5361
448/865 [==============>...............] - ETA: 3s - loss: 1.1653 - acc: 0.5424
480/865 [===============>..............] - ETA: 3s - loss: 1.1641 - acc: 0.5375
512/865 [================>.............] - ETA: 3s - loss: 1.1577 - acc: 0.5410
544/865 [=================>............] - ETA: 2s - loss: 1.1602 - acc: 0.5349
576/865 [==================>...........] - ETA: 2s - loss: 1.1822 - acc: 0.5278
608/865 [====================>.........] - ETA: 2s - loss: 1.1820 - acc: 0.5280
640/865 [=====================>........] - ETA: 1s - loss: 1.1740 - acc: 0.5344
672/865 [======================>.......] - ETA: 1s - loss: 1.1878 - acc: 0.5208
704/865 [=======================>......] - ETA: 1s - loss: 1.1896 - acc: 0.5185
736/865 [========================>.....] - ETA: 1s - loss: 1.1865 - acc: 0.5204
768/865 [=========================>....] - ETA: 0s - loss: 1.1810 - acc: 0.5182
800/865 [==========================>...] - ETA: 0s - loss: 1.1756 - acc: 0.5225
832/865 [===========================>..] - ETA: 0s - loss: 1.1726 - acc: 0.5240
864/865 [============================>.] - ETA: 0s - loss: 1.1848 - acc: 0.5208
865/865 [==============================] - 8s 9ms/sample - loss: 1.1853 - acc: 0.5202
