For Dropout_1=0.4 Dropout_2=0.0
daisy loaded
dandelion loaded
rose loaded
sunflower loaded
tulip loaded

  32/3458 [..............................] - ETA: 3:07 - loss: 1.6268 - acc: 0.0625
  64/3458 [..............................] - ETA: 2:57 - loss: 19.7030 - acc: 0.1562
  96/3458 [..............................] - ETA: 2:51 - loss: 23.8441 - acc: 0.1771
 128/3458 [>.............................] - ETA: 2:48 - loss: 20.1036 - acc: 0.2109
 160/3458 [>.............................] - ETA: 2:45 - loss: 16.5850 - acc: 0.2000
 192/3458 [>.............................] - ETA: 2:43 - loss: 14.0897 - acc: 0.2240
 224/3458 [>.............................] - ETA: 2:40 - loss: 12.3064 - acc: 0.2098
 256/3458 [=>............................] - ETA: 2:39 - loss: 10.9687 - acc: 0.2305
 288/3458 [=>............................] - ETA: 2:37 - loss: 9.9285 - acc: 0.2361 
 320/3458 [=>............................] - ETA: 2:36 - loss: 9.0961 - acc: 0.2313
 352/3458 [==>...........................] - ETA: 2:34 - loss: 8.4149 - acc: 0.2244
 384/3458 [==>...........................] - ETA: 2:32 - loss: 7.8468 - acc: 0.2240
 416/3458 [==>...........................] - ETA: 2:30 - loss: 7.3646 - acc: 0.2356
 448/3458 [==>...........................] - ETA: 2:29 - loss: 6.9486 - acc: 0.2478
 480/3458 [===>..........................] - ETA: 2:27 - loss: 6.5838 - acc: 0.2542
 512/3458 [===>..........................] - ETA: 2:25 - loss: 6.2751 - acc: 0.2422
 544/3458 [===>..........................] - ETA: 2:24 - loss: 6.0072 - acc: 0.2390
 576/3458 [===>..........................] - ETA: 2:22 - loss: 5.7603 - acc: 0.2448
 608/3458 [====>.........................] - ETA: 2:21 - loss: 5.5395 - acc: 0.2434
 640/3458 [====>.........................] - ETA: 2:19 - loss: 5.3426 - acc: 0.2406
 672/3458 [====>.........................] - ETA: 2:17 - loss: 5.1644 - acc: 0.2396
 704/3458 [=====>........................] - ETA: 2:16 - loss: 5.0023 - acc: 0.2429
 736/3458 [=====>........................] - ETA: 2:14 - loss: 4.8545 - acc: 0.2486
 768/3458 [=====>........................] - ETA: 2:13 - loss: 4.7193 - acc: 0.2448
 800/3458 [=====>........................] - ETA: 2:11 - loss: 4.5947 - acc: 0.2450
 832/3458 [======>.......................] - ETA: 2:09 - loss: 4.4797 - acc: 0.2464
 864/3458 [======>.......................] - ETA: 2:08 - loss: 4.3734 - acc: 0.2419
 896/3458 [======>.......................] - ETA: 2:06 - loss: 4.2745 - acc: 0.2422
 928/3458 [=======>......................] - ETA: 2:05 - loss: 4.1823 - acc: 0.2435
 960/3458 [=======>......................] - ETA: 2:03 - loss: 4.0965 - acc: 0.2458
 992/3458 [=======>......................] - ETA: 2:01 - loss: 4.0160 - acc: 0.2480
1024/3458 [=======>......................] - ETA: 2:00 - loss: 3.9405 - acc: 0.2461
1056/3458 [========>.....................] - ETA: 1:58 - loss: 3.8700 - acc: 0.2453
1088/3458 [========>.....................] - ETA: 1:57 - loss: 3.8035 - acc: 0.2454
1120/3458 [========>.....................] - ETA: 1:55 - loss: 3.7406 - acc: 0.2464
1152/3458 [========>.....................] - ETA: 1:54 - loss: 3.6812 - acc: 0.2465
1184/3458 [=========>....................] - ETA: 1:52 - loss: 3.6250 - acc: 0.2492
1216/3458 [=========>....................] - ETA: 1:50 - loss: 3.5720 - acc: 0.2484
1248/3458 [=========>....................] - ETA: 1:49 - loss: 3.5217 - acc: 0.2468
1280/3458 [==========>...................] - ETA: 1:47 - loss: 3.4738 - acc: 0.2477
1312/3458 [==========>...................] - ETA: 1:46 - loss: 3.4281 - acc: 0.2508
1344/3458 [==========>...................] - ETA: 1:44 - loss: 3.3847 - acc: 0.2500
1376/3458 [==========>...................] - ETA: 1:42 - loss: 3.3435 - acc: 0.2507
1408/3458 [===========>..................] - ETA: 1:41 - loss: 3.3041 - acc: 0.2493
1440/3458 [===========>..................] - ETA: 1:39 - loss: 3.2668 - acc: 0.2444
1472/3458 [===========>..................] - ETA: 1:37 - loss: 3.2305 - acc: 0.2466
1504/3458 [============>.................] - ETA: 1:36 - loss: 3.1961 - acc: 0.2434
1536/3458 [============>.................] - ETA: 1:34 - loss: 3.1627 - acc: 0.2448
1568/3458 [============>.................] - ETA: 1:33 - loss: 3.1308 - acc: 0.2462
1600/3458 [============>.................] - ETA: 1:31 - loss: 3.1000 - acc: 0.2494
1632/3458 [=============>................] - ETA: 1:30 - loss: 3.0707 - acc: 0.2482
1664/3458 [=============>................] - ETA: 1:28 - loss: 3.0427 - acc: 0.2470
1696/3458 [=============>................] - ETA: 1:26 - loss: 3.0157 - acc: 0.2465
1728/3458 [=============>................] - ETA: 1:25 - loss: 2.9895 - acc: 0.2465
1760/3458 [==============>...............] - ETA: 1:23 - loss: 2.9641 - acc: 0.2455
1792/3458 [==============>...............] - ETA: 1:22 - loss: 2.9399 - acc: 0.2450
1824/3458 [==============>...............] - ETA: 1:20 - loss: 2.9166 - acc: 0.2451
1856/3458 [===============>..............] - ETA: 1:19 - loss: 2.8934 - acc: 0.2484
1888/3458 [===============>..............] - ETA: 1:17 - loss: 2.8716 - acc: 0.2484
1920/3458 [===============>..............] - ETA: 1:15 - loss: 2.8506 - acc: 0.2479
1952/3458 [===============>..............] - ETA: 1:14 - loss: 2.8298 - acc: 0.2505
1984/3458 [================>.............] - ETA: 1:12 - loss: 2.8103 - acc: 0.2485
2016/3458 [================>.............] - ETA: 1:11 - loss: 2.7911 - acc: 0.2485
2048/3458 [================>.............] - ETA: 1:09 - loss: 2.7726 - acc: 0.2495
2080/3458 [=================>............] - ETA: 1:07 - loss: 2.7546 - acc: 0.2500
2112/3458 [=================>............] - ETA: 1:06 - loss: 2.7371 - acc: 0.2500
2144/3458 [=================>............] - ETA: 1:04 - loss: 2.7203 - acc: 0.2491
2176/3458 [=================>............] - ETA: 1:03 - loss: 2.7038 - acc: 0.2482
2208/3458 [==================>...........] - ETA: 1:01 - loss: 2.6875 - acc: 0.2491
2240/3458 [==================>...........] - ETA: 1:00 - loss: 2.6719 - acc: 0.2500
2272/3458 [==================>...........] - ETA: 58s - loss: 2.6569 - acc: 0.2491 
2304/3458 [==================>...........] - ETA: 56s - loss: 2.6422 - acc: 0.2500
2336/3458 [===================>..........] - ETA: 55s - loss: 2.6280 - acc: 0.2504
2368/3458 [===================>..........] - ETA: 53s - loss: 2.6143 - acc: 0.2496
2400/3458 [===================>..........] - ETA: 52s - loss: 2.6008 - acc: 0.2488
2432/3458 [====================>.........] - ETA: 50s - loss: 2.5877 - acc: 0.2484
2464/3458 [====================>.........] - ETA: 49s - loss: 2.5749 - acc: 0.2480
2496/3458 [====================>.........] - ETA: 47s - loss: 2.5623 - acc: 0.2480
2528/3458 [====================>.........] - ETA: 45s - loss: 2.5502 - acc: 0.2472
2560/3458 [=====================>........] - ETA: 44s - loss: 2.5384 - acc: 0.2469
2592/3458 [=====================>........] - ETA: 42s - loss: 2.5269 - acc: 0.2465
2624/3458 [=====================>........] - ETA: 41s - loss: 2.5158 - acc: 0.2454
2656/3458 [======================>.......] - ETA: 39s - loss: 2.5049 - acc: 0.2447
2688/3458 [======================>.......] - ETA: 37s - loss: 2.4940 - acc: 0.2452
2720/3458 [======================>.......] - ETA: 36s - loss: 2.4834 - acc: 0.2460
2752/3458 [======================>.......] - ETA: 34s - loss: 2.4735 - acc: 0.2449
2784/3458 [=======================>......] - ETA: 33s - loss: 2.4634 - acc: 0.2453
2816/3458 [=======================>......] - ETA: 31s - loss: 2.4538 - acc: 0.2440
2848/3458 [=======================>......] - ETA: 30s - loss: 2.4441 - acc: 0.2454
2880/3458 [=======================>......] - ETA: 28s - loss: 2.4352 - acc: 0.2438
2912/3458 [========================>.....] - ETA: 26s - loss: 2.4259 - acc: 0.2435
2944/3458 [========================>.....] - ETA: 25s - loss: 2.4171 - acc: 0.2439
2976/3458 [========================>.....] - ETA: 23s - loss: 2.4083 - acc: 0.2440
3008/3458 [=========================>....] - ETA: 22s - loss: 2.3998 - acc: 0.2440
3040/3458 [=========================>....] - ETA: 20s - loss: 2.3913 - acc: 0.2454
3072/3458 [=========================>....] - ETA: 19s - loss: 2.3831 - acc: 0.2448
3104/3458 [=========================>....] - ETA: 17s - loss: 2.3751 - acc: 0.2442
3136/3458 [==========================>...] - ETA: 15s - loss: 2.3674 - acc: 0.2433
3168/3458 [==========================>...] - ETA: 14s - loss: 2.3596 - acc: 0.2437
3200/3458 [==========================>...] - ETA: 12s - loss: 2.3517 - acc: 0.2453
3232/3458 [===========================>..] - ETA: 11s - loss: 2.3440 - acc: 0.2466
3264/3458 [===========================>..] - ETA: 9s - loss: 2.3365 - acc: 0.2479 
3296/3458 [===========================>..] - ETA: 7s - loss: 2.3293 - acc: 0.2482
3328/3458 [===========================>..] - ETA: 6s - loss: 2.3225 - acc: 0.2473
3360/3458 [============================>.] - ETA: 4s - loss: 2.3154 - acc: 0.2476
3392/3458 [============================>.] - ETA: 3s - loss: 2.3085 - acc: 0.2476
3424/3458 [============================>.] - ETA: 1s - loss: 2.3020 - acc: 0.2471
3456/3458 [============================>.] - ETA: 0s - loss: 2.2954 - acc: 0.2477
3458/3458 [==============================] - 171s 49ms/sample - loss: 2.2949 - acc: 0.2478

 32/865 [>.............................] - ETA: 8s - loss: 1.5662 - acc: 0.3125
 64/865 [=>............................] - ETA: 7s - loss: 1.5810 - acc: 0.3281
 96/865 [==>...........................] - ETA: 7s - loss: 1.5850 - acc: 0.3125
128/865 [===>..........................] - ETA: 6s - loss: 1.5903 - acc: 0.2812
160/865 [====>.........................] - ETA: 6s - loss: 1.5967 - acc: 0.2500
192/865 [=====>........................] - ETA: 6s - loss: 1.5973 - acc: 0.2500
224/865 [======>.......................] - ETA: 5s - loss: 1.5968 - acc: 0.2500
256/865 [=======>......................] - ETA: 5s - loss: 1.5984 - acc: 0.2383
288/865 [========>.....................] - ETA: 5s - loss: 1.6021 - acc: 0.2222
320/865 [==========>...................] - ETA: 4s - loss: 1.6009 - acc: 0.2313
352/865 [===========>..................] - ETA: 4s - loss: 1.6026 - acc: 0.2273
384/865 [============>.................] - ETA: 4s - loss: 1.6042 - acc: 0.2266
416/865 [=============>................] - ETA: 4s - loss: 1.6047 - acc: 0.2236
448/865 [==============>...............] - ETA: 3s - loss: 1.6038 - acc: 0.2299
480/865 [===============>..............] - ETA: 3s - loss: 1.6022 - acc: 0.2354
512/865 [================>.............] - ETA: 3s - loss: 1.6008 - acc: 0.2422
544/865 [=================>............] - ETA: 2s - loss: 1.6017 - acc: 0.2408
576/865 [==================>...........] - ETA: 2s - loss: 1.6027 - acc: 0.2378
608/865 [====================>.........] - ETA: 2s - loss: 1.6028 - acc: 0.2352
640/865 [=====================>........] - ETA: 2s - loss: 1.6032 - acc: 0.2328
672/865 [======================>.......] - ETA: 1s - loss: 1.6029 - acc: 0.2321
704/865 [=======================>......] - ETA: 1s - loss: 1.6024 - acc: 0.2330
736/865 [========================>.....] - ETA: 1s - loss: 1.6025 - acc: 0.2323
768/865 [=========================>....] - ETA: 0s - loss: 1.6021 - acc: 0.2305
800/865 [==========================>...] - ETA: 0s - loss: 1.6019 - acc: 0.2313
832/865 [===========================>..] - ETA: 0s - loss: 1.6011 - acc: 0.2344
864/865 [============================>.] - ETA: 0s - loss: 1.6026 - acc: 0.2303
865/865 [==============================] - 8s 9ms/sample - loss: 1.6025 - acc: 0.2301

  32/3458 [..............................] - ETA: 2:43 - loss: 1.6080 - acc: 0.2500
  64/3458 [..............................] - ETA: 2:45 - loss: 1.6016 - acc: 0.2500
  96/3458 [..............................] - ETA: 2:43 - loss: 1.6041 - acc: 0.2292
 128/3458 [>.............................] - ETA: 2:42 - loss: 1.6014 - acc: 0.2500
 160/3458 [>.............................] - ETA: 2:40 - loss: 1.6001 - acc: 0.2562
 192/3458 [>.............................] - ETA: 2:40 - loss: 1.5971 - acc: 0.2500
 224/3458 [>.............................] - ETA: 2:38 - loss: 1.5984 - acc: 0.2500
 256/3458 [=>............................] - ETA: 2:36 - loss: 1.5978 - acc: 0.2461
 288/3458 [=>............................] - ETA: 2:35 - loss: 1.5943 - acc: 0.2569
 320/3458 [=>............................] - ETA: 2:33 - loss: 1.5984 - acc: 0.2500
 352/3458 [==>...........................] - ETA: 2:32 - loss: 1.5992 - acc: 0.2528
 384/3458 [==>...........................] - ETA: 2:30 - loss: 1.5981 - acc: 0.2630
 416/3458 [==>...........................] - ETA: 2:29 - loss: 1.5993 - acc: 0.2572
 448/3458 [==>...........................] - ETA: 2:27 - loss: 1.5966 - acc: 0.2634
 480/3458 [===>..........................] - ETA: 2:25 - loss: 1.5967 - acc: 0.2625
 512/3458 [===>..........................] - ETA: 2:24 - loss: 1.5964 - acc: 0.2598
 544/3458 [===>..........................] - ETA: 2:22 - loss: 1.5943 - acc: 0.2684
 576/3458 [===>..........................] - ETA: 2:21 - loss: 1.5930 - acc: 0.2708
 608/3458 [====>.........................] - ETA: 2:19 - loss: 1.5920 - acc: 0.2763
 640/3458 [====>.........................] - ETA: 2:18 - loss: 1.5902 - acc: 0.2750
 672/3458 [====>.........................] - ETA: 2:16 - loss: 1.5904 - acc: 0.2753
 704/3458 [=====>........................] - ETA: 2:15 - loss: 1.5898 - acc: 0.2784
 736/3458 [=====>........................] - ETA: 2:13 - loss: 1.5889 - acc: 0.2812
 768/3458 [=====>........................] - ETA: 2:12 - loss: 1.5896 - acc: 0.2786
 800/3458 [=====>........................] - ETA: 2:10 - loss: 1.5904 - acc: 0.2788
 832/3458 [======>.......................] - ETA: 2:09 - loss: 1.5915 - acc: 0.2764
 864/3458 [======>.......................] - ETA: 2:07 - loss: 1.5931 - acc: 0.2731
 896/3458 [======>.......................] - ETA: 2:05 - loss: 1.5953 - acc: 0.2690
 928/3458 [=======>......................] - ETA: 2:04 - loss: 1.5971 - acc: 0.2651
 960/3458 [=======>......................] - ETA: 2:02 - loss: 1.5951 - acc: 0.2688
 992/3458 [=======>......................] - ETA: 2:01 - loss: 1.5953 - acc: 0.2681
1024/3458 [=======>......................] - ETA: 1:59 - loss: 1.5956 - acc: 0.2656
1056/3458 [========>.....................] - ETA: 1:58 - loss: 1.5954 - acc: 0.2670
1088/3458 [========>.....................] - ETA: 1:56 - loss: 1.5957 - acc: 0.2647
1120/3458 [========>.....................] - ETA: 1:55 - loss: 1.5954 - acc: 0.2643
1152/3458 [========>.....................] - ETA: 1:53 - loss: 1.5961 - acc: 0.2613
1184/3458 [=========>....................] - ETA: 1:51 - loss: 1.5971 - acc: 0.2593
1216/3458 [=========>....................] - ETA: 1:50 - loss: 1.5984 - acc: 0.2558
1248/3458 [=========>....................] - ETA: 1:48 - loss: 1.5985 - acc: 0.2556
1280/3458 [==========>...................] - ETA: 1:47 - loss: 1.5971 - acc: 0.2594
1312/3458 [==========>...................] - ETA: 1:45 - loss: 1.5972 - acc: 0.2584
1344/3458 [==========>...................] - ETA: 1:44 - loss: 1.5966 - acc: 0.2612
1376/3458 [==========>...................] - ETA: 1:42 - loss: 1.5967 - acc: 0.2587
1408/3458 [===========>..................] - ETA: 1:40 - loss: 1.5971 - acc: 0.2564
1440/3458 [===========>..................] - ETA: 1:39 - loss: 1.5977 - acc: 0.2556
1472/3458 [===========>..................] - ETA: 1:37 - loss: 1.5971 - acc: 0.2568
1504/3458 [============>.................] - ETA: 1:36 - loss: 1.5971 - acc: 0.2560
1536/3458 [============>.................] - ETA: 1:34 - loss: 1.5967 - acc: 0.2559
1568/3458 [============>.................] - ETA: 1:33 - loss: 1.5962 - acc: 0.2583
1600/3458 [============>.................] - ETA: 1:31 - loss: 1.5955 - acc: 0.2587
1632/3458 [=============>................] - ETA: 1:29 - loss: 1.5948 - acc: 0.2598
1664/3458 [=============>................] - ETA: 1:28 - loss: 1.5935 - acc: 0.2644
1696/3458 [=============>................] - ETA: 1:26 - loss: 1.5930 - acc: 0.2653
1728/3458 [=============>................] - ETA: 1:25 - loss: 1.5930 - acc: 0.2650
1760/3458 [==============>...............] - ETA: 1:23 - loss: 1.5926 - acc: 0.2659
1792/3458 [==============>...............] - ETA: 1:21 - loss: 1.5928 - acc: 0.2645
1824/3458 [==============>...............] - ETA: 1:20 - loss: 1.5929 - acc: 0.2637
1856/3458 [===============>..............] - ETA: 1:18 - loss: 1.5930 - acc: 0.2629
1888/3458 [===============>..............] - ETA: 1:17 - loss: 1.5927 - acc: 0.2638
1920/3458 [===============>..............] - ETA: 1:15 - loss: 1.5929 - acc: 0.2641
1952/3458 [===============>..............] - ETA: 1:14 - loss: 1.5930 - acc: 0.2633
1984/3458 [================>.............] - ETA: 1:12 - loss: 1.5930 - acc: 0.2631
2016/3458 [================>.............] - ETA: 1:11 - loss: 1.5929 - acc: 0.2619
2048/3458 [================>.............] - ETA: 1:09 - loss: 1.5944 - acc: 0.2583
2080/3458 [=================>............] - ETA: 1:07 - loss: 1.5939 - acc: 0.2587
2112/3458 [=================>............] - ETA: 1:06 - loss: 1.5937 - acc: 0.2585
2144/3458 [=================>............] - ETA: 1:04 - loss: 1.5941 - acc: 0.2575
2176/3458 [=================>............] - ETA: 1:03 - loss: 1.5937 - acc: 0.2592
2208/3458 [==================>...........] - ETA: 1:01 - loss: 1.5932 - acc: 0.2609
2240/3458 [==================>...........] - ETA: 59s - loss: 1.5934 - acc: 0.2603 
2272/3458 [==================>...........] - ETA: 58s - loss: 1.5938 - acc: 0.2592
2304/3458 [==================>...........] - ETA: 56s - loss: 1.5943 - acc: 0.2578
2336/3458 [===================>..........] - ETA: 55s - loss: 1.5946 - acc: 0.2560
2368/3458 [===================>..........] - ETA: 53s - loss: 1.5946 - acc: 0.2555
2400/3458 [===================>..........] - ETA: 52s - loss: 1.5951 - acc: 0.2542
2432/3458 [====================>.........] - ETA: 50s - loss: 1.5955 - acc: 0.2541
2464/3458 [====================>.........] - ETA: 48s - loss: 1.5949 - acc: 0.2549
2496/3458 [====================>.........] - ETA: 47s - loss: 1.5952 - acc: 0.2540
2528/3458 [====================>.........] - ETA: 45s - loss: 1.5954 - acc: 0.2532
2560/3458 [=====================>........] - ETA: 44s - loss: 1.5962 - acc: 0.2520
2592/3458 [=====================>........] - ETA: 42s - loss: 1.5963 - acc: 0.2515
2624/3458 [=====================>........] - ETA: 41s - loss: 1.5962 - acc: 0.2508
2656/3458 [======================>.......] - ETA: 39s - loss: 1.5967 - acc: 0.2500
2688/3458 [======================>.......] - ETA: 37s - loss: 1.5967 - acc: 0.2500
2720/3458 [======================>.......] - ETA: 36s - loss: 1.5966 - acc: 0.2500
2752/3458 [======================>.......] - ETA: 34s - loss: 1.5966 - acc: 0.2500
2784/3458 [=======================>......] - ETA: 33s - loss: 1.5966 - acc: 0.2511
2816/3458 [=======================>......] - ETA: 31s - loss: 1.5968 - acc: 0.2500
2848/3458 [=======================>......] - ETA: 30s - loss: 1.5966 - acc: 0.2504
2880/3458 [=======================>......] - ETA: 28s - loss: 1.5966 - acc: 0.2497
2912/3458 [========================>.....] - ETA: 26s - loss: 1.5971 - acc: 0.2479
2944/3458 [========================>.....] - ETA: 25s - loss: 1.5975 - acc: 0.2480
2976/3458 [========================>.....] - ETA: 23s - loss: 1.5974 - acc: 0.2487
3008/3458 [=========================>....] - ETA: 22s - loss: 1.5973 - acc: 0.2483
3040/3458 [=========================>....] - ETA: 20s - loss: 1.5976 - acc: 0.2480
3072/3458 [=========================>....] - ETA: 19s - loss: 1.5974 - acc: 0.2477
3104/3458 [=========================>....] - ETA: 17s - loss: 1.5974 - acc: 0.2481
3136/3458 [==========================>...] - ETA: 15s - loss: 1.5975 - acc: 0.2484
3168/3458 [==========================>...] - ETA: 14s - loss: 1.5976 - acc: 0.2494
3200/3458 [==========================>...] - ETA: 12s - loss: 1.5974 - acc: 0.2503
3232/3458 [===========================>..] - ETA: 11s - loss: 1.5972 - acc: 0.2500
3264/3458 [===========================>..] - ETA: 9s - loss: 1.5977 - acc: 0.2488 
3296/3458 [===========================>..] - ETA: 8s - loss: 1.5979 - acc: 0.2479
3328/3458 [===========================>..] - ETA: 6s - loss: 1.5981 - acc: 0.2473
3360/3458 [============================>.] - ETA: 4s - loss: 1.5983 - acc: 0.2467
3392/3458 [============================>.] - ETA: 3s - loss: 1.5986 - acc: 0.2468
3424/3458 [============================>.] - ETA: 1s - loss: 1.5989 - acc: 0.2465
3456/3458 [============================>.] - ETA: 0s - loss: 1.5989 - acc: 0.2468
3458/3458 [==============================] - 171s 50ms/sample - loss: 1.5989 - acc: 0.2467

 32/865 [>.............................] - ETA: 7s - loss: 1.5529 - acc: 0.3125
 64/865 [=>............................] - ETA: 7s - loss: 1.5766 - acc: 0.3281
 96/865 [==>...........................] - ETA: 6s - loss: 1.5815 - acc: 0.3125
128/865 [===>..........................] - ETA: 6s - loss: 1.5866 - acc: 0.2812
160/865 [====>.........................] - ETA: 6s - loss: 1.5937 - acc: 0.2500
192/865 [=====>........................] - ETA: 5s - loss: 1.5947 - acc: 0.2500
224/865 [======>.......................] - ETA: 5s - loss: 1.5941 - acc: 0.2500
256/865 [=======>......................] - ETA: 5s - loss: 1.5952 - acc: 0.2383
288/865 [========>.....................] - ETA: 5s - loss: 1.5998 - acc: 0.2222
320/865 [==========>...................] - ETA: 4s - loss: 1.5987 - acc: 0.2313
352/865 [===========>..................] - ETA: 4s - loss: 1.6012 - acc: 0.2273
384/865 [============>.................] - ETA: 4s - loss: 1.6038 - acc: 0.2266
416/865 [=============>................] - ETA: 4s - loss: 1.6042 - acc: 0.2236
448/865 [==============>...............] - ETA: 3s - loss: 1.6035 - acc: 0.2299
480/865 [===============>..............] - ETA: 3s - loss: 1.6014 - acc: 0.2354
512/865 [================>.............] - ETA: 3s - loss: 1.6000 - acc: 0.2422
544/865 [=================>............] - ETA: 2s - loss: 1.6014 - acc: 0.2408
576/865 [==================>...........] - ETA: 2s - loss: 1.6026 - acc: 0.2378
608/865 [====================>.........] - ETA: 2s - loss: 1.6025 - acc: 0.2352
640/865 [=====================>........] - ETA: 2s - loss: 1.6028 - acc: 0.2328
672/865 [======================>.......] - ETA: 1s - loss: 1.6023 - acc: 0.2321
704/865 [=======================>......] - ETA: 1s - loss: 1.6016 - acc: 0.2330
736/865 [========================>.....] - ETA: 1s - loss: 1.6016 - acc: 0.2323
768/865 [=========================>....] - ETA: 0s - loss: 1.6008 - acc: 0.2305
800/865 [==========================>...] - ETA: 0s - loss: 1.6007 - acc: 0.2313
832/865 [===========================>..] - ETA: 0s - loss: 1.5997 - acc: 0.2344
864/865 [============================>.] - ETA: 0s - loss: 1.6016 - acc: 0.2303
865/865 [==============================] - 8s 9ms/sample - loss: 1.6015 - acc: 0.2301

  32/3458 [..............................] - ETA: 2:49 - loss: 1.6018 - acc: 0.3438
  64/3458 [..............................] - ETA: 2:46 - loss: 1.5752 - acc: 0.3750
  96/3458 [..............................] - ETA: 2:47 - loss: 1.5834 - acc: 0.3125
 128/3458 [>.............................] - ETA: 2:45 - loss: 1.5891 - acc: 0.2891
 160/3458 [>.............................] - ETA: 2:43 - loss: 1.5896 - acc: 0.2750
 192/3458 [>.............................] - ETA: 2:41 - loss: 1.5899 - acc: 0.2760
 224/3458 [>.............................] - ETA: 2:39 - loss: 1.5894 - acc: 0.2812
 256/3458 [=>............................] - ETA: 2:38 - loss: 1.5870 - acc: 0.2891
 288/3458 [=>............................] - ETA: 2:36 - loss: 1.5865 - acc: 0.2847
 320/3458 [=>............................] - ETA: 2:34 - loss: 1.5846 - acc: 0.2875
 352/3458 [==>...........................] - ETA: 2:33 - loss: 1.5828 - acc: 0.2955
 384/3458 [==>...........................] - ETA: 2:31 - loss: 1.5821 - acc: 0.2891
 416/3458 [==>...........................] - ETA: 2:30 - loss: 1.5841 - acc: 0.2885
 448/3458 [==>...........................] - ETA: 2:28 - loss: 1.5874 - acc: 0.2812
 480/3458 [===>..........................] - ETA: 2:26 - loss: 1.5875 - acc: 0.2771
 512/3458 [===>..........................] - ETA: 2:25 - loss: 1.5903 - acc: 0.2734
 544/3458 [===>..........................] - ETA: 2:23 - loss: 1.5922 - acc: 0.2647
 576/3458 [===>..........................] - ETA: 2:21 - loss: 1.5918 - acc: 0.2639
 608/3458 [====>.........................] - ETA: 2:20 - loss: 1.5919 - acc: 0.2632
 640/3458 [====>.........................] - ETA: 2:18 - loss: 1.5920 - acc: 0.2609
 672/3458 [====>.........................] - ETA: 2:17 - loss: 1.5907 - acc: 0.2619
 704/3458 [=====>........................] - ETA: 2:15 - loss: 1.5902 - acc: 0.2642
 736/3458 [=====>........................] - ETA: 2:14 - loss: 1.5916 - acc: 0.2595
 768/3458 [=====>........................] - ETA: 2:12 - loss: 1.5911 - acc: 0.2578
 800/3458 [=====>........................] - ETA: 2:10 - loss: 1.5914 - acc: 0.2587
 832/3458 [======>.......................] - ETA: 2:09 - loss: 1.5918 - acc: 0.2572
 864/3458 [======>.......................] - ETA: 2:07 - loss: 1.5929 - acc: 0.2535
 896/3458 [======>.......................] - ETA: 2:06 - loss: 1.5916 - acc: 0.2545
 928/3458 [=======>......................] - ETA: 2:04 - loss: 1.5922 - acc: 0.2554
 960/3458 [=======>......................] - ETA: 2:02 - loss: 1.5921 - acc: 0.2562
 992/3458 [=======>......................] - ETA: 2:01 - loss: 1.5944 - acc: 0.2530
1024/3458 [=======>......................] - ETA: 1:59 - loss: 1.5942 - acc: 0.2529
1056/3458 [========>.....................] - ETA: 1:58 - loss: 1.5951 - acc: 0.2519
1088/3458 [========>.....................] - ETA: 1:56 - loss: 1.5940 - acc: 0.2555
1120/3458 [========>.....................] - ETA: 1:55 - loss: 1.5948 - acc: 0.2545
1152/3458 [========>.....................] - ETA: 1:53 - loss: 1.5936 - acc: 0.2569
1184/3458 [=========>....................] - ETA: 1:51 - loss: 1.5930 - acc: 0.2593
1216/3458 [=========>....................] - ETA: 1:50 - loss: 1.5929 - acc: 0.2599
1248/3458 [=========>....................] - ETA: 1:48 - loss: 1.5927 - acc: 0.2596
1280/3458 [==========>...................] - ETA: 1:47 - loss: 1.5930 - acc: 0.2586
1312/3458 [==========>...................] - ETA: 1:45 - loss: 1.5932 - acc: 0.2607
1344/3458 [==========>...................] - ETA: 1:43 - loss: 1.5930 - acc: 0.2604
1376/3458 [==========>...................] - ETA: 1:42 - loss: 1.5937 - acc: 0.2587
1408/3458 [===========>..................] - ETA: 1:40 - loss: 1.5941 - acc: 0.2564
1440/3458 [===========>..................] - ETA: 1:39 - loss: 1.5937 - acc: 0.2562
1472/3458 [===========>..................] - ETA: 1:37 - loss: 1.5944 - acc: 0.2568
1504/3458 [============>.................] - ETA: 1:36 - loss: 1.5940 - acc: 0.2580
1536/3458 [============>.................] - ETA: 1:34 - loss: 1.5946 - acc: 0.2559
1568/3458 [============>.................] - ETA: 1:32 - loss: 1.5946 - acc: 0.2545
1600/3458 [============>.................] - ETA: 1:31 - loss: 1.5942 - acc: 0.2544
1632/3458 [=============>................] - ETA: 1:29 - loss: 1.5948 - acc: 0.2543
1664/3458 [=============>................] - ETA: 1:28 - loss: 1.5948 - acc: 0.2530
1696/3458 [=============>................] - ETA: 1:26 - loss: 1.5949 - acc: 0.2524
1728/3458 [=============>................] - ETA: 1:25 - loss: 1.5951 - acc: 0.2517
1760/3458 [==============>...............] - ETA: 1:23 - loss: 1.5954 - acc: 0.2523
1792/3458 [==============>...............] - ETA: 1:21 - loss: 1.5952 - acc: 0.2539
1824/3458 [==============>...............] - ETA: 1:20 - loss: 1.5950 - acc: 0.2544
1856/3458 [===============>..............] - ETA: 1:18 - loss: 1.5962 - acc: 0.2516
1888/3458 [===============>..............] - ETA: 1:17 - loss: 1.5961 - acc: 0.2526
1920/3458 [===============>..............] - ETA: 1:15 - loss: 1.5959 - acc: 0.2516
1952/3458 [===============>..............] - ETA: 1:14 - loss: 1.5959 - acc: 0.2526
1984/3458 [================>.............] - ETA: 1:12 - loss: 1.5958 - acc: 0.2505
2016/3458 [================>.............] - ETA: 1:10 - loss: 1.5960 - acc: 0.2490
2048/3458 [================>.............] - ETA: 1:09 - loss: 1.5963 - acc: 0.2490
2080/3458 [=================>............] - ETA: 1:07 - loss: 1.5971 - acc: 0.2476
2112/3458 [=================>............] - ETA: 1:06 - loss: 1.5967 - acc: 0.2476
2144/3458 [=================>............] - ETA: 1:04 - loss: 1.5963 - acc: 0.2472
2176/3458 [=================>............] - ETA: 1:03 - loss: 1.5962 - acc: 0.2482
2208/3458 [==================>...........] - ETA: 1:01 - loss: 1.5961 - acc: 0.2486
2240/3458 [==================>...........] - ETA: 59s - loss: 1.5963 - acc: 0.2487 
2272/3458 [==================>...........] - ETA: 58s - loss: 1.5963 - acc: 0.2482
2304/3458 [==================>...........] - ETA: 56s - loss: 1.5966 - acc: 0.2478
2336/3458 [===================>..........] - ETA: 55s - loss: 1.5967 - acc: 0.2470
2368/3458 [===================>..........] - ETA: 53s - loss: 1.5968 - acc: 0.2462
2400/3458 [===================>..........] - ETA: 52s - loss: 1.5970 - acc: 0.2458
2432/3458 [====================>.........] - ETA: 50s - loss: 1.5972 - acc: 0.2467
2464/3458 [====================>.........] - ETA: 48s - loss: 1.5973 - acc: 0.2459
2496/3458 [====================>.........] - ETA: 47s - loss: 1.5974 - acc: 0.2464
2528/3458 [====================>.........] - ETA: 45s - loss: 1.5975 - acc: 0.2468
2560/3458 [=====================>........] - ETA: 44s - loss: 1.5973 - acc: 0.2465
2592/3458 [=====================>........] - ETA: 42s - loss: 1.5972 - acc: 0.2473
2624/3458 [=====================>........] - ETA: 41s - loss: 1.5972 - acc: 0.2473
2656/3458 [======================>.......] - ETA: 39s - loss: 1.5969 - acc: 0.2477
2688/3458 [======================>.......] - ETA: 37s - loss: 1.5968 - acc: 0.2474
2720/3458 [======================>.......] - ETA: 36s - loss: 1.5971 - acc: 0.2471
2752/3458 [======================>.......] - ETA: 34s - loss: 1.5974 - acc: 0.2467
2784/3458 [=======================>......] - ETA: 33s - loss: 1.5976 - acc: 0.2464
2816/3458 [=======================>......] - ETA: 31s - loss: 1.5975 - acc: 0.2472
2848/3458 [=======================>......] - ETA: 29s - loss: 1.5968 - acc: 0.2479
2880/3458 [=======================>......] - ETA: 28s - loss: 1.5971 - acc: 0.2476
2912/3458 [========================>.....] - ETA: 26s - loss: 1.5974 - acc: 0.2473
2944/3458 [========================>.....] - ETA: 25s - loss: 1.5974 - acc: 0.2476
2976/3458 [========================>.....] - ETA: 23s - loss: 1.5976 - acc: 0.2466
3008/3458 [=========================>....] - ETA: 22s - loss: 1.5971 - acc: 0.2477
3040/3458 [=========================>....] - ETA: 20s - loss: 1.5973 - acc: 0.2477
3072/3458 [=========================>....] - ETA: 18s - loss: 1.5970 - acc: 0.2477
3104/3458 [=========================>....] - ETA: 17s - loss: 1.5971 - acc: 0.2477
3136/3458 [==========================>...] - ETA: 15s - loss: 1.5975 - acc: 0.2474
3168/3458 [==========================>...] - ETA: 14s - loss: 1.5972 - acc: 0.2478
3200/3458 [==========================>...] - ETA: 12s - loss: 1.5971 - acc: 0.2481
3232/3458 [===========================>..] - ETA: 11s - loss: 1.5971 - acc: 0.2485
3264/3458 [===========================>..] - ETA: 9s - loss: 1.5978 - acc: 0.2472 
3296/3458 [===========================>..] - ETA: 7s - loss: 1.5979 - acc: 0.2470
3328/3458 [===========================>..] - ETA: 6s - loss: 1.5981 - acc: 0.2473
3360/3458 [============================>.] - ETA: 4s - loss: 1.5981 - acc: 0.2473
3392/3458 [============================>.] - ETA: 3s - loss: 1.5983 - acc: 0.2471
3424/3458 [============================>.] - ETA: 1s - loss: 1.5982 - acc: 0.2465
3456/3458 [============================>.] - ETA: 0s - loss: 1.5983 - acc: 0.2465
3458/3458 [==============================] - 171s 49ms/sample - loss: 1.5982 - acc: 0.2467

 32/865 [>.............................] - ETA: 7s - loss: 1.5532 - acc: 0.3125
 64/865 [=>............................] - ETA: 7s - loss: 1.5719 - acc: 0.3281
 96/865 [==>...........................] - ETA: 6s - loss: 1.5747 - acc: 0.3125
128/865 [===>..........................] - ETA: 6s - loss: 1.5809 - acc: 0.2812
160/865 [====>.........................] - ETA: 6s - loss: 1.5881 - acc: 0.2500
192/865 [=====>........................] - ETA: 6s - loss: 1.5891 - acc: 0.2500
224/865 [======>.......................] - ETA: 5s - loss: 1.5888 - acc: 0.2500
256/865 [=======>......................] - ETA: 5s - loss: 1.5894 - acc: 0.2383
288/865 [========>.....................] - ETA: 5s - loss: 1.5942 - acc: 0.2222
320/865 [==========>...................] - ETA: 4s - loss: 1.5927 - acc: 0.2313
352/865 [===========>..................] - ETA: 4s - loss: 1.5951 - acc: 0.2273
384/865 [============>.................] - ETA: 4s - loss: 1.5977 - acc: 0.2266
416/865 [=============>................] - ETA: 4s - loss: 1.5978 - acc: 0.2236
448/865 [==============>...............] - ETA: 3s - loss: 1.5972 - acc: 0.2299
480/865 [===============>..............] - ETA: 3s - loss: 1.5958 - acc: 0.2354
512/865 [================>.............] - ETA: 3s - loss: 1.5949 - acc: 0.2422
544/865 [=================>............] - ETA: 2s - loss: 1.5962 - acc: 0.2408
576/865 [==================>...........] - ETA: 2s - loss: 1.5972 - acc: 0.2378
608/865 [====================>.........] - ETA: 2s - loss: 1.5972 - acc: 0.2352
640/865 [=====================>........] - ETA: 2s - loss: 1.5977 - acc: 0.2328
672/865 [======================>.......] - ETA: 1s - loss: 1.5976 - acc: 0.2321
704/865 [=======================>......] - ETA: 1s - loss: 1.5970 - acc: 0.2330
736/865 [========================>.....] - ETA: 1s - loss: 1.5970 - acc: 0.2323
768/865 [=========================>....] - ETA: 0s - loss: 1.5965 - acc: 0.2305
800/865 [==========================>...] - ETA: 0s - loss: 1.5965 - acc: 0.2313
832/865 [===========================>..] - ETA: 0s - loss: 1.5955 - acc: 0.2344
864/865 [============================>.] - ETA: 0s - loss: 1.5973 - acc: 0.2303
865/865 [==============================] - 8s 9ms/sample - loss: 1.5971 - acc: 0.2301

  32/3458 [..............................] - ETA: 2:48 - loss: 1.5568 - acc: 0.3438
  64/3458 [..............................] - ETA: 2:45 - loss: 1.5935 - acc: 0.2500
  96/3458 [..............................] - ETA: 2:44 - loss: 1.5916 - acc: 0.2500
 128/3458 [>.............................] - ETA: 2:42 - loss: 1.5896 - acc: 0.2578
 160/3458 [>.............................] - ETA: 2:41 - loss: 1.5901 - acc: 0.2625
 192/3458 [>.............................] - ETA: 2:40 - loss: 1.5860 - acc: 0.2812
 224/3458 [>.............................] - ETA: 2:38 - loss: 1.5889 - acc: 0.2589
 256/3458 [=>............................] - ETA: 2:37 - loss: 1.5910 - acc: 0.2500
 288/3458 [=>............................] - ETA: 2:35 - loss: 1.5884 - acc: 0.2465
 320/3458 [=>............................] - ETA: 2:34 - loss: 1.5878 - acc: 0.2469
 352/3458 [==>...........................] - ETA: 2:32 - loss: 1.5856 - acc: 0.2528
 384/3458 [==>...........................] - ETA: 2:30 - loss: 1.5810 - acc: 0.2604
 416/3458 [==>...........................] - ETA: 2:29 - loss: 1.5743 - acc: 0.2548
 448/3458 [==>...........................] - ETA: 2:27 - loss: 1.5736 - acc: 0.2567
 480/3458 [===>..........................] - ETA: 2:26 - loss: 1.5632 - acc: 0.2667
 512/3458 [===>..........................] - ETA: 2:24 - loss: 1.5679 - acc: 0.2676
 544/3458 [===>..........................] - ETA: 2:23 - loss: 1.5690 - acc: 0.2721
 576/3458 [===>..........................] - ETA: 2:21 - loss: 1.5705 - acc: 0.2674
 608/3458 [====>.........................] - ETA: 2:20 - loss: 1.5697 - acc: 0.2681
 640/3458 [====>.........................] - ETA: 2:18 - loss: 1.5701 - acc: 0.2719
 672/3458 [====>.........................] - ETA: 2:16 - loss: 1.5713 - acc: 0.2708
 704/3458 [=====>........................] - ETA: 2:15 - loss: 1.5745 - acc: 0.2685
 736/3458 [=====>........................] - ETA: 2:13 - loss: 1.5775 - acc: 0.2636
 768/3458 [=====>........................] - ETA: 2:12 - loss: 1.5772 - acc: 0.2643
 800/3458 [=====>........................] - ETA: 2:10 - loss: 1.5788 - acc: 0.2637
 832/3458 [======>.......................] - ETA: 2:09 - loss: 1.5786 - acc: 0.2632
 864/3458 [======>.......................] - ETA: 2:07 - loss: 1.5802 - acc: 0.2593
 896/3458 [======>.......................] - ETA: 2:06 - loss: 1.5823 - acc: 0.2578
 928/3458 [=======>......................] - ETA: 2:04 - loss: 1.5824 - acc: 0.2586
 960/3458 [=======>......................] - ETA: 2:02 - loss: 1.5853 - acc: 0.2542
 992/3458 [=======>......................] - ETA: 2:01 - loss: 1.5841 - acc: 0.2560
1024/3458 [=======>......................] - ETA: 1:59 - loss: 1.5844 - acc: 0.2559
1056/3458 [========>.....................] - ETA: 1:58 - loss: 1.5832 - acc: 0.2585
1088/3458 [========>.....................] - ETA: 1:56 - loss: 1.5838 - acc: 0.2574
1120/3458 [========>.....................] - ETA: 1:54 - loss: 1.5849 - acc: 0.2562
1152/3458 [========>.....................] - ETA: 1:53 - loss: 1.5861 - acc: 0.2535
1184/3458 [=========>....................] - ETA: 1:51 - loss: 1.5874 - acc: 0.2517
1216/3458 [=========>....................] - ETA: 1:50 - loss: 1.5877 - acc: 0.2500
1248/3458 [=========>....................] - ETA: 1:48 - loss: 1.5879 - acc: 0.2500
1280/3458 [==========>...................] - ETA: 1:46 - loss: 1.5897 - acc: 0.2461
1312/3458 [==========>...................] - ETA: 1:45 - loss: 1.5900 - acc: 0.2462
1344/3458 [==========>...................] - ETA: 1:43 - loss: 1.5900 - acc: 0.2478
1376/3458 [==========>...................] - ETA: 1:42 - loss: 1.5905 - acc: 0.2493
1408/3458 [===========>..................] - ETA: 1:40 - loss: 1.5908 - acc: 0.2500
1440/3458 [===========>..................] - ETA: 1:39 - loss: 1.5903 - acc: 0.2549
1472/3458 [===========>..................] - ETA: 1:37 - loss: 1.5903 - acc: 0.2541
1504/3458 [============>.................] - ETA: 1:35 - loss: 1.5909 - acc: 0.2547
1536/3458 [============>.................] - ETA: 1:34 - loss: 1.5904 - acc: 0.2546
1568/3458 [============>.................] - ETA: 1:32 - loss: 1.5908 - acc: 0.2526
1600/3458 [============>.................] - ETA: 1:31 - loss: 1.5908 - acc: 0.2537
1632/3458 [=============>................] - ETA: 1:29 - loss: 1.5917 - acc: 0.2518
1664/3458 [=============>................] - ETA: 1:28 - loss: 1.5918 - acc: 0.2500
1696/3458 [=============>................] - ETA: 1:26 - loss: 1.5915 - acc: 0.2512
1728/3458 [=============>................] - ETA: 1:24 - loss: 1.5915 - acc: 0.2506
1760/3458 [==============>...............] - ETA: 1:23 - loss: 1.5917 - acc: 0.2506
1792/3458 [==============>...............] - ETA: 1:21 - loss: 1.5918 - acc: 0.2517
1824/3458 [==============>...............] - ETA: 1:20 - loss: 1.5912 - acc: 0.2533
1856/3458 [===============>..............] - ETA: 1:18 - loss: 1.5916 - acc: 0.2516
1888/3458 [===============>..............] - ETA: 1:17 - loss: 1.5915 - acc: 0.2521
1920/3458 [===============>..............] - ETA: 1:15 - loss: 1.5905 - acc: 0.2552
1952/3458 [===============>..............] - ETA: 1:13 - loss: 1.5902 - acc: 0.2551
1984/3458 [================>.............] - ETA: 1:12 - loss: 1.5902 - acc: 0.2555
2016/3458 [================>.............] - ETA: 1:10 - loss: 1.5905 - acc: 0.2560
2048/3458 [================>.............] - ETA: 1:09 - loss: 1.5905 - acc: 0.2563
2080/3458 [=================>............] - ETA: 1:07 - loss: 1.5906 - acc: 0.2558
2112/3458 [=================>............] - ETA: 1:06 - loss: 1.5906 - acc: 0.2562
2144/3458 [=================>............] - ETA: 1:04 - loss: 1.5907 - acc: 0.2565
2176/3458 [=================>............] - ETA: 1:02 - loss: 1.5903 - acc: 0.2578
2208/3458 [==================>...........] - ETA: 1:01 - loss: 1.5902 - acc: 0.2591
2240/3458 [==================>...........] - ETA: 59s - loss: 1.5904 - acc: 0.2594 
2272/3458 [==================>...........] - ETA: 58s - loss: 1.5908 - acc: 0.2584
2304/3458 [==================>...........] - ETA: 56s - loss: 1.5910 - acc: 0.2578
2336/3458 [===================>..........] - ETA: 55s - loss: 1.5918 - acc: 0.2564
2368/3458 [===================>..........] - ETA: 53s - loss: 1.5916 - acc: 0.2572
2400/3458 [===================>..........] - ETA: 51s - loss: 1.5927 - acc: 0.2558
2432/3458 [====================>.........] - ETA: 50s - loss: 1.5925 - acc: 0.2574
2464/3458 [====================>.........] - ETA: 48s - loss: 1.5927 - acc: 0.2565
2496/3458 [====================>.........] - ETA: 47s - loss: 1.5925 - acc: 0.2580
2528/3458 [====================>.........] - ETA: 45s - loss: 1.5923 - acc: 0.2587
2560/3458 [=====================>........] - ETA: 44s - loss: 1.5918 - acc: 0.2602
2592/3458 [=====================>........] - ETA: 42s - loss: 1.5918 - acc: 0.2600
2624/3458 [=====================>........] - ETA: 40s - loss: 1.5914 - acc: 0.2611
2656/3458 [======================>.......] - ETA: 39s - loss: 1.5917 - acc: 0.2602
2688/3458 [======================>.......] - ETA: 37s - loss: 1.5916 - acc: 0.2597
2720/3458 [======================>.......] - ETA: 36s - loss: 1.5916 - acc: 0.2596
2752/3458 [======================>.......] - ETA: 34s - loss: 1.5914 - acc: 0.2594
2784/3458 [=======================>......] - ETA: 33s - loss: 1.5913 - acc: 0.2593
2816/3458 [=======================>......] - ETA: 31s - loss: 1.5912 - acc: 0.2582
2848/3458 [=======================>......] - ETA: 29s - loss: 1.5912 - acc: 0.2574
2880/3458 [=======================>......] - ETA: 28s - loss: 1.5918 - acc: 0.2559
2912/3458 [========================>.....] - ETA: 26s - loss: 1.5919 - acc: 0.2555
2944/3458 [========================>.....] - ETA: 25s - loss: 1.5916 - acc: 0.2558
2976/3458 [========================>.....] - ETA: 23s - loss: 1.5921 - acc: 0.2547
3008/3458 [=========================>....] - ETA: 22s - loss: 1.5923 - acc: 0.2540
3040/3458 [=========================>....] - ETA: 20s - loss: 1.5922 - acc: 0.2543
3072/3458 [=========================>....] - ETA: 18s - loss: 1.5925 - acc: 0.2539
3104/3458 [=========================>....] - ETA: 17s - loss: 1.5926 - acc: 0.2539
3136/3458 [==========================>...] - ETA: 15s - loss: 1.5931 - acc: 0.2529
3168/3458 [==========================>...] - ETA: 14s - loss: 1.5931 - acc: 0.2522
3200/3458 [==========================>...] - ETA: 12s - loss: 1.5934 - acc: 0.2522
3232/3458 [===========================>..] - ETA: 11s - loss: 1.5933 - acc: 0.2522
3264/3458 [===========================>..] - ETA: 9s - loss: 1.5934 - acc: 0.2521 
3296/3458 [===========================>..] - ETA: 7s - loss: 1.5936 - acc: 0.2515
3328/3458 [===========================>..] - ETA: 6s - loss: 1.5939 - acc: 0.2509
3360/3458 [============================>.] - ETA: 4s - loss: 1.5940 - acc: 0.2506
3392/3458 [============================>.] - ETA: 3s - loss: 1.5940 - acc: 0.2503
3424/3458 [============================>.] - ETA: 1s - loss: 1.5940 - acc: 0.2491
3456/3458 [============================>.] - ETA: 0s - loss: 1.5941 - acc: 0.2491
3458/3458 [==============================] - 171s 49ms/sample - loss: 1.5941 - acc: 0.2490

 32/865 [>.............................] - ETA: 7s - loss: 1.5479 - acc: 0.3125
 64/865 [=>............................] - ETA: 7s - loss: 1.5734 - acc: 0.3281
 96/865 [==>...........................] - ETA: 6s - loss: 1.5788 - acc: 0.3125
128/865 [===>..........................] - ETA: 6s - loss: 1.5844 - acc: 0.2812
160/865 [====>.........................] - ETA: 6s - loss: 1.5921 - acc: 0.2500
192/865 [=====>........................] - ETA: 6s - loss: 1.5934 - acc: 0.2500
224/865 [======>.......................] - ETA: 5s - loss: 1.5929 - acc: 0.2500
256/865 [=======>......................] - ETA: 5s - loss: 1.5940 - acc: 0.2383
288/865 [========>.....................] - ETA: 5s - loss: 1.5996 - acc: 0.2222
320/865 [==========>...................] - ETA: 4s - loss: 1.5982 - acc: 0.2313
352/865 [===========>..................] - ETA: 4s - loss: 1.6011 - acc: 0.2273
384/865 [============>.................] - ETA: 4s - loss: 1.6042 - acc: 0.2266
416/865 [=============>................] - ETA: 4s - loss: 1.6046 - acc: 0.2236
448/865 [==============>...............] - ETA: 3s - loss: 1.6039 - acc: 0.2299
480/865 [===============>..............] - ETA: 3s - loss: 1.6016 - acc: 0.2354
512/865 [================>.............] - ETA: 3s - loss: 1.6001 - acc: 0.2422
544/865 [=================>............] - ETA: 2s - loss: 1.6017 - acc: 0.2408
576/865 [==================>...........] - ETA: 2s - loss: 1.6030 - acc: 0.2378
608/865 [====================>.........] - ETA: 2s - loss: 1.6028 - acc: 0.2352
640/865 [=====================>........] - ETA: 2s - loss: 1.6032 - acc: 0.2328
672/865 [======================>.......] - ETA: 1s - loss: 1.6027 - acc: 0.2321
704/865 [=======================>......] - ETA: 1s - loss: 1.6019 - acc: 0.2330
736/865 [========================>.....] - ETA: 1s - loss: 1.6019 - acc: 0.2323
768/865 [=========================>....] - ETA: 0s - loss: 1.6009 - acc: 0.2305
800/865 [==========================>...] - ETA: 0s - loss: 1.6008 - acc: 0.2313
832/865 [===========================>..] - ETA: 0s - loss: 1.5997 - acc: 0.2344
864/865 [============================>.] - ETA: 0s - loss: 1.6019 - acc: 0.2303
865/865 [==============================] - 8s 9ms/sample - loss: 1.6018 - acc: 0.2301

  32/3458 [..............................] - ETA: 2:46 - loss: 1.5972 - acc: 0.1562
  64/3458 [..............................] - ETA: 2:44 - loss: 1.5879 - acc: 0.1875
  96/3458 [..............................] - ETA: 2:44 - loss: 1.5919 - acc: 0.1875
 128/3458 [>.............................] - ETA: 2:42 - loss: 1.5977 - acc: 0.2031
 160/3458 [>.............................] - ETA: 2:40 - loss: 1.5958 - acc: 0.1937
 192/3458 [>.............................] - ETA: 2:39 - loss: 1.5951 - acc: 0.1927
 224/3458 [>.............................] - ETA: 2:38 - loss: 1.5931 - acc: 0.2009
 256/3458 [=>............................] - ETA: 2:36 - loss: 1.5970 - acc: 0.1992
 288/3458 [=>............................] - ETA: 2:34 - loss: 1.5982 - acc: 0.2049
 320/3458 [=>............................] - ETA: 2:33 - loss: 1.5971 - acc: 0.2156
 352/3458 [==>...........................] - ETA: 2:32 - loss: 1.6013 - acc: 0.2074
 384/3458 [==>...........................] - ETA: 2:30 - loss: 1.6001 - acc: 0.2161
 416/3458 [==>...........................] - ETA: 2:29 - loss: 1.5990 - acc: 0.2260
 448/3458 [==>...........................] - ETA: 2:27 - loss: 1.5983 - acc: 0.2321
 480/3458 [===>..........................] - ETA: 2:25 - loss: 1.5964 - acc: 0.2354
 512/3458 [===>..........................] - ETA: 2:24 - loss: 1.5971 - acc: 0.2266
 544/3458 [===>..........................] - ETA: 2:23 - loss: 1.5972 - acc: 0.2298
 576/3458 [===>..........................] - ETA: 2:21 - loss: 1.5976 - acc: 0.2326
 608/3458 [====>.........................] - ETA: 2:19 - loss: 1.5979 - acc: 0.2368
 640/3458 [====>.........................] - ETA: 2:18 - loss: 1.5986 - acc: 0.2328
 672/3458 [====>.........................] - ETA: 2:16 - loss: 1.6009 - acc: 0.2262
 704/3458 [=====>........................] - ETA: 2:14 - loss: 1.6007 - acc: 0.2244
 736/3458 [=====>........................] - ETA: 2:13 - loss: 1.6011 - acc: 0.2255
 768/3458 [=====>........................] - ETA: 2:11 - loss: 1.6009 - acc: 0.2214
 800/3458 [=====>........................] - ETA: 2:10 - loss: 1.6012 - acc: 0.2175
 832/3458 [======>.......................] - ETA: 2:08 - loss: 1.6007 - acc: 0.2212
 864/3458 [======>.......................] - ETA: 2:07 - loss: 1.5993 - acc: 0.2245
 896/3458 [======>.......................] - ETA: 2:05 - loss: 1.5992 - acc: 0.2266
 928/3458 [=======>......................] - ETA: 2:04 - loss: 1.6001 - acc: 0.2252
 960/3458 [=======>......................] - ETA: 2:02 - loss: 1.5999 - acc: 0.2271
 992/3458 [=======>......................] - ETA: 2:00 - loss: 1.5995 - acc: 0.2308
1024/3458 [=======>......................] - ETA: 1:59 - loss: 1.5992 - acc: 0.2305
1056/3458 [========>.....................] - ETA: 1:57 - loss: 1.5978 - acc: 0.2339
1088/3458 [========>.....................] - ETA: 1:56 - loss: 1.5979 - acc: 0.2335
1120/3458 [========>.....................] - ETA: 1:54 - loss: 1.5984 - acc: 0.2313
1152/3458 [========>.....................] - ETA: 1:53 - loss: 1.5986 - acc: 0.2309
1184/3458 [=========>....................] - ETA: 1:51 - loss: 1.5991 - acc: 0.2323
1216/3458 [=========>....................] - ETA: 1:50 - loss: 1.5983 - acc: 0.2352
1248/3458 [=========>....................] - ETA: 1:48 - loss: 1.5984 - acc: 0.2372
1280/3458 [==========>...................] - ETA: 1:46 - loss: 1.5979 - acc: 0.2414
1312/3458 [==========>...................] - ETA: 1:45 - loss: 1.5976 - acc: 0.2424
1344/3458 [==========>...................] - ETA: 1:43 - loss: 1.5977 - acc: 0.2433
1376/3458 [==========>...................] - ETA: 1:42 - loss: 1.5988 - acc: 0.2406
1408/3458 [===========>..................] - ETA: 1:40 - loss: 1.5986 - acc: 0.2415
1440/3458 [===========>..................] - ETA: 1:38 - loss: 1.5994 - acc: 0.2396
1472/3458 [===========>..................] - ETA: 1:37 - loss: 1.5992 - acc: 0.2398
1504/3458 [============>.................] - ETA: 1:35 - loss: 1.5981 - acc: 0.2420
1536/3458 [============>.................] - ETA: 1:34 - loss: 1.5987 - acc: 0.2415
1568/3458 [============>.................] - ETA: 1:32 - loss: 1.5983 - acc: 0.2443
1600/3458 [============>.................] - ETA: 1:31 - loss: 1.5982 - acc: 0.2444
1632/3458 [=============>................] - ETA: 1:29 - loss: 1.5983 - acc: 0.2457
1664/3458 [=============>................] - ETA: 1:27 - loss: 1.5984 - acc: 0.2470
1696/3458 [=============>................] - ETA: 1:26 - loss: 1.5989 - acc: 0.2459
1728/3458 [=============>................] - ETA: 1:24 - loss: 1.5993 - acc: 0.2442
1760/3458 [==============>...............] - ETA: 1:23 - loss: 1.5992 - acc: 0.2449
1792/3458 [==============>...............] - ETA: 1:21 - loss: 1.5988 - acc: 0.2450
1824/3458 [==============>...............] - ETA: 1:20 - loss: 1.5992 - acc: 0.2451
1856/3458 [===============>..............] - ETA: 1:18 - loss: 1.5990 - acc: 0.2452
1888/3458 [===============>..............] - ETA: 1:16 - loss: 1.5993 - acc: 0.2431
1920/3458 [===============>..............] - ETA: 1:15 - loss: 1.5997 - acc: 0.2411
1952/3458 [===============>..............] - ETA: 1:13 - loss: 1.5996 - acc: 0.2418
1984/3458 [================>.............] - ETA: 1:12 - loss: 1.5992 - acc: 0.2445
2016/3458 [================>.............] - ETA: 1:10 - loss: 1.5988 - acc: 0.2455
2048/3458 [================>.............] - ETA: 1:09 - loss: 1.5987 - acc: 0.2461
2080/3458 [=================>............] - ETA: 1:07 - loss: 1.5990 - acc: 0.2457
2112/3458 [=================>............] - ETA: 1:06 - loss: 1.5986 - acc: 0.2457
2144/3458 [=================>............] - ETA: 1:04 - loss: 1.5985 - acc: 0.2477
2176/3458 [=================>............] - ETA: 1:02 - loss: 1.5981 - acc: 0.2486
2208/3458 [==================>...........] - ETA: 1:01 - loss: 1.5979 - acc: 0.2486
2240/3458 [==================>...........] - ETA: 59s - loss: 1.5983 - acc: 0.2478 
2272/3458 [==================>...........] - ETA: 58s - loss: 1.5978 - acc: 0.2478
2304/3458 [==================>...........] - ETA: 56s - loss: 1.5974 - acc: 0.2491
2336/3458 [===================>..........] - ETA: 55s - loss: 1.5974 - acc: 0.2474
2368/3458 [===================>..........] - ETA: 53s - loss: 1.5975 - acc: 0.2479
2400/3458 [===================>..........] - ETA: 51s - loss: 1.5976 - acc: 0.2479
2432/3458 [====================>.........] - ETA: 50s - loss: 1.5974 - acc: 0.2488
2464/3458 [====================>.........] - ETA: 48s - loss: 1.5969 - acc: 0.2492
2496/3458 [====================>.........] - ETA: 47s - loss: 1.5970 - acc: 0.2496
2528/3458 [====================>.........] - ETA: 45s - loss: 1.5966 - acc: 0.2508
2560/3458 [=====================>........] - ETA: 44s - loss: 1.5962 - acc: 0.2512
2592/3458 [=====================>........] - ETA: 42s - loss: 1.5962 - acc: 0.2527
2624/3458 [=====================>........] - ETA: 40s - loss: 1.5959 - acc: 0.2538
2656/3458 [======================>.......] - ETA: 39s - loss: 1.5952 - acc: 0.2556
2688/3458 [======================>.......] - ETA: 37s - loss: 1.5946 - acc: 0.2560
2720/3458 [======================>.......] - ETA: 36s - loss: 1.5942 - acc: 0.2577
2752/3458 [======================>.......] - ETA: 34s - loss: 1.5942 - acc: 0.2580
2784/3458 [=======================>......] - ETA: 33s - loss: 1.5940 - acc: 0.2583
2816/3458 [=======================>......] - ETA: 31s - loss: 1.5939 - acc: 0.2578
2848/3458 [=======================>......] - ETA: 29s - loss: 1.5928 - acc: 0.2588
2880/3458 [=======================>......] - ETA: 28s - loss: 1.5921 - acc: 0.2583
2912/3458 [========================>.....] - ETA: 26s - loss: 1.5913 - acc: 0.2582
2944/3458 [========================>.....] - ETA: 25s - loss: 1.5916 - acc: 0.2582
2976/3458 [========================>.....] - ETA: 23s - loss: 1.5907 - acc: 0.2597
3008/3458 [=========================>....] - ETA: 22s - loss: 1.5900 - acc: 0.2606
3040/3458 [=========================>....] - ETA: 20s - loss: 1.5904 - acc: 0.2599
3072/3458 [=========================>....] - ETA: 18s - loss: 1.5904 - acc: 0.2601
3104/3458 [=========================>....] - ETA: 17s - loss: 1.5903 - acc: 0.2597
3136/3458 [==========================>...] - ETA: 15s - loss: 1.5900 - acc: 0.2602
3168/3458 [==========================>...] - ETA: 14s - loss: 1.5899 - acc: 0.2598
3200/3458 [==========================>...] - ETA: 12s - loss: 1.5889 - acc: 0.2609
3232/3458 [===========================>..] - ETA: 11s - loss: 1.5891 - acc: 0.2621
3264/3458 [===========================>..] - ETA: 9s - loss: 1.5884 - acc: 0.2641 
3296/3458 [===========================>..] - ETA: 7s - loss: 1.5885 - acc: 0.2646
3328/3458 [===========================>..] - ETA: 6s - loss: 1.5884 - acc: 0.2653
3360/3458 [============================>.] - ETA: 4s - loss: 1.5876 - acc: 0.2670
3392/3458 [============================>.] - ETA: 3s - loss: 1.5873 - acc: 0.2671
3424/3458 [============================>.] - ETA: 1s - loss: 1.5868 - acc: 0.2684
3456/3458 [============================>.] - ETA: 0s - loss: 1.5858 - acc: 0.2694
3458/3458 [==============================] - 170s 49ms/sample - loss: 1.5857 - acc: 0.2692

 32/865 [>.............................] - ETA: 7s - loss: 1.5308 - acc: 0.4062
 64/865 [=>............................] - ETA: 7s - loss: 1.5257 - acc: 0.4531
 96/865 [==>...........................] - ETA: 6s - loss: 1.5150 - acc: 0.4167
128/865 [===>..........................] - ETA: 6s - loss: 1.5280 - acc: 0.3828
160/865 [====>.........................] - ETA: 6s - loss: 1.5362 - acc: 0.3438
192/865 [=====>........................] - ETA: 6s - loss: 1.5383 - acc: 0.3333
224/865 [======>.......................] - ETA: 5s - loss: 1.5352 - acc: 0.3438
256/865 [=======>......................] - ETA: 5s - loss: 1.5404 - acc: 0.3320
288/865 [========>.....................] - ETA: 5s - loss: 1.5465 - acc: 0.3090
320/865 [==========>...................] - ETA: 4s - loss: 1.5466 - acc: 0.3094
352/865 [===========>..................] - ETA: 4s - loss: 1.5530 - acc: 0.2983
384/865 [============>.................] - ETA: 4s - loss: 1.5578 - acc: 0.2891
416/865 [=============>................] - ETA: 4s - loss: 1.5571 - acc: 0.2837
448/865 [==============>...............] - ETA: 3s - loss: 1.5532 - acc: 0.2902
480/865 [===============>..............] - ETA: 3s - loss: 1.5493 - acc: 0.2958
512/865 [================>.............] - ETA: 3s - loss: 1.5465 - acc: 0.3047
544/865 [=================>............] - ETA: 2s - loss: 1.5444 - acc: 0.3070
576/865 [==================>...........] - ETA: 2s - loss: 1.5436 - acc: 0.3090
608/865 [====================>.........] - ETA: 2s - loss: 1.5428 - acc: 0.3109
640/865 [=====================>........] - ETA: 2s - loss: 1.5437 - acc: 0.3094
672/865 [======================>.......] - ETA: 1s - loss: 1.5449 - acc: 0.3080
704/865 [=======================>......] - ETA: 1s - loss: 1.5440 - acc: 0.3111
736/865 [========================>.....] - ETA: 1s - loss: 1.5433 - acc: 0.3139
768/865 [=========================>....] - ETA: 0s - loss: 1.5425 - acc: 0.3138
800/865 [==========================>...] - ETA: 0s - loss: 1.5419 - acc: 0.3125
832/865 [===========================>..] - ETA: 0s - loss: 1.5417 - acc: 0.3137
864/865 [============================>.] - ETA: 0s - loss: 1.5434 - acc: 0.3102
865/865 [==============================] - 8s 9ms/sample - loss: 1.5434 - acc: 0.3098
