For Dropout_1=0.7 Dropout_2=0.8
daisy loaded
dandelion loaded
rose loaded
sunflower loaded
tulip loaded

  32/3458 [..............................] - ETA: 3:10 - loss: 1.6965 - acc: 0.1562
  64/3458 [..............................] - ETA: 2:58 - loss: 6.2166 - acc: 0.2188
  96/3458 [..............................] - ETA: 2:53 - loss: 6.3278 - acc: 0.2083
 128/3458 [>.............................] - ETA: 2:49 - loss: 5.6212 - acc: 0.2109
 160/3458 [>.............................] - ETA: 2:46 - loss: 4.8682 - acc: 0.1937
 192/3458 [>.............................] - ETA: 2:43 - loss: 4.3212 - acc: 0.1927
 224/3458 [>.............................] - ETA: 2:41 - loss: 3.9365 - acc: 0.2054
 256/3458 [=>............................] - ETA: 2:39 - loss: 3.6536 - acc: 0.1914
 288/3458 [=>............................] - ETA: 2:38 - loss: 3.4255 - acc: 0.1944
 320/3458 [=>............................] - ETA: 2:36 - loss: 3.2439 - acc: 0.1937
 352/3458 [==>...........................] - ETA: 2:34 - loss: 3.0941 - acc: 0.1932
 384/3458 [==>...........................] - ETA: 2:32 - loss: 2.9701 - acc: 0.1849
 416/3458 [==>...........................] - ETA: 2:30 - loss: 2.8651 - acc: 0.1779
 448/3458 [==>...........................] - ETA: 2:29 - loss: 2.7758 - acc: 0.1763
 480/3458 [===>..........................] - ETA: 2:27 - loss: 2.6980 - acc: 0.1833
 512/3458 [===>..........................] - ETA: 2:25 - loss: 2.6298 - acc: 0.1875
 544/3458 [===>..........................] - ETA: 2:24 - loss: 2.5694 - acc: 0.1949
 576/3458 [===>..........................] - ETA: 2:22 - loss: 2.5160 - acc: 0.1997
 608/3458 [====>.........................] - ETA: 2:20 - loss: 2.4683 - acc: 0.1990
 640/3458 [====>.........................] - ETA: 2:19 - loss: 2.4254 - acc: 0.1984
 672/3458 [====>.........................] - ETA: 2:17 - loss: 2.3865 - acc: 0.1994
 704/3458 [=====>........................] - ETA: 2:16 - loss: 2.3509 - acc: 0.2088
 736/3458 [=====>........................] - ETA: 2:14 - loss: 2.3185 - acc: 0.2092
 768/3458 [=====>........................] - ETA: 2:12 - loss: 2.2887 - acc: 0.2161
 800/3458 [=====>........................] - ETA: 2:11 - loss: 2.2616 - acc: 0.2163
 832/3458 [======>.......................] - ETA: 2:09 - loss: 2.2364 - acc: 0.2188
 864/3458 [======>.......................] - ETA: 2:08 - loss: 2.2129 - acc: 0.2222
 896/3458 [======>.......................] - ETA: 2:06 - loss: 2.1913 - acc: 0.2232
 928/3458 [=======>......................] - ETA: 2:04 - loss: 2.1713 - acc: 0.2209
 960/3458 [=======>......................] - ETA: 2:03 - loss: 2.1519 - acc: 0.2229
 992/3458 [=======>......................] - ETA: 2:01 - loss: 2.1338 - acc: 0.2248
1024/3458 [=======>......................] - ETA: 2:00 - loss: 2.1161 - acc: 0.2266
1056/3458 [========>.....................] - ETA: 1:58 - loss: 2.0984 - acc: 0.2301
1088/3458 [========>.....................] - ETA: 1:56 - loss: 2.0852 - acc: 0.2289
1120/3458 [========>.....................] - ETA: 1:55 - loss: 2.0687 - acc: 0.2304
1152/3458 [========>.....................] - ETA: 1:53 - loss: 2.0558 - acc: 0.2318
1184/3458 [=========>....................] - ETA: 1:52 - loss: 2.0424 - acc: 0.2348
1216/3458 [=========>....................] - ETA: 1:50 - loss: 2.0298 - acc: 0.2377
1248/3458 [=========>....................] - ETA: 1:49 - loss: 2.0206 - acc: 0.2348
1280/3458 [==========>...................] - ETA: 1:47 - loss: 2.0092 - acc: 0.2398
1312/3458 [==========>...................] - ETA: 1:45 - loss: 1.9984 - acc: 0.2416
1344/3458 [==========>...................] - ETA: 1:44 - loss: 1.9883 - acc: 0.2440
1376/3458 [==========>...................] - ETA: 1:42 - loss: 1.9786 - acc: 0.2478
1408/3458 [===========>..................] - ETA: 1:41 - loss: 1.9695 - acc: 0.2493
1440/3458 [===========>..................] - ETA: 1:39 - loss: 1.9607 - acc: 0.2507
1472/3458 [===========>..................] - ETA: 1:37 - loss: 1.9527 - acc: 0.2500
1504/3458 [============>.................] - ETA: 1:36 - loss: 1.9425 - acc: 0.2540
1536/3458 [============>.................] - ETA: 1:34 - loss: 1.9319 - acc: 0.2565
1568/3458 [============>.................] - ETA: 1:33 - loss: 1.9221 - acc: 0.2647
1600/3458 [============>.................] - ETA: 1:31 - loss: 1.9130 - acc: 0.2675
1632/3458 [=============>................] - ETA: 1:30 - loss: 1.9111 - acc: 0.2653
1664/3458 [=============>................] - ETA: 1:28 - loss: 1.9031 - acc: 0.2656
1696/3458 [=============>................] - ETA: 1:26 - loss: 1.8945 - acc: 0.2677
1728/3458 [=============>................] - ETA: 1:25 - loss: 1.8876 - acc: 0.2726
1760/3458 [==============>...............] - ETA: 1:23 - loss: 1.8809 - acc: 0.2761
1792/3458 [==============>...............] - ETA: 1:22 - loss: 1.8725 - acc: 0.2796
1824/3458 [==============>...............] - ETA: 1:20 - loss: 1.8661 - acc: 0.2807
1856/3458 [===============>..............] - ETA: 1:19 - loss: 1.8646 - acc: 0.2775
1888/3458 [===============>..............] - ETA: 1:17 - loss: 1.8590 - acc: 0.2775
1920/3458 [===============>..............] - ETA: 1:15 - loss: 1.8529 - acc: 0.2802
1952/3458 [===============>..............] - ETA: 1:14 - loss: 1.8506 - acc: 0.2807
1984/3458 [================>.............] - ETA: 1:12 - loss: 1.8449 - acc: 0.2833
2016/3458 [================>.............] - ETA: 1:11 - loss: 1.8378 - acc: 0.2852
2048/3458 [================>.............] - ETA: 1:09 - loss: 1.8334 - acc: 0.2861
2080/3458 [=================>............] - ETA: 1:07 - loss: 1.8301 - acc: 0.2870
2112/3458 [=================>............] - ETA: 1:06 - loss: 1.8262 - acc: 0.2869
2144/3458 [=================>............] - ETA: 1:04 - loss: 1.8206 - acc: 0.2896
2176/3458 [=================>............] - ETA: 1:03 - loss: 1.8158 - acc: 0.2918
2208/3458 [==================>...........] - ETA: 1:01 - loss: 1.8119 - acc: 0.2930
2240/3458 [==================>...........] - ETA: 1:00 - loss: 1.8056 - acc: 0.2942
2272/3458 [==================>...........] - ETA: 58s - loss: 1.8016 - acc: 0.2971 
2304/3458 [==================>...........] - ETA: 56s - loss: 1.7978 - acc: 0.2986
2336/3458 [===================>..........] - ETA: 55s - loss: 1.7949 - acc: 0.2997
2368/3458 [===================>..........] - ETA: 53s - loss: 1.7900 - acc: 0.3028
2400/3458 [===================>..........] - ETA: 52s - loss: 1.7887 - acc: 0.3046
2432/3458 [====================>.........] - ETA: 50s - loss: 1.7828 - acc: 0.3072
2464/3458 [====================>.........] - ETA: 48s - loss: 1.7788 - acc: 0.3080
2496/3458 [====================>.........] - ETA: 47s - loss: 1.7779 - acc: 0.3085
2528/3458 [====================>.........] - ETA: 45s - loss: 1.7744 - acc: 0.3089
2560/3458 [=====================>........] - ETA: 44s - loss: 1.7710 - acc: 0.3094
2592/3458 [=====================>........] - ETA: 42s - loss: 1.7673 - acc: 0.3106
2624/3458 [=====================>........] - ETA: 41s - loss: 1.7632 - acc: 0.3114
2656/3458 [======================>.......] - ETA: 39s - loss: 1.7590 - acc: 0.3133
2688/3458 [======================>.......] - ETA: 37s - loss: 1.7576 - acc: 0.3121
2720/3458 [======================>.......] - ETA: 36s - loss: 1.7544 - acc: 0.3125
2752/3458 [======================>.......] - ETA: 34s - loss: 1.7511 - acc: 0.3125
2784/3458 [=======================>......] - ETA: 33s - loss: 1.7456 - acc: 0.3161
2816/3458 [=======================>......] - ETA: 31s - loss: 1.7426 - acc: 0.3168
2848/3458 [=======================>......] - ETA: 30s - loss: 1.7355 - acc: 0.3188
2880/3458 [=======================>......] - ETA: 28s - loss: 1.7359 - acc: 0.3184
2912/3458 [========================>.....] - ETA: 26s - loss: 1.7312 - acc: 0.3190
2944/3458 [========================>.....] - ETA: 25s - loss: 1.7287 - acc: 0.3179
2976/3458 [========================>.....] - ETA: 23s - loss: 1.7253 - acc: 0.3185
3008/3458 [=========================>....] - ETA: 22s - loss: 1.7228 - acc: 0.3188
3040/3458 [=========================>....] - ETA: 20s - loss: 1.7206 - acc: 0.3204
3072/3458 [=========================>....] - ETA: 18s - loss: 1.7179 - acc: 0.3210
3104/3458 [=========================>....] - ETA: 17s - loss: 1.7152 - acc: 0.3199
3136/3458 [==========================>...] - ETA: 15s - loss: 1.7134 - acc: 0.3214
3168/3458 [==========================>...] - ETA: 14s - loss: 1.7111 - acc: 0.3220
3200/3458 [==========================>...] - ETA: 12s - loss: 1.7080 - acc: 0.3225
3232/3458 [===========================>..] - ETA: 11s - loss: 1.7054 - acc: 0.3230
3264/3458 [===========================>..] - ETA: 9s - loss: 1.7015 - acc: 0.3257 
3296/3458 [===========================>..] - ETA: 7s - loss: 1.6980 - acc: 0.3271
3328/3458 [===========================>..] - ETA: 6s - loss: 1.6947 - acc: 0.3278
3360/3458 [============================>.] - ETA: 4s - loss: 1.6920 - acc: 0.3289
3392/3458 [============================>.] - ETA: 3s - loss: 1.6910 - acc: 0.3281
3424/3458 [============================>.] - ETA: 1s - loss: 1.6881 - acc: 0.3289
3456/3458 [============================>.] - ETA: 0s - loss: 1.6852 - acc: 0.3296
3458/3458 [==============================] - 171s 49ms/sample - loss: 1.6847 - acc: 0.3300

 32/865 [>.............................] - ETA: 8s - loss: 1.3928 - acc: 0.4062
 64/865 [=>............................] - ETA: 7s - loss: 1.3401 - acc: 0.3906
 96/865 [==>...........................] - ETA: 7s - loss: 1.4019 - acc: 0.3542
128/865 [===>..........................] - ETA: 6s - loss: 1.4180 - acc: 0.3516
160/865 [====>.........................] - ETA: 6s - loss: 1.4106 - acc: 0.3688
192/865 [=====>........................] - ETA: 6s - loss: 1.4020 - acc: 0.3802
224/865 [======>.......................] - ETA: 5s - loss: 1.3949 - acc: 0.3839
256/865 [=======>......................] - ETA: 5s - loss: 1.3895 - acc: 0.3984
288/865 [========>.....................] - ETA: 5s - loss: 1.3845 - acc: 0.4097
320/865 [==========>...................] - ETA: 4s - loss: 1.3962 - acc: 0.4031
352/865 [===========>..................] - ETA: 4s - loss: 1.3979 - acc: 0.4062
384/865 [============>.................] - ETA: 4s - loss: 1.3958 - acc: 0.4036
416/865 [=============>................] - ETA: 4s - loss: 1.4065 - acc: 0.3870
448/865 [==============>...............] - ETA: 3s - loss: 1.3951 - acc: 0.3906
480/865 [===============>..............] - ETA: 3s - loss: 1.3914 - acc: 0.3833
512/865 [================>.............] - ETA: 3s - loss: 1.4006 - acc: 0.3809
544/865 [=================>............] - ETA: 2s - loss: 1.4009 - acc: 0.3842
576/865 [==================>...........] - ETA: 2s - loss: 1.3989 - acc: 0.3872
608/865 [====================>.........] - ETA: 2s - loss: 1.3971 - acc: 0.3898
640/865 [=====================>........] - ETA: 2s - loss: 1.3987 - acc: 0.3828
672/865 [======================>.......] - ETA: 1s - loss: 1.3949 - acc: 0.3869
704/865 [=======================>......] - ETA: 1s - loss: 1.3991 - acc: 0.3892
736/865 [========================>.....] - ETA: 1s - loss: 1.4043 - acc: 0.3845
768/865 [=========================>....] - ETA: 0s - loss: 1.4152 - acc: 0.3854
800/865 [==========================>...] - ETA: 0s - loss: 1.4154 - acc: 0.3850
832/865 [===========================>..] - ETA: 0s - loss: 1.4148 - acc: 0.3846
864/865 [============================>.] - ETA: 0s - loss: 1.4150 - acc: 0.3843
865/865 [==============================] - 8s 9ms/sample - loss: 1.4150 - acc: 0.3838

  32/3458 [..............................] - ETA: 2:50 - loss: 1.3465 - acc: 0.5000
  64/3458 [..............................] - ETA: 2:47 - loss: 1.3289 - acc: 0.4531
  96/3458 [..............................] - ETA: 2:46 - loss: 1.3742 - acc: 0.3958
 128/3458 [>.............................] - ETA: 2:44 - loss: 1.4583 - acc: 0.3984
 160/3458 [>.............................] - ETA: 2:41 - loss: 1.4404 - acc: 0.4250
 192/3458 [>.............................] - ETA: 2:40 - loss: 1.4189 - acc: 0.4479
 224/3458 [>.............................] - ETA: 2:39 - loss: 1.3986 - acc: 0.4732
 256/3458 [=>............................] - ETA: 2:38 - loss: 1.4062 - acc: 0.4609
 288/3458 [=>............................] - ETA: 2:36 - loss: 1.3989 - acc: 0.4618
 320/3458 [=>............................] - ETA: 2:34 - loss: 1.4258 - acc: 0.4594
 352/3458 [==>...........................] - ETA: 2:32 - loss: 1.4071 - acc: 0.4744
 384/3458 [==>...........................] - ETA: 2:31 - loss: 1.4169 - acc: 0.4792
 416/3458 [==>...........................] - ETA: 2:29 - loss: 1.4144 - acc: 0.4615
 448/3458 [==>...........................] - ETA: 2:28 - loss: 1.4022 - acc: 0.4598
 480/3458 [===>..........................] - ETA: 2:26 - loss: 1.4115 - acc: 0.4521
 512/3458 [===>..........................] - ETA: 2:24 - loss: 1.4090 - acc: 0.4492
 544/3458 [===>..........................] - ETA: 2:23 - loss: 1.4270 - acc: 0.4375
 576/3458 [===>..........................] - ETA: 2:21 - loss: 1.4321 - acc: 0.4410
 608/3458 [====>.........................] - ETA: 2:20 - loss: 1.4289 - acc: 0.4375
 640/3458 [====>.........................] - ETA: 2:18 - loss: 1.4213 - acc: 0.4437
 672/3458 [====>.........................] - ETA: 2:17 - loss: 1.4179 - acc: 0.4405
 704/3458 [=====>........................] - ETA: 2:15 - loss: 1.4143 - acc: 0.4446
 736/3458 [=====>........................] - ETA: 2:13 - loss: 1.4147 - acc: 0.4375
 768/3458 [=====>........................] - ETA: 2:12 - loss: 1.4148 - acc: 0.4323
 800/3458 [=====>........................] - ETA: 2:10 - loss: 1.4129 - acc: 0.4325
 832/3458 [======>.......................] - ETA: 2:09 - loss: 1.4195 - acc: 0.4243
 864/3458 [======>.......................] - ETA: 2:07 - loss: 1.4187 - acc: 0.4201
 896/3458 [======>.......................] - ETA: 2:05 - loss: 1.4164 - acc: 0.4252
 928/3458 [=======>......................] - ETA: 2:04 - loss: 1.4180 - acc: 0.4267
 960/3458 [=======>......................] - ETA: 2:02 - loss: 1.4198 - acc: 0.4281
 992/3458 [=======>......................] - ETA: 2:01 - loss: 1.4222 - acc: 0.4254
1024/3458 [=======>......................] - ETA: 1:59 - loss: 1.4186 - acc: 0.4277
1056/3458 [========>.....................] - ETA: 1:57 - loss: 1.4195 - acc: 0.4290
1088/3458 [========>.....................] - ETA: 1:56 - loss: 1.4209 - acc: 0.4311
1120/3458 [========>.....................] - ETA: 1:54 - loss: 1.4181 - acc: 0.4313
1152/3458 [========>.....................] - ETA: 1:53 - loss: 1.4158 - acc: 0.4340
1184/3458 [=========>....................] - ETA: 1:51 - loss: 1.4124 - acc: 0.4333
1216/3458 [=========>....................] - ETA: 1:50 - loss: 1.4132 - acc: 0.4326
1248/3458 [=========>....................] - ETA: 1:48 - loss: 1.4115 - acc: 0.4351
1280/3458 [==========>...................] - ETA: 1:47 - loss: 1.4072 - acc: 0.4391
1312/3458 [==========>...................] - ETA: 1:45 - loss: 1.4059 - acc: 0.4405
1344/3458 [==========>...................] - ETA: 1:43 - loss: 1.4036 - acc: 0.4420
1376/3458 [==========>...................] - ETA: 1:42 - loss: 1.3956 - acc: 0.4462
1408/3458 [===========>..................] - ETA: 1:40 - loss: 1.3931 - acc: 0.4467
1440/3458 [===========>..................] - ETA: 1:39 - loss: 1.3951 - acc: 0.4472
1472/3458 [===========>..................] - ETA: 1:37 - loss: 1.3960 - acc: 0.4450
1504/3458 [============>.................] - ETA: 1:36 - loss: 1.3924 - acc: 0.4468
1536/3458 [============>.................] - ETA: 1:34 - loss: 1.3899 - acc: 0.4486
1568/3458 [============>.................] - ETA: 1:33 - loss: 1.3851 - acc: 0.4509
1600/3458 [============>.................] - ETA: 1:31 - loss: 1.3794 - acc: 0.4500
1632/3458 [=============>................] - ETA: 1:29 - loss: 1.3765 - acc: 0.4504
1664/3458 [=============>................] - ETA: 1:28 - loss: 1.3739 - acc: 0.4495
1696/3458 [=============>................] - ETA: 1:26 - loss: 1.3721 - acc: 0.4493
1728/3458 [=============>................] - ETA: 1:25 - loss: 1.3682 - acc: 0.4502
1760/3458 [==============>...............] - ETA: 1:23 - loss: 1.3657 - acc: 0.4500
1792/3458 [==============>...............] - ETA: 1:21 - loss: 1.3659 - acc: 0.4515
1824/3458 [==============>...............] - ETA: 1:20 - loss: 1.3656 - acc: 0.4512
1856/3458 [===============>..............] - ETA: 1:18 - loss: 1.3624 - acc: 0.4515
1888/3458 [===============>..............] - ETA: 1:17 - loss: 1.3602 - acc: 0.4539
1920/3458 [===============>..............] - ETA: 1:15 - loss: 1.3594 - acc: 0.4542
1952/3458 [===============>..............] - ETA: 1:14 - loss: 1.3561 - acc: 0.4549
1984/3458 [================>.............] - ETA: 1:12 - loss: 1.3534 - acc: 0.4551
2016/3458 [================>.............] - ETA: 1:10 - loss: 1.3530 - acc: 0.4549
2048/3458 [================>.............] - ETA: 1:09 - loss: 1.3536 - acc: 0.4531
2080/3458 [=================>............] - ETA: 1:07 - loss: 1.3542 - acc: 0.4553
2112/3458 [=================>............] - ETA: 1:06 - loss: 1.3569 - acc: 0.4564
2144/3458 [=================>............] - ETA: 1:04 - loss: 1.3563 - acc: 0.4566
2176/3458 [=================>............] - ETA: 1:03 - loss: 1.3588 - acc: 0.4545
2208/3458 [==================>...........] - ETA: 1:01 - loss: 1.3600 - acc: 0.4547
2240/3458 [==================>...........] - ETA: 59s - loss: 1.3597 - acc: 0.4545 
2272/3458 [==================>...........] - ETA: 58s - loss: 1.3622 - acc: 0.4560
2304/3458 [==================>...........] - ETA: 56s - loss: 1.3609 - acc: 0.4557
2336/3458 [===================>..........] - ETA: 55s - loss: 1.3613 - acc: 0.4563
2368/3458 [===================>..........] - ETA: 53s - loss: 1.3617 - acc: 0.4557
2400/3458 [===================>..........] - ETA: 52s - loss: 1.3605 - acc: 0.4563
2432/3458 [====================>.........] - ETA: 50s - loss: 1.3573 - acc: 0.4585
2464/3458 [====================>.........] - ETA: 48s - loss: 1.3562 - acc: 0.4606
2496/3458 [====================>.........] - ETA: 47s - loss: 1.3547 - acc: 0.4611
2528/3458 [====================>.........] - ETA: 45s - loss: 1.3527 - acc: 0.4624
2560/3458 [=====================>........] - ETA: 44s - loss: 1.3531 - acc: 0.4621
2592/3458 [=====================>........] - ETA: 42s - loss: 1.3514 - acc: 0.4618
2624/3458 [=====================>........] - ETA: 41s - loss: 1.3513 - acc: 0.4627
2656/3458 [======================>.......] - ETA: 39s - loss: 1.3524 - acc: 0.4635
2688/3458 [======================>.......] - ETA: 37s - loss: 1.3525 - acc: 0.4639
2720/3458 [======================>.......] - ETA: 36s - loss: 1.3518 - acc: 0.4651
2752/3458 [======================>.......] - ETA: 34s - loss: 1.3494 - acc: 0.4666
2784/3458 [=======================>......] - ETA: 33s - loss: 1.3481 - acc: 0.4659
2816/3458 [=======================>......] - ETA: 31s - loss: 1.3477 - acc: 0.4652
2848/3458 [=======================>......] - ETA: 30s - loss: 1.3481 - acc: 0.4663
2880/3458 [=======================>......] - ETA: 28s - loss: 1.3456 - acc: 0.4663
2912/3458 [========================>.....] - ETA: 26s - loss: 1.3449 - acc: 0.4660
2944/3458 [========================>.....] - ETA: 25s - loss: 1.3437 - acc: 0.4674
2976/3458 [========================>.....] - ETA: 23s - loss: 1.3429 - acc: 0.4664
3008/3458 [=========================>....] - ETA: 22s - loss: 1.3435 - acc: 0.4658
3040/3458 [=========================>....] - ETA: 20s - loss: 1.3438 - acc: 0.4655
3072/3458 [=========================>....] - ETA: 18s - loss: 1.3446 - acc: 0.4652
3104/3458 [=========================>....] - ETA: 17s - loss: 1.3458 - acc: 0.4646
3136/3458 [==========================>...] - ETA: 15s - loss: 1.3437 - acc: 0.4662
3168/3458 [==========================>...] - ETA: 14s - loss: 1.3421 - acc: 0.4669
3200/3458 [==========================>...] - ETA: 12s - loss: 1.3415 - acc: 0.4669
3232/3458 [===========================>..] - ETA: 11s - loss: 1.3415 - acc: 0.4663
3264/3458 [===========================>..] - ETA: 9s - loss: 1.3404 - acc: 0.4660 
3296/3458 [===========================>..] - ETA: 7s - loss: 1.3408 - acc: 0.4651
3328/3458 [===========================>..] - ETA: 6s - loss: 1.3409 - acc: 0.4654
3360/3458 [============================>.] - ETA: 4s - loss: 1.3417 - acc: 0.4649
3392/3458 [============================>.] - ETA: 3s - loss: 1.3408 - acc: 0.4658
3424/3458 [============================>.] - ETA: 1s - loss: 1.3394 - acc: 0.4673
3456/3458 [============================>.] - ETA: 0s - loss: 1.3385 - acc: 0.4673
3458/3458 [==============================] - 171s 49ms/sample - loss: 1.3384 - acc: 0.4676

 32/865 [>.............................] - ETA: 7s - loss: 1.2263 - acc: 0.6250
 64/865 [=>............................] - ETA: 7s - loss: 1.2440 - acc: 0.5312
 96/865 [==>...........................] - ETA: 6s - loss: 1.4146 - acc: 0.4688
128/865 [===>..........................] - ETA: 6s - loss: 1.3757 - acc: 0.4688
160/865 [====>.........................] - ETA: 6s - loss: 1.3202 - acc: 0.4875
192/865 [=====>........................] - ETA: 6s - loss: 1.2931 - acc: 0.4948
224/865 [======>.......................] - ETA: 5s - loss: 1.2698 - acc: 0.5134
256/865 [=======>......................] - ETA: 5s - loss: 1.2396 - acc: 0.5273
288/865 [========>.....................] - ETA: 5s - loss: 1.2247 - acc: 0.5278
320/865 [==========>...................] - ETA: 4s - loss: 1.2393 - acc: 0.5250
352/865 [===========>..................] - ETA: 4s - loss: 1.2369 - acc: 0.5199
384/865 [============>.................] - ETA: 4s - loss: 1.2511 - acc: 0.5104
416/865 [=============>................] - ETA: 4s - loss: 1.2772 - acc: 0.4976
448/865 [==============>...............] - ETA: 3s - loss: 1.2721 - acc: 0.4955
480/865 [===============>..............] - ETA: 3s - loss: 1.2721 - acc: 0.4875
512/865 [================>.............] - ETA: 3s - loss: 1.2816 - acc: 0.4785
544/865 [=================>............] - ETA: 2s - loss: 1.2669 - acc: 0.4853
576/865 [==================>...........] - ETA: 2s - loss: 1.2551 - acc: 0.4861
608/865 [====================>.........] - ETA: 2s - loss: 1.2598 - acc: 0.4836
640/865 [=====================>........] - ETA: 2s - loss: 1.2573 - acc: 0.4812
672/865 [======================>.......] - ETA: 1s - loss: 1.2494 - acc: 0.4836
704/865 [=======================>......] - ETA: 1s - loss: 1.2481 - acc: 0.4901
736/865 [========================>.....] - ETA: 1s - loss: 1.2532 - acc: 0.4851
768/865 [=========================>....] - ETA: 0s - loss: 1.2795 - acc: 0.4740
800/865 [==========================>...] - ETA: 0s - loss: 1.2783 - acc: 0.4750
832/865 [===========================>..] - ETA: 0s - loss: 1.2796 - acc: 0.4748
864/865 [============================>.] - ETA: 0s - loss: 1.2780 - acc: 0.4722
865/865 [==============================] - 8s 9ms/sample - loss: 1.2783 - acc: 0.4717

  32/3458 [..............................] - ETA: 2:53 - loss: 1.1645 - acc: 0.5000
  64/3458 [..............................] - ETA: 2:49 - loss: 1.1885 - acc: 0.4688
  96/3458 [..............................] - ETA: 2:47 - loss: 1.2191 - acc: 0.4583
 128/3458 [>.............................] - ETA: 2:45 - loss: 1.2497 - acc: 0.4609
 160/3458 [>.............................] - ETA: 2:43 - loss: 1.2353 - acc: 0.4750
 192/3458 [>.............................] - ETA: 2:42 - loss: 1.2189 - acc: 0.4792
 224/3458 [>.............................] - ETA: 2:40 - loss: 1.2331 - acc: 0.5000
 256/3458 [=>............................] - ETA: 2:38 - loss: 1.2740 - acc: 0.4961
 288/3458 [=>............................] - ETA: 2:36 - loss: 1.3181 - acc: 0.5000
 320/3458 [=>............................] - ETA: 2:35 - loss: 1.3044 - acc: 0.5063
 352/3458 [==>...........................] - ETA: 2:33 - loss: 1.3103 - acc: 0.5057
 384/3458 [==>...........................] - ETA: 2:32 - loss: 1.3223 - acc: 0.4844
 416/3458 [==>...........................] - ETA: 2:30 - loss: 1.3309 - acc: 0.4784
 448/3458 [==>...........................] - ETA: 2:28 - loss: 1.3477 - acc: 0.4665
 480/3458 [===>..........................] - ETA: 2:26 - loss: 1.3451 - acc: 0.4708
 512/3458 [===>..........................] - ETA: 2:25 - loss: 1.3583 - acc: 0.4609
 544/3458 [===>..........................] - ETA: 2:23 - loss: 1.3670 - acc: 0.4504
 576/3458 [===>..........................] - ETA: 2:22 - loss: 1.3749 - acc: 0.4427
 608/3458 [====>.........................] - ETA: 2:20 - loss: 1.3765 - acc: 0.4441
 640/3458 [====>.........................] - ETA: 2:18 - loss: 1.3754 - acc: 0.4422
 672/3458 [====>.........................] - ETA: 2:17 - loss: 1.3710 - acc: 0.4435
 704/3458 [=====>........................] - ETA: 2:15 - loss: 1.3629 - acc: 0.4446
 736/3458 [=====>........................] - ETA: 2:14 - loss: 1.3580 - acc: 0.4484
 768/3458 [=====>........................] - ETA: 2:12 - loss: 1.3601 - acc: 0.4466
 800/3458 [=====>........................] - ETA: 2:10 - loss: 1.3728 - acc: 0.4425
 832/3458 [======>.......................] - ETA: 2:09 - loss: 1.3707 - acc: 0.4459
 864/3458 [======>.......................] - ETA: 2:07 - loss: 1.3736 - acc: 0.4444
 896/3458 [======>.......................] - ETA: 2:06 - loss: 1.3735 - acc: 0.4408
 928/3458 [=======>......................] - ETA: 2:04 - loss: 1.3729 - acc: 0.4440
 960/3458 [=======>......................] - ETA: 2:02 - loss: 1.3682 - acc: 0.4458
 992/3458 [=======>......................] - ETA: 2:01 - loss: 1.3670 - acc: 0.4446
1024/3458 [=======>......................] - ETA: 1:59 - loss: 1.3647 - acc: 0.4473
1056/3458 [========>.....................] - ETA: 1:58 - loss: 1.3579 - acc: 0.4508
1088/3458 [========>.....................] - ETA: 1:56 - loss: 1.3549 - acc: 0.4494
1120/3458 [========>.....................] - ETA: 1:55 - loss: 1.3482 - acc: 0.4536
1152/3458 [========>.....................] - ETA: 1:53 - loss: 1.3509 - acc: 0.4557
1184/3458 [=========>....................] - ETA: 1:51 - loss: 1.3464 - acc: 0.4569
1216/3458 [=========>....................] - ETA: 1:50 - loss: 1.3425 - acc: 0.4581
1248/3458 [=========>....................] - ETA: 1:48 - loss: 1.3433 - acc: 0.4599
1280/3458 [==========>...................] - ETA: 1:47 - loss: 1.3351 - acc: 0.4648
1312/3458 [==========>...................] - ETA: 1:45 - loss: 1.3444 - acc: 0.4665
1344/3458 [==========>...................] - ETA: 1:44 - loss: 1.3393 - acc: 0.4702
1376/3458 [==========>...................] - ETA: 1:42 - loss: 1.3319 - acc: 0.4738
1408/3458 [===========>..................] - ETA: 1:40 - loss: 1.3270 - acc: 0.4773
1440/3458 [===========>..................] - ETA: 1:39 - loss: 1.3196 - acc: 0.4812
1472/3458 [===========>..................] - ETA: 1:37 - loss: 1.3216 - acc: 0.4796
1504/3458 [============>.................] - ETA: 1:36 - loss: 1.3204 - acc: 0.4794
1536/3458 [============>.................] - ETA: 1:34 - loss: 1.3161 - acc: 0.4811
1568/3458 [============>.................] - ETA: 1:33 - loss: 1.3108 - acc: 0.4834
1600/3458 [============>.................] - ETA: 1:31 - loss: 1.3102 - acc: 0.4831
1632/3458 [=============>................] - ETA: 1:29 - loss: 1.3193 - acc: 0.4816
1664/3458 [=============>................] - ETA: 1:28 - loss: 1.3263 - acc: 0.4802
1696/3458 [=============>................] - ETA: 1:26 - loss: 1.3215 - acc: 0.4817
1728/3458 [=============>................] - ETA: 1:25 - loss: 1.3192 - acc: 0.4821
1760/3458 [==============>...............] - ETA: 1:23 - loss: 1.3118 - acc: 0.4841
1792/3458 [==============>...............] - ETA: 1:22 - loss: 1.3122 - acc: 0.4827
1824/3458 [==============>...............] - ETA: 1:20 - loss: 1.3107 - acc: 0.4808
1856/3458 [===============>..............] - ETA: 1:19 - loss: 1.3106 - acc: 0.4833
1888/3458 [===============>..............] - ETA: 1:17 - loss: 1.3163 - acc: 0.4831
1920/3458 [===============>..............] - ETA: 1:16 - loss: 1.3121 - acc: 0.4849
1952/3458 [===============>..............] - ETA: 1:14 - loss: 1.3112 - acc: 0.4862
1984/3458 [================>.............] - ETA: 1:13 - loss: 1.3108 - acc: 0.4849
2016/3458 [================>.............] - ETA: 1:11 - loss: 1.3102 - acc: 0.4856
2048/3458 [================>.............] - ETA: 1:09 - loss: 1.3076 - acc: 0.4868
2080/3458 [=================>............] - ETA: 1:08 - loss: 1.3074 - acc: 0.4889
2112/3458 [=================>............] - ETA: 1:06 - loss: 1.3044 - acc: 0.4915
2144/3458 [=================>............] - ETA: 1:05 - loss: 1.3044 - acc: 0.4916
2176/3458 [=================>............] - ETA: 1:03 - loss: 1.3015 - acc: 0.4922
2208/3458 [==================>...........] - ETA: 1:01 - loss: 1.3009 - acc: 0.4932
2240/3458 [==================>...........] - ETA: 1:00 - loss: 1.3013 - acc: 0.4933
2272/3458 [==================>...........] - ETA: 58s - loss: 1.3007 - acc: 0.4943 
2304/3458 [==================>...........] - ETA: 57s - loss: 1.2988 - acc: 0.4965
2336/3458 [===================>..........] - ETA: 55s - loss: 1.2949 - acc: 0.4987
2368/3458 [===================>..........] - ETA: 53s - loss: 1.2942 - acc: 0.4987
2400/3458 [===================>..........] - ETA: 52s - loss: 1.2932 - acc: 0.4988
2432/3458 [====================>.........] - ETA: 50s - loss: 1.2917 - acc: 0.4988
2464/3458 [====================>.........] - ETA: 49s - loss: 1.2922 - acc: 0.4968
2496/3458 [====================>.........] - ETA: 47s - loss: 1.2958 - acc: 0.4944
2528/3458 [====================>.........] - ETA: 46s - loss: 1.2958 - acc: 0.4913
2560/3458 [=====================>........] - ETA: 44s - loss: 1.2962 - acc: 0.4910
2592/3458 [=====================>........] - ETA: 42s - loss: 1.2971 - acc: 0.4907
2624/3458 [=====================>........] - ETA: 41s - loss: 1.2962 - acc: 0.4909
2656/3458 [======================>.......] - ETA: 39s - loss: 1.2962 - acc: 0.4906
2688/3458 [======================>.......] - ETA: 38s - loss: 1.2977 - acc: 0.4888
2720/3458 [======================>.......] - ETA: 36s - loss: 1.2978 - acc: 0.4875
2752/3458 [======================>.......] - ETA: 34s - loss: 1.2973 - acc: 0.4884
2784/3458 [=======================>......] - ETA: 33s - loss: 1.2934 - acc: 0.4903
2816/3458 [=======================>......] - ETA: 31s - loss: 1.2938 - acc: 0.4904
2848/3458 [=======================>......] - ETA: 30s - loss: 1.2952 - acc: 0.4905
2880/3458 [=======================>......] - ETA: 28s - loss: 1.2932 - acc: 0.4910
2912/3458 [========================>.....] - ETA: 27s - loss: 1.2918 - acc: 0.4914
2944/3458 [========================>.....] - ETA: 25s - loss: 1.2893 - acc: 0.4925
2976/3458 [========================>.....] - ETA: 23s - loss: 1.2863 - acc: 0.4943
3008/3458 [=========================>....] - ETA: 22s - loss: 1.2814 - acc: 0.4967
3040/3458 [=========================>....] - ETA: 20s - loss: 1.2840 - acc: 0.4947
3072/3458 [=========================>....] - ETA: 19s - loss: 1.2810 - acc: 0.4964
3104/3458 [=========================>....] - ETA: 17s - loss: 1.2784 - acc: 0.4971
3136/3458 [==========================>...] - ETA: 15s - loss: 1.2799 - acc: 0.4955
3168/3458 [==========================>...] - ETA: 14s - loss: 1.2804 - acc: 0.4943
3200/3458 [==========================>...] - ETA: 12s - loss: 1.2801 - acc: 0.4941
3232/3458 [===========================>..] - ETA: 11s - loss: 1.2783 - acc: 0.4944
3264/3458 [===========================>..] - ETA: 9s - loss: 1.2789 - acc: 0.4948 
3296/3458 [===========================>..] - ETA: 8s - loss: 1.2767 - acc: 0.4961
3328/3458 [===========================>..] - ETA: 6s - loss: 1.2736 - acc: 0.4970
3360/3458 [============================>.] - ETA: 4s - loss: 1.2740 - acc: 0.4964
3392/3458 [============================>.] - ETA: 3s - loss: 1.2724 - acc: 0.4973
3424/3458 [============================>.] - ETA: 1s - loss: 1.2709 - acc: 0.4974
3456/3458 [============================>.] - ETA: 0s - loss: 1.2692 - acc: 0.4977
3458/3458 [==============================] - 172s 50ms/sample - loss: 1.2688 - acc: 0.4980

 32/865 [>.............................] - ETA: 7s - loss: 1.1315 - acc: 0.5938
 64/865 [=>............................] - ETA: 7s - loss: 1.1601 - acc: 0.5156
 96/865 [==>...........................] - ETA: 7s - loss: 1.3751 - acc: 0.4792
128/865 [===>..........................] - ETA: 6s - loss: 1.3230 - acc: 0.4766
160/865 [====>.........................] - ETA: 6s - loss: 1.2695 - acc: 0.5000
192/865 [=====>........................] - ETA: 6s - loss: 1.2472 - acc: 0.5208
224/865 [======>.......................] - ETA: 5s - loss: 1.2103 - acc: 0.5402
256/865 [=======>......................] - ETA: 5s - loss: 1.1596 - acc: 0.5625
288/865 [========>.....................] - ETA: 5s - loss: 1.1493 - acc: 0.5590
320/865 [==========>...................] - ETA: 4s - loss: 1.1514 - acc: 0.5562
352/865 [===========>..................] - ETA: 4s - loss: 1.1545 - acc: 0.5568
384/865 [============>.................] - ETA: 4s - loss: 1.1762 - acc: 0.5469
416/865 [=============>................] - ETA: 4s - loss: 1.2038 - acc: 0.5361
448/865 [==============>...............] - ETA: 3s - loss: 1.1863 - acc: 0.5379
480/865 [===============>..............] - ETA: 3s - loss: 1.1922 - acc: 0.5271
512/865 [================>.............] - ETA: 3s - loss: 1.2015 - acc: 0.5254
544/865 [=================>............] - ETA: 2s - loss: 1.1864 - acc: 0.5331
576/865 [==================>...........] - ETA: 2s - loss: 1.1807 - acc: 0.5347
608/865 [====================>.........] - ETA: 2s - loss: 1.1836 - acc: 0.5329
640/865 [=====================>........] - ETA: 2s - loss: 1.1788 - acc: 0.5344
672/865 [======================>.......] - ETA: 1s - loss: 1.1715 - acc: 0.5402
704/865 [=======================>......] - ETA: 1s - loss: 1.1701 - acc: 0.5426
736/865 [========================>.....] - ETA: 1s - loss: 1.1788 - acc: 0.5353
768/865 [=========================>....] - ETA: 0s - loss: 1.2040 - acc: 0.5299
800/865 [==========================>...] - ETA: 0s - loss: 1.2026 - acc: 0.5325
832/865 [===========================>..] - ETA: 0s - loss: 1.2106 - acc: 0.5288
864/865 [============================>.] - ETA: 0s - loss: 1.2025 - acc: 0.5301
865/865 [==============================] - 8s 9ms/sample - loss: 1.2032 - acc: 0.5295

  32/3458 [..............................] - ETA: 2:47 - loss: 1.2370 - acc: 0.5938
  64/3458 [..............................] - ETA: 2:45 - loss: 1.2162 - acc: 0.4844
  96/3458 [..............................] - ETA: 2:43 - loss: 1.0791 - acc: 0.5521
 128/3458 [>.............................] - ETA: 2:43 - loss: 1.0068 - acc: 0.5859
 160/3458 [>.............................] - ETA: 2:41 - loss: 1.0211 - acc: 0.5625
 192/3458 [>.............................] - ETA: 2:39 - loss: 1.0333 - acc: 0.5521
 224/3458 [>.............................] - ETA: 2:38 - loss: 1.0957 - acc: 0.5402
 256/3458 [=>............................] - ETA: 2:37 - loss: 1.0806 - acc: 0.5547
 288/3458 [=>............................] - ETA: 2:35 - loss: 1.0735 - acc: 0.5694
 320/3458 [=>............................] - ETA: 2:34 - loss: 1.0513 - acc: 0.5750
 352/3458 [==>...........................] - ETA: 2:32 - loss: 1.0304 - acc: 0.5795
 384/3458 [==>...........................] - ETA: 2:31 - loss: 1.0161 - acc: 0.5833
 416/3458 [==>...........................] - ETA: 2:29 - loss: 0.9892 - acc: 0.5962
 448/3458 [==>...........................] - ETA: 2:28 - loss: 0.9787 - acc: 0.6027
 480/3458 [===>..........................] - ETA: 2:26 - loss: 0.9868 - acc: 0.5938
 512/3458 [===>..........................] - ETA: 2:25 - loss: 0.9826 - acc: 0.5996
 544/3458 [===>..........................] - ETA: 2:23 - loss: 0.9787 - acc: 0.6029
 576/3458 [===>..........................] - ETA: 2:21 - loss: 0.9839 - acc: 0.6042
 608/3458 [====>.........................] - ETA: 2:20 - loss: 0.9828 - acc: 0.6020
 640/3458 [====>.........................] - ETA: 2:18 - loss: 0.9986 - acc: 0.6000
 672/3458 [====>.........................] - ETA: 2:17 - loss: 1.0176 - acc: 0.5997
 704/3458 [=====>........................] - ETA: 2:15 - loss: 1.0108 - acc: 0.6051
 736/3458 [=====>........................] - ETA: 2:13 - loss: 1.0166 - acc: 0.6033
 768/3458 [=====>........................] - ETA: 2:12 - loss: 1.0125 - acc: 0.6055
 800/3458 [=====>........................] - ETA: 2:10 - loss: 1.0215 - acc: 0.6037
 832/3458 [======>.......................] - ETA: 2:09 - loss: 1.0227 - acc: 0.6034
 864/3458 [======>.......................] - ETA: 2:07 - loss: 1.0256 - acc: 0.6007
 896/3458 [======>.......................] - ETA: 2:05 - loss: 1.0296 - acc: 0.5982
 928/3458 [=======>......................] - ETA: 2:04 - loss: 1.0240 - acc: 0.6034
 960/3458 [=======>......................] - ETA: 2:02 - loss: 1.0256 - acc: 0.5979
 992/3458 [=======>......................] - ETA: 2:01 - loss: 1.0370 - acc: 0.5948
1024/3458 [=======>......................] - ETA: 1:59 - loss: 1.0326 - acc: 0.5967
1056/3458 [========>.....................] - ETA: 1:58 - loss: 1.0268 - acc: 0.5966
1088/3458 [========>.....................] - ETA: 1:56 - loss: 1.0318 - acc: 0.5947
1120/3458 [========>.....................] - ETA: 1:54 - loss: 1.0334 - acc: 0.5902
1152/3458 [========>.....................] - ETA: 1:53 - loss: 1.0453 - acc: 0.5885
1184/3458 [=========>....................] - ETA: 1:51 - loss: 1.0492 - acc: 0.5887
1216/3458 [=========>....................] - ETA: 1:50 - loss: 1.0463 - acc: 0.5888
1248/3458 [=========>....................] - ETA: 1:48 - loss: 1.0472 - acc: 0.5873
1280/3458 [==========>...................] - ETA: 1:47 - loss: 1.0399 - acc: 0.5898
1312/3458 [==========>...................] - ETA: 1:45 - loss: 1.0415 - acc: 0.5892
1344/3458 [==========>...................] - ETA: 1:43 - loss: 1.0441 - acc: 0.5893
1376/3458 [==========>...................] - ETA: 1:42 - loss: 1.0482 - acc: 0.5879
1408/3458 [===========>..................] - ETA: 1:40 - loss: 1.0521 - acc: 0.5874
1440/3458 [===========>..................] - ETA: 1:39 - loss: 1.0523 - acc: 0.5868
1472/3458 [===========>..................] - ETA: 1:37 - loss: 1.0486 - acc: 0.5883
1504/3458 [============>.................] - ETA: 1:36 - loss: 1.0453 - acc: 0.5871
1536/3458 [============>.................] - ETA: 1:34 - loss: 1.0480 - acc: 0.5885
1568/3458 [============>.................] - ETA: 1:32 - loss: 1.0501 - acc: 0.5867
1600/3458 [============>.................] - ETA: 1:31 - loss: 1.0478 - acc: 0.5875
1632/3458 [=============>................] - ETA: 1:29 - loss: 1.0506 - acc: 0.5833
1664/3458 [=============>................] - ETA: 1:28 - loss: 1.0498 - acc: 0.5841
1696/3458 [=============>................] - ETA: 1:26 - loss: 1.0498 - acc: 0.5837
1728/3458 [=============>................] - ETA: 1:25 - loss: 1.0527 - acc: 0.5822
1760/3458 [==============>...............] - ETA: 1:23 - loss: 1.0546 - acc: 0.5824
1792/3458 [==============>...............] - ETA: 1:22 - loss: 1.0556 - acc: 0.5815
1824/3458 [==============>...............] - ETA: 1:20 - loss: 1.0575 - acc: 0.5800
1856/3458 [===============>..............] - ETA: 1:18 - loss: 1.0643 - acc: 0.5781
1888/3458 [===============>..............] - ETA: 1:17 - loss: 1.0659 - acc: 0.5779
1920/3458 [===============>..............] - ETA: 1:15 - loss: 1.0658 - acc: 0.5781
1952/3458 [===============>..............] - ETA: 1:14 - loss: 1.0658 - acc: 0.5779
1984/3458 [================>.............] - ETA: 1:12 - loss: 1.0676 - acc: 0.5786
2016/3458 [================>.............] - ETA: 1:10 - loss: 1.0640 - acc: 0.5813
2048/3458 [================>.............] - ETA: 1:09 - loss: 1.0611 - acc: 0.5825
2080/3458 [=================>............] - ETA: 1:07 - loss: 1.0589 - acc: 0.5846
2112/3458 [=================>............] - ETA: 1:06 - loss: 1.0666 - acc: 0.5843
2144/3458 [=================>............] - ETA: 1:04 - loss: 1.0741 - acc: 0.5835
2176/3458 [=================>............] - ETA: 1:03 - loss: 1.0765 - acc: 0.5841
2208/3458 [==================>...........] - ETA: 1:01 - loss: 1.0756 - acc: 0.5847
2240/3458 [==================>...........] - ETA: 59s - loss: 1.0754 - acc: 0.5844 
2272/3458 [==================>...........] - ETA: 58s - loss: 1.0799 - acc: 0.5810
2304/3458 [==================>...........] - ETA: 56s - loss: 1.0829 - acc: 0.5794
2336/3458 [===================>..........] - ETA: 55s - loss: 1.0823 - acc: 0.5792
2368/3458 [===================>..........] - ETA: 53s - loss: 1.0854 - acc: 0.5785
2400/3458 [===================>..........] - ETA: 52s - loss: 1.0838 - acc: 0.5788
2432/3458 [====================>.........] - ETA: 50s - loss: 1.0856 - acc: 0.5777
2464/3458 [====================>.........] - ETA: 48s - loss: 1.0861 - acc: 0.5767
2496/3458 [====================>.........] - ETA: 47s - loss: 1.0876 - acc: 0.5749
2528/3458 [====================>.........] - ETA: 45s - loss: 1.0892 - acc: 0.5744
2560/3458 [=====================>........] - ETA: 44s - loss: 1.0952 - acc: 0.5738
2592/3458 [=====================>........] - ETA: 42s - loss: 1.0977 - acc: 0.5725
2624/3458 [=====================>........] - ETA: 41s - loss: 1.0964 - acc: 0.5732
2656/3458 [======================>.......] - ETA: 39s - loss: 1.0983 - acc: 0.5712
2688/3458 [======================>.......] - ETA: 37s - loss: 1.1004 - acc: 0.5703
2720/3458 [======================>.......] - ETA: 36s - loss: 1.1018 - acc: 0.5699
2752/3458 [======================>.......] - ETA: 34s - loss: 1.1034 - acc: 0.5683
2784/3458 [=======================>......] - ETA: 33s - loss: 1.1050 - acc: 0.5675
2816/3458 [=======================>......] - ETA: 31s - loss: 1.1049 - acc: 0.5685
2848/3458 [=======================>......] - ETA: 30s - loss: 1.1054 - acc: 0.5688
2880/3458 [=======================>......] - ETA: 28s - loss: 1.1061 - acc: 0.5674
2912/3458 [========================>.....] - ETA: 26s - loss: 1.1082 - acc: 0.5670
2944/3458 [========================>.....] - ETA: 25s - loss: 1.1084 - acc: 0.5666
2976/3458 [========================>.....] - ETA: 23s - loss: 1.1080 - acc: 0.5675
3008/3458 [=========================>....] - ETA: 22s - loss: 1.1082 - acc: 0.5675
3040/3458 [=========================>....] - ETA: 20s - loss: 1.1077 - acc: 0.5681
3072/3458 [=========================>....] - ETA: 18s - loss: 1.1093 - acc: 0.5671
3104/3458 [=========================>....] - ETA: 17s - loss: 1.1071 - acc: 0.5689
3136/3458 [==========================>...] - ETA: 15s - loss: 1.1084 - acc: 0.5673
3168/3458 [==========================>...] - ETA: 14s - loss: 1.1087 - acc: 0.5660
3200/3458 [==========================>...] - ETA: 12s - loss: 1.1114 - acc: 0.5647
3232/3458 [===========================>..] - ETA: 11s - loss: 1.1099 - acc: 0.5640
3264/3458 [===========================>..] - ETA: 9s - loss: 1.1110 - acc: 0.5631 
3296/3458 [===========================>..] - ETA: 7s - loss: 1.1123 - acc: 0.5625
3328/3458 [===========================>..] - ETA: 6s - loss: 1.1132 - acc: 0.5622
3360/3458 [============================>.] - ETA: 4s - loss: 1.1137 - acc: 0.5610
3392/3458 [============================>.] - ETA: 3s - loss: 1.1162 - acc: 0.5587
3424/3458 [============================>.] - ETA: 1s - loss: 1.1167 - acc: 0.5581
3456/3458 [============================>.] - ETA: 0s - loss: 1.1180 - acc: 0.5570
3458/3458 [==============================] - 171s 49ms/sample - loss: 1.1181 - acc: 0.5570

 32/865 [>.............................] - ETA: 7s - loss: 1.1233 - acc: 0.5312
 64/865 [=>............................] - ETA: 7s - loss: 1.0752 - acc: 0.5469
 96/865 [==>...........................] - ETA: 6s - loss: 1.1882 - acc: 0.5000
128/865 [===>..........................] - ETA: 6s - loss: 1.1662 - acc: 0.5156
160/865 [====>.........................] - ETA: 6s - loss: 1.1358 - acc: 0.5437
192/865 [=====>........................] - ETA: 6s - loss: 1.1363 - acc: 0.5312
224/865 [======>.......................] - ETA: 5s - loss: 1.1161 - acc: 0.5357
256/865 [=======>......................] - ETA: 5s - loss: 1.1102 - acc: 0.5312
288/865 [========>.....................] - ETA: 5s - loss: 1.1094 - acc: 0.5312
320/865 [==========>...................] - ETA: 4s - loss: 1.1214 - acc: 0.5281
352/865 [===========>..................] - ETA: 4s - loss: 1.1227 - acc: 0.5312
384/865 [============>.................] - ETA: 4s - loss: 1.1383 - acc: 0.5339
416/865 [=============>................] - ETA: 4s - loss: 1.1591 - acc: 0.5312
448/865 [==============>...............] - ETA: 3s - loss: 1.1506 - acc: 0.5246
480/865 [===============>..............] - ETA: 3s - loss: 1.1495 - acc: 0.5146
512/865 [================>.............] - ETA: 3s - loss: 1.1628 - acc: 0.5039
544/865 [=================>............] - ETA: 2s - loss: 1.1540 - acc: 0.5110
576/865 [==================>...........] - ETA: 2s - loss: 1.1552 - acc: 0.5174
608/865 [====================>.........] - ETA: 2s - loss: 1.1534 - acc: 0.5197
640/865 [=====================>........] - ETA: 2s - loss: 1.1564 - acc: 0.5125
672/865 [======================>.......] - ETA: 1s - loss: 1.1506 - acc: 0.5149
704/865 [=======================>......] - ETA: 1s - loss: 1.1492 - acc: 0.5185
736/865 [========================>.....] - ETA: 1s - loss: 1.1616 - acc: 0.5109
768/865 [=========================>....] - ETA: 0s - loss: 1.1743 - acc: 0.5078
800/865 [==========================>...] - ETA: 0s - loss: 1.1711 - acc: 0.5088
832/865 [===========================>..] - ETA: 0s - loss: 1.1785 - acc: 0.5060
864/865 [============================>.] - ETA: 0s - loss: 1.1729 - acc: 0.5093
865/865 [==============================] - 8s 9ms/sample - loss: 1.1737 - acc: 0.5087

  32/3458 [..............................] - ETA: 2:47 - loss: 0.9029 - acc: 0.6250
  64/3458 [..............................] - ETA: 2:44 - loss: 0.9100 - acc: 0.6406
  96/3458 [..............................] - ETA: 2:43 - loss: 0.9382 - acc: 0.6354
 128/3458 [>.............................] - ETA: 2:43 - loss: 0.9487 - acc: 0.6406
 160/3458 [>.............................] - ETA: 2:41 - loss: 0.9930 - acc: 0.6125
 192/3458 [>.............................] - ETA: 2:39 - loss: 0.9872 - acc: 0.6250
 224/3458 [>.............................] - ETA: 2:38 - loss: 0.9883 - acc: 0.6339
 256/3458 [=>............................] - ETA: 2:36 - loss: 0.9883 - acc: 0.6211
 288/3458 [=>............................] - ETA: 2:35 - loss: 0.9722 - acc: 0.6285
 320/3458 [=>............................] - ETA: 2:33 - loss: 0.9857 - acc: 0.6250
 352/3458 [==>...........................] - ETA: 2:32 - loss: 0.9913 - acc: 0.6080
 384/3458 [==>...........................] - ETA: 2:30 - loss: 1.0227 - acc: 0.6042
 416/3458 [==>...........................] - ETA: 2:29 - loss: 1.0250 - acc: 0.6082
 448/3458 [==>...........................] - ETA: 2:27 - loss: 1.0311 - acc: 0.6071
 480/3458 [===>..........................] - ETA: 2:26 - loss: 1.0177 - acc: 0.6146
 512/3458 [===>..........................] - ETA: 2:24 - loss: 1.0113 - acc: 0.6230
 544/3458 [===>..........................] - ETA: 2:23 - loss: 0.9994 - acc: 0.6213
 576/3458 [===>..........................] - ETA: 2:21 - loss: 1.0065 - acc: 0.6198
 608/3458 [====>.........................] - ETA: 2:19 - loss: 1.0090 - acc: 0.6135
 640/3458 [====>.........................] - ETA: 2:18 - loss: 1.0157 - acc: 0.6109
 672/3458 [====>.........................] - ETA: 2:16 - loss: 0.9999 - acc: 0.6205
 704/3458 [=====>........................] - ETA: 2:15 - loss: 1.0058 - acc: 0.6136
 736/3458 [=====>........................] - ETA: 2:13 - loss: 1.0025 - acc: 0.6168
 768/3458 [=====>........................] - ETA: 2:12 - loss: 1.0024 - acc: 0.6198
 800/3458 [=====>........................] - ETA: 2:10 - loss: 0.9972 - acc: 0.6200
 832/3458 [======>.......................] - ETA: 2:09 - loss: 0.9855 - acc: 0.6250
 864/3458 [======>.......................] - ETA: 2:07 - loss: 0.9723 - acc: 0.6343
 896/3458 [======>.......................] - ETA: 2:05 - loss: 0.9741 - acc: 0.6317
 928/3458 [=======>......................] - ETA: 2:04 - loss: 0.9731 - acc: 0.6304
 960/3458 [=======>......................] - ETA: 2:02 - loss: 0.9769 - acc: 0.6302
 992/3458 [=======>......................] - ETA: 2:01 - loss: 0.9716 - acc: 0.6351
1024/3458 [=======>......................] - ETA: 1:59 - loss: 0.9735 - acc: 0.6357
1056/3458 [========>.....................] - ETA: 1:58 - loss: 0.9753 - acc: 0.6373
1088/3458 [========>.....................] - ETA: 1:56 - loss: 0.9794 - acc: 0.6360
1120/3458 [========>.....................] - ETA: 1:54 - loss: 0.9896 - acc: 0.6339
1152/3458 [========>.....................] - ETA: 1:53 - loss: 0.9943 - acc: 0.6328
1184/3458 [=========>....................] - ETA: 1:51 - loss: 0.9895 - acc: 0.6318
1216/3458 [=========>....................] - ETA: 1:50 - loss: 0.9879 - acc: 0.6299
1248/3458 [=========>....................] - ETA: 1:48 - loss: 0.9847 - acc: 0.6322
1280/3458 [==========>...................] - ETA: 1:47 - loss: 0.9851 - acc: 0.6320
1312/3458 [==========>...................] - ETA: 1:45 - loss: 0.9877 - acc: 0.6303
1344/3458 [==========>...................] - ETA: 1:43 - loss: 0.9879 - acc: 0.6287
1376/3458 [==========>...................] - ETA: 1:42 - loss: 0.9883 - acc: 0.6279
1408/3458 [===========>..................] - ETA: 1:40 - loss: 0.9917 - acc: 0.6236
1440/3458 [===========>..................] - ETA: 1:39 - loss: 0.9950 - acc: 0.6215
1472/3458 [===========>..................] - ETA: 1:37 - loss: 0.9973 - acc: 0.6196
1504/3458 [============>.................] - ETA: 1:36 - loss: 0.9978 - acc: 0.6184
1536/3458 [============>.................] - ETA: 1:34 - loss: 0.9999 - acc: 0.6178
1568/3458 [============>.................] - ETA: 1:32 - loss: 0.9971 - acc: 0.6199
1600/3458 [============>.................] - ETA: 1:31 - loss: 0.9928 - acc: 0.6212
1632/3458 [=============>................] - ETA: 1:29 - loss: 0.9865 - acc: 0.6250
1664/3458 [=============>................] - ETA: 1:28 - loss: 0.9813 - acc: 0.6286
1696/3458 [=============>................] - ETA: 1:26 - loss: 0.9796 - acc: 0.6291
1728/3458 [=============>................] - ETA: 1:25 - loss: 0.9808 - acc: 0.6285
1760/3458 [==============>...............] - ETA: 1:23 - loss: 0.9787 - acc: 0.6278
1792/3458 [==============>...............] - ETA: 1:21 - loss: 0.9796 - acc: 0.6272
1824/3458 [==============>...............] - ETA: 1:20 - loss: 0.9793 - acc: 0.6266
1856/3458 [===============>..............] - ETA: 1:18 - loss: 0.9831 - acc: 0.6250
1888/3458 [===============>..............] - ETA: 1:17 - loss: 0.9809 - acc: 0.6261
1920/3458 [===============>..............] - ETA: 1:15 - loss: 0.9819 - acc: 0.6276
1952/3458 [===============>..............] - ETA: 1:14 - loss: 0.9857 - acc: 0.6265
1984/3458 [================>.............] - ETA: 1:12 - loss: 0.9842 - acc: 0.6275
2016/3458 [================>.............] - ETA: 1:10 - loss: 0.9843 - acc: 0.6275
2048/3458 [================>.............] - ETA: 1:09 - loss: 0.9913 - acc: 0.6255
2080/3458 [=================>............] - ETA: 1:07 - loss: 0.9942 - acc: 0.6231
2112/3458 [=================>............] - ETA: 1:06 - loss: 0.9945 - acc: 0.6207
2144/3458 [=================>............] - ETA: 1:04 - loss: 0.9952 - acc: 0.6194
2176/3458 [=================>............] - ETA: 1:03 - loss: 0.9972 - acc: 0.6195
2208/3458 [==================>...........] - ETA: 1:01 - loss: 0.9941 - acc: 0.6205
2240/3458 [==================>...........] - ETA: 59s - loss: 1.0018 - acc: 0.6183 
2272/3458 [==================>...........] - ETA: 58s - loss: 0.9987 - acc: 0.6206
2304/3458 [==================>...........] - ETA: 56s - loss: 0.9977 - acc: 0.6202
2336/3458 [===================>..........] - ETA: 55s - loss: 0.9968 - acc: 0.6203
2368/3458 [===================>..........] - ETA: 53s - loss: 0.9953 - acc: 0.6199
2400/3458 [===================>..........] - ETA: 52s - loss: 0.9945 - acc: 0.6196
2432/3458 [====================>.........] - ETA: 50s - loss: 0.9939 - acc: 0.6201
2464/3458 [====================>.........] - ETA: 48s - loss: 0.9916 - acc: 0.6201
2496/3458 [====================>.........] - ETA: 47s - loss: 0.9900 - acc: 0.6222
2528/3458 [====================>.........] - ETA: 45s - loss: 0.9917 - acc: 0.6218
2560/3458 [=====================>........] - ETA: 44s - loss: 0.9916 - acc: 0.6230
2592/3458 [=====================>........] - ETA: 42s - loss: 0.9919 - acc: 0.6242
2624/3458 [=====================>........] - ETA: 41s - loss: 0.9944 - acc: 0.6227
2656/3458 [======================>.......] - ETA: 39s - loss: 0.9942 - acc: 0.6227
2688/3458 [======================>.......] - ETA: 37s - loss: 0.9938 - acc: 0.6235
2720/3458 [======================>.......] - ETA: 36s - loss: 0.9921 - acc: 0.6243
2752/3458 [======================>.......] - ETA: 34s - loss: 0.9931 - acc: 0.6235
2784/3458 [=======================>......] - ETA: 33s - loss: 0.9932 - acc: 0.6246
2816/3458 [=======================>......] - ETA: 31s - loss: 0.9954 - acc: 0.6232
2848/3458 [=======================>......] - ETA: 30s - loss: 0.9968 - acc: 0.6225
2880/3458 [=======================>......] - ETA: 28s - loss: 0.9962 - acc: 0.6222
2912/3458 [========================>.....] - ETA: 26s - loss: 0.9983 - acc: 0.6219
2944/3458 [========================>.....] - ETA: 25s - loss: 0.9964 - acc: 0.6230
2976/3458 [========================>.....] - ETA: 23s - loss: 0.9950 - acc: 0.6247
3008/3458 [=========================>....] - ETA: 22s - loss: 0.9931 - acc: 0.6253
3040/3458 [=========================>....] - ETA: 20s - loss: 0.9941 - acc: 0.6253
3072/3458 [=========================>....] - ETA: 18s - loss: 0.9955 - acc: 0.6253
3104/3458 [=========================>....] - ETA: 17s - loss: 0.9983 - acc: 0.6237
3136/3458 [==========================>...] - ETA: 15s - loss: 0.9995 - acc: 0.6221
3168/3458 [==========================>...] - ETA: 14s - loss: 1.0003 - acc: 0.6215
3200/3458 [==========================>...] - ETA: 12s - loss: 1.0008 - acc: 0.6222
3232/3458 [===========================>..] - ETA: 11s - loss: 0.9994 - acc: 0.6235
3264/3458 [===========================>..] - ETA: 9s - loss: 0.9983 - acc: 0.6244 
3296/3458 [===========================>..] - ETA: 7s - loss: 0.9977 - acc: 0.6241
3328/3458 [===========================>..] - ETA: 6s - loss: 0.9953 - acc: 0.6253
3360/3458 [============================>.] - ETA: 4s - loss: 0.9963 - acc: 0.6250
3392/3458 [============================>.] - ETA: 3s - loss: 0.9960 - acc: 0.6244
3424/3458 [============================>.] - ETA: 1s - loss: 0.9929 - acc: 0.6265
3456/3458 [============================>.] - ETA: 0s - loss: 0.9917 - acc: 0.6270
3458/3458 [==============================] - 171s 49ms/sample - loss: 0.9919 - acc: 0.6270

 32/865 [>.............................] - ETA: 7s - loss: 0.9929 - acc: 0.6875
 64/865 [=>............................] - ETA: 7s - loss: 0.9863 - acc: 0.6094
 96/865 [==>...........................] - ETA: 6s - loss: 1.1569 - acc: 0.5729
128/865 [===>..........................] - ETA: 6s - loss: 1.1174 - acc: 0.6016
160/865 [====>.........................] - ETA: 6s - loss: 1.0756 - acc: 0.6125
192/865 [=====>........................] - ETA: 6s - loss: 1.0782 - acc: 0.5885
224/865 [======>.......................] - ETA: 5s - loss: 1.0385 - acc: 0.5938
256/865 [=======>......................] - ETA: 5s - loss: 1.0146 - acc: 0.6094
288/865 [========>.....................] - ETA: 5s - loss: 1.0040 - acc: 0.6111
320/865 [==========>...................] - ETA: 4s - loss: 1.0096 - acc: 0.6156
352/865 [===========>..................] - ETA: 4s - loss: 1.0064 - acc: 0.6165
384/865 [============>.................] - ETA: 4s - loss: 1.0370 - acc: 0.6120
416/865 [=============>................] - ETA: 4s - loss: 1.0767 - acc: 0.5986
448/865 [==============>...............] - ETA: 3s - loss: 1.0744 - acc: 0.5848
480/865 [===============>..............] - ETA: 3s - loss: 1.0803 - acc: 0.5771
512/865 [================>.............] - ETA: 3s - loss: 1.0959 - acc: 0.5684
544/865 [=================>............] - ETA: 2s - loss: 1.0770 - acc: 0.5717
576/865 [==================>...........] - ETA: 2s - loss: 1.0770 - acc: 0.5747
608/865 [====================>.........] - ETA: 2s - loss: 1.0863 - acc: 0.5724
640/865 [=====================>........] - ETA: 2s - loss: 1.0807 - acc: 0.5734
672/865 [======================>.......] - ETA: 1s - loss: 1.0695 - acc: 0.5774
704/865 [=======================>......] - ETA: 1s - loss: 1.0637 - acc: 0.5795
736/865 [========================>.....] - ETA: 1s - loss: 1.0785 - acc: 0.5693
768/865 [=========================>....] - ETA: 0s - loss: 1.0932 - acc: 0.5638
800/865 [==========================>...] - ETA: 0s - loss: 1.0884 - acc: 0.5638
832/865 [===========================>..] - ETA: 0s - loss: 1.0979 - acc: 0.5625
864/865 [============================>.] - ETA: 0s - loss: 1.0877 - acc: 0.5694
865/865 [==============================] - 8s 9ms/sample - loss: 1.0888 - acc: 0.5688
