For Dropout_1=0.1 Dropout_2=0.8
daisy loaded
dandelion loaded
rose loaded
sunflower loaded
tulip loaded

  32/3458 [..............................] - ETA: 3:06 - loss: 1.6666 - acc: 0.1875
  64/3458 [..............................] - ETA: 2:56 - loss: 11.9844 - acc: 0.2188
  96/3458 [..............................] - ETA: 2:50 - loss: 10.7093 - acc: 0.2292
 128/3458 [>.............................] - ETA: 2:47 - loss: 9.3251 - acc: 0.2344 
 160/3458 [>.............................] - ETA: 2:46 - loss: 7.8680 - acc: 0.2438
 192/3458 [>.............................] - ETA: 2:43 - loss: 6.8199 - acc: 0.2344
 224/3458 [>.............................] - ETA: 2:41 - loss: 6.0745 - acc: 0.2321
 256/3458 [=>............................] - ETA: 2:40 - loss: 5.5158 - acc: 0.2227
 288/3458 [=>............................] - ETA: 2:38 - loss: 5.0808 - acc: 0.2083
 320/3458 [=>............................] - ETA: 2:36 - loss: 4.7308 - acc: 0.2062
 352/3458 [==>...........................] - ETA: 2:34 - loss: 4.4452 - acc: 0.2045
 384/3458 [==>...........................] - ETA: 2:32 - loss: 4.2051 - acc: 0.2057
 416/3458 [==>...........................] - ETA: 2:30 - loss: 4.0038 - acc: 0.2019
 448/3458 [==>...........................] - ETA: 2:29 - loss: 3.8260 - acc: 0.2076
 480/3458 [===>..........................] - ETA: 2:27 - loss: 3.6715 - acc: 0.2188
 512/3458 [===>..........................] - ETA: 2:25 - loss: 3.5367 - acc: 0.2168
 544/3458 [===>..........................] - ETA: 2:23 - loss: 3.4186 - acc: 0.2114
 576/3458 [===>..........................] - ETA: 2:22 - loss: 3.3100 - acc: 0.2135
 608/3458 [====>.........................] - ETA: 2:20 - loss: 3.2180 - acc: 0.2220
 640/3458 [====>.........................] - ETA: 2:19 - loss: 3.1276 - acc: 0.2344
 672/3458 [====>.........................] - ETA: 2:17 - loss: 3.0553 - acc: 0.2336
 704/3458 [=====>........................] - ETA: 2:15 - loss: 2.9846 - acc: 0.2358
 736/3458 [=====>........................] - ETA: 2:14 - loss: 2.9218 - acc: 0.2473
 768/3458 [=====>........................] - ETA: 2:12 - loss: 2.8626 - acc: 0.2539
 800/3458 [=====>........................] - ETA: 2:11 - loss: 2.8068 - acc: 0.2562
 832/3458 [======>.......................] - ETA: 2:09 - loss: 2.7564 - acc: 0.2608
 864/3458 [======>.......................] - ETA: 2:07 - loss: 2.7085 - acc: 0.2616
 896/3458 [======>.......................] - ETA: 2:06 - loss: 2.6708 - acc: 0.2712
 928/3458 [=======>......................] - ETA: 2:04 - loss: 2.6289 - acc: 0.2737
 960/3458 [=======>......................] - ETA: 2:03 - loss: 2.5917 - acc: 0.2781
 992/3458 [=======>......................] - ETA: 2:01 - loss: 2.5554 - acc: 0.2853
1024/3458 [=======>......................] - ETA: 1:59 - loss: 2.5207 - acc: 0.2900
1056/3458 [========>.....................] - ETA: 1:58 - loss: 2.4943 - acc: 0.2936
1088/3458 [========>.....................] - ETA: 1:56 - loss: 2.4625 - acc: 0.2996
1120/3458 [========>.....................] - ETA: 1:55 - loss: 2.4393 - acc: 0.2982
1152/3458 [========>.....................] - ETA: 1:53 - loss: 2.4111 - acc: 0.3021
1184/3458 [=========>....................] - ETA: 1:52 - loss: 2.3927 - acc: 0.3057
1216/3458 [=========>....................] - ETA: 1:50 - loss: 2.3689 - acc: 0.3043
1248/3458 [=========>....................] - ETA: 1:48 - loss: 2.3455 - acc: 0.3077
1280/3458 [==========>...................] - ETA: 1:47 - loss: 2.3257 - acc: 0.3109
1312/3458 [==========>...................] - ETA: 1:45 - loss: 2.3079 - acc: 0.3117
1344/3458 [==========>...................] - ETA: 1:44 - loss: 2.2892 - acc: 0.3125
1376/3458 [==========>...................] - ETA: 1:42 - loss: 2.2699 - acc: 0.3161
1408/3458 [===========>..................] - ETA: 1:40 - loss: 2.2511 - acc: 0.3203
1440/3458 [===========>..................] - ETA: 1:39 - loss: 2.2344 - acc: 0.3222
1472/3458 [===========>..................] - ETA: 1:37 - loss: 2.2168 - acc: 0.3207
1504/3458 [============>.................] - ETA: 1:36 - loss: 2.2024 - acc: 0.3225
1536/3458 [============>.................] - ETA: 1:34 - loss: 2.1862 - acc: 0.3242
1568/3458 [============>.................] - ETA: 1:33 - loss: 2.1698 - acc: 0.3272
1600/3458 [============>.................] - ETA: 1:31 - loss: 2.1581 - acc: 0.3269
1632/3458 [=============>................] - ETA: 1:29 - loss: 2.1433 - acc: 0.3309
1664/3458 [=============>................] - ETA: 1:28 - loss: 2.1291 - acc: 0.3335
1696/3458 [=============>................] - ETA: 1:26 - loss: 2.1185 - acc: 0.3320
1728/3458 [=============>................] - ETA: 1:25 - loss: 2.1035 - acc: 0.3362
1760/3458 [==============>...............] - ETA: 1:23 - loss: 2.0906 - acc: 0.3375
1792/3458 [==============>...............] - ETA: 1:21 - loss: 2.0771 - acc: 0.3382
1824/3458 [==============>...............] - ETA: 1:20 - loss: 2.0660 - acc: 0.3361
1856/3458 [===============>..............] - ETA: 1:18 - loss: 2.0552 - acc: 0.3357
1888/3458 [===============>..............] - ETA: 1:17 - loss: 2.0465 - acc: 0.3337
1920/3458 [===============>..............] - ETA: 1:15 - loss: 2.0352 - acc: 0.3349
1952/3458 [===============>..............] - ETA: 1:14 - loss: 2.0252 - acc: 0.3371
1984/3458 [================>.............] - ETA: 1:12 - loss: 2.0129 - acc: 0.3382
2016/3458 [================>.............] - ETA: 1:10 - loss: 2.0025 - acc: 0.3398
2048/3458 [================>.............] - ETA: 1:09 - loss: 1.9939 - acc: 0.3398
2080/3458 [=================>............] - ETA: 1:07 - loss: 1.9850 - acc: 0.3433
2112/3458 [=================>............] - ETA: 1:06 - loss: 1.9762 - acc: 0.3428
2144/3458 [=================>............] - ETA: 1:04 - loss: 1.9687 - acc: 0.3451
2176/3458 [=================>............] - ETA: 1:03 - loss: 1.9616 - acc: 0.3470
2208/3458 [==================>...........] - ETA: 1:01 - loss: 1.9561 - acc: 0.3478
2240/3458 [==================>...........] - ETA: 59s - loss: 1.9492 - acc: 0.3487 
2272/3458 [==================>...........] - ETA: 58s - loss: 1.9426 - acc: 0.3468
2304/3458 [==================>...........] - ETA: 56s - loss: 1.9358 - acc: 0.3485
2336/3458 [===================>..........] - ETA: 55s - loss: 1.9294 - acc: 0.3493
2368/3458 [===================>..........] - ETA: 53s - loss: 1.9232 - acc: 0.3480
2400/3458 [===================>..........] - ETA: 52s - loss: 1.9168 - acc: 0.3471
2432/3458 [====================>.........] - ETA: 50s - loss: 1.9108 - acc: 0.3487
2464/3458 [====================>.........] - ETA: 48s - loss: 1.9035 - acc: 0.3478
2496/3458 [====================>.........] - ETA: 47s - loss: 1.8965 - acc: 0.3486
2528/3458 [====================>.........] - ETA: 45s - loss: 1.8900 - acc: 0.3505
2560/3458 [=====================>........] - ETA: 44s - loss: 1.8826 - acc: 0.3523
2592/3458 [=====================>........] - ETA: 42s - loss: 1.8757 - acc: 0.3534
2624/3458 [=====================>........] - ETA: 40s - loss: 1.8694 - acc: 0.3540
2656/3458 [======================>.......] - ETA: 39s - loss: 1.8634 - acc: 0.3547
2688/3458 [======================>.......] - ETA: 37s - loss: 1.8563 - acc: 0.3571
2720/3458 [======================>.......] - ETA: 36s - loss: 1.8491 - acc: 0.3581
2752/3458 [======================>.......] - ETA: 34s - loss: 1.8501 - acc: 0.3568
2784/3458 [=======================>......] - ETA: 33s - loss: 1.8464 - acc: 0.3578
2816/3458 [=======================>......] - ETA: 31s - loss: 1.8427 - acc: 0.3572
2848/3458 [=======================>......] - ETA: 29s - loss: 1.8382 - acc: 0.3574
2880/3458 [=======================>......] - ETA: 28s - loss: 1.8338 - acc: 0.3573
2912/3458 [========================>.....] - ETA: 26s - loss: 1.8290 - acc: 0.3575
2944/3458 [========================>.....] - ETA: 25s - loss: 1.8246 - acc: 0.3577
2976/3458 [========================>.....] - ETA: 23s - loss: 1.8200 - acc: 0.3585
3008/3458 [=========================>....] - ETA: 22s - loss: 1.8155 - acc: 0.3594
3040/3458 [=========================>....] - ETA: 20s - loss: 1.8119 - acc: 0.3602
3072/3458 [=========================>....] - ETA: 18s - loss: 1.8080 - acc: 0.3613
3104/3458 [=========================>....] - ETA: 17s - loss: 1.8030 - acc: 0.3624
3136/3458 [==========================>...] - ETA: 15s - loss: 1.8004 - acc: 0.3629
3168/3458 [==========================>...] - ETA: 14s - loss: 1.7968 - acc: 0.3636
3200/3458 [==========================>...] - ETA: 12s - loss: 1.7932 - acc: 0.3647
3232/3458 [===========================>..] - ETA: 11s - loss: 1.7894 - acc: 0.3651
3264/3458 [===========================>..] - ETA: 9s - loss: 1.7851 - acc: 0.3658 
3296/3458 [===========================>..] - ETA: 7s - loss: 1.7820 - acc: 0.3668
3328/3458 [===========================>..] - ETA: 6s - loss: 1.7780 - acc: 0.3672
3360/3458 [============================>.] - ETA: 4s - loss: 1.7740 - acc: 0.3676
3392/3458 [============================>.] - ETA: 3s - loss: 1.7702 - acc: 0.3670
3424/3458 [============================>.] - ETA: 1s - loss: 1.7683 - acc: 0.3659
3456/3458 [============================>.] - ETA: 0s - loss: 1.7675 - acc: 0.3660
3458/3458 [==============================] - 170s 49ms/sample - loss: 1.7674 - acc: 0.3658

 32/865 [>.............................] - ETA: 7s - loss: 1.4184 - acc: 0.3438
 64/865 [=>............................] - ETA: 7s - loss: 1.3840 - acc: 0.4062
 96/865 [==>...........................] - ETA: 6s - loss: 1.4094 - acc: 0.4271
128/865 [===>..........................] - ETA: 6s - loss: 1.4121 - acc: 0.4375
160/865 [====>.........................] - ETA: 6s - loss: 1.4172 - acc: 0.4375
192/865 [=====>........................] - ETA: 6s - loss: 1.4310 - acc: 0.4219
224/865 [======>.......................] - ETA: 5s - loss: 1.4258 - acc: 0.4152
256/865 [=======>......................] - ETA: 5s - loss: 1.4137 - acc: 0.4258
288/865 [========>.....................] - ETA: 5s - loss: 1.4150 - acc: 0.4306
320/865 [==========>...................] - ETA: 4s - loss: 1.4270 - acc: 0.4219
352/865 [===========>..................] - ETA: 4s - loss: 1.4346 - acc: 0.4006
384/865 [============>.................] - ETA: 4s - loss: 1.4332 - acc: 0.4089
416/865 [=============>................] - ETA: 3s - loss: 1.4448 - acc: 0.3966
448/865 [==============>...............] - ETA: 3s - loss: 1.4386 - acc: 0.3973
480/865 [===============>..............] - ETA: 3s - loss: 1.4362 - acc: 0.3979
512/865 [================>.............] - ETA: 3s - loss: 1.4362 - acc: 0.3906
544/865 [=================>............] - ETA: 2s - loss: 1.4326 - acc: 0.3934
576/865 [==================>...........] - ETA: 2s - loss: 1.4352 - acc: 0.3958
608/865 [====================>.........] - ETA: 2s - loss: 1.4454 - acc: 0.3997
640/865 [=====================>........] - ETA: 1s - loss: 1.4465 - acc: 0.3969
672/865 [======================>.......] - ETA: 1s - loss: 1.4473 - acc: 0.4003
704/865 [=======================>......] - ETA: 1s - loss: 1.4466 - acc: 0.4034
736/865 [========================>.....] - ETA: 1s - loss: 1.4450 - acc: 0.4062
768/865 [=========================>....] - ETA: 0s - loss: 1.4437 - acc: 0.4062
800/865 [==========================>...] - ETA: 0s - loss: 1.4404 - acc: 0.4050
832/865 [===========================>..] - ETA: 0s - loss: 1.4387 - acc: 0.4062
864/865 [============================>.] - ETA: 0s - loss: 1.4407 - acc: 0.4016
865/865 [==============================] - 8s 9ms/sample - loss: 1.4409 - acc: 0.4012

  32/3458 [..............................] - ETA: 2:46 - loss: 1.3934 - acc: 0.4375
  64/3458 [..............................] - ETA: 2:46 - loss: 1.4720 - acc: 0.3281
  96/3458 [..............................] - ETA: 2:43 - loss: 1.4517 - acc: 0.3750
 128/3458 [>.............................] - ETA: 2:42 - loss: 1.4481 - acc: 0.3594
 160/3458 [>.............................] - ETA: 2:40 - loss: 1.4473 - acc: 0.3438
 192/3458 [>.............................] - ETA: 2:38 - loss: 1.4357 - acc: 0.3542
 224/3458 [>.............................] - ETA: 2:37 - loss: 1.4452 - acc: 0.3527
 256/3458 [=>............................] - ETA: 2:36 - loss: 1.4380 - acc: 0.3750
 288/3458 [=>............................] - ETA: 2:34 - loss: 1.4214 - acc: 0.3681
 320/3458 [=>............................] - ETA: 2:33 - loss: 1.4242 - acc: 0.3844
 352/3458 [==>...........................] - ETA: 2:31 - loss: 1.4126 - acc: 0.3977
 384/3458 [==>...........................] - ETA: 2:29 - loss: 1.4505 - acc: 0.4010
 416/3458 [==>...........................] - ETA: 2:28 - loss: 1.4416 - acc: 0.4087
 448/3458 [==>...........................] - ETA: 2:26 - loss: 1.4391 - acc: 0.4152
 480/3458 [===>..........................] - ETA: 2:25 - loss: 1.4328 - acc: 0.4187
 512/3458 [===>..........................] - ETA: 2:23 - loss: 1.4315 - acc: 0.4160
 544/3458 [===>..........................] - ETA: 2:22 - loss: 1.4430 - acc: 0.4154
 576/3458 [===>..........................] - ETA: 2:20 - loss: 1.4464 - acc: 0.4097
 608/3458 [====>.........................] - ETA: 2:18 - loss: 1.4496 - acc: 0.4013
 640/3458 [====>.........................] - ETA: 2:17 - loss: 1.4455 - acc: 0.4016
 672/3458 [====>.........................] - ETA: 2:15 - loss: 1.4445 - acc: 0.4062
 704/3458 [=====>........................] - ETA: 2:14 - loss: 1.4412 - acc: 0.4077
 736/3458 [=====>........................] - ETA: 2:12 - loss: 1.4386 - acc: 0.4076
 768/3458 [=====>........................] - ETA: 2:11 - loss: 1.4366 - acc: 0.4010
 800/3458 [=====>........................] - ETA: 2:09 - loss: 1.4345 - acc: 0.4050
 832/3458 [======>.......................] - ETA: 2:08 - loss: 1.4326 - acc: 0.4075
 864/3458 [======>.......................] - ETA: 2:06 - loss: 1.4295 - acc: 0.4074
 896/3458 [======>.......................] - ETA: 2:05 - loss: 1.4305 - acc: 0.4074
 928/3458 [=======>......................] - ETA: 2:03 - loss: 1.4275 - acc: 0.4062
 960/3458 [=======>......................] - ETA: 2:01 - loss: 1.4279 - acc: 0.4052
 992/3458 [=======>......................] - ETA: 2:00 - loss: 1.4410 - acc: 0.4002
1024/3458 [=======>......................] - ETA: 1:58 - loss: 1.4362 - acc: 0.4014
1056/3458 [========>.....................] - ETA: 1:57 - loss: 1.4300 - acc: 0.4034
1088/3458 [========>.....................] - ETA: 1:55 - loss: 1.4254 - acc: 0.4072
1120/3458 [========>.....................] - ETA: 1:54 - loss: 1.4251 - acc: 0.4054
1152/3458 [========>.....................] - ETA: 1:52 - loss: 1.4230 - acc: 0.4045
1184/3458 [=========>....................] - ETA: 1:51 - loss: 1.4193 - acc: 0.4054
1216/3458 [=========>....................] - ETA: 1:49 - loss: 1.4214 - acc: 0.4038
1248/3458 [=========>....................] - ETA: 1:47 - loss: 1.4201 - acc: 0.4046
1280/3458 [==========>...................] - ETA: 1:46 - loss: 1.4148 - acc: 0.4078
1312/3458 [==========>...................] - ETA: 1:44 - loss: 1.4160 - acc: 0.4040
1344/3458 [==========>...................] - ETA: 1:43 - loss: 1.4172 - acc: 0.4062
1376/3458 [==========>...................] - ETA: 1:41 - loss: 1.4146 - acc: 0.4048
1408/3458 [===========>..................] - ETA: 1:40 - loss: 1.4111 - acc: 0.4070
1440/3458 [===========>..................] - ETA: 1:38 - loss: 1.4157 - acc: 0.4062
1472/3458 [===========>..................] - ETA: 1:37 - loss: 1.4162 - acc: 0.4062
1504/3458 [============>.................] - ETA: 1:35 - loss: 1.4132 - acc: 0.4043
1536/3458 [============>.................] - ETA: 1:33 - loss: 1.4143 - acc: 0.4062
1568/3458 [============>.................] - ETA: 1:32 - loss: 1.4096 - acc: 0.4082
1600/3458 [============>.................] - ETA: 1:30 - loss: 1.4045 - acc: 0.4119
1632/3458 [=============>................] - ETA: 1:29 - loss: 1.4036 - acc: 0.4136
1664/3458 [=============>................] - ETA: 1:27 - loss: 1.4030 - acc: 0.4129
1696/3458 [=============>................] - ETA: 1:26 - loss: 1.4011 - acc: 0.4151
1728/3458 [=============>................] - ETA: 1:24 - loss: 1.4012 - acc: 0.4155
1760/3458 [==============>...............] - ETA: 1:23 - loss: 1.3984 - acc: 0.4148
1792/3458 [==============>...............] - ETA: 1:21 - loss: 1.3942 - acc: 0.4180
1824/3458 [==============>...............] - ETA: 1:19 - loss: 1.4004 - acc: 0.4172
1856/3458 [===============>..............] - ETA: 1:18 - loss: 1.3999 - acc: 0.4170
1888/3458 [===============>..............] - ETA: 1:16 - loss: 1.4009 - acc: 0.4179
1920/3458 [===============>..............] - ETA: 1:15 - loss: 1.4020 - acc: 0.4172
1952/3458 [===============>..............] - ETA: 1:13 - loss: 1.4016 - acc: 0.4170
1984/3458 [================>.............] - ETA: 1:12 - loss: 1.4018 - acc: 0.4163
2016/3458 [================>.............] - ETA: 1:10 - loss: 1.4059 - acc: 0.4167
2048/3458 [================>.............] - ETA: 1:08 - loss: 1.4062 - acc: 0.4160
2080/3458 [=================>............] - ETA: 1:07 - loss: 1.4048 - acc: 0.4144
2112/3458 [=================>............] - ETA: 1:05 - loss: 1.4048 - acc: 0.4138
2144/3458 [=================>............] - ETA: 1:04 - loss: 1.4044 - acc: 0.4132
2176/3458 [=================>............] - ETA: 1:02 - loss: 1.4050 - acc: 0.4131
2208/3458 [==================>...........] - ETA: 1:01 - loss: 1.4039 - acc: 0.4135
2240/3458 [==================>...........] - ETA: 59s - loss: 1.4033 - acc: 0.4125 
2272/3458 [==================>...........] - ETA: 57s - loss: 1.4026 - acc: 0.4120
2304/3458 [==================>...........] - ETA: 56s - loss: 1.4023 - acc: 0.4119
2336/3458 [===================>..........] - ETA: 54s - loss: 1.4017 - acc: 0.4122
2368/3458 [===================>..........] - ETA: 53s - loss: 1.4007 - acc: 0.4113
2400/3458 [===================>..........] - ETA: 51s - loss: 1.4016 - acc: 0.4117
2432/3458 [====================>.........] - ETA: 50s - loss: 1.4029 - acc: 0.4112
2464/3458 [====================>.........] - ETA: 48s - loss: 1.4018 - acc: 0.4127
2496/3458 [====================>.........] - ETA: 47s - loss: 1.4004 - acc: 0.4139
2528/3458 [====================>.........] - ETA: 45s - loss: 1.3987 - acc: 0.4142
2560/3458 [=====================>........] - ETA: 43s - loss: 1.3964 - acc: 0.4160
2592/3458 [=====================>........] - ETA: 42s - loss: 1.3991 - acc: 0.4159
2624/3458 [=====================>........] - ETA: 40s - loss: 1.3991 - acc: 0.4150
2656/3458 [======================>.......] - ETA: 39s - loss: 1.3984 - acc: 0.4153
2688/3458 [======================>.......] - ETA: 37s - loss: 1.3979 - acc: 0.4144
2720/3458 [======================>.......] - ETA: 36s - loss: 1.3998 - acc: 0.4158
2752/3458 [======================>.......] - ETA: 34s - loss: 1.4002 - acc: 0.4139
2784/3458 [=======================>......] - ETA: 32s - loss: 1.4003 - acc: 0.4127
2816/3458 [=======================>......] - ETA: 31s - loss: 1.3999 - acc: 0.4137
2848/3458 [=======================>......] - ETA: 29s - loss: 1.3986 - acc: 0.4143
2880/3458 [=======================>......] - ETA: 28s - loss: 1.3996 - acc: 0.4128
2912/3458 [========================>.....] - ETA: 26s - loss: 1.4007 - acc: 0.4117
2944/3458 [========================>.....] - ETA: 25s - loss: 1.3998 - acc: 0.4130
2976/3458 [========================>.....] - ETA: 23s - loss: 1.3991 - acc: 0.4126
3008/3458 [=========================>....] - ETA: 21s - loss: 1.3987 - acc: 0.4126
3040/3458 [=========================>....] - ETA: 20s - loss: 1.3992 - acc: 0.4128
3072/3458 [=========================>....] - ETA: 18s - loss: 1.3992 - acc: 0.4128
3104/3458 [=========================>....] - ETA: 17s - loss: 1.3986 - acc: 0.4117
3136/3458 [==========================>...] - ETA: 15s - loss: 1.3999 - acc: 0.4117
3168/3458 [==========================>...] - ETA: 14s - loss: 1.3981 - acc: 0.4135
3200/3458 [==========================>...] - ETA: 12s - loss: 1.3974 - acc: 0.4134
3232/3458 [===========================>..] - ETA: 11s - loss: 1.3955 - acc: 0.4149
3264/3458 [===========================>..] - ETA: 9s - loss: 1.3942 - acc: 0.4164 
3296/3458 [===========================>..] - ETA: 7s - loss: 1.3930 - acc: 0.4157
3328/3458 [===========================>..] - ETA: 6s - loss: 1.3942 - acc: 0.4150
3360/3458 [============================>.] - ETA: 4s - loss: 1.3939 - acc: 0.4140
3392/3458 [============================>.] - ETA: 3s - loss: 1.3946 - acc: 0.4130
3424/3458 [============================>.] - ETA: 1s - loss: 1.3923 - acc: 0.4136
3456/3458 [============================>.] - ETA: 0s - loss: 1.3926 - acc: 0.4117
3458/3458 [==============================] - 170s 49ms/sample - loss: 1.3925 - acc: 0.4115

 32/865 [>.............................] - ETA: 7s - loss: 1.4053 - acc: 0.3438
 64/865 [=>............................] - ETA: 6s - loss: 1.3040 - acc: 0.4219
 96/865 [==>...........................] - ETA: 6s - loss: 1.3179 - acc: 0.4375
128/865 [===>..........................] - ETA: 6s - loss: 1.3289 - acc: 0.4375
160/865 [====>.........................] - ETA: 6s - loss: 1.3357 - acc: 0.4375
192/865 [=====>........................] - ETA: 6s - loss: 1.3494 - acc: 0.4219
224/865 [======>.......................] - ETA: 5s - loss: 1.3459 - acc: 0.4107
256/865 [=======>......................] - ETA: 5s - loss: 1.3390 - acc: 0.4219
288/865 [========>.....................] - ETA: 5s - loss: 1.3380 - acc: 0.4306
320/865 [==========>...................] - ETA: 4s - loss: 1.3483 - acc: 0.4187
352/865 [===========>..................] - ETA: 4s - loss: 1.3581 - acc: 0.4006
384/865 [============>.................] - ETA: 4s - loss: 1.3556 - acc: 0.4089
416/865 [=============>................] - ETA: 4s - loss: 1.3693 - acc: 0.4014
448/865 [==============>...............] - ETA: 3s - loss: 1.3646 - acc: 0.4018
480/865 [===============>..............] - ETA: 3s - loss: 1.3636 - acc: 0.4021
512/865 [================>.............] - ETA: 3s - loss: 1.3681 - acc: 0.3945
544/865 [=================>............] - ETA: 2s - loss: 1.3636 - acc: 0.3989
576/865 [==================>...........] - ETA: 2s - loss: 1.3656 - acc: 0.3993
608/865 [====================>.........] - ETA: 2s - loss: 1.3717 - acc: 0.4013
640/865 [=====================>........] - ETA: 2s - loss: 1.3720 - acc: 0.4000
672/865 [======================>.......] - ETA: 1s - loss: 1.3723 - acc: 0.4033
704/865 [=======================>......] - ETA: 1s - loss: 1.3713 - acc: 0.4048
736/865 [========================>.....] - ETA: 1s - loss: 1.3682 - acc: 0.4076
768/865 [=========================>....] - ETA: 0s - loss: 1.3672 - acc: 0.4062
800/865 [==========================>...] - ETA: 0s - loss: 1.3650 - acc: 0.4038
832/865 [===========================>..] - ETA: 0s - loss: 1.3624 - acc: 0.4050
864/865 [============================>.] - ETA: 0s - loss: 1.3658 - acc: 0.4005
865/865 [==============================] - 8s 9ms/sample - loss: 1.3659 - acc: 0.4000

  32/3458 [..............................] - ETA: 2:48 - loss: 1.3016 - acc: 0.3750
  64/3458 [..............................] - ETA: 2:45 - loss: 1.3959 - acc: 0.2969
  96/3458 [..............................] - ETA: 2:43 - loss: 1.3954 - acc: 0.3021
 128/3458 [>.............................] - ETA: 2:42 - loss: 1.3617 - acc: 0.3438
 160/3458 [>.............................] - ETA: 2:40 - loss: 1.3763 - acc: 0.3500
 192/3458 [>.............................] - ETA: 2:39 - loss: 1.3709 - acc: 0.3594
 224/3458 [>.............................] - ETA: 2:37 - loss: 1.3617 - acc: 0.3750
 256/3458 [=>............................] - ETA: 2:37 - loss: 1.3494 - acc: 0.3867
 288/3458 [=>............................] - ETA: 2:35 - loss: 1.3533 - acc: 0.3785
 320/3458 [=>............................] - ETA: 2:34 - loss: 1.3489 - acc: 0.3844
 352/3458 [==>...........................] - ETA: 2:32 - loss: 1.3392 - acc: 0.3949
 384/3458 [==>...........................] - ETA: 2:31 - loss: 1.3378 - acc: 0.4010
 416/3458 [==>...........................] - ETA: 2:29 - loss: 1.3485 - acc: 0.4062
 448/3458 [==>...........................] - ETA: 2:27 - loss: 1.3484 - acc: 0.4062
 480/3458 [===>..........................] - ETA: 2:26 - loss: 1.3558 - acc: 0.3979
 512/3458 [===>..........................] - ETA: 2:24 - loss: 1.3500 - acc: 0.4141
 544/3458 [===>..........................] - ETA: 2:23 - loss: 1.3517 - acc: 0.4210
 576/3458 [===>..........................] - ETA: 2:21 - loss: 1.3477 - acc: 0.4219
 608/3458 [====>.........................] - ETA: 2:19 - loss: 1.3534 - acc: 0.4161
 640/3458 [====>.........................] - ETA: 2:18 - loss: 1.3502 - acc: 0.4141
 672/3458 [====>.........................] - ETA: 2:16 - loss: 1.3570 - acc: 0.4077
 704/3458 [=====>........................] - ETA: 2:15 - loss: 1.3520 - acc: 0.4105
 736/3458 [=====>........................] - ETA: 2:13 - loss: 1.3487 - acc: 0.4103
 768/3458 [=====>........................] - ETA: 2:12 - loss: 1.3426 - acc: 0.4128
 800/3458 [=====>........................] - ETA: 2:10 - loss: 1.3376 - acc: 0.4212
 832/3458 [======>.......................] - ETA: 2:08 - loss: 1.3501 - acc: 0.4243
 864/3458 [======>.......................] - ETA: 2:07 - loss: 1.3531 - acc: 0.4248
 896/3458 [======>.......................] - ETA: 2:05 - loss: 1.3567 - acc: 0.4252
 928/3458 [=======>......................] - ETA: 2:04 - loss: 1.3539 - acc: 0.4267
 960/3458 [=======>......................] - ETA: 2:02 - loss: 1.3509 - acc: 0.4323
 992/3458 [=======>......................] - ETA: 2:01 - loss: 1.3521 - acc: 0.4345
1024/3458 [=======>......................] - ETA: 1:59 - loss: 1.3506 - acc: 0.4355
1056/3458 [========>.....................] - ETA: 1:57 - loss: 1.3484 - acc: 0.4356
1088/3458 [========>.....................] - ETA: 1:56 - loss: 1.3492 - acc: 0.4347
1120/3458 [========>.....................] - ETA: 1:54 - loss: 1.3508 - acc: 0.4339
1152/3458 [========>.....................] - ETA: 1:53 - loss: 1.3559 - acc: 0.4306
1184/3458 [=========>....................] - ETA: 1:51 - loss: 1.3566 - acc: 0.4307
1216/3458 [=========>....................] - ETA: 1:49 - loss: 1.3573 - acc: 0.4260
1248/3458 [=========>....................] - ETA: 1:48 - loss: 1.3560 - acc: 0.4255
1280/3458 [==========>...................] - ETA: 1:46 - loss: 1.3604 - acc: 0.4250
1312/3458 [==========>...................] - ETA: 1:45 - loss: 1.3600 - acc: 0.4245
1344/3458 [==========>...................] - ETA: 1:43 - loss: 1.3582 - acc: 0.4249
1376/3458 [==========>...................] - ETA: 1:42 - loss: 1.3577 - acc: 0.4237
1408/3458 [===========>..................] - ETA: 1:40 - loss: 1.3564 - acc: 0.4226
1440/3458 [===========>..................] - ETA: 1:38 - loss: 1.3525 - acc: 0.4229
1472/3458 [===========>..................] - ETA: 1:37 - loss: 1.3560 - acc: 0.4212
1504/3458 [============>.................] - ETA: 1:35 - loss: 1.3566 - acc: 0.4182
1536/3458 [============>.................] - ETA: 1:34 - loss: 1.3583 - acc: 0.4160
1568/3458 [============>.................] - ETA: 1:32 - loss: 1.3588 - acc: 0.4158
1600/3458 [============>.................] - ETA: 1:31 - loss: 1.3596 - acc: 0.4137
1632/3458 [=============>................] - ETA: 1:29 - loss: 1.3623 - acc: 0.4124
1664/3458 [=============>................] - ETA: 1:27 - loss: 1.3620 - acc: 0.4111
1696/3458 [=============>................] - ETA: 1:26 - loss: 1.3575 - acc: 0.4127
1728/3458 [=============>................] - ETA: 1:24 - loss: 1.3578 - acc: 0.4120
1760/3458 [==============>...............] - ETA: 1:23 - loss: 1.3578 - acc: 0.4108
1792/3458 [==============>...............] - ETA: 1:21 - loss: 1.3585 - acc: 0.4096
1824/3458 [==============>...............] - ETA: 1:20 - loss: 1.3556 - acc: 0.4106
1856/3458 [===============>..............] - ETA: 1:18 - loss: 1.3582 - acc: 0.4111
1888/3458 [===============>..............] - ETA: 1:16 - loss: 1.3585 - acc: 0.4110
1920/3458 [===============>..............] - ETA: 1:15 - loss: 1.3584 - acc: 0.4109
1952/3458 [===============>..............] - ETA: 1:13 - loss: 1.3571 - acc: 0.4119
1984/3458 [================>.............] - ETA: 1:12 - loss: 1.3572 - acc: 0.4113
2016/3458 [================>.............] - ETA: 1:10 - loss: 1.3604 - acc: 0.4117
2048/3458 [================>.............] - ETA: 1:09 - loss: 1.3580 - acc: 0.4136
2080/3458 [=================>............] - ETA: 1:07 - loss: 1.3583 - acc: 0.4125
2112/3458 [=================>............] - ETA: 1:06 - loss: 1.3583 - acc: 0.4115
2144/3458 [=================>............] - ETA: 1:04 - loss: 1.3595 - acc: 0.4104
2176/3458 [=================>............] - ETA: 1:02 - loss: 1.3582 - acc: 0.4104
2208/3458 [==================>...........] - ETA: 1:01 - loss: 1.3577 - acc: 0.4117
2240/3458 [==================>...........] - ETA: 59s - loss: 1.3596 - acc: 0.4112 
2272/3458 [==================>...........] - ETA: 58s - loss: 1.3597 - acc: 0.4098
2304/3458 [==================>...........] - ETA: 56s - loss: 1.3585 - acc: 0.4106
2336/3458 [===================>..........] - ETA: 55s - loss: 1.3577 - acc: 0.4097
2368/3458 [===================>..........] - ETA: 53s - loss: 1.3560 - acc: 0.4109
2400/3458 [===================>..........] - ETA: 51s - loss: 1.3552 - acc: 0.4100
2432/3458 [====================>.........] - ETA: 50s - loss: 1.3555 - acc: 0.4091
2464/3458 [====================>.........] - ETA: 48s - loss: 1.3552 - acc: 0.4095
2496/3458 [====================>.........] - ETA: 47s - loss: 1.3559 - acc: 0.4091
2528/3458 [====================>.........] - ETA: 45s - loss: 1.3549 - acc: 0.4098
2560/3458 [=====================>........] - ETA: 44s - loss: 1.3559 - acc: 0.4086
2592/3458 [=====================>........] - ETA: 42s - loss: 1.3569 - acc: 0.4074
2624/3458 [=====================>........] - ETA: 40s - loss: 1.3575 - acc: 0.4074
2656/3458 [======================>.......] - ETA: 39s - loss: 1.3553 - acc: 0.4085
2688/3458 [======================>.......] - ETA: 37s - loss: 1.3540 - acc: 0.4096
2720/3458 [======================>.......] - ETA: 36s - loss: 1.3512 - acc: 0.4092
2752/3458 [======================>.......] - ETA: 34s - loss: 1.3503 - acc: 0.4088
2784/3458 [=======================>......] - ETA: 33s - loss: 1.3498 - acc: 0.4080
2816/3458 [=======================>......] - ETA: 31s - loss: 1.3477 - acc: 0.4102
2848/3458 [=======================>......] - ETA: 29s - loss: 1.3484 - acc: 0.4091
2880/3458 [=======================>......] - ETA: 28s - loss: 1.3492 - acc: 0.4080
2912/3458 [========================>.....] - ETA: 26s - loss: 1.3497 - acc: 0.4076
2944/3458 [========================>.....] - ETA: 25s - loss: 1.3501 - acc: 0.4076
2976/3458 [========================>.....] - ETA: 23s - loss: 1.3484 - acc: 0.4089
3008/3458 [=========================>....] - ETA: 22s - loss: 1.3455 - acc: 0.4099
3040/3458 [=========================>....] - ETA: 20s - loss: 1.3447 - acc: 0.4109
3072/3458 [=========================>....] - ETA: 18s - loss: 1.3431 - acc: 0.4134
3104/3458 [=========================>....] - ETA: 17s - loss: 1.3431 - acc: 0.4124
3136/3458 [==========================>...] - ETA: 15s - loss: 1.3425 - acc: 0.4110
3168/3458 [==========================>...] - ETA: 14s - loss: 1.3416 - acc: 0.4122
3200/3458 [==========================>...] - ETA: 12s - loss: 1.3395 - acc: 0.4134
3232/3458 [===========================>..] - ETA: 11s - loss: 1.3403 - acc: 0.4134
3264/3458 [===========================>..] - ETA: 9s - loss: 1.3403 - acc: 0.4127 
3296/3458 [===========================>..] - ETA: 7s - loss: 1.3388 - acc: 0.4132
3328/3458 [===========================>..] - ETA: 6s - loss: 1.3377 - acc: 0.4135
3360/3458 [============================>.] - ETA: 4s - loss: 1.3353 - acc: 0.4146
3392/3458 [============================>.] - ETA: 3s - loss: 1.3353 - acc: 0.4145
3424/3458 [============================>.] - ETA: 1s - loss: 1.3342 - acc: 0.4153
3456/3458 [============================>.] - ETA: 0s - loss: 1.3329 - acc: 0.4161
3458/3458 [==============================] - 170s 49ms/sample - loss: 1.3328 - acc: 0.4161

 32/865 [>.............................] - ETA: 7s - loss: 1.6941 - acc: 0.4062
 64/865 [=>............................] - ETA: 7s - loss: 1.4237 - acc: 0.5000
 96/865 [==>...........................] - ETA: 6s - loss: 1.3383 - acc: 0.5208
128/865 [===>..........................] - ETA: 6s - loss: 1.3059 - acc: 0.5156
160/865 [====>.........................] - ETA: 6s - loss: 1.2992 - acc: 0.5125
192/865 [=====>........................] - ETA: 6s - loss: 1.2739 - acc: 0.5052
224/865 [======>.......................] - ETA: 5s - loss: 1.2851 - acc: 0.4911
256/865 [=======>......................] - ETA: 5s - loss: 1.2642 - acc: 0.5000
288/865 [========>.....................] - ETA: 5s - loss: 1.2776 - acc: 0.5000
320/865 [==========>...................] - ETA: 4s - loss: 1.2841 - acc: 0.4781
352/865 [===========>..................] - ETA: 4s - loss: 1.2919 - acc: 0.4631
384/865 [============>.................] - ETA: 4s - loss: 1.2890 - acc: 0.4688
416/865 [=============>................] - ETA: 4s - loss: 1.3093 - acc: 0.4615
448/865 [==============>...............] - ETA: 3s - loss: 1.2974 - acc: 0.4621
480/865 [===============>..............] - ETA: 3s - loss: 1.2915 - acc: 0.4563
512/865 [================>.............] - ETA: 3s - loss: 1.2868 - acc: 0.4512
544/865 [=================>............] - ETA: 2s - loss: 1.2844 - acc: 0.4540
576/865 [==================>...........] - ETA: 2s - loss: 1.2924 - acc: 0.4514
608/865 [====================>.........] - ETA: 2s - loss: 1.3208 - acc: 0.4523
640/865 [=====================>........] - ETA: 2s - loss: 1.3430 - acc: 0.4500
672/865 [======================>.......] - ETA: 1s - loss: 1.3419 - acc: 0.4494
704/865 [=======================>......] - ETA: 1s - loss: 1.3392 - acc: 0.4474
736/865 [========================>.....] - ETA: 1s - loss: 1.3325 - acc: 0.4538
768/865 [=========================>....] - ETA: 0s - loss: 1.3272 - acc: 0.4544
800/865 [==========================>...] - ETA: 0s - loss: 1.3260 - acc: 0.4500
832/865 [===========================>..] - ETA: 0s - loss: 1.3225 - acc: 0.4519
864/865 [============================>.] - ETA: 0s - loss: 1.3234 - acc: 0.4479
865/865 [==============================] - 8s 9ms/sample - loss: 1.3237 - acc: 0.4474

  32/3458 [..............................] - ETA: 2:46 - loss: 1.4573 - acc: 0.4062
  64/3458 [..............................] - ETA: 2:44 - loss: 1.3355 - acc: 0.4219
  96/3458 [..............................] - ETA: 2:43 - loss: 1.3203 - acc: 0.4271
 128/3458 [>.............................] - ETA: 2:42 - loss: 1.2821 - acc: 0.4453
 160/3458 [>.............................] - ETA: 2:40 - loss: 1.3020 - acc: 0.4375
 192/3458 [>.............................] - ETA: 2:39 - loss: 1.3163 - acc: 0.4375
 224/3458 [>.............................] - ETA: 2:38 - loss: 1.2924 - acc: 0.4688
 256/3458 [=>............................] - ETA: 2:36 - loss: 1.3036 - acc: 0.4727
 288/3458 [=>............................] - ETA: 2:35 - loss: 1.3282 - acc: 0.4514
 320/3458 [=>............................] - ETA: 2:33 - loss: 1.3412 - acc: 0.4406
 352/3458 [==>...........................] - ETA: 2:32 - loss: 1.3273 - acc: 0.4489
 384/3458 [==>...........................] - ETA: 2:30 - loss: 1.3249 - acc: 0.4531
 416/3458 [==>...........................] - ETA: 2:29 - loss: 1.3205 - acc: 0.4495
 448/3458 [==>...........................] - ETA: 2:27 - loss: 1.3221 - acc: 0.4531
 480/3458 [===>..........................] - ETA: 2:26 - loss: 1.3272 - acc: 0.4417
 512/3458 [===>..........................] - ETA: 2:24 - loss: 1.3367 - acc: 0.4414
 544/3458 [===>..........................] - ETA: 2:22 - loss: 1.3393 - acc: 0.4320
 576/3458 [===>..........................] - ETA: 2:21 - loss: 1.3415 - acc: 0.4358
 608/3458 [====>.........................] - ETA: 2:20 - loss: 1.3424 - acc: 0.4309
 640/3458 [====>.........................] - ETA: 2:18 - loss: 1.3412 - acc: 0.4297
 672/3458 [====>.........................] - ETA: 2:16 - loss: 1.3329 - acc: 0.4301
 704/3458 [=====>........................] - ETA: 2:15 - loss: 1.3543 - acc: 0.4332
 736/3458 [=====>........................] - ETA: 2:13 - loss: 1.3525 - acc: 0.4389
 768/3458 [=====>........................] - ETA: 2:12 - loss: 1.3517 - acc: 0.4388
 800/3458 [=====>........................] - ETA: 2:10 - loss: 1.3409 - acc: 0.4475
 832/3458 [======>.......................] - ETA: 2:08 - loss: 1.3358 - acc: 0.4447
 864/3458 [======>.......................] - ETA: 2:07 - loss: 1.3251 - acc: 0.4514
 896/3458 [======>.......................] - ETA: 2:05 - loss: 1.3219 - acc: 0.4498
 928/3458 [=======>......................] - ETA: 2:04 - loss: 1.3207 - acc: 0.4504
 960/3458 [=======>......................] - ETA: 2:02 - loss: 1.3207 - acc: 0.4542
 992/3458 [=======>......................] - ETA: 2:00 - loss: 1.3210 - acc: 0.4486
1024/3458 [=======>......................] - ETA: 1:59 - loss: 1.3265 - acc: 0.4453
1056/3458 [========>.....................] - ETA: 1:57 - loss: 1.3265 - acc: 0.4451
1088/3458 [========>.....................] - ETA: 1:56 - loss: 1.3281 - acc: 0.4412
1120/3458 [========>.....................] - ETA: 1:54 - loss: 1.3324 - acc: 0.4366
1152/3458 [========>.....................] - ETA: 1:53 - loss: 1.3352 - acc: 0.4340
1184/3458 [=========>....................] - ETA: 1:51 - loss: 1.3367 - acc: 0.4316
1216/3458 [=========>....................] - ETA: 1:50 - loss: 1.3359 - acc: 0.4334
1248/3458 [=========>....................] - ETA: 1:48 - loss: 1.3394 - acc: 0.4319
1280/3458 [==========>...................] - ETA: 1:46 - loss: 1.3361 - acc: 0.4344
1312/3458 [==========>...................] - ETA: 1:45 - loss: 1.3413 - acc: 0.4299
1344/3458 [==========>...................] - ETA: 1:43 - loss: 1.3387 - acc: 0.4301
1376/3458 [==========>...................] - ETA: 1:42 - loss: 1.3359 - acc: 0.4302
1408/3458 [===========>..................] - ETA: 1:40 - loss: 1.3375 - acc: 0.4290
1440/3458 [===========>..................] - ETA: 1:39 - loss: 1.3365 - acc: 0.4264
1472/3458 [===========>..................] - ETA: 1:37 - loss: 1.3368 - acc: 0.4266
1504/3458 [============>.................] - ETA: 1:35 - loss: 1.3342 - acc: 0.4282
1536/3458 [============>.................] - ETA: 1:34 - loss: 1.3310 - acc: 0.4284
1568/3458 [============>.................] - ETA: 1:32 - loss: 1.3297 - acc: 0.4286
1600/3458 [============>.................] - ETA: 1:31 - loss: 1.3284 - acc: 0.4288
1632/3458 [=============>................] - ETA: 1:29 - loss: 1.3285 - acc: 0.4259
1664/3458 [=============>................] - ETA: 1:28 - loss: 1.3271 - acc: 0.4243
1696/3458 [=============>................] - ETA: 1:26 - loss: 1.3265 - acc: 0.4245
1728/3458 [=============>................] - ETA: 1:24 - loss: 1.3246 - acc: 0.4242
1760/3458 [==============>...............] - ETA: 1:23 - loss: 1.3281 - acc: 0.4222
1792/3458 [==============>...............] - ETA: 1:21 - loss: 1.3264 - acc: 0.4241
1824/3458 [==============>...............] - ETA: 1:20 - loss: 1.3259 - acc: 0.4271
1856/3458 [===============>..............] - ETA: 1:18 - loss: 1.3240 - acc: 0.4289
1888/3458 [===============>..............] - ETA: 1:17 - loss: 1.3214 - acc: 0.4280
1920/3458 [===============>..............] - ETA: 1:15 - loss: 1.3193 - acc: 0.4286
1952/3458 [===============>..............] - ETA: 1:13 - loss: 1.3178 - acc: 0.4293
1984/3458 [================>.............] - ETA: 1:12 - loss: 1.3191 - acc: 0.4299
2016/3458 [================>.............] - ETA: 1:10 - loss: 1.3168 - acc: 0.4315
2048/3458 [================>.............] - ETA: 1:09 - loss: 1.3159 - acc: 0.4321
2080/3458 [=================>............] - ETA: 1:07 - loss: 1.3131 - acc: 0.4341
2112/3458 [=================>............] - ETA: 1:06 - loss: 1.3130 - acc: 0.4342
2144/3458 [=================>............] - ETA: 1:04 - loss: 1.3115 - acc: 0.4352
2176/3458 [=================>............] - ETA: 1:02 - loss: 1.3114 - acc: 0.4357
2208/3458 [==================>...........] - ETA: 1:01 - loss: 1.3119 - acc: 0.4343
2240/3458 [==================>...........] - ETA: 59s - loss: 1.3139 - acc: 0.4344 
2272/3458 [==================>...........] - ETA: 58s - loss: 1.3119 - acc: 0.4335
2304/3458 [==================>...........] - ETA: 56s - loss: 1.3117 - acc: 0.4327
2336/3458 [===================>..........] - ETA: 55s - loss: 1.3091 - acc: 0.4341
2368/3458 [===================>..........] - ETA: 53s - loss: 1.3072 - acc: 0.4354
2400/3458 [===================>..........] - ETA: 51s - loss: 1.3061 - acc: 0.4354
2432/3458 [====================>.........] - ETA: 50s - loss: 1.3048 - acc: 0.4338
2464/3458 [====================>.........] - ETA: 48s - loss: 1.3034 - acc: 0.4359
2496/3458 [====================>.........] - ETA: 47s - loss: 1.3042 - acc: 0.4359
2528/3458 [====================>.........] - ETA: 45s - loss: 1.3031 - acc: 0.4363
2560/3458 [=====================>........] - ETA: 44s - loss: 1.3023 - acc: 0.4363
2592/3458 [=====================>........] - ETA: 42s - loss: 1.3003 - acc: 0.4371
2624/3458 [=====================>........] - ETA: 40s - loss: 1.3006 - acc: 0.4383
2656/3458 [======================>.......] - ETA: 39s - loss: 1.2985 - acc: 0.4390
2688/3458 [======================>.......] - ETA: 37s - loss: 1.2984 - acc: 0.4375
2720/3458 [======================>.......] - ETA: 36s - loss: 1.2972 - acc: 0.4386
2752/3458 [======================>.......] - ETA: 34s - loss: 1.2966 - acc: 0.4397
2784/3458 [=======================>......] - ETA: 33s - loss: 1.2952 - acc: 0.4397
2816/3458 [=======================>......] - ETA: 31s - loss: 1.2936 - acc: 0.4400
2848/3458 [=======================>......] - ETA: 29s - loss: 1.2930 - acc: 0.4382
2880/3458 [=======================>......] - ETA: 28s - loss: 1.2959 - acc: 0.4365
2912/3458 [========================>.....] - ETA: 26s - loss: 1.2989 - acc: 0.4351
2944/3458 [========================>.....] - ETA: 25s - loss: 1.3009 - acc: 0.4344
2976/3458 [========================>.....] - ETA: 23s - loss: 1.2991 - acc: 0.4365
3008/3458 [=========================>....] - ETA: 22s - loss: 1.2995 - acc: 0.4355
3040/3458 [=========================>....] - ETA: 20s - loss: 1.3002 - acc: 0.4345
3072/3458 [=========================>....] - ETA: 18s - loss: 1.3001 - acc: 0.4346
3104/3458 [=========================>....] - ETA: 17s - loss: 1.2990 - acc: 0.4352
3136/3458 [==========================>...] - ETA: 15s - loss: 1.2988 - acc: 0.4337
3168/3458 [==========================>...] - ETA: 14s - loss: 1.2976 - acc: 0.4340
3200/3458 [==========================>...] - ETA: 12s - loss: 1.2971 - acc: 0.4338
3232/3458 [===========================>..] - ETA: 11s - loss: 1.2976 - acc: 0.4341
3264/3458 [===========================>..] - ETA: 9s - loss: 1.2966 - acc: 0.4357 
3296/3458 [===========================>..] - ETA: 7s - loss: 1.2974 - acc: 0.4345
3328/3458 [===========================>..] - ETA: 6s - loss: 1.2981 - acc: 0.4351
3360/3458 [============================>.] - ETA: 4s - loss: 1.2981 - acc: 0.4348
3392/3458 [============================>.] - ETA: 3s - loss: 1.2977 - acc: 0.4348
3424/3458 [============================>.] - ETA: 1s - loss: 1.2997 - acc: 0.4325
3456/3458 [============================>.] - ETA: 0s - loss: 1.2999 - acc: 0.4323
3458/3458 [==============================] - 170s 49ms/sample - loss: 1.3000 - acc: 0.4320

 32/865 [>.............................] - ETA: 7s - loss: 1.5105 - acc: 0.3750
 64/865 [=>............................] - ETA: 7s - loss: 1.2735 - acc: 0.5000
 96/865 [==>...........................] - ETA: 6s - loss: 1.2342 - acc: 0.4896
128/865 [===>..........................] - ETA: 6s - loss: 1.2141 - acc: 0.4922
160/865 [====>.........................] - ETA: 6s - loss: 1.2115 - acc: 0.4938
192/865 [=====>........................] - ETA: 5s - loss: 1.1957 - acc: 0.4896
224/865 [======>.......................] - ETA: 5s - loss: 1.2082 - acc: 0.4821
256/865 [=======>......................] - ETA: 5s - loss: 1.2057 - acc: 0.4805
288/865 [========>.....................] - ETA: 5s - loss: 1.2139 - acc: 0.4826
320/865 [==========>...................] - ETA: 4s - loss: 1.2184 - acc: 0.4656
352/865 [===========>..................] - ETA: 4s - loss: 1.2309 - acc: 0.4574
384/865 [============>.................] - ETA: 4s - loss: 1.2314 - acc: 0.4609
416/865 [=============>................] - ETA: 4s - loss: 1.2526 - acc: 0.4495
448/865 [==============>...............] - ETA: 3s - loss: 1.2433 - acc: 0.4487
480/865 [===============>..............] - ETA: 3s - loss: 1.2394 - acc: 0.4479
512/865 [================>.............] - ETA: 3s - loss: 1.2393 - acc: 0.4395
544/865 [=================>............] - ETA: 2s - loss: 1.2374 - acc: 0.4449
576/865 [==================>...........] - ETA: 2s - loss: 1.2426 - acc: 0.4462
608/865 [====================>.........] - ETA: 2s - loss: 1.2645 - acc: 0.4490
640/865 [=====================>........] - ETA: 2s - loss: 1.2784 - acc: 0.4500
672/865 [======================>.......] - ETA: 1s - loss: 1.2768 - acc: 0.4509
704/865 [=======================>......] - ETA: 1s - loss: 1.2729 - acc: 0.4474
736/865 [========================>.....] - ETA: 1s - loss: 1.2668 - acc: 0.4538
768/865 [=========================>....] - ETA: 0s - loss: 1.2647 - acc: 0.4518
800/865 [==========================>...] - ETA: 0s - loss: 1.2633 - acc: 0.4475
832/865 [===========================>..] - ETA: 0s - loss: 1.2601 - acc: 0.4507
864/865 [============================>.] - ETA: 0s - loss: 1.2639 - acc: 0.4468
865/865 [==============================] - 8s 9ms/sample - loss: 1.2641 - acc: 0.4462

  32/3458 [..............................] - ETA: 2:41 - loss: 1.2119 - acc: 0.4688
  64/3458 [..............................] - ETA: 2:43 - loss: 1.3125 - acc: 0.4219
  96/3458 [..............................] - ETA: 2:43 - loss: 1.3227 - acc: 0.4167
 128/3458 [>.............................] - ETA: 2:41 - loss: 1.3007 - acc: 0.4453
 160/3458 [>.............................] - ETA: 2:39 - loss: 1.2808 - acc: 0.4375
 192/3458 [>.............................] - ETA: 2:38 - loss: 1.2410 - acc: 0.4688
 224/3458 [>.............................] - ETA: 2:37 - loss: 1.2625 - acc: 0.4509
 256/3458 [=>............................] - ETA: 2:36 - loss: 1.2859 - acc: 0.4414
 288/3458 [=>............................] - ETA: 2:35 - loss: 1.2944 - acc: 0.4271
 320/3458 [=>............................] - ETA: 2:33 - loss: 1.2857 - acc: 0.4250
 352/3458 [==>...........................] - ETA: 2:31 - loss: 1.2604 - acc: 0.4432
 384/3458 [==>...........................] - ETA: 2:30 - loss: 1.2459 - acc: 0.4583
 416/3458 [==>...........................] - ETA: 2:28 - loss: 1.2419 - acc: 0.4519
 448/3458 [==>...........................] - ETA: 2:27 - loss: 1.2442 - acc: 0.4442
 480/3458 [===>..........................] - ETA: 2:25 - loss: 1.2475 - acc: 0.4479
 512/3458 [===>..........................] - ETA: 2:24 - loss: 1.2478 - acc: 0.4473
 544/3458 [===>..........................] - ETA: 2:22 - loss: 1.2479 - acc: 0.4540
 576/3458 [===>..........................] - ETA: 2:21 - loss: 1.2466 - acc: 0.4566
 608/3458 [====>.........................] - ETA: 2:19 - loss: 1.2457 - acc: 0.4655
 640/3458 [====>.........................] - ETA: 2:17 - loss: 1.2484 - acc: 0.4688
 672/3458 [====>.........................] - ETA: 2:16 - loss: 1.2458 - acc: 0.4658
 704/3458 [=====>........................] - ETA: 2:14 - loss: 1.2395 - acc: 0.4645
 736/3458 [=====>........................] - ETA: 2:13 - loss: 1.2401 - acc: 0.4633
 768/3458 [=====>........................] - ETA: 2:11 - loss: 1.2393 - acc: 0.4622
 800/3458 [=====>........................] - ETA: 2:10 - loss: 1.2475 - acc: 0.4638
 832/3458 [======>.......................] - ETA: 2:08 - loss: 1.2481 - acc: 0.4651
 864/3458 [======>.......................] - ETA: 2:06 - loss: 1.2503 - acc: 0.4618
 896/3458 [======>.......................] - ETA: 2:05 - loss: 1.2468 - acc: 0.4643
 928/3458 [=======>......................] - ETA: 2:03 - loss: 1.2521 - acc: 0.4623
 960/3458 [=======>......................] - ETA: 2:02 - loss: 1.2583 - acc: 0.4635
 992/3458 [=======>......................] - ETA: 2:00 - loss: 1.2502 - acc: 0.4677
1024/3458 [=======>......................] - ETA: 1:59 - loss: 1.2575 - acc: 0.4639
1056/3458 [========>.....................] - ETA: 1:57 - loss: 1.2634 - acc: 0.4621
1088/3458 [========>.....................] - ETA: 1:55 - loss: 1.2610 - acc: 0.4642
1120/3458 [========>.....................] - ETA: 1:54 - loss: 1.2612 - acc: 0.4643
1152/3458 [========>.....................] - ETA: 1:52 - loss: 1.2685 - acc: 0.4618
1184/3458 [=========>....................] - ETA: 1:51 - loss: 1.2687 - acc: 0.4637
1216/3458 [=========>....................] - ETA: 1:49 - loss: 1.2734 - acc: 0.4630
1248/3458 [=========>....................] - ETA: 1:48 - loss: 1.2694 - acc: 0.4639
1280/3458 [==========>...................] - ETA: 1:46 - loss: 1.2660 - acc: 0.4625
1312/3458 [==========>...................] - ETA: 1:45 - loss: 1.2614 - acc: 0.4642
1344/3458 [==========>...................] - ETA: 1:43 - loss: 1.2681 - acc: 0.4673
1376/3458 [==========>...................] - ETA: 1:41 - loss: 1.2684 - acc: 0.4666
1408/3458 [===========>..................] - ETA: 1:40 - loss: 1.2684 - acc: 0.4645
1440/3458 [===========>..................] - ETA: 1:38 - loss: 1.2677 - acc: 0.4681
1472/3458 [===========>..................] - ETA: 1:37 - loss: 1.2628 - acc: 0.4721
1504/3458 [============>.................] - ETA: 1:35 - loss: 1.2610 - acc: 0.4747
1536/3458 [============>.................] - ETA: 1:34 - loss: 1.2603 - acc: 0.4753
1568/3458 [============>.................] - ETA: 1:32 - loss: 1.2561 - acc: 0.4770
1600/3458 [============>.................] - ETA: 1:30 - loss: 1.2541 - acc: 0.4787
1632/3458 [=============>................] - ETA: 1:29 - loss: 1.2533 - acc: 0.4798
1664/3458 [=============>................] - ETA: 1:27 - loss: 1.2529 - acc: 0.4784
1696/3458 [=============>................] - ETA: 1:26 - loss: 1.2498 - acc: 0.4794
1728/3458 [=============>................] - ETA: 1:24 - loss: 1.2490 - acc: 0.4797
1760/3458 [==============>...............] - ETA: 1:23 - loss: 1.2468 - acc: 0.4795
1792/3458 [==============>...............] - ETA: 1:21 - loss: 1.2543 - acc: 0.4771
1824/3458 [==============>...............] - ETA: 1:20 - loss: 1.2536 - acc: 0.4775
1856/3458 [===============>..............] - ETA: 1:18 - loss: 1.2541 - acc: 0.4784
1888/3458 [===============>..............] - ETA: 1:16 - loss: 1.2546 - acc: 0.4783
1920/3458 [===============>..............] - ETA: 1:15 - loss: 1.2549 - acc: 0.4776
1952/3458 [===============>..............] - ETA: 1:13 - loss: 1.2547 - acc: 0.4775
1984/3458 [================>.............] - ETA: 1:12 - loss: 1.2534 - acc: 0.4793
2016/3458 [================>.............] - ETA: 1:10 - loss: 1.2542 - acc: 0.4787
2048/3458 [================>.............] - ETA: 1:09 - loss: 1.2550 - acc: 0.4785
2080/3458 [=================>............] - ETA: 1:07 - loss: 1.2545 - acc: 0.4784
2112/3458 [=================>............] - ETA: 1:05 - loss: 1.2543 - acc: 0.4796
2144/3458 [=================>............] - ETA: 1:04 - loss: 1.2526 - acc: 0.4795
2176/3458 [=================>............] - ETA: 1:02 - loss: 1.2517 - acc: 0.4793
2208/3458 [==================>...........] - ETA: 1:01 - loss: 1.2479 - acc: 0.4814
2240/3458 [==================>...........] - ETA: 59s - loss: 1.2479 - acc: 0.4817 
2272/3458 [==================>...........] - ETA: 58s - loss: 1.2455 - acc: 0.4837
2304/3458 [==================>...........] - ETA: 56s - loss: 1.2436 - acc: 0.4865
2336/3458 [===================>..........] - ETA: 54s - loss: 1.2418 - acc: 0.4872
2368/3458 [===================>..........] - ETA: 53s - loss: 1.2403 - acc: 0.4869
2400/3458 [===================>..........] - ETA: 51s - loss: 1.2435 - acc: 0.4863
2432/3458 [====================>.........] - ETA: 50s - loss: 1.2476 - acc: 0.4873
2464/3458 [====================>.........] - ETA: 48s - loss: 1.2465 - acc: 0.4874
2496/3458 [====================>.........] - ETA: 47s - loss: 1.2469 - acc: 0.4876
2528/3458 [====================>.........] - ETA: 45s - loss: 1.2455 - acc: 0.4877
2560/3458 [=====================>........] - ETA: 43s - loss: 1.2421 - acc: 0.4895
2592/3458 [=====================>........] - ETA: 42s - loss: 1.2437 - acc: 0.4880
2624/3458 [=====================>........] - ETA: 40s - loss: 1.2421 - acc: 0.4870
2656/3458 [======================>.......] - ETA: 39s - loss: 1.2418 - acc: 0.4868
2688/3458 [======================>.......] - ETA: 37s - loss: 1.2429 - acc: 0.4855
2720/3458 [======================>.......] - ETA: 36s - loss: 1.2415 - acc: 0.4864
2752/3458 [======================>.......] - ETA: 34s - loss: 1.2410 - acc: 0.4851
2784/3458 [=======================>......] - ETA: 33s - loss: 1.2419 - acc: 0.4842
2816/3458 [=======================>......] - ETA: 31s - loss: 1.2391 - acc: 0.4858
2848/3458 [=======================>......] - ETA: 29s - loss: 1.2370 - acc: 0.4863
2880/3458 [=======================>......] - ETA: 28s - loss: 1.2382 - acc: 0.4872
2912/3458 [========================>.....] - ETA: 26s - loss: 1.2361 - acc: 0.4880
2944/3458 [========================>.....] - ETA: 25s - loss: 1.2345 - acc: 0.4891
2976/3458 [========================>.....] - ETA: 23s - loss: 1.2393 - acc: 0.4896
3008/3458 [=========================>....] - ETA: 22s - loss: 1.2394 - acc: 0.4897
3040/3458 [=========================>....] - ETA: 20s - loss: 1.2374 - acc: 0.4914
3072/3458 [=========================>....] - ETA: 18s - loss: 1.2344 - acc: 0.4932
3104/3458 [=========================>....] - ETA: 17s - loss: 1.2328 - acc: 0.4936
3136/3458 [==========================>...] - ETA: 15s - loss: 1.2325 - acc: 0.4943
3168/3458 [==========================>...] - ETA: 14s - loss: 1.2324 - acc: 0.4934
3200/3458 [==========================>...] - ETA: 12s - loss: 1.2297 - acc: 0.4944
3232/3458 [===========================>..] - ETA: 11s - loss: 1.2320 - acc: 0.4935
3264/3458 [===========================>..] - ETA: 9s - loss: 1.2320 - acc: 0.4930 
3296/3458 [===========================>..] - ETA: 7s - loss: 1.2321 - acc: 0.4927
3328/3458 [===========================>..] - ETA: 6s - loss: 1.2343 - acc: 0.4919
3360/3458 [============================>.] - ETA: 4s - loss: 1.2342 - acc: 0.4917
3392/3458 [============================>.] - ETA: 3s - loss: 1.2345 - acc: 0.4912
3424/3458 [============================>.] - ETA: 1s - loss: 1.2341 - acc: 0.4915
3456/3458 [============================>.] - ETA: 0s - loss: 1.2342 - acc: 0.4919
3458/3458 [==============================] - 170s 49ms/sample - loss: 1.2344 - acc: 0.4916

 32/865 [>.............................] - ETA: 7s - loss: 1.2591 - acc: 0.3750
 64/865 [=>............................] - ETA: 7s - loss: 1.1048 - acc: 0.5000
 96/865 [==>...........................] - ETA: 7s - loss: 1.1024 - acc: 0.5104
128/865 [===>..........................] - ETA: 6s - loss: 1.1059 - acc: 0.4844
160/865 [====>.........................] - ETA: 6s - loss: 1.1170 - acc: 0.5000
192/865 [=====>........................] - ETA: 6s - loss: 1.1165 - acc: 0.4948
224/865 [======>.......................] - ETA: 5s - loss: 1.1225 - acc: 0.5045
256/865 [=======>......................] - ETA: 5s - loss: 1.1321 - acc: 0.4961
288/865 [========>.....................] - ETA: 5s - loss: 1.1345 - acc: 0.4965
320/865 [==========>...................] - ETA: 4s - loss: 1.1311 - acc: 0.4844
352/865 [===========>..................] - ETA: 4s - loss: 1.1259 - acc: 0.4886
384/865 [============>.................] - ETA: 4s - loss: 1.1290 - acc: 0.4818
416/865 [=============>................] - ETA: 4s - loss: 1.1452 - acc: 0.4808
448/865 [==============>...............] - ETA: 3s - loss: 1.1501 - acc: 0.4732
480/865 [===============>..............] - ETA: 3s - loss: 1.1560 - acc: 0.4729
512/865 [================>.............] - ETA: 3s - loss: 1.1620 - acc: 0.4727
544/865 [=================>............] - ETA: 2s - loss: 1.1600 - acc: 0.4798
576/865 [==================>...........] - ETA: 2s - loss: 1.1650 - acc: 0.4826
608/865 [====================>.........] - ETA: 2s - loss: 1.1760 - acc: 0.4819
640/865 [=====================>........] - ETA: 2s - loss: 1.1754 - acc: 0.4859
672/865 [======================>.......] - ETA: 1s - loss: 1.1747 - acc: 0.4836
704/865 [=======================>......] - ETA: 1s - loss: 1.1670 - acc: 0.4844
736/865 [========================>.....] - ETA: 1s - loss: 1.1604 - acc: 0.4905
768/865 [=========================>....] - ETA: 0s - loss: 1.1558 - acc: 0.4987
800/865 [==========================>...] - ETA: 0s - loss: 1.1537 - acc: 0.5000
832/865 [===========================>..] - ETA: 0s - loss: 1.1413 - acc: 0.5072
864/865 [============================>.] - ETA: 0s - loss: 1.1451 - acc: 0.5058
865/865 [==============================] - 8s 9ms/sample - loss: 1.1454 - acc: 0.5052
