For Dropout_1=0.9 Dropout_2=0.9
daisy loaded
dandelion loaded
rose loaded
sunflower loaded
tulip loaded

  32/3458 [..............................] - ETA: 3:07 - loss: 1.5415 - acc: 0.3750
  64/3458 [..............................] - ETA: 2:58 - loss: 2.7858 - acc: 0.3281
  96/3458 [..............................] - ETA: 2:52 - loss: 3.6446 - acc: 0.2604
 128/3458 [>.............................] - ETA: 2:48 - loss: 3.5227 - acc: 0.2578
 160/3458 [>.............................] - ETA: 2:46 - loss: 3.2135 - acc: 0.2562
 192/3458 [>.............................] - ETA: 2:43 - loss: 2.9606 - acc: 0.2344
 224/3458 [>.............................] - ETA: 2:41 - loss: 2.7684 - acc: 0.2188
 256/3458 [=>............................] - ETA: 2:40 - loss: 2.6216 - acc: 0.2227
 288/3458 [=>............................] - ETA: 2:38 - loss: 2.5053 - acc: 0.2326
 320/3458 [=>............................] - ETA: 2:36 - loss: 2.4149 - acc: 0.2406
 352/3458 [==>...........................] - ETA: 2:34 - loss: 2.3407 - acc: 0.2358
 384/3458 [==>...........................] - ETA: 2:32 - loss: 2.2809 - acc: 0.2344
 416/3458 [==>...........................] - ETA: 2:31 - loss: 2.2225 - acc: 0.2452
 448/3458 [==>...........................] - ETA: 2:29 - loss: 2.1782 - acc: 0.2366
 480/3458 [===>..........................] - ETA: 2:27 - loss: 2.1440 - acc: 0.2354
 512/3458 [===>..........................] - ETA: 2:26 - loss: 2.1060 - acc: 0.2441
 544/3458 [===>..........................] - ETA: 2:24 - loss: 2.0752 - acc: 0.2463
 576/3458 [===>..........................] - ETA: 2:22 - loss: 2.0497 - acc: 0.2483
 608/3458 [====>.........................] - ETA: 2:21 - loss: 2.0232 - acc: 0.2549
 640/3458 [====>.........................] - ETA: 2:19 - loss: 1.9981 - acc: 0.2547
 672/3458 [====>.........................] - ETA: 2:18 - loss: 1.9747 - acc: 0.2545
 704/3458 [=====>........................] - ETA: 2:16 - loss: 1.9596 - acc: 0.2472
 736/3458 [=====>........................] - ETA: 2:14 - loss: 1.9400 - acc: 0.2486
 768/3458 [=====>........................] - ETA: 2:13 - loss: 1.9233 - acc: 0.2448
 800/3458 [=====>........................] - ETA: 2:11 - loss: 1.9074 - acc: 0.2463
 832/3458 [======>.......................] - ETA: 2:09 - loss: 1.8914 - acc: 0.2524
 864/3458 [======>.......................] - ETA: 2:08 - loss: 1.8810 - acc: 0.2512
 896/3458 [======>.......................] - ETA: 2:06 - loss: 1.8686 - acc: 0.2500
 928/3458 [=======>......................] - ETA: 2:05 - loss: 1.8563 - acc: 0.2511
 960/3458 [=======>......................] - ETA: 2:03 - loss: 1.8458 - acc: 0.2521
 992/3458 [=======>......................] - ETA: 2:02 - loss: 1.8338 - acc: 0.2520
1024/3458 [=======>......................] - ETA: 2:00 - loss: 1.8248 - acc: 0.2539
1056/3458 [========>.....................] - ETA: 1:58 - loss: 1.8116 - acc: 0.2604
1088/3458 [========>.....................] - ETA: 1:57 - loss: 1.8019 - acc: 0.2647
1120/3458 [========>.....................] - ETA: 1:55 - loss: 1.7937 - acc: 0.2661
1152/3458 [========>.....................] - ETA: 1:53 - loss: 1.7839 - acc: 0.2691
1184/3458 [=========>....................] - ETA: 1:52 - loss: 1.7758 - acc: 0.2736
1216/3458 [=========>....................] - ETA: 1:50 - loss: 1.7655 - acc: 0.2780
1248/3458 [=========>....................] - ETA: 1:49 - loss: 1.7588 - acc: 0.2788
1280/3458 [==========>...................] - ETA: 1:47 - loss: 1.7496 - acc: 0.2820
1312/3458 [==========>...................] - ETA: 1:46 - loss: 1.7429 - acc: 0.2851
1344/3458 [==========>...................] - ETA: 1:44 - loss: 1.7382 - acc: 0.2842
1376/3458 [==========>...................] - ETA: 1:42 - loss: 1.7348 - acc: 0.2842
1408/3458 [===========>..................] - ETA: 1:41 - loss: 1.7283 - acc: 0.2876
1440/3458 [===========>..................] - ETA: 1:39 - loss: 1.7228 - acc: 0.2896
1472/3458 [===========>..................] - ETA: 1:38 - loss: 1.7165 - acc: 0.2928
1504/3458 [============>.................] - ETA: 1:36 - loss: 1.7132 - acc: 0.2959
1536/3458 [============>.................] - ETA: 1:34 - loss: 1.7086 - acc: 0.2969
1568/3458 [============>.................] - ETA: 1:33 - loss: 1.7047 - acc: 0.2997
1600/3458 [============>.................] - ETA: 1:31 - loss: 1.6989 - acc: 0.3013
1632/3458 [=============>................] - ETA: 1:30 - loss: 1.6927 - acc: 0.3015
1664/3458 [=============>................] - ETA: 1:28 - loss: 1.6873 - acc: 0.3047
1696/3458 [=============>................] - ETA: 1:27 - loss: 1.6837 - acc: 0.3048
1728/3458 [=============>................] - ETA: 1:25 - loss: 1.6808 - acc: 0.3067
1760/3458 [==============>...............] - ETA: 1:23 - loss: 1.6762 - acc: 0.3097
1792/3458 [==============>...............] - ETA: 1:22 - loss: 1.6742 - acc: 0.3075
1824/3458 [==============>...............] - ETA: 1:20 - loss: 1.6716 - acc: 0.3070
1856/3458 [===============>..............] - ETA: 1:19 - loss: 1.6694 - acc: 0.3082
1888/3458 [===============>..............] - ETA: 1:17 - loss: 1.6661 - acc: 0.3120
1920/3458 [===============>..............] - ETA: 1:15 - loss: 1.6631 - acc: 0.3135
1952/3458 [===============>..............] - ETA: 1:14 - loss: 1.6600 - acc: 0.3145
1984/3458 [================>.............] - ETA: 1:12 - loss: 1.6572 - acc: 0.3140
2016/3458 [================>.............] - ETA: 1:11 - loss: 1.6547 - acc: 0.3155
2048/3458 [================>.............] - ETA: 1:09 - loss: 1.6525 - acc: 0.3188
2080/3458 [=================>............] - ETA: 1:08 - loss: 1.6496 - acc: 0.3192
2112/3458 [=================>............] - ETA: 1:06 - loss: 1.6496 - acc: 0.3187
2144/3458 [=================>............] - ETA: 1:04 - loss: 1.6471 - acc: 0.3176
2176/3458 [=================>............] - ETA: 1:03 - loss: 1.6437 - acc: 0.3189
2208/3458 [==================>...........] - ETA: 1:01 - loss: 1.6405 - acc: 0.3193
2240/3458 [==================>...........] - ETA: 1:00 - loss: 1.6376 - acc: 0.3201
2272/3458 [==================>...........] - ETA: 58s - loss: 1.6348 - acc: 0.3222 
2304/3458 [==================>...........] - ETA: 56s - loss: 1.6324 - acc: 0.3216
2336/3458 [===================>..........] - ETA: 55s - loss: 1.6317 - acc: 0.3211
2368/3458 [===================>..........] - ETA: 53s - loss: 1.6284 - acc: 0.3247
2400/3458 [===================>..........] - ETA: 52s - loss: 1.6226 - acc: 0.3279
2432/3458 [====================>.........] - ETA: 50s - loss: 1.6214 - acc: 0.3289
2464/3458 [====================>.........] - ETA: 49s - loss: 1.6198 - acc: 0.3287
2496/3458 [====================>.........] - ETA: 47s - loss: 1.6179 - acc: 0.3289
2528/3458 [====================>.........] - ETA: 45s - loss: 1.6205 - acc: 0.3275
2560/3458 [=====================>........] - ETA: 44s - loss: 1.6192 - acc: 0.3273
2592/3458 [=====================>........] - ETA: 42s - loss: 1.6187 - acc: 0.3272
2624/3458 [=====================>........] - ETA: 41s - loss: 1.6163 - acc: 0.3277
2656/3458 [======================>.......] - ETA: 39s - loss: 1.6155 - acc: 0.3268
2688/3458 [======================>.......] - ETA: 37s - loss: 1.6144 - acc: 0.3278
2720/3458 [======================>.......] - ETA: 36s - loss: 1.6128 - acc: 0.3279
2752/3458 [======================>.......] - ETA: 34s - loss: 1.6116 - acc: 0.3292
2784/3458 [=======================>......] - ETA: 33s - loss: 1.6111 - acc: 0.3297
2816/3458 [=======================>......] - ETA: 31s - loss: 1.6092 - acc: 0.3303
2848/3458 [=======================>......] - ETA: 30s - loss: 1.6081 - acc: 0.3308
2880/3458 [=======================>......] - ETA: 28s - loss: 1.6056 - acc: 0.3309
2912/3458 [========================>.....] - ETA: 26s - loss: 1.6053 - acc: 0.3297
2944/3458 [========================>.....] - ETA: 25s - loss: 1.6054 - acc: 0.3288
2976/3458 [========================>.....] - ETA: 23s - loss: 1.6045 - acc: 0.3286
3008/3458 [=========================>....] - ETA: 22s - loss: 1.6033 - acc: 0.3291
3040/3458 [=========================>....] - ETA: 20s - loss: 1.6043 - acc: 0.3299
3072/3458 [=========================>....] - ETA: 19s - loss: 1.6018 - acc: 0.3311
3104/3458 [=========================>....] - ETA: 17s - loss: 1.6004 - acc: 0.3331
3136/3458 [==========================>...] - ETA: 15s - loss: 1.6000 - acc: 0.3326
3168/3458 [==========================>...] - ETA: 14s - loss: 1.5989 - acc: 0.3330
3200/3458 [==========================>...] - ETA: 12s - loss: 1.5970 - acc: 0.3344
3232/3458 [===========================>..] - ETA: 11s - loss: 1.5959 - acc: 0.3357
3264/3458 [===========================>..] - ETA: 9s - loss: 1.5941 - acc: 0.3352 
3296/3458 [===========================>..] - ETA: 7s - loss: 1.5913 - acc: 0.3356
3328/3458 [===========================>..] - ETA: 6s - loss: 1.5901 - acc: 0.3359
3360/3458 [============================>.] - ETA: 4s - loss: 1.5880 - acc: 0.3366
3392/3458 [============================>.] - ETA: 3s - loss: 1.5874 - acc: 0.3370
3424/3458 [============================>.] - ETA: 1s - loss: 1.5856 - acc: 0.3382
3456/3458 [============================>.] - ETA: 0s - loss: 1.5839 - acc: 0.3400
3458/3458 [==============================] - 171s 50ms/sample - loss: 1.5839 - acc: 0.3398

 32/865 [>.............................] - ETA: 8s - loss: 1.7804 - acc: 0.3750
 64/865 [=>............................] - ETA: 7s - loss: 1.6012 - acc: 0.3750
 96/865 [==>...........................] - ETA: 6s - loss: 1.5659 - acc: 0.3438
128/865 [===>..........................] - ETA: 6s - loss: 1.5203 - acc: 0.3594
160/865 [====>.........................] - ETA: 6s - loss: 1.5238 - acc: 0.3625
192/865 [=====>........................] - ETA: 6s - loss: 1.4994 - acc: 0.3594
224/865 [======>.......................] - ETA: 5s - loss: 1.4967 - acc: 0.3616
256/865 [=======>......................] - ETA: 5s - loss: 1.4845 - acc: 0.4062
288/865 [========>.....................] - ETA: 5s - loss: 1.4806 - acc: 0.4097
320/865 [==========>...................] - ETA: 4s - loss: 1.4930 - acc: 0.3938
352/865 [===========>..................] - ETA: 4s - loss: 1.4758 - acc: 0.4034
384/865 [============>.................] - ETA: 4s - loss: 1.4619 - acc: 0.4141
416/865 [=============>................] - ETA: 4s - loss: 1.4507 - acc: 0.4207
448/865 [==============>...............] - ETA: 3s - loss: 1.4453 - acc: 0.4174
480/865 [===============>..............] - ETA: 3s - loss: 1.4468 - acc: 0.4208
512/865 [================>.............] - ETA: 3s - loss: 1.4399 - acc: 0.4238
544/865 [=================>............] - ETA: 2s - loss: 1.4345 - acc: 0.4265
576/865 [==================>...........] - ETA: 2s - loss: 1.4229 - acc: 0.4340
608/865 [====================>.........] - ETA: 2s - loss: 1.4305 - acc: 0.4342
640/865 [=====================>........] - ETA: 2s - loss: 1.4278 - acc: 0.4375
672/865 [======================>.......] - ETA: 1s - loss: 1.4293 - acc: 0.4315
704/865 [=======================>......] - ETA: 1s - loss: 1.4239 - acc: 0.4318
736/865 [========================>.....] - ETA: 1s - loss: 1.4173 - acc: 0.4361
768/865 [=========================>....] - ETA: 0s - loss: 1.4200 - acc: 0.4297
800/865 [==========================>...] - ETA: 0s - loss: 1.4380 - acc: 0.4313
832/865 [===========================>..] - ETA: 0s - loss: 1.4480 - acc: 0.4303
864/865 [============================>.] - ETA: 0s - loss: 1.4435 - acc: 0.4271
865/865 [==============================] - 8s 9ms/sample - loss: 1.4437 - acc: 0.4266

  32/3458 [..............................] - ETA: 2:51 - loss: 1.5138 - acc: 0.3438
  64/3458 [..............................] - ETA: 2:47 - loss: 1.5554 - acc: 0.3906
  96/3458 [..............................] - ETA: 2:46 - loss: 1.4513 - acc: 0.4167
 128/3458 [>.............................] - ETA: 2:43 - loss: 1.4718 - acc: 0.3984
 160/3458 [>.............................] - ETA: 2:41 - loss: 1.5035 - acc: 0.3938
 192/3458 [>.............................] - ETA: 2:40 - loss: 1.4839 - acc: 0.3906
 224/3458 [>.............................] - ETA: 2:38 - loss: 1.4742 - acc: 0.3839
 256/3458 [=>............................] - ETA: 2:37 - loss: 1.4712 - acc: 0.3984
 288/3458 [=>............................] - ETA: 2:35 - loss: 1.4747 - acc: 0.3924
 320/3458 [=>............................] - ETA: 2:34 - loss: 1.4828 - acc: 0.3781
 352/3458 [==>...........................] - ETA: 2:32 - loss: 1.4853 - acc: 0.3693
 384/3458 [==>...........................] - ETA: 2:31 - loss: 1.4812 - acc: 0.3724
 416/3458 [==>...........................] - ETA: 2:29 - loss: 1.4807 - acc: 0.3750
 448/3458 [==>...........................] - ETA: 2:27 - loss: 1.4825 - acc: 0.3795
 480/3458 [===>..........................] - ETA: 2:26 - loss: 1.4808 - acc: 0.3792
 512/3458 [===>..........................] - ETA: 2:24 - loss: 1.4787 - acc: 0.3770
 544/3458 [===>..........................] - ETA: 2:23 - loss: 1.4750 - acc: 0.3787
 576/3458 [===>..........................] - ETA: 2:21 - loss: 1.4767 - acc: 0.3785
 608/3458 [====>.........................] - ETA: 2:20 - loss: 1.4793 - acc: 0.3766
 640/3458 [====>.........................] - ETA: 2:18 - loss: 1.4824 - acc: 0.3812
 672/3458 [====>.........................] - ETA: 2:17 - loss: 1.4766 - acc: 0.3854
 704/3458 [=====>........................] - ETA: 2:15 - loss: 1.5137 - acc: 0.3835
 736/3458 [=====>........................] - ETA: 2:14 - loss: 1.5127 - acc: 0.3845
 768/3458 [=====>........................] - ETA: 2:12 - loss: 1.5123 - acc: 0.3841
 800/3458 [=====>........................] - ETA: 2:10 - loss: 1.5112 - acc: 0.3825
 832/3458 [======>.......................] - ETA: 2:09 - loss: 1.5125 - acc: 0.3846
 864/3458 [======>.......................] - ETA: 2:07 - loss: 1.5134 - acc: 0.3819
 896/3458 [======>.......................] - ETA: 2:06 - loss: 1.5141 - acc: 0.3750
 928/3458 [=======>......................] - ETA: 2:04 - loss: 1.5168 - acc: 0.3685
 960/3458 [=======>......................] - ETA: 2:03 - loss: 1.5188 - acc: 0.3677
 992/3458 [=======>......................] - ETA: 2:01 - loss: 1.5217 - acc: 0.3629
1024/3458 [=======>......................] - ETA: 1:59 - loss: 1.5223 - acc: 0.3633
1056/3458 [========>.....................] - ETA: 1:58 - loss: 1.5243 - acc: 0.3580
1088/3458 [========>.....................] - ETA: 1:56 - loss: 1.5250 - acc: 0.3594
1120/3458 [========>.....................] - ETA: 1:55 - loss: 1.5247 - acc: 0.3607
1152/3458 [========>.....................] - ETA: 1:53 - loss: 1.5240 - acc: 0.3568
1184/3458 [=========>....................] - ETA: 1:52 - loss: 1.5234 - acc: 0.3547
1216/3458 [=========>....................] - ETA: 1:50 - loss: 1.5201 - acc: 0.3553
1248/3458 [=========>....................] - ETA: 1:48 - loss: 1.5181 - acc: 0.3550
1280/3458 [==========>...................] - ETA: 1:47 - loss: 1.5204 - acc: 0.3570
1312/3458 [==========>...................] - ETA: 1:45 - loss: 1.5142 - acc: 0.3598
1344/3458 [==========>...................] - ETA: 1:44 - loss: 1.5095 - acc: 0.3616
1376/3458 [==========>...................] - ETA: 1:42 - loss: 1.5029 - acc: 0.3670
1408/3458 [===========>..................] - ETA: 1:40 - loss: 1.5054 - acc: 0.3679
1440/3458 [===========>..................] - ETA: 1:39 - loss: 1.5036 - acc: 0.3681
1472/3458 [===========>..................] - ETA: 1:37 - loss: 1.4985 - acc: 0.3696
1504/3458 [============>.................] - ETA: 1:36 - loss: 1.4973 - acc: 0.3697
1536/3458 [============>.................] - ETA: 1:34 - loss: 1.4933 - acc: 0.3717
1568/3458 [============>.................] - ETA: 1:33 - loss: 1.4879 - acc: 0.3737
1600/3458 [============>.................] - ETA: 1:31 - loss: 1.4855 - acc: 0.3744
1632/3458 [=============>................] - ETA: 1:29 - loss: 1.4848 - acc: 0.3756
1664/3458 [=============>................] - ETA: 1:28 - loss: 1.4881 - acc: 0.3762
1696/3458 [=============>................] - ETA: 1:26 - loss: 1.4865 - acc: 0.3750
1728/3458 [=============>................] - ETA: 1:25 - loss: 1.4851 - acc: 0.3750
1760/3458 [==============>...............] - ETA: 1:23 - loss: 1.4843 - acc: 0.3744
1792/3458 [==============>...............] - ETA: 1:22 - loss: 1.4880 - acc: 0.3705
1824/3458 [==============>...............] - ETA: 1:20 - loss: 1.4874 - acc: 0.3690
1856/3458 [===============>..............] - ETA: 1:18 - loss: 1.4867 - acc: 0.3691
1888/3458 [===============>..............] - ETA: 1:17 - loss: 1.4848 - acc: 0.3702
1920/3458 [===============>..............] - ETA: 1:15 - loss: 1.4835 - acc: 0.3693
1952/3458 [===============>..............] - ETA: 1:14 - loss: 1.4818 - acc: 0.3694
1984/3458 [================>.............] - ETA: 1:12 - loss: 1.4806 - acc: 0.3695
2016/3458 [================>.............] - ETA: 1:11 - loss: 1.4786 - acc: 0.3700
2048/3458 [================>.............] - ETA: 1:09 - loss: 1.4775 - acc: 0.3706
2080/3458 [=================>............] - ETA: 1:07 - loss: 1.4758 - acc: 0.3707
2112/3458 [=================>............] - ETA: 1:06 - loss: 1.4737 - acc: 0.3717
2144/3458 [=================>............] - ETA: 1:04 - loss: 1.4726 - acc: 0.3722
2176/3458 [=================>............] - ETA: 1:03 - loss: 1.4784 - acc: 0.3718
2208/3458 [==================>...........] - ETA: 1:01 - loss: 1.4771 - acc: 0.3709
2240/3458 [==================>...........] - ETA: 1:00 - loss: 1.4774 - acc: 0.3701
2272/3458 [==================>...........] - ETA: 58s - loss: 1.4774 - acc: 0.3715 
2304/3458 [==================>...........] - ETA: 56s - loss: 1.4776 - acc: 0.3685
2336/3458 [===================>..........] - ETA: 55s - loss: 1.4786 - acc: 0.3686
2368/3458 [===================>..........] - ETA: 53s - loss: 1.4790 - acc: 0.3661
2400/3458 [===================>..........] - ETA: 52s - loss: 1.4798 - acc: 0.3633
2432/3458 [====================>.........] - ETA: 50s - loss: 1.4806 - acc: 0.3627
2464/3458 [====================>.........] - ETA: 48s - loss: 1.4809 - acc: 0.3632
2496/3458 [====================>.........] - ETA: 47s - loss: 1.4803 - acc: 0.3634
2528/3458 [====================>.........] - ETA: 45s - loss: 1.4796 - acc: 0.3627
2560/3458 [=====================>........] - ETA: 44s - loss: 1.4808 - acc: 0.3621
2592/3458 [=====================>........] - ETA: 42s - loss: 1.4813 - acc: 0.3619
2624/3458 [=====================>........] - ETA: 41s - loss: 1.4790 - acc: 0.3632
2656/3458 [======================>.......] - ETA: 39s - loss: 1.4778 - acc: 0.3622
2688/3458 [======================>.......] - ETA: 37s - loss: 1.4793 - acc: 0.3627
2720/3458 [======================>.......] - ETA: 36s - loss: 1.4759 - acc: 0.3647
2752/3458 [======================>.......] - ETA: 34s - loss: 1.4748 - acc: 0.3677
2784/3458 [=======================>......] - ETA: 33s - loss: 1.4730 - acc: 0.3693
2816/3458 [=======================>......] - ETA: 31s - loss: 1.4721 - acc: 0.3697
2848/3458 [=======================>......] - ETA: 30s - loss: 1.4705 - acc: 0.3694
2880/3458 [=======================>......] - ETA: 28s - loss: 1.4697 - acc: 0.3715
2912/3458 [========================>.....] - ETA: 26s - loss: 1.4688 - acc: 0.3716
2944/3458 [========================>.....] - ETA: 25s - loss: 1.4672 - acc: 0.3723
2976/3458 [========================>.....] - ETA: 23s - loss: 1.4681 - acc: 0.3720
3008/3458 [=========================>....] - ETA: 22s - loss: 1.4685 - acc: 0.3713
3040/3458 [=========================>....] - ETA: 20s - loss: 1.4697 - acc: 0.3720
3072/3458 [=========================>....] - ETA: 19s - loss: 1.4694 - acc: 0.3737
3104/3458 [=========================>....] - ETA: 17s - loss: 1.4694 - acc: 0.3740
3136/3458 [==========================>...] - ETA: 15s - loss: 1.4679 - acc: 0.3737
3168/3458 [==========================>...] - ETA: 14s - loss: 1.4672 - acc: 0.3737
3200/3458 [==========================>...] - ETA: 12s - loss: 1.4667 - acc: 0.3738
3232/3458 [===========================>..] - ETA: 11s - loss: 1.4656 - acc: 0.3747
3264/3458 [===========================>..] - ETA: 9s - loss: 1.4651 - acc: 0.3759 
3296/3458 [===========================>..] - ETA: 7s - loss: 1.4637 - acc: 0.3771
3328/3458 [===========================>..] - ETA: 6s - loss: 1.4628 - acc: 0.3771
3360/3458 [============================>.] - ETA: 4s - loss: 1.4634 - acc: 0.3768
3392/3458 [============================>.] - ETA: 3s - loss: 1.4627 - acc: 0.3765
3424/3458 [============================>.] - ETA: 1s - loss: 1.4616 - acc: 0.3770
3456/3458 [============================>.] - ETA: 0s - loss: 1.4612 - acc: 0.3782
3458/3458 [==============================] - 171s 49ms/sample - loss: 1.4608 - acc: 0.3780

 32/865 [>.............................] - ETA: 7s - loss: 1.6465 - acc: 0.4688
 64/865 [=>............................] - ETA: 7s - loss: 1.4952 - acc: 0.4375
 96/865 [==>...........................] - ETA: 6s - loss: 1.4635 - acc: 0.4062
128/865 [===>..........................] - ETA: 6s - loss: 1.4394 - acc: 0.4062
160/865 [====>.........................] - ETA: 6s - loss: 1.4386 - acc: 0.4062
192/865 [=====>........................] - ETA: 6s - loss: 1.4207 - acc: 0.3958
224/865 [======>.......................] - ETA: 5s - loss: 1.4192 - acc: 0.3929
256/865 [=======>......................] - ETA: 5s - loss: 1.4087 - acc: 0.4180
288/865 [========>.....................] - ETA: 5s - loss: 1.4076 - acc: 0.4271
320/865 [==========>...................] - ETA: 4s - loss: 1.4097 - acc: 0.4125
352/865 [===========>..................] - ETA: 4s - loss: 1.4008 - acc: 0.4148
384/865 [============>.................] - ETA: 4s - loss: 1.3893 - acc: 0.4219
416/865 [=============>................] - ETA: 4s - loss: 1.3791 - acc: 0.4231
448/865 [==============>...............] - ETA: 3s - loss: 1.3773 - acc: 0.4219
480/865 [===============>..............] - ETA: 3s - loss: 1.3704 - acc: 0.4292
512/865 [================>.............] - ETA: 3s - loss: 1.3649 - acc: 0.4297
544/865 [=================>............] - ETA: 2s - loss: 1.3650 - acc: 0.4301
576/865 [==================>...........] - ETA: 2s - loss: 1.3567 - acc: 0.4375
608/865 [====================>.........] - ETA: 2s - loss: 1.3592 - acc: 0.4408
640/865 [=====================>........] - ETA: 2s - loss: 1.3583 - acc: 0.4391
672/865 [======================>.......] - ETA: 1s - loss: 1.3612 - acc: 0.4345
704/865 [=======================>......] - ETA: 1s - loss: 1.3579 - acc: 0.4361
736/865 [========================>.....] - ETA: 1s - loss: 1.3517 - acc: 0.4416
768/865 [=========================>....] - ETA: 0s - loss: 1.3494 - acc: 0.4388
800/865 [==========================>...] - ETA: 0s - loss: 1.3634 - acc: 0.4400
832/865 [===========================>..] - ETA: 0s - loss: 1.3725 - acc: 0.4423
864/865 [============================>.] - ETA: 0s - loss: 1.3688 - acc: 0.4421
865/865 [==============================] - 8s 9ms/sample - loss: 1.3692 - acc: 0.4416

  32/3458 [..............................] - ETA: 2:45 - loss: 1.3484 - acc: 0.3750
  64/3458 [..............................] - ETA: 2:44 - loss: 1.3380 - acc: 0.3906
  96/3458 [..............................] - ETA: 2:44 - loss: 1.4214 - acc: 0.3958
 128/3458 [>.............................] - ETA: 2:43 - loss: 1.4036 - acc: 0.3906
 160/3458 [>.............................] - ETA: 2:41 - loss: 1.4172 - acc: 0.3875
 192/3458 [>.............................] - ETA: 2:40 - loss: 1.3752 - acc: 0.4062
 224/3458 [>.............................] - ETA: 2:38 - loss: 1.4096 - acc: 0.4196
 256/3458 [=>............................] - ETA: 2:37 - loss: 1.4289 - acc: 0.4102
 288/3458 [=>............................] - ETA: 2:35 - loss: 1.4222 - acc: 0.4097
 320/3458 [=>............................] - ETA: 2:33 - loss: 1.4477 - acc: 0.4062
 352/3458 [==>...........................] - ETA: 2:32 - loss: 1.4505 - acc: 0.3949
 384/3458 [==>...........................] - ETA: 2:31 - loss: 1.4471 - acc: 0.3906
 416/3458 [==>...........................] - ETA: 2:29 - loss: 1.4493 - acc: 0.3798
 448/3458 [==>...........................] - ETA: 2:28 - loss: 1.4443 - acc: 0.3839
 480/3458 [===>..........................] - ETA: 2:26 - loss: 1.4259 - acc: 0.3938
 512/3458 [===>..........................] - ETA: 2:25 - loss: 1.4306 - acc: 0.3906
 544/3458 [===>..........................] - ETA: 2:23 - loss: 1.4352 - acc: 0.3897
 576/3458 [===>..........................] - ETA: 2:22 - loss: 1.4495 - acc: 0.3837
 608/3458 [====>.........................] - ETA: 2:20 - loss: 1.4461 - acc: 0.3882
 640/3458 [====>.........................] - ETA: 2:18 - loss: 1.4468 - acc: 0.3828
 672/3458 [====>.........................] - ETA: 2:17 - loss: 1.4418 - acc: 0.3810
 704/3458 [=====>........................] - ETA: 2:15 - loss: 1.4418 - acc: 0.3835
 736/3458 [=====>........................] - ETA: 2:14 - loss: 1.4335 - acc: 0.3832
 768/3458 [=====>........................] - ETA: 2:12 - loss: 1.4299 - acc: 0.3867
 800/3458 [=====>........................] - ETA: 2:11 - loss: 1.4260 - acc: 0.3938
 832/3458 [======>.......................] - ETA: 2:09 - loss: 1.4225 - acc: 0.3906
 864/3458 [======>.......................] - ETA: 2:07 - loss: 1.4158 - acc: 0.3935
 896/3458 [======>.......................] - ETA: 2:06 - loss: 1.4264 - acc: 0.3973
 928/3458 [=======>......................] - ETA: 2:04 - loss: 1.4232 - acc: 0.4009
 960/3458 [=======>......................] - ETA: 2:03 - loss: 1.4185 - acc: 0.4010
 992/3458 [=======>......................] - ETA: 2:01 - loss: 1.4135 - acc: 0.4032
1024/3458 [=======>......................] - ETA: 1:59 - loss: 1.4086 - acc: 0.4014
1056/3458 [========>.....................] - ETA: 1:58 - loss: 1.4066 - acc: 0.3996
1088/3458 [========>.....................] - ETA: 1:56 - loss: 1.4033 - acc: 0.4007
1120/3458 [========>.....................] - ETA: 1:55 - loss: 1.4000 - acc: 0.4018
1152/3458 [========>.....................] - ETA: 1:53 - loss: 1.4083 - acc: 0.3967
1184/3458 [=========>....................] - ETA: 1:52 - loss: 1.4070 - acc: 0.3978
1216/3458 [=========>....................] - ETA: 1:50 - loss: 1.4053 - acc: 0.3980
1248/3458 [=========>....................] - ETA: 1:48 - loss: 1.4044 - acc: 0.3998
1280/3458 [==========>...................] - ETA: 1:47 - loss: 1.4002 - acc: 0.4008
1312/3458 [==========>...................] - ETA: 1:45 - loss: 1.4000 - acc: 0.3994
1344/3458 [==========>...................] - ETA: 1:44 - loss: 1.4011 - acc: 0.3958
1376/3458 [==========>...................] - ETA: 1:42 - loss: 1.4052 - acc: 0.3968
1408/3458 [===========>..................] - ETA: 1:41 - loss: 1.4044 - acc: 0.3963
1440/3458 [===========>..................] - ETA: 1:39 - loss: 1.4012 - acc: 0.3993
1472/3458 [===========>..................] - ETA: 1:37 - loss: 1.4004 - acc: 0.3988
1504/3458 [============>.................] - ETA: 1:36 - loss: 1.3992 - acc: 0.3976
1536/3458 [============>.................] - ETA: 1:34 - loss: 1.3965 - acc: 0.3984
1568/3458 [============>.................] - ETA: 1:33 - loss: 1.3972 - acc: 0.3986
1600/3458 [============>.................] - ETA: 1:31 - loss: 1.3974 - acc: 0.3975
1632/3458 [=============>................] - ETA: 1:30 - loss: 1.3955 - acc: 0.3983
1664/3458 [=============>................] - ETA: 1:28 - loss: 1.3921 - acc: 0.3996
1696/3458 [=============>................] - ETA: 1:26 - loss: 1.3909 - acc: 0.4004
1728/3458 [=============>................] - ETA: 1:25 - loss: 1.3889 - acc: 0.4028
1760/3458 [==============>...............] - ETA: 1:23 - loss: 1.3861 - acc: 0.4057
1792/3458 [==============>...............] - ETA: 1:22 - loss: 1.3882 - acc: 0.4057
1824/3458 [==============>...............] - ETA: 1:20 - loss: 1.3959 - acc: 0.4057
1856/3458 [===============>..............] - ETA: 1:18 - loss: 1.4011 - acc: 0.4073
1888/3458 [===============>..............] - ETA: 1:17 - loss: 1.4014 - acc: 0.4078
1920/3458 [===============>..............] - ETA: 1:15 - loss: 1.4015 - acc: 0.4083
1952/3458 [===============>..............] - ETA: 1:14 - loss: 1.4025 - acc: 0.4073
1984/3458 [================>.............] - ETA: 1:12 - loss: 1.4023 - acc: 0.4052
2016/3458 [================>.............] - ETA: 1:11 - loss: 1.4015 - acc: 0.4048
2048/3458 [================>.............] - ETA: 1:09 - loss: 1.4019 - acc: 0.4033
2080/3458 [=================>............] - ETA: 1:07 - loss: 1.4021 - acc: 0.4024
2112/3458 [=================>............] - ETA: 1:06 - loss: 1.4021 - acc: 0.4020
2144/3458 [=================>............] - ETA: 1:04 - loss: 1.4044 - acc: 0.4011
2176/3458 [=================>............] - ETA: 1:03 - loss: 1.4031 - acc: 0.4012
2208/3458 [==================>...........] - ETA: 1:01 - loss: 1.4014 - acc: 0.4031
2240/3458 [==================>...........] - ETA: 1:00 - loss: 1.4024 - acc: 0.4027
2272/3458 [==================>...........] - ETA: 58s - loss: 1.4000 - acc: 0.4045 
2304/3458 [==================>...........] - ETA: 56s - loss: 1.3994 - acc: 0.4045
2336/3458 [===================>..........] - ETA: 55s - loss: 1.3975 - acc: 0.4058
2368/3458 [===================>..........] - ETA: 53s - loss: 1.3953 - acc: 0.4075
2400/3458 [===================>..........] - ETA: 52s - loss: 1.3983 - acc: 0.4075
2432/3458 [====================>.........] - ETA: 50s - loss: 1.3972 - acc: 0.4079
2464/3458 [====================>.........] - ETA: 49s - loss: 1.3983 - acc: 0.4079
2496/3458 [====================>.........] - ETA: 47s - loss: 1.3975 - acc: 0.4079
2528/3458 [====================>.........] - ETA: 45s - loss: 1.3982 - acc: 0.4074
2560/3458 [=====================>........] - ETA: 44s - loss: 1.4003 - acc: 0.4059
2592/3458 [=====================>........] - ETA: 42s - loss: 1.4027 - acc: 0.4047
2624/3458 [=====================>........] - ETA: 41s - loss: 1.4031 - acc: 0.4055
2656/3458 [======================>.......] - ETA: 39s - loss: 1.4051 - acc: 0.4040
2688/3458 [======================>.......] - ETA: 37s - loss: 1.4064 - acc: 0.4022
2720/3458 [======================>.......] - ETA: 36s - loss: 1.4058 - acc: 0.4018
2752/3458 [======================>.......] - ETA: 34s - loss: 1.4071 - acc: 0.4008
2784/3458 [=======================>......] - ETA: 33s - loss: 1.4102 - acc: 0.4001
2816/3458 [=======================>......] - ETA: 31s - loss: 1.4107 - acc: 0.3995
2848/3458 [=======================>......] - ETA: 30s - loss: 1.4118 - acc: 0.3992
2880/3458 [=======================>......] - ETA: 28s - loss: 1.4126 - acc: 0.3983
2912/3458 [========================>.....] - ETA: 26s - loss: 1.4109 - acc: 0.3987
2944/3458 [========================>.....] - ETA: 25s - loss: 1.4099 - acc: 0.3998
2976/3458 [========================>.....] - ETA: 23s - loss: 1.4110 - acc: 0.4002
3008/3458 [=========================>....] - ETA: 22s - loss: 1.4087 - acc: 0.3996
3040/3458 [=========================>....] - ETA: 20s - loss: 1.4137 - acc: 0.3984
3072/3458 [=========================>....] - ETA: 19s - loss: 1.4131 - acc: 0.3984
3104/3458 [=========================>....] - ETA: 17s - loss: 1.4137 - acc: 0.3972
3136/3458 [==========================>...] - ETA: 15s - loss: 1.4134 - acc: 0.3970
3168/3458 [==========================>...] - ETA: 14s - loss: 1.4143 - acc: 0.3961
3200/3458 [==========================>...] - ETA: 12s - loss: 1.4141 - acc: 0.3956
3232/3458 [===========================>..] - ETA: 11s - loss: 1.4164 - acc: 0.3939
3264/3458 [===========================>..] - ETA: 9s - loss: 1.4163 - acc: 0.3928 
3296/3458 [===========================>..] - ETA: 7s - loss: 1.4149 - acc: 0.3935
3328/3458 [===========================>..] - ETA: 6s - loss: 1.4149 - acc: 0.3930
3360/3458 [============================>.] - ETA: 4s - loss: 1.4142 - acc: 0.3938
3392/3458 [============================>.] - ETA: 3s - loss: 1.4159 - acc: 0.3930
3424/3458 [============================>.] - ETA: 1s - loss: 1.4165 - acc: 0.3916
3456/3458 [============================>.] - ETA: 0s - loss: 1.4171 - acc: 0.3898
3458/3458 [==============================] - 171s 50ms/sample - loss: 1.4172 - acc: 0.3898

 32/865 [>.............................] - ETA: 7s - loss: 1.5362 - acc: 0.4375
 64/865 [=>............................] - ETA: 7s - loss: 1.4325 - acc: 0.4062
 96/865 [==>...........................] - ETA: 7s - loss: 1.4259 - acc: 0.3854
128/865 [===>..........................] - ETA: 6s - loss: 1.4161 - acc: 0.3984
160/865 [====>.........................] - ETA: 6s - loss: 1.4180 - acc: 0.3938
192/865 [=====>........................] - ETA: 6s - loss: 1.4081 - acc: 0.3854
224/865 [======>.......................] - ETA: 5s - loss: 1.4077 - acc: 0.3884
256/865 [=======>......................] - ETA: 5s - loss: 1.3953 - acc: 0.4141
288/865 [========>.....................] - ETA: 5s - loss: 1.3937 - acc: 0.4167
320/865 [==========>...................] - ETA: 4s - loss: 1.3971 - acc: 0.4000
352/865 [===========>..................] - ETA: 4s - loss: 1.3913 - acc: 0.4034
384/865 [============>.................] - ETA: 4s - loss: 1.3839 - acc: 0.4062
416/865 [=============>................] - ETA: 4s - loss: 1.3777 - acc: 0.4062
448/865 [==============>...............] - ETA: 3s - loss: 1.3779 - acc: 0.3996
480/865 [===============>..............] - ETA: 3s - loss: 1.3699 - acc: 0.4083
512/865 [================>.............] - ETA: 3s - loss: 1.3655 - acc: 0.4082
544/865 [=================>............] - ETA: 2s - loss: 1.3691 - acc: 0.4044
576/865 [==================>...........] - ETA: 2s - loss: 1.3642 - acc: 0.4115
608/865 [====================>.........] - ETA: 2s - loss: 1.3617 - acc: 0.4161
640/865 [=====================>........] - ETA: 2s - loss: 1.3624 - acc: 0.4141
672/865 [======================>.......] - ETA: 1s - loss: 1.3670 - acc: 0.4107
704/865 [=======================>......] - ETA: 1s - loss: 1.3659 - acc: 0.4119
736/865 [========================>.....] - ETA: 1s - loss: 1.3607 - acc: 0.4185
768/865 [=========================>....] - ETA: 0s - loss: 1.3583 - acc: 0.4141
800/865 [==========================>...] - ETA: 0s - loss: 1.3642 - acc: 0.4150
832/865 [===========================>..] - ETA: 0s - loss: 1.3690 - acc: 0.4171
864/865 [============================>.] - ETA: 0s - loss: 1.3667 - acc: 0.4144
865/865 [==============================] - 8s 9ms/sample - loss: 1.3669 - acc: 0.4139

  32/3458 [..............................] - ETA: 2:45 - loss: 1.2041 - acc: 0.4688
  64/3458 [..............................] - ETA: 2:44 - loss: 1.2607 - acc: 0.5000
  96/3458 [..............................] - ETA: 2:44 - loss: 1.3043 - acc: 0.4792
 128/3458 [>.............................] - ETA: 2:42 - loss: 1.3299 - acc: 0.4219
 160/3458 [>.............................] - ETA: 2:41 - loss: 1.3503 - acc: 0.4187
 192/3458 [>.............................] - ETA: 2:39 - loss: 1.3378 - acc: 0.4375
 224/3458 [>.............................] - ETA: 2:38 - loss: 1.3508 - acc: 0.4330
 256/3458 [=>............................] - ETA: 2:36 - loss: 1.3857 - acc: 0.4180
 288/3458 [=>............................] - ETA: 2:35 - loss: 1.3763 - acc: 0.4028
 320/3458 [=>............................] - ETA: 2:33 - loss: 1.3823 - acc: 0.3906
 352/3458 [==>...........................] - ETA: 2:32 - loss: 1.3784 - acc: 0.3892
 384/3458 [==>...........................] - ETA: 2:30 - loss: 1.3762 - acc: 0.3906
 416/3458 [==>...........................] - ETA: 2:29 - loss: 1.3864 - acc: 0.3870
 448/3458 [==>...........................] - ETA: 2:27 - loss: 1.3977 - acc: 0.3817
 480/3458 [===>..........................] - ETA: 2:25 - loss: 1.4009 - acc: 0.3792
 512/3458 [===>..........................] - ETA: 2:24 - loss: 1.3997 - acc: 0.3809
 544/3458 [===>..........................] - ETA: 2:22 - loss: 1.4045 - acc: 0.3768
 576/3458 [===>..........................] - ETA: 2:21 - loss: 1.4038 - acc: 0.3837
 608/3458 [====>.........................] - ETA: 2:19 - loss: 1.4156 - acc: 0.3766
 640/3458 [====>.........................] - ETA: 2:18 - loss: 1.4154 - acc: 0.3766
 672/3458 [====>.........................] - ETA: 2:16 - loss: 1.4267 - acc: 0.3720
 704/3458 [=====>........................] - ETA: 2:15 - loss: 1.4275 - acc: 0.3679
 736/3458 [=====>........................] - ETA: 2:13 - loss: 1.4223 - acc: 0.3723
 768/3458 [=====>........................] - ETA: 2:12 - loss: 1.4217 - acc: 0.3750
 800/3458 [=====>........................] - ETA: 2:10 - loss: 1.4212 - acc: 0.3725
 832/3458 [======>.......................] - ETA: 2:08 - loss: 1.4221 - acc: 0.3750
 864/3458 [======>.......................] - ETA: 2:07 - loss: 1.4219 - acc: 0.3762
 896/3458 [======>.......................] - ETA: 2:05 - loss: 1.4224 - acc: 0.3772
 928/3458 [=======>......................] - ETA: 2:04 - loss: 1.4300 - acc: 0.3739
 960/3458 [=======>......................] - ETA: 2:02 - loss: 1.4308 - acc: 0.3740
 992/3458 [=======>......................] - ETA: 2:01 - loss: 1.4280 - acc: 0.3750
1024/3458 [=======>......................] - ETA: 1:59 - loss: 1.4229 - acc: 0.3799
1056/3458 [========>.....................] - ETA: 1:58 - loss: 1.4181 - acc: 0.3835
1088/3458 [========>.....................] - ETA: 1:56 - loss: 1.4146 - acc: 0.3824
1120/3458 [========>.....................] - ETA: 1:55 - loss: 1.4197 - acc: 0.3857
1152/3458 [========>.....................] - ETA: 1:53 - loss: 1.4159 - acc: 0.3845
1184/3458 [=========>....................] - ETA: 1:51 - loss: 1.4117 - acc: 0.3885
1216/3458 [=========>....................] - ETA: 1:50 - loss: 1.4073 - acc: 0.3931
1248/3458 [=========>....................] - ETA: 1:48 - loss: 1.4128 - acc: 0.3894
1280/3458 [==========>...................] - ETA: 1:47 - loss: 1.4095 - acc: 0.3938
1312/3458 [==========>...................] - ETA: 1:45 - loss: 1.4101 - acc: 0.3956
1344/3458 [==========>...................] - ETA: 1:44 - loss: 1.4100 - acc: 0.3929
1376/3458 [==========>...................] - ETA: 1:42 - loss: 1.4051 - acc: 0.3983
1408/3458 [===========>..................] - ETA: 1:40 - loss: 1.4017 - acc: 0.3984
1440/3458 [===========>..................] - ETA: 1:39 - loss: 1.4019 - acc: 0.3944
1472/3458 [===========>..................] - ETA: 1:37 - loss: 1.4011 - acc: 0.3927
1504/3458 [============>.................] - ETA: 1:36 - loss: 1.4003 - acc: 0.3916
1536/3458 [============>.................] - ETA: 1:34 - loss: 1.4011 - acc: 0.3906
1568/3458 [============>.................] - ETA: 1:33 - loss: 1.4011 - acc: 0.3909
1600/3458 [============>.................] - ETA: 1:31 - loss: 1.4015 - acc: 0.3906
1632/3458 [=============>................] - ETA: 1:29 - loss: 1.4025 - acc: 0.3940
1664/3458 [=============>................] - ETA: 1:28 - loss: 1.3995 - acc: 0.3954
1696/3458 [=============>................] - ETA: 1:26 - loss: 1.4004 - acc: 0.3927
1728/3458 [=============>................] - ETA: 1:25 - loss: 1.4023 - acc: 0.3929
1760/3458 [==============>...............] - ETA: 1:23 - loss: 1.3992 - acc: 0.3943
1792/3458 [==============>...............] - ETA: 1:22 - loss: 1.3986 - acc: 0.3945
1824/3458 [==============>...............] - ETA: 1:20 - loss: 1.3970 - acc: 0.3947
1856/3458 [===============>..............] - ETA: 1:18 - loss: 1.3966 - acc: 0.3933
1888/3458 [===============>..............] - ETA: 1:17 - loss: 1.3962 - acc: 0.3935
1920/3458 [===============>..............] - ETA: 1:15 - loss: 1.3951 - acc: 0.3948
1952/3458 [===============>..............] - ETA: 1:14 - loss: 1.3966 - acc: 0.3940
1984/3458 [================>.............] - ETA: 1:12 - loss: 1.3964 - acc: 0.3962
2016/3458 [================>.............] - ETA: 1:11 - loss: 1.3946 - acc: 0.3988
2048/3458 [================>.............] - ETA: 1:09 - loss: 1.3944 - acc: 0.3979
2080/3458 [=================>............] - ETA: 1:07 - loss: 1.3936 - acc: 0.3990
2112/3458 [=================>............] - ETA: 1:06 - loss: 1.3923 - acc: 0.4001
2144/3458 [=================>............] - ETA: 1:04 - loss: 1.3918 - acc: 0.3997
2176/3458 [=================>............] - ETA: 1:03 - loss: 1.3917 - acc: 0.4003
2208/3458 [==================>...........] - ETA: 1:01 - loss: 1.3895 - acc: 0.4004
2240/3458 [==================>...........] - ETA: 59s - loss: 1.3896 - acc: 0.4000 
2272/3458 [==================>...........] - ETA: 58s - loss: 1.3897 - acc: 0.3992
2304/3458 [==================>...........] - ETA: 56s - loss: 1.3924 - acc: 0.3980
2336/3458 [===================>..........] - ETA: 55s - loss: 1.3916 - acc: 0.3985
2368/3458 [===================>..........] - ETA: 53s - loss: 1.3921 - acc: 0.3986
2400/3458 [===================>..........] - ETA: 52s - loss: 1.3940 - acc: 0.3967
2432/3458 [====================>.........] - ETA: 50s - loss: 1.3964 - acc: 0.3960
2464/3458 [====================>.........] - ETA: 48s - loss: 1.3972 - acc: 0.3961
2496/3458 [====================>.........] - ETA: 47s - loss: 1.3957 - acc: 0.3974
2528/3458 [====================>.........] - ETA: 45s - loss: 1.3951 - acc: 0.3975
2560/3458 [=====================>........] - ETA: 44s - loss: 1.3942 - acc: 0.3973
2592/3458 [=====================>........] - ETA: 42s - loss: 1.3939 - acc: 0.3985
2624/3458 [=====================>........] - ETA: 41s - loss: 1.3926 - acc: 0.3986
2656/3458 [======================>.......] - ETA: 39s - loss: 1.3921 - acc: 0.3983
2688/3458 [======================>.......] - ETA: 37s - loss: 1.3908 - acc: 0.3988
2720/3458 [======================>.......] - ETA: 36s - loss: 1.3897 - acc: 0.4000
2752/3458 [======================>.......] - ETA: 34s - loss: 1.3892 - acc: 0.3997
2784/3458 [=======================>......] - ETA: 33s - loss: 1.3876 - acc: 0.3994
2816/3458 [=======================>......] - ETA: 31s - loss: 1.3858 - acc: 0.4002
2848/3458 [=======================>......] - ETA: 30s - loss: 1.3854 - acc: 0.4003
2880/3458 [=======================>......] - ETA: 28s - loss: 1.3933 - acc: 0.3983
2912/3458 [========================>.....] - ETA: 26s - loss: 1.3924 - acc: 0.3984
2944/3458 [========================>.....] - ETA: 25s - loss: 1.3924 - acc: 0.3984
2976/3458 [========================>.....] - ETA: 23s - loss: 1.3916 - acc: 0.3978
3008/3458 [=========================>....] - ETA: 22s - loss: 1.3913 - acc: 0.3959
3040/3458 [=========================>....] - ETA: 20s - loss: 1.3896 - acc: 0.3967
3072/3458 [=========================>....] - ETA: 19s - loss: 1.3907 - acc: 0.3965
3104/3458 [=========================>....] - ETA: 17s - loss: 1.3903 - acc: 0.3953
3136/3458 [==========================>...] - ETA: 15s - loss: 1.3903 - acc: 0.3941
3168/3458 [==========================>...] - ETA: 14s - loss: 1.3899 - acc: 0.3943
3200/3458 [==========================>...] - ETA: 12s - loss: 1.3891 - acc: 0.3947
3232/3458 [===========================>..] - ETA: 11s - loss: 1.3909 - acc: 0.3948
3264/3458 [===========================>..] - ETA: 9s - loss: 1.3901 - acc: 0.3955 
3296/3458 [===========================>..] - ETA: 7s - loss: 1.3888 - acc: 0.3956
3328/3458 [===========================>..] - ETA: 6s - loss: 1.3876 - acc: 0.3966
3360/3458 [============================>.] - ETA: 4s - loss: 1.3876 - acc: 0.3970
3392/3458 [============================>.] - ETA: 3s - loss: 1.3887 - acc: 0.3971
3424/3458 [============================>.] - ETA: 1s - loss: 1.3885 - acc: 0.3963
3456/3458 [============================>.] - ETA: 0s - loss: 1.3898 - acc: 0.3964
3458/3458 [==============================] - 171s 49ms/sample - loss: 1.3899 - acc: 0.3965

 32/865 [>.............................] - ETA: 8s - loss: 1.4102 - acc: 0.4688
 64/865 [=>............................] - ETA: 7s - loss: 1.3685 - acc: 0.4219
 96/865 [==>...........................] - ETA: 7s - loss: 1.3787 - acc: 0.4062
128/865 [===>..........................] - ETA: 6s - loss: 1.3853 - acc: 0.3984
160/865 [====>.........................] - ETA: 6s - loss: 1.3919 - acc: 0.3938
192/865 [=====>........................] - ETA: 6s - loss: 1.3831 - acc: 0.3854
224/865 [======>.......................] - ETA: 5s - loss: 1.3838 - acc: 0.3839
256/865 [=======>......................] - ETA: 5s - loss: 1.3686 - acc: 0.4180
288/865 [========>.....................] - ETA: 5s - loss: 1.3546 - acc: 0.4236
320/865 [==========>...................] - ETA: 4s - loss: 1.3555 - acc: 0.4094
352/865 [===========>..................] - ETA: 4s - loss: 1.3516 - acc: 0.4034
384/865 [============>.................] - ETA: 4s - loss: 1.3433 - acc: 0.4089
416/865 [=============>................] - ETA: 4s - loss: 1.3393 - acc: 0.4087
448/865 [==============>...............] - ETA: 3s - loss: 1.3409 - acc: 0.4085
480/865 [===============>..............] - ETA: 3s - loss: 1.3347 - acc: 0.4187
512/865 [================>.............] - ETA: 3s - loss: 1.3314 - acc: 0.4180
544/865 [=================>............] - ETA: 2s - loss: 1.3363 - acc: 0.4136
576/865 [==================>...........] - ETA: 2s - loss: 1.3309 - acc: 0.4219
608/865 [====================>.........] - ETA: 2s - loss: 1.3288 - acc: 0.4243
640/865 [=====================>........] - ETA: 2s - loss: 1.3271 - acc: 0.4234
672/865 [======================>.......] - ETA: 1s - loss: 1.3322 - acc: 0.4196
704/865 [=======================>......] - ETA: 1s - loss: 1.3309 - acc: 0.4190
736/865 [========================>.....] - ETA: 1s - loss: 1.3277 - acc: 0.4239
768/865 [=========================>....] - ETA: 0s - loss: 1.3247 - acc: 0.4219
800/865 [==========================>...] - ETA: 0s - loss: 1.3295 - acc: 0.4225
832/865 [===========================>..] - ETA: 0s - loss: 1.3335 - acc: 0.4255
864/865 [============================>.] - ETA: 0s - loss: 1.3302 - acc: 0.4248
865/865 [==============================] - 8s 9ms/sample - loss: 1.3304 - acc: 0.4243

  32/3458 [..............................] - ETA: 2:42 - loss: 1.3014 - acc: 0.5312
  64/3458 [..............................] - ETA: 2:44 - loss: 1.3179 - acc: 0.4844
  96/3458 [..............................] - ETA: 2:46 - loss: 1.3248 - acc: 0.4583
 128/3458 [>.............................] - ETA: 2:45 - loss: 1.3414 - acc: 0.4531
 160/3458 [>.............................] - ETA: 2:43 - loss: 1.3431 - acc: 0.4437
 192/3458 [>.............................] - ETA: 2:42 - loss: 1.3384 - acc: 0.4427
 224/3458 [>.............................] - ETA: 2:40 - loss: 1.3429 - acc: 0.4196
 256/3458 [=>............................] - ETA: 2:39 - loss: 1.3480 - acc: 0.4219
 288/3458 [=>............................] - ETA: 2:37 - loss: 1.3462 - acc: 0.4271
 320/3458 [=>............................] - ETA: 2:36 - loss: 1.3402 - acc: 0.4156
 352/3458 [==>...........................] - ETA: 2:34 - loss: 1.3497 - acc: 0.3977
 384/3458 [==>...........................] - ETA: 2:32 - loss: 1.3427 - acc: 0.4062
 416/3458 [==>...........................] - ETA: 2:31 - loss: 1.3471 - acc: 0.4062
 448/3458 [==>...........................] - ETA: 2:29 - loss: 1.3538 - acc: 0.4040
 480/3458 [===>..........................] - ETA: 2:27 - loss: 1.3530 - acc: 0.4021
 512/3458 [===>..........................] - ETA: 2:25 - loss: 1.3600 - acc: 0.4043
 544/3458 [===>..........................] - ETA: 2:24 - loss: 1.3569 - acc: 0.4099
 576/3458 [===>..........................] - ETA: 2:22 - loss: 1.3486 - acc: 0.4201
 608/3458 [====>.........................] - ETA: 2:21 - loss: 1.3473 - acc: 0.4194
 640/3458 [====>.........................] - ETA: 2:19 - loss: 1.3523 - acc: 0.4156
 672/3458 [====>.........................] - ETA: 2:17 - loss: 1.3644 - acc: 0.4137
 704/3458 [=====>........................] - ETA: 2:16 - loss: 1.3626 - acc: 0.4119
 736/3458 [=====>........................] - ETA: 2:14 - loss: 1.3555 - acc: 0.4158
 768/3458 [=====>........................] - ETA: 2:13 - loss: 1.3547 - acc: 0.4128
 800/3458 [=====>........................] - ETA: 2:11 - loss: 1.3529 - acc: 0.4087
 832/3458 [======>.......................] - ETA: 2:09 - loss: 1.3514 - acc: 0.4062
 864/3458 [======>.......................] - ETA: 2:08 - loss: 1.3470 - acc: 0.4109
 896/3458 [======>.......................] - ETA: 2:06 - loss: 1.3488 - acc: 0.4062
 928/3458 [=======>......................] - ETA: 2:04 - loss: 1.3484 - acc: 0.4009
 960/3458 [=======>......................] - ETA: 2:03 - loss: 1.3514 - acc: 0.3979
 992/3458 [=======>......................] - ETA: 2:01 - loss: 1.3537 - acc: 0.3921
1024/3458 [=======>......................] - ETA: 2:00 - loss: 1.3528 - acc: 0.3936
1056/3458 [========>.....................] - ETA: 1:58 - loss: 1.3494 - acc: 0.3949
1088/3458 [========>.....................] - ETA: 1:57 - loss: 1.3466 - acc: 0.3989
1120/3458 [========>.....................] - ETA: 1:55 - loss: 1.3451 - acc: 0.3991
1152/3458 [========>.....................] - ETA: 1:53 - loss: 1.3715 - acc: 0.3958
1184/3458 [=========>....................] - ETA: 1:52 - loss: 1.3704 - acc: 0.3961
1216/3458 [=========>....................] - ETA: 1:50 - loss: 1.3657 - acc: 0.3956
1248/3458 [=========>....................] - ETA: 1:49 - loss: 1.3638 - acc: 0.3974
1280/3458 [==========>...................] - ETA: 1:47 - loss: 1.3639 - acc: 0.3953
1312/3458 [==========>...................] - ETA: 1:45 - loss: 1.3660 - acc: 0.3971
1344/3458 [==========>...................] - ETA: 1:44 - loss: 1.3686 - acc: 0.3943
1376/3458 [==========>...................] - ETA: 1:42 - loss: 1.3678 - acc: 0.3968
1408/3458 [===========>..................] - ETA: 1:41 - loss: 1.3691 - acc: 0.3977
1440/3458 [===========>..................] - ETA: 1:39 - loss: 1.3697 - acc: 0.3965
1472/3458 [===========>..................] - ETA: 1:38 - loss: 1.3727 - acc: 0.3940
1504/3458 [============>.................] - ETA: 1:36 - loss: 1.3740 - acc: 0.3943
1536/3458 [============>.................] - ETA: 1:34 - loss: 1.3706 - acc: 0.3945
1568/3458 [============>.................] - ETA: 1:33 - loss: 1.3699 - acc: 0.3967
1600/3458 [============>.................] - ETA: 1:31 - loss: 1.3695 - acc: 0.3944
1632/3458 [=============>................] - ETA: 1:30 - loss: 1.3686 - acc: 0.3995
1664/3458 [=============>................] - ETA: 1:28 - loss: 1.3676 - acc: 0.3978
1696/3458 [=============>................] - ETA: 1:26 - loss: 1.3680 - acc: 0.3962
1728/3458 [=============>................] - ETA: 1:25 - loss: 1.3702 - acc: 0.3958
1760/3458 [==============>...............] - ETA: 1:23 - loss: 1.3690 - acc: 0.3966
1792/3458 [==============>...............] - ETA: 1:22 - loss: 1.3667 - acc: 0.3979
1824/3458 [==============>...............] - ETA: 1:20 - loss: 1.3661 - acc: 0.3969
1856/3458 [===============>..............] - ETA: 1:19 - loss: 1.3630 - acc: 0.3998
1888/3458 [===============>..............] - ETA: 1:17 - loss: 1.3627 - acc: 0.3999
1920/3458 [===============>..............] - ETA: 1:15 - loss: 1.3632 - acc: 0.4005
1952/3458 [===============>..............] - ETA: 1:14 - loss: 1.3640 - acc: 0.4022
1984/3458 [================>.............] - ETA: 1:12 - loss: 1.3672 - acc: 0.4022
2016/3458 [================>.............] - ETA: 1:11 - loss: 1.3678 - acc: 0.4023
2048/3458 [================>.............] - ETA: 1:09 - loss: 1.3669 - acc: 0.4033
2080/3458 [=================>............] - ETA: 1:07 - loss: 1.3669 - acc: 0.4038
2112/3458 [=================>............] - ETA: 1:06 - loss: 1.3664 - acc: 0.4044
2144/3458 [=================>............] - ETA: 1:04 - loss: 1.3667 - acc: 0.4039
2176/3458 [=================>............] - ETA: 1:03 - loss: 1.3656 - acc: 0.4040
2208/3458 [==================>...........] - ETA: 1:01 - loss: 1.3658 - acc: 0.4035
2240/3458 [==================>...........] - ETA: 1:00 - loss: 1.3665 - acc: 0.4027
2272/3458 [==================>...........] - ETA: 58s - loss: 1.3658 - acc: 0.4027 
2304/3458 [==================>...........] - ETA: 56s - loss: 1.3639 - acc: 0.4036
2336/3458 [===================>..........] - ETA: 55s - loss: 1.3661 - acc: 0.4020
2368/3458 [===================>..........] - ETA: 53s - loss: 1.3649 - acc: 0.4012
2400/3458 [===================>..........] - ETA: 52s - loss: 1.3662 - acc: 0.4000
2432/3458 [====================>.........] - ETA: 50s - loss: 1.3641 - acc: 0.4017
2464/3458 [====================>.........] - ETA: 48s - loss: 1.3628 - acc: 0.4010
2496/3458 [====================>.........] - ETA: 47s - loss: 1.3615 - acc: 0.4026
2528/3458 [====================>.........] - ETA: 45s - loss: 1.3610 - acc: 0.4031
2560/3458 [=====================>........] - ETA: 44s - loss: 1.3609 - acc: 0.4035
2592/3458 [=====================>........] - ETA: 42s - loss: 1.3601 - acc: 0.4051
2624/3458 [=====================>........] - ETA: 41s - loss: 1.3585 - acc: 0.4055
2656/3458 [======================>.......] - ETA: 39s - loss: 1.3594 - acc: 0.4062
2688/3458 [======================>.......] - ETA: 37s - loss: 1.3576 - acc: 0.4062
2720/3458 [======================>.......] - ETA: 36s - loss: 1.3573 - acc: 0.4074
2752/3458 [======================>.......] - ETA: 34s - loss: 1.3563 - acc: 0.4073
2784/3458 [=======================>......] - ETA: 33s - loss: 1.3558 - acc: 0.4073
2816/3458 [=======================>......] - ETA: 31s - loss: 1.3560 - acc: 0.4077
2848/3458 [=======================>......] - ETA: 30s - loss: 1.3548 - acc: 0.4077
2880/3458 [=======================>......] - ETA: 28s - loss: 1.3526 - acc: 0.4090
2912/3458 [========================>.....] - ETA: 26s - loss: 1.3559 - acc: 0.4090
2944/3458 [========================>.....] - ETA: 25s - loss: 1.3547 - acc: 0.4093
2976/3458 [========================>.....] - ETA: 23s - loss: 1.3530 - acc: 0.4106
3008/3458 [=========================>....] - ETA: 22s - loss: 1.3533 - acc: 0.4102
3040/3458 [=========================>....] - ETA: 20s - loss: 1.3533 - acc: 0.4105
3072/3458 [=========================>....] - ETA: 19s - loss: 1.3519 - acc: 0.4102
3104/3458 [=========================>....] - ETA: 17s - loss: 1.3502 - acc: 0.4098
3136/3458 [==========================>...] - ETA: 15s - loss: 1.3492 - acc: 0.4098
3168/3458 [==========================>...] - ETA: 14s - loss: 1.3497 - acc: 0.4088
3200/3458 [==========================>...] - ETA: 12s - loss: 1.3528 - acc: 0.4066
3232/3458 [===========================>..] - ETA: 11s - loss: 1.3531 - acc: 0.4053
3264/3458 [===========================>..] - ETA: 9s - loss: 1.3536 - acc: 0.4041 
3296/3458 [===========================>..] - ETA: 7s - loss: 1.3538 - acc: 0.4044
3328/3458 [===========================>..] - ETA: 6s - loss: 1.3574 - acc: 0.4047
3360/3458 [============================>.] - ETA: 4s - loss: 1.3563 - acc: 0.4051
3392/3458 [============================>.] - ETA: 3s - loss: 1.3569 - acc: 0.4051
3424/3458 [============================>.] - ETA: 1s - loss: 1.3573 - acc: 0.4042
3456/3458 [============================>.] - ETA: 0s - loss: 1.3565 - acc: 0.4045
3458/3458 [==============================] - 171s 49ms/sample - loss: 1.3566 - acc: 0.4043

 32/865 [>.............................] - ETA: 7s - loss: 1.3430 - acc: 0.5000
 64/865 [=>............................] - ETA: 6s - loss: 1.3341 - acc: 0.4531
 96/865 [==>...........................] - ETA: 6s - loss: 1.3490 - acc: 0.4271
128/865 [===>..........................] - ETA: 6s - loss: 1.3525 - acc: 0.4219
160/865 [====>.........................] - ETA: 6s - loss: 1.3550 - acc: 0.4062
192/865 [=====>........................] - ETA: 6s - loss: 1.3548 - acc: 0.4010
224/865 [======>.......................] - ETA: 5s - loss: 1.3582 - acc: 0.3973
256/865 [=======>......................] - ETA: 5s - loss: 1.3357 - acc: 0.4258
288/865 [========>.....................] - ETA: 5s - loss: 1.3186 - acc: 0.4410
320/865 [==========>...................] - ETA: 4s - loss: 1.3181 - acc: 0.4281
352/865 [===========>..................] - ETA: 4s - loss: 1.3139 - acc: 0.4261
384/865 [============>.................] - ETA: 4s - loss: 1.3035 - acc: 0.4297
416/865 [=============>................] - ETA: 4s - loss: 1.2992 - acc: 0.4303
448/865 [==============>...............] - ETA: 3s - loss: 1.3022 - acc: 0.4241
480/865 [===============>..............] - ETA: 3s - loss: 1.2969 - acc: 0.4354
512/865 [================>.............] - ETA: 3s - loss: 1.2945 - acc: 0.4336
544/865 [=================>............] - ETA: 2s - loss: 1.2985 - acc: 0.4320
576/865 [==================>...........] - ETA: 2s - loss: 1.2920 - acc: 0.4427
608/865 [====================>.........] - ETA: 2s - loss: 1.2917 - acc: 0.4441
640/865 [=====================>........] - ETA: 2s - loss: 1.2881 - acc: 0.4422
672/865 [======================>.......] - ETA: 1s - loss: 1.2942 - acc: 0.4375
704/865 [=======================>......] - ETA: 1s - loss: 1.2923 - acc: 0.4375
736/865 [========================>.....] - ETA: 1s - loss: 1.2905 - acc: 0.4429
768/865 [=========================>....] - ETA: 0s - loss: 1.2871 - acc: 0.4427
800/865 [==========================>...] - ETA: 0s - loss: 1.2883 - acc: 0.4425
832/865 [===========================>..] - ETA: 0s - loss: 1.2909 - acc: 0.4423
864/865 [============================>.] - ETA: 0s - loss: 1.2887 - acc: 0.4433
865/865 [==============================] - 8s 9ms/sample - loss: 1.2889 - acc: 0.4428
