For Dropout_1=0.8 Dropout_2=0.7
daisy loaded
dandelion loaded
rose loaded
sunflower loaded
tulip loaded

  32/3458 [..............................] - ETA: 3:08 - loss: 1.7649 - acc: 0.0938
  64/3458 [..............................] - ETA: 2:57 - loss: 9.9542 - acc: 0.1250
  96/3458 [..............................] - ETA: 2:52 - loss: 9.0532 - acc: 0.1354
 128/3458 [>.............................] - ETA: 2:49 - loss: 7.5363 - acc: 0.1484
 160/3458 [>.............................] - ETA: 2:47 - loss: 6.3638 - acc: 0.1688
 192/3458 [>.............................] - ETA: 2:44 - loss: 5.5706 - acc: 0.1562
 224/3458 [>.............................] - ETA: 2:42 - loss: 5.0039 - acc: 0.1652
 256/3458 [=>............................] - ETA: 2:40 - loss: 4.5794 - acc: 0.1562
 288/3458 [=>............................] - ETA: 2:38 - loss: 4.2491 - acc: 0.1701
 320/3458 [=>............................] - ETA: 2:37 - loss: 3.9842 - acc: 0.1781
 352/3458 [==>...........................] - ETA: 2:35 - loss: 3.7660 - acc: 0.1847
 384/3458 [==>...........................] - ETA: 2:33 - loss: 3.5804 - acc: 0.1901
 416/3458 [==>...........................] - ETA: 2:31 - loss: 3.4236 - acc: 0.1947
 448/3458 [==>...........................] - ETA: 2:29 - loss: 3.2869 - acc: 0.2098
 480/3458 [===>..........................] - ETA: 2:28 - loss: 3.1800 - acc: 0.2083
 512/3458 [===>..........................] - ETA: 2:26 - loss: 3.0773 - acc: 0.2070
 544/3458 [===>..........................] - ETA: 2:24 - loss: 2.9847 - acc: 0.2151
 576/3458 [===>..........................] - ETA: 2:23 - loss: 2.9049 - acc: 0.2240
 608/3458 [====>.........................] - ETA: 2:21 - loss: 2.8350 - acc: 0.2204
 640/3458 [====>.........................] - ETA: 2:19 - loss: 2.7703 - acc: 0.2219
 672/3458 [====>.........................] - ETA: 2:18 - loss: 2.7123 - acc: 0.2217
 704/3458 [=====>........................] - ETA: 2:16 - loss: 2.6592 - acc: 0.2259
 736/3458 [=====>........................] - ETA: 2:15 - loss: 2.6095 - acc: 0.2296
 768/3458 [=====>........................] - ETA: 2:13 - loss: 2.5670 - acc: 0.2292
 800/3458 [=====>........................] - ETA: 2:11 - loss: 2.5249 - acc: 0.2300
 832/3458 [======>.......................] - ETA: 2:10 - loss: 2.4851 - acc: 0.2344
 864/3458 [======>.......................] - ETA: 2:08 - loss: 2.4503 - acc: 0.2396
 896/3458 [======>.......................] - ETA: 2:07 - loss: 2.4145 - acc: 0.2366
 928/3458 [=======>......................] - ETA: 2:05 - loss: 2.3844 - acc: 0.2392
 960/3458 [=======>......................] - ETA: 2:03 - loss: 2.3612 - acc: 0.2396
 992/3458 [=======>......................] - ETA: 2:02 - loss: 2.3344 - acc: 0.2399
1024/3458 [=======>......................] - ETA: 2:00 - loss: 2.3099 - acc: 0.2402
1056/3458 [========>.....................] - ETA: 1:59 - loss: 2.2866 - acc: 0.2405
1088/3458 [========>.....................] - ETA: 1:57 - loss: 2.2643 - acc: 0.2445
1120/3458 [========>.....................] - ETA: 1:55 - loss: 2.2429 - acc: 0.2446
1152/3458 [========>.....................] - ETA: 1:54 - loss: 2.2229 - acc: 0.2491
1184/3458 [=========>....................] - ETA: 1:52 - loss: 2.2021 - acc: 0.2551
1216/3458 [=========>....................] - ETA: 1:51 - loss: 2.1810 - acc: 0.2615
1248/3458 [=========>....................] - ETA: 1:49 - loss: 2.1621 - acc: 0.2644
1280/3458 [==========>...................] - ETA: 1:47 - loss: 2.1467 - acc: 0.2664
1312/3458 [==========>...................] - ETA: 1:46 - loss: 2.1283 - acc: 0.2691
1344/3458 [==========>...................] - ETA: 1:44 - loss: 2.1145 - acc: 0.2701
1376/3458 [==========>...................] - ETA: 1:43 - loss: 2.1007 - acc: 0.2689
1408/3458 [===========>..................] - ETA: 1:41 - loss: 2.0853 - acc: 0.2713
1440/3458 [===========>..................] - ETA: 1:39 - loss: 2.0709 - acc: 0.2715
1472/3458 [===========>..................] - ETA: 1:38 - loss: 2.0577 - acc: 0.2724
1504/3458 [============>.................] - ETA: 1:36 - loss: 2.0478 - acc: 0.2739
1536/3458 [============>.................] - ETA: 1:35 - loss: 2.0363 - acc: 0.2773
1568/3458 [============>.................] - ETA: 1:33 - loss: 2.0256 - acc: 0.2781
1600/3458 [============>.................] - ETA: 1:31 - loss: 2.0142 - acc: 0.2794
1632/3458 [=============>................] - ETA: 1:30 - loss: 2.0026 - acc: 0.2831
1664/3458 [=============>................] - ETA: 1:28 - loss: 1.9912 - acc: 0.2861
1696/3458 [=============>................] - ETA: 1:27 - loss: 1.9819 - acc: 0.2889
1728/3458 [=============>................] - ETA: 1:25 - loss: 1.9722 - acc: 0.2905
1760/3458 [==============>...............] - ETA: 1:24 - loss: 1.9633 - acc: 0.2920
1792/3458 [==============>...............] - ETA: 1:22 - loss: 1.9550 - acc: 0.2963
1824/3458 [==============>...............] - ETA: 1:20 - loss: 1.9466 - acc: 0.2977
1856/3458 [===============>..............] - ETA: 1:19 - loss: 1.9365 - acc: 0.2996
1888/3458 [===============>..............] - ETA: 1:17 - loss: 1.9267 - acc: 0.3008
1920/3458 [===============>..............] - ETA: 1:16 - loss: 1.9176 - acc: 0.3026
1952/3458 [===============>..............] - ETA: 1:14 - loss: 1.9108 - acc: 0.3017
1984/3458 [================>.............] - ETA: 1:12 - loss: 1.9025 - acc: 0.3059
2016/3458 [================>.............] - ETA: 1:11 - loss: 1.8930 - acc: 0.3095
2048/3458 [================>.............] - ETA: 1:09 - loss: 1.8851 - acc: 0.3101
2080/3458 [=================>............] - ETA: 1:08 - loss: 1.8786 - acc: 0.3101
2112/3458 [=================>............] - ETA: 1:06 - loss: 1.8721 - acc: 0.3101
2144/3458 [=================>............] - ETA: 1:04 - loss: 1.8697 - acc: 0.3125
2176/3458 [=================>............] - ETA: 1:03 - loss: 1.8633 - acc: 0.3120
2208/3458 [==================>...........] - ETA: 1:01 - loss: 1.8565 - acc: 0.3134
2240/3458 [==================>...........] - ETA: 1:00 - loss: 1.8501 - acc: 0.3143
2272/3458 [==================>...........] - ETA: 58s - loss: 1.8466 - acc: 0.3156 
2304/3458 [==================>...........] - ETA: 57s - loss: 1.8398 - acc: 0.3155
2336/3458 [===================>..........] - ETA: 55s - loss: 1.8333 - acc: 0.3193
2368/3458 [===================>..........] - ETA: 53s - loss: 1.8279 - acc: 0.3201
2400/3458 [===================>..........] - ETA: 52s - loss: 1.8238 - acc: 0.3204
2432/3458 [====================>.........] - ETA: 50s - loss: 1.8226 - acc: 0.3215
2464/3458 [====================>.........] - ETA: 49s - loss: 1.8182 - acc: 0.3239
2496/3458 [====================>.........] - ETA: 47s - loss: 1.8130 - acc: 0.3233
2528/3458 [====================>.........] - ETA: 45s - loss: 1.8092 - acc: 0.3240
2560/3458 [=====================>........] - ETA: 44s - loss: 1.8044 - acc: 0.3258
2592/3458 [=====================>........] - ETA: 42s - loss: 1.7997 - acc: 0.3252
2624/3458 [=====================>........] - ETA: 41s - loss: 1.7935 - acc: 0.3258
2656/3458 [======================>.......] - ETA: 39s - loss: 1.7892 - acc: 0.3276
2688/3458 [======================>.......] - ETA: 38s - loss: 1.7850 - acc: 0.3292
2720/3458 [======================>.......] - ETA: 36s - loss: 1.7788 - acc: 0.3338
2752/3458 [======================>.......] - ETA: 34s - loss: 1.7732 - acc: 0.3354
2784/3458 [=======================>......] - ETA: 33s - loss: 1.7692 - acc: 0.3358
2816/3458 [=======================>......] - ETA: 31s - loss: 1.7637 - acc: 0.3370
2848/3458 [=======================>......] - ETA: 30s - loss: 1.7599 - acc: 0.3378
2880/3458 [=======================>......] - ETA: 28s - loss: 1.7557 - acc: 0.3403
2912/3458 [========================>.....] - ETA: 26s - loss: 1.7522 - acc: 0.3403
2944/3458 [========================>.....] - ETA: 25s - loss: 1.7494 - acc: 0.3404
2976/3458 [========================>.....] - ETA: 23s - loss: 1.7450 - acc: 0.3414
3008/3458 [=========================>....] - ETA: 22s - loss: 1.7415 - acc: 0.3418
3040/3458 [=========================>....] - ETA: 20s - loss: 1.7432 - acc: 0.3411
3072/3458 [=========================>....] - ETA: 19s - loss: 1.7402 - acc: 0.3398
3104/3458 [=========================>....] - ETA: 17s - loss: 1.7358 - acc: 0.3412
3136/3458 [==========================>...] - ETA: 15s - loss: 1.7326 - acc: 0.3406
3168/3458 [==========================>...] - ETA: 14s - loss: 1.7285 - acc: 0.3438
3200/3458 [==========================>...] - ETA: 12s - loss: 1.7255 - acc: 0.3447
3232/3458 [===========================>..] - ETA: 11s - loss: 1.7212 - acc: 0.3465
3264/3458 [===========================>..] - ETA: 9s - loss: 1.7179 - acc: 0.3468 
3296/3458 [===========================>..] - ETA: 8s - loss: 1.7161 - acc: 0.3483
3328/3458 [===========================>..] - ETA: 6s - loss: 1.7132 - acc: 0.3495
3360/3458 [============================>.] - ETA: 4s - loss: 1.7105 - acc: 0.3497
3392/3458 [============================>.] - ETA: 3s - loss: 1.7072 - acc: 0.3496
3424/3458 [============================>.] - ETA: 1s - loss: 1.7033 - acc: 0.3508
3456/3458 [============================>.] - ETA: 0s - loss: 1.7002 - acc: 0.3516
3458/3458 [==============================] - 171s 50ms/sample - loss: 1.7001 - acc: 0.3516

 32/865 [>.............................] - ETA: 7s - loss: 1.4623 - acc: 0.2812
 64/865 [=>............................] - ETA: 7s - loss: 1.5031 - acc: 0.2188
 96/865 [==>...........................] - ETA: 6s - loss: 1.5019 - acc: 0.2500
128/865 [===>..........................] - ETA: 6s - loss: 1.5085 - acc: 0.2422
160/865 [====>.........................] - ETA: 6s - loss: 1.5016 - acc: 0.2625
192/865 [=====>........................] - ETA: 6s - loss: 1.4908 - acc: 0.3073
224/865 [======>.......................] - ETA: 5s - loss: 1.4833 - acc: 0.3036
256/865 [=======>......................] - ETA: 5s - loss: 1.4740 - acc: 0.3125
288/865 [========>.....................] - ETA: 5s - loss: 1.4635 - acc: 0.3160
320/865 [==========>...................] - ETA: 4s - loss: 1.4648 - acc: 0.3031
352/865 [===========>..................] - ETA: 4s - loss: 1.4639 - acc: 0.3040
384/865 [============>.................] - ETA: 4s - loss: 1.4593 - acc: 0.3047
416/865 [=============>................] - ETA: 4s - loss: 1.4517 - acc: 0.3101
448/865 [==============>...............] - ETA: 3s - loss: 1.4463 - acc: 0.3103
480/865 [===============>..............] - ETA: 3s - loss: 1.4450 - acc: 0.3187
512/865 [================>.............] - ETA: 3s - loss: 1.4405 - acc: 0.3184
544/865 [=================>............] - ETA: 2s - loss: 1.4421 - acc: 0.3217
576/865 [==================>...........] - ETA: 2s - loss: 1.4385 - acc: 0.3194
608/865 [====================>.........] - ETA: 2s - loss: 1.4353 - acc: 0.3257
640/865 [=====================>........] - ETA: 2s - loss: 1.4424 - acc: 0.3219
672/865 [======================>.......] - ETA: 1s - loss: 1.4427 - acc: 0.3214
704/865 [=======================>......] - ETA: 1s - loss: 1.4396 - acc: 0.3182
736/865 [========================>.....] - ETA: 1s - loss: 1.4407 - acc: 0.3139
768/865 [=========================>....] - ETA: 0s - loss: 1.4429 - acc: 0.3125
800/865 [==========================>...] - ETA: 0s - loss: 1.4398 - acc: 0.3100
832/865 [===========================>..] - ETA: 0s - loss: 1.4382 - acc: 0.3101
864/865 [============================>.] - ETA: 0s - loss: 1.4389 - acc: 0.3113
865/865 [==============================] - 8s 9ms/sample - loss: 1.4392 - acc: 0.3110

  32/3458 [..............................] - ETA: 2:45 - loss: 1.3447 - acc: 0.3125
  64/3458 [..............................] - ETA: 2:46 - loss: 1.3282 - acc: 0.3281
  96/3458 [..............................] - ETA: 2:45 - loss: 1.3448 - acc: 0.3542
 128/3458 [>.............................] - ETA: 2:43 - loss: 1.3431 - acc: 0.3438
 160/3458 [>.............................] - ETA: 2:42 - loss: 1.3489 - acc: 0.3375
 192/3458 [>.............................] - ETA: 2:40 - loss: 1.3466 - acc: 0.3490
 224/3458 [>.............................] - ETA: 2:39 - loss: 1.3759 - acc: 0.3259
 256/3458 [=>............................] - ETA: 2:37 - loss: 1.3792 - acc: 0.3164
 288/3458 [=>............................] - ETA: 2:36 - loss: 1.3755 - acc: 0.3264
 320/3458 [=>............................] - ETA: 2:34 - loss: 1.3656 - acc: 0.3406
 352/3458 [==>...........................] - ETA: 2:33 - loss: 1.3594 - acc: 0.3580
 384/3458 [==>...........................] - ETA: 2:31 - loss: 1.3583 - acc: 0.3542
 416/3458 [==>...........................] - ETA: 2:29 - loss: 1.3425 - acc: 0.3678
 448/3458 [==>...........................] - ETA: 2:28 - loss: 1.3433 - acc: 0.3661
 480/3458 [===>..........................] - ETA: 2:26 - loss: 1.3503 - acc: 0.3729
 512/3458 [===>..........................] - ETA: 2:25 - loss: 1.3429 - acc: 0.3809
 544/3458 [===>..........................] - ETA: 2:23 - loss: 1.3418 - acc: 0.3860
 576/3458 [===>..........................] - ETA: 2:21 - loss: 1.3395 - acc: 0.3837
 608/3458 [====>.........................] - ETA: 2:20 - loss: 1.3545 - acc: 0.3865
 640/3458 [====>.........................] - ETA: 2:18 - loss: 1.3597 - acc: 0.3828
 672/3458 [====>.........................] - ETA: 2:17 - loss: 1.3571 - acc: 0.3854
 704/3458 [=====>........................] - ETA: 2:15 - loss: 1.3541 - acc: 0.3935
 736/3458 [=====>........................] - ETA: 2:14 - loss: 1.3503 - acc: 0.3954
 768/3458 [=====>........................] - ETA: 2:12 - loss: 1.3674 - acc: 0.3945
 800/3458 [=====>........................] - ETA: 2:10 - loss: 1.3630 - acc: 0.3925
 832/3458 [======>.......................] - ETA: 2:09 - loss: 1.3642 - acc: 0.3918
 864/3458 [======>.......................] - ETA: 2:07 - loss: 1.3626 - acc: 0.3889
 896/3458 [======>.......................] - ETA: 2:06 - loss: 1.3594 - acc: 0.3917
 928/3458 [=======>......................] - ETA: 2:04 - loss: 1.3588 - acc: 0.3890
 960/3458 [=======>......................] - ETA: 2:03 - loss: 1.3549 - acc: 0.3906
 992/3458 [=======>......................] - ETA: 2:01 - loss: 1.3576 - acc: 0.3901
1024/3458 [=======>......................] - ETA: 2:00 - loss: 1.3630 - acc: 0.3906
1056/3458 [========>.....................] - ETA: 1:58 - loss: 1.3597 - acc: 0.3939
1088/3458 [========>.....................] - ETA: 1:56 - loss: 1.3596 - acc: 0.3925
1120/3458 [========>.....................] - ETA: 1:55 - loss: 1.3569 - acc: 0.3964
1152/3458 [========>.....................] - ETA: 1:53 - loss: 1.3587 - acc: 0.3958
1184/3458 [=========>....................] - ETA: 1:52 - loss: 1.3637 - acc: 0.3978
1216/3458 [=========>....................] - ETA: 1:50 - loss: 1.3690 - acc: 0.3988
1248/3458 [=========>....................] - ETA: 1:49 - loss: 1.3649 - acc: 0.4022
1280/3458 [==========>...................] - ETA: 1:47 - loss: 1.3742 - acc: 0.4000
1312/3458 [==========>...................] - ETA: 1:45 - loss: 1.3774 - acc: 0.3963
1344/3458 [==========>...................] - ETA: 1:44 - loss: 1.3805 - acc: 0.3929
1376/3458 [==========>...................] - ETA: 1:42 - loss: 1.3840 - acc: 0.3917
1408/3458 [===========>..................] - ETA: 1:41 - loss: 1.3866 - acc: 0.3913
1440/3458 [===========>..................] - ETA: 1:39 - loss: 1.3902 - acc: 0.3903
1472/3458 [===========>..................] - ETA: 1:37 - loss: 1.3942 - acc: 0.3886
1504/3458 [============>.................] - ETA: 1:36 - loss: 1.3959 - acc: 0.3883
1536/3458 [============>.................] - ETA: 1:34 - loss: 1.3975 - acc: 0.3867
1568/3458 [============>.................] - ETA: 1:33 - loss: 1.3965 - acc: 0.3903
1600/3458 [============>.................] - ETA: 1:31 - loss: 1.3950 - acc: 0.3894
1632/3458 [=============>................] - ETA: 1:30 - loss: 1.3972 - acc: 0.3885
1664/3458 [=============>................] - ETA: 1:28 - loss: 1.3926 - acc: 0.3912
1696/3458 [=============>................] - ETA: 1:26 - loss: 1.3963 - acc: 0.3897
1728/3458 [=============>................] - ETA: 1:25 - loss: 1.3967 - acc: 0.3883
1760/3458 [==============>...............] - ETA: 1:23 - loss: 1.3957 - acc: 0.3903
1792/3458 [==============>...............] - ETA: 1:22 - loss: 1.4061 - acc: 0.3923
1824/3458 [==============>...............] - ETA: 1:20 - loss: 1.4046 - acc: 0.3931
1856/3458 [===============>..............] - ETA: 1:18 - loss: 1.4069 - acc: 0.3917
1888/3458 [===============>..............] - ETA: 1:17 - loss: 1.4092 - acc: 0.3914
1920/3458 [===============>..............] - ETA: 1:15 - loss: 1.4158 - acc: 0.3896
1952/3458 [===============>..............] - ETA: 1:14 - loss: 1.4196 - acc: 0.3868
1984/3458 [================>.............] - ETA: 1:12 - loss: 1.4174 - acc: 0.3861
2016/3458 [================>.............] - ETA: 1:11 - loss: 1.4171 - acc: 0.3859
2048/3458 [================>.............] - ETA: 1:09 - loss: 1.4169 - acc: 0.3862
2080/3458 [=================>............] - ETA: 1:07 - loss: 1.4163 - acc: 0.3880
2112/3458 [=================>............] - ETA: 1:06 - loss: 1.4145 - acc: 0.3902
2144/3458 [=================>............] - ETA: 1:04 - loss: 1.4120 - acc: 0.3932
2176/3458 [=================>............] - ETA: 1:03 - loss: 1.4178 - acc: 0.3929
2208/3458 [==================>...........] - ETA: 1:01 - loss: 1.4174 - acc: 0.3945
2240/3458 [==================>...........] - ETA: 1:00 - loss: 1.4187 - acc: 0.3942
2272/3458 [==================>...........] - ETA: 58s - loss: 1.4211 - acc: 0.3939 
2304/3458 [==================>...........] - ETA: 56s - loss: 1.4205 - acc: 0.3941
2336/3458 [===================>..........] - ETA: 55s - loss: 1.4218 - acc: 0.3917
2368/3458 [===================>..........] - ETA: 53s - loss: 1.4210 - acc: 0.3923
2400/3458 [===================>..........] - ETA: 52s - loss: 1.4189 - acc: 0.3933
2432/3458 [====================>.........] - ETA: 50s - loss: 1.4193 - acc: 0.3910
2464/3458 [====================>.........] - ETA: 49s - loss: 1.4218 - acc: 0.3908
2496/3458 [====================>.........] - ETA: 47s - loss: 1.4190 - acc: 0.3922
2528/3458 [====================>.........] - ETA: 45s - loss: 1.4136 - acc: 0.3956
2560/3458 [=====================>........] - ETA: 44s - loss: 1.4185 - acc: 0.3957
2592/3458 [=====================>........] - ETA: 42s - loss: 1.4180 - acc: 0.3954
2624/3458 [=====================>........] - ETA: 41s - loss: 1.4161 - acc: 0.3979
2656/3458 [======================>.......] - ETA: 39s - loss: 1.4156 - acc: 0.3972
2688/3458 [======================>.......] - ETA: 37s - loss: 1.4147 - acc: 0.3981
2720/3458 [======================>.......] - ETA: 36s - loss: 1.4163 - acc: 0.3978
2752/3458 [======================>.......] - ETA: 34s - loss: 1.4142 - acc: 0.3983
2784/3458 [=======================>......] - ETA: 33s - loss: 1.4142 - acc: 0.3980
2816/3458 [=======================>......] - ETA: 31s - loss: 1.4144 - acc: 0.3988
2848/3458 [=======================>......] - ETA: 30s - loss: 1.4135 - acc: 0.3996
2880/3458 [=======================>......] - ETA: 28s - loss: 1.4090 - acc: 0.4024
2912/3458 [========================>.....] - ETA: 26s - loss: 1.4082 - acc: 0.4042
2944/3458 [========================>.....] - ETA: 25s - loss: 1.4053 - acc: 0.4059
2976/3458 [========================>.....] - ETA: 23s - loss: 1.4034 - acc: 0.4076
3008/3458 [=========================>....] - ETA: 22s - loss: 1.4027 - acc: 0.4069
3040/3458 [=========================>....] - ETA: 20s - loss: 1.4018 - acc: 0.4082
3072/3458 [=========================>....] - ETA: 19s - loss: 1.4002 - acc: 0.4089
3104/3458 [=========================>....] - ETA: 17s - loss: 1.3970 - acc: 0.4114
3136/3458 [==========================>...] - ETA: 15s - loss: 1.3979 - acc: 0.4120
3168/3458 [==========================>...] - ETA: 14s - loss: 1.3975 - acc: 0.4122
3200/3458 [==========================>...] - ETA: 12s - loss: 1.3949 - acc: 0.4144
3232/3458 [===========================>..] - ETA: 11s - loss: 1.3935 - acc: 0.4137
3264/3458 [===========================>..] - ETA: 9s - loss: 1.3937 - acc: 0.4136 
3296/3458 [===========================>..] - ETA: 7s - loss: 1.3932 - acc: 0.4129
3328/3458 [===========================>..] - ETA: 6s - loss: 1.3902 - acc: 0.4147
3360/3458 [============================>.] - ETA: 4s - loss: 1.3899 - acc: 0.4146
3392/3458 [============================>.] - ETA: 3s - loss: 1.3897 - acc: 0.4139
3424/3458 [============================>.] - ETA: 1s - loss: 1.3913 - acc: 0.4130
3456/3458 [============================>.] - ETA: 0s - loss: 1.3913 - acc: 0.4129
3458/3458 [==============================] - 171s 49ms/sample - loss: 1.3908 - acc: 0.4130

 32/865 [>.............................] - ETA: 7s - loss: 1.3019 - acc: 0.4688
 64/865 [=>............................] - ETA: 7s - loss: 1.3627 - acc: 0.4531
 96/865 [==>...........................] - ETA: 6s - loss: 1.4061 - acc: 0.3958
128/865 [===>..........................] - ETA: 6s - loss: 1.4015 - acc: 0.3828
160/865 [====>.........................] - ETA: 6s - loss: 1.3932 - acc: 0.3812
192/865 [=====>........................] - ETA: 5s - loss: 1.3978 - acc: 0.3854
224/865 [======>.......................] - ETA: 5s - loss: 1.3812 - acc: 0.3973
256/865 [=======>......................] - ETA: 5s - loss: 1.3739 - acc: 0.3867
288/865 [========>.....................] - ETA: 5s - loss: 1.3563 - acc: 0.3958
320/865 [==========>...................] - ETA: 4s - loss: 1.3547 - acc: 0.3844
352/865 [===========>..................] - ETA: 4s - loss: 1.3474 - acc: 0.4006
384/865 [============>.................] - ETA: 4s - loss: 1.3316 - acc: 0.4141
416/865 [=============>................] - ETA: 3s - loss: 1.3245 - acc: 0.4159
448/865 [==============>...............] - ETA: 3s - loss: 1.3171 - acc: 0.4174
480/865 [===============>..............] - ETA: 3s - loss: 1.3153 - acc: 0.4125
512/865 [================>.............] - ETA: 3s - loss: 1.3081 - acc: 0.4160
544/865 [=================>............] - ETA: 2s - loss: 1.3169 - acc: 0.4062
576/865 [==================>...........] - ETA: 2s - loss: 1.3123 - acc: 0.4080
608/865 [====================>.........] - ETA: 2s - loss: 1.3120 - acc: 0.4079
640/865 [=====================>........] - ETA: 2s - loss: 1.3197 - acc: 0.4016
672/865 [======================>.......] - ETA: 1s - loss: 1.3187 - acc: 0.4062
704/865 [=======================>......] - ETA: 1s - loss: 1.3155 - acc: 0.4134
736/865 [========================>.....] - ETA: 1s - loss: 1.3175 - acc: 0.4130
768/865 [=========================>....] - ETA: 0s - loss: 1.3204 - acc: 0.4154
800/865 [==========================>...] - ETA: 0s - loss: 1.3185 - acc: 0.4100
832/865 [===========================>..] - ETA: 0s - loss: 1.3169 - acc: 0.4111
864/865 [============================>.] - ETA: 0s - loss: 1.3209 - acc: 0.4086
865/865 [==============================] - 8s 9ms/sample - loss: 1.3214 - acc: 0.4081

  32/3458 [..............................] - ETA: 2:48 - loss: 1.1068 - acc: 0.5312
  64/3458 [..............................] - ETA: 2:46 - loss: 1.1838 - acc: 0.4844
  96/3458 [..............................] - ETA: 2:44 - loss: 1.1898 - acc: 0.4896
 128/3458 [>.............................] - ETA: 2:44 - loss: 1.2710 - acc: 0.4531
 160/3458 [>.............................] - ETA: 2:42 - loss: 1.2776 - acc: 0.4500
 192/3458 [>.............................] - ETA: 2:40 - loss: 1.2690 - acc: 0.4531
 224/3458 [>.............................] - ETA: 2:39 - loss: 1.3018 - acc: 0.4420
 256/3458 [=>............................] - ETA: 2:38 - loss: 1.2923 - acc: 0.4414
 288/3458 [=>............................] - ETA: 2:36 - loss: 1.2820 - acc: 0.4410
 320/3458 [=>............................] - ETA: 2:34 - loss: 1.2972 - acc: 0.4500
 352/3458 [==>...........................] - ETA: 2:32 - loss: 1.2965 - acc: 0.4631
 384/3458 [==>...........................] - ETA: 2:31 - loss: 1.2965 - acc: 0.4635
 416/3458 [==>...........................] - ETA: 2:29 - loss: 1.2892 - acc: 0.4567
 448/3458 [==>...........................] - ETA: 2:28 - loss: 1.3022 - acc: 0.4576
 480/3458 [===>..........................] - ETA: 2:26 - loss: 1.3157 - acc: 0.4521
 512/3458 [===>..........................] - ETA: 2:24 - loss: 1.3213 - acc: 0.4512
 544/3458 [===>..........................] - ETA: 2:23 - loss: 1.3287 - acc: 0.4393
 576/3458 [===>..........................] - ETA: 2:22 - loss: 1.3377 - acc: 0.4340
 608/3458 [====>.........................] - ETA: 2:20 - loss: 1.3386 - acc: 0.4293
 640/3458 [====>.........................] - ETA: 2:18 - loss: 1.3395 - acc: 0.4234
 672/3458 [====>.........................] - ETA: 2:17 - loss: 1.3474 - acc: 0.4167
 704/3458 [=====>........................] - ETA: 2:15 - loss: 1.3491 - acc: 0.4162
 736/3458 [=====>........................] - ETA: 2:14 - loss: 1.3487 - acc: 0.4198
 768/3458 [=====>........................] - ETA: 2:12 - loss: 1.3426 - acc: 0.4219
 800/3458 [=====>........................] - ETA: 2:11 - loss: 1.3370 - acc: 0.4225
 832/3458 [======>.......................] - ETA: 2:09 - loss: 1.3345 - acc: 0.4219
 864/3458 [======>.......................] - ETA: 2:08 - loss: 1.3524 - acc: 0.4190
 896/3458 [======>.......................] - ETA: 2:06 - loss: 1.3550 - acc: 0.4174
 928/3458 [=======>......................] - ETA: 2:04 - loss: 1.3548 - acc: 0.4170
 960/3458 [=======>......................] - ETA: 2:03 - loss: 1.3529 - acc: 0.4177
 992/3458 [=======>......................] - ETA: 2:01 - loss: 1.3546 - acc: 0.4194
1024/3458 [=======>......................] - ETA: 2:00 - loss: 1.3510 - acc: 0.4189
1056/3458 [========>.....................] - ETA: 1:58 - loss: 1.3512 - acc: 0.4186
1088/3458 [========>.....................] - ETA: 1:57 - loss: 1.3538 - acc: 0.4210
1120/3458 [========>.....................] - ETA: 1:55 - loss: 1.3521 - acc: 0.4241
1152/3458 [========>.....................] - ETA: 1:53 - loss: 1.3508 - acc: 0.4288
1184/3458 [=========>....................] - ETA: 1:52 - loss: 1.3515 - acc: 0.4307
1216/3458 [=========>....................] - ETA: 1:50 - loss: 1.3460 - acc: 0.4317
1248/3458 [=========>....................] - ETA: 1:49 - loss: 1.3434 - acc: 0.4359
1280/3458 [==========>...................] - ETA: 1:47 - loss: 1.3465 - acc: 0.4328
1312/3458 [==========>...................] - ETA: 1:46 - loss: 1.3443 - acc: 0.4360
1344/3458 [==========>...................] - ETA: 1:44 - loss: 1.3398 - acc: 0.4412
1376/3458 [==========>...................] - ETA: 1:42 - loss: 1.3378 - acc: 0.4426
1408/3458 [===========>..................] - ETA: 1:41 - loss: 1.3363 - acc: 0.4446
1440/3458 [===========>..................] - ETA: 1:39 - loss: 1.3340 - acc: 0.4451
1472/3458 [===========>..................] - ETA: 1:38 - loss: 1.3337 - acc: 0.4463
1504/3458 [============>.................] - ETA: 1:36 - loss: 1.3323 - acc: 0.4468
1536/3458 [============>.................] - ETA: 1:34 - loss: 1.3318 - acc: 0.4486
1568/3458 [============>.................] - ETA: 1:33 - loss: 1.3291 - acc: 0.4483
1600/3458 [============>.................] - ETA: 1:31 - loss: 1.3288 - acc: 0.4481
1632/3458 [=============>................] - ETA: 1:30 - loss: 1.3244 - acc: 0.4498
1664/3458 [=============>................] - ETA: 1:28 - loss: 1.3209 - acc: 0.4507
1696/3458 [=============>................] - ETA: 1:26 - loss: 1.3178 - acc: 0.4517
1728/3458 [=============>................] - ETA: 1:25 - loss: 1.3167 - acc: 0.4531
1760/3458 [==============>...............] - ETA: 1:23 - loss: 1.3167 - acc: 0.4523
1792/3458 [==============>...............] - ETA: 1:22 - loss: 1.3130 - acc: 0.4565
1824/3458 [==============>...............] - ETA: 1:20 - loss: 1.3095 - acc: 0.4583
1856/3458 [===============>..............] - ETA: 1:19 - loss: 1.3102 - acc: 0.4564
1888/3458 [===============>..............] - ETA: 1:17 - loss: 1.3108 - acc: 0.4560
1920/3458 [===============>..............] - ETA: 1:15 - loss: 1.3093 - acc: 0.4573
1952/3458 [===============>..............] - ETA: 1:14 - loss: 1.3077 - acc: 0.4580
1984/3458 [================>.............] - ETA: 1:12 - loss: 1.3031 - acc: 0.4607
2016/3458 [================>.............] - ETA: 1:11 - loss: 1.3018 - acc: 0.4603
2048/3458 [================>.............] - ETA: 1:09 - loss: 1.3007 - acc: 0.4604
2080/3458 [=================>............] - ETA: 1:07 - loss: 1.2989 - acc: 0.4611
2112/3458 [=================>............] - ETA: 1:06 - loss: 1.2954 - acc: 0.4612
2144/3458 [=================>............] - ETA: 1:04 - loss: 1.2920 - acc: 0.4636
2176/3458 [=================>............] - ETA: 1:03 - loss: 1.2897 - acc: 0.4642
2208/3458 [==================>...........] - ETA: 1:01 - loss: 1.2882 - acc: 0.4642
2240/3458 [==================>...........] - ETA: 1:00 - loss: 1.2892 - acc: 0.4665
2272/3458 [==================>...........] - ETA: 58s - loss: 1.2909 - acc: 0.4670 
2304/3458 [==================>...........] - ETA: 56s - loss: 1.2868 - acc: 0.4692
2336/3458 [===================>..........] - ETA: 55s - loss: 1.2840 - acc: 0.4705
2368/3458 [===================>..........] - ETA: 53s - loss: 1.2904 - acc: 0.4692
2400/3458 [===================>..........] - ETA: 52s - loss: 1.2876 - acc: 0.4696
2432/3458 [====================>.........] - ETA: 50s - loss: 1.2865 - acc: 0.4708
2464/3458 [====================>.........] - ETA: 49s - loss: 1.2854 - acc: 0.4720
2496/3458 [====================>.........] - ETA: 47s - loss: 1.2889 - acc: 0.4704
2528/3458 [====================>.........] - ETA: 45s - loss: 1.2903 - acc: 0.4691
2560/3458 [=====================>........] - ETA: 44s - loss: 1.2894 - acc: 0.4695
2592/3458 [=====================>........] - ETA: 42s - loss: 1.2922 - acc: 0.4684
2624/3458 [=====================>........] - ETA: 41s - loss: 1.2927 - acc: 0.4672
2656/3458 [======================>.......] - ETA: 39s - loss: 1.2928 - acc: 0.4672
2688/3458 [======================>.......] - ETA: 38s - loss: 1.2952 - acc: 0.4654
2720/3458 [======================>.......] - ETA: 36s - loss: 1.2943 - acc: 0.4640
2752/3458 [======================>.......] - ETA: 34s - loss: 1.2970 - acc: 0.4633
2784/3458 [=======================>......] - ETA: 33s - loss: 1.2952 - acc: 0.4652
2816/3458 [=======================>......] - ETA: 31s - loss: 1.2966 - acc: 0.4645
2848/3458 [=======================>......] - ETA: 30s - loss: 1.2985 - acc: 0.4642
2880/3458 [=======================>......] - ETA: 28s - loss: 1.2966 - acc: 0.4656
2912/3458 [========================>.....] - ETA: 26s - loss: 1.2955 - acc: 0.4657
2944/3458 [========================>.....] - ETA: 25s - loss: 1.2942 - acc: 0.4657
2976/3458 [========================>.....] - ETA: 23s - loss: 1.2909 - acc: 0.4677
3008/3458 [=========================>....] - ETA: 22s - loss: 1.2920 - acc: 0.4671
3040/3458 [=========================>....] - ETA: 20s - loss: 1.2910 - acc: 0.4678
3072/3458 [=========================>....] - ETA: 19s - loss: 1.2896 - acc: 0.4678
3104/3458 [=========================>....] - ETA: 17s - loss: 1.2894 - acc: 0.4684
3136/3458 [==========================>...] - ETA: 15s - loss: 1.2906 - acc: 0.4684
3168/3458 [==========================>...] - ETA: 14s - loss: 1.2900 - acc: 0.4713
3200/3458 [==========================>...] - ETA: 12s - loss: 1.2884 - acc: 0.4719
3232/3458 [===========================>..] - ETA: 11s - loss: 1.2865 - acc: 0.4728
3264/3458 [===========================>..] - ETA: 9s - loss: 1.2866 - acc: 0.4727 
3296/3458 [===========================>..] - ETA: 7s - loss: 1.2874 - acc: 0.4715
3328/3458 [===========================>..] - ETA: 6s - loss: 1.2860 - acc: 0.4724
3360/3458 [============================>.] - ETA: 4s - loss: 1.2831 - acc: 0.4741
3392/3458 [============================>.] - ETA: 3s - loss: 1.2814 - acc: 0.4732
3424/3458 [============================>.] - ETA: 1s - loss: 1.2789 - acc: 0.4746
3456/3458 [============================>.] - ETA: 0s - loss: 1.2758 - acc: 0.4760
3458/3458 [==============================] - 171s 49ms/sample - loss: 1.2756 - acc: 0.4763

 32/865 [>.............................] - ETA: 7s - loss: 1.6142 - acc: 0.5000
 64/865 [=>............................] - ETA: 7s - loss: 1.2302 - acc: 0.6094
 96/865 [==>...........................] - ETA: 7s - loss: 1.3915 - acc: 0.6042
128/865 [===>..........................] - ETA: 6s - loss: 1.3292 - acc: 0.6250
160/865 [====>.........................] - ETA: 6s - loss: 1.3056 - acc: 0.6250
192/865 [=====>........................] - ETA: 6s - loss: 1.3524 - acc: 0.6094
224/865 [======>.......................] - ETA: 5s - loss: 1.3564 - acc: 0.5938
256/865 [=======>......................] - ETA: 5s - loss: 1.3324 - acc: 0.5938
288/865 [========>.....................] - ETA: 5s - loss: 1.3025 - acc: 0.5868
320/865 [==========>...................] - ETA: 4s - loss: 1.2836 - acc: 0.5781
352/865 [===========>..................] - ETA: 4s - loss: 1.3019 - acc: 0.5739
384/865 [============>.................] - ETA: 4s - loss: 1.2627 - acc: 0.5885
416/865 [=============>................] - ETA: 4s - loss: 1.2694 - acc: 0.5841
448/865 [==============>...............] - ETA: 3s - loss: 1.2683 - acc: 0.5826
480/865 [===============>..............] - ETA: 3s - loss: 1.2516 - acc: 0.5750
512/865 [================>.............] - ETA: 3s - loss: 1.2580 - acc: 0.5645
544/865 [=================>............] - ETA: 2s - loss: 1.2490 - acc: 0.5625
576/865 [==================>...........] - ETA: 2s - loss: 1.2441 - acc: 0.5590
608/865 [====================>.........] - ETA: 2s - loss: 1.2375 - acc: 0.5576
640/865 [=====================>........] - ETA: 2s - loss: 1.2319 - acc: 0.5531
672/865 [======================>.......] - ETA: 1s - loss: 1.2293 - acc: 0.5551
704/865 [=======================>......] - ETA: 1s - loss: 1.2390 - acc: 0.5526
736/865 [========================>.....] - ETA: 1s - loss: 1.2339 - acc: 0.5543
768/865 [=========================>....] - ETA: 0s - loss: 1.2143 - acc: 0.5599
800/865 [==========================>...] - ETA: 0s - loss: 1.2199 - acc: 0.5537
832/865 [===========================>..] - ETA: 0s - loss: 1.2258 - acc: 0.5589
864/865 [============================>.] - ETA: 0s - loss: 1.2426 - acc: 0.5509
865/865 [==============================] - 8s 9ms/sample - loss: 1.2411 - acc: 0.5514

  32/3458 [..............................] - ETA: 2:43 - loss: 1.6921 - acc: 0.5625
  64/3458 [..............................] - ETA: 2:45 - loss: 1.6795 - acc: 0.6250
  96/3458 [..............................] - ETA: 2:42 - loss: 1.5194 - acc: 0.6146
 128/3458 [>.............................] - ETA: 2:43 - loss: 1.3625 - acc: 0.5938
 160/3458 [>.............................] - ETA: 2:41 - loss: 1.3494 - acc: 0.5625
 192/3458 [>.............................] - ETA: 2:40 - loss: 1.2820 - acc: 0.5833
 224/3458 [>.............................] - ETA: 2:39 - loss: 1.2760 - acc: 0.5580
 256/3458 [=>............................] - ETA: 2:37 - loss: 1.2683 - acc: 0.5547
 288/3458 [=>............................] - ETA: 2:35 - loss: 1.2532 - acc: 0.5556
 320/3458 [=>............................] - ETA: 2:34 - loss: 1.2461 - acc: 0.5562
 352/3458 [==>...........................] - ETA: 2:33 - loss: 1.2391 - acc: 0.5540
 384/3458 [==>...........................] - ETA: 2:31 - loss: 1.2346 - acc: 0.5495
 416/3458 [==>...........................] - ETA: 2:30 - loss: 1.2315 - acc: 0.5457
 448/3458 [==>...........................] - ETA: 2:28 - loss: 1.2172 - acc: 0.5513
 480/3458 [===>..........................] - ETA: 2:27 - loss: 1.2164 - acc: 0.5500
 512/3458 [===>..........................] - ETA: 2:25 - loss: 1.2233 - acc: 0.5449
 544/3458 [===>..........................] - ETA: 2:23 - loss: 1.2153 - acc: 0.5441
 576/3458 [===>..........................] - ETA: 2:22 - loss: 1.2061 - acc: 0.5382
 608/3458 [====>.........................] - ETA: 2:20 - loss: 1.2044 - acc: 0.5345
 640/3458 [====>.........................] - ETA: 2:18 - loss: 1.2122 - acc: 0.5375
 672/3458 [====>.........................] - ETA: 2:17 - loss: 1.2233 - acc: 0.5372
 704/3458 [=====>........................] - ETA: 2:15 - loss: 1.2065 - acc: 0.5483
 736/3458 [=====>........................] - ETA: 2:14 - loss: 1.2002 - acc: 0.5503
 768/3458 [=====>........................] - ETA: 2:12 - loss: 1.1927 - acc: 0.5534
 800/3458 [=====>........................] - ETA: 2:11 - loss: 1.1890 - acc: 0.5525
 832/3458 [======>.......................] - ETA: 2:09 - loss: 1.1831 - acc: 0.5541
 864/3458 [======>.......................] - ETA: 2:08 - loss: 1.1729 - acc: 0.5579
 896/3458 [======>.......................] - ETA: 2:06 - loss: 1.1718 - acc: 0.5569
 928/3458 [=======>......................] - ETA: 2:04 - loss: 1.1683 - acc: 0.5560
 960/3458 [=======>......................] - ETA: 2:03 - loss: 1.1618 - acc: 0.5594
 992/3458 [=======>......................] - ETA: 2:01 - loss: 1.1573 - acc: 0.5635
1024/3458 [=======>......................] - ETA: 2:00 - loss: 1.1496 - acc: 0.5674
1056/3458 [========>.....................] - ETA: 1:58 - loss: 1.1476 - acc: 0.5663
1088/3458 [========>.....................] - ETA: 1:56 - loss: 1.1421 - acc: 0.5662
1120/3458 [========>.....................] - ETA: 1:55 - loss: 1.1508 - acc: 0.5616
1152/3458 [========>.....................] - ETA: 1:53 - loss: 1.1566 - acc: 0.5590
1184/3458 [=========>....................] - ETA: 1:52 - loss: 1.1668 - acc: 0.5583
1216/3458 [=========>....................] - ETA: 1:50 - loss: 1.1666 - acc: 0.5584
1248/3458 [=========>....................] - ETA: 1:49 - loss: 1.1651 - acc: 0.5585
1280/3458 [==========>...................] - ETA: 1:47 - loss: 1.1638 - acc: 0.5562
1312/3458 [==========>...................] - ETA: 1:46 - loss: 1.1695 - acc: 0.5564
1344/3458 [==========>...................] - ETA: 1:44 - loss: 1.1747 - acc: 0.5528
1376/3458 [==========>...................] - ETA: 1:42 - loss: 1.1683 - acc: 0.5560
1408/3458 [===========>..................] - ETA: 1:41 - loss: 1.1615 - acc: 0.5597
1440/3458 [===========>..................] - ETA: 1:39 - loss: 1.1522 - acc: 0.5632
1472/3458 [===========>..................] - ETA: 1:38 - loss: 1.1505 - acc: 0.5645
1504/3458 [============>.................] - ETA: 1:36 - loss: 1.1584 - acc: 0.5625
1536/3458 [============>.................] - ETA: 1:34 - loss: 1.1559 - acc: 0.5632
1568/3458 [============>.................] - ETA: 1:33 - loss: 1.1508 - acc: 0.5651
1600/3458 [============>.................] - ETA: 1:31 - loss: 1.1489 - acc: 0.5656
1632/3458 [=============>................] - ETA: 1:30 - loss: 1.1459 - acc: 0.5668
1664/3458 [=============>................] - ETA: 1:28 - loss: 1.1482 - acc: 0.5661
1696/3458 [=============>................] - ETA: 1:27 - loss: 1.1472 - acc: 0.5660
1728/3458 [=============>................] - ETA: 1:25 - loss: 1.1448 - acc: 0.5642
1760/3458 [==============>...............] - ETA: 1:23 - loss: 1.1431 - acc: 0.5648
1792/3458 [==============>...............] - ETA: 1:22 - loss: 1.1423 - acc: 0.5642
1824/3458 [==============>...............] - ETA: 1:20 - loss: 1.1401 - acc: 0.5652
1856/3458 [===============>..............] - ETA: 1:19 - loss: 1.1361 - acc: 0.5679
1888/3458 [===============>..............] - ETA: 1:17 - loss: 1.1374 - acc: 0.5651
1920/3458 [===============>..............] - ETA: 1:15 - loss: 1.1397 - acc: 0.5641
1952/3458 [===============>..............] - ETA: 1:14 - loss: 1.1390 - acc: 0.5656
1984/3458 [================>.............] - ETA: 1:12 - loss: 1.1377 - acc: 0.5660
2016/3458 [================>.............] - ETA: 1:11 - loss: 1.1353 - acc: 0.5655
2048/3458 [================>.............] - ETA: 1:09 - loss: 1.1297 - acc: 0.5669
2080/3458 [=================>............] - ETA: 1:08 - loss: 1.1325 - acc: 0.5654
2112/3458 [=================>............] - ETA: 1:06 - loss: 1.1318 - acc: 0.5663
2144/3458 [=================>............] - ETA: 1:04 - loss: 1.1327 - acc: 0.5648
2176/3458 [=================>............] - ETA: 1:03 - loss: 1.1345 - acc: 0.5643
2208/3458 [==================>...........] - ETA: 1:01 - loss: 1.1344 - acc: 0.5634
2240/3458 [==================>...........] - ETA: 1:00 - loss: 1.1315 - acc: 0.5638
2272/3458 [==================>...........] - ETA: 58s - loss: 1.1289 - acc: 0.5647 
2304/3458 [==================>...........] - ETA: 56s - loss: 1.1314 - acc: 0.5629
2336/3458 [===================>..........] - ETA: 55s - loss: 1.1284 - acc: 0.5646
2368/3458 [===================>..........] - ETA: 53s - loss: 1.1265 - acc: 0.5650
2400/3458 [===================>..........] - ETA: 52s - loss: 1.1270 - acc: 0.5646
2432/3458 [====================>.........] - ETA: 50s - loss: 1.1319 - acc: 0.5633
2464/3458 [====================>.........] - ETA: 49s - loss: 1.1311 - acc: 0.5625
2496/3458 [====================>.........] - ETA: 47s - loss: 1.1302 - acc: 0.5625
2528/3458 [====================>.........] - ETA: 45s - loss: 1.1296 - acc: 0.5625
2560/3458 [=====================>........] - ETA: 44s - loss: 1.1339 - acc: 0.5609
2592/3458 [=====================>........] - ETA: 42s - loss: 1.1323 - acc: 0.5625
2624/3458 [=====================>........] - ETA: 41s - loss: 1.1308 - acc: 0.5625
2656/3458 [======================>.......] - ETA: 39s - loss: 1.1342 - acc: 0.5606
2688/3458 [======================>.......] - ETA: 38s - loss: 1.1335 - acc: 0.5618
2720/3458 [======================>.......] - ETA: 36s - loss: 1.1320 - acc: 0.5625
2752/3458 [======================>.......] - ETA: 34s - loss: 1.1356 - acc: 0.5618
2784/3458 [=======================>......] - ETA: 33s - loss: 1.1364 - acc: 0.5607
2816/3458 [=======================>......] - ETA: 31s - loss: 1.1359 - acc: 0.5607
2848/3458 [=======================>......] - ETA: 30s - loss: 1.1368 - acc: 0.5604
2880/3458 [=======================>......] - ETA: 28s - loss: 1.1414 - acc: 0.5597
2912/3458 [========================>.....] - ETA: 26s - loss: 1.1417 - acc: 0.5594
2944/3458 [========================>.....] - ETA: 25s - loss: 1.1402 - acc: 0.5608
2976/3458 [========================>.....] - ETA: 23s - loss: 1.1380 - acc: 0.5622
3008/3458 [=========================>....] - ETA: 22s - loss: 1.1366 - acc: 0.5632
3040/3458 [=========================>....] - ETA: 20s - loss: 1.1364 - acc: 0.5635
3072/3458 [=========================>....] - ETA: 19s - loss: 1.1352 - acc: 0.5651
3104/3458 [=========================>....] - ETA: 17s - loss: 1.1366 - acc: 0.5660
3136/3458 [==========================>...] - ETA: 15s - loss: 1.1387 - acc: 0.5654
3168/3458 [==========================>...] - ETA: 14s - loss: 1.1397 - acc: 0.5644
3200/3458 [==========================>...] - ETA: 12s - loss: 1.1393 - acc: 0.5644
3232/3458 [===========================>..] - ETA: 11s - loss: 1.1368 - acc: 0.5647
3264/3458 [===========================>..] - ETA: 9s - loss: 1.1372 - acc: 0.5650 
3296/3458 [===========================>..] - ETA: 8s - loss: 1.1373 - acc: 0.5646
3328/3458 [===========================>..] - ETA: 6s - loss: 1.1362 - acc: 0.5661
3360/3458 [============================>.] - ETA: 4s - loss: 1.1390 - acc: 0.5652
3392/3458 [============================>.] - ETA: 3s - loss: 1.1392 - acc: 0.5654
3424/3458 [============================>.] - ETA: 1s - loss: 1.1402 - acc: 0.5645
3456/3458 [============================>.] - ETA: 0s - loss: 1.1397 - acc: 0.5657
3458/3458 [==============================] - 171s 50ms/sample - loss: 1.1401 - acc: 0.5654

 32/865 [>.............................] - ETA: 7s - loss: 1.2191 - acc: 0.6562
 64/865 [=>............................] - ETA: 6s - loss: 1.0442 - acc: 0.6875
 96/865 [==>...........................] - ETA: 6s - loss: 1.1887 - acc: 0.5729
128/865 [===>..........................] - ETA: 6s - loss: 1.1637 - acc: 0.5469
160/865 [====>.........................] - ETA: 6s - loss: 1.1664 - acc: 0.5437
192/865 [=====>........................] - ETA: 5s - loss: 1.1833 - acc: 0.5312
224/865 [======>.......................] - ETA: 5s - loss: 1.1838 - acc: 0.5357
256/865 [=======>......................] - ETA: 5s - loss: 1.1815 - acc: 0.5273
288/865 [========>.....................] - ETA: 5s - loss: 1.1493 - acc: 0.5382
320/865 [==========>...................] - ETA: 4s - loss: 1.1440 - acc: 0.5375
352/865 [===========>..................] - ETA: 4s - loss: 1.1567 - acc: 0.5398
384/865 [============>.................] - ETA: 4s - loss: 1.1315 - acc: 0.5547
416/865 [=============>................] - ETA: 3s - loss: 1.1383 - acc: 0.5505
448/865 [==============>...............] - ETA: 3s - loss: 1.1337 - acc: 0.5446
480/865 [===============>..............] - ETA: 3s - loss: 1.1306 - acc: 0.5354
512/865 [================>.............] - ETA: 3s - loss: 1.1268 - acc: 0.5371
544/865 [=================>............] - ETA: 2s - loss: 1.1288 - acc: 0.5312
576/865 [==================>...........] - ETA: 2s - loss: 1.1279 - acc: 0.5278
608/865 [====================>.........] - ETA: 2s - loss: 1.1265 - acc: 0.5263
640/865 [=====================>........] - ETA: 1s - loss: 1.1314 - acc: 0.5188
672/865 [======================>.......] - ETA: 1s - loss: 1.1255 - acc: 0.5208
704/865 [=======================>......] - ETA: 1s - loss: 1.1283 - acc: 0.5241
736/865 [========================>.....] - ETA: 1s - loss: 1.1272 - acc: 0.5204
768/865 [=========================>....] - ETA: 0s - loss: 1.1180 - acc: 0.5247
800/865 [==========================>...] - ETA: 0s - loss: 1.1207 - acc: 0.5200
832/865 [===========================>..] - ETA: 0s - loss: 1.1230 - acc: 0.5252
864/865 [============================>.] - ETA: 0s - loss: 1.1344 - acc: 0.5220
865/865 [==============================] - 8s 9ms/sample - loss: 1.1331 - acc: 0.5225

  32/3458 [..............................] - ETA: 2:52 - loss: 1.0325 - acc: 0.5312
  64/3458 [..............................] - ETA: 2:49 - loss: 1.2313 - acc: 0.5312
  96/3458 [..............................] - ETA: 2:46 - loss: 1.3440 - acc: 0.5208
 128/3458 [>.............................] - ETA: 2:44 - loss: 1.2494 - acc: 0.5547
 160/3458 [>.............................] - ETA: 2:42 - loss: 1.2213 - acc: 0.5500
 192/3458 [>.............................] - ETA: 2:40 - loss: 1.1993 - acc: 0.5521
 224/3458 [>.............................] - ETA: 2:38 - loss: 1.1468 - acc: 0.5893
 256/3458 [=>............................] - ETA: 2:37 - loss: 1.1280 - acc: 0.5898
 288/3458 [=>............................] - ETA: 2:35 - loss: 1.0993 - acc: 0.5972
 320/3458 [=>............................] - ETA: 2:34 - loss: 1.1099 - acc: 0.5844
 352/3458 [==>...........................] - ETA: 2:32 - loss: 1.1102 - acc: 0.5795
 384/3458 [==>...........................] - ETA: 2:31 - loss: 1.1166 - acc: 0.5755
 416/3458 [==>...........................] - ETA: 2:29 - loss: 1.1176 - acc: 0.5745
 448/3458 [==>...........................] - ETA: 2:27 - loss: 1.1234 - acc: 0.5670
 480/3458 [===>..........................] - ETA: 2:26 - loss: 1.1207 - acc: 0.5688
 512/3458 [===>..........................] - ETA: 2:24 - loss: 1.1083 - acc: 0.5742
 544/3458 [===>..........................] - ETA: 2:23 - loss: 1.0978 - acc: 0.5809
 576/3458 [===>..........................] - ETA: 2:21 - loss: 1.0898 - acc: 0.5833
 608/3458 [====>.........................] - ETA: 2:20 - loss: 1.1121 - acc: 0.5773
 640/3458 [====>.........................] - ETA: 2:18 - loss: 1.1201 - acc: 0.5688
 672/3458 [====>.........................] - ETA: 2:17 - loss: 1.1182 - acc: 0.5714
 704/3458 [=====>........................] - ETA: 2:15 - loss: 1.1064 - acc: 0.5724
 736/3458 [=====>........................] - ETA: 2:13 - loss: 1.1011 - acc: 0.5734
 768/3458 [=====>........................] - ETA: 2:12 - loss: 1.0855 - acc: 0.5820
 800/3458 [=====>........................] - ETA: 2:10 - loss: 1.0813 - acc: 0.5838
 832/3458 [======>.......................] - ETA: 2:09 - loss: 1.0843 - acc: 0.5829
 864/3458 [======>.......................] - ETA: 2:07 - loss: 1.0961 - acc: 0.5775
 896/3458 [======>.......................] - ETA: 2:06 - loss: 1.0929 - acc: 0.5759
 928/3458 [=======>......................] - ETA: 2:04 - loss: 1.0918 - acc: 0.5754
 960/3458 [=======>......................] - ETA: 2:02 - loss: 1.0884 - acc: 0.5771
 992/3458 [=======>......................] - ETA: 2:01 - loss: 1.0846 - acc: 0.5776
1024/3458 [=======>......................] - ETA: 1:59 - loss: 1.0773 - acc: 0.5801
1056/3458 [========>.....................] - ETA: 1:58 - loss: 1.0693 - acc: 0.5852
1088/3458 [========>.....................] - ETA: 1:56 - loss: 1.0638 - acc: 0.5882
1120/3458 [========>.....................] - ETA: 1:55 - loss: 1.0683 - acc: 0.5857
1152/3458 [========>.....................] - ETA: 1:53 - loss: 1.0717 - acc: 0.5816
1184/3458 [=========>....................] - ETA: 1:51 - loss: 1.0681 - acc: 0.5845
1216/3458 [=========>....................] - ETA: 1:50 - loss: 1.0637 - acc: 0.5855
1248/3458 [=========>....................] - ETA: 1:48 - loss: 1.0636 - acc: 0.5849
1280/3458 [==========>...................] - ETA: 1:47 - loss: 1.0622 - acc: 0.5875
1312/3458 [==========>...................] - ETA: 1:45 - loss: 1.0625 - acc: 0.5892
1344/3458 [==========>...................] - ETA: 1:44 - loss: 1.0661 - acc: 0.5871
1376/3458 [==========>...................] - ETA: 1:42 - loss: 1.0692 - acc: 0.5887
1408/3458 [===========>..................] - ETA: 1:40 - loss: 1.0649 - acc: 0.5916
1440/3458 [===========>..................] - ETA: 1:39 - loss: 1.0637 - acc: 0.5910
1472/3458 [===========>..................] - ETA: 1:37 - loss: 1.0609 - acc: 0.5904
1504/3458 [============>.................] - ETA: 1:36 - loss: 1.0533 - acc: 0.5931
1536/3458 [============>.................] - ETA: 1:34 - loss: 1.0543 - acc: 0.5918
1568/3458 [============>.................] - ETA: 1:33 - loss: 1.0487 - acc: 0.5938
1600/3458 [============>.................] - ETA: 1:31 - loss: 1.0468 - acc: 0.5931
1632/3458 [=============>................] - ETA: 1:29 - loss: 1.0422 - acc: 0.5950
1664/3458 [=============>................] - ETA: 1:28 - loss: 1.0391 - acc: 0.5944
1696/3458 [=============>................] - ETA: 1:26 - loss: 1.0372 - acc: 0.5943
1728/3458 [=============>................] - ETA: 1:25 - loss: 1.0364 - acc: 0.5949
1760/3458 [==============>...............] - ETA: 1:23 - loss: 1.0376 - acc: 0.5949
1792/3458 [==============>...............] - ETA: 1:22 - loss: 1.0432 - acc: 0.5926
1824/3458 [==============>...............] - ETA: 1:20 - loss: 1.0405 - acc: 0.5948
1856/3458 [===============>..............] - ETA: 1:18 - loss: 1.0393 - acc: 0.5959
1888/3458 [===============>..............] - ETA: 1:17 - loss: 1.0343 - acc: 0.5990
1920/3458 [===============>..............] - ETA: 1:15 - loss: 1.0337 - acc: 0.6021
1952/3458 [===============>..............] - ETA: 1:14 - loss: 1.0331 - acc: 0.6014
1984/3458 [================>.............] - ETA: 1:12 - loss: 1.0354 - acc: 0.6008
2016/3458 [================>.............] - ETA: 1:10 - loss: 1.0364 - acc: 0.5997
2048/3458 [================>.............] - ETA: 1:09 - loss: 1.0379 - acc: 0.6001
2080/3458 [=================>............] - ETA: 1:07 - loss: 1.0382 - acc: 0.6010
2112/3458 [=================>............] - ETA: 1:06 - loss: 1.0351 - acc: 0.6032
2144/3458 [=================>............] - ETA: 1:04 - loss: 1.0366 - acc: 0.6049
2176/3458 [=================>............] - ETA: 1:03 - loss: 1.0356 - acc: 0.6052
2208/3458 [==================>...........] - ETA: 1:01 - loss: 1.0327 - acc: 0.6069
2240/3458 [==================>...........] - ETA: 59s - loss: 1.0326 - acc: 0.6094 
2272/3458 [==================>...........] - ETA: 58s - loss: 1.0290 - acc: 0.6092
2304/3458 [==================>...........] - ETA: 56s - loss: 1.0294 - acc: 0.6081
2336/3458 [===================>..........] - ETA: 55s - loss: 1.0325 - acc: 0.6057
2368/3458 [===================>..........] - ETA: 53s - loss: 1.0360 - acc: 0.6047
2400/3458 [===================>..........] - ETA: 52s - loss: 1.0354 - acc: 0.6062
2432/3458 [====================>.........] - ETA: 50s - loss: 1.0337 - acc: 0.6065
2464/3458 [====================>.........] - ETA: 48s - loss: 1.0315 - acc: 0.6075
2496/3458 [====================>.........] - ETA: 47s - loss: 1.0336 - acc: 0.6074
2528/3458 [====================>.........] - ETA: 45s - loss: 1.0353 - acc: 0.6052
2560/3458 [=====================>........] - ETA: 44s - loss: 1.0332 - acc: 0.6059
2592/3458 [=====================>........] - ETA: 42s - loss: 1.0335 - acc: 0.6061
2624/3458 [=====================>........] - ETA: 41s - loss: 1.0317 - acc: 0.6071
2656/3458 [======================>.......] - ETA: 39s - loss: 1.0339 - acc: 0.6050
2688/3458 [======================>.......] - ETA: 37s - loss: 1.0336 - acc: 0.6064
2720/3458 [======================>.......] - ETA: 36s - loss: 1.0332 - acc: 0.6070
2752/3458 [======================>.......] - ETA: 34s - loss: 1.0302 - acc: 0.6076
2784/3458 [=======================>......] - ETA: 33s - loss: 1.0309 - acc: 0.6070
2816/3458 [=======================>......] - ETA: 31s - loss: 1.0351 - acc: 0.6080
2848/3458 [=======================>......] - ETA: 30s - loss: 1.0380 - acc: 0.6081
2880/3458 [=======================>......] - ETA: 28s - loss: 1.0379 - acc: 0.6083
2912/3458 [========================>.....] - ETA: 26s - loss: 1.0362 - acc: 0.6089
2944/3458 [========================>.....] - ETA: 25s - loss: 1.0345 - acc: 0.6094
2976/3458 [========================>.....] - ETA: 23s - loss: 1.0320 - acc: 0.6109
3008/3458 [=========================>....] - ETA: 22s - loss: 1.0330 - acc: 0.6114
3040/3458 [=========================>....] - ETA: 20s - loss: 1.0343 - acc: 0.6115
3072/3458 [=========================>....] - ETA: 18s - loss: 1.0350 - acc: 0.6110
3104/3458 [=========================>....] - ETA: 17s - loss: 1.0355 - acc: 0.6108
3136/3458 [==========================>...] - ETA: 15s - loss: 1.0332 - acc: 0.6116
3168/3458 [==========================>...] - ETA: 14s - loss: 1.0352 - acc: 0.6105
3200/3458 [==========================>...] - ETA: 12s - loss: 1.0336 - acc: 0.6109
3232/3458 [===========================>..] - ETA: 11s - loss: 1.0356 - acc: 0.6101
3264/3458 [===========================>..] - ETA: 9s - loss: 1.0343 - acc: 0.6106 
3296/3458 [===========================>..] - ETA: 7s - loss: 1.0341 - acc: 0.6107
3328/3458 [===========================>..] - ETA: 6s - loss: 1.0350 - acc: 0.6106
3360/3458 [============================>.] - ETA: 4s - loss: 1.0383 - acc: 0.6104
3392/3458 [============================>.] - ETA: 3s - loss: 1.0370 - acc: 0.6097
3424/3458 [============================>.] - ETA: 1s - loss: 1.0365 - acc: 0.6092
3456/3458 [============================>.] - ETA: 0s - loss: 1.0372 - acc: 0.6088
3458/3458 [==============================] - 171s 49ms/sample - loss: 1.0373 - acc: 0.6090

 32/865 [>.............................] - ETA: 7s - loss: 1.1528 - acc: 0.5625
 64/865 [=>............................] - ETA: 7s - loss: 1.1619 - acc: 0.5625
 96/865 [==>...........................] - ETA: 6s - loss: 1.1861 - acc: 0.5208
128/865 [===>..........................] - ETA: 6s - loss: 1.1549 - acc: 0.5391
160/865 [====>.........................] - ETA: 6s - loss: 1.1498 - acc: 0.5312
192/865 [=====>........................] - ETA: 5s - loss: 1.1527 - acc: 0.5365
224/865 [======>.......................] - ETA: 5s - loss: 1.1304 - acc: 0.5446
256/865 [=======>......................] - ETA: 5s - loss: 1.1171 - acc: 0.5430
288/865 [========>.....................] - ETA: 5s - loss: 1.0915 - acc: 0.5590
320/865 [==========>...................] - ETA: 4s - loss: 1.1221 - acc: 0.5406
352/865 [===========>..................] - ETA: 4s - loss: 1.1250 - acc: 0.5455
384/865 [============>.................] - ETA: 4s - loss: 1.0989 - acc: 0.5625
416/865 [=============>................] - ETA: 3s - loss: 1.1072 - acc: 0.5553
448/865 [==============>...............] - ETA: 3s - loss: 1.1110 - acc: 0.5424
480/865 [===============>..............] - ETA: 3s - loss: 1.1084 - acc: 0.5396
512/865 [================>.............] - ETA: 3s - loss: 1.1016 - acc: 0.5488
544/865 [=================>............] - ETA: 2s - loss: 1.1051 - acc: 0.5423
576/865 [==================>...........] - ETA: 2s - loss: 1.1064 - acc: 0.5330
608/865 [====================>.........] - ETA: 2s - loss: 1.1139 - acc: 0.5329
640/865 [=====================>........] - ETA: 2s - loss: 1.1264 - acc: 0.5250
672/865 [======================>.......] - ETA: 1s - loss: 1.1198 - acc: 0.5327
704/865 [=======================>......] - ETA: 1s - loss: 1.1218 - acc: 0.5327
736/865 [========================>.....] - ETA: 1s - loss: 1.1224 - acc: 0.5353
768/865 [=========================>....] - ETA: 0s - loss: 1.1200 - acc: 0.5352
800/865 [==========================>...] - ETA: 0s - loss: 1.1164 - acc: 0.5350
832/865 [===========================>..] - ETA: 0s - loss: 1.1149 - acc: 0.5373
864/865 [============================>.] - ETA: 0s - loss: 1.1282 - acc: 0.5336
865/865 [==============================] - 8s 9ms/sample - loss: 1.1276 - acc: 0.5341
