For Dropout_1=0.3 Dropout_2=0.1
daisy loaded
dandelion loaded
rose loaded
sunflower loaded
tulip loaded

  32/3458 [..............................] - ETA: 3:08 - loss: 1.6205 - acc: 0.1875
  64/3458 [..............................] - ETA: 2:58 - loss: 30.7183 - acc: 0.2188
  96/3458 [..............................] - ETA: 2:52 - loss: 26.8250 - acc: 0.2083
 128/3458 [>.............................] - ETA: 2:49 - loss: 22.4283 - acc: 0.2031
 160/3458 [>.............................] - ETA: 2:46 - loss: 18.5053 - acc: 0.2125
 192/3458 [>.............................] - ETA: 2:44 - loss: 15.7040 - acc: 0.2135
 224/3458 [>.............................] - ETA: 2:42 - loss: 13.6912 - acc: 0.1964
 256/3458 [=>............................] - ETA: 2:40 - loss: 12.1815 - acc: 0.1797
 288/3458 [=>............................] - ETA: 2:37 - loss: 11.0060 - acc: 0.1840
 320/3458 [=>............................] - ETA: 2:36 - loss: 10.0666 - acc: 0.1813
 352/3458 [==>...........................] - ETA: 2:34 - loss: 9.2939 - acc: 0.1818 
 384/3458 [==>...........................] - ETA: 2:32 - loss: 8.6524 - acc: 0.1745
 416/3458 [==>...........................] - ETA: 2:31 - loss: 8.1042 - acc: 0.1827
 448/3458 [==>...........................] - ETA: 2:29 - loss: 7.6442 - acc: 0.1786
 480/3458 [===>..........................] - ETA: 2:27 - loss: 7.2435 - acc: 0.1771
 512/3458 [===>..........................] - ETA: 2:26 - loss: 6.8967 - acc: 0.1758
 544/3458 [===>..........................] - ETA: 2:24 - loss: 6.5813 - acc: 0.1912
 576/3458 [===>..........................] - ETA: 2:22 - loss: 6.3093 - acc: 0.1910
 608/3458 [====>.........................] - ETA: 2:21 - loss: 6.0586 - acc: 0.1957
 640/3458 [====>.........................] - ETA: 2:19 - loss: 5.8349 - acc: 0.2000
 672/3458 [====>.........................] - ETA: 2:17 - loss: 5.6288 - acc: 0.2054
 704/3458 [=====>........................] - ETA: 2:16 - loss: 5.4442 - acc: 0.2045
 736/3458 [=====>........................] - ETA: 2:14 - loss: 5.2737 - acc: 0.2092
 768/3458 [=====>........................] - ETA: 2:12 - loss: 5.1199 - acc: 0.2109
 800/3458 [=====>........................] - ETA: 2:11 - loss: 4.9741 - acc: 0.2062
 832/3458 [======>.......................] - ETA: 2:09 - loss: 4.8390 - acc: 0.2091
 864/3458 [======>.......................] - ETA: 2:08 - loss: 4.7247 - acc: 0.2141
 896/3458 [======>.......................] - ETA: 2:06 - loss: 4.6118 - acc: 0.2154
 928/3458 [=======>......................] - ETA: 2:04 - loss: 4.5060 - acc: 0.2155
 960/3458 [=======>......................] - ETA: 2:03 - loss: 4.4083 - acc: 0.2177
 992/3458 [=======>......................] - ETA: 2:01 - loss: 4.3206 - acc: 0.2167
1024/3458 [=======>......................] - ETA: 2:00 - loss: 4.2351 - acc: 0.2158
1056/3458 [========>.....................] - ETA: 1:58 - loss: 4.1542 - acc: 0.2206
1088/3458 [========>.....................] - ETA: 1:56 - loss: 4.0785 - acc: 0.2215
1120/3458 [========>.....................] - ETA: 1:55 - loss: 4.0068 - acc: 0.2214
1152/3458 [========>.....................] - ETA: 1:53 - loss: 3.9384 - acc: 0.2248
1184/3458 [=========>....................] - ETA: 1:52 - loss: 3.8748 - acc: 0.2272
1216/3458 [=========>....................] - ETA: 1:50 - loss: 3.8123 - acc: 0.2278
1248/3458 [=========>....................] - ETA: 1:48 - loss: 3.7552 - acc: 0.2292
1280/3458 [==========>...................] - ETA: 1:47 - loss: 3.6965 - acc: 0.2344
1312/3458 [==========>...................] - ETA: 1:45 - loss: 3.6432 - acc: 0.2355
1344/3458 [==========>...................] - ETA: 1:44 - loss: 3.5932 - acc: 0.2374
1376/3458 [==========>...................] - ETA: 1:42 - loss: 3.5418 - acc: 0.2391
1408/3458 [===========>..................] - ETA: 1:40 - loss: 3.4974 - acc: 0.2408
1440/3458 [===========>..................] - ETA: 1:39 - loss: 3.4557 - acc: 0.2424
1472/3458 [===========>..................] - ETA: 1:37 - loss: 3.4109 - acc: 0.2452
1504/3458 [============>.................] - ETA: 1:36 - loss: 3.3726 - acc: 0.2460
1536/3458 [============>.................] - ETA: 1:34 - loss: 3.3339 - acc: 0.2474
1568/3458 [============>.................] - ETA: 1:32 - loss: 3.2954 - acc: 0.2474
1600/3458 [============>.................] - ETA: 1:31 - loss: 3.2609 - acc: 0.2488
1632/3458 [=============>................] - ETA: 1:29 - loss: 3.2248 - acc: 0.2506
1664/3458 [=============>................] - ETA: 1:28 - loss: 3.1912 - acc: 0.2512
1696/3458 [=============>................] - ETA: 1:26 - loss: 3.1606 - acc: 0.2494
1728/3458 [=============>................] - ETA: 1:25 - loss: 3.1277 - acc: 0.2517
1760/3458 [==============>...............] - ETA: 1:23 - loss: 3.0966 - acc: 0.2540
1792/3458 [==============>...............] - ETA: 1:21 - loss: 3.0650 - acc: 0.2573
1824/3458 [==============>...............] - ETA: 1:20 - loss: 3.0362 - acc: 0.2588
1856/3458 [===============>..............] - ETA: 1:18 - loss: 3.0112 - acc: 0.2592
1888/3458 [===============>..............] - ETA: 1:17 - loss: 2.9846 - acc: 0.2606
1920/3458 [===============>..............] - ETA: 1:15 - loss: 2.9625 - acc: 0.2599
1952/3458 [===============>..............] - ETA: 1:14 - loss: 2.9377 - acc: 0.2628
1984/3458 [================>.............] - ETA: 1:12 - loss: 2.9145 - acc: 0.2651
2016/3458 [================>.............] - ETA: 1:10 - loss: 2.8905 - acc: 0.2679
2048/3458 [================>.............] - ETA: 1:09 - loss: 2.8679 - acc: 0.2676
2080/3458 [=================>............] - ETA: 1:07 - loss: 2.8470 - acc: 0.2678
2112/3458 [=================>............] - ETA: 1:06 - loss: 2.8257 - acc: 0.2699
2144/3458 [=================>............] - ETA: 1:04 - loss: 2.8051 - acc: 0.2724
2176/3458 [=================>............] - ETA: 1:02 - loss: 2.7869 - acc: 0.2734
2208/3458 [==================>...........] - ETA: 1:01 - loss: 2.7671 - acc: 0.2749
2240/3458 [==================>...........] - ETA: 59s - loss: 2.7480 - acc: 0.2768 
2272/3458 [==================>...........] - ETA: 58s - loss: 2.7280 - acc: 0.2790
2304/3458 [==================>...........] - ETA: 56s - loss: 2.7089 - acc: 0.2804
2336/3458 [===================>..........] - ETA: 55s - loss: 2.6927 - acc: 0.2812
2368/3458 [===================>..........] - ETA: 53s - loss: 2.6743 - acc: 0.2817
2400/3458 [===================>..........] - ETA: 52s - loss: 2.6600 - acc: 0.2821
2432/3458 [====================>.........] - ETA: 50s - loss: 2.6425 - acc: 0.2841
2464/3458 [====================>.........] - ETA: 48s - loss: 2.6262 - acc: 0.2849
2496/3458 [====================>.........] - ETA: 47s - loss: 2.6134 - acc: 0.2845
2528/3458 [====================>.........] - ETA: 45s - loss: 2.5971 - acc: 0.2864
2560/3458 [=====================>........] - ETA: 44s - loss: 2.5819 - acc: 0.2891
2592/3458 [=====================>........] - ETA: 42s - loss: 2.5674 - acc: 0.2897
2624/3458 [=====================>........] - ETA: 40s - loss: 2.5558 - acc: 0.2904
2656/3458 [======================>.......] - ETA: 39s - loss: 2.5426 - acc: 0.2907
2688/3458 [======================>.......] - ETA: 37s - loss: 2.5284 - acc: 0.2924
2720/3458 [======================>.......] - ETA: 36s - loss: 2.5132 - acc: 0.2956
2752/3458 [======================>.......] - ETA: 34s - loss: 2.4995 - acc: 0.2958
2784/3458 [=======================>......] - ETA: 33s - loss: 2.4861 - acc: 0.2978
2816/3458 [=======================>......] - ETA: 31s - loss: 2.4718 - acc: 0.2987
2848/3458 [=======================>......] - ETA: 29s - loss: 2.4569 - acc: 0.3002
2880/3458 [=======================>......] - ETA: 28s - loss: 2.4431 - acc: 0.3014
2912/3458 [========================>.....] - ETA: 26s - loss: 2.4273 - acc: 0.3056
2944/3458 [========================>.....] - ETA: 25s - loss: 2.4157 - acc: 0.3081
2976/3458 [========================>.....] - ETA: 23s - loss: 2.4045 - acc: 0.3098
3008/3458 [=========================>....] - ETA: 22s - loss: 2.3907 - acc: 0.3122
3040/3458 [=========================>....] - ETA: 20s - loss: 2.3791 - acc: 0.3132
3072/3458 [=========================>....] - ETA: 18s - loss: 2.3677 - acc: 0.3141
3104/3458 [=========================>....] - ETA: 17s - loss: 2.3581 - acc: 0.3154
3136/3458 [==========================>...] - ETA: 15s - loss: 2.3464 - acc: 0.3170
3168/3458 [==========================>...] - ETA: 14s - loss: 2.3359 - acc: 0.3179
3200/3458 [==========================>...] - ETA: 12s - loss: 2.3264 - acc: 0.3181
3232/3458 [===========================>..] - ETA: 11s - loss: 2.3153 - acc: 0.3199
3264/3458 [===========================>..] - ETA: 9s - loss: 2.3045 - acc: 0.3211 
3296/3458 [===========================>..] - ETA: 7s - loss: 2.2944 - acc: 0.3213
3328/3458 [===========================>..] - ETA: 6s - loss: 2.2848 - acc: 0.3212
3360/3458 [============================>.] - ETA: 4s - loss: 2.2757 - acc: 0.3223
3392/3458 [============================>.] - ETA: 3s - loss: 2.2630 - acc: 0.3258
3424/3458 [============================>.] - ETA: 1s - loss: 2.2514 - acc: 0.3274
3456/3458 [============================>.] - ETA: 0s - loss: 2.2423 - acc: 0.3278
3458/3458 [==============================] - 170s 49ms/sample - loss: 2.2413 - acc: 0.3279

 32/865 [>.............................] - ETA: 8s - loss: 1.3064 - acc: 0.4375
 64/865 [=>............................] - ETA: 7s - loss: 1.3030 - acc: 0.4375
 96/865 [==>...........................] - ETA: 7s - loss: 1.3102 - acc: 0.4271
128/865 [===>..........................] - ETA: 6s - loss: 1.1978 - acc: 0.4766
160/865 [====>.........................] - ETA: 6s - loss: 1.1824 - acc: 0.4938
192/865 [=====>........................] - ETA: 6s - loss: 1.1895 - acc: 0.4792
224/865 [======>.......................] - ETA: 5s - loss: 1.2105 - acc: 0.4688
256/865 [=======>......................] - ETA: 5s - loss: 1.2222 - acc: 0.4883
288/865 [========>.....................] - ETA: 5s - loss: 1.2713 - acc: 0.4757
320/865 [==========>...................] - ETA: 4s - loss: 1.2648 - acc: 0.4844
352/865 [===========>..................] - ETA: 4s - loss: 1.2852 - acc: 0.4830
384/865 [============>.................] - ETA: 4s - loss: 1.2678 - acc: 0.4948
416/865 [=============>................] - ETA: 4s - loss: 1.2660 - acc: 0.4952
448/865 [==============>...............] - ETA: 3s - loss: 1.2578 - acc: 0.4955
480/865 [===============>..............] - ETA: 3s - loss: 1.2681 - acc: 0.4938
512/865 [================>.............] - ETA: 3s - loss: 1.2725 - acc: 0.4902
544/865 [=================>............] - ETA: 2s - loss: 1.2703 - acc: 0.4890
576/865 [==================>...........] - ETA: 2s - loss: 1.2504 - acc: 0.5000
608/865 [====================>.........] - ETA: 2s - loss: 1.2514 - acc: 0.4967
640/865 [=====================>........] - ETA: 2s - loss: 1.2482 - acc: 0.4922
672/865 [======================>.......] - ETA: 1s - loss: 1.2418 - acc: 0.4970
704/865 [=======================>......] - ETA: 1s - loss: 1.2292 - acc: 0.5014
736/865 [========================>.....] - ETA: 1s - loss: 1.2238 - acc: 0.5054
768/865 [=========================>....] - ETA: 0s - loss: 1.2315 - acc: 0.5039
800/865 [==========================>...] - ETA: 0s - loss: 1.2312 - acc: 0.5088
832/865 [===========================>..] - ETA: 0s - loss: 1.2361 - acc: 0.5000
864/865 [============================>.] - ETA: 0s - loss: 1.2301 - acc: 0.5023
865/865 [==============================] - 8s 9ms/sample - loss: 1.2294 - acc: 0.5029

  32/3458 [..............................] - ETA: 2:48 - loss: 1.5222 - acc: 0.4062
  64/3458 [..............................] - ETA: 2:46 - loss: 1.3244 - acc: 0.5000
  96/3458 [..............................] - ETA: 2:44 - loss: 1.2529 - acc: 0.4896
 128/3458 [>.............................] - ETA: 2:42 - loss: 1.1871 - acc: 0.5234
 160/3458 [>.............................] - ETA: 2:41 - loss: 1.1655 - acc: 0.5250
 192/3458 [>.............................] - ETA: 2:40 - loss: 1.1397 - acc: 0.5365
 224/3458 [>.............................] - ETA: 2:38 - loss: 1.1572 - acc: 0.5357
 256/3458 [=>............................] - ETA: 2:37 - loss: 1.1731 - acc: 0.5391
 288/3458 [=>............................] - ETA: 2:35 - loss: 1.1776 - acc: 0.5451
 320/3458 [=>............................] - ETA: 2:33 - loss: 1.1810 - acc: 0.5500
 352/3458 [==>...........................] - ETA: 2:32 - loss: 1.2084 - acc: 0.5483
 384/3458 [==>...........................] - ETA: 2:30 - loss: 1.2302 - acc: 0.5469
 416/3458 [==>...........................] - ETA: 2:29 - loss: 1.2108 - acc: 0.5505
 448/3458 [==>...........................] - ETA: 2:27 - loss: 1.2064 - acc: 0.5424
 480/3458 [===>..........................] - ETA: 2:26 - loss: 1.2116 - acc: 0.5396
 512/3458 [===>..........................] - ETA: 2:24 - loss: 1.2082 - acc: 0.5371
 544/3458 [===>..........................] - ETA: 2:23 - loss: 1.2272 - acc: 0.5276
 576/3458 [===>..........................] - ETA: 2:21 - loss: 1.2339 - acc: 0.5191
 608/3458 [====>.........................] - ETA: 2:20 - loss: 1.2316 - acc: 0.5181
 640/3458 [====>.........................] - ETA: 2:18 - loss: 1.2264 - acc: 0.5234
 672/3458 [====>.........................] - ETA: 2:16 - loss: 1.2272 - acc: 0.5253
 704/3458 [=====>........................] - ETA: 2:15 - loss: 1.2272 - acc: 0.5256
 736/3458 [=====>........................] - ETA: 2:13 - loss: 1.2207 - acc: 0.5299
 768/3458 [=====>........................] - ETA: 2:12 - loss: 1.2174 - acc: 0.5299
 800/3458 [=====>........................] - ETA: 2:10 - loss: 1.2128 - acc: 0.5300
 832/3458 [======>.......................] - ETA: 2:09 - loss: 1.2139 - acc: 0.5325
 864/3458 [======>.......................] - ETA: 2:07 - loss: 1.2162 - acc: 0.5312
 896/3458 [======>.......................] - ETA: 2:05 - loss: 1.2162 - acc: 0.5301
 928/3458 [=======>......................] - ETA: 2:04 - loss: 1.2089 - acc: 0.5291
 960/3458 [=======>......................] - ETA: 2:02 - loss: 1.2056 - acc: 0.5312
 992/3458 [=======>......................] - ETA: 2:01 - loss: 1.2039 - acc: 0.5312
1024/3458 [=======>......................] - ETA: 1:59 - loss: 1.2040 - acc: 0.5312
1056/3458 [========>.....................] - ETA: 1:58 - loss: 1.1987 - acc: 0.5303
1088/3458 [========>.....................] - ETA: 1:56 - loss: 1.1939 - acc: 0.5312
1120/3458 [========>.....................] - ETA: 1:55 - loss: 1.1980 - acc: 0.5330
1152/3458 [========>.....................] - ETA: 1:53 - loss: 1.2002 - acc: 0.5330
1184/3458 [=========>....................] - ETA: 1:52 - loss: 1.1963 - acc: 0.5346
1216/3458 [=========>....................] - ETA: 1:50 - loss: 1.1893 - acc: 0.5337
1248/3458 [=========>....................] - ETA: 1:48 - loss: 1.1852 - acc: 0.5345
1280/3458 [==========>...................] - ETA: 1:47 - loss: 1.1810 - acc: 0.5320
1312/3458 [==========>...................] - ETA: 1:45 - loss: 1.1813 - acc: 0.5328
1344/3458 [==========>...................] - ETA: 1:44 - loss: 1.1772 - acc: 0.5350
1376/3458 [==========>...................] - ETA: 1:42 - loss: 1.1791 - acc: 0.5349
1408/3458 [===========>..................] - ETA: 1:40 - loss: 1.1746 - acc: 0.5384
1440/3458 [===========>..................] - ETA: 1:39 - loss: 1.1725 - acc: 0.5382
1472/3458 [===========>..................] - ETA: 1:37 - loss: 1.1704 - acc: 0.5380
1504/3458 [============>.................] - ETA: 1:36 - loss: 1.1763 - acc: 0.5339
1536/3458 [============>.................] - ETA: 1:34 - loss: 1.1695 - acc: 0.5365
1568/3458 [============>.................] - ETA: 1:32 - loss: 1.1642 - acc: 0.5370
1600/3458 [============>.................] - ETA: 1:31 - loss: 1.1744 - acc: 0.5350
1632/3458 [=============>................] - ETA: 1:29 - loss: 1.1710 - acc: 0.5343
1664/3458 [=============>................] - ETA: 1:28 - loss: 1.1722 - acc: 0.5337
1696/3458 [=============>................] - ETA: 1:26 - loss: 1.1702 - acc: 0.5336
1728/3458 [=============>................] - ETA: 1:25 - loss: 1.1680 - acc: 0.5347
1760/3458 [==============>...............] - ETA: 1:23 - loss: 1.1686 - acc: 0.5335
1792/3458 [==============>...............] - ETA: 1:21 - loss: 1.1673 - acc: 0.5329
1824/3458 [==============>...............] - ETA: 1:20 - loss: 1.1669 - acc: 0.5323
1856/3458 [===============>..............] - ETA: 1:18 - loss: 1.1722 - acc: 0.5318
1888/3458 [===============>..............] - ETA: 1:17 - loss: 1.1715 - acc: 0.5334
1920/3458 [===============>..............] - ETA: 1:15 - loss: 1.1726 - acc: 0.5307
1952/3458 [===============>..............] - ETA: 1:14 - loss: 1.1744 - acc: 0.5292
1984/3458 [================>.............] - ETA: 1:12 - loss: 1.1734 - acc: 0.5302
2016/3458 [================>.............] - ETA: 1:10 - loss: 1.1742 - acc: 0.5288
2048/3458 [================>.............] - ETA: 1:09 - loss: 1.1722 - acc: 0.5308
2080/3458 [=================>............] - ETA: 1:07 - loss: 1.1764 - acc: 0.5288
2112/3458 [=================>............] - ETA: 1:06 - loss: 1.1750 - acc: 0.5284
2144/3458 [=================>............] - ETA: 1:04 - loss: 1.1718 - acc: 0.5271
2176/3458 [=================>............] - ETA: 1:03 - loss: 1.1674 - acc: 0.5303
2208/3458 [==================>...........] - ETA: 1:01 - loss: 1.1666 - acc: 0.5303
2240/3458 [==================>...........] - ETA: 59s - loss: 1.1634 - acc: 0.5321 
2272/3458 [==================>...........] - ETA: 58s - loss: 1.1662 - acc: 0.5308
2304/3458 [==================>...........] - ETA: 56s - loss: 1.1679 - acc: 0.5299
2336/3458 [===================>..........] - ETA: 55s - loss: 1.1644 - acc: 0.5325
2368/3458 [===================>..........] - ETA: 53s - loss: 1.1629 - acc: 0.5325
2400/3458 [===================>..........] - ETA: 52s - loss: 1.1621 - acc: 0.5325
2432/3458 [====================>.........] - ETA: 50s - loss: 1.1625 - acc: 0.5325
2464/3458 [====================>.........] - ETA: 48s - loss: 1.1591 - acc: 0.5341
2496/3458 [====================>.........] - ETA: 47s - loss: 1.1588 - acc: 0.5349
2528/3458 [====================>.........] - ETA: 45s - loss: 1.1572 - acc: 0.5352
2560/3458 [=====================>........] - ETA: 44s - loss: 1.1539 - acc: 0.5363
2592/3458 [=====================>........] - ETA: 42s - loss: 1.1531 - acc: 0.5370
2624/3458 [=====================>........] - ETA: 40s - loss: 1.1533 - acc: 0.5370
2656/3458 [======================>.......] - ETA: 39s - loss: 1.1501 - acc: 0.5373
2688/3458 [======================>.......] - ETA: 37s - loss: 1.1494 - acc: 0.5383
2720/3458 [======================>.......] - ETA: 36s - loss: 1.1493 - acc: 0.5382
2752/3458 [======================>.......] - ETA: 34s - loss: 1.1463 - acc: 0.5400
2784/3458 [=======================>......] - ETA: 33s - loss: 1.1441 - acc: 0.5399
2816/3458 [=======================>......] - ETA: 31s - loss: 1.1400 - acc: 0.5419
2848/3458 [=======================>......] - ETA: 29s - loss: 1.1370 - acc: 0.5425
2880/3458 [=======================>......] - ETA: 28s - loss: 1.1336 - acc: 0.5444
2912/3458 [========================>.....] - ETA: 26s - loss: 1.1309 - acc: 0.5460
2944/3458 [========================>.....] - ETA: 25s - loss: 1.1272 - acc: 0.5476
2976/3458 [========================>.....] - ETA: 23s - loss: 1.1290 - acc: 0.5460
3008/3458 [=========================>....] - ETA: 22s - loss: 1.1267 - acc: 0.5459
3040/3458 [=========================>....] - ETA: 20s - loss: 1.1281 - acc: 0.5464
3072/3458 [=========================>....] - ETA: 18s - loss: 1.1310 - acc: 0.5472
3104/3458 [=========================>....] - ETA: 17s - loss: 1.1306 - acc: 0.5486
3136/3458 [==========================>...] - ETA: 15s - loss: 1.1313 - acc: 0.5494
3168/3458 [==========================>...] - ETA: 14s - loss: 1.1314 - acc: 0.5489
3200/3458 [==========================>...] - ETA: 12s - loss: 1.1290 - acc: 0.5494
3232/3458 [===========================>..] - ETA: 11s - loss: 1.1322 - acc: 0.5489
3264/3458 [===========================>..] - ETA: 9s - loss: 1.1341 - acc: 0.5487 
3296/3458 [===========================>..] - ETA: 7s - loss: 1.1305 - acc: 0.5501
3328/3458 [===========================>..] - ETA: 6s - loss: 1.1286 - acc: 0.5517
3360/3458 [============================>.] - ETA: 4s - loss: 1.1274 - acc: 0.5524
3392/3458 [============================>.] - ETA: 3s - loss: 1.1273 - acc: 0.5525
3424/3458 [============================>.] - ETA: 1s - loss: 1.1261 - acc: 0.5534
3456/3458 [============================>.] - ETA: 0s - loss: 1.1254 - acc: 0.5541
3458/3458 [==============================] - 171s 49ms/sample - loss: 1.1253 - acc: 0.5541

 32/865 [>.............................] - ETA: 8s - loss: 0.9225 - acc: 0.5938
 64/865 [=>............................] - ETA: 7s - loss: 1.1054 - acc: 0.5000
 96/865 [==>...........................] - ETA: 7s - loss: 1.1633 - acc: 0.4583
128/865 [===>..........................] - ETA: 6s - loss: 1.1017 - acc: 0.5156
160/865 [====>.........................] - ETA: 6s - loss: 1.0610 - acc: 0.5312
192/865 [=====>........................] - ETA: 6s - loss: 1.1568 - acc: 0.5365
224/865 [======>.......................] - ETA: 5s - loss: 1.1340 - acc: 0.5312
256/865 [=======>......................] - ETA: 5s - loss: 1.1358 - acc: 0.5273
288/865 [========>.....................] - ETA: 5s - loss: 1.1717 - acc: 0.5104
320/865 [==========>...................] - ETA: 4s - loss: 1.1577 - acc: 0.5219
352/865 [===========>..................] - ETA: 4s - loss: 1.1552 - acc: 0.5199
384/865 [============>.................] - ETA: 4s - loss: 1.1385 - acc: 0.5286
416/865 [=============>................] - ETA: 4s - loss: 1.1299 - acc: 0.5385
448/865 [==============>...............] - ETA: 3s - loss: 1.1381 - acc: 0.5402
480/865 [===============>..............] - ETA: 3s - loss: 1.1269 - acc: 0.5521
512/865 [================>.............] - ETA: 3s - loss: 1.1303 - acc: 0.5430
544/865 [=================>............] - ETA: 2s - loss: 1.1272 - acc: 0.5478
576/865 [==================>...........] - ETA: 2s - loss: 1.1206 - acc: 0.5521
608/865 [====================>.........] - ETA: 2s - loss: 1.1171 - acc: 0.5510
640/865 [=====================>........] - ETA: 2s - loss: 1.1073 - acc: 0.5500
672/865 [======================>.......] - ETA: 1s - loss: 1.1076 - acc: 0.5491
704/865 [=======================>......] - ETA: 1s - loss: 1.1087 - acc: 0.5426
736/865 [========================>.....] - ETA: 1s - loss: 1.0981 - acc: 0.5516
768/865 [=========================>....] - ETA: 0s - loss: 1.0963 - acc: 0.5521
800/865 [==========================>...] - ETA: 0s - loss: 1.0996 - acc: 0.5512
832/865 [===========================>..] - ETA: 0s - loss: 1.0973 - acc: 0.5541
864/865 [============================>.] - ETA: 0s - loss: 1.1012 - acc: 0.5556
865/865 [==============================] - 8s 9ms/sample - loss: 1.1009 - acc: 0.5561

  32/3458 [..............................] - ETA: 2:45 - loss: 0.8972 - acc: 0.7500
  64/3458 [..............................] - ETA: 2:43 - loss: 1.0253 - acc: 0.6562
  96/3458 [..............................] - ETA: 2:43 - loss: 0.9367 - acc: 0.6771
 128/3458 [>.............................] - ETA: 2:42 - loss: 0.9753 - acc: 0.6250
 160/3458 [>.............................] - ETA: 2:41 - loss: 0.9150 - acc: 0.6625
 192/3458 [>.............................] - ETA: 2:40 - loss: 0.9571 - acc: 0.6406
 224/3458 [>.............................] - ETA: 2:38 - loss: 1.0088 - acc: 0.6205
 256/3458 [=>............................] - ETA: 2:37 - loss: 0.9820 - acc: 0.6250
 288/3458 [=>............................] - ETA: 2:35 - loss: 0.9854 - acc: 0.6181
 320/3458 [=>............................] - ETA: 2:33 - loss: 0.9562 - acc: 0.6344
 352/3458 [==>...........................] - ETA: 2:32 - loss: 0.9536 - acc: 0.6364
 384/3458 [==>...........................] - ETA: 2:31 - loss: 0.9594 - acc: 0.6276
 416/3458 [==>...........................] - ETA: 2:29 - loss: 0.9479 - acc: 0.6322
 448/3458 [==>...........................] - ETA: 2:27 - loss: 0.9681 - acc: 0.6339
 480/3458 [===>..........................] - ETA: 2:26 - loss: 0.9698 - acc: 0.6396
 512/3458 [===>..........................] - ETA: 2:24 - loss: 0.9557 - acc: 0.6406
 544/3458 [===>..........................] - ETA: 2:23 - loss: 0.9644 - acc: 0.6360
 576/3458 [===>..........................] - ETA: 2:21 - loss: 0.9669 - acc: 0.6285
 608/3458 [====>.........................] - ETA: 2:20 - loss: 0.9574 - acc: 0.6382
 640/3458 [====>.........................] - ETA: 2:18 - loss: 0.9708 - acc: 0.6313
 672/3458 [====>.........................] - ETA: 2:17 - loss: 0.9671 - acc: 0.6339
 704/3458 [=====>........................] - ETA: 2:15 - loss: 0.9595 - acc: 0.6378
 736/3458 [=====>........................] - ETA: 2:14 - loss: 0.9594 - acc: 0.6359
 768/3458 [=====>........................] - ETA: 2:12 - loss: 0.9598 - acc: 0.6341
 800/3458 [=====>........................] - ETA: 2:10 - loss: 0.9610 - acc: 0.6350
 832/3458 [======>.......................] - ETA: 2:09 - loss: 0.9686 - acc: 0.6334
 864/3458 [======>.......................] - ETA: 2:07 - loss: 0.9544 - acc: 0.6400
 896/3458 [======>.......................] - ETA: 2:05 - loss: 0.9653 - acc: 0.6362
 928/3458 [=======>......................] - ETA: 2:04 - loss: 0.9559 - acc: 0.6412
 960/3458 [=======>......................] - ETA: 2:02 - loss: 0.9604 - acc: 0.6385
 992/3458 [=======>......................] - ETA: 2:01 - loss: 0.9645 - acc: 0.6341
1024/3458 [=======>......................] - ETA: 1:59 - loss: 0.9681 - acc: 0.6338
1056/3458 [========>.....................] - ETA: 1:58 - loss: 0.9710 - acc: 0.6345
1088/3458 [========>.....................] - ETA: 1:56 - loss: 0.9677 - acc: 0.6369
1120/3458 [========>.....................] - ETA: 1:54 - loss: 0.9665 - acc: 0.6393
1152/3458 [========>.....................] - ETA: 1:53 - loss: 0.9670 - acc: 0.6398
1184/3458 [=========>....................] - ETA: 1:51 - loss: 0.9615 - acc: 0.6394
1216/3458 [=========>....................] - ETA: 1:50 - loss: 0.9552 - acc: 0.6431
1248/3458 [=========>....................] - ETA: 1:48 - loss: 0.9502 - acc: 0.6450
1280/3458 [==========>...................] - ETA: 1:47 - loss: 0.9437 - acc: 0.6461
1312/3458 [==========>...................] - ETA: 1:45 - loss: 0.9448 - acc: 0.6471
1344/3458 [==========>...................] - ETA: 1:43 - loss: 0.9504 - acc: 0.6466
1376/3458 [==========>...................] - ETA: 1:42 - loss: 0.9646 - acc: 0.6417
1408/3458 [===========>..................] - ETA: 1:40 - loss: 0.9654 - acc: 0.6406
1440/3458 [===========>..................] - ETA: 1:39 - loss: 0.9749 - acc: 0.6368
1472/3458 [===========>..................] - ETA: 1:37 - loss: 0.9759 - acc: 0.6345
1504/3458 [============>.................] - ETA: 1:35 - loss: 0.9725 - acc: 0.6356
1536/3458 [============>.................] - ETA: 1:34 - loss: 0.9716 - acc: 0.6354
1568/3458 [============>.................] - ETA: 1:32 - loss: 0.9730 - acc: 0.6352
1600/3458 [============>.................] - ETA: 1:31 - loss: 0.9709 - acc: 0.6356
1632/3458 [=============>................] - ETA: 1:29 - loss: 0.9689 - acc: 0.6354
1664/3458 [=============>................] - ETA: 1:28 - loss: 0.9678 - acc: 0.6376
1696/3458 [=============>................] - ETA: 1:26 - loss: 0.9684 - acc: 0.6368
1728/3458 [=============>................] - ETA: 1:24 - loss: 0.9686 - acc: 0.6366
1760/3458 [==============>...............] - ETA: 1:23 - loss: 0.9672 - acc: 0.6358
1792/3458 [==============>...............] - ETA: 1:21 - loss: 0.9687 - acc: 0.6334
1824/3458 [==============>...............] - ETA: 1:20 - loss: 0.9706 - acc: 0.6310
1856/3458 [===============>..............] - ETA: 1:18 - loss: 0.9741 - acc: 0.6304
1888/3458 [===============>..............] - ETA: 1:17 - loss: 0.9746 - acc: 0.6292
1920/3458 [===============>..............] - ETA: 1:15 - loss: 0.9771 - acc: 0.6255
1952/3458 [===============>..............] - ETA: 1:13 - loss: 0.9762 - acc: 0.6265
1984/3458 [================>.............] - ETA: 1:12 - loss: 0.9768 - acc: 0.6265
2016/3458 [================>.............] - ETA: 1:10 - loss: 0.9736 - acc: 0.6285
2048/3458 [================>.............] - ETA: 1:09 - loss: 0.9717 - acc: 0.6294
2080/3458 [=================>............] - ETA: 1:07 - loss: 0.9713 - acc: 0.6279
2112/3458 [=================>............] - ETA: 1:06 - loss: 0.9691 - acc: 0.6278
2144/3458 [=================>............] - ETA: 1:04 - loss: 0.9688 - acc: 0.6297
2176/3458 [=================>............] - ETA: 1:02 - loss: 0.9654 - acc: 0.6310
2208/3458 [==================>...........] - ETA: 1:01 - loss: 0.9626 - acc: 0.6322
2240/3458 [==================>...........] - ETA: 59s - loss: 0.9616 - acc: 0.6330 
2272/3458 [==================>...........] - ETA: 58s - loss: 0.9582 - acc: 0.6342
2304/3458 [==================>...........] - ETA: 56s - loss: 0.9546 - acc: 0.6350
2336/3458 [===================>..........] - ETA: 55s - loss: 0.9584 - acc: 0.6331
2368/3458 [===================>..........] - ETA: 53s - loss: 0.9555 - acc: 0.6334
2400/3458 [===================>..........] - ETA: 51s - loss: 0.9525 - acc: 0.6346
2432/3458 [====================>.........] - ETA: 50s - loss: 0.9513 - acc: 0.6345
2464/3458 [====================>.........] - ETA: 48s - loss: 0.9489 - acc: 0.6360
2496/3458 [====================>.........] - ETA: 47s - loss: 0.9436 - acc: 0.6378
2528/3458 [====================>.........] - ETA: 45s - loss: 0.9462 - acc: 0.6388
2560/3458 [=====================>........] - ETA: 44s - loss: 0.9438 - acc: 0.6402
2592/3458 [=====================>........] - ETA: 42s - loss: 0.9427 - acc: 0.6408
2624/3458 [=====================>........] - ETA: 40s - loss: 0.9443 - acc: 0.6395
2656/3458 [======================>.......] - ETA: 39s - loss: 0.9429 - acc: 0.6393
2688/3458 [======================>.......] - ETA: 37s - loss: 0.9415 - acc: 0.6403
2720/3458 [======================>.......] - ETA: 36s - loss: 0.9382 - acc: 0.6415
2752/3458 [======================>.......] - ETA: 34s - loss: 0.9374 - acc: 0.6417
2784/3458 [=======================>......] - ETA: 33s - loss: 0.9345 - acc: 0.6430
2816/3458 [=======================>......] - ETA: 31s - loss: 0.9345 - acc: 0.6431
2848/3458 [=======================>......] - ETA: 29s - loss: 0.9308 - acc: 0.6447
2880/3458 [=======================>......] - ETA: 28s - loss: 0.9309 - acc: 0.6444
2912/3458 [========================>.....] - ETA: 26s - loss: 0.9344 - acc: 0.6439
2944/3458 [========================>.....] - ETA: 25s - loss: 0.9365 - acc: 0.6437
2976/3458 [========================>.....] - ETA: 23s - loss: 0.9356 - acc: 0.6442
3008/3458 [=========================>....] - ETA: 22s - loss: 0.9380 - acc: 0.6430
3040/3458 [=========================>....] - ETA: 20s - loss: 0.9348 - acc: 0.6441
3072/3458 [=========================>....] - ETA: 18s - loss: 0.9349 - acc: 0.6429
3104/3458 [=========================>....] - ETA: 17s - loss: 0.9334 - acc: 0.6434
3136/3458 [==========================>...] - ETA: 15s - loss: 0.9317 - acc: 0.6441
3168/3458 [==========================>...] - ETA: 14s - loss: 0.9348 - acc: 0.6443
3200/3458 [==========================>...] - ETA: 12s - loss: 0.9374 - acc: 0.6434
3232/3458 [===========================>..] - ETA: 11s - loss: 0.9383 - acc: 0.6426
3264/3458 [===========================>..] - ETA: 9s - loss: 0.9395 - acc: 0.6428 
3296/3458 [===========================>..] - ETA: 7s - loss: 0.9384 - acc: 0.6438
3328/3458 [===========================>..] - ETA: 6s - loss: 0.9388 - acc: 0.6427
3360/3458 [============================>.] - ETA: 4s - loss: 0.9381 - acc: 0.6432
3392/3458 [============================>.] - ETA: 3s - loss: 0.9374 - acc: 0.6433
3424/3458 [============================>.] - ETA: 1s - loss: 0.9372 - acc: 0.6434
3456/3458 [============================>.] - ETA: 0s - loss: 0.9370 - acc: 0.6438
3458/3458 [==============================] - 170s 49ms/sample - loss: 0.9365 - acc: 0.6440

 32/865 [>.............................] - ETA: 7s - loss: 0.8595 - acc: 0.6562
 64/865 [=>............................] - ETA: 7s - loss: 1.1856 - acc: 0.5156
 96/865 [==>...........................] - ETA: 6s - loss: 1.2343 - acc: 0.5208
128/865 [===>..........................] - ETA: 6s - loss: 1.0974 - acc: 0.5781
160/865 [====>.........................] - ETA: 6s - loss: 1.0820 - acc: 0.5875
192/865 [=====>........................] - ETA: 6s - loss: 1.1354 - acc: 0.5833
224/865 [======>.......................] - ETA: 5s - loss: 1.1437 - acc: 0.5714
256/865 [=======>......................] - ETA: 5s - loss: 1.1172 - acc: 0.5859
288/865 [========>.....................] - ETA: 5s - loss: 1.1597 - acc: 0.5694
320/865 [==========>...................] - ETA: 4s - loss: 1.1342 - acc: 0.5750
352/865 [===========>..................] - ETA: 4s - loss: 1.1398 - acc: 0.5767
384/865 [============>.................] - ETA: 4s - loss: 1.1308 - acc: 0.5729
416/865 [=============>................] - ETA: 3s - loss: 1.1138 - acc: 0.5793
448/865 [==============>...............] - ETA: 3s - loss: 1.1227 - acc: 0.5759
480/865 [===============>..............] - ETA: 3s - loss: 1.1236 - acc: 0.5813
512/865 [================>.............] - ETA: 3s - loss: 1.1296 - acc: 0.5762
544/865 [=================>............] - ETA: 2s - loss: 1.1255 - acc: 0.5772
576/865 [==================>...........] - ETA: 2s - loss: 1.1070 - acc: 0.5816
608/865 [====================>.........] - ETA: 2s - loss: 1.1039 - acc: 0.5839
640/865 [=====================>........] - ETA: 1s - loss: 1.0858 - acc: 0.5906
672/865 [======================>.......] - ETA: 1s - loss: 1.0918 - acc: 0.5893
704/865 [=======================>......] - ETA: 1s - loss: 1.0811 - acc: 0.5909
736/865 [========================>.....] - ETA: 1s - loss: 1.0723 - acc: 0.5924
768/865 [=========================>....] - ETA: 0s - loss: 1.0704 - acc: 0.5938
800/865 [==========================>...] - ETA: 0s - loss: 1.0764 - acc: 0.5950
832/865 [===========================>..] - ETA: 0s - loss: 1.0856 - acc: 0.5889
864/865 [============================>.] - ETA: 0s - loss: 1.0797 - acc: 0.5903
865/865 [==============================] - 8s 9ms/sample - loss: 1.0789 - acc: 0.5908

  32/3458 [..............................] - ETA: 2:47 - loss: 0.7539 - acc: 0.6562
  64/3458 [..............................] - ETA: 2:45 - loss: 0.8234 - acc: 0.6406
  96/3458 [..............................] - ETA: 2:45 - loss: 0.7529 - acc: 0.6771
 128/3458 [>.............................] - ETA: 2:44 - loss: 0.7324 - acc: 0.6797
 160/3458 [>.............................] - ETA: 2:42 - loss: 0.6834 - acc: 0.7312
 192/3458 [>.............................] - ETA: 2:41 - loss: 0.7273 - acc: 0.7031
 224/3458 [>.............................] - ETA: 2:39 - loss: 0.7379 - acc: 0.6964
 256/3458 [=>............................] - ETA: 2:37 - loss: 0.7425 - acc: 0.6992
 288/3458 [=>............................] - ETA: 2:36 - loss: 0.7596 - acc: 0.6944
 320/3458 [=>............................] - ETA: 2:34 - loss: 0.7551 - acc: 0.7000
 352/3458 [==>...........................] - ETA: 2:32 - loss: 0.7424 - acc: 0.7074
 384/3458 [==>...........................] - ETA: 2:31 - loss: 0.7312 - acc: 0.7188
 416/3458 [==>...........................] - ETA: 2:29 - loss: 0.7258 - acc: 0.7212
 448/3458 [==>...........................] - ETA: 2:28 - loss: 0.7225 - acc: 0.7277
 480/3458 [===>..........................] - ETA: 2:26 - loss: 0.7284 - acc: 0.7250
 512/3458 [===>..........................] - ETA: 2:24 - loss: 0.7136 - acc: 0.7324
 544/3458 [===>..........................] - ETA: 2:23 - loss: 0.7052 - acc: 0.7335
 576/3458 [===>..........................] - ETA: 2:21 - loss: 0.7033 - acc: 0.7326
 608/3458 [====>.........................] - ETA: 2:20 - loss: 0.6928 - acc: 0.7385
 640/3458 [====>.........................] - ETA: 2:18 - loss: 0.6965 - acc: 0.7328
 672/3458 [====>.........................] - ETA: 2:16 - loss: 0.6938 - acc: 0.7366
 704/3458 [=====>........................] - ETA: 2:15 - loss: 0.6846 - acc: 0.7401
 736/3458 [=====>........................] - ETA: 2:13 - loss: 0.6864 - acc: 0.7351
 768/3458 [=====>........................] - ETA: 2:12 - loss: 0.6890 - acc: 0.7344
 800/3458 [=====>........................] - ETA: 2:10 - loss: 0.6805 - acc: 0.7387
 832/3458 [======>.......................] - ETA: 2:08 - loss: 0.6767 - acc: 0.7416
 864/3458 [======>.......................] - ETA: 2:07 - loss: 0.6803 - acc: 0.7419
 896/3458 [======>.......................] - ETA: 2:05 - loss: 0.6783 - acc: 0.7411
 928/3458 [=======>......................] - ETA: 2:04 - loss: 0.6815 - acc: 0.7381
 960/3458 [=======>......................] - ETA: 2:02 - loss: 0.6937 - acc: 0.7323
 992/3458 [=======>......................] - ETA: 2:01 - loss: 0.6947 - acc: 0.7308
1024/3458 [=======>......................] - ETA: 1:59 - loss: 0.6964 - acc: 0.7314
1056/3458 [========>.....................] - ETA: 1:57 - loss: 0.6899 - acc: 0.7367
1088/3458 [========>.....................] - ETA: 1:56 - loss: 0.6916 - acc: 0.7371
1120/3458 [========>.....................] - ETA: 1:54 - loss: 0.6940 - acc: 0.7339
1152/3458 [========>.....................] - ETA: 1:53 - loss: 0.6949 - acc: 0.7335
1184/3458 [=========>....................] - ETA: 1:51 - loss: 0.6916 - acc: 0.7348
1216/3458 [=========>....................] - ETA: 1:50 - loss: 0.6921 - acc: 0.7377
1248/3458 [=========>....................] - ETA: 1:48 - loss: 0.6896 - acc: 0.7372
1280/3458 [==========>...................] - ETA: 1:46 - loss: 0.6807 - acc: 0.7414
1312/3458 [==========>...................] - ETA: 1:45 - loss: 0.6824 - acc: 0.7393
1344/3458 [==========>...................] - ETA: 1:43 - loss: 0.6756 - acc: 0.7418
1376/3458 [==========>...................] - ETA: 1:42 - loss: 0.6756 - acc: 0.7420
1408/3458 [===========>..................] - ETA: 1:40 - loss: 0.6721 - acc: 0.7443
1440/3458 [===========>..................] - ETA: 1:39 - loss: 0.6787 - acc: 0.7396
1472/3458 [===========>..................] - ETA: 1:37 - loss: 0.6811 - acc: 0.7398
1504/3458 [============>.................] - ETA: 1:35 - loss: 0.6844 - acc: 0.7394
1536/3458 [============>.................] - ETA: 1:34 - loss: 0.6838 - acc: 0.7396
1568/3458 [============>.................] - ETA: 1:32 - loss: 0.6781 - acc: 0.7417
1600/3458 [============>.................] - ETA: 1:31 - loss: 0.6773 - acc: 0.7419
1632/3458 [=============>................] - ETA: 1:29 - loss: 0.6721 - acc: 0.7439
1664/3458 [=============>................] - ETA: 1:28 - loss: 0.6734 - acc: 0.7440
1696/3458 [=============>................] - ETA: 1:26 - loss: 0.6722 - acc: 0.7453
1728/3458 [=============>................] - ETA: 1:24 - loss: 0.6692 - acc: 0.7459
1760/3458 [==============>...............] - ETA: 1:23 - loss: 0.6745 - acc: 0.7460
1792/3458 [==============>...............] - ETA: 1:21 - loss: 0.6726 - acc: 0.7455
1824/3458 [==============>...............] - ETA: 1:20 - loss: 0.6730 - acc: 0.7456
1856/3458 [===============>..............] - ETA: 1:18 - loss: 0.6719 - acc: 0.7462
1888/3458 [===============>..............] - ETA: 1:17 - loss: 0.6699 - acc: 0.7468
1920/3458 [===============>..............] - ETA: 1:15 - loss: 0.6691 - acc: 0.7453
1952/3458 [===============>..............] - ETA: 1:13 - loss: 0.6659 - acc: 0.7469
1984/3458 [================>.............] - ETA: 1:12 - loss: 0.6625 - acc: 0.7480
2016/3458 [================>.............] - ETA: 1:10 - loss: 0.6592 - acc: 0.7490
2048/3458 [================>.............] - ETA: 1:09 - loss: 0.6576 - acc: 0.7495
2080/3458 [=================>............] - ETA: 1:07 - loss: 0.6589 - acc: 0.7490
2112/3458 [=================>............] - ETA: 1:06 - loss: 0.6622 - acc: 0.7467
2144/3458 [=================>............] - ETA: 1:04 - loss: 0.6643 - acc: 0.7449
2176/3458 [=================>............] - ETA: 1:02 - loss: 0.6653 - acc: 0.7459
2208/3458 [==================>...........] - ETA: 1:01 - loss: 0.6681 - acc: 0.7441
2240/3458 [==================>...........] - ETA: 59s - loss: 0.6690 - acc: 0.7437 
2272/3458 [==================>...........] - ETA: 58s - loss: 0.6667 - acc: 0.7452
2304/3458 [==================>...........] - ETA: 56s - loss: 0.6680 - acc: 0.7448
2336/3458 [===================>..........] - ETA: 55s - loss: 0.6688 - acc: 0.7453
2368/3458 [===================>..........] - ETA: 53s - loss: 0.6679 - acc: 0.7458
2400/3458 [===================>..........] - ETA: 51s - loss: 0.6664 - acc: 0.7467
2432/3458 [====================>.........] - ETA: 50s - loss: 0.6647 - acc: 0.7471
2464/3458 [====================>.........] - ETA: 48s - loss: 0.6661 - acc: 0.7468
2496/3458 [====================>.........] - ETA: 47s - loss: 0.6641 - acc: 0.7476
2528/3458 [====================>.........] - ETA: 45s - loss: 0.6611 - acc: 0.7488
2560/3458 [=====================>........] - ETA: 44s - loss: 0.6604 - acc: 0.7492
2592/3458 [=====================>........] - ETA: 42s - loss: 0.6597 - acc: 0.7496
2624/3458 [=====================>........] - ETA: 40s - loss: 0.6587 - acc: 0.7492
2656/3458 [======================>.......] - ETA: 39s - loss: 0.6624 - acc: 0.7485
2688/3458 [======================>.......] - ETA: 37s - loss: 0.6611 - acc: 0.7496
2720/3458 [======================>.......] - ETA: 36s - loss: 0.6619 - acc: 0.7504
2752/3458 [======================>.......] - ETA: 34s - loss: 0.6631 - acc: 0.7500
2784/3458 [=======================>......] - ETA: 33s - loss: 0.6623 - acc: 0.7500
2816/3458 [=======================>......] - ETA: 31s - loss: 0.6642 - acc: 0.7486
2848/3458 [=======================>......] - ETA: 29s - loss: 0.6644 - acc: 0.7475
2880/3458 [=======================>......] - ETA: 28s - loss: 0.6646 - acc: 0.7479
2912/3458 [========================>.....] - ETA: 26s - loss: 0.6648 - acc: 0.7483
2944/3458 [========================>.....] - ETA: 25s - loss: 0.6669 - acc: 0.7490
2976/3458 [========================>.....] - ETA: 23s - loss: 0.6656 - acc: 0.7500
3008/3458 [=========================>....] - ETA: 22s - loss: 0.6633 - acc: 0.7513
3040/3458 [=========================>....] - ETA: 20s - loss: 0.6628 - acc: 0.7513
3072/3458 [=========================>....] - ETA: 18s - loss: 0.6623 - acc: 0.7513
3104/3458 [=========================>....] - ETA: 17s - loss: 0.6618 - acc: 0.7513
3136/3458 [==========================>...] - ETA: 15s - loss: 0.6607 - acc: 0.7522
3168/3458 [==========================>...] - ETA: 14s - loss: 0.6612 - acc: 0.7528
3200/3458 [==========================>...] - ETA: 12s - loss: 0.6635 - acc: 0.7519
3232/3458 [===========================>..] - ETA: 11s - loss: 0.6651 - acc: 0.7512
3264/3458 [===========================>..] - ETA: 9s - loss: 0.6650 - acc: 0.7512 
3296/3458 [===========================>..] - ETA: 7s - loss: 0.6653 - acc: 0.7515
3328/3458 [===========================>..] - ETA: 6s - loss: 0.6643 - acc: 0.7518
3360/3458 [============================>.] - ETA: 4s - loss: 0.6672 - acc: 0.7515
3392/3458 [============================>.] - ETA: 3s - loss: 0.6701 - acc: 0.7503
3424/3458 [============================>.] - ETA: 1s - loss: 0.6712 - acc: 0.7494
3456/3458 [============================>.] - ETA: 0s - loss: 0.6727 - acc: 0.7483
3458/3458 [==============================] - 171s 49ms/sample - loss: 0.6724 - acc: 0.7484

 32/865 [>.............................] - ETA: 7s - loss: 1.0185 - acc: 0.6250
 64/865 [=>............................] - ETA: 7s - loss: 1.2074 - acc: 0.5469
 96/865 [==>...........................] - ETA: 6s - loss: 1.2804 - acc: 0.5000
128/865 [===>..........................] - ETA: 6s - loss: 1.1658 - acc: 0.5234
160/865 [====>.........................] - ETA: 6s - loss: 1.1172 - acc: 0.5500
192/865 [=====>........................] - ETA: 6s - loss: 1.1673 - acc: 0.5469
224/865 [======>.......................] - ETA: 5s - loss: 1.1481 - acc: 0.5536
256/865 [=======>......................] - ETA: 5s - loss: 1.1614 - acc: 0.5625
288/865 [========>.....................] - ETA: 5s - loss: 1.1882 - acc: 0.5486
320/865 [==========>...................] - ETA: 4s - loss: 1.1707 - acc: 0.5500
352/865 [===========>..................] - ETA: 4s - loss: 1.1514 - acc: 0.5540
384/865 [============>.................] - ETA: 4s - loss: 1.1516 - acc: 0.5573
416/865 [=============>................] - ETA: 3s - loss: 1.1334 - acc: 0.5625
448/865 [==============>...............] - ETA: 3s - loss: 1.1618 - acc: 0.5558
480/865 [===============>..............] - ETA: 3s - loss: 1.1608 - acc: 0.5604
512/865 [================>.............] - ETA: 3s - loss: 1.1717 - acc: 0.5566
544/865 [=================>............] - ETA: 2s - loss: 1.1738 - acc: 0.5533
576/865 [==================>...........] - ETA: 2s - loss: 1.1669 - acc: 0.5573
608/865 [====================>.........] - ETA: 2s - loss: 1.1668 - acc: 0.5526
640/865 [=====================>........] - ETA: 2s - loss: 1.1435 - acc: 0.5578
672/865 [======================>.......] - ETA: 1s - loss: 1.1476 - acc: 0.5610
704/865 [=======================>......] - ETA: 1s - loss: 1.1349 - acc: 0.5639
736/865 [========================>.....] - ETA: 1s - loss: 1.1217 - acc: 0.5666
768/865 [=========================>....] - ETA: 0s - loss: 1.1164 - acc: 0.5677
800/865 [==========================>...] - ETA: 0s - loss: 1.1124 - acc: 0.5675
832/865 [===========================>..] - ETA: 0s - loss: 1.1106 - acc: 0.5661
864/865 [============================>.] - ETA: 0s - loss: 1.1026 - acc: 0.5694
865/865 [==============================] - 8s 9ms/sample - loss: 1.1018 - acc: 0.5699

  32/3458 [..............................] - ETA: 2:45 - loss: 0.4170 - acc: 0.8750
  64/3458 [..............................] - ETA: 2:43 - loss: 0.4179 - acc: 0.8594
  96/3458 [..............................] - ETA: 2:43 - loss: 0.4308 - acc: 0.8854
 128/3458 [>.............................] - ETA: 2:42 - loss: 0.5236 - acc: 0.8438
 160/3458 [>.............................] - ETA: 2:41 - loss: 0.5357 - acc: 0.8313
 192/3458 [>.............................] - ETA: 2:39 - loss: 0.5418 - acc: 0.8177
 224/3458 [>.............................] - ETA: 2:38 - loss: 0.5626 - acc: 0.8036
 256/3458 [=>............................] - ETA: 2:37 - loss: 0.5508 - acc: 0.8125
 288/3458 [=>............................] - ETA: 2:35 - loss: 0.5515 - acc: 0.8090
 320/3458 [=>............................] - ETA: 2:33 - loss: 0.5440 - acc: 0.8094
 352/3458 [==>...........................] - ETA: 2:32 - loss: 0.5420 - acc: 0.8182
 384/3458 [==>...........................] - ETA: 2:30 - loss: 0.5414 - acc: 0.8151
 416/3458 [==>...........................] - ETA: 2:28 - loss: 0.5189 - acc: 0.8245
 448/3458 [==>...........................] - ETA: 2:27 - loss: 0.4977 - acc: 0.8348
 480/3458 [===>..........................] - ETA: 2:25 - loss: 0.4800 - acc: 0.8438
 512/3458 [===>..........................] - ETA: 2:24 - loss: 0.4848 - acc: 0.8418
 544/3458 [===>..........................] - ETA: 2:22 - loss: 0.4789 - acc: 0.8401
 576/3458 [===>..........................] - ETA: 2:21 - loss: 0.4776 - acc: 0.8385
 608/3458 [====>.........................] - ETA: 2:19 - loss: 0.4782 - acc: 0.8405
 640/3458 [====>.........................] - ETA: 2:18 - loss: 0.4695 - acc: 0.8422
 672/3458 [====>.........................] - ETA: 2:16 - loss: 0.4758 - acc: 0.8408
 704/3458 [=====>........................] - ETA: 2:15 - loss: 0.4743 - acc: 0.8423
 736/3458 [=====>........................] - ETA: 2:13 - loss: 0.4686 - acc: 0.8410
 768/3458 [=====>........................] - ETA: 2:12 - loss: 0.4769 - acc: 0.8346
 800/3458 [=====>........................] - ETA: 2:10 - loss: 0.4697 - acc: 0.8375
 832/3458 [======>.......................] - ETA: 2:09 - loss: 0.4650 - acc: 0.8401
 864/3458 [======>.......................] - ETA: 2:07 - loss: 0.4687 - acc: 0.8403
 896/3458 [======>.......................] - ETA: 2:05 - loss: 0.4716 - acc: 0.8371
 928/3458 [=======>......................] - ETA: 2:04 - loss: 0.4729 - acc: 0.8351
 960/3458 [=======>......................] - ETA: 2:02 - loss: 0.4714 - acc: 0.8354
 992/3458 [=======>......................] - ETA: 2:01 - loss: 0.4710 - acc: 0.8347
1024/3458 [=======>......................] - ETA: 1:59 - loss: 0.4706 - acc: 0.8320
1056/3458 [========>.....................] - ETA: 1:58 - loss: 0.4749 - acc: 0.8314
1088/3458 [========>.....................] - ETA: 1:56 - loss: 0.4701 - acc: 0.8336
1120/3458 [========>.....................] - ETA: 1:54 - loss: 0.4748 - acc: 0.8330
1152/3458 [========>.....................] - ETA: 1:53 - loss: 0.4739 - acc: 0.8368
1184/3458 [=========>....................] - ETA: 1:51 - loss: 0.4705 - acc: 0.8370
1216/3458 [=========>....................] - ETA: 1:50 - loss: 0.4699 - acc: 0.8380
1248/3458 [=========>....................] - ETA: 1:48 - loss: 0.4658 - acc: 0.8397
1280/3458 [==========>...................] - ETA: 1:46 - loss: 0.4616 - acc: 0.8414
1312/3458 [==========>...................] - ETA: 1:45 - loss: 0.4596 - acc: 0.8407
1344/3458 [==========>...................] - ETA: 1:43 - loss: 0.4625 - acc: 0.8415
1376/3458 [==========>...................] - ETA: 1:42 - loss: 0.4677 - acc: 0.8408
1408/3458 [===========>..................] - ETA: 1:40 - loss: 0.4692 - acc: 0.8395
1440/3458 [===========>..................] - ETA: 1:39 - loss: 0.4671 - acc: 0.8389
1472/3458 [===========>..................] - ETA: 1:37 - loss: 0.4696 - acc: 0.8370
1504/3458 [============>.................] - ETA: 1:35 - loss: 0.4720 - acc: 0.8344
1536/3458 [============>.................] - ETA: 1:34 - loss: 0.4720 - acc: 0.8353
1568/3458 [============>.................] - ETA: 1:32 - loss: 0.4702 - acc: 0.8374
1600/3458 [============>.................] - ETA: 1:31 - loss: 0.4734 - acc: 0.8344
1632/3458 [=============>................] - ETA: 1:29 - loss: 0.4754 - acc: 0.8327
1664/3458 [=============>................] - ETA: 1:28 - loss: 0.4767 - acc: 0.8305
1696/3458 [=============>................] - ETA: 1:26 - loss: 0.4801 - acc: 0.8290
1728/3458 [=============>................] - ETA: 1:24 - loss: 0.4796 - acc: 0.8299
1760/3458 [==============>...............] - ETA: 1:23 - loss: 0.4786 - acc: 0.8313
1792/3458 [==============>...............] - ETA: 1:21 - loss: 0.4762 - acc: 0.8320
1824/3458 [==============>...............] - ETA: 1:20 - loss: 0.4768 - acc: 0.8322
1856/3458 [===============>..............] - ETA: 1:18 - loss: 0.4755 - acc: 0.8314
1888/3458 [===============>..............] - ETA: 1:17 - loss: 0.4731 - acc: 0.8321
1920/3458 [===============>..............] - ETA: 1:15 - loss: 0.4739 - acc: 0.8328
1952/3458 [===============>..............] - ETA: 1:13 - loss: 0.4740 - acc: 0.8325
1984/3458 [================>.............] - ETA: 1:12 - loss: 0.4725 - acc: 0.8327
2016/3458 [================>.............] - ETA: 1:10 - loss: 0.4706 - acc: 0.8328
2048/3458 [================>.............] - ETA: 1:09 - loss: 0.4688 - acc: 0.8330
2080/3458 [=================>............] - ETA: 1:07 - loss: 0.4668 - acc: 0.8346
2112/3458 [=================>............] - ETA: 1:06 - loss: 0.4690 - acc: 0.8338
2144/3458 [=================>............] - ETA: 1:04 - loss: 0.4695 - acc: 0.8335
2176/3458 [=================>............] - ETA: 1:02 - loss: 0.4719 - acc: 0.8341
2208/3458 [==================>...........] - ETA: 1:01 - loss: 0.4749 - acc: 0.8329
2240/3458 [==================>...........] - ETA: 59s - loss: 0.4735 - acc: 0.8339 
2272/3458 [==================>...........] - ETA: 58s - loss: 0.4733 - acc: 0.8341
2304/3458 [==================>...........] - ETA: 56s - loss: 0.4783 - acc: 0.8320
2336/3458 [===================>..........] - ETA: 55s - loss: 0.4802 - acc: 0.8309
2368/3458 [===================>..........] - ETA: 53s - loss: 0.4780 - acc: 0.8319
2400/3458 [===================>..........] - ETA: 51s - loss: 0.4768 - acc: 0.8321
2432/3458 [====================>.........] - ETA: 50s - loss: 0.4752 - acc: 0.8331
2464/3458 [====================>.........] - ETA: 48s - loss: 0.4775 - acc: 0.8320
2496/3458 [====================>.........] - ETA: 47s - loss: 0.4821 - acc: 0.8309
2528/3458 [====================>.........] - ETA: 45s - loss: 0.4831 - acc: 0.8311
2560/3458 [=====================>........] - ETA: 44s - loss: 0.4825 - acc: 0.8313
2592/3458 [=====================>........] - ETA: 42s - loss: 0.4850 - acc: 0.8306
2624/3458 [=====================>........] - ETA: 40s - loss: 0.4849 - acc: 0.8312
2656/3458 [======================>.......] - ETA: 39s - loss: 0.4850 - acc: 0.8313
2688/3458 [======================>.......] - ETA: 37s - loss: 0.4848 - acc: 0.8322
2720/3458 [======================>.......] - ETA: 36s - loss: 0.4848 - acc: 0.8316
2752/3458 [======================>.......] - ETA: 34s - loss: 0.4863 - acc: 0.8299
2784/3458 [=======================>......] - ETA: 33s - loss: 0.4862 - acc: 0.8297
2816/3458 [=======================>......] - ETA: 31s - loss: 0.4856 - acc: 0.8295
2848/3458 [=======================>......] - ETA: 29s - loss: 0.4848 - acc: 0.8301
2880/3458 [=======================>......] - ETA: 28s - loss: 0.4844 - acc: 0.8306
2912/3458 [========================>.....] - ETA: 26s - loss: 0.4852 - acc: 0.8293
2944/3458 [========================>.....] - ETA: 25s - loss: 0.4890 - acc: 0.8291
2976/3458 [========================>.....] - ETA: 23s - loss: 0.4901 - acc: 0.8283
3008/3458 [=========================>....] - ETA: 22s - loss: 0.4880 - acc: 0.8291
3040/3458 [=========================>....] - ETA: 20s - loss: 0.4870 - acc: 0.8293
3072/3458 [=========================>....] - ETA: 18s - loss: 0.4878 - acc: 0.8294
3104/3458 [=========================>....] - ETA: 17s - loss: 0.4870 - acc: 0.8289
3136/3458 [==========================>...] - ETA: 15s - loss: 0.4876 - acc: 0.8288
3168/3458 [==========================>...] - ETA: 14s - loss: 0.4875 - acc: 0.8289
3200/3458 [==========================>...] - ETA: 12s - loss: 0.4889 - acc: 0.8275
3232/3458 [===========================>..] - ETA: 11s - loss: 0.4860 - acc: 0.8289
3264/3458 [===========================>..] - ETA: 9s - loss: 0.4846 - acc: 0.8300 
3296/3458 [===========================>..] - ETA: 7s - loss: 0.4850 - acc: 0.8295
3328/3458 [===========================>..] - ETA: 6s - loss: 0.4860 - acc: 0.8293
3360/3458 [============================>.] - ETA: 4s - loss: 0.4838 - acc: 0.8304
3392/3458 [============================>.] - ETA: 3s - loss: 0.4824 - acc: 0.8308
3424/3458 [============================>.] - ETA: 1s - loss: 0.4802 - acc: 0.8318
3456/3458 [============================>.] - ETA: 0s - loss: 0.4810 - acc: 0.8322
3458/3458 [==============================] - 171s 49ms/sample - loss: 0.4815 - acc: 0.8320

 32/865 [>.............................] - ETA: 7s - loss: 0.9931 - acc: 0.6562
 64/865 [=>............................] - ETA: 7s - loss: 1.3814 - acc: 0.5156
 96/865 [==>...........................] - ETA: 6s - loss: 1.4875 - acc: 0.5104
128/865 [===>..........................] - ETA: 6s - loss: 1.3256 - acc: 0.5391
160/865 [====>.........................] - ETA: 6s - loss: 1.2330 - acc: 0.5813
192/865 [=====>........................] - ETA: 5s - loss: 1.2876 - acc: 0.5781
224/865 [======>.......................] - ETA: 5s - loss: 1.3034 - acc: 0.5759
256/865 [=======>......................] - ETA: 5s - loss: 1.3556 - acc: 0.5781
288/865 [========>.....................] - ETA: 5s - loss: 1.3668 - acc: 0.5694
320/865 [==========>...................] - ETA: 4s - loss: 1.3191 - acc: 0.5813
352/865 [===========>..................] - ETA: 4s - loss: 1.2930 - acc: 0.5881
384/865 [============>.................] - ETA: 4s - loss: 1.2976 - acc: 0.5833
416/865 [=============>................] - ETA: 3s - loss: 1.2659 - acc: 0.5865
448/865 [==============>...............] - ETA: 3s - loss: 1.3116 - acc: 0.5826
480/865 [===============>..............] - ETA: 3s - loss: 1.3707 - acc: 0.5708
512/865 [================>.............] - ETA: 3s - loss: 1.3969 - acc: 0.5664
544/865 [=================>............] - ETA: 2s - loss: 1.3891 - acc: 0.5680
576/865 [==================>...........] - ETA: 2s - loss: 1.3874 - acc: 0.5712
608/865 [====================>.........] - ETA: 2s - loss: 1.3935 - acc: 0.5724
640/865 [=====================>........] - ETA: 1s - loss: 1.3699 - acc: 0.5750
672/865 [======================>.......] - ETA: 1s - loss: 1.3616 - acc: 0.5774
704/865 [=======================>......] - ETA: 1s - loss: 1.3464 - acc: 0.5781
736/865 [========================>.....] - ETA: 1s - loss: 1.3316 - acc: 0.5829
768/865 [=========================>....] - ETA: 0s - loss: 1.3338 - acc: 0.5820
800/865 [==========================>...] - ETA: 0s - loss: 1.3353 - acc: 0.5813
832/865 [===========================>..] - ETA: 0s - loss: 1.3317 - acc: 0.5769
864/865 [============================>.] - ETA: 0s - loss: 1.3304 - acc: 0.5799
865/865 [==============================] - 8s 9ms/sample - loss: 1.3292 - acc: 0.5803
