For Dropout_1=0.4 Dropout_2=0.6
daisy loaded
dandelion loaded
rose loaded
sunflower loaded
tulip loaded

  32/3458 [..............................] - ETA: 3:05 - loss: 1.6540 - acc: 0.1562
  64/3458 [..............................] - ETA: 2:56 - loss: 8.4992 - acc: 0.1562
  96/3458 [..............................] - ETA: 2:51 - loss: 8.0235 - acc: 0.1979
 128/3458 [>.............................] - ETA: 2:47 - loss: 6.7338 - acc: 0.2266
 160/3458 [>.............................] - ETA: 2:45 - loss: 5.7131 - acc: 0.2313
 192/3458 [>.............................] - ETA: 2:42 - loss: 5.0244 - acc: 0.2552
 224/3458 [>.............................] - ETA: 2:40 - loss: 4.5360 - acc: 0.2500
 256/3458 [=>............................] - ETA: 2:39 - loss: 4.1688 - acc: 0.2617
 288/3458 [=>............................] - ETA: 2:37 - loss: 3.8805 - acc: 0.2708
 320/3458 [=>............................] - ETA: 2:35 - loss: 3.6471 - acc: 0.2719
 352/3458 [==>...........................] - ETA: 2:34 - loss: 3.4561 - acc: 0.2670
 384/3458 [==>...........................] - ETA: 2:32 - loss: 3.2909 - acc: 0.2734
 416/3458 [==>...........................] - ETA: 2:30 - loss: 3.1539 - acc: 0.2788
 448/3458 [==>...........................] - ETA: 2:28 - loss: 3.0378 - acc: 0.2746
 480/3458 [===>..........................] - ETA: 2:27 - loss: 2.9375 - acc: 0.2792
 512/3458 [===>..........................] - ETA: 2:25 - loss: 2.8389 - acc: 0.2910
 544/3458 [===>..........................] - ETA: 2:23 - loss: 2.7545 - acc: 0.2996
 576/3458 [===>..........................] - ETA: 2:22 - loss: 2.6927 - acc: 0.2917
 608/3458 [====>.........................] - ETA: 2:20 - loss: 2.6302 - acc: 0.2911
 640/3458 [====>.........................] - ETA: 2:19 - loss: 2.5788 - acc: 0.2937
 672/3458 [====>.........................] - ETA: 2:17 - loss: 2.5236 - acc: 0.2991
 704/3458 [=====>........................] - ETA: 2:15 - loss: 2.4687 - acc: 0.3082
 736/3458 [=====>........................] - ETA: 2:14 - loss: 2.4169 - acc: 0.3111
 768/3458 [=====>........................] - ETA: 2:12 - loss: 2.3744 - acc: 0.3125
 800/3458 [=====>........................] - ETA: 2:10 - loss: 2.3339 - acc: 0.3200
 832/3458 [======>.......................] - ETA: 2:09 - loss: 2.2984 - acc: 0.3197
 864/3458 [======>.......................] - ETA: 2:07 - loss: 2.2656 - acc: 0.3218
 896/3458 [======>.......................] - ETA: 2:05 - loss: 2.2318 - acc: 0.3281
 928/3458 [=======>......................] - ETA: 2:04 - loss: 2.2002 - acc: 0.3308
 960/3458 [=======>......................] - ETA: 2:02 - loss: 2.1721 - acc: 0.3344
 992/3458 [=======>......................] - ETA: 2:01 - loss: 2.1421 - acc: 0.3357
1024/3458 [=======>......................] - ETA: 1:59 - loss: 2.1171 - acc: 0.3369
1056/3458 [========>.....................] - ETA: 1:57 - loss: 2.0981 - acc: 0.3381
1088/3458 [========>.....................] - ETA: 1:56 - loss: 2.0757 - acc: 0.3401
1120/3458 [========>.....................] - ETA: 1:54 - loss: 2.0645 - acc: 0.3429
1152/3458 [========>.....................] - ETA: 1:53 - loss: 2.0435 - acc: 0.3446
1184/3458 [=========>....................] - ETA: 1:51 - loss: 2.0235 - acc: 0.3488
1216/3458 [=========>....................] - ETA: 1:49 - loss: 2.0053 - acc: 0.3553
1248/3458 [=========>....................] - ETA: 1:48 - loss: 1.9909 - acc: 0.3566
1280/3458 [==========>...................] - ETA: 1:46 - loss: 1.9729 - acc: 0.3594
1312/3458 [==========>...................] - ETA: 1:45 - loss: 1.9538 - acc: 0.3651
1344/3458 [==========>...................] - ETA: 1:43 - loss: 1.9395 - acc: 0.3676
1376/3458 [==========>...................] - ETA: 1:42 - loss: 1.9276 - acc: 0.3670
1408/3458 [===========>..................] - ETA: 1:40 - loss: 1.9132 - acc: 0.3700
1440/3458 [===========>..................] - ETA: 1:38 - loss: 1.8992 - acc: 0.3722
1472/3458 [===========>..................] - ETA: 1:37 - loss: 1.8934 - acc: 0.3730
1504/3458 [============>.................] - ETA: 1:35 - loss: 1.8776 - acc: 0.3770
1536/3458 [============>.................] - ETA: 1:34 - loss: 1.8724 - acc: 0.3763
1568/3458 [============>.................] - ETA: 1:32 - loss: 1.8652 - acc: 0.3750
1600/3458 [============>.................] - ETA: 1:31 - loss: 1.8530 - acc: 0.3756
1632/3458 [=============>................] - ETA: 1:29 - loss: 1.8422 - acc: 0.3781
1664/3458 [=============>................] - ETA: 1:27 - loss: 1.8329 - acc: 0.3816
1696/3458 [=============>................] - ETA: 1:26 - loss: 1.8253 - acc: 0.3821
1728/3458 [=============>................] - ETA: 1:24 - loss: 1.8190 - acc: 0.3831
1760/3458 [==============>...............] - ETA: 1:23 - loss: 1.8107 - acc: 0.3847
1792/3458 [==============>...............] - ETA: 1:21 - loss: 1.8047 - acc: 0.3823
1824/3458 [==============>...............] - ETA: 1:20 - loss: 1.7995 - acc: 0.3805
1856/3458 [===============>..............] - ETA: 1:18 - loss: 1.7935 - acc: 0.3804
1888/3458 [===============>..............] - ETA: 1:16 - loss: 1.7857 - acc: 0.3824
1920/3458 [===============>..............] - ETA: 1:15 - loss: 1.7780 - acc: 0.3849
1952/3458 [===============>..............] - ETA: 1:13 - loss: 1.7715 - acc: 0.3847
1984/3458 [================>.............] - ETA: 1:12 - loss: 1.7648 - acc: 0.3846
2016/3458 [================>.............] - ETA: 1:10 - loss: 1.7583 - acc: 0.3854
2048/3458 [================>.............] - ETA: 1:09 - loss: 1.7533 - acc: 0.3872
2080/3458 [=================>............] - ETA: 1:07 - loss: 1.7458 - acc: 0.3894
2112/3458 [=================>............] - ETA: 1:05 - loss: 1.7409 - acc: 0.3911
2144/3458 [=================>............] - ETA: 1:04 - loss: 1.7360 - acc: 0.3909
2176/3458 [=================>............] - ETA: 1:02 - loss: 1.7293 - acc: 0.3929
2208/3458 [==================>...........] - ETA: 1:01 - loss: 1.7234 - acc: 0.3927
2240/3458 [==================>...........] - ETA: 59s - loss: 1.7174 - acc: 0.3946 
2272/3458 [==================>...........] - ETA: 58s - loss: 1.7138 - acc: 0.3948
2304/3458 [==================>...........] - ETA: 56s - loss: 1.7074 - acc: 0.3971
2336/3458 [===================>..........] - ETA: 54s - loss: 1.7006 - acc: 0.3990
2368/3458 [===================>..........] - ETA: 53s - loss: 1.6952 - acc: 0.3991
2400/3458 [===================>..........] - ETA: 51s - loss: 1.6880 - acc: 0.3992
2432/3458 [====================>.........] - ETA: 50s - loss: 1.6797 - acc: 0.4025
2464/3458 [====================>.........] - ETA: 48s - loss: 1.6713 - acc: 0.4038
2496/3458 [====================>.........] - ETA: 47s - loss: 1.6703 - acc: 0.4030
2528/3458 [====================>.........] - ETA: 45s - loss: 1.6690 - acc: 0.4019
2560/3458 [=====================>........] - ETA: 43s - loss: 1.6633 - acc: 0.4035
2592/3458 [=====================>........] - ETA: 42s - loss: 1.6562 - acc: 0.4047
2624/3458 [=====================>........] - ETA: 40s - loss: 1.6523 - acc: 0.4047
2656/3458 [======================>.......] - ETA: 39s - loss: 1.6446 - acc: 0.4078
2688/3458 [======================>.......] - ETA: 37s - loss: 1.6398 - acc: 0.4089
2720/3458 [======================>.......] - ETA: 36s - loss: 1.6382 - acc: 0.4077
2752/3458 [======================>.......] - ETA: 34s - loss: 1.6355 - acc: 0.4099
2784/3458 [=======================>......] - ETA: 33s - loss: 1.6310 - acc: 0.4102
2816/3458 [=======================>......] - ETA: 31s - loss: 1.6265 - acc: 0.4109
2848/3458 [=======================>......] - ETA: 29s - loss: 1.6230 - acc: 0.4129
2880/3458 [=======================>......] - ETA: 28s - loss: 1.6183 - acc: 0.4128
2912/3458 [========================>.....] - ETA: 26s - loss: 1.6196 - acc: 0.4138
2944/3458 [========================>.....] - ETA: 25s - loss: 1.6176 - acc: 0.4134
2976/3458 [========================>.....] - ETA: 23s - loss: 1.6142 - acc: 0.4140
3008/3458 [=========================>....] - ETA: 22s - loss: 1.6065 - acc: 0.4152
3040/3458 [=========================>....] - ETA: 20s - loss: 1.6013 - acc: 0.4171
3072/3458 [=========================>....] - ETA: 18s - loss: 1.6002 - acc: 0.4176
3104/3458 [=========================>....] - ETA: 17s - loss: 1.5941 - acc: 0.4201
3136/3458 [==========================>...] - ETA: 15s - loss: 1.5879 - acc: 0.4222
3168/3458 [==========================>...] - ETA: 14s - loss: 1.5863 - acc: 0.4239
3200/3458 [==========================>...] - ETA: 12s - loss: 1.5835 - acc: 0.4247
3232/3458 [===========================>..] - ETA: 11s - loss: 1.5810 - acc: 0.4267
3264/3458 [===========================>..] - ETA: 9s - loss: 1.5789 - acc: 0.4274 
3296/3458 [===========================>..] - ETA: 7s - loss: 1.5748 - acc: 0.4281
3328/3458 [===========================>..] - ETA: 6s - loss: 1.5773 - acc: 0.4279
3360/3458 [============================>.] - ETA: 4s - loss: 1.5764 - acc: 0.4271
3392/3458 [============================>.] - ETA: 3s - loss: 1.5723 - acc: 0.4290
3424/3458 [============================>.] - ETA: 1s - loss: 1.5717 - acc: 0.4282
3456/3458 [============================>.] - ETA: 0s - loss: 1.5705 - acc: 0.4282
3458/3458 [==============================] - 170s 49ms/sample - loss: 1.5701 - acc: 0.4283

 32/865 [>.............................] - ETA: 7s - loss: 1.3793 - acc: 0.4062
 64/865 [=>............................] - ETA: 7s - loss: 1.3239 - acc: 0.4844
 96/865 [==>...........................] - ETA: 6s - loss: 1.3360 - acc: 0.4583
128/865 [===>..........................] - ETA: 6s - loss: 1.3165 - acc: 0.4297
160/865 [====>.........................] - ETA: 6s - loss: 1.3432 - acc: 0.3938
192/865 [=====>........................] - ETA: 6s - loss: 1.3183 - acc: 0.4167
224/865 [======>.......................] - ETA: 5s - loss: 1.3056 - acc: 0.4196
256/865 [=======>......................] - ETA: 5s - loss: 1.3054 - acc: 0.4258
288/865 [========>.....................] - ETA: 5s - loss: 1.3046 - acc: 0.4375
320/865 [==========>...................] - ETA: 4s - loss: 1.3030 - acc: 0.4375
352/865 [===========>..................] - ETA: 4s - loss: 1.3130 - acc: 0.4290
384/865 [============>.................] - ETA: 4s - loss: 1.3192 - acc: 0.4245
416/865 [=============>................] - ETA: 4s - loss: 1.3283 - acc: 0.4135
448/865 [==============>...............] - ETA: 3s - loss: 1.3328 - acc: 0.4174
480/865 [===============>..............] - ETA: 3s - loss: 1.3363 - acc: 0.4125
512/865 [================>.............] - ETA: 3s - loss: 1.3266 - acc: 0.4277
544/865 [=================>............] - ETA: 2s - loss: 1.3237 - acc: 0.4320
576/865 [==================>...........] - ETA: 2s - loss: 1.3129 - acc: 0.4427
608/865 [====================>.........] - ETA: 2s - loss: 1.3086 - acc: 0.4441
640/865 [=====================>........] - ETA: 2s - loss: 1.3094 - acc: 0.4484
672/865 [======================>.......] - ETA: 1s - loss: 1.3054 - acc: 0.4509
704/865 [=======================>......] - ETA: 1s - loss: 1.3081 - acc: 0.4517
736/865 [========================>.....] - ETA: 1s - loss: 1.3042 - acc: 0.4538
768/865 [=========================>....] - ETA: 0s - loss: 1.3081 - acc: 0.4505
800/865 [==========================>...] - ETA: 0s - loss: 1.3070 - acc: 0.4512
832/865 [===========================>..] - ETA: 0s - loss: 1.3057 - acc: 0.4507
864/865 [============================>.] - ETA: 0s - loss: 1.3011 - acc: 0.4549
865/865 [==============================] - 8s 9ms/sample - loss: 1.3002 - acc: 0.4555

  32/3458 [..............................] - ETA: 2:45 - loss: 1.1544 - acc: 0.5625
  64/3458 [..............................] - ETA: 2:45 - loss: 1.1849 - acc: 0.5156
  96/3458 [..............................] - ETA: 2:45 - loss: 1.2714 - acc: 0.4479
 128/3458 [>.............................] - ETA: 2:42 - loss: 1.2747 - acc: 0.4453
 160/3458 [>.............................] - ETA: 2:41 - loss: 1.2590 - acc: 0.4313
 192/3458 [>.............................] - ETA: 2:39 - loss: 1.2409 - acc: 0.4479
 224/3458 [>.............................] - ETA: 2:38 - loss: 1.2303 - acc: 0.4598
 256/3458 [=>............................] - ETA: 2:36 - loss: 1.2174 - acc: 0.4688
 288/3458 [=>............................] - ETA: 2:35 - loss: 1.1982 - acc: 0.4826
 320/3458 [=>............................] - ETA: 2:33 - loss: 1.2009 - acc: 0.4875
 352/3458 [==>...........................] - ETA: 2:32 - loss: 1.1817 - acc: 0.4943
 384/3458 [==>...........................] - ETA: 2:30 - loss: 1.1986 - acc: 0.4948
 416/3458 [==>...........................] - ETA: 2:29 - loss: 1.1980 - acc: 0.4976
 448/3458 [==>...........................] - ETA: 2:27 - loss: 1.1941 - acc: 0.5000
 480/3458 [===>..........................] - ETA: 2:25 - loss: 1.1972 - acc: 0.4979
 512/3458 [===>..........................] - ETA: 2:24 - loss: 1.1950 - acc: 0.4980
 544/3458 [===>..........................] - ETA: 2:22 - loss: 1.1929 - acc: 0.4963
 576/3458 [===>..........................] - ETA: 2:21 - loss: 1.1909 - acc: 0.4948
 608/3458 [====>.........................] - ETA: 2:19 - loss: 1.1894 - acc: 0.5016
 640/3458 [====>.........................] - ETA: 2:17 - loss: 1.1920 - acc: 0.5031
 672/3458 [====>.........................] - ETA: 2:16 - loss: 1.1906 - acc: 0.5074
 704/3458 [=====>........................] - ETA: 2:14 - loss: 1.1818 - acc: 0.5099
 736/3458 [=====>........................] - ETA: 2:13 - loss: 1.1816 - acc: 0.5122
 768/3458 [=====>........................] - ETA: 2:11 - loss: 1.1856 - acc: 0.5156
 800/3458 [=====>........................] - ETA: 2:10 - loss: 1.1827 - acc: 0.5175
 832/3458 [======>.......................] - ETA: 2:08 - loss: 1.1724 - acc: 0.5204
 864/3458 [======>.......................] - ETA: 2:07 - loss: 1.1725 - acc: 0.5185
 896/3458 [======>.......................] - ETA: 2:05 - loss: 1.1747 - acc: 0.5179
 928/3458 [=======>......................] - ETA: 2:03 - loss: 1.1699 - acc: 0.5226
 960/3458 [=======>......................] - ETA: 2:02 - loss: 1.1689 - acc: 0.5208
 992/3458 [=======>......................] - ETA: 2:00 - loss: 1.1632 - acc: 0.5212
1024/3458 [=======>......................] - ETA: 1:59 - loss: 1.1549 - acc: 0.5264
1056/3458 [========>.....................] - ETA: 1:57 - loss: 1.1554 - acc: 0.5256
1088/3458 [========>.....................] - ETA: 1:55 - loss: 1.1523 - acc: 0.5276
1120/3458 [========>.....................] - ETA: 1:54 - loss: 1.1450 - acc: 0.5268
1152/3458 [========>.....................] - ETA: 1:52 - loss: 1.1456 - acc: 0.5278
1184/3458 [=========>....................] - ETA: 1:51 - loss: 1.1499 - acc: 0.5270
1216/3458 [=========>....................] - ETA: 1:49 - loss: 1.1503 - acc: 0.5263
1248/3458 [=========>....................] - ETA: 1:48 - loss: 1.1434 - acc: 0.5272
1280/3458 [==========>...................] - ETA: 1:46 - loss: 1.1414 - acc: 0.5273
1312/3458 [==========>...................] - ETA: 1:45 - loss: 1.1426 - acc: 0.5274
1344/3458 [==========>...................] - ETA: 1:43 - loss: 1.1459 - acc: 0.5298
1376/3458 [==========>...................] - ETA: 1:41 - loss: 1.1435 - acc: 0.5298
1408/3458 [===========>..................] - ETA: 1:40 - loss: 1.1419 - acc: 0.5334
1440/3458 [===========>..................] - ETA: 1:38 - loss: 1.1421 - acc: 0.5333
1472/3458 [===========>..................] - ETA: 1:37 - loss: 1.1453 - acc: 0.5333
1504/3458 [============>.................] - ETA: 1:35 - loss: 1.1440 - acc: 0.5332
1536/3458 [============>.................] - ETA: 1:34 - loss: 1.1451 - acc: 0.5319
1568/3458 [============>.................] - ETA: 1:32 - loss: 1.1414 - acc: 0.5332
1600/3458 [============>.................] - ETA: 1:30 - loss: 1.1449 - acc: 0.5344
1632/3458 [=============>................] - ETA: 1:29 - loss: 1.1436 - acc: 0.5362
1664/3458 [=============>................] - ETA: 1:27 - loss: 1.1397 - acc: 0.5391
1696/3458 [=============>................] - ETA: 1:26 - loss: 1.1464 - acc: 0.5395
1728/3458 [=============>................] - ETA: 1:24 - loss: 1.1488 - acc: 0.5370
1760/3458 [==============>...............] - ETA: 1:23 - loss: 1.1519 - acc: 0.5375
1792/3458 [==============>...............] - ETA: 1:21 - loss: 1.1527 - acc: 0.5357
1824/3458 [==============>...............] - ETA: 1:19 - loss: 1.1513 - acc: 0.5373
1856/3458 [===============>..............] - ETA: 1:18 - loss: 1.1474 - acc: 0.5388
1888/3458 [===============>..............] - ETA: 1:16 - loss: 1.1491 - acc: 0.5381
1920/3458 [===============>..............] - ETA: 1:15 - loss: 1.1459 - acc: 0.5396
1952/3458 [===============>..............] - ETA: 1:13 - loss: 1.1460 - acc: 0.5400
1984/3458 [================>.............] - ETA: 1:12 - loss: 1.1461 - acc: 0.5388
2016/3458 [================>.............] - ETA: 1:10 - loss: 1.1413 - acc: 0.5437
2048/3458 [================>.............] - ETA: 1:08 - loss: 1.1420 - acc: 0.5444
2080/3458 [=================>............] - ETA: 1:07 - loss: 1.1396 - acc: 0.5462
2112/3458 [=================>............] - ETA: 1:05 - loss: 1.1392 - acc: 0.5473
2144/3458 [=================>............] - ETA: 1:04 - loss: 1.1355 - acc: 0.5499
2176/3458 [=================>............] - ETA: 1:02 - loss: 1.1396 - acc: 0.5473
2208/3458 [==================>...........] - ETA: 1:01 - loss: 1.1367 - acc: 0.5489
2240/3458 [==================>...........] - ETA: 59s - loss: 1.1370 - acc: 0.5473 
2272/3458 [==================>...........] - ETA: 58s - loss: 1.1397 - acc: 0.5462
2304/3458 [==================>...........] - ETA: 56s - loss: 1.1397 - acc: 0.5460
2336/3458 [===================>..........] - ETA: 54s - loss: 1.1392 - acc: 0.5458
2368/3458 [===================>..........] - ETA: 53s - loss: 1.1412 - acc: 0.5452
2400/3458 [===================>..........] - ETA: 51s - loss: 1.1421 - acc: 0.5433
2432/3458 [====================>.........] - ETA: 50s - loss: 1.1417 - acc: 0.5428
2464/3458 [====================>.........] - ETA: 48s - loss: 1.1390 - acc: 0.5450
2496/3458 [====================>.........] - ETA: 47s - loss: 1.1357 - acc: 0.5461
2528/3458 [====================>.........] - ETA: 45s - loss: 1.1377 - acc: 0.5459
2560/3458 [=====================>........] - ETA: 43s - loss: 1.1401 - acc: 0.5465
2592/3458 [=====================>........] - ETA: 42s - loss: 1.1418 - acc: 0.5451
2624/3458 [=====================>........] - ETA: 40s - loss: 1.1425 - acc: 0.5454
2656/3458 [======================>.......] - ETA: 39s - loss: 1.1435 - acc: 0.5463
2688/3458 [======================>.......] - ETA: 37s - loss: 1.1426 - acc: 0.5458
2720/3458 [======================>.......] - ETA: 36s - loss: 1.1438 - acc: 0.5460
2752/3458 [======================>.......] - ETA: 34s - loss: 1.1456 - acc: 0.5454
2784/3458 [=======================>......] - ETA: 32s - loss: 1.1455 - acc: 0.5449
2816/3458 [=======================>......] - ETA: 31s - loss: 1.1433 - acc: 0.5458
2848/3458 [=======================>......] - ETA: 29s - loss: 1.1430 - acc: 0.5474
2880/3458 [=======================>......] - ETA: 28s - loss: 1.1456 - acc: 0.5472
2912/3458 [========================>.....] - ETA: 26s - loss: 1.1473 - acc: 0.5474
2944/3458 [========================>.....] - ETA: 25s - loss: 1.1452 - acc: 0.5486
2976/3458 [========================>.....] - ETA: 23s - loss: 1.1434 - acc: 0.5487
3008/3458 [=========================>....] - ETA: 22s - loss: 1.1425 - acc: 0.5482
3040/3458 [=========================>....] - ETA: 20s - loss: 1.1397 - acc: 0.5497
3072/3458 [=========================>....] - ETA: 18s - loss: 1.1369 - acc: 0.5511
3104/3458 [=========================>....] - ETA: 17s - loss: 1.1325 - acc: 0.5528
3136/3458 [==========================>...] - ETA: 15s - loss: 1.1315 - acc: 0.5529
3168/3458 [==========================>...] - ETA: 14s - loss: 1.1280 - acc: 0.5543
3200/3458 [==========================>...] - ETA: 12s - loss: 1.1291 - acc: 0.5541
3232/3458 [===========================>..] - ETA: 11s - loss: 1.1286 - acc: 0.5548
3264/3458 [===========================>..] - ETA: 9s - loss: 1.1287 - acc: 0.5542 
3296/3458 [===========================>..] - ETA: 7s - loss: 1.1284 - acc: 0.5540
3328/3458 [===========================>..] - ETA: 6s - loss: 1.1280 - acc: 0.5544
3360/3458 [============================>.] - ETA: 4s - loss: 1.1268 - acc: 0.5536
3392/3458 [============================>.] - ETA: 3s - loss: 1.1275 - acc: 0.5534
3424/3458 [============================>.] - ETA: 1s - loss: 1.1277 - acc: 0.5534
3456/3458 [============================>.] - ETA: 0s - loss: 1.1276 - acc: 0.5535
3458/3458 [==============================] - 170s 49ms/sample - loss: 1.1272 - acc: 0.5538

 32/865 [>.............................] - ETA: 7s - loss: 1.1655 - acc: 0.5312
 64/865 [=>............................] - ETA: 7s - loss: 1.1121 - acc: 0.5469
 96/865 [==>...........................] - ETA: 6s - loss: 1.1198 - acc: 0.5521
128/865 [===>..........................] - ETA: 6s - loss: 1.0989 - acc: 0.5625
160/865 [====>.........................] - ETA: 6s - loss: 1.1592 - acc: 0.5250
192/865 [=====>........................] - ETA: 5s - loss: 1.1382 - acc: 0.5260
224/865 [======>.......................] - ETA: 5s - loss: 1.1404 - acc: 0.5268
256/865 [=======>......................] - ETA: 5s - loss: 1.1505 - acc: 0.5273
288/865 [========>.....................] - ETA: 5s - loss: 1.1573 - acc: 0.5243
320/865 [==========>...................] - ETA: 4s - loss: 1.1425 - acc: 0.5281
352/865 [===========>..................] - ETA: 4s - loss: 1.1633 - acc: 0.5227
384/865 [============>.................] - ETA: 4s - loss: 1.1792 - acc: 0.5104
416/865 [=============>................] - ETA: 3s - loss: 1.1929 - acc: 0.5000
448/865 [==============>...............] - ETA: 3s - loss: 1.1974 - acc: 0.5022
480/865 [===============>..............] - ETA: 3s - loss: 1.2068 - acc: 0.4958
512/865 [================>.............] - ETA: 3s - loss: 1.1897 - acc: 0.5098
544/865 [=================>............] - ETA: 2s - loss: 1.1792 - acc: 0.5147
576/865 [==================>...........] - ETA: 2s - loss: 1.1696 - acc: 0.5174
608/865 [====================>.........] - ETA: 2s - loss: 1.1593 - acc: 0.5181
640/865 [=====================>........] - ETA: 1s - loss: 1.1596 - acc: 0.5188
672/865 [======================>.......] - ETA: 1s - loss: 1.1525 - acc: 0.5208
704/865 [=======================>......] - ETA: 1s - loss: 1.1487 - acc: 0.5241
736/865 [========================>.....] - ETA: 1s - loss: 1.1444 - acc: 0.5285
768/865 [=========================>....] - ETA: 0s - loss: 1.1425 - acc: 0.5312
800/865 [==========================>...] - ETA: 0s - loss: 1.1426 - acc: 0.5325
832/865 [===========================>..] - ETA: 0s - loss: 1.1447 - acc: 0.5312
864/865 [============================>.] - ETA: 0s - loss: 1.1383 - acc: 0.5370
865/865 [==============================] - 8s 9ms/sample - loss: 1.1376 - acc: 0.5376

  32/3458 [..............................] - ETA: 2:44 - loss: 0.9193 - acc: 0.7812
  64/3458 [..............................] - ETA: 2:45 - loss: 0.9819 - acc: 0.6875
  96/3458 [..............................] - ETA: 2:43 - loss: 1.0601 - acc: 0.6354
 128/3458 [>.............................] - ETA: 2:42 - loss: 1.0165 - acc: 0.6406
 160/3458 [>.............................] - ETA: 2:39 - loss: 0.9765 - acc: 0.6500
 192/3458 [>.............................] - ETA: 2:39 - loss: 0.9706 - acc: 0.6615
 224/3458 [>.............................] - ETA: 2:37 - loss: 0.9310 - acc: 0.6741
 256/3458 [=>............................] - ETA: 2:35 - loss: 0.9346 - acc: 0.6719
 288/3458 [=>............................] - ETA: 2:34 - loss: 0.9598 - acc: 0.6528
 320/3458 [=>............................] - ETA: 2:32 - loss: 0.9557 - acc: 0.6594
 352/3458 [==>...........................] - ETA: 2:31 - loss: 0.9634 - acc: 0.6534
 384/3458 [==>...........................] - ETA: 2:29 - loss: 0.9977 - acc: 0.6510
 416/3458 [==>...........................] - ETA: 2:27 - loss: 0.9971 - acc: 0.6490
 448/3458 [==>...........................] - ETA: 2:26 - loss: 0.9779 - acc: 0.6496
 480/3458 [===>..........................] - ETA: 2:24 - loss: 0.9569 - acc: 0.6562
 512/3458 [===>..........................] - ETA: 2:23 - loss: 0.9556 - acc: 0.6562
 544/3458 [===>..........................] - ETA: 2:21 - loss: 0.9525 - acc: 0.6544
 576/3458 [===>..........................] - ETA: 2:20 - loss: 0.9503 - acc: 0.6458
 608/3458 [====>.........................] - ETA: 2:18 - loss: 0.9482 - acc: 0.6431
 640/3458 [====>.........................] - ETA: 2:17 - loss: 0.9664 - acc: 0.6313
 672/3458 [====>.........................] - ETA: 2:15 - loss: 0.9637 - acc: 0.6339
 704/3458 [=====>........................] - ETA: 2:14 - loss: 0.9693 - acc: 0.6335
 736/3458 [=====>........................] - ETA: 2:12 - loss: 0.9675 - acc: 0.6345
 768/3458 [=====>........................] - ETA: 2:10 - loss: 0.9707 - acc: 0.6315
 800/3458 [=====>........................] - ETA: 2:09 - loss: 0.9743 - acc: 0.6288
 832/3458 [======>.......................] - ETA: 2:07 - loss: 0.9714 - acc: 0.6286
 864/3458 [======>.......................] - ETA: 2:06 - loss: 0.9752 - acc: 0.6296
 896/3458 [======>.......................] - ETA: 2:04 - loss: 0.9834 - acc: 0.6283
 928/3458 [=======>......................] - ETA: 2:03 - loss: 0.9839 - acc: 0.6293
 960/3458 [=======>......................] - ETA: 2:01 - loss: 0.9748 - acc: 0.6344
 992/3458 [=======>......................] - ETA: 2:00 - loss: 0.9684 - acc: 0.6371
1024/3458 [=======>......................] - ETA: 1:58 - loss: 0.9682 - acc: 0.6387
1056/3458 [========>.....................] - ETA: 1:57 - loss: 0.9836 - acc: 0.6354
1088/3458 [========>.....................] - ETA: 1:55 - loss: 0.9785 - acc: 0.6379
1120/3458 [========>.....................] - ETA: 1:53 - loss: 0.9768 - acc: 0.6402
1152/3458 [========>.....................] - ETA: 1:52 - loss: 0.9719 - acc: 0.6398
1184/3458 [=========>....................] - ETA: 1:50 - loss: 0.9734 - acc: 0.6385
1216/3458 [=========>....................] - ETA: 1:49 - loss: 0.9810 - acc: 0.6373
1248/3458 [=========>....................] - ETA: 1:47 - loss: 0.9864 - acc: 0.6362
1280/3458 [==========>...................] - ETA: 1:46 - loss: 0.9917 - acc: 0.6336
1312/3458 [==========>...................] - ETA: 1:44 - loss: 0.9924 - acc: 0.6326
1344/3458 [==========>...................] - ETA: 1:43 - loss: 0.9862 - acc: 0.6347
1376/3458 [==========>...................] - ETA: 1:41 - loss: 0.9857 - acc: 0.6359
1408/3458 [===========>..................] - ETA: 1:40 - loss: 0.9811 - acc: 0.6371
1440/3458 [===========>..................] - ETA: 1:38 - loss: 0.9836 - acc: 0.6361
1472/3458 [===========>..................] - ETA: 1:36 - loss: 0.9808 - acc: 0.6352
1504/3458 [============>.................] - ETA: 1:35 - loss: 0.9860 - acc: 0.6316
1536/3458 [============>.................] - ETA: 1:33 - loss: 0.9844 - acc: 0.6315
1568/3458 [============>.................] - ETA: 1:32 - loss: 0.9904 - acc: 0.6301
1600/3458 [============>.................] - ETA: 1:30 - loss: 0.9917 - acc: 0.6275
1632/3458 [=============>................] - ETA: 1:29 - loss: 0.9899 - acc: 0.6281
1664/3458 [=============>................] - ETA: 1:27 - loss: 0.9894 - acc: 0.6268
1696/3458 [=============>................] - ETA: 1:26 - loss: 0.9945 - acc: 0.6250
1728/3458 [=============>................] - ETA: 1:24 - loss: 0.9979 - acc: 0.6244
1760/3458 [==============>...............] - ETA: 1:22 - loss: 0.9921 - acc: 0.6278
1792/3458 [==============>...............] - ETA: 1:21 - loss: 0.9940 - acc: 0.6239
1824/3458 [==============>...............] - ETA: 1:19 - loss: 0.9928 - acc: 0.6234
1856/3458 [===============>..............] - ETA: 1:18 - loss: 0.9876 - acc: 0.6272
1888/3458 [===============>..............] - ETA: 1:16 - loss: 0.9843 - acc: 0.6287
1920/3458 [===============>..............] - ETA: 1:15 - loss: 0.9799 - acc: 0.6313
1952/3458 [===============>..............] - ETA: 1:13 - loss: 0.9800 - acc: 0.6317
1984/3458 [================>.............] - ETA: 1:12 - loss: 0.9805 - acc: 0.6321
2016/3458 [================>.............] - ETA: 1:10 - loss: 0.9779 - acc: 0.6329
2048/3458 [================>.............] - ETA: 1:08 - loss: 0.9757 - acc: 0.6333
2080/3458 [=================>............] - ETA: 1:07 - loss: 0.9740 - acc: 0.6337
2112/3458 [=================>............] - ETA: 1:05 - loss: 0.9716 - acc: 0.6345
2144/3458 [=================>............] - ETA: 1:04 - loss: 0.9690 - acc: 0.6367
2176/3458 [=================>............] - ETA: 1:02 - loss: 0.9709 - acc: 0.6356
2208/3458 [==================>...........] - ETA: 1:01 - loss: 0.9686 - acc: 0.6350
2240/3458 [==================>...........] - ETA: 59s - loss: 0.9735 - acc: 0.6335 
2272/3458 [==================>...........] - ETA: 58s - loss: 0.9745 - acc: 0.6320
2304/3458 [==================>...........] - ETA: 56s - loss: 0.9740 - acc: 0.6306
2336/3458 [===================>..........] - ETA: 54s - loss: 0.9741 - acc: 0.6301
2368/3458 [===================>..........] - ETA: 53s - loss: 0.9711 - acc: 0.6318
2400/3458 [===================>..........] - ETA: 51s - loss: 0.9698 - acc: 0.6313
2432/3458 [====================>.........] - ETA: 50s - loss: 0.9696 - acc: 0.6320
2464/3458 [====================>.........] - ETA: 48s - loss: 0.9702 - acc: 0.6323
2496/3458 [====================>.........] - ETA: 47s - loss: 0.9720 - acc: 0.6330
2528/3458 [====================>.........] - ETA: 45s - loss: 0.9706 - acc: 0.6333
2560/3458 [=====================>........] - ETA: 43s - loss: 0.9671 - acc: 0.6355
2592/3458 [=====================>........] - ETA: 42s - loss: 0.9638 - acc: 0.6373
2624/3458 [=====================>........] - ETA: 40s - loss: 0.9609 - acc: 0.6402
2656/3458 [======================>.......] - ETA: 39s - loss: 0.9622 - acc: 0.6408
2688/3458 [======================>.......] - ETA: 37s - loss: 0.9602 - acc: 0.6421
2720/3458 [======================>.......] - ETA: 36s - loss: 0.9608 - acc: 0.6415
2752/3458 [======================>.......] - ETA: 34s - loss: 0.9643 - acc: 0.6414
2784/3458 [=======================>......] - ETA: 32s - loss: 0.9641 - acc: 0.6412
2816/3458 [=======================>......] - ETA: 31s - loss: 0.9658 - acc: 0.6399
2848/3458 [=======================>......] - ETA: 29s - loss: 0.9697 - acc: 0.6390
2880/3458 [=======================>......] - ETA: 28s - loss: 0.9709 - acc: 0.6375
2912/3458 [========================>.....] - ETA: 26s - loss: 0.9700 - acc: 0.6370
2944/3458 [========================>.....] - ETA: 25s - loss: 0.9696 - acc: 0.6362
2976/3458 [========================>.....] - ETA: 23s - loss: 0.9687 - acc: 0.6361
3008/3458 [=========================>....] - ETA: 22s - loss: 0.9688 - acc: 0.6360
3040/3458 [=========================>....] - ETA: 20s - loss: 0.9682 - acc: 0.6355
3072/3458 [=========================>....] - ETA: 18s - loss: 0.9710 - acc: 0.6351
3104/3458 [=========================>....] - ETA: 17s - loss: 0.9711 - acc: 0.6347
3136/3458 [==========================>...] - ETA: 15s - loss: 0.9679 - acc: 0.6355
3168/3458 [==========================>...] - ETA: 14s - loss: 0.9666 - acc: 0.6370
3200/3458 [==========================>...] - ETA: 12s - loss: 0.9661 - acc: 0.6372
3232/3458 [===========================>..] - ETA: 11s - loss: 0.9653 - acc: 0.6380
3264/3458 [===========================>..] - ETA: 9s - loss: 0.9643 - acc: 0.6394 
3296/3458 [===========================>..] - ETA: 7s - loss: 0.9626 - acc: 0.6399
3328/3458 [===========================>..] - ETA: 6s - loss: 0.9630 - acc: 0.6397
3360/3458 [============================>.] - ETA: 4s - loss: 0.9630 - acc: 0.6393
3392/3458 [============================>.] - ETA: 3s - loss: 0.9646 - acc: 0.6392
3424/3458 [============================>.] - ETA: 1s - loss: 0.9643 - acc: 0.6402
3456/3458 [============================>.] - ETA: 0s - loss: 0.9616 - acc: 0.6412
3458/3458 [==============================] - 170s 49ms/sample - loss: 0.9616 - acc: 0.6411

 32/865 [>.............................] - ETA: 8s - loss: 1.2979 - acc: 0.4062
 64/865 [=>............................] - ETA: 7s - loss: 1.1826 - acc: 0.5000
 96/865 [==>...........................] - ETA: 7s - loss: 1.2010 - acc: 0.5000
128/865 [===>..........................] - ETA: 6s - loss: 1.1168 - acc: 0.5469
160/865 [====>.........................] - ETA: 6s - loss: 1.2116 - acc: 0.5250
192/865 [=====>........................] - ETA: 6s - loss: 1.1831 - acc: 0.5312
224/865 [======>.......................] - ETA: 5s - loss: 1.1607 - acc: 0.5402
256/865 [=======>......................] - ETA: 5s - loss: 1.1815 - acc: 0.5312
288/865 [========>.....................] - ETA: 5s - loss: 1.1718 - acc: 0.5347
320/865 [==========>...................] - ETA: 4s - loss: 1.1671 - acc: 0.5594
352/865 [===========>..................] - ETA: 4s - loss: 1.2072 - acc: 0.5455
384/865 [============>.................] - ETA: 4s - loss: 1.2229 - acc: 0.5312
416/865 [=============>................] - ETA: 4s - loss: 1.2570 - acc: 0.5120
448/865 [==============>...............] - ETA: 3s - loss: 1.2516 - acc: 0.5112
480/865 [===============>..............] - ETA: 3s - loss: 1.2694 - acc: 0.5104
512/865 [================>.............] - ETA: 3s - loss: 1.2490 - acc: 0.5195
544/865 [=================>............] - ETA: 2s - loss: 1.2405 - acc: 0.5165
576/865 [==================>...........] - ETA: 2s - loss: 1.2201 - acc: 0.5191
608/865 [====================>.........] - ETA: 2s - loss: 1.2041 - acc: 0.5263
640/865 [=====================>........] - ETA: 2s - loss: 1.2002 - acc: 0.5281
672/865 [======================>.......] - ETA: 1s - loss: 1.1903 - acc: 0.5327
704/865 [=======================>......] - ETA: 1s - loss: 1.1945 - acc: 0.5327
736/865 [========================>.....] - ETA: 1s - loss: 1.1857 - acc: 0.5367
768/865 [=========================>....] - ETA: 0s - loss: 1.1706 - acc: 0.5430
800/865 [==========================>...] - ETA: 0s - loss: 1.1610 - acc: 0.5487
832/865 [===========================>..] - ETA: 0s - loss: 1.1643 - acc: 0.5481
864/865 [============================>.] - ETA: 0s - loss: 1.1528 - acc: 0.5509
865/865 [==============================] - 8s 9ms/sample - loss: 1.1519 - acc: 0.5514

  32/3458 [..............................] - ETA: 2:51 - loss: 0.9637 - acc: 0.6875
  64/3458 [..............................] - ETA: 2:46 - loss: 0.8459 - acc: 0.7188
  96/3458 [..............................] - ETA: 2:45 - loss: 0.8933 - acc: 0.6562
 128/3458 [>.............................] - ETA: 2:44 - loss: 1.0175 - acc: 0.6406
 160/3458 [>.............................] - ETA: 2:41 - loss: 1.0376 - acc: 0.6125
 192/3458 [>.............................] - ETA: 2:40 - loss: 1.0142 - acc: 0.6354
 224/3458 [>.............................] - ETA: 2:38 - loss: 0.9815 - acc: 0.6384
 256/3458 [=>............................] - ETA: 2:37 - loss: 0.9606 - acc: 0.6406
 288/3458 [=>............................] - ETA: 2:35 - loss: 0.9558 - acc: 0.6458
 320/3458 [=>............................] - ETA: 2:34 - loss: 0.9728 - acc: 0.6406
 352/3458 [==>...........................] - ETA: 2:32 - loss: 0.9730 - acc: 0.6335
 384/3458 [==>...........................] - ETA: 2:31 - loss: 0.9607 - acc: 0.6380
 416/3458 [==>...........................] - ETA: 2:29 - loss: 0.9547 - acc: 0.6394
 448/3458 [==>...........................] - ETA: 2:28 - loss: 0.9293 - acc: 0.6540
 480/3458 [===>..........................] - ETA: 2:26 - loss: 0.9255 - acc: 0.6479
 512/3458 [===>..........................] - ETA: 2:24 - loss: 0.9228 - acc: 0.6465
 544/3458 [===>..........................] - ETA: 2:23 - loss: 0.9181 - acc: 0.6471
 576/3458 [===>..........................] - ETA: 2:21 - loss: 0.9011 - acc: 0.6580
 608/3458 [====>.........................] - ETA: 2:20 - loss: 0.8937 - acc: 0.6645
 640/3458 [====>.........................] - ETA: 2:18 - loss: 0.8951 - acc: 0.6594
 672/3458 [====>.........................] - ETA: 2:16 - loss: 0.8933 - acc: 0.6667
 704/3458 [=====>........................] - ETA: 2:15 - loss: 0.8827 - acc: 0.6733
 736/3458 [=====>........................] - ETA: 2:13 - loss: 0.8785 - acc: 0.6726
 768/3458 [=====>........................] - ETA: 2:12 - loss: 0.8730 - acc: 0.6797
 800/3458 [=====>........................] - ETA: 2:10 - loss: 0.8668 - acc: 0.6787
 832/3458 [======>.......................] - ETA: 2:08 - loss: 0.8634 - acc: 0.6827
 864/3458 [======>.......................] - ETA: 2:07 - loss: 0.8597 - acc: 0.6840
 896/3458 [======>.......................] - ETA: 2:05 - loss: 0.8607 - acc: 0.6786
 928/3458 [=======>......................] - ETA: 2:04 - loss: 0.8618 - acc: 0.6767
 960/3458 [=======>......................] - ETA: 2:02 - loss: 0.8542 - acc: 0.6823
 992/3458 [=======>......................] - ETA: 2:01 - loss: 0.8492 - acc: 0.6855
1024/3458 [=======>......................] - ETA: 1:59 - loss: 0.8398 - acc: 0.6904
1056/3458 [========>.....................] - ETA: 1:57 - loss: 0.8393 - acc: 0.6903
1088/3458 [========>.....................] - ETA: 1:56 - loss: 0.8396 - acc: 0.6921
1120/3458 [========>.....................] - ETA: 1:54 - loss: 0.8394 - acc: 0.6920
1152/3458 [========>.....................] - ETA: 1:53 - loss: 0.8374 - acc: 0.6936
1184/3458 [=========>....................] - ETA: 1:51 - loss: 0.8377 - acc: 0.6934
1216/3458 [=========>....................] - ETA: 1:50 - loss: 0.8300 - acc: 0.6965
1248/3458 [=========>....................] - ETA: 1:48 - loss: 0.8270 - acc: 0.6971
1280/3458 [==========>...................] - ETA: 1:46 - loss: 0.8308 - acc: 0.6961
1312/3458 [==========>...................] - ETA: 1:45 - loss: 0.8288 - acc: 0.6966
1344/3458 [==========>...................] - ETA: 1:43 - loss: 0.8203 - acc: 0.7016
1376/3458 [==========>...................] - ETA: 1:42 - loss: 0.8164 - acc: 0.7042
1408/3458 [===========>..................] - ETA: 1:40 - loss: 0.8117 - acc: 0.7045
1440/3458 [===========>..................] - ETA: 1:39 - loss: 0.8071 - acc: 0.7063
1472/3458 [===========>..................] - ETA: 1:37 - loss: 0.8016 - acc: 0.7092
1504/3458 [============>.................] - ETA: 1:35 - loss: 0.7964 - acc: 0.7114
1536/3458 [============>.................] - ETA: 1:34 - loss: 0.7953 - acc: 0.7129
1568/3458 [============>.................] - ETA: 1:32 - loss: 0.7905 - acc: 0.7162
1600/3458 [============>.................] - ETA: 1:31 - loss: 0.7858 - acc: 0.7200
1632/3458 [=============>................] - ETA: 1:29 - loss: 0.7825 - acc: 0.7212
1664/3458 [=============>................] - ETA: 1:28 - loss: 0.7847 - acc: 0.7212
1696/3458 [=============>................] - ETA: 1:26 - loss: 0.7829 - acc: 0.7223
1728/3458 [=============>................] - ETA: 1:25 - loss: 0.7792 - acc: 0.7240
1760/3458 [==============>...............] - ETA: 1:23 - loss: 0.7770 - acc: 0.7239
1792/3458 [==============>...............] - ETA: 1:21 - loss: 0.7749 - acc: 0.7221
1824/3458 [==============>...............] - ETA: 1:20 - loss: 0.7740 - acc: 0.7220
1856/3458 [===============>..............] - ETA: 1:18 - loss: 0.7706 - acc: 0.7225
1888/3458 [===============>..............] - ETA: 1:17 - loss: 0.7696 - acc: 0.7214
1920/3458 [===============>..............] - ETA: 1:15 - loss: 0.7673 - acc: 0.7219
1952/3458 [===============>..............] - ETA: 1:13 - loss: 0.7656 - acc: 0.7213
1984/3458 [================>.............] - ETA: 1:12 - loss: 0.7665 - acc: 0.7218
2016/3458 [================>.............] - ETA: 1:10 - loss: 0.7670 - acc: 0.7212
2048/3458 [================>.............] - ETA: 1:09 - loss: 0.7686 - acc: 0.7202
2080/3458 [=================>............] - ETA: 1:07 - loss: 0.7674 - acc: 0.7212
2112/3458 [=================>............] - ETA: 1:06 - loss: 0.7669 - acc: 0.7216
2144/3458 [=================>............] - ETA: 1:04 - loss: 0.7642 - acc: 0.7220
2176/3458 [=================>............] - ETA: 1:02 - loss: 0.7629 - acc: 0.7215
2208/3458 [==================>...........] - ETA: 1:01 - loss: 0.7632 - acc: 0.7206
2240/3458 [==================>...........] - ETA: 59s - loss: 0.7647 - acc: 0.7201 
2272/3458 [==================>...........] - ETA: 58s - loss: 0.7683 - acc: 0.7196
2304/3458 [==================>...........] - ETA: 56s - loss: 0.7660 - acc: 0.7209
2336/3458 [===================>..........] - ETA: 55s - loss: 0.7631 - acc: 0.7222
2368/3458 [===================>..........] - ETA: 53s - loss: 0.7616 - acc: 0.7230
2400/3458 [===================>..........] - ETA: 51s - loss: 0.7629 - acc: 0.7221
2432/3458 [====================>.........] - ETA: 50s - loss: 0.7684 - acc: 0.7204
2464/3458 [====================>.........] - ETA: 48s - loss: 0.7669 - acc: 0.7208
2496/3458 [====================>.........] - ETA: 47s - loss: 0.7666 - acc: 0.7216
2528/3458 [====================>.........] - ETA: 45s - loss: 0.7692 - acc: 0.7203
2560/3458 [=====================>........] - ETA: 44s - loss: 0.7703 - acc: 0.7195
2592/3458 [=====================>........] - ETA: 42s - loss: 0.7731 - acc: 0.7184
2624/3458 [=====================>........] - ETA: 40s - loss: 0.7737 - acc: 0.7180
2656/3458 [======================>.......] - ETA: 39s - loss: 0.7768 - acc: 0.7172
2688/3458 [======================>.......] - ETA: 37s - loss: 0.7786 - acc: 0.7165
2720/3458 [======================>.......] - ETA: 36s - loss: 0.7793 - acc: 0.7165
2752/3458 [======================>.......] - ETA: 34s - loss: 0.7802 - acc: 0.7158
2784/3458 [=======================>......] - ETA: 33s - loss: 0.7815 - acc: 0.7155
2816/3458 [=======================>......] - ETA: 31s - loss: 0.7816 - acc: 0.7152
2848/3458 [=======================>......] - ETA: 29s - loss: 0.7835 - acc: 0.7138
2880/3458 [=======================>......] - ETA: 28s - loss: 0.7817 - acc: 0.7153
2912/3458 [========================>.....] - ETA: 26s - loss: 0.7810 - acc: 0.7150
2944/3458 [========================>.....] - ETA: 25s - loss: 0.7812 - acc: 0.7147
2976/3458 [========================>.....] - ETA: 23s - loss: 0.7812 - acc: 0.7151
3008/3458 [=========================>....] - ETA: 22s - loss: 0.7857 - acc: 0.7144
3040/3458 [=========================>....] - ETA: 20s - loss: 0.7867 - acc: 0.7135
3072/3458 [=========================>....] - ETA: 18s - loss: 0.7867 - acc: 0.7129
3104/3458 [=========================>....] - ETA: 17s - loss: 0.7848 - acc: 0.7139
3136/3458 [==========================>...] - ETA: 15s - loss: 0.7832 - acc: 0.7146
3168/3458 [==========================>...] - ETA: 14s - loss: 0.7818 - acc: 0.7153
3200/3458 [==========================>...] - ETA: 12s - loss: 0.7797 - acc: 0.7159
3232/3458 [===========================>..] - ETA: 11s - loss: 0.7796 - acc: 0.7157
3264/3458 [===========================>..] - ETA: 9s - loss: 0.7785 - acc: 0.7154 
3296/3458 [===========================>..] - ETA: 7s - loss: 0.7798 - acc: 0.7160
3328/3458 [===========================>..] - ETA: 6s - loss: 0.7793 - acc: 0.7160
3360/3458 [============================>.] - ETA: 4s - loss: 0.7791 - acc: 0.7158
3392/3458 [============================>.] - ETA: 3s - loss: 0.7795 - acc: 0.7161
3424/3458 [============================>.] - ETA: 1s - loss: 0.7772 - acc: 0.7170
3456/3458 [============================>.] - ETA: 0s - loss: 0.7755 - acc: 0.7182
3458/3458 [==============================] - 170s 49ms/sample - loss: 0.7759 - acc: 0.7180

 32/865 [>.............................] - ETA: 7s - loss: 1.0617 - acc: 0.6250
 64/865 [=>............................] - ETA: 7s - loss: 1.0980 - acc: 0.6562
 96/865 [==>...........................] - ETA: 6s - loss: 1.1354 - acc: 0.6250
128/865 [===>..........................] - ETA: 6s - loss: 1.0848 - acc: 0.6172
160/865 [====>.........................] - ETA: 6s - loss: 1.1500 - acc: 0.5875
192/865 [=====>........................] - ETA: 6s - loss: 1.0729 - acc: 0.5990
224/865 [======>.......................] - ETA: 5s - loss: 1.1134 - acc: 0.5759
256/865 [=======>......................] - ETA: 5s - loss: 1.1058 - acc: 0.5781
288/865 [========>.....................] - ETA: 5s - loss: 1.1294 - acc: 0.5764
320/865 [==========>...................] - ETA: 4s - loss: 1.1105 - acc: 0.5844
352/865 [===========>..................] - ETA: 4s - loss: 1.1419 - acc: 0.5767
384/865 [============>.................] - ETA: 4s - loss: 1.1817 - acc: 0.5651
416/865 [=============>................] - ETA: 4s - loss: 1.2134 - acc: 0.5457
448/865 [==============>...............] - ETA: 3s - loss: 1.2167 - acc: 0.5491
480/865 [===============>..............] - ETA: 3s - loss: 1.2394 - acc: 0.5396
512/865 [================>.............] - ETA: 3s - loss: 1.2085 - acc: 0.5508
544/865 [=================>............] - ETA: 2s - loss: 1.1918 - acc: 0.5551
576/865 [==================>...........] - ETA: 2s - loss: 1.1870 - acc: 0.5556
608/865 [====================>.........] - ETA: 2s - loss: 1.1601 - acc: 0.5658
640/865 [=====================>........] - ETA: 2s - loss: 1.1576 - acc: 0.5656
672/865 [======================>.......] - ETA: 1s - loss: 1.1423 - acc: 0.5699
704/865 [=======================>......] - ETA: 1s - loss: 1.1391 - acc: 0.5724
736/865 [========================>.....] - ETA: 1s - loss: 1.1286 - acc: 0.5734
768/865 [=========================>....] - ETA: 0s - loss: 1.1255 - acc: 0.5781
800/865 [==========================>...] - ETA: 0s - loss: 1.1147 - acc: 0.5875
832/865 [===========================>..] - ETA: 0s - loss: 1.1128 - acc: 0.5853
864/865 [============================>.] - ETA: 0s - loss: 1.0982 - acc: 0.5903
865/865 [==============================] - 8s 9ms/sample - loss: 1.0973 - acc: 0.5908

  32/3458 [..............................] - ETA: 2:45 - loss: 0.5820 - acc: 0.7500
  64/3458 [..............................] - ETA: 2:45 - loss: 0.5717 - acc: 0.7812
  96/3458 [..............................] - ETA: 2:43 - loss: 0.5490 - acc: 0.8229
 128/3458 [>.............................] - ETA: 2:42 - loss: 0.5527 - acc: 0.8125
 160/3458 [>.............................] - ETA: 2:41 - loss: 0.5397 - acc: 0.8062
 192/3458 [>.............................] - ETA: 2:40 - loss: 0.5255 - acc: 0.8073
 224/3458 [>.............................] - ETA: 2:38 - loss: 0.5089 - acc: 0.8125
 256/3458 [=>............................] - ETA: 2:37 - loss: 0.5297 - acc: 0.8047
 288/3458 [=>............................] - ETA: 2:35 - loss: 0.5311 - acc: 0.8021
 320/3458 [=>............................] - ETA: 2:33 - loss: 0.5215 - acc: 0.8062
 352/3458 [==>...........................] - ETA: 2:32 - loss: 0.5213 - acc: 0.8040
 384/3458 [==>...........................] - ETA: 2:30 - loss: 0.5161 - acc: 0.8047
 416/3458 [==>...........................] - ETA: 2:29 - loss: 0.5154 - acc: 0.8077
 448/3458 [==>...........................] - ETA: 2:27 - loss: 0.5265 - acc: 0.8036
 480/3458 [===>..........................] - ETA: 2:26 - loss: 0.5244 - acc: 0.8062
 512/3458 [===>..........................] - ETA: 2:24 - loss: 0.5250 - acc: 0.8105
 544/3458 [===>..........................] - ETA: 2:22 - loss: 0.5068 - acc: 0.8217
 576/3458 [===>..........................] - ETA: 2:21 - loss: 0.4936 - acc: 0.8281
 608/3458 [====>.........................] - ETA: 2:19 - loss: 0.4899 - acc: 0.8289
 640/3458 [====>.........................] - ETA: 2:18 - loss: 0.4891 - acc: 0.8266
 672/3458 [====>.........................] - ETA: 2:16 - loss: 0.4980 - acc: 0.8229
 704/3458 [=====>........................] - ETA: 2:15 - loss: 0.4896 - acc: 0.8253
 736/3458 [=====>........................] - ETA: 2:13 - loss: 0.4794 - acc: 0.8302
 768/3458 [=====>........................] - ETA: 2:11 - loss: 0.4887 - acc: 0.8255
 800/3458 [=====>........................] - ETA: 2:10 - loss: 0.4905 - acc: 0.8225
 832/3458 [======>.......................] - ETA: 2:08 - loss: 0.4906 - acc: 0.8233
 864/3458 [======>.......................] - ETA: 2:07 - loss: 0.4928 - acc: 0.8218
 896/3458 [======>.......................] - ETA: 2:05 - loss: 0.5040 - acc: 0.8192
 928/3458 [=======>......................] - ETA: 2:03 - loss: 0.4970 - acc: 0.8233
 960/3458 [=======>......................] - ETA: 2:02 - loss: 0.4960 - acc: 0.8240
 992/3458 [=======>......................] - ETA: 2:00 - loss: 0.4916 - acc: 0.8256
1024/3458 [=======>......................] - ETA: 1:59 - loss: 0.4908 - acc: 0.8262
1056/3458 [========>.....................] - ETA: 1:57 - loss: 0.4827 - acc: 0.8295
1088/3458 [========>.....................] - ETA: 1:56 - loss: 0.4867 - acc: 0.8281
1120/3458 [========>.....................] - ETA: 1:54 - loss: 0.4844 - acc: 0.8295
1152/3458 [========>.....................] - ETA: 1:52 - loss: 0.4904 - acc: 0.8247
1184/3458 [=========>....................] - ETA: 1:51 - loss: 0.4859 - acc: 0.8269
1216/3458 [=========>....................] - ETA: 1:49 - loss: 0.4909 - acc: 0.8265
1248/3458 [=========>....................] - ETA: 1:48 - loss: 0.4897 - acc: 0.8269
1280/3458 [==========>...................] - ETA: 1:46 - loss: 0.4893 - acc: 0.8266
1312/3458 [==========>...................] - ETA: 1:45 - loss: 0.4868 - acc: 0.8277
1344/3458 [==========>...................] - ETA: 1:43 - loss: 0.4838 - acc: 0.8274
1376/3458 [==========>...................] - ETA: 1:42 - loss: 0.4812 - acc: 0.8285
1408/3458 [===========>..................] - ETA: 1:40 - loss: 0.4818 - acc: 0.8295
1440/3458 [===========>..................] - ETA: 1:38 - loss: 0.4815 - acc: 0.8292
1472/3458 [===========>..................] - ETA: 1:37 - loss: 0.4821 - acc: 0.8274
1504/3458 [============>.................] - ETA: 1:35 - loss: 0.4765 - acc: 0.8305
1536/3458 [============>.................] - ETA: 1:34 - loss: 0.4855 - acc: 0.8294
1568/3458 [============>.................] - ETA: 1:32 - loss: 0.4847 - acc: 0.8291
1600/3458 [============>.................] - ETA: 1:31 - loss: 0.4838 - acc: 0.8294
1632/3458 [=============>................] - ETA: 1:29 - loss: 0.4869 - acc: 0.8278
1664/3458 [=============>................] - ETA: 1:28 - loss: 0.4876 - acc: 0.8281
1696/3458 [=============>................] - ETA: 1:26 - loss: 0.4844 - acc: 0.8278
1728/3458 [=============>................] - ETA: 1:24 - loss: 0.4833 - acc: 0.8275
1760/3458 [==============>...............] - ETA: 1:23 - loss: 0.4828 - acc: 0.8284
1792/3458 [==============>...............] - ETA: 1:21 - loss: 0.4841 - acc: 0.8276
1824/3458 [==============>...............] - ETA: 1:20 - loss: 0.4837 - acc: 0.8273
1856/3458 [===============>..............] - ETA: 1:18 - loss: 0.4812 - acc: 0.8287
1888/3458 [===============>..............] - ETA: 1:17 - loss: 0.4823 - acc: 0.8268
1920/3458 [===============>..............] - ETA: 1:15 - loss: 0.4807 - acc: 0.8281
1952/3458 [===============>..............] - ETA: 1:13 - loss: 0.4816 - acc: 0.8268
1984/3458 [================>.............] - ETA: 1:12 - loss: 0.4842 - acc: 0.8256
2016/3458 [================>.............] - ETA: 1:10 - loss: 0.4851 - acc: 0.8254
2048/3458 [================>.............] - ETA: 1:09 - loss: 0.4850 - acc: 0.8257
2080/3458 [=================>............] - ETA: 1:07 - loss: 0.4837 - acc: 0.8260
2112/3458 [=================>............] - ETA: 1:06 - loss: 0.4827 - acc: 0.8262
2144/3458 [=================>............] - ETA: 1:04 - loss: 0.4844 - acc: 0.8260
2176/3458 [=================>............] - ETA: 1:02 - loss: 0.4825 - acc: 0.8277
2208/3458 [==================>...........] - ETA: 1:01 - loss: 0.4842 - acc: 0.8270
2240/3458 [==================>...........] - ETA: 59s - loss: 0.4814 - acc: 0.8277 
2272/3458 [==================>...........] - ETA: 58s - loss: 0.4811 - acc: 0.8279
2304/3458 [==================>...........] - ETA: 56s - loss: 0.4813 - acc: 0.8277
2336/3458 [===================>..........] - ETA: 55s - loss: 0.4780 - acc: 0.8292
2368/3458 [===================>..........] - ETA: 53s - loss: 0.4778 - acc: 0.8290
2400/3458 [===================>..........] - ETA: 51s - loss: 0.4753 - acc: 0.8304
2432/3458 [====================>.........] - ETA: 50s - loss: 0.4767 - acc: 0.8298
2464/3458 [====================>.........] - ETA: 48s - loss: 0.4765 - acc: 0.8291
2496/3458 [====================>.........] - ETA: 47s - loss: 0.4783 - acc: 0.8289
2528/3458 [====================>.........] - ETA: 45s - loss: 0.4801 - acc: 0.8275
2560/3458 [=====================>........] - ETA: 44s - loss: 0.4806 - acc: 0.8273
2592/3458 [=====================>........] - ETA: 42s - loss: 0.4781 - acc: 0.8291
2624/3458 [=====================>........] - ETA: 40s - loss: 0.4798 - acc: 0.8277
2656/3458 [======================>.......] - ETA: 39s - loss: 0.4794 - acc: 0.8272
2688/3458 [======================>.......] - ETA: 37s - loss: 0.4777 - acc: 0.8281
2720/3458 [======================>.......] - ETA: 36s - loss: 0.4759 - acc: 0.8279
2752/3458 [======================>.......] - ETA: 34s - loss: 0.4757 - acc: 0.8289
2784/3458 [=======================>......] - ETA: 33s - loss: 0.4787 - acc: 0.8276
2816/3458 [=======================>......] - ETA: 31s - loss: 0.4779 - acc: 0.8281
2848/3458 [=======================>......] - ETA: 29s - loss: 0.4785 - acc: 0.8276
2880/3458 [=======================>......] - ETA: 28s - loss: 0.4771 - acc: 0.8288
2912/3458 [========================>.....] - ETA: 26s - loss: 0.4771 - acc: 0.8293
2944/3458 [========================>.....] - ETA: 25s - loss: 0.4756 - acc: 0.8298
2976/3458 [========================>.....] - ETA: 23s - loss: 0.4760 - acc: 0.8293
3008/3458 [=========================>....] - ETA: 22s - loss: 0.4761 - acc: 0.8305
3040/3458 [=========================>....] - ETA: 20s - loss: 0.4750 - acc: 0.8309
3072/3458 [=========================>....] - ETA: 18s - loss: 0.4753 - acc: 0.8307
3104/3458 [=========================>....] - ETA: 17s - loss: 0.4748 - acc: 0.8309
3136/3458 [==========================>...] - ETA: 15s - loss: 0.4733 - acc: 0.8313
3168/3458 [==========================>...] - ETA: 14s - loss: 0.4733 - acc: 0.8314
3200/3458 [==========================>...] - ETA: 12s - loss: 0.4741 - acc: 0.8306
3232/3458 [===========================>..] - ETA: 11s - loss: 0.4746 - acc: 0.8298
3264/3458 [===========================>..] - ETA: 9s - loss: 0.4768 - acc: 0.8290 
3296/3458 [===========================>..] - ETA: 7s - loss: 0.4766 - acc: 0.8289
3328/3458 [===========================>..] - ETA: 6s - loss: 0.4757 - acc: 0.8290
3360/3458 [============================>.] - ETA: 4s - loss: 0.4782 - acc: 0.8283
3392/3458 [============================>.] - ETA: 3s - loss: 0.4780 - acc: 0.8287
3424/3458 [============================>.] - ETA: 1s - loss: 0.4790 - acc: 0.8280
3456/3458 [============================>.] - ETA: 0s - loss: 0.4789 - acc: 0.8284
3458/3458 [==============================] - 170s 49ms/sample - loss: 0.4794 - acc: 0.8282

 32/865 [>.............................] - ETA: 7s - loss: 1.1044 - acc: 0.6562
 64/865 [=>............................] - ETA: 7s - loss: 1.3622 - acc: 0.5781
 96/865 [==>...........................] - ETA: 6s - loss: 1.4036 - acc: 0.5521
128/865 [===>..........................] - ETA: 6s - loss: 1.3341 - acc: 0.5625
160/865 [====>.........................] - ETA: 6s - loss: 1.3468 - acc: 0.5500
192/865 [=====>........................] - ETA: 6s - loss: 1.2385 - acc: 0.5938
224/865 [======>.......................] - ETA: 5s - loss: 1.2860 - acc: 0.5893
256/865 [=======>......................] - ETA: 5s - loss: 1.2754 - acc: 0.5859
288/865 [========>.....................] - ETA: 5s - loss: 1.3419 - acc: 0.5729
320/865 [==========>...................] - ETA: 4s - loss: 1.3142 - acc: 0.5750
352/865 [===========>..................] - ETA: 4s - loss: 1.3360 - acc: 0.5597
384/865 [============>.................] - ETA: 4s - loss: 1.3949 - acc: 0.5547
416/865 [=============>................] - ETA: 4s - loss: 1.4294 - acc: 0.5337
448/865 [==============>...............] - ETA: 3s - loss: 1.4348 - acc: 0.5357
480/865 [===============>..............] - ETA: 3s - loss: 1.4521 - acc: 0.5333
512/865 [================>.............] - ETA: 3s - loss: 1.4165 - acc: 0.5410
544/865 [=================>............] - ETA: 2s - loss: 1.3909 - acc: 0.5441
576/865 [==================>...........] - ETA: 2s - loss: 1.3693 - acc: 0.5451
608/865 [====================>.........] - ETA: 2s - loss: 1.3366 - acc: 0.5510
640/865 [=====================>........] - ETA: 2s - loss: 1.3337 - acc: 0.5531
672/865 [======================>.......] - ETA: 1s - loss: 1.3106 - acc: 0.5595
704/865 [=======================>......] - ETA: 1s - loss: 1.2944 - acc: 0.5639
736/865 [========================>.....] - ETA: 1s - loss: 1.2828 - acc: 0.5652
768/865 [=========================>....] - ETA: 0s - loss: 1.2788 - acc: 0.5690
800/865 [==========================>...] - ETA: 0s - loss: 1.2684 - acc: 0.5725
832/865 [===========================>..] - ETA: 0s - loss: 1.2663 - acc: 0.5709
864/865 [============================>.] - ETA: 0s - loss: 1.2460 - acc: 0.5787
865/865 [==============================] - 8s 9ms/sample - loss: 1.2447 - acc: 0.5792
