For Dropout_1=0.4 Dropout_2=0.9
daisy loaded
dandelion loaded
rose loaded
sunflower loaded
tulip loaded

  32/3458 [..............................] - ETA: 3:10 - loss: 1.6355 - acc: 0.1250
  64/3458 [..............................] - ETA: 3:01 - loss: 6.9201 - acc: 0.2031
  96/3458 [..............................] - ETA: 2:56 - loss: 7.6923 - acc: 0.2292
 128/3458 [>.............................] - ETA: 2:52 - loss: 7.2909 - acc: 0.2266
 160/3458 [>.............................] - ETA: 2:49 - loss: 6.3268 - acc: 0.1813
 192/3458 [>.............................] - ETA: 2:46 - loss: 5.5723 - acc: 0.1771
 224/3458 [>.............................] - ETA: 2:44 - loss: 5.0024 - acc: 0.1830
 256/3458 [=>............................] - ETA: 2:42 - loss: 4.5799 - acc: 0.1836
 288/3458 [=>............................] - ETA: 2:40 - loss: 4.2468 - acc: 0.1944
 320/3458 [=>............................] - ETA: 2:38 - loss: 3.9827 - acc: 0.2062
 352/3458 [==>...........................] - ETA: 2:36 - loss: 3.7588 - acc: 0.2216
 384/3458 [==>...........................] - ETA: 2:35 - loss: 3.5782 - acc: 0.2240
 416/3458 [==>...........................] - ETA: 2:33 - loss: 3.4272 - acc: 0.2163
 448/3458 [==>...........................] - ETA: 2:31 - loss: 3.2895 - acc: 0.2277
 480/3458 [===>..........................] - ETA: 2:29 - loss: 3.1760 - acc: 0.2271
 512/3458 [===>..........................] - ETA: 2:28 - loss: 3.0754 - acc: 0.2266
 544/3458 [===>..........................] - ETA: 2:26 - loss: 2.9864 - acc: 0.2279
 576/3458 [===>..........................] - ETA: 2:24 - loss: 2.9071 - acc: 0.2292
 608/3458 [====>.........................] - ETA: 2:23 - loss: 2.8354 - acc: 0.2319
 640/3458 [====>.........................] - ETA: 2:21 - loss: 2.7715 - acc: 0.2328
 672/3458 [====>.........................] - ETA: 2:19 - loss: 2.7125 - acc: 0.2336
 704/3458 [=====>........................] - ETA: 2:18 - loss: 2.6633 - acc: 0.2415
 736/3458 [=====>........................] - ETA: 2:16 - loss: 2.6167 - acc: 0.2432
 768/3458 [=====>........................] - ETA: 2:14 - loss: 2.5734 - acc: 0.2487
 800/3458 [=====>........................] - ETA: 2:13 - loss: 2.5369 - acc: 0.2475
 832/3458 [======>.......................] - ETA: 2:11 - loss: 2.4987 - acc: 0.2500
 864/3458 [======>.......................] - ETA: 2:10 - loss: 2.4638 - acc: 0.2512
 896/3458 [======>.......................] - ETA: 2:08 - loss: 2.4315 - acc: 0.2578
 928/3458 [=======>......................] - ETA: 2:06 - loss: 2.4023 - acc: 0.2575
 960/3458 [=======>......................] - ETA: 2:05 - loss: 2.3750 - acc: 0.2573
 992/3458 [=======>......................] - ETA: 2:03 - loss: 2.3476 - acc: 0.2581
1024/3458 [=======>......................] - ETA: 2:02 - loss: 2.3252 - acc: 0.2598
1056/3458 [========>.....................] - ETA: 2:00 - loss: 2.3023 - acc: 0.2614
1088/3458 [========>.....................] - ETA: 1:58 - loss: 2.2802 - acc: 0.2619
1120/3458 [========>.....................] - ETA: 1:57 - loss: 2.2581 - acc: 0.2643
1152/3458 [========>.....................] - ETA: 1:55 - loss: 2.2364 - acc: 0.2656
1184/3458 [=========>....................] - ETA: 1:54 - loss: 2.2162 - acc: 0.2694
1216/3458 [=========>....................] - ETA: 1:52 - loss: 2.1995 - acc: 0.2681
1248/3458 [=========>....................] - ETA: 1:50 - loss: 2.1820 - acc: 0.2724
1280/3458 [==========>...................] - ETA: 1:49 - loss: 2.1633 - acc: 0.2766
1312/3458 [==========>...................] - ETA: 1:47 - loss: 2.1462 - acc: 0.2805
1344/3458 [==========>...................] - ETA: 1:45 - loss: 2.1317 - acc: 0.2798
1376/3458 [==========>...................] - ETA: 1:44 - loss: 2.1182 - acc: 0.2805
1408/3458 [===========>..................] - ETA: 1:42 - loss: 2.1060 - acc: 0.2820
1440/3458 [===========>..................] - ETA: 1:41 - loss: 2.0946 - acc: 0.2799
1472/3458 [===========>..................] - ETA: 1:39 - loss: 2.0815 - acc: 0.2853
1504/3458 [============>.................] - ETA: 1:37 - loss: 2.0698 - acc: 0.2852
1536/3458 [============>.................] - ETA: 1:36 - loss: 2.0595 - acc: 0.2845
1568/3458 [============>.................] - ETA: 1:34 - loss: 2.0498 - acc: 0.2889
1600/3458 [============>.................] - ETA: 1:33 - loss: 2.0366 - acc: 0.2912
1632/3458 [=============>................] - ETA: 1:31 - loss: 2.0256 - acc: 0.2923
1664/3458 [=============>................] - ETA: 1:29 - loss: 2.0147 - acc: 0.2963
1696/3458 [=============>................] - ETA: 1:28 - loss: 2.0048 - acc: 0.2978
1728/3458 [=============>................] - ETA: 1:26 - loss: 1.9926 - acc: 0.3009
1760/3458 [==============>...............] - ETA: 1:25 - loss: 1.9839 - acc: 0.3040
1792/3458 [==============>...............] - ETA: 1:23 - loss: 1.9729 - acc: 0.3075
1824/3458 [==============>...............] - ETA: 1:21 - loss: 1.9621 - acc: 0.3109
1856/3458 [===============>..............] - ETA: 1:20 - loss: 1.9546 - acc: 0.3120
1888/3458 [===============>..............] - ETA: 1:18 - loss: 1.9455 - acc: 0.3125
1920/3458 [===============>..............] - ETA: 1:17 - loss: 1.9401 - acc: 0.3141
1952/3458 [===============>..............] - ETA: 1:15 - loss: 1.9303 - acc: 0.3171
1984/3458 [================>.............] - ETA: 1:13 - loss: 1.9229 - acc: 0.3165
2016/3458 [================>.............] - ETA: 1:12 - loss: 1.9151 - acc: 0.3170
2048/3458 [================>.............] - ETA: 1:10 - loss: 1.9077 - acc: 0.3208
2080/3458 [=================>............] - ETA: 1:09 - loss: 1.9027 - acc: 0.3207
2112/3458 [=================>............] - ETA: 1:07 - loss: 1.8966 - acc: 0.3224
2144/3458 [=================>............] - ETA: 1:05 - loss: 1.9027 - acc: 0.3228
2176/3458 [=================>............] - ETA: 1:04 - loss: 1.8962 - acc: 0.3222
2208/3458 [==================>...........] - ETA: 1:02 - loss: 1.8910 - acc: 0.3229
2240/3458 [==================>...........] - ETA: 1:01 - loss: 1.8849 - acc: 0.3214
2272/3458 [==================>...........] - ETA: 59s - loss: 1.8809 - acc: 0.3217 
2304/3458 [==================>...........] - ETA: 57s - loss: 1.8754 - acc: 0.3251
2336/3458 [===================>..........] - ETA: 56s - loss: 1.8697 - acc: 0.3249
2368/3458 [===================>..........] - ETA: 54s - loss: 1.8649 - acc: 0.3252
2400/3458 [===================>..........] - ETA: 53s - loss: 1.8591 - acc: 0.3279
2432/3458 [====================>.........] - ETA: 51s - loss: 1.8551 - acc: 0.3261
2464/3458 [====================>.........] - ETA: 49s - loss: 1.8496 - acc: 0.3251
2496/3458 [====================>.........] - ETA: 48s - loss: 1.8436 - acc: 0.3273
2528/3458 [====================>.........] - ETA: 46s - loss: 1.8376 - acc: 0.3279
2560/3458 [=====================>........] - ETA: 45s - loss: 1.8355 - acc: 0.3285
2592/3458 [=====================>........] - ETA: 43s - loss: 1.8305 - acc: 0.3295
2624/3458 [=====================>........] - ETA: 41s - loss: 1.8254 - acc: 0.3285
2656/3458 [======================>.......] - ETA: 40s - loss: 1.8215 - acc: 0.3283
2688/3458 [======================>.......] - ETA: 38s - loss: 1.8182 - acc: 0.3281
2720/3458 [======================>.......] - ETA: 37s - loss: 1.8148 - acc: 0.3287
2752/3458 [======================>.......] - ETA: 35s - loss: 1.8114 - acc: 0.3292
2784/3458 [=======================>......] - ETA: 33s - loss: 1.8086 - acc: 0.3294
2816/3458 [=======================>......] - ETA: 32s - loss: 1.8042 - acc: 0.3303
2848/3458 [=======================>......] - ETA: 30s - loss: 1.8009 - acc: 0.3311
2880/3458 [=======================>......] - ETA: 28s - loss: 1.7979 - acc: 0.3309
2912/3458 [========================>.....] - ETA: 27s - loss: 1.7948 - acc: 0.3304
2944/3458 [========================>.....] - ETA: 25s - loss: 1.7923 - acc: 0.3308
2976/3458 [========================>.....] - ETA: 24s - loss: 1.7899 - acc: 0.3306
3008/3458 [=========================>....] - ETA: 22s - loss: 1.7856 - acc: 0.3318
3040/3458 [=========================>....] - ETA: 20s - loss: 1.7822 - acc: 0.3329
3072/3458 [=========================>....] - ETA: 19s - loss: 1.7801 - acc: 0.3324
3104/3458 [=========================>....] - ETA: 17s - loss: 1.7738 - acc: 0.3347
3136/3458 [==========================>...] - ETA: 16s - loss: 1.7696 - acc: 0.3355
3168/3458 [==========================>...] - ETA: 14s - loss: 1.7661 - acc: 0.3365
3200/3458 [==========================>...] - ETA: 12s - loss: 1.7635 - acc: 0.3353
3232/3458 [===========================>..] - ETA: 11s - loss: 1.7598 - acc: 0.3354
3264/3458 [===========================>..] - ETA: 9s - loss: 1.7581 - acc: 0.3355 
3296/3458 [===========================>..] - ETA: 8s - loss: 1.7531 - acc: 0.3374
3328/3458 [===========================>..] - ETA: 6s - loss: 1.7487 - acc: 0.3383
3360/3458 [============================>.] - ETA: 4s - loss: 1.7461 - acc: 0.3387
3392/3458 [============================>.] - ETA: 3s - loss: 1.7436 - acc: 0.3402
3424/3458 [============================>.] - ETA: 1s - loss: 1.7419 - acc: 0.3411
3456/3458 [============================>.] - ETA: 0s - loss: 1.7380 - acc: 0.3423
3458/3458 [==============================] - 174s 50ms/sample - loss: 1.7378 - acc: 0.3424

 32/865 [>.............................] - ETA: 7s - loss: 1.4874 - acc: 0.5000
 64/865 [=>............................] - ETA: 7s - loss: 1.4009 - acc: 0.4531
 96/865 [==>...........................] - ETA: 7s - loss: 1.4031 - acc: 0.4375
128/865 [===>..........................] - ETA: 6s - loss: 1.3958 - acc: 0.4297
160/865 [====>.........................] - ETA: 6s - loss: 1.3647 - acc: 0.4250
192/865 [=====>........................] - ETA: 6s - loss: 1.3713 - acc: 0.4271
224/865 [======>.......................] - ETA: 6s - loss: 1.3673 - acc: 0.4241
256/865 [=======>......................] - ETA: 5s - loss: 1.3725 - acc: 0.4258
288/865 [========>.....................] - ETA: 5s - loss: 1.3747 - acc: 0.4132
320/865 [==========>...................] - ETA: 5s - loss: 1.3907 - acc: 0.3969
352/865 [===========>..................] - ETA: 4s - loss: 1.3932 - acc: 0.3977
384/865 [============>.................] - ETA: 4s - loss: 1.3915 - acc: 0.3880
416/865 [=============>................] - ETA: 4s - loss: 1.3828 - acc: 0.3966
448/865 [==============>...............] - ETA: 3s - loss: 1.3852 - acc: 0.4018
480/865 [===============>..............] - ETA: 3s - loss: 1.4128 - acc: 0.4021
512/865 [================>.............] - ETA: 3s - loss: 1.4148 - acc: 0.4102
544/865 [=================>............] - ETA: 3s - loss: 1.4248 - acc: 0.3971
576/865 [==================>...........] - ETA: 2s - loss: 1.4285 - acc: 0.3976
608/865 [====================>.........] - ETA: 2s - loss: 1.4347 - acc: 0.3898
640/865 [=====================>........] - ETA: 2s - loss: 1.4274 - acc: 0.3922
672/865 [======================>.......] - ETA: 1s - loss: 1.4280 - acc: 0.3929
704/865 [=======================>......] - ETA: 1s - loss: 1.4240 - acc: 0.3963
736/865 [========================>.....] - ETA: 1s - loss: 1.4257 - acc: 0.3954
768/865 [=========================>....] - ETA: 0s - loss: 1.4321 - acc: 0.3893
800/865 [==========================>...] - ETA: 0s - loss: 1.4294 - acc: 0.3950
832/865 [===========================>..] - ETA: 0s - loss: 1.4270 - acc: 0.3930
864/865 [============================>.] - ETA: 0s - loss: 1.4238 - acc: 0.3970
865/865 [==============================] - 8s 9ms/sample - loss: 1.4240 - acc: 0.3965

  32/3458 [..............................] - ETA: 2:50 - loss: 1.3220 - acc: 0.4062
  64/3458 [..............................] - ETA: 2:48 - loss: 1.4036 - acc: 0.4062
  96/3458 [..............................] - ETA: 2:47 - loss: 1.3975 - acc: 0.3750
 128/3458 [>.............................] - ETA: 2:46 - loss: 1.3777 - acc: 0.3672
 160/3458 [>.............................] - ETA: 2:44 - loss: 1.3604 - acc: 0.3812
 192/3458 [>.............................] - ETA: 2:42 - loss: 1.3910 - acc: 0.3750
 224/3458 [>.............................] - ETA: 2:41 - loss: 1.4032 - acc: 0.3839
 256/3458 [=>............................] - ETA: 2:40 - loss: 1.3921 - acc: 0.3828
 288/3458 [=>............................] - ETA: 2:38 - loss: 1.4055 - acc: 0.3958
 320/3458 [=>............................] - ETA: 2:37 - loss: 1.4077 - acc: 0.4000
 352/3458 [==>...........................] - ETA: 2:35 - loss: 1.4136 - acc: 0.3977
 384/3458 [==>...........................] - ETA: 2:34 - loss: 1.4131 - acc: 0.3984
 416/3458 [==>...........................] - ETA: 2:32 - loss: 1.4202 - acc: 0.3894
 448/3458 [==>...........................] - ETA: 2:31 - loss: 1.4378 - acc: 0.3884
 480/3458 [===>..........................] - ETA: 2:29 - loss: 1.4366 - acc: 0.3917
 512/3458 [===>..........................] - ETA: 2:27 - loss: 1.4317 - acc: 0.3926
 544/3458 [===>..........................] - ETA: 2:26 - loss: 1.4220 - acc: 0.4044
 576/3458 [===>..........................] - ETA: 2:24 - loss: 1.4187 - acc: 0.4149
 608/3458 [====>.........................] - ETA: 2:23 - loss: 1.4159 - acc: 0.4161
 640/3458 [====>.........................] - ETA: 2:21 - loss: 1.4179 - acc: 0.4156
 672/3458 [====>.........................] - ETA: 2:19 - loss: 1.4122 - acc: 0.4182
 704/3458 [=====>........................] - ETA: 2:18 - loss: 1.4065 - acc: 0.4247
 736/3458 [=====>........................] - ETA: 2:16 - loss: 1.4125 - acc: 0.4198
 768/3458 [=====>........................] - ETA: 2:15 - loss: 1.4053 - acc: 0.4245
 800/3458 [=====>........................] - ETA: 2:13 - loss: 1.3991 - acc: 0.4263
 832/3458 [======>.......................] - ETA: 2:11 - loss: 1.4058 - acc: 0.4255
 864/3458 [======>.......................] - ETA: 2:10 - loss: 1.4146 - acc: 0.4167
 896/3458 [======>.......................] - ETA: 2:08 - loss: 1.4156 - acc: 0.4107
 928/3458 [=======>......................] - ETA: 2:06 - loss: 1.4223 - acc: 0.4030
 960/3458 [=======>......................] - ETA: 2:05 - loss: 1.4213 - acc: 0.4062
 992/3458 [=======>......................] - ETA: 2:03 - loss: 1.4223 - acc: 0.4073
1024/3458 [=======>......................] - ETA: 2:02 - loss: 1.4227 - acc: 0.4062
1056/3458 [========>.....................] - ETA: 2:00 - loss: 1.4237 - acc: 0.4081
1088/3458 [========>.....................] - ETA: 1:58 - loss: 1.4219 - acc: 0.4108
1120/3458 [========>.....................] - ETA: 1:57 - loss: 1.4233 - acc: 0.4089
1152/3458 [========>.....................] - ETA: 1:55 - loss: 1.4244 - acc: 0.4089
1184/3458 [=========>....................] - ETA: 1:53 - loss: 1.4283 - acc: 0.4071
1216/3458 [=========>....................] - ETA: 1:52 - loss: 1.4290 - acc: 0.4021
1248/3458 [=========>....................] - ETA: 1:50 - loss: 1.4286 - acc: 0.4014
1280/3458 [==========>...................] - ETA: 1:49 - loss: 1.4278 - acc: 0.4023
1312/3458 [==========>...................] - ETA: 1:47 - loss: 1.4277 - acc: 0.4024
1344/3458 [==========>...................] - ETA: 1:46 - loss: 1.4293 - acc: 0.4010
1376/3458 [==========>...................] - ETA: 1:44 - loss: 1.4296 - acc: 0.3997
1408/3458 [===========>..................] - ETA: 1:42 - loss: 1.4305 - acc: 0.4006
1440/3458 [===========>..................] - ETA: 1:41 - loss: 1.4337 - acc: 0.3993
1472/3458 [===========>..................] - ETA: 1:39 - loss: 1.4316 - acc: 0.4001
1504/3458 [============>.................] - ETA: 1:38 - loss: 1.4351 - acc: 0.3949
1536/3458 [============>.................] - ETA: 1:36 - loss: 1.4328 - acc: 0.3952
1568/3458 [============>.................] - ETA: 1:34 - loss: 1.4320 - acc: 0.3967
1600/3458 [============>.................] - ETA: 1:33 - loss: 1.4306 - acc: 0.3969
1632/3458 [=============>................] - ETA: 1:31 - loss: 1.4330 - acc: 0.3958
1664/3458 [=============>................] - ETA: 1:29 - loss: 1.4312 - acc: 0.3960
1696/3458 [=============>................] - ETA: 1:28 - loss: 1.4289 - acc: 0.3962
1728/3458 [=============>................] - ETA: 1:26 - loss: 1.4285 - acc: 0.3953
1760/3458 [==============>...............] - ETA: 1:25 - loss: 1.4287 - acc: 0.3943
1792/3458 [==============>...............] - ETA: 1:23 - loss: 1.4354 - acc: 0.3929
1824/3458 [==============>...............] - ETA: 1:21 - loss: 1.4367 - acc: 0.3904
1856/3458 [===============>..............] - ETA: 1:20 - loss: 1.4358 - acc: 0.3912
1888/3458 [===============>..............] - ETA: 1:18 - loss: 1.4321 - acc: 0.3946
1920/3458 [===============>..............] - ETA: 1:17 - loss: 1.4319 - acc: 0.3974
1952/3458 [===============>..............] - ETA: 1:15 - loss: 1.4314 - acc: 0.3965
1984/3458 [================>.............] - ETA: 1:13 - loss: 1.4300 - acc: 0.3977
2016/3458 [================>.............] - ETA: 1:12 - loss: 1.4274 - acc: 0.4003
2048/3458 [================>.............] - ETA: 1:10 - loss: 1.4264 - acc: 0.4023
2080/3458 [=================>............] - ETA: 1:09 - loss: 1.4284 - acc: 0.4029
2112/3458 [=================>............] - ETA: 1:07 - loss: 1.4272 - acc: 0.4020
2144/3458 [=================>............] - ETA: 1:05 - loss: 1.4271 - acc: 0.4039
2176/3458 [=================>............] - ETA: 1:04 - loss: 1.4272 - acc: 0.4030
2208/3458 [==================>...........] - ETA: 1:02 - loss: 1.4287 - acc: 0.4017
2240/3458 [==================>...........] - ETA: 1:01 - loss: 1.4276 - acc: 0.4022
2272/3458 [==================>...........] - ETA: 59s - loss: 1.4262 - acc: 0.4027 
2304/3458 [==================>...........] - ETA: 57s - loss: 1.4237 - acc: 0.4041
2336/3458 [===================>..........] - ETA: 56s - loss: 1.4214 - acc: 0.4062
2368/3458 [===================>..........] - ETA: 54s - loss: 1.4278 - acc: 0.4054
2400/3458 [===================>..........] - ETA: 53s - loss: 1.4259 - acc: 0.4054
2432/3458 [====================>.........] - ETA: 51s - loss: 1.4254 - acc: 0.4071
2464/3458 [====================>.........] - ETA: 49s - loss: 1.4242 - acc: 0.4075
2496/3458 [====================>.........] - ETA: 48s - loss: 1.4246 - acc: 0.4062
2528/3458 [====================>.........] - ETA: 46s - loss: 1.4239 - acc: 0.4059
2560/3458 [=====================>........] - ETA: 45s - loss: 1.4242 - acc: 0.4066
2592/3458 [=====================>........] - ETA: 43s - loss: 1.4242 - acc: 0.4055
2624/3458 [=====================>........] - ETA: 41s - loss: 1.4243 - acc: 0.4059
2656/3458 [======================>.......] - ETA: 40s - loss: 1.4250 - acc: 0.4044
2688/3458 [======================>.......] - ETA: 38s - loss: 1.4236 - acc: 0.4048
2720/3458 [======================>.......] - ETA: 37s - loss: 1.4219 - acc: 0.4051
2752/3458 [======================>.......] - ETA: 35s - loss: 1.4191 - acc: 0.4066
2784/3458 [=======================>......] - ETA: 33s - loss: 1.4202 - acc: 0.4070
2816/3458 [=======================>......] - ETA: 32s - loss: 1.4194 - acc: 0.4091
2848/3458 [=======================>......] - ETA: 30s - loss: 1.4195 - acc: 0.4087
2880/3458 [=======================>......] - ETA: 29s - loss: 1.4190 - acc: 0.4101
2912/3458 [========================>.....] - ETA: 27s - loss: 1.4175 - acc: 0.4111
2944/3458 [========================>.....] - ETA: 25s - loss: 1.4172 - acc: 0.4117
2976/3458 [========================>.....] - ETA: 24s - loss: 1.4156 - acc: 0.4113
3008/3458 [=========================>....] - ETA: 22s - loss: 1.4151 - acc: 0.4122
3040/3458 [=========================>....] - ETA: 21s - loss: 1.4167 - acc: 0.4112
3072/3458 [=========================>....] - ETA: 19s - loss: 1.4156 - acc: 0.4111
3104/3458 [=========================>....] - ETA: 17s - loss: 1.4148 - acc: 0.4124
3136/3458 [==========================>...] - ETA: 16s - loss: 1.4135 - acc: 0.4139
3168/3458 [==========================>...] - ETA: 14s - loss: 1.4114 - acc: 0.4138
3200/3458 [==========================>...] - ETA: 12s - loss: 1.4102 - acc: 0.4141
3232/3458 [===========================>..] - ETA: 11s - loss: 1.4095 - acc: 0.4152
3264/3458 [===========================>..] - ETA: 9s - loss: 1.4095 - acc: 0.4157 
3296/3458 [===========================>..] - ETA: 8s - loss: 1.4075 - acc: 0.4172
3328/3458 [===========================>..] - ETA: 6s - loss: 1.4070 - acc: 0.4171
3360/3458 [============================>.] - ETA: 4s - loss: 1.4072 - acc: 0.4167
3392/3458 [============================>.] - ETA: 3s - loss: 1.4057 - acc: 0.4175
3424/3458 [============================>.] - ETA: 1s - loss: 1.4086 - acc: 0.4165
3456/3458 [============================>.] - ETA: 0s - loss: 1.4071 - acc: 0.4170
3458/3458 [==============================] - 175s 50ms/sample - loss: 1.4069 - acc: 0.4170

 32/865 [>.............................] - ETA: 8s - loss: 1.3634 - acc: 0.4688
 64/865 [=>............................] - ETA: 7s - loss: 1.2755 - acc: 0.4062
 96/865 [==>...........................] - ETA: 7s - loss: 1.3161 - acc: 0.3958
128/865 [===>..........................] - ETA: 6s - loss: 1.2881 - acc: 0.4453
160/865 [====>.........................] - ETA: 6s - loss: 1.2511 - acc: 0.4625
192/865 [=====>........................] - ETA: 6s - loss: 1.2302 - acc: 0.4844
224/865 [======>.......................] - ETA: 5s - loss: 1.2411 - acc: 0.4732
256/865 [=======>......................] - ETA: 5s - loss: 1.2290 - acc: 0.4883
288/865 [========>.....................] - ETA: 5s - loss: 1.2382 - acc: 0.4757
320/865 [==========>...................] - ETA: 5s - loss: 1.2588 - acc: 0.4688
352/865 [===========>..................] - ETA: 4s - loss: 1.2929 - acc: 0.4574
384/865 [============>.................] - ETA: 4s - loss: 1.2925 - acc: 0.4557
416/865 [=============>................] - ETA: 4s - loss: 1.2785 - acc: 0.4760
448/865 [==============>...............] - ETA: 3s - loss: 1.2809 - acc: 0.4732
480/865 [===============>..............] - ETA: 3s - loss: 1.2996 - acc: 0.4750
512/865 [================>.............] - ETA: 3s - loss: 1.3090 - acc: 0.4766
544/865 [=================>............] - ETA: 2s - loss: 1.3103 - acc: 0.4724
576/865 [==================>...........] - ETA: 2s - loss: 1.3074 - acc: 0.4757
608/865 [====================>.........] - ETA: 2s - loss: 1.3060 - acc: 0.4753
640/865 [=====================>........] - ETA: 2s - loss: 1.3023 - acc: 0.4797
672/865 [======================>.......] - ETA: 1s - loss: 1.3069 - acc: 0.4807
704/865 [=======================>......] - ETA: 1s - loss: 1.3078 - acc: 0.4830
736/865 [========================>.....] - ETA: 1s - loss: 1.3043 - acc: 0.4837
768/865 [=========================>....] - ETA: 0s - loss: 1.3074 - acc: 0.4818
800/865 [==========================>...] - ETA: 0s - loss: 1.3038 - acc: 0.4825
832/865 [===========================>..] - ETA: 0s - loss: 1.3016 - acc: 0.4832
864/865 [============================>.] - ETA: 0s - loss: 1.2973 - acc: 0.4861
865/865 [==============================] - 8s 9ms/sample - loss: 1.2976 - acc: 0.4855

  32/3458 [..............................] - ETA: 2:51 - loss: 1.5724 - acc: 0.4688
  64/3458 [..............................] - ETA: 2:50 - loss: 1.4061 - acc: 0.5000
  96/3458 [..............................] - ETA: 2:48 - loss: 1.3775 - acc: 0.4479
 128/3458 [>.............................] - ETA: 2:47 - loss: 1.3865 - acc: 0.4375
 160/3458 [>.............................] - ETA: 2:45 - loss: 1.3831 - acc: 0.4187
 192/3458 [>.............................] - ETA: 2:44 - loss: 1.3644 - acc: 0.4531
 224/3458 [>.............................] - ETA: 2:43 - loss: 1.3638 - acc: 0.4375
 256/3458 [=>............................] - ETA: 2:41 - loss: 1.3611 - acc: 0.4414
 288/3458 [=>............................] - ETA: 2:39 - loss: 1.3722 - acc: 0.4375
 320/3458 [=>............................] - ETA: 2:38 - loss: 1.3519 - acc: 0.4531
 352/3458 [==>...........................] - ETA: 2:36 - loss: 1.3504 - acc: 0.4574
 384/3458 [==>...........................] - ETA: 2:34 - loss: 1.3801 - acc: 0.4557
 416/3458 [==>...........................] - ETA: 2:33 - loss: 1.3671 - acc: 0.4688
 448/3458 [==>...........................] - ETA: 2:31 - loss: 1.3552 - acc: 0.4866
 480/3458 [===>..........................] - ETA: 2:30 - loss: 1.3485 - acc: 0.4896
 512/3458 [===>..........................] - ETA: 2:28 - loss: 1.3452 - acc: 0.4883
 544/3458 [===>..........................] - ETA: 2:27 - loss: 1.3397 - acc: 0.4963
 576/3458 [===>..........................] - ETA: 2:25 - loss: 1.3342 - acc: 0.4948
 608/3458 [====>.........................] - ETA: 2:24 - loss: 1.3232 - acc: 0.5016
 640/3458 [====>.........................] - ETA: 2:22 - loss: 1.3224 - acc: 0.4953
 672/3458 [====>.........................] - ETA: 2:20 - loss: 1.3202 - acc: 0.4926
 704/3458 [=====>........................] - ETA: 2:19 - loss: 1.3144 - acc: 0.4929
 736/3458 [=====>........................] - ETA: 2:17 - loss: 1.3067 - acc: 0.4973
 768/3458 [=====>........................] - ETA: 2:16 - loss: 1.3021 - acc: 0.4935
 800/3458 [=====>........................] - ETA: 2:14 - loss: 1.3144 - acc: 0.4875
 832/3458 [======>.......................] - ETA: 2:12 - loss: 1.3169 - acc: 0.4844
 864/3458 [======>.......................] - ETA: 2:11 - loss: 1.3238 - acc: 0.4850
 896/3458 [======>.......................] - ETA: 2:09 - loss: 1.3308 - acc: 0.4900
 928/3458 [=======>......................] - ETA: 2:08 - loss: 1.3293 - acc: 0.4849
 960/3458 [=======>......................] - ETA: 2:06 - loss: 1.3336 - acc: 0.4812
 992/3458 [=======>......................] - ETA: 2:04 - loss: 1.3285 - acc: 0.4849
1024/3458 [=======>......................] - ETA: 2:03 - loss: 1.3305 - acc: 0.4834
1056/3458 [========>.....................] - ETA: 2:01 - loss: 1.3333 - acc: 0.4801
1088/3458 [========>.....................] - ETA: 2:00 - loss: 1.3317 - acc: 0.4807
1120/3458 [========>.....................] - ETA: 1:58 - loss: 1.3254 - acc: 0.4830
1152/3458 [========>.....................] - ETA: 1:56 - loss: 1.3302 - acc: 0.4792
1184/3458 [=========>....................] - ETA: 1:55 - loss: 1.3346 - acc: 0.4747
1216/3458 [=========>....................] - ETA: 1:53 - loss: 1.3332 - acc: 0.4753
1248/3458 [=========>....................] - ETA: 1:52 - loss: 1.3304 - acc: 0.4752
1280/3458 [==========>...................] - ETA: 1:50 - loss: 1.3291 - acc: 0.4750
1312/3458 [==========>...................] - ETA: 1:48 - loss: 1.3293 - acc: 0.4764
1344/3458 [==========>...................] - ETA: 1:47 - loss: 1.3317 - acc: 0.4754
1376/3458 [==========>...................] - ETA: 1:45 - loss: 1.3323 - acc: 0.4746
1408/3458 [===========>..................] - ETA: 1:43 - loss: 1.3287 - acc: 0.4737
1440/3458 [===========>..................] - ETA: 1:42 - loss: 1.3252 - acc: 0.4764
1472/3458 [===========>..................] - ETA: 1:40 - loss: 1.3257 - acc: 0.4762
1504/3458 [============>.................] - ETA: 1:39 - loss: 1.3271 - acc: 0.4747
1536/3458 [============>.................] - ETA: 1:37 - loss: 1.3292 - acc: 0.4714
1568/3458 [============>.................] - ETA: 1:35 - loss: 1.3280 - acc: 0.4726
1600/3458 [============>.................] - ETA: 1:34 - loss: 1.3261 - acc: 0.4725
1632/3458 [=============>................] - ETA: 1:32 - loss: 1.3228 - acc: 0.4749
1664/3458 [=============>................] - ETA: 1:30 - loss: 1.3280 - acc: 0.4724
1696/3458 [=============>................] - ETA: 1:29 - loss: 1.3262 - acc: 0.4729
1728/3458 [=============>................] - ETA: 1:27 - loss: 1.3274 - acc: 0.4728
1760/3458 [==============>...............] - ETA: 1:26 - loss: 1.3265 - acc: 0.4733
1792/3458 [==============>...............] - ETA: 1:24 - loss: 1.3273 - acc: 0.4721
1824/3458 [==============>...............] - ETA: 1:22 - loss: 1.3258 - acc: 0.4731
1856/3458 [===============>..............] - ETA: 1:21 - loss: 1.3272 - acc: 0.4725
1888/3458 [===============>..............] - ETA: 1:19 - loss: 1.3265 - acc: 0.4714
1920/3458 [===============>..............] - ETA: 1:17 - loss: 1.3262 - acc: 0.4729
1952/3458 [===============>..............] - ETA: 1:16 - loss: 1.3320 - acc: 0.4739
1984/3458 [================>.............] - ETA: 1:14 - loss: 1.3362 - acc: 0.4718
2016/3458 [================>.............] - ETA: 1:13 - loss: 1.3332 - acc: 0.4727
2048/3458 [================>.............] - ETA: 1:11 - loss: 1.3290 - acc: 0.4756
2080/3458 [=================>............] - ETA: 1:09 - loss: 1.3275 - acc: 0.4764
2112/3458 [=================>............] - ETA: 1:08 - loss: 1.3263 - acc: 0.4754
2144/3458 [=================>............] - ETA: 1:06 - loss: 1.3310 - acc: 0.4729
2176/3458 [=================>............] - ETA: 1:04 - loss: 1.3287 - acc: 0.4743
2208/3458 [==================>...........] - ETA: 1:03 - loss: 1.3290 - acc: 0.4742
2240/3458 [==================>...........] - ETA: 1:01 - loss: 1.3288 - acc: 0.4737
2272/3458 [==================>...........] - ETA: 1:00 - loss: 1.3294 - acc: 0.4732
2304/3458 [==================>...........] - ETA: 58s - loss: 1.3287 - acc: 0.4731 
2336/3458 [===================>..........] - ETA: 56s - loss: 1.3280 - acc: 0.4726
2368/3458 [===================>..........] - ETA: 55s - loss: 1.3265 - acc: 0.4742
2400/3458 [===================>..........] - ETA: 53s - loss: 1.3310 - acc: 0.4729
2432/3458 [====================>.........] - ETA: 51s - loss: 1.3309 - acc: 0.4741
2464/3458 [====================>.........] - ETA: 50s - loss: 1.3324 - acc: 0.4736
2496/3458 [====================>.........] - ETA: 48s - loss: 1.3322 - acc: 0.4728
2528/3458 [====================>.........] - ETA: 47s - loss: 1.3318 - acc: 0.4711
2560/3458 [=====================>........] - ETA: 45s - loss: 1.3296 - acc: 0.4711
2592/3458 [=====================>........] - ETA: 43s - loss: 1.3288 - acc: 0.4722
2624/3458 [=====================>........] - ETA: 42s - loss: 1.3300 - acc: 0.4710
2656/3458 [======================>.......] - ETA: 40s - loss: 1.3302 - acc: 0.4714
2688/3458 [======================>.......] - ETA: 38s - loss: 1.3285 - acc: 0.4710
2720/3458 [======================>.......] - ETA: 37s - loss: 1.3291 - acc: 0.4713
2752/3458 [======================>.......] - ETA: 35s - loss: 1.3286 - acc: 0.4724
2784/3458 [=======================>......] - ETA: 34s - loss: 1.3300 - acc: 0.4713
2816/3458 [=======================>......] - ETA: 32s - loss: 1.3295 - acc: 0.4716
2848/3458 [=======================>......] - ETA: 30s - loss: 1.3279 - acc: 0.4726
2880/3458 [=======================>......] - ETA: 29s - loss: 1.3271 - acc: 0.4729
2912/3458 [========================>.....] - ETA: 27s - loss: 1.3266 - acc: 0.4725
2944/3458 [========================>.....] - ETA: 25s - loss: 1.3253 - acc: 0.4718
2976/3458 [========================>.....] - ETA: 24s - loss: 1.3245 - acc: 0.4724
3008/3458 [=========================>....] - ETA: 22s - loss: 1.3232 - acc: 0.4724
3040/3458 [=========================>....] - ETA: 21s - loss: 1.3217 - acc: 0.4727
3072/3458 [=========================>....] - ETA: 19s - loss: 1.3207 - acc: 0.4723
3104/3458 [=========================>....] - ETA: 17s - loss: 1.3190 - acc: 0.4729
3136/3458 [==========================>...] - ETA: 16s - loss: 1.3147 - acc: 0.4745
3168/3458 [==========================>...] - ETA: 14s - loss: 1.3136 - acc: 0.4751
3200/3458 [==========================>...] - ETA: 13s - loss: 1.3132 - acc: 0.4747
3232/3458 [===========================>..] - ETA: 11s - loss: 1.3109 - acc: 0.4765
3264/3458 [===========================>..] - ETA: 9s - loss: 1.3098 - acc: 0.4773 
3296/3458 [===========================>..] - ETA: 8s - loss: 1.3093 - acc: 0.4775
3328/3458 [===========================>..] - ETA: 6s - loss: 1.3079 - acc: 0.4784
3360/3458 [============================>.] - ETA: 4s - loss: 1.3072 - acc: 0.4771
3392/3458 [============================>.] - ETA: 3s - loss: 1.3079 - acc: 0.4761
3424/3458 [============================>.] - ETA: 1s - loss: 1.3124 - acc: 0.4761
3456/3458 [============================>.] - ETA: 0s - loss: 1.3125 - acc: 0.4763
3458/3458 [==============================] - 175s 51ms/sample - loss: 1.3122 - acc: 0.4766

 32/865 [>.............................] - ETA: 7s - loss: 1.2440 - acc: 0.4375
 64/865 [=>............................] - ETA: 7s - loss: 1.2429 - acc: 0.3906
 96/865 [==>...........................] - ETA: 6s - loss: 1.2302 - acc: 0.4167
128/865 [===>..........................] - ETA: 6s - loss: 1.2002 - acc: 0.4453
160/865 [====>.........................] - ETA: 6s - loss: 1.1928 - acc: 0.4313
192/865 [=====>........................] - ETA: 6s - loss: 1.1740 - acc: 0.4531
224/865 [======>.......................] - ETA: 5s - loss: 1.2059 - acc: 0.4464
256/865 [=======>......................] - ETA: 5s - loss: 1.1958 - acc: 0.4570
288/865 [========>.....................] - ETA: 5s - loss: 1.2106 - acc: 0.4514
320/865 [==========>...................] - ETA: 4s - loss: 1.2295 - acc: 0.4531
352/865 [===========>..................] - ETA: 4s - loss: 1.2459 - acc: 0.4432
384/865 [============>.................] - ETA: 4s - loss: 1.2469 - acc: 0.4427
416/865 [=============>................] - ETA: 4s - loss: 1.2297 - acc: 0.4639
448/865 [==============>...............] - ETA: 3s - loss: 1.2271 - acc: 0.4643
480/865 [===============>..............] - ETA: 3s - loss: 1.2440 - acc: 0.4604
512/865 [================>.............] - ETA: 3s - loss: 1.2439 - acc: 0.4688
544/865 [=================>............] - ETA: 2s - loss: 1.2484 - acc: 0.4706
576/865 [==================>...........] - ETA: 2s - loss: 1.2471 - acc: 0.4705
608/865 [====================>.........] - ETA: 2s - loss: 1.2425 - acc: 0.4688
640/865 [=====================>........] - ETA: 2s - loss: 1.2345 - acc: 0.4750
672/865 [======================>.......] - ETA: 1s - loss: 1.2301 - acc: 0.4777
704/865 [=======================>......] - ETA: 1s - loss: 1.2303 - acc: 0.4815
736/865 [========================>.....] - ETA: 1s - loss: 1.2260 - acc: 0.4851
768/865 [=========================>....] - ETA: 0s - loss: 1.2292 - acc: 0.4831
800/865 [==========================>...] - ETA: 0s - loss: 1.2249 - acc: 0.4850
832/865 [===========================>..] - ETA: 0s - loss: 1.2265 - acc: 0.4844
864/865 [============================>.] - ETA: 0s - loss: 1.2192 - acc: 0.4919
865/865 [==============================] - 8s 9ms/sample - loss: 1.2197 - acc: 0.4913

  32/3458 [..............................] - ETA: 2:51 - loss: 1.1817 - acc: 0.4688
  64/3458 [..............................] - ETA: 2:50 - loss: 1.1359 - acc: 0.5625
  96/3458 [..............................] - ETA: 2:48 - loss: 1.0996 - acc: 0.5833
 128/3458 [>.............................] - ETA: 2:47 - loss: 1.0783 - acc: 0.5703
 160/3458 [>.............................] - ETA: 2:44 - loss: 1.1727 - acc: 0.5312
 192/3458 [>.............................] - ETA: 2:42 - loss: 1.1679 - acc: 0.5156
 224/3458 [>.............................] - ETA: 2:41 - loss: 1.1586 - acc: 0.5179
 256/3458 [=>............................] - ETA: 2:39 - loss: 1.1615 - acc: 0.5273
 288/3458 [=>............................] - ETA: 2:37 - loss: 1.1870 - acc: 0.5243
 320/3458 [=>............................] - ETA: 2:35 - loss: 1.2026 - acc: 0.5188
 352/3458 [==>...........................] - ETA: 2:34 - loss: 1.1957 - acc: 0.5114
 384/3458 [==>...........................] - ETA: 2:32 - loss: 1.2075 - acc: 0.5234
 416/3458 [==>...........................] - ETA: 2:30 - loss: 1.2325 - acc: 0.5168
 448/3458 [==>...........................] - ETA: 2:28 - loss: 1.2430 - acc: 0.5045
 480/3458 [===>..........................] - ETA: 2:27 - loss: 1.2483 - acc: 0.4958
 512/3458 [===>..........................] - ETA: 2:25 - loss: 1.2470 - acc: 0.5000
 544/3458 [===>..........................] - ETA: 2:23 - loss: 1.2449 - acc: 0.5000
 576/3458 [===>..........................] - ETA: 2:22 - loss: 1.2439 - acc: 0.5000
 608/3458 [====>.........................] - ETA: 2:20 - loss: 1.2391 - acc: 0.5066
 640/3458 [====>.........................] - ETA: 2:19 - loss: 1.2367 - acc: 0.5078
 672/3458 [====>.........................] - ETA: 2:17 - loss: 1.2337 - acc: 0.5074
 704/3458 [=====>........................] - ETA: 2:15 - loss: 1.2331 - acc: 0.5085
 736/3458 [=====>........................] - ETA: 2:14 - loss: 1.2251 - acc: 0.5095
 768/3458 [=====>........................] - ETA: 2:12 - loss: 1.2235 - acc: 0.5091
 800/3458 [=====>........................] - ETA: 2:11 - loss: 1.2247 - acc: 0.5113
 832/3458 [======>.......................] - ETA: 2:09 - loss: 1.2261 - acc: 0.5096
 864/3458 [======>.......................] - ETA: 2:07 - loss: 1.2201 - acc: 0.5150
 896/3458 [======>.......................] - ETA: 2:06 - loss: 1.2148 - acc: 0.5156
 928/3458 [=======>......................] - ETA: 2:04 - loss: 1.2194 - acc: 0.5129
 960/3458 [=======>......................] - ETA: 2:03 - loss: 1.2162 - acc: 0.5146
 992/3458 [=======>......................] - ETA: 2:01 - loss: 1.2269 - acc: 0.5081
1024/3458 [=======>......................] - ETA: 2:00 - loss: 1.2217 - acc: 0.5078
1056/3458 [========>.....................] - ETA: 1:58 - loss: 1.2203 - acc: 0.5076
1088/3458 [========>.....................] - ETA: 1:56 - loss: 1.2115 - acc: 0.5129
1120/3458 [========>.....................] - ETA: 1:55 - loss: 1.2119 - acc: 0.5107
1152/3458 [========>.....................] - ETA: 1:53 - loss: 1.2087 - acc: 0.5104
1184/3458 [=========>....................] - ETA: 1:52 - loss: 1.2111 - acc: 0.5101
1216/3458 [=========>....................] - ETA: 1:50 - loss: 1.2071 - acc: 0.5132
1248/3458 [=========>....................] - ETA: 1:48 - loss: 1.2033 - acc: 0.5144
1280/3458 [==========>...................] - ETA: 1:47 - loss: 1.2052 - acc: 0.5117
1312/3458 [==========>...................] - ETA: 1:45 - loss: 1.2057 - acc: 0.5114
1344/3458 [==========>...................] - ETA: 1:44 - loss: 1.2040 - acc: 0.5097
1376/3458 [==========>...................] - ETA: 1:42 - loss: 1.2071 - acc: 0.5102
1408/3458 [===========>..................] - ETA: 1:40 - loss: 1.2078 - acc: 0.5107
1440/3458 [===========>..................] - ETA: 1:39 - loss: 1.2066 - acc: 0.5104
1472/3458 [===========>..................] - ETA: 1:37 - loss: 1.2040 - acc: 0.5109
1504/3458 [============>.................] - ETA: 1:36 - loss: 1.2063 - acc: 0.5093
1536/3458 [============>.................] - ETA: 1:34 - loss: 1.2060 - acc: 0.5111
1568/3458 [============>.................] - ETA: 1:33 - loss: 1.2067 - acc: 0.5121
1600/3458 [============>.................] - ETA: 1:31 - loss: 1.2086 - acc: 0.5106
1632/3458 [=============>................] - ETA: 1:29 - loss: 1.2149 - acc: 0.5055
1664/3458 [=============>................] - ETA: 1:28 - loss: 1.2165 - acc: 0.5066
1696/3458 [=============>................] - ETA: 1:26 - loss: 1.2229 - acc: 0.5053
1728/3458 [=============>................] - ETA: 1:25 - loss: 1.2240 - acc: 0.5052
1760/3458 [==============>...............] - ETA: 1:23 - loss: 1.2258 - acc: 0.5063
1792/3458 [==============>...............] - ETA: 1:22 - loss: 1.2275 - acc: 0.5050
1824/3458 [==============>...............] - ETA: 1:20 - loss: 1.2254 - acc: 0.5077
1856/3458 [===============>..............] - ETA: 1:18 - loss: 1.2327 - acc: 0.5075
1888/3458 [===============>..............] - ETA: 1:17 - loss: 1.2317 - acc: 0.5074
1920/3458 [===============>..............] - ETA: 1:15 - loss: 1.2283 - acc: 0.5094
1952/3458 [===============>..............] - ETA: 1:14 - loss: 1.2288 - acc: 0.5092
1984/3458 [================>.............] - ETA: 1:12 - loss: 1.2252 - acc: 0.5136
2016/3458 [================>.............] - ETA: 1:11 - loss: 1.2234 - acc: 0.5139
2048/3458 [================>.............] - ETA: 1:09 - loss: 1.2280 - acc: 0.5127
2080/3458 [=================>............] - ETA: 1:07 - loss: 1.2252 - acc: 0.5149
2112/3458 [=================>............] - ETA: 1:06 - loss: 1.2216 - acc: 0.5170
2144/3458 [=================>............] - ETA: 1:04 - loss: 1.2207 - acc: 0.5168
2176/3458 [=================>............] - ETA: 1:03 - loss: 1.2244 - acc: 0.5165
2208/3458 [==================>...........] - ETA: 1:01 - loss: 1.2271 - acc: 0.5140
2240/3458 [==================>...........] - ETA: 59s - loss: 1.2254 - acc: 0.5156 
2272/3458 [==================>...........] - ETA: 58s - loss: 1.2249 - acc: 0.5158
2304/3458 [==================>...........] - ETA: 56s - loss: 1.2290 - acc: 0.5135
2336/3458 [===================>..........] - ETA: 55s - loss: 1.2303 - acc: 0.5107
2368/3458 [===================>..........] - ETA: 53s - loss: 1.2288 - acc: 0.5131
2400/3458 [===================>..........] - ETA: 52s - loss: 1.2289 - acc: 0.5117
2432/3458 [====================>.........] - ETA: 50s - loss: 1.2287 - acc: 0.5123
2464/3458 [====================>.........] - ETA: 48s - loss: 1.2290 - acc: 0.5122
2496/3458 [====================>.........] - ETA: 47s - loss: 1.2309 - acc: 0.5096
2528/3458 [====================>.........] - ETA: 45s - loss: 1.2299 - acc: 0.5099
2560/3458 [=====================>........] - ETA: 44s - loss: 1.2288 - acc: 0.5109
2592/3458 [=====================>........] - ETA: 42s - loss: 1.2309 - acc: 0.5100
2624/3458 [=====================>........] - ETA: 40s - loss: 1.2301 - acc: 0.5107
2656/3458 [======================>.......] - ETA: 39s - loss: 1.2314 - acc: 0.5102
2688/3458 [======================>.......] - ETA: 37s - loss: 1.2301 - acc: 0.5100
2720/3458 [======================>.......] - ETA: 36s - loss: 1.2275 - acc: 0.5099
2752/3458 [======================>.......] - ETA: 34s - loss: 1.2262 - acc: 0.5102
2784/3458 [=======================>......] - ETA: 33s - loss: 1.2265 - acc: 0.5101
2816/3458 [=======================>......] - ETA: 31s - loss: 1.2258 - acc: 0.5092
2848/3458 [=======================>......] - ETA: 29s - loss: 1.2238 - acc: 0.5105
2880/3458 [=======================>......] - ETA: 28s - loss: 1.2246 - acc: 0.5115
2912/3458 [========================>.....] - ETA: 26s - loss: 1.2219 - acc: 0.5120
2944/3458 [========================>.....] - ETA: 25s - loss: 1.2212 - acc: 0.5115
2976/3458 [========================>.....] - ETA: 23s - loss: 1.2211 - acc: 0.5121
3008/3458 [=========================>....] - ETA: 22s - loss: 1.2238 - acc: 0.5126
3040/3458 [=========================>....] - ETA: 20s - loss: 1.2225 - acc: 0.5118
3072/3458 [=========================>....] - ETA: 18s - loss: 1.2210 - acc: 0.5130
3104/3458 [=========================>....] - ETA: 17s - loss: 1.2220 - acc: 0.5132
3136/3458 [==========================>...] - ETA: 15s - loss: 1.2213 - acc: 0.5137
3168/3458 [==========================>...] - ETA: 14s - loss: 1.2210 - acc: 0.5142
3200/3458 [==========================>...] - ETA: 12s - loss: 1.2210 - acc: 0.5144
3232/3458 [===========================>..] - ETA: 11s - loss: 1.2202 - acc: 0.5145
3264/3458 [===========================>..] - ETA: 9s - loss: 1.2179 - acc: 0.5159 
3296/3458 [===========================>..] - ETA: 7s - loss: 1.2171 - acc: 0.5161
3328/3458 [===========================>..] - ETA: 6s - loss: 1.2173 - acc: 0.5165
3360/3458 [============================>.] - ETA: 4s - loss: 1.2150 - acc: 0.5176
3392/3458 [============================>.] - ETA: 3s - loss: 1.2142 - acc: 0.5177
3424/3458 [============================>.] - ETA: 1s - loss: 1.2139 - acc: 0.5187
3456/3458 [============================>.] - ETA: 0s - loss: 1.2129 - acc: 0.5200
3458/3458 [==============================] - 170s 49ms/sample - loss: 1.2127 - acc: 0.5200

 32/865 [>.............................] - ETA: 7s - loss: 1.2064 - acc: 0.5000
 64/865 [=>............................] - ETA: 7s - loss: 1.1637 - acc: 0.5000
 96/865 [==>...........................] - ETA: 6s - loss: 1.1682 - acc: 0.5312
128/865 [===>..........................] - ETA: 6s - loss: 1.1350 - acc: 0.5312
160/865 [====>.........................] - ETA: 6s - loss: 1.1292 - acc: 0.5125
192/865 [=====>........................] - ETA: 5s - loss: 1.1134 - acc: 0.5208
224/865 [======>.......................] - ETA: 5s - loss: 1.1572 - acc: 0.5134
256/865 [=======>......................] - ETA: 5s - loss: 1.1245 - acc: 0.5469
288/865 [========>.....................] - ETA: 5s - loss: 1.1298 - acc: 0.5451
320/865 [==========>...................] - ETA: 4s - loss: 1.1531 - acc: 0.5406
352/865 [===========>..................] - ETA: 4s - loss: 1.1710 - acc: 0.5341
384/865 [============>.................] - ETA: 4s - loss: 1.1624 - acc: 0.5339
416/865 [=============>................] - ETA: 3s - loss: 1.1481 - acc: 0.5457
448/865 [==============>...............] - ETA: 3s - loss: 1.1473 - acc: 0.5513
480/865 [===============>..............] - ETA: 3s - loss: 1.1704 - acc: 0.5521
512/865 [================>.............] - ETA: 3s - loss: 1.1757 - acc: 0.5605
544/865 [=================>............] - ETA: 2s - loss: 1.1731 - acc: 0.5625
576/865 [==================>...........] - ETA: 2s - loss: 1.1705 - acc: 0.5625
608/865 [====================>.........] - ETA: 2s - loss: 1.1639 - acc: 0.5625
640/865 [=====================>........] - ETA: 1s - loss: 1.1619 - acc: 0.5641
672/865 [======================>.......] - ETA: 1s - loss: 1.1628 - acc: 0.5610
704/865 [=======================>......] - ETA: 1s - loss: 1.1638 - acc: 0.5597
736/865 [========================>.....] - ETA: 1s - loss: 1.1596 - acc: 0.5598
768/865 [=========================>....] - ETA: 0s - loss: 1.1596 - acc: 0.5586
800/865 [==========================>...] - ETA: 0s - loss: 1.1609 - acc: 0.5575
832/865 [===========================>..] - ETA: 0s - loss: 1.1614 - acc: 0.5589
864/865 [============================>.] - ETA: 0s - loss: 1.1580 - acc: 0.5648
865/865 [==============================] - 8s 9ms/sample - loss: 1.1587 - acc: 0.5642

  32/3458 [..............................] - ETA: 2:44 - loss: 1.2553 - acc: 0.5000
  64/3458 [..............................] - ETA: 2:43 - loss: 1.1952 - acc: 0.4844
  96/3458 [..............................] - ETA: 2:41 - loss: 1.1585 - acc: 0.5521
 128/3458 [>.............................] - ETA: 2:40 - loss: 1.0920 - acc: 0.5859
 160/3458 [>.............................] - ETA: 2:39 - loss: 1.0871 - acc: 0.5688
 192/3458 [>.............................] - ETA: 2:38 - loss: 1.0999 - acc: 0.5729
 224/3458 [>.............................] - ETA: 2:37 - loss: 1.1046 - acc: 0.5670
 256/3458 [=>............................] - ETA: 2:36 - loss: 1.1009 - acc: 0.5703
 288/3458 [=>............................] - ETA: 2:34 - loss: 1.1280 - acc: 0.5660
 320/3458 [=>............................] - ETA: 2:32 - loss: 1.1239 - acc: 0.5750
 352/3458 [==>...........................] - ETA: 2:31 - loss: 1.1292 - acc: 0.5710
 384/3458 [==>...........................] - ETA: 2:29 - loss: 1.1325 - acc: 0.5573
 416/3458 [==>...........................] - ETA: 2:28 - loss: 1.1267 - acc: 0.5505
 448/3458 [==>...........................] - ETA: 2:26 - loss: 1.1302 - acc: 0.5424
 480/3458 [===>..........................] - ETA: 2:24 - loss: 1.1227 - acc: 0.5479
 512/3458 [===>..........................] - ETA: 2:23 - loss: 1.1263 - acc: 0.5488
 544/3458 [===>..........................] - ETA: 2:22 - loss: 1.1162 - acc: 0.5588
 576/3458 [===>..........................] - ETA: 2:20 - loss: 1.1215 - acc: 0.5573
 608/3458 [====>.........................] - ETA: 2:18 - loss: 1.1275 - acc: 0.5493
 640/3458 [====>.........................] - ETA: 2:17 - loss: 1.1273 - acc: 0.5469
 672/3458 [====>.........................] - ETA: 2:15 - loss: 1.1230 - acc: 0.5476
 704/3458 [=====>........................] - ETA: 2:14 - loss: 1.1237 - acc: 0.5455
 736/3458 [=====>........................] - ETA: 2:12 - loss: 1.1263 - acc: 0.5408
 768/3458 [=====>........................] - ETA: 2:11 - loss: 1.1178 - acc: 0.5456
 800/3458 [=====>........................] - ETA: 2:09 - loss: 1.1288 - acc: 0.5387
 832/3458 [======>.......................] - ETA: 2:08 - loss: 1.1299 - acc: 0.5373
 864/3458 [======>.......................] - ETA: 2:06 - loss: 1.1234 - acc: 0.5405
 896/3458 [======>.......................] - ETA: 2:05 - loss: 1.1273 - acc: 0.5435
 928/3458 [=======>......................] - ETA: 2:03 - loss: 1.1207 - acc: 0.5485
 960/3458 [=======>......................] - ETA: 2:02 - loss: 1.1233 - acc: 0.5469
 992/3458 [=======>......................] - ETA: 2:00 - loss: 1.1199 - acc: 0.5464
1024/3458 [=======>......................] - ETA: 1:58 - loss: 1.1247 - acc: 0.5449
1056/3458 [========>.....................] - ETA: 1:57 - loss: 1.1196 - acc: 0.5455
1088/3458 [========>.....................] - ETA: 1:55 - loss: 1.1159 - acc: 0.5441
1120/3458 [========>.....................] - ETA: 1:54 - loss: 1.1218 - acc: 0.5420
1152/3458 [========>.....................] - ETA: 1:52 - loss: 1.1333 - acc: 0.5391
1184/3458 [=========>....................] - ETA: 1:51 - loss: 1.1334 - acc: 0.5380
1216/3458 [=========>....................] - ETA: 1:49 - loss: 1.1293 - acc: 0.5403
1248/3458 [=========>....................] - ETA: 1:47 - loss: 1.1256 - acc: 0.5409
1280/3458 [==========>...................] - ETA: 1:46 - loss: 1.1264 - acc: 0.5414
1312/3458 [==========>...................] - ETA: 1:44 - loss: 1.1320 - acc: 0.5373
1344/3458 [==========>...................] - ETA: 1:43 - loss: 1.1356 - acc: 0.5357
1376/3458 [==========>...................] - ETA: 1:41 - loss: 1.1350 - acc: 0.5356
1408/3458 [===========>..................] - ETA: 1:40 - loss: 1.1361 - acc: 0.5384
1440/3458 [===========>..................] - ETA: 1:38 - loss: 1.1345 - acc: 0.5375
1472/3458 [===========>..................] - ETA: 1:36 - loss: 1.1303 - acc: 0.5394
1504/3458 [============>.................] - ETA: 1:35 - loss: 1.1299 - acc: 0.5426
1536/3458 [============>.................] - ETA: 1:33 - loss: 1.1289 - acc: 0.5404
1568/3458 [============>.................] - ETA: 1:32 - loss: 1.1326 - acc: 0.5376
1600/3458 [============>.................] - ETA: 1:30 - loss: 1.1357 - acc: 0.5381
1632/3458 [=============>................] - ETA: 1:29 - loss: 1.1406 - acc: 0.5374
1664/3458 [=============>................] - ETA: 1:27 - loss: 1.1410 - acc: 0.5397
1696/3458 [=============>................] - ETA: 1:26 - loss: 1.1392 - acc: 0.5366
1728/3458 [=============>................] - ETA: 1:24 - loss: 1.1395 - acc: 0.5370
1760/3458 [==============>...............] - ETA: 1:22 - loss: 1.1408 - acc: 0.5381
1792/3458 [==============>...............] - ETA: 1:21 - loss: 1.1384 - acc: 0.5379
1824/3458 [==============>...............] - ETA: 1:19 - loss: 1.1347 - acc: 0.5389
1856/3458 [===============>..............] - ETA: 1:18 - loss: 1.1363 - acc: 0.5393
1888/3458 [===============>..............] - ETA: 1:16 - loss: 1.1378 - acc: 0.5381
1920/3458 [===============>..............] - ETA: 1:15 - loss: 1.1376 - acc: 0.5391
1952/3458 [===============>..............] - ETA: 1:13 - loss: 1.1389 - acc: 0.5405
1984/3458 [================>.............] - ETA: 1:11 - loss: 1.1410 - acc: 0.5393
2016/3458 [================>.............] - ETA: 1:10 - loss: 1.1391 - acc: 0.5392
2048/3458 [================>.............] - ETA: 1:08 - loss: 1.1342 - acc: 0.5420
2080/3458 [=================>............] - ETA: 1:07 - loss: 1.1327 - acc: 0.5428
2112/3458 [=================>............] - ETA: 1:05 - loss: 1.1324 - acc: 0.5426
2144/3458 [=================>............] - ETA: 1:04 - loss: 1.1317 - acc: 0.5434
2176/3458 [=================>............] - ETA: 1:02 - loss: 1.1316 - acc: 0.5423
2208/3458 [==================>...........] - ETA: 1:01 - loss: 1.1319 - acc: 0.5421
2240/3458 [==================>...........] - ETA: 59s - loss: 1.1307 - acc: 0.5442 
2272/3458 [==================>...........] - ETA: 57s - loss: 1.1266 - acc: 0.5471
2304/3458 [==================>...........] - ETA: 56s - loss: 1.1268 - acc: 0.5490
2336/3458 [===================>..........] - ETA: 54s - loss: 1.1242 - acc: 0.5505
2368/3458 [===================>..........] - ETA: 53s - loss: 1.1245 - acc: 0.5507
2400/3458 [===================>..........] - ETA: 51s - loss: 1.1235 - acc: 0.5521
2432/3458 [====================>.........] - ETA: 50s - loss: 1.1218 - acc: 0.5530
2464/3458 [====================>.........] - ETA: 48s - loss: 1.1202 - acc: 0.5536
2496/3458 [====================>.........] - ETA: 46s - loss: 1.1197 - acc: 0.5545
2528/3458 [====================>.........] - ETA: 45s - loss: 1.1257 - acc: 0.5534
2560/3458 [=====================>........] - ETA: 43s - loss: 1.1239 - acc: 0.5535
2592/3458 [=====================>........] - ETA: 42s - loss: 1.1204 - acc: 0.5556
2624/3458 [=====================>........] - ETA: 40s - loss: 1.1214 - acc: 0.5537
2656/3458 [======================>.......] - ETA: 39s - loss: 1.1205 - acc: 0.5546
2688/3458 [======================>.......] - ETA: 37s - loss: 1.1183 - acc: 0.5565
2720/3458 [======================>.......] - ETA: 36s - loss: 1.1178 - acc: 0.5555
2752/3458 [======================>.......] - ETA: 34s - loss: 1.1220 - acc: 0.5549
2784/3458 [=======================>......] - ETA: 32s - loss: 1.1218 - acc: 0.5550
2816/3458 [=======================>......] - ETA: 31s - loss: 1.1248 - acc: 0.5536
2848/3458 [=======================>......] - ETA: 29s - loss: 1.1247 - acc: 0.5541
2880/3458 [=======================>......] - ETA: 28s - loss: 1.1246 - acc: 0.5542
2912/3458 [========================>.....] - ETA: 26s - loss: 1.1237 - acc: 0.5553
2944/3458 [========================>.....] - ETA: 25s - loss: 1.1232 - acc: 0.5567
2976/3458 [========================>.....] - ETA: 23s - loss: 1.1233 - acc: 0.5568
3008/3458 [=========================>....] - ETA: 21s - loss: 1.1218 - acc: 0.5565
3040/3458 [=========================>....] - ETA: 20s - loss: 1.1208 - acc: 0.5566
3072/3458 [=========================>....] - ETA: 18s - loss: 1.1178 - acc: 0.5570
3104/3458 [=========================>....] - ETA: 17s - loss: 1.1198 - acc: 0.5551
3136/3458 [==========================>...] - ETA: 15s - loss: 1.1187 - acc: 0.5555
3168/3458 [==========================>...] - ETA: 14s - loss: 1.1181 - acc: 0.5552
3200/3458 [==========================>...] - ETA: 12s - loss: 1.1210 - acc: 0.5541
3232/3458 [===========================>..] - ETA: 11s - loss: 1.1212 - acc: 0.5545
3264/3458 [===========================>..] - ETA: 9s - loss: 1.1196 - acc: 0.5561 
3296/3458 [===========================>..] - ETA: 7s - loss: 1.1199 - acc: 0.5549
3328/3458 [===========================>..] - ETA: 6s - loss: 1.1191 - acc: 0.5553
3360/3458 [============================>.] - ETA: 4s - loss: 1.1192 - acc: 0.5571
3392/3458 [============================>.] - ETA: 3s - loss: 1.1183 - acc: 0.5569
3424/3458 [============================>.] - ETA: 1s - loss: 1.1193 - acc: 0.5578
3456/3458 [============================>.] - ETA: 0s - loss: 1.1185 - acc: 0.5576
3458/3458 [==============================] - 169s 49ms/sample - loss: 1.1188 - acc: 0.5573

 32/865 [>.............................] - ETA: 7s - loss: 0.9820 - acc: 0.7188
 64/865 [=>............................] - ETA: 7s - loss: 1.0460 - acc: 0.6094
 96/865 [==>...........................] - ETA: 6s - loss: 1.0425 - acc: 0.6146
128/865 [===>..........................] - ETA: 6s - loss: 0.9822 - acc: 0.6406
160/865 [====>.........................] - ETA: 6s - loss: 0.9871 - acc: 0.6250
192/865 [=====>........................] - ETA: 6s - loss: 0.9859 - acc: 0.6198
224/865 [======>.......................] - ETA: 5s - loss: 1.0533 - acc: 0.6071
256/865 [=======>......................] - ETA: 5s - loss: 1.0082 - acc: 0.6406
288/865 [========>.....................] - ETA: 5s - loss: 1.0066 - acc: 0.6424
320/865 [==========>...................] - ETA: 4s - loss: 1.0275 - acc: 0.6313
352/865 [===========>..................] - ETA: 4s - loss: 1.0440 - acc: 0.6250
384/865 [============>.................] - ETA: 4s - loss: 1.0420 - acc: 0.6198
416/865 [=============>................] - ETA: 3s - loss: 1.0295 - acc: 0.6274
448/865 [==============>...............] - ETA: 3s - loss: 1.0246 - acc: 0.6250
480/865 [===============>..............] - ETA: 3s - loss: 1.0414 - acc: 0.6229
512/865 [================>.............] - ETA: 3s - loss: 1.0402 - acc: 0.6289
544/865 [=================>............] - ETA: 2s - loss: 1.0320 - acc: 0.6305
576/865 [==================>...........] - ETA: 2s - loss: 1.0262 - acc: 0.6319
608/865 [====================>.........] - ETA: 2s - loss: 1.0239 - acc: 0.6266
640/865 [=====================>........] - ETA: 1s - loss: 1.0246 - acc: 0.6266
672/865 [======================>.......] - ETA: 1s - loss: 1.0231 - acc: 0.6235
704/865 [=======================>......] - ETA: 1s - loss: 1.0265 - acc: 0.6236
736/865 [========================>.....] - ETA: 1s - loss: 1.0233 - acc: 0.6236
768/865 [=========================>....] - ETA: 0s - loss: 1.0213 - acc: 0.6237
800/865 [==========================>...] - ETA: 0s - loss: 1.0267 - acc: 0.6212
832/865 [===========================>..] - ETA: 0s - loss: 1.0265 - acc: 0.6202
864/865 [============================>.] - ETA: 0s - loss: 1.0247 - acc: 0.6215
865/865 [==============================] - 8s 9ms/sample - loss: 1.0254 - acc: 0.6208
