For Dropout_1=0.9 Dropout_2=0.3
daisy loaded
dandelion loaded
rose loaded
sunflower loaded
tulip loaded

  32/3458 [..............................] - ETA: 3:06 - loss: 1.6535 - acc: 0.1875
  64/3458 [..............................] - ETA: 2:57 - loss: 3.0210 - acc: 0.1562
  96/3458 [..............................] - ETA: 2:51 - loss: 3.8996 - acc: 0.1875
 128/3458 [>.............................] - ETA: 2:48 - loss: 3.6432 - acc: 0.1562
 160/3458 [>.............................] - ETA: 2:46 - loss: 3.2380 - acc: 0.1875
 192/3458 [>.............................] - ETA: 2:43 - loss: 2.9653 - acc: 0.1823
 224/3458 [>.............................] - ETA: 2:42 - loss: 2.7620 - acc: 0.1875
 256/3458 [=>............................] - ETA: 2:41 - loss: 2.6222 - acc: 0.1836
 288/3458 [=>............................] - ETA: 2:40 - loss: 2.5061 - acc: 0.1944
 320/3458 [=>............................] - ETA: 2:38 - loss: 2.4133 - acc: 0.1906
 352/3458 [==>...........................] - ETA: 2:35 - loss: 2.3339 - acc: 0.2017
 384/3458 [==>...........................] - ETA: 2:33 - loss: 2.2715 - acc: 0.2083
 416/3458 [==>...........................] - ETA: 2:32 - loss: 2.2118 - acc: 0.2139
 448/3458 [==>...........................] - ETA: 2:30 - loss: 2.1580 - acc: 0.2277
 480/3458 [===>..........................] - ETA: 2:28 - loss: 2.1172 - acc: 0.2271
 512/3458 [===>..........................] - ETA: 2:26 - loss: 2.0873 - acc: 0.2246
 544/3458 [===>..........................] - ETA: 2:25 - loss: 2.0522 - acc: 0.2224
 576/3458 [===>..........................] - ETA: 2:23 - loss: 2.0198 - acc: 0.2257
 608/3458 [====>.........................] - ETA: 2:21 - loss: 1.9885 - acc: 0.2368
 640/3458 [====>.........................] - ETA: 2:20 - loss: 1.9592 - acc: 0.2453
 672/3458 [====>.........................] - ETA: 2:18 - loss: 1.9396 - acc: 0.2470
 704/3458 [=====>........................] - ETA: 2:16 - loss: 1.9146 - acc: 0.2500
 736/3458 [=====>........................] - ETA: 2:15 - loss: 1.8890 - acc: 0.2609
 768/3458 [=====>........................] - ETA: 2:13 - loss: 1.8720 - acc: 0.2682
 800/3458 [=====>........................] - ETA: 2:11 - loss: 1.8580 - acc: 0.2675
 832/3458 [======>.......................] - ETA: 2:10 - loss: 1.8471 - acc: 0.2668
 864/3458 [======>.......................] - ETA: 2:08 - loss: 1.8270 - acc: 0.2731
 896/3458 [======>.......................] - ETA: 2:07 - loss: 1.8104 - acc: 0.2790
 928/3458 [=======>......................] - ETA: 2:05 - loss: 1.7956 - acc: 0.2845
 960/3458 [=======>......................] - ETA: 2:03 - loss: 1.7802 - acc: 0.2927
 992/3458 [=======>......................] - ETA: 2:02 - loss: 1.7745 - acc: 0.2964
1024/3458 [=======>......................] - ETA: 2:00 - loss: 1.7610 - acc: 0.2988
1056/3458 [========>.....................] - ETA: 1:59 - loss: 1.7544 - acc: 0.3011
1088/3458 [========>.....................] - ETA: 1:57 - loss: 1.7429 - acc: 0.3024
1120/3458 [========>.....................] - ETA: 1:55 - loss: 1.7363 - acc: 0.3036
1152/3458 [========>.....................] - ETA: 1:54 - loss: 1.7264 - acc: 0.3056
1184/3458 [=========>....................] - ETA: 1:52 - loss: 1.7146 - acc: 0.3117
1216/3458 [=========>....................] - ETA: 1:51 - loss: 1.7034 - acc: 0.3174
1248/3458 [=========>....................] - ETA: 1:49 - loss: 1.6974 - acc: 0.3133
1280/3458 [==========>...................] - ETA: 1:47 - loss: 1.6905 - acc: 0.3164
1312/3458 [==========>...................] - ETA: 1:46 - loss: 1.6923 - acc: 0.3216
1344/3458 [==========>...................] - ETA: 1:44 - loss: 1.6836 - acc: 0.3237
1376/3458 [==========>...................] - ETA: 1:43 - loss: 1.6748 - acc: 0.3256
1408/3458 [===========>..................] - ETA: 1:41 - loss: 1.6643 - acc: 0.3288
1440/3458 [===========>..................] - ETA: 1:39 - loss: 1.6555 - acc: 0.3313
1472/3458 [===========>..................] - ETA: 1:38 - loss: 1.6480 - acc: 0.3342
1504/3458 [============>.................] - ETA: 1:36 - loss: 1.6448 - acc: 0.3311
1536/3458 [============>.................] - ETA: 1:35 - loss: 1.6347 - acc: 0.3346
1568/3458 [============>.................] - ETA: 1:33 - loss: 1.6285 - acc: 0.3342
1600/3458 [============>.................] - ETA: 1:31 - loss: 1.6212 - acc: 0.3394
1632/3458 [=============>................] - ETA: 1:30 - loss: 1.6138 - acc: 0.3407
1664/3458 [=============>................] - ETA: 1:28 - loss: 1.6069 - acc: 0.3438
1696/3458 [=============>................] - ETA: 1:27 - loss: 1.6027 - acc: 0.3432
1728/3458 [=============>................] - ETA: 1:25 - loss: 1.5968 - acc: 0.3438
1760/3458 [==============>...............] - ETA: 1:24 - loss: 1.5894 - acc: 0.3438
1792/3458 [==============>...............] - ETA: 1:22 - loss: 1.5849 - acc: 0.3454
1824/3458 [==============>...............] - ETA: 1:20 - loss: 1.5818 - acc: 0.3476
1856/3458 [===============>..............] - ETA: 1:19 - loss: 1.5795 - acc: 0.3481
1888/3458 [===============>..............] - ETA: 1:17 - loss: 1.5718 - acc: 0.3522
1920/3458 [===============>..............] - ETA: 1:16 - loss: 1.5717 - acc: 0.3531
1952/3458 [===============>..............] - ETA: 1:14 - loss: 1.5669 - acc: 0.3566
1984/3458 [================>.............] - ETA: 1:12 - loss: 1.5673 - acc: 0.3604
2016/3458 [================>.............] - ETA: 1:11 - loss: 1.5652 - acc: 0.3611
2048/3458 [================>.............] - ETA: 1:09 - loss: 1.5606 - acc: 0.3618
2080/3458 [=================>............] - ETA: 1:08 - loss: 1.5559 - acc: 0.3635
2112/3458 [=================>............] - ETA: 1:06 - loss: 1.5512 - acc: 0.3655
2144/3458 [=================>............] - ETA: 1:04 - loss: 1.5457 - acc: 0.3675
2176/3458 [=================>............] - ETA: 1:03 - loss: 1.5422 - acc: 0.3676
2208/3458 [==================>...........] - ETA: 1:01 - loss: 1.5448 - acc: 0.3696
2240/3458 [==================>...........] - ETA: 1:00 - loss: 1.5415 - acc: 0.3683
2272/3458 [==================>...........] - ETA: 58s - loss: 1.5351 - acc: 0.3706 
2304/3458 [==================>...........] - ETA: 57s - loss: 1.5316 - acc: 0.3720
2336/3458 [===================>..........] - ETA: 55s - loss: 1.5243 - acc: 0.3754
2368/3458 [===================>..........] - ETA: 53s - loss: 1.5270 - acc: 0.3733
2400/3458 [===================>..........] - ETA: 52s - loss: 1.5269 - acc: 0.3742
2432/3458 [====================>.........] - ETA: 50s - loss: 1.5271 - acc: 0.3729
2464/3458 [====================>.........] - ETA: 49s - loss: 1.5239 - acc: 0.3750
2496/3458 [====================>.........] - ETA: 47s - loss: 1.5216 - acc: 0.3762
2528/3458 [====================>.........] - ETA: 45s - loss: 1.5200 - acc: 0.3758
2560/3458 [=====================>........] - ETA: 44s - loss: 1.5173 - acc: 0.3754
2592/3458 [=====================>........] - ETA: 42s - loss: 1.5158 - acc: 0.3765
2624/3458 [=====================>........] - ETA: 41s - loss: 1.5150 - acc: 0.3758
2656/3458 [======================>.......] - ETA: 39s - loss: 1.5129 - acc: 0.3769
2688/3458 [======================>.......] - ETA: 38s - loss: 1.5113 - acc: 0.3783
2720/3458 [======================>.......] - ETA: 36s - loss: 1.5090 - acc: 0.3790
2752/3458 [======================>.......] - ETA: 34s - loss: 1.5068 - acc: 0.3812
2784/3458 [=======================>......] - ETA: 33s - loss: 1.5049 - acc: 0.3818
2816/3458 [=======================>......] - ETA: 31s - loss: 1.5018 - acc: 0.3814
2848/3458 [=======================>......] - ETA: 30s - loss: 1.4991 - acc: 0.3817
2880/3458 [=======================>......] - ETA: 28s - loss: 1.4956 - acc: 0.3837
2912/3458 [========================>.....] - ETA: 27s - loss: 1.4930 - acc: 0.3850
2944/3458 [========================>.....] - ETA: 25s - loss: 1.4901 - acc: 0.3855
2976/3458 [========================>.....] - ETA: 23s - loss: 1.4887 - acc: 0.3864
3008/3458 [=========================>....] - ETA: 22s - loss: 1.4841 - acc: 0.3886
3040/3458 [=========================>....] - ETA: 20s - loss: 1.4813 - acc: 0.3898
3072/3458 [=========================>....] - ETA: 19s - loss: 1.4814 - acc: 0.3887
3104/3458 [=========================>....] - ETA: 17s - loss: 1.4826 - acc: 0.3889
3136/3458 [==========================>...] - ETA: 15s - loss: 1.4797 - acc: 0.3884
3168/3458 [==========================>...] - ETA: 14s - loss: 1.4753 - acc: 0.3892
3200/3458 [==========================>...] - ETA: 12s - loss: 1.4723 - acc: 0.3891
3232/3458 [===========================>..] - ETA: 11s - loss: 1.4721 - acc: 0.3886
3264/3458 [===========================>..] - ETA: 9s - loss: 1.4686 - acc: 0.3888 
3296/3458 [===========================>..] - ETA: 8s - loss: 1.4663 - acc: 0.3899
3328/3458 [===========================>..] - ETA: 6s - loss: 1.4635 - acc: 0.3912
3360/3458 [============================>.] - ETA: 4s - loss: 1.4617 - acc: 0.3920
3392/3458 [============================>.] - ETA: 3s - loss: 1.4601 - acc: 0.3921
3424/3458 [============================>.] - ETA: 1s - loss: 1.4572 - acc: 0.3937
3456/3458 [============================>.] - ETA: 0s - loss: 1.4528 - acc: 0.3953
3458/3458 [==============================] - 172s 50ms/sample - loss: 1.4527 - acc: 0.3953

 32/865 [>.............................] - ETA: 8s - loss: 1.4239 - acc: 0.5938
 64/865 [=>............................] - ETA: 7s - loss: 1.3106 - acc: 0.5312
 96/865 [==>...........................] - ETA: 7s - loss: 1.3074 - acc: 0.5104
128/865 [===>..........................] - ETA: 6s - loss: 1.2231 - acc: 0.5234
160/865 [====>.........................] - ETA: 6s - loss: 1.1732 - acc: 0.5437
192/865 [=====>........................] - ETA: 6s - loss: 1.2540 - acc: 0.5052
224/865 [======>.......................] - ETA: 5s - loss: 1.2631 - acc: 0.5000
256/865 [=======>......................] - ETA: 5s - loss: 1.2780 - acc: 0.4844
288/865 [========>.....................] - ETA: 5s - loss: 1.2748 - acc: 0.4861
320/865 [==========>...................] - ETA: 4s - loss: 1.2771 - acc: 0.4812
352/865 [===========>..................] - ETA: 4s - loss: 1.2748 - acc: 0.4886
384/865 [============>.................] - ETA: 4s - loss: 1.2897 - acc: 0.4896
416/865 [=============>................] - ETA: 4s - loss: 1.3058 - acc: 0.4808
448/865 [==============>...............] - ETA: 3s - loss: 1.3452 - acc: 0.4777
480/865 [===============>..............] - ETA: 3s - loss: 1.3423 - acc: 0.4854
512/865 [================>.............] - ETA: 3s - loss: 1.3262 - acc: 0.4902
544/865 [=================>............] - ETA: 2s - loss: 1.3241 - acc: 0.4945
576/865 [==================>...........] - ETA: 2s - loss: 1.3138 - acc: 0.4931
608/865 [====================>.........] - ETA: 2s - loss: 1.3152 - acc: 0.4852
640/865 [=====================>........] - ETA: 2s - loss: 1.3038 - acc: 0.4875
672/865 [======================>.......] - ETA: 1s - loss: 1.3089 - acc: 0.4866
704/865 [=======================>......] - ETA: 1s - loss: 1.2999 - acc: 0.4901
736/865 [========================>.....] - ETA: 1s - loss: 1.2869 - acc: 0.4932
768/865 [=========================>....] - ETA: 0s - loss: 1.2840 - acc: 0.4948
800/865 [==========================>...] - ETA: 0s - loss: 1.2886 - acc: 0.4950
832/865 [===========================>..] - ETA: 0s - loss: 1.2944 - acc: 0.4952
864/865 [============================>.] - ETA: 0s - loss: 1.2812 - acc: 0.4965
865/865 [==============================] - 8s 9ms/sample - loss: 1.2804 - acc: 0.4971

  32/3458 [..............................] - ETA: 2:46 - loss: 1.1012 - acc: 0.5938
  64/3458 [..............................] - ETA: 2:44 - loss: 1.2213 - acc: 0.5469
  96/3458 [..............................] - ETA: 2:44 - loss: 1.2977 - acc: 0.5104
 128/3458 [>.............................] - ETA: 2:43 - loss: 1.3157 - acc: 0.5000
 160/3458 [>.............................] - ETA: 2:42 - loss: 1.2922 - acc: 0.4750
 192/3458 [>.............................] - ETA: 2:40 - loss: 1.3091 - acc: 0.4948
 224/3458 [>.............................] - ETA: 2:39 - loss: 1.3137 - acc: 0.5045
 256/3458 [=>............................] - ETA: 2:37 - loss: 1.3000 - acc: 0.5078
 288/3458 [=>............................] - ETA: 2:35 - loss: 1.2732 - acc: 0.5104
 320/3458 [=>............................] - ETA: 2:34 - loss: 1.2637 - acc: 0.5125
 352/3458 [==>...........................] - ETA: 2:32 - loss: 1.2828 - acc: 0.5114
 384/3458 [==>...........................] - ETA: 2:31 - loss: 1.2808 - acc: 0.5130
 416/3458 [==>...........................] - ETA: 2:29 - loss: 1.2792 - acc: 0.5120
 448/3458 [==>...........................] - ETA: 2:28 - loss: 1.2734 - acc: 0.5112
 480/3458 [===>..........................] - ETA: 2:26 - loss: 1.2730 - acc: 0.5083
 512/3458 [===>..........................] - ETA: 2:25 - loss: 1.2919 - acc: 0.5059
 544/3458 [===>..........................] - ETA: 2:23 - loss: 1.2876 - acc: 0.5018
 576/3458 [===>..........................] - ETA: 2:21 - loss: 1.2897 - acc: 0.5052
 608/3458 [====>.........................] - ETA: 2:20 - loss: 1.2936 - acc: 0.4967
 640/3458 [====>.........................] - ETA: 2:18 - loss: 1.2904 - acc: 0.4906
 672/3458 [====>.........................] - ETA: 2:17 - loss: 1.2819 - acc: 0.4970
 704/3458 [=====>........................] - ETA: 2:15 - loss: 1.2816 - acc: 0.4943
 736/3458 [=====>........................] - ETA: 2:14 - loss: 1.2836 - acc: 0.4905
 768/3458 [=====>........................] - ETA: 2:12 - loss: 1.2822 - acc: 0.4909
 800/3458 [=====>........................] - ETA: 2:10 - loss: 1.2884 - acc: 0.4888
 832/3458 [======>.......................] - ETA: 2:09 - loss: 1.2916 - acc: 0.4844
 864/3458 [======>.......................] - ETA: 2:07 - loss: 1.2914 - acc: 0.4838
 896/3458 [======>.......................] - ETA: 2:06 - loss: 1.2909 - acc: 0.4855
 928/3458 [=======>......................] - ETA: 2:04 - loss: 1.2881 - acc: 0.4849
 960/3458 [=======>......................] - ETA: 2:03 - loss: 1.2901 - acc: 0.4833
 992/3458 [=======>......................] - ETA: 2:01 - loss: 1.2909 - acc: 0.4849
1024/3458 [=======>......................] - ETA: 1:59 - loss: 1.2866 - acc: 0.4873
1056/3458 [========>.....................] - ETA: 1:58 - loss: 1.2861 - acc: 0.4877
1088/3458 [========>.....................] - ETA: 1:56 - loss: 1.2820 - acc: 0.4881
1120/3458 [========>.....................] - ETA: 1:55 - loss: 1.2784 - acc: 0.4866
1152/3458 [========>.....................] - ETA: 1:53 - loss: 1.2766 - acc: 0.4905
1184/3458 [=========>....................] - ETA: 1:52 - loss: 1.2730 - acc: 0.4907
1216/3458 [=========>....................] - ETA: 1:50 - loss: 1.2701 - acc: 0.4934
1248/3458 [=========>....................] - ETA: 1:48 - loss: 1.2638 - acc: 0.4952
1280/3458 [==========>...................] - ETA: 1:47 - loss: 1.2584 - acc: 0.4977
1312/3458 [==========>...................] - ETA: 1:45 - loss: 1.2480 - acc: 0.5008
1344/3458 [==========>...................] - ETA: 1:44 - loss: 1.2405 - acc: 0.5037
1376/3458 [==========>...................] - ETA: 1:43 - loss: 1.2517 - acc: 0.5029
1408/3458 [===========>..................] - ETA: 1:41 - loss: 1.2488 - acc: 0.5036
1440/3458 [===========>..................] - ETA: 1:40 - loss: 1.2440 - acc: 0.5049
1472/3458 [===========>..................] - ETA: 1:38 - loss: 1.2532 - acc: 0.5027
1504/3458 [============>.................] - ETA: 1:37 - loss: 1.2522 - acc: 0.5020
1536/3458 [============>.................] - ETA: 1:35 - loss: 1.2497 - acc: 0.5020
1568/3458 [============>.................] - ETA: 1:34 - loss: 1.2426 - acc: 0.5045
1600/3458 [============>.................] - ETA: 1:32 - loss: 1.2436 - acc: 0.5019
1632/3458 [=============>................] - ETA: 1:30 - loss: 1.2375 - acc: 0.5043
1664/3458 [=============>................] - ETA: 1:29 - loss: 1.2374 - acc: 0.5036
1696/3458 [=============>................] - ETA: 1:27 - loss: 1.2336 - acc: 0.5047
1728/3458 [=============>................] - ETA: 1:26 - loss: 1.2307 - acc: 0.5052
1760/3458 [==============>...............] - ETA: 1:24 - loss: 1.2299 - acc: 0.5045
1792/3458 [==============>...............] - ETA: 1:22 - loss: 1.2279 - acc: 0.5039
1824/3458 [==============>...............] - ETA: 1:21 - loss: 1.2247 - acc: 0.5055
1856/3458 [===============>..............] - ETA: 1:19 - loss: 1.2233 - acc: 0.5065
1888/3458 [===============>..............] - ETA: 1:18 - loss: 1.2204 - acc: 0.5085
1920/3458 [===============>..............] - ETA: 1:16 - loss: 1.2174 - acc: 0.5109
1952/3458 [===============>..............] - ETA: 1:14 - loss: 1.2179 - acc: 0.5097
1984/3458 [================>.............] - ETA: 1:13 - loss: 1.2172 - acc: 0.5096
2016/3458 [================>.............] - ETA: 1:11 - loss: 1.2212 - acc: 0.5089
2048/3458 [================>.............] - ETA: 1:10 - loss: 1.2213 - acc: 0.5088
2080/3458 [=================>............] - ETA: 1:08 - loss: 1.2192 - acc: 0.5087
2112/3458 [=================>............] - ETA: 1:06 - loss: 1.2168 - acc: 0.5095
2144/3458 [=================>............] - ETA: 1:05 - loss: 1.2183 - acc: 0.5075
2176/3458 [=================>............] - ETA: 1:03 - loss: 1.2186 - acc: 0.5078
2208/3458 [==================>...........] - ETA: 1:02 - loss: 1.2152 - acc: 0.5086
2240/3458 [==================>...........] - ETA: 1:00 - loss: 1.2154 - acc: 0.5089
2272/3458 [==================>...........] - ETA: 58s - loss: 1.2143 - acc: 0.5092 
2304/3458 [==================>...........] - ETA: 57s - loss: 1.2144 - acc: 0.5113
2336/3458 [===================>..........] - ETA: 55s - loss: 1.2077 - acc: 0.5146
2368/3458 [===================>..........] - ETA: 54s - loss: 1.2121 - acc: 0.5139
2400/3458 [===================>..........] - ETA: 52s - loss: 1.2090 - acc: 0.5138
2432/3458 [====================>.........] - ETA: 50s - loss: 1.2078 - acc: 0.5132
2464/3458 [====================>.........] - ETA: 49s - loss: 1.2089 - acc: 0.5126
2496/3458 [====================>.........] - ETA: 47s - loss: 1.2087 - acc: 0.5120
2528/3458 [====================>.........] - ETA: 46s - loss: 1.2079 - acc: 0.5119
2560/3458 [=====================>........] - ETA: 44s - loss: 1.2069 - acc: 0.5125
2592/3458 [=====================>........] - ETA: 42s - loss: 1.2065 - acc: 0.5127
2624/3458 [=====================>........] - ETA: 41s - loss: 1.2048 - acc: 0.5130
2656/3458 [======================>.......] - ETA: 39s - loss: 1.2058 - acc: 0.5120
2688/3458 [======================>.......] - ETA: 38s - loss: 1.2058 - acc: 0.5108
2720/3458 [======================>.......] - ETA: 36s - loss: 1.2080 - acc: 0.5088
2752/3458 [======================>.......] - ETA: 35s - loss: 1.2069 - acc: 0.5098
2784/3458 [=======================>......] - ETA: 33s - loss: 1.2074 - acc: 0.5101
2816/3458 [=======================>......] - ETA: 31s - loss: 1.2097 - acc: 0.5107
2848/3458 [=======================>......] - ETA: 30s - loss: 1.2090 - acc: 0.5116
2880/3458 [=======================>......] - ETA: 28s - loss: 1.2078 - acc: 0.5118
2912/3458 [========================>.....] - ETA: 27s - loss: 1.2075 - acc: 0.5110
2944/3458 [========================>.....] - ETA: 25s - loss: 1.2062 - acc: 0.5119
2976/3458 [========================>.....] - ETA: 23s - loss: 1.2045 - acc: 0.5128
3008/3458 [=========================>....] - ETA: 22s - loss: 1.2023 - acc: 0.5130
3040/3458 [=========================>....] - ETA: 20s - loss: 1.2012 - acc: 0.5138
3072/3458 [=========================>....] - ETA: 19s - loss: 1.1984 - acc: 0.5153
3104/3458 [=========================>....] - ETA: 17s - loss: 1.1979 - acc: 0.5161
3136/3458 [==========================>...] - ETA: 15s - loss: 1.1980 - acc: 0.5166
3168/3458 [==========================>...] - ETA: 14s - loss: 1.1968 - acc: 0.5183
3200/3458 [==========================>...] - ETA: 12s - loss: 1.1955 - acc: 0.5188
3232/3458 [===========================>..] - ETA: 11s - loss: 1.1982 - acc: 0.5186
3264/3458 [===========================>..] - ETA: 9s - loss: 1.1962 - acc: 0.5193 
3296/3458 [===========================>..] - ETA: 8s - loss: 1.1946 - acc: 0.5197
3328/3458 [===========================>..] - ETA: 6s - loss: 1.1915 - acc: 0.5213
3360/3458 [============================>.] - ETA: 4s - loss: 1.1938 - acc: 0.5202
3392/3458 [============================>.] - ETA: 3s - loss: 1.1912 - acc: 0.5212
3424/3458 [============================>.] - ETA: 1s - loss: 1.1917 - acc: 0.5204
3456/3458 [============================>.] - ETA: 0s - loss: 1.1914 - acc: 0.5200
3458/3458 [==============================] - 172s 50ms/sample - loss: 1.1913 - acc: 0.5200

 32/865 [>.............................] - ETA: 7s - loss: 1.2295 - acc: 0.6562
 64/865 [=>............................] - ETA: 7s - loss: 1.2028 - acc: 0.5781
 96/865 [==>...........................] - ETA: 6s - loss: 1.1956 - acc: 0.5729
128/865 [===>..........................] - ETA: 6s - loss: 1.1137 - acc: 0.6094
160/865 [====>.........................] - ETA: 6s - loss: 1.0821 - acc: 0.6062
192/865 [=====>........................] - ETA: 6s - loss: 1.1321 - acc: 0.5677
224/865 [======>.......................] - ETA: 5s - loss: 1.1436 - acc: 0.5491
256/865 [=======>......................] - ETA: 5s - loss: 1.1558 - acc: 0.5391
288/865 [========>.....................] - ETA: 5s - loss: 1.1585 - acc: 0.5417
320/865 [==========>...................] - ETA: 4s - loss: 1.1685 - acc: 0.5375
352/865 [===========>..................] - ETA: 4s - loss: 1.1599 - acc: 0.5568
384/865 [============>.................] - ETA: 4s - loss: 1.1611 - acc: 0.5547
416/865 [=============>................] - ETA: 4s - loss: 1.1623 - acc: 0.5481
448/865 [==============>...............] - ETA: 3s - loss: 1.1913 - acc: 0.5424
480/865 [===============>..............] - ETA: 3s - loss: 1.1914 - acc: 0.5417
512/865 [================>.............] - ETA: 3s - loss: 1.1763 - acc: 0.5488
544/865 [=================>............] - ETA: 2s - loss: 1.1753 - acc: 0.5496
576/865 [==================>...........] - ETA: 2s - loss: 1.1677 - acc: 0.5521
608/865 [====================>.........] - ETA: 2s - loss: 1.1710 - acc: 0.5510
640/865 [=====================>........] - ETA: 2s - loss: 1.1638 - acc: 0.5516
672/865 [======================>.......] - ETA: 1s - loss: 1.1680 - acc: 0.5446
704/865 [=======================>......] - ETA: 1s - loss: 1.1638 - acc: 0.5483
736/865 [========================>.....] - ETA: 1s - loss: 1.1541 - acc: 0.5530
768/865 [=========================>....] - ETA: 0s - loss: 1.1515 - acc: 0.5521
800/865 [==========================>...] - ETA: 0s - loss: 1.1544 - acc: 0.5537
832/865 [===========================>..] - ETA: 0s - loss: 1.1609 - acc: 0.5529
864/865 [============================>.] - ETA: 0s - loss: 1.1492 - acc: 0.5544
865/865 [==============================] - 8s 9ms/sample - loss: 1.1481 - acc: 0.5549

  32/3458 [..............................] - ETA: 2:45 - loss: 0.7791 - acc: 0.7188
  64/3458 [..............................] - ETA: 2:45 - loss: 0.8398 - acc: 0.6875
  96/3458 [..............................] - ETA: 2:45 - loss: 0.9538 - acc: 0.5938
 128/3458 [>.............................] - ETA: 2:43 - loss: 0.9921 - acc: 0.5547
 160/3458 [>.............................] - ETA: 2:42 - loss: 1.0401 - acc: 0.5562
 192/3458 [>.............................] - ETA: 2:41 - loss: 1.0604 - acc: 0.5625
 224/3458 [>.............................] - ETA: 2:39 - loss: 1.0608 - acc: 0.5670
 256/3458 [=>............................] - ETA: 2:37 - loss: 1.0552 - acc: 0.5586
 288/3458 [=>............................] - ETA: 2:35 - loss: 1.0681 - acc: 0.5451
 320/3458 [=>............................] - ETA: 2:34 - loss: 1.1182 - acc: 0.5469
 352/3458 [==>...........................] - ETA: 2:33 - loss: 1.1170 - acc: 0.5540
 384/3458 [==>...........................] - ETA: 2:31 - loss: 1.1221 - acc: 0.5495
 416/3458 [==>...........................] - ETA: 2:30 - loss: 1.1205 - acc: 0.5481
 448/3458 [==>...........................] - ETA: 2:28 - loss: 1.1162 - acc: 0.5491
 480/3458 [===>..........................] - ETA: 2:27 - loss: 1.1120 - acc: 0.5521
 512/3458 [===>..........................] - ETA: 2:25 - loss: 1.1065 - acc: 0.5605
 544/3458 [===>..........................] - ETA: 2:23 - loss: 1.1256 - acc: 0.5515
 576/3458 [===>..........................] - ETA: 2:22 - loss: 1.1185 - acc: 0.5590
 608/3458 [====>.........................] - ETA: 2:20 - loss: 1.1126 - acc: 0.5625
 640/3458 [====>.........................] - ETA: 2:19 - loss: 1.1112 - acc: 0.5609
 672/3458 [====>.........................] - ETA: 2:17 - loss: 1.1082 - acc: 0.5625
 704/3458 [=====>........................] - ETA: 2:15 - loss: 1.1086 - acc: 0.5582
 736/3458 [=====>........................] - ETA: 2:14 - loss: 1.1220 - acc: 0.5557
 768/3458 [=====>........................] - ETA: 2:12 - loss: 1.1113 - acc: 0.5612
 800/3458 [=====>........................] - ETA: 2:11 - loss: 1.1081 - acc: 0.5587
 832/3458 [======>.......................] - ETA: 2:09 - loss: 1.1231 - acc: 0.5541
 864/3458 [======>.......................] - ETA: 2:07 - loss: 1.1237 - acc: 0.5544
 896/3458 [======>.......................] - ETA: 2:06 - loss: 1.1212 - acc: 0.5558
 928/3458 [=======>......................] - ETA: 2:04 - loss: 1.1143 - acc: 0.5625
 960/3458 [=======>......................] - ETA: 2:03 - loss: 1.1108 - acc: 0.5646
 992/3458 [=======>......................] - ETA: 2:01 - loss: 1.1082 - acc: 0.5615
1024/3458 [=======>......................] - ETA: 1:59 - loss: 1.1058 - acc: 0.5654
1056/3458 [========>.....................] - ETA: 1:58 - loss: 1.1054 - acc: 0.5634
1088/3458 [========>.....................] - ETA: 1:56 - loss: 1.0992 - acc: 0.5653
1120/3458 [========>.....................] - ETA: 1:55 - loss: 1.1011 - acc: 0.5670
1152/3458 [========>.....................] - ETA: 1:53 - loss: 1.0918 - acc: 0.5694
1184/3458 [=========>....................] - ETA: 1:51 - loss: 1.0876 - acc: 0.5684
1216/3458 [=========>....................] - ETA: 1:50 - loss: 1.0788 - acc: 0.5715
1248/3458 [=========>....................] - ETA: 1:48 - loss: 1.0809 - acc: 0.5729
1280/3458 [==========>...................] - ETA: 1:47 - loss: 1.0779 - acc: 0.5742
1312/3458 [==========>...................] - ETA: 1:45 - loss: 1.0840 - acc: 0.5724
1344/3458 [==========>...................] - ETA: 1:44 - loss: 1.0806 - acc: 0.5729
1376/3458 [==========>...................] - ETA: 1:42 - loss: 1.0775 - acc: 0.5727
1408/3458 [===========>..................] - ETA: 1:40 - loss: 1.0816 - acc: 0.5703
1440/3458 [===========>..................] - ETA: 1:39 - loss: 1.0821 - acc: 0.5701
1472/3458 [===========>..................] - ETA: 1:37 - loss: 1.0856 - acc: 0.5686
1504/3458 [============>.................] - ETA: 1:36 - loss: 1.0825 - acc: 0.5718
1536/3458 [============>.................] - ETA: 1:34 - loss: 1.0801 - acc: 0.5742
1568/3458 [============>.................] - ETA: 1:33 - loss: 1.0776 - acc: 0.5740
1600/3458 [============>.................] - ETA: 1:31 - loss: 1.0782 - acc: 0.5719
1632/3458 [=============>................] - ETA: 1:29 - loss: 1.0763 - acc: 0.5729
1664/3458 [=============>................] - ETA: 1:28 - loss: 1.0805 - acc: 0.5733
1696/3458 [=============>................] - ETA: 1:26 - loss: 1.0802 - acc: 0.5737
1728/3458 [=============>................] - ETA: 1:25 - loss: 1.0814 - acc: 0.5735
1760/3458 [==============>...............] - ETA: 1:23 - loss: 1.0820 - acc: 0.5733
1792/3458 [==============>...............] - ETA: 1:22 - loss: 1.0861 - acc: 0.5731
1824/3458 [==============>...............] - ETA: 1:20 - loss: 1.0812 - acc: 0.5746
1856/3458 [===============>..............] - ETA: 1:18 - loss: 1.0811 - acc: 0.5738
1888/3458 [===============>..............] - ETA: 1:17 - loss: 1.0809 - acc: 0.5736
1920/3458 [===============>..............] - ETA: 1:15 - loss: 1.0778 - acc: 0.5771
1952/3458 [===============>..............] - ETA: 1:14 - loss: 1.0773 - acc: 0.5768
1984/3458 [================>.............] - ETA: 1:12 - loss: 1.0785 - acc: 0.5761
2016/3458 [================>.............] - ETA: 1:11 - loss: 1.0783 - acc: 0.5764
2048/3458 [================>.............] - ETA: 1:09 - loss: 1.0785 - acc: 0.5757
2080/3458 [=================>............] - ETA: 1:07 - loss: 1.0770 - acc: 0.5755
2112/3458 [=================>............] - ETA: 1:06 - loss: 1.0759 - acc: 0.5743
2144/3458 [=================>............] - ETA: 1:04 - loss: 1.0745 - acc: 0.5742
2176/3458 [=================>............] - ETA: 1:03 - loss: 1.0717 - acc: 0.5754
2208/3458 [==================>...........] - ETA: 1:01 - loss: 1.0710 - acc: 0.5752
2240/3458 [==================>...........] - ETA: 1:00 - loss: 1.0702 - acc: 0.5768
2272/3458 [==================>...........] - ETA: 58s - loss: 1.0693 - acc: 0.5770 
2304/3458 [==================>...........] - ETA: 56s - loss: 1.0679 - acc: 0.5781
2336/3458 [===================>..........] - ETA: 55s - loss: 1.0660 - acc: 0.5783
2368/3458 [===================>..........] - ETA: 53s - loss: 1.0666 - acc: 0.5773
2400/3458 [===================>..........] - ETA: 52s - loss: 1.0649 - acc: 0.5779
2432/3458 [====================>.........] - ETA: 50s - loss: 1.0639 - acc: 0.5794
2464/3458 [====================>.........] - ETA: 49s - loss: 1.0647 - acc: 0.5763
2496/3458 [====================>.........] - ETA: 47s - loss: 1.0678 - acc: 0.5765
2528/3458 [====================>.........] - ETA: 45s - loss: 1.0652 - acc: 0.5771
2560/3458 [=====================>........] - ETA: 44s - loss: 1.0658 - acc: 0.5766
2592/3458 [=====================>........] - ETA: 42s - loss: 1.0657 - acc: 0.5772
2624/3458 [=====================>........] - ETA: 41s - loss: 1.0661 - acc: 0.5770
2656/3458 [======================>.......] - ETA: 39s - loss: 1.0648 - acc: 0.5768
2688/3458 [======================>.......] - ETA: 37s - loss: 1.0643 - acc: 0.5774
2720/3458 [======================>.......] - ETA: 36s - loss: 1.0647 - acc: 0.5768
2752/3458 [======================>.......] - ETA: 34s - loss: 1.0657 - acc: 0.5767
2784/3458 [=======================>......] - ETA: 33s - loss: 1.0650 - acc: 0.5769
2816/3458 [=======================>......] - ETA: 31s - loss: 1.0640 - acc: 0.5771
2848/3458 [=======================>......] - ETA: 30s - loss: 1.0641 - acc: 0.5776
2880/3458 [=======================>......] - ETA: 28s - loss: 1.0635 - acc: 0.5774
2912/3458 [========================>.....] - ETA: 26s - loss: 1.0605 - acc: 0.5783
2944/3458 [========================>.....] - ETA: 25s - loss: 1.0604 - acc: 0.5781
2976/3458 [========================>.....] - ETA: 23s - loss: 1.0606 - acc: 0.5796
3008/3458 [=========================>....] - ETA: 22s - loss: 1.0613 - acc: 0.5808
3040/3458 [=========================>....] - ETA: 20s - loss: 1.0589 - acc: 0.5822
3072/3458 [=========================>....] - ETA: 19s - loss: 1.0565 - acc: 0.5833
3104/3458 [=========================>....] - ETA: 17s - loss: 1.0575 - acc: 0.5834
3136/3458 [==========================>...] - ETA: 15s - loss: 1.0561 - acc: 0.5835
3168/3458 [==========================>...] - ETA: 14s - loss: 1.0579 - acc: 0.5833
3200/3458 [==========================>...] - ETA: 12s - loss: 1.0628 - acc: 0.5813
3232/3458 [===========================>..] - ETA: 11s - loss: 1.0644 - acc: 0.5814
3264/3458 [===========================>..] - ETA: 9s - loss: 1.0651 - acc: 0.5815 
3296/3458 [===========================>..] - ETA: 7s - loss: 1.0653 - acc: 0.5798
3328/3458 [===========================>..] - ETA: 6s - loss: 1.0636 - acc: 0.5805
3360/3458 [============================>.] - ETA: 4s - loss: 1.0646 - acc: 0.5801
3392/3458 [============================>.] - ETA: 3s - loss: 1.0642 - acc: 0.5805
3424/3458 [============================>.] - ETA: 1s - loss: 1.0658 - acc: 0.5809
3456/3458 [============================>.] - ETA: 0s - loss: 1.0650 - acc: 0.5807
3458/3458 [==============================] - 171s 49ms/sample - loss: 1.0657 - acc: 0.5804

 32/865 [>.............................] - ETA: 7s - loss: 1.8991 - acc: 0.3125
 64/865 [=>............................] - ETA: 7s - loss: 1.6367 - acc: 0.3281
 96/865 [==>...........................] - ETA: 6s - loss: 1.5416 - acc: 0.3646
128/865 [===>..........................] - ETA: 6s - loss: 1.4272 - acc: 0.4062
160/865 [====>.........................] - ETA: 6s - loss: 1.4389 - acc: 0.4187
192/865 [=====>........................] - ETA: 6s - loss: 1.4941 - acc: 0.4010
224/865 [======>.......................] - ETA: 5s - loss: 1.4897 - acc: 0.3929
256/865 [=======>......................] - ETA: 5s - loss: 1.4686 - acc: 0.3789
288/865 [========>.....................] - ETA: 5s - loss: 1.4549 - acc: 0.3993
320/865 [==========>...................] - ETA: 4s - loss: 1.4237 - acc: 0.3969
352/865 [===========>..................] - ETA: 4s - loss: 1.4301 - acc: 0.4091
384/865 [============>.................] - ETA: 4s - loss: 1.4625 - acc: 0.4062
416/865 [=============>................] - ETA: 4s - loss: 1.4630 - acc: 0.4087
448/865 [==============>...............] - ETA: 3s - loss: 1.4491 - acc: 0.4085
480/865 [===============>..............] - ETA: 3s - loss: 1.4212 - acc: 0.4187
512/865 [================>.............] - ETA: 3s - loss: 1.4117 - acc: 0.4180
544/865 [=================>............] - ETA: 2s - loss: 1.3964 - acc: 0.4265
576/865 [==================>...........] - ETA: 2s - loss: 1.3992 - acc: 0.4253
608/865 [====================>.........] - ETA: 2s - loss: 1.4067 - acc: 0.4194
640/865 [=====================>........] - ETA: 2s - loss: 1.3910 - acc: 0.4266
672/865 [======================>.......] - ETA: 1s - loss: 1.3895 - acc: 0.4271
704/865 [=======================>......] - ETA: 1s - loss: 1.3816 - acc: 0.4290
736/865 [========================>.....] - ETA: 1s - loss: 1.3722 - acc: 0.4348
768/865 [=========================>....] - ETA: 0s - loss: 1.3851 - acc: 0.4336
800/865 [==========================>...] - ETA: 0s - loss: 1.3926 - acc: 0.4350
832/865 [===========================>..] - ETA: 0s - loss: 1.4064 - acc: 0.4351
864/865 [============================>.] - ETA: 0s - loss: 1.4128 - acc: 0.4329
865/865 [==============================] - 8s 9ms/sample - loss: 1.4120 - acc: 0.4335

  32/3458 [..............................] - ETA: 2:49 - loss: 1.1133 - acc: 0.4688
  64/3458 [..............................] - ETA: 2:48 - loss: 1.2659 - acc: 0.5156
  96/3458 [..............................] - ETA: 2:47 - loss: 1.2335 - acc: 0.5312
 128/3458 [>.............................] - ETA: 2:45 - loss: 1.2130 - acc: 0.5469
 160/3458 [>.............................] - ETA: 2:43 - loss: 1.2195 - acc: 0.5250
 192/3458 [>.............................] - ETA: 2:42 - loss: 1.1653 - acc: 0.5365
 224/3458 [>.............................] - ETA: 2:39 - loss: 1.1156 - acc: 0.5670
 256/3458 [=>............................] - ETA: 2:38 - loss: 1.1067 - acc: 0.5781
 288/3458 [=>............................] - ETA: 2:36 - loss: 1.1009 - acc: 0.5729
 320/3458 [=>............................] - ETA: 2:34 - loss: 1.1127 - acc: 0.5750
 352/3458 [==>...........................] - ETA: 2:32 - loss: 1.1166 - acc: 0.5653
 384/3458 [==>...........................] - ETA: 2:31 - loss: 1.1075 - acc: 0.5625
 416/3458 [==>...........................] - ETA: 2:30 - loss: 1.1151 - acc: 0.5553
 448/3458 [==>...........................] - ETA: 2:28 - loss: 1.1126 - acc: 0.5625
 480/3458 [===>..........................] - ETA: 2:26 - loss: 1.1080 - acc: 0.5583
 512/3458 [===>..........................] - ETA: 2:25 - loss: 1.1108 - acc: 0.5605
 544/3458 [===>..........................] - ETA: 2:23 - loss: 1.0963 - acc: 0.5699
 576/3458 [===>..........................] - ETA: 2:22 - loss: 1.0877 - acc: 0.5660
 608/3458 [====>.........................] - ETA: 2:20 - loss: 1.0802 - acc: 0.5674
 640/3458 [====>.........................] - ETA: 2:19 - loss: 1.0731 - acc: 0.5641
 672/3458 [====>.........................] - ETA: 2:17 - loss: 1.0607 - acc: 0.5655
 704/3458 [=====>........................] - ETA: 2:15 - loss: 1.0686 - acc: 0.5668
 736/3458 [=====>........................] - ETA: 2:14 - loss: 1.0623 - acc: 0.5666
 768/3458 [=====>........................] - ETA: 2:12 - loss: 1.0598 - acc: 0.5716
 800/3458 [=====>........................] - ETA: 2:11 - loss: 1.0545 - acc: 0.5763
 832/3458 [======>.......................] - ETA: 2:09 - loss: 1.0497 - acc: 0.5805
 864/3458 [======>.......................] - ETA: 2:07 - loss: 1.0567 - acc: 0.5741
 896/3458 [======>.......................] - ETA: 2:06 - loss: 1.0511 - acc: 0.5804
 928/3458 [=======>......................] - ETA: 2:04 - loss: 1.0392 - acc: 0.5873
 960/3458 [=======>......................] - ETA: 2:03 - loss: 1.0380 - acc: 0.5885
 992/3458 [=======>......................] - ETA: 2:01 - loss: 1.0385 - acc: 0.5877
1024/3458 [=======>......................] - ETA: 1:59 - loss: 1.0321 - acc: 0.5898
1056/3458 [========>.....................] - ETA: 1:58 - loss: 1.0413 - acc: 0.5890
1088/3458 [========>.....................] - ETA: 1:56 - loss: 1.0375 - acc: 0.5928
1120/3458 [========>.....................] - ETA: 1:55 - loss: 1.0425 - acc: 0.5893
1152/3458 [========>.....................] - ETA: 1:53 - loss: 1.0424 - acc: 0.5877
1184/3458 [=========>....................] - ETA: 1:52 - loss: 1.0394 - acc: 0.5870
1216/3458 [=========>....................] - ETA: 1:50 - loss: 1.0410 - acc: 0.5863
1248/3458 [=========>....................] - ETA: 1:48 - loss: 1.0401 - acc: 0.5857
1280/3458 [==========>...................] - ETA: 1:47 - loss: 1.0403 - acc: 0.5859
1312/3458 [==========>...................] - ETA: 1:45 - loss: 1.0424 - acc: 0.5869
1344/3458 [==========>...................] - ETA: 1:44 - loss: 1.0439 - acc: 0.5871
1376/3458 [==========>...................] - ETA: 1:42 - loss: 1.0516 - acc: 0.5850
1408/3458 [===========>..................] - ETA: 1:40 - loss: 1.0442 - acc: 0.5874
1440/3458 [===========>..................] - ETA: 1:39 - loss: 1.0448 - acc: 0.5875
1472/3458 [===========>..................] - ETA: 1:37 - loss: 1.0472 - acc: 0.5849
1504/3458 [============>.................] - ETA: 1:36 - loss: 1.0474 - acc: 0.5844
1536/3458 [============>.................] - ETA: 1:34 - loss: 1.0476 - acc: 0.5833
1568/3458 [============>.................] - ETA: 1:33 - loss: 1.0427 - acc: 0.5842
1600/3458 [============>.................] - ETA: 1:31 - loss: 1.0392 - acc: 0.5875
1632/3458 [=============>................] - ETA: 1:29 - loss: 1.0418 - acc: 0.5876
1664/3458 [=============>................] - ETA: 1:28 - loss: 1.0421 - acc: 0.5865
1696/3458 [=============>................] - ETA: 1:26 - loss: 1.0398 - acc: 0.5884
1728/3458 [=============>................] - ETA: 1:25 - loss: 1.0392 - acc: 0.5880
1760/3458 [==============>...............] - ETA: 1:23 - loss: 1.0374 - acc: 0.5886
1792/3458 [==============>...............] - ETA: 1:22 - loss: 1.0378 - acc: 0.5893
1824/3458 [==============>...............] - ETA: 1:20 - loss: 1.0369 - acc: 0.5894
1856/3458 [===============>..............] - ETA: 1:18 - loss: 1.0366 - acc: 0.5894
1888/3458 [===============>..............] - ETA: 1:17 - loss: 1.0368 - acc: 0.5890
1920/3458 [===============>..............] - ETA: 1:15 - loss: 1.0346 - acc: 0.5901
1952/3458 [===============>..............] - ETA: 1:14 - loss: 1.0365 - acc: 0.5897
1984/3458 [================>.............] - ETA: 1:12 - loss: 1.0383 - acc: 0.5892
2016/3458 [================>.............] - ETA: 1:11 - loss: 1.0411 - acc: 0.5888
2048/3458 [================>.............] - ETA: 1:09 - loss: 1.0408 - acc: 0.5884
2080/3458 [=================>............] - ETA: 1:07 - loss: 1.0385 - acc: 0.5899
2112/3458 [=================>............] - ETA: 1:06 - loss: 1.0369 - acc: 0.5914
2144/3458 [=================>............] - ETA: 1:04 - loss: 1.0327 - acc: 0.5933
2176/3458 [=================>............] - ETA: 1:03 - loss: 1.0319 - acc: 0.5924
2208/3458 [==================>...........] - ETA: 1:01 - loss: 1.0322 - acc: 0.5915
2240/3458 [==================>...........] - ETA: 1:00 - loss: 1.0326 - acc: 0.5915
2272/3458 [==================>...........] - ETA: 58s - loss: 1.0329 - acc: 0.5915 
2304/3458 [==================>...........] - ETA: 56s - loss: 1.0353 - acc: 0.5924
2336/3458 [===================>..........] - ETA: 55s - loss: 1.0339 - acc: 0.5920
2368/3458 [===================>..........] - ETA: 53s - loss: 1.0342 - acc: 0.5916
2400/3458 [===================>..........] - ETA: 52s - loss: 1.0367 - acc: 0.5913
2432/3458 [====================>.........] - ETA: 50s - loss: 1.0386 - acc: 0.5929
2464/3458 [====================>.........] - ETA: 48s - loss: 1.0357 - acc: 0.5954
2496/3458 [====================>.........] - ETA: 47s - loss: 1.0368 - acc: 0.5946
2528/3458 [====================>.........] - ETA: 45s - loss: 1.0368 - acc: 0.5965
2560/3458 [=====================>........] - ETA: 44s - loss: 1.0358 - acc: 0.5973
2592/3458 [=====================>........] - ETA: 42s - loss: 1.0337 - acc: 0.5976
2624/3458 [=====================>........] - ETA: 41s - loss: 1.0329 - acc: 0.5976
2656/3458 [======================>.......] - ETA: 39s - loss: 1.0341 - acc: 0.5953
2688/3458 [======================>.......] - ETA: 37s - loss: 1.0308 - acc: 0.5971
2720/3458 [======================>.......] - ETA: 36s - loss: 1.0360 - acc: 0.5949
2752/3458 [======================>.......] - ETA: 34s - loss: 1.0357 - acc: 0.5945
2784/3458 [=======================>......] - ETA: 33s - loss: 1.0375 - acc: 0.5934
2816/3458 [=======================>......] - ETA: 31s - loss: 1.0359 - acc: 0.5941
2848/3458 [=======================>......] - ETA: 30s - loss: 1.0360 - acc: 0.5941
2880/3458 [=======================>......] - ETA: 28s - loss: 1.0361 - acc: 0.5927
2912/3458 [========================>.....] - ETA: 26s - loss: 1.0341 - acc: 0.5934
2944/3458 [========================>.....] - ETA: 25s - loss: 1.0333 - acc: 0.5934
2976/3458 [========================>.....] - ETA: 23s - loss: 1.0332 - acc: 0.5931
3008/3458 [=========================>....] - ETA: 22s - loss: 1.0295 - acc: 0.5944
3040/3458 [=========================>....] - ETA: 20s - loss: 1.0312 - acc: 0.5941
3072/3458 [=========================>....] - ETA: 19s - loss: 1.0296 - acc: 0.5947
3104/3458 [=========================>....] - ETA: 17s - loss: 1.0288 - acc: 0.5944
3136/3458 [==========================>...] - ETA: 15s - loss: 1.0281 - acc: 0.5944
3168/3458 [==========================>...] - ETA: 14s - loss: 1.0273 - acc: 0.5944
3200/3458 [==========================>...] - ETA: 12s - loss: 1.0278 - acc: 0.5934
3232/3458 [===========================>..] - ETA: 11s - loss: 1.0281 - acc: 0.5931
3264/3458 [===========================>..] - ETA: 9s - loss: 1.0284 - acc: 0.5925 
3296/3458 [===========================>..] - ETA: 7s - loss: 1.0273 - acc: 0.5938
3328/3458 [===========================>..] - ETA: 6s - loss: 1.0271 - acc: 0.5931
3360/3458 [============================>.] - ETA: 4s - loss: 1.0259 - acc: 0.5926
3392/3458 [============================>.] - ETA: 3s - loss: 1.0242 - acc: 0.5935
3424/3458 [============================>.] - ETA: 1s - loss: 1.0241 - acc: 0.5938
3456/3458 [============================>.] - ETA: 0s - loss: 1.0252 - acc: 0.5935
3458/3458 [==============================] - 171s 49ms/sample - loss: 1.0254 - acc: 0.5934

 32/865 [>.............................] - ETA: 7s - loss: 1.0582 - acc: 0.6562
 64/865 [=>............................] - ETA: 7s - loss: 0.9759 - acc: 0.6406
 96/865 [==>...........................] - ETA: 6s - loss: 0.9888 - acc: 0.6458
128/865 [===>..........................] - ETA: 6s - loss: 0.9046 - acc: 0.6875
160/865 [====>.........................] - ETA: 6s - loss: 0.9231 - acc: 0.6438
192/865 [=====>........................] - ETA: 6s - loss: 0.9668 - acc: 0.6302
224/865 [======>.......................] - ETA: 5s - loss: 0.9925 - acc: 0.6071
256/865 [=======>......................] - ETA: 5s - loss: 0.9954 - acc: 0.6133
288/865 [========>.....................] - ETA: 5s - loss: 1.0092 - acc: 0.6076
320/865 [==========>...................] - ETA: 4s - loss: 1.0190 - acc: 0.5969
352/865 [===========>..................] - ETA: 4s - loss: 1.0174 - acc: 0.6023
384/865 [============>.................] - ETA: 4s - loss: 1.0248 - acc: 0.5990
416/865 [=============>................] - ETA: 4s - loss: 1.0194 - acc: 0.5962
448/865 [==============>...............] - ETA: 3s - loss: 1.0344 - acc: 0.5915
480/865 [===============>..............] - ETA: 3s - loss: 1.0315 - acc: 0.5938
512/865 [================>.............] - ETA: 3s - loss: 1.0121 - acc: 0.6035
544/865 [=================>............] - ETA: 2s - loss: 1.0076 - acc: 0.6066
576/865 [==================>...........] - ETA: 2s - loss: 1.0030 - acc: 0.6094
608/865 [====================>.........] - ETA: 2s - loss: 1.0062 - acc: 0.6053
640/865 [=====================>........] - ETA: 2s - loss: 0.9913 - acc: 0.6094
672/865 [======================>.......] - ETA: 1s - loss: 0.9935 - acc: 0.6071
704/865 [=======================>......] - ETA: 1s - loss: 0.9903 - acc: 0.6080
736/865 [========================>.....] - ETA: 1s - loss: 0.9832 - acc: 0.6114
768/865 [=========================>....] - ETA: 0s - loss: 0.9840 - acc: 0.6107
800/865 [==========================>...] - ETA: 0s - loss: 0.9866 - acc: 0.6137
832/865 [===========================>..] - ETA: 0s - loss: 0.9910 - acc: 0.6106
864/865 [============================>.] - ETA: 0s - loss: 0.9819 - acc: 0.6134
865/865 [==============================] - 8s 9ms/sample - loss: 0.9810 - acc: 0.6139

  32/3458 [..............................] - ETA: 2:45 - loss: 0.8891 - acc: 0.7188
  64/3458 [..............................] - ETA: 2:45 - loss: 0.8969 - acc: 0.6719
  96/3458 [..............................] - ETA: 2:44 - loss: 0.9070 - acc: 0.6562
 128/3458 [>.............................] - ETA: 2:42 - loss: 1.0159 - acc: 0.6094
 160/3458 [>.............................] - ETA: 2:40 - loss: 1.0264 - acc: 0.5875
 192/3458 [>.............................] - ETA: 2:39 - loss: 1.0254 - acc: 0.5781
 224/3458 [>.............................] - ETA: 2:38 - loss: 1.0247 - acc: 0.5714
 256/3458 [=>............................] - ETA: 2:37 - loss: 1.0063 - acc: 0.5742
 288/3458 [=>............................] - ETA: 2:36 - loss: 1.0245 - acc: 0.5694
 320/3458 [=>............................] - ETA: 2:34 - loss: 1.0217 - acc: 0.5781
 352/3458 [==>...........................] - ETA: 2:32 - loss: 1.0095 - acc: 0.5852
 384/3458 [==>...........................] - ETA: 2:31 - loss: 0.9942 - acc: 0.5938
 416/3458 [==>...........................] - ETA: 2:29 - loss: 0.9953 - acc: 0.5938
 448/3458 [==>...........................] - ETA: 2:28 - loss: 1.0240 - acc: 0.5826
 480/3458 [===>..........................] - ETA: 2:26 - loss: 1.0195 - acc: 0.5729
 512/3458 [===>..........................] - ETA: 2:25 - loss: 1.0070 - acc: 0.5762
 544/3458 [===>..........................] - ETA: 2:23 - loss: 1.0022 - acc: 0.5717
 576/3458 [===>..........................] - ETA: 2:22 - loss: 1.0112 - acc: 0.5729
 608/3458 [====>.........................] - ETA: 2:20 - loss: 1.0275 - acc: 0.5707
 640/3458 [====>.........................] - ETA: 2:18 - loss: 1.0202 - acc: 0.5750
 672/3458 [====>.........................] - ETA: 2:17 - loss: 1.0277 - acc: 0.5655
 704/3458 [=====>........................] - ETA: 2:15 - loss: 1.0261 - acc: 0.5682
 736/3458 [=====>........................] - ETA: 2:14 - loss: 1.0239 - acc: 0.5693
 768/3458 [=====>........................] - ETA: 2:12 - loss: 1.0241 - acc: 0.5703
 800/3458 [=====>........................] - ETA: 2:11 - loss: 1.0169 - acc: 0.5763
 832/3458 [======>.......................] - ETA: 2:09 - loss: 1.0203 - acc: 0.5745
 864/3458 [======>.......................] - ETA: 2:07 - loss: 1.0312 - acc: 0.5694
 896/3458 [======>.......................] - ETA: 2:06 - loss: 1.0299 - acc: 0.5703
 928/3458 [=======>......................] - ETA: 2:04 - loss: 1.0286 - acc: 0.5679
 960/3458 [=======>......................] - ETA: 2:03 - loss: 1.0328 - acc: 0.5656
 992/3458 [=======>......................] - ETA: 2:01 - loss: 1.0308 - acc: 0.5655
1024/3458 [=======>......................] - ETA: 2:00 - loss: 1.0370 - acc: 0.5625
1056/3458 [========>.....................] - ETA: 1:58 - loss: 1.0359 - acc: 0.5644
1088/3458 [========>.....................] - ETA: 1:57 - loss: 1.0442 - acc: 0.5634
1120/3458 [========>.....................] - ETA: 1:55 - loss: 1.0475 - acc: 0.5670
1152/3458 [========>.....................] - ETA: 1:53 - loss: 1.0394 - acc: 0.5720
1184/3458 [=========>....................] - ETA: 1:52 - loss: 1.0361 - acc: 0.5760
1216/3458 [=========>....................] - ETA: 1:50 - loss: 1.0409 - acc: 0.5765
1248/3458 [=========>....................] - ETA: 1:49 - loss: 1.0351 - acc: 0.5793
1280/3458 [==========>...................] - ETA: 1:47 - loss: 1.0315 - acc: 0.5813
1312/3458 [==========>...................] - ETA: 1:45 - loss: 1.0318 - acc: 0.5816
1344/3458 [==========>...................] - ETA: 1:44 - loss: 1.0347 - acc: 0.5781
1376/3458 [==========>...................] - ETA: 1:42 - loss: 1.0301 - acc: 0.5807
1408/3458 [===========>..................] - ETA: 1:41 - loss: 1.0201 - acc: 0.5866
1440/3458 [===========>..................] - ETA: 1:39 - loss: 1.0183 - acc: 0.5861
1472/3458 [===========>..................] - ETA: 1:37 - loss: 1.0222 - acc: 0.5849
1504/3458 [============>.................] - ETA: 1:36 - loss: 1.0178 - acc: 0.5864
1536/3458 [============>.................] - ETA: 1:34 - loss: 1.0175 - acc: 0.5866
1568/3458 [============>.................] - ETA: 1:33 - loss: 1.0086 - acc: 0.5899
1600/3458 [============>.................] - ETA: 1:31 - loss: 1.0071 - acc: 0.5881
1632/3458 [=============>................] - ETA: 1:30 - loss: 1.0033 - acc: 0.5895
1664/3458 [=============>................] - ETA: 1:28 - loss: 0.9998 - acc: 0.5913
1696/3458 [=============>................] - ETA: 1:27 - loss: 0.9955 - acc: 0.5938
1728/3458 [=============>................] - ETA: 1:25 - loss: 0.9902 - acc: 0.5978
1760/3458 [==============>...............] - ETA: 1:23 - loss: 1.0003 - acc: 0.5977
1792/3458 [==============>...............] - ETA: 1:22 - loss: 0.9984 - acc: 0.5993
1824/3458 [==============>...............] - ETA: 1:20 - loss: 0.9973 - acc: 0.6009
1856/3458 [===============>..............] - ETA: 1:19 - loss: 0.9976 - acc: 0.6018
1888/3458 [===============>..............] - ETA: 1:17 - loss: 0.9929 - acc: 0.6033
1920/3458 [===============>..............] - ETA: 1:16 - loss: 0.9881 - acc: 0.6047
1952/3458 [===============>..............] - ETA: 1:14 - loss: 0.9869 - acc: 0.6071
1984/3458 [================>.............] - ETA: 1:12 - loss: 0.9849 - acc: 0.6064
2016/3458 [================>.............] - ETA: 1:11 - loss: 0.9860 - acc: 0.6062
2048/3458 [================>.............] - ETA: 1:09 - loss: 0.9862 - acc: 0.6074
2080/3458 [=================>............] - ETA: 1:08 - loss: 0.9853 - acc: 0.6072
2112/3458 [=================>............] - ETA: 1:06 - loss: 0.9814 - acc: 0.6089
2144/3458 [=================>............] - ETA: 1:04 - loss: 0.9794 - acc: 0.6096
2176/3458 [=================>............] - ETA: 1:03 - loss: 0.9769 - acc: 0.6103
2208/3458 [==================>...........] - ETA: 1:01 - loss: 0.9778 - acc: 0.6087
2240/3458 [==================>...........] - ETA: 1:00 - loss: 0.9785 - acc: 0.6085
2272/3458 [==================>...........] - ETA: 58s - loss: 0.9755 - acc: 0.6105 
2304/3458 [==================>...........] - ETA: 57s - loss: 0.9757 - acc: 0.6111
2336/3458 [===================>..........] - ETA: 55s - loss: 0.9731 - acc: 0.6117
2368/3458 [===================>..........] - ETA: 53s - loss: 0.9701 - acc: 0.6136
2400/3458 [===================>..........] - ETA: 52s - loss: 0.9700 - acc: 0.6129
2432/3458 [====================>.........] - ETA: 50s - loss: 0.9707 - acc: 0.6123
2464/3458 [====================>.........] - ETA: 49s - loss: 0.9676 - acc: 0.6140
2496/3458 [====================>.........] - ETA: 47s - loss: 0.9668 - acc: 0.6150
2528/3458 [====================>.........] - ETA: 45s - loss: 0.9641 - acc: 0.6159
2560/3458 [=====================>........] - ETA: 44s - loss: 0.9640 - acc: 0.6152
2592/3458 [=====================>........] - ETA: 42s - loss: 0.9606 - acc: 0.6169
2624/3458 [=====================>........] - ETA: 41s - loss: 0.9587 - acc: 0.6170
2656/3458 [======================>.......] - ETA: 39s - loss: 0.9568 - acc: 0.6178
2688/3458 [======================>.......] - ETA: 38s - loss: 0.9552 - acc: 0.6183
2720/3458 [======================>.......] - ETA: 36s - loss: 0.9525 - acc: 0.6187
2752/3458 [======================>.......] - ETA: 34s - loss: 0.9524 - acc: 0.6188
2784/3458 [=======================>......] - ETA: 33s - loss: 0.9528 - acc: 0.6185
2816/3458 [=======================>......] - ETA: 31s - loss: 0.9530 - acc: 0.6179
2848/3458 [=======================>......] - ETA: 30s - loss: 0.9543 - acc: 0.6173
2880/3458 [=======================>......] - ETA: 28s - loss: 0.9528 - acc: 0.6174
2912/3458 [========================>.....] - ETA: 26s - loss: 0.9529 - acc: 0.6171
2944/3458 [========================>.....] - ETA: 25s - loss: 0.9541 - acc: 0.6165
2976/3458 [========================>.....] - ETA: 23s - loss: 0.9532 - acc: 0.6166
3008/3458 [=========================>....] - ETA: 22s - loss: 0.9521 - acc: 0.6174
3040/3458 [=========================>....] - ETA: 20s - loss: 0.9535 - acc: 0.6174
3072/3458 [=========================>....] - ETA: 19s - loss: 0.9502 - acc: 0.6195
3104/3458 [=========================>....] - ETA: 17s - loss: 0.9501 - acc: 0.6195
3136/3458 [==========================>...] - ETA: 15s - loss: 0.9496 - acc: 0.6205
3168/3458 [==========================>...] - ETA: 14s - loss: 0.9500 - acc: 0.6209
3200/3458 [==========================>...] - ETA: 12s - loss: 0.9500 - acc: 0.6219
3232/3458 [===========================>..] - ETA: 11s - loss: 0.9493 - acc: 0.6219
3264/3458 [===========================>..] - ETA: 9s - loss: 0.9458 - acc: 0.6244 
3296/3458 [===========================>..] - ETA: 7s - loss: 0.9447 - acc: 0.6253
3328/3458 [===========================>..] - ETA: 6s - loss: 0.9440 - acc: 0.6259
3360/3458 [============================>.] - ETA: 4s - loss: 0.9469 - acc: 0.6244
3392/3458 [============================>.] - ETA: 3s - loss: 0.9459 - acc: 0.6241
3424/3458 [============================>.] - ETA: 1s - loss: 0.9439 - acc: 0.6247
3456/3458 [============================>.] - ETA: 0s - loss: 0.9424 - acc: 0.6259
3458/3458 [==============================] - 171s 50ms/sample - loss: 0.9422 - acc: 0.6261

 32/865 [>.............................] - ETA: 7s - loss: 1.1278 - acc: 0.6875
 64/865 [=>............................] - ETA: 7s - loss: 1.0357 - acc: 0.6250
 96/865 [==>...........................] - ETA: 7s - loss: 0.9998 - acc: 0.6458
128/865 [===>..........................] - ETA: 6s - loss: 0.8872 - acc: 0.6953
160/865 [====>.........................] - ETA: 6s - loss: 0.9065 - acc: 0.6562
192/865 [=====>........................] - ETA: 6s - loss: 0.9796 - acc: 0.6198
224/865 [======>.......................] - ETA: 5s - loss: 1.0010 - acc: 0.5982
256/865 [=======>......................] - ETA: 5s - loss: 1.0049 - acc: 0.5977
288/865 [========>.....................] - ETA: 5s - loss: 1.0258 - acc: 0.5972
320/865 [==========>...................] - ETA: 4s - loss: 1.0241 - acc: 0.5938
352/865 [===========>..................] - ETA: 4s - loss: 1.0282 - acc: 0.5938
384/865 [============>.................] - ETA: 4s - loss: 1.0311 - acc: 0.5911
416/865 [=============>................] - ETA: 4s - loss: 1.0371 - acc: 0.5865
448/865 [==============>...............] - ETA: 3s - loss: 1.0534 - acc: 0.5826
480/865 [===============>..............] - ETA: 3s - loss: 1.0520 - acc: 0.5875
512/865 [================>.............] - ETA: 3s - loss: 1.0310 - acc: 0.5938
544/865 [=================>............] - ETA: 2s - loss: 1.0213 - acc: 0.6011
576/865 [==================>...........] - ETA: 2s - loss: 1.0122 - acc: 0.6076
608/865 [====================>.........] - ETA: 2s - loss: 1.0189 - acc: 0.6069
640/865 [=====================>........] - ETA: 2s - loss: 0.9990 - acc: 0.6094
672/865 [======================>.......] - ETA: 1s - loss: 0.9996 - acc: 0.6027
704/865 [=======================>......] - ETA: 1s - loss: 0.9994 - acc: 0.6009
736/865 [========================>.....] - ETA: 1s - loss: 0.9900 - acc: 0.6046
768/865 [=========================>....] - ETA: 0s - loss: 1.0018 - acc: 0.6016
800/865 [==========================>...] - ETA: 0s - loss: 1.0083 - acc: 0.6037
832/865 [===========================>..] - ETA: 0s - loss: 1.0164 - acc: 0.6022
864/865 [============================>.] - ETA: 0s - loss: 1.0091 - acc: 0.6088
865/865 [==============================] - 8s 9ms/sample - loss: 1.0080 - acc: 0.6092
