For Dropout_1=0.5 Dropout_2=0.2
daisy loaded
dandelion loaded
rose loaded
sunflower loaded
tulip loaded

  32/3458 [..............................] - ETA: 3:09 - loss: 1.6032 - acc: 0.2812
  64/3458 [..............................] - ETA: 2:56 - loss: 13.7979 - acc: 0.2344
  96/3458 [..............................] - ETA: 2:51 - loss: 16.7990 - acc: 0.1875
 128/3458 [>.............................] - ETA: 2:47 - loss: 16.5169 - acc: 0.2031
 160/3458 [>.............................] - ETA: 2:45 - loss: 14.1075 - acc: 0.2125
 192/3458 [>.............................] - ETA: 2:43 - loss: 12.0655 - acc: 0.2188
 224/3458 [>.............................] - ETA: 2:40 - loss: 10.5681 - acc: 0.2098
 256/3458 [=>............................] - ETA: 2:39 - loss: 9.4379 - acc: 0.2109 
 288/3458 [=>............................] - ETA: 2:37 - loss: 8.5724 - acc: 0.1979
 320/3458 [=>............................] - ETA: 2:35 - loss: 7.8766 - acc: 0.1937
 352/3458 [==>...........................] - ETA: 2:34 - loss: 7.3051 - acc: 0.2102
 384/3458 [==>...........................] - ETA: 2:32 - loss: 6.8283 - acc: 0.2214
 416/3458 [==>...........................] - ETA: 2:30 - loss: 6.4261 - acc: 0.2115
 448/3458 [==>...........................] - ETA: 2:29 - loss: 6.0780 - acc: 0.2254
 480/3458 [===>..........................] - ETA: 2:27 - loss: 5.7768 - acc: 0.2292
 512/3458 [===>..........................] - ETA: 2:25 - loss: 5.5103 - acc: 0.2441
 544/3458 [===>..........................] - ETA: 2:24 - loss: 5.2734 - acc: 0.2555
 576/3458 [===>..........................] - ETA: 2:22 - loss: 5.0594 - acc: 0.2639
 608/3458 [====>.........................] - ETA: 2:20 - loss: 4.8665 - acc: 0.2730
 640/3458 [====>.........................] - ETA: 2:18 - loss: 4.6970 - acc: 0.2781
 672/3458 [====>.........................] - ETA: 2:17 - loss: 4.5380 - acc: 0.2812
 704/3458 [=====>........................] - ETA: 2:15 - loss: 4.3920 - acc: 0.2884
 736/3458 [=====>........................] - ETA: 2:14 - loss: 4.2655 - acc: 0.2867
 768/3458 [=====>........................] - ETA: 2:12 - loss: 4.1396 - acc: 0.2930
 800/3458 [=====>........................] - ETA: 2:11 - loss: 4.0418 - acc: 0.2912
 832/3458 [======>.......................] - ETA: 2:09 - loss: 3.9424 - acc: 0.2921
 864/3458 [======>.......................] - ETA: 2:07 - loss: 3.8482 - acc: 0.2975
 896/3458 [======>.......................] - ETA: 2:06 - loss: 3.7622 - acc: 0.2980
 928/3458 [=======>......................] - ETA: 2:04 - loss: 3.6822 - acc: 0.3017
 960/3458 [=======>......................] - ETA: 2:03 - loss: 3.6032 - acc: 0.3021
 992/3458 [=======>......................] - ETA: 2:01 - loss: 3.5327 - acc: 0.3054
1024/3458 [=======>......................] - ETA: 1:59 - loss: 3.4655 - acc: 0.3076
1056/3458 [========>.....................] - ETA: 1:58 - loss: 3.4082 - acc: 0.3097
1088/3458 [========>.....................] - ETA: 1:56 - loss: 3.3646 - acc: 0.3024
1120/3458 [========>.....................] - ETA: 1:55 - loss: 3.3069 - acc: 0.3125
1152/3458 [========>.....................] - ETA: 1:53 - loss: 3.2523 - acc: 0.3116
1184/3458 [=========>....................] - ETA: 1:52 - loss: 3.2005 - acc: 0.3176
1216/3458 [=========>....................] - ETA: 1:50 - loss: 3.1559 - acc: 0.3183
1248/3458 [=========>....................] - ETA: 1:48 - loss: 3.1130 - acc: 0.3157
1280/3458 [==========>...................] - ETA: 1:47 - loss: 3.0692 - acc: 0.3195
1312/3458 [==========>...................] - ETA: 1:45 - loss: 3.0289 - acc: 0.3178
1344/3458 [==========>...................] - ETA: 1:44 - loss: 2.9929 - acc: 0.3199
1376/3458 [==========>...................] - ETA: 1:42 - loss: 2.9583 - acc: 0.3198
1408/3458 [===========>..................] - ETA: 1:40 - loss: 2.9217 - acc: 0.3203
1440/3458 [===========>..................] - ETA: 1:39 - loss: 2.8887 - acc: 0.3208
1472/3458 [===========>..................] - ETA: 1:37 - loss: 2.8577 - acc: 0.3220
1504/3458 [============>.................] - ETA: 1:36 - loss: 2.8304 - acc: 0.3218
1536/3458 [============>.................] - ETA: 1:34 - loss: 2.8013 - acc: 0.3229
1568/3458 [============>.................] - ETA: 1:32 - loss: 2.7715 - acc: 0.3253
1600/3458 [============>.................] - ETA: 1:31 - loss: 2.7440 - acc: 0.3250
1632/3458 [=============>................] - ETA: 1:29 - loss: 2.7148 - acc: 0.3272
1664/3458 [=============>................] - ETA: 1:28 - loss: 2.6886 - acc: 0.3281
1696/3458 [=============>................] - ETA: 1:26 - loss: 2.6646 - acc: 0.3272
1728/3458 [=============>................] - ETA: 1:25 - loss: 2.6415 - acc: 0.3293
1760/3458 [==============>...............] - ETA: 1:23 - loss: 2.6165 - acc: 0.3307
1792/3458 [==============>...............] - ETA: 1:21 - loss: 2.5934 - acc: 0.3331
1824/3458 [==============>...............] - ETA: 1:20 - loss: 2.5684 - acc: 0.3361
1856/3458 [===============>..............] - ETA: 1:18 - loss: 2.5442 - acc: 0.3389
1888/3458 [===============>..............] - ETA: 1:17 - loss: 2.5256 - acc: 0.3406
1920/3458 [===============>..............] - ETA: 1:15 - loss: 2.5044 - acc: 0.3396
1952/3458 [===============>..............] - ETA: 1:14 - loss: 2.4839 - acc: 0.3417
1984/3458 [================>.............] - ETA: 1:12 - loss: 2.4660 - acc: 0.3443
2016/3458 [================>.............] - ETA: 1:10 - loss: 2.4474 - acc: 0.3457
2048/3458 [================>.............] - ETA: 1:09 - loss: 2.4295 - acc: 0.3462
2080/3458 [=================>............] - ETA: 1:07 - loss: 2.4109 - acc: 0.3495
2112/3458 [=================>............] - ETA: 1:06 - loss: 2.3986 - acc: 0.3527
2144/3458 [=================>............] - ETA: 1:04 - loss: 2.3838 - acc: 0.3554
2176/3458 [=================>............] - ETA: 1:03 - loss: 2.3679 - acc: 0.3575
2208/3458 [==================>...........] - ETA: 1:01 - loss: 2.3522 - acc: 0.3591
2240/3458 [==================>...........] - ETA: 59s - loss: 2.3386 - acc: 0.3589 
2272/3458 [==================>...........] - ETA: 58s - loss: 2.3245 - acc: 0.3600
2304/3458 [==================>...........] - ETA: 56s - loss: 2.3109 - acc: 0.3607
2336/3458 [===================>..........] - ETA: 55s - loss: 2.2943 - acc: 0.3617
2368/3458 [===================>..........] - ETA: 53s - loss: 2.2787 - acc: 0.3644
2400/3458 [===================>..........] - ETA: 52s - loss: 2.2657 - acc: 0.3654
2432/3458 [====================>.........] - ETA: 50s - loss: 2.2504 - acc: 0.3668
2464/3458 [====================>.........] - ETA: 48s - loss: 2.2399 - acc: 0.3677
2496/3458 [====================>.........] - ETA: 47s - loss: 2.2332 - acc: 0.3690
2528/3458 [====================>.........] - ETA: 45s - loss: 2.2223 - acc: 0.3699
2560/3458 [=====================>........] - ETA: 44s - loss: 2.2089 - acc: 0.3723
2592/3458 [=====================>........] - ETA: 42s - loss: 2.1982 - acc: 0.3735
2624/3458 [=====================>........] - ETA: 41s - loss: 2.1851 - acc: 0.3758
2656/3458 [======================>.......] - ETA: 39s - loss: 2.1746 - acc: 0.3784
2688/3458 [======================>.......] - ETA: 37s - loss: 2.1632 - acc: 0.3795
2720/3458 [======================>.......] - ETA: 36s - loss: 2.1504 - acc: 0.3820
2752/3458 [======================>.......] - ETA: 34s - loss: 2.1391 - acc: 0.3823
2784/3458 [=======================>......] - ETA: 33s - loss: 2.1271 - acc: 0.3847
2816/3458 [=======================>......] - ETA: 31s - loss: 2.1225 - acc: 0.3849
2848/3458 [=======================>......] - ETA: 29s - loss: 2.1112 - acc: 0.3859
2880/3458 [=======================>......] - ETA: 28s - loss: 2.1006 - acc: 0.3882
2912/3458 [========================>.....] - ETA: 26s - loss: 2.0909 - acc: 0.3898
2944/3458 [========================>.....] - ETA: 25s - loss: 2.0830 - acc: 0.3899
2976/3458 [========================>.....] - ETA: 23s - loss: 2.0811 - acc: 0.3908
3008/3458 [=========================>....] - ETA: 22s - loss: 2.0707 - acc: 0.3930
3040/3458 [=========================>....] - ETA: 20s - loss: 2.0626 - acc: 0.3944
3072/3458 [=========================>....] - ETA: 18s - loss: 2.0538 - acc: 0.3939
3104/3458 [=========================>....] - ETA: 17s - loss: 2.0444 - acc: 0.3950
3136/3458 [==========================>...] - ETA: 15s - loss: 2.0357 - acc: 0.3967
3168/3458 [==========================>...] - ETA: 14s - loss: 2.0252 - acc: 0.3990
3200/3458 [==========================>...] - ETA: 12s - loss: 2.0184 - acc: 0.3991
3232/3458 [===========================>..] - ETA: 11s - loss: 2.0097 - acc: 0.3994
3264/3458 [===========================>..] - ETA: 9s - loss: 2.0033 - acc: 0.3995 
3296/3458 [===========================>..] - ETA: 7s - loss: 1.9938 - acc: 0.4014
3328/3458 [===========================>..] - ETA: 6s - loss: 1.9868 - acc: 0.4008
3360/3458 [============================>.] - ETA: 4s - loss: 1.9797 - acc: 0.4021
3392/3458 [============================>.] - ETA: 3s - loss: 1.9712 - acc: 0.4018
3424/3458 [============================>.] - ETA: 1s - loss: 1.9646 - acc: 0.4019
3456/3458 [============================>.] - ETA: 0s - loss: 1.9564 - acc: 0.4028
3458/3458 [==============================] - 170s 49ms/sample - loss: 1.9555 - acc: 0.4031

 32/865 [>.............................] - ETA: 7s - loss: 0.9639 - acc: 0.5000
 64/865 [=>............................] - ETA: 7s - loss: 1.0645 - acc: 0.4531
 96/865 [==>...........................] - ETA: 7s - loss: 1.1649 - acc: 0.4375
128/865 [===>..........................] - ETA: 6s - loss: 1.1778 - acc: 0.4609
160/865 [====>.........................] - ETA: 6s - loss: 1.1403 - acc: 0.4812
192/865 [=====>........................] - ETA: 6s - loss: 1.1738 - acc: 0.4688
224/865 [======>.......................] - ETA: 5s - loss: 1.1683 - acc: 0.4777
256/865 [=======>......................] - ETA: 5s - loss: 1.1653 - acc: 0.4844
288/865 [========>.....................] - ETA: 5s - loss: 1.1676 - acc: 0.4792
320/865 [==========>...................] - ETA: 4s - loss: 1.1573 - acc: 0.4844
352/865 [===========>..................] - ETA: 4s - loss: 1.1493 - acc: 0.4830
384/865 [============>.................] - ETA: 4s - loss: 1.1591 - acc: 0.4844
416/865 [=============>................] - ETA: 4s - loss: 1.1767 - acc: 0.4832
448/865 [==============>...............] - ETA: 3s - loss: 1.1874 - acc: 0.4754
480/865 [===============>..............] - ETA: 3s - loss: 1.1874 - acc: 0.4771
512/865 [================>.............] - ETA: 3s - loss: 1.1757 - acc: 0.4805
544/865 [=================>............] - ETA: 2s - loss: 1.1761 - acc: 0.4816
576/865 [==================>...........] - ETA: 2s - loss: 1.1801 - acc: 0.4809
608/865 [====================>.........] - ETA: 2s - loss: 1.1930 - acc: 0.4720
640/865 [=====================>........] - ETA: 2s - loss: 1.1911 - acc: 0.4766
672/865 [======================>.......] - ETA: 1s - loss: 1.1862 - acc: 0.4851
704/865 [=======================>......] - ETA: 1s - loss: 1.1912 - acc: 0.4801
736/865 [========================>.....] - ETA: 1s - loss: 1.1807 - acc: 0.4823
768/865 [=========================>....] - ETA: 0s - loss: 1.1905 - acc: 0.4792
800/865 [==========================>...] - ETA: 0s - loss: 1.1878 - acc: 0.4775
832/865 [===========================>..] - ETA: 0s - loss: 1.1839 - acc: 0.4820
864/865 [============================>.] - ETA: 0s - loss: 1.1817 - acc: 0.4815
865/865 [==============================] - 8s 9ms/sample - loss: 1.1819 - acc: 0.4809

  32/3458 [..............................] - ETA: 2:48 - loss: 1.3173 - acc: 0.5312
  64/3458 [..............................] - ETA: 2:45 - loss: 1.3517 - acc: 0.3906
  96/3458 [..............................] - ETA: 2:43 - loss: 1.5230 - acc: 0.3542
 128/3458 [>.............................] - ETA: 2:42 - loss: 1.4295 - acc: 0.4141
 160/3458 [>.............................] - ETA: 2:41 - loss: 1.4283 - acc: 0.3875
 192/3458 [>.............................] - ETA: 2:39 - loss: 1.3863 - acc: 0.4167
 224/3458 [>.............................] - ETA: 2:38 - loss: 1.3371 - acc: 0.4286
 256/3458 [=>............................] - ETA: 2:36 - loss: 1.3158 - acc: 0.4414
 288/3458 [=>............................] - ETA: 2:35 - loss: 1.3105 - acc: 0.4340
 320/3458 [=>............................] - ETA: 2:33 - loss: 1.3041 - acc: 0.4406
 352/3458 [==>...........................] - ETA: 2:31 - loss: 1.2988 - acc: 0.4460
 384/3458 [==>...........................] - ETA: 2:30 - loss: 1.2832 - acc: 0.4531
 416/3458 [==>...........................] - ETA: 2:29 - loss: 1.2632 - acc: 0.4639
 448/3458 [==>...........................] - ETA: 2:27 - loss: 1.2538 - acc: 0.4710
 480/3458 [===>..........................] - ETA: 2:26 - loss: 1.2427 - acc: 0.4792
 512/3458 [===>..........................] - ETA: 2:24 - loss: 1.2210 - acc: 0.4902
 544/3458 [===>..........................] - ETA: 2:22 - loss: 1.2168 - acc: 0.4890
 576/3458 [===>..........................] - ETA: 2:21 - loss: 1.1984 - acc: 0.4983
 608/3458 [====>.........................] - ETA: 2:19 - loss: 1.2079 - acc: 0.4984
 640/3458 [====>.........................] - ETA: 2:18 - loss: 1.1973 - acc: 0.4969
 672/3458 [====>.........................] - ETA: 2:16 - loss: 1.1932 - acc: 0.4985
 704/3458 [=====>........................] - ETA: 2:15 - loss: 1.2052 - acc: 0.4957
 736/3458 [=====>........................] - ETA: 2:13 - loss: 1.1909 - acc: 0.5014
 768/3458 [=====>........................] - ETA: 2:12 - loss: 1.1872 - acc: 0.5013
 800/3458 [=====>........................] - ETA: 2:10 - loss: 1.1840 - acc: 0.5050
 832/3458 [======>.......................] - ETA: 2:08 - loss: 1.1862 - acc: 0.5036
 864/3458 [======>.......................] - ETA: 2:07 - loss: 1.1836 - acc: 0.5069
 896/3458 [======>.......................] - ETA: 2:05 - loss: 1.1781 - acc: 0.5100
 928/3458 [=======>......................] - ETA: 2:04 - loss: 1.1769 - acc: 0.5108
 960/3458 [=======>......................] - ETA: 2:02 - loss: 1.1753 - acc: 0.5135
 992/3458 [=======>......................] - ETA: 2:01 - loss: 1.1713 - acc: 0.5161
1024/3458 [=======>......................] - ETA: 1:59 - loss: 1.1743 - acc: 0.5117
1056/3458 [========>.....................] - ETA: 1:58 - loss: 1.1729 - acc: 0.5104
1088/3458 [========>.....................] - ETA: 1:56 - loss: 1.1739 - acc: 0.5110
1120/3458 [========>.....................] - ETA: 1:54 - loss: 1.1721 - acc: 0.5143
1152/3458 [========>.....................] - ETA: 1:53 - loss: 1.1702 - acc: 0.5148
1184/3458 [=========>....................] - ETA: 1:51 - loss: 1.1670 - acc: 0.5135
1216/3458 [=========>....................] - ETA: 1:50 - loss: 1.1688 - acc: 0.5156
1248/3458 [=========>....................] - ETA: 1:48 - loss: 1.1646 - acc: 0.5168
1280/3458 [==========>...................] - ETA: 1:47 - loss: 1.1596 - acc: 0.5188
1312/3458 [==========>...................] - ETA: 1:45 - loss: 1.1596 - acc: 0.5191
1344/3458 [==========>...................] - ETA: 1:43 - loss: 1.1616 - acc: 0.5186
1376/3458 [==========>...................] - ETA: 1:42 - loss: 1.1530 - acc: 0.5240
1408/3458 [===========>..................] - ETA: 1:40 - loss: 1.1524 - acc: 0.5234
1440/3458 [===========>..................] - ETA: 1:39 - loss: 1.1578 - acc: 0.5229
1472/3458 [===========>..................] - ETA: 1:37 - loss: 1.1536 - acc: 0.5238
1504/3458 [============>.................] - ETA: 1:36 - loss: 1.1682 - acc: 0.5219
1536/3458 [============>.................] - ETA: 1:34 - loss: 1.1731 - acc: 0.5189
1568/3458 [============>.................] - ETA: 1:32 - loss: 1.1682 - acc: 0.5210
1600/3458 [============>.................] - ETA: 1:31 - loss: 1.1646 - acc: 0.5200
1632/3458 [=============>................] - ETA: 1:29 - loss: 1.1672 - acc: 0.5178
1664/3458 [=============>................] - ETA: 1:28 - loss: 1.1675 - acc: 0.5180
1696/3458 [=============>................] - ETA: 1:26 - loss: 1.1683 - acc: 0.5189
1728/3458 [=============>................] - ETA: 1:25 - loss: 1.1714 - acc: 0.5185
1760/3458 [==============>...............] - ETA: 1:23 - loss: 1.1739 - acc: 0.5148
1792/3458 [==============>...............] - ETA: 1:21 - loss: 1.1752 - acc: 0.5156
1824/3458 [==============>...............] - ETA: 1:20 - loss: 1.1756 - acc: 0.5164
1856/3458 [===============>..............] - ETA: 1:18 - loss: 1.1776 - acc: 0.5167
1888/3458 [===============>..............] - ETA: 1:17 - loss: 1.1815 - acc: 0.5127
1920/3458 [===============>..............] - ETA: 1:15 - loss: 1.1834 - acc: 0.5120
1952/3458 [===============>..............] - ETA: 1:14 - loss: 1.1845 - acc: 0.5113
1984/3458 [================>.............] - ETA: 1:12 - loss: 1.1863 - acc: 0.5111
2016/3458 [================>.............] - ETA: 1:10 - loss: 1.1884 - acc: 0.5109
2048/3458 [================>.............] - ETA: 1:09 - loss: 1.1897 - acc: 0.5098
2080/3458 [=================>............] - ETA: 1:07 - loss: 1.1911 - acc: 0.5082
2112/3458 [=================>............] - ETA: 1:06 - loss: 1.1897 - acc: 0.5085
2144/3458 [=================>............] - ETA: 1:04 - loss: 1.1861 - acc: 0.5117
2176/3458 [=================>............] - ETA: 1:03 - loss: 1.1868 - acc: 0.5106
2208/3458 [==================>...........] - ETA: 1:01 - loss: 1.1859 - acc: 0.5113
2240/3458 [==================>...........] - ETA: 59s - loss: 1.1878 - acc: 0.5112 
2272/3458 [==================>...........] - ETA: 58s - loss: 1.1875 - acc: 0.5141
2304/3458 [==================>...........] - ETA: 56s - loss: 1.1840 - acc: 0.5165
2336/3458 [===================>..........] - ETA: 55s - loss: 1.1877 - acc: 0.5141
2368/3458 [===================>..........] - ETA: 53s - loss: 1.1874 - acc: 0.5144
2400/3458 [===================>..........] - ETA: 51s - loss: 1.1852 - acc: 0.5142
2432/3458 [====================>.........] - ETA: 50s - loss: 1.1823 - acc: 0.5152
2464/3458 [====================>.........] - ETA: 48s - loss: 1.1779 - acc: 0.5170
2496/3458 [====================>.........] - ETA: 47s - loss: 1.1760 - acc: 0.5176
2528/3458 [====================>.........] - ETA: 45s - loss: 1.1751 - acc: 0.5166
2560/3458 [=====================>........] - ETA: 44s - loss: 1.1735 - acc: 0.5164
2592/3458 [=====================>........] - ETA: 42s - loss: 1.1733 - acc: 0.5162
2624/3458 [=====================>........] - ETA: 40s - loss: 1.1727 - acc: 0.5149
2656/3458 [======================>.......] - ETA: 39s - loss: 1.1754 - acc: 0.5158
2688/3458 [======================>.......] - ETA: 37s - loss: 1.1721 - acc: 0.5175
2720/3458 [======================>.......] - ETA: 36s - loss: 1.1701 - acc: 0.5176
2752/3458 [======================>.......] - ETA: 34s - loss: 1.1713 - acc: 0.5167
2784/3458 [=======================>......] - ETA: 33s - loss: 1.1686 - acc: 0.5180
2816/3458 [=======================>......] - ETA: 31s - loss: 1.1675 - acc: 0.5174
2848/3458 [=======================>......] - ETA: 29s - loss: 1.1648 - acc: 0.5172
2880/3458 [=======================>......] - ETA: 28s - loss: 1.1652 - acc: 0.5170
2912/3458 [========================>.....] - ETA: 26s - loss: 1.1663 - acc: 0.5175
2944/3458 [========================>.....] - ETA: 25s - loss: 1.1662 - acc: 0.5187
2976/3458 [========================>.....] - ETA: 23s - loss: 1.1648 - acc: 0.5202
3008/3458 [=========================>....] - ETA: 22s - loss: 1.1625 - acc: 0.5213
3040/3458 [=========================>....] - ETA: 20s - loss: 1.1629 - acc: 0.5211
3072/3458 [=========================>....] - ETA: 18s - loss: 1.1627 - acc: 0.5205
3104/3458 [=========================>....] - ETA: 17s - loss: 1.1608 - acc: 0.5206
3136/3458 [==========================>...] - ETA: 15s - loss: 1.1609 - acc: 0.5220
3168/3458 [==========================>...] - ETA: 14s - loss: 1.1599 - acc: 0.5211
3200/3458 [==========================>...] - ETA: 12s - loss: 1.1605 - acc: 0.5209
3232/3458 [===========================>..] - ETA: 11s - loss: 1.1605 - acc: 0.5213
3264/3458 [===========================>..] - ETA: 9s - loss: 1.1607 - acc: 0.5211 
3296/3458 [===========================>..] - ETA: 7s - loss: 1.1609 - acc: 0.5221
3328/3458 [===========================>..] - ETA: 6s - loss: 1.1590 - acc: 0.5231
3360/3458 [============================>.] - ETA: 4s - loss: 1.1621 - acc: 0.5235
3392/3458 [============================>.] - ETA: 3s - loss: 1.1615 - acc: 0.5233
3424/3458 [============================>.] - ETA: 1s - loss: 1.1605 - acc: 0.5237
3456/3458 [============================>.] - ETA: 0s - loss: 1.1597 - acc: 0.5237
3458/3458 [==============================] - 170s 49ms/sample - loss: 1.1596 - acc: 0.5240

 32/865 [>.............................] - ETA: 7s - loss: 0.9801 - acc: 0.6562
 64/865 [=>............................] - ETA: 7s - loss: 0.9857 - acc: 0.6406
 96/865 [==>...........................] - ETA: 6s - loss: 1.0241 - acc: 0.6146
128/865 [===>..........................] - ETA: 6s - loss: 1.0747 - acc: 0.6094
160/865 [====>.........................] - ETA: 6s - loss: 1.0424 - acc: 0.6000
192/865 [=====>........................] - ETA: 5s - loss: 1.0692 - acc: 0.5833
224/865 [======>.......................] - ETA: 5s - loss: 1.0657 - acc: 0.5893
256/865 [=======>......................] - ETA: 5s - loss: 1.0647 - acc: 0.5781
288/865 [========>.....................] - ETA: 5s - loss: 1.0776 - acc: 0.5660
320/865 [==========>...................] - ETA: 4s - loss: 1.0785 - acc: 0.5594
352/865 [===========>..................] - ETA: 4s - loss: 1.0808 - acc: 0.5625
384/865 [============>.................] - ETA: 4s - loss: 1.0911 - acc: 0.5573
416/865 [=============>................] - ETA: 3s - loss: 1.1041 - acc: 0.5505
448/865 [==============>...............] - ETA: 3s - loss: 1.1208 - acc: 0.5424
480/865 [===============>..............] - ETA: 3s - loss: 1.1183 - acc: 0.5437
512/865 [================>.............] - ETA: 3s - loss: 1.1082 - acc: 0.5449
544/865 [=================>............] - ETA: 2s - loss: 1.1098 - acc: 0.5441
576/865 [==================>...........] - ETA: 2s - loss: 1.1263 - acc: 0.5399
608/865 [====================>.........] - ETA: 2s - loss: 1.1421 - acc: 0.5329
640/865 [=====================>........] - ETA: 2s - loss: 1.1464 - acc: 0.5359
672/865 [======================>.......] - ETA: 1s - loss: 1.1423 - acc: 0.5417
704/865 [=======================>......] - ETA: 1s - loss: 1.1509 - acc: 0.5426
736/865 [========================>.....] - ETA: 1s - loss: 1.1402 - acc: 0.5462
768/865 [=========================>....] - ETA: 0s - loss: 1.1433 - acc: 0.5482
800/865 [==========================>...] - ETA: 0s - loss: 1.1427 - acc: 0.5462
832/865 [===========================>..] - ETA: 0s - loss: 1.1335 - acc: 0.5505
864/865 [============================>.] - ETA: 0s - loss: 1.1376 - acc: 0.5463
865/865 [==============================] - 8s 9ms/sample - loss: 1.1378 - acc: 0.5457

  32/3458 [..............................] - ETA: 2:46 - loss: 0.7036 - acc: 0.7500
  64/3458 [..............................] - ETA: 2:45 - loss: 1.1653 - acc: 0.6094
  96/3458 [..............................] - ETA: 2:43 - loss: 1.0649 - acc: 0.6354
 128/3458 [>.............................] - ETA: 2:42 - loss: 1.0298 - acc: 0.6641
 160/3458 [>.............................] - ETA: 2:41 - loss: 0.9762 - acc: 0.6625
 192/3458 [>.............................] - ETA: 2:40 - loss: 1.0024 - acc: 0.6302
 224/3458 [>.............................] - ETA: 2:38 - loss: 0.9937 - acc: 0.6429
 256/3458 [=>............................] - ETA: 2:36 - loss: 0.9770 - acc: 0.6523
 288/3458 [=>............................] - ETA: 2:35 - loss: 1.0003 - acc: 0.6458
 320/3458 [=>............................] - ETA: 2:34 - loss: 0.9893 - acc: 0.6562
 352/3458 [==>...........................] - ETA: 2:32 - loss: 0.9883 - acc: 0.6506
 384/3458 [==>...........................] - ETA: 2:30 - loss: 0.9861 - acc: 0.6458
 416/3458 [==>...........................] - ETA: 2:29 - loss: 1.0011 - acc: 0.6370
 448/3458 [==>...........................] - ETA: 2:27 - loss: 0.9848 - acc: 0.6451
 480/3458 [===>..........................] - ETA: 2:26 - loss: 0.9967 - acc: 0.6375
 512/3458 [===>..........................] - ETA: 2:24 - loss: 0.9998 - acc: 0.6250
 544/3458 [===>..........................] - ETA: 2:23 - loss: 1.0033 - acc: 0.6232
 576/3458 [===>..........................] - ETA: 2:21 - loss: 1.0117 - acc: 0.6163
 608/3458 [====>.........................] - ETA: 2:19 - loss: 1.0261 - acc: 0.6003
 640/3458 [====>.........................] - ETA: 2:18 - loss: 1.0309 - acc: 0.5969
 672/3458 [====>.........................] - ETA: 2:16 - loss: 1.0291 - acc: 0.5997
 704/3458 [=====>........................] - ETA: 2:14 - loss: 1.0279 - acc: 0.6037
 736/3458 [=====>........................] - ETA: 2:13 - loss: 1.0270 - acc: 0.6019
 768/3458 [=====>........................] - ETA: 2:11 - loss: 1.0254 - acc: 0.6029
 800/3458 [=====>........................] - ETA: 2:10 - loss: 1.0246 - acc: 0.6087
 832/3458 [======>.......................] - ETA: 2:08 - loss: 1.0271 - acc: 0.6082
 864/3458 [======>.......................] - ETA: 2:07 - loss: 1.0223 - acc: 0.6123
 896/3458 [======>.......................] - ETA: 2:05 - loss: 1.0218 - acc: 0.6116
 928/3458 [=======>......................] - ETA: 2:04 - loss: 1.0283 - acc: 0.6067
 960/3458 [=======>......................] - ETA: 2:02 - loss: 1.0202 - acc: 0.6104
 992/3458 [=======>......................] - ETA: 2:00 - loss: 1.0216 - acc: 0.6099
1024/3458 [=======>......................] - ETA: 1:59 - loss: 1.0181 - acc: 0.6123
1056/3458 [========>.....................] - ETA: 1:57 - loss: 1.0143 - acc: 0.6108
1088/3458 [========>.....................] - ETA: 1:56 - loss: 1.0156 - acc: 0.6094
1120/3458 [========>.....................] - ETA: 1:54 - loss: 1.0199 - acc: 0.6071
1152/3458 [========>.....................] - ETA: 1:53 - loss: 1.0137 - acc: 0.6111
1184/3458 [=========>....................] - ETA: 1:51 - loss: 1.0157 - acc: 0.6090
1216/3458 [=========>....................] - ETA: 1:50 - loss: 1.0132 - acc: 0.6102
1248/3458 [=========>....................] - ETA: 1:48 - loss: 1.0176 - acc: 0.6082
1280/3458 [==========>...................] - ETA: 1:46 - loss: 1.0138 - acc: 0.6117
1312/3458 [==========>...................] - ETA: 1:45 - loss: 1.0134 - acc: 0.6136
1344/3458 [==========>...................] - ETA: 1:43 - loss: 1.0144 - acc: 0.6124
1376/3458 [==========>...................] - ETA: 1:42 - loss: 1.0139 - acc: 0.6119
1408/3458 [===========>..................] - ETA: 1:40 - loss: 1.0136 - acc: 0.6108
1440/3458 [===========>..................] - ETA: 1:39 - loss: 1.0154 - acc: 0.6111
1472/3458 [===========>..................] - ETA: 1:37 - loss: 1.0160 - acc: 0.6101
1504/3458 [============>.................] - ETA: 1:35 - loss: 1.0165 - acc: 0.6117
1536/3458 [============>.................] - ETA: 1:34 - loss: 1.0151 - acc: 0.6120
1568/3458 [============>.................] - ETA: 1:32 - loss: 1.0115 - acc: 0.6122
1600/3458 [============>.................] - ETA: 1:31 - loss: 1.0119 - acc: 0.6125
1632/3458 [=============>................] - ETA: 1:29 - loss: 1.0118 - acc: 0.6134
1664/3458 [=============>................] - ETA: 1:28 - loss: 1.0047 - acc: 0.6172
1696/3458 [=============>................] - ETA: 1:26 - loss: 1.0096 - acc: 0.6144
1728/3458 [=============>................] - ETA: 1:24 - loss: 1.0051 - acc: 0.6181
1760/3458 [==============>...............] - ETA: 1:23 - loss: 1.0050 - acc: 0.6176
1792/3458 [==============>...............] - ETA: 1:21 - loss: 1.0031 - acc: 0.6189
1824/3458 [==============>...............] - ETA: 1:20 - loss: 1.0018 - acc: 0.6190
1856/3458 [===============>..............] - ETA: 1:18 - loss: 0.9996 - acc: 0.6207
1888/3458 [===============>..............] - ETA: 1:17 - loss: 0.9974 - acc: 0.6213
1920/3458 [===============>..............] - ETA: 1:15 - loss: 1.0007 - acc: 0.6193
1952/3458 [===============>..............] - ETA: 1:14 - loss: 1.0033 - acc: 0.6168
1984/3458 [================>.............] - ETA: 1:12 - loss: 1.0015 - acc: 0.6169
2016/3458 [================>.............] - ETA: 1:11 - loss: 1.0044 - acc: 0.6166
2048/3458 [================>.............] - ETA: 1:09 - loss: 1.0070 - acc: 0.6157
2080/3458 [=================>............] - ETA: 1:08 - loss: 1.0065 - acc: 0.6154
2112/3458 [=================>............] - ETA: 1:06 - loss: 1.0042 - acc: 0.6151
2144/3458 [=================>............] - ETA: 1:04 - loss: 1.0042 - acc: 0.6133
2176/3458 [=================>............] - ETA: 1:03 - loss: 1.0077 - acc: 0.6117
2208/3458 [==================>...........] - ETA: 1:01 - loss: 1.0080 - acc: 0.6123
2240/3458 [==================>...........] - ETA: 1:00 - loss: 1.0071 - acc: 0.6121
2272/3458 [==================>...........] - ETA: 58s - loss: 1.0065 - acc: 0.6131 
2304/3458 [==================>...........] - ETA: 56s - loss: 1.0053 - acc: 0.6128
2336/3458 [===================>..........] - ETA: 55s - loss: 1.0060 - acc: 0.6139
2368/3458 [===================>..........] - ETA: 53s - loss: 1.0076 - acc: 0.6132
2400/3458 [===================>..........] - ETA: 52s - loss: 1.0124 - acc: 0.6108
2432/3458 [====================>.........] - ETA: 50s - loss: 1.0107 - acc: 0.6127
2464/3458 [====================>.........] - ETA: 49s - loss: 1.0100 - acc: 0.6132
2496/3458 [====================>.........] - ETA: 47s - loss: 1.0103 - acc: 0.6146
2528/3458 [====================>.........] - ETA: 45s - loss: 1.0084 - acc: 0.6159
2560/3458 [=====================>........] - ETA: 44s - loss: 1.0079 - acc: 0.6145
2592/3458 [=====================>........] - ETA: 42s - loss: 1.0071 - acc: 0.6138
2624/3458 [=====================>........] - ETA: 41s - loss: 1.0093 - acc: 0.6117
2656/3458 [======================>.......] - ETA: 39s - loss: 1.0069 - acc: 0.6126
2688/3458 [======================>.......] - ETA: 37s - loss: 1.0067 - acc: 0.6131
2720/3458 [======================>.......] - ETA: 36s - loss: 1.0057 - acc: 0.6125
2752/3458 [======================>.......] - ETA: 34s - loss: 1.0038 - acc: 0.6126
2784/3458 [=======================>......] - ETA: 33s - loss: 1.0029 - acc: 0.6128
2816/3458 [=======================>......] - ETA: 31s - loss: 1.0037 - acc: 0.6129
2848/3458 [=======================>......] - ETA: 30s - loss: 1.0034 - acc: 0.6117
2880/3458 [=======================>......] - ETA: 28s - loss: 1.0045 - acc: 0.6111
2912/3458 [========================>.....] - ETA: 26s - loss: 1.0024 - acc: 0.6116
2944/3458 [========================>.....] - ETA: 25s - loss: 1.0003 - acc: 0.6124
2976/3458 [========================>.....] - ETA: 23s - loss: 1.0028 - acc: 0.6116
3008/3458 [=========================>....] - ETA: 22s - loss: 0.9998 - acc: 0.6127
3040/3458 [=========================>....] - ETA: 20s - loss: 1.0016 - acc: 0.6109
3072/3458 [=========================>....] - ETA: 19s - loss: 0.9990 - acc: 0.6113
3104/3458 [=========================>....] - ETA: 17s - loss: 0.9982 - acc: 0.6121
3136/3458 [==========================>...] - ETA: 15s - loss: 0.9963 - acc: 0.6129
3168/3458 [==========================>...] - ETA: 14s - loss: 0.9943 - acc: 0.6136
3200/3458 [==========================>...] - ETA: 12s - loss: 0.9938 - acc: 0.6137
3232/3458 [===========================>..] - ETA: 11s - loss: 0.9928 - acc: 0.6136
3264/3458 [===========================>..] - ETA: 9s - loss: 0.9937 - acc: 0.6134 
3296/3458 [===========================>..] - ETA: 7s - loss: 0.9951 - acc: 0.6132
3328/3458 [===========================>..] - ETA: 6s - loss: 0.9940 - acc: 0.6139
3360/3458 [============================>.] - ETA: 4s - loss: 0.9932 - acc: 0.6143
3392/3458 [============================>.] - ETA: 3s - loss: 0.9919 - acc: 0.6150
3424/3458 [============================>.] - ETA: 1s - loss: 0.9912 - acc: 0.6142
3456/3458 [============================>.] - ETA: 0s - loss: 0.9898 - acc: 0.6146
3458/3458 [==============================] - 171s 49ms/sample - loss: 0.9896 - acc: 0.6148

 32/865 [>.............................] - ETA: 7s - loss: 0.7124 - acc: 0.6875
 64/865 [=>............................] - ETA: 7s - loss: 0.7970 - acc: 0.6406
 96/865 [==>...........................] - ETA: 6s - loss: 0.8859 - acc: 0.6146
128/865 [===>..........................] - ETA: 6s - loss: 0.9518 - acc: 0.6016
160/865 [====>.........................] - ETA: 6s - loss: 0.9279 - acc: 0.6187
192/865 [=====>........................] - ETA: 6s - loss: 1.0265 - acc: 0.5677
224/865 [======>.......................] - ETA: 5s - loss: 1.0189 - acc: 0.5536
256/865 [=======>......................] - ETA: 5s - loss: 1.0099 - acc: 0.5586
288/865 [========>.....................] - ETA: 5s - loss: 1.0228 - acc: 0.5417
320/865 [==========>...................] - ETA: 4s - loss: 1.0234 - acc: 0.5375
352/865 [===========>..................] - ETA: 4s - loss: 1.0029 - acc: 0.5540
384/865 [============>.................] - ETA: 4s - loss: 1.0058 - acc: 0.5599
416/865 [=============>................] - ETA: 3s - loss: 1.0035 - acc: 0.5649
448/865 [==============>...............] - ETA: 3s - loss: 1.0264 - acc: 0.5558
480/865 [===============>..............] - ETA: 3s - loss: 1.0301 - acc: 0.5646
512/865 [================>.............] - ETA: 3s - loss: 1.0309 - acc: 0.5703
544/865 [=================>............] - ETA: 2s - loss: 1.0335 - acc: 0.5680
576/865 [==================>...........] - ETA: 2s - loss: 1.0432 - acc: 0.5677
608/865 [====================>.........] - ETA: 2s - loss: 1.0623 - acc: 0.5674
640/865 [=====================>........] - ETA: 2s - loss: 1.0572 - acc: 0.5672
672/865 [======================>.......] - ETA: 1s - loss: 1.0566 - acc: 0.5714
704/865 [=======================>......] - ETA: 1s - loss: 1.0655 - acc: 0.5682
736/865 [========================>.....] - ETA: 1s - loss: 1.0535 - acc: 0.5734
768/865 [=========================>....] - ETA: 0s - loss: 1.0560 - acc: 0.5729
800/865 [==========================>...] - ETA: 0s - loss: 1.0494 - acc: 0.5763
832/865 [===========================>..] - ETA: 0s - loss: 1.0413 - acc: 0.5793
864/865 [============================>.] - ETA: 0s - loss: 1.0443 - acc: 0.5787
865/865 [==============================] - 8s 9ms/sample - loss: 1.0451 - acc: 0.5780

  32/3458 [..............................] - ETA: 2:47 - loss: 0.7358 - acc: 0.8125
  64/3458 [..............................] - ETA: 2:46 - loss: 0.7189 - acc: 0.7500
  96/3458 [..............................] - ETA: 2:45 - loss: 0.6844 - acc: 0.7812
 128/3458 [>.............................] - ETA: 2:43 - loss: 0.7245 - acc: 0.7422
 160/3458 [>.............................] - ETA: 2:41 - loss: 0.7002 - acc: 0.7312
 192/3458 [>.............................] - ETA: 2:40 - loss: 0.7196 - acc: 0.7292
 224/3458 [>.............................] - ETA: 2:38 - loss: 0.7143 - acc: 0.7277
 256/3458 [=>............................] - ETA: 2:37 - loss: 0.7300 - acc: 0.7344
 288/3458 [=>............................] - ETA: 2:35 - loss: 0.7659 - acc: 0.7188
 320/3458 [=>............................] - ETA: 2:34 - loss: 0.7733 - acc: 0.7219
 352/3458 [==>...........................] - ETA: 2:32 - loss: 0.7677 - acc: 0.7244
 384/3458 [==>...........................] - ETA: 2:31 - loss: 0.7771 - acc: 0.7214
 416/3458 [==>...........................] - ETA: 2:29 - loss: 0.7825 - acc: 0.7139
 448/3458 [==>...........................] - ETA: 2:27 - loss: 0.7806 - acc: 0.7143
 480/3458 [===>..........................] - ETA: 2:26 - loss: 0.7914 - acc: 0.7146
 512/3458 [===>..........................] - ETA: 2:24 - loss: 0.7878 - acc: 0.7129
 544/3458 [===>..........................] - ETA: 2:23 - loss: 0.7885 - acc: 0.7132
 576/3458 [===>..........................] - ETA: 2:21 - loss: 0.7862 - acc: 0.7153
 608/3458 [====>.........................] - ETA: 2:20 - loss: 0.7892 - acc: 0.7122
 640/3458 [====>.........................] - ETA: 2:18 - loss: 0.7788 - acc: 0.7156
 672/3458 [====>.........................] - ETA: 2:16 - loss: 0.7813 - acc: 0.7128
 704/3458 [=====>........................] - ETA: 2:15 - loss: 0.7900 - acc: 0.7045
 736/3458 [=====>........................] - ETA: 2:13 - loss: 0.7898 - acc: 0.7024
 768/3458 [=====>........................] - ETA: 2:12 - loss: 0.7813 - acc: 0.7083
 800/3458 [=====>........................] - ETA: 2:10 - loss: 0.7827 - acc: 0.7075
 832/3458 [======>.......................] - ETA: 2:09 - loss: 0.7849 - acc: 0.7055
 864/3458 [======>.......................] - ETA: 2:07 - loss: 0.7725 - acc: 0.7118
 896/3458 [======>.......................] - ETA: 2:06 - loss: 0.7729 - acc: 0.7087
 928/3458 [=======>......................] - ETA: 2:04 - loss: 0.7678 - acc: 0.7091
 960/3458 [=======>......................] - ETA: 2:02 - loss: 0.7656 - acc: 0.7052
 992/3458 [=======>......................] - ETA: 2:01 - loss: 0.7646 - acc: 0.7056
1024/3458 [=======>......................] - ETA: 1:59 - loss: 0.7733 - acc: 0.7021
1056/3458 [========>.....................] - ETA: 1:58 - loss: 0.7666 - acc: 0.7036
1088/3458 [========>.....................] - ETA: 1:56 - loss: 0.7576 - acc: 0.7086
1120/3458 [========>.....................] - ETA: 1:54 - loss: 0.7701 - acc: 0.7054
1152/3458 [========>.....................] - ETA: 1:53 - loss: 0.7696 - acc: 0.7049
1184/3458 [=========>....................] - ETA: 1:51 - loss: 0.7722 - acc: 0.7044
1216/3458 [=========>....................] - ETA: 1:50 - loss: 0.7730 - acc: 0.7039
1248/3458 [=========>....................] - ETA: 1:48 - loss: 0.7687 - acc: 0.7083
1280/3458 [==========>...................] - ETA: 1:46 - loss: 0.7658 - acc: 0.7078
1312/3458 [==========>...................] - ETA: 1:45 - loss: 0.7638 - acc: 0.7081
1344/3458 [==========>...................] - ETA: 1:43 - loss: 0.7641 - acc: 0.7068
1376/3458 [==========>...................] - ETA: 1:42 - loss: 0.7641 - acc: 0.7086
1408/3458 [===========>..................] - ETA: 1:40 - loss: 0.7724 - acc: 0.7053
1440/3458 [===========>..................] - ETA: 1:39 - loss: 0.7724 - acc: 0.7042
1472/3458 [===========>..................] - ETA: 1:37 - loss: 0.7767 - acc: 0.7011
1504/3458 [============>.................] - ETA: 1:35 - loss: 0.7770 - acc: 0.7001
1536/3458 [============>.................] - ETA: 1:34 - loss: 0.7765 - acc: 0.7018
1568/3458 [============>.................] - ETA: 1:32 - loss: 0.7795 - acc: 0.7015
1600/3458 [============>.................] - ETA: 1:31 - loss: 0.7813 - acc: 0.7013
1632/3458 [=============>................] - ETA: 1:29 - loss: 0.7819 - acc: 0.7022
1664/3458 [=============>................] - ETA: 1:28 - loss: 0.7793 - acc: 0.7019
1696/3458 [=============>................] - ETA: 1:26 - loss: 0.7821 - acc: 0.7005
1728/3458 [=============>................] - ETA: 1:24 - loss: 0.7777 - acc: 0.7031
1760/3458 [==============>...............] - ETA: 1:23 - loss: 0.7734 - acc: 0.7051
1792/3458 [==============>...............] - ETA: 1:21 - loss: 0.7739 - acc: 0.7054
1824/3458 [==============>...............] - ETA: 1:20 - loss: 0.7748 - acc: 0.7067
1856/3458 [===============>..............] - ETA: 1:18 - loss: 0.7746 - acc: 0.7091
1888/3458 [===============>..............] - ETA: 1:17 - loss: 0.7709 - acc: 0.7108
1920/3458 [===============>..............] - ETA: 1:15 - loss: 0.7708 - acc: 0.7099
1952/3458 [===============>..............] - ETA: 1:13 - loss: 0.7688 - acc: 0.7100
1984/3458 [================>.............] - ETA: 1:12 - loss: 0.7687 - acc: 0.7092
2016/3458 [================>.............] - ETA: 1:10 - loss: 0.7736 - acc: 0.7063
2048/3458 [================>.............] - ETA: 1:09 - loss: 0.7717 - acc: 0.7075
2080/3458 [=================>............] - ETA: 1:07 - loss: 0.7699 - acc: 0.7077
2112/3458 [=================>............] - ETA: 1:06 - loss: 0.7681 - acc: 0.7083
2144/3458 [=================>............] - ETA: 1:04 - loss: 0.7686 - acc: 0.7085
2176/3458 [=================>............] - ETA: 1:02 - loss: 0.7678 - acc: 0.7086
2208/3458 [==================>...........] - ETA: 1:01 - loss: 0.7683 - acc: 0.7088
2240/3458 [==================>...........] - ETA: 59s - loss: 0.7689 - acc: 0.7103 
2272/3458 [==================>...........] - ETA: 58s - loss: 0.7694 - acc: 0.7095
2304/3458 [==================>...........] - ETA: 56s - loss: 0.7659 - acc: 0.7105
2336/3458 [===================>..........] - ETA: 55s - loss: 0.7653 - acc: 0.7115
2368/3458 [===================>..........] - ETA: 53s - loss: 0.7632 - acc: 0.7137
2400/3458 [===================>..........] - ETA: 51s - loss: 0.7639 - acc: 0.7138
2432/3458 [====================>.........] - ETA: 50s - loss: 0.7628 - acc: 0.7146
2464/3458 [====================>.........] - ETA: 48s - loss: 0.7638 - acc: 0.7123
2496/3458 [====================>.........] - ETA: 47s - loss: 0.7662 - acc: 0.7115
2528/3458 [====================>.........] - ETA: 45s - loss: 0.7624 - acc: 0.7136
2560/3458 [=====================>........] - ETA: 44s - loss: 0.7617 - acc: 0.7141
2592/3458 [=====================>........] - ETA: 42s - loss: 0.7614 - acc: 0.7137
2624/3458 [=====================>........] - ETA: 40s - loss: 0.7622 - acc: 0.7130
2656/3458 [======================>.......] - ETA: 39s - loss: 0.7611 - acc: 0.7139
2688/3458 [======================>.......] - ETA: 37s - loss: 0.7603 - acc: 0.7143
2720/3458 [======================>.......] - ETA: 36s - loss: 0.7572 - acc: 0.7154
2752/3458 [======================>.......] - ETA: 34s - loss: 0.7592 - acc: 0.7144
2784/3458 [=======================>......] - ETA: 33s - loss: 0.7603 - acc: 0.7134
2816/3458 [=======================>......] - ETA: 31s - loss: 0.7631 - acc: 0.7113
2848/3458 [=======================>......] - ETA: 29s - loss: 0.7620 - acc: 0.7117
2880/3458 [=======================>......] - ETA: 28s - loss: 0.7637 - acc: 0.7097
2912/3458 [========================>.....] - ETA: 26s - loss: 0.7618 - acc: 0.7112
2944/3458 [========================>.....] - ETA: 25s - loss: 0.7641 - acc: 0.7099
2976/3458 [========================>.....] - ETA: 23s - loss: 0.7635 - acc: 0.7090
3008/3458 [=========================>....] - ETA: 22s - loss: 0.7629 - acc: 0.7091
3040/3458 [=========================>....] - ETA: 20s - loss: 0.7621 - acc: 0.7095
3072/3458 [=========================>....] - ETA: 18s - loss: 0.7616 - acc: 0.7096
3104/3458 [=========================>....] - ETA: 17s - loss: 0.7612 - acc: 0.7097
3136/3458 [==========================>...] - ETA: 15s - loss: 0.7646 - acc: 0.7076
3168/3458 [==========================>...] - ETA: 14s - loss: 0.7627 - acc: 0.7090
3200/3458 [==========================>...] - ETA: 12s - loss: 0.7620 - acc: 0.7084
3232/3458 [===========================>..] - ETA: 11s - loss: 0.7609 - acc: 0.7088
3264/3458 [===========================>..] - ETA: 9s - loss: 0.7581 - acc: 0.7102 
3296/3458 [===========================>..] - ETA: 7s - loss: 0.7590 - acc: 0.7093
3328/3458 [===========================>..] - ETA: 6s - loss: 0.7588 - acc: 0.7103
3360/3458 [============================>.] - ETA: 4s - loss: 0.7635 - acc: 0.7092
3392/3458 [============================>.] - ETA: 3s - loss: 0.7631 - acc: 0.7099
3424/3458 [============================>.] - ETA: 1s - loss: 0.7618 - acc: 0.7106
3456/3458 [============================>.] - ETA: 0s - loss: 0.7613 - acc: 0.7106
3458/3458 [==============================] - 170s 49ms/sample - loss: 0.7614 - acc: 0.7108

 32/865 [>.............................] - ETA: 7s - loss: 0.6590 - acc: 0.7500
 64/865 [=>............................] - ETA: 7s - loss: 0.8121 - acc: 0.6875
 96/865 [==>...........................] - ETA: 7s - loss: 0.9787 - acc: 0.6354
128/865 [===>..........................] - ETA: 6s - loss: 1.0500 - acc: 0.6328
160/865 [====>.........................] - ETA: 6s - loss: 1.0292 - acc: 0.6375
192/865 [=====>........................] - ETA: 6s - loss: 1.1021 - acc: 0.5990
224/865 [======>.......................] - ETA: 5s - loss: 1.0816 - acc: 0.6071
256/865 [=======>......................] - ETA: 5s - loss: 1.0959 - acc: 0.5977
288/865 [========>.....................] - ETA: 5s - loss: 1.0655 - acc: 0.6007
320/865 [==========>...................] - ETA: 4s - loss: 1.0688 - acc: 0.5875
352/865 [===========>..................] - ETA: 4s - loss: 1.0521 - acc: 0.5909
384/865 [============>.................] - ETA: 4s - loss: 1.0586 - acc: 0.5885
416/865 [=============>................] - ETA: 4s - loss: 1.0566 - acc: 0.5889
448/865 [==============>...............] - ETA: 3s - loss: 1.0726 - acc: 0.5826
480/865 [===============>..............] - ETA: 3s - loss: 1.0824 - acc: 0.5833
512/865 [================>.............] - ETA: 3s - loss: 1.0723 - acc: 0.5898
544/865 [=================>............] - ETA: 2s - loss: 1.0763 - acc: 0.5901
576/865 [==================>...........] - ETA: 2s - loss: 1.0868 - acc: 0.5885
608/865 [====================>.........] - ETA: 2s - loss: 1.1040 - acc: 0.5789
640/865 [=====================>........] - ETA: 2s - loss: 1.0983 - acc: 0.5828
672/865 [======================>.......] - ETA: 1s - loss: 1.0858 - acc: 0.5878
704/865 [=======================>......] - ETA: 1s - loss: 1.0944 - acc: 0.5810
736/865 [========================>.....] - ETA: 1s - loss: 1.0884 - acc: 0.5842
768/865 [=========================>....] - ETA: 0s - loss: 1.0919 - acc: 0.5820
800/865 [==========================>...] - ETA: 0s - loss: 1.0877 - acc: 0.5850
832/865 [===========================>..] - ETA: 0s - loss: 1.0763 - acc: 0.5877
864/865 [============================>.] - ETA: 0s - loss: 1.0827 - acc: 0.5856
865/865 [==============================] - 8s 9ms/sample - loss: 1.0829 - acc: 0.5850

  32/3458 [..............................] - ETA: 2:46 - loss: 0.6589 - acc: 0.6875
  64/3458 [..............................] - ETA: 2:44 - loss: 0.7715 - acc: 0.6562
  96/3458 [..............................] - ETA: 2:43 - loss: 0.7559 - acc: 0.6771
 128/3458 [>.............................] - ETA: 2:42 - loss: 0.7587 - acc: 0.6875
 160/3458 [>.............................] - ETA: 2:40 - loss: 0.7183 - acc: 0.7063
 192/3458 [>.............................] - ETA: 2:39 - loss: 0.6739 - acc: 0.7240
 224/3458 [>.............................] - ETA: 2:37 - loss: 0.6677 - acc: 0.7321
 256/3458 [=>............................] - ETA: 2:35 - loss: 0.6472 - acc: 0.7461
 288/3458 [=>............................] - ETA: 2:34 - loss: 0.6478 - acc: 0.7465
 320/3458 [=>............................] - ETA: 2:33 - loss: 0.6443 - acc: 0.7469
 352/3458 [==>...........................] - ETA: 2:31 - loss: 0.6389 - acc: 0.7443
 384/3458 [==>...........................] - ETA: 2:30 - loss: 0.6494 - acc: 0.7422
 416/3458 [==>...........................] - ETA: 2:28 - loss: 0.6542 - acc: 0.7380
 448/3458 [==>...........................] - ETA: 2:27 - loss: 0.6457 - acc: 0.7411
 480/3458 [===>..........................] - ETA: 2:25 - loss: 0.6548 - acc: 0.7375
 512/3458 [===>..........................] - ETA: 2:24 - loss: 0.6580 - acc: 0.7363
 544/3458 [===>..........................] - ETA: 2:22 - loss: 0.6559 - acc: 0.7371
 576/3458 [===>..........................] - ETA: 2:20 - loss: 0.6521 - acc: 0.7413
 608/3458 [====>.........................] - ETA: 2:19 - loss: 0.6493 - acc: 0.7368
 640/3458 [====>.........................] - ETA: 2:17 - loss: 0.6441 - acc: 0.7391
 672/3458 [====>.........................] - ETA: 2:16 - loss: 0.6336 - acc: 0.7440
 704/3458 [=====>........................] - ETA: 2:14 - loss: 0.6310 - acc: 0.7486
 736/3458 [=====>........................] - ETA: 2:13 - loss: 0.6205 - acc: 0.7541
 768/3458 [=====>........................] - ETA: 2:11 - loss: 0.6229 - acc: 0.7552
 800/3458 [=====>........................] - ETA: 2:10 - loss: 0.6214 - acc: 0.7588
 832/3458 [======>.......................] - ETA: 2:08 - loss: 0.6124 - acc: 0.7644
 864/3458 [======>.......................] - ETA: 2:06 - loss: 0.6087 - acc: 0.7685
 896/3458 [======>.......................] - ETA: 2:05 - loss: 0.6067 - acc: 0.7701
 928/3458 [=======>......................] - ETA: 2:03 - loss: 0.6000 - acc: 0.7716
 960/3458 [=======>......................] - ETA: 2:02 - loss: 0.6000 - acc: 0.7729
 992/3458 [=======>......................] - ETA: 2:00 - loss: 0.5910 - acc: 0.7782
1024/3458 [=======>......................] - ETA: 1:59 - loss: 0.5888 - acc: 0.7783
1056/3458 [========>.....................] - ETA: 1:57 - loss: 0.5827 - acc: 0.7812
1088/3458 [========>.....................] - ETA: 1:56 - loss: 0.5773 - acc: 0.7840
1120/3458 [========>.....................] - ETA: 1:54 - loss: 0.5799 - acc: 0.7812
1152/3458 [========>.....................] - ETA: 1:53 - loss: 0.5778 - acc: 0.7821
1184/3458 [=========>....................] - ETA: 1:51 - loss: 0.5769 - acc: 0.7829
1216/3458 [=========>....................] - ETA: 1:49 - loss: 0.5758 - acc: 0.7812
1248/3458 [=========>....................] - ETA: 1:48 - loss: 0.5773 - acc: 0.7804
1280/3458 [==========>...................] - ETA: 1:46 - loss: 0.5754 - acc: 0.7812
1312/3458 [==========>...................] - ETA: 1:45 - loss: 0.5705 - acc: 0.7835
1344/3458 [==========>...................] - ETA: 1:43 - loss: 0.5727 - acc: 0.7812
1376/3458 [==========>...................] - ETA: 1:42 - loss: 0.5736 - acc: 0.7820
1408/3458 [===========>..................] - ETA: 1:40 - loss: 0.5660 - acc: 0.7862
1440/3458 [===========>..................] - ETA: 1:38 - loss: 0.5637 - acc: 0.7882
1472/3458 [===========>..................] - ETA: 1:37 - loss: 0.5609 - acc: 0.7901
1504/3458 [============>.................] - ETA: 1:35 - loss: 0.5605 - acc: 0.7879
1536/3458 [============>.................] - ETA: 1:34 - loss: 0.5576 - acc: 0.7904
1568/3458 [============>.................] - ETA: 1:32 - loss: 0.5578 - acc: 0.7895
1600/3458 [============>.................] - ETA: 1:31 - loss: 0.5593 - acc: 0.7906
1632/3458 [=============>................] - ETA: 1:29 - loss: 0.5570 - acc: 0.7917
1664/3458 [=============>................] - ETA: 1:27 - loss: 0.5522 - acc: 0.7939
1696/3458 [=============>................] - ETA: 1:26 - loss: 0.5513 - acc: 0.7948
1728/3458 [=============>................] - ETA: 1:24 - loss: 0.5508 - acc: 0.7963
1760/3458 [==============>...............] - ETA: 1:23 - loss: 0.5501 - acc: 0.7960
1792/3458 [==============>...............] - ETA: 1:21 - loss: 0.5489 - acc: 0.7963
1824/3458 [==============>...............] - ETA: 1:20 - loss: 0.5495 - acc: 0.7971
1856/3458 [===============>..............] - ETA: 1:18 - loss: 0.5480 - acc: 0.7969
1888/3458 [===============>..............] - ETA: 1:17 - loss: 0.5457 - acc: 0.7982
1920/3458 [===============>..............] - ETA: 1:15 - loss: 0.5436 - acc: 0.7995
1952/3458 [===============>..............] - ETA: 1:13 - loss: 0.5448 - acc: 0.7987
1984/3458 [================>.............] - ETA: 1:12 - loss: 0.5416 - acc: 0.7994
2016/3458 [================>.............] - ETA: 1:10 - loss: 0.5361 - acc: 0.8016
2048/3458 [================>.............] - ETA: 1:09 - loss: 0.5398 - acc: 0.7993
2080/3458 [=================>............] - ETA: 1:07 - loss: 0.5404 - acc: 0.7995
2112/3458 [=================>............] - ETA: 1:06 - loss: 0.5352 - acc: 0.8021
2144/3458 [=================>............] - ETA: 1:04 - loss: 0.5371 - acc: 0.8022
2176/3458 [=================>............] - ETA: 1:02 - loss: 0.5389 - acc: 0.8015
2208/3458 [==================>...........] - ETA: 1:01 - loss: 0.5408 - acc: 0.8012
2240/3458 [==================>...........] - ETA: 59s - loss: 0.5415 - acc: 0.8009 
2272/3458 [==================>...........] - ETA: 58s - loss: 0.5381 - acc: 0.8033
2304/3458 [==================>...........] - ETA: 56s - loss: 0.5423 - acc: 0.8030
2336/3458 [===================>..........] - ETA: 55s - loss: 0.5381 - acc: 0.8052
2368/3458 [===================>..........] - ETA: 53s - loss: 0.5405 - acc: 0.8041
2400/3458 [===================>..........] - ETA: 51s - loss: 0.5400 - acc: 0.8046
2432/3458 [====================>.........] - ETA: 50s - loss: 0.5375 - acc: 0.8059
2464/3458 [====================>.........] - ETA: 48s - loss: 0.5391 - acc: 0.8040
2496/3458 [====================>.........] - ETA: 47s - loss: 0.5406 - acc: 0.8029
2528/3458 [====================>.........] - ETA: 45s - loss: 0.5401 - acc: 0.8038
2560/3458 [=====================>........] - ETA: 44s - loss: 0.5385 - acc: 0.8035
2592/3458 [=====================>........] - ETA: 42s - loss: 0.5411 - acc: 0.8017
2624/3458 [=====================>........] - ETA: 40s - loss: 0.5394 - acc: 0.8034
2656/3458 [======================>.......] - ETA: 39s - loss: 0.5370 - acc: 0.8046
2688/3458 [======================>.......] - ETA: 37s - loss: 0.5363 - acc: 0.8051
2720/3458 [======================>.......] - ETA: 36s - loss: 0.5360 - acc: 0.8055
2752/3458 [======================>.......] - ETA: 34s - loss: 0.5337 - acc: 0.8078
2784/3458 [=======================>......] - ETA: 33s - loss: 0.5328 - acc: 0.8082
2816/3458 [=======================>......] - ETA: 31s - loss: 0.5349 - acc: 0.8079
2848/3458 [=======================>......] - ETA: 29s - loss: 0.5343 - acc: 0.8079
2880/3458 [=======================>......] - ETA: 28s - loss: 0.5330 - acc: 0.8076
2912/3458 [========================>.....] - ETA: 26s - loss: 0.5339 - acc: 0.8080
2944/3458 [========================>.....] - ETA: 25s - loss: 0.5331 - acc: 0.8081
2976/3458 [========================>.....] - ETA: 23s - loss: 0.5312 - acc: 0.8091
3008/3458 [=========================>....] - ETA: 22s - loss: 0.5302 - acc: 0.8092
3040/3458 [=========================>....] - ETA: 20s - loss: 0.5292 - acc: 0.8086
3072/3458 [=========================>....] - ETA: 18s - loss: 0.5277 - acc: 0.8089
3104/3458 [=========================>....] - ETA: 17s - loss: 0.5283 - acc: 0.8090
3136/3458 [==========================>...] - ETA: 15s - loss: 0.5275 - acc: 0.8090
3168/3458 [==========================>...] - ETA: 14s - loss: 0.5289 - acc: 0.8087
3200/3458 [==========================>...] - ETA: 12s - loss: 0.5276 - acc: 0.8084
3232/3458 [===========================>..] - ETA: 11s - loss: 0.5271 - acc: 0.8082
3264/3458 [===========================>..] - ETA: 9s - loss: 0.5265 - acc: 0.8085 
3296/3458 [===========================>..] - ETA: 7s - loss: 0.5270 - acc: 0.8083
3328/3458 [===========================>..] - ETA: 6s - loss: 0.5259 - acc: 0.8089
3360/3458 [============================>.] - ETA: 4s - loss: 0.5272 - acc: 0.8086
3392/3458 [============================>.] - ETA: 3s - loss: 0.5268 - acc: 0.8087
3424/3458 [============================>.] - ETA: 1s - loss: 0.5291 - acc: 0.8075
3456/3458 [============================>.] - ETA: 0s - loss: 0.5279 - acc: 0.8084
3458/3458 [==============================] - 170s 49ms/sample - loss: 0.5276 - acc: 0.8086

 32/865 [>.............................] - ETA: 8s - loss: 0.9100 - acc: 0.7188
 64/865 [=>............................] - ETA: 7s - loss: 1.0435 - acc: 0.6250
 96/865 [==>...........................] - ETA: 7s - loss: 1.1583 - acc: 0.6042
128/865 [===>..........................] - ETA: 6s - loss: 1.2009 - acc: 0.5859
160/865 [====>.........................] - ETA: 6s - loss: 1.2637 - acc: 0.5813
192/865 [=====>........................] - ETA: 6s - loss: 1.3311 - acc: 0.5573
224/865 [======>.......................] - ETA: 5s - loss: 1.3068 - acc: 0.5670
256/865 [=======>......................] - ETA: 5s - loss: 1.3047 - acc: 0.5664
288/865 [========>.....................] - ETA: 5s - loss: 1.2453 - acc: 0.5764
320/865 [==========>...................] - ETA: 4s - loss: 1.2426 - acc: 0.5750
352/865 [===========>..................] - ETA: 4s - loss: 1.2429 - acc: 0.5682
384/865 [============>.................] - ETA: 4s - loss: 1.2459 - acc: 0.5703
416/865 [=============>................] - ETA: 4s - loss: 1.2797 - acc: 0.5793
448/865 [==============>...............] - ETA: 3s - loss: 1.2982 - acc: 0.5647
480/865 [===============>..............] - ETA: 3s - loss: 1.2968 - acc: 0.5646
512/865 [================>.............] - ETA: 3s - loss: 1.2740 - acc: 0.5781
544/865 [=================>............] - ETA: 2s - loss: 1.2725 - acc: 0.5735
576/865 [==================>...........] - ETA: 2s - loss: 1.2744 - acc: 0.5729
608/865 [====================>.........] - ETA: 2s - loss: 1.2892 - acc: 0.5674
640/865 [=====================>........] - ETA: 2s - loss: 1.2834 - acc: 0.5703
672/865 [======================>.......] - ETA: 1s - loss: 1.2688 - acc: 0.5714
704/865 [=======================>......] - ETA: 1s - loss: 1.2626 - acc: 0.5710
736/865 [========================>.....] - ETA: 1s - loss: 1.2487 - acc: 0.5747
768/865 [=========================>....] - ETA: 0s - loss: 1.2472 - acc: 0.5742
800/865 [==========================>...] - ETA: 0s - loss: 1.2325 - acc: 0.5813
832/865 [===========================>..] - ETA: 0s - loss: 1.2172 - acc: 0.5877
864/865 [============================>.] - ETA: 0s - loss: 1.2215 - acc: 0.5856
865/865 [==============================] - 8s 9ms/sample - loss: 1.2216 - acc: 0.5850
