For Dropout_1=0.0 Dropout_2=0.1
daisy loaded
dandelion loaded
rose loaded
sunflower loaded
tulip loaded

  32/3458 [..............................] - ETA: 3:00 - loss: 1.6467 - acc: 0.1250
  64/3458 [..............................] - ETA: 2:49 - loss: 35.7882 - acc: 0.2344
  96/3458 [..............................] - ETA: 2:45 - loss: 27.6693 - acc: 0.2292
 128/3458 [>.............................] - ETA: 2:42 - loss: 22.1965 - acc: 0.2422
 160/3458 [>.............................] - ETA: 2:39 - loss: 18.1411 - acc: 0.2438
 192/3458 [>.............................] - ETA: 2:37 - loss: 15.4060 - acc: 0.2344
 224/3458 [>.............................] - ETA: 2:35 - loss: 13.4354 - acc: 0.2500
 256/3458 [=>............................] - ETA: 2:33 - loss: 11.9569 - acc: 0.2539
 288/3458 [=>............................] - ETA: 2:31 - loss: 10.8069 - acc: 0.2500
 320/3458 [=>............................] - ETA: 2:29 - loss: 9.8871 - acc: 0.2375 
 352/3458 [==>...........................] - ETA: 2:28 - loss: 9.1347 - acc: 0.2244
 384/3458 [==>...........................] - ETA: 2:26 - loss: 8.5075 - acc: 0.2318
 416/3458 [==>...........................] - ETA: 2:24 - loss: 7.9767 - acc: 0.2308
 448/3458 [==>...........................] - ETA: 2:22 - loss: 7.5219 - acc: 0.2277
 480/3458 [===>..........................] - ETA: 2:21 - loss: 7.1278 - acc: 0.2229
 512/3458 [===>..........................] - ETA: 2:19 - loss: 6.7829 - acc: 0.2129
 544/3458 [===>..........................] - ETA: 2:17 - loss: 6.4786 - acc: 0.2169
 576/3458 [===>..........................] - ETA: 2:16 - loss: 6.2079 - acc: 0.2153
 608/3458 [====>.........................] - ETA: 2:14 - loss: 5.9658 - acc: 0.2155
 640/3458 [====>.........................] - ETA: 2:13 - loss: 5.7478 - acc: 0.2203
 672/3458 [====>.........................] - ETA: 2:11 - loss: 5.5506 - acc: 0.2307
 704/3458 [=====>........................] - ETA: 2:10 - loss: 5.3711 - acc: 0.2344
 736/3458 [=====>........................] - ETA: 2:08 - loss: 5.2052 - acc: 0.2391
 768/3458 [=====>........................] - ETA: 2:07 - loss: 5.0555 - acc: 0.2383
 800/3458 [=====>........................] - ETA: 2:05 - loss: 4.9177 - acc: 0.2362
 832/3458 [======>.......................] - ETA: 2:03 - loss: 4.7870 - acc: 0.2404
 864/3458 [======>.......................] - ETA: 2:02 - loss: 4.6641 - acc: 0.2465
 896/3458 [======>.......................] - ETA: 2:00 - loss: 4.5516 - acc: 0.2522
 928/3458 [=======>......................] - ETA: 1:59 - loss: 4.4478 - acc: 0.2543
 960/3458 [=======>......................] - ETA: 1:57 - loss: 4.3511 - acc: 0.2552
 992/3458 [=======>......................] - ETA: 1:56 - loss: 4.2560 - acc: 0.2581
1024/3458 [=======>......................] - ETA: 1:54 - loss: 4.1658 - acc: 0.2637
1056/3458 [========>.....................] - ETA: 1:53 - loss: 4.0940 - acc: 0.2633
1088/3458 [========>.....................] - ETA: 1:51 - loss: 4.0196 - acc: 0.2629
1120/3458 [========>.....................] - ETA: 1:50 - loss: 3.9487 - acc: 0.2571
1152/3458 [========>.....................] - ETA: 1:48 - loss: 3.8795 - acc: 0.2595
1184/3458 [=========>....................] - ETA: 1:47 - loss: 3.8147 - acc: 0.2593
1216/3458 [=========>....................] - ETA: 1:45 - loss: 3.7505 - acc: 0.2607
1248/3458 [=========>....................] - ETA: 1:44 - loss: 3.6911 - acc: 0.2620
1280/3458 [==========>...................] - ETA: 1:42 - loss: 3.6318 - acc: 0.2656
1312/3458 [==========>...................] - ETA: 1:41 - loss: 3.5802 - acc: 0.2637
1344/3458 [==========>...................] - ETA: 1:39 - loss: 3.5295 - acc: 0.2693
1376/3458 [==========>...................] - ETA: 1:38 - loss: 3.4817 - acc: 0.2725
1408/3458 [===========>..................] - ETA: 1:36 - loss: 3.4358 - acc: 0.2763
1440/3458 [===========>..................] - ETA: 1:35 - loss: 3.3936 - acc: 0.2819
1472/3458 [===========>..................] - ETA: 1:33 - loss: 3.3543 - acc: 0.2812
1504/3458 [============>.................] - ETA: 1:32 - loss: 3.3144 - acc: 0.2832
1536/3458 [============>.................] - ETA: 1:30 - loss: 3.2747 - acc: 0.2845
1568/3458 [============>.................] - ETA: 1:29 - loss: 3.2390 - acc: 0.2876
1600/3458 [============>.................] - ETA: 1:27 - loss: 3.2029 - acc: 0.2894
1632/3458 [=============>................] - ETA: 1:26 - loss: 3.1669 - acc: 0.2904
1664/3458 [=============>................] - ETA: 1:24 - loss: 3.1346 - acc: 0.2915
1696/3458 [=============>................] - ETA: 1:23 - loss: 3.1022 - acc: 0.2925
1728/3458 [=============>................] - ETA: 1:21 - loss: 3.0689 - acc: 0.2951
1760/3458 [==============>...............] - ETA: 1:19 - loss: 3.0395 - acc: 0.2966
1792/3458 [==============>...............] - ETA: 1:18 - loss: 3.0104 - acc: 0.2991
1824/3458 [==============>...............] - ETA: 1:16 - loss: 2.9839 - acc: 0.3004
1856/3458 [===============>..............] - ETA: 1:15 - loss: 2.9551 - acc: 0.3050
1888/3458 [===============>..............] - ETA: 1:13 - loss: 2.9279 - acc: 0.3067
1920/3458 [===============>..............] - ETA: 1:12 - loss: 2.9038 - acc: 0.3068
1952/3458 [===============>..............] - ETA: 1:10 - loss: 2.8798 - acc: 0.3084
1984/3458 [================>.............] - ETA: 1:09 - loss: 2.8578 - acc: 0.3095
2016/3458 [================>.............] - ETA: 1:07 - loss: 2.8351 - acc: 0.3105
2048/3458 [================>.............] - ETA: 1:06 - loss: 2.8126 - acc: 0.3115
2080/3458 [=================>............] - ETA: 1:04 - loss: 2.7921 - acc: 0.3135
2112/3458 [=================>............] - ETA: 1:03 - loss: 2.7717 - acc: 0.3144
2144/3458 [=================>............] - ETA: 1:01 - loss: 2.7535 - acc: 0.3144
2176/3458 [=================>............] - ETA: 1:00 - loss: 2.7341 - acc: 0.3166
2208/3458 [==================>...........] - ETA: 58s - loss: 2.7148 - acc: 0.3184 
2240/3458 [==================>...........] - ETA: 57s - loss: 2.6965 - acc: 0.3183
2272/3458 [==================>...........] - ETA: 55s - loss: 2.6785 - acc: 0.3191
2304/3458 [==================>...........] - ETA: 54s - loss: 2.6598 - acc: 0.3220
2336/3458 [===================>..........] - ETA: 52s - loss: 2.6415 - acc: 0.3232
2368/3458 [===================>..........] - ETA: 51s - loss: 2.6241 - acc: 0.3243
2400/3458 [===================>..........] - ETA: 49s - loss: 2.6092 - acc: 0.3246
2432/3458 [====================>.........] - ETA: 48s - loss: 2.5933 - acc: 0.3265
2464/3458 [====================>.........] - ETA: 46s - loss: 2.5800 - acc: 0.3279
2496/3458 [====================>.........] - ETA: 45s - loss: 2.5727 - acc: 0.3305
2528/3458 [====================>.........] - ETA: 43s - loss: 2.5573 - acc: 0.3331
2560/3458 [=====================>........] - ETA: 42s - loss: 2.5543 - acc: 0.3332
2592/3458 [=====================>........] - ETA: 40s - loss: 2.5448 - acc: 0.3329
2624/3458 [=====================>........] - ETA: 39s - loss: 2.5319 - acc: 0.3346
2656/3458 [======================>.......] - ETA: 37s - loss: 2.5190 - acc: 0.3340
2688/3458 [======================>.......] - ETA: 36s - loss: 2.5077 - acc: 0.3326
2720/3458 [======================>.......] - ETA: 34s - loss: 2.4968 - acc: 0.3331
2752/3458 [======================>.......] - ETA: 33s - loss: 2.4853 - acc: 0.3321
2784/3458 [=======================>......] - ETA: 31s - loss: 2.4737 - acc: 0.3330
2816/3458 [=======================>......] - ETA: 30s - loss: 2.4622 - acc: 0.3342
2848/3458 [=======================>......] - ETA: 28s - loss: 2.4502 - acc: 0.3357
2880/3458 [=======================>......] - ETA: 27s - loss: 2.4396 - acc: 0.3354
2912/3458 [========================>.....] - ETA: 25s - loss: 2.4292 - acc: 0.3359
2944/3458 [========================>.....] - ETA: 24s - loss: 2.4201 - acc: 0.3363
2976/3458 [========================>.....] - ETA: 22s - loss: 2.4074 - acc: 0.3384
3008/3458 [=========================>....] - ETA: 21s - loss: 2.3975 - acc: 0.3368
3040/3458 [=========================>....] - ETA: 19s - loss: 2.3858 - acc: 0.3388
3072/3458 [=========================>....] - ETA: 18s - loss: 2.3770 - acc: 0.3402
3104/3458 [=========================>....] - ETA: 16s - loss: 2.3650 - acc: 0.3409
3136/3458 [==========================>...] - ETA: 15s - loss: 2.3539 - acc: 0.3409
3168/3458 [==========================>...] - ETA: 13s - loss: 2.3430 - acc: 0.3415
3200/3458 [==========================>...] - ETA: 12s - loss: 2.3327 - acc: 0.3422
3232/3458 [===========================>..] - ETA: 10s - loss: 2.3224 - acc: 0.3434
3264/3458 [===========================>..] - ETA: 9s - loss: 2.3134 - acc: 0.3438 
3296/3458 [===========================>..] - ETA: 7s - loss: 2.3067 - acc: 0.3438
3328/3458 [===========================>..] - ETA: 6s - loss: 2.2965 - acc: 0.3441
3360/3458 [============================>.] - ETA: 4s - loss: 2.2878 - acc: 0.3443
3392/3458 [============================>.] - ETA: 3s - loss: 2.2777 - acc: 0.3467
3424/3458 [============================>.] - ETA: 1s - loss: 2.2693 - acc: 0.3473
3456/3458 [============================>.] - ETA: 0s - loss: 2.2629 - acc: 0.3472
3458/3458 [==============================] - 163s 47ms/sample - loss: 2.2622 - acc: 0.3473

 32/865 [>.............................] - ETA: 8s - loss: 1.4796 - acc: 0.4688
 64/865 [=>............................] - ETA: 7s - loss: 1.4390 - acc: 0.4688
 96/865 [==>...........................] - ETA: 7s - loss: 1.4754 - acc: 0.4479
128/865 [===>..........................] - ETA: 7s - loss: 1.5143 - acc: 0.3906
160/865 [====>.........................] - ETA: 6s - loss: 1.4935 - acc: 0.3938
192/865 [=====>........................] - ETA: 6s - loss: 1.4817 - acc: 0.4115
224/865 [======>.......................] - ETA: 6s - loss: 1.4675 - acc: 0.3929
256/865 [=======>......................] - ETA: 5s - loss: 1.4936 - acc: 0.3867
288/865 [========>.....................] - ETA: 5s - loss: 1.4712 - acc: 0.3993
320/865 [==========>...................] - ETA: 5s - loss: 1.4727 - acc: 0.3938
352/865 [===========>..................] - ETA: 4s - loss: 1.4736 - acc: 0.3892
384/865 [============>.................] - ETA: 4s - loss: 1.4712 - acc: 0.3776
416/865 [=============>................] - ETA: 4s - loss: 1.4637 - acc: 0.3798
448/865 [==============>...............] - ETA: 3s - loss: 1.4794 - acc: 0.3728
480/865 [===============>..............] - ETA: 3s - loss: 1.4721 - acc: 0.3812
512/865 [================>.............] - ETA: 3s - loss: 1.4749 - acc: 0.3789
544/865 [=================>............] - ETA: 2s - loss: 1.4673 - acc: 0.3805
576/865 [==================>...........] - ETA: 2s - loss: 1.4651 - acc: 0.3750
608/865 [====================>.........] - ETA: 2s - loss: 1.4687 - acc: 0.3766
640/865 [=====================>........] - ETA: 2s - loss: 1.4694 - acc: 0.3672
672/865 [======================>.......] - ETA: 1s - loss: 1.4785 - acc: 0.3586
704/865 [=======================>......] - ETA: 1s - loss: 1.4774 - acc: 0.3580
736/865 [========================>.....] - ETA: 1s - loss: 1.4790 - acc: 0.3628
768/865 [=========================>....] - ETA: 0s - loss: 1.4814 - acc: 0.3620
800/865 [==========================>...] - ETA: 0s - loss: 1.4846 - acc: 0.3600
832/865 [===========================>..] - ETA: 0s - loss: 1.4787 - acc: 0.3606
864/865 [============================>.] - ETA: 0s - loss: 1.4709 - acc: 0.3611
865/865 [==============================] - 8s 9ms/sample - loss: 1.4700 - acc: 0.3618

  32/3458 [..............................] - ETA: 2:39 - loss: 1.4760 - acc: 0.2812
  64/3458 [..............................] - ETA: 2:37 - loss: 1.4174 - acc: 0.3281
  96/3458 [..............................] - ETA: 2:35 - loss: 1.4291 - acc: 0.3333
 128/3458 [>.............................] - ETA: 2:35 - loss: 1.3548 - acc: 0.3750
 160/3458 [>.............................] - ETA: 2:34 - loss: 1.3620 - acc: 0.3750
 192/3458 [>.............................] - ETA: 2:31 - loss: 1.3707 - acc: 0.3906
 224/3458 [>.............................] - ETA: 2:30 - loss: 1.3690 - acc: 0.4018
 256/3458 [=>............................] - ETA: 2:28 - loss: 1.3645 - acc: 0.3984
 288/3458 [=>............................] - ETA: 2:27 - loss: 1.3492 - acc: 0.3854
 320/3458 [=>............................] - ETA: 2:26 - loss: 1.3376 - acc: 0.4000
 352/3458 [==>...........................] - ETA: 2:25 - loss: 1.3358 - acc: 0.4176
 384/3458 [==>...........................] - ETA: 2:23 - loss: 1.3252 - acc: 0.4271
 416/3458 [==>...........................] - ETA: 2:22 - loss: 1.3152 - acc: 0.4375
 448/3458 [==>...........................] - ETA: 2:20 - loss: 1.3228 - acc: 0.4353
 480/3458 [===>..........................] - ETA: 2:19 - loss: 1.3149 - acc: 0.4479
 512/3458 [===>..........................] - ETA: 2:17 - loss: 1.3147 - acc: 0.4551
 544/3458 [===>..........................] - ETA: 2:16 - loss: 1.3093 - acc: 0.4614
 576/3458 [===>..........................] - ETA: 2:14 - loss: 1.3014 - acc: 0.4722
 608/3458 [====>.........................] - ETA: 2:13 - loss: 1.3098 - acc: 0.4704
 640/3458 [====>.........................] - ETA: 2:11 - loss: 1.2946 - acc: 0.4859
 672/3458 [====>.........................] - ETA: 2:10 - loss: 1.2833 - acc: 0.4955
 704/3458 [=====>........................] - ETA: 2:09 - loss: 1.2708 - acc: 0.4957
 736/3458 [=====>........................] - ETA: 2:07 - loss: 1.2580 - acc: 0.5027
 768/3458 [=====>........................] - ETA: 2:06 - loss: 1.2624 - acc: 0.4987
 800/3458 [=====>........................] - ETA: 2:04 - loss: 1.2609 - acc: 0.4963
 832/3458 [======>.......................] - ETA: 2:03 - loss: 1.2541 - acc: 0.4964
 864/3458 [======>.......................] - ETA: 2:01 - loss: 1.2479 - acc: 0.4965
 896/3458 [======>.......................] - ETA: 2:00 - loss: 1.2454 - acc: 0.4955
 928/3458 [=======>......................] - ETA: 1:58 - loss: 1.2456 - acc: 0.4946
 960/3458 [=======>......................] - ETA: 1:57 - loss: 1.2475 - acc: 0.4927
 992/3458 [=======>......................] - ETA: 1:55 - loss: 1.2458 - acc: 0.4909
1024/3458 [=======>......................] - ETA: 1:54 - loss: 1.2454 - acc: 0.4893
1056/3458 [========>.....................] - ETA: 1:52 - loss: 1.2452 - acc: 0.4858
1088/3458 [========>.....................] - ETA: 1:51 - loss: 1.2553 - acc: 0.4844
1120/3458 [========>.....................] - ETA: 1:49 - loss: 1.2543 - acc: 0.4839
1152/3458 [========>.....................] - ETA: 1:48 - loss: 1.2573 - acc: 0.4818
1184/3458 [=========>....................] - ETA: 1:46 - loss: 1.2566 - acc: 0.4831
1216/3458 [=========>....................] - ETA: 1:45 - loss: 1.2571 - acc: 0.4819
1248/3458 [=========>....................] - ETA: 1:43 - loss: 1.2620 - acc: 0.4800
1280/3458 [==========>...................] - ETA: 1:42 - loss: 1.2681 - acc: 0.4797
1312/3458 [==========>...................] - ETA: 1:40 - loss: 1.2706 - acc: 0.4779
1344/3458 [==========>...................] - ETA: 1:39 - loss: 1.2764 - acc: 0.4747
1376/3458 [==========>...................] - ETA: 1:37 - loss: 1.2803 - acc: 0.4724
1408/3458 [===========>..................] - ETA: 1:36 - loss: 1.2809 - acc: 0.4723
1440/3458 [===========>..................] - ETA: 1:34 - loss: 1.2840 - acc: 0.4694
1472/3458 [===========>..................] - ETA: 1:33 - loss: 1.2869 - acc: 0.4667
1504/3458 [============>.................] - ETA: 1:31 - loss: 1.2948 - acc: 0.4628
1536/3458 [============>.................] - ETA: 1:30 - loss: 1.2981 - acc: 0.4622
1568/3458 [============>.................] - ETA: 1:28 - loss: 1.3021 - acc: 0.4598
1600/3458 [============>.................] - ETA: 1:27 - loss: 1.3027 - acc: 0.4600
1632/3458 [=============>................] - ETA: 1:25 - loss: 1.3052 - acc: 0.4608
1664/3458 [=============>................] - ETA: 1:24 - loss: 1.3073 - acc: 0.4603
1696/3458 [=============>................] - ETA: 1:22 - loss: 1.3079 - acc: 0.4611
1728/3458 [=============>................] - ETA: 1:21 - loss: 1.3087 - acc: 0.4624
1760/3458 [==============>...............] - ETA: 1:19 - loss: 1.3117 - acc: 0.4602
1792/3458 [==============>...............] - ETA: 1:18 - loss: 1.3124 - acc: 0.4598
1824/3458 [==============>...............] - ETA: 1:16 - loss: 1.3105 - acc: 0.4627
1856/3458 [===============>..............] - ETA: 1:15 - loss: 1.3108 - acc: 0.4650
1888/3458 [===============>..............] - ETA: 1:13 - loss: 1.3100 - acc: 0.4672
1920/3458 [===============>..............] - ETA: 1:12 - loss: 1.3082 - acc: 0.4693
1952/3458 [===============>..............] - ETA: 1:10 - loss: 1.3057 - acc: 0.4698
1984/3458 [================>.............] - ETA: 1:09 - loss: 1.3009 - acc: 0.4713
2016/3458 [================>.............] - ETA: 1:07 - loss: 1.2984 - acc: 0.4732
2048/3458 [================>.............] - ETA: 1:06 - loss: 1.2985 - acc: 0.4741
2080/3458 [=================>............] - ETA: 1:04 - loss: 1.2985 - acc: 0.4750
2112/3458 [=================>............] - ETA: 1:03 - loss: 1.3002 - acc: 0.4744
2144/3458 [=================>............] - ETA: 1:01 - loss: 1.3010 - acc: 0.4753
2176/3458 [=================>............] - ETA: 1:00 - loss: 1.3134 - acc: 0.4747
2208/3458 [==================>...........] - ETA: 58s - loss: 1.3107 - acc: 0.4760 
2240/3458 [==================>...........] - ETA: 57s - loss: 1.3064 - acc: 0.4777
2272/3458 [==================>...........] - ETA: 55s - loss: 1.3063 - acc: 0.4776
2304/3458 [==================>...........] - ETA: 54s - loss: 1.3034 - acc: 0.4779
2336/3458 [===================>..........] - ETA: 52s - loss: 1.3000 - acc: 0.4803
2368/3458 [===================>..........] - ETA: 51s - loss: 1.3033 - acc: 0.4802
2400/3458 [===================>..........] - ETA: 49s - loss: 1.3023 - acc: 0.4804
2432/3458 [====================>.........] - ETA: 48s - loss: 1.3004 - acc: 0.4794
2464/3458 [====================>.........] - ETA: 46s - loss: 1.2968 - acc: 0.4817
2496/3458 [====================>.........] - ETA: 45s - loss: 1.2946 - acc: 0.4840
2528/3458 [====================>.........] - ETA: 43s - loss: 1.2928 - acc: 0.4858
2560/3458 [=====================>........] - ETA: 42s - loss: 1.2924 - acc: 0.4848
2592/3458 [=====================>........] - ETA: 40s - loss: 1.2916 - acc: 0.4861
2624/3458 [=====================>........] - ETA: 39s - loss: 1.2892 - acc: 0.4867
2656/3458 [======================>.......] - ETA: 37s - loss: 1.2865 - acc: 0.4876
2688/3458 [======================>.......] - ETA: 36s - loss: 1.2840 - acc: 0.4881
2720/3458 [======================>.......] - ETA: 34s - loss: 1.2831 - acc: 0.4890
2752/3458 [======================>.......] - ETA: 33s - loss: 1.2840 - acc: 0.4891
2784/3458 [=======================>......] - ETA: 31s - loss: 1.2824 - acc: 0.4892
2816/3458 [=======================>......] - ETA: 30s - loss: 1.2821 - acc: 0.4904
2848/3458 [=======================>......] - ETA: 28s - loss: 1.2825 - acc: 0.4898
2880/3458 [=======================>......] - ETA: 27s - loss: 1.2837 - acc: 0.4885
2912/3458 [========================>.....] - ETA: 25s - loss: 1.2835 - acc: 0.4880
2944/3458 [========================>.....] - ETA: 24s - loss: 1.2806 - acc: 0.4891
2976/3458 [========================>.....] - ETA: 22s - loss: 1.2763 - acc: 0.4913
3008/3458 [=========================>....] - ETA: 21s - loss: 1.2743 - acc: 0.4917
3040/3458 [=========================>....] - ETA: 19s - loss: 1.2727 - acc: 0.4921
3072/3458 [=========================>....] - ETA: 18s - loss: 1.2716 - acc: 0.4922
3104/3458 [=========================>....] - ETA: 16s - loss: 1.2726 - acc: 0.4919
3136/3458 [==========================>...] - ETA: 15s - loss: 1.2728 - acc: 0.4927
3168/3458 [==========================>...] - ETA: 13s - loss: 1.2716 - acc: 0.4934
3200/3458 [==========================>...] - ETA: 12s - loss: 1.2715 - acc: 0.4934
3232/3458 [===========================>..] - ETA: 10s - loss: 1.2724 - acc: 0.4941
3264/3458 [===========================>..] - ETA: 9s - loss: 1.2725 - acc: 0.4951 
3296/3458 [===========================>..] - ETA: 7s - loss: 1.2721 - acc: 0.4964
3328/3458 [===========================>..] - ETA: 6s - loss: 1.2747 - acc: 0.4955
3360/3458 [============================>.] - ETA: 4s - loss: 1.2750 - acc: 0.4958
3392/3458 [============================>.] - ETA: 3s - loss: 1.2726 - acc: 0.4971
3424/3458 [============================>.] - ETA: 1s - loss: 1.2734 - acc: 0.4971
3456/3458 [============================>.] - ETA: 0s - loss: 1.2730 - acc: 0.4971
3458/3458 [==============================] - 163s 47ms/sample - loss: 1.2726 - acc: 0.4974

 32/865 [>.............................] - ETA: 7s - loss: 1.5415 - acc: 0.4062
 64/865 [=>............................] - ETA: 7s - loss: 1.3593 - acc: 0.4688
 96/865 [==>...........................] - ETA: 7s - loss: 1.3609 - acc: 0.4688
128/865 [===>..........................] - ETA: 6s - loss: 1.3772 - acc: 0.4531
160/865 [====>.........................] - ETA: 6s - loss: 1.3612 - acc: 0.4625
192/865 [=====>........................] - ETA: 6s - loss: 1.3724 - acc: 0.4427
224/865 [======>.......................] - ETA: 5s - loss: 1.3345 - acc: 0.4598
256/865 [=======>......................] - ETA: 5s - loss: 1.3790 - acc: 0.4609
288/865 [========>.....................] - ETA: 5s - loss: 1.3313 - acc: 0.4861
320/865 [==========>...................] - ETA: 4s - loss: 1.3518 - acc: 0.4781
352/865 [===========>..................] - ETA: 4s - loss: 1.3543 - acc: 0.4659
384/865 [============>.................] - ETA: 4s - loss: 1.3564 - acc: 0.4531
416/865 [=============>................] - ETA: 4s - loss: 1.3464 - acc: 0.4543
448/865 [==============>...............] - ETA: 3s - loss: 1.3514 - acc: 0.4621
480/865 [===============>..............] - ETA: 3s - loss: 1.3346 - acc: 0.4729
512/865 [================>.............] - ETA: 3s - loss: 1.3350 - acc: 0.4805
544/865 [=================>............] - ETA: 2s - loss: 1.3335 - acc: 0.4816
576/865 [==================>...........] - ETA: 2s - loss: 1.3343 - acc: 0.4809
608/865 [====================>.........] - ETA: 2s - loss: 1.3354 - acc: 0.4753
640/865 [=====================>........] - ETA: 2s - loss: 1.3336 - acc: 0.4750
672/865 [======================>.......] - ETA: 1s - loss: 1.3321 - acc: 0.4807
704/865 [=======================>......] - ETA: 1s - loss: 1.3370 - acc: 0.4801
736/865 [========================>.....] - ETA: 1s - loss: 1.3478 - acc: 0.4783
768/865 [=========================>....] - ETA: 0s - loss: 1.3383 - acc: 0.4818
800/865 [==========================>...] - ETA: 0s - loss: 1.3349 - acc: 0.4825
832/865 [===========================>..] - ETA: 0s - loss: 1.3262 - acc: 0.4820
864/865 [============================>.] - ETA: 0s - loss: 1.3248 - acc: 0.4826
865/865 [==============================] - 8s 9ms/sample - loss: 1.3266 - acc: 0.4821

  32/3458 [..............................] - ETA: 2:37 - loss: 1.0205 - acc: 0.6562
  64/3458 [..............................] - ETA: 2:36 - loss: 0.9874 - acc: 0.6562
  96/3458 [..............................] - ETA: 2:36 - loss: 1.0322 - acc: 0.6250
 128/3458 [>.............................] - ETA: 2:34 - loss: 1.0253 - acc: 0.6016
 160/3458 [>.............................] - ETA: 2:33 - loss: 1.0225 - acc: 0.5938
 192/3458 [>.............................] - ETA: 2:32 - loss: 0.9916 - acc: 0.6094
 224/3458 [>.............................] - ETA: 2:30 - loss: 0.9935 - acc: 0.6027
 256/3458 [=>............................] - ETA: 2:29 - loss: 0.9581 - acc: 0.6172
 288/3458 [=>............................] - ETA: 2:27 - loss: 0.9398 - acc: 0.6285
 320/3458 [=>............................] - ETA: 2:26 - loss: 0.9350 - acc: 0.6219
 352/3458 [==>...........................] - ETA: 2:24 - loss: 0.9875 - acc: 0.6108
 384/3458 [==>...........................] - ETA: 2:23 - loss: 0.9657 - acc: 0.6250
 416/3458 [==>...........................] - ETA: 2:22 - loss: 0.9626 - acc: 0.6274
 448/3458 [==>...........................] - ETA: 2:21 - loss: 0.9704 - acc: 0.6272
 480/3458 [===>..........................] - ETA: 2:19 - loss: 0.9896 - acc: 0.6146
 512/3458 [===>..........................] - ETA: 2:18 - loss: 1.0009 - acc: 0.6074
 544/3458 [===>..........................] - ETA: 2:16 - loss: 1.0017 - acc: 0.6029
 576/3458 [===>..........................] - ETA: 2:14 - loss: 0.9932 - acc: 0.6111
 608/3458 [====>.........................] - ETA: 2:13 - loss: 0.9857 - acc: 0.6168
 640/3458 [====>.........................] - ETA: 2:11 - loss: 0.9848 - acc: 0.6203
 672/3458 [====>.........................] - ETA: 2:10 - loss: 0.9903 - acc: 0.6176
 704/3458 [=====>........................] - ETA: 2:08 - loss: 0.9907 - acc: 0.6193
 736/3458 [=====>........................] - ETA: 2:07 - loss: 0.9947 - acc: 0.6168
 768/3458 [=====>........................] - ETA: 2:06 - loss: 1.0018 - acc: 0.6159
 800/3458 [=====>........................] - ETA: 2:04 - loss: 1.0008 - acc: 0.6150
 832/3458 [======>.......................] - ETA: 2:03 - loss: 0.9960 - acc: 0.6166
 864/3458 [======>.......................] - ETA: 2:01 - loss: 0.9908 - acc: 0.6204
 896/3458 [======>.......................] - ETA: 2:00 - loss: 0.9868 - acc: 0.6239
 928/3458 [=======>......................] - ETA: 1:58 - loss: 0.9836 - acc: 0.6272
 960/3458 [=======>......................] - ETA: 1:57 - loss: 0.9888 - acc: 0.6250
 992/3458 [=======>......................] - ETA: 1:55 - loss: 0.9914 - acc: 0.6240
1024/3458 [=======>......................] - ETA: 1:54 - loss: 0.9835 - acc: 0.6279
1056/3458 [========>.....................] - ETA: 1:52 - loss: 0.9831 - acc: 0.6278
1088/3458 [========>.....................] - ETA: 1:51 - loss: 0.9768 - acc: 0.6305
1120/3458 [========>.....................] - ETA: 1:49 - loss: 0.9750 - acc: 0.6304
1152/3458 [========>.....................] - ETA: 1:48 - loss: 0.9749 - acc: 0.6311
1184/3458 [=========>....................] - ETA: 1:46 - loss: 0.9738 - acc: 0.6334
1216/3458 [=========>....................] - ETA: 1:45 - loss: 0.9678 - acc: 0.6373
1248/3458 [=========>....................] - ETA: 1:43 - loss: 0.9659 - acc: 0.6394
1280/3458 [==========>...................] - ETA: 1:42 - loss: 0.9629 - acc: 0.6414
1312/3458 [==========>...................] - ETA: 1:40 - loss: 0.9605 - acc: 0.6402
1344/3458 [==========>...................] - ETA: 1:39 - loss: 0.9605 - acc: 0.6399
1376/3458 [==========>...................] - ETA: 1:37 - loss: 0.9511 - acc: 0.6424
1408/3458 [===========>..................] - ETA: 1:36 - loss: 0.9475 - acc: 0.6428
1440/3458 [===========>..................] - ETA: 1:34 - loss: 0.9456 - acc: 0.6438
1472/3458 [===========>..................] - ETA: 1:33 - loss: 0.9439 - acc: 0.6440
1504/3458 [============>.................] - ETA: 1:31 - loss: 0.9407 - acc: 0.6449
1536/3458 [============>.................] - ETA: 1:30 - loss: 0.9405 - acc: 0.6452
1568/3458 [============>.................] - ETA: 1:28 - loss: 0.9408 - acc: 0.6435
1600/3458 [============>.................] - ETA: 1:27 - loss: 0.9418 - acc: 0.6400
1632/3458 [=============>................] - ETA: 1:25 - loss: 0.9432 - acc: 0.6385
1664/3458 [=============>................] - ETA: 1:24 - loss: 0.9397 - acc: 0.6394
1696/3458 [=============>................] - ETA: 1:22 - loss: 0.9389 - acc: 0.6403
1728/3458 [=============>................] - ETA: 1:21 - loss: 0.9391 - acc: 0.6412
1760/3458 [==============>...............] - ETA: 1:19 - loss: 0.9387 - acc: 0.6415
1792/3458 [==============>...............] - ETA: 1:18 - loss: 0.9429 - acc: 0.6406
1824/3458 [==============>...............] - ETA: 1:16 - loss: 0.9414 - acc: 0.6409
1856/3458 [===============>..............] - ETA: 1:15 - loss: 0.9414 - acc: 0.6412
1888/3458 [===============>..............] - ETA: 1:13 - loss: 0.9475 - acc: 0.6398
1920/3458 [===============>..............] - ETA: 1:12 - loss: 0.9471 - acc: 0.6391
1952/3458 [===============>..............] - ETA: 1:10 - loss: 0.9458 - acc: 0.6393
1984/3458 [================>.............] - ETA: 1:09 - loss: 0.9480 - acc: 0.6376
2016/3458 [================>.............] - ETA: 1:07 - loss: 0.9459 - acc: 0.6384
2048/3458 [================>.............] - ETA: 1:06 - loss: 0.9477 - acc: 0.6382
2080/3458 [=================>............] - ETA: 1:04 - loss: 0.9481 - acc: 0.6385
2112/3458 [=================>............] - ETA: 1:03 - loss: 0.9462 - acc: 0.6397
2144/3458 [=================>............] - ETA: 1:01 - loss: 0.9449 - acc: 0.6399
2176/3458 [=================>............] - ETA: 1:00 - loss: 0.9445 - acc: 0.6397
2208/3458 [==================>...........] - ETA: 58s - loss: 0.9451 - acc: 0.6404 
2240/3458 [==================>...........] - ETA: 57s - loss: 0.9439 - acc: 0.6415
2272/3458 [==================>...........] - ETA: 55s - loss: 0.9500 - acc: 0.6395
2304/3458 [==================>...........] - ETA: 54s - loss: 0.9513 - acc: 0.6393
2336/3458 [===================>..........] - ETA: 52s - loss: 0.9524 - acc: 0.6413
2368/3458 [===================>..........] - ETA: 51s - loss: 0.9555 - acc: 0.6398
2400/3458 [===================>..........] - ETA: 49s - loss: 0.9536 - acc: 0.6413
2432/3458 [====================>.........] - ETA: 48s - loss: 0.9519 - acc: 0.6419
2464/3458 [====================>.........] - ETA: 46s - loss: 0.9525 - acc: 0.6420
2496/3458 [====================>.........] - ETA: 45s - loss: 0.9531 - acc: 0.6418
2528/3458 [====================>.........] - ETA: 43s - loss: 0.9507 - acc: 0.6432
2560/3458 [=====================>........] - ETA: 42s - loss: 0.9494 - acc: 0.6430
2592/3458 [=====================>........] - ETA: 40s - loss: 0.9480 - acc: 0.6431
2624/3458 [=====================>........] - ETA: 39s - loss: 0.9506 - acc: 0.6425
2656/3458 [======================>.......] - ETA: 37s - loss: 0.9492 - acc: 0.6442
2688/3458 [======================>.......] - ETA: 36s - loss: 0.9474 - acc: 0.6447
2720/3458 [======================>.......] - ETA: 34s - loss: 0.9448 - acc: 0.6456
2752/3458 [======================>.......] - ETA: 33s - loss: 0.9459 - acc: 0.6457
2784/3458 [=======================>......] - ETA: 31s - loss: 0.9466 - acc: 0.6455
2816/3458 [=======================>......] - ETA: 30s - loss: 0.9470 - acc: 0.6449
2848/3458 [=======================>......] - ETA: 28s - loss: 0.9471 - acc: 0.6450
2880/3458 [=======================>......] - ETA: 27s - loss: 0.9481 - acc: 0.6438
2912/3458 [========================>.....] - ETA: 25s - loss: 0.9480 - acc: 0.6446
2944/3458 [========================>.....] - ETA: 24s - loss: 0.9502 - acc: 0.6440
2976/3458 [========================>.....] - ETA: 22s - loss: 0.9483 - acc: 0.6448
3008/3458 [=========================>....] - ETA: 21s - loss: 0.9472 - acc: 0.6456
3040/3458 [=========================>....] - ETA: 19s - loss: 0.9468 - acc: 0.6464
3072/3458 [=========================>....] - ETA: 18s - loss: 0.9438 - acc: 0.6481
3104/3458 [=========================>....] - ETA: 16s - loss: 0.9420 - acc: 0.6488
3136/3458 [==========================>...] - ETA: 15s - loss: 0.9442 - acc: 0.6496
3168/3458 [==========================>...] - ETA: 13s - loss: 0.9453 - acc: 0.6496
3200/3458 [==========================>...] - ETA: 12s - loss: 0.9452 - acc: 0.6494
3232/3458 [===========================>..] - ETA: 10s - loss: 0.9462 - acc: 0.6494
3264/3458 [===========================>..] - ETA: 9s - loss: 0.9428 - acc: 0.6507 
3296/3458 [===========================>..] - ETA: 7s - loss: 0.9465 - acc: 0.6493
3328/3458 [===========================>..] - ETA: 6s - loss: 0.9438 - acc: 0.6499
3360/3458 [============================>.] - ETA: 4s - loss: 0.9445 - acc: 0.6494
3392/3458 [============================>.] - ETA: 3s - loss: 0.9453 - acc: 0.6489
3424/3458 [============================>.] - ETA: 1s - loss: 0.9462 - acc: 0.6492
3456/3458 [============================>.] - ETA: 0s - loss: 0.9468 - acc: 0.6490
3458/3458 [==============================] - 163s 47ms/sample - loss: 0.9465 - acc: 0.6492

 32/865 [>.............................] - ETA: 7s - loss: 1.1971 - acc: 0.5625
 64/865 [=>............................] - ETA: 7s - loss: 1.0620 - acc: 0.5938
 96/865 [==>...........................] - ETA: 6s - loss: 1.2117 - acc: 0.5417
128/865 [===>..........................] - ETA: 6s - loss: 1.2578 - acc: 0.5078
160/865 [====>.........................] - ETA: 6s - loss: 1.2236 - acc: 0.5125
192/865 [=====>........................] - ETA: 6s - loss: 1.2407 - acc: 0.5000
224/865 [======>.......................] - ETA: 5s - loss: 1.2137 - acc: 0.5134
256/865 [=======>......................] - ETA: 5s - loss: 1.2397 - acc: 0.5195
288/865 [========>.....................] - ETA: 5s - loss: 1.1851 - acc: 0.5347
320/865 [==========>...................] - ETA: 4s - loss: 1.1938 - acc: 0.5312
352/865 [===========>..................] - ETA: 4s - loss: 1.2070 - acc: 0.5170
384/865 [============>.................] - ETA: 4s - loss: 1.2176 - acc: 0.5026
416/865 [=============>................] - ETA: 4s - loss: 1.2015 - acc: 0.5120
448/865 [==============>...............] - ETA: 3s - loss: 1.2303 - acc: 0.5045
480/865 [===============>..............] - ETA: 3s - loss: 1.2185 - acc: 0.5083
512/865 [================>.............] - ETA: 3s - loss: 1.2315 - acc: 0.5078
544/865 [=================>............] - ETA: 2s - loss: 1.2393 - acc: 0.5055
576/865 [==================>...........] - ETA: 2s - loss: 1.2448 - acc: 0.5035
608/865 [====================>.........] - ETA: 2s - loss: 1.2499 - acc: 0.5066
640/865 [=====================>........] - ETA: 2s - loss: 1.2482 - acc: 0.5078
672/865 [======================>.......] - ETA: 1s - loss: 1.2409 - acc: 0.5104
704/865 [=======================>......] - ETA: 1s - loss: 1.2500 - acc: 0.5071
736/865 [========================>.....] - ETA: 1s - loss: 1.2541 - acc: 0.5027
768/865 [=========================>....] - ETA: 0s - loss: 1.2445 - acc: 0.5052
800/865 [==========================>...] - ETA: 0s - loss: 1.2361 - acc: 0.5075
832/865 [===========================>..] - ETA: 0s - loss: 1.2264 - acc: 0.5084
864/865 [============================>.] - ETA: 0s - loss: 1.2326 - acc: 0.5069
865/865 [==============================] - 8s 9ms/sample - loss: 1.2320 - acc: 0.5064

  32/3458 [..............................] - ETA: 2:38 - loss: 0.4611 - acc: 0.9062
  64/3458 [..............................] - ETA: 2:38 - loss: 0.4607 - acc: 0.9062
  96/3458 [..............................] - ETA: 2:37 - loss: 0.5117 - acc: 0.8646
 128/3458 [>.............................] - ETA: 2:36 - loss: 0.5485 - acc: 0.8516
 160/3458 [>.............................] - ETA: 2:34 - loss: 0.5186 - acc: 0.8500
 192/3458 [>.............................] - ETA: 2:33 - loss: 0.5723 - acc: 0.8229
 224/3458 [>.............................] - ETA: 2:32 - loss: 0.5861 - acc: 0.8125
 256/3458 [=>............................] - ETA: 2:30 - loss: 0.5728 - acc: 0.8164
 288/3458 [=>............................] - ETA: 2:28 - loss: 0.5733 - acc: 0.8264
 320/3458 [=>............................] - ETA: 2:27 - loss: 0.5626 - acc: 0.8281
 352/3458 [==>...........................] - ETA: 2:25 - loss: 0.5738 - acc: 0.8295
 384/3458 [==>...........................] - ETA: 2:24 - loss: 0.5848 - acc: 0.8229
 416/3458 [==>...........................] - ETA: 2:22 - loss: 0.5570 - acc: 0.8341
 448/3458 [==>...........................] - ETA: 2:21 - loss: 0.5553 - acc: 0.8259
 480/3458 [===>..........................] - ETA: 2:19 - loss: 0.5571 - acc: 0.8271
 512/3458 [===>..........................] - ETA: 2:18 - loss: 0.5593 - acc: 0.8242
 544/3458 [===>..........................] - ETA: 2:16 - loss: 0.5505 - acc: 0.8272
 576/3458 [===>..........................] - ETA: 2:15 - loss: 0.5512 - acc: 0.8247
 608/3458 [====>.........................] - ETA: 2:13 - loss: 0.5587 - acc: 0.8207
 640/3458 [====>.........................] - ETA: 2:12 - loss: 0.5460 - acc: 0.8234
 672/3458 [====>.........................] - ETA: 2:10 - loss: 0.5388 - acc: 0.8229
 704/3458 [=====>........................] - ETA: 2:09 - loss: 0.5316 - acc: 0.8239
 736/3458 [=====>........................] - ETA: 2:07 - loss: 0.5287 - acc: 0.8261
 768/3458 [=====>........................] - ETA: 2:06 - loss: 0.5414 - acc: 0.8151
 800/3458 [=====>........................] - ETA: 2:04 - loss: 0.5445 - acc: 0.8100
 832/3458 [======>.......................] - ETA: 2:03 - loss: 0.5572 - acc: 0.8041
 864/3458 [======>.......................] - ETA: 2:01 - loss: 0.5570 - acc: 0.8056
 896/3458 [======>.......................] - ETA: 2:00 - loss: 0.5499 - acc: 0.8103
 928/3458 [=======>......................] - ETA: 1:58 - loss: 0.5506 - acc: 0.8093
 960/3458 [=======>......................] - ETA: 1:57 - loss: 0.5498 - acc: 0.8073
 992/3458 [=======>......................] - ETA: 1:55 - loss: 0.5516 - acc: 0.8075
1024/3458 [=======>......................] - ETA: 1:54 - loss: 0.5463 - acc: 0.8086
1056/3458 [========>.....................] - ETA: 1:52 - loss: 0.5479 - acc: 0.8078
1088/3458 [========>.....................] - ETA: 1:51 - loss: 0.5436 - acc: 0.8107
1120/3458 [========>.....................] - ETA: 1:49 - loss: 0.5443 - acc: 0.8107
1152/3458 [========>.....................] - ETA: 1:48 - loss: 0.5421 - acc: 0.8108
1184/3458 [=========>....................] - ETA: 1:46 - loss: 0.5425 - acc: 0.8117
1216/3458 [=========>....................] - ETA: 1:45 - loss: 0.5373 - acc: 0.8133
1248/3458 [=========>....................] - ETA: 1:43 - loss: 0.5386 - acc: 0.8133
1280/3458 [==========>...................] - ETA: 1:42 - loss: 0.5395 - acc: 0.8125
1312/3458 [==========>...................] - ETA: 1:40 - loss: 0.5405 - acc: 0.8102
1344/3458 [==========>...................] - ETA: 1:39 - loss: 0.5360 - acc: 0.8140
1376/3458 [==========>...................] - ETA: 1:37 - loss: 0.5448 - acc: 0.8118
1408/3458 [===========>..................] - ETA: 1:36 - loss: 0.5438 - acc: 0.8132
1440/3458 [===========>..................] - ETA: 1:34 - loss: 0.5388 - acc: 0.8153
1472/3458 [===========>..................] - ETA: 1:33 - loss: 0.5337 - acc: 0.8179
1504/3458 [============>.................] - ETA: 1:31 - loss: 0.5382 - acc: 0.8178
1536/3458 [============>.................] - ETA: 1:30 - loss: 0.5330 - acc: 0.8190
1568/3458 [============>.................] - ETA: 1:28 - loss: 0.5333 - acc: 0.8157
1600/3458 [============>.................] - ETA: 1:27 - loss: 0.5330 - acc: 0.8163
1632/3458 [=============>................] - ETA: 1:25 - loss: 0.5299 - acc: 0.8162
1664/3458 [=============>................] - ETA: 1:24 - loss: 0.5280 - acc: 0.8161
1696/3458 [=============>................] - ETA: 1:22 - loss: 0.5284 - acc: 0.8149
1728/3458 [=============>................] - ETA: 1:21 - loss: 0.5237 - acc: 0.8160
1760/3458 [==============>...............] - ETA: 1:19 - loss: 0.5256 - acc: 0.8165
1792/3458 [==============>...............] - ETA: 1:18 - loss: 0.5211 - acc: 0.8198
1824/3458 [==============>...............] - ETA: 1:16 - loss: 0.5205 - acc: 0.8196
1856/3458 [===============>..............] - ETA: 1:15 - loss: 0.5185 - acc: 0.8200
1888/3458 [===============>..............] - ETA: 1:13 - loss: 0.5153 - acc: 0.8215
1920/3458 [===============>..............] - ETA: 1:12 - loss: 0.5130 - acc: 0.8219
1952/3458 [===============>..............] - ETA: 1:10 - loss: 0.5142 - acc: 0.8202
1984/3458 [================>.............] - ETA: 1:09 - loss: 0.5128 - acc: 0.8201
2016/3458 [================>.............] - ETA: 1:07 - loss: 0.5115 - acc: 0.8194
2048/3458 [================>.............] - ETA: 1:06 - loss: 0.5060 - acc: 0.8218
2080/3458 [=================>............] - ETA: 1:04 - loss: 0.5054 - acc: 0.8221
2112/3458 [=================>............] - ETA: 1:03 - loss: 0.5053 - acc: 0.8215
2144/3458 [=================>............] - ETA: 1:01 - loss: 0.5051 - acc: 0.8214
2176/3458 [=================>............] - ETA: 1:00 - loss: 0.5040 - acc: 0.8222
2208/3458 [==================>...........] - ETA: 58s - loss: 0.5039 - acc: 0.8234 
2240/3458 [==================>...........] - ETA: 57s - loss: 0.5037 - acc: 0.8241
2272/3458 [==================>...........] - ETA: 55s - loss: 0.5020 - acc: 0.8253
2304/3458 [==================>...........] - ETA: 54s - loss: 0.5004 - acc: 0.8255
2336/3458 [===================>..........] - ETA: 52s - loss: 0.5035 - acc: 0.8249
2368/3458 [===================>..........] - ETA: 51s - loss: 0.5015 - acc: 0.8252
2400/3458 [===================>..........] - ETA: 49s - loss: 0.5022 - acc: 0.8250
2432/3458 [====================>.........] - ETA: 48s - loss: 0.5030 - acc: 0.8248
2464/3458 [====================>.........] - ETA: 46s - loss: 0.5053 - acc: 0.8235
2496/3458 [====================>.........] - ETA: 45s - loss: 0.5051 - acc: 0.8225
2528/3458 [====================>.........] - ETA: 43s - loss: 0.5086 - acc: 0.8204
2560/3458 [=====================>........] - ETA: 42s - loss: 0.5069 - acc: 0.8211
2592/3458 [=====================>........] - ETA: 40s - loss: 0.5057 - acc: 0.8214
2624/3458 [=====================>........] - ETA: 39s - loss: 0.5058 - acc: 0.8205
2656/3458 [======================>.......] - ETA: 37s - loss: 0.5035 - acc: 0.8215
2688/3458 [======================>.......] - ETA: 36s - loss: 0.5078 - acc: 0.8196
2720/3458 [======================>.......] - ETA: 34s - loss: 0.5068 - acc: 0.8202
2752/3458 [======================>.......] - ETA: 33s - loss: 0.5061 - acc: 0.8212
2784/3458 [=======================>......] - ETA: 31s - loss: 0.5089 - acc: 0.8211
2816/3458 [=======================>......] - ETA: 30s - loss: 0.5089 - acc: 0.8207
2848/3458 [=======================>......] - ETA: 28s - loss: 0.5112 - acc: 0.8202
2880/3458 [=======================>......] - ETA: 27s - loss: 0.5110 - acc: 0.8198
2912/3458 [========================>.....] - ETA: 25s - loss: 0.5092 - acc: 0.8207
2944/3458 [========================>.....] - ETA: 24s - loss: 0.5140 - acc: 0.8183
2976/3458 [========================>.....] - ETA: 22s - loss: 0.5144 - acc: 0.8185
3008/3458 [=========================>....] - ETA: 21s - loss: 0.5140 - acc: 0.8188
3040/3458 [=========================>....] - ETA: 19s - loss: 0.5129 - acc: 0.8197
3072/3458 [=========================>....] - ETA: 18s - loss: 0.5121 - acc: 0.8203
3104/3458 [=========================>....] - ETA: 16s - loss: 0.5121 - acc: 0.8206
3136/3458 [==========================>...] - ETA: 15s - loss: 0.5132 - acc: 0.8198
3168/3458 [==========================>...] - ETA: 13s - loss: 0.5130 - acc: 0.8191
3200/3458 [==========================>...] - ETA: 12s - loss: 0.5143 - acc: 0.8191
3232/3458 [===========================>..] - ETA: 10s - loss: 0.5146 - acc: 0.8187
3264/3458 [===========================>..] - ETA: 9s - loss: 0.5168 - acc: 0.8177 
3296/3458 [===========================>..] - ETA: 7s - loss: 0.5155 - acc: 0.8183
3328/3458 [===========================>..] - ETA: 6s - loss: 0.5153 - acc: 0.8182
3360/3458 [============================>.] - ETA: 4s - loss: 0.5155 - acc: 0.8188
3392/3458 [============================>.] - ETA: 3s - loss: 0.5151 - acc: 0.8190
3424/3458 [============================>.] - ETA: 1s - loss: 0.5167 - acc: 0.8186
3456/3458 [============================>.] - ETA: 0s - loss: 0.5161 - acc: 0.8186
3458/3458 [==============================] - 163s 47ms/sample - loss: 0.5162 - acc: 0.8187

 32/865 [>.............................] - ETA: 7s - loss: 1.4792 - acc: 0.4062
 64/865 [=>............................] - ETA: 7s - loss: 1.4267 - acc: 0.4844
 96/865 [==>...........................] - ETA: 6s - loss: 1.6675 - acc: 0.4688
128/865 [===>..........................] - ETA: 6s - loss: 1.6974 - acc: 0.4531
160/865 [====>.........................] - ETA: 6s - loss: 1.6244 - acc: 0.4688
192/865 [=====>........................] - ETA: 6s - loss: 1.6237 - acc: 0.4635
224/865 [======>.......................] - ETA: 5s - loss: 1.5800 - acc: 0.4821
256/865 [=======>......................] - ETA: 5s - loss: 1.5710 - acc: 0.4883
288/865 [========>.....................] - ETA: 5s - loss: 1.5130 - acc: 0.5069
320/865 [==========>...................] - ETA: 4s - loss: 1.5379 - acc: 0.5188
352/865 [===========>..................] - ETA: 4s - loss: 1.5120 - acc: 0.5170
384/865 [============>.................] - ETA: 4s - loss: 1.5071 - acc: 0.5130
416/865 [=============>................] - ETA: 4s - loss: 1.5029 - acc: 0.5168
448/865 [==============>...............] - ETA: 3s - loss: 1.5293 - acc: 0.5134
480/865 [===============>..............] - ETA: 3s - loss: 1.5224 - acc: 0.5188
512/865 [================>.............] - ETA: 3s - loss: 1.5393 - acc: 0.5176
544/865 [=================>............] - ETA: 2s - loss: 1.5616 - acc: 0.5092
576/865 [==================>...........] - ETA: 2s - loss: 1.5938 - acc: 0.5017
608/865 [====================>.........] - ETA: 2s - loss: 1.5936 - acc: 0.5082
640/865 [=====================>........] - ETA: 2s - loss: 1.6104 - acc: 0.5047
672/865 [======================>.......] - ETA: 1s - loss: 1.5931 - acc: 0.5089
704/865 [=======================>......] - ETA: 1s - loss: 1.6219 - acc: 0.5057
736/865 [========================>.....] - ETA: 1s - loss: 1.6316 - acc: 0.5027
768/865 [=========================>....] - ETA: 0s - loss: 1.6335 - acc: 0.5000
800/865 [==========================>...] - ETA: 0s - loss: 1.6054 - acc: 0.5063
832/865 [===========================>..] - ETA: 0s - loss: 1.5827 - acc: 0.5108
864/865 [============================>.] - ETA: 0s - loss: 1.5795 - acc: 0.5069
865/865 [==============================] - 8s 9ms/sample - loss: 1.5777 - acc: 0.5075

  32/3458 [..............................] - ETA: 2:40 - loss: 0.1909 - acc: 0.9375
  64/3458 [..............................] - ETA: 2:39 - loss: 0.2118 - acc: 0.9219
  96/3458 [..............................] - ETA: 2:37 - loss: 0.2442 - acc: 0.9062
 128/3458 [>.............................] - ETA: 2:36 - loss: 0.2490 - acc: 0.8984
 160/3458 [>.............................] - ETA: 2:35 - loss: 0.2299 - acc: 0.9125
 192/3458 [>.............................] - ETA: 2:32 - loss: 0.2104 - acc: 0.9219
 224/3458 [>.............................] - ETA: 2:31 - loss: 0.1915 - acc: 0.9286
 256/3458 [=>............................] - ETA: 2:29 - loss: 0.1907 - acc: 0.9336
 288/3458 [=>............................] - ETA: 2:28 - loss: 0.1791 - acc: 0.9410
 320/3458 [=>............................] - ETA: 2:26 - loss: 0.1834 - acc: 0.9406
 352/3458 [==>...........................] - ETA: 2:25 - loss: 0.1942 - acc: 0.9347
 384/3458 [==>...........................] - ETA: 2:24 - loss: 0.1994 - acc: 0.9323
 416/3458 [==>...........................] - ETA: 2:22 - loss: 0.2152 - acc: 0.9279
 448/3458 [==>...........................] - ETA: 2:20 - loss: 0.2138 - acc: 0.9286
 480/3458 [===>..........................] - ETA: 2:19 - loss: 0.2096 - acc: 0.9333
 512/3458 [===>..........................] - ETA: 2:18 - loss: 0.2010 - acc: 0.9375
 544/3458 [===>..........................] - ETA: 2:16 - loss: 0.1962 - acc: 0.9393
 576/3458 [===>..........................] - ETA: 2:14 - loss: 0.2124 - acc: 0.9375
 608/3458 [====>.........................] - ETA: 2:13 - loss: 0.2075 - acc: 0.9391
 640/3458 [====>.........................] - ETA: 2:11 - loss: 0.2028 - acc: 0.9406
 672/3458 [====>.........................] - ETA: 2:10 - loss: 0.2045 - acc: 0.9390
 704/3458 [=====>........................] - ETA: 2:08 - loss: 0.2044 - acc: 0.9403
 736/3458 [=====>........................] - ETA: 2:07 - loss: 0.2075 - acc: 0.9375
 768/3458 [=====>........................] - ETA: 2:05 - loss: 0.2114 - acc: 0.9362
 800/3458 [=====>........................] - ETA: 2:04 - loss: 0.2077 - acc: 0.9375
 832/3458 [======>.......................] - ETA: 2:02 - loss: 0.2089 - acc: 0.9351
 864/3458 [======>.......................] - ETA: 2:01 - loss: 0.2043 - acc: 0.9375
 896/3458 [======>.......................] - ETA: 2:00 - loss: 0.2037 - acc: 0.9375
 928/3458 [=======>......................] - ETA: 1:58 - loss: 0.2091 - acc: 0.9332
 960/3458 [=======>......................] - ETA: 1:56 - loss: 0.2086 - acc: 0.9323
 992/3458 [=======>......................] - ETA: 1:55 - loss: 0.2095 - acc: 0.9315
1024/3458 [=======>......................] - ETA: 1:53 - loss: 0.2061 - acc: 0.9326
1056/3458 [========>.....................] - ETA: 1:52 - loss: 0.2035 - acc: 0.9337
1088/3458 [========>.....................] - ETA: 1:50 - loss: 0.2023 - acc: 0.9329
1120/3458 [========>.....................] - ETA: 1:49 - loss: 0.2015 - acc: 0.9330
1152/3458 [========>.....................] - ETA: 1:48 - loss: 0.1977 - acc: 0.9349
1184/3458 [=========>....................] - ETA: 1:46 - loss: 0.1973 - acc: 0.9350
1216/3458 [=========>....................] - ETA: 1:45 - loss: 0.1967 - acc: 0.9350
1248/3458 [=========>....................] - ETA: 1:43 - loss: 0.1958 - acc: 0.9351
1280/3458 [==========>...................] - ETA: 1:42 - loss: 0.1958 - acc: 0.9352
1312/3458 [==========>...................] - ETA: 1:40 - loss: 0.1929 - acc: 0.9367
1344/3458 [==========>...................] - ETA: 1:39 - loss: 0.1933 - acc: 0.9368
1376/3458 [==========>...................] - ETA: 1:37 - loss: 0.1956 - acc: 0.9368
1408/3458 [===========>..................] - ETA: 1:36 - loss: 0.1951 - acc: 0.9375
1440/3458 [===========>..................] - ETA: 1:34 - loss: 0.1948 - acc: 0.9382
1472/3458 [===========>..................] - ETA: 1:33 - loss: 0.1919 - acc: 0.9389
1504/3458 [============>.................] - ETA: 1:31 - loss: 0.1931 - acc: 0.9382
1536/3458 [============>.................] - ETA: 1:30 - loss: 0.1930 - acc: 0.9382
1568/3458 [============>.................] - ETA: 1:28 - loss: 0.1934 - acc: 0.9369
1600/3458 [============>.................] - ETA: 1:27 - loss: 0.1915 - acc: 0.9381
1632/3458 [=============>................] - ETA: 1:25 - loss: 0.1901 - acc: 0.9387
1664/3458 [=============>................] - ETA: 1:24 - loss: 0.1879 - acc: 0.9393
1696/3458 [=============>................] - ETA: 1:22 - loss: 0.1880 - acc: 0.9387
1728/3458 [=============>................] - ETA: 1:21 - loss: 0.1881 - acc: 0.9387
1760/3458 [==============>...............] - ETA: 1:19 - loss: 0.1900 - acc: 0.9369
1792/3458 [==============>...............] - ETA: 1:18 - loss: 0.1893 - acc: 0.9381
1824/3458 [==============>...............] - ETA: 1:16 - loss: 0.1895 - acc: 0.9380
1856/3458 [===============>..............] - ETA: 1:15 - loss: 0.1878 - acc: 0.9391
1888/3458 [===============>..............] - ETA: 1:13 - loss: 0.1899 - acc: 0.9380
1920/3458 [===============>..............] - ETA: 1:12 - loss: 0.1918 - acc: 0.9370
1952/3458 [===============>..............] - ETA: 1:10 - loss: 0.1906 - acc: 0.9380
1984/3458 [================>.............] - ETA: 1:09 - loss: 0.1916 - acc: 0.9370
2016/3458 [================>.............] - ETA: 1:07 - loss: 0.1897 - acc: 0.9375
2048/3458 [================>.............] - ETA: 1:06 - loss: 0.1915 - acc: 0.9370
2080/3458 [=================>............] - ETA: 1:04 - loss: 0.1926 - acc: 0.9365
2112/3458 [=================>............] - ETA: 1:03 - loss: 0.1930 - acc: 0.9361
2144/3458 [=================>............] - ETA: 1:01 - loss: 0.1932 - acc: 0.9356
2176/3458 [=================>............] - ETA: 1:00 - loss: 0.1962 - acc: 0.9352
2208/3458 [==================>...........] - ETA: 58s - loss: 0.1958 - acc: 0.9352 
2240/3458 [==================>...........] - ETA: 57s - loss: 0.1954 - acc: 0.9353
2272/3458 [==================>...........] - ETA: 55s - loss: 0.1935 - acc: 0.9362
2304/3458 [==================>...........] - ETA: 54s - loss: 0.1931 - acc: 0.9366
2336/3458 [===================>..........] - ETA: 52s - loss: 0.1913 - acc: 0.9375
2368/3458 [===================>..........] - ETA: 51s - loss: 0.1932 - acc: 0.9362
2400/3458 [===================>..........] - ETA: 49s - loss: 0.1927 - acc: 0.9367
2432/3458 [====================>.........] - ETA: 48s - loss: 0.1932 - acc: 0.9363
2464/3458 [====================>.........] - ETA: 46s - loss: 0.1950 - acc: 0.9359
2496/3458 [====================>.........] - ETA: 45s - loss: 0.1971 - acc: 0.9351
2528/3458 [====================>.........] - ETA: 43s - loss: 0.1958 - acc: 0.9355
2560/3458 [=====================>........] - ETA: 42s - loss: 0.1943 - acc: 0.9363
2592/3458 [=====================>........] - ETA: 40s - loss: 0.1946 - acc: 0.9360
2624/3458 [=====================>........] - ETA: 39s - loss: 0.1938 - acc: 0.9360
2656/3458 [======================>.......] - ETA: 37s - loss: 0.1963 - acc: 0.9352
2688/3458 [======================>.......] - ETA: 36s - loss: 0.1981 - acc: 0.9345
2720/3458 [======================>.......] - ETA: 34s - loss: 0.1998 - acc: 0.9346
2752/3458 [======================>.......] - ETA: 33s - loss: 0.2004 - acc: 0.9346
2784/3458 [=======================>......] - ETA: 31s - loss: 0.2007 - acc: 0.9346
2816/3458 [=======================>......] - ETA: 30s - loss: 0.1998 - acc: 0.9354
2848/3458 [=======================>......] - ETA: 28s - loss: 0.1987 - acc: 0.9357
2880/3458 [=======================>......] - ETA: 27s - loss: 0.1980 - acc: 0.9361
2912/3458 [========================>.....] - ETA: 25s - loss: 0.1994 - acc: 0.9358
2944/3458 [========================>.....] - ETA: 24s - loss: 0.2001 - acc: 0.9351
2976/3458 [========================>.....] - ETA: 22s - loss: 0.1998 - acc: 0.9351
3008/3458 [=========================>....] - ETA: 21s - loss: 0.2005 - acc: 0.9352
3040/3458 [=========================>....] - ETA: 19s - loss: 0.2015 - acc: 0.9345
3072/3458 [=========================>....] - ETA: 18s - loss: 0.2015 - acc: 0.9342
3104/3458 [=========================>....] - ETA: 16s - loss: 0.2017 - acc: 0.9346
3136/3458 [==========================>...] - ETA: 15s - loss: 0.2020 - acc: 0.9346
3168/3458 [==========================>...] - ETA: 13s - loss: 0.2012 - acc: 0.9353
3200/3458 [==========================>...] - ETA: 12s - loss: 0.2005 - acc: 0.9356
3232/3458 [===========================>..] - ETA: 10s - loss: 0.2004 - acc: 0.9353
3264/3458 [===========================>..] - ETA: 9s - loss: 0.1993 - acc: 0.9357 
3296/3458 [===========================>..] - ETA: 7s - loss: 0.1982 - acc: 0.9360
3328/3458 [===========================>..] - ETA: 6s - loss: 0.1969 - acc: 0.9363
3360/3458 [============================>.] - ETA: 4s - loss: 0.1971 - acc: 0.9363
3392/3458 [============================>.] - ETA: 3s - loss: 0.1988 - acc: 0.9360
3424/3458 [============================>.] - ETA: 1s - loss: 0.1986 - acc: 0.9363
3456/3458 [============================>.] - ETA: 0s - loss: 0.1983 - acc: 0.9358
3458/3458 [==============================] - 163s 47ms/sample - loss: 0.1982 - acc: 0.9358

 32/865 [>.............................] - ETA: 7s - loss: 1.7235 - acc: 0.5625
 64/865 [=>............................] - ETA: 7s - loss: 1.7557 - acc: 0.5625
 96/865 [==>...........................] - ETA: 6s - loss: 1.9787 - acc: 0.5625
128/865 [===>..........................] - ETA: 6s - loss: 2.2080 - acc: 0.5078
160/865 [====>.........................] - ETA: 6s - loss: 2.2354 - acc: 0.4812
192/865 [=====>........................] - ETA: 6s - loss: 2.3680 - acc: 0.4635
224/865 [======>.......................] - ETA: 5s - loss: 2.2643 - acc: 0.4911
256/865 [=======>......................] - ETA: 5s - loss: 2.2687 - acc: 0.4922
288/865 [========>.....................] - ETA: 5s - loss: 2.1579 - acc: 0.5069
320/865 [==========>...................] - ETA: 4s - loss: 2.1807 - acc: 0.5156
352/865 [===========>..................] - ETA: 4s - loss: 2.1668 - acc: 0.5142
384/865 [============>.................] - ETA: 4s - loss: 2.1355 - acc: 0.5104
416/865 [=============>................] - ETA: 4s - loss: 2.1217 - acc: 0.5192
448/865 [==============>...............] - ETA: 3s - loss: 2.1483 - acc: 0.5223
480/865 [===============>..............] - ETA: 3s - loss: 2.1058 - acc: 0.5271
512/865 [================>.............] - ETA: 3s - loss: 2.1242 - acc: 0.5312
544/865 [=================>............] - ETA: 2s - loss: 2.1167 - acc: 0.5276
576/865 [==================>...........] - ETA: 2s - loss: 2.1648 - acc: 0.5139
608/865 [====================>.........] - ETA: 2s - loss: 2.1945 - acc: 0.5132
640/865 [=====================>........] - ETA: 2s - loss: 2.2104 - acc: 0.5109
672/865 [======================>.......] - ETA: 1s - loss: 2.1733 - acc: 0.5179
704/865 [=======================>......] - ETA: 1s - loss: 2.2104 - acc: 0.5142
736/865 [========================>.....] - ETA: 1s - loss: 2.2219 - acc: 0.5122
768/865 [=========================>....] - ETA: 0s - loss: 2.2113 - acc: 0.5130
800/865 [==========================>...] - ETA: 0s - loss: 2.1754 - acc: 0.5200
832/865 [===========================>..] - ETA: 0s - loss: 2.1391 - acc: 0.5228
864/865 [============================>.] - ETA: 0s - loss: 2.1205 - acc: 0.5231
865/865 [==============================] - 8s 9ms/sample - loss: 2.1181 - acc: 0.5237
