For Dropout_1=0.3 Dropout_2=0.9
daisy loaded
dandelion loaded
rose loaded
sunflower loaded
tulip loaded

  32/3458 [..............................] - ETA: 3:09 - loss: 1.7431 - acc: 0.1562
  64/3458 [..............................] - ETA: 2:59 - loss: 7.9410 - acc: 0.2188
  96/3458 [..............................] - ETA: 2:55 - loss: 9.1009 - acc: 0.1979
 128/3458 [>.............................] - ETA: 2:52 - loss: 7.6171 - acc: 0.2031
 160/3458 [>.............................] - ETA: 2:48 - loss: 6.4751 - acc: 0.1937
 192/3458 [>.............................] - ETA: 2:45 - loss: 5.6633 - acc: 0.2292
 224/3458 [>.............................] - ETA: 2:43 - loss: 5.0838 - acc: 0.2321
 256/3458 [=>............................] - ETA: 2:41 - loss: 4.6468 - acc: 0.2461
 288/3458 [=>............................] - ETA: 2:39 - loss: 4.3044 - acc: 0.2500
 320/3458 [=>............................] - ETA: 2:37 - loss: 4.0377 - acc: 0.2469
 352/3458 [==>...........................] - ETA: 2:35 - loss: 3.8196 - acc: 0.2415
 384/3458 [==>...........................] - ETA: 2:34 - loss: 3.6326 - acc: 0.2344
 416/3458 [==>...........................] - ETA: 2:32 - loss: 3.4751 - acc: 0.2308
 448/3458 [==>...........................] - ETA: 2:30 - loss: 3.3394 - acc: 0.2366
 480/3458 [===>..........................] - ETA: 2:28 - loss: 3.2230 - acc: 0.2292
 512/3458 [===>..........................] - ETA: 2:27 - loss: 3.1200 - acc: 0.2383
 544/3458 [===>..........................] - ETA: 2:25 - loss: 3.0301 - acc: 0.2390
 576/3458 [===>..........................] - ETA: 2:23 - loss: 2.9510 - acc: 0.2326
 608/3458 [====>.........................] - ETA: 2:22 - loss: 2.8830 - acc: 0.2336
 640/3458 [====>.........................] - ETA: 2:20 - loss: 2.8179 - acc: 0.2313
 672/3458 [====>.........................] - ETA: 2:18 - loss: 2.7552 - acc: 0.2307
 704/3458 [=====>........................] - ETA: 2:17 - loss: 2.6993 - acc: 0.2330
 736/3458 [=====>........................] - ETA: 2:15 - loss: 2.6479 - acc: 0.2323
 768/3458 [=====>........................] - ETA: 2:13 - loss: 2.6029 - acc: 0.2305
 800/3458 [=====>........................] - ETA: 2:12 - loss: 2.5583 - acc: 0.2338
 832/3458 [======>.......................] - ETA: 2:10 - loss: 2.5208 - acc: 0.2368
 864/3458 [======>.......................] - ETA: 2:08 - loss: 2.4876 - acc: 0.2431
 896/3458 [======>.......................] - ETA: 2:07 - loss: 2.4556 - acc: 0.2467
 928/3458 [=======>......................] - ETA: 2:05 - loss: 2.4259 - acc: 0.2522
 960/3458 [=======>......................] - ETA: 2:04 - loss: 2.3977 - acc: 0.2521
 992/3458 [=======>......................] - ETA: 2:02 - loss: 2.3657 - acc: 0.2591
1024/3458 [=======>......................] - ETA: 2:00 - loss: 2.3403 - acc: 0.2607
1056/3458 [========>.....................] - ETA: 1:59 - loss: 2.3169 - acc: 0.2614
1088/3458 [========>.....................] - ETA: 1:57 - loss: 2.3109 - acc: 0.2629
1120/3458 [========>.....................] - ETA: 1:56 - loss: 2.2891 - acc: 0.2625
1152/3458 [========>.....................] - ETA: 1:54 - loss: 2.2688 - acc: 0.2639
1184/3458 [=========>....................] - ETA: 1:52 - loss: 2.2533 - acc: 0.2660
1216/3458 [=========>....................] - ETA: 1:51 - loss: 2.2346 - acc: 0.2681
1248/3458 [=========>....................] - ETA: 1:49 - loss: 2.2156 - acc: 0.2700
1280/3458 [==========>...................] - ETA: 1:47 - loss: 2.1981 - acc: 0.2727
1312/3458 [==========>...................] - ETA: 1:46 - loss: 2.1826 - acc: 0.2759
1344/3458 [==========>...................] - ETA: 1:44 - loss: 2.1677 - acc: 0.2812
1376/3458 [==========>...................] - ETA: 1:43 - loss: 2.1542 - acc: 0.2842
1408/3458 [===========>..................] - ETA: 1:41 - loss: 2.1405 - acc: 0.2855
1440/3458 [===========>..................] - ETA: 1:39 - loss: 2.1274 - acc: 0.2875
1472/3458 [===========>..................] - ETA: 1:38 - loss: 2.1138 - acc: 0.2880
1504/3458 [============>.................] - ETA: 1:36 - loss: 2.1005 - acc: 0.2899
1536/3458 [============>.................] - ETA: 1:35 - loss: 2.0906 - acc: 0.2884
1568/3458 [============>.................] - ETA: 1:33 - loss: 2.0798 - acc: 0.2883
1600/3458 [============>.................] - ETA: 1:31 - loss: 2.0672 - acc: 0.2925
1632/3458 [=============>................] - ETA: 1:30 - loss: 2.0570 - acc: 0.2929
1664/3458 [=============>................] - ETA: 1:28 - loss: 2.0458 - acc: 0.2963
1696/3458 [=============>................] - ETA: 1:27 - loss: 2.0349 - acc: 0.2989
1728/3458 [=============>................] - ETA: 1:25 - loss: 2.0236 - acc: 0.3021
1760/3458 [==============>...............] - ETA: 1:23 - loss: 2.0143 - acc: 0.3011
1792/3458 [==============>...............] - ETA: 1:22 - loss: 2.0055 - acc: 0.2997
1824/3458 [==============>...............] - ETA: 1:20 - loss: 1.9955 - acc: 0.3032
1856/3458 [===============>..............] - ETA: 1:19 - loss: 1.9873 - acc: 0.3039
1888/3458 [===============>..............] - ETA: 1:17 - loss: 1.9816 - acc: 0.3046
1920/3458 [===============>..............] - ETA: 1:15 - loss: 1.9737 - acc: 0.3042
1952/3458 [===============>..............] - ETA: 1:14 - loss: 1.9665 - acc: 0.3053
1984/3458 [================>.............] - ETA: 1:12 - loss: 1.9600 - acc: 0.3059
2016/3458 [================>.............] - ETA: 1:11 - loss: 1.9512 - acc: 0.3065
2048/3458 [================>.............] - ETA: 1:09 - loss: 1.9433 - acc: 0.3062
2080/3458 [=================>............] - ETA: 1:08 - loss: 1.9351 - acc: 0.3091
2112/3458 [=================>............] - ETA: 1:06 - loss: 1.9284 - acc: 0.3116
2144/3458 [=================>............] - ETA: 1:04 - loss: 1.9204 - acc: 0.3130
2176/3458 [=================>............] - ETA: 1:03 - loss: 1.9138 - acc: 0.3130
2208/3458 [==================>...........] - ETA: 1:01 - loss: 1.9062 - acc: 0.3152
2240/3458 [==================>...........] - ETA: 1:00 - loss: 1.9003 - acc: 0.3152
2272/3458 [==================>...........] - ETA: 58s - loss: 1.8939 - acc: 0.3151 
2304/3458 [==================>...........] - ETA: 56s - loss: 1.8867 - acc: 0.3181
2336/3458 [===================>..........] - ETA: 55s - loss: 1.8811 - acc: 0.3176
2368/3458 [===================>..........] - ETA: 53s - loss: 1.8755 - acc: 0.3159
2400/3458 [===================>..........] - ETA: 52s - loss: 1.8709 - acc: 0.3133
2432/3458 [====================>.........] - ETA: 50s - loss: 1.8634 - acc: 0.3150
2464/3458 [====================>.........] - ETA: 49s - loss: 1.8556 - acc: 0.3182
2496/3458 [====================>.........] - ETA: 47s - loss: 1.8492 - acc: 0.3197
2528/3458 [====================>.........] - ETA: 45s - loss: 1.8425 - acc: 0.3208
2560/3458 [=====================>........] - ETA: 44s - loss: 1.8371 - acc: 0.3227
2592/3458 [=====================>........] - ETA: 42s - loss: 1.8318 - acc: 0.3225
2624/3458 [=====================>........] - ETA: 41s - loss: 1.8278 - acc: 0.3232
2656/3458 [======================>.......] - ETA: 39s - loss: 1.8226 - acc: 0.3238
2688/3458 [======================>.......] - ETA: 37s - loss: 1.8199 - acc: 0.3240
2720/3458 [======================>.......] - ETA: 36s - loss: 1.8160 - acc: 0.3235
2752/3458 [======================>.......] - ETA: 34s - loss: 1.8125 - acc: 0.3234
2784/3458 [=======================>......] - ETA: 33s - loss: 1.8067 - acc: 0.3251
2816/3458 [=======================>......] - ETA: 31s - loss: 1.8020 - acc: 0.3260
2848/3458 [=======================>......] - ETA: 30s - loss: 1.7987 - acc: 0.3276
2880/3458 [=======================>......] - ETA: 28s - loss: 1.7943 - acc: 0.3278
2912/3458 [========================>.....] - ETA: 26s - loss: 1.7896 - acc: 0.3286
2944/3458 [========================>.....] - ETA: 25s - loss: 1.7874 - acc: 0.3291
2976/3458 [========================>.....] - ETA: 23s - loss: 1.7838 - acc: 0.3296
3008/3458 [=========================>....] - ETA: 22s - loss: 1.7804 - acc: 0.3311
3040/3458 [=========================>....] - ETA: 20s - loss: 1.7764 - acc: 0.3316
3072/3458 [=========================>....] - ETA: 19s - loss: 1.7724 - acc: 0.3320
3104/3458 [=========================>....] - ETA: 17s - loss: 1.7673 - acc: 0.3344
3136/3458 [==========================>...] - ETA: 15s - loss: 1.7693 - acc: 0.3351
3168/3458 [==========================>...] - ETA: 14s - loss: 1.7664 - acc: 0.3362
3200/3458 [==========================>...] - ETA: 12s - loss: 1.7629 - acc: 0.3378
3232/3458 [===========================>..] - ETA: 11s - loss: 1.7594 - acc: 0.3397
3264/3458 [===========================>..] - ETA: 9s - loss: 1.7560 - acc: 0.3407 
3296/3458 [===========================>..] - ETA: 7s - loss: 1.7526 - acc: 0.3407
3328/3458 [===========================>..] - ETA: 6s - loss: 1.7491 - acc: 0.3425
3360/3458 [============================>.] - ETA: 4s - loss: 1.7493 - acc: 0.3426
3392/3458 [============================>.] - ETA: 3s - loss: 1.7455 - acc: 0.3429
3424/3458 [============================>.] - ETA: 1s - loss: 1.7413 - acc: 0.3443
3456/3458 [============================>.] - ETA: 0s - loss: 1.7383 - acc: 0.3461
3458/3458 [==============================] - 171s 49ms/sample - loss: 1.7382 - acc: 0.3459

 32/865 [>.............................] - ETA: 8s - loss: 1.4127 - acc: 0.3125
 64/865 [=>............................] - ETA: 7s - loss: 1.4256 - acc: 0.3281
 96/865 [==>...........................] - ETA: 7s - loss: 1.4347 - acc: 0.3542
128/865 [===>..........................] - ETA: 6s - loss: 1.3957 - acc: 0.3828
160/865 [====>.........................] - ETA: 6s - loss: 1.3757 - acc: 0.3938
192/865 [=====>........................] - ETA: 6s - loss: 1.3645 - acc: 0.4115
224/865 [======>.......................] - ETA: 5s - loss: 1.3692 - acc: 0.4018
256/865 [=======>......................] - ETA: 5s - loss: 1.3660 - acc: 0.4102
288/865 [========>.....................] - ETA: 5s - loss: 1.3627 - acc: 0.4132
320/865 [==========>...................] - ETA: 4s - loss: 1.3718 - acc: 0.4156
352/865 [===========>..................] - ETA: 4s - loss: 1.3802 - acc: 0.4091
384/865 [============>.................] - ETA: 4s - loss: 1.3769 - acc: 0.4010
416/865 [=============>................] - ETA: 4s - loss: 1.3769 - acc: 0.4062
448/865 [==============>...............] - ETA: 3s - loss: 1.3685 - acc: 0.4152
480/865 [===============>..............] - ETA: 3s - loss: 1.3656 - acc: 0.4208
512/865 [================>.............] - ETA: 3s - loss: 1.3711 - acc: 0.4160
544/865 [=================>............] - ETA: 2s - loss: 1.3681 - acc: 0.4246
576/865 [==================>...........] - ETA: 2s - loss: 1.3723 - acc: 0.4271
608/865 [====================>.........] - ETA: 2s - loss: 1.3741 - acc: 0.4276
640/865 [=====================>........] - ETA: 2s - loss: 1.3710 - acc: 0.4297
672/865 [======================>.......] - ETA: 1s - loss: 1.3661 - acc: 0.4301
704/865 [=======================>......] - ETA: 1s - loss: 1.3644 - acc: 0.4347
736/865 [========================>.....] - ETA: 1s - loss: 1.3645 - acc: 0.4402
768/865 [=========================>....] - ETA: 0s - loss: 1.3639 - acc: 0.4349
800/865 [==========================>...] - ETA: 0s - loss: 1.3629 - acc: 0.4350
832/865 [===========================>..] - ETA: 0s - loss: 1.3648 - acc: 0.4291
864/865 [============================>.] - ETA: 0s - loss: 1.3675 - acc: 0.4236
865/865 [==============================] - 8s 9ms/sample - loss: 1.3676 - acc: 0.4231

  32/3458 [..............................] - ETA: 2:49 - loss: 1.4611 - acc: 0.2812
  64/3458 [..............................] - ETA: 2:46 - loss: 1.4427 - acc: 0.3281
  96/3458 [..............................] - ETA: 2:44 - loss: 1.4624 - acc: 0.3333
 128/3458 [>.............................] - ETA: 2:43 - loss: 1.4594 - acc: 0.2969
 160/3458 [>.............................] - ETA: 2:41 - loss: 1.4541 - acc: 0.3000
 192/3458 [>.............................] - ETA: 2:39 - loss: 1.4367 - acc: 0.3490
 224/3458 [>.............................] - ETA: 2:38 - loss: 1.4161 - acc: 0.3527
 256/3458 [=>............................] - ETA: 2:36 - loss: 1.4146 - acc: 0.3555
 288/3458 [=>............................] - ETA: 2:35 - loss: 1.3999 - acc: 0.3854
 320/3458 [=>............................] - ETA: 2:33 - loss: 1.4139 - acc: 0.3750
 352/3458 [==>...........................] - ETA: 2:32 - loss: 1.4126 - acc: 0.3693
 384/3458 [==>...........................] - ETA: 2:30 - loss: 1.4078 - acc: 0.3698
 416/3458 [==>...........................] - ETA: 2:29 - loss: 1.4106 - acc: 0.3702
 448/3458 [==>...........................] - ETA: 2:27 - loss: 1.4126 - acc: 0.3705
 480/3458 [===>..........................] - ETA: 2:26 - loss: 1.4039 - acc: 0.3833
 512/3458 [===>..........................] - ETA: 2:24 - loss: 1.4009 - acc: 0.3848
 544/3458 [===>..........................] - ETA: 2:22 - loss: 1.4102 - acc: 0.3897
 576/3458 [===>..........................] - ETA: 2:21 - loss: 1.4155 - acc: 0.3941
 608/3458 [====>.........................] - ETA: 2:19 - loss: 1.4233 - acc: 0.3914
 640/3458 [====>.........................] - ETA: 2:18 - loss: 1.4201 - acc: 0.3953
 672/3458 [====>.........................] - ETA: 2:16 - loss: 1.4205 - acc: 0.4018
 704/3458 [=====>........................] - ETA: 2:14 - loss: 1.4211 - acc: 0.4020
 736/3458 [=====>........................] - ETA: 2:13 - loss: 1.4186 - acc: 0.4049
 768/3458 [=====>........................] - ETA: 2:11 - loss: 1.4163 - acc: 0.4049
 800/3458 [=====>........................] - ETA: 2:10 - loss: 1.4154 - acc: 0.4112
 832/3458 [======>.......................] - ETA: 2:08 - loss: 1.4166 - acc: 0.4087
 864/3458 [======>.......................] - ETA: 2:07 - loss: 1.4117 - acc: 0.4120
 896/3458 [======>.......................] - ETA: 2:05 - loss: 1.4229 - acc: 0.4051
 928/3458 [=======>......................] - ETA: 2:03 - loss: 1.4287 - acc: 0.4095
 960/3458 [=======>......................] - ETA: 2:02 - loss: 1.4239 - acc: 0.4125
 992/3458 [=======>......................] - ETA: 2:00 - loss: 1.4239 - acc: 0.4073
1024/3458 [=======>......................] - ETA: 1:59 - loss: 1.4236 - acc: 0.4033
1056/3458 [========>.....................] - ETA: 1:57 - loss: 1.4228 - acc: 0.3996
1088/3458 [========>.....................] - ETA: 1:56 - loss: 1.4219 - acc: 0.4035
1120/3458 [========>.....................] - ETA: 1:54 - loss: 1.4202 - acc: 0.4045
1152/3458 [========>.....................] - ETA: 1:52 - loss: 1.4194 - acc: 0.4036
1184/3458 [=========>....................] - ETA: 1:51 - loss: 1.4165 - acc: 0.4054
1216/3458 [=========>....................] - ETA: 1:49 - loss: 1.4172 - acc: 0.4021
1248/3458 [=========>....................] - ETA: 1:48 - loss: 1.4209 - acc: 0.3990
1280/3458 [==========>...................] - ETA: 1:46 - loss: 1.4196 - acc: 0.3961
1312/3458 [==========>...................] - ETA: 1:45 - loss: 1.4189 - acc: 0.3963
1344/3458 [==========>...................] - ETA: 1:43 - loss: 1.4146 - acc: 0.3966
1376/3458 [==========>...................] - ETA: 1:41 - loss: 1.4210 - acc: 0.3939
1408/3458 [===========>..................] - ETA: 1:40 - loss: 1.4188 - acc: 0.3970
1440/3458 [===========>..................] - ETA: 1:38 - loss: 1.4225 - acc: 0.3965
1472/3458 [===========>..................] - ETA: 1:37 - loss: 1.4218 - acc: 0.3961
1504/3458 [============>.................] - ETA: 1:35 - loss: 1.4204 - acc: 0.4003
1536/3458 [============>.................] - ETA: 1:34 - loss: 1.4202 - acc: 0.4010
1568/3458 [============>.................] - ETA: 1:32 - loss: 1.4199 - acc: 0.4024
1600/3458 [============>.................] - ETA: 1:31 - loss: 1.4173 - acc: 0.4044
1632/3458 [=============>................] - ETA: 1:29 - loss: 1.4167 - acc: 0.4056
1664/3458 [=============>................] - ETA: 1:27 - loss: 1.4139 - acc: 0.4050
1696/3458 [=============>................] - ETA: 1:26 - loss: 1.4113 - acc: 0.4068
1728/3458 [=============>................] - ETA: 1:24 - loss: 1.4101 - acc: 0.4045
1760/3458 [==============>...............] - ETA: 1:23 - loss: 1.4096 - acc: 0.4062
1792/3458 [==============>...............] - ETA: 1:21 - loss: 1.4100 - acc: 0.4051
1824/3458 [==============>...............] - ETA: 1:20 - loss: 1.4072 - acc: 0.4079
1856/3458 [===============>..............] - ETA: 1:18 - loss: 1.4065 - acc: 0.4084
1888/3458 [===============>..............] - ETA: 1:16 - loss: 1.4054 - acc: 0.4094
1920/3458 [===============>..............] - ETA: 1:15 - loss: 1.4033 - acc: 0.4120
1952/3458 [===============>..............] - ETA: 1:13 - loss: 1.4129 - acc: 0.4129
1984/3458 [================>.............] - ETA: 1:12 - loss: 1.4104 - acc: 0.4138
2016/3458 [================>.............] - ETA: 1:10 - loss: 1.4092 - acc: 0.4142
2048/3458 [================>.............] - ETA: 1:09 - loss: 1.4099 - acc: 0.4141
2080/3458 [=================>............] - ETA: 1:07 - loss: 1.4096 - acc: 0.4135
2112/3458 [=================>............] - ETA: 1:05 - loss: 1.4093 - acc: 0.4134
2144/3458 [=================>............] - ETA: 1:04 - loss: 1.4077 - acc: 0.4128
2176/3458 [=================>............] - ETA: 1:02 - loss: 1.4066 - acc: 0.4145
2208/3458 [==================>...........] - ETA: 1:01 - loss: 1.4054 - acc: 0.4149
2240/3458 [==================>...........] - ETA: 59s - loss: 1.4054 - acc: 0.4147 
2272/3458 [==================>...........] - ETA: 58s - loss: 1.4050 - acc: 0.4146
2304/3458 [==================>...........] - ETA: 56s - loss: 1.4047 - acc: 0.4141
2336/3458 [===================>..........] - ETA: 54s - loss: 1.4031 - acc: 0.4157
2368/3458 [===================>..........] - ETA: 53s - loss: 1.4035 - acc: 0.4151
2400/3458 [===================>..........] - ETA: 51s - loss: 1.4011 - acc: 0.4167
2432/3458 [====================>.........] - ETA: 50s - loss: 1.3999 - acc: 0.4174
2464/3458 [====================>.........] - ETA: 48s - loss: 1.3999 - acc: 0.4184
2496/3458 [====================>.........] - ETA: 47s - loss: 1.4006 - acc: 0.4187
2528/3458 [====================>.........] - ETA: 45s - loss: 1.4050 - acc: 0.4193
2560/3458 [=====================>........] - ETA: 44s - loss: 1.4041 - acc: 0.4211
2592/3458 [=====================>........] - ETA: 42s - loss: 1.4038 - acc: 0.4209
2624/3458 [=====================>........] - ETA: 40s - loss: 1.4035 - acc: 0.4211
2656/3458 [======================>.......] - ETA: 39s - loss: 1.4057 - acc: 0.4198
2688/3458 [======================>.......] - ETA: 37s - loss: 1.4047 - acc: 0.4211
2720/3458 [======================>.......] - ETA: 36s - loss: 1.4052 - acc: 0.4210
2752/3458 [======================>.......] - ETA: 34s - loss: 1.4040 - acc: 0.4237
2784/3458 [=======================>......] - ETA: 33s - loss: 1.4054 - acc: 0.4231
2816/3458 [=======================>......] - ETA: 31s - loss: 1.4057 - acc: 0.4229
2848/3458 [=======================>......] - ETA: 29s - loss: 1.4056 - acc: 0.4245
2880/3458 [=======================>......] - ETA: 28s - loss: 1.4056 - acc: 0.4250
2912/3458 [========================>.....] - ETA: 26s - loss: 1.4040 - acc: 0.4251
2944/3458 [========================>.....] - ETA: 25s - loss: 1.4060 - acc: 0.4253
2976/3458 [========================>.....] - ETA: 23s - loss: 1.4070 - acc: 0.4237
3008/3458 [=========================>....] - ETA: 22s - loss: 1.4072 - acc: 0.4239
3040/3458 [=========================>....] - ETA: 20s - loss: 1.4072 - acc: 0.4240
3072/3458 [=========================>....] - ETA: 18s - loss: 1.4081 - acc: 0.4229
3104/3458 [=========================>....] - ETA: 17s - loss: 1.4088 - acc: 0.4224
3136/3458 [==========================>...] - ETA: 15s - loss: 1.4081 - acc: 0.4228
3168/3458 [==========================>...] - ETA: 14s - loss: 1.4072 - acc: 0.4239
3200/3458 [==========================>...] - ETA: 12s - loss: 1.4100 - acc: 0.4222
3232/3458 [===========================>..] - ETA: 11s - loss: 1.4093 - acc: 0.4220
3264/3458 [===========================>..] - ETA: 9s - loss: 1.4083 - acc: 0.4237 
3296/3458 [===========================>..] - ETA: 7s - loss: 1.4071 - acc: 0.4248
3328/3458 [===========================>..] - ETA: 6s - loss: 1.4063 - acc: 0.4246
3360/3458 [============================>.] - ETA: 4s - loss: 1.4061 - acc: 0.4241
3392/3458 [============================>.] - ETA: 3s - loss: 1.4053 - acc: 0.4245
3424/3458 [============================>.] - ETA: 1s - loss: 1.4057 - acc: 0.4249
3456/3458 [============================>.] - ETA: 0s - loss: 1.4057 - acc: 0.4242
3458/3458 [==============================] - 170s 49ms/sample - loss: 1.4055 - acc: 0.4242

 32/865 [>.............................] - ETA: 8s - loss: 1.3742 - acc: 0.4375
 64/865 [=>............................] - ETA: 7s - loss: 1.3904 - acc: 0.4375
 96/865 [==>...........................] - ETA: 7s - loss: 1.4332 - acc: 0.3646
128/865 [===>..........................] - ETA: 6s - loss: 1.3910 - acc: 0.4062
160/865 [====>.........................] - ETA: 6s - loss: 1.3768 - acc: 0.4062
192/865 [=====>........................] - ETA: 6s - loss: 1.3569 - acc: 0.4271
224/865 [======>.......................] - ETA: 5s - loss: 1.3658 - acc: 0.4062
256/865 [=======>......................] - ETA: 5s - loss: 1.3755 - acc: 0.3984
288/865 [========>.....................] - ETA: 5s - loss: 1.3625 - acc: 0.4028
320/865 [==========>...................] - ETA: 4s - loss: 1.3778 - acc: 0.3938
352/865 [===========>..................] - ETA: 4s - loss: 1.3883 - acc: 0.3949
384/865 [============>.................] - ETA: 4s - loss: 1.3864 - acc: 0.3880
416/865 [=============>................] - ETA: 4s - loss: 1.3811 - acc: 0.3918
448/865 [==============>...............] - ETA: 3s - loss: 1.3790 - acc: 0.3951
480/865 [===============>..............] - ETA: 3s - loss: 1.3773 - acc: 0.3979
512/865 [================>.............] - ETA: 3s - loss: 1.3818 - acc: 0.3965
544/865 [=================>............] - ETA: 2s - loss: 1.3759 - acc: 0.4044
576/865 [==================>...........] - ETA: 2s - loss: 1.3781 - acc: 0.4045
608/865 [====================>.........] - ETA: 2s - loss: 1.3787 - acc: 0.4079
640/865 [=====================>........] - ETA: 2s - loss: 1.3751 - acc: 0.4109
672/865 [======================>.......] - ETA: 1s - loss: 1.3701 - acc: 0.4152
704/865 [=======================>......] - ETA: 1s - loss: 1.3703 - acc: 0.4190
736/865 [========================>.....] - ETA: 1s - loss: 1.3679 - acc: 0.4253
768/865 [=========================>....] - ETA: 0s - loss: 1.3668 - acc: 0.4193
800/865 [==========================>...] - ETA: 0s - loss: 1.3656 - acc: 0.4175
832/865 [===========================>..] - ETA: 0s - loss: 1.3680 - acc: 0.4135
864/865 [============================>.] - ETA: 0s - loss: 1.3752 - acc: 0.4097
865/865 [==============================] - 8s 9ms/sample - loss: 1.3753 - acc: 0.4092

  32/3458 [..............................] - ETA: 2:45 - loss: 1.7465 - acc: 0.3750
  64/3458 [..............................] - ETA: 2:47 - loss: 1.5701 - acc: 0.4688
  96/3458 [..............................] - ETA: 2:45 - loss: 1.5474 - acc: 0.4271
 128/3458 [>.............................] - ETA: 2:44 - loss: 1.5550 - acc: 0.4219
 160/3458 [>.............................] - ETA: 2:42 - loss: 1.5680 - acc: 0.3875
 192/3458 [>.............................] - ETA: 2:40 - loss: 1.5564 - acc: 0.3854
 224/3458 [>.............................] - ETA: 2:38 - loss: 1.5499 - acc: 0.3750
 256/3458 [=>............................] - ETA: 2:37 - loss: 1.5694 - acc: 0.3633
 288/3458 [=>............................] - ETA: 2:35 - loss: 1.5628 - acc: 0.3611
 320/3458 [=>............................] - ETA: 2:33 - loss: 1.5549 - acc: 0.3594
 352/3458 [==>...........................] - ETA: 2:32 - loss: 1.5662 - acc: 0.3551
 384/3458 [==>...........................] - ETA: 2:30 - loss: 1.5504 - acc: 0.3620
 416/3458 [==>...........................] - ETA: 2:29 - loss: 1.5606 - acc: 0.3510
 448/3458 [==>...........................] - ETA: 2:27 - loss: 1.5628 - acc: 0.3438
 480/3458 [===>..........................] - ETA: 2:26 - loss: 1.5648 - acc: 0.3458
 512/3458 [===>..........................] - ETA: 2:24 - loss: 1.5566 - acc: 0.3438
 544/3458 [===>..........................] - ETA: 2:23 - loss: 1.5633 - acc: 0.3401
 576/3458 [===>..........................] - ETA: 2:21 - loss: 1.5668 - acc: 0.3385
 608/3458 [====>.........................] - ETA: 2:19 - loss: 1.5669 - acc: 0.3405
 640/3458 [====>.........................] - ETA: 2:18 - loss: 1.5672 - acc: 0.3391
 672/3458 [====>.........................] - ETA: 2:16 - loss: 1.5632 - acc: 0.3408
 704/3458 [=====>........................] - ETA: 2:14 - loss: 1.5656 - acc: 0.3366
 736/3458 [=====>........................] - ETA: 2:13 - loss: 1.5627 - acc: 0.3370
 768/3458 [=====>........................] - ETA: 2:11 - loss: 1.5609 - acc: 0.3372
 800/3458 [=====>........................] - ETA: 2:10 - loss: 1.5614 - acc: 0.3350
 832/3458 [======>.......................] - ETA: 2:08 - loss: 1.5571 - acc: 0.3365
 864/3458 [======>.......................] - ETA: 2:07 - loss: 1.5535 - acc: 0.3368
 896/3458 [======>.......................] - ETA: 2:05 - loss: 1.5562 - acc: 0.3359
 928/3458 [=======>......................] - ETA: 2:04 - loss: 1.5587 - acc: 0.3351
 960/3458 [=======>......................] - ETA: 2:02 - loss: 1.5575 - acc: 0.3354
 992/3458 [=======>......................] - ETA: 2:00 - loss: 1.5573 - acc: 0.3367
1024/3458 [=======>......................] - ETA: 1:59 - loss: 1.5518 - acc: 0.3428
1056/3458 [========>.....................] - ETA: 1:57 - loss: 1.5519 - acc: 0.3419
1088/3458 [========>.....................] - ETA: 1:56 - loss: 1.5494 - acc: 0.3438
1120/3458 [========>.....................] - ETA: 1:54 - loss: 1.5496 - acc: 0.3446
1152/3458 [========>.....................] - ETA: 1:53 - loss: 1.5501 - acc: 0.3455
1184/3458 [=========>....................] - ETA: 1:51 - loss: 1.5483 - acc: 0.3429
1216/3458 [=========>....................] - ETA: 1:49 - loss: 1.5482 - acc: 0.3446
1248/3458 [=========>....................] - ETA: 1:48 - loss: 1.5480 - acc: 0.3438
1280/3458 [==========>...................] - ETA: 1:46 - loss: 1.5464 - acc: 0.3453
1312/3458 [==========>...................] - ETA: 1:45 - loss: 1.5434 - acc: 0.3483
1344/3458 [==========>...................] - ETA: 1:43 - loss: 1.5459 - acc: 0.3460
1376/3458 [==========>...................] - ETA: 1:42 - loss: 1.5466 - acc: 0.3438
1408/3458 [===========>..................] - ETA: 1:40 - loss: 1.5462 - acc: 0.3430
1440/3458 [===========>..................] - ETA: 1:38 - loss: 1.5450 - acc: 0.3451
1472/3458 [===========>..................] - ETA: 1:37 - loss: 1.5448 - acc: 0.3424
1504/3458 [============>.................] - ETA: 1:35 - loss: 1.5436 - acc: 0.3438
1536/3458 [============>.................] - ETA: 1:34 - loss: 1.5428 - acc: 0.3418
1568/3458 [============>.................] - ETA: 1:32 - loss: 1.5425 - acc: 0.3399
1600/3458 [============>.................] - ETA: 1:31 - loss: 1.5413 - acc: 0.3388
1632/3458 [=============>................] - ETA: 1:29 - loss: 1.5384 - acc: 0.3407
1664/3458 [=============>................] - ETA: 1:27 - loss: 1.5388 - acc: 0.3383
1696/3458 [=============>................] - ETA: 1:26 - loss: 1.5371 - acc: 0.3396
1728/3458 [=============>................] - ETA: 1:24 - loss: 1.5356 - acc: 0.3397
1760/3458 [==============>...............] - ETA: 1:23 - loss: 1.5343 - acc: 0.3415
1792/3458 [==============>...............] - ETA: 1:21 - loss: 1.5355 - acc: 0.3393
1824/3458 [==============>...............] - ETA: 1:20 - loss: 1.5339 - acc: 0.3416
1856/3458 [===============>..............] - ETA: 1:18 - loss: 1.5347 - acc: 0.3405
1888/3458 [===============>..............] - ETA: 1:17 - loss: 1.5353 - acc: 0.3390
1920/3458 [===============>..............] - ETA: 1:15 - loss: 1.5362 - acc: 0.3385
1952/3458 [===============>..............] - ETA: 1:13 - loss: 1.5359 - acc: 0.3386
1984/3458 [================>.............] - ETA: 1:12 - loss: 1.5358 - acc: 0.3372
2016/3458 [================>.............] - ETA: 1:10 - loss: 1.5366 - acc: 0.3363
2048/3458 [================>.............] - ETA: 1:09 - loss: 1.5366 - acc: 0.3354
2080/3458 [=================>............] - ETA: 1:07 - loss: 1.5343 - acc: 0.3356
2112/3458 [=================>............] - ETA: 1:06 - loss: 1.5331 - acc: 0.3366
2144/3458 [=================>............] - ETA: 1:04 - loss: 1.5320 - acc: 0.3363
2176/3458 [=================>............] - ETA: 1:02 - loss: 1.5308 - acc: 0.3369
2208/3458 [==================>...........] - ETA: 1:01 - loss: 1.5289 - acc: 0.3388
2240/3458 [==================>...........] - ETA: 59s - loss: 1.5274 - acc: 0.3406 
2272/3458 [==================>...........] - ETA: 58s - loss: 1.5261 - acc: 0.3420
2304/3458 [==================>...........] - ETA: 56s - loss: 1.5255 - acc: 0.3424
2336/3458 [===================>..........] - ETA: 55s - loss: 1.5257 - acc: 0.3408
2368/3458 [===================>..........] - ETA: 53s - loss: 1.5260 - acc: 0.3395
2400/3458 [===================>..........] - ETA: 51s - loss: 1.5258 - acc: 0.3383
2432/3458 [====================>.........] - ETA: 50s - loss: 1.5244 - acc: 0.3392
2464/3458 [====================>.........] - ETA: 48s - loss: 1.5242 - acc: 0.3393
2496/3458 [====================>.........] - ETA: 47s - loss: 1.5203 - acc: 0.3425
2528/3458 [====================>.........] - ETA: 45s - loss: 1.5204 - acc: 0.3434
2560/3458 [=====================>........] - ETA: 44s - loss: 1.5182 - acc: 0.3434
2592/3458 [=====================>........] - ETA: 42s - loss: 1.5179 - acc: 0.3449
2624/3458 [=====================>........] - ETA: 40s - loss: 1.5176 - acc: 0.3445
2656/3458 [======================>.......] - ETA: 39s - loss: 1.5182 - acc: 0.3434
2688/3458 [======================>.......] - ETA: 37s - loss: 1.5167 - acc: 0.3438
2720/3458 [======================>.......] - ETA: 36s - loss: 1.5167 - acc: 0.3434
2752/3458 [======================>.......] - ETA: 34s - loss: 1.5180 - acc: 0.3434
2784/3458 [=======================>......] - ETA: 33s - loss: 1.5170 - acc: 0.3455
2816/3458 [=======================>......] - ETA: 31s - loss: 1.5159 - acc: 0.3469
2848/3458 [=======================>......] - ETA: 29s - loss: 1.5145 - acc: 0.3476
2880/3458 [=======================>......] - ETA: 28s - loss: 1.5121 - acc: 0.3490
2912/3458 [========================>.....] - ETA: 26s - loss: 1.5116 - acc: 0.3496
2944/3458 [========================>.....] - ETA: 25s - loss: 1.5163 - acc: 0.3495
2976/3458 [========================>.....] - ETA: 23s - loss: 1.5188 - acc: 0.3501
3008/3458 [=========================>....] - ETA: 22s - loss: 1.5186 - acc: 0.3494
3040/3458 [=========================>....] - ETA: 20s - loss: 1.5182 - acc: 0.3484
3072/3458 [=========================>....] - ETA: 18s - loss: 1.5187 - acc: 0.3473
3104/3458 [=========================>....] - ETA: 17s - loss: 1.5190 - acc: 0.3466
3136/3458 [==========================>...] - ETA: 15s - loss: 1.5189 - acc: 0.3457
3168/3458 [==========================>...] - ETA: 14s - loss: 1.5200 - acc: 0.3434
3200/3458 [==========================>...] - ETA: 12s - loss: 1.5198 - acc: 0.3425
3232/3458 [===========================>..] - ETA: 11s - loss: 1.5201 - acc: 0.3425
3264/3458 [===========================>..] - ETA: 9s - loss: 1.5205 - acc: 0.3422 
3296/3458 [===========================>..] - ETA: 7s - loss: 1.5203 - acc: 0.3416
3328/3458 [===========================>..] - ETA: 6s - loss: 1.5223 - acc: 0.3407
3360/3458 [============================>.] - ETA: 4s - loss: 1.5215 - acc: 0.3417
3392/3458 [============================>.] - ETA: 3s - loss: 1.5197 - acc: 0.3440
3424/3458 [============================>.] - ETA: 1s - loss: 1.5200 - acc: 0.3426
3456/3458 [============================>.] - ETA: 0s - loss: 1.5193 - acc: 0.3426
3458/3458 [==============================] - 170s 49ms/sample - loss: 1.5193 - acc: 0.3427

 32/865 [>.............................] - ETA: 7s - loss: 1.4041 - acc: 0.3125
 64/865 [=>............................] - ETA: 7s - loss: 1.4694 - acc: 0.2969
 96/865 [==>...........................] - ETA: 6s - loss: 1.4912 - acc: 0.2708
128/865 [===>..........................] - ETA: 6s - loss: 1.4828 - acc: 0.3125
160/865 [====>.........................] - ETA: 6s - loss: 1.4552 - acc: 0.3250
192/865 [=====>........................] - ETA: 5s - loss: 1.4365 - acc: 0.3385
224/865 [======>.......................] - ETA: 5s - loss: 1.4314 - acc: 0.3482
256/865 [=======>......................] - ETA: 5s - loss: 1.4230 - acc: 0.3672
288/865 [========>.....................] - ETA: 5s - loss: 1.4140 - acc: 0.3681
320/865 [==========>...................] - ETA: 4s - loss: 1.4169 - acc: 0.3719
352/865 [===========>..................] - ETA: 4s - loss: 1.4224 - acc: 0.3750
384/865 [============>.................] - ETA: 4s - loss: 1.4261 - acc: 0.3646
416/865 [=============>................] - ETA: 3s - loss: 1.4236 - acc: 0.3606
448/865 [==============>...............] - ETA: 3s - loss: 1.4103 - acc: 0.3683
480/865 [===============>..............] - ETA: 3s - loss: 1.4079 - acc: 0.3750
512/865 [================>.............] - ETA: 3s - loss: 1.4118 - acc: 0.3770
544/865 [=================>............] - ETA: 2s - loss: 1.4076 - acc: 0.3787
576/865 [==================>...........] - ETA: 2s - loss: 1.4091 - acc: 0.3837
608/865 [====================>.........] - ETA: 2s - loss: 1.4038 - acc: 0.3964
640/865 [=====================>........] - ETA: 2s - loss: 1.3953 - acc: 0.4000
672/865 [======================>.......] - ETA: 1s - loss: 1.3995 - acc: 0.3943
704/865 [=======================>......] - ETA: 1s - loss: 1.3969 - acc: 0.3949
736/865 [========================>.....] - ETA: 1s - loss: 1.3954 - acc: 0.4008
768/865 [=========================>....] - ETA: 0s - loss: 1.3998 - acc: 0.3945
800/865 [==========================>...] - ETA: 0s - loss: 1.3993 - acc: 0.3988
832/865 [===========================>..] - ETA: 0s - loss: 1.4002 - acc: 0.3906
864/865 [============================>.] - ETA: 0s - loss: 1.3995 - acc: 0.3900
865/865 [==============================] - 8s 9ms/sample - loss: 1.3998 - acc: 0.3896

  32/3458 [..............................] - ETA: 2:49 - loss: 1.4271 - acc: 0.4375
  64/3458 [..............................] - ETA: 2:47 - loss: 1.5761 - acc: 0.4062
  96/3458 [..............................] - ETA: 2:45 - loss: 1.5319 - acc: 0.3854
 128/3458 [>.............................] - ETA: 2:43 - loss: 1.5082 - acc: 0.3906
 160/3458 [>.............................] - ETA: 2:41 - loss: 1.4871 - acc: 0.3812
 192/3458 [>.............................] - ETA: 2:40 - loss: 1.4811 - acc: 0.3750
 224/3458 [>.............................] - ETA: 2:38 - loss: 1.4727 - acc: 0.3750
 256/3458 [=>............................] - ETA: 2:37 - loss: 1.4676 - acc: 0.3828
 288/3458 [=>............................] - ETA: 2:35 - loss: 1.4612 - acc: 0.3924
 320/3458 [=>............................] - ETA: 2:34 - loss: 1.4488 - acc: 0.4031
 352/3458 [==>...........................] - ETA: 2:32 - loss: 1.4409 - acc: 0.4062
 384/3458 [==>...........................] - ETA: 2:31 - loss: 1.4369 - acc: 0.3984
 416/3458 [==>...........................] - ETA: 2:29 - loss: 1.4369 - acc: 0.3990
 448/3458 [==>...........................] - ETA: 2:28 - loss: 1.4278 - acc: 0.4040
 480/3458 [===>..........................] - ETA: 2:26 - loss: 1.4235 - acc: 0.4021
 512/3458 [===>..........................] - ETA: 2:25 - loss: 1.4232 - acc: 0.4023
 544/3458 [===>..........................] - ETA: 2:23 - loss: 1.4269 - acc: 0.4026
 576/3458 [===>..........................] - ETA: 2:21 - loss: 1.4295 - acc: 0.4028
 608/3458 [====>.........................] - ETA: 2:20 - loss: 1.4338 - acc: 0.3947
 640/3458 [====>.........................] - ETA: 2:18 - loss: 1.4316 - acc: 0.3922
 672/3458 [====>.........................] - ETA: 2:17 - loss: 1.4310 - acc: 0.3884
 704/3458 [=====>........................] - ETA: 2:15 - loss: 1.4332 - acc: 0.3835
 736/3458 [=====>........................] - ETA: 2:14 - loss: 1.4290 - acc: 0.3872
 768/3458 [=====>........................] - ETA: 2:12 - loss: 1.4223 - acc: 0.3958
 800/3458 [=====>........................] - ETA: 2:10 - loss: 1.4231 - acc: 0.3963
 832/3458 [======>.......................] - ETA: 2:09 - loss: 1.4248 - acc: 0.4014
 864/3458 [======>.......................] - ETA: 2:07 - loss: 1.4304 - acc: 0.3970
 896/3458 [======>.......................] - ETA: 2:06 - loss: 1.4275 - acc: 0.3984
 928/3458 [=======>......................] - ETA: 2:04 - loss: 1.4262 - acc: 0.4009
 960/3458 [=======>......................] - ETA: 2:02 - loss: 1.4265 - acc: 0.4010
 992/3458 [=======>......................] - ETA: 2:01 - loss: 1.4241 - acc: 0.4062
1024/3458 [=======>......................] - ETA: 1:59 - loss: 1.4233 - acc: 0.4072
1056/3458 [========>.....................] - ETA: 1:58 - loss: 1.4215 - acc: 0.4062
1088/3458 [========>.....................] - ETA: 1:56 - loss: 1.4271 - acc: 0.4035
1120/3458 [========>.....................] - ETA: 1:54 - loss: 1.4311 - acc: 0.4009
1152/3458 [========>.....................] - ETA: 1:53 - loss: 1.4298 - acc: 0.3984
1184/3458 [=========>....................] - ETA: 1:51 - loss: 1.4253 - acc: 0.4012
1216/3458 [=========>....................] - ETA: 1:50 - loss: 1.4241 - acc: 0.4013
1248/3458 [=========>....................] - ETA: 1:48 - loss: 1.4216 - acc: 0.4014
1280/3458 [==========>...................] - ETA: 1:46 - loss: 1.4208 - acc: 0.4016
1312/3458 [==========>...................] - ETA: 1:45 - loss: 1.4189 - acc: 0.4040
1344/3458 [==========>...................] - ETA: 1:43 - loss: 1.4163 - acc: 0.4055
1376/3458 [==========>...................] - ETA: 1:42 - loss: 1.4152 - acc: 0.4055
1408/3458 [===========>..................] - ETA: 1:40 - loss: 1.4164 - acc: 0.4048
1440/3458 [===========>..................] - ETA: 1:39 - loss: 1.4145 - acc: 0.4056
1472/3458 [===========>..................] - ETA: 1:37 - loss: 1.4128 - acc: 0.4049
1504/3458 [============>.................] - ETA: 1:36 - loss: 1.4119 - acc: 0.4089
1536/3458 [============>.................] - ETA: 1:34 - loss: 1.4083 - acc: 0.4108
1568/3458 [============>.................] - ETA: 1:32 - loss: 1.4046 - acc: 0.4120
1600/3458 [============>.................] - ETA: 1:31 - loss: 1.4009 - acc: 0.4125
1632/3458 [=============>................] - ETA: 1:29 - loss: 1.3990 - acc: 0.4136
1664/3458 [=============>................] - ETA: 1:28 - loss: 1.4036 - acc: 0.4111
1696/3458 [=============>................] - ETA: 1:26 - loss: 1.4023 - acc: 0.4127
1728/3458 [=============>................] - ETA: 1:25 - loss: 1.4007 - acc: 0.4120
1760/3458 [==============>...............] - ETA: 1:23 - loss: 1.4003 - acc: 0.4125
1792/3458 [==============>...............] - ETA: 1:21 - loss: 1.4077 - acc: 0.4113
1824/3458 [==============>...............] - ETA: 1:20 - loss: 1.4069 - acc: 0.4095
1856/3458 [===============>..............] - ETA: 1:18 - loss: 1.4065 - acc: 0.4106
1888/3458 [===============>..............] - ETA: 1:17 - loss: 1.4070 - acc: 0.4084
1920/3458 [===============>..............] - ETA: 1:15 - loss: 1.4076 - acc: 0.4083
1952/3458 [===============>..............] - ETA: 1:14 - loss: 1.4109 - acc: 0.4057
1984/3458 [================>.............] - ETA: 1:12 - loss: 1.4122 - acc: 0.4027
2016/3458 [================>.............] - ETA: 1:10 - loss: 1.4132 - acc: 0.4023
2048/3458 [================>.............] - ETA: 1:09 - loss: 1.4160 - acc: 0.3999
2080/3458 [=================>............] - ETA: 1:07 - loss: 1.4150 - acc: 0.4000
2112/3458 [=================>............] - ETA: 1:06 - loss: 1.4136 - acc: 0.4001
2144/3458 [=================>............] - ETA: 1:04 - loss: 1.4141 - acc: 0.4007
2176/3458 [=================>............] - ETA: 1:03 - loss: 1.4199 - acc: 0.4007
2208/3458 [==================>...........] - ETA: 1:01 - loss: 1.4208 - acc: 0.3995
2240/3458 [==================>...........] - ETA: 59s - loss: 1.4215 - acc: 0.3996 
2272/3458 [==================>...........] - ETA: 58s - loss: 1.4241 - acc: 0.3957
2304/3458 [==================>...........] - ETA: 56s - loss: 1.4236 - acc: 0.3963
2336/3458 [===================>..........] - ETA: 55s - loss: 1.4266 - acc: 0.3930
2368/3458 [===================>..........] - ETA: 53s - loss: 1.4265 - acc: 0.3944
2400/3458 [===================>..........] - ETA: 52s - loss: 1.4256 - acc: 0.3954
2432/3458 [====================>.........] - ETA: 50s - loss: 1.4278 - acc: 0.3947
2464/3458 [====================>.........] - ETA: 48s - loss: 1.4275 - acc: 0.3953
2496/3458 [====================>.........] - ETA: 47s - loss: 1.4257 - acc: 0.3970
2528/3458 [====================>.........] - ETA: 45s - loss: 1.4240 - acc: 0.3972
2560/3458 [=====================>........] - ETA: 44s - loss: 1.4269 - acc: 0.3969
2592/3458 [=====================>........] - ETA: 42s - loss: 1.4273 - acc: 0.3974
2624/3458 [=====================>........] - ETA: 40s - loss: 1.4237 - acc: 0.3990
2656/3458 [======================>.......] - ETA: 39s - loss: 1.4233 - acc: 0.3991
2688/3458 [======================>.......] - ETA: 37s - loss: 1.4225 - acc: 0.3984
2720/3458 [======================>.......] - ETA: 36s - loss: 1.4225 - acc: 0.3993
2752/3458 [======================>.......] - ETA: 34s - loss: 1.4215 - acc: 0.3990
2784/3458 [=======================>......] - ETA: 33s - loss: 1.4210 - acc: 0.3998
2816/3458 [=======================>......] - ETA: 31s - loss: 1.4203 - acc: 0.4002
2848/3458 [=======================>......] - ETA: 29s - loss: 1.4196 - acc: 0.4003
2880/3458 [=======================>......] - ETA: 28s - loss: 1.4190 - acc: 0.4010
2912/3458 [========================>.....] - ETA: 26s - loss: 1.4166 - acc: 0.4025
2944/3458 [========================>.....] - ETA: 25s - loss: 1.4161 - acc: 0.4025
2976/3458 [========================>.....] - ETA: 23s - loss: 1.4179 - acc: 0.4026
3008/3458 [=========================>....] - ETA: 22s - loss: 1.4181 - acc: 0.4026
3040/3458 [=========================>....] - ETA: 20s - loss: 1.4162 - acc: 0.4026
3072/3458 [=========================>....] - ETA: 18s - loss: 1.4137 - acc: 0.4043
3104/3458 [=========================>....] - ETA: 17s - loss: 1.4144 - acc: 0.4037
3136/3458 [==========================>...] - ETA: 15s - loss: 1.4129 - acc: 0.4050
3168/3458 [==========================>...] - ETA: 14s - loss: 1.4132 - acc: 0.4040
3200/3458 [==========================>...] - ETA: 12s - loss: 1.4122 - acc: 0.4038
3232/3458 [===========================>..] - ETA: 11s - loss: 1.4113 - acc: 0.4044
3264/3458 [===========================>..] - ETA: 9s - loss: 1.4111 - acc: 0.4041 
3296/3458 [===========================>..] - ETA: 7s - loss: 1.4111 - acc: 0.4050
3328/3458 [===========================>..] - ETA: 6s - loss: 1.4096 - acc: 0.4056
3360/3458 [============================>.] - ETA: 4s - loss: 1.4095 - acc: 0.4060
3392/3458 [============================>.] - ETA: 3s - loss: 1.4113 - acc: 0.4048
3424/3458 [============================>.] - ETA: 1s - loss: 1.4112 - acc: 0.4051
3456/3458 [============================>.] - ETA: 0s - loss: 1.4100 - acc: 0.4060
3458/3458 [==============================] - 170s 49ms/sample - loss: 1.4102 - acc: 0.4057

 32/865 [>.............................] - ETA: 7s - loss: 1.3125 - acc: 0.4375
 64/865 [=>............................] - ETA: 7s - loss: 1.3732 - acc: 0.3906
 96/865 [==>...........................] - ETA: 6s - loss: 1.4127 - acc: 0.3333
128/865 [===>..........................] - ETA: 6s - loss: 1.3763 - acc: 0.3672
160/865 [====>.........................] - ETA: 6s - loss: 1.3460 - acc: 0.3812
192/865 [=====>........................] - ETA: 6s - loss: 1.3241 - acc: 0.4062
224/865 [======>.......................] - ETA: 5s - loss: 1.3268 - acc: 0.3839
256/865 [=======>......................] - ETA: 5s - loss: 1.3240 - acc: 0.3867
288/865 [========>.....................] - ETA: 5s - loss: 1.3088 - acc: 0.4028
320/865 [==========>...................] - ETA: 4s - loss: 1.3108 - acc: 0.4125
352/865 [===========>..................] - ETA: 4s - loss: 1.3211 - acc: 0.4062
384/865 [============>.................] - ETA: 4s - loss: 1.3249 - acc: 0.4036
416/865 [=============>................] - ETA: 3s - loss: 1.3201 - acc: 0.4135
448/865 [==============>...............] - ETA: 3s - loss: 1.3145 - acc: 0.4129
480/865 [===============>..............] - ETA: 3s - loss: 1.3126 - acc: 0.4167
512/865 [================>.............] - ETA: 3s - loss: 1.3195 - acc: 0.4180
544/865 [=================>............] - ETA: 2s - loss: 1.3154 - acc: 0.4228
576/865 [==================>...........] - ETA: 2s - loss: 1.3200 - acc: 0.4201
608/865 [====================>.........] - ETA: 2s - loss: 1.3164 - acc: 0.4276
640/865 [=====================>........] - ETA: 2s - loss: 1.3094 - acc: 0.4328
672/865 [======================>.......] - ETA: 1s - loss: 1.3091 - acc: 0.4315
704/865 [=======================>......] - ETA: 1s - loss: 1.3078 - acc: 0.4347
736/865 [========================>.....] - ETA: 1s - loss: 1.3039 - acc: 0.4389
768/865 [=========================>....] - ETA: 0s - loss: 1.3068 - acc: 0.4310
800/865 [==========================>...] - ETA: 0s - loss: 1.3101 - acc: 0.4313
832/865 [===========================>..] - ETA: 0s - loss: 1.3120 - acc: 0.4279
864/865 [============================>.] - ETA: 0s - loss: 1.3141 - acc: 0.4271
865/865 [==============================] - 8s 9ms/sample - loss: 1.3145 - acc: 0.4266

  32/3458 [..............................] - ETA: 2:46 - loss: 1.1982 - acc: 0.5000
  64/3458 [..............................] - ETA: 2:45 - loss: 1.3018 - acc: 0.4844
  96/3458 [..............................] - ETA: 2:44 - loss: 1.2925 - acc: 0.4792
 128/3458 [>.............................] - ETA: 2:43 - loss: 1.3260 - acc: 0.4844
 160/3458 [>.............................] - ETA: 2:41 - loss: 1.3184 - acc: 0.4688
 192/3458 [>.............................] - ETA: 2:40 - loss: 1.3242 - acc: 0.4792
 224/3458 [>.............................] - ETA: 2:38 - loss: 1.3079 - acc: 0.4777
 256/3458 [=>............................] - ETA: 2:37 - loss: 1.3031 - acc: 0.4844
 288/3458 [=>............................] - ETA: 2:35 - loss: 1.3257 - acc: 0.4688
 320/3458 [=>............................] - ETA: 2:33 - loss: 1.3196 - acc: 0.4688
 352/3458 [==>...........................] - ETA: 2:32 - loss: 1.3347 - acc: 0.4602
 384/3458 [==>...........................] - ETA: 2:30 - loss: 1.3291 - acc: 0.4661
 416/3458 [==>...........................] - ETA: 2:29 - loss: 1.3381 - acc: 0.4495
 448/3458 [==>...........................] - ETA: 2:27 - loss: 1.3415 - acc: 0.4509
 480/3458 [===>..........................] - ETA: 2:26 - loss: 1.3407 - acc: 0.4542
 512/3458 [===>..........................] - ETA: 2:24 - loss: 1.3511 - acc: 0.4453
 544/3458 [===>..........................] - ETA: 2:22 - loss: 1.3447 - acc: 0.4504
 576/3458 [===>..........................] - ETA: 2:21 - loss: 1.3554 - acc: 0.4514
 608/3458 [====>.........................] - ETA: 2:20 - loss: 1.3537 - acc: 0.4457
 640/3458 [====>.........................] - ETA: 2:18 - loss: 1.3513 - acc: 0.4422
 672/3458 [====>.........................] - ETA: 2:17 - loss: 1.3496 - acc: 0.4390
 704/3458 [=====>........................] - ETA: 2:15 - loss: 1.3482 - acc: 0.4347
 736/3458 [=====>........................] - ETA: 2:14 - loss: 1.3485 - acc: 0.4334
 768/3458 [=====>........................] - ETA: 2:12 - loss: 1.3399 - acc: 0.4401
 800/3458 [=====>........................] - ETA: 2:10 - loss: 1.3364 - acc: 0.4462
 832/3458 [======>.......................] - ETA: 2:09 - loss: 1.3352 - acc: 0.4507
 864/3458 [======>.......................] - ETA: 2:07 - loss: 1.3349 - acc: 0.4468
 896/3458 [======>.......................] - ETA: 2:05 - loss: 1.3315 - acc: 0.4498
 928/3458 [=======>......................] - ETA: 2:04 - loss: 1.3299 - acc: 0.4494
 960/3458 [=======>......................] - ETA: 2:02 - loss: 1.3317 - acc: 0.4500
 992/3458 [=======>......................] - ETA: 2:01 - loss: 1.3339 - acc: 0.4486
1024/3458 [=======>......................] - ETA: 1:59 - loss: 1.3349 - acc: 0.4502
1056/3458 [========>.....................] - ETA: 1:58 - loss: 1.3334 - acc: 0.4536
1088/3458 [========>.....................] - ETA: 1:56 - loss: 1.3331 - acc: 0.4568
1120/3458 [========>.....................] - ETA: 1:54 - loss: 1.3340 - acc: 0.4545
1152/3458 [========>.....................] - ETA: 1:53 - loss: 1.3322 - acc: 0.4540
1184/3458 [=========>....................] - ETA: 1:51 - loss: 1.3300 - acc: 0.4561
1216/3458 [=========>....................] - ETA: 1:50 - loss: 1.3327 - acc: 0.4572
1248/3458 [=========>....................] - ETA: 1:48 - loss: 1.3316 - acc: 0.4567
1280/3458 [==========>...................] - ETA: 1:46 - loss: 1.3342 - acc: 0.4523
1312/3458 [==========>...................] - ETA: 1:45 - loss: 1.3346 - acc: 0.4527
1344/3458 [==========>...................] - ETA: 1:43 - loss: 1.3320 - acc: 0.4516
1376/3458 [==========>...................] - ETA: 1:42 - loss: 1.3333 - acc: 0.4491
1408/3458 [===========>..................] - ETA: 1:40 - loss: 1.3306 - acc: 0.4489
1440/3458 [===========>..................] - ETA: 1:39 - loss: 1.3259 - acc: 0.4521
1472/3458 [===========>..................] - ETA: 1:37 - loss: 1.3231 - acc: 0.4545
1504/3458 [============>.................] - ETA: 1:35 - loss: 1.3255 - acc: 0.4515
1536/3458 [============>.................] - ETA: 1:34 - loss: 1.3260 - acc: 0.4512
1568/3458 [============>.................] - ETA: 1:32 - loss: 1.3266 - acc: 0.4534
1600/3458 [============>.................] - ETA: 1:31 - loss: 1.3269 - acc: 0.4525
1632/3458 [=============>................] - ETA: 1:29 - loss: 1.3269 - acc: 0.4498
1664/3458 [=============>................] - ETA: 1:28 - loss: 1.3259 - acc: 0.4483
1696/3458 [=============>................] - ETA: 1:26 - loss: 1.3264 - acc: 0.4475
1728/3458 [=============>................] - ETA: 1:24 - loss: 1.3278 - acc: 0.4439
1760/3458 [==============>...............] - ETA: 1:23 - loss: 1.3270 - acc: 0.4432
1792/3458 [==============>...............] - ETA: 1:21 - loss: 1.3250 - acc: 0.4431
1824/3458 [==============>...............] - ETA: 1:20 - loss: 1.3234 - acc: 0.4430
1856/3458 [===============>..............] - ETA: 1:18 - loss: 1.3286 - acc: 0.4429
1888/3458 [===============>..............] - ETA: 1:17 - loss: 1.3268 - acc: 0.4428
1920/3458 [===============>..............] - ETA: 1:15 - loss: 1.3243 - acc: 0.4443
1952/3458 [===============>..............] - ETA: 1:13 - loss: 1.3246 - acc: 0.4447
1984/3458 [================>.............] - ETA: 1:12 - loss: 1.3211 - acc: 0.4466
2016/3458 [================>.............] - ETA: 1:10 - loss: 1.3200 - acc: 0.4459
2048/3458 [================>.............] - ETA: 1:09 - loss: 1.3197 - acc: 0.4473
2080/3458 [=================>............] - ETA: 1:07 - loss: 1.3207 - acc: 0.4476
2112/3458 [=================>............] - ETA: 1:06 - loss: 1.3182 - acc: 0.4512
2144/3458 [=================>............] - ETA: 1:04 - loss: 1.3182 - acc: 0.4501
2176/3458 [=================>............] - ETA: 1:02 - loss: 1.3184 - acc: 0.4517
2208/3458 [==================>...........] - ETA: 1:01 - loss: 1.3189 - acc: 0.4524
2240/3458 [==================>...........] - ETA: 59s - loss: 1.3169 - acc: 0.4518 
2272/3458 [==================>...........] - ETA: 58s - loss: 1.3186 - acc: 0.4520
2304/3458 [==================>...........] - ETA: 56s - loss: 1.3198 - acc: 0.4514
2336/3458 [===================>..........] - ETA: 55s - loss: 1.3158 - acc: 0.4529
2368/3458 [===================>..........] - ETA: 53s - loss: 1.3148 - acc: 0.4544
2400/3458 [===================>..........] - ETA: 51s - loss: 1.3157 - acc: 0.4550
2432/3458 [====================>.........] - ETA: 50s - loss: 1.3150 - acc: 0.4564
2464/3458 [====================>.........] - ETA: 48s - loss: 1.3146 - acc: 0.4574
2496/3458 [====================>.........] - ETA: 47s - loss: 1.3158 - acc: 0.4559
2528/3458 [====================>.........] - ETA: 45s - loss: 1.3131 - acc: 0.4581
2560/3458 [=====================>........] - ETA: 44s - loss: 1.3120 - acc: 0.4586
2592/3458 [=====================>........] - ETA: 42s - loss: 1.3112 - acc: 0.4599
2624/3458 [=====================>........] - ETA: 40s - loss: 1.3127 - acc: 0.4588
2656/3458 [======================>.......] - ETA: 39s - loss: 1.3122 - acc: 0.4590
2688/3458 [======================>.......] - ETA: 37s - loss: 1.3125 - acc: 0.4568
2720/3458 [======================>.......] - ETA: 36s - loss: 1.3106 - acc: 0.4592
2752/3458 [======================>.......] - ETA: 34s - loss: 1.3120 - acc: 0.4586
2784/3458 [=======================>......] - ETA: 33s - loss: 1.3109 - acc: 0.4594
2816/3458 [=======================>......] - ETA: 31s - loss: 1.3094 - acc: 0.4606
2848/3458 [=======================>......] - ETA: 29s - loss: 1.3082 - acc: 0.4603
2880/3458 [=======================>......] - ETA: 28s - loss: 1.3060 - acc: 0.4622
2912/3458 [========================>.....] - ETA: 26s - loss: 1.3060 - acc: 0.4605
2944/3458 [========================>.....] - ETA: 25s - loss: 1.3037 - acc: 0.4616
2976/3458 [========================>.....] - ETA: 23s - loss: 1.3045 - acc: 0.4620
3008/3458 [=========================>....] - ETA: 22s - loss: 1.3089 - acc: 0.4604
3040/3458 [=========================>....] - ETA: 20s - loss: 1.3089 - acc: 0.4599
3072/3458 [=========================>....] - ETA: 18s - loss: 1.3081 - acc: 0.4603
3104/3458 [=========================>....] - ETA: 17s - loss: 1.3074 - acc: 0.4597
3136/3458 [==========================>...] - ETA: 15s - loss: 1.3065 - acc: 0.4617
3168/3458 [==========================>...] - ETA: 14s - loss: 1.3051 - acc: 0.4621
3200/3458 [==========================>...] - ETA: 12s - loss: 1.3030 - acc: 0.4628
3232/3458 [===========================>..] - ETA: 11s - loss: 1.3030 - acc: 0.4619
3264/3458 [===========================>..] - ETA: 9s - loss: 1.3005 - acc: 0.4632 
3296/3458 [===========================>..] - ETA: 7s - loss: 1.3000 - acc: 0.4639
3328/3458 [===========================>..] - ETA: 6s - loss: 1.2984 - acc: 0.4636
3360/3458 [============================>.] - ETA: 4s - loss: 1.2990 - acc: 0.4643
3392/3458 [============================>.] - ETA: 3s - loss: 1.2977 - acc: 0.4652
3424/3458 [============================>.] - ETA: 1s - loss: 1.2963 - acc: 0.4652
3456/3458 [============================>.] - ETA: 0s - loss: 1.2956 - acc: 0.4653
3458/3458 [==============================] - 170s 49ms/sample - loss: 1.2957 - acc: 0.4653

 32/865 [>.............................] - ETA: 7s - loss: 1.5918 - acc: 0.2812
 64/865 [=>............................] - ETA: 6s - loss: 1.6502 - acc: 0.3438
 96/865 [==>...........................] - ETA: 6s - loss: 1.5921 - acc: 0.3750
128/865 [===>..........................] - ETA: 6s - loss: 1.5815 - acc: 0.3828
160/865 [====>.........................] - ETA: 6s - loss: 1.5270 - acc: 0.3812
192/865 [=====>........................] - ETA: 5s - loss: 1.5097 - acc: 0.3958
224/865 [======>.......................] - ETA: 5s - loss: 1.5261 - acc: 0.3973
256/865 [=======>......................] - ETA: 5s - loss: 1.5367 - acc: 0.3984
288/865 [========>.....................] - ETA: 5s - loss: 1.5365 - acc: 0.3924
320/865 [==========>...................] - ETA: 4s - loss: 1.5327 - acc: 0.3906
352/865 [===========>..................] - ETA: 4s - loss: 1.5256 - acc: 0.3892
384/865 [============>.................] - ETA: 4s - loss: 1.5055 - acc: 0.3880
416/865 [=============>................] - ETA: 3s - loss: 1.5182 - acc: 0.3846
448/865 [==============>...............] - ETA: 3s - loss: 1.4864 - acc: 0.3906
480/865 [===============>..............] - ETA: 3s - loss: 1.4732 - acc: 0.3958
512/865 [================>.............] - ETA: 3s - loss: 1.4665 - acc: 0.4082
544/865 [=================>............] - ETA: 2s - loss: 1.4769 - acc: 0.4099
576/865 [==================>...........] - ETA: 2s - loss: 1.4707 - acc: 0.4132
608/865 [====================>.........] - ETA: 2s - loss: 1.4589 - acc: 0.4178
640/865 [=====================>........] - ETA: 2s - loss: 1.4385 - acc: 0.4250
672/865 [======================>.......] - ETA: 1s - loss: 1.4535 - acc: 0.4182
704/865 [=======================>......] - ETA: 1s - loss: 1.4522 - acc: 0.4176
736/865 [========================>.....] - ETA: 1s - loss: 1.4516 - acc: 0.4212
768/865 [=========================>....] - ETA: 0s - loss: 1.4664 - acc: 0.4154
800/865 [==========================>...] - ETA: 0s - loss: 1.4644 - acc: 0.4175
832/865 [===========================>..] - ETA: 0s - loss: 1.4758 - acc: 0.4062
864/865 [============================>.] - ETA: 0s - loss: 1.4715 - acc: 0.4051
865/865 [==============================] - 8s 9ms/sample - loss: 1.4714 - acc: 0.4046
