For Dropout_1=0.5 Dropout_2=0.4
daisy loaded
dandelion loaded
rose loaded
sunflower loaded
tulip loaded

  32/3458 [..............................] - ETA: 3:08 - loss: 1.6047 - acc: 0.2188
  64/3458 [..............................] - ETA: 2:57 - loss: 9.9280 - acc: 0.2656
  96/3458 [..............................] - ETA: 2:51 - loss: 12.8913 - acc: 0.2292
 128/3458 [>.............................] - ETA: 2:48 - loss: 11.0957 - acc: 0.2344
 160/3458 [>.............................] - ETA: 2:45 - loss: 9.5080 - acc: 0.2688 
 192/3458 [>.............................] - ETA: 2:43 - loss: 8.2180 - acc: 0.2552
 224/3458 [>.............................] - ETA: 2:41 - loss: 7.2638 - acc: 0.2455
 256/3458 [=>............................] - ETA: 2:39 - loss: 6.5546 - acc: 0.2461
 288/3458 [=>............................] - ETA: 2:37 - loss: 5.9964 - acc: 0.2292
 320/3458 [=>............................] - ETA: 2:35 - loss: 5.5564 - acc: 0.2344
 352/3458 [==>...........................] - ETA: 2:34 - loss: 5.2055 - acc: 0.2301
 384/3458 [==>...........................] - ETA: 2:32 - loss: 4.8991 - acc: 0.2266
 416/3458 [==>...........................] - ETA: 2:30 - loss: 4.6418 - acc: 0.2332
 448/3458 [==>...........................] - ETA: 2:29 - loss: 4.4187 - acc: 0.2411
 480/3458 [===>..........................] - ETA: 2:27 - loss: 4.2274 - acc: 0.2500
 512/3458 [===>..........................] - ETA: 2:25 - loss: 4.0615 - acc: 0.2520
 544/3458 [===>..........................] - ETA: 2:24 - loss: 3.9126 - acc: 0.2537
 576/3458 [===>..........................] - ETA: 2:22 - loss: 3.7761 - acc: 0.2569
 608/3458 [====>.........................] - ETA: 2:20 - loss: 3.6549 - acc: 0.2664
 640/3458 [====>.........................] - ETA: 2:19 - loss: 3.5491 - acc: 0.2656
 672/3458 [====>.........................] - ETA: 2:17 - loss: 3.4506 - acc: 0.2708
 704/3458 [=====>........................] - ETA: 2:15 - loss: 3.3665 - acc: 0.2656
 736/3458 [=====>........................] - ETA: 2:14 - loss: 3.2799 - acc: 0.2677
 768/3458 [=====>........................] - ETA: 2:12 - loss: 3.2040 - acc: 0.2695
 800/3458 [=====>........................] - ETA: 2:10 - loss: 3.1331 - acc: 0.2750
 832/3458 [======>.......................] - ETA: 2:09 - loss: 3.0668 - acc: 0.2788
 864/3458 [======>.......................] - ETA: 2:07 - loss: 3.0052 - acc: 0.2824
 896/3458 [======>.......................] - ETA: 2:06 - loss: 2.9506 - acc: 0.2835
 928/3458 [=======>......................] - ETA: 2:04 - loss: 2.8969 - acc: 0.2877
 960/3458 [=======>......................] - ETA: 2:02 - loss: 2.8441 - acc: 0.2917
 992/3458 [=======>......................] - ETA: 2:01 - loss: 2.7947 - acc: 0.2923
1024/3458 [=======>......................] - ETA: 1:59 - loss: 2.7494 - acc: 0.2969
1056/3458 [========>.....................] - ETA: 1:58 - loss: 2.7137 - acc: 0.2983
1088/3458 [========>.....................] - ETA: 1:56 - loss: 2.6691 - acc: 0.3015
1120/3458 [========>.....................] - ETA: 1:54 - loss: 2.6304 - acc: 0.3063
1152/3458 [========>.....................] - ETA: 1:53 - loss: 2.6005 - acc: 0.3047
1184/3458 [=========>....................] - ETA: 1:51 - loss: 2.5597 - acc: 0.3133
1216/3458 [=========>....................] - ETA: 1:50 - loss: 2.5249 - acc: 0.3166
1248/3458 [=========>....................] - ETA: 1:48 - loss: 2.4946 - acc: 0.3181
1280/3458 [==========>...................] - ETA: 1:46 - loss: 2.4641 - acc: 0.3227
1312/3458 [==========>...................] - ETA: 1:45 - loss: 2.4336 - acc: 0.3255
1344/3458 [==========>...................] - ETA: 1:43 - loss: 2.4056 - acc: 0.3289
1376/3458 [==========>...................] - ETA: 1:42 - loss: 2.3755 - acc: 0.3358
1408/3458 [===========>..................] - ETA: 1:40 - loss: 2.3686 - acc: 0.3338
1440/3458 [===========>..................] - ETA: 1:38 - loss: 2.3454 - acc: 0.3368
1472/3458 [===========>..................] - ETA: 1:37 - loss: 2.3250 - acc: 0.3370
1504/3458 [============>.................] - ETA: 1:35 - loss: 2.3092 - acc: 0.3378
1536/3458 [============>.................] - ETA: 1:34 - loss: 2.2897 - acc: 0.3372
1568/3458 [============>.................] - ETA: 1:32 - loss: 2.2704 - acc: 0.3393
1600/3458 [============>.................] - ETA: 1:31 - loss: 2.2592 - acc: 0.3413
1632/3458 [=============>................] - ETA: 1:29 - loss: 2.2450 - acc: 0.3407
1664/3458 [=============>................] - ETA: 1:27 - loss: 2.2302 - acc: 0.3383
1696/3458 [=============>................] - ETA: 1:26 - loss: 2.2139 - acc: 0.3402
1728/3458 [=============>................] - ETA: 1:24 - loss: 2.1994 - acc: 0.3403
1760/3458 [==============>...............] - ETA: 1:23 - loss: 2.1864 - acc: 0.3403
1792/3458 [==============>...............] - ETA: 1:21 - loss: 2.1728 - acc: 0.3426
1824/3458 [==============>...............] - ETA: 1:20 - loss: 2.1586 - acc: 0.3443
1856/3458 [===============>..............] - ETA: 1:18 - loss: 2.1475 - acc: 0.3454
1888/3458 [===============>..............] - ETA: 1:16 - loss: 2.1318 - acc: 0.3480
1920/3458 [===============>..............] - ETA: 1:15 - loss: 2.1155 - acc: 0.3542
1952/3458 [===============>..............] - ETA: 1:13 - loss: 2.1026 - acc: 0.3560
1984/3458 [================>.............] - ETA: 1:12 - loss: 2.0900 - acc: 0.3584
2016/3458 [================>.............] - ETA: 1:10 - loss: 2.0746 - acc: 0.3626
2048/3458 [================>.............] - ETA: 1:09 - loss: 2.0628 - acc: 0.3628
2080/3458 [=================>............] - ETA: 1:07 - loss: 2.0497 - acc: 0.3649
2112/3458 [=================>............] - ETA: 1:05 - loss: 2.0420 - acc: 0.3674
2144/3458 [=================>............] - ETA: 1:04 - loss: 2.0343 - acc: 0.3685
2176/3458 [=================>............] - ETA: 1:02 - loss: 2.0252 - acc: 0.3681
2208/3458 [==================>...........] - ETA: 1:01 - loss: 2.0112 - acc: 0.3687
2240/3458 [==================>...........] - ETA: 59s - loss: 2.0062 - acc: 0.3692 
2272/3458 [==================>...........] - ETA: 58s - loss: 1.9976 - acc: 0.3688
2304/3458 [==================>...........] - ETA: 56s - loss: 1.9834 - acc: 0.3720
2336/3458 [===================>..........] - ETA: 54s - loss: 1.9722 - acc: 0.3746
2368/3458 [===================>..........] - ETA: 53s - loss: 1.9621 - acc: 0.3767
2400/3458 [===================>..........] - ETA: 51s - loss: 1.9511 - acc: 0.3779
2432/3458 [====================>.........] - ETA: 50s - loss: 1.9448 - acc: 0.3762
2464/3458 [====================>.........] - ETA: 48s - loss: 1.9359 - acc: 0.3774
2496/3458 [====================>.........] - ETA: 47s - loss: 1.9261 - acc: 0.3786
2528/3458 [====================>.........] - ETA: 45s - loss: 1.9162 - acc: 0.3801
2560/3458 [=====================>........] - ETA: 43s - loss: 1.9077 - acc: 0.3828
2592/3458 [=====================>........] - ETA: 42s - loss: 1.8996 - acc: 0.3843
2624/3458 [=====================>........] - ETA: 40s - loss: 1.8901 - acc: 0.3872
2656/3458 [======================>.......] - ETA: 39s - loss: 1.8785 - acc: 0.3916
2688/3458 [======================>.......] - ETA: 37s - loss: 1.8701 - acc: 0.3940
2720/3458 [======================>.......] - ETA: 36s - loss: 1.8667 - acc: 0.3945
2752/3458 [======================>.......] - ETA: 34s - loss: 1.8572 - acc: 0.3957
2784/3458 [=======================>......] - ETA: 32s - loss: 1.8482 - acc: 0.3987
2816/3458 [=======================>......] - ETA: 31s - loss: 1.8425 - acc: 0.3981
2848/3458 [=======================>......] - ETA: 29s - loss: 1.8361 - acc: 0.3982
2880/3458 [=======================>......] - ETA: 28s - loss: 1.8288 - acc: 0.3990
2912/3458 [========================>.....] - ETA: 26s - loss: 1.8198 - acc: 0.4008
2944/3458 [========================>.....] - ETA: 25s - loss: 1.8150 - acc: 0.4018
2976/3458 [========================>.....] - ETA: 23s - loss: 1.8089 - acc: 0.4029
3008/3458 [=========================>....] - ETA: 22s - loss: 1.8024 - acc: 0.4049
3040/3458 [=========================>....] - ETA: 20s - loss: 1.7953 - acc: 0.4062
3072/3458 [=========================>....] - ETA: 18s - loss: 1.7888 - acc: 0.4076
3104/3458 [=========================>....] - ETA: 17s - loss: 1.7824 - acc: 0.4082
3136/3458 [==========================>...] - ETA: 15s - loss: 1.7774 - acc: 0.4104
3168/3458 [==========================>...] - ETA: 14s - loss: 1.7707 - acc: 0.4126
3200/3458 [==========================>...] - ETA: 12s - loss: 1.7637 - acc: 0.4141
3232/3458 [===========================>..] - ETA: 11s - loss: 1.7586 - acc: 0.4162
3264/3458 [===========================>..] - ETA: 9s - loss: 1.7568 - acc: 0.4161 
3296/3458 [===========================>..] - ETA: 7s - loss: 1.7533 - acc: 0.4175
3328/3458 [===========================>..] - ETA: 6s - loss: 1.7511 - acc: 0.4162
3360/3458 [============================>.] - ETA: 4s - loss: 1.7464 - acc: 0.4164
3392/3458 [============================>.] - ETA: 3s - loss: 1.7390 - acc: 0.4183
3424/3458 [============================>.] - ETA: 1s - loss: 1.7339 - acc: 0.4200
3456/3458 [============================>.] - ETA: 0s - loss: 1.7289 - acc: 0.4204
3458/3458 [==============================] - 170s 49ms/sample - loss: 1.7284 - acc: 0.4208

 32/865 [>.............................] - ETA: 8s - loss: 1.2091 - acc: 0.5312
 64/865 [=>............................] - ETA: 7s - loss: 1.1025 - acc: 0.5781
 96/865 [==>...........................] - ETA: 7s - loss: 1.1207 - acc: 0.5625
128/865 [===>..........................] - ETA: 6s - loss: 1.1475 - acc: 0.5547
160/865 [====>.........................] - ETA: 6s - loss: 1.1531 - acc: 0.5312
192/865 [=====>........................] - ETA: 6s - loss: 1.1855 - acc: 0.5052
224/865 [======>.......................] - ETA: 5s - loss: 1.1966 - acc: 0.5000
256/865 [=======>......................] - ETA: 5s - loss: 1.2127 - acc: 0.4844
288/865 [========>.....................] - ETA: 5s - loss: 1.1952 - acc: 0.5000
320/865 [==========>...................] - ETA: 4s - loss: 1.1949 - acc: 0.4969
352/865 [===========>..................] - ETA: 4s - loss: 1.2021 - acc: 0.5028
384/865 [============>.................] - ETA: 4s - loss: 1.2065 - acc: 0.5078
416/865 [=============>................] - ETA: 4s - loss: 1.2077 - acc: 0.5048
448/865 [==============>...............] - ETA: 3s - loss: 1.1987 - acc: 0.5089
480/865 [===============>..............] - ETA: 3s - loss: 1.1864 - acc: 0.5167
512/865 [================>.............] - ETA: 3s - loss: 1.1819 - acc: 0.5254
544/865 [=================>............] - ETA: 2s - loss: 1.1742 - acc: 0.5331
576/865 [==================>...........] - ETA: 2s - loss: 1.1883 - acc: 0.5226
608/865 [====================>.........] - ETA: 2s - loss: 1.1975 - acc: 0.5197
640/865 [=====================>........] - ETA: 2s - loss: 1.1976 - acc: 0.5219
672/865 [======================>.......] - ETA: 1s - loss: 1.1985 - acc: 0.5208
704/865 [=======================>......] - ETA: 1s - loss: 1.1967 - acc: 0.5284
736/865 [========================>.....] - ETA: 1s - loss: 1.2014 - acc: 0.5258
768/865 [=========================>....] - ETA: 0s - loss: 1.1965 - acc: 0.5299
800/865 [==========================>...] - ETA: 0s - loss: 1.1883 - acc: 0.5300
832/865 [===========================>..] - ETA: 0s - loss: 1.1886 - acc: 0.5288
864/865 [============================>.] - ETA: 0s - loss: 1.1883 - acc: 0.5324
865/865 [==============================] - 8s 9ms/sample - loss: 1.1889 - acc: 0.5318

  32/3458 [..............................] - ETA: 2:43 - loss: 1.0908 - acc: 0.4062
  64/3458 [..............................] - ETA: 2:42 - loss: 1.1061 - acc: 0.4531
  96/3458 [..............................] - ETA: 2:42 - loss: 1.0854 - acc: 0.4896
 128/3458 [>.............................] - ETA: 2:41 - loss: 1.1138 - acc: 0.4922
 160/3458 [>.............................] - ETA: 2:40 - loss: 1.1542 - acc: 0.4688
 192/3458 [>.............................] - ETA: 2:39 - loss: 1.1859 - acc: 0.4792
 224/3458 [>.............................] - ETA: 2:37 - loss: 1.2176 - acc: 0.4911
 256/3458 [=>............................] - ETA: 2:35 - loss: 1.2410 - acc: 0.4883
 288/3458 [=>............................] - ETA: 2:33 - loss: 1.2372 - acc: 0.4722
 320/3458 [=>............................] - ETA: 2:32 - loss: 1.2187 - acc: 0.4875
 352/3458 [==>...........................] - ETA: 2:31 - loss: 1.2081 - acc: 0.4886
 384/3458 [==>...........................] - ETA: 2:29 - loss: 1.2001 - acc: 0.5000
 416/3458 [==>...........................] - ETA: 2:28 - loss: 1.1902 - acc: 0.5096
 448/3458 [==>...........................] - ETA: 2:26 - loss: 1.1756 - acc: 0.5134
 480/3458 [===>..........................] - ETA: 2:25 - loss: 1.1675 - acc: 0.5188
 512/3458 [===>..........................] - ETA: 2:23 - loss: 1.1557 - acc: 0.5273
 544/3458 [===>..........................] - ETA: 2:22 - loss: 1.1417 - acc: 0.5312
 576/3458 [===>..........................] - ETA: 2:20 - loss: 1.1448 - acc: 0.5260
 608/3458 [====>.........................] - ETA: 2:18 - loss: 1.1358 - acc: 0.5329
 640/3458 [====>.........................] - ETA: 2:17 - loss: 1.1360 - acc: 0.5359
 672/3458 [====>.........................] - ETA: 2:15 - loss: 1.1364 - acc: 0.5372
 704/3458 [=====>........................] - ETA: 2:14 - loss: 1.1298 - acc: 0.5426
 736/3458 [=====>........................] - ETA: 2:12 - loss: 1.1364 - acc: 0.5462
 768/3458 [=====>........................] - ETA: 2:11 - loss: 1.1492 - acc: 0.5404
 800/3458 [=====>........................] - ETA: 2:09 - loss: 1.1374 - acc: 0.5462
 832/3458 [======>.......................] - ETA: 2:08 - loss: 1.1288 - acc: 0.5505
 864/3458 [======>.......................] - ETA: 2:06 - loss: 1.1252 - acc: 0.5509
 896/3458 [======>.......................] - ETA: 2:05 - loss: 1.1256 - acc: 0.5513
 928/3458 [=======>......................] - ETA: 2:03 - loss: 1.1210 - acc: 0.5550
 960/3458 [=======>......................] - ETA: 2:02 - loss: 1.1320 - acc: 0.5510
 992/3458 [=======>......................] - ETA: 2:00 - loss: 1.1273 - acc: 0.5524
1024/3458 [=======>......................] - ETA: 1:59 - loss: 1.1211 - acc: 0.5586
1056/3458 [========>.....................] - ETA: 1:57 - loss: 1.1161 - acc: 0.5606
1088/3458 [========>.....................] - ETA: 1:55 - loss: 1.1218 - acc: 0.5588
1120/3458 [========>.....................] - ETA: 1:54 - loss: 1.1220 - acc: 0.5589
1152/3458 [========>.....................] - ETA: 1:52 - loss: 1.1150 - acc: 0.5608
1184/3458 [=========>....................] - ETA: 1:51 - loss: 1.1130 - acc: 0.5600
1216/3458 [=========>....................] - ETA: 1:49 - loss: 1.1171 - acc: 0.5600
1248/3458 [=========>....................] - ETA: 1:48 - loss: 1.1189 - acc: 0.5617
1280/3458 [==========>...................] - ETA: 1:46 - loss: 1.1121 - acc: 0.5641
1312/3458 [==========>...................] - ETA: 1:45 - loss: 1.1097 - acc: 0.5640
1344/3458 [==========>...................] - ETA: 1:43 - loss: 1.1048 - acc: 0.5655
1376/3458 [==========>...................] - ETA: 1:41 - loss: 1.1009 - acc: 0.5669
1408/3458 [===========>..................] - ETA: 1:40 - loss: 1.1017 - acc: 0.5661
1440/3458 [===========>..................] - ETA: 1:38 - loss: 1.1008 - acc: 0.5681
1472/3458 [===========>..................] - ETA: 1:37 - loss: 1.0980 - acc: 0.5707
1504/3458 [============>.................] - ETA: 1:35 - loss: 1.0990 - acc: 0.5718
1536/3458 [============>.................] - ETA: 1:34 - loss: 1.0961 - acc: 0.5736
1568/3458 [============>.................] - ETA: 1:32 - loss: 1.0961 - acc: 0.5721
1600/3458 [============>.................] - ETA: 1:31 - loss: 1.0909 - acc: 0.5731
1632/3458 [=============>................] - ETA: 1:29 - loss: 1.0929 - acc: 0.5717
1664/3458 [=============>................] - ETA: 1:27 - loss: 1.0900 - acc: 0.5715
1696/3458 [=============>................] - ETA: 1:26 - loss: 1.0863 - acc: 0.5731
1728/3458 [=============>................] - ETA: 1:24 - loss: 1.0877 - acc: 0.5729
1760/3458 [==============>...............] - ETA: 1:23 - loss: 1.0908 - acc: 0.5727
1792/3458 [==============>...............] - ETA: 1:21 - loss: 1.0897 - acc: 0.5737
1824/3458 [==============>...............] - ETA: 1:20 - loss: 1.0960 - acc: 0.5713
1856/3458 [===============>..............] - ETA: 1:18 - loss: 1.0926 - acc: 0.5727
1888/3458 [===============>..............] - ETA: 1:16 - loss: 1.0913 - acc: 0.5731
1920/3458 [===============>..............] - ETA: 1:15 - loss: 1.0943 - acc: 0.5703
1952/3458 [===============>..............] - ETA: 1:13 - loss: 1.0912 - acc: 0.5722
1984/3458 [================>.............] - ETA: 1:12 - loss: 1.0901 - acc: 0.5731
2016/3458 [================>.............] - ETA: 1:10 - loss: 1.0852 - acc: 0.5769
2048/3458 [================>.............] - ETA: 1:09 - loss: 1.0875 - acc: 0.5752
2080/3458 [=================>............] - ETA: 1:07 - loss: 1.0902 - acc: 0.5736
2112/3458 [=================>............] - ETA: 1:05 - loss: 1.0846 - acc: 0.5777
2144/3458 [=================>............] - ETA: 1:04 - loss: 1.0801 - acc: 0.5807
2176/3458 [=================>............] - ETA: 1:02 - loss: 1.0835 - acc: 0.5786
2208/3458 [==================>...........] - ETA: 1:01 - loss: 1.0787 - acc: 0.5811
2240/3458 [==================>...........] - ETA: 59s - loss: 1.0786 - acc: 0.5821 
2272/3458 [==================>...........] - ETA: 58s - loss: 1.0781 - acc: 0.5827
2304/3458 [==================>...........] - ETA: 56s - loss: 1.0781 - acc: 0.5838
2336/3458 [===================>..........] - ETA: 54s - loss: 1.0787 - acc: 0.5835
2368/3458 [===================>..........] - ETA: 53s - loss: 1.0765 - acc: 0.5853
2400/3458 [===================>..........] - ETA: 51s - loss: 1.0780 - acc: 0.5854
2432/3458 [====================>.........] - ETA: 50s - loss: 1.0759 - acc: 0.5868
2464/3458 [====================>.........] - ETA: 48s - loss: 1.0792 - acc: 0.5856
2496/3458 [====================>.........] - ETA: 47s - loss: 1.0770 - acc: 0.5869
2528/3458 [====================>.........] - ETA: 45s - loss: 1.0775 - acc: 0.5870
2560/3458 [=====================>........] - ETA: 44s - loss: 1.0774 - acc: 0.5855
2592/3458 [=====================>........] - ETA: 42s - loss: 1.0764 - acc: 0.5872
2624/3458 [=====================>........] - ETA: 40s - loss: 1.0750 - acc: 0.5877
2656/3458 [======================>.......] - ETA: 39s - loss: 1.0721 - acc: 0.5896
2688/3458 [======================>.......] - ETA: 37s - loss: 1.0712 - acc: 0.5904
2720/3458 [======================>.......] - ETA: 36s - loss: 1.0704 - acc: 0.5908
2752/3458 [======================>.......] - ETA: 34s - loss: 1.0687 - acc: 0.5927
2784/3458 [=======================>......] - ETA: 33s - loss: 1.0663 - acc: 0.5952
2816/3458 [=======================>......] - ETA: 31s - loss: 1.0658 - acc: 0.5938
2848/3458 [=======================>......] - ETA: 29s - loss: 1.0648 - acc: 0.5938
2880/3458 [=======================>......] - ETA: 28s - loss: 1.0621 - acc: 0.5938
2912/3458 [========================>.....] - ETA: 26s - loss: 1.0612 - acc: 0.5938
2944/3458 [========================>.....] - ETA: 25s - loss: 1.0609 - acc: 0.5938
2976/3458 [========================>.....] - ETA: 23s - loss: 1.0596 - acc: 0.5938
3008/3458 [=========================>....] - ETA: 22s - loss: 1.0587 - acc: 0.5944
3040/3458 [=========================>....] - ETA: 20s - loss: 1.0578 - acc: 0.5944
3072/3458 [=========================>....] - ETA: 18s - loss: 1.0546 - acc: 0.5954
3104/3458 [=========================>....] - ETA: 17s - loss: 1.0525 - acc: 0.5970
3136/3458 [==========================>...] - ETA: 15s - loss: 1.0514 - acc: 0.5976
3168/3458 [==========================>...] - ETA: 14s - loss: 1.0498 - acc: 0.5994
3200/3458 [==========================>...] - ETA: 12s - loss: 1.0550 - acc: 0.5984
3232/3458 [===========================>..] - ETA: 11s - loss: 1.0554 - acc: 0.5975
3264/3458 [===========================>..] - ETA: 9s - loss: 1.0538 - acc: 0.5980 
3296/3458 [===========================>..] - ETA: 7s - loss: 1.0530 - acc: 0.5989
3328/3458 [===========================>..] - ETA: 6s - loss: 1.0530 - acc: 0.5995
3360/3458 [============================>.] - ETA: 4s - loss: 1.0523 - acc: 0.5994
3392/3458 [============================>.] - ETA: 3s - loss: 1.0520 - acc: 0.6005
3424/3458 [============================>.] - ETA: 1s - loss: 1.0520 - acc: 0.5993
3456/3458 [============================>.] - ETA: 0s - loss: 1.0527 - acc: 0.5987
3458/3458 [==============================] - 170s 49ms/sample - loss: 1.0528 - acc: 0.5983

 32/865 [>.............................] - ETA: 7s - loss: 0.9975 - acc: 0.5938
 64/865 [=>............................] - ETA: 7s - loss: 0.9246 - acc: 0.6875
 96/865 [==>...........................] - ETA: 6s - loss: 0.9940 - acc: 0.6354
128/865 [===>..........................] - ETA: 6s - loss: 1.0440 - acc: 0.6172
160/865 [====>.........................] - ETA: 6s - loss: 1.0442 - acc: 0.6125
192/865 [=====>........................] - ETA: 6s - loss: 1.0684 - acc: 0.5885
224/865 [======>.......................] - ETA: 5s - loss: 1.0847 - acc: 0.5804
256/865 [=======>......................] - ETA: 5s - loss: 1.1057 - acc: 0.5664
288/865 [========>.....................] - ETA: 5s - loss: 1.0868 - acc: 0.5729
320/865 [==========>...................] - ETA: 4s - loss: 1.0839 - acc: 0.5719
352/865 [===========>..................] - ETA: 4s - loss: 1.0842 - acc: 0.5739
384/865 [============>.................] - ETA: 4s - loss: 1.0944 - acc: 0.5677
416/865 [=============>................] - ETA: 4s - loss: 1.0925 - acc: 0.5673
448/865 [==============>...............] - ETA: 3s - loss: 1.0775 - acc: 0.5759
480/865 [===============>..............] - ETA: 3s - loss: 1.0650 - acc: 0.5771
512/865 [================>.............] - ETA: 3s - loss: 1.0494 - acc: 0.5879
544/865 [=================>............] - ETA: 2s - loss: 1.0493 - acc: 0.5901
576/865 [==================>...........] - ETA: 2s - loss: 1.0623 - acc: 0.5781
608/865 [====================>.........] - ETA: 2s - loss: 1.0706 - acc: 0.5691
640/865 [=====================>........] - ETA: 2s - loss: 1.0677 - acc: 0.5672
672/865 [======================>.......] - ETA: 1s - loss: 1.0700 - acc: 0.5685
704/865 [=======================>......] - ETA: 1s - loss: 1.0667 - acc: 0.5710
736/865 [========================>.....] - ETA: 1s - loss: 1.0700 - acc: 0.5720
768/865 [=========================>....] - ETA: 0s - loss: 1.0660 - acc: 0.5742
800/865 [==========================>...] - ETA: 0s - loss: 1.0630 - acc: 0.5725
832/865 [===========================>..] - ETA: 0s - loss: 1.0608 - acc: 0.5769
864/865 [============================>.] - ETA: 0s - loss: 1.0605 - acc: 0.5799
865/865 [==============================] - 8s 9ms/sample - loss: 1.0621 - acc: 0.5792

  32/3458 [..............................] - ETA: 2:45 - loss: 0.9283 - acc: 0.6250
  64/3458 [..............................] - ETA: 2:43 - loss: 0.9999 - acc: 0.5938
  96/3458 [..............................] - ETA: 2:43 - loss: 0.9945 - acc: 0.6042
 128/3458 [>.............................] - ETA: 2:41 - loss: 1.0092 - acc: 0.6094
 160/3458 [>.............................] - ETA: 2:41 - loss: 0.9844 - acc: 0.6313
 192/3458 [>.............................] - ETA: 2:39 - loss: 0.9785 - acc: 0.6406
 224/3458 [>.............................] - ETA: 2:38 - loss: 0.9319 - acc: 0.6696
 256/3458 [=>............................] - ETA: 2:37 - loss: 0.9623 - acc: 0.6602
 288/3458 [=>............................] - ETA: 2:35 - loss: 0.9417 - acc: 0.6701
 320/3458 [=>............................] - ETA: 2:34 - loss: 0.9336 - acc: 0.6719
 352/3458 [==>...........................] - ETA: 2:32 - loss: 0.9222 - acc: 0.6733
 384/3458 [==>...........................] - ETA: 2:30 - loss: 0.9291 - acc: 0.6615
 416/3458 [==>...........................] - ETA: 2:29 - loss: 0.9198 - acc: 0.6683
 448/3458 [==>...........................] - ETA: 2:27 - loss: 0.9078 - acc: 0.6741
 480/3458 [===>..........................] - ETA: 2:26 - loss: 0.9048 - acc: 0.6771
 512/3458 [===>..........................] - ETA: 2:24 - loss: 0.8964 - acc: 0.6836
 544/3458 [===>..........................] - ETA: 2:23 - loss: 0.9077 - acc: 0.6820
 576/3458 [===>..........................] - ETA: 2:21 - loss: 0.8911 - acc: 0.6858
 608/3458 [====>.........................] - ETA: 2:20 - loss: 0.8824 - acc: 0.6891
 640/3458 [====>.........................] - ETA: 2:18 - loss: 0.8751 - acc: 0.6906
 672/3458 [====>.........................] - ETA: 2:16 - loss: 0.8760 - acc: 0.6905
 704/3458 [=====>........................] - ETA: 2:15 - loss: 0.8741 - acc: 0.6903
 736/3458 [=====>........................] - ETA: 2:13 - loss: 0.8787 - acc: 0.6889
 768/3458 [=====>........................] - ETA: 2:12 - loss: 0.8818 - acc: 0.6914
 800/3458 [=====>........................] - ETA: 2:10 - loss: 0.8889 - acc: 0.6875
 832/3458 [======>.......................] - ETA: 2:09 - loss: 0.8953 - acc: 0.6827
 864/3458 [======>.......................] - ETA: 2:07 - loss: 0.8914 - acc: 0.6875
 896/3458 [======>.......................] - ETA: 2:06 - loss: 0.8875 - acc: 0.6886
 928/3458 [=======>......................] - ETA: 2:04 - loss: 0.8756 - acc: 0.6929
 960/3458 [=======>......................] - ETA: 2:03 - loss: 0.8754 - acc: 0.6917
 992/3458 [=======>......................] - ETA: 2:01 - loss: 0.8795 - acc: 0.6905
1024/3458 [=======>......................] - ETA: 1:59 - loss: 0.8825 - acc: 0.6914
1056/3458 [========>.....................] - ETA: 1:58 - loss: 0.8757 - acc: 0.6960
1088/3458 [========>.....................] - ETA: 1:56 - loss: 0.8718 - acc: 0.6967
1120/3458 [========>.....................] - ETA: 1:55 - loss: 0.8725 - acc: 0.6946
1152/3458 [========>.....................] - ETA: 1:53 - loss: 0.8698 - acc: 0.6953
1184/3458 [=========>....................] - ETA: 1:51 - loss: 0.8658 - acc: 0.6959
1216/3458 [=========>....................] - ETA: 1:50 - loss: 0.8613 - acc: 0.6982
1248/3458 [=========>....................] - ETA: 1:48 - loss: 0.8568 - acc: 0.7003
1280/3458 [==========>...................] - ETA: 1:47 - loss: 0.8563 - acc: 0.6984
1312/3458 [==========>...................] - ETA: 1:45 - loss: 0.8541 - acc: 0.6997
1344/3458 [==========>...................] - ETA: 1:44 - loss: 0.8516 - acc: 0.6994
1376/3458 [==========>...................] - ETA: 1:42 - loss: 0.8577 - acc: 0.6955
1408/3458 [===========>..................] - ETA: 1:40 - loss: 0.8567 - acc: 0.6960
1440/3458 [===========>..................] - ETA: 1:39 - loss: 0.8498 - acc: 0.6986
1472/3458 [===========>..................] - ETA: 1:37 - loss: 0.8535 - acc: 0.6950
1504/3458 [============>.................] - ETA: 1:36 - loss: 0.8524 - acc: 0.6935
1536/3458 [============>.................] - ETA: 1:34 - loss: 0.8542 - acc: 0.6927
1568/3458 [============>.................] - ETA: 1:32 - loss: 0.8499 - acc: 0.6945
1600/3458 [============>.................] - ETA: 1:31 - loss: 0.8450 - acc: 0.6963
1632/3458 [=============>................] - ETA: 1:29 - loss: 0.8456 - acc: 0.6961
1664/3458 [=============>................] - ETA: 1:28 - loss: 0.8404 - acc: 0.6965
1696/3458 [=============>................] - ETA: 1:26 - loss: 0.8370 - acc: 0.6981
1728/3458 [=============>................] - ETA: 1:25 - loss: 0.8351 - acc: 0.6985
1760/3458 [==============>...............] - ETA: 1:23 - loss: 0.8398 - acc: 0.6966
1792/3458 [==============>...............] - ETA: 1:21 - loss: 0.8403 - acc: 0.6959
1824/3458 [==============>...............] - ETA: 1:20 - loss: 0.8387 - acc: 0.6963
1856/3458 [===============>..............] - ETA: 1:18 - loss: 0.8404 - acc: 0.6956
1888/3458 [===============>..............] - ETA: 1:17 - loss: 0.8429 - acc: 0.6944
1920/3458 [===============>..............] - ETA: 1:15 - loss: 0.8401 - acc: 0.6948
1952/3458 [===============>..............] - ETA: 1:14 - loss: 0.8375 - acc: 0.6967
1984/3458 [================>.............] - ETA: 1:12 - loss: 0.8363 - acc: 0.6976
2016/3458 [================>.............] - ETA: 1:10 - loss: 0.8350 - acc: 0.6974
2048/3458 [================>.............] - ETA: 1:09 - loss: 0.8321 - acc: 0.6982
2080/3458 [=================>............] - ETA: 1:07 - loss: 0.8334 - acc: 0.6976
2112/3458 [=================>............] - ETA: 1:06 - loss: 0.8337 - acc: 0.6970
2144/3458 [=================>............] - ETA: 1:04 - loss: 0.8277 - acc: 0.7001
2176/3458 [=================>............] - ETA: 1:03 - loss: 0.8270 - acc: 0.7004
2208/3458 [==================>...........] - ETA: 1:01 - loss: 0.8241 - acc: 0.7015
2240/3458 [==================>...........] - ETA: 59s - loss: 0.8196 - acc: 0.7040 
2272/3458 [==================>...........] - ETA: 58s - loss: 0.8177 - acc: 0.7051
2304/3458 [==================>...........] - ETA: 56s - loss: 0.8155 - acc: 0.7049
2336/3458 [===================>..........] - ETA: 55s - loss: 0.8160 - acc: 0.7055
2368/3458 [===================>..........] - ETA: 53s - loss: 0.8165 - acc: 0.7035
2400/3458 [===================>..........] - ETA: 52s - loss: 0.8152 - acc: 0.7038
2432/3458 [====================>.........] - ETA: 50s - loss: 0.8148 - acc: 0.7044
2464/3458 [====================>.........] - ETA: 48s - loss: 0.8125 - acc: 0.7054
2496/3458 [====================>.........] - ETA: 47s - loss: 0.8106 - acc: 0.7051
2528/3458 [====================>.........] - ETA: 45s - loss: 0.8098 - acc: 0.7049
2560/3458 [=====================>........] - ETA: 44s - loss: 0.8105 - acc: 0.7051
2592/3458 [=====================>........] - ETA: 42s - loss: 0.8083 - acc: 0.7056
2624/3458 [=====================>........] - ETA: 41s - loss: 0.8064 - acc: 0.7058
2656/3458 [======================>.......] - ETA: 39s - loss: 0.8053 - acc: 0.7063
2688/3458 [======================>.......] - ETA: 37s - loss: 0.8030 - acc: 0.7068
2720/3458 [======================>.......] - ETA: 36s - loss: 0.8023 - acc: 0.7070
2752/3458 [======================>.......] - ETA: 34s - loss: 0.8001 - acc: 0.7075
2784/3458 [=======================>......] - ETA: 33s - loss: 0.8019 - acc: 0.7065
2816/3458 [=======================>......] - ETA: 31s - loss: 0.7989 - acc: 0.7070
2848/3458 [=======================>......] - ETA: 30s - loss: 0.7987 - acc: 0.7065
2880/3458 [=======================>......] - ETA: 28s - loss: 0.7990 - acc: 0.7063
2912/3458 [========================>.....] - ETA: 26s - loss: 0.8053 - acc: 0.7040
2944/3458 [========================>.....] - ETA: 25s - loss: 0.8057 - acc: 0.7035
2976/3458 [========================>.....] - ETA: 23s - loss: 0.8064 - acc: 0.7026
3008/3458 [=========================>....] - ETA: 22s - loss: 0.8084 - acc: 0.7028
3040/3458 [=========================>....] - ETA: 20s - loss: 0.8085 - acc: 0.7033
3072/3458 [=========================>....] - ETA: 18s - loss: 0.8091 - acc: 0.7035
3104/3458 [=========================>....] - ETA: 17s - loss: 0.8087 - acc: 0.7023
3136/3458 [==========================>...] - ETA: 15s - loss: 0.8109 - acc: 0.7018
3168/3458 [==========================>...] - ETA: 14s - loss: 0.8117 - acc: 0.7014
3200/3458 [==========================>...] - ETA: 12s - loss: 0.8119 - acc: 0.7009
3232/3458 [===========================>..] - ETA: 11s - loss: 0.8108 - acc: 0.7011
3264/3458 [===========================>..] - ETA: 9s - loss: 0.8095 - acc: 0.7022 
3296/3458 [===========================>..] - ETA: 7s - loss: 0.8065 - acc: 0.7039
3328/3458 [===========================>..] - ETA: 6s - loss: 0.8066 - acc: 0.7046
3360/3458 [============================>.] - ETA: 4s - loss: 0.8064 - acc: 0.7045
3392/3458 [============================>.] - ETA: 3s - loss: 0.8038 - acc: 0.7052
3424/3458 [============================>.] - ETA: 1s - loss: 0.8048 - acc: 0.7050
3456/3458 [============================>.] - ETA: 0s - loss: 0.8059 - acc: 0.7046
3458/3458 [==============================] - 171s 49ms/sample - loss: 0.8062 - acc: 0.7045

 32/865 [>.............................] - ETA: 7s - loss: 1.2466 - acc: 0.4688
 64/865 [=>............................] - ETA: 7s - loss: 1.0442 - acc: 0.6094
 96/865 [==>...........................] - ETA: 6s - loss: 1.1167 - acc: 0.5833
128/865 [===>..........................] - ETA: 6s - loss: 1.1646 - acc: 0.5547
160/865 [====>.........................] - ETA: 6s - loss: 1.1961 - acc: 0.5375
192/865 [=====>........................] - ETA: 5s - loss: 1.2122 - acc: 0.5260
224/865 [======>.......................] - ETA: 5s - loss: 1.2507 - acc: 0.5223
256/865 [=======>......................] - ETA: 5s - loss: 1.2647 - acc: 0.5195
288/865 [========>.....................] - ETA: 5s - loss: 1.2387 - acc: 0.5278
320/865 [==========>...................] - ETA: 4s - loss: 1.2148 - acc: 0.5312
352/865 [===========>..................] - ETA: 4s - loss: 1.2253 - acc: 0.5312
384/865 [============>.................] - ETA: 4s - loss: 1.2464 - acc: 0.5260
416/865 [=============>................] - ETA: 4s - loss: 1.2436 - acc: 0.5168
448/865 [==============>...............] - ETA: 3s - loss: 1.2050 - acc: 0.5290
480/865 [===============>..............] - ETA: 3s - loss: 1.1911 - acc: 0.5354
512/865 [================>.............] - ETA: 3s - loss: 1.1673 - acc: 0.5391
544/865 [=================>............] - ETA: 2s - loss: 1.1802 - acc: 0.5423
576/865 [==================>...........] - ETA: 2s - loss: 1.2094 - acc: 0.5295
608/865 [====================>.........] - ETA: 2s - loss: 1.2230 - acc: 0.5296
640/865 [=====================>........] - ETA: 2s - loss: 1.2189 - acc: 0.5312
672/865 [======================>.......] - ETA: 1s - loss: 1.2221 - acc: 0.5357
704/865 [=======================>......] - ETA: 1s - loss: 1.2143 - acc: 0.5398
736/865 [========================>.....] - ETA: 1s - loss: 1.2134 - acc: 0.5408
768/865 [=========================>....] - ETA: 0s - loss: 1.2090 - acc: 0.5430
800/865 [==========================>...] - ETA: 0s - loss: 1.2120 - acc: 0.5425
832/865 [===========================>..] - ETA: 0s - loss: 1.2068 - acc: 0.5433
864/865 [============================>.] - ETA: 0s - loss: 1.1978 - acc: 0.5463
865/865 [==============================] - 8s 9ms/sample - loss: 1.1998 - acc: 0.5457

  32/3458 [..............................] - ETA: 2:47 - loss: 0.7093 - acc: 0.7812
  64/3458 [..............................] - ETA: 2:46 - loss: 0.5958 - acc: 0.7812
  96/3458 [..............................] - ETA: 2:45 - loss: 0.6150 - acc: 0.7708
 128/3458 [>.............................] - ETA: 2:43 - loss: 0.7280 - acc: 0.7188
 160/3458 [>.............................] - ETA: 2:42 - loss: 0.7264 - acc: 0.7188
 192/3458 [>.............................] - ETA: 2:40 - loss: 0.7049 - acc: 0.7240
 224/3458 [>.............................] - ETA: 2:38 - loss: 0.7001 - acc: 0.7277
 256/3458 [=>............................] - ETA: 2:37 - loss: 0.7130 - acc: 0.7266
 288/3458 [=>............................] - ETA: 2:36 - loss: 0.6906 - acc: 0.7396
 320/3458 [=>............................] - ETA: 2:34 - loss: 0.6855 - acc: 0.7469
 352/3458 [==>...........................] - ETA: 2:32 - loss: 0.7075 - acc: 0.7415
 384/3458 [==>...........................] - ETA: 2:31 - loss: 0.7223 - acc: 0.7370
 416/3458 [==>...........................] - ETA: 2:29 - loss: 0.7040 - acc: 0.7452
 448/3458 [==>...........................] - ETA: 2:28 - loss: 0.6980 - acc: 0.7455
 480/3458 [===>..........................] - ETA: 2:26 - loss: 0.6926 - acc: 0.7500
 512/3458 [===>..........................] - ETA: 2:24 - loss: 0.6897 - acc: 0.7422
 544/3458 [===>..........................] - ETA: 2:23 - loss: 0.6823 - acc: 0.7518
 576/3458 [===>..........................] - ETA: 2:21 - loss: 0.6859 - acc: 0.7500
 608/3458 [====>.........................] - ETA: 2:20 - loss: 0.6826 - acc: 0.7533
 640/3458 [====>.........................] - ETA: 2:18 - loss: 0.6914 - acc: 0.7469
 672/3458 [====>.........................] - ETA: 2:17 - loss: 0.6854 - acc: 0.7500
 704/3458 [=====>........................] - ETA: 2:15 - loss: 0.6857 - acc: 0.7500
 736/3458 [=====>........................] - ETA: 2:13 - loss: 0.6770 - acc: 0.7554
 768/3458 [=====>........................] - ETA: 2:12 - loss: 0.6724 - acc: 0.7565
 800/3458 [=====>........................] - ETA: 2:10 - loss: 0.6740 - acc: 0.7538
 832/3458 [======>.......................] - ETA: 2:09 - loss: 0.6670 - acc: 0.7572
 864/3458 [======>.......................] - ETA: 2:07 - loss: 0.6641 - acc: 0.7604
 896/3458 [======>.......................] - ETA: 2:06 - loss: 0.6672 - acc: 0.7612
 928/3458 [=======>......................] - ETA: 2:04 - loss: 0.6778 - acc: 0.7575
 960/3458 [=======>......................] - ETA: 2:02 - loss: 0.6790 - acc: 0.7573
 992/3458 [=======>......................] - ETA: 2:01 - loss: 0.6765 - acc: 0.7581
1024/3458 [=======>......................] - ETA: 1:59 - loss: 0.6724 - acc: 0.7598
1056/3458 [========>.....................] - ETA: 1:58 - loss: 0.6726 - acc: 0.7604
1088/3458 [========>.....................] - ETA: 1:56 - loss: 0.6672 - acc: 0.7610
1120/3458 [========>.....................] - ETA: 1:55 - loss: 0.6603 - acc: 0.7652
1152/3458 [========>.....................] - ETA: 1:53 - loss: 0.6553 - acc: 0.7665
1184/3458 [=========>....................] - ETA: 1:51 - loss: 0.6489 - acc: 0.7694
1216/3458 [=========>....................] - ETA: 1:50 - loss: 0.6503 - acc: 0.7697
1248/3458 [=========>....................] - ETA: 1:48 - loss: 0.6432 - acc: 0.7716
1280/3458 [==========>...................] - ETA: 1:46 - loss: 0.6374 - acc: 0.7734
1312/3458 [==========>...................] - ETA: 1:45 - loss: 0.6270 - acc: 0.7782
1344/3458 [==========>...................] - ETA: 1:43 - loss: 0.6263 - acc: 0.7783
1376/3458 [==========>...................] - ETA: 1:42 - loss: 0.6219 - acc: 0.7805
1408/3458 [===========>..................] - ETA: 1:40 - loss: 0.6210 - acc: 0.7791
1440/3458 [===========>..................] - ETA: 1:39 - loss: 0.6291 - acc: 0.7771
1472/3458 [===========>..................] - ETA: 1:37 - loss: 0.6271 - acc: 0.7765
1504/3458 [============>.................] - ETA: 1:35 - loss: 0.6207 - acc: 0.7799
1536/3458 [============>.................] - ETA: 1:34 - loss: 0.6153 - acc: 0.7812
1568/3458 [============>.................] - ETA: 1:32 - loss: 0.6191 - acc: 0.7781
1600/3458 [============>.................] - ETA: 1:31 - loss: 0.6232 - acc: 0.7769
1632/3458 [=============>................] - ETA: 1:29 - loss: 0.6200 - acc: 0.7782
1664/3458 [=============>................] - ETA: 1:28 - loss: 0.6174 - acc: 0.7794
1696/3458 [=============>................] - ETA: 1:26 - loss: 0.6170 - acc: 0.7783
1728/3458 [=============>................] - ETA: 1:24 - loss: 0.6155 - acc: 0.7784
1760/3458 [==============>...............] - ETA: 1:23 - loss: 0.6170 - acc: 0.7773
1792/3458 [==============>...............] - ETA: 1:21 - loss: 0.6170 - acc: 0.7768
1824/3458 [==============>...............] - ETA: 1:20 - loss: 0.6175 - acc: 0.7769
1856/3458 [===============>..............] - ETA: 1:18 - loss: 0.6131 - acc: 0.7780
1888/3458 [===============>..............] - ETA: 1:17 - loss: 0.6115 - acc: 0.7775
1920/3458 [===============>..............] - ETA: 1:15 - loss: 0.6126 - acc: 0.7786
1952/3458 [===============>..............] - ETA: 1:13 - loss: 0.6118 - acc: 0.7792
1984/3458 [================>.............] - ETA: 1:12 - loss: 0.6111 - acc: 0.7792
2016/3458 [================>.............] - ETA: 1:10 - loss: 0.6088 - acc: 0.7812
2048/3458 [================>.............] - ETA: 1:09 - loss: 0.6086 - acc: 0.7808
2080/3458 [=================>............] - ETA: 1:07 - loss: 0.6129 - acc: 0.7798
2112/3458 [=================>............] - ETA: 1:06 - loss: 0.6104 - acc: 0.7817
2144/3458 [=================>............] - ETA: 1:04 - loss: 0.6085 - acc: 0.7822
2176/3458 [=================>............] - ETA: 1:02 - loss: 0.6084 - acc: 0.7822
2208/3458 [==================>...........] - ETA: 1:01 - loss: 0.6105 - acc: 0.7822
2240/3458 [==================>...........] - ETA: 59s - loss: 0.6099 - acc: 0.7812 
2272/3458 [==================>...........] - ETA: 58s - loss: 0.6102 - acc: 0.7804
2304/3458 [==================>...........] - ETA: 56s - loss: 0.6111 - acc: 0.7799
2336/3458 [===================>..........] - ETA: 55s - loss: 0.6088 - acc: 0.7812
2368/3458 [===================>..........] - ETA: 53s - loss: 0.6090 - acc: 0.7808
2400/3458 [===================>..........] - ETA: 51s - loss: 0.6069 - acc: 0.7817
2432/3458 [====================>.........] - ETA: 50s - loss: 0.6048 - acc: 0.7821
2464/3458 [====================>.........] - ETA: 48s - loss: 0.6061 - acc: 0.7829
2496/3458 [====================>.........] - ETA: 47s - loss: 0.6044 - acc: 0.7837
2528/3458 [====================>.........] - ETA: 45s - loss: 0.6037 - acc: 0.7840
2560/3458 [=====================>........] - ETA: 44s - loss: 0.6077 - acc: 0.7828
2592/3458 [=====================>........] - ETA: 42s - loss: 0.6092 - acc: 0.7828
2624/3458 [=====================>........] - ETA: 40s - loss: 0.6051 - acc: 0.7843
2656/3458 [======================>.......] - ETA: 39s - loss: 0.6036 - acc: 0.7854
2688/3458 [======================>.......] - ETA: 37s - loss: 0.6037 - acc: 0.7853
2720/3458 [======================>.......] - ETA: 36s - loss: 0.6044 - acc: 0.7846
2752/3458 [======================>.......] - ETA: 34s - loss: 0.6023 - acc: 0.7860
2784/3458 [=======================>......] - ETA: 33s - loss: 0.6031 - acc: 0.7848
2816/3458 [=======================>......] - ETA: 31s - loss: 0.6032 - acc: 0.7852
2848/3458 [=======================>......] - ETA: 29s - loss: 0.6007 - acc: 0.7862
2880/3458 [=======================>......] - ETA: 28s - loss: 0.5988 - acc: 0.7868
2912/3458 [========================>.....] - ETA: 26s - loss: 0.6004 - acc: 0.7867
2944/3458 [========================>.....] - ETA: 25s - loss: 0.5991 - acc: 0.7877
2976/3458 [========================>.....] - ETA: 23s - loss: 0.5990 - acc: 0.7880
3008/3458 [=========================>....] - ETA: 22s - loss: 0.5972 - acc: 0.7889
3040/3458 [=========================>....] - ETA: 20s - loss: 0.5953 - acc: 0.7895
3072/3458 [=========================>....] - ETA: 18s - loss: 0.5938 - acc: 0.7900
3104/3458 [=========================>....] - ETA: 17s - loss: 0.5952 - acc: 0.7903
3136/3458 [==========================>...] - ETA: 15s - loss: 0.5939 - acc: 0.7908
3168/3458 [==========================>...] - ETA: 14s - loss: 0.5947 - acc: 0.7904
3200/3458 [==========================>...] - ETA: 12s - loss: 0.5935 - acc: 0.7906
3232/3458 [===========================>..] - ETA: 11s - loss: 0.5945 - acc: 0.7912
3264/3458 [===========================>..] - ETA: 9s - loss: 0.5929 - acc: 0.7920 
3296/3458 [===========================>..] - ETA: 7s - loss: 0.5940 - acc: 0.7910
3328/3458 [===========================>..] - ETA: 6s - loss: 0.5935 - acc: 0.7906
3360/3458 [============================>.] - ETA: 4s - loss: 0.5916 - acc: 0.7908
3392/3458 [============================>.] - ETA: 3s - loss: 0.5923 - acc: 0.7913
3424/3458 [============================>.] - ETA: 1s - loss: 0.5913 - acc: 0.7918
3456/3458 [============================>.] - ETA: 0s - loss: 0.5879 - acc: 0.7931
3458/3458 [==============================] - 171s 49ms/sample - loss: 0.5877 - acc: 0.7932

 32/865 [>.............................] - ETA: 7s - loss: 1.0315 - acc: 0.5625
 64/865 [=>............................] - ETA: 7s - loss: 0.8924 - acc: 0.6562
 96/865 [==>...........................] - ETA: 6s - loss: 1.0496 - acc: 0.6250
128/865 [===>..........................] - ETA: 6s - loss: 1.0908 - acc: 0.6250
160/865 [====>.........................] - ETA: 6s - loss: 1.1102 - acc: 0.6125
192/865 [=====>........................] - ETA: 6s - loss: 1.2001 - acc: 0.5781
224/865 [======>.......................] - ETA: 5s - loss: 1.2613 - acc: 0.5804
256/865 [=======>......................] - ETA: 5s - loss: 1.2941 - acc: 0.5664
288/865 [========>.....................] - ETA: 5s - loss: 1.2586 - acc: 0.5868
320/865 [==========>...................] - ETA: 4s - loss: 1.2540 - acc: 0.5938
352/865 [===========>..................] - ETA: 4s - loss: 1.2533 - acc: 0.5909
384/865 [============>.................] - ETA: 4s - loss: 1.2529 - acc: 0.5859
416/865 [=============>................] - ETA: 4s - loss: 1.2434 - acc: 0.5793
448/865 [==============>...............] - ETA: 3s - loss: 1.2341 - acc: 0.5848
480/865 [===============>..............] - ETA: 3s - loss: 1.2168 - acc: 0.5938
512/865 [================>.............] - ETA: 3s - loss: 1.2097 - acc: 0.5957
544/865 [=================>............] - ETA: 2s - loss: 1.1997 - acc: 0.5974
576/865 [==================>...........] - ETA: 2s - loss: 1.2342 - acc: 0.5851
608/865 [====================>.........] - ETA: 2s - loss: 1.2398 - acc: 0.5872
640/865 [=====================>........] - ETA: 2s - loss: 1.2337 - acc: 0.5906
672/865 [======================>.......] - ETA: 1s - loss: 1.2487 - acc: 0.5893
704/865 [=======================>......] - ETA: 1s - loss: 1.2352 - acc: 0.5980
736/865 [========================>.....] - ETA: 1s - loss: 1.2285 - acc: 0.5978
768/865 [=========================>....] - ETA: 0s - loss: 1.2276 - acc: 0.5990
800/865 [==========================>...] - ETA: 0s - loss: 1.2227 - acc: 0.5987
832/865 [===========================>..] - ETA: 0s - loss: 1.2114 - acc: 0.6010
864/865 [============================>.] - ETA: 0s - loss: 1.2015 - acc: 0.6042
865/865 [==============================] - 8s 9ms/sample - loss: 1.2050 - acc: 0.6035

  32/3458 [..............................] - ETA: 2:45 - loss: 0.2110 - acc: 0.9688
  64/3458 [..............................] - ETA: 2:44 - loss: 0.1868 - acc: 0.9531
  96/3458 [..............................] - ETA: 2:42 - loss: 0.2298 - acc: 0.9375
 128/3458 [>.............................] - ETA: 2:42 - loss: 0.2823 - acc: 0.9219
 160/3458 [>.............................] - ETA: 2:41 - loss: 0.2598 - acc: 0.9375
 192/3458 [>.............................] - ETA: 2:39 - loss: 0.2970 - acc: 0.9062
 224/3458 [>.............................] - ETA: 2:38 - loss: 0.3148 - acc: 0.8973
 256/3458 [=>............................] - ETA: 2:36 - loss: 0.3300 - acc: 0.8867
 288/3458 [=>............................] - ETA: 2:35 - loss: 0.3370 - acc: 0.8819
 320/3458 [=>............................] - ETA: 2:33 - loss: 0.3388 - acc: 0.8813
 352/3458 [==>...........................] - ETA: 2:32 - loss: 0.3402 - acc: 0.8778
 384/3458 [==>...........................] - ETA: 2:31 - loss: 0.3537 - acc: 0.8698
 416/3458 [==>...........................] - ETA: 2:29 - loss: 0.3466 - acc: 0.8726
 448/3458 [==>...........................] - ETA: 2:28 - loss: 0.3483 - acc: 0.8750
 480/3458 [===>..........................] - ETA: 2:26 - loss: 0.3468 - acc: 0.8750
 512/3458 [===>..........................] - ETA: 2:24 - loss: 0.3466 - acc: 0.8730
 544/3458 [===>..........................] - ETA: 2:23 - loss: 0.3435 - acc: 0.8768
 576/3458 [===>..........................] - ETA: 2:21 - loss: 0.3483 - acc: 0.8733
 608/3458 [====>.........................] - ETA: 2:20 - loss: 0.3712 - acc: 0.8717
 640/3458 [====>.........................] - ETA: 2:18 - loss: 0.3650 - acc: 0.8734
 672/3458 [====>.........................] - ETA: 2:17 - loss: 0.3685 - acc: 0.8720
 704/3458 [=====>........................] - ETA: 2:15 - loss: 0.3661 - acc: 0.8707
 736/3458 [=====>........................] - ETA: 2:14 - loss: 0.3696 - acc: 0.8723
 768/3458 [=====>........................] - ETA: 2:12 - loss: 0.3712 - acc: 0.8711
 800/3458 [=====>........................] - ETA: 2:10 - loss: 0.3783 - acc: 0.8662
 832/3458 [======>.......................] - ETA: 2:09 - loss: 0.3790 - acc: 0.8654
 864/3458 [======>.......................] - ETA: 2:07 - loss: 0.3887 - acc: 0.8611
 896/3458 [======>.......................] - ETA: 2:06 - loss: 0.3863 - acc: 0.8627
 928/3458 [=======>......................] - ETA: 2:04 - loss: 0.3853 - acc: 0.8631
 960/3458 [=======>......................] - ETA: 2:03 - loss: 0.3878 - acc: 0.8625
 992/3458 [=======>......................] - ETA: 2:01 - loss: 0.3837 - acc: 0.8639
1024/3458 [=======>......................] - ETA: 1:59 - loss: 0.3866 - acc: 0.8643
1056/3458 [========>.....................] - ETA: 1:58 - loss: 0.3899 - acc: 0.8608
1088/3458 [========>.....................] - ETA: 1:56 - loss: 0.3894 - acc: 0.8612
1120/3458 [========>.....................] - ETA: 1:55 - loss: 0.3894 - acc: 0.8598
1152/3458 [========>.....................] - ETA: 1:53 - loss: 0.3928 - acc: 0.8585
1184/3458 [=========>....................] - ETA: 1:52 - loss: 0.3925 - acc: 0.8590
1216/3458 [=========>....................] - ETA: 1:50 - loss: 0.3887 - acc: 0.8610
1248/3458 [=========>....................] - ETA: 1:48 - loss: 0.3871 - acc: 0.8606
1280/3458 [==========>...................] - ETA: 1:47 - loss: 0.3829 - acc: 0.8625
1312/3458 [==========>...................] - ETA: 1:45 - loss: 0.3826 - acc: 0.8628
1344/3458 [==========>...................] - ETA: 1:44 - loss: 0.3838 - acc: 0.8624
1376/3458 [==========>...................] - ETA: 1:42 - loss: 0.3864 - acc: 0.8619
1408/3458 [===========>..................] - ETA: 1:41 - loss: 0.3857 - acc: 0.8629
1440/3458 [===========>..................] - ETA: 1:39 - loss: 0.3904 - acc: 0.8625
1472/3458 [===========>..................] - ETA: 1:37 - loss: 0.3875 - acc: 0.8635
1504/3458 [============>.................] - ETA: 1:36 - loss: 0.3862 - acc: 0.8644
1536/3458 [============>.................] - ETA: 1:34 - loss: 0.3841 - acc: 0.8646
1568/3458 [============>.................] - ETA: 1:33 - loss: 0.3799 - acc: 0.8667
1600/3458 [============>.................] - ETA: 1:31 - loss: 0.3821 - acc: 0.8644
1632/3458 [=============>................] - ETA: 1:30 - loss: 0.3850 - acc: 0.8634
1664/3458 [=============>................] - ETA: 1:28 - loss: 0.3812 - acc: 0.8654
1696/3458 [=============>................] - ETA: 1:26 - loss: 0.3832 - acc: 0.8632
1728/3458 [=============>................] - ETA: 1:25 - loss: 0.3849 - acc: 0.8634
1760/3458 [==============>...............] - ETA: 1:23 - loss: 0.3832 - acc: 0.8642
1792/3458 [==============>...............] - ETA: 1:22 - loss: 0.3813 - acc: 0.8655
1824/3458 [==============>...............] - ETA: 1:20 - loss: 0.3800 - acc: 0.8662
1856/3458 [===============>..............] - ETA: 1:18 - loss: 0.3797 - acc: 0.8658
1888/3458 [===============>..............] - ETA: 1:17 - loss: 0.3767 - acc: 0.8676
1920/3458 [===============>..............] - ETA: 1:15 - loss: 0.3759 - acc: 0.8682
1952/3458 [===============>..............] - ETA: 1:14 - loss: 0.3770 - acc: 0.8683
1984/3458 [================>.............] - ETA: 1:12 - loss: 0.3750 - acc: 0.8690
2016/3458 [================>.............] - ETA: 1:11 - loss: 0.3770 - acc: 0.8690
2048/3458 [================>.............] - ETA: 1:09 - loss: 0.3774 - acc: 0.8687
2080/3458 [=================>............] - ETA: 1:07 - loss: 0.3746 - acc: 0.8702
2112/3458 [=================>............] - ETA: 1:06 - loss: 0.3747 - acc: 0.8698
2144/3458 [=================>............] - ETA: 1:04 - loss: 0.3759 - acc: 0.8708
2176/3458 [=================>............] - ETA: 1:03 - loss: 0.3795 - acc: 0.8690
2208/3458 [==================>...........] - ETA: 1:01 - loss: 0.3792 - acc: 0.8687
2240/3458 [==================>...........] - ETA: 1:00 - loss: 0.3815 - acc: 0.8683
2272/3458 [==================>...........] - ETA: 58s - loss: 0.3819 - acc: 0.8680 
2304/3458 [==================>...........] - ETA: 56s - loss: 0.3829 - acc: 0.8672
2336/3458 [===================>..........] - ETA: 55s - loss: 0.3822 - acc: 0.8673
2368/3458 [===================>..........] - ETA: 53s - loss: 0.3823 - acc: 0.8674
2400/3458 [===================>..........] - ETA: 52s - loss: 0.3853 - acc: 0.8662
2432/3458 [====================>.........] - ETA: 50s - loss: 0.3862 - acc: 0.8651
2464/3458 [====================>.........] - ETA: 48s - loss: 0.3842 - acc: 0.8661
2496/3458 [====================>.........] - ETA: 47s - loss: 0.3852 - acc: 0.8654
2528/3458 [====================>.........] - ETA: 45s - loss: 0.3878 - acc: 0.8643
2560/3458 [=====================>........] - ETA: 44s - loss: 0.3856 - acc: 0.8652
2592/3458 [=====================>........] - ETA: 42s - loss: 0.3828 - acc: 0.8665
2624/3458 [=====================>........] - ETA: 41s - loss: 0.3873 - acc: 0.8639
2656/3458 [======================>.......] - ETA: 39s - loss: 0.3863 - acc: 0.8637
2688/3458 [======================>.......] - ETA: 37s - loss: 0.3863 - acc: 0.8635
2720/3458 [======================>.......] - ETA: 36s - loss: 0.3859 - acc: 0.8636
2752/3458 [======================>.......] - ETA: 34s - loss: 0.3844 - acc: 0.8645
2784/3458 [=======================>......] - ETA: 33s - loss: 0.3834 - acc: 0.8646
2816/3458 [=======================>......] - ETA: 31s - loss: 0.3816 - acc: 0.8654
2848/3458 [=======================>......] - ETA: 30s - loss: 0.3798 - acc: 0.8659
2880/3458 [=======================>......] - ETA: 28s - loss: 0.3813 - acc: 0.8653
2912/3458 [========================>.....] - ETA: 26s - loss: 0.3798 - acc: 0.8657
2944/3458 [========================>.....] - ETA: 25s - loss: 0.3800 - acc: 0.8658
2976/3458 [========================>.....] - ETA: 23s - loss: 0.3798 - acc: 0.8656
3008/3458 [=========================>....] - ETA: 22s - loss: 0.3828 - acc: 0.8644
3040/3458 [=========================>....] - ETA: 20s - loss: 0.3820 - acc: 0.8655
3072/3458 [=========================>....] - ETA: 19s - loss: 0.3814 - acc: 0.8656
3104/3458 [=========================>....] - ETA: 17s - loss: 0.3828 - acc: 0.8653
3136/3458 [==========================>...] - ETA: 15s - loss: 0.3820 - acc: 0.8654
3168/3458 [==========================>...] - ETA: 14s - loss: 0.3816 - acc: 0.8652
3200/3458 [==========================>...] - ETA: 12s - loss: 0.3802 - acc: 0.8659
3232/3458 [===========================>..] - ETA: 11s - loss: 0.3807 - acc: 0.8651
3264/3458 [===========================>..] - ETA: 9s - loss: 0.3806 - acc: 0.8652 
3296/3458 [===========================>..] - ETA: 7s - loss: 0.3808 - acc: 0.8653
3328/3458 [===========================>..] - ETA: 6s - loss: 0.3803 - acc: 0.8654
3360/3458 [============================>.] - ETA: 4s - loss: 0.3804 - acc: 0.8658
3392/3458 [============================>.] - ETA: 3s - loss: 0.3818 - acc: 0.8650
3424/3458 [============================>.] - ETA: 1s - loss: 0.3823 - acc: 0.8648
3456/3458 [============================>.] - ETA: 0s - loss: 0.3814 - acc: 0.8649
3458/3458 [==============================] - 171s 49ms/sample - loss: 0.3812 - acc: 0.8650

 32/865 [>.............................] - ETA: 7s - loss: 1.1733 - acc: 0.6250
 64/865 [=>............................] - ETA: 7s - loss: 1.1727 - acc: 0.6250
 96/865 [==>...........................] - ETA: 7s - loss: 1.2023 - acc: 0.6042
128/865 [===>..........................] - ETA: 6s - loss: 1.3141 - acc: 0.6094
160/865 [====>.........................] - ETA: 6s - loss: 1.3745 - acc: 0.6000
192/865 [=====>........................] - ETA: 6s - loss: 1.4820 - acc: 0.5677
224/865 [======>.......................] - ETA: 5s - loss: 1.4917 - acc: 0.5714
256/865 [=======>......................] - ETA: 5s - loss: 1.5357 - acc: 0.5547
288/865 [========>.....................] - ETA: 5s - loss: 1.4919 - acc: 0.5660
320/865 [==========>...................] - ETA: 4s - loss: 1.4472 - acc: 0.5719
352/865 [===========>..................] - ETA: 4s - loss: 1.4638 - acc: 0.5739
384/865 [============>.................] - ETA: 4s - loss: 1.4961 - acc: 0.5729
416/865 [=============>................] - ETA: 4s - loss: 1.4883 - acc: 0.5745
448/865 [==============>...............] - ETA: 3s - loss: 1.4578 - acc: 0.5826
480/865 [===============>..............] - ETA: 3s - loss: 1.4657 - acc: 0.5875
512/865 [================>.............] - ETA: 3s - loss: 1.4701 - acc: 0.5918
544/865 [=================>............] - ETA: 2s - loss: 1.4653 - acc: 0.5938
576/865 [==================>...........] - ETA: 2s - loss: 1.4825 - acc: 0.5885
608/865 [====================>.........] - ETA: 2s - loss: 1.4829 - acc: 0.5872
640/865 [=====================>........] - ETA: 2s - loss: 1.4670 - acc: 0.5922
672/865 [======================>.......] - ETA: 1s - loss: 1.4771 - acc: 0.5923
704/865 [=======================>......] - ETA: 1s - loss: 1.4705 - acc: 0.5994
736/865 [========================>.....] - ETA: 1s - loss: 1.4782 - acc: 0.6005
768/865 [=========================>....] - ETA: 0s - loss: 1.4859 - acc: 0.6003
800/865 [==========================>...] - ETA: 0s - loss: 1.4840 - acc: 0.5950
832/865 [===========================>..] - ETA: 0s - loss: 1.4690 - acc: 0.5986
864/865 [============================>.] - ETA: 0s - loss: 1.4678 - acc: 0.5984
865/865 [==============================] - 8s 9ms/sample - loss: 1.4748 - acc: 0.5977
