For Dropout_1=0.3 Dropout_2=0.8
daisy loaded
dandelion loaded
rose loaded
sunflower loaded
tulip loaded

  32/3458 [..............................] - ETA: 3:03 - loss: 1.6539 - acc: 0.1562
  64/3458 [..............................] - ETA: 2:56 - loss: 13.7321 - acc: 0.1406
  96/3458 [..............................] - ETA: 2:51 - loss: 11.1949 - acc: 0.1771
 128/3458 [>.............................] - ETA: 2:47 - loss: 9.3229 - acc: 0.1953 
 160/3458 [>.............................] - ETA: 2:45 - loss: 7.8303 - acc: 0.2313
 192/3458 [>.............................] - ETA: 2:43 - loss: 6.7904 - acc: 0.2188
 224/3458 [>.............................] - ETA: 2:40 - loss: 6.0486 - acc: 0.2232
 256/3458 [=>............................] - ETA: 2:39 - loss: 5.4932 - acc: 0.2188
 288/3458 [=>............................] - ETA: 2:36 - loss: 5.0604 - acc: 0.2083
 320/3458 [=>............................] - ETA: 2:35 - loss: 4.7163 - acc: 0.2031
 352/3458 [==>...........................] - ETA: 2:33 - loss: 4.4328 - acc: 0.1989
 384/3458 [==>...........................] - ETA: 2:31 - loss: 4.1963 - acc: 0.1953
 416/3458 [==>...........................] - ETA: 2:30 - loss: 3.9951 - acc: 0.2067
 448/3458 [==>...........................] - ETA: 2:28 - loss: 3.8230 - acc: 0.2031
 480/3458 [===>..........................] - ETA: 2:26 - loss: 3.6731 - acc: 0.2042
 512/3458 [===>..........................] - ETA: 2:25 - loss: 3.5396 - acc: 0.2148
 544/3458 [===>..........................] - ETA: 2:23 - loss: 3.4223 - acc: 0.2188
 576/3458 [===>..........................] - ETA: 2:21 - loss: 3.3214 - acc: 0.2205
 608/3458 [====>.........................] - ETA: 2:20 - loss: 3.2266 - acc: 0.2237
 640/3458 [====>.........................] - ETA: 2:18 - loss: 3.1427 - acc: 0.2297
 672/3458 [====>.........................] - ETA: 2:17 - loss: 3.0665 - acc: 0.2321
 704/3458 [=====>........................] - ETA: 2:15 - loss: 2.9952 - acc: 0.2344
 736/3458 [=====>........................] - ETA: 2:13 - loss: 2.9289 - acc: 0.2364
 768/3458 [=====>........................] - ETA: 2:12 - loss: 2.8680 - acc: 0.2396
 800/3458 [=====>........................] - ETA: 2:10 - loss: 2.8116 - acc: 0.2425
 832/3458 [======>.......................] - ETA: 2:08 - loss: 2.7623 - acc: 0.2452
 864/3458 [======>.......................] - ETA: 2:07 - loss: 2.7141 - acc: 0.2465
 896/3458 [======>.......................] - ETA: 2:05 - loss: 2.6719 - acc: 0.2500
 928/3458 [=======>......................] - ETA: 2:04 - loss: 2.6314 - acc: 0.2565
 960/3458 [=======>......................] - ETA: 2:02 - loss: 2.5908 - acc: 0.2667
 992/3458 [=======>......................] - ETA: 2:01 - loss: 2.5547 - acc: 0.2732
1024/3458 [=======>......................] - ETA: 1:59 - loss: 2.5210 - acc: 0.2754
1056/3458 [========>.....................] - ETA: 1:57 - loss: 2.4866 - acc: 0.2860
1088/3458 [========>.....................] - ETA: 1:56 - loss: 2.4583 - acc: 0.2932
1120/3458 [========>.....................] - ETA: 1:54 - loss: 2.4309 - acc: 0.2955
1152/3458 [========>.....................] - ETA: 1:53 - loss: 2.4011 - acc: 0.2995
1184/3458 [=========>....................] - ETA: 1:51 - loss: 2.3738 - acc: 0.3007
1216/3458 [=========>....................] - ETA: 1:49 - loss: 2.3521 - acc: 0.2985
1248/3458 [=========>....................] - ETA: 1:48 - loss: 2.3331 - acc: 0.2965
1280/3458 [==========>...................] - ETA: 1:46 - loss: 2.3130 - acc: 0.2984
1312/3458 [==========>...................] - ETA: 1:45 - loss: 2.2904 - acc: 0.3011
1344/3458 [==========>...................] - ETA: 1:43 - loss: 2.2728 - acc: 0.3006
1376/3458 [==========>...................] - ETA: 1:42 - loss: 2.2552 - acc: 0.3023
1408/3458 [===========>..................] - ETA: 1:40 - loss: 2.2377 - acc: 0.3026
1440/3458 [===========>..................] - ETA: 1:38 - loss: 2.2234 - acc: 0.3049
1472/3458 [===========>..................] - ETA: 1:37 - loss: 2.2090 - acc: 0.3050
1504/3458 [============>.................] - ETA: 1:35 - loss: 2.1916 - acc: 0.3059
1536/3458 [============>.................] - ETA: 1:34 - loss: 2.1817 - acc: 0.3014
1568/3458 [============>.................] - ETA: 1:32 - loss: 2.1653 - acc: 0.3055
1600/3458 [============>.................] - ETA: 1:31 - loss: 2.1488 - acc: 0.3069
1632/3458 [=============>................] - ETA: 1:29 - loss: 2.1381 - acc: 0.3094
1664/3458 [=============>................] - ETA: 1:27 - loss: 2.1259 - acc: 0.3113
1696/3458 [=============>................] - ETA: 1:26 - loss: 2.1125 - acc: 0.3107
1728/3458 [=============>................] - ETA: 1:24 - loss: 2.1068 - acc: 0.3108
1760/3458 [==============>...............] - ETA: 1:23 - loss: 2.0969 - acc: 0.3102
1792/3458 [==============>...............] - ETA: 1:21 - loss: 2.0852 - acc: 0.3147
1824/3458 [==============>...............] - ETA: 1:20 - loss: 2.0749 - acc: 0.3158
1856/3458 [===============>..............] - ETA: 1:18 - loss: 2.0666 - acc: 0.3179
1888/3458 [===============>..............] - ETA: 1:16 - loss: 2.0553 - acc: 0.3194
1920/3458 [===============>..............] - ETA: 1:15 - loss: 2.0438 - acc: 0.3240
1952/3458 [===============>..............] - ETA: 1:13 - loss: 2.0349 - acc: 0.3258
1984/3458 [================>.............] - ETA: 1:12 - loss: 2.0260 - acc: 0.3246
2016/3458 [================>.............] - ETA: 1:10 - loss: 2.0153 - acc: 0.3249
2048/3458 [================>.............] - ETA: 1:09 - loss: 2.0071 - acc: 0.3257
2080/3458 [=================>............] - ETA: 1:07 - loss: 2.0036 - acc: 0.3303
2112/3458 [=================>............] - ETA: 1:05 - loss: 1.9979 - acc: 0.3305
2144/3458 [=================>............] - ETA: 1:04 - loss: 1.9908 - acc: 0.3302
2176/3458 [=================>............] - ETA: 1:02 - loss: 1.9834 - acc: 0.3304
2208/3458 [==================>...........] - ETA: 1:01 - loss: 1.9744 - acc: 0.3302
2240/3458 [==================>...........] - ETA: 59s - loss: 1.9665 - acc: 0.3304 
2272/3458 [==================>...........] - ETA: 58s - loss: 1.9596 - acc: 0.3319
2304/3458 [==================>...........] - ETA: 56s - loss: 1.9513 - acc: 0.3346
2336/3458 [===================>..........] - ETA: 54s - loss: 1.9446 - acc: 0.3348
2368/3458 [===================>..........] - ETA: 53s - loss: 1.9387 - acc: 0.3361
2400/3458 [===================>..........] - ETA: 51s - loss: 1.9315 - acc: 0.3358
2432/3458 [====================>.........] - ETA: 50s - loss: 1.9216 - acc: 0.3392
2464/3458 [====================>.........] - ETA: 48s - loss: 1.9157 - acc: 0.3393
2496/3458 [====================>.........] - ETA: 47s - loss: 1.9098 - acc: 0.3405
2528/3458 [====================>.........] - ETA: 45s - loss: 1.9027 - acc: 0.3426
2560/3458 [=====================>........] - ETA: 43s - loss: 1.8977 - acc: 0.3422
2592/3458 [=====================>........] - ETA: 42s - loss: 1.8918 - acc: 0.3422
2624/3458 [=====================>........] - ETA: 40s - loss: 1.8866 - acc: 0.3415
2656/3458 [======================>.......] - ETA: 39s - loss: 1.8806 - acc: 0.3415
2688/3458 [======================>.......] - ETA: 37s - loss: 1.8747 - acc: 0.3415
2720/3458 [======================>.......] - ETA: 36s - loss: 1.8713 - acc: 0.3397
2752/3458 [======================>.......] - ETA: 34s - loss: 1.8653 - acc: 0.3401
2784/3458 [=======================>......] - ETA: 32s - loss: 1.8593 - acc: 0.3416
2816/3458 [=======================>......] - ETA: 31s - loss: 1.8544 - acc: 0.3441
2848/3458 [=======================>......] - ETA: 29s - loss: 1.8488 - acc: 0.3452
2880/3458 [=======================>......] - ETA: 28s - loss: 1.8442 - acc: 0.3455
2912/3458 [========================>.....] - ETA: 26s - loss: 1.8372 - acc: 0.3468
2944/3458 [========================>.....] - ETA: 25s - loss: 1.8333 - acc: 0.3485
2976/3458 [========================>.....] - ETA: 23s - loss: 1.8303 - acc: 0.3485
3008/3458 [=========================>....] - ETA: 22s - loss: 1.8276 - acc: 0.3491
3040/3458 [=========================>....] - ETA: 20s - loss: 1.8241 - acc: 0.3487
3072/3458 [=========================>....] - ETA: 18s - loss: 1.8201 - acc: 0.3503
3104/3458 [=========================>....] - ETA: 17s - loss: 1.8175 - acc: 0.3489
3136/3458 [==========================>...] - ETA: 15s - loss: 1.8139 - acc: 0.3501
3168/3458 [==========================>...] - ETA: 14s - loss: 1.8119 - acc: 0.3488
3200/3458 [==========================>...] - ETA: 12s - loss: 1.8080 - acc: 0.3491
3232/3458 [===========================>..] - ETA: 11s - loss: 1.8044 - acc: 0.3490
3264/3458 [===========================>..] - ETA: 9s - loss: 1.8000 - acc: 0.3502 
3296/3458 [===========================>..] - ETA: 7s - loss: 1.7963 - acc: 0.3519
3328/3458 [===========================>..] - ETA: 6s - loss: 1.7944 - acc: 0.3513
3360/3458 [============================>.] - ETA: 4s - loss: 1.7896 - acc: 0.3527
3392/3458 [============================>.] - ETA: 3s - loss: 1.7861 - acc: 0.3517
3424/3458 [============================>.] - ETA: 1s - loss: 1.7928 - acc: 0.3519
3456/3458 [============================>.] - ETA: 0s - loss: 1.7891 - acc: 0.3539
3458/3458 [==============================] - 170s 49ms/sample - loss: 1.7889 - acc: 0.3540

 32/865 [>.............................] - ETA: 7s - loss: 1.4698 - acc: 0.3750
 64/865 [=>............................] - ETA: 7s - loss: 1.4932 - acc: 0.2969
 96/865 [==>...........................] - ETA: 6s - loss: 1.4529 - acc: 0.3542
128/865 [===>..........................] - ETA: 6s - loss: 1.4359 - acc: 0.3828
160/865 [====>.........................] - ETA: 6s - loss: 1.4468 - acc: 0.3625
192/865 [=====>........................] - ETA: 5s - loss: 1.4552 - acc: 0.3646
224/865 [======>.......................] - ETA: 5s - loss: 1.4662 - acc: 0.3839
256/865 [=======>......................] - ETA: 5s - loss: 1.4644 - acc: 0.3945
288/865 [========>.....................] - ETA: 5s - loss: 1.4625 - acc: 0.3924
320/865 [==========>...................] - ETA: 4s - loss: 1.4687 - acc: 0.3812
352/865 [===========>..................] - ETA: 4s - loss: 1.4605 - acc: 0.3892
384/865 [============>.................] - ETA: 4s - loss: 1.4617 - acc: 0.3958
416/865 [=============>................] - ETA: 3s - loss: 1.4636 - acc: 0.3894
448/865 [==============>...............] - ETA: 3s - loss: 1.4657 - acc: 0.3929
480/865 [===============>..............] - ETA: 3s - loss: 1.4625 - acc: 0.3917
512/865 [================>.............] - ETA: 3s - loss: 1.4650 - acc: 0.3867
544/865 [=================>............] - ETA: 2s - loss: 1.4649 - acc: 0.3860
576/865 [==================>...........] - ETA: 2s - loss: 1.4654 - acc: 0.3889
608/865 [====================>.........] - ETA: 2s - loss: 1.4667 - acc: 0.3832
640/865 [=====================>........] - ETA: 1s - loss: 1.4662 - acc: 0.3875
672/865 [======================>.......] - ETA: 1s - loss: 1.4672 - acc: 0.3869
704/865 [=======================>......] - ETA: 1s - loss: 1.4676 - acc: 0.3807
736/865 [========================>.....] - ETA: 1s - loss: 1.4681 - acc: 0.3859
768/865 [=========================>....] - ETA: 0s - loss: 1.4692 - acc: 0.3828
800/865 [==========================>...] - ETA: 0s - loss: 1.4716 - acc: 0.3800
832/865 [===========================>..] - ETA: 0s - loss: 1.4680 - acc: 0.3834
864/865 [============================>.] - ETA: 0s - loss: 1.4701 - acc: 0.3796
865/865 [==============================] - 8s 9ms/sample - loss: 1.4702 - acc: 0.3803

  32/3458 [..............................] - ETA: 2:46 - loss: 1.5638 - acc: 0.2500
  64/3458 [..............................] - ETA: 2:46 - loss: 1.4750 - acc: 0.3438
  96/3458 [..............................] - ETA: 2:45 - loss: 1.4715 - acc: 0.3854
 128/3458 [>.............................] - ETA: 2:44 - loss: 1.4743 - acc: 0.3984
 160/3458 [>.............................] - ETA: 2:42 - loss: 1.4662 - acc: 0.3875
 192/3458 [>.............................] - ETA: 2:41 - loss: 1.4681 - acc: 0.3646
 224/3458 [>.............................] - ETA: 2:38 - loss: 1.4632 - acc: 0.3661
 256/3458 [=>............................] - ETA: 2:36 - loss: 1.4642 - acc: 0.3789
 288/3458 [=>............................] - ETA: 2:35 - loss: 1.4593 - acc: 0.3646
 320/3458 [=>............................] - ETA: 2:33 - loss: 1.4503 - acc: 0.3594
 352/3458 [==>...........................] - ETA: 2:32 - loss: 1.4586 - acc: 0.3636
 384/3458 [==>...........................] - ETA: 2:30 - loss: 1.4665 - acc: 0.3672
 416/3458 [==>...........................] - ETA: 2:29 - loss: 1.4580 - acc: 0.3798
 448/3458 [==>...........................] - ETA: 2:27 - loss: 1.4432 - acc: 0.3839
 480/3458 [===>..........................] - ETA: 2:25 - loss: 1.4341 - acc: 0.3917
 512/3458 [===>..........................] - ETA: 2:24 - loss: 1.4313 - acc: 0.3984
 544/3458 [===>..........................] - ETA: 2:22 - loss: 1.4326 - acc: 0.4026
 576/3458 [===>..........................] - ETA: 2:21 - loss: 1.4429 - acc: 0.4028
 608/3458 [====>.........................] - ETA: 2:19 - loss: 1.4372 - acc: 0.3997
 640/3458 [====>.........................] - ETA: 2:17 - loss: 1.4433 - acc: 0.3969
 672/3458 [====>.........................] - ETA: 2:16 - loss: 1.4370 - acc: 0.4018
 704/3458 [=====>........................] - ETA: 2:14 - loss: 1.4371 - acc: 0.3991
 736/3458 [=====>........................] - ETA: 2:13 - loss: 1.4378 - acc: 0.3995
 768/3458 [=====>........................] - ETA: 2:11 - loss: 1.4422 - acc: 0.3958
 800/3458 [=====>........................] - ETA: 2:10 - loss: 1.4348 - acc: 0.4013
 832/3458 [======>.......................] - ETA: 2:08 - loss: 1.4362 - acc: 0.4026
 864/3458 [======>.......................] - ETA: 2:06 - loss: 1.4359 - acc: 0.4051
 896/3458 [======>.......................] - ETA: 2:05 - loss: 1.4335 - acc: 0.4096
 928/3458 [=======>......................] - ETA: 2:03 - loss: 1.4359 - acc: 0.4084
 960/3458 [=======>......................] - ETA: 2:02 - loss: 1.4311 - acc: 0.4094
 992/3458 [=======>......................] - ETA: 2:00 - loss: 1.4320 - acc: 0.4062
1024/3458 [=======>......................] - ETA: 1:59 - loss: 1.4452 - acc: 0.4053
1056/3458 [========>.....................] - ETA: 1:57 - loss: 1.4435 - acc: 0.4044
1088/3458 [========>.....................] - ETA: 1:55 - loss: 1.4473 - acc: 0.4118
1120/3458 [========>.....................] - ETA: 1:54 - loss: 1.4451 - acc: 0.4125
1152/3458 [========>.....................] - ETA: 1:52 - loss: 1.4428 - acc: 0.4123
1184/3458 [=========>....................] - ETA: 1:51 - loss: 1.4417 - acc: 0.4130
1216/3458 [=========>....................] - ETA: 1:49 - loss: 1.4418 - acc: 0.4169
1248/3458 [=========>....................] - ETA: 1:48 - loss: 1.4427 - acc: 0.4159
1280/3458 [==========>...................] - ETA: 1:46 - loss: 1.4390 - acc: 0.4203
1312/3458 [==========>...................] - ETA: 1:44 - loss: 1.4357 - acc: 0.4223
1344/3458 [==========>...................] - ETA: 1:43 - loss: 1.4357 - acc: 0.4226
1376/3458 [==========>...................] - ETA: 1:41 - loss: 1.4334 - acc: 0.4244
1408/3458 [===========>..................] - ETA: 1:40 - loss: 1.4387 - acc: 0.4226
1440/3458 [===========>..................] - ETA: 1:38 - loss: 1.4418 - acc: 0.4208
1472/3458 [===========>..................] - ETA: 1:37 - loss: 1.4376 - acc: 0.4226
1504/3458 [============>.................] - ETA: 1:35 - loss: 1.4325 - acc: 0.4249
1536/3458 [============>.................] - ETA: 1:34 - loss: 1.4293 - acc: 0.4245
1568/3458 [============>.................] - ETA: 1:32 - loss: 1.4284 - acc: 0.4235
1600/3458 [============>.................] - ETA: 1:30 - loss: 1.4263 - acc: 0.4225
1632/3458 [=============>................] - ETA: 1:29 - loss: 1.4251 - acc: 0.4228
1664/3458 [=============>................] - ETA: 1:27 - loss: 1.4261 - acc: 0.4231
1696/3458 [=============>................] - ETA: 1:26 - loss: 1.4234 - acc: 0.4263
1728/3458 [=============>................] - ETA: 1:24 - loss: 1.4241 - acc: 0.4265
1760/3458 [==============>...............] - ETA: 1:23 - loss: 1.4211 - acc: 0.4295
1792/3458 [==============>...............] - ETA: 1:21 - loss: 1.4191 - acc: 0.4286
1824/3458 [==============>...............] - ETA: 1:19 - loss: 1.4158 - acc: 0.4309
1856/3458 [===============>..............] - ETA: 1:18 - loss: 1.4133 - acc: 0.4316
1888/3458 [===============>..............] - ETA: 1:16 - loss: 1.4118 - acc: 0.4306
1920/3458 [===============>..............] - ETA: 1:15 - loss: 1.4085 - acc: 0.4307
1952/3458 [===============>..............] - ETA: 1:13 - loss: 1.4064 - acc: 0.4293
1984/3458 [================>.............] - ETA: 1:12 - loss: 1.4085 - acc: 0.4279
2016/3458 [================>.............] - ETA: 1:10 - loss: 1.4076 - acc: 0.4276
2048/3458 [================>.............] - ETA: 1:08 - loss: 1.4035 - acc: 0.4282
2080/3458 [=================>............] - ETA: 1:07 - loss: 1.4030 - acc: 0.4288
2112/3458 [=================>............] - ETA: 1:05 - loss: 1.4030 - acc: 0.4299
2144/3458 [=================>............] - ETA: 1:04 - loss: 1.4025 - acc: 0.4296
2176/3458 [=================>............] - ETA: 1:02 - loss: 1.4005 - acc: 0.4288
2208/3458 [==================>...........] - ETA: 1:01 - loss: 1.4020 - acc: 0.4275
2240/3458 [==================>...........] - ETA: 59s - loss: 1.4021 - acc: 0.4259 
2272/3458 [==================>...........] - ETA: 57s - loss: 1.4032 - acc: 0.4225
2304/3458 [==================>...........] - ETA: 56s - loss: 1.4034 - acc: 0.4227
2336/3458 [===================>..........] - ETA: 54s - loss: 1.4015 - acc: 0.4259
2368/3458 [===================>..........] - ETA: 53s - loss: 1.4014 - acc: 0.4261
2400/3458 [===================>..........] - ETA: 51s - loss: 1.4001 - acc: 0.4283
2432/3458 [====================>.........] - ETA: 50s - loss: 1.3996 - acc: 0.4280
2464/3458 [====================>.........] - ETA: 48s - loss: 1.3990 - acc: 0.4286
2496/3458 [====================>.........] - ETA: 47s - loss: 1.3997 - acc: 0.4287
2528/3458 [====================>.........] - ETA: 45s - loss: 1.3977 - acc: 0.4284
2560/3458 [=====================>........] - ETA: 43s - loss: 1.3960 - acc: 0.4293
2592/3458 [=====================>........] - ETA: 42s - loss: 1.3948 - acc: 0.4298
2624/3458 [=====================>........] - ETA: 40s - loss: 1.3927 - acc: 0.4303
2656/3458 [======================>.......] - ETA: 39s - loss: 1.3898 - acc: 0.4303
2688/3458 [======================>.......] - ETA: 37s - loss: 1.3892 - acc: 0.4308
2720/3458 [======================>.......] - ETA: 36s - loss: 1.3886 - acc: 0.4301
2752/3458 [======================>.......] - ETA: 34s - loss: 1.3870 - acc: 0.4310
2784/3458 [=======================>......] - ETA: 32s - loss: 1.3861 - acc: 0.4310
2816/3458 [=======================>......] - ETA: 31s - loss: 1.3852 - acc: 0.4304
2848/3458 [=======================>......] - ETA: 29s - loss: 1.3882 - acc: 0.4298
2880/3458 [=======================>......] - ETA: 28s - loss: 1.3895 - acc: 0.4288
2912/3458 [========================>.....] - ETA: 26s - loss: 1.3882 - acc: 0.4296
2944/3458 [========================>.....] - ETA: 25s - loss: 1.3881 - acc: 0.4280
2976/3458 [========================>.....] - ETA: 23s - loss: 1.3871 - acc: 0.4281
3008/3458 [=========================>....] - ETA: 22s - loss: 1.3872 - acc: 0.4282
3040/3458 [=========================>....] - ETA: 20s - loss: 1.3902 - acc: 0.4270
3072/3458 [=========================>....] - ETA: 18s - loss: 1.3903 - acc: 0.4271
3104/3458 [=========================>....] - ETA: 17s - loss: 1.3893 - acc: 0.4282
3136/3458 [==========================>...] - ETA: 15s - loss: 1.3893 - acc: 0.4276
3168/3458 [==========================>...] - ETA: 14s - loss: 1.3881 - acc: 0.4277
3200/3458 [==========================>...] - ETA: 12s - loss: 1.3871 - acc: 0.4278
3232/3458 [===========================>..] - ETA: 11s - loss: 1.3865 - acc: 0.4285
3264/3458 [===========================>..] - ETA: 9s - loss: 1.3845 - acc: 0.4308 
3296/3458 [===========================>..] - ETA: 7s - loss: 1.3830 - acc: 0.4323
3328/3458 [===========================>..] - ETA: 6s - loss: 1.3833 - acc: 0.4318
3360/3458 [============================>.] - ETA: 4s - loss: 1.3818 - acc: 0.4315
3392/3458 [============================>.] - ETA: 3s - loss: 1.3789 - acc: 0.4346
3424/3458 [============================>.] - ETA: 1s - loss: 1.3775 - acc: 0.4346
3456/3458 [============================>.] - ETA: 0s - loss: 1.3779 - acc: 0.4343
3458/3458 [==============================] - 170s 49ms/sample - loss: 1.3780 - acc: 0.4344

 32/865 [>.............................] - ETA: 7s - loss: 1.2733 - acc: 0.5312
 64/865 [=>............................] - ETA: 7s - loss: 1.3391 - acc: 0.4531
 96/865 [==>...........................] - ETA: 6s - loss: 1.2939 - acc: 0.5104
128/865 [===>..........................] - ETA: 6s - loss: 1.2567 - acc: 0.5234
160/865 [====>.........................] - ETA: 6s - loss: 1.2711 - acc: 0.5063
192/865 [=====>........................] - ETA: 6s - loss: 1.2735 - acc: 0.5052
224/865 [======>.......................] - ETA: 5s - loss: 1.3008 - acc: 0.5089
256/865 [=======>......................] - ETA: 5s - loss: 1.2999 - acc: 0.5117
288/865 [========>.....................] - ETA: 5s - loss: 1.3053 - acc: 0.5035
320/865 [==========>...................] - ETA: 4s - loss: 1.3153 - acc: 0.4969
352/865 [===========>..................] - ETA: 4s - loss: 1.3097 - acc: 0.4886
384/865 [============>.................] - ETA: 4s - loss: 1.3066 - acc: 0.4948
416/865 [=============>................] - ETA: 3s - loss: 1.3197 - acc: 0.4880
448/865 [==============>...............] - ETA: 3s - loss: 1.3217 - acc: 0.4866
480/865 [===============>..............] - ETA: 3s - loss: 1.3139 - acc: 0.4854
512/865 [================>.............] - ETA: 3s - loss: 1.3132 - acc: 0.4844
544/865 [=================>............] - ETA: 2s - loss: 1.3113 - acc: 0.4816
576/865 [==================>...........] - ETA: 2s - loss: 1.3114 - acc: 0.4826
608/865 [====================>.........] - ETA: 2s - loss: 1.3196 - acc: 0.4770
640/865 [=====================>........] - ETA: 1s - loss: 1.3166 - acc: 0.4797
672/865 [======================>.......] - ETA: 1s - loss: 1.3146 - acc: 0.4836
704/865 [=======================>......] - ETA: 1s - loss: 1.3149 - acc: 0.4830
736/865 [========================>.....] - ETA: 1s - loss: 1.3130 - acc: 0.4864
768/865 [=========================>....] - ETA: 0s - loss: 1.3115 - acc: 0.4870
800/865 [==========================>...] - ETA: 0s - loss: 1.3198 - acc: 0.4800
832/865 [===========================>..] - ETA: 0s - loss: 1.3147 - acc: 0.4820
864/865 [============================>.] - ETA: 0s - loss: 1.3177 - acc: 0.4769
865/865 [==============================] - 8s 9ms/sample - loss: 1.3179 - acc: 0.4763

  32/3458 [..............................] - ETA: 2:44 - loss: 1.3393 - acc: 0.5000
  64/3458 [..............................] - ETA: 2:43 - loss: 1.2975 - acc: 0.5312
  96/3458 [..............................] - ETA: 2:42 - loss: 1.2512 - acc: 0.5417
 128/3458 [>.............................] - ETA: 2:41 - loss: 1.2683 - acc: 0.5547
 160/3458 [>.............................] - ETA: 2:40 - loss: 1.3178 - acc: 0.5250
 192/3458 [>.............................] - ETA: 2:39 - loss: 1.2898 - acc: 0.5312
 224/3458 [>.............................] - ETA: 2:37 - loss: 1.2879 - acc: 0.5134
 256/3458 [=>............................] - ETA: 2:36 - loss: 1.2843 - acc: 0.5117
 288/3458 [=>............................] - ETA: 2:34 - loss: 1.2649 - acc: 0.5104
 320/3458 [=>............................] - ETA: 2:33 - loss: 1.2698 - acc: 0.4969
 352/3458 [==>...........................] - ETA: 2:31 - loss: 1.2589 - acc: 0.4943
 384/3458 [==>...........................] - ETA: 2:30 - loss: 1.2501 - acc: 0.5000
 416/3458 [==>...........................] - ETA: 2:28 - loss: 1.2472 - acc: 0.4904
 448/3458 [==>...........................] - ETA: 2:27 - loss: 1.2370 - acc: 0.4978
 480/3458 [===>..........................] - ETA: 2:25 - loss: 1.2298 - acc: 0.5063
 512/3458 [===>..........................] - ETA: 2:24 - loss: 1.2232 - acc: 0.5059
 544/3458 [===>..........................] - ETA: 2:22 - loss: 1.2338 - acc: 0.5000
 576/3458 [===>..........................] - ETA: 2:21 - loss: 1.2334 - acc: 0.5017
 608/3458 [====>.........................] - ETA: 2:19 - loss: 1.2349 - acc: 0.5016
 640/3458 [====>.........................] - ETA: 2:18 - loss: 1.2428 - acc: 0.4984
 672/3458 [====>.........................] - ETA: 2:16 - loss: 1.2403 - acc: 0.5030
 704/3458 [=====>........................] - ETA: 2:14 - loss: 1.2438 - acc: 0.4986
 736/3458 [=====>........................] - ETA: 2:13 - loss: 1.2466 - acc: 0.4946
 768/3458 [=====>........................] - ETA: 2:11 - loss: 1.2535 - acc: 0.4909
 800/3458 [=====>........................] - ETA: 2:10 - loss: 1.2623 - acc: 0.4850
 832/3458 [======>.......................] - ETA: 2:08 - loss: 1.2575 - acc: 0.4904
 864/3458 [======>.......................] - ETA: 2:06 - loss: 1.2653 - acc: 0.4873
 896/3458 [======>.......................] - ETA: 2:05 - loss: 1.2649 - acc: 0.4888
 928/3458 [=======>......................] - ETA: 2:03 - loss: 1.2676 - acc: 0.4903
 960/3458 [=======>......................] - ETA: 2:02 - loss: 1.2683 - acc: 0.4896
 992/3458 [=======>......................] - ETA: 2:00 - loss: 1.2709 - acc: 0.4849
1024/3458 [=======>......................] - ETA: 1:59 - loss: 1.2692 - acc: 0.4844
1056/3458 [========>.....................] - ETA: 1:57 - loss: 1.2655 - acc: 0.4858
1088/3458 [========>.....................] - ETA: 1:55 - loss: 1.2646 - acc: 0.4908
1120/3458 [========>.....................] - ETA: 1:54 - loss: 1.2616 - acc: 0.4902
1152/3458 [========>.....................] - ETA: 1:52 - loss: 1.2599 - acc: 0.4896
1184/3458 [=========>....................] - ETA: 1:51 - loss: 1.2558 - acc: 0.4932
1216/3458 [=========>....................] - ETA: 1:49 - loss: 1.2505 - acc: 0.4967
1248/3458 [=========>....................] - ETA: 1:48 - loss: 1.2447 - acc: 0.4976
1280/3458 [==========>...................] - ETA: 1:46 - loss: 1.2486 - acc: 0.4945
1312/3458 [==========>...................] - ETA: 1:44 - loss: 1.2476 - acc: 0.4962
1344/3458 [==========>...................] - ETA: 1:43 - loss: 1.2459 - acc: 0.4955
1376/3458 [==========>...................] - ETA: 1:41 - loss: 1.2447 - acc: 0.4927
1408/3458 [===========>..................] - ETA: 1:40 - loss: 1.2425 - acc: 0.4915
1440/3458 [===========>..................] - ETA: 1:38 - loss: 1.2405 - acc: 0.4903
1472/3458 [===========>..................] - ETA: 1:37 - loss: 1.2391 - acc: 0.4912
1504/3458 [============>.................] - ETA: 1:35 - loss: 1.2405 - acc: 0.4894
1536/3458 [============>.................] - ETA: 1:33 - loss: 1.2377 - acc: 0.4928
1568/3458 [============>.................] - ETA: 1:32 - loss: 1.2367 - acc: 0.4917
1600/3458 [============>.................] - ETA: 1:30 - loss: 1.2332 - acc: 0.4925
1632/3458 [=============>................] - ETA: 1:29 - loss: 1.2383 - acc: 0.4939
1664/3458 [=============>................] - ETA: 1:27 - loss: 1.2369 - acc: 0.4952
1696/3458 [=============>................] - ETA: 1:26 - loss: 1.2326 - acc: 0.4976
1728/3458 [=============>................] - ETA: 1:24 - loss: 1.2339 - acc: 0.4954
1760/3458 [==============>...............] - ETA: 1:23 - loss: 1.2316 - acc: 0.4972
1792/3458 [==============>...............] - ETA: 1:21 - loss: 1.2335 - acc: 0.4978
1824/3458 [==============>...............] - ETA: 1:19 - loss: 1.2399 - acc: 0.4973
1856/3458 [===============>..............] - ETA: 1:18 - loss: 1.2384 - acc: 0.4968
1888/3458 [===============>..............] - ETA: 1:16 - loss: 1.2327 - acc: 0.5000
1920/3458 [===============>..............] - ETA: 1:15 - loss: 1.2335 - acc: 0.4990
1952/3458 [===============>..............] - ETA: 1:13 - loss: 1.2328 - acc: 0.4995
1984/3458 [================>.............] - ETA: 1:12 - loss: 1.2313 - acc: 0.5000
2016/3458 [================>.............] - ETA: 1:10 - loss: 1.2355 - acc: 0.4980
2048/3458 [================>.............] - ETA: 1:08 - loss: 1.2365 - acc: 0.4966
2080/3458 [=================>............] - ETA: 1:07 - loss: 1.2386 - acc: 0.4957
2112/3458 [=================>............] - ETA: 1:05 - loss: 1.2383 - acc: 0.4957
2144/3458 [=================>............] - ETA: 1:04 - loss: 1.2402 - acc: 0.4967
2176/3458 [=================>............] - ETA: 1:02 - loss: 1.2440 - acc: 0.4945
2208/3458 [==================>...........] - ETA: 1:01 - loss: 1.2406 - acc: 0.4977
2240/3458 [==================>...........] - ETA: 59s - loss: 1.2383 - acc: 0.4982 
2272/3458 [==================>...........] - ETA: 57s - loss: 1.2385 - acc: 0.4996
2304/3458 [==================>...........] - ETA: 56s - loss: 1.2352 - acc: 0.5026
2336/3458 [===================>..........] - ETA: 54s - loss: 1.2345 - acc: 0.5030
2368/3458 [===================>..........] - ETA: 53s - loss: 1.2312 - acc: 0.5034
2400/3458 [===================>..........] - ETA: 51s - loss: 1.2297 - acc: 0.5038
2432/3458 [====================>.........] - ETA: 50s - loss: 1.2276 - acc: 0.5037
2464/3458 [====================>.........] - ETA: 48s - loss: 1.2309 - acc: 0.5032
2496/3458 [====================>.........] - ETA: 47s - loss: 1.2326 - acc: 0.5020
2528/3458 [====================>.........] - ETA: 45s - loss: 1.2298 - acc: 0.5032
2560/3458 [=====================>........] - ETA: 43s - loss: 1.2294 - acc: 0.5035
2592/3458 [=====================>........] - ETA: 42s - loss: 1.2290 - acc: 0.5042
2624/3458 [=====================>........] - ETA: 40s - loss: 1.2304 - acc: 0.5038
2656/3458 [======================>.......] - ETA: 39s - loss: 1.2323 - acc: 0.5023
2688/3458 [======================>.......] - ETA: 37s - loss: 1.2337 - acc: 0.5026
2720/3458 [======================>.......] - ETA: 36s - loss: 1.2338 - acc: 0.5033
2752/3458 [======================>.......] - ETA: 34s - loss: 1.2318 - acc: 0.5044
2784/3458 [=======================>......] - ETA: 32s - loss: 1.2330 - acc: 0.5047
2816/3458 [=======================>......] - ETA: 31s - loss: 1.2302 - acc: 0.5064
2848/3458 [=======================>......] - ETA: 29s - loss: 1.2280 - acc: 0.5060
2880/3458 [=======================>......] - ETA: 28s - loss: 1.2264 - acc: 0.5063
2912/3458 [========================>.....] - ETA: 26s - loss: 1.2266 - acc: 0.5079
2944/3458 [========================>.....] - ETA: 25s - loss: 1.2235 - acc: 0.5109
2976/3458 [========================>.....] - ETA: 23s - loss: 1.2233 - acc: 0.5101
3008/3458 [=========================>....] - ETA: 21s - loss: 1.2257 - acc: 0.5090
3040/3458 [=========================>....] - ETA: 20s - loss: 1.2273 - acc: 0.5089
3072/3458 [=========================>....] - ETA: 18s - loss: 1.2263 - acc: 0.5094
3104/3458 [=========================>....] - ETA: 17s - loss: 1.2253 - acc: 0.5106
3136/3458 [==========================>...] - ETA: 15s - loss: 1.2264 - acc: 0.5112
3168/3458 [==========================>...] - ETA: 14s - loss: 1.2258 - acc: 0.5123
3200/3458 [==========================>...] - ETA: 12s - loss: 1.2263 - acc: 0.5119
3232/3458 [===========================>..] - ETA: 11s - loss: 1.2253 - acc: 0.5121
3264/3458 [===========================>..] - ETA: 9s - loss: 1.2263 - acc: 0.5116 
3296/3458 [===========================>..] - ETA: 7s - loss: 1.2244 - acc: 0.5127
3328/3458 [===========================>..] - ETA: 6s - loss: 1.2243 - acc: 0.5129
3360/3458 [============================>.] - ETA: 4s - loss: 1.2243 - acc: 0.5134
3392/3458 [============================>.] - ETA: 3s - loss: 1.2255 - acc: 0.5130
3424/3458 [============================>.] - ETA: 1s - loss: 1.2276 - acc: 0.5120
3456/3458 [============================>.] - ETA: 0s - loss: 1.2300 - acc: 0.5107
3458/3458 [==============================] - 170s 49ms/sample - loss: 1.2300 - acc: 0.5104

 32/865 [>.............................] - ETA: 7s - loss: 1.1982 - acc: 0.4688
 64/865 [=>............................] - ETA: 7s - loss: 1.1731 - acc: 0.5156
 96/865 [==>...........................] - ETA: 6s - loss: 1.1619 - acc: 0.5521
128/865 [===>..........................] - ETA: 6s - loss: 1.1128 - acc: 0.6016
160/865 [====>.........................] - ETA: 6s - loss: 1.1320 - acc: 0.5875
192/865 [=====>........................] - ETA: 6s - loss: 1.1283 - acc: 0.5781
224/865 [======>.......................] - ETA: 5s - loss: 1.1774 - acc: 0.5982
256/865 [=======>......................] - ETA: 5s - loss: 1.1601 - acc: 0.6133
288/865 [========>.....................] - ETA: 5s - loss: 1.1661 - acc: 0.6007
320/865 [==========>...................] - ETA: 5s - loss: 1.1807 - acc: 0.5938
352/865 [===========>..................] - ETA: 4s - loss: 1.1860 - acc: 0.5710
384/865 [============>.................] - ETA: 4s - loss: 1.1819 - acc: 0.5703
416/865 [=============>................] - ETA: 4s - loss: 1.1960 - acc: 0.5649
448/865 [==============>...............] - ETA: 4s - loss: 1.1985 - acc: 0.5647
480/865 [===============>..............] - ETA: 3s - loss: 1.2006 - acc: 0.5625
512/865 [================>.............] - ETA: 3s - loss: 1.1937 - acc: 0.5645
544/865 [=================>............] - ETA: 3s - loss: 1.1928 - acc: 0.5607
576/865 [==================>...........] - ETA: 2s - loss: 1.1881 - acc: 0.5590
608/865 [====================>.........] - ETA: 2s - loss: 1.1933 - acc: 0.5559
640/865 [=====================>........] - ETA: 2s - loss: 1.1904 - acc: 0.5594
672/865 [======================>.......] - ETA: 1s - loss: 1.1872 - acc: 0.5640
704/865 [=======================>......] - ETA: 1s - loss: 1.1829 - acc: 0.5668
736/865 [========================>.....] - ETA: 1s - loss: 1.1823 - acc: 0.5666
768/865 [=========================>....] - ETA: 0s - loss: 1.1845 - acc: 0.5599
800/865 [==========================>...] - ETA: 0s - loss: 1.1893 - acc: 0.5575
832/865 [===========================>..] - ETA: 0s - loss: 1.1824 - acc: 0.5589
864/865 [============================>.] - ETA: 0s - loss: 1.1823 - acc: 0.5579
865/865 [==============================] - 8s 10ms/sample - loss: 1.1816 - acc: 0.5584

  32/3458 [..............................] - ETA: 2:56 - loss: 0.8336 - acc: 0.7500
  64/3458 [..............................] - ETA: 2:54 - loss: 0.9699 - acc: 0.6562
  96/3458 [..............................] - ETA: 2:53 - loss: 1.0168 - acc: 0.6354
 128/3458 [>.............................] - ETA: 2:49 - loss: 1.0613 - acc: 0.6016
 160/3458 [>.............................] - ETA: 2:49 - loss: 1.0571 - acc: 0.5938
 192/3458 [>.............................] - ETA: 2:47 - loss: 1.0848 - acc: 0.5833
 224/3458 [>.............................] - ETA: 2:44 - loss: 1.0942 - acc: 0.5848
 256/3458 [=>............................] - ETA: 2:42 - loss: 1.0580 - acc: 0.6094
 288/3458 [=>............................] - ETA: 2:40 - loss: 1.0487 - acc: 0.6146
 320/3458 [=>............................] - ETA: 2:37 - loss: 1.0602 - acc: 0.6156
 352/3458 [==>...........................] - ETA: 2:35 - loss: 1.0936 - acc: 0.6023
 384/3458 [==>...........................] - ETA: 2:33 - loss: 1.0763 - acc: 0.6068
 416/3458 [==>...........................] - ETA: 2:31 - loss: 1.0626 - acc: 0.6130
 448/3458 [==>...........................] - ETA: 2:30 - loss: 1.0493 - acc: 0.6228
 480/3458 [===>..........................] - ETA: 2:28 - loss: 1.0376 - acc: 0.6271
 512/3458 [===>..........................] - ETA: 2:26 - loss: 1.0273 - acc: 0.6289
 544/3458 [===>..........................] - ETA: 2:25 - loss: 1.0233 - acc: 0.6287
 576/3458 [===>..........................] - ETA: 2:23 - loss: 1.0212 - acc: 0.6267
 608/3458 [====>.........................] - ETA: 2:22 - loss: 1.0163 - acc: 0.6299
 640/3458 [====>.........................] - ETA: 2:20 - loss: 1.0030 - acc: 0.6344
 672/3458 [====>.........................] - ETA: 2:18 - loss: 0.9958 - acc: 0.6354
 704/3458 [=====>........................] - ETA: 2:16 - loss: 0.9922 - acc: 0.6364
 736/3458 [=====>........................] - ETA: 2:15 - loss: 1.0004 - acc: 0.6304
 768/3458 [=====>........................] - ETA: 2:13 - loss: 0.9959 - acc: 0.6328
 800/3458 [=====>........................] - ETA: 2:12 - loss: 1.0077 - acc: 0.6263
 832/3458 [======>.......................] - ETA: 2:10 - loss: 1.0146 - acc: 0.6226
 864/3458 [======>.......................] - ETA: 2:08 - loss: 1.0216 - acc: 0.6204
 896/3458 [======>.......................] - ETA: 2:07 - loss: 1.0265 - acc: 0.6161
 928/3458 [=======>......................] - ETA: 2:05 - loss: 1.0224 - acc: 0.6196
 960/3458 [=======>......................] - ETA: 2:03 - loss: 1.0326 - acc: 0.6104
 992/3458 [=======>......................] - ETA: 2:02 - loss: 1.0266 - acc: 0.6109
1024/3458 [=======>......................] - ETA: 2:00 - loss: 1.0407 - acc: 0.6055
1056/3458 [========>.....................] - ETA: 1:59 - loss: 1.0437 - acc: 0.6032
1088/3458 [========>.....................] - ETA: 1:57 - loss: 1.0426 - acc: 0.6039
1120/3458 [========>.....................] - ETA: 1:55 - loss: 1.0394 - acc: 0.6036
1152/3458 [========>.....................] - ETA: 1:54 - loss: 1.0353 - acc: 0.6059
1184/3458 [=========>....................] - ETA: 1:52 - loss: 1.0426 - acc: 0.6022
1216/3458 [=========>....................] - ETA: 1:50 - loss: 1.0434 - acc: 0.6020
1248/3458 [=========>....................] - ETA: 1:49 - loss: 1.0420 - acc: 0.6026
1280/3458 [==========>...................] - ETA: 1:47 - loss: 1.0400 - acc: 0.6031
1312/3458 [==========>...................] - ETA: 1:46 - loss: 1.0385 - acc: 0.6014
1344/3458 [==========>...................] - ETA: 1:44 - loss: 1.0325 - acc: 0.6057
1376/3458 [==========>...................] - ETA: 1:42 - loss: 1.0295 - acc: 0.6061
1408/3458 [===========>..................] - ETA: 1:41 - loss: 1.0298 - acc: 0.6065
1440/3458 [===========>..................] - ETA: 1:39 - loss: 1.0382 - acc: 0.6076
1472/3458 [===========>..................] - ETA: 1:38 - loss: 1.0329 - acc: 0.6114
1504/3458 [============>.................] - ETA: 1:36 - loss: 1.0410 - acc: 0.6104
1536/3458 [============>.................] - ETA: 1:34 - loss: 1.0432 - acc: 0.6087
1568/3458 [============>.................] - ETA: 1:33 - loss: 1.0445 - acc: 0.6103
1600/3458 [============>.................] - ETA: 1:31 - loss: 1.0420 - acc: 0.6125
1632/3458 [=============>................] - ETA: 1:30 - loss: 1.0403 - acc: 0.6121
1664/3458 [=============>................] - ETA: 1:28 - loss: 1.0390 - acc: 0.6124
1696/3458 [=============>................] - ETA: 1:26 - loss: 1.0425 - acc: 0.6114
1728/3458 [=============>................] - ETA: 1:25 - loss: 1.0375 - acc: 0.6146
1760/3458 [==============>...............] - ETA: 1:23 - loss: 1.0368 - acc: 0.6170
1792/3458 [==============>...............] - ETA: 1:22 - loss: 1.0376 - acc: 0.6161
1824/3458 [==============>...............] - ETA: 1:20 - loss: 1.0380 - acc: 0.6146
1856/3458 [===============>..............] - ETA: 1:19 - loss: 1.0377 - acc: 0.6137
1888/3458 [===============>..............] - ETA: 1:17 - loss: 1.0380 - acc: 0.6128
1920/3458 [===============>..............] - ETA: 1:15 - loss: 1.0344 - acc: 0.6146
1952/3458 [===============>..............] - ETA: 1:14 - loss: 1.0342 - acc: 0.6148
1984/3458 [================>.............] - ETA: 1:12 - loss: 1.0370 - acc: 0.6119
2016/3458 [================>.............] - ETA: 1:11 - loss: 1.0344 - acc: 0.6136
2048/3458 [================>.............] - ETA: 1:09 - loss: 1.0329 - acc: 0.6143
2080/3458 [=================>............] - ETA: 1:07 - loss: 1.0348 - acc: 0.6139
2112/3458 [=================>............] - ETA: 1:06 - loss: 1.0361 - acc: 0.6122
2144/3458 [=================>............] - ETA: 1:04 - loss: 1.0348 - acc: 0.6119
2176/3458 [=================>............] - ETA: 1:03 - loss: 1.0360 - acc: 0.6108
2208/3458 [==================>...........] - ETA: 1:01 - loss: 1.0368 - acc: 0.6091
2240/3458 [==================>...........] - ETA: 1:00 - loss: 1.0361 - acc: 0.6085
2272/3458 [==================>...........] - ETA: 58s - loss: 1.0379 - acc: 0.6074 
2304/3458 [==================>...........] - ETA: 56s - loss: 1.0377 - acc: 0.6068
2336/3458 [===================>..........] - ETA: 55s - loss: 1.0403 - acc: 0.6040
2368/3458 [===================>..........] - ETA: 53s - loss: 1.0446 - acc: 0.6022
2400/3458 [===================>..........] - ETA: 52s - loss: 1.0478 - acc: 0.6004
2432/3458 [====================>.........] - ETA: 50s - loss: 1.0481 - acc: 0.5995
2464/3458 [====================>.........] - ETA: 48s - loss: 1.0484 - acc: 0.5990
2496/3458 [====================>.........] - ETA: 47s - loss: 1.0492 - acc: 0.5974
2528/3458 [====================>.........] - ETA: 45s - loss: 1.0491 - acc: 0.5969
2560/3458 [=====================>........] - ETA: 44s - loss: 1.0486 - acc: 0.5961
2592/3458 [=====================>........] - ETA: 42s - loss: 1.0494 - acc: 0.5953
2624/3458 [=====================>........] - ETA: 41s - loss: 1.0467 - acc: 0.5960
2656/3458 [======================>.......] - ETA: 39s - loss: 1.0433 - acc: 0.5975
2688/3458 [======================>.......] - ETA: 37s - loss: 1.0458 - acc: 0.5956
2720/3458 [======================>.......] - ETA: 36s - loss: 1.0476 - acc: 0.5945
2752/3458 [======================>.......] - ETA: 34s - loss: 1.0464 - acc: 0.5959
2784/3458 [=======================>......] - ETA: 33s - loss: 1.0504 - acc: 0.5941
2816/3458 [=======================>......] - ETA: 31s - loss: 1.0473 - acc: 0.5959
2848/3458 [=======================>......] - ETA: 30s - loss: 1.0479 - acc: 0.5966
2880/3458 [=======================>......] - ETA: 28s - loss: 1.0493 - acc: 0.5962
2912/3458 [========================>.....] - ETA: 26s - loss: 1.0526 - acc: 0.5934
2944/3458 [========================>.....] - ETA: 25s - loss: 1.0526 - acc: 0.5934
2976/3458 [========================>.....] - ETA: 23s - loss: 1.0496 - acc: 0.5951
3008/3458 [=========================>....] - ETA: 22s - loss: 1.0501 - acc: 0.5931
3040/3458 [=========================>....] - ETA: 20s - loss: 1.0540 - acc: 0.5918
3072/3458 [=========================>....] - ETA: 19s - loss: 1.0549 - acc: 0.5918
3104/3458 [=========================>....] - ETA: 17s - loss: 1.0550 - acc: 0.5925
3136/3458 [==========================>...] - ETA: 15s - loss: 1.0558 - acc: 0.5909
3168/3458 [==========================>...] - ETA: 14s - loss: 1.0550 - acc: 0.5919
3200/3458 [==========================>...] - ETA: 12s - loss: 1.0546 - acc: 0.5928
3232/3458 [===========================>..] - ETA: 11s - loss: 1.0540 - acc: 0.5931
3264/3458 [===========================>..] - ETA: 9s - loss: 1.0533 - acc: 0.5925 
3296/3458 [===========================>..] - ETA: 7s - loss: 1.0535 - acc: 0.5934
3328/3458 [===========================>..] - ETA: 6s - loss: 1.0510 - acc: 0.5944
3360/3458 [============================>.] - ETA: 4s - loss: 1.0487 - acc: 0.5949
3392/3458 [============================>.] - ETA: 3s - loss: 1.0475 - acc: 0.5958
3424/3458 [============================>.] - ETA: 1s - loss: 1.0469 - acc: 0.5952
3456/3458 [============================>.] - ETA: 0s - loss: 1.0474 - acc: 0.5952
3458/3458 [==============================] - 171s 49ms/sample - loss: 1.0470 - acc: 0.5954

 32/865 [>.............................] - ETA: 7s - loss: 1.1126 - acc: 0.5938
 64/865 [=>............................] - ETA: 7s - loss: 1.0461 - acc: 0.6250
 96/865 [==>...........................] - ETA: 6s - loss: 1.0870 - acc: 0.6146
128/865 [===>..........................] - ETA: 6s - loss: 1.0358 - acc: 0.6328
160/865 [====>.........................] - ETA: 6s - loss: 1.0398 - acc: 0.6313
192/865 [=====>........................] - ETA: 6s - loss: 1.0427 - acc: 0.6250
224/865 [======>.......................] - ETA: 5s - loss: 1.1069 - acc: 0.6384
256/865 [=======>......................] - ETA: 5s - loss: 1.1031 - acc: 0.6445
288/865 [========>.....................] - ETA: 5s - loss: 1.1042 - acc: 0.6354
320/865 [==========>...................] - ETA: 4s - loss: 1.1195 - acc: 0.6219
352/865 [===========>..................] - ETA: 4s - loss: 1.1478 - acc: 0.5966
384/865 [============>.................] - ETA: 4s - loss: 1.1394 - acc: 0.5938
416/865 [=============>................] - ETA: 4s - loss: 1.1523 - acc: 0.5889
448/865 [==============>...............] - ETA: 3s - loss: 1.1502 - acc: 0.5893
480/865 [===============>..............] - ETA: 3s - loss: 1.1673 - acc: 0.5875
512/865 [================>.............] - ETA: 3s - loss: 1.1597 - acc: 0.5859
544/865 [=================>............] - ETA: 2s - loss: 1.1586 - acc: 0.5864
576/865 [==================>...........] - ETA: 2s - loss: 1.1495 - acc: 0.5851
608/865 [====================>.........] - ETA: 2s - loss: 1.1572 - acc: 0.5839
640/865 [=====================>........] - ETA: 2s - loss: 1.1614 - acc: 0.5922
672/865 [======================>.......] - ETA: 1s - loss: 1.1556 - acc: 0.5923
704/865 [=======================>......] - ETA: 1s - loss: 1.1509 - acc: 0.5938
736/865 [========================>.....] - ETA: 1s - loss: 1.1534 - acc: 0.5910
768/865 [=========================>....] - ETA: 0s - loss: 1.1553 - acc: 0.5898
800/865 [==========================>...] - ETA: 0s - loss: 1.1582 - acc: 0.5888
832/865 [===========================>..] - ETA: 0s - loss: 1.1500 - acc: 0.5901
864/865 [============================>.] - ETA: 0s - loss: 1.1487 - acc: 0.5914
865/865 [==============================] - 8s 9ms/sample - loss: 1.1475 - acc: 0.5919

  32/3458 [..............................] - ETA: 2:50 - loss: 0.7107 - acc: 0.7812
  64/3458 [..............................] - ETA: 2:47 - loss: 0.7621 - acc: 0.7031
  96/3458 [..............................] - ETA: 2:46 - loss: 0.8300 - acc: 0.6771
 128/3458 [>.............................] - ETA: 2:44 - loss: 0.8811 - acc: 0.6406
 160/3458 [>.............................] - ETA: 2:43 - loss: 0.8791 - acc: 0.6500
 192/3458 [>.............................] - ETA: 2:40 - loss: 0.8779 - acc: 0.6510
 224/3458 [>.............................] - ETA: 2:39 - loss: 0.8621 - acc: 0.6652
 256/3458 [=>............................] - ETA: 2:38 - loss: 0.8350 - acc: 0.6641
 288/3458 [=>............................] - ETA: 2:36 - loss: 0.8264 - acc: 0.6771
 320/3458 [=>............................] - ETA: 2:34 - loss: 0.8422 - acc: 0.6656
 352/3458 [==>...........................] - ETA: 2:33 - loss: 0.8469 - acc: 0.6619
 384/3458 [==>...........................] - ETA: 2:31 - loss: 0.8643 - acc: 0.6536
 416/3458 [==>...........................] - ETA: 2:29 - loss: 0.8680 - acc: 0.6514
 448/3458 [==>...........................] - ETA: 2:27 - loss: 0.8649 - acc: 0.6585
 480/3458 [===>..........................] - ETA: 2:26 - loss: 0.8564 - acc: 0.6667
 512/3458 [===>..........................] - ETA: 2:24 - loss: 0.8568 - acc: 0.6699
 544/3458 [===>..........................] - ETA: 2:23 - loss: 0.8765 - acc: 0.6728
 576/3458 [===>..........................] - ETA: 2:21 - loss: 0.8692 - acc: 0.6788
 608/3458 [====>.........................] - ETA: 2:20 - loss: 0.8491 - acc: 0.6875
 640/3458 [====>.........................] - ETA: 2:18 - loss: 0.8421 - acc: 0.6906
 672/3458 [====>.........................] - ETA: 2:17 - loss: 0.8431 - acc: 0.6935
 704/3458 [=====>........................] - ETA: 2:15 - loss: 0.8345 - acc: 0.7003
 736/3458 [=====>........................] - ETA: 2:14 - loss: 0.8401 - acc: 0.6957
 768/3458 [=====>........................] - ETA: 2:12 - loss: 0.8387 - acc: 0.6901
 800/3458 [=====>........................] - ETA: 2:10 - loss: 0.8520 - acc: 0.6850
 832/3458 [======>.......................] - ETA: 2:09 - loss: 0.8389 - acc: 0.6911
 864/3458 [======>.......................] - ETA: 2:07 - loss: 0.8312 - acc: 0.6956
 896/3458 [======>.......................] - ETA: 2:06 - loss: 0.8420 - acc: 0.6908
 928/3458 [=======>......................] - ETA: 2:04 - loss: 0.8505 - acc: 0.6875
 960/3458 [=======>......................] - ETA: 2:02 - loss: 0.8448 - acc: 0.6896
 992/3458 [=======>......................] - ETA: 2:01 - loss: 0.8412 - acc: 0.6925
1024/3458 [=======>......................] - ETA: 1:59 - loss: 0.8425 - acc: 0.6914
1056/3458 [========>.....................] - ETA: 1:58 - loss: 0.8483 - acc: 0.6884
1088/3458 [========>.....................] - ETA: 1:56 - loss: 0.8514 - acc: 0.6847
1120/3458 [========>.....................] - ETA: 1:55 - loss: 0.8563 - acc: 0.6821
1152/3458 [========>.....................] - ETA: 1:53 - loss: 0.8597 - acc: 0.6797
1184/3458 [=========>....................] - ETA: 1:52 - loss: 0.8527 - acc: 0.6858
1216/3458 [=========>....................] - ETA: 1:50 - loss: 0.8598 - acc: 0.6834
1248/3458 [=========>....................] - ETA: 1:49 - loss: 0.8616 - acc: 0.6835
1280/3458 [==========>...................] - ETA: 1:47 - loss: 0.8617 - acc: 0.6805
1312/3458 [==========>...................] - ETA: 1:45 - loss: 0.8588 - acc: 0.6814
1344/3458 [==========>...................] - ETA: 1:44 - loss: 0.8610 - acc: 0.6801
1376/3458 [==========>...................] - ETA: 1:42 - loss: 0.8646 - acc: 0.6810
1408/3458 [===========>..................] - ETA: 1:41 - loss: 0.8706 - acc: 0.6754
1440/3458 [===========>..................] - ETA: 1:39 - loss: 0.8692 - acc: 0.6771
1472/3458 [===========>..................] - ETA: 1:38 - loss: 0.8668 - acc: 0.6746
1504/3458 [============>.................] - ETA: 1:36 - loss: 0.8654 - acc: 0.6735
1536/3458 [============>.................] - ETA: 1:34 - loss: 0.8667 - acc: 0.6719
1568/3458 [============>.................] - ETA: 1:33 - loss: 0.8704 - acc: 0.6728
1600/3458 [============>.................] - ETA: 1:31 - loss: 0.8714 - acc: 0.6731
1632/3458 [=============>................] - ETA: 1:30 - loss: 0.8717 - acc: 0.6722
1664/3458 [=============>................] - ETA: 1:28 - loss: 0.8677 - acc: 0.6743
1696/3458 [=============>................] - ETA: 1:26 - loss: 0.8662 - acc: 0.6739
1728/3458 [=============>................] - ETA: 1:25 - loss: 0.8633 - acc: 0.6753
1760/3458 [==============>...............] - ETA: 1:23 - loss: 0.8623 - acc: 0.6756
1792/3458 [==============>...............] - ETA: 1:22 - loss: 0.8618 - acc: 0.6763
1824/3458 [==============>...............] - ETA: 1:20 - loss: 0.8627 - acc: 0.6743
1856/3458 [===============>..............] - ETA: 1:19 - loss: 0.8639 - acc: 0.6756
1888/3458 [===============>..............] - ETA: 1:17 - loss: 0.8620 - acc: 0.6769
1920/3458 [===============>..............] - ETA: 1:15 - loss: 0.8661 - acc: 0.6771
1952/3458 [===============>..............] - ETA: 1:14 - loss: 0.8686 - acc: 0.6773
1984/3458 [================>.............] - ETA: 1:12 - loss: 0.8670 - acc: 0.6784
2016/3458 [================>.............] - ETA: 1:11 - loss: 0.8682 - acc: 0.6781
2048/3458 [================>.............] - ETA: 1:09 - loss: 0.8667 - acc: 0.6782
2080/3458 [=================>............] - ETA: 1:08 - loss: 0.8642 - acc: 0.6774
2112/3458 [=================>............] - ETA: 1:06 - loss: 0.8677 - acc: 0.6761
2144/3458 [=================>............] - ETA: 1:04 - loss: 0.8667 - acc: 0.6763
2176/3458 [=================>............] - ETA: 1:03 - loss: 0.8707 - acc: 0.6756
2208/3458 [==================>...........] - ETA: 1:01 - loss: 0.8713 - acc: 0.6780
2240/3458 [==================>...........] - ETA: 1:00 - loss: 0.8778 - acc: 0.6768
2272/3458 [==================>...........] - ETA: 58s - loss: 0.8769 - acc: 0.6769 
2304/3458 [==================>...........] - ETA: 57s - loss: 0.8747 - acc: 0.6775
2336/3458 [===================>..........] - ETA: 55s - loss: 0.8721 - acc: 0.6777
2368/3458 [===================>..........] - ETA: 53s - loss: 0.8732 - acc: 0.6774
2400/3458 [===================>..........] - ETA: 52s - loss: 0.8739 - acc: 0.6775
2432/3458 [====================>.........] - ETA: 50s - loss: 0.8757 - acc: 0.6772
2464/3458 [====================>.........] - ETA: 49s - loss: 0.8751 - acc: 0.6769
2496/3458 [====================>.........] - ETA: 47s - loss: 0.8733 - acc: 0.6783
2528/3458 [====================>.........] - ETA: 45s - loss: 0.8741 - acc: 0.6772
2560/3458 [=====================>........] - ETA: 44s - loss: 0.8766 - acc: 0.6773
2592/3458 [=====================>........] - ETA: 42s - loss: 0.8774 - acc: 0.6771
2624/3458 [=====================>........] - ETA: 41s - loss: 0.8790 - acc: 0.6768
2656/3458 [======================>.......] - ETA: 39s - loss: 0.8830 - acc: 0.6762
2688/3458 [======================>.......] - ETA: 38s - loss: 0.8847 - acc: 0.6752
2720/3458 [======================>.......] - ETA: 36s - loss: 0.8845 - acc: 0.6750
2752/3458 [======================>.......] - ETA: 34s - loss: 0.8842 - acc: 0.6759
2784/3458 [=======================>......] - ETA: 33s - loss: 0.8870 - acc: 0.6753
2816/3458 [=======================>......] - ETA: 31s - loss: 0.8875 - acc: 0.6761
2848/3458 [=======================>......] - ETA: 30s - loss: 0.8874 - acc: 0.6752
2880/3458 [=======================>......] - ETA: 28s - loss: 0.8860 - acc: 0.6760
2912/3458 [========================>.....] - ETA: 26s - loss: 0.8854 - acc: 0.6758
2944/3458 [========================>.....] - ETA: 25s - loss: 0.8857 - acc: 0.6763
2976/3458 [========================>.....] - ETA: 23s - loss: 0.8847 - acc: 0.6767
3008/3458 [=========================>....] - ETA: 22s - loss: 0.8841 - acc: 0.6772
3040/3458 [=========================>....] - ETA: 20s - loss: 0.8902 - acc: 0.6757
3072/3458 [=========================>....] - ETA: 19s - loss: 0.8885 - acc: 0.6768
3104/3458 [=========================>....] - ETA: 17s - loss: 0.8903 - acc: 0.6749
3136/3458 [==========================>...] - ETA: 15s - loss: 0.8897 - acc: 0.6757
3168/3458 [==========================>...] - ETA: 14s - loss: 0.8908 - acc: 0.6761
3200/3458 [==========================>...] - ETA: 12s - loss: 0.8899 - acc: 0.6762
3232/3458 [===========================>..] - ETA: 11s - loss: 0.8897 - acc: 0.6751
3264/3458 [===========================>..] - ETA: 9s - loss: 0.8878 - acc: 0.6765 
3296/3458 [===========================>..] - ETA: 7s - loss: 0.8860 - acc: 0.6775
3328/3458 [===========================>..] - ETA: 6s - loss: 0.8857 - acc: 0.6785
3360/3458 [============================>.] - ETA: 4s - loss: 0.8852 - acc: 0.6789
3392/3458 [============================>.] - ETA: 3s - loss: 0.8867 - acc: 0.6778
3424/3458 [============================>.] - ETA: 1s - loss: 0.8867 - acc: 0.6782
3456/3458 [============================>.] - ETA: 0s - loss: 0.8869 - acc: 0.6780
3458/3458 [==============================] - 171s 50ms/sample - loss: 0.8873 - acc: 0.6778

 32/865 [>.............................] - ETA: 7s - loss: 1.0907 - acc: 0.5625
 64/865 [=>............................] - ETA: 7s - loss: 1.0309 - acc: 0.6094
 96/865 [==>...........................] - ETA: 6s - loss: 1.0761 - acc: 0.5833
128/865 [===>..........................] - ETA: 6s - loss: 1.0400 - acc: 0.6016
160/865 [====>.........................] - ETA: 6s - loss: 1.0350 - acc: 0.6000
192/865 [=====>........................] - ETA: 6s - loss: 1.0458 - acc: 0.5938
224/865 [======>.......................] - ETA: 5s - loss: 1.1190 - acc: 0.6027
256/865 [=======>......................] - ETA: 5s - loss: 1.1190 - acc: 0.6055
288/865 [========>.....................] - ETA: 5s - loss: 1.1092 - acc: 0.6007
320/865 [==========>...................] - ETA: 4s - loss: 1.1207 - acc: 0.5875
352/865 [===========>..................] - ETA: 4s - loss: 1.1453 - acc: 0.5739
384/865 [============>.................] - ETA: 4s - loss: 1.1382 - acc: 0.5755
416/865 [=============>................] - ETA: 4s - loss: 1.1469 - acc: 0.5649
448/865 [==============>...............] - ETA: 3s - loss: 1.1514 - acc: 0.5692
480/865 [===============>..............] - ETA: 3s - loss: 1.1714 - acc: 0.5604
512/865 [================>.............] - ETA: 3s - loss: 1.1577 - acc: 0.5625
544/865 [=================>............] - ETA: 2s - loss: 1.1608 - acc: 0.5625
576/865 [==================>...........] - ETA: 2s - loss: 1.1497 - acc: 0.5642
608/865 [====================>.........] - ETA: 2s - loss: 1.1560 - acc: 0.5674
640/865 [=====================>........] - ETA: 2s - loss: 1.1581 - acc: 0.5719
672/865 [======================>.......] - ETA: 1s - loss: 1.1544 - acc: 0.5729
704/865 [=======================>......] - ETA: 1s - loss: 1.1446 - acc: 0.5781
736/865 [========================>.....] - ETA: 1s - loss: 1.1412 - acc: 0.5774
768/865 [=========================>....] - ETA: 0s - loss: 1.1429 - acc: 0.5794
800/865 [==========================>...] - ETA: 0s - loss: 1.1431 - acc: 0.5775
832/865 [===========================>..] - ETA: 0s - loss: 1.1352 - acc: 0.5805
864/865 [============================>.] - ETA: 0s - loss: 1.1330 - acc: 0.5799
865/865 [==============================] - 8s 9ms/sample - loss: 1.1317 - acc: 0.5803
