For Dropout_1=0.5 Dropout_2=0.0
daisy loaded
dandelion loaded
rose loaded
sunflower loaded
tulip loaded

  32/3458 [..............................] - ETA: 3:05 - loss: 1.5982 - acc: 0.3125
  64/3458 [..............................] - ETA: 2:58 - loss: 25.2734 - acc: 0.2656
  96/3458 [..............................] - ETA: 2:52 - loss: 21.0312 - acc: 0.2604
 128/3458 [>.............................] - ETA: 2:49 - loss: 17.0910 - acc: 0.2812
 160/3458 [>.............................] - ETA: 2:46 - loss: 14.1180 - acc: 0.2812
 192/3458 [>.............................] - ETA: 2:43 - loss: 12.0280 - acc: 0.2917
 224/3458 [>.............................] - ETA: 2:41 - loss: 10.5385 - acc: 0.2812
 256/3458 [=>............................] - ETA: 2:39 - loss: 9.4206 - acc: 0.2695 
 288/3458 [=>............................] - ETA: 2:37 - loss: 8.5521 - acc: 0.2569
 320/3458 [=>............................] - ETA: 2:35 - loss: 7.8578 - acc: 0.2562
 352/3458 [==>...........................] - ETA: 2:33 - loss: 7.2878 - acc: 0.2500
 384/3458 [==>...........................] - ETA: 2:32 - loss: 6.8113 - acc: 0.2474
 416/3458 [==>...........................] - ETA: 2:30 - loss: 6.4045 - acc: 0.2500
 448/3458 [==>...........................] - ETA: 2:28 - loss: 6.0556 - acc: 0.2500
 480/3458 [===>..........................] - ETA: 2:27 - loss: 5.7571 - acc: 0.2521
 512/3458 [===>..........................] - ETA: 2:25 - loss: 5.4886 - acc: 0.2578
 544/3458 [===>..........................] - ETA: 2:24 - loss: 5.2549 - acc: 0.2592
 576/3458 [===>..........................] - ETA: 2:22 - loss: 5.0553 - acc: 0.2552
 608/3458 [====>.........................] - ETA: 2:20 - loss: 4.8627 - acc: 0.2615
 640/3458 [====>.........................] - ETA: 2:19 - loss: 4.6948 - acc: 0.2625
 672/3458 [====>.........................] - ETA: 2:17 - loss: 4.5387 - acc: 0.2679
 704/3458 [=====>........................] - ETA: 2:16 - loss: 4.3983 - acc: 0.2727
 736/3458 [=====>........................] - ETA: 2:14 - loss: 4.2831 - acc: 0.2649
 768/3458 [=====>........................] - ETA: 2:12 - loss: 4.1646 - acc: 0.2695
 800/3458 [=====>........................] - ETA: 2:11 - loss: 4.0524 - acc: 0.2788
 832/3458 [======>.......................] - ETA: 2:09 - loss: 3.9511 - acc: 0.2825
 864/3458 [======>.......................] - ETA: 2:07 - loss: 3.8638 - acc: 0.2847
 896/3458 [======>.......................] - ETA: 2:06 - loss: 3.7702 - acc: 0.2958
 928/3458 [=======>......................] - ETA: 2:04 - loss: 3.6869 - acc: 0.3050
 960/3458 [=======>......................] - ETA: 2:03 - loss: 3.6075 - acc: 0.3094
 992/3458 [=======>......................] - ETA: 2:01 - loss: 3.5350 - acc: 0.3115
1024/3458 [=======>......................] - ETA: 1:59 - loss: 3.4691 - acc: 0.3105
1056/3458 [========>.....................] - ETA: 1:58 - loss: 3.4017 - acc: 0.3191
1088/3458 [========>.....................] - ETA: 1:56 - loss: 3.3441 - acc: 0.3189
1120/3458 [========>.....................] - ETA: 1:55 - loss: 3.2888 - acc: 0.3187
1152/3458 [========>.....................] - ETA: 1:53 - loss: 3.2349 - acc: 0.3212
1184/3458 [=========>....................] - ETA: 1:51 - loss: 3.1909 - acc: 0.3201
1216/3458 [=========>....................] - ETA: 1:50 - loss: 3.1398 - acc: 0.3265
1248/3458 [=========>....................] - ETA: 1:48 - loss: 3.0918 - acc: 0.3301
1280/3458 [==========>...................] - ETA: 1:47 - loss: 3.0593 - acc: 0.3328
1312/3458 [==========>...................] - ETA: 1:45 - loss: 3.0194 - acc: 0.3361
1344/3458 [==========>...................] - ETA: 1:43 - loss: 2.9804 - acc: 0.3400
1376/3458 [==========>...................] - ETA: 1:42 - loss: 2.9354 - acc: 0.3467
1408/3458 [===========>..................] - ETA: 1:40 - loss: 2.8958 - acc: 0.3494
1440/3458 [===========>..................] - ETA: 1:39 - loss: 2.8577 - acc: 0.3535
1472/3458 [===========>..................] - ETA: 1:37 - loss: 2.8259 - acc: 0.3560
1504/3458 [============>.................] - ETA: 1:35 - loss: 2.7929 - acc: 0.3564
1536/3458 [============>.................] - ETA: 1:34 - loss: 2.7600 - acc: 0.3581
1568/3458 [============>.................] - ETA: 1:32 - loss: 2.7260 - acc: 0.3603
1600/3458 [============>.................] - ETA: 1:31 - loss: 2.6988 - acc: 0.3625
1632/3458 [=============>................] - ETA: 1:29 - loss: 2.6769 - acc: 0.3621
1664/3458 [=============>................] - ETA: 1:27 - loss: 2.6491 - acc: 0.3654
1696/3458 [=============>................] - ETA: 1:26 - loss: 2.6270 - acc: 0.3656
1728/3458 [=============>................] - ETA: 1:24 - loss: 2.6013 - acc: 0.3669
1760/3458 [==============>...............] - ETA: 1:23 - loss: 2.5745 - acc: 0.3699
1792/3458 [==============>...............] - ETA: 1:21 - loss: 2.5518 - acc: 0.3705
1824/3458 [==============>...............] - ETA: 1:20 - loss: 2.5289 - acc: 0.3745
1856/3458 [===============>..............] - ETA: 1:18 - loss: 2.5106 - acc: 0.3761
1888/3458 [===============>..............] - ETA: 1:17 - loss: 2.4880 - acc: 0.3766
1920/3458 [===============>..............] - ETA: 1:15 - loss: 2.4662 - acc: 0.3786
1952/3458 [===============>..............] - ETA: 1:13 - loss: 2.4488 - acc: 0.3776
1984/3458 [================>.............] - ETA: 1:12 - loss: 2.4327 - acc: 0.3760
2016/3458 [================>.............] - ETA: 1:10 - loss: 2.4142 - acc: 0.3775
2048/3458 [================>.............] - ETA: 1:09 - loss: 2.3970 - acc: 0.3789
2080/3458 [=================>............] - ETA: 1:07 - loss: 2.3804 - acc: 0.3808
2112/3458 [=================>............] - ETA: 1:05 - loss: 2.3652 - acc: 0.3821
2144/3458 [=================>............] - ETA: 1:04 - loss: 2.3489 - acc: 0.3834
2176/3458 [=================>............] - ETA: 1:02 - loss: 2.3312 - acc: 0.3865
2208/3458 [==================>...........] - ETA: 1:01 - loss: 2.3195 - acc: 0.3863
2240/3458 [==================>...........] - ETA: 59s - loss: 2.3056 - acc: 0.3853 
2272/3458 [==================>...........] - ETA: 58s - loss: 2.2929 - acc: 0.3834
2304/3458 [==================>...........] - ETA: 56s - loss: 2.2790 - acc: 0.3845
2336/3458 [===================>..........] - ETA: 54s - loss: 2.2643 - acc: 0.3861
2368/3458 [===================>..........] - ETA: 53s - loss: 2.2518 - acc: 0.3872
2400/3458 [===================>..........] - ETA: 51s - loss: 2.2383 - acc: 0.3875
2432/3458 [====================>.........] - ETA: 50s - loss: 2.2255 - acc: 0.3877
2464/3458 [====================>.........] - ETA: 48s - loss: 2.2116 - acc: 0.3880
2496/3458 [====================>.........] - ETA: 47s - loss: 2.1966 - acc: 0.3906
2528/3458 [====================>.........] - ETA: 45s - loss: 2.1890 - acc: 0.3881
2560/3458 [=====================>........] - ETA: 43s - loss: 2.1793 - acc: 0.3875
2592/3458 [=====================>........] - ETA: 42s - loss: 2.1688 - acc: 0.3889
2624/3458 [=====================>........] - ETA: 40s - loss: 2.1550 - acc: 0.3914
2656/3458 [======================>.......] - ETA: 39s - loss: 2.1441 - acc: 0.3923
2688/3458 [======================>.......] - ETA: 37s - loss: 2.1309 - acc: 0.3955
2720/3458 [======================>.......] - ETA: 36s - loss: 2.1184 - acc: 0.3971
2752/3458 [======================>.......] - ETA: 34s - loss: 2.1062 - acc: 0.3993
2784/3458 [=======================>......] - ETA: 32s - loss: 2.0958 - acc: 0.4005
2816/3458 [=======================>......] - ETA: 31s - loss: 2.0880 - acc: 0.4002
2848/3458 [=======================>......] - ETA: 29s - loss: 2.0788 - acc: 0.4003
2880/3458 [=======================>......] - ETA: 28s - loss: 2.0665 - acc: 0.4028
2912/3458 [========================>.....] - ETA: 26s - loss: 2.0567 - acc: 0.4032
2944/3458 [========================>.....] - ETA: 25s - loss: 2.0472 - acc: 0.4039
2976/3458 [========================>.....] - ETA: 23s - loss: 2.0375 - acc: 0.4059
3008/3458 [=========================>....] - ETA: 22s - loss: 2.0281 - acc: 0.4066
3040/3458 [=========================>....] - ETA: 20s - loss: 2.0182 - acc: 0.4086
3072/3458 [=========================>....] - ETA: 18s - loss: 2.0090 - acc: 0.4108
3104/3458 [=========================>....] - ETA: 17s - loss: 2.0010 - acc: 0.4111
3136/3458 [==========================>...] - ETA: 15s - loss: 1.9921 - acc: 0.4114
3168/3458 [==========================>...] - ETA: 14s - loss: 1.9877 - acc: 0.4122
3200/3458 [==========================>...] - ETA: 12s - loss: 1.9805 - acc: 0.4122
3232/3458 [===========================>..] - ETA: 11s - loss: 1.9708 - acc: 0.4149
3264/3458 [===========================>..] - ETA: 9s - loss: 1.9629 - acc: 0.4157 
3296/3458 [===========================>..] - ETA: 7s - loss: 1.9567 - acc: 0.4150
3328/3458 [===========================>..] - ETA: 6s - loss: 1.9475 - acc: 0.4171
3360/3458 [============================>.] - ETA: 4s - loss: 1.9378 - acc: 0.4190
3392/3458 [============================>.] - ETA: 3s - loss: 1.9307 - acc: 0.4198
3424/3458 [============================>.] - ETA: 1s - loss: 1.9312 - acc: 0.4206
3456/3458 [============================>.] - ETA: 0s - loss: 1.9232 - acc: 0.4222
3458/3458 [==============================] - 170s 49ms/sample - loss: 1.9232 - acc: 0.4219

 32/865 [>.............................] - ETA: 7s - loss: 1.1778 - acc: 0.4688
 64/865 [=>............................] - ETA: 7s - loss: 1.2103 - acc: 0.4375
 96/865 [==>...........................] - ETA: 7s - loss: 1.1739 - acc: 0.5104
128/865 [===>..........................] - ETA: 6s - loss: 1.2125 - acc: 0.5000
160/865 [====>.........................] - ETA: 6s - loss: 1.2226 - acc: 0.4938
192/865 [=====>........................] - ETA: 6s - loss: 1.2077 - acc: 0.4948
224/865 [======>.......................] - ETA: 5s - loss: 1.2039 - acc: 0.4955
256/865 [=======>......................] - ETA: 5s - loss: 1.2014 - acc: 0.4961
288/865 [========>.....................] - ETA: 5s - loss: 1.2046 - acc: 0.5139
320/865 [==========>...................] - ETA: 4s - loss: 1.2001 - acc: 0.5250
352/865 [===========>..................] - ETA: 4s - loss: 1.1996 - acc: 0.5142
384/865 [============>.................] - ETA: 4s - loss: 1.1891 - acc: 0.5156
416/865 [=============>................] - ETA: 4s - loss: 1.1876 - acc: 0.5120
448/865 [==============>...............] - ETA: 3s - loss: 1.1820 - acc: 0.5067
480/865 [===============>..............] - ETA: 3s - loss: 1.1926 - acc: 0.4979
512/865 [================>.............] - ETA: 3s - loss: 1.1844 - acc: 0.5059
544/865 [=================>............] - ETA: 2s - loss: 1.1861 - acc: 0.5037
576/865 [==================>...........] - ETA: 2s - loss: 1.1800 - acc: 0.5035
608/865 [====================>.........] - ETA: 2s - loss: 1.1846 - acc: 0.5033
640/865 [=====================>........] - ETA: 2s - loss: 1.1773 - acc: 0.5063
672/865 [======================>.......] - ETA: 1s - loss: 1.1869 - acc: 0.5045
704/865 [=======================>......] - ETA: 1s - loss: 1.1834 - acc: 0.5071
736/865 [========================>.....] - ETA: 1s - loss: 1.1887 - acc: 0.5014
768/865 [=========================>....] - ETA: 0s - loss: 1.1845 - acc: 0.5065
800/865 [==========================>...] - ETA: 0s - loss: 1.1804 - acc: 0.5088
832/865 [===========================>..] - ETA: 0s - loss: 1.1808 - acc: 0.5072
864/865 [============================>.] - ETA: 0s - loss: 1.1775 - acc: 0.5093
865/865 [==============================] - 8s 9ms/sample - loss: 1.1774 - acc: 0.5087

  32/3458 [..............................] - ETA: 2:47 - loss: 1.0772 - acc: 0.5625
  64/3458 [..............................] - ETA: 2:45 - loss: 1.1037 - acc: 0.5625
  96/3458 [..............................] - ETA: 2:43 - loss: 1.1216 - acc: 0.5625
 128/3458 [>.............................] - ETA: 2:43 - loss: 1.2018 - acc: 0.5312
 160/3458 [>.............................] - ETA: 2:40 - loss: 1.1995 - acc: 0.5437
 192/3458 [>.............................] - ETA: 2:38 - loss: 1.1760 - acc: 0.5677
 224/3458 [>.............................] - ETA: 2:37 - loss: 1.1747 - acc: 0.5625
 256/3458 [=>............................] - ETA: 2:36 - loss: 1.1673 - acc: 0.5508
 288/3458 [=>............................] - ETA: 2:35 - loss: 1.1519 - acc: 0.5590
 320/3458 [=>............................] - ETA: 2:33 - loss: 1.1466 - acc: 0.5531
 352/3458 [==>...........................] - ETA: 2:31 - loss: 1.1450 - acc: 0.5511
 384/3458 [==>...........................] - ETA: 2:30 - loss: 1.1587 - acc: 0.5495
 416/3458 [==>...........................] - ETA: 2:28 - loss: 1.1694 - acc: 0.5505
 448/3458 [==>...........................] - ETA: 2:27 - loss: 1.1667 - acc: 0.5446
 480/3458 [===>..........................] - ETA: 2:25 - loss: 1.1514 - acc: 0.5562
 512/3458 [===>..........................] - ETA: 2:24 - loss: 1.1456 - acc: 0.5566
 544/3458 [===>..........................] - ETA: 2:22 - loss: 1.1403 - acc: 0.5570
 576/3458 [===>..........................] - ETA: 2:20 - loss: 1.1276 - acc: 0.5660
 608/3458 [====>.........................] - ETA: 2:19 - loss: 1.1329 - acc: 0.5674
 640/3458 [====>.........................] - ETA: 2:17 - loss: 1.1291 - acc: 0.5656
 672/3458 [====>.........................] - ETA: 2:16 - loss: 1.1212 - acc: 0.5729
 704/3458 [=====>........................] - ETA: 2:14 - loss: 1.1224 - acc: 0.5696
 736/3458 [=====>........................] - ETA: 2:12 - loss: 1.1277 - acc: 0.5625
 768/3458 [=====>........................] - ETA: 2:11 - loss: 1.1263 - acc: 0.5612
 800/3458 [=====>........................] - ETA: 2:09 - loss: 1.1349 - acc: 0.5562
 832/3458 [======>.......................] - ETA: 2:08 - loss: 1.1358 - acc: 0.5541
 864/3458 [======>.......................] - ETA: 2:06 - loss: 1.1239 - acc: 0.5613
 896/3458 [======>.......................] - ETA: 2:05 - loss: 1.1240 - acc: 0.5536
 928/3458 [=======>......................] - ETA: 2:03 - loss: 1.1382 - acc: 0.5539
 960/3458 [=======>......................] - ETA: 2:01 - loss: 1.1464 - acc: 0.5552
 992/3458 [=======>......................] - ETA: 2:00 - loss: 1.1431 - acc: 0.5565
1024/3458 [=======>......................] - ETA: 1:58 - loss: 1.1361 - acc: 0.5557
1056/3458 [========>.....................] - ETA: 1:57 - loss: 1.1385 - acc: 0.5540
1088/3458 [========>.....................] - ETA: 1:55 - loss: 1.1442 - acc: 0.5551
1120/3458 [========>.....................] - ETA: 1:54 - loss: 1.1428 - acc: 0.5571
1152/3458 [========>.....................] - ETA: 1:52 - loss: 1.1408 - acc: 0.5564
1184/3458 [=========>....................] - ETA: 1:50 - loss: 1.1374 - acc: 0.5608
1216/3458 [=========>....................] - ETA: 1:49 - loss: 1.1358 - acc: 0.5609
1248/3458 [=========>....................] - ETA: 1:47 - loss: 1.1354 - acc: 0.5593
1280/3458 [==========>...................] - ETA: 1:46 - loss: 1.1340 - acc: 0.5594
1312/3458 [==========>...................] - ETA: 1:44 - loss: 1.1327 - acc: 0.5602
1344/3458 [==========>...................] - ETA: 1:43 - loss: 1.1284 - acc: 0.5632
1376/3458 [==========>...................] - ETA: 1:41 - loss: 1.1204 - acc: 0.5669
1408/3458 [===========>..................] - ETA: 1:40 - loss: 1.1130 - acc: 0.5703
1440/3458 [===========>..................] - ETA: 1:38 - loss: 1.1132 - acc: 0.5694
1472/3458 [===========>..................] - ETA: 1:36 - loss: 1.1165 - acc: 0.5700
1504/3458 [============>.................] - ETA: 1:35 - loss: 1.1124 - acc: 0.5705
1536/3458 [============>.................] - ETA: 1:33 - loss: 1.1098 - acc: 0.5710
1568/3458 [============>.................] - ETA: 1:32 - loss: 1.1023 - acc: 0.5753
1600/3458 [============>.................] - ETA: 1:30 - loss: 1.1026 - acc: 0.5756
1632/3458 [=============>................] - ETA: 1:29 - loss: 1.1105 - acc: 0.5735
1664/3458 [=============>................] - ETA: 1:27 - loss: 1.1116 - acc: 0.5727
1696/3458 [=============>................] - ETA: 1:26 - loss: 1.1047 - acc: 0.5755
1728/3458 [=============>................] - ETA: 1:24 - loss: 1.1005 - acc: 0.5758
1760/3458 [==============>...............] - ETA: 1:22 - loss: 1.1010 - acc: 0.5750
1792/3458 [==============>...............] - ETA: 1:21 - loss: 1.0961 - acc: 0.5759
1824/3458 [==============>...............] - ETA: 1:19 - loss: 1.0992 - acc: 0.5746
1856/3458 [===============>..............] - ETA: 1:18 - loss: 1.1011 - acc: 0.5754
1888/3458 [===============>..............] - ETA: 1:16 - loss: 1.0981 - acc: 0.5773
1920/3458 [===============>..............] - ETA: 1:15 - loss: 1.0958 - acc: 0.5771
1952/3458 [===============>..............] - ETA: 1:13 - loss: 1.0914 - acc: 0.5784
1984/3458 [================>.............] - ETA: 1:12 - loss: 1.0881 - acc: 0.5776
2016/3458 [================>.............] - ETA: 1:10 - loss: 1.0934 - acc: 0.5759
2048/3458 [================>.............] - ETA: 1:08 - loss: 1.0902 - acc: 0.5767
2080/3458 [=================>............] - ETA: 1:07 - loss: 1.0877 - acc: 0.5774
2112/3458 [=================>............] - ETA: 1:05 - loss: 1.0885 - acc: 0.5772
2144/3458 [=================>............] - ETA: 1:04 - loss: 1.0881 - acc: 0.5765
2176/3458 [=================>............] - ETA: 1:02 - loss: 1.0845 - acc: 0.5781
2208/3458 [==================>...........] - ETA: 1:01 - loss: 1.0798 - acc: 0.5802
2240/3458 [==================>...........] - ETA: 59s - loss: 1.0760 - acc: 0.5821 
2272/3458 [==================>...........] - ETA: 57s - loss: 1.0733 - acc: 0.5827
2304/3458 [==================>...........] - ETA: 56s - loss: 1.0731 - acc: 0.5816
2336/3458 [===================>..........] - ETA: 54s - loss: 1.0702 - acc: 0.5835
2368/3458 [===================>..........] - ETA: 53s - loss: 1.0719 - acc: 0.5840
2400/3458 [===================>..........] - ETA: 51s - loss: 1.0700 - acc: 0.5846
2432/3458 [====================>.........] - ETA: 50s - loss: 1.0711 - acc: 0.5839
2464/3458 [====================>.........] - ETA: 48s - loss: 1.0715 - acc: 0.5848
2496/3458 [====================>.........] - ETA: 47s - loss: 1.0704 - acc: 0.5845
2528/3458 [====================>.........] - ETA: 45s - loss: 1.0709 - acc: 0.5839
2560/3458 [=====================>........] - ETA: 43s - loss: 1.0685 - acc: 0.5852
2592/3458 [=====================>........] - ETA: 42s - loss: 1.0689 - acc: 0.5860
2624/3458 [=====================>........] - ETA: 40s - loss: 1.0695 - acc: 0.5869
2656/3458 [======================>.......] - ETA: 39s - loss: 1.0704 - acc: 0.5873
2688/3458 [======================>.......] - ETA: 37s - loss: 1.0703 - acc: 0.5863
2720/3458 [======================>.......] - ETA: 36s - loss: 1.0712 - acc: 0.5860
2752/3458 [======================>.......] - ETA: 34s - loss: 1.0742 - acc: 0.5858
2784/3458 [=======================>......] - ETA: 32s - loss: 1.0779 - acc: 0.5841
2816/3458 [=======================>......] - ETA: 31s - loss: 1.0784 - acc: 0.5838
2848/3458 [=======================>......] - ETA: 29s - loss: 1.0812 - acc: 0.5829
2880/3458 [=======================>......] - ETA: 28s - loss: 1.0824 - acc: 0.5819
2912/3458 [========================>.....] - ETA: 26s - loss: 1.0833 - acc: 0.5814
2944/3458 [========================>.....] - ETA: 25s - loss: 1.0825 - acc: 0.5812
2976/3458 [========================>.....] - ETA: 23s - loss: 1.0822 - acc: 0.5813
3008/3458 [=========================>....] - ETA: 21s - loss: 1.0837 - acc: 0.5818
3040/3458 [=========================>....] - ETA: 20s - loss: 1.0822 - acc: 0.5832
3072/3458 [=========================>....] - ETA: 18s - loss: 1.0827 - acc: 0.5830
3104/3458 [=========================>....] - ETA: 17s - loss: 1.0837 - acc: 0.5831
3136/3458 [==========================>...] - ETA: 15s - loss: 1.0822 - acc: 0.5832
3168/3458 [==========================>...] - ETA: 14s - loss: 1.0844 - acc: 0.5830
3200/3458 [==========================>...] - ETA: 12s - loss: 1.0847 - acc: 0.5828
3232/3458 [===========================>..] - ETA: 11s - loss: 1.0867 - acc: 0.5811
3264/3458 [===========================>..] - ETA: 9s - loss: 1.0903 - acc: 0.5790 
3296/3458 [===========================>..] - ETA: 7s - loss: 1.0888 - acc: 0.5786
3328/3458 [===========================>..] - ETA: 6s - loss: 1.0882 - acc: 0.5790
3360/3458 [============================>.] - ETA: 4s - loss: 1.0874 - acc: 0.5795
3392/3458 [============================>.] - ETA: 3s - loss: 1.0863 - acc: 0.5802
3424/3458 [============================>.] - ETA: 1s - loss: 1.0871 - acc: 0.5806
3456/3458 [============================>.] - ETA: 0s - loss: 1.0877 - acc: 0.5796
3458/3458 [==============================] - 170s 49ms/sample - loss: 1.0887 - acc: 0.5792

 32/865 [>.............................] - ETA: 7s - loss: 0.9626 - acc: 0.5625
 64/865 [=>............................] - ETA: 7s - loss: 1.0080 - acc: 0.5156
 96/865 [==>...........................] - ETA: 6s - loss: 1.0659 - acc: 0.5312
128/865 [===>..........................] - ETA: 6s - loss: 1.0793 - acc: 0.5312
160/865 [====>.........................] - ETA: 6s - loss: 1.0854 - acc: 0.5312
192/865 [=====>........................] - ETA: 6s - loss: 1.0747 - acc: 0.5260
224/865 [======>.......................] - ETA: 5s - loss: 1.0849 - acc: 0.5134
256/865 [=======>......................] - ETA: 5s - loss: 1.0973 - acc: 0.5078
288/865 [========>.....................] - ETA: 5s - loss: 1.1015 - acc: 0.5278
320/865 [==========>...................] - ETA: 4s - loss: 1.1088 - acc: 0.5219
352/865 [===========>..................] - ETA: 4s - loss: 1.1117 - acc: 0.5170
384/865 [============>.................] - ETA: 4s - loss: 1.1091 - acc: 0.5182
416/865 [=============>................] - ETA: 4s - loss: 1.1079 - acc: 0.5192
448/865 [==============>...............] - ETA: 3s - loss: 1.1121 - acc: 0.5134
480/865 [===============>..............] - ETA: 3s - loss: 1.1169 - acc: 0.5125
512/865 [================>.............] - ETA: 3s - loss: 1.1051 - acc: 0.5137
544/865 [=================>............] - ETA: 2s - loss: 1.1023 - acc: 0.5184
576/865 [==================>...........] - ETA: 2s - loss: 1.1035 - acc: 0.5174
608/865 [====================>.........] - ETA: 2s - loss: 1.1075 - acc: 0.5197
640/865 [=====================>........] - ETA: 2s - loss: 1.0889 - acc: 0.5297
672/865 [======================>.......] - ETA: 1s - loss: 1.1036 - acc: 0.5283
704/865 [=======================>......] - ETA: 1s - loss: 1.0994 - acc: 0.5298
736/865 [========================>.....] - ETA: 1s - loss: 1.1082 - acc: 0.5285
768/865 [=========================>....] - ETA: 0s - loss: 1.1067 - acc: 0.5273
800/865 [==========================>...] - ETA: 0s - loss: 1.0997 - acc: 0.5325
832/865 [===========================>..] - ETA: 0s - loss: 1.0957 - acc: 0.5325
864/865 [============================>.] - ETA: 0s - loss: 1.0914 - acc: 0.5347
865/865 [==============================] - 8s 9ms/sample - loss: 1.0907 - acc: 0.5353

  32/3458 [..............................] - ETA: 2:46 - loss: 0.8848 - acc: 0.6562
  64/3458 [..............................] - ETA: 2:45 - loss: 0.8520 - acc: 0.7031
  96/3458 [..............................] - ETA: 2:44 - loss: 0.8784 - acc: 0.6979
 128/3458 [>.............................] - ETA: 2:41 - loss: 0.9311 - acc: 0.6797
 160/3458 [>.............................] - ETA: 2:39 - loss: 0.9386 - acc: 0.6875
 192/3458 [>.............................] - ETA: 2:38 - loss: 0.9382 - acc: 0.6875
 224/3458 [>.............................] - ETA: 2:37 - loss: 0.9415 - acc: 0.6875
 256/3458 [=>............................] - ETA: 2:35 - loss: 0.9350 - acc: 0.6914
 288/3458 [=>............................] - ETA: 2:34 - loss: 0.9444 - acc: 0.6875
 320/3458 [=>............................] - ETA: 2:33 - loss: 0.9853 - acc: 0.6812
 352/3458 [==>...........................] - ETA: 2:31 - loss: 0.9734 - acc: 0.6790
 384/3458 [==>...........................] - ETA: 2:29 - loss: 0.9593 - acc: 0.6771
 416/3458 [==>...........................] - ETA: 2:28 - loss: 0.9599 - acc: 0.6731
 448/3458 [==>...........................] - ETA: 2:26 - loss: 0.9507 - acc: 0.6808
 480/3458 [===>..........................] - ETA: 2:25 - loss: 0.9341 - acc: 0.6896
 512/3458 [===>..........................] - ETA: 2:23 - loss: 0.9398 - acc: 0.6855
 544/3458 [===>..........................] - ETA: 2:22 - loss: 0.9338 - acc: 0.6820
 576/3458 [===>..........................] - ETA: 2:20 - loss: 0.9373 - acc: 0.6840
 608/3458 [====>.........................] - ETA: 2:19 - loss: 0.9173 - acc: 0.6891
 640/3458 [====>.........................] - ETA: 2:17 - loss: 0.9120 - acc: 0.6891
 672/3458 [====>.........................] - ETA: 2:15 - loss: 0.9087 - acc: 0.6860
 704/3458 [=====>........................] - ETA: 2:14 - loss: 0.8999 - acc: 0.6875
 736/3458 [=====>........................] - ETA: 2:12 - loss: 0.8937 - acc: 0.6889
 768/3458 [=====>........................] - ETA: 2:11 - loss: 0.8941 - acc: 0.6862
 800/3458 [=====>........................] - ETA: 2:09 - loss: 0.8847 - acc: 0.6875
 832/3458 [======>.......................] - ETA: 2:08 - loss: 0.8780 - acc: 0.6875
 864/3458 [======>.......................] - ETA: 2:06 - loss: 0.8745 - acc: 0.6875
 896/3458 [======>.......................] - ETA: 2:05 - loss: 0.8946 - acc: 0.6830
 928/3458 [=======>......................] - ETA: 2:03 - loss: 0.8901 - acc: 0.6832
 960/3458 [=======>......................] - ETA: 2:02 - loss: 0.8880 - acc: 0.6854
 992/3458 [=======>......................] - ETA: 2:00 - loss: 0.8823 - acc: 0.6875
1024/3458 [=======>......................] - ETA: 1:58 - loss: 0.8768 - acc: 0.6895
1056/3458 [========>.....................] - ETA: 1:57 - loss: 0.8776 - acc: 0.6884
1088/3458 [========>.....................] - ETA: 1:55 - loss: 0.8724 - acc: 0.6921
1120/3458 [========>.....................] - ETA: 1:54 - loss: 0.8703 - acc: 0.6902
1152/3458 [========>.....................] - ETA: 1:52 - loss: 0.8643 - acc: 0.6918
1184/3458 [=========>....................] - ETA: 1:51 - loss: 0.8662 - acc: 0.6883
1216/3458 [=========>....................] - ETA: 1:49 - loss: 0.8640 - acc: 0.6883
1248/3458 [=========>....................] - ETA: 1:48 - loss: 0.8646 - acc: 0.6883
1280/3458 [==========>...................] - ETA: 1:46 - loss: 0.8630 - acc: 0.6875
1312/3458 [==========>...................] - ETA: 1:44 - loss: 0.8640 - acc: 0.6883
1344/3458 [==========>...................] - ETA: 1:43 - loss: 0.8732 - acc: 0.6845
1376/3458 [==========>...................] - ETA: 1:41 - loss: 0.8708 - acc: 0.6860
1408/3458 [===========>..................] - ETA: 1:40 - loss: 0.8725 - acc: 0.6868
1440/3458 [===========>..................] - ETA: 1:38 - loss: 0.8718 - acc: 0.6868
1472/3458 [===========>..................] - ETA: 1:37 - loss: 0.8734 - acc: 0.6841
1504/3458 [============>.................] - ETA: 1:35 - loss: 0.8752 - acc: 0.6822
1536/3458 [============>.................] - ETA: 1:34 - loss: 0.8743 - acc: 0.6823
1568/3458 [============>.................] - ETA: 1:32 - loss: 0.8790 - acc: 0.6798
1600/3458 [============>.................] - ETA: 1:30 - loss: 0.8791 - acc: 0.6806
1632/3458 [=============>................] - ETA: 1:29 - loss: 0.8811 - acc: 0.6777
1664/3458 [=============>................] - ETA: 1:27 - loss: 0.8843 - acc: 0.6773
1696/3458 [=============>................] - ETA: 1:26 - loss: 0.8861 - acc: 0.6769
1728/3458 [=============>................] - ETA: 1:24 - loss: 0.8870 - acc: 0.6759
1760/3458 [==============>...............] - ETA: 1:23 - loss: 0.8850 - acc: 0.6773
1792/3458 [==============>...............] - ETA: 1:21 - loss: 0.8871 - acc: 0.6752
1824/3458 [==============>...............] - ETA: 1:20 - loss: 0.8839 - acc: 0.6771
1856/3458 [===============>..............] - ETA: 1:18 - loss: 0.8776 - acc: 0.6805
1888/3458 [===============>..............] - ETA: 1:16 - loss: 0.8784 - acc: 0.6796
1920/3458 [===============>..............] - ETA: 1:15 - loss: 0.8766 - acc: 0.6797
1952/3458 [===============>..............] - ETA: 1:13 - loss: 0.8741 - acc: 0.6798
1984/3458 [================>.............] - ETA: 1:12 - loss: 0.8766 - acc: 0.6774
2016/3458 [================>.............] - ETA: 1:10 - loss: 0.8743 - acc: 0.6766
2048/3458 [================>.............] - ETA: 1:09 - loss: 0.8736 - acc: 0.6763
2080/3458 [=================>............] - ETA: 1:07 - loss: 0.8711 - acc: 0.6784
2112/3458 [=================>............] - ETA: 1:05 - loss: 0.8679 - acc: 0.6799
2144/3458 [=================>............] - ETA: 1:04 - loss: 0.8710 - acc: 0.6777
2176/3458 [=================>............] - ETA: 1:02 - loss: 0.8717 - acc: 0.6774
2208/3458 [==================>...........] - ETA: 1:01 - loss: 0.8717 - acc: 0.6784
2240/3458 [==================>...........] - ETA: 59s - loss: 0.8739 - acc: 0.6781 
2272/3458 [==================>...........] - ETA: 58s - loss: 0.8732 - acc: 0.6778
2304/3458 [==================>...........] - ETA: 56s - loss: 0.8716 - acc: 0.6788
2336/3458 [===================>..........] - ETA: 54s - loss: 0.8705 - acc: 0.6798
2368/3458 [===================>..........] - ETA: 53s - loss: 0.8702 - acc: 0.6799
2400/3458 [===================>..........] - ETA: 51s - loss: 0.8710 - acc: 0.6808
2432/3458 [====================>.........] - ETA: 50s - loss: 0.8714 - acc: 0.6809
2464/3458 [====================>.........] - ETA: 48s - loss: 0.8699 - acc: 0.6818
2496/3458 [====================>.........] - ETA: 47s - loss: 0.8722 - acc: 0.6799
2528/3458 [====================>.........] - ETA: 45s - loss: 0.8717 - acc: 0.6788
2560/3458 [=====================>........] - ETA: 44s - loss: 0.8686 - acc: 0.6801
2592/3458 [=====================>........] - ETA: 42s - loss: 0.8696 - acc: 0.6794
2624/3458 [=====================>........] - ETA: 40s - loss: 0.8682 - acc: 0.6803
2656/3458 [======================>.......] - ETA: 39s - loss: 0.8660 - acc: 0.6803
2688/3458 [======================>.......] - ETA: 37s - loss: 0.8670 - acc: 0.6801
2720/3458 [======================>.......] - ETA: 36s - loss: 0.8693 - acc: 0.6794
2752/3458 [======================>.......] - ETA: 34s - loss: 0.8673 - acc: 0.6799
2784/3458 [=======================>......] - ETA: 33s - loss: 0.8680 - acc: 0.6789
2816/3458 [=======================>......] - ETA: 31s - loss: 0.8659 - acc: 0.6800
2848/3458 [=======================>......] - ETA: 29s - loss: 0.8664 - acc: 0.6787
2880/3458 [=======================>......] - ETA: 28s - loss: 0.8692 - acc: 0.6778
2912/3458 [========================>.....] - ETA: 26s - loss: 0.8709 - acc: 0.6758
2944/3458 [========================>.....] - ETA: 25s - loss: 0.8691 - acc: 0.6763
2976/3458 [========================>.....] - ETA: 23s - loss: 0.8671 - acc: 0.6767
3008/3458 [=========================>....] - ETA: 22s - loss: 0.8671 - acc: 0.6759
3040/3458 [=========================>....] - ETA: 20s - loss: 0.8662 - acc: 0.6757
3072/3458 [=========================>....] - ETA: 18s - loss: 0.8668 - acc: 0.6755
3104/3458 [=========================>....] - ETA: 17s - loss: 0.8658 - acc: 0.6746
3136/3458 [==========================>...] - ETA: 15s - loss: 0.8659 - acc: 0.6744
3168/3458 [==========================>...] - ETA: 14s - loss: 0.8655 - acc: 0.6742
3200/3458 [==========================>...] - ETA: 12s - loss: 0.8655 - acc: 0.6744
3232/3458 [===========================>..] - ETA: 11s - loss: 0.8649 - acc: 0.6748
3264/3458 [===========================>..] - ETA: 9s - loss: 0.8643 - acc: 0.6746 
3296/3458 [===========================>..] - ETA: 7s - loss: 0.8638 - acc: 0.6751
3328/3458 [===========================>..] - ETA: 6s - loss: 0.8673 - acc: 0.6737
3360/3458 [============================>.] - ETA: 4s - loss: 0.8660 - acc: 0.6738
3392/3458 [============================>.] - ETA: 3s - loss: 0.8642 - acc: 0.6745
3424/3458 [============================>.] - ETA: 1s - loss: 0.8654 - acc: 0.6741
3456/3458 [============================>.] - ETA: 0s - loss: 0.8636 - acc: 0.6751
3458/3458 [==============================] - 170s 49ms/sample - loss: 0.8633 - acc: 0.6752

 32/865 [>.............................] - ETA: 7s - loss: 0.9940 - acc: 0.5312
 64/865 [=>............................] - ETA: 7s - loss: 0.9402 - acc: 0.5781
 96/865 [==>...........................] - ETA: 6s - loss: 1.0030 - acc: 0.5938
128/865 [===>..........................] - ETA: 6s - loss: 1.0882 - acc: 0.5859
160/865 [====>.........................] - ETA: 6s - loss: 1.1246 - acc: 0.5562
192/865 [=====>........................] - ETA: 6s - loss: 1.0781 - acc: 0.5729
224/865 [======>.......................] - ETA: 5s - loss: 1.0583 - acc: 0.5759
256/865 [=======>......................] - ETA: 5s - loss: 1.0870 - acc: 0.5625
288/865 [========>.....................] - ETA: 5s - loss: 1.1075 - acc: 0.5625
320/865 [==========>...................] - ETA: 4s - loss: 1.1315 - acc: 0.5688
352/865 [===========>..................] - ETA: 4s - loss: 1.1488 - acc: 0.5597
384/865 [============>.................] - ETA: 4s - loss: 1.1374 - acc: 0.5599
416/865 [=============>................] - ETA: 4s - loss: 1.1216 - acc: 0.5673
448/865 [==============>...............] - ETA: 3s - loss: 1.1198 - acc: 0.5647
480/865 [===============>..............] - ETA: 3s - loss: 1.1343 - acc: 0.5604
512/865 [================>.............] - ETA: 3s - loss: 1.1229 - acc: 0.5625
544/865 [=================>............] - ETA: 2s - loss: 1.1291 - acc: 0.5643
576/865 [==================>...........] - ETA: 2s - loss: 1.1112 - acc: 0.5747
608/865 [====================>.........] - ETA: 2s - loss: 1.1130 - acc: 0.5724
640/865 [=====================>........] - ETA: 2s - loss: 1.0943 - acc: 0.5750
672/865 [======================>.......] - ETA: 1s - loss: 1.1098 - acc: 0.5699
704/865 [=======================>......] - ETA: 1s - loss: 1.1025 - acc: 0.5724
736/865 [========================>.....] - ETA: 1s - loss: 1.1089 - acc: 0.5734
768/865 [=========================>....] - ETA: 0s - loss: 1.1015 - acc: 0.5742
800/865 [==========================>...] - ETA: 0s - loss: 1.0973 - acc: 0.5800
832/865 [===========================>..] - ETA: 0s - loss: 1.0947 - acc: 0.5769
864/865 [============================>.] - ETA: 0s - loss: 1.0884 - acc: 0.5799
865/865 [==============================] - 8s 9ms/sample - loss: 1.0876 - acc: 0.5803

  32/3458 [..............................] - ETA: 2:46 - loss: 0.6644 - acc: 0.8125
  64/3458 [..............................] - ETA: 2:47 - loss: 0.8132 - acc: 0.7656
  96/3458 [..............................] - ETA: 2:44 - loss: 0.7142 - acc: 0.7604
 128/3458 [>.............................] - ETA: 2:44 - loss: 0.6646 - acc: 0.7734
 160/3458 [>.............................] - ETA: 2:42 - loss: 0.7250 - acc: 0.7312
 192/3458 [>.............................] - ETA: 2:42 - loss: 0.7412 - acc: 0.7135
 224/3458 [>.............................] - ETA: 2:40 - loss: 0.7198 - acc: 0.7366
 256/3458 [=>............................] - ETA: 2:39 - loss: 0.7135 - acc: 0.7383
 288/3458 [=>............................] - ETA: 2:37 - loss: 0.7143 - acc: 0.7396
 320/3458 [=>............................] - ETA: 2:35 - loss: 0.7049 - acc: 0.7406
 352/3458 [==>...........................] - ETA: 2:33 - loss: 0.6882 - acc: 0.7443
 384/3458 [==>...........................] - ETA: 2:32 - loss: 0.6722 - acc: 0.7500
 416/3458 [==>...........................] - ETA: 2:30 - loss: 0.6682 - acc: 0.7476
 448/3458 [==>...........................] - ETA: 2:28 - loss: 0.6788 - acc: 0.7433
 480/3458 [===>..........................] - ETA: 2:27 - loss: 0.6860 - acc: 0.7354
 512/3458 [===>..........................] - ETA: 2:25 - loss: 0.6976 - acc: 0.7344
 544/3458 [===>..........................] - ETA: 2:23 - loss: 0.7159 - acc: 0.7298
 576/3458 [===>..........................] - ETA: 2:22 - loss: 0.7028 - acc: 0.7396
 608/3458 [====>.........................] - ETA: 2:20 - loss: 0.6906 - acc: 0.7500
 640/3458 [====>.........................] - ETA: 2:18 - loss: 0.6851 - acc: 0.7469
 672/3458 [====>.........................] - ETA: 2:17 - loss: 0.6888 - acc: 0.7455
 704/3458 [=====>........................] - ETA: 2:15 - loss: 0.6917 - acc: 0.7457
 736/3458 [=====>........................] - ETA: 2:14 - loss: 0.6931 - acc: 0.7446
 768/3458 [=====>........................] - ETA: 2:12 - loss: 0.6937 - acc: 0.7422
 800/3458 [=====>........................] - ETA: 2:11 - loss: 0.6904 - acc: 0.7450
 832/3458 [======>.......................] - ETA: 2:09 - loss: 0.6830 - acc: 0.7488
 864/3458 [======>.......................] - ETA: 2:07 - loss: 0.6774 - acc: 0.7512
 896/3458 [======>.......................] - ETA: 2:06 - loss: 0.6763 - acc: 0.7511
 928/3458 [=======>......................] - ETA: 2:04 - loss: 0.6799 - acc: 0.7478
 960/3458 [=======>......................] - ETA: 2:03 - loss: 0.6690 - acc: 0.7510
 992/3458 [=======>......................] - ETA: 2:01 - loss: 0.6663 - acc: 0.7480
1024/3458 [=======>......................] - ETA: 2:00 - loss: 0.6624 - acc: 0.7500
1056/3458 [========>.....................] - ETA: 1:58 - loss: 0.6517 - acc: 0.7538
1088/3458 [========>.....................] - ETA: 1:56 - loss: 0.6518 - acc: 0.7528
1120/3458 [========>.....................] - ETA: 1:55 - loss: 0.6514 - acc: 0.7527
1152/3458 [========>.....................] - ETA: 1:53 - loss: 0.6501 - acc: 0.7526
1184/3458 [=========>....................] - ETA: 1:52 - loss: 0.6428 - acc: 0.7559
1216/3458 [=========>....................] - ETA: 1:50 - loss: 0.6454 - acc: 0.7566
1248/3458 [=========>....................] - ETA: 1:48 - loss: 0.6408 - acc: 0.7596
1280/3458 [==========>...................] - ETA: 1:47 - loss: 0.6366 - acc: 0.7602
1312/3458 [==========>...................] - ETA: 1:45 - loss: 0.6331 - acc: 0.7599
1344/3458 [==========>...................] - ETA: 1:44 - loss: 0.6287 - acc: 0.7619
1376/3458 [==========>...................] - ETA: 1:42 - loss: 0.6297 - acc: 0.7624
1408/3458 [===========>..................] - ETA: 1:40 - loss: 0.6269 - acc: 0.7635
1440/3458 [===========>..................] - ETA: 1:39 - loss: 0.6221 - acc: 0.7646
1472/3458 [===========>..................] - ETA: 1:37 - loss: 0.6272 - acc: 0.7615
1504/3458 [============>.................] - ETA: 1:36 - loss: 0.6333 - acc: 0.7613
1536/3458 [============>.................] - ETA: 1:34 - loss: 0.6313 - acc: 0.7624
1568/3458 [============>.................] - ETA: 1:33 - loss: 0.6286 - acc: 0.7640
1600/3458 [============>.................] - ETA: 1:31 - loss: 0.6246 - acc: 0.7656
1632/3458 [=============>................] - ETA: 1:29 - loss: 0.6206 - acc: 0.7672
1664/3458 [=============>................] - ETA: 1:28 - loss: 0.6194 - acc: 0.7668
1696/3458 [=============>................] - ETA: 1:26 - loss: 0.6168 - acc: 0.7677
1728/3458 [=============>................] - ETA: 1:25 - loss: 0.6168 - acc: 0.7679
1760/3458 [==============>...............] - ETA: 1:23 - loss: 0.6133 - acc: 0.7693
1792/3458 [==============>...............] - ETA: 1:21 - loss: 0.6128 - acc: 0.7701
1824/3458 [==============>...............] - ETA: 1:20 - loss: 0.6096 - acc: 0.7714
1856/3458 [===============>..............] - ETA: 1:18 - loss: 0.6097 - acc: 0.7726
1888/3458 [===============>..............] - ETA: 1:17 - loss: 0.6087 - acc: 0.7738
1920/3458 [===============>..............] - ETA: 1:15 - loss: 0.6100 - acc: 0.7734
1952/3458 [===============>..............] - ETA: 1:14 - loss: 0.6082 - acc: 0.7736
1984/3458 [================>.............] - ETA: 1:12 - loss: 0.6082 - acc: 0.7737
2016/3458 [================>.............] - ETA: 1:10 - loss: 0.6082 - acc: 0.7733
2048/3458 [================>.............] - ETA: 1:09 - loss: 0.6101 - acc: 0.7720
2080/3458 [=================>............] - ETA: 1:07 - loss: 0.6078 - acc: 0.7726
2112/3458 [=================>............] - ETA: 1:06 - loss: 0.6092 - acc: 0.7727
2144/3458 [=================>............] - ETA: 1:04 - loss: 0.6094 - acc: 0.7729
2176/3458 [=================>............] - ETA: 1:03 - loss: 0.6086 - acc: 0.7734
2208/3458 [==================>...........] - ETA: 1:01 - loss: 0.6077 - acc: 0.7726
2240/3458 [==================>...........] - ETA: 59s - loss: 0.6110 - acc: 0.7714 
2272/3458 [==================>...........] - ETA: 58s - loss: 0.6123 - acc: 0.7702
2304/3458 [==================>...........] - ETA: 56s - loss: 0.6163 - acc: 0.7674
2336/3458 [===================>..........] - ETA: 55s - loss: 0.6155 - acc: 0.7680
2368/3458 [===================>..........] - ETA: 53s - loss: 0.6157 - acc: 0.7677
2400/3458 [===================>..........] - ETA: 52s - loss: 0.6184 - acc: 0.7667
2432/3458 [====================>.........] - ETA: 50s - loss: 0.6198 - acc: 0.7660
2464/3458 [====================>.........] - ETA: 48s - loss: 0.6188 - acc: 0.7670
2496/3458 [====================>.........] - ETA: 47s - loss: 0.6190 - acc: 0.7676
2528/3458 [====================>.........] - ETA: 45s - loss: 0.6194 - acc: 0.7678
2560/3458 [=====================>........] - ETA: 44s - loss: 0.6216 - acc: 0.7668
2592/3458 [=====================>........] - ETA: 42s - loss: 0.6220 - acc: 0.7662
2624/3458 [=====================>........] - ETA: 41s - loss: 0.6223 - acc: 0.7664
2656/3458 [======================>.......] - ETA: 39s - loss: 0.6220 - acc: 0.7673
2688/3458 [======================>.......] - ETA: 37s - loss: 0.6219 - acc: 0.7675
2720/3458 [======================>.......] - ETA: 36s - loss: 0.6200 - acc: 0.7680
2752/3458 [======================>.......] - ETA: 34s - loss: 0.6186 - acc: 0.7685
2784/3458 [=======================>......] - ETA: 33s - loss: 0.6186 - acc: 0.7680
2816/3458 [=======================>......] - ETA: 31s - loss: 0.6174 - acc: 0.7692
2848/3458 [=======================>......] - ETA: 29s - loss: 0.6202 - acc: 0.7693
2880/3458 [=======================>......] - ETA: 28s - loss: 0.6210 - acc: 0.7688
2912/3458 [========================>.....] - ETA: 26s - loss: 0.6226 - acc: 0.7675
2944/3458 [========================>.....] - ETA: 25s - loss: 0.6226 - acc: 0.7670
2976/3458 [========================>.....] - ETA: 23s - loss: 0.6218 - acc: 0.7678
3008/3458 [=========================>....] - ETA: 22s - loss: 0.6226 - acc: 0.7673
3040/3458 [=========================>....] - ETA: 20s - loss: 0.6208 - acc: 0.7678
3072/3458 [=========================>....] - ETA: 18s - loss: 0.6194 - acc: 0.7673
3104/3458 [=========================>....] - ETA: 17s - loss: 0.6176 - acc: 0.7680
3136/3458 [==========================>...] - ETA: 15s - loss: 0.6205 - acc: 0.7675
3168/3458 [==========================>...] - ETA: 14s - loss: 0.6235 - acc: 0.7652
3200/3458 [==========================>...] - ETA: 12s - loss: 0.6245 - acc: 0.7647
3232/3458 [===========================>..] - ETA: 11s - loss: 0.6257 - acc: 0.7645
3264/3458 [===========================>..] - ETA: 9s - loss: 0.6266 - acc: 0.7644 
3296/3458 [===========================>..] - ETA: 7s - loss: 0.6262 - acc: 0.7652
3328/3458 [===========================>..] - ETA: 6s - loss: 0.6250 - acc: 0.7659
3360/3458 [============================>.] - ETA: 4s - loss: 0.6269 - acc: 0.7649
3392/3458 [============================>.] - ETA: 3s - loss: 0.6289 - acc: 0.7639
3424/3458 [============================>.] - ETA: 1s - loss: 0.6276 - acc: 0.7655
3456/3458 [============================>.] - ETA: 0s - loss: 0.6287 - acc: 0.7656
3458/3458 [==============================] - 171s 49ms/sample - loss: 0.6288 - acc: 0.7655

 32/865 [>.............................] - ETA: 7s - loss: 1.1869 - acc: 0.5625
 64/865 [=>............................] - ETA: 7s - loss: 1.2813 - acc: 0.5000
 96/865 [==>...........................] - ETA: 7s - loss: 1.2521 - acc: 0.5729
128/865 [===>..........................] - ETA: 6s - loss: 1.2397 - acc: 0.6094
160/865 [====>.........................] - ETA: 6s - loss: 1.2771 - acc: 0.5875
192/865 [=====>........................] - ETA: 6s - loss: 1.2279 - acc: 0.6042
224/865 [======>.......................] - ETA: 5s - loss: 1.2279 - acc: 0.5938
256/865 [=======>......................] - ETA: 5s - loss: 1.2120 - acc: 0.5898
288/865 [========>.....................] - ETA: 5s - loss: 1.2257 - acc: 0.5903
320/865 [==========>...................] - ETA: 4s - loss: 1.2383 - acc: 0.5938
352/865 [===========>..................] - ETA: 4s - loss: 1.2385 - acc: 0.5909
384/865 [============>.................] - ETA: 4s - loss: 1.2206 - acc: 0.5938
416/865 [=============>................] - ETA: 4s - loss: 1.2173 - acc: 0.5865
448/865 [==============>...............] - ETA: 3s - loss: 1.2159 - acc: 0.5804
480/865 [===============>..............] - ETA: 3s - loss: 1.2327 - acc: 0.5792
512/865 [================>.............] - ETA: 3s - loss: 1.2115 - acc: 0.5801
544/865 [=================>............] - ETA: 2s - loss: 1.2196 - acc: 0.5772
576/865 [==================>...........] - ETA: 2s - loss: 1.2056 - acc: 0.5747
608/865 [====================>.........] - ETA: 2s - loss: 1.2010 - acc: 0.5789
640/865 [=====================>........] - ETA: 2s - loss: 1.1786 - acc: 0.5828
672/865 [======================>.......] - ETA: 1s - loss: 1.1868 - acc: 0.5774
704/865 [=======================>......] - ETA: 1s - loss: 1.1687 - acc: 0.5866
736/865 [========================>.....] - ETA: 1s - loss: 1.1691 - acc: 0.5883
768/865 [=========================>....] - ETA: 0s - loss: 1.1633 - acc: 0.5859
800/865 [==========================>...] - ETA: 0s - loss: 1.1730 - acc: 0.5900
832/865 [===========================>..] - ETA: 0s - loss: 1.1737 - acc: 0.5901
864/865 [============================>.] - ETA: 0s - loss: 1.1563 - acc: 0.5938
865/865 [==============================] - 8s 9ms/sample - loss: 1.1582 - acc: 0.5931

  32/3458 [..............................] - ETA: 2:44 - loss: 0.3346 - acc: 0.9062
  64/3458 [..............................] - ETA: 2:45 - loss: 0.3951 - acc: 0.8594
  96/3458 [..............................] - ETA: 2:43 - loss: 0.5475 - acc: 0.8229
 128/3458 [>.............................] - ETA: 2:41 - loss: 0.5427 - acc: 0.8203
 160/3458 [>.............................] - ETA: 2:40 - loss: 0.5368 - acc: 0.8438
 192/3458 [>.............................] - ETA: 2:39 - loss: 0.5394 - acc: 0.8385
 224/3458 [>.............................] - ETA: 2:38 - loss: 0.5065 - acc: 0.8527
 256/3458 [=>............................] - ETA: 2:36 - loss: 0.4854 - acc: 0.8516
 288/3458 [=>............................] - ETA: 2:35 - loss: 0.4823 - acc: 0.8472
 320/3458 [=>............................] - ETA: 2:33 - loss: 0.4608 - acc: 0.8531
 352/3458 [==>...........................] - ETA: 2:31 - loss: 0.4646 - acc: 0.8523
 384/3458 [==>...........................] - ETA: 2:30 - loss: 0.4481 - acc: 0.8568
 416/3458 [==>...........................] - ETA: 2:28 - loss: 0.4386 - acc: 0.8606
 448/3458 [==>...........................] - ETA: 2:27 - loss: 0.4382 - acc: 0.8616
 480/3458 [===>..........................] - ETA: 2:26 - loss: 0.4337 - acc: 0.8583
 512/3458 [===>..........................] - ETA: 2:24 - loss: 0.4252 - acc: 0.8594
 544/3458 [===>..........................] - ETA: 2:22 - loss: 0.4182 - acc: 0.8603
 576/3458 [===>..........................] - ETA: 2:21 - loss: 0.4214 - acc: 0.8611
 608/3458 [====>.........................] - ETA: 2:19 - loss: 0.4154 - acc: 0.8635
 640/3458 [====>.........................] - ETA: 2:18 - loss: 0.4198 - acc: 0.8578
 672/3458 [====>.........................] - ETA: 2:16 - loss: 0.4294 - acc: 0.8527
 704/3458 [=====>........................] - ETA: 2:14 - loss: 0.4346 - acc: 0.8537
 736/3458 [=====>........................] - ETA: 2:13 - loss: 0.4289 - acc: 0.8546
 768/3458 [=====>........................] - ETA: 2:11 - loss: 0.4262 - acc: 0.8568
 800/3458 [=====>........................] - ETA: 2:10 - loss: 0.4217 - acc: 0.8600
 832/3458 [======>.......................] - ETA: 2:08 - loss: 0.4130 - acc: 0.8630
 864/3458 [======>.......................] - ETA: 2:07 - loss: 0.4131 - acc: 0.8634
 896/3458 [======>.......................] - ETA: 2:05 - loss: 0.4064 - acc: 0.8650
 928/3458 [=======>......................] - ETA: 2:04 - loss: 0.4081 - acc: 0.8631
 960/3458 [=======>......................] - ETA: 2:02 - loss: 0.4032 - acc: 0.8646
 992/3458 [=======>......................] - ETA: 2:00 - loss: 0.4057 - acc: 0.8619
1024/3458 [=======>......................] - ETA: 1:59 - loss: 0.4000 - acc: 0.8652
1056/3458 [========>.....................] - ETA: 1:57 - loss: 0.4053 - acc: 0.8636
1088/3458 [========>.....................] - ETA: 1:56 - loss: 0.4108 - acc: 0.8603
1120/3458 [========>.....................] - ETA: 1:54 - loss: 0.4108 - acc: 0.8589
1152/3458 [========>.....................] - ETA: 1:52 - loss: 0.4090 - acc: 0.8594
1184/3458 [=========>....................] - ETA: 1:51 - loss: 0.4096 - acc: 0.8590
1216/3458 [=========>....................] - ETA: 1:49 - loss: 0.4118 - acc: 0.8577
1248/3458 [=========>....................] - ETA: 1:48 - loss: 0.4168 - acc: 0.8582
1280/3458 [==========>...................] - ETA: 1:46 - loss: 0.4195 - acc: 0.8586
1312/3458 [==========>...................] - ETA: 1:45 - loss: 0.4164 - acc: 0.8582
1344/3458 [==========>...................] - ETA: 1:43 - loss: 0.4162 - acc: 0.8571
1376/3458 [==========>...................] - ETA: 1:42 - loss: 0.4135 - acc: 0.8576
1408/3458 [===========>..................] - ETA: 1:40 - loss: 0.4185 - acc: 0.8551
1440/3458 [===========>..................] - ETA: 1:38 - loss: 0.4200 - acc: 0.8542
1472/3458 [===========>..................] - ETA: 1:37 - loss: 0.4188 - acc: 0.8553
1504/3458 [============>.................] - ETA: 1:35 - loss: 0.4164 - acc: 0.8557
1536/3458 [============>.................] - ETA: 1:34 - loss: 0.4131 - acc: 0.8574
1568/3458 [============>.................] - ETA: 1:32 - loss: 0.4105 - acc: 0.8584
1600/3458 [============>.................] - ETA: 1:31 - loss: 0.4126 - acc: 0.8562
1632/3458 [=============>................] - ETA: 1:29 - loss: 0.4133 - acc: 0.8566
1664/3458 [=============>................] - ETA: 1:27 - loss: 0.4127 - acc: 0.8570
1696/3458 [=============>................] - ETA: 1:26 - loss: 0.4132 - acc: 0.8561
1728/3458 [=============>................] - ETA: 1:24 - loss: 0.4137 - acc: 0.8542
1760/3458 [==============>...............] - ETA: 1:23 - loss: 0.4106 - acc: 0.8551
1792/3458 [==============>...............] - ETA: 1:21 - loss: 0.4129 - acc: 0.8549
1824/3458 [==============>...............] - ETA: 1:20 - loss: 0.4100 - acc: 0.8558
1856/3458 [===============>..............] - ETA: 1:18 - loss: 0.4102 - acc: 0.8551
1888/3458 [===============>..............] - ETA: 1:16 - loss: 0.4102 - acc: 0.8549
1920/3458 [===============>..............] - ETA: 1:15 - loss: 0.4107 - acc: 0.8557
1952/3458 [===============>..............] - ETA: 1:13 - loss: 0.4102 - acc: 0.8540
1984/3458 [================>.............] - ETA: 1:12 - loss: 0.4104 - acc: 0.8538
2016/3458 [================>.............] - ETA: 1:10 - loss: 0.4098 - acc: 0.8542
2048/3458 [================>.............] - ETA: 1:09 - loss: 0.4083 - acc: 0.8545
2080/3458 [=================>............] - ETA: 1:07 - loss: 0.4079 - acc: 0.8538
2112/3458 [=================>............] - ETA: 1:05 - loss: 0.4067 - acc: 0.8542
2144/3458 [=================>............] - ETA: 1:04 - loss: 0.4077 - acc: 0.8540
2176/3458 [=================>............] - ETA: 1:02 - loss: 0.4084 - acc: 0.8543
2208/3458 [==================>...........] - ETA: 1:01 - loss: 0.4090 - acc: 0.8533
2240/3458 [==================>...........] - ETA: 59s - loss: 0.4085 - acc: 0.8536 
2272/3458 [==================>...........] - ETA: 58s - loss: 0.4076 - acc: 0.8534
2304/3458 [==================>...........] - ETA: 56s - loss: 0.4058 - acc: 0.8550
2336/3458 [===================>..........] - ETA: 55s - loss: 0.4048 - acc: 0.8553
2368/3458 [===================>..........] - ETA: 53s - loss: 0.4033 - acc: 0.8560
2400/3458 [===================>..........] - ETA: 51s - loss: 0.4048 - acc: 0.8550
2432/3458 [====================>.........] - ETA: 50s - loss: 0.4097 - acc: 0.8540
2464/3458 [====================>.........] - ETA: 48s - loss: 0.4087 - acc: 0.8547
2496/3458 [====================>.........] - ETA: 47s - loss: 0.4138 - acc: 0.8526
2528/3458 [====================>.........] - ETA: 45s - loss: 0.4133 - acc: 0.8521
2560/3458 [=====================>........] - ETA: 44s - loss: 0.4145 - acc: 0.8512
2592/3458 [=====================>........] - ETA: 42s - loss: 0.4152 - acc: 0.8499
2624/3458 [=====================>........] - ETA: 40s - loss: 0.4168 - acc: 0.8498
2656/3458 [======================>.......] - ETA: 39s - loss: 0.4172 - acc: 0.8502
2688/3458 [======================>.......] - ETA: 37s - loss: 0.4188 - acc: 0.8490
2720/3458 [======================>.......] - ETA: 36s - loss: 0.4175 - acc: 0.8493
2752/3458 [======================>.......] - ETA: 34s - loss: 0.4166 - acc: 0.8496
2784/3458 [=======================>......] - ETA: 33s - loss: 0.4161 - acc: 0.8502
2816/3458 [=======================>......] - ETA: 31s - loss: 0.4156 - acc: 0.8505
2848/3458 [=======================>......] - ETA: 29s - loss: 0.4150 - acc: 0.8504
2880/3458 [=======================>......] - ETA: 28s - loss: 0.4154 - acc: 0.8503
2912/3458 [========================>.....] - ETA: 26s - loss: 0.4140 - acc: 0.8510
2944/3458 [========================>.....] - ETA: 25s - loss: 0.4119 - acc: 0.8519
2976/3458 [========================>.....] - ETA: 23s - loss: 0.4123 - acc: 0.8511
3008/3458 [=========================>....] - ETA: 22s - loss: 0.4130 - acc: 0.8511
3040/3458 [=========================>....] - ETA: 20s - loss: 0.4138 - acc: 0.8513
3072/3458 [=========================>....] - ETA: 18s - loss: 0.4157 - acc: 0.8503
3104/3458 [=========================>....] - ETA: 17s - loss: 0.4140 - acc: 0.8512
3136/3458 [==========================>...] - ETA: 15s - loss: 0.4129 - acc: 0.8517
3168/3458 [==========================>...] - ETA: 14s - loss: 0.4143 - acc: 0.8507
3200/3458 [==========================>...] - ETA: 12s - loss: 0.4134 - acc: 0.8519
3232/3458 [===========================>..] - ETA: 11s - loss: 0.4128 - acc: 0.8524
3264/3458 [===========================>..] - ETA: 9s - loss: 0.4127 - acc: 0.8517 
3296/3458 [===========================>..] - ETA: 7s - loss: 0.4153 - acc: 0.8513
3328/3458 [===========================>..] - ETA: 6s - loss: 0.4178 - acc: 0.8510
3360/3458 [============================>.] - ETA: 4s - loss: 0.4190 - acc: 0.8500
3392/3458 [============================>.] - ETA: 3s - loss: 0.4202 - acc: 0.8491
3424/3458 [============================>.] - ETA: 1s - loss: 0.4202 - acc: 0.8493
3456/3458 [============================>.] - ETA: 0s - loss: 0.4189 - acc: 0.8501
3458/3458 [==============================] - 170s 49ms/sample - loss: 0.4187 - acc: 0.8502

 32/865 [>.............................] - ETA: 7s - loss: 1.2226 - acc: 0.6562
 64/865 [=>............................] - ETA: 7s - loss: 1.3780 - acc: 0.6406
 96/865 [==>...........................] - ETA: 7s - loss: 1.4648 - acc: 0.6562
128/865 [===>..........................] - ETA: 6s - loss: 1.6575 - acc: 0.6406
160/865 [====>.........................] - ETA: 6s - loss: 1.6597 - acc: 0.6000
192/865 [=====>........................] - ETA: 6s - loss: 1.5861 - acc: 0.6042
224/865 [======>.......................] - ETA: 5s - loss: 1.5412 - acc: 0.5893
256/865 [=======>......................] - ETA: 5s - loss: 1.5825 - acc: 0.5820
288/865 [========>.....................] - ETA: 5s - loss: 1.5784 - acc: 0.5729
320/865 [==========>...................] - ETA: 4s - loss: 1.6060 - acc: 0.5719
352/865 [===========>..................] - ETA: 4s - loss: 1.6174 - acc: 0.5767
384/865 [============>.................] - ETA: 4s - loss: 1.5838 - acc: 0.5781
416/865 [=============>................] - ETA: 4s - loss: 1.5874 - acc: 0.5769
448/865 [==============>...............] - ETA: 3s - loss: 1.5579 - acc: 0.5759
480/865 [===============>..............] - ETA: 3s - loss: 1.5655 - acc: 0.5771
512/865 [================>.............] - ETA: 3s - loss: 1.5465 - acc: 0.5742
544/865 [=================>............] - ETA: 2s - loss: 1.5447 - acc: 0.5699
576/865 [==================>...........] - ETA: 2s - loss: 1.5126 - acc: 0.5781
608/865 [====================>.........] - ETA: 2s - loss: 1.5394 - acc: 0.5740
640/865 [=====================>........] - ETA: 2s - loss: 1.5187 - acc: 0.5813
672/865 [======================>.......] - ETA: 1s - loss: 1.5274 - acc: 0.5789
704/865 [=======================>......] - ETA: 1s - loss: 1.5180 - acc: 0.5795
736/865 [========================>.....] - ETA: 1s - loss: 1.5176 - acc: 0.5802
768/865 [=========================>....] - ETA: 0s - loss: 1.5291 - acc: 0.5794
800/865 [==========================>...] - ETA: 0s - loss: 1.5411 - acc: 0.5800
832/865 [===========================>..] - ETA: 0s - loss: 1.5340 - acc: 0.5793
864/865 [============================>.] - ETA: 0s - loss: 1.5141 - acc: 0.5810
865/865 [==============================] - 8s 9ms/sample - loss: 1.5127 - acc: 0.5815
