For Dropout_1=0.5 Dropout_2=0.5
daisy loaded
dandelion loaded
rose loaded
sunflower loaded
tulip loaded

  32/3458 [..............................] - ETA: 3:07 - loss: 1.6062 - acc: 0.0938
  64/3458 [..............................] - ETA: 2:56 - loss: 4.6950 - acc: 0.1406
  96/3458 [..............................] - ETA: 2:51 - loss: 6.5991 - acc: 0.1667
 128/3458 [>.............................] - ETA: 2:48 - loss: 7.3479 - acc: 0.1953
 160/3458 [>.............................] - ETA: 2:46 - loss: 6.6980 - acc: 0.2000
 192/3458 [>.............................] - ETA: 2:44 - loss: 5.8840 - acc: 0.1979
 224/3458 [>.............................] - ETA: 2:42 - loss: 5.2700 - acc: 0.2143
 256/3458 [=>............................] - ETA: 2:40 - loss: 4.8115 - acc: 0.2188
 288/3458 [=>............................] - ETA: 2:38 - loss: 4.4533 - acc: 0.2326
 320/3458 [=>............................] - ETA: 2:36 - loss: 4.1646 - acc: 0.2438
 352/3458 [==>...........................] - ETA: 2:34 - loss: 3.9284 - acc: 0.2472
 384/3458 [==>...........................] - ETA: 2:32 - loss: 3.7228 - acc: 0.2656
 416/3458 [==>...........................] - ETA: 2:31 - loss: 3.5613 - acc: 0.2668
 448/3458 [==>...........................] - ETA: 2:29 - loss: 3.4127 - acc: 0.2723
 480/3458 [===>..........................] - ETA: 2:27 - loss: 3.2879 - acc: 0.2708
 512/3458 [===>..........................] - ETA: 2:25 - loss: 3.1658 - acc: 0.2812
 544/3458 [===>..........................] - ETA: 2:24 - loss: 3.0860 - acc: 0.2794
 576/3458 [===>..........................] - ETA: 2:22 - loss: 2.9977 - acc: 0.2812
 608/3458 [====>.........................] - ETA: 2:21 - loss: 2.9145 - acc: 0.2812
 640/3458 [====>.........................] - ETA: 2:19 - loss: 2.8299 - acc: 0.2891
 672/3458 [====>.........................] - ETA: 2:17 - loss: 2.7716 - acc: 0.2857
 704/3458 [=====>........................] - ETA: 2:16 - loss: 2.7173 - acc: 0.2827
 736/3458 [=====>........................] - ETA: 2:14 - loss: 2.6587 - acc: 0.2826
 768/3458 [=====>........................] - ETA: 2:13 - loss: 2.6090 - acc: 0.2812
 800/3458 [=====>........................] - ETA: 2:11 - loss: 2.5606 - acc: 0.2887
 832/3458 [======>.......................] - ETA: 2:09 - loss: 2.5200 - acc: 0.2897
 864/3458 [======>.......................] - ETA: 2:08 - loss: 2.4828 - acc: 0.2928
 896/3458 [======>.......................] - ETA: 2:06 - loss: 2.4464 - acc: 0.2958
 928/3458 [=======>......................] - ETA: 2:04 - loss: 2.4125 - acc: 0.2953
 960/3458 [=======>......................] - ETA: 2:03 - loss: 2.3807 - acc: 0.2969
 992/3458 [=======>......................] - ETA: 2:01 - loss: 2.3495 - acc: 0.3014
1024/3458 [=======>......................] - ETA: 2:00 - loss: 2.3213 - acc: 0.3018
1056/3458 [========>.....................] - ETA: 1:58 - loss: 2.2939 - acc: 0.3021
1088/3458 [========>.....................] - ETA: 1:56 - loss: 2.2649 - acc: 0.3079
1120/3458 [========>.....................] - ETA: 1:55 - loss: 2.2378 - acc: 0.3134
1152/3458 [========>.....................] - ETA: 1:53 - loss: 2.2177 - acc: 0.3108
1184/3458 [=========>....................] - ETA: 1:52 - loss: 2.1914 - acc: 0.3150
1216/3458 [=========>....................] - ETA: 1:50 - loss: 2.1681 - acc: 0.3183
1248/3458 [=========>....................] - ETA: 1:48 - loss: 2.1475 - acc: 0.3221
1280/3458 [==========>...................] - ETA: 1:47 - loss: 2.1346 - acc: 0.3266
1312/3458 [==========>...................] - ETA: 1:45 - loss: 2.1184 - acc: 0.3262
1344/3458 [==========>...................] - ETA: 1:44 - loss: 2.1021 - acc: 0.3259
1376/3458 [==========>...................] - ETA: 1:42 - loss: 2.0842 - acc: 0.3263
1408/3458 [===========>..................] - ETA: 1:41 - loss: 2.0653 - acc: 0.3331
1440/3458 [===========>..................] - ETA: 1:39 - loss: 2.0464 - acc: 0.3375
1472/3458 [===========>..................] - ETA: 1:37 - loss: 2.0298 - acc: 0.3410
1504/3458 [============>.................] - ETA: 1:36 - loss: 2.0152 - acc: 0.3411
1536/3458 [============>.................] - ETA: 1:34 - loss: 1.9997 - acc: 0.3451
1568/3458 [============>.................] - ETA: 1:33 - loss: 1.9869 - acc: 0.3469
1600/3458 [============>.................] - ETA: 1:31 - loss: 1.9707 - acc: 0.3506
1632/3458 [=============>................] - ETA: 1:29 - loss: 1.9536 - acc: 0.3536
1664/3458 [=============>................] - ETA: 1:28 - loss: 1.9382 - acc: 0.3582
1696/3458 [=============>................] - ETA: 1:26 - loss: 1.9270 - acc: 0.3597
1728/3458 [=============>................] - ETA: 1:25 - loss: 1.9147 - acc: 0.3634
1760/3458 [==============>...............] - ETA: 1:23 - loss: 1.8979 - acc: 0.3659
1792/3458 [==============>...............] - ETA: 1:22 - loss: 1.8850 - acc: 0.3672
1824/3458 [==============>...............] - ETA: 1:20 - loss: 1.8768 - acc: 0.3690
1856/3458 [===============>..............] - ETA: 1:18 - loss: 1.8668 - acc: 0.3712
1888/3458 [===============>..............] - ETA: 1:17 - loss: 1.8552 - acc: 0.3724
1920/3458 [===============>..............] - ETA: 1:15 - loss: 1.8475 - acc: 0.3734
1952/3458 [===============>..............] - ETA: 1:14 - loss: 1.8357 - acc: 0.3760
1984/3458 [================>.............] - ETA: 1:12 - loss: 1.8254 - acc: 0.3775
2016/3458 [================>.............] - ETA: 1:11 - loss: 1.8162 - acc: 0.3780
2048/3458 [================>.............] - ETA: 1:09 - loss: 1.8089 - acc: 0.3774
2080/3458 [=================>............] - ETA: 1:07 - loss: 1.8016 - acc: 0.3764
2112/3458 [=================>............] - ETA: 1:06 - loss: 1.8016 - acc: 0.3783
2144/3458 [=================>............] - ETA: 1:04 - loss: 1.7928 - acc: 0.3797
2176/3458 [=================>............] - ETA: 1:03 - loss: 1.7860 - acc: 0.3810
2208/3458 [==================>...........] - ETA: 1:01 - loss: 1.7775 - acc: 0.3850
2240/3458 [==================>...........] - ETA: 59s - loss: 1.7689 - acc: 0.3871 
2272/3458 [==================>...........] - ETA: 58s - loss: 1.7623 - acc: 0.3873
2304/3458 [==================>...........] - ETA: 56s - loss: 1.7593 - acc: 0.3893
2336/3458 [===================>..........] - ETA: 55s - loss: 1.7517 - acc: 0.3913
2368/3458 [===================>..........] - ETA: 53s - loss: 1.7435 - acc: 0.3948
2400/3458 [===================>..........] - ETA: 52s - loss: 1.7365 - acc: 0.3967
2432/3458 [====================>.........] - ETA: 50s - loss: 1.7316 - acc: 0.3960
2464/3458 [====================>.........] - ETA: 48s - loss: 1.7289 - acc: 0.3969
2496/3458 [====================>.........] - ETA: 47s - loss: 1.7228 - acc: 0.3986
2528/3458 [====================>.........] - ETA: 45s - loss: 1.7181 - acc: 0.3995
2560/3458 [=====================>........] - ETA: 44s - loss: 1.7131 - acc: 0.4000
2592/3458 [=====================>........] - ETA: 42s - loss: 1.7070 - acc: 0.4008
2624/3458 [=====================>........] - ETA: 41s - loss: 1.7021 - acc: 0.4021
2656/3458 [======================>.......] - ETA: 39s - loss: 1.6975 - acc: 0.4032
2688/3458 [======================>.......] - ETA: 37s - loss: 1.6910 - acc: 0.4048
2720/3458 [======================>.......] - ETA: 36s - loss: 1.6851 - acc: 0.4059
2752/3458 [======================>.......] - ETA: 34s - loss: 1.6799 - acc: 0.4073
2784/3458 [=======================>......] - ETA: 33s - loss: 1.6738 - acc: 0.4088
2816/3458 [=======================>......] - ETA: 31s - loss: 1.6686 - acc: 0.4091
2848/3458 [=======================>......] - ETA: 30s - loss: 1.6647 - acc: 0.4091
2880/3458 [=======================>......] - ETA: 28s - loss: 1.6620 - acc: 0.4083
2912/3458 [========================>.....] - ETA: 26s - loss: 1.6556 - acc: 0.4104
2944/3458 [========================>.....] - ETA: 25s - loss: 1.6501 - acc: 0.4110
2976/3458 [========================>.....] - ETA: 23s - loss: 1.6456 - acc: 0.4106
3008/3458 [=========================>....] - ETA: 22s - loss: 1.6381 - acc: 0.4129
3040/3458 [=========================>....] - ETA: 20s - loss: 1.6371 - acc: 0.4122
3072/3458 [=========================>....] - ETA: 19s - loss: 1.6329 - acc: 0.4131
3104/3458 [=========================>....] - ETA: 17s - loss: 1.6293 - acc: 0.4124
3136/3458 [==========================>...] - ETA: 15s - loss: 1.6234 - acc: 0.4145
3168/3458 [==========================>...] - ETA: 14s - loss: 1.6252 - acc: 0.4135
3200/3458 [==========================>...] - ETA: 12s - loss: 1.6220 - acc: 0.4147
3232/3458 [===========================>..] - ETA: 11s - loss: 1.6174 - acc: 0.4149
3264/3458 [===========================>..] - ETA: 9s - loss: 1.6153 - acc: 0.4136 
3296/3458 [===========================>..] - ETA: 7s - loss: 1.6117 - acc: 0.4150
3328/3458 [===========================>..] - ETA: 6s - loss: 1.6081 - acc: 0.4150
3360/3458 [============================>.] - ETA: 4s - loss: 1.6040 - acc: 0.4152
3392/3458 [============================>.] - ETA: 3s - loss: 1.5992 - acc: 0.4154
3424/3458 [============================>.] - ETA: 1s - loss: 1.5966 - acc: 0.4150
3456/3458 [============================>.] - ETA: 0s - loss: 1.5952 - acc: 0.4158
3458/3458 [==============================] - 171s 49ms/sample - loss: 1.5947 - acc: 0.4161

 32/865 [>.............................] - ETA: 7s - loss: 1.1074 - acc: 0.5625
 64/865 [=>............................] - ETA: 7s - loss: 1.1264 - acc: 0.5469
 96/865 [==>...........................] - ETA: 6s - loss: 1.1365 - acc: 0.5208
128/865 [===>..........................] - ETA: 6s - loss: 1.1184 - acc: 0.5391
160/865 [====>.........................] - ETA: 6s - loss: 1.1625 - acc: 0.5000
192/865 [=====>........................] - ETA: 6s - loss: 1.1792 - acc: 0.5052
224/865 [======>.......................] - ETA: 5s - loss: 1.2087 - acc: 0.5134
256/865 [=======>......................] - ETA: 5s - loss: 1.1933 - acc: 0.5312
288/865 [========>.....................] - ETA: 5s - loss: 1.1719 - acc: 0.5382
320/865 [==========>...................] - ETA: 4s - loss: 1.2044 - acc: 0.5250
352/865 [===========>..................] - ETA: 4s - loss: 1.2182 - acc: 0.5199
384/865 [============>.................] - ETA: 4s - loss: 1.2377 - acc: 0.4974
416/865 [=============>................] - ETA: 4s - loss: 1.2607 - acc: 0.4856
448/865 [==============>...............] - ETA: 3s - loss: 1.2625 - acc: 0.4888
480/865 [===============>..............] - ETA: 3s - loss: 1.2707 - acc: 0.4854
512/865 [================>.............] - ETA: 3s - loss: 1.2847 - acc: 0.4863
544/865 [=================>............] - ETA: 2s - loss: 1.3004 - acc: 0.4761
576/865 [==================>...........] - ETA: 2s - loss: 1.3014 - acc: 0.4792
608/865 [====================>.........] - ETA: 2s - loss: 1.2958 - acc: 0.4836
640/865 [=====================>........] - ETA: 2s - loss: 1.2906 - acc: 0.4828
672/865 [======================>.......] - ETA: 1s - loss: 1.2974 - acc: 0.4792
704/865 [=======================>......] - ETA: 1s - loss: 1.2958 - acc: 0.4773
736/865 [========================>.....] - ETA: 1s - loss: 1.2904 - acc: 0.4783
768/865 [=========================>....] - ETA: 0s - loss: 1.2917 - acc: 0.4766
800/865 [==========================>...] - ETA: 0s - loss: 1.2850 - acc: 0.4825
832/865 [===========================>..] - ETA: 0s - loss: 1.2957 - acc: 0.4808
864/865 [============================>.] - ETA: 0s - loss: 1.2968 - acc: 0.4792
865/865 [==============================] - 8s 9ms/sample - loss: 1.2962 - acc: 0.4798

  32/3458 [..............................] - ETA: 2:50 - loss: 1.0266 - acc: 0.5938
  64/3458 [..............................] - ETA: 2:49 - loss: 1.2308 - acc: 0.5312
  96/3458 [..............................] - ETA: 2:45 - loss: 1.2965 - acc: 0.5208
 128/3458 [>.............................] - ETA: 2:43 - loss: 1.2674 - acc: 0.5000
 160/3458 [>.............................] - ETA: 2:42 - loss: 1.2151 - acc: 0.5125
 192/3458 [>.............................] - ETA: 2:40 - loss: 1.2083 - acc: 0.4948
 224/3458 [>.............................] - ETA: 2:38 - loss: 1.2304 - acc: 0.4911
 256/3458 [=>............................] - ETA: 2:37 - loss: 1.2310 - acc: 0.4648
 288/3458 [=>............................] - ETA: 2:36 - loss: 1.2544 - acc: 0.4722
 320/3458 [=>............................] - ETA: 2:34 - loss: 1.2594 - acc: 0.4625
 352/3458 [==>...........................] - ETA: 2:32 - loss: 1.2602 - acc: 0.4744
 384/3458 [==>...........................] - ETA: 2:31 - loss: 1.2599 - acc: 0.4714
 416/3458 [==>...........................] - ETA: 2:29 - loss: 1.2519 - acc: 0.4736
 448/3458 [==>...........................] - ETA: 2:28 - loss: 1.2541 - acc: 0.4688
 480/3458 [===>..........................] - ETA: 2:26 - loss: 1.2472 - acc: 0.4792
 512/3458 [===>..........................] - ETA: 2:25 - loss: 1.2415 - acc: 0.4824
 544/3458 [===>..........................] - ETA: 2:23 - loss: 1.2404 - acc: 0.4798
 576/3458 [===>..........................] - ETA: 2:22 - loss: 1.2377 - acc: 0.4826
 608/3458 [====>.........................] - ETA: 2:20 - loss: 1.2359 - acc: 0.4836
 640/3458 [====>.........................] - ETA: 2:18 - loss: 1.2326 - acc: 0.4922
 672/3458 [====>.........................] - ETA: 2:17 - loss: 1.2166 - acc: 0.4955
 704/3458 [=====>........................] - ETA: 2:15 - loss: 1.2125 - acc: 0.5000
 736/3458 [=====>........................] - ETA: 2:14 - loss: 1.2132 - acc: 0.4959
 768/3458 [=====>........................] - ETA: 2:12 - loss: 1.2013 - acc: 0.5052
 800/3458 [=====>........................] - ETA: 2:10 - loss: 1.1900 - acc: 0.5125
 832/3458 [======>.......................] - ETA: 2:09 - loss: 1.2003 - acc: 0.5156
 864/3458 [======>.......................] - ETA: 2:07 - loss: 1.2005 - acc: 0.5162
 896/3458 [======>.......................] - ETA: 2:06 - loss: 1.1889 - acc: 0.5212
 928/3458 [=======>......................] - ETA: 2:04 - loss: 1.1937 - acc: 0.5172
 960/3458 [=======>......................] - ETA: 2:03 - loss: 1.1990 - acc: 0.5146
 992/3458 [=======>......................] - ETA: 2:01 - loss: 1.2133 - acc: 0.5111
1024/3458 [=======>......................] - ETA: 1:59 - loss: 1.2074 - acc: 0.5127
1056/3458 [========>.....................] - ETA: 1:58 - loss: 1.2014 - acc: 0.5142
1088/3458 [========>.....................] - ETA: 1:56 - loss: 1.1971 - acc: 0.5101
1120/3458 [========>.....................] - ETA: 1:55 - loss: 1.1949 - acc: 0.5116
1152/3458 [========>.....................] - ETA: 1:53 - loss: 1.1981 - acc: 0.5095
1184/3458 [=========>....................] - ETA: 1:52 - loss: 1.1941 - acc: 0.5118
1216/3458 [=========>....................] - ETA: 1:50 - loss: 1.1908 - acc: 0.5156
1248/3458 [=========>....................] - ETA: 1:48 - loss: 1.1874 - acc: 0.5168
1280/3458 [==========>...................] - ETA: 1:47 - loss: 1.1837 - acc: 0.5188
1312/3458 [==========>...................] - ETA: 1:45 - loss: 1.1769 - acc: 0.5213
1344/3458 [==========>...................] - ETA: 1:44 - loss: 1.1722 - acc: 0.5223
1376/3458 [==========>...................] - ETA: 1:42 - loss: 1.1702 - acc: 0.5218
1408/3458 [===========>..................] - ETA: 1:40 - loss: 1.1698 - acc: 0.5227
1440/3458 [===========>..................] - ETA: 1:39 - loss: 1.1621 - acc: 0.5264
1472/3458 [===========>..................] - ETA: 1:37 - loss: 1.1606 - acc: 0.5265
1504/3458 [============>.................] - ETA: 1:36 - loss: 1.1595 - acc: 0.5266
1536/3458 [============>.................] - ETA: 1:34 - loss: 1.1597 - acc: 0.5267
1568/3458 [============>.................] - ETA: 1:33 - loss: 1.1622 - acc: 0.5268
1600/3458 [============>.................] - ETA: 1:31 - loss: 1.1678 - acc: 0.5269
1632/3458 [=============>................] - ETA: 1:29 - loss: 1.1652 - acc: 0.5288
1664/3458 [=============>................] - ETA: 1:28 - loss: 1.1607 - acc: 0.5288
1696/3458 [=============>................] - ETA: 1:26 - loss: 1.1623 - acc: 0.5283
1728/3458 [=============>................] - ETA: 1:25 - loss: 1.1589 - acc: 0.5312
1760/3458 [==============>...............] - ETA: 1:23 - loss: 1.1604 - acc: 0.5330
1792/3458 [==============>...............] - ETA: 1:22 - loss: 1.1628 - acc: 0.5335
1824/3458 [==============>...............] - ETA: 1:20 - loss: 1.1624 - acc: 0.5351
1856/3458 [===============>..............] - ETA: 1:18 - loss: 1.1627 - acc: 0.5350
1888/3458 [===============>..............] - ETA: 1:17 - loss: 1.1647 - acc: 0.5355
1920/3458 [===============>..............] - ETA: 1:15 - loss: 1.1636 - acc: 0.5375
1952/3458 [===============>..............] - ETA: 1:14 - loss: 1.1626 - acc: 0.5384
1984/3458 [================>.............] - ETA: 1:12 - loss: 1.1640 - acc: 0.5378
2016/3458 [================>.............] - ETA: 1:10 - loss: 1.1601 - acc: 0.5412
2048/3458 [================>.............] - ETA: 1:09 - loss: 1.1570 - acc: 0.5425
2080/3458 [=================>............] - ETA: 1:07 - loss: 1.1552 - acc: 0.5418
2112/3458 [=================>............] - ETA: 1:06 - loss: 1.1563 - acc: 0.5421
2144/3458 [=================>............] - ETA: 1:04 - loss: 1.1599 - acc: 0.5415
2176/3458 [=================>............] - ETA: 1:03 - loss: 1.1585 - acc: 0.5427
2208/3458 [==================>...........] - ETA: 1:01 - loss: 1.1545 - acc: 0.5430
2240/3458 [==================>...........] - ETA: 59s - loss: 1.1527 - acc: 0.5446 
2272/3458 [==================>...........] - ETA: 58s - loss: 1.1524 - acc: 0.5440
2304/3458 [==================>...........] - ETA: 56s - loss: 1.1512 - acc: 0.5417
2336/3458 [===================>..........] - ETA: 55s - loss: 1.1512 - acc: 0.5432
2368/3458 [===================>..........] - ETA: 53s - loss: 1.1489 - acc: 0.5439
2400/3458 [===================>..........] - ETA: 52s - loss: 1.1484 - acc: 0.5437
2432/3458 [====================>.........] - ETA: 50s - loss: 1.1487 - acc: 0.5424
2464/3458 [====================>.........] - ETA: 48s - loss: 1.1469 - acc: 0.5422
2496/3458 [====================>.........] - ETA: 47s - loss: 1.1465 - acc: 0.5421
2528/3458 [====================>.........] - ETA: 45s - loss: 1.1466 - acc: 0.5431
2560/3458 [=====================>........] - ETA: 44s - loss: 1.1466 - acc: 0.5430
2592/3458 [=====================>........] - ETA: 42s - loss: 1.1442 - acc: 0.5444
2624/3458 [=====================>........] - ETA: 41s - loss: 1.1409 - acc: 0.5442
2656/3458 [======================>.......] - ETA: 39s - loss: 1.1381 - acc: 0.5459
2688/3458 [======================>.......] - ETA: 37s - loss: 1.1354 - acc: 0.5472
2720/3458 [======================>.......] - ETA: 36s - loss: 1.1351 - acc: 0.5485
2752/3458 [======================>.......] - ETA: 34s - loss: 1.1352 - acc: 0.5480
2784/3458 [=======================>......] - ETA: 33s - loss: 1.1342 - acc: 0.5489
2816/3458 [=======================>......] - ETA: 31s - loss: 1.1323 - acc: 0.5504
2848/3458 [=======================>......] - ETA: 30s - loss: 1.1303 - acc: 0.5513
2880/3458 [=======================>......] - ETA: 28s - loss: 1.1299 - acc: 0.5514
2912/3458 [========================>.....] - ETA: 26s - loss: 1.1256 - acc: 0.5532
2944/3458 [========================>.....] - ETA: 25s - loss: 1.1244 - acc: 0.5530
2976/3458 [========================>.....] - ETA: 23s - loss: 1.1238 - acc: 0.5541
3008/3458 [=========================>....] - ETA: 22s - loss: 1.1241 - acc: 0.5549
3040/3458 [=========================>....] - ETA: 20s - loss: 1.1254 - acc: 0.5530
3072/3458 [=========================>....] - ETA: 18s - loss: 1.1252 - acc: 0.5524
3104/3458 [=========================>....] - ETA: 17s - loss: 1.1244 - acc: 0.5528
3136/3458 [==========================>...] - ETA: 15s - loss: 1.1226 - acc: 0.5542
3168/3458 [==========================>...] - ETA: 14s - loss: 1.1245 - acc: 0.5543
3200/3458 [==========================>...] - ETA: 12s - loss: 1.1253 - acc: 0.5541
3232/3458 [===========================>..] - ETA: 11s - loss: 1.1240 - acc: 0.5548
3264/3458 [===========================>..] - ETA: 9s - loss: 1.1246 - acc: 0.5536 
3296/3458 [===========================>..] - ETA: 7s - loss: 1.1235 - acc: 0.5531
3328/3458 [===========================>..] - ETA: 6s - loss: 1.1226 - acc: 0.5526
3360/3458 [============================>.] - ETA: 4s - loss: 1.1202 - acc: 0.5545
3392/3458 [============================>.] - ETA: 3s - loss: 1.1196 - acc: 0.5548
3424/3458 [============================>.] - ETA: 1s - loss: 1.1194 - acc: 0.5558
3456/3458 [============================>.] - ETA: 0s - loss: 1.1197 - acc: 0.5573
3458/3458 [==============================] - 171s 49ms/sample - loss: 1.1197 - acc: 0.5573

 32/865 [>.............................] - ETA: 6s - loss: 0.8573 - acc: 0.6875
 64/865 [=>............................] - ETA: 7s - loss: 0.9164 - acc: 0.5938
 96/865 [==>...........................] - ETA: 6s - loss: 0.9332 - acc: 0.5729
128/865 [===>..........................] - ETA: 6s - loss: 0.9165 - acc: 0.6016
160/865 [====>.........................] - ETA: 6s - loss: 0.9583 - acc: 0.5750
192/865 [=====>........................] - ETA: 5s - loss: 0.9820 - acc: 0.5938
224/865 [======>.......................] - ETA: 5s - loss: 0.9882 - acc: 0.6027
256/865 [=======>......................] - ETA: 5s - loss: 0.9672 - acc: 0.6211
288/865 [========>.....................] - ETA: 5s - loss: 0.9619 - acc: 0.6319
320/865 [==========>...................] - ETA: 4s - loss: 0.9498 - acc: 0.6344
352/865 [===========>..................] - ETA: 4s - loss: 0.9647 - acc: 0.6222
384/865 [============>.................] - ETA: 4s - loss: 0.9894 - acc: 0.6120
416/865 [=============>................] - ETA: 3s - loss: 1.0023 - acc: 0.6010
448/865 [==============>...............] - ETA: 3s - loss: 1.0033 - acc: 0.6004
480/865 [===============>..............] - ETA: 3s - loss: 1.0274 - acc: 0.5979
512/865 [================>.............] - ETA: 3s - loss: 1.0491 - acc: 0.5938
544/865 [=================>............] - ETA: 2s - loss: 1.0588 - acc: 0.5882
576/865 [==================>...........] - ETA: 2s - loss: 1.0683 - acc: 0.5833
608/865 [====================>.........] - ETA: 2s - loss: 1.0665 - acc: 0.5855
640/865 [=====================>........] - ETA: 1s - loss: 1.0755 - acc: 0.5828
672/865 [======================>.......] - ETA: 1s - loss: 1.0836 - acc: 0.5789
704/865 [=======================>......] - ETA: 1s - loss: 1.0822 - acc: 0.5781
736/865 [========================>.....] - ETA: 1s - loss: 1.0769 - acc: 0.5788
768/865 [=========================>....] - ETA: 0s - loss: 1.0718 - acc: 0.5807
800/865 [==========================>...] - ETA: 0s - loss: 1.0683 - acc: 0.5838
832/865 [===========================>..] - ETA: 0s - loss: 1.0670 - acc: 0.5865
864/865 [============================>.] - ETA: 0s - loss: 1.0720 - acc: 0.5856
865/865 [==============================] - 8s 9ms/sample - loss: 1.0713 - acc: 0.5861

  32/3458 [..............................] - ETA: 2:42 - loss: 0.9423 - acc: 0.6250
  64/3458 [..............................] - ETA: 2:43 - loss: 0.8965 - acc: 0.6406
  96/3458 [..............................] - ETA: 2:42 - loss: 0.9526 - acc: 0.5938
 128/3458 [>.............................] - ETA: 2:41 - loss: 0.9393 - acc: 0.6016
 160/3458 [>.............................] - ETA: 2:39 - loss: 0.8811 - acc: 0.6375
 192/3458 [>.............................] - ETA: 2:39 - loss: 0.9076 - acc: 0.6354
 224/3458 [>.............................] - ETA: 2:37 - loss: 0.8711 - acc: 0.6473
 256/3458 [=>............................] - ETA: 2:36 - loss: 0.9152 - acc: 0.6406
 288/3458 [=>............................] - ETA: 2:34 - loss: 0.9326 - acc: 0.6389
 320/3458 [=>............................] - ETA: 2:33 - loss: 0.9271 - acc: 0.6406
 352/3458 [==>...........................] - ETA: 2:31 - loss: 0.8977 - acc: 0.6562
 384/3458 [==>...........................] - ETA: 2:30 - loss: 0.8879 - acc: 0.6510
 416/3458 [==>...........................] - ETA: 2:28 - loss: 0.8846 - acc: 0.6538
 448/3458 [==>...........................] - ETA: 2:27 - loss: 0.8945 - acc: 0.6496
 480/3458 [===>..........................] - ETA: 2:25 - loss: 0.9360 - acc: 0.6396
 512/3458 [===>..........................] - ETA: 2:24 - loss: 0.9335 - acc: 0.6406
 544/3458 [===>..........................] - ETA: 2:22 - loss: 0.9425 - acc: 0.6379
 576/3458 [===>..........................] - ETA: 2:21 - loss: 0.9339 - acc: 0.6458
 608/3458 [====>.........................] - ETA: 2:19 - loss: 0.9258 - acc: 0.6480
 640/3458 [====>.........................] - ETA: 2:18 - loss: 0.9273 - acc: 0.6469
 672/3458 [====>.........................] - ETA: 2:16 - loss: 0.9226 - acc: 0.6473
 704/3458 [=====>........................] - ETA: 2:14 - loss: 0.9203 - acc: 0.6506
 736/3458 [=====>........................] - ETA: 2:13 - loss: 0.9137 - acc: 0.6535
 768/3458 [=====>........................] - ETA: 2:11 - loss: 0.9126 - acc: 0.6523
 800/3458 [=====>........................] - ETA: 2:10 - loss: 0.9045 - acc: 0.6600
 832/3458 [======>.......................] - ETA: 2:08 - loss: 0.9007 - acc: 0.6587
 864/3458 [======>.......................] - ETA: 2:07 - loss: 0.9123 - acc: 0.6562
 896/3458 [======>.......................] - ETA: 2:05 - loss: 0.9094 - acc: 0.6551
 928/3458 [=======>......................] - ETA: 2:04 - loss: 0.9063 - acc: 0.6552
 960/3458 [=======>......................] - ETA: 2:02 - loss: 0.9051 - acc: 0.6542
 992/3458 [=======>......................] - ETA: 2:00 - loss: 0.9091 - acc: 0.6512
1024/3458 [=======>......................] - ETA: 1:59 - loss: 0.9075 - acc: 0.6533
1056/3458 [========>.....................] - ETA: 1:57 - loss: 0.9075 - acc: 0.6534
1088/3458 [========>.....................] - ETA: 1:56 - loss: 0.9051 - acc: 0.6544
1120/3458 [========>.....................] - ETA: 1:54 - loss: 0.9106 - acc: 0.6518
1152/3458 [========>.....................] - ETA: 1:53 - loss: 0.9105 - acc: 0.6536
1184/3458 [=========>....................] - ETA: 1:51 - loss: 0.9052 - acc: 0.6562
1216/3458 [=========>....................] - ETA: 1:50 - loss: 0.9068 - acc: 0.6562
1248/3458 [=========>....................] - ETA: 1:48 - loss: 0.9036 - acc: 0.6579
1280/3458 [==========>...................] - ETA: 1:47 - loss: 0.9025 - acc: 0.6594
1312/3458 [==========>...................] - ETA: 1:45 - loss: 0.9147 - acc: 0.6585
1344/3458 [==========>...................] - ETA: 1:43 - loss: 0.9093 - acc: 0.6607
1376/3458 [==========>...................] - ETA: 1:42 - loss: 0.9054 - acc: 0.6635
1408/3458 [===========>..................] - ETA: 1:40 - loss: 0.9115 - acc: 0.6584
1440/3458 [===========>..................] - ETA: 1:39 - loss: 0.9090 - acc: 0.6597
1472/3458 [===========>..................] - ETA: 1:37 - loss: 0.9056 - acc: 0.6590
1504/3458 [============>.................] - ETA: 1:36 - loss: 0.9131 - acc: 0.6556
1536/3458 [============>.................] - ETA: 1:34 - loss: 0.9178 - acc: 0.6517
1568/3458 [============>.................] - ETA: 1:32 - loss: 0.9183 - acc: 0.6499
1600/3458 [============>.................] - ETA: 1:31 - loss: 0.9188 - acc: 0.6481
1632/3458 [=============>................] - ETA: 1:29 - loss: 0.9170 - acc: 0.6489
1664/3458 [=============>................] - ETA: 1:28 - loss: 0.9168 - acc: 0.6508
1696/3458 [=============>................] - ETA: 1:26 - loss: 0.9152 - acc: 0.6509
1728/3458 [=============>................] - ETA: 1:25 - loss: 0.9168 - acc: 0.6487
1760/3458 [==============>...............] - ETA: 1:23 - loss: 0.9153 - acc: 0.6500
1792/3458 [==============>...............] - ETA: 1:21 - loss: 0.9149 - acc: 0.6512
1824/3458 [==============>...............] - ETA: 1:20 - loss: 0.9123 - acc: 0.6524
1856/3458 [===============>..............] - ETA: 1:18 - loss: 0.9109 - acc: 0.6536
1888/3458 [===============>..............] - ETA: 1:17 - loss: 0.9089 - acc: 0.6541
1920/3458 [===============>..............] - ETA: 1:15 - loss: 0.9040 - acc: 0.6562
1952/3458 [===============>..............] - ETA: 1:14 - loss: 0.9026 - acc: 0.6562
1984/3458 [================>.............] - ETA: 1:12 - loss: 0.9057 - acc: 0.6542
2016/3458 [================>.............] - ETA: 1:10 - loss: 0.9041 - acc: 0.6553
2048/3458 [================>.............] - ETA: 1:09 - loss: 0.9054 - acc: 0.6548
2080/3458 [=================>............] - ETA: 1:07 - loss: 0.9039 - acc: 0.6562
2112/3458 [=================>............] - ETA: 1:06 - loss: 0.9033 - acc: 0.6562
2144/3458 [=================>............] - ETA: 1:04 - loss: 0.9014 - acc: 0.6576
2176/3458 [=================>............] - ETA: 1:03 - loss: 0.9007 - acc: 0.6581
2208/3458 [==================>...........] - ETA: 1:01 - loss: 0.9057 - acc: 0.6567
2240/3458 [==================>...........] - ETA: 59s - loss: 0.9060 - acc: 0.6562 
2272/3458 [==================>...........] - ETA: 58s - loss: 0.9123 - acc: 0.6536
2304/3458 [==================>...........] - ETA: 56s - loss: 0.9119 - acc: 0.6545
2336/3458 [===================>..........] - ETA: 55s - loss: 0.9109 - acc: 0.6550
2368/3458 [===================>..........] - ETA: 53s - loss: 0.9101 - acc: 0.6554
2400/3458 [===================>..........] - ETA: 52s - loss: 0.9099 - acc: 0.6546
2432/3458 [====================>.........] - ETA: 50s - loss: 0.9095 - acc: 0.6546
2464/3458 [====================>.........] - ETA: 48s - loss: 0.9085 - acc: 0.6558
2496/3458 [====================>.........] - ETA: 47s - loss: 0.9126 - acc: 0.6542
2528/3458 [====================>.........] - ETA: 45s - loss: 0.9124 - acc: 0.6543
2560/3458 [=====================>........] - ETA: 44s - loss: 0.9138 - acc: 0.6547
2592/3458 [=====================>........] - ETA: 42s - loss: 0.9164 - acc: 0.6555
2624/3458 [=====================>........] - ETA: 41s - loss: 0.9159 - acc: 0.6570
2656/3458 [======================>.......] - ETA: 39s - loss: 0.9176 - acc: 0.6566
2688/3458 [======================>.......] - ETA: 37s - loss: 0.9193 - acc: 0.6555
2720/3458 [======================>.......] - ETA: 36s - loss: 0.9201 - acc: 0.6570
2752/3458 [======================>.......] - ETA: 34s - loss: 0.9207 - acc: 0.6555
2784/3458 [=======================>......] - ETA: 33s - loss: 0.9225 - acc: 0.6548
2816/3458 [=======================>......] - ETA: 31s - loss: 0.9228 - acc: 0.6548
2848/3458 [=======================>......] - ETA: 29s - loss: 0.9242 - acc: 0.6538
2880/3458 [=======================>......] - ETA: 28s - loss: 0.9259 - acc: 0.6528
2912/3458 [========================>.....] - ETA: 26s - loss: 0.9254 - acc: 0.6528
2944/3458 [========================>.....] - ETA: 25s - loss: 0.9242 - acc: 0.6535
2976/3458 [========================>.....] - ETA: 23s - loss: 0.9237 - acc: 0.6526
3008/3458 [=========================>....] - ETA: 22s - loss: 0.9211 - acc: 0.6529
3040/3458 [=========================>....] - ETA: 20s - loss: 0.9218 - acc: 0.6530
3072/3458 [=========================>....] - ETA: 18s - loss: 0.9226 - acc: 0.6527
3104/3458 [=========================>....] - ETA: 17s - loss: 0.9225 - acc: 0.6530
3136/3458 [==========================>...] - ETA: 15s - loss: 0.9221 - acc: 0.6540
3168/3458 [==========================>...] - ETA: 14s - loss: 0.9224 - acc: 0.6540
3200/3458 [==========================>...] - ETA: 12s - loss: 0.9219 - acc: 0.6547
3232/3458 [===========================>..] - ETA: 11s - loss: 0.9244 - acc: 0.6532
3264/3458 [===========================>..] - ETA: 9s - loss: 0.9268 - acc: 0.6520 
3296/3458 [===========================>..] - ETA: 7s - loss: 0.9254 - acc: 0.6511
3328/3458 [===========================>..] - ETA: 6s - loss: 0.9248 - acc: 0.6514
3360/3458 [============================>.] - ETA: 4s - loss: 0.9242 - acc: 0.6527
3392/3458 [============================>.] - ETA: 3s - loss: 0.9227 - acc: 0.6533
3424/3458 [============================>.] - ETA: 1s - loss: 0.9216 - acc: 0.6542
3456/3458 [============================>.] - ETA: 0s - loss: 0.9239 - acc: 0.6528
3458/3458 [==============================] - 171s 49ms/sample - loss: 0.9238 - acc: 0.6530

 32/865 [>.............................] - ETA: 7s - loss: 0.8280 - acc: 0.6562
 64/865 [=>............................] - ETA: 6s - loss: 0.8664 - acc: 0.6250
 96/865 [==>...........................] - ETA: 6s - loss: 0.8744 - acc: 0.6458
128/865 [===>..........................] - ETA: 6s - loss: 0.8734 - acc: 0.6406
160/865 [====>.........................] - ETA: 6s - loss: 0.9269 - acc: 0.6313
192/865 [=====>........................] - ETA: 5s - loss: 0.9666 - acc: 0.6302
224/865 [======>.......................] - ETA: 5s - loss: 0.9717 - acc: 0.6339
256/865 [=======>......................] - ETA: 5s - loss: 0.9444 - acc: 0.6406
288/865 [========>.....................] - ETA: 5s - loss: 0.9378 - acc: 0.6354
320/865 [==========>...................] - ETA: 4s - loss: 0.9366 - acc: 0.6281
352/865 [===========>..................] - ETA: 4s - loss: 0.9565 - acc: 0.6165
384/865 [============>.................] - ETA: 4s - loss: 0.9991 - acc: 0.6016
416/865 [=============>................] - ETA: 3s - loss: 1.0189 - acc: 0.5962
448/865 [==============>...............] - ETA: 3s - loss: 1.0284 - acc: 0.5982
480/865 [===============>..............] - ETA: 3s - loss: 1.0286 - acc: 0.6000
512/865 [================>.............] - ETA: 3s - loss: 1.0348 - acc: 0.5977
544/865 [=================>............] - ETA: 2s - loss: 1.0491 - acc: 0.5938
576/865 [==================>...........] - ETA: 2s - loss: 1.0536 - acc: 0.5990
608/865 [====================>.........] - ETA: 2s - loss: 1.0518 - acc: 0.5987
640/865 [=====================>........] - ETA: 1s - loss: 1.0596 - acc: 0.5953
672/865 [======================>.......] - ETA: 1s - loss: 1.0654 - acc: 0.5878
704/865 [=======================>......] - ETA: 1s - loss: 1.0683 - acc: 0.5838
736/865 [========================>.....] - ETA: 1s - loss: 1.0644 - acc: 0.5842
768/865 [=========================>....] - ETA: 0s - loss: 1.0628 - acc: 0.5859
800/865 [==========================>...] - ETA: 0s - loss: 1.0612 - acc: 0.5863
832/865 [===========================>..] - ETA: 0s - loss: 1.0713 - acc: 0.5841
864/865 [============================>.] - ETA: 0s - loss: 1.0769 - acc: 0.5810
865/865 [==============================] - 8s 9ms/sample - loss: 1.0765 - acc: 0.5815

  32/3458 [..............................] - ETA: 2:46 - loss: 0.5774 - acc: 0.8125
  64/3458 [..............................] - ETA: 2:44 - loss: 0.6049 - acc: 0.8281
  96/3458 [..............................] - ETA: 2:43 - loss: 0.7020 - acc: 0.7917
 128/3458 [>.............................] - ETA: 2:41 - loss: 0.7324 - acc: 0.7734
 160/3458 [>.............................] - ETA: 2:40 - loss: 0.7160 - acc: 0.7750
 192/3458 [>.............................] - ETA: 2:39 - loss: 0.6927 - acc: 0.7760
 224/3458 [>.............................] - ETA: 2:37 - loss: 0.6896 - acc: 0.7634
 256/3458 [=>............................] - ETA: 2:36 - loss: 0.7038 - acc: 0.7578
 288/3458 [=>............................] - ETA: 2:34 - loss: 0.7211 - acc: 0.7326
 320/3458 [=>............................] - ETA: 2:33 - loss: 0.7215 - acc: 0.7344
 352/3458 [==>...........................] - ETA: 2:31 - loss: 0.7161 - acc: 0.7330
 384/3458 [==>...........................] - ETA: 2:30 - loss: 0.7035 - acc: 0.7396
 416/3458 [==>...........................] - ETA: 2:28 - loss: 0.6983 - acc: 0.7452
 448/3458 [==>...........................] - ETA: 2:27 - loss: 0.7025 - acc: 0.7455
 480/3458 [===>..........................] - ETA: 2:25 - loss: 0.7045 - acc: 0.7437
 512/3458 [===>..........................] - ETA: 2:24 - loss: 0.6987 - acc: 0.7480
 544/3458 [===>..........................] - ETA: 2:22 - loss: 0.6926 - acc: 0.7482
 576/3458 [===>..........................] - ETA: 2:21 - loss: 0.6868 - acc: 0.7500
 608/3458 [====>.........................] - ETA: 2:19 - loss: 0.6918 - acc: 0.7451
 640/3458 [====>.........................] - ETA: 2:17 - loss: 0.7029 - acc: 0.7406
 672/3458 [====>.........................] - ETA: 2:16 - loss: 0.6967 - acc: 0.7440
 704/3458 [=====>........................] - ETA: 2:14 - loss: 0.6937 - acc: 0.7457
 736/3458 [=====>........................] - ETA: 2:13 - loss: 0.6956 - acc: 0.7432
 768/3458 [=====>........................] - ETA: 2:11 - loss: 0.6968 - acc: 0.7409
 800/3458 [=====>........................] - ETA: 2:10 - loss: 0.6943 - acc: 0.7412
 832/3458 [======>.......................] - ETA: 2:08 - loss: 0.6949 - acc: 0.7392
 864/3458 [======>.......................] - ETA: 2:07 - loss: 0.6927 - acc: 0.7407
 896/3458 [======>.......................] - ETA: 2:05 - loss: 0.6909 - acc: 0.7422
 928/3458 [=======>......................] - ETA: 2:04 - loss: 0.6897 - acc: 0.7425
 960/3458 [=======>......................] - ETA: 2:02 - loss: 0.6847 - acc: 0.7417
 992/3458 [=======>......................] - ETA: 2:00 - loss: 0.6920 - acc: 0.7440
1024/3458 [=======>......................] - ETA: 1:59 - loss: 0.6928 - acc: 0.7422
1056/3458 [========>.....................] - ETA: 1:57 - loss: 0.6869 - acc: 0.7453
1088/3458 [========>.....................] - ETA: 1:56 - loss: 0.6964 - acc: 0.7408
1120/3458 [========>.....................] - ETA: 1:54 - loss: 0.6972 - acc: 0.7402
1152/3458 [========>.....................] - ETA: 1:53 - loss: 0.6926 - acc: 0.7413
1184/3458 [=========>....................] - ETA: 1:51 - loss: 0.6901 - acc: 0.7407
1216/3458 [=========>....................] - ETA: 1:50 - loss: 0.6877 - acc: 0.7418
1248/3458 [=========>....................] - ETA: 1:48 - loss: 0.6835 - acc: 0.7420
1280/3458 [==========>...................] - ETA: 1:46 - loss: 0.6881 - acc: 0.7414
1312/3458 [==========>...................] - ETA: 1:45 - loss: 0.6839 - acc: 0.7431
1344/3458 [==========>...................] - ETA: 1:43 - loss: 0.6803 - acc: 0.7433
1376/3458 [==========>...................] - ETA: 1:42 - loss: 0.6821 - acc: 0.7427
1408/3458 [===========>..................] - ETA: 1:40 - loss: 0.6871 - acc: 0.7401
1440/3458 [===========>..................] - ETA: 1:39 - loss: 0.6900 - acc: 0.7382
1472/3458 [===========>..................] - ETA: 1:37 - loss: 0.6890 - acc: 0.7385
1504/3458 [============>.................] - ETA: 1:35 - loss: 0.6883 - acc: 0.7387
1536/3458 [============>.................] - ETA: 1:34 - loss: 0.6824 - acc: 0.7415
1568/3458 [============>.................] - ETA: 1:32 - loss: 0.6845 - acc: 0.7411
1600/3458 [============>.................] - ETA: 1:31 - loss: 0.6913 - acc: 0.7400
1632/3458 [=============>................] - ETA: 1:29 - loss: 0.6917 - acc: 0.7396
1664/3458 [=============>................] - ETA: 1:28 - loss: 0.6955 - acc: 0.7374
1696/3458 [=============>................] - ETA: 1:26 - loss: 0.6981 - acc: 0.7376
1728/3458 [=============>................] - ETA: 1:24 - loss: 0.6957 - acc: 0.7367
1760/3458 [==============>...............] - ETA: 1:23 - loss: 0.6980 - acc: 0.7358
1792/3458 [==============>...............] - ETA: 1:21 - loss: 0.7010 - acc: 0.7333
1824/3458 [==============>...............] - ETA: 1:20 - loss: 0.6998 - acc: 0.7341
1856/3458 [===============>..............] - ETA: 1:18 - loss: 0.7010 - acc: 0.7338
1888/3458 [===============>..............] - ETA: 1:17 - loss: 0.6992 - acc: 0.7352
1920/3458 [===============>..............] - ETA: 1:15 - loss: 0.7027 - acc: 0.7349
1952/3458 [===============>..............] - ETA: 1:13 - loss: 0.7062 - acc: 0.7346
1984/3458 [================>.............] - ETA: 1:12 - loss: 0.7057 - acc: 0.7349
2016/3458 [================>.............] - ETA: 1:10 - loss: 0.7066 - acc: 0.7341
2048/3458 [================>.............] - ETA: 1:09 - loss: 0.7065 - acc: 0.7339
2080/3458 [=================>............] - ETA: 1:07 - loss: 0.7023 - acc: 0.7365
2112/3458 [=================>............] - ETA: 1:06 - loss: 0.6998 - acc: 0.7377
2144/3458 [=================>............] - ETA: 1:04 - loss: 0.6995 - acc: 0.7379
2176/3458 [=================>............] - ETA: 1:02 - loss: 0.7061 - acc: 0.7362
2208/3458 [==================>...........] - ETA: 1:01 - loss: 0.7045 - acc: 0.7369
2240/3458 [==================>...........] - ETA: 59s - loss: 0.7033 - acc: 0.7366 
2272/3458 [==================>...........] - ETA: 58s - loss: 0.7045 - acc: 0.7364
2304/3458 [==================>...........] - ETA: 56s - loss: 0.6986 - acc: 0.7387
2336/3458 [===================>..........] - ETA: 55s - loss: 0.6954 - acc: 0.7397
2368/3458 [===================>..........] - ETA: 53s - loss: 0.6964 - acc: 0.7394
2400/3458 [===================>..........] - ETA: 51s - loss: 0.6940 - acc: 0.7400
2432/3458 [====================>.........] - ETA: 50s - loss: 0.6950 - acc: 0.7405
2464/3458 [====================>.........] - ETA: 48s - loss: 0.6942 - acc: 0.7394
2496/3458 [====================>.........] - ETA: 47s - loss: 0.6941 - acc: 0.7388
2528/3458 [====================>.........] - ETA: 45s - loss: 0.6926 - acc: 0.7393
2560/3458 [=====================>........] - ETA: 44s - loss: 0.6928 - acc: 0.7395
2592/3458 [=====================>........] - ETA: 42s - loss: 0.6929 - acc: 0.7392
2624/3458 [=====================>........] - ETA: 40s - loss: 0.6947 - acc: 0.7386
2656/3458 [======================>.......] - ETA: 39s - loss: 0.6975 - acc: 0.7372
2688/3458 [======================>.......] - ETA: 37s - loss: 0.6988 - acc: 0.7370
2720/3458 [======================>.......] - ETA: 36s - loss: 0.7020 - acc: 0.7360
2752/3458 [======================>.......] - ETA: 34s - loss: 0.7035 - acc: 0.7362
2784/3458 [=======================>......] - ETA: 33s - loss: 0.7025 - acc: 0.7374
2816/3458 [=======================>......] - ETA: 31s - loss: 0.7037 - acc: 0.7376
2848/3458 [=======================>......] - ETA: 29s - loss: 0.7019 - acc: 0.7388
2880/3458 [=======================>......] - ETA: 28s - loss: 0.7033 - acc: 0.7378
2912/3458 [========================>.....] - ETA: 26s - loss: 0.7019 - acc: 0.7390
2944/3458 [========================>.....] - ETA: 25s - loss: 0.7010 - acc: 0.7395
2976/3458 [========================>.....] - ETA: 23s - loss: 0.7016 - acc: 0.7389
3008/3458 [=========================>....] - ETA: 22s - loss: 0.6990 - acc: 0.7400
3040/3458 [=========================>....] - ETA: 20s - loss: 0.7000 - acc: 0.7398
3072/3458 [=========================>....] - ETA: 18s - loss: 0.6999 - acc: 0.7396
3104/3458 [=========================>....] - ETA: 17s - loss: 0.7006 - acc: 0.7400
3136/3458 [==========================>...] - ETA: 15s - loss: 0.7042 - acc: 0.7388
3168/3458 [==========================>...] - ETA: 14s - loss: 0.7032 - acc: 0.7393
3200/3458 [==========================>...] - ETA: 12s - loss: 0.7016 - acc: 0.7397
3232/3458 [===========================>..] - ETA: 11s - loss: 0.7010 - acc: 0.7395
3264/3458 [===========================>..] - ETA: 9s - loss: 0.7025 - acc: 0.7390 
3296/3458 [===========================>..] - ETA: 7s - loss: 0.7030 - acc: 0.7382
3328/3458 [===========================>..] - ETA: 6s - loss: 0.7036 - acc: 0.7374
3360/3458 [============================>.] - ETA: 4s - loss: 0.7029 - acc: 0.7387
3392/3458 [============================>.] - ETA: 3s - loss: 0.7040 - acc: 0.7385
3424/3458 [============================>.] - ETA: 1s - loss: 0.7051 - acc: 0.7374
3456/3458 [============================>.] - ETA: 0s - loss: 0.7050 - acc: 0.7376
3458/3458 [==============================] - 171s 49ms/sample - loss: 0.7048 - acc: 0.7377

 32/865 [>.............................] - ETA: 8s - loss: 0.8404 - acc: 0.7500
 64/865 [=>............................] - ETA: 7s - loss: 0.8044 - acc: 0.7188
 96/865 [==>...........................] - ETA: 6s - loss: 0.8430 - acc: 0.7083
128/865 [===>..........................] - ETA: 6s - loss: 0.8425 - acc: 0.7031
160/865 [====>.........................] - ETA: 6s - loss: 0.8961 - acc: 0.6750
192/865 [=====>........................] - ETA: 5s - loss: 0.9422 - acc: 0.6562
224/865 [======>.......................] - ETA: 5s - loss: 0.9537 - acc: 0.6518
256/865 [=======>......................] - ETA: 5s - loss: 0.9350 - acc: 0.6523
288/865 [========>.....................] - ETA: 5s - loss: 0.9399 - acc: 0.6597
320/865 [==========>...................] - ETA: 4s - loss: 0.9323 - acc: 0.6562
352/865 [===========>..................] - ETA: 4s - loss: 0.9569 - acc: 0.6506
384/865 [============>.................] - ETA: 4s - loss: 0.9845 - acc: 0.6380
416/865 [=============>................] - ETA: 4s - loss: 0.9818 - acc: 0.6370
448/865 [==============>...............] - ETA: 3s - loss: 0.9909 - acc: 0.6272
480/865 [===============>..............] - ETA: 3s - loss: 0.9926 - acc: 0.6313
512/865 [================>.............] - ETA: 3s - loss: 0.9955 - acc: 0.6270
544/865 [=================>............] - ETA: 2s - loss: 1.0013 - acc: 0.6213
576/865 [==================>...........] - ETA: 2s - loss: 1.0078 - acc: 0.6198
608/865 [====================>.........] - ETA: 2s - loss: 1.0085 - acc: 0.6184
640/865 [=====================>........] - ETA: 2s - loss: 1.0197 - acc: 0.6125
672/865 [======================>.......] - ETA: 1s - loss: 1.0281 - acc: 0.6086
704/865 [=======================>......] - ETA: 1s - loss: 1.0237 - acc: 0.6151
736/865 [========================>.....] - ETA: 1s - loss: 1.0202 - acc: 0.6155
768/865 [=========================>....] - ETA: 0s - loss: 1.0171 - acc: 0.6146
800/865 [==========================>...] - ETA: 0s - loss: 1.0160 - acc: 0.6150
832/865 [===========================>..] - ETA: 0s - loss: 1.0190 - acc: 0.6094
864/865 [============================>.] - ETA: 0s - loss: 1.0236 - acc: 0.6065
865/865 [==============================] - 8s 9ms/sample - loss: 1.0233 - acc: 0.6069

  32/3458 [..............................] - ETA: 2:44 - loss: 0.6006 - acc: 0.7812
  64/3458 [..............................] - ETA: 2:48 - loss: 0.5147 - acc: 0.8281
  96/3458 [..............................] - ETA: 2:45 - loss: 0.5234 - acc: 0.8229
 128/3458 [>.............................] - ETA: 2:44 - loss: 0.5444 - acc: 0.8281
 160/3458 [>.............................] - ETA: 2:42 - loss: 0.6192 - acc: 0.8062
 192/3458 [>.............................] - ETA: 2:40 - loss: 0.6117 - acc: 0.7969
 224/3458 [>.............................] - ETA: 2:38 - loss: 0.6097 - acc: 0.8036
 256/3458 [=>............................] - ETA: 2:37 - loss: 0.5819 - acc: 0.8125
 288/3458 [=>............................] - ETA: 2:35 - loss: 0.5609 - acc: 0.8194
 320/3458 [=>............................] - ETA: 2:34 - loss: 0.5581 - acc: 0.8156
 352/3458 [==>...........................] - ETA: 2:32 - loss: 0.5356 - acc: 0.8239
 384/3458 [==>...........................] - ETA: 2:30 - loss: 0.5274 - acc: 0.8229
 416/3458 [==>...........................] - ETA: 2:29 - loss: 0.5384 - acc: 0.8173
 448/3458 [==>...........................] - ETA: 2:27 - loss: 0.5346 - acc: 0.8147
 480/3458 [===>..........................] - ETA: 2:26 - loss: 0.5300 - acc: 0.8062
 512/3458 [===>..........................] - ETA: 2:24 - loss: 0.5185 - acc: 0.8105
 544/3458 [===>..........................] - ETA: 2:23 - loss: 0.5091 - acc: 0.8143
 576/3458 [===>..........................] - ETA: 2:21 - loss: 0.4942 - acc: 0.8229
 608/3458 [====>.........................] - ETA: 2:20 - loss: 0.4861 - acc: 0.8273
 640/3458 [====>.........................] - ETA: 2:18 - loss: 0.4877 - acc: 0.8297
 672/3458 [====>.........................] - ETA: 2:16 - loss: 0.4923 - acc: 0.8274
 704/3458 [=====>........................] - ETA: 2:15 - loss: 0.4875 - acc: 0.8295
 736/3458 [=====>........................] - ETA: 2:13 - loss: 0.4806 - acc: 0.8329
 768/3458 [=====>........................] - ETA: 2:12 - loss: 0.4831 - acc: 0.8294
 800/3458 [=====>........................] - ETA: 2:10 - loss: 0.4715 - acc: 0.8338
 832/3458 [======>.......................] - ETA: 2:09 - loss: 0.4769 - acc: 0.8305
 864/3458 [======>.......................] - ETA: 2:07 - loss: 0.4777 - acc: 0.8310
 896/3458 [======>.......................] - ETA: 2:06 - loss: 0.4739 - acc: 0.8315
 928/3458 [=======>......................] - ETA: 2:04 - loss: 0.4829 - acc: 0.8319
 960/3458 [=======>......................] - ETA: 2:02 - loss: 0.4895 - acc: 0.8302
 992/3458 [=======>......................] - ETA: 2:01 - loss: 0.4838 - acc: 0.8327
1024/3458 [=======>......................] - ETA: 1:59 - loss: 0.4864 - acc: 0.8320
1056/3458 [========>.....................] - ETA: 1:58 - loss: 0.4812 - acc: 0.8324
1088/3458 [========>.....................] - ETA: 1:56 - loss: 0.4827 - acc: 0.8336
1120/3458 [========>.....................] - ETA: 1:54 - loss: 0.4841 - acc: 0.8321
1152/3458 [========>.....................] - ETA: 1:53 - loss: 0.4795 - acc: 0.8342
1184/3458 [=========>....................] - ETA: 1:51 - loss: 0.4792 - acc: 0.8353
1216/3458 [=========>....................] - ETA: 1:50 - loss: 0.4749 - acc: 0.8363
1248/3458 [=========>....................] - ETA: 1:48 - loss: 0.4804 - acc: 0.8341
1280/3458 [==========>...................] - ETA: 1:47 - loss: 0.4820 - acc: 0.8352
1312/3458 [==========>...................] - ETA: 1:45 - loss: 0.4818 - acc: 0.8361
1344/3458 [==========>...................] - ETA: 1:43 - loss: 0.4828 - acc: 0.8348
1376/3458 [==========>...................] - ETA: 1:42 - loss: 0.4818 - acc: 0.8350
1408/3458 [===========>..................] - ETA: 1:40 - loss: 0.4792 - acc: 0.8352
1440/3458 [===========>..................] - ETA: 1:39 - loss: 0.4779 - acc: 0.8354
1472/3458 [===========>..................] - ETA: 1:37 - loss: 0.4829 - acc: 0.8315
1504/3458 [============>.................] - ETA: 1:36 - loss: 0.4794 - acc: 0.8331
1536/3458 [============>.................] - ETA: 1:34 - loss: 0.4778 - acc: 0.8340
1568/3458 [============>.................] - ETA: 1:32 - loss: 0.4774 - acc: 0.8348
1600/3458 [============>.................] - ETA: 1:31 - loss: 0.4754 - acc: 0.8363
1632/3458 [=============>................] - ETA: 1:29 - loss: 0.4728 - acc: 0.8370
1664/3458 [=============>................] - ETA: 1:28 - loss: 0.4688 - acc: 0.8377
1696/3458 [=============>................] - ETA: 1:26 - loss: 0.4697 - acc: 0.8373
1728/3458 [=============>................] - ETA: 1:25 - loss: 0.4707 - acc: 0.8374
1760/3458 [==============>...............] - ETA: 1:23 - loss: 0.4691 - acc: 0.8386
1792/3458 [==============>...............] - ETA: 1:22 - loss: 0.4673 - acc: 0.8398
1824/3458 [==============>...............] - ETA: 1:20 - loss: 0.4643 - acc: 0.8416
1856/3458 [===============>..............] - ETA: 1:18 - loss: 0.4606 - acc: 0.8432
1888/3458 [===============>..............] - ETA: 1:17 - loss: 0.4591 - acc: 0.8432
1920/3458 [===============>..............] - ETA: 1:15 - loss: 0.4628 - acc: 0.8406
1952/3458 [===============>..............] - ETA: 1:14 - loss: 0.4629 - acc: 0.8402
1984/3458 [================>.............] - ETA: 1:12 - loss: 0.4642 - acc: 0.8392
2016/3458 [================>.............] - ETA: 1:10 - loss: 0.4661 - acc: 0.8383
2048/3458 [================>.............] - ETA: 1:09 - loss: 0.4681 - acc: 0.8374
2080/3458 [=================>............] - ETA: 1:07 - loss: 0.4675 - acc: 0.8365
2112/3458 [=================>............] - ETA: 1:06 - loss: 0.4694 - acc: 0.8352
2144/3458 [=================>............] - ETA: 1:04 - loss: 0.4662 - acc: 0.8372
2176/3458 [=================>............] - ETA: 1:03 - loss: 0.4641 - acc: 0.8382
2208/3458 [==================>...........] - ETA: 1:01 - loss: 0.4656 - acc: 0.8383
2240/3458 [==================>...........] - ETA: 59s - loss: 0.4649 - acc: 0.8393 
2272/3458 [==================>...........] - ETA: 58s - loss: 0.4634 - acc: 0.8398
2304/3458 [==================>...........] - ETA: 56s - loss: 0.4659 - acc: 0.8390
2336/3458 [===================>..........] - ETA: 55s - loss: 0.4673 - acc: 0.8378
2368/3458 [===================>..........] - ETA: 53s - loss: 0.4687 - acc: 0.8366
2400/3458 [===================>..........] - ETA: 52s - loss: 0.4695 - acc: 0.8367
2432/3458 [====================>.........] - ETA: 50s - loss: 0.4689 - acc: 0.8363
2464/3458 [====================>.........] - ETA: 48s - loss: 0.4702 - acc: 0.8356
2496/3458 [====================>.........] - ETA: 47s - loss: 0.4727 - acc: 0.8333
2528/3458 [====================>.........] - ETA: 45s - loss: 0.4705 - acc: 0.8343
2560/3458 [=====================>........] - ETA: 44s - loss: 0.4714 - acc: 0.8344
2592/3458 [=====================>........] - ETA: 42s - loss: 0.4761 - acc: 0.8329
2624/3458 [=====================>........] - ETA: 41s - loss: 0.4789 - acc: 0.8319
2656/3458 [======================>.......] - ETA: 39s - loss: 0.4813 - acc: 0.8313
2688/3458 [======================>.......] - ETA: 37s - loss: 0.4807 - acc: 0.8318
2720/3458 [======================>.......] - ETA: 36s - loss: 0.4814 - acc: 0.8313
2752/3458 [======================>.......] - ETA: 34s - loss: 0.4821 - acc: 0.8310
2784/3458 [=======================>......] - ETA: 33s - loss: 0.4817 - acc: 0.8319
2816/3458 [=======================>......] - ETA: 31s - loss: 0.4830 - acc: 0.8310
2848/3458 [=======================>......] - ETA: 30s - loss: 0.4854 - acc: 0.8311
2880/3458 [=======================>......] - ETA: 28s - loss: 0.4855 - acc: 0.8316
2912/3458 [========================>.....] - ETA: 26s - loss: 0.4864 - acc: 0.8310
2944/3458 [========================>.....] - ETA: 25s - loss: 0.4857 - acc: 0.8312
2976/3458 [========================>.....] - ETA: 23s - loss: 0.4849 - acc: 0.8313
3008/3458 [=========================>....] - ETA: 22s - loss: 0.4851 - acc: 0.8318
3040/3458 [=========================>....] - ETA: 20s - loss: 0.4851 - acc: 0.8316
3072/3458 [=========================>....] - ETA: 19s - loss: 0.4851 - acc: 0.8317
3104/3458 [=========================>....] - ETA: 17s - loss: 0.4866 - acc: 0.8318
3136/3458 [==========================>...] - ETA: 15s - loss: 0.4883 - acc: 0.8307
3168/3458 [==========================>...] - ETA: 14s - loss: 0.4874 - acc: 0.8311
3200/3458 [==========================>...] - ETA: 12s - loss: 0.4864 - acc: 0.8316
3232/3458 [===========================>..] - ETA: 11s - loss: 0.4851 - acc: 0.8320
3264/3458 [===========================>..] - ETA: 9s - loss: 0.4849 - acc: 0.8321 
3296/3458 [===========================>..] - ETA: 7s - loss: 0.4858 - acc: 0.8319
3328/3458 [===========================>..] - ETA: 6s - loss: 0.4871 - acc: 0.8305
3360/3458 [============================>.] - ETA: 4s - loss: 0.4868 - acc: 0.8304
3392/3458 [============================>.] - ETA: 3s - loss: 0.4861 - acc: 0.8302
3424/3458 [============================>.] - ETA: 1s - loss: 0.4870 - acc: 0.8306
3456/3458 [============================>.] - ETA: 0s - loss: 0.4866 - acc: 0.8302
3458/3458 [==============================] - 171s 49ms/sample - loss: 0.4864 - acc: 0.8302

 32/865 [>.............................] - ETA: 8s - loss: 0.8431 - acc: 0.7188
 64/865 [=>............................] - ETA: 7s - loss: 0.8225 - acc: 0.6562
 96/865 [==>...........................] - ETA: 7s - loss: 0.8372 - acc: 0.6667
128/865 [===>..........................] - ETA: 6s - loss: 0.8291 - acc: 0.6719
160/865 [====>.........................] - ETA: 6s - loss: 0.9198 - acc: 0.6250
192/865 [=====>........................] - ETA: 6s - loss: 0.9774 - acc: 0.6302
224/865 [======>.......................] - ETA: 5s - loss: 0.9706 - acc: 0.6384
256/865 [=======>......................] - ETA: 5s - loss: 0.9269 - acc: 0.6523
288/865 [========>.....................] - ETA: 5s - loss: 0.9581 - acc: 0.6458
320/865 [==========>...................] - ETA: 4s - loss: 0.9518 - acc: 0.6469
352/865 [===========>..................] - ETA: 4s - loss: 0.9920 - acc: 0.6534
384/865 [============>.................] - ETA: 4s - loss: 1.0611 - acc: 0.6406
416/865 [=============>................] - ETA: 4s - loss: 1.0896 - acc: 0.6370
448/865 [==============>...............] - ETA: 3s - loss: 1.1174 - acc: 0.6295
480/865 [===============>..............] - ETA: 3s - loss: 1.1208 - acc: 0.6333
512/865 [================>.............] - ETA: 3s - loss: 1.1229 - acc: 0.6289
544/865 [=================>............] - ETA: 2s - loss: 1.1413 - acc: 0.6268
576/865 [==================>...........] - ETA: 2s - loss: 1.1405 - acc: 0.6267
608/865 [====================>.........] - ETA: 2s - loss: 1.1461 - acc: 0.6266
640/865 [=====================>........] - ETA: 2s - loss: 1.1655 - acc: 0.6250
672/865 [======================>.......] - ETA: 1s - loss: 1.1721 - acc: 0.6250
704/865 [=======================>......] - ETA: 1s - loss: 1.1846 - acc: 0.6193
736/865 [========================>.....] - ETA: 1s - loss: 1.1828 - acc: 0.6182
768/865 [=========================>....] - ETA: 0s - loss: 1.1763 - acc: 0.6172
800/865 [==========================>...] - ETA: 0s - loss: 1.1719 - acc: 0.6200
832/865 [===========================>..] - ETA: 0s - loss: 1.1736 - acc: 0.6190
864/865 [============================>.] - ETA: 0s - loss: 1.1793 - acc: 0.6146
865/865 [==============================] - 8s 9ms/sample - loss: 1.1784 - acc: 0.6150
