For Dropout_1=0.4 Dropout_2=0.1
daisy loaded
dandelion loaded
rose loaded
sunflower loaded
tulip loaded

  32/3458 [..............................] - ETA: 3:05 - loss: 1.5900 - acc: 0.3125
  64/3458 [..............................] - ETA: 2:56 - loss: 48.0719 - acc: 0.2188
  96/3458 [..............................] - ETA: 2:51 - loss: 36.8388 - acc: 0.1875
 128/3458 [>.............................] - ETA: 2:48 - loss: 30.1182 - acc: 0.1875
 160/3458 [>.............................] - ETA: 2:46 - loss: 24.6737 - acc: 0.2000
 192/3458 [>.............................] - ETA: 2:44 - loss: 20.8361 - acc: 0.2240
 224/3458 [>.............................] - ETA: 2:42 - loss: 18.0886 - acc: 0.2277
 256/3458 [=>............................] - ETA: 2:40 - loss: 16.0298 - acc: 0.2227
 288/3458 [=>............................] - ETA: 2:38 - loss: 14.4344 - acc: 0.2153
 320/3458 [=>............................] - ETA: 2:36 - loss: 13.1544 - acc: 0.2094
 352/3458 [==>...........................] - ETA: 2:34 - loss: 12.1030 - acc: 0.2102
 384/3458 [==>...........................] - ETA: 2:32 - loss: 11.2269 - acc: 0.2161
 416/3458 [==>...........................] - ETA: 2:30 - loss: 10.4878 - acc: 0.2115
 448/3458 [==>...........................] - ETA: 2:28 - loss: 9.8523 - acc: 0.2188 
 480/3458 [===>..........................] - ETA: 2:27 - loss: 9.3002 - acc: 0.2229
 512/3458 [===>..........................] - ETA: 2:25 - loss: 8.8171 - acc: 0.2285
 544/3458 [===>..........................] - ETA: 2:24 - loss: 8.3908 - acc: 0.2279
 576/3458 [===>..........................] - ETA: 2:22 - loss: 8.0103 - acc: 0.2274
 608/3458 [====>.........................] - ETA: 2:20 - loss: 7.6716 - acc: 0.2253
 640/3458 [====>.........................] - ETA: 2:19 - loss: 7.3618 - acc: 0.2250
 672/3458 [====>.........................] - ETA: 2:17 - loss: 7.0821 - acc: 0.2292
 704/3458 [=====>........................] - ETA: 2:15 - loss: 6.8265 - acc: 0.2344
 736/3458 [=====>........................] - ETA: 2:14 - loss: 6.5932 - acc: 0.2432
 768/3458 [=====>........................] - ETA: 2:12 - loss: 6.3741 - acc: 0.2513
 800/3458 [=====>........................] - ETA: 2:11 - loss: 6.1829 - acc: 0.2537
 832/3458 [======>.......................] - ETA: 2:09 - loss: 5.9945 - acc: 0.2596
 864/3458 [======>.......................] - ETA: 2:07 - loss: 5.8295 - acc: 0.2569
 896/3458 [======>.......................] - ETA: 2:06 - loss: 5.6669 - acc: 0.2645
 928/3458 [=======>......................] - ETA: 2:04 - loss: 5.5178 - acc: 0.2672
 960/3458 [=======>......................] - ETA: 2:03 - loss: 5.3899 - acc: 0.2740
 992/3458 [=======>......................] - ETA: 2:01 - loss: 5.2624 - acc: 0.2782
1024/3458 [=======>......................] - ETA: 2:00 - loss: 5.1417 - acc: 0.2852
1056/3458 [========>.....................] - ETA: 1:58 - loss: 5.0227 - acc: 0.2926
1088/3458 [========>.....................] - ETA: 1:56 - loss: 4.9274 - acc: 0.2904
1120/3458 [========>.....................] - ETA: 1:55 - loss: 4.8246 - acc: 0.2964
1152/3458 [========>.....................] - ETA: 1:53 - loss: 4.7261 - acc: 0.3021
1184/3458 [=========>....................] - ETA: 1:52 - loss: 4.6419 - acc: 0.3024
1216/3458 [=========>....................] - ETA: 1:50 - loss: 4.5571 - acc: 0.3026
1248/3458 [=========>....................] - ETA: 1:48 - loss: 4.4781 - acc: 0.3037
1280/3458 [==========>...................] - ETA: 1:47 - loss: 4.3995 - acc: 0.3094
1312/3458 [==========>...................] - ETA: 1:45 - loss: 4.3218 - acc: 0.3155
1344/3458 [==========>...................] - ETA: 1:44 - loss: 4.2507 - acc: 0.3185
1376/3458 [==========>...................] - ETA: 1:42 - loss: 4.1805 - acc: 0.3212
1408/3458 [===========>..................] - ETA: 1:41 - loss: 4.1209 - acc: 0.3217
1440/3458 [===========>..................] - ETA: 1:39 - loss: 4.0607 - acc: 0.3229
1472/3458 [===========>..................] - ETA: 1:37 - loss: 4.0021 - acc: 0.3240
1504/3458 [============>.................] - ETA: 1:36 - loss: 3.9424 - acc: 0.3311
1536/3458 [============>.................] - ETA: 1:34 - loss: 3.8880 - acc: 0.3340
1568/3458 [============>.................] - ETA: 1:33 - loss: 3.8387 - acc: 0.3335
1600/3458 [============>.................] - ETA: 1:31 - loss: 3.7902 - acc: 0.3356
1632/3458 [=============>................] - ETA: 1:29 - loss: 3.7407 - acc: 0.3376
1664/3458 [=============>................] - ETA: 1:28 - loss: 3.6941 - acc: 0.3395
1696/3458 [=============>................] - ETA: 1:26 - loss: 3.6492 - acc: 0.3408
1728/3458 [=============>................] - ETA: 1:25 - loss: 3.6061 - acc: 0.3438
1760/3458 [==============>...............] - ETA: 1:23 - loss: 3.5644 - acc: 0.3449
1792/3458 [==============>...............] - ETA: 1:22 - loss: 3.5241 - acc: 0.3432
1824/3458 [==============>...............] - ETA: 1:20 - loss: 3.4834 - acc: 0.3459
1856/3458 [===============>..............] - ETA: 1:18 - loss: 3.4461 - acc: 0.3475
1888/3458 [===============>..............] - ETA: 1:17 - loss: 3.4088 - acc: 0.3496
1920/3458 [===============>..............] - ETA: 1:15 - loss: 3.3749 - acc: 0.3526
1952/3458 [===============>..............] - ETA: 1:14 - loss: 3.3397 - acc: 0.3555
1984/3458 [================>.............] - ETA: 1:12 - loss: 3.3031 - acc: 0.3609
2016/3458 [================>.............] - ETA: 1:10 - loss: 3.2715 - acc: 0.3631
2048/3458 [================>.............] - ETA: 1:09 - loss: 3.2399 - acc: 0.3667
2080/3458 [=================>............] - ETA: 1:07 - loss: 3.2093 - acc: 0.3673
2112/3458 [=================>............] - ETA: 1:06 - loss: 3.1779 - acc: 0.3693
2144/3458 [=================>............] - ETA: 1:04 - loss: 3.1514 - acc: 0.3685
2176/3458 [=================>............] - ETA: 1:03 - loss: 3.1301 - acc: 0.3722
2208/3458 [==================>...........] - ETA: 1:01 - loss: 3.1018 - acc: 0.3736
2240/3458 [==================>...........] - ETA: 59s - loss: 3.0729 - acc: 0.3772 
2272/3458 [==================>...........] - ETA: 58s - loss: 3.0463 - acc: 0.3798
2304/3458 [==================>...........] - ETA: 56s - loss: 3.0232 - acc: 0.3811
2336/3458 [===================>..........] - ETA: 55s - loss: 2.9958 - acc: 0.3831
2368/3458 [===================>..........] - ETA: 53s - loss: 2.9749 - acc: 0.3826
2400/3458 [===================>..........] - ETA: 52s - loss: 2.9555 - acc: 0.3846
2432/3458 [====================>.........] - ETA: 50s - loss: 2.9310 - acc: 0.3861
2464/3458 [====================>.........] - ETA: 48s - loss: 2.9118 - acc: 0.3856
2496/3458 [====================>.........] - ETA: 47s - loss: 2.8945 - acc: 0.3858
2528/3458 [====================>.........] - ETA: 45s - loss: 2.8724 - acc: 0.3873
2560/3458 [=====================>........] - ETA: 44s - loss: 2.8507 - acc: 0.3895
2592/3458 [=====================>........] - ETA: 42s - loss: 2.8323 - acc: 0.3893
2624/3458 [=====================>........] - ETA: 41s - loss: 2.8148 - acc: 0.3902
2656/3458 [======================>.......] - ETA: 39s - loss: 2.7956 - acc: 0.3904
2688/3458 [======================>.......] - ETA: 37s - loss: 2.7804 - acc: 0.3910
2720/3458 [======================>.......] - ETA: 36s - loss: 2.7611 - acc: 0.3926
2752/3458 [======================>.......] - ETA: 34s - loss: 2.7436 - acc: 0.3943
2784/3458 [=======================>......] - ETA: 33s - loss: 2.7252 - acc: 0.3969
2816/3458 [=======================>......] - ETA: 31s - loss: 2.7066 - acc: 0.4002
2848/3458 [=======================>......] - ETA: 30s - loss: 2.6896 - acc: 0.4010
2880/3458 [=======================>......] - ETA: 28s - loss: 2.6733 - acc: 0.4024
2912/3458 [========================>.....] - ETA: 26s - loss: 2.6583 - acc: 0.4028
2944/3458 [========================>.....] - ETA: 25s - loss: 2.6452 - acc: 0.4032
2976/3458 [========================>.....] - ETA: 23s - loss: 2.6305 - acc: 0.4026
3008/3458 [=========================>....] - ETA: 22s - loss: 2.6140 - acc: 0.4043
3040/3458 [=========================>....] - ETA: 20s - loss: 2.5978 - acc: 0.4062
3072/3458 [=========================>....] - ETA: 18s - loss: 2.5809 - acc: 0.4085
3104/3458 [=========================>....] - ETA: 17s - loss: 2.5680 - acc: 0.4079
3136/3458 [==========================>...] - ETA: 15s - loss: 2.5530 - acc: 0.4082
3168/3458 [==========================>...] - ETA: 14s - loss: 2.5384 - acc: 0.4088
3200/3458 [==========================>...] - ETA: 12s - loss: 2.5284 - acc: 0.4087
3232/3458 [===========================>..] - ETA: 11s - loss: 2.5130 - acc: 0.4112
3264/3458 [===========================>..] - ETA: 9s - loss: 2.5000 - acc: 0.4130 
3296/3458 [===========================>..] - ETA: 7s - loss: 2.4858 - acc: 0.4154
3328/3458 [===========================>..] - ETA: 6s - loss: 2.4714 - acc: 0.4171
3360/3458 [============================>.] - ETA: 4s - loss: 2.4615 - acc: 0.4164
3392/3458 [============================>.] - ETA: 3s - loss: 2.4481 - acc: 0.4180
3424/3458 [============================>.] - ETA: 1s - loss: 2.4349 - acc: 0.4188
3456/3458 [============================>.] - ETA: 0s - loss: 2.4230 - acc: 0.4196
3458/3458 [==============================] - 171s 49ms/sample - loss: 2.4225 - acc: 0.4196

 32/865 [>.............................] - ETA: 7s - loss: 1.0705 - acc: 0.4688
 64/865 [=>............................] - ETA: 7s - loss: 1.2045 - acc: 0.4375
 96/865 [==>...........................] - ETA: 7s - loss: 1.1762 - acc: 0.5104
128/865 [===>..........................] - ETA: 6s - loss: 1.1803 - acc: 0.5078
160/865 [====>.........................] - ETA: 6s - loss: 1.1668 - acc: 0.5000
192/865 [=====>........................] - ETA: 6s - loss: 1.1901 - acc: 0.4948
224/865 [======>.......................] - ETA: 5s - loss: 1.1693 - acc: 0.5179
256/865 [=======>......................] - ETA: 5s - loss: 1.1886 - acc: 0.5156
288/865 [========>.....................] - ETA: 5s - loss: 1.2096 - acc: 0.5035
320/865 [==========>...................] - ETA: 4s - loss: 1.1994 - acc: 0.5094
352/865 [===========>..................] - ETA: 4s - loss: 1.2022 - acc: 0.5000
384/865 [============>.................] - ETA: 4s - loss: 1.2143 - acc: 0.4948
416/865 [=============>................] - ETA: 4s - loss: 1.2163 - acc: 0.5000
448/865 [==============>...............] - ETA: 3s - loss: 1.2171 - acc: 0.5022
480/865 [===============>..............] - ETA: 3s - loss: 1.2359 - acc: 0.5000
512/865 [================>.............] - ETA: 3s - loss: 1.2330 - acc: 0.5039
544/865 [=================>............] - ETA: 2s - loss: 1.2305 - acc: 0.5037
576/865 [==================>...........] - ETA: 2s - loss: 1.2357 - acc: 0.5052
608/865 [====================>.........] - ETA: 2s - loss: 1.2347 - acc: 0.5016
640/865 [=====================>........] - ETA: 2s - loss: 1.2377 - acc: 0.5016
672/865 [======================>.......] - ETA: 1s - loss: 1.2330 - acc: 0.5030
704/865 [=======================>......] - ETA: 1s - loss: 1.2321 - acc: 0.5014
736/865 [========================>.....] - ETA: 1s - loss: 1.2321 - acc: 0.5014
768/865 [=========================>....] - ETA: 0s - loss: 1.2245 - acc: 0.5000
800/865 [==========================>...] - ETA: 0s - loss: 1.2221 - acc: 0.5025
832/865 [===========================>..] - ETA: 0s - loss: 1.2214 - acc: 0.4988
864/865 [============================>.] - ETA: 0s - loss: 1.2173 - acc: 0.5012
865/865 [==============================] - 8s 9ms/sample - loss: 1.2174 - acc: 0.5006

  32/3458 [..............................] - ETA: 2:47 - loss: 1.2293 - acc: 0.4688
  64/3458 [..............................] - ETA: 2:46 - loss: 1.1218 - acc: 0.5781
  96/3458 [..............................] - ETA: 2:45 - loss: 1.1269 - acc: 0.5521
 128/3458 [>.............................] - ETA: 2:42 - loss: 1.1541 - acc: 0.5234
 160/3458 [>.............................] - ETA: 2:42 - loss: 1.1015 - acc: 0.5437
 192/3458 [>.............................] - ETA: 2:40 - loss: 1.0652 - acc: 0.5781
 224/3458 [>.............................] - ETA: 2:39 - loss: 1.0471 - acc: 0.6116
 256/3458 [=>............................] - ETA: 2:38 - loss: 1.0678 - acc: 0.6016
 288/3458 [=>............................] - ETA: 2:36 - loss: 1.0628 - acc: 0.6111
 320/3458 [=>............................] - ETA: 2:34 - loss: 1.1192 - acc: 0.6156
 352/3458 [==>...........................] - ETA: 2:32 - loss: 1.1021 - acc: 0.6193
 384/3458 [==>...........................] - ETA: 2:31 - loss: 1.1136 - acc: 0.6172
 416/3458 [==>...........................] - ETA: 2:29 - loss: 1.0985 - acc: 0.6202
 448/3458 [==>...........................] - ETA: 2:28 - loss: 1.0904 - acc: 0.6183
 480/3458 [===>..........................] - ETA: 2:26 - loss: 1.0802 - acc: 0.6187
 512/3458 [===>..........................] - ETA: 2:25 - loss: 1.0771 - acc: 0.6152
 544/3458 [===>..........................] - ETA: 2:23 - loss: 1.0927 - acc: 0.6066
 576/3458 [===>..........................] - ETA: 2:21 - loss: 1.1010 - acc: 0.6094
 608/3458 [====>.........................] - ETA: 2:20 - loss: 1.1134 - acc: 0.6020
 640/3458 [====>.........................] - ETA: 2:18 - loss: 1.1192 - acc: 0.6000
 672/3458 [====>.........................] - ETA: 2:16 - loss: 1.1082 - acc: 0.6071
 704/3458 [=====>........................] - ETA: 2:15 - loss: 1.1172 - acc: 0.6023
 736/3458 [=====>........................] - ETA: 2:13 - loss: 1.1165 - acc: 0.5938
 768/3458 [=====>........................] - ETA: 2:12 - loss: 1.1246 - acc: 0.5898
 800/3458 [=====>........................] - ETA: 2:10 - loss: 1.1292 - acc: 0.5850
 832/3458 [======>.......................] - ETA: 2:09 - loss: 1.1303 - acc: 0.5829
 864/3458 [======>.......................] - ETA: 2:07 - loss: 1.1273 - acc: 0.5845
 896/3458 [======>.......................] - ETA: 2:05 - loss: 1.1232 - acc: 0.5826
 928/3458 [=======>......................] - ETA: 2:04 - loss: 1.1239 - acc: 0.5787
 960/3458 [=======>......................] - ETA: 2:02 - loss: 1.1239 - acc: 0.5760
 992/3458 [=======>......................] - ETA: 2:01 - loss: 1.1219 - acc: 0.5756
1024/3458 [=======>......................] - ETA: 1:59 - loss: 1.1187 - acc: 0.5771
1056/3458 [========>.....................] - ETA: 1:58 - loss: 1.1160 - acc: 0.5758
1088/3458 [========>.....................] - ETA: 1:56 - loss: 1.1164 - acc: 0.5744
1120/3458 [========>.....................] - ETA: 1:54 - loss: 1.1172 - acc: 0.5714
1152/3458 [========>.....................] - ETA: 1:53 - loss: 1.1178 - acc: 0.5747
1184/3458 [=========>....................] - ETA: 1:51 - loss: 1.1209 - acc: 0.5718
1216/3458 [=========>....................] - ETA: 1:50 - loss: 1.1181 - acc: 0.5732
1248/3458 [=========>....................] - ETA: 1:48 - loss: 1.1195 - acc: 0.5729
1280/3458 [==========>...................] - ETA: 1:47 - loss: 1.1233 - acc: 0.5734
1312/3458 [==========>...................] - ETA: 1:45 - loss: 1.1227 - acc: 0.5777
1344/3458 [==========>...................] - ETA: 1:44 - loss: 1.1211 - acc: 0.5759
1376/3458 [==========>...................] - ETA: 1:42 - loss: 1.1160 - acc: 0.5778
1408/3458 [===========>..................] - ETA: 1:40 - loss: 1.1114 - acc: 0.5795
1440/3458 [===========>..................] - ETA: 1:39 - loss: 1.1101 - acc: 0.5792
1472/3458 [===========>..................] - ETA: 1:37 - loss: 1.1160 - acc: 0.5802
1504/3458 [============>.................] - ETA: 1:36 - loss: 1.1212 - acc: 0.5785
1536/3458 [============>.................] - ETA: 1:34 - loss: 1.1204 - acc: 0.5781
1568/3458 [============>.................] - ETA: 1:33 - loss: 1.1124 - acc: 0.5816
1600/3458 [============>.................] - ETA: 1:31 - loss: 1.1067 - acc: 0.5825
1632/3458 [=============>................] - ETA: 1:29 - loss: 1.1055 - acc: 0.5846
1664/3458 [=============>................] - ETA: 1:28 - loss: 1.1035 - acc: 0.5841
1696/3458 [=============>................] - ETA: 1:26 - loss: 1.0993 - acc: 0.5861
1728/3458 [=============>................] - ETA: 1:25 - loss: 1.0957 - acc: 0.5880
1760/3458 [==============>...............] - ETA: 1:23 - loss: 1.0939 - acc: 0.5886
1792/3458 [==============>...............] - ETA: 1:22 - loss: 1.0905 - acc: 0.5910
1824/3458 [==============>...............] - ETA: 1:20 - loss: 1.0853 - acc: 0.5927
1856/3458 [===============>..............] - ETA: 1:18 - loss: 1.0878 - acc: 0.5911
1888/3458 [===============>..............] - ETA: 1:17 - loss: 1.0869 - acc: 0.5911
1920/3458 [===============>..............] - ETA: 1:15 - loss: 1.0853 - acc: 0.5901
1952/3458 [===============>..............] - ETA: 1:14 - loss: 1.0835 - acc: 0.5891
1984/3458 [================>.............] - ETA: 1:12 - loss: 1.0825 - acc: 0.5877
2016/3458 [================>.............] - ETA: 1:11 - loss: 1.0876 - acc: 0.5893
2048/3458 [================>.............] - ETA: 1:09 - loss: 1.0863 - acc: 0.5903
2080/3458 [=================>............] - ETA: 1:07 - loss: 1.0848 - acc: 0.5889
2112/3458 [=================>............] - ETA: 1:06 - loss: 1.0803 - acc: 0.5904
2144/3458 [=================>............] - ETA: 1:04 - loss: 1.0773 - acc: 0.5914
2176/3458 [=================>............] - ETA: 1:03 - loss: 1.0782 - acc: 0.5915
2208/3458 [==================>...........] - ETA: 1:01 - loss: 1.0781 - acc: 0.5906
2240/3458 [==================>...........] - ETA: 59s - loss: 1.0836 - acc: 0.5875 
2272/3458 [==================>...........] - ETA: 58s - loss: 1.0817 - acc: 0.5889
2304/3458 [==================>...........] - ETA: 56s - loss: 1.0798 - acc: 0.5894
2336/3458 [===================>..........] - ETA: 55s - loss: 1.0774 - acc: 0.5916
2368/3458 [===================>..........] - ETA: 53s - loss: 1.0770 - acc: 0.5912
2400/3458 [===================>..........] - ETA: 52s - loss: 1.0779 - acc: 0.5921
2432/3458 [====================>.........] - ETA: 50s - loss: 1.0813 - acc: 0.5921
2464/3458 [====================>.........] - ETA: 48s - loss: 1.0829 - acc: 0.5909
2496/3458 [====================>.........] - ETA: 47s - loss: 1.0807 - acc: 0.5925
2528/3458 [====================>.........] - ETA: 45s - loss: 1.0803 - acc: 0.5934
2560/3458 [=====================>........] - ETA: 44s - loss: 1.0809 - acc: 0.5926
2592/3458 [=====================>........] - ETA: 42s - loss: 1.0799 - acc: 0.5930
2624/3458 [=====================>........] - ETA: 41s - loss: 1.0790 - acc: 0.5938
2656/3458 [======================>.......] - ETA: 39s - loss: 1.0830 - acc: 0.5934
2688/3458 [======================>.......] - ETA: 37s - loss: 1.0837 - acc: 0.5934
2720/3458 [======================>.......] - ETA: 36s - loss: 1.0826 - acc: 0.5923
2752/3458 [======================>.......] - ETA: 34s - loss: 1.0805 - acc: 0.5938
2784/3458 [=======================>......] - ETA: 33s - loss: 1.0788 - acc: 0.5948
2816/3458 [=======================>......] - ETA: 31s - loss: 1.0741 - acc: 0.5969
2848/3458 [=======================>......] - ETA: 30s - loss: 1.0734 - acc: 0.5966
2880/3458 [=======================>......] - ETA: 28s - loss: 1.0737 - acc: 0.5965
2912/3458 [========================>.....] - ETA: 27s - loss: 1.0715 - acc: 0.5975
2944/3458 [========================>.....] - ETA: 25s - loss: 1.0673 - acc: 0.5988
2976/3458 [========================>.....] - ETA: 23s - loss: 1.0682 - acc: 0.5985
3008/3458 [=========================>....] - ETA: 22s - loss: 1.0673 - acc: 0.5971
3040/3458 [=========================>....] - ETA: 20s - loss: 1.0678 - acc: 0.5961
3072/3458 [=========================>....] - ETA: 19s - loss: 1.0684 - acc: 0.5954
3104/3458 [=========================>....] - ETA: 17s - loss: 1.0676 - acc: 0.5954
3136/3458 [==========================>...] - ETA: 15s - loss: 1.0670 - acc: 0.5960
3168/3458 [==========================>...] - ETA: 14s - loss: 1.0690 - acc: 0.5953
3200/3458 [==========================>...] - ETA: 12s - loss: 1.0681 - acc: 0.5944
3232/3458 [===========================>..] - ETA: 11s - loss: 1.0694 - acc: 0.5934
3264/3458 [===========================>..] - ETA: 9s - loss: 1.0690 - acc: 0.5947 
3296/3458 [===========================>..] - ETA: 8s - loss: 1.0686 - acc: 0.5947
3328/3458 [===========================>..] - ETA: 6s - loss: 1.0687 - acc: 0.5941
3360/3458 [============================>.] - ETA: 4s - loss: 1.0688 - acc: 0.5943
3392/3458 [============================>.] - ETA: 3s - loss: 1.0672 - acc: 0.5946
3424/3458 [============================>.] - ETA: 1s - loss: 1.0674 - acc: 0.5943
3456/3458 [============================>.] - ETA: 0s - loss: 1.0670 - acc: 0.5949
3458/3458 [==============================] - 172s 50ms/sample - loss: 1.0669 - acc: 0.5949

 32/865 [>.............................] - ETA: 7s - loss: 1.1147 - acc: 0.5625
 64/865 [=>............................] - ETA: 7s - loss: 1.1624 - acc: 0.5625
 96/865 [==>...........................] - ETA: 6s - loss: 1.1282 - acc: 0.5833
128/865 [===>..........................] - ETA: 6s - loss: 1.1312 - acc: 0.5469
160/865 [====>.........................] - ETA: 6s - loss: 1.1321 - acc: 0.5312
192/865 [=====>........................] - ETA: 5s - loss: 1.1338 - acc: 0.5260
224/865 [======>.......................] - ETA: 5s - loss: 1.1052 - acc: 0.5491
256/865 [=======>......................] - ETA: 5s - loss: 1.1002 - acc: 0.5547
288/865 [========>.....................] - ETA: 5s - loss: 1.1125 - acc: 0.5486
320/865 [==========>...................] - ETA: 4s - loss: 1.1177 - acc: 0.5375
352/865 [===========>..................] - ETA: 4s - loss: 1.1110 - acc: 0.5398
384/865 [============>.................] - ETA: 4s - loss: 1.1239 - acc: 0.5312
416/865 [=============>................] - ETA: 3s - loss: 1.0977 - acc: 0.5457
448/865 [==============>...............] - ETA: 3s - loss: 1.1058 - acc: 0.5402
480/865 [===============>..............] - ETA: 3s - loss: 1.1173 - acc: 0.5437
512/865 [================>.............] - ETA: 3s - loss: 1.1139 - acc: 0.5449
544/865 [=================>............] - ETA: 2s - loss: 1.1200 - acc: 0.5441
576/865 [==================>...........] - ETA: 2s - loss: 1.1237 - acc: 0.5503
608/865 [====================>.........] - ETA: 2s - loss: 1.1249 - acc: 0.5477
640/865 [=====================>........] - ETA: 1s - loss: 1.1334 - acc: 0.5422
672/865 [======================>.......] - ETA: 1s - loss: 1.1323 - acc: 0.5402
704/865 [=======================>......] - ETA: 1s - loss: 1.1293 - acc: 0.5483
736/865 [========================>.....] - ETA: 1s - loss: 1.1349 - acc: 0.5476
768/865 [=========================>....] - ETA: 0s - loss: 1.1320 - acc: 0.5469
800/865 [==========================>...] - ETA: 0s - loss: 1.1287 - acc: 0.5512
832/865 [===========================>..] - ETA: 0s - loss: 1.1257 - acc: 0.5481
864/865 [============================>.] - ETA: 0s - loss: 1.1180 - acc: 0.5567
865/865 [==============================] - 8s 9ms/sample - loss: 1.1180 - acc: 0.5572

  32/3458 [..............................] - ETA: 2:45 - loss: 0.9917 - acc: 0.6250
  64/3458 [..............................] - ETA: 2:45 - loss: 0.9263 - acc: 0.6562
  96/3458 [..............................] - ETA: 2:45 - loss: 0.9406 - acc: 0.6042
 128/3458 [>.............................] - ETA: 2:44 - loss: 0.9121 - acc: 0.6328
 160/3458 [>.............................] - ETA: 2:42 - loss: 0.8921 - acc: 0.6438
 192/3458 [>.............................] - ETA: 2:41 - loss: 0.8873 - acc: 0.6406
 224/3458 [>.............................] - ETA: 2:39 - loss: 0.8904 - acc: 0.6295
 256/3458 [=>............................] - ETA: 2:38 - loss: 0.8723 - acc: 0.6367
 288/3458 [=>............................] - ETA: 2:36 - loss: 0.9020 - acc: 0.6354
 320/3458 [=>............................] - ETA: 2:35 - loss: 0.8730 - acc: 0.6438
 352/3458 [==>...........................] - ETA: 2:33 - loss: 0.8493 - acc: 0.6534
 384/3458 [==>...........................] - ETA: 2:31 - loss: 0.8383 - acc: 0.6615
 416/3458 [==>...........................] - ETA: 2:30 - loss: 0.8349 - acc: 0.6635
 448/3458 [==>...........................] - ETA: 2:28 - loss: 0.8280 - acc: 0.6629
 480/3458 [===>..........................] - ETA: 2:27 - loss: 0.8282 - acc: 0.6583
 512/3458 [===>..........................] - ETA: 2:25 - loss: 0.8324 - acc: 0.6582
 544/3458 [===>..........................] - ETA: 2:24 - loss: 0.8315 - acc: 0.6636
 576/3458 [===>..........................] - ETA: 2:22 - loss: 0.8325 - acc: 0.6632
 608/3458 [====>.........................] - ETA: 2:21 - loss: 0.8262 - acc: 0.6645
 640/3458 [====>.........................] - ETA: 2:19 - loss: 0.8144 - acc: 0.6703
 672/3458 [====>.........................] - ETA: 2:17 - loss: 0.8208 - acc: 0.6711
 704/3458 [=====>........................] - ETA: 2:16 - loss: 0.8167 - acc: 0.6761
 736/3458 [=====>........................] - ETA: 2:14 - loss: 0.8231 - acc: 0.6712
 768/3458 [=====>........................] - ETA: 2:13 - loss: 0.8284 - acc: 0.6693
 800/3458 [=====>........................] - ETA: 2:11 - loss: 0.8246 - acc: 0.6675
 832/3458 [======>.......................] - ETA: 2:09 - loss: 0.8171 - acc: 0.6719
 864/3458 [======>.......................] - ETA: 2:08 - loss: 0.8134 - acc: 0.6736
 896/3458 [======>.......................] - ETA: 2:06 - loss: 0.8131 - acc: 0.6741
 928/3458 [=======>......................] - ETA: 2:05 - loss: 0.8223 - acc: 0.6735
 960/3458 [=======>......................] - ETA: 2:03 - loss: 0.8163 - acc: 0.6792
 992/3458 [=======>......................] - ETA: 2:01 - loss: 0.8171 - acc: 0.6784
1024/3458 [=======>......................] - ETA: 2:00 - loss: 0.8162 - acc: 0.6768
1056/3458 [========>.....................] - ETA: 1:58 - loss: 0.8149 - acc: 0.6761
1088/3458 [========>.....................] - ETA: 1:57 - loss: 0.8119 - acc: 0.6792
1120/3458 [========>.....................] - ETA: 1:55 - loss: 0.8089 - acc: 0.6795
1152/3458 [========>.....................] - ETA: 1:53 - loss: 0.8056 - acc: 0.6806
1184/3458 [=========>....................] - ETA: 1:52 - loss: 0.8047 - acc: 0.6824
1216/3458 [=========>....................] - ETA: 1:50 - loss: 0.8019 - acc: 0.6842
1248/3458 [=========>....................] - ETA: 1:49 - loss: 0.7980 - acc: 0.6875
1280/3458 [==========>...................] - ETA: 1:47 - loss: 0.7961 - acc: 0.6898
1312/3458 [==========>...................] - ETA: 1:45 - loss: 0.7913 - acc: 0.6905
1344/3458 [==========>...................] - ETA: 1:44 - loss: 0.7968 - acc: 0.6882
1376/3458 [==========>...................] - ETA: 1:42 - loss: 0.7967 - acc: 0.6868
1408/3458 [===========>..................] - ETA: 1:41 - loss: 0.7924 - acc: 0.6889
1440/3458 [===========>..................] - ETA: 1:39 - loss: 0.7929 - acc: 0.6889
1472/3458 [===========>..................] - ETA: 1:37 - loss: 0.7916 - acc: 0.6902
1504/3458 [============>.................] - ETA: 1:36 - loss: 0.7908 - acc: 0.6902
1536/3458 [============>.................] - ETA: 1:34 - loss: 0.7876 - acc: 0.6934
1568/3458 [============>.................] - ETA: 1:33 - loss: 0.7894 - acc: 0.6939
1600/3458 [============>.................] - ETA: 1:31 - loss: 0.7920 - acc: 0.6919
1632/3458 [=============>................] - ETA: 1:30 - loss: 0.7918 - acc: 0.6900
1664/3458 [=============>................] - ETA: 1:28 - loss: 0.7902 - acc: 0.6911
1696/3458 [=============>................] - ETA: 1:26 - loss: 0.7920 - acc: 0.6916
1728/3458 [=============>................] - ETA: 1:25 - loss: 0.7914 - acc: 0.6921
1760/3458 [==============>...............] - ETA: 1:23 - loss: 0.7909 - acc: 0.6943
1792/3458 [==============>...............] - ETA: 1:22 - loss: 0.7939 - acc: 0.6914
1824/3458 [==============>...............] - ETA: 1:20 - loss: 0.7931 - acc: 0.6908
1856/3458 [===============>..............] - ETA: 1:18 - loss: 0.7967 - acc: 0.6891
1888/3458 [===============>..............] - ETA: 1:17 - loss: 0.7976 - acc: 0.6891
1920/3458 [===============>..............] - ETA: 1:15 - loss: 0.7936 - acc: 0.6901
1952/3458 [===============>..............] - ETA: 1:14 - loss: 0.7929 - acc: 0.6901
1984/3458 [================>.............] - ETA: 1:12 - loss: 0.7952 - acc: 0.6910
2016/3458 [================>.............] - ETA: 1:11 - loss: 0.7953 - acc: 0.6920
2048/3458 [================>.............] - ETA: 1:09 - loss: 0.7909 - acc: 0.6934
2080/3458 [=================>............] - ETA: 1:07 - loss: 0.7927 - acc: 0.6933
2112/3458 [=================>............] - ETA: 1:06 - loss: 0.7945 - acc: 0.6932
2144/3458 [=================>............] - ETA: 1:04 - loss: 0.7928 - acc: 0.6940
2176/3458 [=================>............] - ETA: 1:03 - loss: 0.7920 - acc: 0.6935
2208/3458 [==================>...........] - ETA: 1:01 - loss: 0.7931 - acc: 0.6938
2240/3458 [==================>...........] - ETA: 1:00 - loss: 0.7924 - acc: 0.6942
2272/3458 [==================>...........] - ETA: 58s - loss: 0.7925 - acc: 0.6950 
2304/3458 [==================>...........] - ETA: 56s - loss: 0.7907 - acc: 0.6957
2336/3458 [===================>..........] - ETA: 55s - loss: 0.7911 - acc: 0.6943
2368/3458 [===================>..........] - ETA: 53s - loss: 0.7885 - acc: 0.6951
2400/3458 [===================>..........] - ETA: 52s - loss: 0.7891 - acc: 0.6946
2432/3458 [====================>.........] - ETA: 50s - loss: 0.7873 - acc: 0.6957
2464/3458 [====================>.........] - ETA: 48s - loss: 0.7880 - acc: 0.6952
2496/3458 [====================>.........] - ETA: 47s - loss: 0.7849 - acc: 0.6971
2528/3458 [====================>.........] - ETA: 45s - loss: 0.7859 - acc: 0.6970
2560/3458 [=====================>........] - ETA: 44s - loss: 0.7841 - acc: 0.6977
2592/3458 [=====================>........] - ETA: 42s - loss: 0.7798 - acc: 0.6987
2624/3458 [=====================>........] - ETA: 41s - loss: 0.7798 - acc: 0.6982
2656/3458 [======================>.......] - ETA: 39s - loss: 0.7790 - acc: 0.6984
2688/3458 [======================>.......] - ETA: 37s - loss: 0.7769 - acc: 0.6994
2720/3458 [======================>.......] - ETA: 36s - loss: 0.7766 - acc: 0.7000
2752/3458 [======================>.......] - ETA: 34s - loss: 0.7740 - acc: 0.7013
2784/3458 [=======================>......] - ETA: 33s - loss: 0.7758 - acc: 0.7015
2816/3458 [=======================>......] - ETA: 31s - loss: 0.7757 - acc: 0.7010
2848/3458 [=======================>......] - ETA: 30s - loss: 0.7746 - acc: 0.7022
2880/3458 [=======================>......] - ETA: 28s - loss: 0.7793 - acc: 0.6997
2912/3458 [========================>.....] - ETA: 26s - loss: 0.7772 - acc: 0.7002
2944/3458 [========================>.....] - ETA: 25s - loss: 0.7772 - acc: 0.7001
2976/3458 [========================>.....] - ETA: 23s - loss: 0.7780 - acc: 0.6993
3008/3458 [=========================>....] - ETA: 22s - loss: 0.7784 - acc: 0.6985
3040/3458 [=========================>....] - ETA: 20s - loss: 0.7773 - acc: 0.6984
3072/3458 [=========================>....] - ETA: 19s - loss: 0.7791 - acc: 0.6982
3104/3458 [=========================>....] - ETA: 17s - loss: 0.7794 - acc: 0.6965
3136/3458 [==========================>...] - ETA: 15s - loss: 0.7805 - acc: 0.6958
3168/3458 [==========================>...] - ETA: 14s - loss: 0.7792 - acc: 0.6970
3200/3458 [==========================>...] - ETA: 12s - loss: 0.7775 - acc: 0.6981
3232/3458 [===========================>..] - ETA: 11s - loss: 0.7764 - acc: 0.6986
3264/3458 [===========================>..] - ETA: 9s - loss: 0.7742 - acc: 0.7007 
3296/3458 [===========================>..] - ETA: 7s - loss: 0.7742 - acc: 0.7008
3328/3458 [===========================>..] - ETA: 6s - loss: 0.7731 - acc: 0.7010
3360/3458 [============================>.] - ETA: 4s - loss: 0.7713 - acc: 0.7009
3392/3458 [============================>.] - ETA: 3s - loss: 0.7711 - acc: 0.7008
3424/3458 [============================>.] - ETA: 1s - loss: 0.7722 - acc: 0.7009
3456/3458 [============================>.] - ETA: 0s - loss: 0.7713 - acc: 0.7023
3458/3458 [==============================] - 171s 49ms/sample - loss: 0.7721 - acc: 0.7021

 32/865 [>.............................] - ETA: 7s - loss: 1.3582 - acc: 0.5000
 64/865 [=>............................] - ETA: 7s - loss: 1.3714 - acc: 0.5000
 96/865 [==>...........................] - ETA: 6s - loss: 1.4854 - acc: 0.4583
128/865 [===>..........................] - ETA: 6s - loss: 1.4989 - acc: 0.4453
160/865 [====>.........................] - ETA: 6s - loss: 1.5025 - acc: 0.4500
192/865 [=====>........................] - ETA: 6s - loss: 1.5769 - acc: 0.4375
224/865 [======>.......................] - ETA: 5s - loss: 1.4713 - acc: 0.4732
256/865 [=======>......................] - ETA: 5s - loss: 1.4862 - acc: 0.4805
288/865 [========>.....................] - ETA: 5s - loss: 1.4911 - acc: 0.4688
320/865 [==========>...................] - ETA: 4s - loss: 1.4674 - acc: 0.4812
352/865 [===========>..................] - ETA: 4s - loss: 1.4325 - acc: 0.4886
384/865 [============>.................] - ETA: 4s - loss: 1.4230 - acc: 0.4896
416/865 [=============>................] - ETA: 4s - loss: 1.3689 - acc: 0.5096
448/865 [==============>...............] - ETA: 3s - loss: 1.3960 - acc: 0.5067
480/865 [===============>..............] - ETA: 3s - loss: 1.3900 - acc: 0.5042
512/865 [================>.............] - ETA: 3s - loss: 1.3984 - acc: 0.5000
544/865 [=================>............] - ETA: 2s - loss: 1.4062 - acc: 0.4982
576/865 [==================>...........] - ETA: 2s - loss: 1.3995 - acc: 0.4983
608/865 [====================>.........] - ETA: 2s - loss: 1.3817 - acc: 0.5066
640/865 [=====================>........] - ETA: 2s - loss: 1.4011 - acc: 0.5063
672/865 [======================>.......] - ETA: 1s - loss: 1.4009 - acc: 0.5060
704/865 [=======================>......] - ETA: 1s - loss: 1.3749 - acc: 0.5199
736/865 [========================>.....] - ETA: 1s - loss: 1.3762 - acc: 0.5217
768/865 [=========================>....] - ETA: 0s - loss: 1.3796 - acc: 0.5195
800/865 [==========================>...] - ETA: 0s - loss: 1.3781 - acc: 0.5225
832/865 [===========================>..] - ETA: 0s - loss: 1.3786 - acc: 0.5240
864/865 [============================>.] - ETA: 0s - loss: 1.3631 - acc: 0.5347
865/865 [==============================] - 8s 9ms/sample - loss: 1.3618 - acc: 0.5353

  32/3458 [..............................] - ETA: 2:51 - loss: 0.5801 - acc: 0.6875
  64/3458 [..............................] - ETA: 2:49 - loss: 0.8663 - acc: 0.6719
  96/3458 [..............................] - ETA: 2:47 - loss: 0.8324 - acc: 0.6771
 128/3458 [>.............................] - ETA: 2:44 - loss: 0.8044 - acc: 0.6797
 160/3458 [>.............................] - ETA: 2:42 - loss: 0.7778 - acc: 0.7000
 192/3458 [>.............................] - ETA: 2:41 - loss: 0.8100 - acc: 0.6719
 224/3458 [>.............................] - ETA: 2:39 - loss: 0.7664 - acc: 0.6964
 256/3458 [=>............................] - ETA: 2:37 - loss: 0.7665 - acc: 0.7031
 288/3458 [=>............................] - ETA: 2:36 - loss: 0.7697 - acc: 0.6979
 320/3458 [=>............................] - ETA: 2:34 - loss: 0.7525 - acc: 0.7063
 352/3458 [==>...........................] - ETA: 2:33 - loss: 0.7364 - acc: 0.7102
 384/3458 [==>...........................] - ETA: 2:31 - loss: 0.7300 - acc: 0.7135
 416/3458 [==>...........................] - ETA: 2:30 - loss: 0.7226 - acc: 0.7212
 448/3458 [==>...........................] - ETA: 2:28 - loss: 0.7055 - acc: 0.7299
 480/3458 [===>..........................] - ETA: 2:26 - loss: 0.7139 - acc: 0.7250
 512/3458 [===>..........................] - ETA: 2:25 - loss: 0.6995 - acc: 0.7324
 544/3458 [===>..........................] - ETA: 2:23 - loss: 0.6873 - acc: 0.7408
 576/3458 [===>..........................] - ETA: 2:22 - loss: 0.6801 - acc: 0.7431
 608/3458 [====>.........................] - ETA: 2:20 - loss: 0.6791 - acc: 0.7434
 640/3458 [====>.........................] - ETA: 2:18 - loss: 0.6682 - acc: 0.7500
 672/3458 [====>.........................] - ETA: 2:17 - loss: 0.6586 - acc: 0.7530
 704/3458 [=====>........................] - ETA: 2:15 - loss: 0.6596 - acc: 0.7528
 736/3458 [=====>........................] - ETA: 2:14 - loss: 0.6648 - acc: 0.7473
 768/3458 [=====>........................] - ETA: 2:12 - loss: 0.6595 - acc: 0.7500
 800/3458 [=====>........................] - ETA: 2:10 - loss: 0.6561 - acc: 0.7487
 832/3458 [======>.......................] - ETA: 2:09 - loss: 0.6501 - acc: 0.7524
 864/3458 [======>.......................] - ETA: 2:07 - loss: 0.6406 - acc: 0.7581
 896/3458 [======>.......................] - ETA: 2:06 - loss: 0.6358 - acc: 0.7612
 928/3458 [=======>......................] - ETA: 2:04 - loss: 0.6419 - acc: 0.7575
 960/3458 [=======>......................] - ETA: 2:02 - loss: 0.6335 - acc: 0.7615
 992/3458 [=======>......................] - ETA: 2:01 - loss: 0.6277 - acc: 0.7641
1024/3458 [=======>......................] - ETA: 1:59 - loss: 0.6204 - acc: 0.7686
1056/3458 [========>.....................] - ETA: 1:58 - loss: 0.6226 - acc: 0.7670
1088/3458 [========>.....................] - ETA: 1:56 - loss: 0.6228 - acc: 0.7702
1120/3458 [========>.....................] - ETA: 1:55 - loss: 0.6188 - acc: 0.7714
1152/3458 [========>.....................] - ETA: 1:53 - loss: 0.6121 - acc: 0.7734
1184/3458 [=========>....................] - ETA: 1:51 - loss: 0.6140 - acc: 0.7745
1216/3458 [=========>....................] - ETA: 1:50 - loss: 0.6155 - acc: 0.7730
1248/3458 [=========>....................] - ETA: 1:48 - loss: 0.6159 - acc: 0.7748
1280/3458 [==========>...................] - ETA: 1:47 - loss: 0.6122 - acc: 0.7781
1312/3458 [==========>...................] - ETA: 1:45 - loss: 0.6098 - acc: 0.7782
1344/3458 [==========>...................] - ETA: 1:43 - loss: 0.6122 - acc: 0.7760
1376/3458 [==========>...................] - ETA: 1:42 - loss: 0.6050 - acc: 0.7798
1408/3458 [===========>..................] - ETA: 1:40 - loss: 0.6054 - acc: 0.7798
1440/3458 [===========>..................] - ETA: 1:39 - loss: 0.6029 - acc: 0.7812
1472/3458 [===========>..................] - ETA: 1:37 - loss: 0.6022 - acc: 0.7812
1504/3458 [============>.................] - ETA: 1:36 - loss: 0.5995 - acc: 0.7819
1536/3458 [============>.................] - ETA: 1:34 - loss: 0.5974 - acc: 0.7826
1568/3458 [============>.................] - ETA: 1:33 - loss: 0.5967 - acc: 0.7832
1600/3458 [============>.................] - ETA: 1:31 - loss: 0.5919 - acc: 0.7850
1632/3458 [=============>................] - ETA: 1:29 - loss: 0.5918 - acc: 0.7849
1664/3458 [=============>................] - ETA: 1:28 - loss: 0.5885 - acc: 0.7861
1696/3458 [=============>................] - ETA: 1:26 - loss: 0.5880 - acc: 0.7866
1728/3458 [=============>................] - ETA: 1:25 - loss: 0.5894 - acc: 0.7853
1760/3458 [==============>...............] - ETA: 1:23 - loss: 0.5865 - acc: 0.7869
1792/3458 [==============>...............] - ETA: 1:22 - loss: 0.5826 - acc: 0.7885
1824/3458 [==============>...............] - ETA: 1:20 - loss: 0.5809 - acc: 0.7884
1856/3458 [===============>..............] - ETA: 1:18 - loss: 0.5800 - acc: 0.7883
1888/3458 [===============>..............] - ETA: 1:17 - loss: 0.5802 - acc: 0.7887
1920/3458 [===============>..............] - ETA: 1:15 - loss: 0.5772 - acc: 0.7896
1952/3458 [===============>..............] - ETA: 1:14 - loss: 0.5783 - acc: 0.7894
1984/3458 [================>.............] - ETA: 1:12 - loss: 0.5780 - acc: 0.7908
2016/3458 [================>.............] - ETA: 1:11 - loss: 0.5771 - acc: 0.7902
2048/3458 [================>.............] - ETA: 1:09 - loss: 0.5726 - acc: 0.7920
2080/3458 [=================>............] - ETA: 1:07 - loss: 0.5741 - acc: 0.7918
2112/3458 [=================>............] - ETA: 1:06 - loss: 0.5717 - acc: 0.7921
2144/3458 [=================>............] - ETA: 1:04 - loss: 0.5696 - acc: 0.7929
2176/3458 [=================>............] - ETA: 1:03 - loss: 0.5715 - acc: 0.7914
2208/3458 [==================>...........] - ETA: 1:01 - loss: 0.5735 - acc: 0.7903
2240/3458 [==================>...........] - ETA: 1:00 - loss: 0.5733 - acc: 0.7906
2272/3458 [==================>...........] - ETA: 58s - loss: 0.5724 - acc: 0.7909 
2304/3458 [==================>...........] - ETA: 56s - loss: 0.5711 - acc: 0.7917
2336/3458 [===================>..........] - ETA: 55s - loss: 0.5693 - acc: 0.7924
2368/3458 [===================>..........] - ETA: 53s - loss: 0.5719 - acc: 0.7918
2400/3458 [===================>..........] - ETA: 52s - loss: 0.5706 - acc: 0.7921
2432/3458 [====================>.........] - ETA: 50s - loss: 0.5692 - acc: 0.7924
2464/3458 [====================>.........] - ETA: 49s - loss: 0.5648 - acc: 0.7938
2496/3458 [====================>.........] - ETA: 47s - loss: 0.5672 - acc: 0.7941
2528/3458 [====================>.........] - ETA: 45s - loss: 0.5698 - acc: 0.7943
2560/3458 [=====================>........] - ETA: 44s - loss: 0.5690 - acc: 0.7941
2592/3458 [=====================>........] - ETA: 42s - loss: 0.5656 - acc: 0.7959
2624/3458 [=====================>........] - ETA: 41s - loss: 0.5650 - acc: 0.7957
2656/3458 [======================>.......] - ETA: 39s - loss: 0.5634 - acc: 0.7959
2688/3458 [======================>.......] - ETA: 37s - loss: 0.5628 - acc: 0.7958
2720/3458 [======================>.......] - ETA: 36s - loss: 0.5645 - acc: 0.7949
2752/3458 [======================>.......] - ETA: 34s - loss: 0.5617 - acc: 0.7958
2784/3458 [=======================>......] - ETA: 33s - loss: 0.5638 - acc: 0.7949
2816/3458 [=======================>......] - ETA: 31s - loss: 0.5620 - acc: 0.7951
2848/3458 [=======================>......] - ETA: 30s - loss: 0.5608 - acc: 0.7963
2880/3458 [=======================>......] - ETA: 28s - loss: 0.5587 - acc: 0.7972
2912/3458 [========================>.....] - ETA: 26s - loss: 0.5580 - acc: 0.7957
2944/3458 [========================>.....] - ETA: 25s - loss: 0.5585 - acc: 0.7962
2976/3458 [========================>.....] - ETA: 23s - loss: 0.5566 - acc: 0.7967
3008/3458 [=========================>....] - ETA: 22s - loss: 0.5559 - acc: 0.7975
3040/3458 [=========================>....] - ETA: 20s - loss: 0.5531 - acc: 0.7987
3072/3458 [=========================>....] - ETA: 19s - loss: 0.5513 - acc: 0.8001
3104/3458 [=========================>....] - ETA: 17s - loss: 0.5508 - acc: 0.7996
3136/3458 [==========================>...] - ETA: 15s - loss: 0.5518 - acc: 0.7988
3168/3458 [==========================>...] - ETA: 14s - loss: 0.5512 - acc: 0.7996
3200/3458 [==========================>...] - ETA: 12s - loss: 0.5527 - acc: 0.7984
3232/3458 [===========================>..] - ETA: 11s - loss: 0.5521 - acc: 0.7989
3264/3458 [===========================>..] - ETA: 9s - loss: 0.5528 - acc: 0.7981 
3296/3458 [===========================>..] - ETA: 7s - loss: 0.5555 - acc: 0.7967
3328/3458 [===========================>..] - ETA: 6s - loss: 0.5560 - acc: 0.7972
3360/3458 [============================>.] - ETA: 4s - loss: 0.5526 - acc: 0.7985
3392/3458 [============================>.] - ETA: 3s - loss: 0.5506 - acc: 0.7986
3424/3458 [============================>.] - ETA: 1s - loss: 0.5488 - acc: 0.7996
3456/3458 [============================>.] - ETA: 0s - loss: 0.5476 - acc: 0.8001
3458/3458 [==============================] - 171s 49ms/sample - loss: 0.5473 - acc: 0.8002

 32/865 [>.............................] - ETA: 7s - loss: 1.4688 - acc: 0.5938
 64/865 [=>............................] - ETA: 7s - loss: 1.5698 - acc: 0.5625
 96/865 [==>...........................] - ETA: 6s - loss: 1.3569 - acc: 0.5729
128/865 [===>..........................] - ETA: 6s - loss: 1.3008 - acc: 0.5625
160/865 [====>.........................] - ETA: 6s - loss: 1.4037 - acc: 0.5500
192/865 [=====>........................] - ETA: 6s - loss: 1.4277 - acc: 0.5260
224/865 [======>.......................] - ETA: 5s - loss: 1.3717 - acc: 0.5491
256/865 [=======>......................] - ETA: 5s - loss: 1.3560 - acc: 0.5664
288/865 [========>.....................] - ETA: 5s - loss: 1.3782 - acc: 0.5417
320/865 [==========>...................] - ETA: 4s - loss: 1.3696 - acc: 0.5406
352/865 [===========>..................] - ETA: 4s - loss: 1.3159 - acc: 0.5540
384/865 [============>.................] - ETA: 4s - loss: 1.3845 - acc: 0.5521
416/865 [=============>................] - ETA: 4s - loss: 1.3338 - acc: 0.5649
448/865 [==============>...............] - ETA: 3s - loss: 1.3905 - acc: 0.5558
480/865 [===============>..............] - ETA: 3s - loss: 1.3738 - acc: 0.5500
512/865 [================>.............] - ETA: 3s - loss: 1.3594 - acc: 0.5527
544/865 [=================>............] - ETA: 2s - loss: 1.3701 - acc: 0.5496
576/865 [==================>...........] - ETA: 2s - loss: 1.3627 - acc: 0.5503
608/865 [====================>.........] - ETA: 2s - loss: 1.3586 - acc: 0.5493
640/865 [=====================>........] - ETA: 2s - loss: 1.3748 - acc: 0.5500
672/865 [======================>.......] - ETA: 1s - loss: 1.3605 - acc: 0.5580
704/865 [=======================>......] - ETA: 1s - loss: 1.3532 - acc: 0.5639
736/865 [========================>.....] - ETA: 1s - loss: 1.3828 - acc: 0.5611
768/865 [=========================>....] - ETA: 0s - loss: 1.3706 - acc: 0.5625
800/865 [==========================>...] - ETA: 0s - loss: 1.3640 - acc: 0.5638
832/865 [===========================>..] - ETA: 0s - loss: 1.3584 - acc: 0.5685
864/865 [============================>.] - ETA: 0s - loss: 1.3502 - acc: 0.5741
865/865 [==============================] - 8s 9ms/sample - loss: 1.3492 - acc: 0.5746

  32/3458 [..............................] - ETA: 2:44 - loss: 0.2959 - acc: 0.9375
  64/3458 [..............................] - ETA: 2:45 - loss: 0.2281 - acc: 0.9375
  96/3458 [..............................] - ETA: 2:44 - loss: 0.2494 - acc: 0.9271
 128/3458 [>.............................] - ETA: 2:41 - loss: 0.2856 - acc: 0.9062
 160/3458 [>.............................] - ETA: 2:40 - loss: 0.2872 - acc: 0.9125
 192/3458 [>.............................] - ETA: 2:39 - loss: 0.3199 - acc: 0.8854
 224/3458 [>.............................] - ETA: 2:37 - loss: 0.3166 - acc: 0.8884
 256/3458 [=>............................] - ETA: 2:36 - loss: 0.3354 - acc: 0.8789
 288/3458 [=>............................] - ETA: 2:34 - loss: 0.3162 - acc: 0.8889
 320/3458 [=>............................] - ETA: 2:33 - loss: 0.3046 - acc: 0.8938
 352/3458 [==>...........................] - ETA: 2:31 - loss: 0.3147 - acc: 0.8920
 384/3458 [==>...........................] - ETA: 2:30 - loss: 0.3122 - acc: 0.8932
 416/3458 [==>...........................] - ETA: 2:29 - loss: 0.3022 - acc: 0.8966
 448/3458 [==>...........................] - ETA: 2:27 - loss: 0.2958 - acc: 0.9018
 480/3458 [===>..........................] - ETA: 2:25 - loss: 0.2934 - acc: 0.9042
 512/3458 [===>..........................] - ETA: 2:24 - loss: 0.2968 - acc: 0.9043
 544/3458 [===>..........................] - ETA: 2:22 - loss: 0.2951 - acc: 0.9044
 576/3458 [===>..........................] - ETA: 2:21 - loss: 0.2885 - acc: 0.9062
 608/3458 [====>.........................] - ETA: 2:19 - loss: 0.2846 - acc: 0.9062
 640/3458 [====>.........................] - ETA: 2:18 - loss: 0.2910 - acc: 0.9062
 672/3458 [====>.........................] - ETA: 2:16 - loss: 0.2851 - acc: 0.9077
 704/3458 [=====>........................] - ETA: 2:15 - loss: 0.2796 - acc: 0.9105
 736/3458 [=====>........................] - ETA: 2:13 - loss: 0.2812 - acc: 0.9103
 768/3458 [=====>........................] - ETA: 2:12 - loss: 0.2743 - acc: 0.9128
 800/3458 [=====>........................] - ETA: 2:10 - loss: 0.2712 - acc: 0.9137
 832/3458 [======>.......................] - ETA: 2:09 - loss: 0.2660 - acc: 0.9159
 864/3458 [======>.......................] - ETA: 2:07 - loss: 0.2639 - acc: 0.9155
 896/3458 [======>.......................] - ETA: 2:05 - loss: 0.2606 - acc: 0.9163
 928/3458 [=======>......................] - ETA: 2:04 - loss: 0.2577 - acc: 0.9159
 960/3458 [=======>......................] - ETA: 2:02 - loss: 0.2587 - acc: 0.9156
 992/3458 [=======>......................] - ETA: 2:01 - loss: 0.2577 - acc: 0.9153
1024/3458 [=======>......................] - ETA: 1:59 - loss: 0.2532 - acc: 0.9170
1056/3458 [========>.....................] - ETA: 1:58 - loss: 0.2531 - acc: 0.9167
1088/3458 [========>.....................] - ETA: 1:56 - loss: 0.2544 - acc: 0.9164
1120/3458 [========>.....................] - ETA: 1:54 - loss: 0.2496 - acc: 0.9187
1152/3458 [========>.....................] - ETA: 1:53 - loss: 0.2463 - acc: 0.9201
1184/3458 [=========>....................] - ETA: 1:51 - loss: 0.2512 - acc: 0.9206
1216/3458 [=========>....................] - ETA: 1:50 - loss: 0.2493 - acc: 0.9211
1248/3458 [=========>....................] - ETA: 1:48 - loss: 0.2478 - acc: 0.9199
1280/3458 [==========>...................] - ETA: 1:47 - loss: 0.2436 - acc: 0.9219
1312/3458 [==========>...................] - ETA: 1:45 - loss: 0.2422 - acc: 0.9230
1344/3458 [==========>...................] - ETA: 1:43 - loss: 0.2396 - acc: 0.9241
1376/3458 [==========>...................] - ETA: 1:42 - loss: 0.2437 - acc: 0.9215
1408/3458 [===========>..................] - ETA: 1:40 - loss: 0.2424 - acc: 0.9226
1440/3458 [===========>..................] - ETA: 1:39 - loss: 0.2431 - acc: 0.9215
1472/3458 [===========>..................] - ETA: 1:37 - loss: 0.2400 - acc: 0.9226
1504/3458 [============>.................] - ETA: 1:36 - loss: 0.2420 - acc: 0.9222
1536/3458 [============>.................] - ETA: 1:34 - loss: 0.2412 - acc: 0.9212
1568/3458 [============>.................] - ETA: 1:32 - loss: 0.2433 - acc: 0.9209
1600/3458 [============>.................] - ETA: 1:31 - loss: 0.2443 - acc: 0.9200
1632/3458 [=============>................] - ETA: 1:29 - loss: 0.2458 - acc: 0.9191
1664/3458 [=============>................] - ETA: 1:28 - loss: 0.2484 - acc: 0.9183
1696/3458 [=============>................] - ETA: 1:26 - loss: 0.2481 - acc: 0.9175
1728/3458 [=============>................] - ETA: 1:25 - loss: 0.2494 - acc: 0.9149
1760/3458 [==============>...............] - ETA: 1:23 - loss: 0.2503 - acc: 0.9153
1792/3458 [==============>...............] - ETA: 1:21 - loss: 0.2484 - acc: 0.9163
1824/3458 [==============>...............] - ETA: 1:20 - loss: 0.2471 - acc: 0.9172
1856/3458 [===============>..............] - ETA: 1:18 - loss: 0.2468 - acc: 0.9165
1888/3458 [===============>..............] - ETA: 1:17 - loss: 0.2469 - acc: 0.9163
1920/3458 [===============>..............] - ETA: 1:15 - loss: 0.2463 - acc: 0.9161
1952/3458 [===============>..............] - ETA: 1:14 - loss: 0.2482 - acc: 0.9160
1984/3458 [================>.............] - ETA: 1:12 - loss: 0.2487 - acc: 0.9158
2016/3458 [================>.............] - ETA: 1:10 - loss: 0.2474 - acc: 0.9172
2048/3458 [================>.............] - ETA: 1:09 - loss: 0.2482 - acc: 0.9165
2080/3458 [=================>............] - ETA: 1:07 - loss: 0.2480 - acc: 0.9163
2112/3458 [=================>............] - ETA: 1:06 - loss: 0.2490 - acc: 0.9152
2144/3458 [=================>............] - ETA: 1:04 - loss: 0.2498 - acc: 0.9151
2176/3458 [=================>............] - ETA: 1:02 - loss: 0.2491 - acc: 0.9150
2208/3458 [==================>...........] - ETA: 1:01 - loss: 0.2485 - acc: 0.9158
2240/3458 [==================>...........] - ETA: 59s - loss: 0.2475 - acc: 0.9165 
2272/3458 [==================>...........] - ETA: 58s - loss: 0.2461 - acc: 0.9168
2304/3458 [==================>...........] - ETA: 56s - loss: 0.2448 - acc: 0.9175
2336/3458 [===================>..........] - ETA: 55s - loss: 0.2426 - acc: 0.9187
2368/3458 [===================>..........] - ETA: 53s - loss: 0.2424 - acc: 0.9189
2400/3458 [===================>..........] - ETA: 51s - loss: 0.2428 - acc: 0.9175
2432/3458 [====================>.........] - ETA: 50s - loss: 0.2485 - acc: 0.9161
2464/3458 [====================>.........] - ETA: 48s - loss: 0.2476 - acc: 0.9164
2496/3458 [====================>.........] - ETA: 47s - loss: 0.2470 - acc: 0.9171
2528/3458 [====================>.........] - ETA: 45s - loss: 0.2494 - acc: 0.9161
2560/3458 [=====================>........] - ETA: 44s - loss: 0.2485 - acc: 0.9160
2592/3458 [=====================>........] - ETA: 42s - loss: 0.2482 - acc: 0.9159
2624/3458 [=====================>........] - ETA: 40s - loss: 0.2498 - acc: 0.9146
2656/3458 [======================>.......] - ETA: 39s - loss: 0.2493 - acc: 0.9149
2688/3458 [======================>.......] - ETA: 37s - loss: 0.2482 - acc: 0.9156
2720/3458 [======================>.......] - ETA: 36s - loss: 0.2513 - acc: 0.9147
2752/3458 [======================>.......] - ETA: 34s - loss: 0.2522 - acc: 0.9139
2784/3458 [=======================>......] - ETA: 33s - loss: 0.2542 - acc: 0.9134
2816/3458 [=======================>......] - ETA: 31s - loss: 0.2559 - acc: 0.9123
2848/3458 [=======================>......] - ETA: 29s - loss: 0.2569 - acc: 0.9119
2880/3458 [=======================>......] - ETA: 28s - loss: 0.2569 - acc: 0.9118
2912/3458 [========================>.....] - ETA: 26s - loss: 0.2566 - acc: 0.9121
2944/3458 [========================>.....] - ETA: 25s - loss: 0.2583 - acc: 0.9110
2976/3458 [========================>.....] - ETA: 23s - loss: 0.2599 - acc: 0.9103
3008/3458 [=========================>....] - ETA: 22s - loss: 0.2608 - acc: 0.9102
3040/3458 [=========================>....] - ETA: 20s - loss: 0.2616 - acc: 0.9099
3072/3458 [=========================>....] - ETA: 18s - loss: 0.2626 - acc: 0.9095
3104/3458 [=========================>....] - ETA: 17s - loss: 0.2634 - acc: 0.9095
3136/3458 [==========================>...] - ETA: 15s - loss: 0.2636 - acc: 0.9094
3168/3458 [==========================>...] - ETA: 14s - loss: 0.2650 - acc: 0.9085
3200/3458 [==========================>...] - ETA: 12s - loss: 0.2641 - acc: 0.9087
3232/3458 [===========================>..] - ETA: 11s - loss: 0.2645 - acc: 0.9084
3264/3458 [===========================>..] - ETA: 9s - loss: 0.2653 - acc: 0.9078 
3296/3458 [===========================>..] - ETA: 7s - loss: 0.2640 - acc: 0.9084
3328/3458 [===========================>..] - ETA: 6s - loss: 0.2630 - acc: 0.9087
3360/3458 [============================>.] - ETA: 4s - loss: 0.2624 - acc: 0.9089
3392/3458 [============================>.] - ETA: 3s - loss: 0.2663 - acc: 0.9080
3424/3458 [============================>.] - ETA: 1s - loss: 0.2654 - acc: 0.9083
3456/3458 [============================>.] - ETA: 0s - loss: 0.2661 - acc: 0.9074
3458/3458 [==============================] - 171s 49ms/sample - loss: 0.2672 - acc: 0.9072

 32/865 [>.............................] - ETA: 7s - loss: 2.0821 - acc: 0.5000
 64/865 [=>............................] - ETA: 7s - loss: 2.0780 - acc: 0.4688
 96/865 [==>...........................] - ETA: 6s - loss: 1.7983 - acc: 0.5104
128/865 [===>..........................] - ETA: 6s - loss: 1.7184 - acc: 0.5000
160/865 [====>.........................] - ETA: 6s - loss: 1.7308 - acc: 0.5125
192/865 [=====>........................] - ETA: 6s - loss: 1.7500 - acc: 0.4844
224/865 [======>.......................] - ETA: 5s - loss: 1.6397 - acc: 0.5268
256/865 [=======>......................] - ETA: 5s - loss: 1.6031 - acc: 0.5273
288/865 [========>.....................] - ETA: 5s - loss: 1.6303 - acc: 0.5000
320/865 [==========>...................] - ETA: 4s - loss: 1.5830 - acc: 0.5063
352/865 [===========>..................] - ETA: 4s - loss: 1.5542 - acc: 0.5256
384/865 [============>.................] - ETA: 4s - loss: 1.6648 - acc: 0.5208
416/865 [=============>................] - ETA: 4s - loss: 1.5810 - acc: 0.5361
448/865 [==============>...............] - ETA: 3s - loss: 1.6511 - acc: 0.5357
480/865 [===============>..............] - ETA: 3s - loss: 1.6546 - acc: 0.5375
512/865 [================>.............] - ETA: 3s - loss: 1.6432 - acc: 0.5391
544/865 [=================>............] - ETA: 2s - loss: 1.6356 - acc: 0.5312
576/865 [==================>...........] - ETA: 2s - loss: 1.6273 - acc: 0.5347
608/865 [====================>.........] - ETA: 2s - loss: 1.6302 - acc: 0.5312
640/865 [=====================>........] - ETA: 2s - loss: 1.6661 - acc: 0.5266
672/865 [======================>.......] - ETA: 1s - loss: 1.6527 - acc: 0.5312
704/865 [=======================>......] - ETA: 1s - loss: 1.6332 - acc: 0.5369
736/865 [========================>.....] - ETA: 1s - loss: 1.6591 - acc: 0.5340
768/865 [=========================>....] - ETA: 0s - loss: 1.6547 - acc: 0.5365
800/865 [==========================>...] - ETA: 0s - loss: 1.6458 - acc: 0.5337
832/865 [===========================>..] - ETA: 0s - loss: 1.6446 - acc: 0.5337
864/865 [============================>.] - ETA: 0s - loss: 1.6348 - acc: 0.5394
865/865 [==============================] - 8s 9ms/sample - loss: 1.6334 - acc: 0.5399
