For Dropout_1=0.7 Dropout_2=0.9
daisy loaded
dandelion loaded
rose loaded
sunflower loaded
tulip loaded

  32/3458 [..............................] - ETA: 3:09 - loss: 1.6935 - acc: 0.2500
  64/3458 [..............................] - ETA: 2:58 - loss: 5.5623 - acc: 0.2812
  96/3458 [..............................] - ETA: 2:53 - loss: 6.8572 - acc: 0.2500
 128/3458 [>.............................] - ETA: 2:49 - loss: 6.1976 - acc: 0.2734
 160/3458 [>.............................] - ETA: 2:47 - loss: 5.3166 - acc: 0.2375
 192/3458 [>.............................] - ETA: 2:44 - loss: 4.7011 - acc: 0.2344
 224/3458 [>.............................] - ETA: 2:42 - loss: 4.2593 - acc: 0.2321
 256/3458 [=>............................] - ETA: 2:40 - loss: 3.9289 - acc: 0.2188
 288/3458 [=>............................] - ETA: 2:38 - loss: 3.6727 - acc: 0.2083
 320/3458 [=>............................] - ETA: 2:36 - loss: 3.4668 - acc: 0.2031
 352/3458 [==>...........................] - ETA: 2:34 - loss: 3.2984 - acc: 0.2102
 384/3458 [==>...........................] - ETA: 2:33 - loss: 3.1574 - acc: 0.2135
 416/3458 [==>...........................] - ETA: 2:31 - loss: 3.0384 - acc: 0.2091
 448/3458 [==>...........................] - ETA: 2:29 - loss: 2.9362 - acc: 0.2165
 480/3458 [===>..........................] - ETA: 2:28 - loss: 2.8479 - acc: 0.2083
 512/3458 [===>..........................] - ETA: 2:26 - loss: 2.7700 - acc: 0.2070
 544/3458 [===>..........................] - ETA: 2:25 - loss: 2.7002 - acc: 0.2114
 576/3458 [===>..........................] - ETA: 2:23 - loss: 2.6405 - acc: 0.2101
 608/3458 [====>.........................] - ETA: 2:21 - loss: 2.5850 - acc: 0.2155
 640/3458 [====>.........................] - ETA: 2:20 - loss: 2.5349 - acc: 0.2125
 672/3458 [====>.........................] - ETA: 2:18 - loss: 2.4878 - acc: 0.2143
 704/3458 [=====>........................] - ETA: 2:16 - loss: 2.4453 - acc: 0.2173
 736/3458 [=====>........................] - ETA: 2:15 - loss: 2.4036 - acc: 0.2188
 768/3458 [=====>........................] - ETA: 2:13 - loss: 2.3678 - acc: 0.2214
 800/3458 [=====>........................] - ETA: 2:11 - loss: 2.3329 - acc: 0.2275
 832/3458 [======>.......................] - ETA: 2:10 - loss: 2.2981 - acc: 0.2320
 864/3458 [======>.......................] - ETA: 2:08 - loss: 2.2732 - acc: 0.2280
 896/3458 [======>.......................] - ETA: 2:07 - loss: 2.2506 - acc: 0.2254
 928/3458 [=======>......................] - ETA: 2:05 - loss: 2.2277 - acc: 0.2284
 960/3458 [=======>......................] - ETA: 2:03 - loss: 2.2056 - acc: 0.2323
 992/3458 [=======>......................] - ETA: 2:02 - loss: 2.1863 - acc: 0.2339
1024/3458 [=======>......................] - ETA: 2:00 - loss: 2.1688 - acc: 0.2334
1056/3458 [========>.....................] - ETA: 1:59 - loss: 2.1488 - acc: 0.2358
1088/3458 [========>.....................] - ETA: 1:57 - loss: 2.1317 - acc: 0.2381
1120/3458 [========>.....................] - ETA: 1:55 - loss: 2.1143 - acc: 0.2420
1152/3458 [========>.....................] - ETA: 1:54 - loss: 2.0996 - acc: 0.2431
1184/3458 [=========>....................] - ETA: 1:52 - loss: 2.0843 - acc: 0.2441
1216/3458 [=========>....................] - ETA: 1:51 - loss: 2.0682 - acc: 0.2451
1248/3458 [=========>....................] - ETA: 1:49 - loss: 2.0535 - acc: 0.2500
1280/3458 [==========>...................] - ETA: 1:47 - loss: 2.0397 - acc: 0.2516
1312/3458 [==========>...................] - ETA: 1:46 - loss: 2.0243 - acc: 0.2546
1344/3458 [==========>...................] - ETA: 1:44 - loss: 2.0159 - acc: 0.2530
1376/3458 [==========>...................] - ETA: 1:43 - loss: 2.0018 - acc: 0.2536
1408/3458 [===========>..................] - ETA: 1:41 - loss: 1.9918 - acc: 0.2536
1440/3458 [===========>..................] - ETA: 1:39 - loss: 1.9805 - acc: 0.2569
1472/3458 [===========>..................] - ETA: 1:38 - loss: 1.9707 - acc: 0.2602
1504/3458 [============>.................] - ETA: 1:36 - loss: 1.9595 - acc: 0.2660
1536/3458 [============>.................] - ETA: 1:35 - loss: 1.9505 - acc: 0.2676
1568/3458 [============>.................] - ETA: 1:33 - loss: 1.9404 - acc: 0.2710
1600/3458 [============>.................] - ETA: 1:31 - loss: 1.9362 - acc: 0.2725
1632/3458 [=============>................] - ETA: 1:30 - loss: 1.9280 - acc: 0.2757
1664/3458 [=============>................] - ETA: 1:28 - loss: 1.9222 - acc: 0.2758
1696/3458 [=============>................] - ETA: 1:27 - loss: 1.9130 - acc: 0.2765
1728/3458 [=============>................] - ETA: 1:25 - loss: 1.9062 - acc: 0.2778
1760/3458 [==============>...............] - ETA: 1:24 - loss: 1.9022 - acc: 0.2795
1792/3458 [==============>...............] - ETA: 1:22 - loss: 1.8952 - acc: 0.2807
1824/3458 [==============>...............] - ETA: 1:20 - loss: 1.8874 - acc: 0.2834
1856/3458 [===============>..............] - ETA: 1:19 - loss: 1.8846 - acc: 0.2872
1888/3458 [===============>..............] - ETA: 1:17 - loss: 1.8793 - acc: 0.2876
1920/3458 [===============>..............] - ETA: 1:16 - loss: 1.8742 - acc: 0.2891
1952/3458 [===============>..............] - ETA: 1:14 - loss: 1.8685 - acc: 0.2900
1984/3458 [================>.............] - ETA: 1:12 - loss: 1.8625 - acc: 0.2923
2016/3458 [================>.............] - ETA: 1:11 - loss: 1.8554 - acc: 0.2966
2048/3458 [================>.............] - ETA: 1:09 - loss: 1.8516 - acc: 0.2979
2080/3458 [=================>............] - ETA: 1:08 - loss: 1.8460 - acc: 0.2990
2112/3458 [=================>............] - ETA: 1:06 - loss: 1.8402 - acc: 0.3016
2144/3458 [=================>............] - ETA: 1:04 - loss: 1.8343 - acc: 0.3041
2176/3458 [=================>............] - ETA: 1:03 - loss: 1.8294 - acc: 0.3065
2208/3458 [==================>...........] - ETA: 1:01 - loss: 1.8235 - acc: 0.3080
2240/3458 [==================>...........] - ETA: 1:00 - loss: 1.8166 - acc: 0.3094
2272/3458 [==================>...........] - ETA: 58s - loss: 1.8111 - acc: 0.3116 
2304/3458 [==================>...........] - ETA: 57s - loss: 1.8061 - acc: 0.3112
2336/3458 [===================>..........] - ETA: 55s - loss: 1.8021 - acc: 0.3108
2368/3458 [===================>..........] - ETA: 53s - loss: 1.8062 - acc: 0.3117
2400/3458 [===================>..........] - ETA: 52s - loss: 1.8016 - acc: 0.3133
2432/3458 [====================>.........] - ETA: 50s - loss: 1.7958 - acc: 0.3137
2464/3458 [====================>.........] - ETA: 49s - loss: 1.7941 - acc: 0.3137
2496/3458 [====================>.........] - ETA: 47s - loss: 1.7896 - acc: 0.3161
2528/3458 [====================>.........] - ETA: 46s - loss: 1.7857 - acc: 0.3153
2560/3458 [=====================>........] - ETA: 44s - loss: 1.7810 - acc: 0.3152
2592/3458 [=====================>........] - ETA: 42s - loss: 1.7768 - acc: 0.3164
2624/3458 [=====================>........] - ETA: 41s - loss: 1.7712 - acc: 0.3186
2656/3458 [======================>.......] - ETA: 39s - loss: 1.7693 - acc: 0.3193
2688/3458 [======================>.......] - ETA: 38s - loss: 1.7661 - acc: 0.3196
2720/3458 [======================>.......] - ETA: 36s - loss: 1.7630 - acc: 0.3206
2752/3458 [======================>.......] - ETA: 34s - loss: 1.7630 - acc: 0.3205
2784/3458 [=======================>......] - ETA: 33s - loss: 1.7613 - acc: 0.3211
2816/3458 [=======================>......] - ETA: 31s - loss: 1.7576 - acc: 0.3221
2848/3458 [=======================>......] - ETA: 30s - loss: 1.7538 - acc: 0.3237
2880/3458 [=======================>......] - ETA: 28s - loss: 1.7515 - acc: 0.3253
2912/3458 [========================>.....] - ETA: 26s - loss: 1.7481 - acc: 0.3259
2944/3458 [========================>.....] - ETA: 25s - loss: 1.7465 - acc: 0.3257
2976/3458 [========================>.....] - ETA: 23s - loss: 1.7428 - acc: 0.3259
3008/3458 [=========================>....] - ETA: 22s - loss: 1.7387 - acc: 0.3261
3040/3458 [=========================>....] - ETA: 20s - loss: 1.7357 - acc: 0.3266
3072/3458 [=========================>....] - ETA: 19s - loss: 1.7328 - acc: 0.3271
3104/3458 [=========================>....] - ETA: 17s - loss: 1.7283 - acc: 0.3283
3136/3458 [==========================>...] - ETA: 15s - loss: 1.7253 - acc: 0.3284
3168/3458 [==========================>...] - ETA: 14s - loss: 1.7227 - acc: 0.3286
3200/3458 [==========================>...] - ETA: 12s - loss: 1.7182 - acc: 0.3309
3232/3458 [===========================>..] - ETA: 11s - loss: 1.7156 - acc: 0.3320
3264/3458 [===========================>..] - ETA: 9s - loss: 1.7144 - acc: 0.3318 
3296/3458 [===========================>..] - ETA: 8s - loss: 1.7146 - acc: 0.3307
3328/3458 [===========================>..] - ETA: 6s - loss: 1.7127 - acc: 0.3314
3360/3458 [============================>.] - ETA: 4s - loss: 1.7097 - acc: 0.3321
3392/3458 [============================>.] - ETA: 3s - loss: 1.7082 - acc: 0.3311
3424/3458 [============================>.] - ETA: 1s - loss: 1.7057 - acc: 0.3315
3456/3458 [============================>.] - ETA: 0s - loss: 1.7038 - acc: 0.3316
3458/3458 [==============================] - 171s 50ms/sample - loss: 1.7038 - acc: 0.3317

 32/865 [>.............................] - ETA: 8s - loss: 1.5255 - acc: 0.2500
 64/865 [=>............................] - ETA: 7s - loss: 1.5326 - acc: 0.2656
 96/865 [==>...........................] - ETA: 7s - loss: 1.5274 - acc: 0.3125
128/865 [===>..........................] - ETA: 6s - loss: 1.5208 - acc: 0.3281
160/865 [====>.........................] - ETA: 6s - loss: 1.5212 - acc: 0.3375
192/865 [=====>........................] - ETA: 6s - loss: 1.5253 - acc: 0.3438
224/865 [======>.......................] - ETA: 5s - loss: 1.5219 - acc: 0.3661
256/865 [=======>......................] - ETA: 5s - loss: 1.5244 - acc: 0.3711
288/865 [========>.....................] - ETA: 5s - loss: 1.5266 - acc: 0.3611
320/865 [==========>...................] - ETA: 4s - loss: 1.5289 - acc: 0.3562
352/865 [===========>..................] - ETA: 4s - loss: 1.5279 - acc: 0.3409
384/865 [============>.................] - ETA: 4s - loss: 1.5345 - acc: 0.3255
416/865 [=============>................] - ETA: 4s - loss: 1.5302 - acc: 0.3462
448/865 [==============>...............] - ETA: 3s - loss: 1.5289 - acc: 0.3527
480/865 [===============>..............] - ETA: 3s - loss: 1.5326 - acc: 0.3458
512/865 [================>.............] - ETA: 3s - loss: 1.5301 - acc: 0.3496
544/865 [=================>............] - ETA: 2s - loss: 1.5308 - acc: 0.3566
576/865 [==================>...........] - ETA: 2s - loss: 1.5297 - acc: 0.3524
608/865 [====================>.........] - ETA: 2s - loss: 1.5320 - acc: 0.3503
640/865 [=====================>........] - ETA: 2s - loss: 1.5309 - acc: 0.3562
672/865 [======================>.......] - ETA: 1s - loss: 1.5270 - acc: 0.3557
704/865 [=======================>......] - ETA: 1s - loss: 1.5290 - acc: 0.3523
736/865 [========================>.....] - ETA: 1s - loss: 1.5300 - acc: 0.3465
768/865 [=========================>....] - ETA: 0s - loss: 1.5304 - acc: 0.3438
800/865 [==========================>...] - ETA: 0s - loss: 1.5291 - acc: 0.3438
832/865 [===========================>..] - ETA: 0s - loss: 1.5275 - acc: 0.3438
864/865 [============================>.] - ETA: 0s - loss: 1.5241 - acc: 0.3472
865/865 [==============================] - 8s 9ms/sample - loss: 1.5243 - acc: 0.3468

  32/3458 [..............................] - ETA: 2:49 - loss: 1.5680 - acc: 0.4062
  64/3458 [..............................] - ETA: 2:47 - loss: 1.5562 - acc: 0.3906
  96/3458 [..............................] - ETA: 2:45 - loss: 1.5595 - acc: 0.3854
 128/3458 [>.............................] - ETA: 2:43 - loss: 1.5450 - acc: 0.3984
 160/3458 [>.............................] - ETA: 2:42 - loss: 1.5502 - acc: 0.3750
 192/3458 [>.............................] - ETA: 2:40 - loss: 1.5388 - acc: 0.3854
 224/3458 [>.............................] - ETA: 2:39 - loss: 1.5360 - acc: 0.3839
 256/3458 [=>............................] - ETA: 2:37 - loss: 1.5364 - acc: 0.3945
 288/3458 [=>............................] - ETA: 2:36 - loss: 1.5371 - acc: 0.3819
 320/3458 [=>............................] - ETA: 2:34 - loss: 1.5640 - acc: 0.3938
 352/3458 [==>...........................] - ETA: 2:32 - loss: 1.5464 - acc: 0.3977
 384/3458 [==>...........................] - ETA: 2:31 - loss: 1.5463 - acc: 0.3984
 416/3458 [==>...........................] - ETA: 2:29 - loss: 1.5371 - acc: 0.4014
 448/3458 [==>...........................] - ETA: 2:28 - loss: 1.5414 - acc: 0.4018
 480/3458 [===>..........................] - ETA: 2:26 - loss: 1.5394 - acc: 0.3958
 512/3458 [===>..........................] - ETA: 2:25 - loss: 1.5388 - acc: 0.3867
 544/3458 [===>..........................] - ETA: 2:23 - loss: 1.5387 - acc: 0.3879
 576/3458 [===>..........................] - ETA: 2:22 - loss: 1.5371 - acc: 0.3872
 608/3458 [====>.........................] - ETA: 2:20 - loss: 1.5303 - acc: 0.3816
 640/3458 [====>.........................] - ETA: 2:19 - loss: 1.5241 - acc: 0.3828
 672/3458 [====>.........................] - ETA: 2:17 - loss: 1.5178 - acc: 0.3839
 704/3458 [=====>........................] - ETA: 2:16 - loss: 1.5137 - acc: 0.3821
 736/3458 [=====>........................] - ETA: 2:14 - loss: 1.5116 - acc: 0.3872
 768/3458 [=====>........................] - ETA: 2:12 - loss: 1.5062 - acc: 0.3880
 800/3458 [=====>........................] - ETA: 2:11 - loss: 1.5120 - acc: 0.3825
 832/3458 [======>.......................] - ETA: 2:09 - loss: 1.5082 - acc: 0.3822
 864/3458 [======>.......................] - ETA: 2:08 - loss: 1.5062 - acc: 0.3819
 896/3458 [======>.......................] - ETA: 2:06 - loss: 1.5015 - acc: 0.3772
 928/3458 [=======>......................] - ETA: 2:04 - loss: 1.4970 - acc: 0.3793
 960/3458 [=======>......................] - ETA: 2:03 - loss: 1.4905 - acc: 0.3823
 992/3458 [=======>......................] - ETA: 2:01 - loss: 1.4969 - acc: 0.3810
1024/3458 [=======>......................] - ETA: 2:00 - loss: 1.4911 - acc: 0.3799
1056/3458 [========>.....................] - ETA: 1:58 - loss: 1.4880 - acc: 0.3778
1088/3458 [========>.....................] - ETA: 1:56 - loss: 1.4852 - acc: 0.3787
1120/3458 [========>.....................] - ETA: 1:55 - loss: 1.4818 - acc: 0.3804
1152/3458 [========>.....................] - ETA: 1:53 - loss: 1.4801 - acc: 0.3811
1184/3458 [=========>....................] - ETA: 1:52 - loss: 1.4763 - acc: 0.3801
1216/3458 [=========>....................] - ETA: 1:50 - loss: 1.4775 - acc: 0.3799
1248/3458 [=========>....................] - ETA: 1:49 - loss: 1.4750 - acc: 0.3806
1280/3458 [==========>...................] - ETA: 1:47 - loss: 1.4761 - acc: 0.3812
1312/3458 [==========>...................] - ETA: 1:45 - loss: 1.4766 - acc: 0.3826
1344/3458 [==========>...................] - ETA: 1:44 - loss: 1.4714 - acc: 0.3839
1376/3458 [==========>...................] - ETA: 1:42 - loss: 1.4751 - acc: 0.3823
1408/3458 [===========>..................] - ETA: 1:41 - loss: 1.4732 - acc: 0.3807
1440/3458 [===========>..................] - ETA: 1:39 - loss: 1.4717 - acc: 0.3826
1472/3458 [===========>..................] - ETA: 1:38 - loss: 1.4724 - acc: 0.3811
1504/3458 [============>.................] - ETA: 1:36 - loss: 1.4710 - acc: 0.3830
1536/3458 [============>.................] - ETA: 1:34 - loss: 1.4698 - acc: 0.3841
1568/3458 [============>.................] - ETA: 1:33 - loss: 1.4670 - acc: 0.3846
1600/3458 [============>.................] - ETA: 1:31 - loss: 1.4663 - acc: 0.3869
1632/3458 [=============>................] - ETA: 1:30 - loss: 1.4652 - acc: 0.3879
1664/3458 [=============>................] - ETA: 1:28 - loss: 1.4640 - acc: 0.3876
1696/3458 [=============>................] - ETA: 1:26 - loss: 1.4639 - acc: 0.3868
1728/3458 [=============>................] - ETA: 1:25 - loss: 1.4619 - acc: 0.3872
1760/3458 [==============>...............] - ETA: 1:23 - loss: 1.4625 - acc: 0.3864
1792/3458 [==============>...............] - ETA: 1:22 - loss: 1.4601 - acc: 0.3862
1824/3458 [==============>...............] - ETA: 1:20 - loss: 1.4600 - acc: 0.3843
1856/3458 [===============>..............] - ETA: 1:19 - loss: 1.4565 - acc: 0.3852
1888/3458 [===============>..............] - ETA: 1:17 - loss: 1.4548 - acc: 0.3867
1920/3458 [===============>..............] - ETA: 1:15 - loss: 1.4521 - acc: 0.3870
1952/3458 [===============>..............] - ETA: 1:14 - loss: 1.4521 - acc: 0.3888
1984/3458 [================>.............] - ETA: 1:12 - loss: 1.4519 - acc: 0.3871
2016/3458 [================>.............] - ETA: 1:11 - loss: 1.4505 - acc: 0.3879
2048/3458 [================>.............] - ETA: 1:09 - loss: 1.4499 - acc: 0.3867
2080/3458 [=================>............] - ETA: 1:07 - loss: 1.4486 - acc: 0.3875
2112/3458 [=================>............] - ETA: 1:06 - loss: 1.4480 - acc: 0.3868
2144/3458 [=================>............] - ETA: 1:04 - loss: 1.4490 - acc: 0.3839
2176/3458 [=================>............] - ETA: 1:03 - loss: 1.4491 - acc: 0.3824
2208/3458 [==================>...........] - ETA: 1:01 - loss: 1.4492 - acc: 0.3827
2240/3458 [==================>...........] - ETA: 1:00 - loss: 1.4485 - acc: 0.3826
2272/3458 [==================>...........] - ETA: 58s - loss: 1.4475 - acc: 0.3842 
2304/3458 [==================>...........] - ETA: 56s - loss: 1.4481 - acc: 0.3832
2336/3458 [===================>..........] - ETA: 55s - loss: 1.4460 - acc: 0.3818
2368/3458 [===================>..........] - ETA: 53s - loss: 1.4441 - acc: 0.3826
2400/3458 [===================>..........] - ETA: 52s - loss: 1.4469 - acc: 0.3829
2432/3458 [====================>.........] - ETA: 50s - loss: 1.4474 - acc: 0.3828
2464/3458 [====================>.........] - ETA: 48s - loss: 1.4449 - acc: 0.3835
2496/3458 [====================>.........] - ETA: 47s - loss: 1.4433 - acc: 0.3830
2528/3458 [====================>.........] - ETA: 45s - loss: 1.4453 - acc: 0.3833
2560/3458 [=====================>........] - ETA: 44s - loss: 1.4507 - acc: 0.3848
2592/3458 [=====================>........] - ETA: 42s - loss: 1.4490 - acc: 0.3846
2624/3458 [=====================>........] - ETA: 41s - loss: 1.4488 - acc: 0.3849
2656/3458 [======================>.......] - ETA: 39s - loss: 1.4493 - acc: 0.3844
2688/3458 [======================>.......] - ETA: 37s - loss: 1.4487 - acc: 0.3850
2720/3458 [======================>.......] - ETA: 36s - loss: 1.4499 - acc: 0.3849
2752/3458 [======================>.......] - ETA: 34s - loss: 1.4496 - acc: 0.3852
2784/3458 [=======================>......] - ETA: 33s - loss: 1.4497 - acc: 0.3861
2816/3458 [=======================>......] - ETA: 31s - loss: 1.4482 - acc: 0.3857
2848/3458 [=======================>......] - ETA: 30s - loss: 1.4484 - acc: 0.3845
2880/3458 [=======================>......] - ETA: 28s - loss: 1.4483 - acc: 0.3847
2912/3458 [========================>.....] - ETA: 26s - loss: 1.4479 - acc: 0.3850
2944/3458 [========================>.....] - ETA: 25s - loss: 1.4465 - acc: 0.3859
2976/3458 [========================>.....] - ETA: 23s - loss: 1.4493 - acc: 0.3864
3008/3458 [=========================>....] - ETA: 22s - loss: 1.4488 - acc: 0.3873
3040/3458 [=========================>....] - ETA: 20s - loss: 1.4492 - acc: 0.3868
3072/3458 [=========================>....] - ETA: 19s - loss: 1.4477 - acc: 0.3883
3104/3458 [=========================>....] - ETA: 17s - loss: 1.4477 - acc: 0.3889
3136/3458 [==========================>...] - ETA: 15s - loss: 1.4466 - acc: 0.3903
3168/3458 [==========================>...] - ETA: 14s - loss: 1.4453 - acc: 0.3914
3200/3458 [==========================>...] - ETA: 12s - loss: 1.4446 - acc: 0.3922
3232/3458 [===========================>..] - ETA: 11s - loss: 1.4436 - acc: 0.3936
3264/3458 [===========================>..] - ETA: 9s - loss: 1.4457 - acc: 0.3937 
3296/3458 [===========================>..] - ETA: 7s - loss: 1.4464 - acc: 0.3935
3328/3458 [===========================>..] - ETA: 6s - loss: 1.4475 - acc: 0.3936
3360/3458 [============================>.] - ETA: 4s - loss: 1.4465 - acc: 0.3946
3392/3458 [============================>.] - ETA: 3s - loss: 1.4456 - acc: 0.3939
3424/3458 [============================>.] - ETA: 1s - loss: 1.4455 - acc: 0.3943
3456/3458 [============================>.] - ETA: 0s - loss: 1.4444 - acc: 0.3947
3458/3458 [==============================] - 171s 49ms/sample - loss: 1.4444 - acc: 0.3947

 32/865 [>.............................] - ETA: 7s - loss: 1.3203 - acc: 0.4375
 64/865 [=>............................] - ETA: 7s - loss: 1.3037 - acc: 0.4062
 96/865 [==>...........................] - ETA: 6s - loss: 1.2983 - acc: 0.4167
128/865 [===>..........................] - ETA: 6s - loss: 1.3061 - acc: 0.4297
160/865 [====>.........................] - ETA: 6s - loss: 1.3137 - acc: 0.4250
192/865 [=====>........................] - ETA: 6s - loss: 1.3081 - acc: 0.4427
224/865 [======>.......................] - ETA: 5s - loss: 1.2803 - acc: 0.4777
256/865 [=======>......................] - ETA: 5s - loss: 1.3210 - acc: 0.4727
288/865 [========>.....................] - ETA: 5s - loss: 1.3260 - acc: 0.4722
320/865 [==========>...................] - ETA: 4s - loss: 1.3319 - acc: 0.4719
352/865 [===========>..................] - ETA: 4s - loss: 1.3537 - acc: 0.4659
384/865 [============>.................] - ETA: 4s - loss: 1.3569 - acc: 0.4583
416/865 [=============>................] - ETA: 4s - loss: 1.3608 - acc: 0.4663
448/865 [==============>...............] - ETA: 3s - loss: 1.3575 - acc: 0.4732
480/865 [===============>..............] - ETA: 3s - loss: 1.3637 - acc: 0.4667
512/865 [================>.............] - ETA: 3s - loss: 1.3637 - acc: 0.4648
544/865 [=================>............] - ETA: 2s - loss: 1.3646 - acc: 0.4596
576/865 [==================>...........] - ETA: 2s - loss: 1.3584 - acc: 0.4618
608/865 [====================>.........] - ETA: 2s - loss: 1.3780 - acc: 0.4539
640/865 [=====================>........] - ETA: 2s - loss: 1.3722 - acc: 0.4547
672/865 [======================>.......] - ETA: 1s - loss: 1.3711 - acc: 0.4524
704/865 [=======================>......] - ETA: 1s - loss: 1.3664 - acc: 0.4545
736/865 [========================>.....] - ETA: 1s - loss: 1.3692 - acc: 0.4552
768/865 [=========================>....] - ETA: 0s - loss: 1.3742 - acc: 0.4479
800/865 [==========================>...] - ETA: 0s - loss: 1.3705 - acc: 0.4487
832/865 [===========================>..] - ETA: 0s - loss: 1.3703 - acc: 0.4531
864/865 [============================>.] - ETA: 0s - loss: 1.3729 - acc: 0.4525
865/865 [==============================] - 8s 9ms/sample - loss: 1.3732 - acc: 0.4520

  32/3458 [..............................] - ETA: 2:50 - loss: 1.4130 - acc: 0.1875
  64/3458 [..............................] - ETA: 2:49 - loss: 1.5415 - acc: 0.2812
  96/3458 [..............................] - ETA: 2:46 - loss: 1.4156 - acc: 0.3750
 128/3458 [>.............................] - ETA: 2:45 - loss: 1.4287 - acc: 0.3906
 160/3458 [>.............................] - ETA: 2:43 - loss: 1.4057 - acc: 0.4187
 192/3458 [>.............................] - ETA: 2:41 - loss: 1.4172 - acc: 0.4323
 224/3458 [>.............................] - ETA: 2:40 - loss: 1.4193 - acc: 0.4464
 256/3458 [=>............................] - ETA: 2:38 - loss: 1.4373 - acc: 0.4258
 288/3458 [=>............................] - ETA: 2:36 - loss: 1.4301 - acc: 0.4271
 320/3458 [=>............................] - ETA: 2:34 - loss: 1.4243 - acc: 0.4250
 352/3458 [==>...........................] - ETA: 2:33 - loss: 1.4170 - acc: 0.4347
 384/3458 [==>...........................] - ETA: 2:31 - loss: 1.4105 - acc: 0.4349
 416/3458 [==>...........................] - ETA: 2:30 - loss: 1.4143 - acc: 0.4303
 448/3458 [==>...........................] - ETA: 2:28 - loss: 1.4007 - acc: 0.4330
 480/3458 [===>..........................] - ETA: 2:27 - loss: 1.4579 - acc: 0.4375
 512/3458 [===>..........................] - ETA: 2:25 - loss: 1.4471 - acc: 0.4375
 544/3458 [===>..........................] - ETA: 2:23 - loss: 1.4385 - acc: 0.4412
 576/3458 [===>..........................] - ETA: 2:22 - loss: 1.4385 - acc: 0.4271
 608/3458 [====>.........................] - ETA: 2:20 - loss: 1.4439 - acc: 0.4260
 640/3458 [====>.........................] - ETA: 2:19 - loss: 1.4442 - acc: 0.4203
 672/3458 [====>.........................] - ETA: 2:17 - loss: 1.4499 - acc: 0.4152
 704/3458 [=====>........................] - ETA: 2:15 - loss: 1.4561 - acc: 0.4119
 736/3458 [=====>........................] - ETA: 2:14 - loss: 1.4634 - acc: 0.4171
 768/3458 [=====>........................] - ETA: 2:12 - loss: 1.4620 - acc: 0.4154
 800/3458 [=====>........................] - ETA: 2:11 - loss: 1.4549 - acc: 0.4200
 832/3458 [======>.......................] - ETA: 2:09 - loss: 1.4582 - acc: 0.4123
 864/3458 [======>.......................] - ETA: 2:07 - loss: 1.4605 - acc: 0.4132
 896/3458 [======>.......................] - ETA: 2:06 - loss: 1.4548 - acc: 0.4174
 928/3458 [=======>......................] - ETA: 2:04 - loss: 1.4545 - acc: 0.4159
 960/3458 [=======>......................] - ETA: 2:03 - loss: 1.4472 - acc: 0.4260
 992/3458 [=======>......................] - ETA: 2:01 - loss: 1.4460 - acc: 0.4254
1024/3458 [=======>......................] - ETA: 2:00 - loss: 1.4421 - acc: 0.4258
1056/3458 [========>.....................] - ETA: 1:58 - loss: 1.4407 - acc: 0.4309
1088/3458 [========>.....................] - ETA: 1:56 - loss: 1.4484 - acc: 0.4329
1120/3458 [========>.....................] - ETA: 1:55 - loss: 1.4504 - acc: 0.4313
1152/3458 [========>.....................] - ETA: 1:53 - loss: 1.4519 - acc: 0.4314
1184/3458 [=========>....................] - ETA: 1:51 - loss: 1.4488 - acc: 0.4282
1216/3458 [=========>....................] - ETA: 1:50 - loss: 1.4485 - acc: 0.4252
1248/3458 [=========>....................] - ETA: 1:48 - loss: 1.4440 - acc: 0.4271
1280/3458 [==========>...................] - ETA: 1:47 - loss: 1.4437 - acc: 0.4234
1312/3458 [==========>...................] - ETA: 1:45 - loss: 1.4427 - acc: 0.4238
1344/3458 [==========>...................] - ETA: 1:44 - loss: 1.4440 - acc: 0.4211
1376/3458 [==========>...................] - ETA: 1:42 - loss: 1.4413 - acc: 0.4244
1408/3458 [===========>..................] - ETA: 1:40 - loss: 1.4420 - acc: 0.4219
1440/3458 [===========>..................] - ETA: 1:39 - loss: 1.4321 - acc: 0.4264
1472/3458 [===========>..................] - ETA: 1:37 - loss: 1.4299 - acc: 0.4260
1504/3458 [============>.................] - ETA: 1:36 - loss: 1.4254 - acc: 0.4289
1536/3458 [============>.................] - ETA: 1:34 - loss: 1.4184 - acc: 0.4342
1568/3458 [============>.................] - ETA: 1:33 - loss: 1.4154 - acc: 0.4349
1600/3458 [============>.................] - ETA: 1:31 - loss: 1.4141 - acc: 0.4350
1632/3458 [=============>................] - ETA: 1:29 - loss: 1.4148 - acc: 0.4350
1664/3458 [=============>................] - ETA: 1:28 - loss: 1.4124 - acc: 0.4381
1696/3458 [=============>................] - ETA: 1:26 - loss: 1.4110 - acc: 0.4369
1728/3458 [=============>................] - ETA: 1:25 - loss: 1.4101 - acc: 0.4334
1760/3458 [==============>...............] - ETA: 1:23 - loss: 1.4071 - acc: 0.4358
1792/3458 [==============>...............] - ETA: 1:22 - loss: 1.4077 - acc: 0.4330
1824/3458 [==============>...............] - ETA: 1:20 - loss: 1.4109 - acc: 0.4315
1856/3458 [===============>..............] - ETA: 1:18 - loss: 1.4119 - acc: 0.4300
1888/3458 [===============>..............] - ETA: 1:17 - loss: 1.4115 - acc: 0.4311
1920/3458 [===============>..............] - ETA: 1:15 - loss: 1.4122 - acc: 0.4297
1952/3458 [===============>..............] - ETA: 1:14 - loss: 1.4100 - acc: 0.4293
1984/3458 [================>.............] - ETA: 1:12 - loss: 1.4115 - acc: 0.4294
2016/3458 [================>.............] - ETA: 1:11 - loss: 1.4079 - acc: 0.4306
2048/3458 [================>.............] - ETA: 1:09 - loss: 1.4073 - acc: 0.4307
2080/3458 [=================>............] - ETA: 1:07 - loss: 1.4060 - acc: 0.4298
2112/3458 [=================>............] - ETA: 1:06 - loss: 1.4049 - acc: 0.4304
2144/3458 [=================>............] - ETA: 1:04 - loss: 1.4027 - acc: 0.4319
2176/3458 [=================>............] - ETA: 1:03 - loss: 1.4002 - acc: 0.4329
2208/3458 [==================>...........] - ETA: 1:01 - loss: 1.3986 - acc: 0.4343
2240/3458 [==================>...........] - ETA: 59s - loss: 1.3973 - acc: 0.4353 
2272/3458 [==================>...........] - ETA: 58s - loss: 1.3947 - acc: 0.4379
2304/3458 [==================>...........] - ETA: 56s - loss: 1.3932 - acc: 0.4388
2336/3458 [===================>..........] - ETA: 55s - loss: 1.3909 - acc: 0.4392
2368/3458 [===================>..........] - ETA: 53s - loss: 1.3908 - acc: 0.4409
2400/3458 [===================>..........] - ETA: 52s - loss: 1.3973 - acc: 0.4417
2432/3458 [====================>.........] - ETA: 50s - loss: 1.3989 - acc: 0.4428
2464/3458 [====================>.........] - ETA: 48s - loss: 1.3984 - acc: 0.4428
2496/3458 [====================>.........] - ETA: 47s - loss: 1.3979 - acc: 0.4419
2528/3458 [====================>.........] - ETA: 45s - loss: 1.3987 - acc: 0.4415
2560/3458 [=====================>........] - ETA: 44s - loss: 1.3983 - acc: 0.4426
2592/3458 [=====================>........] - ETA: 42s - loss: 1.3985 - acc: 0.4421
2624/3458 [=====================>........] - ETA: 41s - loss: 1.4018 - acc: 0.4405
2656/3458 [======================>.......] - ETA: 39s - loss: 1.4029 - acc: 0.4401
2688/3458 [======================>.......] - ETA: 37s - loss: 1.4047 - acc: 0.4386
2720/3458 [======================>.......] - ETA: 36s - loss: 1.4060 - acc: 0.4371
2752/3458 [======================>.......] - ETA: 34s - loss: 1.4065 - acc: 0.4368
2784/3458 [=======================>......] - ETA: 33s - loss: 1.4075 - acc: 0.4357
2816/3458 [=======================>......] - ETA: 31s - loss: 1.4089 - acc: 0.4350
2848/3458 [=======================>......] - ETA: 30s - loss: 1.4092 - acc: 0.4336
2880/3458 [=======================>......] - ETA: 28s - loss: 1.4098 - acc: 0.4326
2912/3458 [========================>.....] - ETA: 26s - loss: 1.4089 - acc: 0.4327
2944/3458 [========================>.....] - ETA: 25s - loss: 1.4078 - acc: 0.4341
2976/3458 [========================>.....] - ETA: 23s - loss: 1.4085 - acc: 0.4338
3008/3458 [=========================>....] - ETA: 22s - loss: 1.4085 - acc: 0.4335
3040/3458 [=========================>....] - ETA: 20s - loss: 1.4086 - acc: 0.4339
3072/3458 [=========================>....] - ETA: 19s - loss: 1.4079 - acc: 0.4326
3104/3458 [=========================>....] - ETA: 17s - loss: 1.4092 - acc: 0.4317
3136/3458 [==========================>...] - ETA: 15s - loss: 1.4094 - acc: 0.4311
3168/3458 [==========================>...] - ETA: 14s - loss: 1.4086 - acc: 0.4312
3200/3458 [==========================>...] - ETA: 12s - loss: 1.4076 - acc: 0.4322
3232/3458 [===========================>..] - ETA: 11s - loss: 1.4069 - acc: 0.4322
3264/3458 [===========================>..] - ETA: 9s - loss: 1.4068 - acc: 0.4317 
3296/3458 [===========================>..] - ETA: 7s - loss: 1.4062 - acc: 0.4308
3328/3458 [===========================>..] - ETA: 6s - loss: 1.4067 - acc: 0.4306
3360/3458 [============================>.] - ETA: 4s - loss: 1.4053 - acc: 0.4313
3392/3458 [============================>.] - ETA: 3s - loss: 1.4049 - acc: 0.4316
3424/3458 [============================>.] - ETA: 1s - loss: 1.4042 - acc: 0.4320
3456/3458 [============================>.] - ETA: 0s - loss: 1.4051 - acc: 0.4326
3458/3458 [==============================] - 171s 49ms/sample - loss: 1.4050 - acc: 0.4326

 32/865 [>.............................] - ETA: 7s - loss: 1.3336 - acc: 0.4062
 64/865 [=>............................] - ETA: 7s - loss: 1.3087 - acc: 0.4219
 96/865 [==>...........................] - ETA: 7s - loss: 1.2552 - acc: 0.4792
128/865 [===>..........................] - ETA: 6s - loss: 1.2518 - acc: 0.4922
160/865 [====>.........................] - ETA: 6s - loss: 1.2455 - acc: 0.4938
192/865 [=====>........................] - ETA: 6s - loss: 1.2402 - acc: 0.5156
224/865 [======>.......................] - ETA: 5s - loss: 1.2172 - acc: 0.5402
256/865 [=======>......................] - ETA: 5s - loss: 1.2214 - acc: 0.5352
288/865 [========>.....................] - ETA: 5s - loss: 1.2271 - acc: 0.5278
320/865 [==========>...................] - ETA: 4s - loss: 1.2251 - acc: 0.5281
352/865 [===========>..................] - ETA: 4s - loss: 1.2400 - acc: 0.5142
384/865 [============>.................] - ETA: 4s - loss: 1.2422 - acc: 0.5078
416/865 [=============>................] - ETA: 4s - loss: 1.2385 - acc: 0.5192
448/865 [==============>...............] - ETA: 3s - loss: 1.2318 - acc: 0.5201
480/865 [===============>..............] - ETA: 3s - loss: 1.2391 - acc: 0.5125
512/865 [================>.............] - ETA: 3s - loss: 1.2342 - acc: 0.5137
544/865 [=================>............] - ETA: 2s - loss: 1.2390 - acc: 0.5147
576/865 [==================>...........] - ETA: 2s - loss: 1.2428 - acc: 0.5104
608/865 [====================>.........] - ETA: 2s - loss: 1.2528 - acc: 0.5016
640/865 [=====================>........] - ETA: 2s - loss: 1.2476 - acc: 0.5094
672/865 [======================>.......] - ETA: 1s - loss: 1.2433 - acc: 0.5074
704/865 [=======================>......] - ETA: 1s - loss: 1.2432 - acc: 0.5043
736/865 [========================>.....] - ETA: 1s - loss: 1.2472 - acc: 0.5000
768/865 [=========================>....] - ETA: 0s - loss: 1.2522 - acc: 0.4935
800/865 [==========================>...] - ETA: 0s - loss: 1.2510 - acc: 0.4938
832/865 [===========================>..] - ETA: 0s - loss: 1.2520 - acc: 0.4916
864/865 [============================>.] - ETA: 0s - loss: 1.2492 - acc: 0.4907
865/865 [==============================] - 8s 9ms/sample - loss: 1.2497 - acc: 0.4902

  32/3458 [..............................] - ETA: 2:44 - loss: 1.2165 - acc: 0.5938
  64/3458 [..............................] - ETA: 2:45 - loss: 1.2924 - acc: 0.5000
  96/3458 [..............................] - ETA: 2:44 - loss: 1.2989 - acc: 0.4792
 128/3458 [>.............................] - ETA: 2:43 - loss: 1.2391 - acc: 0.4844
 160/3458 [>.............................] - ETA: 2:43 - loss: 1.2270 - acc: 0.4875
 192/3458 [>.............................] - ETA: 2:41 - loss: 1.2720 - acc: 0.4583
 224/3458 [>.............................] - ETA: 2:40 - loss: 1.2814 - acc: 0.4554
 256/3458 [=>............................] - ETA: 2:38 - loss: 1.3120 - acc: 0.4688
 288/3458 [=>............................] - ETA: 2:36 - loss: 1.2912 - acc: 0.4757
 320/3458 [=>............................] - ETA: 2:35 - loss: 1.2895 - acc: 0.4781
 352/3458 [==>...........................] - ETA: 2:34 - loss: 1.3137 - acc: 0.4688
 384/3458 [==>...........................] - ETA: 2:33 - loss: 1.3303 - acc: 0.4609
 416/3458 [==>...........................] - ETA: 2:30 - loss: 1.3330 - acc: 0.4567
 448/3458 [==>...........................] - ETA: 2:29 - loss: 1.3315 - acc: 0.4598
 480/3458 [===>..........................] - ETA: 2:27 - loss: 1.3401 - acc: 0.4521
 512/3458 [===>..........................] - ETA: 2:26 - loss: 1.3458 - acc: 0.4434
 544/3458 [===>..........................] - ETA: 2:24 - loss: 1.3336 - acc: 0.4596
 576/3458 [===>..........................] - ETA: 2:22 - loss: 1.3363 - acc: 0.4583
 608/3458 [====>.........................] - ETA: 2:20 - loss: 1.3305 - acc: 0.4556
 640/3458 [====>.........................] - ETA: 2:19 - loss: 1.3254 - acc: 0.4594
 672/3458 [====>.........................] - ETA: 2:17 - loss: 1.3220 - acc: 0.4554
 704/3458 [=====>........................] - ETA: 2:16 - loss: 1.3238 - acc: 0.4517
 736/3458 [=====>........................] - ETA: 2:14 - loss: 1.3293 - acc: 0.4565
 768/3458 [=====>........................] - ETA: 2:12 - loss: 1.3238 - acc: 0.4622
 800/3458 [=====>........................] - ETA: 2:11 - loss: 1.3370 - acc: 0.4675
 832/3458 [======>.......................] - ETA: 2:09 - loss: 1.3319 - acc: 0.4675
 864/3458 [======>.......................] - ETA: 2:08 - loss: 1.3307 - acc: 0.4711
 896/3458 [======>.......................] - ETA: 2:06 - loss: 1.3234 - acc: 0.4754
 928/3458 [=======>......................] - ETA: 2:04 - loss: 1.3197 - acc: 0.4731
 960/3458 [=======>......................] - ETA: 2:03 - loss: 1.3180 - acc: 0.4729
 992/3458 [=======>......................] - ETA: 2:01 - loss: 1.3181 - acc: 0.4708
1024/3458 [=======>......................] - ETA: 2:00 - loss: 1.3105 - acc: 0.4756
1056/3458 [========>.....................] - ETA: 1:58 - loss: 1.3037 - acc: 0.4792
1088/3458 [========>.....................] - ETA: 1:56 - loss: 1.3075 - acc: 0.4761
1120/3458 [========>.....................] - ETA: 1:55 - loss: 1.3027 - acc: 0.4786
1152/3458 [========>.....................] - ETA: 1:53 - loss: 1.3026 - acc: 0.4792
1184/3458 [=========>....................] - ETA: 1:52 - loss: 1.3027 - acc: 0.4823
1216/3458 [=========>....................] - ETA: 1:50 - loss: 1.3025 - acc: 0.4827
1248/3458 [=========>....................] - ETA: 1:49 - loss: 1.3022 - acc: 0.4824
1280/3458 [==========>...................] - ETA: 1:47 - loss: 1.3017 - acc: 0.4852
1312/3458 [==========>...................] - ETA: 1:45 - loss: 1.3016 - acc: 0.4863
1344/3458 [==========>...................] - ETA: 1:44 - loss: 1.3011 - acc: 0.4874
1376/3458 [==========>...................] - ETA: 1:42 - loss: 1.3000 - acc: 0.4862
1408/3458 [===========>..................] - ETA: 1:41 - loss: 1.3019 - acc: 0.4830
1440/3458 [===========>..................] - ETA: 1:39 - loss: 1.3035 - acc: 0.4812
1472/3458 [===========>..................] - ETA: 1:38 - loss: 1.3060 - acc: 0.4817
1504/3458 [============>.................] - ETA: 1:36 - loss: 1.3075 - acc: 0.4807
1536/3458 [============>.................] - ETA: 1:34 - loss: 1.3100 - acc: 0.4792
1568/3458 [============>.................] - ETA: 1:33 - loss: 1.3106 - acc: 0.4770
1600/3458 [============>.................] - ETA: 1:31 - loss: 1.3124 - acc: 0.4769
1632/3458 [=============>................] - ETA: 1:30 - loss: 1.3140 - acc: 0.4743
1664/3458 [=============>................] - ETA: 1:28 - loss: 1.3172 - acc: 0.4712
1696/3458 [=============>................] - ETA: 1:26 - loss: 1.3190 - acc: 0.4705
1728/3458 [=============>................] - ETA: 1:25 - loss: 1.3226 - acc: 0.4676
1760/3458 [==============>...............] - ETA: 1:23 - loss: 1.3224 - acc: 0.4659
1792/3458 [==============>...............] - ETA: 1:22 - loss: 1.3226 - acc: 0.4671
1824/3458 [==============>...............] - ETA: 1:20 - loss: 1.3224 - acc: 0.4660
1856/3458 [===============>..............] - ETA: 1:19 - loss: 1.3205 - acc: 0.4671
1888/3458 [===============>..............] - ETA: 1:17 - loss: 1.3185 - acc: 0.4682
1920/3458 [===============>..............] - ETA: 1:15 - loss: 1.3192 - acc: 0.4677
1952/3458 [===============>..............] - ETA: 1:14 - loss: 1.3178 - acc: 0.4682
1984/3458 [================>.............] - ETA: 1:12 - loss: 1.3157 - acc: 0.4693
2016/3458 [================>.............] - ETA: 1:11 - loss: 1.3146 - acc: 0.4688
2048/3458 [================>.............] - ETA: 1:09 - loss: 1.3155 - acc: 0.4683
2080/3458 [=================>............] - ETA: 1:07 - loss: 1.3133 - acc: 0.4716
2112/3458 [=================>............] - ETA: 1:06 - loss: 1.3096 - acc: 0.4730
2144/3458 [=================>............] - ETA: 1:04 - loss: 1.3105 - acc: 0.4743
2176/3458 [=================>............] - ETA: 1:03 - loss: 1.3082 - acc: 0.4747
2208/3458 [==================>...........] - ETA: 1:01 - loss: 1.3050 - acc: 0.4755
2240/3458 [==================>...........] - ETA: 1:00 - loss: 1.3066 - acc: 0.4750
2272/3458 [==================>...........] - ETA: 58s - loss: 1.3041 - acc: 0.4771 
2304/3458 [==================>...........] - ETA: 56s - loss: 1.3000 - acc: 0.4796
2336/3458 [===================>..........] - ETA: 55s - loss: 1.2976 - acc: 0.4799
2368/3458 [===================>..........] - ETA: 53s - loss: 1.2957 - acc: 0.4814
2400/3458 [===================>..........] - ETA: 52s - loss: 1.2965 - acc: 0.4817
2432/3458 [====================>.........] - ETA: 50s - loss: 1.3009 - acc: 0.4831
2464/3458 [====================>.........] - ETA: 49s - loss: 1.2973 - acc: 0.4862
2496/3458 [====================>.........] - ETA: 47s - loss: 1.3001 - acc: 0.4864
2528/3458 [====================>.........] - ETA: 45s - loss: 1.2985 - acc: 0.4877
2560/3458 [=====================>........] - ETA: 44s - loss: 1.3012 - acc: 0.4855
2592/3458 [=====================>........] - ETA: 42s - loss: 1.3016 - acc: 0.4838
2624/3458 [=====================>........] - ETA: 41s - loss: 1.3033 - acc: 0.4829
2656/3458 [======================>.......] - ETA: 39s - loss: 1.3028 - acc: 0.4834
2688/3458 [======================>.......] - ETA: 37s - loss: 1.3053 - acc: 0.4844
2720/3458 [======================>.......] - ETA: 36s - loss: 1.3056 - acc: 0.4846
2752/3458 [======================>.......] - ETA: 34s - loss: 1.3066 - acc: 0.4833
2784/3458 [=======================>......] - ETA: 33s - loss: 1.3054 - acc: 0.4828
2816/3458 [=======================>......] - ETA: 31s - loss: 1.3051 - acc: 0.4830
2848/3458 [=======================>......] - ETA: 30s - loss: 1.3050 - acc: 0.4831
2880/3458 [=======================>......] - ETA: 28s - loss: 1.3019 - acc: 0.4851
2912/3458 [========================>.....] - ETA: 26s - loss: 1.3029 - acc: 0.4839
2944/3458 [========================>.....] - ETA: 25s - loss: 1.3020 - acc: 0.4844
2976/3458 [========================>.....] - ETA: 23s - loss: 1.3005 - acc: 0.4849
3008/3458 [=========================>....] - ETA: 22s - loss: 1.2999 - acc: 0.4857
3040/3458 [=========================>....] - ETA: 20s - loss: 1.2988 - acc: 0.4865
3072/3458 [=========================>....] - ETA: 19s - loss: 1.2954 - acc: 0.4876
3104/3458 [=========================>....] - ETA: 17s - loss: 1.2973 - acc: 0.4865
3136/3458 [==========================>...] - ETA: 15s - loss: 1.2975 - acc: 0.4866
3168/3458 [==========================>...] - ETA: 14s - loss: 1.2968 - acc: 0.4867
3200/3458 [==========================>...] - ETA: 12s - loss: 1.2964 - acc: 0.4872
3232/3458 [===========================>..] - ETA: 11s - loss: 1.2999 - acc: 0.4851
3264/3458 [===========================>..] - ETA: 9s - loss: 1.2993 - acc: 0.4856 
3296/3458 [===========================>..] - ETA: 7s - loss: 1.2994 - acc: 0.4845
3328/3458 [===========================>..] - ETA: 6s - loss: 1.2998 - acc: 0.4835
3360/3458 [============================>.] - ETA: 4s - loss: 1.3006 - acc: 0.4815
3392/3458 [============================>.] - ETA: 3s - loss: 1.2994 - acc: 0.4817
3424/3458 [============================>.] - ETA: 1s - loss: 1.2987 - acc: 0.4819
3456/3458 [============================>.] - ETA: 0s - loss: 1.2973 - acc: 0.4821
3458/3458 [==============================] - 171s 49ms/sample - loss: 1.2974 - acc: 0.4821

 32/865 [>.............................] - ETA: 7s - loss: 1.1786 - acc: 0.4688
 64/865 [=>............................] - ETA: 7s - loss: 1.1731 - acc: 0.4844
 96/865 [==>...........................] - ETA: 7s - loss: 1.1345 - acc: 0.5208
128/865 [===>..........................] - ETA: 6s - loss: 1.1644 - acc: 0.5078
160/865 [====>.........................] - ETA: 6s - loss: 1.1543 - acc: 0.5188
192/865 [=====>........................] - ETA: 6s - loss: 1.1593 - acc: 0.5312
224/865 [======>.......................] - ETA: 5s - loss: 1.1281 - acc: 0.5580
256/865 [=======>......................] - ETA: 5s - loss: 1.1451 - acc: 0.5508
288/865 [========>.....................] - ETA: 5s - loss: 1.1370 - acc: 0.5521
320/865 [==========>...................] - ETA: 4s - loss: 1.1404 - acc: 0.5531
352/865 [===========>..................] - ETA: 4s - loss: 1.1607 - acc: 0.5568
384/865 [============>.................] - ETA: 4s - loss: 1.1576 - acc: 0.5599
416/865 [=============>................] - ETA: 4s - loss: 1.1643 - acc: 0.5553
448/865 [==============>...............] - ETA: 3s - loss: 1.1596 - acc: 0.5580
480/865 [===============>..............] - ETA: 3s - loss: 1.1597 - acc: 0.5604
512/865 [================>.............] - ETA: 3s - loss: 1.1563 - acc: 0.5605
544/865 [=================>............] - ETA: 2s - loss: 1.1765 - acc: 0.5533
576/865 [==================>...........] - ETA: 2s - loss: 1.1797 - acc: 0.5521
608/865 [====================>.........] - ETA: 2s - loss: 1.1905 - acc: 0.5526
640/865 [=====================>........] - ETA: 2s - loss: 1.1829 - acc: 0.5547
672/865 [======================>.......] - ETA: 1s - loss: 1.1823 - acc: 0.5521
704/865 [=======================>......] - ETA: 1s - loss: 1.1784 - acc: 0.5483
736/865 [========================>.....] - ETA: 1s - loss: 1.1777 - acc: 0.5476
768/865 [=========================>....] - ETA: 0s - loss: 1.1843 - acc: 0.5391
800/865 [==========================>...] - ETA: 0s - loss: 1.1764 - acc: 0.5425
832/865 [===========================>..] - ETA: 0s - loss: 1.1766 - acc: 0.5421
864/865 [============================>.] - ETA: 0s - loss: 1.1763 - acc: 0.5428
865/865 [==============================] - 8s 9ms/sample - loss: 1.1768 - acc: 0.5422

  32/3458 [..............................] - ETA: 2:45 - loss: 1.0817 - acc: 0.6562
  64/3458 [..............................] - ETA: 2:46 - loss: 1.2744 - acc: 0.5469
  96/3458 [..............................] - ETA: 2:45 - loss: 1.1690 - acc: 0.5521
 128/3458 [>.............................] - ETA: 2:43 - loss: 1.1931 - acc: 0.5391
 160/3458 [>.............................] - ETA: 2:42 - loss: 1.2353 - acc: 0.5437
 192/3458 [>.............................] - ETA: 2:40 - loss: 1.2143 - acc: 0.5573
 224/3458 [>.............................] - ETA: 2:39 - loss: 1.2276 - acc: 0.5670
 256/3458 [=>............................] - ETA: 2:37 - loss: 1.2214 - acc: 0.5586
 288/3458 [=>............................] - ETA: 2:35 - loss: 1.2012 - acc: 0.5694
 320/3458 [=>............................] - ETA: 2:34 - loss: 1.2197 - acc: 0.5531
 352/3458 [==>...........................] - ETA: 2:32 - loss: 1.2208 - acc: 0.5511
 384/3458 [==>...........................] - ETA: 2:31 - loss: 1.2237 - acc: 0.5443
 416/3458 [==>...........................] - ETA: 2:29 - loss: 1.2331 - acc: 0.5433
 448/3458 [==>...........................] - ETA: 2:28 - loss: 1.2475 - acc: 0.5312
 480/3458 [===>..........................] - ETA: 2:26 - loss: 1.2432 - acc: 0.5271
 512/3458 [===>..........................] - ETA: 2:25 - loss: 1.2508 - acc: 0.5176
 544/3458 [===>..........................] - ETA: 2:23 - loss: 1.2405 - acc: 0.5257
 576/3458 [===>..........................] - ETA: 2:21 - loss: 1.2391 - acc: 0.5208
 608/3458 [====>.........................] - ETA: 2:20 - loss: 1.2329 - acc: 0.5164
 640/3458 [====>.........................] - ETA: 2:19 - loss: 1.2339 - acc: 0.5078
 672/3458 [====>.........................] - ETA: 2:17 - loss: 1.2328 - acc: 0.5045
 704/3458 [=====>........................] - ETA: 2:15 - loss: 1.2394 - acc: 0.4943
 736/3458 [=====>........................] - ETA: 2:14 - loss: 1.2320 - acc: 0.4959
 768/3458 [=====>........................] - ETA: 2:12 - loss: 1.2346 - acc: 0.5000
 800/3458 [=====>........................] - ETA: 2:10 - loss: 1.2335 - acc: 0.4988
 832/3458 [======>.......................] - ETA: 2:09 - loss: 1.2288 - acc: 0.5012
 864/3458 [======>.......................] - ETA: 2:07 - loss: 1.2188 - acc: 0.5069
 896/3458 [======>.......................] - ETA: 2:06 - loss: 1.2239 - acc: 0.5022
 928/3458 [=======>......................] - ETA: 2:04 - loss: 1.2166 - acc: 0.5065
 960/3458 [=======>......................] - ETA: 2:03 - loss: 1.2130 - acc: 0.5115
 992/3458 [=======>......................] - ETA: 2:01 - loss: 1.2150 - acc: 0.5101
1024/3458 [=======>......................] - ETA: 1:59 - loss: 1.2158 - acc: 0.5059
1056/3458 [========>.....................] - ETA: 1:58 - loss: 1.2118 - acc: 0.5057
1088/3458 [========>.....................] - ETA: 1:56 - loss: 1.2138 - acc: 0.5046
1120/3458 [========>.....................] - ETA: 1:55 - loss: 1.2175 - acc: 0.5018
1152/3458 [========>.....................] - ETA: 1:53 - loss: 1.2155 - acc: 0.5043
1184/3458 [=========>....................] - ETA: 1:51 - loss: 1.2114 - acc: 0.5084
1216/3458 [=========>....................] - ETA: 1:50 - loss: 1.2045 - acc: 0.5123
1248/3458 [=========>....................] - ETA: 1:48 - loss: 1.2034 - acc: 0.5112
1280/3458 [==========>...................] - ETA: 1:47 - loss: 1.2009 - acc: 0.5117
1312/3458 [==========>...................] - ETA: 1:45 - loss: 1.2003 - acc: 0.5122
1344/3458 [==========>...................] - ETA: 1:43 - loss: 1.1975 - acc: 0.5134
1376/3458 [==========>...................] - ETA: 1:42 - loss: 1.1957 - acc: 0.5138
1408/3458 [===========>..................] - ETA: 1:40 - loss: 1.1949 - acc: 0.5156
1440/3458 [===========>..................] - ETA: 1:39 - loss: 1.1962 - acc: 0.5188
1472/3458 [===========>..................] - ETA: 1:37 - loss: 1.1967 - acc: 0.5224
1504/3458 [============>.................] - ETA: 1:36 - loss: 1.1961 - acc: 0.5193
1536/3458 [============>.................] - ETA: 1:34 - loss: 1.2015 - acc: 0.5163
1568/3458 [============>.................] - ETA: 1:32 - loss: 1.2043 - acc: 0.5147
1600/3458 [============>.................] - ETA: 1:31 - loss: 1.2045 - acc: 0.5150
1632/3458 [=============>................] - ETA: 1:29 - loss: 1.2026 - acc: 0.5159
1664/3458 [=============>................] - ETA: 1:28 - loss: 1.2043 - acc: 0.5156
1696/3458 [=============>................] - ETA: 1:26 - loss: 1.2037 - acc: 0.5153
1728/3458 [=============>................] - ETA: 1:25 - loss: 1.2048 - acc: 0.5133
1760/3458 [==============>...............] - ETA: 1:23 - loss: 1.2020 - acc: 0.5148
1792/3458 [==============>...............] - ETA: 1:21 - loss: 1.2028 - acc: 0.5151
1824/3458 [==============>...............] - ETA: 1:20 - loss: 1.2015 - acc: 0.5148
1856/3458 [===============>..............] - ETA: 1:18 - loss: 1.2036 - acc: 0.5129
1888/3458 [===============>..............] - ETA: 1:17 - loss: 1.2152 - acc: 0.5132
1920/3458 [===============>..............] - ETA: 1:15 - loss: 1.2132 - acc: 0.5151
1952/3458 [===============>..............] - ETA: 1:14 - loss: 1.2149 - acc: 0.5169
1984/3458 [================>.............] - ETA: 1:12 - loss: 1.2174 - acc: 0.5161
2016/3458 [================>.............] - ETA: 1:10 - loss: 1.2207 - acc: 0.5144
2048/3458 [================>.............] - ETA: 1:09 - loss: 1.2205 - acc: 0.5151
2080/3458 [=================>............] - ETA: 1:07 - loss: 1.2206 - acc: 0.5135
2112/3458 [=================>............] - ETA: 1:06 - loss: 1.2231 - acc: 0.5118
2144/3458 [=================>............] - ETA: 1:04 - loss: 1.2250 - acc: 0.5103
2176/3458 [=================>............] - ETA: 1:03 - loss: 1.2261 - acc: 0.5097
2208/3458 [==================>...........] - ETA: 1:01 - loss: 1.2271 - acc: 0.5095
2240/3458 [==================>...........] - ETA: 59s - loss: 1.2267 - acc: 0.5107 
2272/3458 [==================>...........] - ETA: 58s - loss: 1.2302 - acc: 0.5106
2304/3458 [==================>...........] - ETA: 56s - loss: 1.2307 - acc: 0.5109
2336/3458 [===================>..........] - ETA: 55s - loss: 1.2305 - acc: 0.5116
2368/3458 [===================>..........] - ETA: 53s - loss: 1.2284 - acc: 0.5139
2400/3458 [===================>..........] - ETA: 52s - loss: 1.2284 - acc: 0.5146
2432/3458 [====================>.........] - ETA: 50s - loss: 1.2266 - acc: 0.5156
2464/3458 [====================>.........] - ETA: 48s - loss: 1.2263 - acc: 0.5175
2496/3458 [====================>.........] - ETA: 47s - loss: 1.2255 - acc: 0.5180
2528/3458 [====================>.........] - ETA: 45s - loss: 1.2223 - acc: 0.5206
2560/3458 [=====================>........] - ETA: 44s - loss: 1.2213 - acc: 0.5207
2592/3458 [=====================>........] - ETA: 42s - loss: 1.2229 - acc: 0.5216
2624/3458 [=====================>........] - ETA: 41s - loss: 1.2206 - acc: 0.5225
2656/3458 [======================>.......] - ETA: 39s - loss: 1.2185 - acc: 0.5237
2688/3458 [======================>.......] - ETA: 37s - loss: 1.2183 - acc: 0.5242
2720/3458 [======================>.......] - ETA: 36s - loss: 1.2177 - acc: 0.5232
2752/3458 [======================>.......] - ETA: 34s - loss: 1.2163 - acc: 0.5236
2784/3458 [=======================>......] - ETA: 33s - loss: 1.2137 - acc: 0.5251
2816/3458 [=======================>......] - ETA: 31s - loss: 1.2160 - acc: 0.5249
2848/3458 [=======================>......] - ETA: 30s - loss: 1.2155 - acc: 0.5260
2880/3458 [=======================>......] - ETA: 28s - loss: 1.2165 - acc: 0.5260
2912/3458 [========================>.....] - ETA: 26s - loss: 1.2174 - acc: 0.5254
2944/3458 [========================>.....] - ETA: 25s - loss: 1.2171 - acc: 0.5255
2976/3458 [========================>.....] - ETA: 23s - loss: 1.2183 - acc: 0.5259
3008/3458 [=========================>....] - ETA: 22s - loss: 1.2159 - acc: 0.5289
3040/3458 [=========================>....] - ETA: 20s - loss: 1.2142 - acc: 0.5293
3072/3458 [=========================>....] - ETA: 18s - loss: 1.2118 - acc: 0.5296
3104/3458 [=========================>....] - ETA: 17s - loss: 1.2113 - acc: 0.5290
3136/3458 [==========================>...] - ETA: 15s - loss: 1.2094 - acc: 0.5293
3168/3458 [==========================>...] - ETA: 14s - loss: 1.2079 - acc: 0.5303
3200/3458 [==========================>...] - ETA: 12s - loss: 1.2062 - acc: 0.5309
3232/3458 [===========================>..] - ETA: 11s - loss: 1.2044 - acc: 0.5316
3264/3458 [===========================>..] - ETA: 9s - loss: 1.2058 - acc: 0.5316 
3296/3458 [===========================>..] - ETA: 7s - loss: 1.2049 - acc: 0.5328
3328/3458 [===========================>..] - ETA: 6s - loss: 1.2048 - acc: 0.5319
3360/3458 [============================>.] - ETA: 4s - loss: 1.2047 - acc: 0.5312
3392/3458 [============================>.] - ETA: 3s - loss: 1.2036 - acc: 0.5321
3424/3458 [============================>.] - ETA: 1s - loss: 1.2033 - acc: 0.5327
3456/3458 [============================>.] - ETA: 0s - loss: 1.2023 - acc: 0.5339
3458/3458 [==============================] - 171s 49ms/sample - loss: 1.2023 - acc: 0.5335

 32/865 [>.............................] - ETA: 7s - loss: 1.1539 - acc: 0.5312
 64/865 [=>............................] - ETA: 6s - loss: 1.1637 - acc: 0.5312
 96/865 [==>...........................] - ETA: 6s - loss: 1.0865 - acc: 0.5833
128/865 [===>..........................] - ETA: 6s - loss: 1.0913 - acc: 0.5703
160/865 [====>.........................] - ETA: 6s - loss: 1.0897 - acc: 0.5875
192/865 [=====>........................] - ETA: 6s - loss: 1.0961 - acc: 0.5938
224/865 [======>.......................] - ETA: 5s - loss: 1.0807 - acc: 0.6027
256/865 [=======>......................] - ETA: 5s - loss: 1.0796 - acc: 0.6133
288/865 [========>.....................] - ETA: 5s - loss: 1.0869 - acc: 0.6042
320/865 [==========>...................] - ETA: 4s - loss: 1.0760 - acc: 0.6062
352/865 [===========>..................] - ETA: 4s - loss: 1.0888 - acc: 0.6080
384/865 [============>.................] - ETA: 4s - loss: 1.0820 - acc: 0.6146
416/865 [=============>................] - ETA: 4s - loss: 1.0835 - acc: 0.6106
448/865 [==============>...............] - ETA: 3s - loss: 1.0854 - acc: 0.6138
480/865 [===============>..............] - ETA: 3s - loss: 1.0934 - acc: 0.6021
512/865 [================>.............] - ETA: 3s - loss: 1.0909 - acc: 0.5977
544/865 [=================>............] - ETA: 2s - loss: 1.1069 - acc: 0.5882
576/865 [==================>...........] - ETA: 2s - loss: 1.1080 - acc: 0.5851
608/865 [====================>.........] - ETA: 2s - loss: 1.1096 - acc: 0.5855
640/865 [=====================>........] - ETA: 2s - loss: 1.1044 - acc: 0.5859
672/865 [======================>.......] - ETA: 1s - loss: 1.0975 - acc: 0.5893
704/865 [=======================>......] - ETA: 1s - loss: 1.0926 - acc: 0.5909
736/865 [========================>.....] - ETA: 1s - loss: 1.0894 - acc: 0.5897
768/865 [=========================>....] - ETA: 0s - loss: 1.0893 - acc: 0.5846
800/865 [==========================>...] - ETA: 0s - loss: 1.0852 - acc: 0.5900
832/865 [===========================>..] - ETA: 0s - loss: 1.0855 - acc: 0.5841
864/865 [============================>.] - ETA: 0s - loss: 1.0817 - acc: 0.5891
865/865 [==============================] - 8s 9ms/sample - loss: 1.0811 - acc: 0.5896
