For Dropout_1=0.3 Dropout_2=0.5
daisy loaded
dandelion loaded
rose loaded
sunflower loaded
tulip loaded

  32/3458 [..............................] - ETA: 3:10 - loss: 1.5934 - acc: 0.2500
  64/3458 [..............................] - ETA: 2:56 - loss: 15.9498 - acc: 0.2031
  96/3458 [..............................] - ETA: 2:51 - loss: 14.2807 - acc: 0.1979
 128/3458 [>.............................] - ETA: 2:47 - loss: 11.5644 - acc: 0.2188
 160/3458 [>.............................] - ETA: 2:45 - loss: 9.6615 - acc: 0.2188 
 192/3458 [>.............................] - ETA: 2:43 - loss: 8.3364 - acc: 0.2031
 224/3458 [>.............................] - ETA: 2:41 - loss: 7.3671 - acc: 0.2098
 256/3458 [=>............................] - ETA: 2:39 - loss: 6.6417 - acc: 0.2227
 288/3458 [=>............................] - ETA: 2:37 - loss: 6.0774 - acc: 0.2153
 320/3458 [=>............................] - ETA: 2:35 - loss: 5.6287 - acc: 0.2156
 352/3458 [==>...........................] - ETA: 2:33 - loss: 5.2660 - acc: 0.2074
 384/3458 [==>...........................] - ETA: 2:32 - loss: 4.9584 - acc: 0.2083
 416/3458 [==>...........................] - ETA: 2:30 - loss: 4.7000 - acc: 0.2091
 448/3458 [==>...........................] - ETA: 2:28 - loss: 4.4787 - acc: 0.2098
 480/3458 [===>..........................] - ETA: 2:27 - loss: 4.2872 - acc: 0.2146
 512/3458 [===>..........................] - ETA: 2:25 - loss: 4.1171 - acc: 0.2227
 544/3458 [===>..........................] - ETA: 2:23 - loss: 3.9668 - acc: 0.2279
 576/3458 [===>..........................] - ETA: 2:21 - loss: 3.8340 - acc: 0.2292
 608/3458 [====>.........................] - ETA: 2:20 - loss: 3.7204 - acc: 0.2253
 640/3458 [====>.........................] - ETA: 2:18 - loss: 3.6152 - acc: 0.2203
 672/3458 [====>.........................] - ETA: 2:17 - loss: 3.5165 - acc: 0.2232
 704/3458 [=====>........................] - ETA: 2:15 - loss: 3.4269 - acc: 0.2259
 736/3458 [=====>........................] - ETA: 2:13 - loss: 3.3474 - acc: 0.2242
 768/3458 [=====>........................] - ETA: 2:12 - loss: 3.2722 - acc: 0.2266
 800/3458 [=====>........................] - ETA: 2:10 - loss: 3.2036 - acc: 0.2262
 832/3458 [======>.......................] - ETA: 2:08 - loss: 3.1421 - acc: 0.2236
 864/3458 [======>.......................] - ETA: 2:07 - loss: 3.0872 - acc: 0.2199
 896/3458 [======>.......................] - ETA: 2:05 - loss: 3.0325 - acc: 0.2188
 928/3458 [=======>......................] - ETA: 2:04 - loss: 2.9818 - acc: 0.2198
 960/3458 [=======>......................] - ETA: 2:02 - loss: 2.9346 - acc: 0.2208
 992/3458 [=======>......................] - ETA: 2:01 - loss: 2.8911 - acc: 0.2208
1024/3458 [=======>......................] - ETA: 1:59 - loss: 2.8501 - acc: 0.2227
1056/3458 [========>.....................] - ETA: 1:58 - loss: 2.8100 - acc: 0.2263
1088/3458 [========>.....................] - ETA: 1:56 - loss: 2.7726 - acc: 0.2252
1120/3458 [========>.....................] - ETA: 1:54 - loss: 2.7368 - acc: 0.2295
1152/3458 [========>.....................] - ETA: 1:53 - loss: 2.7054 - acc: 0.2283
1184/3458 [=========>....................] - ETA: 1:51 - loss: 2.6744 - acc: 0.2264
1216/3458 [=========>....................] - ETA: 1:50 - loss: 2.6449 - acc: 0.2286
1248/3458 [=========>....................] - ETA: 1:48 - loss: 2.6172 - acc: 0.2316
1280/3458 [==========>...................] - ETA: 1:46 - loss: 2.5907 - acc: 0.2328
1312/3458 [==========>...................] - ETA: 1:45 - loss: 2.5655 - acc: 0.2363
1344/3458 [==========>...................] - ETA: 1:43 - loss: 2.5415 - acc: 0.2374
1376/3458 [==========>...................] - ETA: 1:42 - loss: 2.5176 - acc: 0.2384
1408/3458 [===========>..................] - ETA: 1:40 - loss: 2.4946 - acc: 0.2401
1440/3458 [===========>..................] - ETA: 1:39 - loss: 2.4739 - acc: 0.2403
1472/3458 [===========>..................] - ETA: 1:37 - loss: 2.4527 - acc: 0.2418
1504/3458 [============>.................] - ETA: 1:36 - loss: 2.4330 - acc: 0.2407
1536/3458 [============>.................] - ETA: 1:34 - loss: 2.4128 - acc: 0.2448
1568/3458 [============>.................] - ETA: 1:32 - loss: 2.3909 - acc: 0.2468
1600/3458 [============>.................] - ETA: 1:31 - loss: 2.3713 - acc: 0.2481
1632/3458 [=============>................] - ETA: 1:29 - loss: 2.3588 - acc: 0.2506
1664/3458 [=============>................] - ETA: 1:28 - loss: 2.3463 - acc: 0.2500
1696/3458 [=============>................] - ETA: 1:26 - loss: 2.3308 - acc: 0.2512
1728/3458 [=============>................] - ETA: 1:25 - loss: 2.3162 - acc: 0.2517
1760/3458 [==============>...............] - ETA: 1:23 - loss: 2.3000 - acc: 0.2557
1792/3458 [==============>...............] - ETA: 1:21 - loss: 2.2861 - acc: 0.2567
1824/3458 [==============>...............] - ETA: 1:20 - loss: 2.2719 - acc: 0.2599
1856/3458 [===============>..............] - ETA: 1:18 - loss: 2.2582 - acc: 0.2635
1888/3458 [===============>..............] - ETA: 1:17 - loss: 2.2465 - acc: 0.2627
1920/3458 [===============>..............] - ETA: 1:15 - loss: 2.2354 - acc: 0.2625
1952/3458 [===============>..............] - ETA: 1:13 - loss: 2.2224 - acc: 0.2633
1984/3458 [================>.............] - ETA: 1:12 - loss: 2.2102 - acc: 0.2641
2016/3458 [================>.............] - ETA: 1:10 - loss: 2.2007 - acc: 0.2649
2048/3458 [================>.............] - ETA: 1:09 - loss: 2.1915 - acc: 0.2661
2080/3458 [=================>............] - ETA: 1:07 - loss: 2.1799 - acc: 0.2692
2112/3458 [=================>............] - ETA: 1:06 - loss: 2.1693 - acc: 0.2699
2144/3458 [=================>............] - ETA: 1:04 - loss: 2.1590 - acc: 0.2710
2176/3458 [=================>............] - ETA: 1:02 - loss: 2.1485 - acc: 0.2716
2208/3458 [==================>...........] - ETA: 1:01 - loss: 2.1410 - acc: 0.2722
2240/3458 [==================>...........] - ETA: 59s - loss: 2.1309 - acc: 0.2728 
2272/3458 [==================>...........] - ETA: 58s - loss: 2.1217 - acc: 0.2751
2304/3458 [==================>...........] - ETA: 56s - loss: 2.1121 - acc: 0.2760
2336/3458 [===================>..........] - ETA: 55s - loss: 2.1018 - acc: 0.2770
2368/3458 [===================>..........] - ETA: 53s - loss: 2.0919 - acc: 0.2783
2400/3458 [===================>..........] - ETA: 51s - loss: 2.0836 - acc: 0.2783
2432/3458 [====================>.........] - ETA: 50s - loss: 2.0756 - acc: 0.2796
2464/3458 [====================>.........] - ETA: 48s - loss: 2.0668 - acc: 0.2821
2496/3458 [====================>.........] - ETA: 47s - loss: 2.0556 - acc: 0.2861
2528/3458 [====================>.........] - ETA: 45s - loss: 2.0504 - acc: 0.2876
2560/3458 [=====================>........] - ETA: 44s - loss: 2.0450 - acc: 0.2875
2592/3458 [=====================>........] - ETA: 42s - loss: 2.0395 - acc: 0.2882
2624/3458 [=====================>........] - ETA: 40s - loss: 2.0330 - acc: 0.2885
2656/3458 [======================>.......] - ETA: 39s - loss: 2.0287 - acc: 0.2884
2688/3458 [======================>.......] - ETA: 37s - loss: 2.0199 - acc: 0.2891
2720/3458 [======================>.......] - ETA: 36s - loss: 2.0123 - acc: 0.2897
2752/3458 [======================>.......] - ETA: 34s - loss: 2.0054 - acc: 0.2903
2784/3458 [=======================>......] - ETA: 33s - loss: 1.9986 - acc: 0.2906
2816/3458 [=======================>......] - ETA: 31s - loss: 1.9918 - acc: 0.2926
2848/3458 [=======================>......] - ETA: 29s - loss: 1.9843 - acc: 0.2949
2880/3458 [=======================>......] - ETA: 28s - loss: 1.9790 - acc: 0.2965
2912/3458 [========================>.....] - ETA: 26s - loss: 1.9726 - acc: 0.2970
2944/3458 [========================>.....] - ETA: 25s - loss: 1.9675 - acc: 0.2979
2976/3458 [========================>.....] - ETA: 23s - loss: 1.9605 - acc: 0.2987
3008/3458 [=========================>....] - ETA: 22s - loss: 1.9572 - acc: 0.3002
3040/3458 [=========================>....] - ETA: 20s - loss: 1.9506 - acc: 0.3013
3072/3458 [=========================>....] - ETA: 18s - loss: 1.9422 - acc: 0.3034
3104/3458 [=========================>....] - ETA: 17s - loss: 1.9386 - acc: 0.3048
3136/3458 [==========================>...] - ETA: 15s - loss: 1.9327 - acc: 0.3068
3168/3458 [==========================>...] - ETA: 14s - loss: 1.9281 - acc: 0.3059
3200/3458 [==========================>...] - ETA: 12s - loss: 1.9203 - acc: 0.3072
3232/3458 [===========================>..] - ETA: 11s - loss: 1.9136 - acc: 0.3075
3264/3458 [===========================>..] - ETA: 9s - loss: 1.9093 - acc: 0.3079 
3296/3458 [===========================>..] - ETA: 7s - loss: 1.9041 - acc: 0.3073
3328/3458 [===========================>..] - ETA: 6s - loss: 1.8989 - acc: 0.3086
3360/3458 [============================>.] - ETA: 4s - loss: 1.8931 - acc: 0.3086
3392/3458 [============================>.] - ETA: 3s - loss: 1.8884 - acc: 0.3098
3424/3458 [============================>.] - ETA: 1s - loss: 1.8822 - acc: 0.3107
3456/3458 [============================>.] - ETA: 0s - loss: 1.8767 - acc: 0.3119
3458/3458 [==============================] - 170s 49ms/sample - loss: 1.8762 - acc: 0.3120

 32/865 [>.............................] - ETA: 8s - loss: 1.8472 - acc: 0.4375
 64/865 [=>............................] - ETA: 7s - loss: 1.5605 - acc: 0.4688
 96/865 [==>...........................] - ETA: 6s - loss: 1.4823 - acc: 0.4271
128/865 [===>..........................] - ETA: 6s - loss: 1.4166 - acc: 0.4531
160/865 [====>.........................] - ETA: 6s - loss: 1.4155 - acc: 0.4250
192/865 [=====>........................] - ETA: 6s - loss: 1.4082 - acc: 0.4167
224/865 [======>.......................] - ETA: 5s - loss: 1.3906 - acc: 0.4196
256/865 [=======>......................] - ETA: 5s - loss: 1.3516 - acc: 0.4570
288/865 [========>.....................] - ETA: 5s - loss: 1.3335 - acc: 0.4549
320/865 [==========>...................] - ETA: 4s - loss: 1.3357 - acc: 0.4469
352/865 [===========>..................] - ETA: 4s - loss: 1.3461 - acc: 0.4432
384/865 [============>.................] - ETA: 4s - loss: 1.3365 - acc: 0.4401
416/865 [=============>................] - ETA: 4s - loss: 1.3273 - acc: 0.4447
448/865 [==============>...............] - ETA: 3s - loss: 1.3132 - acc: 0.4621
480/865 [===============>..............] - ETA: 3s - loss: 1.3139 - acc: 0.4625
512/865 [================>.............] - ETA: 3s - loss: 1.3119 - acc: 0.4668
544/865 [=================>............] - ETA: 2s - loss: 1.3078 - acc: 0.4706
576/865 [==================>...........] - ETA: 2s - loss: 1.2981 - acc: 0.4722
608/865 [====================>.........] - ETA: 2s - loss: 1.2959 - acc: 0.4671
640/865 [=====================>........] - ETA: 2s - loss: 1.3014 - acc: 0.4703
672/865 [======================>.......] - ETA: 1s - loss: 1.2972 - acc: 0.4658
704/865 [=======================>......] - ETA: 1s - loss: 1.2981 - acc: 0.4645
736/865 [========================>.....] - ETA: 1s - loss: 1.3014 - acc: 0.4647
768/865 [=========================>....] - ETA: 0s - loss: 1.3075 - acc: 0.4609
800/865 [==========================>...] - ETA: 0s - loss: 1.3042 - acc: 0.4613
832/865 [===========================>..] - ETA: 0s - loss: 1.3077 - acc: 0.4615
864/865 [============================>.] - ETA: 0s - loss: 1.3066 - acc: 0.4641
865/865 [==============================] - 8s 9ms/sample - loss: 1.3062 - acc: 0.4636

  32/3458 [..............................] - ETA: 2:45 - loss: 1.3016 - acc: 0.5000
  64/3458 [..............................] - ETA: 2:43 - loss: 1.2487 - acc: 0.5156
  96/3458 [..............................] - ETA: 2:43 - loss: 1.3937 - acc: 0.4167
 128/3458 [>.............................] - ETA: 2:42 - loss: 1.3518 - acc: 0.4219
 160/3458 [>.............................] - ETA: 2:40 - loss: 1.3430 - acc: 0.3938
 192/3458 [>.............................] - ETA: 2:38 - loss: 1.3062 - acc: 0.4323
 224/3458 [>.............................] - ETA: 2:38 - loss: 1.3371 - acc: 0.4241
 256/3458 [=>............................] - ETA: 2:36 - loss: 1.3480 - acc: 0.4414
 288/3458 [=>............................] - ETA: 2:34 - loss: 1.3566 - acc: 0.4340
 320/3458 [=>............................] - ETA: 2:33 - loss: 1.3519 - acc: 0.4437
 352/3458 [==>...........................] - ETA: 2:31 - loss: 1.3485 - acc: 0.4460
 384/3458 [==>...........................] - ETA: 2:30 - loss: 1.3349 - acc: 0.4531
 416/3458 [==>...........................] - ETA: 2:28 - loss: 1.3207 - acc: 0.4712
 448/3458 [==>...........................] - ETA: 2:27 - loss: 1.3259 - acc: 0.4821
 480/3458 [===>..........................] - ETA: 2:25 - loss: 1.3191 - acc: 0.4771
 512/3458 [===>..........................] - ETA: 2:23 - loss: 1.3168 - acc: 0.4766
 544/3458 [===>..........................] - ETA: 2:22 - loss: 1.3124 - acc: 0.4724
 576/3458 [===>..........................] - ETA: 2:20 - loss: 1.3058 - acc: 0.4757
 608/3458 [====>.........................] - ETA: 2:19 - loss: 1.3136 - acc: 0.4770
 640/3458 [====>.........................] - ETA: 2:17 - loss: 1.3098 - acc: 0.4719
 672/3458 [====>.........................] - ETA: 2:16 - loss: 1.3085 - acc: 0.4702
 704/3458 [=====>........................] - ETA: 2:14 - loss: 1.3054 - acc: 0.4702
 736/3458 [=====>........................] - ETA: 2:12 - loss: 1.3117 - acc: 0.4674
 768/3458 [=====>........................] - ETA: 2:11 - loss: 1.3051 - acc: 0.4688
 800/3458 [=====>........................] - ETA: 2:09 - loss: 1.2986 - acc: 0.4725
 832/3458 [======>.......................] - ETA: 2:08 - loss: 1.3035 - acc: 0.4688
 864/3458 [======>.......................] - ETA: 2:06 - loss: 1.3012 - acc: 0.4676
 896/3458 [======>.......................] - ETA: 2:05 - loss: 1.3024 - acc: 0.4654
 928/3458 [=======>......................] - ETA: 2:03 - loss: 1.2941 - acc: 0.4698
 960/3458 [=======>......................] - ETA: 2:02 - loss: 1.3038 - acc: 0.4646
 992/3458 [=======>......................] - ETA: 2:00 - loss: 1.3019 - acc: 0.4637
1024/3458 [=======>......................] - ETA: 1:59 - loss: 1.2958 - acc: 0.4668
1056/3458 [========>.....................] - ETA: 1:57 - loss: 1.2902 - acc: 0.4725
1088/3458 [========>.....................] - ETA: 1:55 - loss: 1.2862 - acc: 0.4752
1120/3458 [========>.....................] - ETA: 1:54 - loss: 1.2841 - acc: 0.4750
1152/3458 [========>.....................] - ETA: 1:52 - loss: 1.2757 - acc: 0.4783
1184/3458 [=========>....................] - ETA: 1:51 - loss: 1.2733 - acc: 0.4772
1216/3458 [=========>....................] - ETA: 1:49 - loss: 1.2743 - acc: 0.4745
1248/3458 [=========>....................] - ETA: 1:48 - loss: 1.2793 - acc: 0.4704
1280/3458 [==========>...................] - ETA: 1:46 - loss: 1.2849 - acc: 0.4672
1312/3458 [==========>...................] - ETA: 1:45 - loss: 1.2814 - acc: 0.4649
1344/3458 [==========>...................] - ETA: 1:43 - loss: 1.2785 - acc: 0.4628
1376/3458 [==========>...................] - ETA: 1:41 - loss: 1.2795 - acc: 0.4622
1408/3458 [===========>..................] - ETA: 1:40 - loss: 1.2754 - acc: 0.4616
1440/3458 [===========>..................] - ETA: 1:38 - loss: 1.2718 - acc: 0.4625
1472/3458 [===========>..................] - ETA: 1:37 - loss: 1.2740 - acc: 0.4620
1504/3458 [============>.................] - ETA: 1:35 - loss: 1.2708 - acc: 0.4634
1536/3458 [============>.................] - ETA: 1:34 - loss: 1.2691 - acc: 0.4655
1568/3458 [============>.................] - ETA: 1:32 - loss: 1.2682 - acc: 0.4656
1600/3458 [============>.................] - ETA: 1:30 - loss: 1.2675 - acc: 0.4663
1632/3458 [=============>................] - ETA: 1:29 - loss: 1.2670 - acc: 0.4657
1664/3458 [=============>................] - ETA: 1:27 - loss: 1.2651 - acc: 0.4675
1696/3458 [=============>................] - ETA: 1:26 - loss: 1.2658 - acc: 0.4699
1728/3458 [=============>................] - ETA: 1:24 - loss: 1.2629 - acc: 0.4711
1760/3458 [==============>...............] - ETA: 1:23 - loss: 1.2612 - acc: 0.4739
1792/3458 [==============>...............] - ETA: 1:21 - loss: 1.2614 - acc: 0.4738
1824/3458 [==============>...............] - ETA: 1:19 - loss: 1.2576 - acc: 0.4737
1856/3458 [===============>..............] - ETA: 1:18 - loss: 1.2615 - acc: 0.4736
1888/3458 [===============>..............] - ETA: 1:16 - loss: 1.2591 - acc: 0.4751
1920/3458 [===============>..............] - ETA: 1:15 - loss: 1.2579 - acc: 0.4760
1952/3458 [===============>..............] - ETA: 1:13 - loss: 1.2644 - acc: 0.4769
1984/3458 [================>.............] - ETA: 1:12 - loss: 1.2653 - acc: 0.4778
2016/3458 [================>.............] - ETA: 1:10 - loss: 1.2669 - acc: 0.4772
2048/3458 [================>.............] - ETA: 1:08 - loss: 1.2675 - acc: 0.4761
2080/3458 [=================>............] - ETA: 1:07 - loss: 1.2693 - acc: 0.4764
2112/3458 [=================>............] - ETA: 1:05 - loss: 1.2676 - acc: 0.4754
2144/3458 [=================>............] - ETA: 1:04 - loss: 1.2685 - acc: 0.4739
2176/3458 [=================>............] - ETA: 1:02 - loss: 1.2701 - acc: 0.4729
2208/3458 [==================>...........] - ETA: 1:01 - loss: 1.2669 - acc: 0.4755
2240/3458 [==================>...........] - ETA: 59s - loss: 1.2672 - acc: 0.4759 
2272/3458 [==================>...........] - ETA: 58s - loss: 1.2678 - acc: 0.4749
2304/3458 [==================>...........] - ETA: 56s - loss: 1.2687 - acc: 0.4731
2336/3458 [===================>..........] - ETA: 54s - loss: 1.2701 - acc: 0.4739
2368/3458 [===================>..........] - ETA: 53s - loss: 1.2695 - acc: 0.4742
2400/3458 [===================>..........] - ETA: 51s - loss: 1.2706 - acc: 0.4754
2432/3458 [====================>.........] - ETA: 50s - loss: 1.2703 - acc: 0.4757
2464/3458 [====================>.........] - ETA: 48s - loss: 1.2706 - acc: 0.4761
2496/3458 [====================>.........] - ETA: 47s - loss: 1.2703 - acc: 0.4752
2528/3458 [====================>.........] - ETA: 45s - loss: 1.2696 - acc: 0.4759
2560/3458 [=====================>........] - ETA: 43s - loss: 1.2680 - acc: 0.4777
2592/3458 [=====================>........] - ETA: 42s - loss: 1.2678 - acc: 0.4776
2624/3458 [=====================>........] - ETA: 40s - loss: 1.2677 - acc: 0.4783
2656/3458 [======================>.......] - ETA: 39s - loss: 1.2651 - acc: 0.4797
2688/3458 [======================>.......] - ETA: 37s - loss: 1.2683 - acc: 0.4799
2720/3458 [======================>.......] - ETA: 36s - loss: 1.2684 - acc: 0.4798
2752/3458 [======================>.......] - ETA: 34s - loss: 1.2670 - acc: 0.4807
2784/3458 [=======================>......] - ETA: 32s - loss: 1.2702 - acc: 0.4799
2816/3458 [=======================>......] - ETA: 31s - loss: 1.2705 - acc: 0.4794
2848/3458 [=======================>......] - ETA: 29s - loss: 1.2701 - acc: 0.4807
2880/3458 [=======================>......] - ETA: 28s - loss: 1.2707 - acc: 0.4812
2912/3458 [========================>.....] - ETA: 26s - loss: 1.2708 - acc: 0.4804
2944/3458 [========================>.....] - ETA: 25s - loss: 1.2724 - acc: 0.4793
2976/3458 [========================>.....] - ETA: 23s - loss: 1.2728 - acc: 0.4792
3008/3458 [=========================>....] - ETA: 22s - loss: 1.2737 - acc: 0.4784
3040/3458 [=========================>....] - ETA: 20s - loss: 1.2733 - acc: 0.4770
3072/3458 [=========================>....] - ETA: 18s - loss: 1.2744 - acc: 0.4766
3104/3458 [=========================>....] - ETA: 17s - loss: 1.2725 - acc: 0.4781
3136/3458 [==========================>...] - ETA: 15s - loss: 1.2699 - acc: 0.4796
3168/3458 [==========================>...] - ETA: 14s - loss: 1.2678 - acc: 0.4811
3200/3458 [==========================>...] - ETA: 12s - loss: 1.2714 - acc: 0.4809
3232/3458 [===========================>..] - ETA: 11s - loss: 1.2742 - acc: 0.4814
3264/3458 [===========================>..] - ETA: 9s - loss: 1.2731 - acc: 0.4816 
3296/3458 [===========================>..] - ETA: 7s - loss: 1.2735 - acc: 0.4818
3328/3458 [===========================>..] - ETA: 6s - loss: 1.2729 - acc: 0.4814
3360/3458 [============================>.] - ETA: 4s - loss: 1.2715 - acc: 0.4821
3392/3458 [============================>.] - ETA: 3s - loss: 1.2686 - acc: 0.4835
3424/3458 [============================>.] - ETA: 1s - loss: 1.2671 - acc: 0.4851
3456/3458 [============================>.] - ETA: 0s - loss: 1.2673 - acc: 0.4850
3458/3458 [==============================] - 170s 49ms/sample - loss: 1.2681 - acc: 0.4847

 32/865 [>.............................] - ETA: 7s - loss: 1.5806 - acc: 0.4688
 64/865 [=>............................] - ETA: 7s - loss: 1.3706 - acc: 0.5000
 96/865 [==>...........................] - ETA: 6s - loss: 1.3090 - acc: 0.4896
128/865 [===>..........................] - ETA: 6s - loss: 1.2437 - acc: 0.5000
160/865 [====>.........................] - ETA: 6s - loss: 1.2614 - acc: 0.4812
192/865 [=====>........................] - ETA: 5s - loss: 1.2705 - acc: 0.4844
224/865 [======>.......................] - ETA: 5s - loss: 1.2563 - acc: 0.5045
256/865 [=======>......................] - ETA: 5s - loss: 1.2252 - acc: 0.5078
288/865 [========>.....................] - ETA: 5s - loss: 1.2220 - acc: 0.5000
320/865 [==========>...................] - ETA: 4s - loss: 1.2188 - acc: 0.4938
352/865 [===========>..................] - ETA: 4s - loss: 1.2391 - acc: 0.4830
384/865 [============>.................] - ETA: 4s - loss: 1.2245 - acc: 0.4844
416/865 [=============>................] - ETA: 3s - loss: 1.2138 - acc: 0.4928
448/865 [==============>...............] - ETA: 3s - loss: 1.2036 - acc: 0.5022
480/865 [===============>..............] - ETA: 3s - loss: 1.1961 - acc: 0.5063
512/865 [================>.............] - ETA: 3s - loss: 1.1929 - acc: 0.5078
544/865 [=================>............] - ETA: 2s - loss: 1.1895 - acc: 0.5092
576/865 [==================>...........] - ETA: 2s - loss: 1.1755 - acc: 0.5156
608/865 [====================>.........] - ETA: 2s - loss: 1.1738 - acc: 0.5148
640/865 [=====================>........] - ETA: 2s - loss: 1.1722 - acc: 0.5172
672/865 [======================>.......] - ETA: 1s - loss: 1.1717 - acc: 0.5104
704/865 [=======================>......] - ETA: 1s - loss: 1.1770 - acc: 0.5085
736/865 [========================>.....] - ETA: 1s - loss: 1.1747 - acc: 0.5122
768/865 [=========================>....] - ETA: 0s - loss: 1.1844 - acc: 0.5052
800/865 [==========================>...] - ETA: 0s - loss: 1.1834 - acc: 0.5063
832/865 [===========================>..] - ETA: 0s - loss: 1.1873 - acc: 0.5036
864/865 [============================>.] - ETA: 0s - loss: 1.1883 - acc: 0.5035
865/865 [==============================] - 8s 9ms/sample - loss: 1.1881 - acc: 0.5029

  32/3458 [..............................] - ETA: 2:44 - loss: 1.2447 - acc: 0.4375
  64/3458 [..............................] - ETA: 2:45 - loss: 1.2513 - acc: 0.4375
  96/3458 [..............................] - ETA: 2:44 - loss: 1.2599 - acc: 0.4479
 128/3458 [>.............................] - ETA: 2:43 - loss: 1.2899 - acc: 0.4453
 160/3458 [>.............................] - ETA: 2:43 - loss: 1.3248 - acc: 0.4313
 192/3458 [>.............................] - ETA: 2:40 - loss: 1.3112 - acc: 0.4427
 224/3458 [>.............................] - ETA: 2:39 - loss: 1.3233 - acc: 0.4509
 256/3458 [=>............................] - ETA: 2:37 - loss: 1.3101 - acc: 0.4609
 288/3458 [=>............................] - ETA: 2:36 - loss: 1.2998 - acc: 0.4688
 320/3458 [=>............................] - ETA: 2:34 - loss: 1.3032 - acc: 0.4656
 352/3458 [==>...........................] - ETA: 2:33 - loss: 1.3050 - acc: 0.4659
 384/3458 [==>...........................] - ETA: 2:31 - loss: 1.2996 - acc: 0.4714
 416/3458 [==>...........................] - ETA: 2:29 - loss: 1.2856 - acc: 0.4832
 448/3458 [==>...........................] - ETA: 2:28 - loss: 1.2884 - acc: 0.4844
 480/3458 [===>..........................] - ETA: 2:26 - loss: 1.2823 - acc: 0.4812
 512/3458 [===>..........................] - ETA: 2:25 - loss: 1.2743 - acc: 0.4883
 544/3458 [===>..........................] - ETA: 2:23 - loss: 1.2707 - acc: 0.4908
 576/3458 [===>..........................] - ETA: 2:21 - loss: 1.2669 - acc: 0.4948
 608/3458 [====>.........................] - ETA: 2:20 - loss: 1.2546 - acc: 0.5016
 640/3458 [====>.........................] - ETA: 2:18 - loss: 1.2546 - acc: 0.5047
 672/3458 [====>.........................] - ETA: 2:17 - loss: 1.2471 - acc: 0.5119
 704/3458 [=====>........................] - ETA: 2:15 - loss: 1.2473 - acc: 0.5114
 736/3458 [=====>........................] - ETA: 2:13 - loss: 1.2472 - acc: 0.5109
 768/3458 [=====>........................] - ETA: 2:12 - loss: 1.2403 - acc: 0.5156
 800/3458 [=====>........................] - ETA: 2:10 - loss: 1.2403 - acc: 0.5175
 832/3458 [======>.......................] - ETA: 2:08 - loss: 1.2355 - acc: 0.5192
 864/3458 [======>.......................] - ETA: 2:07 - loss: 1.2301 - acc: 0.5208
 896/3458 [======>.......................] - ETA: 2:05 - loss: 1.2380 - acc: 0.5167
 928/3458 [=======>......................] - ETA: 2:04 - loss: 1.2327 - acc: 0.5140
 960/3458 [=======>......................] - ETA: 2:02 - loss: 1.2347 - acc: 0.5146
 992/3458 [=======>......................] - ETA: 2:01 - loss: 1.2309 - acc: 0.5151
1024/3458 [=======>......................] - ETA: 1:59 - loss: 1.2266 - acc: 0.5195
1056/3458 [========>.....................] - ETA: 1:57 - loss: 1.2220 - acc: 0.5180
1088/3458 [========>.....................] - ETA: 1:56 - loss: 1.2185 - acc: 0.5202
1120/3458 [========>.....................] - ETA: 1:54 - loss: 1.2188 - acc: 0.5223
1152/3458 [========>.....................] - ETA: 1:53 - loss: 1.2200 - acc: 0.5217
1184/3458 [=========>....................] - ETA: 1:51 - loss: 1.2153 - acc: 0.5236
1216/3458 [=========>....................] - ETA: 1:49 - loss: 1.2139 - acc: 0.5222
1248/3458 [=========>....................] - ETA: 1:48 - loss: 1.2057 - acc: 0.5256
1280/3458 [==========>...................] - ETA: 1:46 - loss: 1.2132 - acc: 0.5227
1312/3458 [==========>...................] - ETA: 1:45 - loss: 1.2081 - acc: 0.5236
1344/3458 [==========>...................] - ETA: 1:43 - loss: 1.2133 - acc: 0.5231
1376/3458 [==========>...................] - ETA: 1:42 - loss: 1.2060 - acc: 0.5291
1408/3458 [===========>..................] - ETA: 1:40 - loss: 1.2001 - acc: 0.5298
1440/3458 [===========>..................] - ETA: 1:38 - loss: 1.1940 - acc: 0.5333
1472/3458 [===========>..................] - ETA: 1:37 - loss: 1.1880 - acc: 0.5360
1504/3458 [============>.................] - ETA: 1:35 - loss: 1.1843 - acc: 0.5379
1536/3458 [============>.................] - ETA: 1:34 - loss: 1.1843 - acc: 0.5378
1568/3458 [============>.................] - ETA: 1:32 - loss: 1.1857 - acc: 0.5364
1600/3458 [============>.................] - ETA: 1:30 - loss: 1.1832 - acc: 0.5369
1632/3458 [=============>................] - ETA: 1:29 - loss: 1.1808 - acc: 0.5349
1664/3458 [=============>................] - ETA: 1:27 - loss: 1.1801 - acc: 0.5349
1696/3458 [=============>................] - ETA: 1:26 - loss: 1.1811 - acc: 0.5342
1728/3458 [=============>................] - ETA: 1:24 - loss: 1.1798 - acc: 0.5341
1760/3458 [==============>...............] - ETA: 1:23 - loss: 1.1762 - acc: 0.5352
1792/3458 [==============>...............] - ETA: 1:21 - loss: 1.1728 - acc: 0.5391
1824/3458 [==============>...............] - ETA: 1:20 - loss: 1.1682 - acc: 0.5406
1856/3458 [===============>..............] - ETA: 1:18 - loss: 1.1661 - acc: 0.5409
1888/3458 [===============>..............] - ETA: 1:16 - loss: 1.1665 - acc: 0.5387
1920/3458 [===============>..............] - ETA: 1:15 - loss: 1.1662 - acc: 0.5391
1952/3458 [===============>..............] - ETA: 1:13 - loss: 1.1605 - acc: 0.5425
1984/3458 [================>.............] - ETA: 1:12 - loss: 1.1561 - acc: 0.5444
2016/3458 [================>.............] - ETA: 1:10 - loss: 1.1570 - acc: 0.5437
2048/3458 [================>.............] - ETA: 1:09 - loss: 1.1561 - acc: 0.5430
2080/3458 [=================>............] - ETA: 1:07 - loss: 1.1534 - acc: 0.5437
2112/3458 [=================>............] - ETA: 1:05 - loss: 1.1501 - acc: 0.5445
2144/3458 [=================>............] - ETA: 1:04 - loss: 1.1490 - acc: 0.5457
2176/3458 [=================>............] - ETA: 1:02 - loss: 1.1513 - acc: 0.5441
2208/3458 [==================>...........] - ETA: 1:01 - loss: 1.1492 - acc: 0.5444
2240/3458 [==================>...........] - ETA: 59s - loss: 1.1505 - acc: 0.5451 
2272/3458 [==================>...........] - ETA: 58s - loss: 1.1464 - acc: 0.5475
2304/3458 [==================>...........] - ETA: 56s - loss: 1.1460 - acc: 0.5469
2336/3458 [===================>..........] - ETA: 54s - loss: 1.1461 - acc: 0.5454
2368/3458 [===================>..........] - ETA: 53s - loss: 1.1450 - acc: 0.5460
2400/3458 [===================>..........] - ETA: 51s - loss: 1.1439 - acc: 0.5454
2432/3458 [====================>.........] - ETA: 50s - loss: 1.1413 - acc: 0.5461
2464/3458 [====================>.........] - ETA: 48s - loss: 1.1419 - acc: 0.5459
2496/3458 [====================>.........] - ETA: 47s - loss: 1.1418 - acc: 0.5445
2528/3458 [====================>.........] - ETA: 45s - loss: 1.1396 - acc: 0.5463
2560/3458 [=====================>........] - ETA: 43s - loss: 1.1383 - acc: 0.5484
2592/3458 [=====================>........] - ETA: 42s - loss: 1.1352 - acc: 0.5494
2624/3458 [=====================>........] - ETA: 40s - loss: 1.1327 - acc: 0.5503
2656/3458 [======================>.......] - ETA: 39s - loss: 1.1335 - acc: 0.5493
2688/3458 [======================>.......] - ETA: 37s - loss: 1.1329 - acc: 0.5499
2720/3458 [======================>.......] - ETA: 36s - loss: 1.1320 - acc: 0.5511
2752/3458 [======================>.......] - ETA: 34s - loss: 1.1346 - acc: 0.5501
2784/3458 [=======================>......] - ETA: 33s - loss: 1.1393 - acc: 0.5496
2816/3458 [=======================>......] - ETA: 31s - loss: 1.1366 - acc: 0.5501
2848/3458 [=======================>......] - ETA: 29s - loss: 1.1355 - acc: 0.5506
2880/3458 [=======================>......] - ETA: 28s - loss: 1.1356 - acc: 0.5510
2912/3458 [========================>.....] - ETA: 26s - loss: 1.1364 - acc: 0.5515
2944/3458 [========================>.....] - ETA: 25s - loss: 1.1365 - acc: 0.5506
2976/3458 [========================>.....] - ETA: 23s - loss: 1.1368 - acc: 0.5501
3008/3458 [=========================>....] - ETA: 22s - loss: 1.1366 - acc: 0.5502
3040/3458 [=========================>....] - ETA: 20s - loss: 1.1365 - acc: 0.5493
3072/3458 [=========================>....] - ETA: 18s - loss: 1.1370 - acc: 0.5485
3104/3458 [=========================>....] - ETA: 17s - loss: 1.1365 - acc: 0.5483
3136/3458 [==========================>...] - ETA: 15s - loss: 1.1356 - acc: 0.5491
3168/3458 [==========================>...] - ETA: 14s - loss: 1.1365 - acc: 0.5477
3200/3458 [==========================>...] - ETA: 12s - loss: 1.1366 - acc: 0.5475
3232/3458 [===========================>..] - ETA: 11s - loss: 1.1376 - acc: 0.5480
3264/3458 [===========================>..] - ETA: 9s - loss: 1.1352 - acc: 0.5487 
3296/3458 [===========================>..] - ETA: 7s - loss: 1.1371 - acc: 0.5470
3328/3458 [===========================>..] - ETA: 6s - loss: 1.1366 - acc: 0.5478
3360/3458 [============================>.] - ETA: 4s - loss: 1.1350 - acc: 0.5485
3392/3458 [============================>.] - ETA: 3s - loss: 1.1346 - acc: 0.5489
3424/3458 [============================>.] - ETA: 1s - loss: 1.1316 - acc: 0.5499
3456/3458 [============================>.] - ETA: 0s - loss: 1.1305 - acc: 0.5506
3458/3458 [==============================] - 170s 49ms/sample - loss: 1.1300 - acc: 0.5509

 32/865 [>.............................] - ETA: 7s - loss: 1.7485 - acc: 0.4688
 64/865 [=>............................] - ETA: 7s - loss: 1.4145 - acc: 0.5000
 96/865 [==>...........................] - ETA: 6s - loss: 1.3397 - acc: 0.4896
128/865 [===>..........................] - ETA: 6s - loss: 1.2197 - acc: 0.5469
160/865 [====>.........................] - ETA: 6s - loss: 1.2817 - acc: 0.5250
192/865 [=====>........................] - ETA: 6s - loss: 1.2901 - acc: 0.5208
224/865 [======>.......................] - ETA: 5s - loss: 1.2582 - acc: 0.5402
256/865 [=======>......................] - ETA: 5s - loss: 1.2227 - acc: 0.5469
288/865 [========>.....................] - ETA: 5s - loss: 1.2129 - acc: 0.5417
320/865 [==========>...................] - ETA: 4s - loss: 1.2087 - acc: 0.5406
352/865 [===========>..................] - ETA: 4s - loss: 1.2298 - acc: 0.5284
384/865 [============>.................] - ETA: 4s - loss: 1.2123 - acc: 0.5260
416/865 [=============>................] - ETA: 3s - loss: 1.1961 - acc: 0.5337
448/865 [==============>...............] - ETA: 3s - loss: 1.1775 - acc: 0.5446
480/865 [===============>..............] - ETA: 3s - loss: 1.1715 - acc: 0.5458
512/865 [================>.............] - ETA: 3s - loss: 1.1654 - acc: 0.5449
544/865 [=================>............] - ETA: 2s - loss: 1.1663 - acc: 0.5441
576/865 [==================>...........] - ETA: 2s - loss: 1.1436 - acc: 0.5486
608/865 [====================>.........] - ETA: 2s - loss: 1.1444 - acc: 0.5510
640/865 [=====================>........] - ETA: 2s - loss: 1.1410 - acc: 0.5547
672/865 [======================>.......] - ETA: 1s - loss: 1.1405 - acc: 0.5461
704/865 [=======================>......] - ETA: 1s - loss: 1.1516 - acc: 0.5426
736/865 [========================>.....] - ETA: 1s - loss: 1.1544 - acc: 0.5408
768/865 [=========================>....] - ETA: 0s - loss: 1.1725 - acc: 0.5326
800/865 [==========================>...] - ETA: 0s - loss: 1.1710 - acc: 0.5350
832/865 [===========================>..] - ETA: 0s - loss: 1.1834 - acc: 0.5312
864/865 [============================>.] - ETA: 0s - loss: 1.1811 - acc: 0.5312
865/865 [==============================] - 8s 9ms/sample - loss: 1.1810 - acc: 0.5306

  32/3458 [..............................] - ETA: 2:44 - loss: 1.1336 - acc: 0.6250
  64/3458 [..............................] - ETA: 2:44 - loss: 0.8598 - acc: 0.6719
  96/3458 [..............................] - ETA: 2:42 - loss: 0.8932 - acc: 0.6146
 128/3458 [>.............................] - ETA: 2:41 - loss: 0.8790 - acc: 0.6562
 160/3458 [>.............................] - ETA: 2:40 - loss: 0.8962 - acc: 0.6438
 192/3458 [>.............................] - ETA: 2:38 - loss: 0.8899 - acc: 0.6615
 224/3458 [>.............................] - ETA: 2:37 - loss: 0.9095 - acc: 0.6384
 256/3458 [=>............................] - ETA: 2:36 - loss: 0.9178 - acc: 0.6328
 288/3458 [=>............................] - ETA: 2:34 - loss: 0.9185 - acc: 0.6389
 320/3458 [=>............................] - ETA: 2:33 - loss: 0.9119 - acc: 0.6375
 352/3458 [==>...........................] - ETA: 2:31 - loss: 0.9189 - acc: 0.6335
 384/3458 [==>...........................] - ETA: 2:29 - loss: 0.9093 - acc: 0.6406
 416/3458 [==>...........................] - ETA: 2:28 - loss: 0.9096 - acc: 0.6322
 448/3458 [==>...........................] - ETA: 2:26 - loss: 0.9269 - acc: 0.6183
 480/3458 [===>..........................] - ETA: 2:25 - loss: 0.9279 - acc: 0.6187
 512/3458 [===>..........................] - ETA: 2:23 - loss: 0.9238 - acc: 0.6289
 544/3458 [===>..........................] - ETA: 2:22 - loss: 0.9275 - acc: 0.6287
 576/3458 [===>..........................] - ETA: 2:20 - loss: 0.9269 - acc: 0.6285
 608/3458 [====>.........................] - ETA: 2:19 - loss: 0.9264 - acc: 0.6365
 640/3458 [====>.........................] - ETA: 2:17 - loss: 0.9196 - acc: 0.6375
 672/3458 [====>.........................] - ETA: 2:15 - loss: 0.9217 - acc: 0.6354
 704/3458 [=====>........................] - ETA: 2:14 - loss: 0.9238 - acc: 0.6335
 736/3458 [=====>........................] - ETA: 2:12 - loss: 0.9244 - acc: 0.6399
 768/3458 [=====>........................] - ETA: 2:11 - loss: 0.9206 - acc: 0.6419
 800/3458 [=====>........................] - ETA: 2:09 - loss: 0.9287 - acc: 0.6400
 832/3458 [======>.......................] - ETA: 2:08 - loss: 0.9278 - acc: 0.6406
 864/3458 [======>.......................] - ETA: 2:06 - loss: 0.9295 - acc: 0.6389
 896/3458 [======>.......................] - ETA: 2:05 - loss: 0.9186 - acc: 0.6429
 928/3458 [=======>......................] - ETA: 2:03 - loss: 0.9154 - acc: 0.6444
 960/3458 [=======>......................] - ETA: 2:02 - loss: 0.9183 - acc: 0.6427
 992/3458 [=======>......................] - ETA: 2:00 - loss: 0.9156 - acc: 0.6431
1024/3458 [=======>......................] - ETA: 1:58 - loss: 0.9150 - acc: 0.6426
1056/3458 [========>.....................] - ETA: 1:57 - loss: 0.9156 - acc: 0.6411
1088/3458 [========>.....................] - ETA: 1:55 - loss: 0.9183 - acc: 0.6471
1120/3458 [========>.....................] - ETA: 1:54 - loss: 0.9351 - acc: 0.6438
1152/3458 [========>.....................] - ETA: 1:52 - loss: 0.9353 - acc: 0.6441
1184/3458 [=========>....................] - ETA: 1:51 - loss: 0.9377 - acc: 0.6436
1216/3458 [=========>....................] - ETA: 1:49 - loss: 0.9356 - acc: 0.6439
1248/3458 [=========>....................] - ETA: 1:47 - loss: 0.9280 - acc: 0.6474
1280/3458 [==========>...................] - ETA: 1:46 - loss: 0.9284 - acc: 0.6453
1312/3458 [==========>...................] - ETA: 1:44 - loss: 0.9262 - acc: 0.6502
1344/3458 [==========>...................] - ETA: 1:43 - loss: 0.9244 - acc: 0.6503
1376/3458 [==========>...................] - ETA: 1:41 - loss: 0.9238 - acc: 0.6468
1408/3458 [===========>..................] - ETA: 1:40 - loss: 0.9260 - acc: 0.6456
1440/3458 [===========>..................] - ETA: 1:38 - loss: 0.9279 - acc: 0.6438
1472/3458 [===========>..................] - ETA: 1:36 - loss: 0.9313 - acc: 0.6413
1504/3458 [============>.................] - ETA: 1:35 - loss: 0.9367 - acc: 0.6390
1536/3458 [============>.................] - ETA: 1:33 - loss: 0.9304 - acc: 0.6413
1568/3458 [============>.................] - ETA: 1:32 - loss: 0.9284 - acc: 0.6409
1600/3458 [============>.................] - ETA: 1:30 - loss: 0.9282 - acc: 0.6413
1632/3458 [=============>................] - ETA: 1:29 - loss: 0.9274 - acc: 0.6409
1664/3458 [=============>................] - ETA: 1:27 - loss: 0.9242 - acc: 0.6418
1696/3458 [=============>................] - ETA: 1:26 - loss: 0.9208 - acc: 0.6427
1728/3458 [=============>................] - ETA: 1:24 - loss: 0.9222 - acc: 0.6406
1760/3458 [==============>...............] - ETA: 1:22 - loss: 0.9227 - acc: 0.6415
1792/3458 [==============>...............] - ETA: 1:21 - loss: 0.9206 - acc: 0.6429
1824/3458 [==============>...............] - ETA: 1:19 - loss: 0.9181 - acc: 0.6431
1856/3458 [===============>..............] - ETA: 1:18 - loss: 0.9180 - acc: 0.6433
1888/3458 [===============>..............] - ETA: 1:16 - loss: 0.9169 - acc: 0.6441
1920/3458 [===============>..............] - ETA: 1:15 - loss: 0.9142 - acc: 0.6448
1952/3458 [===============>..............] - ETA: 1:13 - loss: 0.9139 - acc: 0.6455
1984/3458 [================>.............] - ETA: 1:11 - loss: 0.9188 - acc: 0.6442
2016/3458 [================>.............] - ETA: 1:10 - loss: 0.9159 - acc: 0.6438
2048/3458 [================>.............] - ETA: 1:08 - loss: 0.9168 - acc: 0.6431
2080/3458 [=================>............] - ETA: 1:07 - loss: 0.9155 - acc: 0.6433
2112/3458 [=================>............] - ETA: 1:05 - loss: 0.9167 - acc: 0.6416
2144/3458 [=================>............] - ETA: 1:04 - loss: 0.9176 - acc: 0.6418
2176/3458 [=================>............] - ETA: 1:02 - loss: 0.9183 - acc: 0.6415
2208/3458 [==================>...........] - ETA: 1:01 - loss: 0.9132 - acc: 0.6445
2240/3458 [==================>...........] - ETA: 59s - loss: 0.9118 - acc: 0.6451 
2272/3458 [==================>...........] - ETA: 57s - loss: 0.9130 - acc: 0.6430
2304/3458 [==================>...........] - ETA: 56s - loss: 0.9137 - acc: 0.6432
2336/3458 [===================>..........] - ETA: 54s - loss: 0.9138 - acc: 0.6430
2368/3458 [===================>..........] - ETA: 53s - loss: 0.9174 - acc: 0.6410
2400/3458 [===================>..........] - ETA: 51s - loss: 0.9158 - acc: 0.6417
2432/3458 [====================>.........] - ETA: 50s - loss: 0.9153 - acc: 0.6414
2464/3458 [====================>.........] - ETA: 48s - loss: 0.9185 - acc: 0.6388
2496/3458 [====================>.........] - ETA: 46s - loss: 0.9159 - acc: 0.6406
2528/3458 [====================>.........] - ETA: 45s - loss: 0.9151 - acc: 0.6408
2560/3458 [=====================>........] - ETA: 43s - loss: 0.9147 - acc: 0.6402
2592/3458 [=====================>........] - ETA: 42s - loss: 0.9173 - acc: 0.6389
2624/3458 [=====================>........] - ETA: 40s - loss: 0.9148 - acc: 0.6395
2656/3458 [======================>.......] - ETA: 39s - loss: 0.9129 - acc: 0.6393
2688/3458 [======================>.......] - ETA: 37s - loss: 0.9138 - acc: 0.6384
2720/3458 [======================>.......] - ETA: 36s - loss: 0.9147 - acc: 0.6379
2752/3458 [======================>.......] - ETA: 34s - loss: 0.9128 - acc: 0.6392
2784/3458 [=======================>......] - ETA: 32s - loss: 0.9100 - acc: 0.6404
2816/3458 [=======================>......] - ETA: 31s - loss: 0.9072 - acc: 0.6420
2848/3458 [=======================>......] - ETA: 29s - loss: 0.9078 - acc: 0.6412
2880/3458 [=======================>......] - ETA: 28s - loss: 0.9081 - acc: 0.6406
2912/3458 [========================>.....] - ETA: 26s - loss: 0.9058 - acc: 0.6418
2944/3458 [========================>.....] - ETA: 25s - loss: 0.9052 - acc: 0.6423
2976/3458 [========================>.....] - ETA: 23s - loss: 0.9046 - acc: 0.6431
3008/3458 [=========================>....] - ETA: 21s - loss: 0.9107 - acc: 0.6426
3040/3458 [=========================>....] - ETA: 20s - loss: 0.9094 - acc: 0.6428
3072/3458 [=========================>....] - ETA: 18s - loss: 0.9090 - acc: 0.6426
3104/3458 [=========================>....] - ETA: 17s - loss: 0.9100 - acc: 0.6421
3136/3458 [==========================>...] - ETA: 15s - loss: 0.9112 - acc: 0.6413
3168/3458 [==========================>...] - ETA: 14s - loss: 0.9127 - acc: 0.6408
3200/3458 [==========================>...] - ETA: 12s - loss: 0.9136 - acc: 0.6403
3232/3458 [===========================>..] - ETA: 11s - loss: 0.9121 - acc: 0.6417
3264/3458 [===========================>..] - ETA: 9s - loss: 0.9119 - acc: 0.6415 
3296/3458 [===========================>..] - ETA: 7s - loss: 0.9102 - acc: 0.6426
3328/3458 [===========================>..] - ETA: 6s - loss: 0.9097 - acc: 0.6424
3360/3458 [============================>.] - ETA: 4s - loss: 0.9103 - acc: 0.6432
3392/3458 [============================>.] - ETA: 3s - loss: 0.9099 - acc: 0.6436
3424/3458 [============================>.] - ETA: 1s - loss: 0.9111 - acc: 0.6434
3456/3458 [============================>.] - ETA: 0s - loss: 0.9130 - acc: 0.6429
3458/3458 [==============================] - 170s 49ms/sample - loss: 0.9128 - acc: 0.6431

 32/865 [>.............................] - ETA: 7s - loss: 1.8436 - acc: 0.4688
 64/865 [=>............................] - ETA: 7s - loss: 1.4339 - acc: 0.5000
 96/865 [==>...........................] - ETA: 6s - loss: 1.3009 - acc: 0.5312
128/865 [===>..........................] - ETA: 6s - loss: 1.1698 - acc: 0.5625
160/865 [====>.........................] - ETA: 6s - loss: 1.2437 - acc: 0.5312
192/865 [=====>........................] - ETA: 6s - loss: 1.2350 - acc: 0.5260
224/865 [======>.......................] - ETA: 5s - loss: 1.2074 - acc: 0.5357
256/865 [=======>......................] - ETA: 5s - loss: 1.1792 - acc: 0.5352
288/865 [========>.....................] - ETA: 5s - loss: 1.1720 - acc: 0.5417
320/865 [==========>...................] - ETA: 4s - loss: 1.1679 - acc: 0.5375
352/865 [===========>..................] - ETA: 4s - loss: 1.1956 - acc: 0.5256
384/865 [============>.................] - ETA: 4s - loss: 1.1834 - acc: 0.5286
416/865 [=============>................] - ETA: 3s - loss: 1.1809 - acc: 0.5337
448/865 [==============>...............] - ETA: 3s - loss: 1.1684 - acc: 0.5402
480/865 [===============>..............] - ETA: 3s - loss: 1.1611 - acc: 0.5458
512/865 [================>.............] - ETA: 3s - loss: 1.1491 - acc: 0.5488
544/865 [=================>............] - ETA: 2s - loss: 1.1414 - acc: 0.5551
576/865 [==================>...........] - ETA: 2s - loss: 1.1291 - acc: 0.5590
608/865 [====================>.........] - ETA: 2s - loss: 1.1233 - acc: 0.5609
640/865 [=====================>........] - ETA: 1s - loss: 1.1157 - acc: 0.5656
672/865 [======================>.......] - ETA: 1s - loss: 1.1138 - acc: 0.5610
704/865 [=======================>......] - ETA: 1s - loss: 1.1227 - acc: 0.5568
736/865 [========================>.....] - ETA: 1s - loss: 1.1291 - acc: 0.5584
768/865 [=========================>....] - ETA: 0s - loss: 1.1487 - acc: 0.5495
800/865 [==========================>...] - ETA: 0s - loss: 1.1419 - acc: 0.5525
832/865 [===========================>..] - ETA: 0s - loss: 1.1485 - acc: 0.5529
864/865 [============================>.] - ETA: 0s - loss: 1.1516 - acc: 0.5521
865/865 [==============================] - 8s 9ms/sample - loss: 1.1513 - acc: 0.5514

  32/3458 [..............................] - ETA: 2:50 - loss: 0.9388 - acc: 0.6562
  64/3458 [..............................] - ETA: 2:46 - loss: 0.7924 - acc: 0.7188
  96/3458 [..............................] - ETA: 2:44 - loss: 0.7682 - acc: 0.7604
 128/3458 [>.............................] - ETA: 2:43 - loss: 0.7221 - acc: 0.7734
 160/3458 [>.............................] - ETA: 2:41 - loss: 0.7142 - acc: 0.7750
 192/3458 [>.............................] - ETA: 2:40 - loss: 0.7395 - acc: 0.7448
 224/3458 [>.............................] - ETA: 2:38 - loss: 0.7275 - acc: 0.7455
 256/3458 [=>............................] - ETA: 2:37 - loss: 0.7614 - acc: 0.7227
 288/3458 [=>............................] - ETA: 2:35 - loss: 0.7480 - acc: 0.7153
 320/3458 [=>............................] - ETA: 2:34 - loss: 0.7388 - acc: 0.7188
 352/3458 [==>...........................] - ETA: 2:32 - loss: 0.7346 - acc: 0.7244
 384/3458 [==>...........................] - ETA: 2:30 - loss: 0.7251 - acc: 0.7292
 416/3458 [==>...........................] - ETA: 2:29 - loss: 0.7314 - acc: 0.7308
 448/3458 [==>...........................] - ETA: 2:27 - loss: 0.7457 - acc: 0.7232
 480/3458 [===>..........................] - ETA: 2:25 - loss: 0.7519 - acc: 0.7188
 512/3458 [===>..........................] - ETA: 2:24 - loss: 0.7444 - acc: 0.7246
 544/3458 [===>..........................] - ETA: 2:22 - loss: 0.7308 - acc: 0.7279
 576/3458 [===>..........................] - ETA: 2:21 - loss: 0.7537 - acc: 0.7118
 608/3458 [====>.........................] - ETA: 2:19 - loss: 0.7397 - acc: 0.7155
 640/3458 [====>.........................] - ETA: 2:18 - loss: 0.7479 - acc: 0.7125
 672/3458 [====>.........................] - ETA: 2:16 - loss: 0.7408 - acc: 0.7158
 704/3458 [=====>........................] - ETA: 2:14 - loss: 0.7403 - acc: 0.7173
 736/3458 [=====>........................] - ETA: 2:13 - loss: 0.7520 - acc: 0.7133
 768/3458 [=====>........................] - ETA: 2:11 - loss: 0.7508 - acc: 0.7135
 800/3458 [=====>........................] - ETA: 2:10 - loss: 0.7454 - acc: 0.7175
 832/3458 [======>.......................] - ETA: 2:08 - loss: 0.7407 - acc: 0.7236
 864/3458 [======>.......................] - ETA: 2:06 - loss: 0.7470 - acc: 0.7199
 896/3458 [======>.......................] - ETA: 2:05 - loss: 0.7410 - acc: 0.7243
 928/3458 [=======>......................] - ETA: 2:03 - loss: 0.7402 - acc: 0.7220
 960/3458 [=======>......................] - ETA: 2:02 - loss: 0.7346 - acc: 0.7229
 992/3458 [=======>......................] - ETA: 2:00 - loss: 0.7380 - acc: 0.7208
1024/3458 [=======>......................] - ETA: 1:59 - loss: 0.7385 - acc: 0.7207
1056/3458 [========>.....................] - ETA: 1:57 - loss: 0.7342 - acc: 0.7206
1088/3458 [========>.....................] - ETA: 1:56 - loss: 0.7358 - acc: 0.7197
1120/3458 [========>.....................] - ETA: 1:54 - loss: 0.7372 - acc: 0.7188
1152/3458 [========>.....................] - ETA: 1:52 - loss: 0.7338 - acc: 0.7205
1184/3458 [=========>....................] - ETA: 1:51 - loss: 0.7335 - acc: 0.7196
1216/3458 [=========>....................] - ETA: 1:49 - loss: 0.7332 - acc: 0.7204
1248/3458 [=========>....................] - ETA: 1:48 - loss: 0.7369 - acc: 0.7179
1280/3458 [==========>...................] - ETA: 1:46 - loss: 0.7330 - acc: 0.7203
1312/3458 [==========>...................] - ETA: 1:45 - loss: 0.7351 - acc: 0.7188
1344/3458 [==========>...................] - ETA: 1:43 - loss: 0.7414 - acc: 0.7158
1376/3458 [==========>...................] - ETA: 1:41 - loss: 0.7428 - acc: 0.7144
1408/3458 [===========>..................] - ETA: 1:40 - loss: 0.7409 - acc: 0.7145
1440/3458 [===========>..................] - ETA: 1:38 - loss: 0.7373 - acc: 0.7153
1472/3458 [===========>..................] - ETA: 1:37 - loss: 0.7372 - acc: 0.7174
1504/3458 [============>.................] - ETA: 1:35 - loss: 0.7333 - acc: 0.7207
1536/3458 [============>.................] - ETA: 1:34 - loss: 0.7345 - acc: 0.7207
1568/3458 [============>.................] - ETA: 1:32 - loss: 0.7318 - acc: 0.7213
1600/3458 [============>.................] - ETA: 1:30 - loss: 0.7304 - acc: 0.7206
1632/3458 [=============>................] - ETA: 1:29 - loss: 0.7274 - acc: 0.7218
1664/3458 [=============>................] - ETA: 1:27 - loss: 0.7245 - acc: 0.7236
1696/3458 [=============>................] - ETA: 1:26 - loss: 0.7217 - acc: 0.7252
1728/3458 [=============>................] - ETA: 1:24 - loss: 0.7208 - acc: 0.7257
1760/3458 [==============>...............] - ETA: 1:23 - loss: 0.7196 - acc: 0.7267
1792/3458 [==============>...............] - ETA: 1:21 - loss: 0.7202 - acc: 0.7271
1824/3458 [==============>...............] - ETA: 1:19 - loss: 0.7177 - acc: 0.7281
1856/3458 [===============>..............] - ETA: 1:18 - loss: 0.7171 - acc: 0.7284
1888/3458 [===============>..............] - ETA: 1:16 - loss: 0.7183 - acc: 0.7278
1920/3458 [===============>..............] - ETA: 1:15 - loss: 0.7154 - acc: 0.7286
1952/3458 [===============>..............] - ETA: 1:13 - loss: 0.7139 - acc: 0.7300
1984/3458 [================>.............] - ETA: 1:12 - loss: 0.7137 - acc: 0.7293
2016/3458 [================>.............] - ETA: 1:10 - loss: 0.7109 - acc: 0.7297
2048/3458 [================>.............] - ETA: 1:09 - loss: 0.7122 - acc: 0.7300
2080/3458 [=================>............] - ETA: 1:07 - loss: 0.7141 - acc: 0.7298
2112/3458 [=================>............] - ETA: 1:05 - loss: 0.7128 - acc: 0.7296
2144/3458 [=================>............] - ETA: 1:04 - loss: 0.7084 - acc: 0.7318
2176/3458 [=================>............] - ETA: 1:02 - loss: 0.7066 - acc: 0.7335
2208/3458 [==================>...........] - ETA: 1:01 - loss: 0.7068 - acc: 0.7328
2240/3458 [==================>...........] - ETA: 59s - loss: 0.7035 - acc: 0.7344 
2272/3458 [==================>...........] - ETA: 58s - loss: 0.7023 - acc: 0.7350
2304/3458 [==================>...........] - ETA: 56s - loss: 0.7018 - acc: 0.7348
2336/3458 [===================>..........] - ETA: 54s - loss: 0.7012 - acc: 0.7354
2368/3458 [===================>..........] - ETA: 53s - loss: 0.7032 - acc: 0.7344
2400/3458 [===================>..........] - ETA: 51s - loss: 0.7035 - acc: 0.7350
2432/3458 [====================>.........] - ETA: 50s - loss: 0.7025 - acc: 0.7348
2464/3458 [====================>.........] - ETA: 48s - loss: 0.6984 - acc: 0.7378
2496/3458 [====================>.........] - ETA: 47s - loss: 0.6967 - acc: 0.7400
2528/3458 [====================>.........] - ETA: 45s - loss: 0.6937 - acc: 0.7417
2560/3458 [=====================>........] - ETA: 44s - loss: 0.6934 - acc: 0.7406
2592/3458 [=====================>........] - ETA: 42s - loss: 0.6934 - acc: 0.7396
2624/3458 [=====================>........] - ETA: 40s - loss: 0.6935 - acc: 0.7389
2656/3458 [======================>.......] - ETA: 39s - loss: 0.6915 - acc: 0.7391
2688/3458 [======================>.......] - ETA: 37s - loss: 0.6965 - acc: 0.7385
2720/3458 [======================>.......] - ETA: 36s - loss: 0.6950 - acc: 0.7393
2752/3458 [======================>.......] - ETA: 34s - loss: 0.6941 - acc: 0.7398
2784/3458 [=======================>......] - ETA: 33s - loss: 0.6930 - acc: 0.7396
2816/3458 [=======================>......] - ETA: 31s - loss: 0.6921 - acc: 0.7397
2848/3458 [=======================>......] - ETA: 29s - loss: 0.6912 - acc: 0.7409
2880/3458 [=======================>......] - ETA: 28s - loss: 0.6887 - acc: 0.7420
2912/3458 [========================>.....] - ETA: 26s - loss: 0.6873 - acc: 0.7428
2944/3458 [========================>.....] - ETA: 25s - loss: 0.6871 - acc: 0.7425
2976/3458 [========================>.....] - ETA: 23s - loss: 0.6867 - acc: 0.7416
3008/3458 [=========================>....] - ETA: 22s - loss: 0.6881 - acc: 0.7407
3040/3458 [=========================>....] - ETA: 20s - loss: 0.6866 - acc: 0.7418
3072/3458 [=========================>....] - ETA: 18s - loss: 0.6849 - acc: 0.7425
3104/3458 [=========================>....] - ETA: 17s - loss: 0.6829 - acc: 0.7442
3136/3458 [==========================>...] - ETA: 15s - loss: 0.6815 - acc: 0.7446
3168/3458 [==========================>...] - ETA: 14s - loss: 0.6818 - acc: 0.7449
3200/3458 [==========================>...] - ETA: 12s - loss: 0.6803 - acc: 0.7450
3232/3458 [===========================>..] - ETA: 11s - loss: 0.6782 - acc: 0.7460
3264/3458 [===========================>..] - ETA: 9s - loss: 0.6788 - acc: 0.7466 
3296/3458 [===========================>..] - ETA: 7s - loss: 0.6779 - acc: 0.7476
3328/3458 [===========================>..] - ETA: 6s - loss: 0.6771 - acc: 0.7476
3360/3458 [============================>.] - ETA: 4s - loss: 0.6761 - acc: 0.7482
3392/3458 [============================>.] - ETA: 3s - loss: 0.6775 - acc: 0.7473
3424/3458 [============================>.] - ETA: 1s - loss: 0.6775 - acc: 0.7471
3456/3458 [============================>.] - ETA: 0s - loss: 0.6771 - acc: 0.7471
3458/3458 [==============================] - 170s 49ms/sample - loss: 0.6775 - acc: 0.7470

 32/865 [>.............................] - ETA: 7s - loss: 1.4443 - acc: 0.4688
 64/865 [=>............................] - ETA: 7s - loss: 1.2787 - acc: 0.5000
 96/865 [==>...........................] - ETA: 6s - loss: 1.2738 - acc: 0.5104
128/865 [===>..........................] - ETA: 6s - loss: 1.1690 - acc: 0.5391
160/865 [====>.........................] - ETA: 6s - loss: 1.2683 - acc: 0.5188
192/865 [=====>........................] - ETA: 5s - loss: 1.3171 - acc: 0.5052
224/865 [======>.......................] - ETA: 5s - loss: 1.3194 - acc: 0.5312
256/865 [=======>......................] - ETA: 5s - loss: 1.2746 - acc: 0.5430
288/865 [========>.....................] - ETA: 5s - loss: 1.2889 - acc: 0.5486
320/865 [==========>...................] - ETA: 4s - loss: 1.2792 - acc: 0.5469
352/865 [===========>..................] - ETA: 4s - loss: 1.3359 - acc: 0.5256
384/865 [============>.................] - ETA: 4s - loss: 1.3383 - acc: 0.5286
416/865 [=============>................] - ETA: 3s - loss: 1.3234 - acc: 0.5385
448/865 [==============>...............] - ETA: 3s - loss: 1.3224 - acc: 0.5424
480/865 [===============>..............] - ETA: 3s - loss: 1.2937 - acc: 0.5458
512/865 [================>.............] - ETA: 3s - loss: 1.2810 - acc: 0.5430
544/865 [=================>............] - ETA: 2s - loss: 1.2768 - acc: 0.5441
576/865 [==================>...........] - ETA: 2s - loss: 1.2684 - acc: 0.5434
608/865 [====================>.........] - ETA: 2s - loss: 1.2613 - acc: 0.5444
640/865 [=====================>........] - ETA: 1s - loss: 1.2468 - acc: 0.5484
672/865 [======================>.......] - ETA: 1s - loss: 1.2462 - acc: 0.5476
704/865 [=======================>......] - ETA: 1s - loss: 1.2686 - acc: 0.5440
736/865 [========================>.....] - ETA: 1s - loss: 1.2701 - acc: 0.5462
768/865 [=========================>....] - ETA: 0s - loss: 1.3000 - acc: 0.5352
800/865 [==========================>...] - ETA: 0s - loss: 1.2902 - acc: 0.5387
832/865 [===========================>..] - ETA: 0s - loss: 1.3052 - acc: 0.5349
864/865 [============================>.] - ETA: 0s - loss: 1.3074 - acc: 0.5359
865/865 [==============================] - 8s 9ms/sample - loss: 1.3067 - acc: 0.5364
