For Dropout_1=0.0 Dropout_2=0.3
daisy loaded
dandelion loaded
rose loaded
sunflower loaded
tulip loaded

  32/3458 [..............................] - ETA: 2:59 - loss: 1.5880 - acc: 0.4688
  64/3458 [..............................] - ETA: 2:47 - loss: 42.0774 - acc: 0.3125
  96/3458 [..............................] - ETA: 2:44 - loss: 32.6467 - acc: 0.2812
 128/3458 [>.............................] - ETA: 2:40 - loss: 25.7900 - acc: 0.2656
 160/3458 [>.............................] - ETA: 2:38 - loss: 21.2800 - acc: 0.2438
 192/3458 [>.............................] - ETA: 2:35 - loss: 18.0555 - acc: 0.2240
 224/3458 [>.............................] - ETA: 2:33 - loss: 15.7075 - acc: 0.2188
 256/3458 [=>............................] - ETA: 2:31 - loss: 13.9371 - acc: 0.2266
 288/3458 [=>............................] - ETA: 2:30 - loss: 12.5555 - acc: 0.2153
 320/3458 [=>............................] - ETA: 2:28 - loss: 11.4492 - acc: 0.2281
 352/3458 [==>...........................] - ETA: 2:26 - loss: 10.5418 - acc: 0.2415
 384/3458 [==>...........................] - ETA: 2:25 - loss: 9.7889 - acc: 0.2500 
 416/3458 [==>...........................] - ETA: 2:23 - loss: 9.1603 - acc: 0.2476
 448/3458 [==>...........................] - ETA: 2:21 - loss: 8.6030 - acc: 0.2567
 480/3458 [===>..........................] - ETA: 2:20 - loss: 8.1224 - acc: 0.2646
 512/3458 [===>..........................] - ETA: 2:19 - loss: 7.7288 - acc: 0.2695
 544/3458 [===>..........................] - ETA: 2:17 - loss: 7.3588 - acc: 0.2831
 576/3458 [===>..........................] - ETA: 2:15 - loss: 7.0264 - acc: 0.2934
 608/3458 [====>.........................] - ETA: 2:14 - loss: 6.7270 - acc: 0.3043
 640/3458 [====>.........................] - ETA: 2:12 - loss: 6.4613 - acc: 0.3109
 672/3458 [====>.........................] - ETA: 2:11 - loss: 6.2229 - acc: 0.3140
 704/3458 [=====>........................] - ETA: 2:09 - loss: 6.0053 - acc: 0.3210
 736/3458 [=====>........................] - ETA: 2:08 - loss: 5.8073 - acc: 0.3207
 768/3458 [=====>........................] - ETA: 2:06 - loss: 5.6285 - acc: 0.3151
 800/3458 [=====>........................] - ETA: 2:04 - loss: 5.4600 - acc: 0.3212
 832/3458 [======>.......................] - ETA: 2:03 - loss: 5.3034 - acc: 0.3305
 864/3458 [======>.......................] - ETA: 2:01 - loss: 5.1598 - acc: 0.3333
 896/3458 [======>.......................] - ETA: 2:00 - loss: 5.0222 - acc: 0.3371
 928/3458 [=======>......................] - ETA: 1:58 - loss: 4.9000 - acc: 0.3362
 960/3458 [=======>......................] - ETA: 1:57 - loss: 4.7785 - acc: 0.3427
 992/3458 [=======>......................] - ETA: 1:55 - loss: 4.6682 - acc: 0.3448
1024/3458 [=======>......................] - ETA: 1:54 - loss: 4.5649 - acc: 0.3457
1056/3458 [========>.....................] - ETA: 1:52 - loss: 4.4702 - acc: 0.3456
1088/3458 [========>.....................] - ETA: 1:51 - loss: 4.3813 - acc: 0.3465
1120/3458 [========>.....................] - ETA: 1:49 - loss: 4.2871 - acc: 0.3509
1152/3458 [========>.....................] - ETA: 1:48 - loss: 4.2070 - acc: 0.3516
1184/3458 [=========>....................] - ETA: 1:46 - loss: 4.1313 - acc: 0.3539
1216/3458 [=========>....................] - ETA: 1:45 - loss: 4.0553 - acc: 0.3561
1248/3458 [=========>....................] - ETA: 1:43 - loss: 3.9827 - acc: 0.3590
1280/3458 [==========>...................] - ETA: 1:42 - loss: 3.9171 - acc: 0.3617
1312/3458 [==========>...................] - ETA: 1:40 - loss: 3.8531 - acc: 0.3643
1344/3458 [==========>...................] - ETA: 1:39 - loss: 3.7925 - acc: 0.3646
1376/3458 [==========>...................] - ETA: 1:37 - loss: 3.7354 - acc: 0.3685
1408/3458 [===========>..................] - ETA: 1:36 - loss: 3.6808 - acc: 0.3693
1440/3458 [===========>..................] - ETA: 1:34 - loss: 3.6269 - acc: 0.3715
1472/3458 [===========>..................] - ETA: 1:33 - loss: 3.5784 - acc: 0.3716
1504/3458 [============>.................] - ETA: 1:31 - loss: 3.5259 - acc: 0.3730
1536/3458 [============>.................] - ETA: 1:30 - loss: 3.4767 - acc: 0.3763
1568/3458 [============>.................] - ETA: 1:28 - loss: 3.4364 - acc: 0.3769
1600/3458 [============>.................] - ETA: 1:27 - loss: 3.3985 - acc: 0.3775
1632/3458 [=============>................] - ETA: 1:25 - loss: 3.3609 - acc: 0.3781
1664/3458 [=============>................] - ETA: 1:24 - loss: 3.3314 - acc: 0.3768
1696/3458 [=============>................] - ETA: 1:22 - loss: 3.2923 - acc: 0.3791
1728/3458 [=============>................] - ETA: 1:21 - loss: 3.2563 - acc: 0.3785
1760/3458 [==============>...............] - ETA: 1:19 - loss: 3.2199 - acc: 0.3801
1792/3458 [==============>...............] - ETA: 1:18 - loss: 3.1884 - acc: 0.3789
1824/3458 [==============>...............] - ETA: 1:16 - loss: 3.1563 - acc: 0.3810
1856/3458 [===============>..............] - ETA: 1:15 - loss: 3.1282 - acc: 0.3788
1888/3458 [===============>..............] - ETA: 1:13 - loss: 3.0995 - acc: 0.3771
1920/3458 [===============>..............] - ETA: 1:12 - loss: 3.0722 - acc: 0.3766
1952/3458 [===============>..............] - ETA: 1:10 - loss: 3.0452 - acc: 0.3765
1984/3458 [================>.............] - ETA: 1:09 - loss: 3.0187 - acc: 0.3775
2016/3458 [================>.............] - ETA: 1:07 - loss: 2.9942 - acc: 0.3765
2048/3458 [================>.............] - ETA: 1:06 - loss: 2.9682 - acc: 0.3804
2080/3458 [=================>............] - ETA: 1:04 - loss: 2.9436 - acc: 0.3808
2112/3458 [=================>............] - ETA: 1:03 - loss: 2.9173 - acc: 0.3830
2144/3458 [=================>............] - ETA: 1:01 - loss: 2.8942 - acc: 0.3839
2176/3458 [=================>............] - ETA: 1:00 - loss: 2.8710 - acc: 0.3837
2208/3458 [==================>...........] - ETA: 58s - loss: 2.8483 - acc: 0.3850 
2240/3458 [==================>...........] - ETA: 57s - loss: 2.8257 - acc: 0.3879
2272/3458 [==================>...........] - ETA: 55s - loss: 2.8037 - acc: 0.3873
2304/3458 [==================>...........] - ETA: 54s - loss: 2.7865 - acc: 0.3854
2336/3458 [===================>..........] - ETA: 52s - loss: 2.7663 - acc: 0.3870
2368/3458 [===================>..........] - ETA: 51s - loss: 2.7477 - acc: 0.3881
2400/3458 [===================>..........] - ETA: 49s - loss: 2.7307 - acc: 0.3862
2432/3458 [====================>.........] - ETA: 48s - loss: 2.7105 - acc: 0.3882
2464/3458 [====================>.........] - ETA: 46s - loss: 2.6917 - acc: 0.3888
2496/3458 [====================>.........] - ETA: 45s - loss: 2.6750 - acc: 0.3886
2528/3458 [====================>.........] - ETA: 43s - loss: 2.6542 - acc: 0.3920
2560/3458 [=====================>........] - ETA: 42s - loss: 2.6374 - acc: 0.3918
2592/3458 [=====================>........] - ETA: 40s - loss: 2.6183 - acc: 0.3927
2624/3458 [=====================>........] - ETA: 39s - loss: 2.5984 - acc: 0.3952
2656/3458 [======================>.......] - ETA: 37s - loss: 2.5844 - acc: 0.3957
2688/3458 [======================>.......] - ETA: 36s - loss: 2.5658 - acc: 0.3973
2720/3458 [======================>.......] - ETA: 34s - loss: 2.5528 - acc: 0.3974
2752/3458 [======================>.......] - ETA: 33s - loss: 2.5411 - acc: 0.3975
2784/3458 [=======================>......] - ETA: 31s - loss: 2.5254 - acc: 0.3994
2816/3458 [=======================>......] - ETA: 30s - loss: 2.5110 - acc: 0.3999
2848/3458 [=======================>......] - ETA: 28s - loss: 2.4997 - acc: 0.3989
2880/3458 [=======================>......] - ETA: 27s - loss: 2.4860 - acc: 0.3993
2912/3458 [========================>.....] - ETA: 25s - loss: 2.4738 - acc: 0.3990
2944/3458 [========================>.....] - ETA: 24s - loss: 2.4633 - acc: 0.4001
2976/3458 [========================>.....] - ETA: 22s - loss: 2.4504 - acc: 0.4005
3008/3458 [=========================>....] - ETA: 21s - loss: 2.4380 - acc: 0.4003
3040/3458 [=========================>....] - ETA: 19s - loss: 2.4266 - acc: 0.4016
3072/3458 [=========================>....] - ETA: 18s - loss: 2.4166 - acc: 0.4007
3104/3458 [=========================>....] - ETA: 16s - loss: 2.4047 - acc: 0.4008
3136/3458 [==========================>...] - ETA: 15s - loss: 2.3944 - acc: 0.4015
3168/3458 [==========================>...] - ETA: 13s - loss: 2.3840 - acc: 0.4009
3200/3458 [==========================>...] - ETA: 12s - loss: 2.3722 - acc: 0.4016
3232/3458 [===========================>..] - ETA: 10s - loss: 2.3622 - acc: 0.4013
3264/3458 [===========================>..] - ETA: 9s - loss: 2.3528 - acc: 0.4013 
3296/3458 [===========================>..] - ETA: 7s - loss: 2.3420 - acc: 0.4026
3328/3458 [===========================>..] - ETA: 6s - loss: 2.3331 - acc: 0.4023
3360/3458 [============================>.] - ETA: 4s - loss: 2.3239 - acc: 0.4027
3392/3458 [============================>.] - ETA: 3s - loss: 2.3158 - acc: 0.4027
3424/3458 [============================>.] - ETA: 1s - loss: 2.3070 - acc: 0.4036
3456/3458 [============================>.] - ETA: 0s - loss: 2.2970 - acc: 0.4042
3458/3458 [==============================] - 163s 47ms/sample - loss: 2.2966 - acc: 0.4043

 32/865 [>.............................] - ETA: 8s - loss: 1.1994 - acc: 0.4375
 64/865 [=>............................] - ETA: 7s - loss: 1.2332 - acc: 0.5000
 96/865 [==>...........................] - ETA: 7s - loss: 1.2318 - acc: 0.4896
128/865 [===>..........................] - ETA: 6s - loss: 1.2191 - acc: 0.4922
160/865 [====>.........................] - ETA: 6s - loss: 1.1937 - acc: 0.5063
192/865 [=====>........................] - ETA: 6s - loss: 1.1940 - acc: 0.5000
224/865 [======>.......................] - ETA: 5s - loss: 1.2190 - acc: 0.4911
256/865 [=======>......................] - ETA: 5s - loss: 1.2188 - acc: 0.4844
288/865 [========>.....................] - ETA: 5s - loss: 1.2075 - acc: 0.4757
320/865 [==========>...................] - ETA: 4s - loss: 1.1898 - acc: 0.4719
352/865 [===========>..................] - ETA: 4s - loss: 1.1839 - acc: 0.4659
384/865 [============>.................] - ETA: 4s - loss: 1.1920 - acc: 0.4609
416/865 [=============>................] - ETA: 4s - loss: 1.2389 - acc: 0.4567
448/865 [==============>...............] - ETA: 3s - loss: 1.2387 - acc: 0.4554
480/865 [===============>..............] - ETA: 3s - loss: 1.2337 - acc: 0.4521
512/865 [================>.............] - ETA: 3s - loss: 1.2349 - acc: 0.4531
544/865 [=================>............] - ETA: 2s - loss: 1.2297 - acc: 0.4540
576/865 [==================>...........] - ETA: 2s - loss: 1.2346 - acc: 0.4549
608/865 [====================>.........] - ETA: 2s - loss: 1.2356 - acc: 0.4589
640/865 [=====================>........] - ETA: 2s - loss: 1.2409 - acc: 0.4531
672/865 [======================>.......] - ETA: 1s - loss: 1.2390 - acc: 0.4539
704/865 [=======================>......] - ETA: 1s - loss: 1.2527 - acc: 0.4489
736/865 [========================>.....] - ETA: 1s - loss: 1.2522 - acc: 0.4524
768/865 [=========================>....] - ETA: 0s - loss: 1.2592 - acc: 0.4505
800/865 [==========================>...] - ETA: 0s - loss: 1.2543 - acc: 0.4500
832/865 [===========================>..] - ETA: 0s - loss: 1.2580 - acc: 0.4471
864/865 [============================>.] - ETA: 0s - loss: 1.2547 - acc: 0.4479
865/865 [==============================] - 8s 9ms/sample - loss: 1.2564 - acc: 0.4474

  32/3458 [..............................] - ETA: 2:40 - loss: 1.3985 - acc: 0.3125
  64/3458 [..............................] - ETA: 2:38 - loss: 1.2168 - acc: 0.4688
  96/3458 [..............................] - ETA: 2:37 - loss: 1.2048 - acc: 0.4792
 128/3458 [>.............................] - ETA: 2:36 - loss: 1.1865 - acc: 0.4844
 160/3458 [>.............................] - ETA: 2:34 - loss: 1.1784 - acc: 0.4563
 192/3458 [>.............................] - ETA: 2:32 - loss: 1.2193 - acc: 0.4479
 224/3458 [>.............................] - ETA: 2:31 - loss: 1.2155 - acc: 0.4420
 256/3458 [=>............................] - ETA: 2:29 - loss: 1.2077 - acc: 0.4492
 288/3458 [=>............................] - ETA: 2:28 - loss: 1.2011 - acc: 0.4583
 320/3458 [=>............................] - ETA: 2:26 - loss: 1.1983 - acc: 0.4625
 352/3458 [==>...........................] - ETA: 2:25 - loss: 1.2052 - acc: 0.4574
 384/3458 [==>...........................] - ETA: 2:23 - loss: 1.2031 - acc: 0.4609
 416/3458 [==>...........................] - ETA: 2:22 - loss: 1.2153 - acc: 0.4615
 448/3458 [==>...........................] - ETA: 2:21 - loss: 1.2207 - acc: 0.4598
 480/3458 [===>..........................] - ETA: 2:19 - loss: 1.2331 - acc: 0.4563
 512/3458 [===>..........................] - ETA: 2:18 - loss: 1.2359 - acc: 0.4590
 544/3458 [===>..........................] - ETA: 2:16 - loss: 1.2592 - acc: 0.4614
 576/3458 [===>..........................] - ETA: 2:14 - loss: 1.2509 - acc: 0.4653
 608/3458 [====>.........................] - ETA: 2:13 - loss: 1.2411 - acc: 0.4671
 640/3458 [====>.........................] - ETA: 2:12 - loss: 1.2339 - acc: 0.4734
 672/3458 [====>.........................] - ETA: 2:10 - loss: 1.2251 - acc: 0.4792
 704/3458 [=====>........................] - ETA: 2:09 - loss: 1.2168 - acc: 0.4815
 736/3458 [=====>........................] - ETA: 2:07 - loss: 1.2150 - acc: 0.4837
 768/3458 [=====>........................] - ETA: 2:06 - loss: 1.2327 - acc: 0.4805
 800/3458 [=====>........................] - ETA: 2:04 - loss: 1.2390 - acc: 0.4787
 832/3458 [======>.......................] - ETA: 2:03 - loss: 1.2471 - acc: 0.4784
 864/3458 [======>.......................] - ETA: 2:01 - loss: 1.2524 - acc: 0.4803
 896/3458 [======>.......................] - ETA: 2:00 - loss: 1.2572 - acc: 0.4743
 928/3458 [=======>......................] - ETA: 1:58 - loss: 1.2537 - acc: 0.4828
 960/3458 [=======>......................] - ETA: 1:57 - loss: 1.2462 - acc: 0.4854
 992/3458 [=======>......................] - ETA: 1:55 - loss: 1.2477 - acc: 0.4859
1024/3458 [=======>......................] - ETA: 1:54 - loss: 1.2444 - acc: 0.4873
1056/3458 [========>.....................] - ETA: 1:52 - loss: 1.2455 - acc: 0.4867
1088/3458 [========>.....................] - ETA: 1:51 - loss: 1.2458 - acc: 0.4862
1120/3458 [========>.....................] - ETA: 1:49 - loss: 1.2472 - acc: 0.4857
1152/3458 [========>.....................] - ETA: 1:48 - loss: 1.2417 - acc: 0.4887
1184/3458 [=========>....................] - ETA: 1:46 - loss: 1.2475 - acc: 0.4899
1216/3458 [=========>....................] - ETA: 1:45 - loss: 1.2416 - acc: 0.4942
1248/3458 [=========>....................] - ETA: 1:43 - loss: 1.2426 - acc: 0.4960
1280/3458 [==========>...................] - ETA: 1:42 - loss: 1.2372 - acc: 0.5000
1312/3458 [==========>...................] - ETA: 1:40 - loss: 1.2351 - acc: 0.4992
1344/3458 [==========>...................] - ETA: 1:39 - loss: 1.2306 - acc: 0.4985
1376/3458 [==========>...................] - ETA: 1:37 - loss: 1.2248 - acc: 0.5015
1408/3458 [===========>..................] - ETA: 1:36 - loss: 1.2241 - acc: 0.5014
1440/3458 [===========>..................] - ETA: 1:34 - loss: 1.2209 - acc: 0.5028
1472/3458 [===========>..................] - ETA: 1:33 - loss: 1.2148 - acc: 0.5054
1504/3458 [============>.................] - ETA: 1:31 - loss: 1.2154 - acc: 0.5040
1536/3458 [============>.................] - ETA: 1:30 - loss: 1.2109 - acc: 0.5039
1568/3458 [============>.................] - ETA: 1:28 - loss: 1.2056 - acc: 0.5051
1600/3458 [============>.................] - ETA: 1:27 - loss: 1.1976 - acc: 0.5088
1632/3458 [=============>................] - ETA: 1:25 - loss: 1.2019 - acc: 0.5074
1664/3458 [=============>................] - ETA: 1:24 - loss: 1.2053 - acc: 0.5054
1696/3458 [=============>................] - ETA: 1:22 - loss: 1.1977 - acc: 0.5100
1728/3458 [=============>................] - ETA: 1:21 - loss: 1.1957 - acc: 0.5127
1760/3458 [==============>...............] - ETA: 1:19 - loss: 1.1933 - acc: 0.5125
1792/3458 [==============>...............] - ETA: 1:18 - loss: 1.1923 - acc: 0.5112
1824/3458 [==============>...............] - ETA: 1:16 - loss: 1.1924 - acc: 0.5104
1856/3458 [===============>..............] - ETA: 1:15 - loss: 1.1921 - acc: 0.5108
1888/3458 [===============>..............] - ETA: 1:13 - loss: 1.1924 - acc: 0.5106
1920/3458 [===============>..............] - ETA: 1:12 - loss: 1.1862 - acc: 0.5141
1952/3458 [===============>..............] - ETA: 1:10 - loss: 1.1882 - acc: 0.5143
1984/3458 [================>.............] - ETA: 1:09 - loss: 1.1872 - acc: 0.5156
2016/3458 [================>.............] - ETA: 1:07 - loss: 1.1862 - acc: 0.5169
2048/3458 [================>.............] - ETA: 1:06 - loss: 1.1855 - acc: 0.5166
2080/3458 [=================>............] - ETA: 1:04 - loss: 1.1853 - acc: 0.5149
2112/3458 [=================>............] - ETA: 1:03 - loss: 1.1834 - acc: 0.5156
2144/3458 [=================>............] - ETA: 1:01 - loss: 1.1841 - acc: 0.5159
2176/3458 [=================>............] - ETA: 1:00 - loss: 1.1813 - acc: 0.5170
2208/3458 [==================>...........] - ETA: 58s - loss: 1.1793 - acc: 0.5181 
2240/3458 [==================>...........] - ETA: 57s - loss: 1.1770 - acc: 0.5196
2272/3458 [==================>...........] - ETA: 55s - loss: 1.1730 - acc: 0.5216
2304/3458 [==================>...........] - ETA: 54s - loss: 1.1721 - acc: 0.5230
2336/3458 [===================>..........] - ETA: 52s - loss: 1.1714 - acc: 0.5240
2368/3458 [===================>..........] - ETA: 51s - loss: 1.1714 - acc: 0.5241
2400/3458 [===================>..........] - ETA: 49s - loss: 1.1721 - acc: 0.5254
2432/3458 [====================>.........] - ETA: 48s - loss: 1.1724 - acc: 0.5251
2464/3458 [====================>.........] - ETA: 46s - loss: 1.1726 - acc: 0.5252
2496/3458 [====================>.........] - ETA: 45s - loss: 1.1683 - acc: 0.5268
2528/3458 [====================>.........] - ETA: 43s - loss: 1.1678 - acc: 0.5289
2560/3458 [=====================>........] - ETA: 42s - loss: 1.1666 - acc: 0.5293
2592/3458 [=====================>........] - ETA: 40s - loss: 1.1651 - acc: 0.5301
2624/3458 [=====================>........] - ETA: 39s - loss: 1.1663 - acc: 0.5312
2656/3458 [======================>.......] - ETA: 37s - loss: 1.1673 - acc: 0.5316
2688/3458 [======================>.......] - ETA: 36s - loss: 1.1652 - acc: 0.5324
2720/3458 [======================>.......] - ETA: 34s - loss: 1.1645 - acc: 0.5320
2752/3458 [======================>.......] - ETA: 33s - loss: 1.1668 - acc: 0.5320
2784/3458 [=======================>......] - ETA: 31s - loss: 1.1657 - acc: 0.5320
2816/3458 [=======================>......] - ETA: 30s - loss: 1.1653 - acc: 0.5316
2848/3458 [=======================>......] - ETA: 28s - loss: 1.1683 - acc: 0.5302
2880/3458 [=======================>......] - ETA: 27s - loss: 1.1695 - acc: 0.5302
2912/3458 [========================>.....] - ETA: 25s - loss: 1.1710 - acc: 0.5278
2944/3458 [========================>.....] - ETA: 24s - loss: 1.1708 - acc: 0.5279
2976/3458 [========================>.....] - ETA: 22s - loss: 1.1704 - acc: 0.5279
3008/3458 [=========================>....] - ETA: 21s - loss: 1.1721 - acc: 0.5279
3040/3458 [=========================>....] - ETA: 19s - loss: 1.1712 - acc: 0.5289
3072/3458 [=========================>....] - ETA: 18s - loss: 1.1720 - acc: 0.5280
3104/3458 [=========================>....] - ETA: 16s - loss: 1.1727 - acc: 0.5271
3136/3458 [==========================>...] - ETA: 15s - loss: 1.1715 - acc: 0.5274
3168/3458 [==========================>...] - ETA: 13s - loss: 1.1705 - acc: 0.5287
3200/3458 [==========================>...] - ETA: 12s - loss: 1.1674 - acc: 0.5306
3232/3458 [===========================>..] - ETA: 10s - loss: 1.1697 - acc: 0.5291
3264/3458 [===========================>..] - ETA: 9s - loss: 1.1691 - acc: 0.5282 
3296/3458 [===========================>..] - ETA: 7s - loss: 1.1703 - acc: 0.5276
3328/3458 [===========================>..] - ETA: 6s - loss: 1.1703 - acc: 0.5276
3360/3458 [============================>.] - ETA: 4s - loss: 1.1688 - acc: 0.5280
3392/3458 [============================>.] - ETA: 3s - loss: 1.1695 - acc: 0.5280
3424/3458 [============================>.] - ETA: 1s - loss: 1.1688 - acc: 0.5277
3456/3458 [============================>.] - ETA: 0s - loss: 1.1665 - acc: 0.5295
3458/3458 [==============================] - 163s 47ms/sample - loss: 1.1663 - acc: 0.5298

 32/865 [>.............................] - ETA: 8s - loss: 1.1065 - acc: 0.5312
 64/865 [=>............................] - ETA: 7s - loss: 1.1879 - acc: 0.5156
 96/865 [==>...........................] - ETA: 7s - loss: 1.2205 - acc: 0.5417
128/865 [===>..........................] - ETA: 6s - loss: 1.1928 - acc: 0.5391
160/865 [====>.........................] - ETA: 6s - loss: 1.1337 - acc: 0.5625
192/865 [=====>........................] - ETA: 6s - loss: 1.1392 - acc: 0.5625
224/865 [======>.......................] - ETA: 5s - loss: 1.1634 - acc: 0.5536
256/865 [=======>......................] - ETA: 5s - loss: 1.1732 - acc: 0.5430
288/865 [========>.....................] - ETA: 5s - loss: 1.1648 - acc: 0.5486
320/865 [==========>...................] - ETA: 5s - loss: 1.1399 - acc: 0.5562
352/865 [===========>..................] - ETA: 4s - loss: 1.1319 - acc: 0.5568
384/865 [============>.................] - ETA: 4s - loss: 1.1443 - acc: 0.5495
416/865 [=============>................] - ETA: 4s - loss: 1.1812 - acc: 0.5457
448/865 [==============>...............] - ETA: 3s - loss: 1.1710 - acc: 0.5446
480/865 [===============>..............] - ETA: 3s - loss: 1.1636 - acc: 0.5479
512/865 [================>.............] - ETA: 3s - loss: 1.1607 - acc: 0.5449
544/865 [=================>............] - ETA: 2s - loss: 1.1591 - acc: 0.5423
576/865 [==================>...........] - ETA: 2s - loss: 1.1640 - acc: 0.5382
608/865 [====================>.........] - ETA: 2s - loss: 1.1619 - acc: 0.5329
640/865 [=====================>........] - ETA: 2s - loss: 1.1673 - acc: 0.5266
672/865 [======================>.......] - ETA: 1s - loss: 1.1635 - acc: 0.5283
704/865 [=======================>......] - ETA: 1s - loss: 1.1844 - acc: 0.5213
736/865 [========================>.....] - ETA: 1s - loss: 1.1769 - acc: 0.5245
768/865 [=========================>....] - ETA: 0s - loss: 1.1887 - acc: 0.5156
800/865 [==========================>...] - ETA: 0s - loss: 1.1819 - acc: 0.5163
832/865 [===========================>..] - ETA: 0s - loss: 1.1875 - acc: 0.5156
864/865 [============================>.] - ETA: 0s - loss: 1.1830 - acc: 0.5150
865/865 [==============================] - 8s 9ms/sample - loss: 1.1850 - acc: 0.5145

  32/3458 [..............................] - ETA: 2:38 - loss: 1.0411 - acc: 0.4688
  64/3458 [..............................] - ETA: 2:39 - loss: 1.0831 - acc: 0.5000
  96/3458 [..............................] - ETA: 2:39 - loss: 1.1058 - acc: 0.4688
 128/3458 [>.............................] - ETA: 2:36 - loss: 1.0723 - acc: 0.5000
 160/3458 [>.............................] - ETA: 2:34 - loss: 1.0810 - acc: 0.5188
 192/3458 [>.............................] - ETA: 2:33 - loss: 1.0594 - acc: 0.5573
 224/3458 [>.............................] - ETA: 2:32 - loss: 1.0278 - acc: 0.5804
 256/3458 [=>............................] - ETA: 2:30 - loss: 1.0017 - acc: 0.5938
 288/3458 [=>............................] - ETA: 2:29 - loss: 1.0322 - acc: 0.5903
 320/3458 [=>............................] - ETA: 2:27 - loss: 1.0330 - acc: 0.5906
 352/3458 [==>...........................] - ETA: 2:26 - loss: 1.0316 - acc: 0.5909
 384/3458 [==>...........................] - ETA: 2:24 - loss: 1.0296 - acc: 0.6016
 416/3458 [==>...........................] - ETA: 2:23 - loss: 0.9969 - acc: 0.6130
 448/3458 [==>...........................] - ETA: 2:21 - loss: 0.9951 - acc: 0.6250
 480/3458 [===>..........................] - ETA: 2:20 - loss: 1.0019 - acc: 0.6250
 512/3458 [===>..........................] - ETA: 2:18 - loss: 1.0144 - acc: 0.6172
 544/3458 [===>..........................] - ETA: 2:17 - loss: 1.0057 - acc: 0.6195
 576/3458 [===>..........................] - ETA: 2:15 - loss: 0.9941 - acc: 0.6215
 608/3458 [====>.........................] - ETA: 2:14 - loss: 0.9851 - acc: 0.6234
 640/3458 [====>.........................] - ETA: 2:12 - loss: 0.9903 - acc: 0.6281
 672/3458 [====>.........................] - ETA: 2:11 - loss: 0.9851 - acc: 0.6250
 704/3458 [=====>........................] - ETA: 2:09 - loss: 0.9950 - acc: 0.6222
 736/3458 [=====>........................] - ETA: 2:08 - loss: 0.9806 - acc: 0.6291
 768/3458 [=====>........................] - ETA: 2:06 - loss: 0.9753 - acc: 0.6289
 800/3458 [=====>........................] - ETA: 2:04 - loss: 0.9633 - acc: 0.6325
 832/3458 [======>.......................] - ETA: 2:03 - loss: 0.9542 - acc: 0.6370
 864/3458 [======>.......................] - ETA: 2:01 - loss: 0.9551 - acc: 0.6377
 896/3458 [======>.......................] - ETA: 2:00 - loss: 0.9692 - acc: 0.6350
 928/3458 [=======>......................] - ETA: 1:58 - loss: 0.9727 - acc: 0.6336
 960/3458 [=======>......................] - ETA: 1:57 - loss: 0.9672 - acc: 0.6333
 992/3458 [=======>......................] - ETA: 1:55 - loss: 0.9713 - acc: 0.6310
1024/3458 [=======>......................] - ETA: 1:54 - loss: 0.9737 - acc: 0.6279
1056/3458 [========>.....................] - ETA: 1:52 - loss: 0.9709 - acc: 0.6269
1088/3458 [========>.....................] - ETA: 1:51 - loss: 0.9634 - acc: 0.6287
1120/3458 [========>.....................] - ETA: 1:49 - loss: 0.9662 - acc: 0.6277
1152/3458 [========>.....................] - ETA: 1:48 - loss: 0.9631 - acc: 0.6293
1184/3458 [=========>....................] - ETA: 1:46 - loss: 0.9598 - acc: 0.6309
1216/3458 [=========>....................] - ETA: 1:45 - loss: 0.9600 - acc: 0.6308
1248/3458 [=========>....................] - ETA: 1:43 - loss: 0.9614 - acc: 0.6330
1280/3458 [==========>...................] - ETA: 1:42 - loss: 0.9596 - acc: 0.6336
1312/3458 [==========>...................] - ETA: 1:40 - loss: 0.9651 - acc: 0.6303
1344/3458 [==========>...................] - ETA: 1:39 - loss: 0.9662 - acc: 0.6280
1376/3458 [==========>...................] - ETA: 1:37 - loss: 0.9676 - acc: 0.6257
1408/3458 [===========>..................] - ETA: 1:36 - loss: 0.9658 - acc: 0.6250
1440/3458 [===========>..................] - ETA: 1:34 - loss: 0.9634 - acc: 0.6243
1472/3458 [===========>..................] - ETA: 1:33 - loss: 0.9623 - acc: 0.6243
1504/3458 [============>.................] - ETA: 1:31 - loss: 0.9648 - acc: 0.6230
1536/3458 [============>.................] - ETA: 1:30 - loss: 0.9621 - acc: 0.6217
1568/3458 [============>.................] - ETA: 1:28 - loss: 0.9573 - acc: 0.6231
1600/3458 [============>.................] - ETA: 1:27 - loss: 0.9596 - acc: 0.6219
1632/3458 [=============>................] - ETA: 1:25 - loss: 0.9565 - acc: 0.6232
1664/3458 [=============>................] - ETA: 1:24 - loss: 0.9556 - acc: 0.6208
1696/3458 [=============>................] - ETA: 1:22 - loss: 0.9526 - acc: 0.6238
1728/3458 [=============>................] - ETA: 1:21 - loss: 0.9543 - acc: 0.6233
1760/3458 [==============>...............] - ETA: 1:19 - loss: 0.9511 - acc: 0.6261
1792/3458 [==============>...............] - ETA: 1:18 - loss: 0.9492 - acc: 0.6261
1824/3458 [==============>...............] - ETA: 1:16 - loss: 0.9488 - acc: 0.6250
1856/3458 [===============>..............] - ETA: 1:15 - loss: 0.9466 - acc: 0.6266
1888/3458 [===============>..............] - ETA: 1:13 - loss: 0.9459 - acc: 0.6261
1920/3458 [===============>..............] - ETA: 1:12 - loss: 0.9435 - acc: 0.6271
1952/3458 [===============>..............] - ETA: 1:10 - loss: 0.9452 - acc: 0.6291
1984/3458 [================>.............] - ETA: 1:09 - loss: 0.9424 - acc: 0.6300
2016/3458 [================>.............] - ETA: 1:07 - loss: 0.9416 - acc: 0.6305
2048/3458 [================>.............] - ETA: 1:06 - loss: 0.9400 - acc: 0.6313
2080/3458 [=================>............] - ETA: 1:04 - loss: 0.9390 - acc: 0.6322
2112/3458 [=================>............] - ETA: 1:03 - loss: 0.9381 - acc: 0.6326
2144/3458 [=================>............] - ETA: 1:01 - loss: 0.9408 - acc: 0.6329
2176/3458 [=================>............] - ETA: 1:00 - loss: 0.9416 - acc: 0.6319
2208/3458 [==================>...........] - ETA: 58s - loss: 0.9399 - acc: 0.6327 
2240/3458 [==================>...........] - ETA: 57s - loss: 0.9357 - acc: 0.6348
2272/3458 [==================>...........] - ETA: 55s - loss: 0.9377 - acc: 0.6347
2304/3458 [==================>...........] - ETA: 54s - loss: 0.9373 - acc: 0.6354
2336/3458 [===================>..........] - ETA: 52s - loss: 0.9371 - acc: 0.6331
2368/3458 [===================>..........] - ETA: 51s - loss: 0.9373 - acc: 0.6322
2400/3458 [===================>..........] - ETA: 49s - loss: 0.9368 - acc: 0.6329
2432/3458 [====================>.........] - ETA: 48s - loss: 0.9336 - acc: 0.6345
2464/3458 [====================>.........] - ETA: 46s - loss: 0.9309 - acc: 0.6351
2496/3458 [====================>.........] - ETA: 45s - loss: 0.9354 - acc: 0.6338
2528/3458 [====================>.........] - ETA: 43s - loss: 0.9338 - acc: 0.6353
2560/3458 [=====================>........] - ETA: 42s - loss: 0.9330 - acc: 0.6363
2592/3458 [=====================>........] - ETA: 40s - loss: 0.9345 - acc: 0.6362
2624/3458 [=====================>........] - ETA: 39s - loss: 0.9346 - acc: 0.6364
2656/3458 [======================>.......] - ETA: 37s - loss: 0.9312 - acc: 0.6378
2688/3458 [======================>.......] - ETA: 36s - loss: 0.9284 - acc: 0.6384
2720/3458 [======================>.......] - ETA: 34s - loss: 0.9269 - acc: 0.6401
2752/3458 [======================>.......] - ETA: 33s - loss: 0.9283 - acc: 0.6395
2784/3458 [=======================>......] - ETA: 31s - loss: 0.9267 - acc: 0.6394
2816/3458 [=======================>......] - ETA: 30s - loss: 0.9277 - acc: 0.6392
2848/3458 [=======================>......] - ETA: 28s - loss: 0.9284 - acc: 0.6380
2880/3458 [=======================>......] - ETA: 27s - loss: 0.9272 - acc: 0.6385
2912/3458 [========================>.....] - ETA: 25s - loss: 0.9265 - acc: 0.6387
2944/3458 [========================>.....] - ETA: 24s - loss: 0.9266 - acc: 0.6379
2976/3458 [========================>.....] - ETA: 22s - loss: 0.9228 - acc: 0.6408
3008/3458 [=========================>....] - ETA: 21s - loss: 0.9226 - acc: 0.6403
3040/3458 [=========================>....] - ETA: 19s - loss: 0.9222 - acc: 0.6395
3072/3458 [=========================>....] - ETA: 18s - loss: 0.9241 - acc: 0.6383
3104/3458 [=========================>....] - ETA: 16s - loss: 0.9231 - acc: 0.6395
3136/3458 [==========================>...] - ETA: 15s - loss: 0.9213 - acc: 0.6406
3168/3458 [==========================>...] - ETA: 13s - loss: 0.9238 - acc: 0.6398
3200/3458 [==========================>...] - ETA: 12s - loss: 0.9214 - acc: 0.6419
3232/3458 [===========================>..] - ETA: 10s - loss: 0.9209 - acc: 0.6423
3264/3458 [===========================>..] - ETA: 9s - loss: 0.9201 - acc: 0.6422 
3296/3458 [===========================>..] - ETA: 7s - loss: 0.9184 - acc: 0.6432
3328/3458 [===========================>..] - ETA: 6s - loss: 0.9187 - acc: 0.6439
3360/3458 [============================>.] - ETA: 4s - loss: 0.9167 - acc: 0.6443
3392/3458 [============================>.] - ETA: 3s - loss: 0.9188 - acc: 0.6430
3424/3458 [============================>.] - ETA: 1s - loss: 0.9195 - acc: 0.6428
3456/3458 [============================>.] - ETA: 0s - loss: 0.9175 - acc: 0.6429
3458/3458 [==============================] - 163s 47ms/sample - loss: 0.9171 - acc: 0.6431

 32/865 [>.............................] - ETA: 7s - loss: 1.0790 - acc: 0.6250
 64/865 [=>............................] - ETA: 7s - loss: 1.1015 - acc: 0.6094
 96/865 [==>...........................] - ETA: 7s - loss: 1.1075 - acc: 0.6146
128/865 [===>..........................] - ETA: 6s - loss: 1.0941 - acc: 0.5859
160/865 [====>.........................] - ETA: 6s - loss: 1.0321 - acc: 0.6062
192/865 [=====>........................] - ETA: 6s - loss: 1.0277 - acc: 0.5990
224/865 [======>.......................] - ETA: 5s - loss: 1.0511 - acc: 0.5893
256/865 [=======>......................] - ETA: 5s - loss: 1.0439 - acc: 0.5898
288/865 [========>.....................] - ETA: 5s - loss: 1.0442 - acc: 0.5799
320/865 [==========>...................] - ETA: 4s - loss: 1.0310 - acc: 0.5813
352/865 [===========>..................] - ETA: 4s - loss: 1.0261 - acc: 0.5739
384/865 [============>.................] - ETA: 4s - loss: 1.0423 - acc: 0.5703
416/865 [=============>................] - ETA: 4s - loss: 1.0668 - acc: 0.5649
448/865 [==============>...............] - ETA: 3s - loss: 1.0523 - acc: 0.5759
480/865 [===============>..............] - ETA: 3s - loss: 1.0378 - acc: 0.5833
512/865 [================>.............] - ETA: 3s - loss: 1.0380 - acc: 0.5840
544/865 [=================>............] - ETA: 2s - loss: 1.0460 - acc: 0.5772
576/865 [==================>...........] - ETA: 2s - loss: 1.0461 - acc: 0.5764
608/865 [====================>.........] - ETA: 2s - loss: 1.0454 - acc: 0.5773
640/865 [=====================>........] - ETA: 2s - loss: 1.0507 - acc: 0.5750
672/865 [======================>.......] - ETA: 1s - loss: 1.0456 - acc: 0.5818
704/865 [=======================>......] - ETA: 1s - loss: 1.0496 - acc: 0.5810
736/865 [========================>.....] - ETA: 1s - loss: 1.0418 - acc: 0.5815
768/865 [=========================>....] - ETA: 0s - loss: 1.0471 - acc: 0.5768
800/865 [==========================>...] - ETA: 0s - loss: 1.0365 - acc: 0.5800
832/865 [===========================>..] - ETA: 0s - loss: 1.0426 - acc: 0.5793
864/865 [============================>.] - ETA: 0s - loss: 1.0354 - acc: 0.5822
865/865 [==============================] - 8s 9ms/sample - loss: 1.0361 - acc: 0.5815

  32/3458 [..............................] - ETA: 2:38 - loss: 0.5893 - acc: 0.8125
  64/3458 [..............................] - ETA: 2:38 - loss: 0.5766 - acc: 0.8438
  96/3458 [..............................] - ETA: 2:39 - loss: 0.6274 - acc: 0.8438
 128/3458 [>.............................] - ETA: 2:37 - loss: 0.6243 - acc: 0.8359
 160/3458 [>.............................] - ETA: 2:35 - loss: 0.6515 - acc: 0.8125
 192/3458 [>.............................] - ETA: 2:34 - loss: 0.6526 - acc: 0.8021
 224/3458 [>.............................] - ETA: 2:32 - loss: 0.6333 - acc: 0.8036
 256/3458 [=>............................] - ETA: 2:30 - loss: 0.6331 - acc: 0.7969
 288/3458 [=>............................] - ETA: 2:28 - loss: 0.6314 - acc: 0.7847
 320/3458 [=>............................] - ETA: 2:27 - loss: 0.6307 - acc: 0.7844
 352/3458 [==>...........................] - ETA: 2:25 - loss: 0.6063 - acc: 0.7926
 384/3458 [==>...........................] - ETA: 2:24 - loss: 0.6285 - acc: 0.7865
 416/3458 [==>...........................] - ETA: 2:23 - loss: 0.6257 - acc: 0.7812
 448/3458 [==>...........................] - ETA: 2:21 - loss: 0.6308 - acc: 0.7768
 480/3458 [===>..........................] - ETA: 2:20 - loss: 0.6479 - acc: 0.7688
 512/3458 [===>..........................] - ETA: 2:18 - loss: 0.6593 - acc: 0.7578
 544/3458 [===>..........................] - ETA: 2:17 - loss: 0.6625 - acc: 0.7574
 576/3458 [===>..........................] - ETA: 2:15 - loss: 0.6507 - acc: 0.7622
 608/3458 [====>.........................] - ETA: 2:14 - loss: 0.6353 - acc: 0.7664
 640/3458 [====>.........................] - ETA: 2:12 - loss: 0.6335 - acc: 0.7688
 672/3458 [====>.........................] - ETA: 2:11 - loss: 0.6297 - acc: 0.7679
 704/3458 [=====>........................] - ETA: 2:09 - loss: 0.6281 - acc: 0.7670
 736/3458 [=====>........................] - ETA: 2:08 - loss: 0.6279 - acc: 0.7636
 768/3458 [=====>........................] - ETA: 2:06 - loss: 0.6260 - acc: 0.7643
 800/3458 [=====>........................] - ETA: 2:05 - loss: 0.6352 - acc: 0.7625
 832/3458 [======>.......................] - ETA: 2:03 - loss: 0.6334 - acc: 0.7632
 864/3458 [======>.......................] - ETA: 2:01 - loss: 0.6391 - acc: 0.7604
 896/3458 [======>.......................] - ETA: 2:00 - loss: 0.6519 - acc: 0.7545
 928/3458 [=======>......................] - ETA: 1:58 - loss: 0.6573 - acc: 0.7511
 960/3458 [=======>......................] - ETA: 1:57 - loss: 0.6566 - acc: 0.7531
 992/3458 [=======>......................] - ETA: 1:55 - loss: 0.6572 - acc: 0.7530
1024/3458 [=======>......................] - ETA: 1:54 - loss: 0.6582 - acc: 0.7510
1056/3458 [========>.....................] - ETA: 1:52 - loss: 0.6535 - acc: 0.7538
1088/3458 [========>.....................] - ETA: 1:51 - loss: 0.6624 - acc: 0.7491
1120/3458 [========>.....................] - ETA: 1:50 - loss: 0.6575 - acc: 0.7509
1152/3458 [========>.....................] - ETA: 1:48 - loss: 0.6582 - acc: 0.7526
1184/3458 [=========>....................] - ETA: 1:47 - loss: 0.6562 - acc: 0.7551
1216/3458 [=========>....................] - ETA: 1:45 - loss: 0.6551 - acc: 0.7558
1248/3458 [=========>....................] - ETA: 1:43 - loss: 0.6520 - acc: 0.7580
1280/3458 [==========>...................] - ETA: 1:42 - loss: 0.6552 - acc: 0.7563
1312/3458 [==========>...................] - ETA: 1:40 - loss: 0.6596 - acc: 0.7538
1344/3458 [==========>...................] - ETA: 1:39 - loss: 0.6589 - acc: 0.7530
1376/3458 [==========>...................] - ETA: 1:37 - loss: 0.6592 - acc: 0.7536
1408/3458 [===========>..................] - ETA: 1:36 - loss: 0.6630 - acc: 0.7500
1440/3458 [===========>..................] - ETA: 1:34 - loss: 0.6641 - acc: 0.7493
1472/3458 [===========>..................] - ETA: 1:33 - loss: 0.6652 - acc: 0.7480
1504/3458 [============>.................] - ETA: 1:31 - loss: 0.6655 - acc: 0.7473
1536/3458 [============>.................] - ETA: 1:30 - loss: 0.6666 - acc: 0.7461
1568/3458 [============>.................] - ETA: 1:28 - loss: 0.6594 - acc: 0.7494
1600/3458 [============>.................] - ETA: 1:27 - loss: 0.6569 - acc: 0.7506
1632/3458 [=============>................] - ETA: 1:25 - loss: 0.6547 - acc: 0.7543
1664/3458 [=============>................] - ETA: 1:24 - loss: 0.6529 - acc: 0.7542
1696/3458 [=============>................] - ETA: 1:22 - loss: 0.6517 - acc: 0.7541
1728/3458 [=============>................] - ETA: 1:21 - loss: 0.6529 - acc: 0.7535
1760/3458 [==============>...............] - ETA: 1:19 - loss: 0.6535 - acc: 0.7523
1792/3458 [==============>...............] - ETA: 1:18 - loss: 0.6523 - acc: 0.7528
1824/3458 [==============>...............] - ETA: 1:16 - loss: 0.6510 - acc: 0.7538
1856/3458 [===============>..............] - ETA: 1:15 - loss: 0.6515 - acc: 0.7532
1888/3458 [===============>..............] - ETA: 1:13 - loss: 0.6546 - acc: 0.7526
1920/3458 [===============>..............] - ETA: 1:12 - loss: 0.6532 - acc: 0.7531
1952/3458 [===============>..............] - ETA: 1:10 - loss: 0.6522 - acc: 0.7536
1984/3458 [================>.............] - ETA: 1:09 - loss: 0.6515 - acc: 0.7545
2016/3458 [================>.............] - ETA: 1:07 - loss: 0.6509 - acc: 0.7545
2048/3458 [================>.............] - ETA: 1:06 - loss: 0.6526 - acc: 0.7544
2080/3458 [=================>............] - ETA: 1:04 - loss: 0.6499 - acc: 0.7548
2112/3458 [=================>............] - ETA: 1:03 - loss: 0.6473 - acc: 0.7557
2144/3458 [=================>............] - ETA: 1:01 - loss: 0.6475 - acc: 0.7561
2176/3458 [=================>............] - ETA: 1:00 - loss: 0.6488 - acc: 0.7555
2208/3458 [==================>...........] - ETA: 58s - loss: 0.6512 - acc: 0.7550 
2240/3458 [==================>...........] - ETA: 57s - loss: 0.6507 - acc: 0.7549
2272/3458 [==================>...........] - ETA: 55s - loss: 0.6505 - acc: 0.7562
2304/3458 [==================>...........] - ETA: 54s - loss: 0.6537 - acc: 0.7548
2336/3458 [===================>..........] - ETA: 52s - loss: 0.6543 - acc: 0.7547
2368/3458 [===================>..........] - ETA: 51s - loss: 0.6525 - acc: 0.7546
2400/3458 [===================>..........] - ETA: 49s - loss: 0.6546 - acc: 0.7542
2432/3458 [====================>.........] - ETA: 48s - loss: 0.6564 - acc: 0.7521
2464/3458 [====================>.........] - ETA: 46s - loss: 0.6559 - acc: 0.7516
2496/3458 [====================>.........] - ETA: 45s - loss: 0.6533 - acc: 0.7536
2528/3458 [====================>.........] - ETA: 43s - loss: 0.6538 - acc: 0.7532
2560/3458 [=====================>........] - ETA: 42s - loss: 0.6504 - acc: 0.7543
2592/3458 [=====================>........] - ETA: 40s - loss: 0.6524 - acc: 0.7542
2624/3458 [=====================>........] - ETA: 39s - loss: 0.6524 - acc: 0.7542
2656/3458 [======================>.......] - ETA: 37s - loss: 0.6505 - acc: 0.7549
2688/3458 [======================>.......] - ETA: 36s - loss: 0.6511 - acc: 0.7548
2720/3458 [======================>.......] - ETA: 34s - loss: 0.6502 - acc: 0.7551
2752/3458 [======================>.......] - ETA: 33s - loss: 0.6471 - acc: 0.7562
2784/3458 [=======================>......] - ETA: 31s - loss: 0.6462 - acc: 0.7565
2816/3458 [=======================>......] - ETA: 30s - loss: 0.6472 - acc: 0.7546
2848/3458 [=======================>......] - ETA: 28s - loss: 0.6449 - acc: 0.7546
2880/3458 [=======================>......] - ETA: 27s - loss: 0.6417 - acc: 0.7566
2912/3458 [========================>.....] - ETA: 25s - loss: 0.6410 - acc: 0.7565
2944/3458 [========================>.....] - ETA: 24s - loss: 0.6401 - acc: 0.7571
2976/3458 [========================>.....] - ETA: 22s - loss: 0.6396 - acc: 0.7581
3008/3458 [=========================>....] - ETA: 21s - loss: 0.6367 - acc: 0.7596
3040/3458 [=========================>....] - ETA: 19s - loss: 0.6373 - acc: 0.7589
3072/3458 [=========================>....] - ETA: 18s - loss: 0.6396 - acc: 0.7591
3104/3458 [=========================>....] - ETA: 16s - loss: 0.6373 - acc: 0.7597
3136/3458 [==========================>...] - ETA: 15s - loss: 0.6382 - acc: 0.7589
3168/3458 [==========================>...] - ETA: 13s - loss: 0.6384 - acc: 0.7579
3200/3458 [==========================>...] - ETA: 12s - loss: 0.6375 - acc: 0.7578
3232/3458 [===========================>..] - ETA: 10s - loss: 0.6374 - acc: 0.7574
3264/3458 [===========================>..] - ETA: 9s - loss: 0.6360 - acc: 0.7589 
3296/3458 [===========================>..] - ETA: 7s - loss: 0.6340 - acc: 0.7594
3328/3458 [===========================>..] - ETA: 6s - loss: 0.6339 - acc: 0.7593
3360/3458 [============================>.] - ETA: 4s - loss: 0.6377 - acc: 0.7586
3392/3458 [============================>.] - ETA: 3s - loss: 0.6399 - acc: 0.7574
3424/3458 [============================>.] - ETA: 1s - loss: 0.6388 - acc: 0.7582
3456/3458 [============================>.] - ETA: 0s - loss: 0.6414 - acc: 0.7575
3458/3458 [==============================] - 163s 47ms/sample - loss: 0.6416 - acc: 0.7574

 32/865 [>.............................] - ETA: 7s - loss: 1.2307 - acc: 0.5312
 64/865 [=>............................] - ETA: 7s - loss: 1.1832 - acc: 0.5625
 96/865 [==>...........................] - ETA: 6s - loss: 1.2594 - acc: 0.5833
128/865 [===>..........................] - ETA: 6s - loss: 1.2042 - acc: 0.5781
160/865 [====>.........................] - ETA: 6s - loss: 1.1066 - acc: 0.6250
192/865 [=====>........................] - ETA: 5s - loss: 1.0936 - acc: 0.6406
224/865 [======>.......................] - ETA: 5s - loss: 1.1472 - acc: 0.6116
256/865 [=======>......................] - ETA: 5s - loss: 1.1518 - acc: 0.5938
288/865 [========>.....................] - ETA: 5s - loss: 1.1713 - acc: 0.5903
320/865 [==========>...................] - ETA: 4s - loss: 1.1513 - acc: 0.5875
352/865 [===========>..................] - ETA: 4s - loss: 1.1397 - acc: 0.5852
384/865 [============>.................] - ETA: 4s - loss: 1.1445 - acc: 0.5911
416/865 [=============>................] - ETA: 4s - loss: 1.1580 - acc: 0.5841
448/865 [==============>...............] - ETA: 3s - loss: 1.1480 - acc: 0.5871
480/865 [===============>..............] - ETA: 3s - loss: 1.1339 - acc: 0.5833
512/865 [================>.............] - ETA: 3s - loss: 1.1177 - acc: 0.5918
544/865 [=================>............] - ETA: 2s - loss: 1.1060 - acc: 0.5938
576/865 [==================>...........] - ETA: 2s - loss: 1.1128 - acc: 0.5955
608/865 [====================>.........] - ETA: 2s - loss: 1.1069 - acc: 0.5938
640/865 [=====================>........] - ETA: 2s - loss: 1.1069 - acc: 0.5891
672/865 [======================>.......] - ETA: 1s - loss: 1.1170 - acc: 0.5878
704/865 [=======================>......] - ETA: 1s - loss: 1.1251 - acc: 0.5824
736/865 [========================>.....] - ETA: 1s - loss: 1.1210 - acc: 0.5856
768/865 [=========================>....] - ETA: 0s - loss: 1.1261 - acc: 0.5820
800/865 [==========================>...] - ETA: 0s - loss: 1.1178 - acc: 0.5825
832/865 [===========================>..] - ETA: 0s - loss: 1.1207 - acc: 0.5781
864/865 [============================>.] - ETA: 0s - loss: 1.1135 - acc: 0.5764
865/865 [==============================] - 8s 9ms/sample - loss: 1.1152 - acc: 0.5757

  32/3458 [..............................] - ETA: 2:42 - loss: 0.3018 - acc: 0.9375
  64/3458 [..............................] - ETA: 2:40 - loss: 0.3939 - acc: 0.9062
  96/3458 [..............................] - ETA: 2:38 - loss: 0.4177 - acc: 0.9062
 128/3458 [>.............................] - ETA: 2:36 - loss: 0.4103 - acc: 0.9219
 160/3458 [>.............................] - ETA: 2:34 - loss: 0.4071 - acc: 0.9125
 192/3458 [>.............................] - ETA: 2:33 - loss: 0.4162 - acc: 0.9062
 224/3458 [>.............................] - ETA: 2:31 - loss: 0.4012 - acc: 0.9107
 256/3458 [=>............................] - ETA: 2:30 - loss: 0.3908 - acc: 0.9141
 288/3458 [=>............................] - ETA: 2:28 - loss: 0.3948 - acc: 0.9097
 320/3458 [=>............................] - ETA: 2:27 - loss: 0.3782 - acc: 0.9156
 352/3458 [==>...........................] - ETA: 2:25 - loss: 0.3869 - acc: 0.9062
 384/3458 [==>...........................] - ETA: 2:24 - loss: 0.3739 - acc: 0.9115
 416/3458 [==>...........................] - ETA: 2:22 - loss: 0.3725 - acc: 0.9062
 448/3458 [==>...........................] - ETA: 2:21 - loss: 0.3622 - acc: 0.9062
 480/3458 [===>..........................] - ETA: 2:19 - loss: 0.3570 - acc: 0.9042
 512/3458 [===>..........................] - ETA: 2:18 - loss: 0.3487 - acc: 0.9062
 544/3458 [===>..........................] - ETA: 2:16 - loss: 0.3438 - acc: 0.9044
 576/3458 [===>..........................] - ETA: 2:15 - loss: 0.3386 - acc: 0.9045
 608/3458 [====>.........................] - ETA: 2:13 - loss: 0.3444 - acc: 0.8964
 640/3458 [====>.........................] - ETA: 2:12 - loss: 0.3345 - acc: 0.9000
 672/3458 [====>.........................] - ETA: 2:10 - loss: 0.3241 - acc: 0.9033
 704/3458 [=====>........................] - ETA: 2:09 - loss: 0.3282 - acc: 0.9034
 736/3458 [=====>........................] - ETA: 2:07 - loss: 0.3266 - acc: 0.9035
 768/3458 [=====>........................] - ETA: 2:06 - loss: 0.3383 - acc: 0.8971
 800/3458 [=====>........................] - ETA: 2:04 - loss: 0.3379 - acc: 0.8950
 832/3458 [======>.......................] - ETA: 2:03 - loss: 0.3359 - acc: 0.8930
 864/3458 [======>.......................] - ETA: 2:01 - loss: 0.3280 - acc: 0.8970
 896/3458 [======>.......................] - ETA: 2:00 - loss: 0.3247 - acc: 0.8962
 928/3458 [=======>......................] - ETA: 1:58 - loss: 0.3299 - acc: 0.8933
 960/3458 [=======>......................] - ETA: 1:57 - loss: 0.3273 - acc: 0.8948
 992/3458 [=======>......................] - ETA: 1:55 - loss: 0.3226 - acc: 0.8962
1024/3458 [=======>......................] - ETA: 1:54 - loss: 0.3175 - acc: 0.8984
1056/3458 [========>.....................] - ETA: 1:52 - loss: 0.3128 - acc: 0.9015
1088/3458 [========>.....................] - ETA: 1:51 - loss: 0.3113 - acc: 0.9017
1120/3458 [========>.....................] - ETA: 1:49 - loss: 0.3168 - acc: 0.8991
1152/3458 [========>.....................] - ETA: 1:48 - loss: 0.3184 - acc: 0.8976
1184/3458 [=========>....................] - ETA: 1:46 - loss: 0.3147 - acc: 0.8986
1216/3458 [=========>....................] - ETA: 1:45 - loss: 0.3109 - acc: 0.9005
1248/3458 [=========>....................] - ETA: 1:43 - loss: 0.3079 - acc: 0.9014
1280/3458 [==========>...................] - ETA: 1:42 - loss: 0.3071 - acc: 0.9016
1312/3458 [==========>...................] - ETA: 1:40 - loss: 0.3035 - acc: 0.9032
1344/3458 [==========>...................] - ETA: 1:39 - loss: 0.3012 - acc: 0.9033
1376/3458 [==========>...................] - ETA: 1:37 - loss: 0.2986 - acc: 0.9033
1408/3458 [===========>..................] - ETA: 1:36 - loss: 0.3003 - acc: 0.9027
1440/3458 [===========>..................] - ETA: 1:34 - loss: 0.3020 - acc: 0.9021
1472/3458 [===========>..................] - ETA: 1:33 - loss: 0.3019 - acc: 0.9015
1504/3458 [============>.................] - ETA: 1:31 - loss: 0.3004 - acc: 0.9016
1536/3458 [============>.................] - ETA: 1:30 - loss: 0.2996 - acc: 0.9017
1568/3458 [============>.................] - ETA: 1:28 - loss: 0.2974 - acc: 0.9037
1600/3458 [============>.................] - ETA: 1:27 - loss: 0.2982 - acc: 0.9025
1632/3458 [=============>................] - ETA: 1:25 - loss: 0.2980 - acc: 0.9020
1664/3458 [=============>................] - ETA: 1:24 - loss: 0.2991 - acc: 0.9026
1696/3458 [=============>................] - ETA: 1:22 - loss: 0.3000 - acc: 0.9021
1728/3458 [=============>................] - ETA: 1:21 - loss: 0.2994 - acc: 0.9028
1760/3458 [==============>...............] - ETA: 1:19 - loss: 0.3005 - acc: 0.9017
1792/3458 [==============>...............] - ETA: 1:18 - loss: 0.3003 - acc: 0.9018
1824/3458 [==============>...............] - ETA: 1:16 - loss: 0.3034 - acc: 0.9002
1856/3458 [===============>..............] - ETA: 1:15 - loss: 0.3037 - acc: 0.8998
1888/3458 [===============>..............] - ETA: 1:13 - loss: 0.3023 - acc: 0.8994
1920/3458 [===============>..............] - ETA: 1:12 - loss: 0.3003 - acc: 0.9005
1952/3458 [===============>..............] - ETA: 1:10 - loss: 0.3010 - acc: 0.8996
1984/3458 [================>.............] - ETA: 1:09 - loss: 0.3017 - acc: 0.8987
2016/3458 [================>.............] - ETA: 1:07 - loss: 0.3018 - acc: 0.8983
2048/3458 [================>.............] - ETA: 1:06 - loss: 0.3022 - acc: 0.8979
2080/3458 [=================>............] - ETA: 1:04 - loss: 0.3023 - acc: 0.8981
2112/3458 [=================>............] - ETA: 1:03 - loss: 0.3007 - acc: 0.8982
2144/3458 [=================>............] - ETA: 1:01 - loss: 0.2984 - acc: 0.8993
2176/3458 [=================>............] - ETA: 1:00 - loss: 0.2987 - acc: 0.8989
2208/3458 [==================>...........] - ETA: 58s - loss: 0.2997 - acc: 0.8981 
2240/3458 [==================>...........] - ETA: 57s - loss: 0.2983 - acc: 0.8987
2272/3458 [==================>...........] - ETA: 55s - loss: 0.3000 - acc: 0.8983
2304/3458 [==================>...........] - ETA: 54s - loss: 0.2984 - acc: 0.8984
2336/3458 [===================>..........] - ETA: 52s - loss: 0.2974 - acc: 0.8981
2368/3458 [===================>..........] - ETA: 51s - loss: 0.2990 - acc: 0.8982
2400/3458 [===================>..........] - ETA: 49s - loss: 0.3010 - acc: 0.8967
2432/3458 [====================>.........] - ETA: 48s - loss: 0.3004 - acc: 0.8972
2464/3458 [====================>.........] - ETA: 46s - loss: 0.2991 - acc: 0.8977
2496/3458 [====================>.........] - ETA: 45s - loss: 0.2987 - acc: 0.8986
2528/3458 [====================>.........] - ETA: 43s - loss: 0.2978 - acc: 0.8991
2560/3458 [=====================>........] - ETA: 42s - loss: 0.2986 - acc: 0.8980
2592/3458 [=====================>........] - ETA: 40s - loss: 0.2972 - acc: 0.8989
2624/3458 [=====================>........] - ETA: 39s - loss: 0.2986 - acc: 0.8982
2656/3458 [======================>.......] - ETA: 37s - loss: 0.2988 - acc: 0.8983
2688/3458 [======================>.......] - ETA: 36s - loss: 0.2985 - acc: 0.8977
2720/3458 [======================>.......] - ETA: 34s - loss: 0.2974 - acc: 0.8982
2752/3458 [======================>.......] - ETA: 33s - loss: 0.2972 - acc: 0.8979
2784/3458 [=======================>......] - ETA: 31s - loss: 0.2956 - acc: 0.8987
2816/3458 [=======================>......] - ETA: 30s - loss: 0.2952 - acc: 0.8991
2848/3458 [=======================>......] - ETA: 28s - loss: 0.2968 - acc: 0.8992
2880/3458 [=======================>......] - ETA: 27s - loss: 0.2954 - acc: 0.8997
2912/3458 [========================>.....] - ETA: 25s - loss: 0.2960 - acc: 0.8987
2944/3458 [========================>.....] - ETA: 24s - loss: 0.2978 - acc: 0.8981
2976/3458 [========================>.....] - ETA: 22s - loss: 0.2976 - acc: 0.8982
3008/3458 [=========================>....] - ETA: 21s - loss: 0.2996 - acc: 0.8979
3040/3458 [=========================>....] - ETA: 19s - loss: 0.3010 - acc: 0.8964
3072/3458 [=========================>....] - ETA: 18s - loss: 0.3022 - acc: 0.8962
3104/3458 [=========================>....] - ETA: 16s - loss: 0.3050 - acc: 0.8950
3136/3458 [==========================>...] - ETA: 15s - loss: 0.3047 - acc: 0.8951
3168/3458 [==========================>...] - ETA: 13s - loss: 0.3060 - acc: 0.8949
3200/3458 [==========================>...] - ETA: 12s - loss: 0.3075 - acc: 0.8950
3232/3458 [===========================>..] - ETA: 10s - loss: 0.3102 - acc: 0.8945
3264/3458 [===========================>..] - ETA: 9s - loss: 0.3132 - acc: 0.8934 
3296/3458 [===========================>..] - ETA: 7s - loss: 0.3146 - acc: 0.8932
3328/3458 [===========================>..] - ETA: 6s - loss: 0.3133 - acc: 0.8936
3360/3458 [============================>.] - ETA: 4s - loss: 0.3128 - acc: 0.8943
3392/3458 [============================>.] - ETA: 3s - loss: 0.3138 - acc: 0.8936
3424/3458 [============================>.] - ETA: 1s - loss: 0.3131 - acc: 0.8940
3456/3458 [============================>.] - ETA: 0s - loss: 0.3132 - acc: 0.8941
3458/3458 [==============================] - 163s 47ms/sample - loss: 0.3132 - acc: 0.8942

 32/865 [>.............................] - ETA: 7s - loss: 1.1823 - acc: 0.5625
 64/865 [=>............................] - ETA: 7s - loss: 1.3822 - acc: 0.5625
 96/865 [==>...........................] - ETA: 6s - loss: 1.5134 - acc: 0.5729
128/865 [===>..........................] - ETA: 6s - loss: 1.4895 - acc: 0.5859
160/865 [====>.........................] - ETA: 6s - loss: 1.3701 - acc: 0.6000
192/865 [=====>........................] - ETA: 5s - loss: 1.3657 - acc: 0.6146
224/865 [======>.......................] - ETA: 5s - loss: 1.4616 - acc: 0.5893
256/865 [=======>......................] - ETA: 5s - loss: 1.4609 - acc: 0.5898
288/865 [========>.....................] - ETA: 5s - loss: 1.5124 - acc: 0.5833
320/865 [==========>...................] - ETA: 4s - loss: 1.5282 - acc: 0.5688
352/865 [===========>..................] - ETA: 4s - loss: 1.5093 - acc: 0.5739
384/865 [============>.................] - ETA: 4s - loss: 1.5282 - acc: 0.5677
416/865 [=============>................] - ETA: 3s - loss: 1.5690 - acc: 0.5625
448/865 [==============>...............] - ETA: 3s - loss: 1.5256 - acc: 0.5737
480/865 [===============>..............] - ETA: 3s - loss: 1.5148 - acc: 0.5792
512/865 [================>.............] - ETA: 3s - loss: 1.5211 - acc: 0.5742
544/865 [=================>............] - ETA: 2s - loss: 1.5243 - acc: 0.5772
576/865 [==================>...........] - ETA: 2s - loss: 1.5134 - acc: 0.5799
608/865 [====================>.........] - ETA: 2s - loss: 1.5011 - acc: 0.5789
640/865 [=====================>........] - ETA: 2s - loss: 1.4917 - acc: 0.5813
672/865 [======================>.......] - ETA: 1s - loss: 1.5194 - acc: 0.5804
704/865 [=======================>......] - ETA: 1s - loss: 1.5081 - acc: 0.5753
736/865 [========================>.....] - ETA: 1s - loss: 1.5058 - acc: 0.5734
768/865 [=========================>....] - ETA: 0s - loss: 1.5074 - acc: 0.5742
800/865 [==========================>...] - ETA: 0s - loss: 1.5050 - acc: 0.5725
832/865 [===========================>..] - ETA: 0s - loss: 1.5207 - acc: 0.5685
864/865 [============================>.] - ETA: 0s - loss: 1.4876 - acc: 0.5741
865/865 [==============================] - 8s 9ms/sample - loss: 1.4958 - acc: 0.5734
