For Dropout_1=0.0 Dropout_2=0.8
daisy loaded
dandelion loaded
rose loaded
sunflower loaded
tulip loaded

  32/3458 [..............................] - ETA: 3:01 - loss: 1.6005 - acc: 0.2812
  64/3458 [..............................] - ETA: 2:50 - loss: 13.2977 - acc: 0.2969
  96/3458 [..............................] - ETA: 2:45 - loss: 13.9017 - acc: 0.2604
 128/3458 [>.............................] - ETA: 2:43 - loss: 12.5750 - acc: 0.2422
 160/3458 [>.............................] - ETA: 2:41 - loss: 10.8117 - acc: 0.2313
 192/3458 [>.............................] - ETA: 2:39 - loss: 9.3118 - acc: 0.2135 
 224/3458 [>.............................] - ETA: 2:37 - loss: 8.1979 - acc: 0.2321
 256/3458 [=>............................] - ETA: 2:35 - loss: 7.3836 - acc: 0.2383
 288/3458 [=>............................] - ETA: 2:33 - loss: 6.7452 - acc: 0.2396
 320/3458 [=>............................] - ETA: 2:31 - loss: 6.2303 - acc: 0.2375
 352/3458 [==>...........................] - ETA: 2:29 - loss: 5.8058 - acc: 0.2386
 384/3458 [==>...........................] - ETA: 2:27 - loss: 5.4493 - acc: 0.2448
 416/3458 [==>...........................] - ETA: 2:25 - loss: 5.1492 - acc: 0.2524
 448/3458 [==>...........................] - ETA: 2:23 - loss: 4.8900 - acc: 0.2500
 480/3458 [===>..........................] - ETA: 2:22 - loss: 4.6725 - acc: 0.2458
 512/3458 [===>..........................] - ETA: 2:20 - loss: 4.4819 - acc: 0.2422
 544/3458 [===>..........................] - ETA: 2:18 - loss: 4.3093 - acc: 0.2426
 576/3458 [===>..........................] - ETA: 2:17 - loss: 4.1552 - acc: 0.2413
 608/3458 [====>.........................] - ETA: 2:15 - loss: 4.0157 - acc: 0.2451
 640/3458 [====>.........................] - ETA: 2:13 - loss: 3.8930 - acc: 0.2500
 672/3458 [====>.........................] - ETA: 2:12 - loss: 3.7756 - acc: 0.2589
 704/3458 [=====>........................] - ETA: 2:10 - loss: 3.6703 - acc: 0.2685
 736/3458 [=====>........................] - ETA: 2:08 - loss: 3.5754 - acc: 0.2690
 768/3458 [=====>........................] - ETA: 2:07 - loss: 3.4921 - acc: 0.2708
 800/3458 [=====>........................] - ETA: 2:05 - loss: 3.4087 - acc: 0.2725
 832/3458 [======>.......................] - ETA: 2:04 - loss: 3.3297 - acc: 0.2752
 864/3458 [======>.......................] - ETA: 2:02 - loss: 3.2614 - acc: 0.2766
 896/3458 [======>.......................] - ETA: 2:01 - loss: 3.2022 - acc: 0.2734
 928/3458 [=======>......................] - ETA: 1:59 - loss: 3.1419 - acc: 0.2780
 960/3458 [=======>......................] - ETA: 1:58 - loss: 3.0854 - acc: 0.2833
 992/3458 [=======>......................] - ETA: 1:56 - loss: 3.0315 - acc: 0.2883
1024/3458 [=======>......................] - ETA: 1:54 - loss: 2.9774 - acc: 0.2939
1056/3458 [========>.....................] - ETA: 1:53 - loss: 2.9229 - acc: 0.3021
1088/3458 [========>.....................] - ETA: 1:51 - loss: 2.8887 - acc: 0.3070
1120/3458 [========>.....................] - ETA: 1:50 - loss: 2.8473 - acc: 0.3071
1152/3458 [========>.....................] - ETA: 1:48 - loss: 2.8040 - acc: 0.3108
1184/3458 [=========>....................] - ETA: 1:47 - loss: 2.7634 - acc: 0.3150
1216/3458 [=========>....................] - ETA: 1:45 - loss: 2.7408 - acc: 0.3125
1248/3458 [=========>....................] - ETA: 1:44 - loss: 2.7110 - acc: 0.3149
1280/3458 [==========>...................] - ETA: 1:42 - loss: 2.6783 - acc: 0.3172
1312/3458 [==========>...................] - ETA: 1:41 - loss: 2.6521 - acc: 0.3178
1344/3458 [==========>...................] - ETA: 1:39 - loss: 2.6253 - acc: 0.3207
1376/3458 [==========>...................] - ETA: 1:38 - loss: 2.5996 - acc: 0.3219
1408/3458 [===========>..................] - ETA: 1:36 - loss: 2.5749 - acc: 0.3260
1440/3458 [===========>..................] - ETA: 1:35 - loss: 2.5522 - acc: 0.3264
1472/3458 [===========>..................] - ETA: 1:33 - loss: 2.5312 - acc: 0.3247
1504/3458 [============>.................] - ETA: 1:32 - loss: 2.5106 - acc: 0.3251
1536/3458 [============>.................] - ETA: 1:30 - loss: 2.4914 - acc: 0.3255
1568/3458 [============>.................] - ETA: 1:29 - loss: 2.4728 - acc: 0.3227
1600/3458 [============>.................] - ETA: 1:27 - loss: 2.4540 - acc: 0.3244
1632/3458 [=============>................] - ETA: 1:26 - loss: 2.4365 - acc: 0.3248
1664/3458 [=============>................] - ETA: 1:24 - loss: 2.4188 - acc: 0.3263
1696/3458 [=============>................] - ETA: 1:23 - loss: 2.4020 - acc: 0.3267
1728/3458 [=============>................] - ETA: 1:21 - loss: 2.3865 - acc: 0.3241
1760/3458 [==============>...............] - ETA: 1:19 - loss: 2.3705 - acc: 0.3256
1792/3458 [==============>...............] - ETA: 1:18 - loss: 2.3531 - acc: 0.3259
1824/3458 [==============>...............] - ETA: 1:16 - loss: 2.3384 - acc: 0.3251
1856/3458 [===============>..............] - ETA: 1:15 - loss: 2.3247 - acc: 0.3260
1888/3458 [===============>..............] - ETA: 1:13 - loss: 2.3103 - acc: 0.3263
1920/3458 [===============>..............] - ETA: 1:12 - loss: 2.2991 - acc: 0.3234
1952/3458 [===============>..............] - ETA: 1:10 - loss: 2.2860 - acc: 0.3238
1984/3458 [================>.............] - ETA: 1:09 - loss: 2.2729 - acc: 0.3236
2016/3458 [================>.............] - ETA: 1:07 - loss: 2.2610 - acc: 0.3254
2048/3458 [================>.............] - ETA: 1:06 - loss: 2.2508 - acc: 0.3237
2080/3458 [=================>............] - ETA: 1:04 - loss: 2.2372 - acc: 0.3250
2112/3458 [=================>............] - ETA: 1:03 - loss: 2.2316 - acc: 0.3253
2144/3458 [=================>............] - ETA: 1:01 - loss: 2.2211 - acc: 0.3237
2176/3458 [=================>............] - ETA: 1:00 - loss: 2.2117 - acc: 0.3231
2208/3458 [==================>...........] - ETA: 58s - loss: 2.2004 - acc: 0.3252 
2240/3458 [==================>...........] - ETA: 57s - loss: 2.1912 - acc: 0.3272
2272/3458 [==================>...........] - ETA: 55s - loss: 2.1791 - acc: 0.3301
2304/3458 [==================>...........] - ETA: 54s - loss: 2.1698 - acc: 0.3307
2336/3458 [===================>..........] - ETA: 52s - loss: 2.1594 - acc: 0.3305
2368/3458 [===================>..........] - ETA: 51s - loss: 2.1521 - acc: 0.3285
2400/3458 [===================>..........] - ETA: 49s - loss: 2.1435 - acc: 0.3288
2432/3458 [====================>.........] - ETA: 48s - loss: 2.1347 - acc: 0.3306
2464/3458 [====================>.........] - ETA: 46s - loss: 2.1242 - acc: 0.3328
2496/3458 [====================>.........] - ETA: 45s - loss: 2.1143 - acc: 0.3313
2528/3458 [====================>.........] - ETA: 43s - loss: 2.1055 - acc: 0.3339
2560/3458 [=====================>........] - ETA: 42s - loss: 2.0981 - acc: 0.3344
2592/3458 [=====================>........] - ETA: 40s - loss: 2.0883 - acc: 0.3368
2624/3458 [=====================>........] - ETA: 39s - loss: 2.0788 - acc: 0.3380
2656/3458 [======================>.......] - ETA: 37s - loss: 2.0732 - acc: 0.3381
2688/3458 [======================>.......] - ETA: 36s - loss: 2.0644 - acc: 0.3393
2720/3458 [======================>.......] - ETA: 34s - loss: 2.0550 - acc: 0.3419
2752/3458 [======================>.......] - ETA: 33s - loss: 2.0479 - acc: 0.3423
2784/3458 [=======================>......] - ETA: 31s - loss: 2.0466 - acc: 0.3423
2816/3458 [=======================>......] - ETA: 30s - loss: 2.0381 - acc: 0.3434
2848/3458 [=======================>......] - ETA: 28s - loss: 2.0301 - acc: 0.3434
2880/3458 [=======================>......] - ETA: 27s - loss: 2.0410 - acc: 0.3438
2912/3458 [========================>.....] - ETA: 25s - loss: 2.0345 - acc: 0.3465
2944/3458 [========================>.....] - ETA: 24s - loss: 2.0262 - acc: 0.3492
2976/3458 [========================>.....] - ETA: 22s - loss: 2.0193 - acc: 0.3501
3008/3458 [=========================>....] - ETA: 21s - loss: 2.0126 - acc: 0.3504
3040/3458 [=========================>....] - ETA: 19s - loss: 2.0063 - acc: 0.3513
3072/3458 [=========================>....] - ETA: 18s - loss: 2.0003 - acc: 0.3522
3104/3458 [=========================>....] - ETA: 16s - loss: 1.9933 - acc: 0.3534
3136/3458 [==========================>...] - ETA: 15s - loss: 1.9886 - acc: 0.3533
3168/3458 [==========================>...] - ETA: 13s - loss: 1.9823 - acc: 0.3545
3200/3458 [==========================>...] - ETA: 12s - loss: 1.9765 - acc: 0.3559
3232/3458 [===========================>..] - ETA: 10s - loss: 1.9714 - acc: 0.3564
3264/3458 [===========================>..] - ETA: 9s - loss: 1.9654 - acc: 0.3575 
3296/3458 [===========================>..] - ETA: 7s - loss: 1.9591 - acc: 0.3577
3328/3458 [===========================>..] - ETA: 6s - loss: 1.9529 - acc: 0.3600
3360/3458 [============================>.] - ETA: 4s - loss: 1.9467 - acc: 0.3604
3392/3458 [============================>.] - ETA: 3s - loss: 1.9397 - acc: 0.3614
3424/3458 [============================>.] - ETA: 1s - loss: 1.9346 - acc: 0.3616
3456/3458 [============================>.] - ETA: 0s - loss: 1.9289 - acc: 0.3617
3458/3458 [==============================] - 163s 47ms/sample - loss: 1.9285 - acc: 0.3618

 32/865 [>.............................] - ETA: 7s - loss: 1.2858 - acc: 0.3438
 64/865 [=>............................] - ETA: 7s - loss: 1.2796 - acc: 0.4531
 96/865 [==>...........................] - ETA: 7s - loss: 1.2665 - acc: 0.4167
128/865 [===>..........................] - ETA: 6s - loss: 1.3908 - acc: 0.3906
160/865 [====>.........................] - ETA: 6s - loss: 1.3616 - acc: 0.3875
192/865 [=====>........................] - ETA: 6s - loss: 1.3457 - acc: 0.3958
224/865 [======>.......................] - ETA: 5s - loss: 1.2941 - acc: 0.4152
256/865 [=======>......................] - ETA: 5s - loss: 1.3148 - acc: 0.4258
288/865 [========>.....................] - ETA: 5s - loss: 1.2959 - acc: 0.4410
320/865 [==========>...................] - ETA: 4s - loss: 1.3027 - acc: 0.4406
352/865 [===========>..................] - ETA: 4s - loss: 1.3065 - acc: 0.4403
384/865 [============>.................] - ETA: 4s - loss: 1.3011 - acc: 0.4401
416/865 [=============>................] - ETA: 4s - loss: 1.3069 - acc: 0.4351
448/865 [==============>...............] - ETA: 3s - loss: 1.2888 - acc: 0.4442
480/865 [===============>..............] - ETA: 3s - loss: 1.2992 - acc: 0.4458
512/865 [================>.............] - ETA: 3s - loss: 1.3150 - acc: 0.4414
544/865 [=================>............] - ETA: 2s - loss: 1.3198 - acc: 0.4375
576/865 [==================>...........] - ETA: 2s - loss: 1.3169 - acc: 0.4427
608/865 [====================>.........] - ETA: 2s - loss: 1.3097 - acc: 0.4441
640/865 [=====================>........] - ETA: 2s - loss: 1.3040 - acc: 0.4453
672/865 [======================>.......] - ETA: 1s - loss: 1.2996 - acc: 0.4509
704/865 [=======================>......] - ETA: 1s - loss: 1.3205 - acc: 0.4560
736/865 [========================>.....] - ETA: 1s - loss: 1.3127 - acc: 0.4606
768/865 [=========================>....] - ETA: 0s - loss: 1.3376 - acc: 0.4622
800/865 [==========================>...] - ETA: 0s - loss: 1.3286 - acc: 0.4650
832/865 [===========================>..] - ETA: 0s - loss: 1.3261 - acc: 0.4651
864/865 [============================>.] - ETA: 0s - loss: 1.3248 - acc: 0.4664
865/865 [==============================] - 8s 9ms/sample - loss: 1.3248 - acc: 0.4671

  32/3458 [..............................] - ETA: 2:38 - loss: 1.1824 - acc: 0.5000
  64/3458 [..............................] - ETA: 2:39 - loss: 1.2836 - acc: 0.4844
  96/3458 [..............................] - ETA: 2:37 - loss: 1.3369 - acc: 0.4792
 128/3458 [>.............................] - ETA: 2:34 - loss: 1.3575 - acc: 0.5000
 160/3458 [>.............................] - ETA: 2:34 - loss: 1.3521 - acc: 0.5000
 192/3458 [>.............................] - ETA: 2:32 - loss: 1.3621 - acc: 0.4896
 224/3458 [>.............................] - ETA: 2:31 - loss: 1.3564 - acc: 0.5000
 256/3458 [=>............................] - ETA: 2:29 - loss: 1.3524 - acc: 0.5078
 288/3458 [=>............................] - ETA: 2:28 - loss: 1.3978 - acc: 0.5104
 320/3458 [=>............................] - ETA: 2:26 - loss: 1.3868 - acc: 0.5031
 352/3458 [==>...........................] - ETA: 2:25 - loss: 1.4105 - acc: 0.5028
 384/3458 [==>...........................] - ETA: 2:23 - loss: 1.3937 - acc: 0.5078
 416/3458 [==>...........................] - ETA: 2:22 - loss: 1.4094 - acc: 0.5048
 448/3458 [==>...........................] - ETA: 2:20 - loss: 1.4982 - acc: 0.5045
 480/3458 [===>..........................] - ETA: 2:19 - loss: 1.4987 - acc: 0.5042
 512/3458 [===>..........................] - ETA: 2:17 - loss: 1.4754 - acc: 0.5059
 544/3458 [===>..........................] - ETA: 2:16 - loss: 1.4656 - acc: 0.5055
 576/3458 [===>..........................] - ETA: 2:14 - loss: 1.4755 - acc: 0.4948
 608/3458 [====>.........................] - ETA: 2:13 - loss: 1.4698 - acc: 0.4918
 640/3458 [====>.........................] - ETA: 2:11 - loss: 1.4663 - acc: 0.4859
 672/3458 [====>.........................] - ETA: 2:10 - loss: 1.4741 - acc: 0.4762
 704/3458 [=====>........................] - ETA: 2:08 - loss: 1.4754 - acc: 0.4673
 736/3458 [=====>........................] - ETA: 2:07 - loss: 1.4712 - acc: 0.4674
 768/3458 [=====>........................] - ETA: 2:05 - loss: 1.4694 - acc: 0.4609
 800/3458 [=====>........................] - ETA: 2:04 - loss: 1.4645 - acc: 0.4613
 832/3458 [======>.......................] - ETA: 2:02 - loss: 1.4614 - acc: 0.4639
 864/3458 [======>.......................] - ETA: 2:01 - loss: 1.4608 - acc: 0.4572
 896/3458 [======>.......................] - ETA: 1:59 - loss: 1.4565 - acc: 0.4598
 928/3458 [=======>......................] - ETA: 1:58 - loss: 1.4618 - acc: 0.4591
 960/3458 [=======>......................] - ETA: 1:56 - loss: 1.4564 - acc: 0.4594
 992/3458 [=======>......................] - ETA: 1:55 - loss: 1.4515 - acc: 0.4587
1024/3458 [=======>......................] - ETA: 1:53 - loss: 1.4478 - acc: 0.4580
1056/3458 [========>.....................] - ETA: 1:52 - loss: 1.4500 - acc: 0.4555
1088/3458 [========>.....................] - ETA: 1:50 - loss: 1.4486 - acc: 0.4504
1120/3458 [========>.....................] - ETA: 1:49 - loss: 1.4447 - acc: 0.4527
1152/3458 [========>.....................] - ETA: 1:47 - loss: 1.4420 - acc: 0.4523
1184/3458 [=========>....................] - ETA: 1:46 - loss: 1.4423 - acc: 0.4544
1216/3458 [=========>....................] - ETA: 1:44 - loss: 1.4418 - acc: 0.4523
1248/3458 [=========>....................] - ETA: 1:43 - loss: 1.4332 - acc: 0.4551
1280/3458 [==========>...................] - ETA: 1:41 - loss: 1.4315 - acc: 0.4539
1312/3458 [==========>...................] - ETA: 1:40 - loss: 1.4270 - acc: 0.4543
1344/3458 [==========>...................] - ETA: 1:38 - loss: 1.4234 - acc: 0.4539
1376/3458 [==========>...................] - ETA: 1:37 - loss: 1.4162 - acc: 0.4578
1408/3458 [===========>..................] - ETA: 1:35 - loss: 1.4117 - acc: 0.4638
1440/3458 [===========>..................] - ETA: 1:34 - loss: 1.4115 - acc: 0.4646
1472/3458 [===========>..................] - ETA: 1:32 - loss: 1.4215 - acc: 0.4633
1504/3458 [============>.................] - ETA: 1:31 - loss: 1.4233 - acc: 0.4628
1536/3458 [============>.................] - ETA: 1:29 - loss: 1.4253 - acc: 0.4590
1568/3458 [============>.................] - ETA: 1:28 - loss: 1.4211 - acc: 0.4598
1600/3458 [============>.................] - ETA: 1:26 - loss: 1.4200 - acc: 0.4619
1632/3458 [=============>................] - ETA: 1:25 - loss: 1.4243 - acc: 0.4602
1664/3458 [=============>................] - ETA: 1:23 - loss: 1.4255 - acc: 0.4585
1696/3458 [=============>................] - ETA: 1:22 - loss: 1.4262 - acc: 0.4587
1728/3458 [=============>................] - ETA: 1:20 - loss: 1.4250 - acc: 0.4589
1760/3458 [==============>...............] - ETA: 1:19 - loss: 1.4272 - acc: 0.4580
1792/3458 [==============>...............] - ETA: 1:17 - loss: 1.4261 - acc: 0.4581
1824/3458 [==============>...............] - ETA: 1:16 - loss: 1.4240 - acc: 0.4572
1856/3458 [===============>..............] - ETA: 1:14 - loss: 1.4240 - acc: 0.4569
1888/3458 [===============>..............] - ETA: 1:13 - loss: 1.4248 - acc: 0.4571
1920/3458 [===============>..............] - ETA: 1:11 - loss: 1.4223 - acc: 0.4589
1952/3458 [===============>..............] - ETA: 1:10 - loss: 1.4207 - acc: 0.4590
1984/3458 [================>.............] - ETA: 1:08 - loss: 1.4196 - acc: 0.4587
2016/3458 [================>.............] - ETA: 1:07 - loss: 1.4212 - acc: 0.4559
2048/3458 [================>.............] - ETA: 1:05 - loss: 1.4208 - acc: 0.4565
2080/3458 [=================>............] - ETA: 1:04 - loss: 1.4176 - acc: 0.4601
2112/3458 [=================>............] - ETA: 1:02 - loss: 1.4147 - acc: 0.4612
2144/3458 [=================>............] - ETA: 1:01 - loss: 1.4130 - acc: 0.4627
2176/3458 [=================>............] - ETA: 59s - loss: 1.4147 - acc: 0.4623 
2208/3458 [==================>...........] - ETA: 58s - loss: 1.4244 - acc: 0.4629
2240/3458 [==================>...........] - ETA: 56s - loss: 1.4245 - acc: 0.4621
2272/3458 [==================>...........] - ETA: 55s - loss: 1.4229 - acc: 0.4621
2304/3458 [==================>...........] - ETA: 53s - loss: 1.4247 - acc: 0.4640
2336/3458 [===================>..........] - ETA: 52s - loss: 1.4209 - acc: 0.4662
2368/3458 [===================>..........] - ETA: 50s - loss: 1.4216 - acc: 0.4649
2400/3458 [===================>..........] - ETA: 49s - loss: 1.4192 - acc: 0.4646
2432/3458 [====================>.........] - ETA: 47s - loss: 1.4176 - acc: 0.4638
2464/3458 [====================>.........] - ETA: 46s - loss: 1.4173 - acc: 0.4647
2496/3458 [====================>.........] - ETA: 44s - loss: 1.4166 - acc: 0.4635
2528/3458 [====================>.........] - ETA: 43s - loss: 1.4143 - acc: 0.4636
2560/3458 [=====================>........] - ETA: 41s - loss: 1.4131 - acc: 0.4625
2592/3458 [=====================>........] - ETA: 40s - loss: 1.4098 - acc: 0.4637
2624/3458 [=====================>........] - ETA: 39s - loss: 1.4046 - acc: 0.4672
2656/3458 [======================>.......] - ETA: 37s - loss: 1.4021 - acc: 0.4672
2688/3458 [======================>.......] - ETA: 36s - loss: 1.3999 - acc: 0.4684
2720/3458 [======================>.......] - ETA: 34s - loss: 1.3991 - acc: 0.4688
2752/3458 [======================>.......] - ETA: 33s - loss: 1.3978 - acc: 0.4688
2784/3458 [=======================>......] - ETA: 31s - loss: 1.3986 - acc: 0.4688
2816/3458 [=======================>......] - ETA: 30s - loss: 1.3969 - acc: 0.4691
2848/3458 [=======================>......] - ETA: 28s - loss: 1.3961 - acc: 0.4712
2880/3458 [=======================>......] - ETA: 27s - loss: 1.3952 - acc: 0.4715
2912/3458 [========================>.....] - ETA: 25s - loss: 1.3922 - acc: 0.4729
2944/3458 [========================>.....] - ETA: 24s - loss: 1.3913 - acc: 0.4728
2976/3458 [========================>.....] - ETA: 22s - loss: 1.3937 - acc: 0.4741
3008/3458 [=========================>....] - ETA: 21s - loss: 1.3926 - acc: 0.4734
3040/3458 [=========================>....] - ETA: 19s - loss: 1.3919 - acc: 0.4737
3072/3458 [=========================>....] - ETA: 18s - loss: 1.3921 - acc: 0.4723
3104/3458 [=========================>....] - ETA: 16s - loss: 1.3902 - acc: 0.4739
3136/3458 [==========================>...] - ETA: 15s - loss: 1.3898 - acc: 0.4742
3168/3458 [==========================>...] - ETA: 13s - loss: 1.3891 - acc: 0.4751
3200/3458 [==========================>...] - ETA: 12s - loss: 1.3875 - acc: 0.4759
3232/3458 [===========================>..] - ETA: 10s - loss: 1.3881 - acc: 0.4762
3264/3458 [===========================>..] - ETA: 9s - loss: 1.3881 - acc: 0.4764 
3296/3458 [===========================>..] - ETA: 7s - loss: 1.3858 - acc: 0.4779
3328/3458 [===========================>..] - ETA: 6s - loss: 1.3854 - acc: 0.4781
3360/3458 [============================>.] - ETA: 4s - loss: 1.3847 - acc: 0.4783
3392/3458 [============================>.] - ETA: 3s - loss: 1.3848 - acc: 0.4779
3424/3458 [============================>.] - ETA: 1s - loss: 1.3823 - acc: 0.4784
3456/3458 [============================>.] - ETA: 0s - loss: 1.3809 - acc: 0.4789
3458/3458 [==============================] - 162s 47ms/sample - loss: 1.3808 - acc: 0.4792

 32/865 [>.............................] - ETA: 7s - loss: 1.1648 - acc: 0.6250
 64/865 [=>............................] - ETA: 7s - loss: 1.2227 - acc: 0.5938
 96/865 [==>...........................] - ETA: 6s - loss: 1.3398 - acc: 0.5208
128/865 [===>..........................] - ETA: 6s - loss: 1.3744 - acc: 0.4922
160/865 [====>.........................] - ETA: 6s - loss: 1.3649 - acc: 0.4688
192/865 [=====>........................] - ETA: 6s - loss: 1.3570 - acc: 0.4635
224/865 [======>.......................] - ETA: 5s - loss: 1.3154 - acc: 0.4688
256/865 [=======>......................] - ETA: 5s - loss: 1.3312 - acc: 0.4648
288/865 [========>.....................] - ETA: 5s - loss: 1.3046 - acc: 0.4792
320/865 [==========>...................] - ETA: 4s - loss: 1.2926 - acc: 0.4875
352/865 [===========>..................] - ETA: 4s - loss: 1.2838 - acc: 0.4915
384/865 [============>.................] - ETA: 4s - loss: 1.2830 - acc: 0.4870
416/865 [=============>................] - ETA: 4s - loss: 1.2875 - acc: 0.4928
448/865 [==============>...............] - ETA: 3s - loss: 1.2782 - acc: 0.4911
480/865 [===============>..............] - ETA: 3s - loss: 1.2867 - acc: 0.4854
512/865 [================>.............] - ETA: 3s - loss: 1.2951 - acc: 0.4844
544/865 [=================>............] - ETA: 2s - loss: 1.3006 - acc: 0.4816
576/865 [==================>...........] - ETA: 2s - loss: 1.2996 - acc: 0.4826
608/865 [====================>.........] - ETA: 2s - loss: 1.2989 - acc: 0.4770
640/865 [=====================>........] - ETA: 2s - loss: 1.2953 - acc: 0.4797
672/865 [======================>.......] - ETA: 1s - loss: 1.2879 - acc: 0.4851
704/865 [=======================>......] - ETA: 1s - loss: 1.2855 - acc: 0.4901
736/865 [========================>.....] - ETA: 1s - loss: 1.2835 - acc: 0.4905
768/865 [=========================>....] - ETA: 0s - loss: 1.2905 - acc: 0.4896
800/865 [==========================>...] - ETA: 0s - loss: 1.2809 - acc: 0.4950
832/865 [===========================>..] - ETA: 0s - loss: 1.2767 - acc: 0.4988
864/865 [============================>.] - ETA: 0s - loss: 1.2743 - acc: 0.5012
865/865 [==============================] - 8s 9ms/sample - loss: 1.2733 - acc: 0.5017

  32/3458 [..............................] - ETA: 2:37 - loss: 1.5042 - acc: 0.5625
  64/3458 [..............................] - ETA: 2:35 - loss: 1.2987 - acc: 0.5781
  96/3458 [..............................] - ETA: 2:36 - loss: 1.1876 - acc: 0.6250
 128/3458 [>.............................] - ETA: 2:35 - loss: 1.1955 - acc: 0.5938
 160/3458 [>.............................] - ETA: 2:34 - loss: 1.2155 - acc: 0.5500
 192/3458 [>.............................] - ETA: 2:33 - loss: 1.2173 - acc: 0.5312
 224/3458 [>.............................] - ETA: 2:31 - loss: 1.2408 - acc: 0.5402
 256/3458 [=>............................] - ETA: 2:30 - loss: 1.2436 - acc: 0.5312
 288/3458 [=>............................] - ETA: 2:28 - loss: 1.2418 - acc: 0.5278
 320/3458 [=>............................] - ETA: 2:27 - loss: 1.2373 - acc: 0.5375
 352/3458 [==>...........................] - ETA: 2:25 - loss: 1.2871 - acc: 0.5170
 384/3458 [==>...........................] - ETA: 2:24 - loss: 1.3066 - acc: 0.5000
 416/3458 [==>...........................] - ETA: 2:22 - loss: 1.3094 - acc: 0.5048
 448/3458 [==>...........................] - ETA: 2:20 - loss: 1.3309 - acc: 0.5000
 480/3458 [===>..........................] - ETA: 2:19 - loss: 1.3237 - acc: 0.5042
 512/3458 [===>..........................] - ETA: 2:18 - loss: 1.3243 - acc: 0.5020
 544/3458 [===>..........................] - ETA: 2:16 - loss: 1.3298 - acc: 0.4963
 576/3458 [===>..........................] - ETA: 2:15 - loss: 1.3329 - acc: 0.4948
 608/3458 [====>.........................] - ETA: 2:13 - loss: 1.3389 - acc: 0.4901
 640/3458 [====>.........................] - ETA: 2:12 - loss: 1.3394 - acc: 0.4891
 672/3458 [====>.........................] - ETA: 2:10 - loss: 1.3429 - acc: 0.4777
 704/3458 [=====>........................] - ETA: 2:09 - loss: 1.3575 - acc: 0.4688
 736/3458 [=====>........................] - ETA: 2:07 - loss: 1.3513 - acc: 0.4715
 768/3458 [=====>........................] - ETA: 2:06 - loss: 1.3524 - acc: 0.4674
 800/3458 [=====>........................] - ETA: 2:04 - loss: 1.3441 - acc: 0.4750
 832/3458 [======>.......................] - ETA: 2:03 - loss: 1.3376 - acc: 0.4736
 864/3458 [======>.......................] - ETA: 2:01 - loss: 1.3403 - acc: 0.4722
 896/3458 [======>.......................] - ETA: 2:00 - loss: 1.3352 - acc: 0.4743
 928/3458 [=======>......................] - ETA: 1:58 - loss: 1.3329 - acc: 0.4752
 960/3458 [=======>......................] - ETA: 1:57 - loss: 1.3313 - acc: 0.4719
 992/3458 [=======>......................] - ETA: 1:55 - loss: 1.3243 - acc: 0.4778
1024/3458 [=======>......................] - ETA: 1:54 - loss: 1.3093 - acc: 0.4854
1056/3458 [========>.....................] - ETA: 1:52 - loss: 1.3106 - acc: 0.4858
1088/3458 [========>.....................] - ETA: 1:51 - loss: 1.3098 - acc: 0.4825
1120/3458 [========>.....................] - ETA: 1:49 - loss: 1.3031 - acc: 0.4875
1152/3458 [========>.....................] - ETA: 1:48 - loss: 1.3002 - acc: 0.4861
1184/3458 [=========>....................] - ETA: 1:46 - loss: 1.3006 - acc: 0.4882
1216/3458 [=========>....................] - ETA: 1:45 - loss: 1.2997 - acc: 0.4885
1248/3458 [=========>....................] - ETA: 1:43 - loss: 1.3011 - acc: 0.4888
1280/3458 [==========>...................] - ETA: 1:42 - loss: 1.3016 - acc: 0.4891
1312/3458 [==========>...................] - ETA: 1:40 - loss: 1.3092 - acc: 0.4863
1344/3458 [==========>...................] - ETA: 1:39 - loss: 1.3120 - acc: 0.4874
1376/3458 [==========>...................] - ETA: 1:37 - loss: 1.3090 - acc: 0.4898
1408/3458 [===========>..................] - ETA: 1:36 - loss: 1.3065 - acc: 0.4908
1440/3458 [===========>..................] - ETA: 1:34 - loss: 1.3036 - acc: 0.4944
1472/3458 [===========>..................] - ETA: 1:33 - loss: 1.3018 - acc: 0.4946
1504/3458 [============>.................] - ETA: 1:31 - loss: 1.2992 - acc: 0.4960
1536/3458 [============>.................] - ETA: 1:30 - loss: 1.2980 - acc: 0.4961
1568/3458 [============>.................] - ETA: 1:28 - loss: 1.2940 - acc: 0.4968
1600/3458 [============>.................] - ETA: 1:27 - loss: 1.2984 - acc: 0.4975
1632/3458 [=============>................] - ETA: 1:25 - loss: 1.2947 - acc: 0.4988
1664/3458 [=============>................] - ETA: 1:24 - loss: 1.2919 - acc: 0.4994
1696/3458 [=============>................] - ETA: 1:22 - loss: 1.2926 - acc: 0.4988
1728/3458 [=============>................] - ETA: 1:21 - loss: 1.2899 - acc: 0.4977
1760/3458 [==============>...............] - ETA: 1:19 - loss: 1.2870 - acc: 0.4989
1792/3458 [==============>...............] - ETA: 1:18 - loss: 1.2845 - acc: 0.5000
1824/3458 [==============>...............] - ETA: 1:16 - loss: 1.2863 - acc: 0.5027
1856/3458 [===============>..............] - ETA: 1:15 - loss: 1.2842 - acc: 0.5032
1888/3458 [===============>..............] - ETA: 1:13 - loss: 1.2838 - acc: 0.5042
1920/3458 [===============>..............] - ETA: 1:12 - loss: 1.2794 - acc: 0.5052
1952/3458 [===============>..............] - ETA: 1:10 - loss: 1.2805 - acc: 0.5051
1984/3458 [================>.............] - ETA: 1:09 - loss: 1.2831 - acc: 0.5030
2016/3458 [================>.............] - ETA: 1:07 - loss: 1.2830 - acc: 0.5025
2048/3458 [================>.............] - ETA: 1:06 - loss: 1.2803 - acc: 0.5049
2080/3458 [=================>............] - ETA: 1:04 - loss: 1.2768 - acc: 0.5063
2112/3458 [=================>............] - ETA: 1:03 - loss: 1.2760 - acc: 0.5080
2144/3458 [=================>............] - ETA: 1:01 - loss: 1.2719 - acc: 0.5098
2176/3458 [=================>............] - ETA: 1:00 - loss: 1.2695 - acc: 0.5092
2208/3458 [==================>...........] - ETA: 58s - loss: 1.2681 - acc: 0.5109 
2240/3458 [==================>...........] - ETA: 57s - loss: 1.2737 - acc: 0.5103
2272/3458 [==================>...........] - ETA: 55s - loss: 1.2774 - acc: 0.5114
2304/3458 [==================>...........] - ETA: 54s - loss: 1.2741 - acc: 0.5135
2336/3458 [===================>..........] - ETA: 52s - loss: 1.2705 - acc: 0.5154
2368/3458 [===================>..........] - ETA: 51s - loss: 1.2668 - acc: 0.5169
2400/3458 [===================>..........] - ETA: 49s - loss: 1.2632 - acc: 0.5179
2432/3458 [====================>.........] - ETA: 48s - loss: 1.2617 - acc: 0.5197
2464/3458 [====================>.........] - ETA: 46s - loss: 1.2585 - acc: 0.5215
2496/3458 [====================>.........] - ETA: 45s - loss: 1.2545 - acc: 0.5228
2528/3458 [====================>.........] - ETA: 43s - loss: 1.2562 - acc: 0.5237
2560/3458 [=====================>........] - ETA: 42s - loss: 1.2519 - acc: 0.5250
2592/3458 [=====================>........] - ETA: 40s - loss: 1.2494 - acc: 0.5285
2624/3458 [=====================>........] - ETA: 39s - loss: 1.2477 - acc: 0.5297
2656/3458 [======================>.......] - ETA: 37s - loss: 1.2451 - acc: 0.5309
2688/3458 [======================>.......] - ETA: 36s - loss: 1.2421 - acc: 0.5324
2720/3458 [======================>.......] - ETA: 34s - loss: 1.2386 - acc: 0.5331
2752/3458 [======================>.......] - ETA: 33s - loss: 1.2365 - acc: 0.5345
2784/3458 [=======================>......] - ETA: 31s - loss: 1.2333 - acc: 0.5356
2816/3458 [=======================>......] - ETA: 30s - loss: 1.2312 - acc: 0.5376
2848/3458 [=======================>......] - ETA: 28s - loss: 1.2283 - acc: 0.5386
2880/3458 [=======================>......] - ETA: 27s - loss: 1.2270 - acc: 0.5399
2912/3458 [========================>.....] - ETA: 25s - loss: 1.2260 - acc: 0.5388
2944/3458 [========================>.....] - ETA: 24s - loss: 1.2280 - acc: 0.5384
2976/3458 [========================>.....] - ETA: 22s - loss: 1.2281 - acc: 0.5360
3008/3458 [=========================>....] - ETA: 21s - loss: 1.2278 - acc: 0.5356
3040/3458 [=========================>....] - ETA: 19s - loss: 1.2271 - acc: 0.5345
3072/3458 [=========================>....] - ETA: 18s - loss: 1.2264 - acc: 0.5352
3104/3458 [=========================>....] - ETA: 16s - loss: 1.2270 - acc: 0.5354
3136/3458 [==========================>...] - ETA: 15s - loss: 1.2268 - acc: 0.5354
3168/3458 [==========================>...] - ETA: 13s - loss: 1.2274 - acc: 0.5357
3200/3458 [==========================>...] - ETA: 12s - loss: 1.2259 - acc: 0.5362
3232/3458 [===========================>..] - ETA: 10s - loss: 1.2265 - acc: 0.5356
3264/3458 [===========================>..] - ETA: 9s - loss: 1.2262 - acc: 0.5355 
3296/3458 [===========================>..] - ETA: 7s - loss: 1.2247 - acc: 0.5358
3328/3458 [===========================>..] - ETA: 6s - loss: 1.2232 - acc: 0.5373
3360/3458 [============================>.] - ETA: 4s - loss: 1.2226 - acc: 0.5381
3392/3458 [============================>.] - ETA: 3s - loss: 1.2224 - acc: 0.5386
3424/3458 [============================>.] - ETA: 1s - loss: 1.2198 - acc: 0.5400
3456/3458 [============================>.] - ETA: 0s - loss: 1.2196 - acc: 0.5396
3458/3458 [==============================] - 163s 47ms/sample - loss: 1.2189 - acc: 0.5399

 32/865 [>.............................] - ETA: 7s - loss: 1.0308 - acc: 0.5938
 64/865 [=>............................] - ETA: 7s - loss: 1.0554 - acc: 0.6719
 96/865 [==>...........................] - ETA: 6s - loss: 1.1168 - acc: 0.6146
128/865 [===>..........................] - ETA: 6s - loss: 1.1306 - acc: 0.6016
160/865 [====>.........................] - ETA: 6s - loss: 1.1100 - acc: 0.5750
192/865 [=====>........................] - ETA: 6s - loss: 1.1269 - acc: 0.5677
224/865 [======>.......................] - ETA: 5s - loss: 1.1000 - acc: 0.5670
256/865 [=======>......................] - ETA: 5s - loss: 1.1077 - acc: 0.5625
288/865 [========>.....................] - ETA: 5s - loss: 1.0904 - acc: 0.5764
320/865 [==========>...................] - ETA: 4s - loss: 1.0900 - acc: 0.5719
352/865 [===========>..................] - ETA: 4s - loss: 1.0884 - acc: 0.5739
384/865 [============>.................] - ETA: 4s - loss: 1.0869 - acc: 0.5729
416/865 [=============>................] - ETA: 4s - loss: 1.0844 - acc: 0.5721
448/865 [==============>...............] - ETA: 3s - loss: 1.0702 - acc: 0.5737
480/865 [===============>..............] - ETA: 3s - loss: 1.0726 - acc: 0.5792
512/865 [================>.............] - ETA: 3s - loss: 1.1016 - acc: 0.5684
544/865 [=================>............] - ETA: 2s - loss: 1.1062 - acc: 0.5735
576/865 [==================>...........] - ETA: 2s - loss: 1.1084 - acc: 0.5677
608/865 [====================>.........] - ETA: 2s - loss: 1.1036 - acc: 0.5691
640/865 [=====================>........] - ETA: 2s - loss: 1.0942 - acc: 0.5703
672/865 [======================>.......] - ETA: 1s - loss: 1.1060 - acc: 0.5729
704/865 [=======================>......] - ETA: 1s - loss: 1.1067 - acc: 0.5781
736/865 [========================>.....] - ETA: 1s - loss: 1.0957 - acc: 0.5802
768/865 [=========================>....] - ETA: 0s - loss: 1.1038 - acc: 0.5846
800/865 [==========================>...] - ETA: 0s - loss: 1.0944 - acc: 0.5875
832/865 [===========================>..] - ETA: 0s - loss: 1.0986 - acc: 0.5853
864/865 [============================>.] - ETA: 0s - loss: 1.0958 - acc: 0.5845
865/865 [==============================] - 8s 9ms/sample - loss: 1.0946 - acc: 0.5850

  32/3458 [..............................] - ETA: 2:40 - loss: 0.9256 - acc: 0.7188
  64/3458 [..............................] - ETA: 2:37 - loss: 1.1678 - acc: 0.6094
  96/3458 [..............................] - ETA: 2:36 - loss: 1.0710 - acc: 0.6146
 128/3458 [>.............................] - ETA: 2:34 - loss: 1.0611 - acc: 0.5703
 160/3458 [>.............................] - ETA: 2:33 - loss: 1.0594 - acc: 0.5750
 192/3458 [>.............................] - ETA: 2:31 - loss: 1.0557 - acc: 0.5885
 224/3458 [>.............................] - ETA: 2:30 - loss: 1.0281 - acc: 0.6027
 256/3458 [=>............................] - ETA: 2:28 - loss: 1.0209 - acc: 0.6055
 288/3458 [=>............................] - ETA: 2:27 - loss: 1.0165 - acc: 0.6076
 320/3458 [=>............................] - ETA: 2:26 - loss: 0.9934 - acc: 0.6219
 352/3458 [==>...........................] - ETA: 2:24 - loss: 1.0083 - acc: 0.6136
 384/3458 [==>...........................] - ETA: 2:23 - loss: 1.0103 - acc: 0.6146
 416/3458 [==>...........................] - ETA: 2:21 - loss: 1.0078 - acc: 0.6154
 448/3458 [==>...........................] - ETA: 2:20 - loss: 1.0110 - acc: 0.6049
 480/3458 [===>..........................] - ETA: 2:18 - loss: 1.0093 - acc: 0.6104
 512/3458 [===>..........................] - ETA: 2:17 - loss: 1.0177 - acc: 0.6152
 544/3458 [===>..........................] - ETA: 2:16 - loss: 1.0206 - acc: 0.6176
 576/3458 [===>..........................] - ETA: 2:14 - loss: 1.0140 - acc: 0.6215
 608/3458 [====>.........................] - ETA: 2:13 - loss: 1.0087 - acc: 0.6250
 640/3458 [====>.........................] - ETA: 2:11 - loss: 1.0070 - acc: 0.6250
 672/3458 [====>.........................] - ETA: 2:10 - loss: 1.0049 - acc: 0.6250
 704/3458 [=====>........................] - ETA: 2:08 - loss: 0.9983 - acc: 0.6293
 736/3458 [=====>........................] - ETA: 2:07 - loss: 0.9951 - acc: 0.6304
 768/3458 [=====>........................] - ETA: 2:05 - loss: 0.9921 - acc: 0.6315
 800/3458 [=====>........................] - ETA: 2:03 - loss: 0.9852 - acc: 0.6363
 832/3458 [======>.......................] - ETA: 2:02 - loss: 0.9870 - acc: 0.6382
 864/3458 [======>.......................] - ETA: 2:01 - loss: 0.9794 - acc: 0.6389
 896/3458 [======>.......................] - ETA: 1:59 - loss: 0.9815 - acc: 0.6384
 928/3458 [=======>......................] - ETA: 1:58 - loss: 0.9728 - acc: 0.6422
 960/3458 [=======>......................] - ETA: 1:56 - loss: 0.9696 - acc: 0.6406
 992/3458 [=======>......................] - ETA: 1:55 - loss: 0.9610 - acc: 0.6421
1024/3458 [=======>......................] - ETA: 1:53 - loss: 0.9606 - acc: 0.6406
1056/3458 [========>.....................] - ETA: 1:52 - loss: 0.9599 - acc: 0.6411
1088/3458 [========>.....................] - ETA: 1:50 - loss: 0.9630 - acc: 0.6397
1120/3458 [========>.....................] - ETA: 1:49 - loss: 0.9721 - acc: 0.6420
1152/3458 [========>.....................] - ETA: 1:47 - loss: 0.9714 - acc: 0.6406
1184/3458 [=========>....................] - ETA: 1:46 - loss: 0.9812 - acc: 0.6385
1216/3458 [=========>....................] - ETA: 1:44 - loss: 0.9866 - acc: 0.6398
1248/3458 [=========>....................] - ETA: 1:43 - loss: 0.9944 - acc: 0.6410
1280/3458 [==========>...................] - ETA: 1:41 - loss: 1.0016 - acc: 0.6375
1312/3458 [==========>...................] - ETA: 1:40 - loss: 0.9984 - acc: 0.6387
1344/3458 [==========>...................] - ETA: 1:38 - loss: 0.9999 - acc: 0.6384
1376/3458 [==========>...................] - ETA: 1:37 - loss: 1.0056 - acc: 0.6381
1408/3458 [===========>..................] - ETA: 1:35 - loss: 1.0093 - acc: 0.6371
1440/3458 [===========>..................] - ETA: 1:34 - loss: 1.0097 - acc: 0.6354
1472/3458 [===========>..................] - ETA: 1:32 - loss: 1.0092 - acc: 0.6352
1504/3458 [============>.................] - ETA: 1:31 - loss: 1.0073 - acc: 0.6350
1536/3458 [============>.................] - ETA: 1:29 - loss: 1.0134 - acc: 0.6302
1568/3458 [============>.................] - ETA: 1:28 - loss: 1.0137 - acc: 0.6282
1600/3458 [============>.................] - ETA: 1:26 - loss: 1.0182 - acc: 0.6275
1632/3458 [=============>................] - ETA: 1:25 - loss: 1.0161 - acc: 0.6281
1664/3458 [=============>................] - ETA: 1:23 - loss: 1.0153 - acc: 0.6280
1696/3458 [=============>................] - ETA: 1:22 - loss: 1.0138 - acc: 0.6291
1728/3458 [=============>................] - ETA: 1:20 - loss: 1.0151 - acc: 0.6250
1760/3458 [==============>...............] - ETA: 1:19 - loss: 1.0166 - acc: 0.6261
1792/3458 [==============>...............] - ETA: 1:17 - loss: 1.0189 - acc: 0.6244
1824/3458 [==============>...............] - ETA: 1:16 - loss: 1.0132 - acc: 0.6272
1856/3458 [===============>..............] - ETA: 1:14 - loss: 1.0130 - acc: 0.6272
1888/3458 [===============>..............] - ETA: 1:13 - loss: 1.0133 - acc: 0.6276
1920/3458 [===============>..............] - ETA: 1:11 - loss: 1.0132 - acc: 0.6276
1952/3458 [===============>..............] - ETA: 1:10 - loss: 1.0111 - acc: 0.6265
1984/3458 [================>.............] - ETA: 1:08 - loss: 1.0068 - acc: 0.6290
2016/3458 [================>.............] - ETA: 1:07 - loss: 1.0047 - acc: 0.6314
2048/3458 [================>.............] - ETA: 1:05 - loss: 1.0071 - acc: 0.6304
2080/3458 [=================>............] - ETA: 1:04 - loss: 1.0118 - acc: 0.6279
2112/3458 [=================>............] - ETA: 1:02 - loss: 1.0107 - acc: 0.6278
2144/3458 [=================>............] - ETA: 1:01 - loss: 1.0110 - acc: 0.6264
2176/3458 [=================>............] - ETA: 59s - loss: 1.0114 - acc: 0.6245 
2208/3458 [==================>...........] - ETA: 58s - loss: 1.0127 - acc: 0.6232
2240/3458 [==================>...........] - ETA: 56s - loss: 1.0115 - acc: 0.6254
2272/3458 [==================>...........] - ETA: 55s - loss: 1.0094 - acc: 0.6263
2304/3458 [==================>...........] - ETA: 53s - loss: 1.0091 - acc: 0.6276
2336/3458 [===================>..........] - ETA: 52s - loss: 1.0125 - acc: 0.6259
2368/3458 [===================>..........] - ETA: 51s - loss: 1.0084 - acc: 0.6275
2400/3458 [===================>..........] - ETA: 49s - loss: 1.0087 - acc: 0.6279
2432/3458 [====================>.........] - ETA: 48s - loss: 1.0097 - acc: 0.6283
2464/3458 [====================>.........] - ETA: 46s - loss: 1.0081 - acc: 0.6287
2496/3458 [====================>.........] - ETA: 45s - loss: 1.0064 - acc: 0.6306
2528/3458 [====================>.........] - ETA: 43s - loss: 1.0012 - acc: 0.6325
2560/3458 [=====================>........] - ETA: 42s - loss: 1.0002 - acc: 0.6348
2592/3458 [=====================>........] - ETA: 40s - loss: 1.0001 - acc: 0.6362
2624/3458 [=====================>........] - ETA: 39s - loss: 1.0068 - acc: 0.6338
2656/3458 [======================>.......] - ETA: 37s - loss: 1.0076 - acc: 0.6333
2688/3458 [======================>.......] - ETA: 36s - loss: 1.0071 - acc: 0.6336
2720/3458 [======================>.......] - ETA: 34s - loss: 1.0058 - acc: 0.6331
2752/3458 [======================>.......] - ETA: 33s - loss: 1.0076 - acc: 0.6323
2784/3458 [=======================>......] - ETA: 31s - loss: 1.0091 - acc: 0.6307
2816/3458 [=======================>......] - ETA: 30s - loss: 1.0074 - acc: 0.6303
2848/3458 [=======================>......] - ETA: 28s - loss: 1.0065 - acc: 0.6303
2880/3458 [=======================>......] - ETA: 27s - loss: 1.0065 - acc: 0.6313
2912/3458 [========================>.....] - ETA: 25s - loss: 1.0051 - acc: 0.6312
2944/3458 [========================>.....] - ETA: 24s - loss: 1.0049 - acc: 0.6311
2976/3458 [========================>.....] - ETA: 22s - loss: 1.0075 - acc: 0.6307
3008/3458 [=========================>....] - ETA: 21s - loss: 1.0092 - acc: 0.6283
3040/3458 [=========================>....] - ETA: 19s - loss: 1.0083 - acc: 0.6286
3072/3458 [=========================>....] - ETA: 18s - loss: 1.0075 - acc: 0.6289
3104/3458 [=========================>....] - ETA: 16s - loss: 1.0066 - acc: 0.6298
3136/3458 [==========================>...] - ETA: 15s - loss: 1.0080 - acc: 0.6295
3168/3458 [==========================>...] - ETA: 13s - loss: 1.0069 - acc: 0.6291
3200/3458 [==========================>...] - ETA: 12s - loss: 1.0040 - acc: 0.6297
3232/3458 [===========================>..] - ETA: 10s - loss: 1.0047 - acc: 0.6290
3264/3458 [===========================>..] - ETA: 9s - loss: 1.0022 - acc: 0.6302 
3296/3458 [===========================>..] - ETA: 7s - loss: 0.9992 - acc: 0.6308
3328/3458 [===========================>..] - ETA: 6s - loss: 0.9979 - acc: 0.6316
3360/3458 [============================>.] - ETA: 4s - loss: 0.9962 - acc: 0.6327
3392/3458 [============================>.] - ETA: 3s - loss: 0.9978 - acc: 0.6312
3424/3458 [============================>.] - ETA: 1s - loss: 0.9950 - acc: 0.6329
3456/3458 [============================>.] - ETA: 0s - loss: 0.9934 - acc: 0.6331
3458/3458 [==============================] - 164s 47ms/sample - loss: 0.9932 - acc: 0.6330

 32/865 [>.............................] - ETA: 7s - loss: 1.0053 - acc: 0.6875
 64/865 [=>............................] - ETA: 7s - loss: 1.0007 - acc: 0.6875
 96/865 [==>...........................] - ETA: 6s - loss: 0.9936 - acc: 0.6354
128/865 [===>..........................] - ETA: 6s - loss: 1.0432 - acc: 0.6016
160/865 [====>.........................] - ETA: 6s - loss: 1.0271 - acc: 0.5813
192/865 [=====>........................] - ETA: 6s - loss: 1.0440 - acc: 0.5625
224/865 [======>.......................] - ETA: 5s - loss: 1.0507 - acc: 0.5580
256/865 [=======>......................] - ETA: 5s - loss: 1.0535 - acc: 0.5625
288/865 [========>.....................] - ETA: 5s - loss: 1.0329 - acc: 0.5694
320/865 [==========>...................] - ETA: 4s - loss: 1.0359 - acc: 0.5719
352/865 [===========>..................] - ETA: 4s - loss: 1.0269 - acc: 0.5767
384/865 [============>.................] - ETA: 4s - loss: 1.0259 - acc: 0.5729
416/865 [=============>................] - ETA: 4s - loss: 1.0148 - acc: 0.5817
448/865 [==============>...............] - ETA: 3s - loss: 1.0086 - acc: 0.5826
480/865 [===============>..............] - ETA: 3s - loss: 1.0171 - acc: 0.5813
512/865 [================>.............] - ETA: 3s - loss: 1.0369 - acc: 0.5723
544/865 [=================>............] - ETA: 2s - loss: 1.0508 - acc: 0.5680
576/865 [==================>...........] - ETA: 2s - loss: 1.0539 - acc: 0.5590
608/865 [====================>.........] - ETA: 2s - loss: 1.0452 - acc: 0.5609
640/865 [=====================>........] - ETA: 2s - loss: 1.0316 - acc: 0.5688
672/865 [======================>.......] - ETA: 1s - loss: 1.0315 - acc: 0.5685
704/865 [=======================>......] - ETA: 1s - loss: 1.0295 - acc: 0.5753
736/865 [========================>.....] - ETA: 1s - loss: 1.0232 - acc: 0.5788
768/865 [=========================>....] - ETA: 0s - loss: 1.0262 - acc: 0.5833
800/865 [==========================>...] - ETA: 0s - loss: 1.0189 - acc: 0.5838
832/865 [===========================>..] - ETA: 0s - loss: 1.0182 - acc: 0.5841
864/865 [============================>.] - ETA: 0s - loss: 1.0160 - acc: 0.5856
865/865 [==============================] - 8s 9ms/sample - loss: 1.0149 - acc: 0.5861

  32/3458 [..............................] - ETA: 2:37 - loss: 0.6303 - acc: 0.8125
  64/3458 [..............................] - ETA: 2:37 - loss: 0.8588 - acc: 0.7188
  96/3458 [..............................] - ETA: 2:36 - loss: 0.9441 - acc: 0.7292
 128/3458 [>.............................] - ETA: 2:34 - loss: 0.9448 - acc: 0.7188
 160/3458 [>.............................] - ETA: 2:33 - loss: 0.9015 - acc: 0.7188
 192/3458 [>.............................] - ETA: 2:31 - loss: 0.8790 - acc: 0.7031
 224/3458 [>.............................] - ETA: 2:30 - loss: 0.8544 - acc: 0.6964
 256/3458 [=>............................] - ETA: 2:28 - loss: 0.8577 - acc: 0.6914
 288/3458 [=>............................] - ETA: 2:27 - loss: 0.8452 - acc: 0.6910
 320/3458 [=>............................] - ETA: 2:26 - loss: 0.8320 - acc: 0.6906
 352/3458 [==>...........................] - ETA: 2:24 - loss: 0.8241 - acc: 0.6903
 384/3458 [==>...........................] - ETA: 2:23 - loss: 0.8293 - acc: 0.6875
 416/3458 [==>...........................] - ETA: 2:22 - loss: 0.8193 - acc: 0.6947
 448/3458 [==>...........................] - ETA: 2:20 - loss: 0.8141 - acc: 0.6920
 480/3458 [===>..........................] - ETA: 2:19 - loss: 0.8056 - acc: 0.6938
 512/3458 [===>..........................] - ETA: 2:17 - loss: 0.8106 - acc: 0.6934
 544/3458 [===>..........................] - ETA: 2:16 - loss: 0.8046 - acc: 0.6949
 576/3458 [===>..........................] - ETA: 2:14 - loss: 0.8086 - acc: 0.6927
 608/3458 [====>.........................] - ETA: 2:13 - loss: 0.7972 - acc: 0.6990
 640/3458 [====>.........................] - ETA: 2:11 - loss: 0.7895 - acc: 0.7000
 672/3458 [====>.........................] - ETA: 2:10 - loss: 0.7853 - acc: 0.7009
 704/3458 [=====>........................] - ETA: 2:08 - loss: 0.7929 - acc: 0.6974
 736/3458 [=====>........................] - ETA: 2:07 - loss: 0.7867 - acc: 0.6957
 768/3458 [=====>........................] - ETA: 2:05 - loss: 0.7883 - acc: 0.6953
 800/3458 [=====>........................] - ETA: 2:04 - loss: 0.7896 - acc: 0.6963
 832/3458 [======>.......................] - ETA: 2:02 - loss: 0.7912 - acc: 0.6935
 864/3458 [======>.......................] - ETA: 2:01 - loss: 0.7854 - acc: 0.6921
 896/3458 [======>.......................] - ETA: 1:59 - loss: 0.7894 - acc: 0.6931
 928/3458 [=======>......................] - ETA: 1:58 - loss: 0.7867 - acc: 0.6972
 960/3458 [=======>......................] - ETA: 1:56 - loss: 0.7836 - acc: 0.6969
 992/3458 [=======>......................] - ETA: 1:55 - loss: 0.7872 - acc: 0.6946
1024/3458 [=======>......................] - ETA: 1:53 - loss: 0.7827 - acc: 0.6973
1056/3458 [========>.....................] - ETA: 1:52 - loss: 0.7809 - acc: 0.6960
1088/3458 [========>.....................] - ETA: 1:50 - loss: 0.7855 - acc: 0.6958
1120/3458 [========>.....................] - ETA: 1:49 - loss: 0.7812 - acc: 0.6964
1152/3458 [========>.....................] - ETA: 1:47 - loss: 0.7826 - acc: 0.6970
1184/3458 [=========>....................] - ETA: 1:46 - loss: 0.7739 - acc: 0.7010
1216/3458 [=========>....................] - ETA: 1:44 - loss: 0.7780 - acc: 0.7015
1248/3458 [=========>....................] - ETA: 1:43 - loss: 0.7825 - acc: 0.7003
1280/3458 [==========>...................] - ETA: 1:41 - loss: 0.7852 - acc: 0.6969
1312/3458 [==========>...................] - ETA: 1:40 - loss: 0.7814 - acc: 0.6982
1344/3458 [==========>...................] - ETA: 1:38 - loss: 0.7773 - acc: 0.7001
1376/3458 [==========>...................] - ETA: 1:37 - loss: 0.7758 - acc: 0.7013
1408/3458 [===========>..................] - ETA: 1:35 - loss: 0.7767 - acc: 0.6989
1440/3458 [===========>..................] - ETA: 1:34 - loss: 0.7773 - acc: 0.7000
1472/3458 [===========>..................] - ETA: 1:33 - loss: 0.7787 - acc: 0.7018
1504/3458 [============>.................] - ETA: 1:31 - loss: 0.7815 - acc: 0.7015
1536/3458 [============>.................] - ETA: 1:29 - loss: 0.7834 - acc: 0.7018
1568/3458 [============>.................] - ETA: 1:28 - loss: 0.7786 - acc: 0.7041
1600/3458 [============>.................] - ETA: 1:26 - loss: 0.7739 - acc: 0.7069
1632/3458 [=============>................] - ETA: 1:25 - loss: 0.7766 - acc: 0.7065
1664/3458 [=============>................] - ETA: 1:23 - loss: 0.7806 - acc: 0.7043
1696/3458 [=============>................] - ETA: 1:22 - loss: 0.7975 - acc: 0.7022
1728/3458 [=============>................] - ETA: 1:21 - loss: 0.8014 - acc: 0.7014
1760/3458 [==============>...............] - ETA: 1:19 - loss: 0.7998 - acc: 0.7011
1792/3458 [==============>...............] - ETA: 1:18 - loss: 0.8033 - acc: 0.7003
1824/3458 [==============>...............] - ETA: 1:16 - loss: 0.8106 - acc: 0.6979
1856/3458 [===============>..............] - ETA: 1:15 - loss: 0.8123 - acc: 0.6967
1888/3458 [===============>..............] - ETA: 1:13 - loss: 0.8137 - acc: 0.6954
1920/3458 [===============>..............] - ETA: 1:12 - loss: 0.8236 - acc: 0.6896
1952/3458 [===============>..............] - ETA: 1:10 - loss: 0.8287 - acc: 0.6860
1984/3458 [================>.............] - ETA: 1:09 - loss: 0.8353 - acc: 0.6835
2016/3458 [================>.............] - ETA: 1:07 - loss: 0.8380 - acc: 0.6811
2048/3458 [================>.............] - ETA: 1:06 - loss: 0.8409 - acc: 0.6807
2080/3458 [=================>............] - ETA: 1:04 - loss: 0.8448 - acc: 0.6793
2112/3458 [=================>............] - ETA: 1:03 - loss: 0.8432 - acc: 0.6804
2144/3458 [=================>............] - ETA: 1:01 - loss: 0.8454 - acc: 0.6800
2176/3458 [=================>............] - ETA: 1:00 - loss: 0.8446 - acc: 0.6801
2208/3458 [==================>...........] - ETA: 58s - loss: 0.8473 - acc: 0.6798 
2240/3458 [==================>...........] - ETA: 57s - loss: 0.8491 - acc: 0.6786
2272/3458 [==================>...........] - ETA: 55s - loss: 0.8490 - acc: 0.6791
2304/3458 [==================>...........] - ETA: 54s - loss: 0.8474 - acc: 0.6784
2336/3458 [===================>..........] - ETA: 52s - loss: 0.8435 - acc: 0.6815
2368/3458 [===================>..........] - ETA: 51s - loss: 0.8423 - acc: 0.6824
2400/3458 [===================>..........] - ETA: 49s - loss: 0.8403 - acc: 0.6842
2432/3458 [====================>.........] - ETA: 48s - loss: 0.8415 - acc: 0.6838
2464/3458 [====================>.........] - ETA: 46s - loss: 0.8416 - acc: 0.6847
2496/3458 [====================>.........] - ETA: 45s - loss: 0.8398 - acc: 0.6851
2528/3458 [====================>.........] - ETA: 43s - loss: 0.8373 - acc: 0.6867
2560/3458 [=====================>........] - ETA: 42s - loss: 0.8368 - acc: 0.6852
2592/3458 [=====================>........] - ETA: 40s - loss: 0.8348 - acc: 0.6860
2624/3458 [=====================>........] - ETA: 39s - loss: 0.8349 - acc: 0.6848
2656/3458 [======================>.......] - ETA: 37s - loss: 0.8340 - acc: 0.6849
2688/3458 [======================>.......] - ETA: 36s - loss: 0.8331 - acc: 0.6849
2720/3458 [======================>.......] - ETA: 34s - loss: 0.8357 - acc: 0.6827
2752/3458 [======================>.......] - ETA: 33s - loss: 0.8324 - acc: 0.6839
2784/3458 [=======================>......] - ETA: 31s - loss: 0.8313 - acc: 0.6839
2816/3458 [=======================>......] - ETA: 30s - loss: 0.8306 - acc: 0.6843
2848/3458 [=======================>......] - ETA: 28s - loss: 0.8349 - acc: 0.6833
2880/3458 [=======================>......] - ETA: 27s - loss: 0.8313 - acc: 0.6847
2912/3458 [========================>.....] - ETA: 25s - loss: 0.8305 - acc: 0.6851
2944/3458 [========================>.....] - ETA: 24s - loss: 0.8280 - acc: 0.6865
2976/3458 [========================>.....] - ETA: 22s - loss: 0.8268 - acc: 0.6868
3008/3458 [=========================>....] - ETA: 21s - loss: 0.8265 - acc: 0.6865
3040/3458 [=========================>....] - ETA: 19s - loss: 0.8231 - acc: 0.6885
3072/3458 [=========================>....] - ETA: 18s - loss: 0.8217 - acc: 0.6891
3104/3458 [=========================>....] - ETA: 16s - loss: 0.8235 - acc: 0.6901
3136/3458 [==========================>...] - ETA: 15s - loss: 0.8211 - acc: 0.6910
3168/3458 [==========================>...] - ETA: 13s - loss: 0.8240 - acc: 0.6907
3200/3458 [==========================>...] - ETA: 12s - loss: 0.8195 - acc: 0.6925
3232/3458 [===========================>..] - ETA: 10s - loss: 0.8206 - acc: 0.6918
3264/3458 [===========================>..] - ETA: 9s - loss: 0.8224 - acc: 0.6918 
3296/3458 [===========================>..] - ETA: 7s - loss: 0.8223 - acc: 0.6921
3328/3458 [===========================>..] - ETA: 6s - loss: 0.8212 - acc: 0.6932
3360/3458 [============================>.] - ETA: 4s - loss: 0.8206 - acc: 0.6935
3392/3458 [============================>.] - ETA: 3s - loss: 0.8191 - acc: 0.6940
3424/3458 [============================>.] - ETA: 1s - loss: 0.8180 - acc: 0.6942
3456/3458 [============================>.] - ETA: 0s - loss: 0.8193 - acc: 0.6930
3458/3458 [==============================] - 163s 47ms/sample - loss: 0.8192 - acc: 0.6932

 32/865 [>.............................] - ETA: 7s - loss: 1.1074 - acc: 0.6562
 64/865 [=>............................] - ETA: 7s - loss: 1.0477 - acc: 0.6406
 96/865 [==>...........................] - ETA: 7s - loss: 1.0736 - acc: 0.6042
128/865 [===>..........................] - ETA: 6s - loss: 1.0780 - acc: 0.5781
160/865 [====>.........................] - ETA: 6s - loss: 1.0686 - acc: 0.5625
192/865 [=====>........................] - ETA: 6s - loss: 1.0813 - acc: 0.5573
224/865 [======>.......................] - ETA: 5s - loss: 1.0726 - acc: 0.5580
256/865 [=======>......................] - ETA: 5s - loss: 1.0681 - acc: 0.5703
288/865 [========>.....................] - ETA: 5s - loss: 1.0410 - acc: 0.5833
320/865 [==========>...................] - ETA: 4s - loss: 1.0530 - acc: 0.5781
352/865 [===========>..................] - ETA: 4s - loss: 1.0492 - acc: 0.5824
384/865 [============>.................] - ETA: 4s - loss: 1.0465 - acc: 0.5833
416/865 [=============>................] - ETA: 4s - loss: 1.0363 - acc: 0.5841
448/865 [==============>...............] - ETA: 3s - loss: 1.0289 - acc: 0.5871
480/865 [===============>..............] - ETA: 3s - loss: 1.0380 - acc: 0.5854
512/865 [================>.............] - ETA: 3s - loss: 1.0620 - acc: 0.5781
544/865 [=================>............] - ETA: 2s - loss: 1.0784 - acc: 0.5754
576/865 [==================>...........] - ETA: 2s - loss: 1.0754 - acc: 0.5694
608/865 [====================>.........] - ETA: 2s - loss: 1.0762 - acc: 0.5691
640/865 [=====================>........] - ETA: 2s - loss: 1.0620 - acc: 0.5766
672/865 [======================>.......] - ETA: 1s - loss: 1.0563 - acc: 0.5774
704/865 [=======================>......] - ETA: 1s - loss: 1.0454 - acc: 0.5838
736/865 [========================>.....] - ETA: 1s - loss: 1.0397 - acc: 0.5870
768/865 [=========================>....] - ETA: 0s - loss: 1.0375 - acc: 0.5885
800/865 [==========================>...] - ETA: 0s - loss: 1.0256 - acc: 0.5950
832/865 [===========================>..] - ETA: 0s - loss: 1.0253 - acc: 0.5962
864/865 [============================>.] - ETA: 0s - loss: 1.0243 - acc: 0.5984
865/865 [==============================] - 8s 9ms/sample - loss: 1.0231 - acc: 0.5988
